0:00:00.000001: freq 1
0:00:00.000001: amp 80
0:00:00.000001: off 120
0:00:00.000001: phb 0.0
0:00:10.000001: freq 1
0:00:10.000001: amp 80
0:00:10.000001: off 120
0:00:10.000001: phb 0.6981317007977318
0:00:20.000001: freq 1
0:00:20.000001: amp 80
0:00:20.000001: off 120
0:00:20.000001: phb 1.3962634015954636
0:00:30.000001: freq 1
0:00:30.000001: amp 80
0:00:30.000001: off 120
0:00:30.000001: phb 2.0943951023931953
0:00:40.000001: freq 1
0:00:40.000001: amp 80
0:00:40.000001: off 120
0:00:40.000001: phb 2.792526803190927
0:00:50.000001: freq 1
0:00:50.000001: amp 80
0:00:50.000001: off 120
0:00:50.000001: phb 3.490658503988659
0:01:00.000001: freq 1
0:01:00.000001: amp 80
0:01:00.000001: off 120
0:01:00.000001: phb 4.1887902047863905
0:01:10.000001: freq 1
0:01:10.000001: amp 80
0:01:10.000001: off 120
0:01:10.000001: phb 4.886921905584122
0:01:20.000001: freq 1
0:01:20.000001: amp 80
0:01:20.000001: off 120
0:01:20.000001: phb 5.585053606381854
0:01:30.000001: freq 1
0:01:30.000001: amp 80
0:01:30.000001: off 150
0:01:30.000001: phb 0.0
0:01:40.000001: freq 1
0:01:40.000001: amp 80
0:01:40.000001: off 150
0:01:40.000001: phb 0.6981317007977318
0:01:50.000001: freq 1
0:01:50.000001: amp 80
0:01:50.000001: off 150
0:01:50.000001: phb 1.3962634015954636
0:02:00.000001: freq 1
0:02:00.000001: amp 80
0:02:00.000001: off 150
0:02:00.000001: phb 2.0943951023931953
0:02:10.000001: freq 1
0:02:10.000001: amp 80
0:02:10.000001: off 150
0:02:10.000001: phb 2.792526803190927
0:02:20.000001: freq 1
0:02:20.000001: amp 80
0:02:20.000001: off 150
0:02:20.000001: phb 3.490658503988659
0:02:30.000001: freq 1
0:02:30.000001: amp 80
0:02:30.000001: off 150
0:02:30.000001: phb 4.1887902047863905
0:02:40.000001: freq 1
0:02:40.000001: amp 80
0:02:40.000001: off 150
0:02:40.000001: phb 4.886921905584122
0:02:50.000001: freq 1
0:02:50.000001: amp 80
0:02:50.000001: off 150
0:02:50.000001: phb 5.585053606381854
0:03:00.000001: freq 1
0:03:00.000001: amp 80
0:03:00.000001: off 90
0:03:00.000001: phb 0.0
0:03:10.000001: freq 1
0:03:10.000001: amp 80
0:03:10.000001: off 90
0:03:10.000001: phb 0.6981317007977318
0:03:20.000001: freq 1
0:03:20.000001: amp 80
0:03:20.000001: off 90
0:03:20.000001: phb 1.3962634015954636
0:03:30.000001: freq 1
0:03:30.000001: amp 80
0:03:30.000001: off 90
0:03:30.000001: phb 2.0943951023931953
0:03:40.000001: freq 1
0:03:40.000001: amp 80
0:03:40.000001: off 90
0:03:40.000001: phb 2.792526803190927
0:03:50.000001: freq 1
0:03:50.000001: amp 80
0:03:50.000001: off 90
0:03:50.000001: phb 3.490658503988659
0:04:00.000001: freq 1
0:04:00.000001: amp 80
0:04:00.000001: off 90
0:04:00.000001: phb 4.1887902047863905
0:04:10.000001: freq 1
0:04:10.000001: amp 80
0:04:10.000001: off 90
0:04:10.000001: phb 4.886921905584122
0:04:20.000001: freq 1
0:04:20.000001: amp 80
0:04:20.000001: off 90
0:04:20.000001: phb 5.585053606381854
0:04:30.000001: freq 1
0:04:30.000001: amp 80
0:04:30.000001: off 120
0:04:30.000001: phb 0.0
0:04:40.000001: freq 1
0:04:40.000001: amp 80
0:04:40.000001: off 120
0:04:40.000001: phb 0.6981317007977318
0:04:50.000001: freq 1
0:04:50.000001: amp 80
0:04:50.000001: off 120
0:04:50.000001: phb 1.3962634015954636
0:05:00.000001: freq 1
0:05:00.000001: amp 80
0:05:00.000001: off 120
0:05:00.000001: phb 2.0943951023931953
0:05:10.000001: freq 1
0:05:10.000001: amp 80
0:05:10.000001: off 120
0:05:10.000001: phb 2.792526803190927
0:05:20.000001: freq 1
0:05:20.000001: amp 80
0:05:20.000001: off 120
0:05:20.000001: phb 3.490658503988659
0:05:30.000001: freq 1
0:05:30.000001: amp 80
0:05:30.000001: off 120
0:05:30.000001: phb 4.1887902047863905
0:05:40.000001: freq 1
0:05:40.000001: amp 80
0:05:40.000001: off 120
0:05:40.000001: phb 4.886921905584122
0:05:50.000001: freq 1
0:05:50.000001: amp 80
0:05:50.000001: off 120
0:05:50.000001: phb 5.585053606381854
0:06:00.000001: freq 1
0:06:00.000001: amp 80
0:06:00.000001: off 150
0:06:00.000001: phb 0.0
0:06:10.000001: freq 1
0:06:10.000001: amp 80
0:06:10.000001: off 150
0:06:10.000001: phb 0.6981317007977318
0:06:20.000001: freq 1
0:06:20.000001: amp 80
0:06:20.000001: off 150
0:06:20.000001: phb 1.3962634015954636
0:06:30.000001: freq 1
0:06:30.000001: amp 80
0:06:30.000001: off 150
0:06:30.000001: phb 2.0943951023931953
0:06:40.000001: freq 1
0:06:40.000001: amp 80
0:06:40.000001: off 150
0:06:40.000001: phb 2.792526803190927
0:06:50.000001: freq 1
0:06:50.000001: amp 80
0:06:50.000001: off 150
0:06:50.000001: phb 3.490658503988659
0:07:00.000001: freq 1
0:07:00.000001: amp 80
0:07:00.000001: off 150
0:07:00.000001: phb 4.1887902047863905
0:07:10.000001: freq 1
0:07:10.000001: amp 80
0:07:10.000001: off 150
0:07:10.000001: phb 4.886921905584122
0:07:20.000001: freq 1
0:07:20.000001: amp 80
0:07:20.000001: off 150
0:07:20.000001: phb 5.585053606381854
0:07:30.000001: freq 1
0:07:30.000001: amp 80
0:07:30.000001: off 120
0:07:30.000001: phb 0.0
0:07:40.000001: freq 1
0:07:40.000001: amp 80
0:07:40.000001: off 120
0:07:40.000001: phb 0.6981317007977318
0:07:50.000001: freq 1
0:07:50.000001: amp 80
0:07:50.000001: off 120
0:07:50.000001: phb 1.3962634015954636
0:08:00.000001: freq 1
0:08:00.000001: amp 80
0:08:00.000001: off 120
0:08:00.000001: phb 2.0943951023931953
0:08:10.000001: freq 1
0:08:10.000001: amp 80
0:08:10.000001: off 120
0:08:10.000001: phb 2.792526803190927
0:08:20.000001: freq 1
0:08:20.000001: amp 80
0:08:20.000001: off 120
0:08:20.000001: phb 3.490658503988659
0:08:30.000001: freq 1
0:08:30.000001: amp 80
0:08:30.000001: off 120
0:08:30.000001: phb 4.1887902047863905
0:08:40.000001: freq 1
0:08:40.000001: amp 80
0:08:40.000001: off 120
0:08:40.000001: phb 4.886921905584122
0:08:50.000001: freq 1
0:08:50.000001: amp 80
0:08:50.000001: off 120
0:08:50.000001: phb 5.585053606381854
0:09:00.000001: freq 1
0:09:00.000001: amp 80
0:09:00.000001: off 150
0:09:00.000001: phb 0.0
0:09:10.000001: freq 1
0:09:10.000001: amp 80
0:09:10.000001: off 150
0:09:10.000001: phb 0.6981317007977318
0:09:20.000001: freq 1
0:09:20.000001: amp 80
0:09:20.000001: off 150
0:09:20.000001: phb 1.3962634015954636
0:09:30.000001: freq 1
0:09:30.000001: amp 80
0:09:30.000001: off 150
0:09:30.000001: phb 2.0943951023931953
0:09:40.000001: freq 1
0:09:40.000001: amp 80
0:09:40.000001: off 150
0:09:40.000001: phb 2.792526803190927
0:09:50.000001: freq 1
0:09:50.000001: amp 80
0:09:50.000001: off 150
0:09:50.000001: phb 3.490658503988659
0:10:00.000001: freq 1
0:10:00.000001: amp 80
0:10:00.000001: off 150
0:10:00.000001: phb 4.1887902047863905
0:10:10.000001: freq 1
0:10:10.000001: amp 80
0:10:10.000001: off 150
0:10:10.000001: phb 4.886921905584122
0:10:20.000001: freq 1
0:10:20.000001: amp 80
0:10:20.000001: off 150
0:10:20.000001: phb 5.585053606381854
0:10:30.000001: freq 1
0:10:30.000001: amp 80
0:10:30.000001: off 150
0:10:30.000001: phb 0.0
0:10:40.000001: freq 1
0:10:40.000001: amp 80
0:10:40.000001: off 150
0:10:40.000001: phb 0.6981317007977318
0:10:50.000001: freq 1
0:10:50.000001: amp 80
0:10:50.000001: off 150
0:10:50.000001: phb 1.3962634015954636
0:11:00.000001: freq 1
0:11:00.000001: amp 80
0:11:00.000001: off 150
0:11:00.000001: phb 2.0943951023931953
0:11:10.000001: freq 1
0:11:10.000001: amp 80
0:11:10.000001: off 150
0:11:10.000001: phb 2.792526803190927
0:11:20.000001: freq 1
0:11:20.000001: amp 80
0:11:20.000001: off 150
0:11:20.000001: phb 3.490658503988659
0:11:30.000001: freq 1
0:11:30.000001: amp 80
0:11:30.000001: off 150
0:11:30.000001: phb 4.1887902047863905
0:11:40.000001: freq 1
0:11:40.000001: amp 80
0:11:40.000001: off 150
0:11:40.000001: phb 4.886921905584122
0:11:50.000001: freq 1
0:11:50.000001: amp 80
0:11:50.000001: off 150
0:11:50.000001: phb 5.585053606381854
0:12:00.000001: freq 1
0:12:00.000001: amp 20
0:12:00.000001: off 0
0:12:00.000001: phb 0.0
0:12:10.000001: freq 1
0:12:10.000001: amp 20
0:12:10.000001: off 0
0:12:10.000001: phb 0.6981317007977318
0:12:20.000001: freq 1
0:12:20.000001: amp 20
0:12:20.000001: off 0
0:12:20.000001: phb 1.3962634015954636
0:12:30.000001: freq 1
0:12:30.000001: amp 20
0:12:30.000001: off 0
0:12:30.000001: phb 2.0943951023931953
0:12:40.000001: freq 1
0:12:40.000001: amp 20
0:12:40.000001: off 0
0:12:40.000001: phb 2.792526803190927
0:12:50.000001: freq 1
0:12:50.000001: amp 20
0:12:50.000001: off 0
0:12:50.000001: phb 3.490658503988659
0:13:00.000001: freq 1
0:13:00.000001: amp 20
0:13:00.000001: off 0
0:13:00.000001: phb 4.1887902047863905
0:13:10.000001: freq 1
0:13:10.000001: amp 20
0:13:10.000001: off 0
0:13:10.000001: phb 4.886921905584122
0:13:20.000001: freq 1
0:13:20.000001: amp 20
0:13:20.000001: off 0
0:13:20.000001: phb 5.585053606381854
0:13:30.000001: freq 1
0:13:30.000001: amp 20
0:13:30.000001: off 30
0:13:30.000001: phb 0.0
0:13:40.000001: freq 1
0:13:40.000001: amp 20
0:13:40.000001: off 30
0:13:40.000001: phb 0.6981317007977318
0:13:50.000001: freq 1
0:13:50.000001: amp 20
0:13:50.000001: off 30
0:13:50.000001: phb 1.3962634015954636
0:14:00.000001: freq 1
0:14:00.000001: amp 20
0:14:00.000001: off 30
0:14:00.000001: phb 2.0943951023931953
0:14:10.000001: freq 1
0:14:10.000001: amp 20
0:14:10.000001: off 30
0:14:10.000001: phb 2.792526803190927
0:14:20.000001: freq 1
0:14:20.000001: amp 20
0:14:20.000001: off 30
0:14:20.000001: phb 3.490658503988659
0:14:30.000001: freq 1
0:14:30.000001: amp 20
0:14:30.000001: off 30
0:14:30.000001: phb 4.1887902047863905
0:14:40.000001: freq 1
0:14:40.000001: amp 20
0:14:40.000001: off 30
0:14:40.000001: phb 4.886921905584122
0:14:50.000001: freq 1
0:14:50.000001: amp 20
0:14:50.000001: off 30
0:14:50.000001: phb 5.585053606381854
0:15:00.000001: freq 1
0:15:00.000001: amp 20
0:15:00.000001: off 60
0:15:00.000001: phb 0.0
0:15:10.000001: freq 1
0:15:10.000001: amp 20
0:15:10.000001: off 60
0:15:10.000001: phb 0.6981317007977318
0:15:20.000001: freq 1
0:15:20.000001: amp 20
0:15:20.000001: off 60
0:15:20.000001: phb 1.3962634015954636
0:15:30.000001: freq 1
0:15:30.000001: amp 20
0:15:30.000001: off 60
0:15:30.000001: phb 2.0943951023931953
0:15:40.000001: freq 1
0:15:40.000001: amp 20
0:15:40.000001: off 60
0:15:40.000001: phb 2.792526803190927
0:15:50.000001: freq 1
0:15:50.000001: amp 20
0:15:50.000001: off 60
0:15:50.000001: phb 3.490658503988659
0:16:00.000001: freq 1
0:16:00.000001: amp 20
0:16:00.000001: off 60
0:16:00.000001: phb 4.1887902047863905
0:16:10.000001: freq 1
0:16:10.000001: amp 20
0:16:10.000001: off 60
0:16:10.000001: phb 4.886921905584122
0:16:20.000001: freq 1
0:16:20.000001: amp 20
0:16:20.000001: off 60
0:16:20.000001: phb 5.585053606381854
0:16:30.000001: freq 1
0:16:30.000001: amp 20
0:16:30.000001: off 90
0:16:30.000001: phb 0.0
0:16:40.000001: freq 1
0:16:40.000001: amp 20
0:16:40.000001: off 90
0:16:40.000001: phb 0.6981317007977318
0:16:50.000001: freq 1
0:16:50.000001: amp 20
0:16:50.000001: off 90
0:16:50.000001: phb 1.3962634015954636
0:17:00.000001: freq 1
0:17:00.000001: amp 20
0:17:00.000001: off 90
0:17:00.000001: phb 2.0943951023931953
0:17:10.000001: freq 1
0:17:10.000001: amp 20
0:17:10.000001: off 90
0:17:10.000001: phb 2.792526803190927
0:17:20.000001: freq 1
0:17:20.000001: amp 20
0:17:20.000001: off 90
0:17:20.000001: phb 3.490658503988659
0:17:30.000001: freq 1
0:17:30.000001: amp 20
0:17:30.000001: off 90
0:17:30.000001: phb 4.1887902047863905
0:17:40.000001: freq 1
0:17:40.000001: amp 20
0:17:40.000001: off 90
0:17:40.000001: phb 4.886921905584122
0:17:50.000001: freq 1
0:17:50.000001: amp 20
0:17:50.000001: off 90
0:17:50.000001: phb 5.585053606381854
0:18:00.000001: freq 1
0:18:00.000001: amp 20
0:18:00.000001: off 120
0:18:00.000001: phb 0.0
0:18:10.000001: freq 1
0:18:10.000001: amp 20
0:18:10.000001: off 120
0:18:10.000001: phb 0.6981317007977318
0:18:20.000001: freq 1
0:18:20.000001: amp 20
0:18:20.000001: off 120
0:18:20.000001: phb 1.3962634015954636
0:18:30.000001: freq 1
0:18:30.000001: amp 20
0:18:30.000001: off 120
0:18:30.000001: phb 2.0943951023931953
0:18:40.000001: freq 1
0:18:40.000001: amp 20
0:18:40.000001: off 120
0:18:40.000001: phb 2.792526803190927
0:18:50.000001: freq 1
0:18:50.000001: amp 20
0:18:50.000001: off 120
0:18:50.000001: phb 3.490658503988659
0:19:00.000001: freq 1
0:19:00.000001: amp 20
0:19:00.000001: off 120
0:19:00.000001: phb 4.1887902047863905
0:19:10.000001: freq 1
0:19:10.000001: amp 20
0:19:10.000001: off 120
0:19:10.000001: phb 4.886921905584122
0:19:20.000001: freq 1
0:19:20.000001: amp 20
0:19:20.000001: off 120
0:19:20.000001: phb 5.585053606381854
0:19:30.000001: freq 1
0:19:30.000001: amp 20
0:19:30.000001: off 150
0:19:30.000001: phb 0.0
0:19:40.000001: freq 1
0:19:40.000001: amp 20
0:19:40.000001: off 150
0:19:40.000001: phb 0.6981317007977318
0:19:50.000001: freq 1
0:19:50.000001: amp 20
0:19:50.000001: off 150
0:19:50.000001: phb 1.3962634015954636
0:20:00.000001: freq 1
0:20:00.000001: amp 20
0:20:00.000001: off 150
0:20:00.000001: phb 2.0943951023931953
0:20:10.000001: freq 1
0:20:10.000001: amp 20
0:20:10.000001: off 150
0:20:10.000001: phb 2.792526803190927
0:20:20.000001: freq 1
0:20:20.000001: amp 20
0:20:20.000001: off 150
0:20:20.000001: phb 3.490658503988659
0:20:30.000001: freq 1
0:20:30.000001: amp 20
0:20:30.000001: off 150
0:20:30.000001: phb 4.1887902047863905
0:20:40.000001: freq 1
0:20:40.000001: amp 20
0:20:40.000001: off 150
0:20:40.000001: phb 4.886921905584122
0:20:50.000001: freq 1
0:20:50.000001: amp 20
0:20:50.000001: off 150
0:20:50.000001: phb 5.585053606381854
0:21:00.000001: freq 1
0:21:00.000001: amp 20
0:21:00.000001: off 30
0:21:00.000001: phb 0.0
0:21:10.000001: freq 1
0:21:10.000001: amp 20
0:21:10.000001: off 30
0:21:10.000001: phb 0.6981317007977318
0:21:20.000001: freq 1
0:21:20.000001: amp 20
0:21:20.000001: off 30
0:21:20.000001: phb 1.3962634015954636
0:21:30.000001: freq 1
0:21:30.000001: amp 20
0:21:30.000001: off 30
0:21:30.000001: phb 2.0943951023931953
0:21:40.000001: freq 1
0:21:40.000001: amp 20
0:21:40.000001: off 30
0:21:40.000001: phb 2.792526803190927
0:21:50.000001: freq 1
0:21:50.000001: amp 20
0:21:50.000001: off 30
0:21:50.000001: phb 3.490658503988659
0:22:00.000001: freq 1
0:22:00.000001: amp 20
0:22:00.000001: off 30
0:22:00.000001: phb 4.1887902047863905
0:22:10.000001: freq 1
0:22:10.000001: amp 20
0:22:10.000001: off 30
0:22:10.000001: phb 4.886921905584122
0:22:20.000001: freq 1
0:22:20.000001: amp 20
0:22:20.000001: off 30
0:22:20.000001: phb 5.585053606381854
0:22:30.000001: freq 1
0:22:30.000001: amp 20
0:22:30.000001: off 60
0:22:30.000001: phb 0.0
0:22:40.000001: freq 1
0:22:40.000001: amp 20
0:22:40.000001: off 60
0:22:40.000001: phb 0.6981317007977318
0:22:50.000001: freq 1
0:22:50.000001: amp 20
0:22:50.000001: off 60
0:22:50.000001: phb 1.3962634015954636
0:23:00.000001: freq 1
0:23:00.000001: amp 20
0:23:00.000001: off 60
0:23:00.000001: phb 2.0943951023931953
0:23:10.000001: freq 1
0:23:10.000001: amp 20
0:23:10.000001: off 60
0:23:10.000001: phb 2.792526803190927
0:23:20.000001: freq 1
0:23:20.000001: amp 20
0:23:20.000001: off 60
0:23:20.000001: phb 3.490658503988659
0:23:30.000001: freq 1
0:23:30.000001: amp 20
0:23:30.000001: off 60
0:23:30.000001: phb 4.1887902047863905
0:23:40.000001: freq 1
0:23:40.000001: amp 20
0:23:40.000001: off 60
0:23:40.000001: phb 4.886921905584122
0:23:50.000001: freq 1
0:23:50.000001: amp 20
0:23:50.000001: off 60
0:23:50.000001: phb 5.585053606381854
0:24:00.000001: freq 1
0:24:00.000001: amp 20
0:24:00.000001: off 90
0:24:00.000001: phb 0.0
0:24:10.000001: freq 1
0:24:10.000001: amp 20
0:24:10.000001: off 90
0:24:10.000001: phb 0.6981317007977318
0:24:20.000001: freq 1
0:24:20.000001: amp 20
0:24:20.000001: off 90
0:24:20.000001: phb 1.3962634015954636
0:24:30.000001: freq 1
0:24:30.000001: amp 20
0:24:30.000001: off 90
0:24:30.000001: phb 2.0943951023931953
0:24:40.000001: freq 1
0:24:40.000001: amp 20
0:24:40.000001: off 90
0:24:40.000001: phb 2.792526803190927
0:24:50.000001: freq 1
0:24:50.000001: amp 20
0:24:50.000001: off 90
0:24:50.000001: phb 3.490658503988659
0:25:00.000001: freq 1
0:25:00.000001: amp 20
0:25:00.000001: off 90
0:25:00.000001: phb 4.1887902047863905
0:25:10.000001: freq 1
0:25:10.000001: amp 20
0:25:10.000001: off 90
0:25:10.000001: phb 4.886921905584122
0:25:20.000001: freq 1
0:25:20.000001: amp 20
0:25:20.000001: off 90
0:25:20.000001: phb 5.585053606381854
0:25:30.000001: freq 1
0:25:30.000001: amp 20
0:25:30.000001: off 120
0:25:30.000001: phb 0.0
0:25:40.000001: freq 1
0:25:40.000001: amp 20
0:25:40.000001: off 120
0:25:40.000001: phb 0.6981317007977318
0:25:50.000001: freq 1
0:25:50.000001: amp 20
0:25:50.000001: off 120
0:25:50.000001: phb 1.3962634015954636
0:26:00.000001: freq 1
0:26:00.000001: amp 20
0:26:00.000001: off 120
0:26:00.000001: phb 2.0943951023931953
0:26:10.000001: freq 1
0:26:10.000001: amp 20
0:26:10.000001: off 120
0:26:10.000001: phb 2.792526803190927
0:26:20.000001: freq 1
0:26:20.000001: amp 20
0:26:20.000001: off 120
0:26:20.000001: phb 3.490658503988659
0:26:30.000001: freq 1
0:26:30.000001: amp 20
0:26:30.000001: off 120
0:26:30.000001: phb 4.1887902047863905
0:26:40.000001: freq 1
0:26:40.000001: amp 20
0:26:40.000001: off 120
0:26:40.000001: phb 4.886921905584122
0:26:50.000001: freq 1
0:26:50.000001: amp 20
0:26:50.000001: off 120
0:26:50.000001: phb 5.585053606381854
0:27:00.000001: freq 1
0:27:00.000001: amp 20
0:27:00.000001: off 150
0:27:00.000001: phb 0.0
0:27:10.000001: freq 1
0:27:10.000001: amp 20
0:27:10.000001: off 150
0:27:10.000001: phb 0.6981317007977318
0:27:20.000001: freq 1
0:27:20.000001: amp 20
0:27:20.000001: off 150
0:27:20.000001: phb 1.3962634015954636
0:27:30.000001: freq 1
0:27:30.000001: amp 20
0:27:30.000001: off 150
0:27:30.000001: phb 2.0943951023931953
0:27:40.000001: freq 1
0:27:40.000001: amp 20
0:27:40.000001: off 150
0:27:40.000001: phb 2.792526803190927
0:27:50.000001: freq 1
0:27:50.000001: amp 20
0:27:50.000001: off 150
0:27:50.000001: phb 3.490658503988659
0:28:00.000001: freq 1
0:28:00.000001: amp 20
0:28:00.000001: off 150
0:28:00.000001: phb 4.1887902047863905
0:28:10.000001: freq 1
0:28:10.000001: amp 20
0:28:10.000001: off 150
0:28:10.000001: phb 4.886921905584122
0:28:20.000001: freq 1
0:28:20.000001: amp 20
0:28:20.000001: off 150
0:28:20.000001: phb 5.585053606381854
0:28:30.000001: freq 1
0:28:30.000001: amp 20
0:28:30.000001: off 60
0:28:30.000001: phb 0.0
0:28:40.000001: freq 1
0:28:40.000001: amp 20
0:28:40.000001: off 60
0:28:40.000001: phb 0.6981317007977318
0:28:50.000001: freq 1
0:28:50.000001: amp 20
0:28:50.000001: off 60
0:28:50.000001: phb 1.3962634015954636
0:29:00.000001: freq 1
0:29:00.000001: amp 20
0:29:00.000001: off 60
0:29:00.000001: phb 2.0943951023931953
0:29:10.000001: freq 1
0:29:10.000001: amp 20
0:29:10.000001: off 60
0:29:10.000001: phb 2.792526803190927
0:29:20.000001: freq 1
0:29:20.000001: amp 20
0:29:20.000001: off 60
0:29:20.000001: phb 3.490658503988659
0:29:30.000001: freq 1
0:29:30.000001: amp 20
0:29:30.000001: off 60
0:29:30.000001: phb 4.1887902047863905
0:29:40.000001: freq 1
0:29:40.000001: amp 20
0:29:40.000001: off 60
0:29:40.000001: phb 4.886921905584122
0:29:50.000001: freq 1
0:29:50.000001: amp 20
0:29:50.000001: off 60
0:29:50.000001: phb 5.585053606381854
0:30:00.000001: freq 0
0:30:00.000001: amp 0
0:30:00.000001: off 90
0:30:00.000001: phb 0
