Time, Frequency, Amplitude, Offset, PhaseShift, Phase
0:00:00.072361, 0.0, 1.401298464324817e-44, 90.00015258789062, 1.5414283107572988e-44, 118919.53125
0:00:00.199489, 0.0, 1.401298464324817e-44, 90.00015258789062, 1.5414283107572988e-44, 118920.3359375
0:00:00.285070, 0.0, 1.401298464324817e-44, 90.00015258789062, 1.5414283107572988e-44, 118920.875
0:00:00.398006, 0.0, 1.401298464324817e-44, 90.00015258789062, 1.5414283107572988e-44, 118921.5859375
0:00:00.483586, 0.0, 1.401298464324817e-44, 90.00015258789062, 1.5414283107572988e-44, 118922.125
0:00:00.591889, 0.0, 1.401298464324817e-44, 90.00015258789062, 1.5414283107572988e-44, 118922.8046875
0:00:00.686079, 0.0, 1.401298464324817e-44, 90.00015258789062, 1.5414283107572988e-44, 118923.40625
0:00:00.782885, 0.0, 1.401298464324817e-44, 90.00015258789062, 1.5414283107572988e-44, 118924.015625
0:00:00.902198, 0.0, 1.401298464324817e-44, 90.00015258789062, 1.5414283107572988e-44, 118924.7734375
0:00:00.992704, 0.0, 1.401298464324817e-44, 90.00015258789062, 1.5414283107572988e-44, 118925.34375
0:00:01.095453, 0.0, 1.401298464324817e-44, 90.00015258789062, 1.5414283107572988e-44, 118925.9765625
0:00:01.187302, 0.0, 1.401298464324817e-44, 90.00015258789062, 1.5414283107572988e-44, 118926.5546875
0:00:01.312368, 0.0, 1.401298464324817e-44, 90.00015258789062, 1.5414283107572988e-44, 118927.3515625
0:00:01.397956, 0.0, 1.401298464324817e-44, 90.00015258789062, 1.5414283107572988e-44, 118927.890625
0:00:01.495317, 0.0, 1.401298464324817e-44, 90.00015258789062, 1.5414283107572988e-44, 118928.5078125
0:00:01.592989, 0.0, 1.401298464324817e-44, 90.00015258789062, 1.5414283107572988e-44, 118929.1171875
0:00:01.712054, 0.0, 1.401298464324817e-44, 90.00015258789062, 1.5414283107572988e-44, 118929.875
0:00:01.795007, 0.0, 1.401298464324817e-44, 90.00015258789062, 1.5414283107572988e-44, 118930.40625
0:00:01.909989, 0.0, 1.401298464324817e-44, 90.00015258789062, 1.5414283107572988e-44, 118931.125
0:00:01.995606, 0.0, 1.401298464324817e-44, 90.00015258789062, 1.5414283107572988e-44, 118931.65625
0:00:02.110453, 0.0, 1.401298464324817e-44, 90.00015258789062, 1.5414283107572988e-44, 118932.3828125
0:00:02.195945, 0.0, 1.401298464324817e-44, 90.00015258789062, 1.5414283107572988e-44, 118932.9296875
0:00:02.297954, 0.0, 1.401298464324817e-44, 90.00015258789062, 1.5414283107572988e-44, 118933.578125
0:00:02.424031, 0.0, 1.401298464324817e-44, 90.00015258789062, 1.5414283107572988e-44, 118934.3671875
0:00:02.523449, 0.0, 1.401298464324817e-44, 90.00015258789062, 1.5414283107572988e-44, 118934.9921875
0:00:02.611058, 0.0, 1.401298464324817e-44, 90.00015258789062, 1.5414283107572988e-44, 118935.546875
0:00:02.723909, 0.0, 1.401298464324817e-44, 90.00015258789062, 1.5414283107572988e-44, 118936.265625
0:00:02.825712, 0.0, 1.401298464324817e-44, 90.00015258789062, 1.5414283107572988e-44, 118936.90625
0:00:02.908352, 0.0, 1.401298464324817e-44, 90.00015258789062, 1.5414283107572988e-44, 118937.4375
0:00:03.004598, 0.0, 1.401298464324817e-44, 90.00015258789062, 1.5414283107572988e-44, 118938.046875
0:00:03.111001, 0.0, 1.401298464324817e-44, 90.00015258789062, 1.5414283107572988e-44, 118938.7265625
0:00:03.215633, 0.0, 1.401298464324817e-44, 90.00015258789062, 1.5414283107572988e-44, 118939.3828125
0:00:03.327719, 0.0, 1.401298464324817e-44, 90.00015258789062, 1.5414283107572988e-44, 118940.0859375
0:00:03.403718, 0.0, 1.401298464324817e-44, 90.00015258789062, 1.5414283107572988e-44, 118940.5625
0:00:03.533634, 0.0, 1.401298464324817e-44, 90.00015258789062, 1.5414283107572988e-44, 118941.375
0:00:03.615517, 0.0, 1.401298464324817e-44, 90.00015258789062, 1.5414283107572988e-44, 118941.890625
0:00:03.727607, 0.0, 1.401298464324817e-44, 90.00015258789062, 1.5414283107572988e-44, 118942.59375
0:00:03.823215, 0.0, 1.401298464324817e-44, 90.00015258789062, 1.5414283107572988e-44, 118943.1953125
0:00:03.938349, 0.0, 1.401298464324817e-44, 90.00015258789062, 1.5414283107572988e-44, 118943.921875
0:00:04.034089, 0.0, 1.401298464324817e-44, 90.00015258789062, 1.5414283107572988e-44, 118944.5234375
0:00:04.134003, 0.0, 1.401298464324817e-44, 90.00015258789062, 1.5414283107572988e-44, 118945.15625
0:00:04.225617, 0.0, 1.401298464324817e-44, 90.00015258789062, 1.5414283107572988e-44, 118945.7421875
0:00:04.335439, 0.0, 1.401298464324817e-44, 90.00015258789062, 1.5414283107572988e-44, 118946.4296875
0:00:04.419953, 0.0, 1.401298464324817e-44, 90.00015258789062, 1.5414283107572988e-44, 118946.96875
0:00:04.527335, 0.0, 1.401298464324817e-44, 90.00015258789062, 1.5414283107572988e-44, 118947.640625
0:00:04.641330, 0.0, 1.401298464324817e-44, 90.00015258789062, 1.5414283107572988e-44, 118948.359375
0:00:04.727889, 0.0, 1.401298464324817e-44, 90.00015258789062, 1.5414283107572988e-44, 118948.8984375
0:00:04.853688, 0.0, 1.401298464324817e-44, 90.00015258789062, 1.5414283107572988e-44, 118949.6875
0:00:04.953366, 0.0, 1.401298464324817e-44, 90.00015258789062, 1.5414283107572988e-44, 118950.3125
0:00:05.047892, 0.0, 1.401298464324817e-44, 90.00015258789062, 1.5414283107572988e-44, 118950.9140625
0:00:05.143624, 0.0, 1.401298464324817e-44, 90.00015258789062, 1.5414283107572988e-44, 118951.515625
0:00:05.242188, 0.0, 1.401298464324817e-44, 90.00015258789062, 1.5414283107572988e-44, 118952.1328125
0:00:05.329844, 0.0, 1.401298464324817e-44, 90.00015258789062, 1.5414283107572988e-44, 118952.6953125
0:00:05.441850, 0.0, 1.401298464324817e-44, 90.00015258789062, 1.5414283107572988e-44, 118953.3984375
0:00:05.531447, 0.0, 1.401298464324817e-44, 90.00015258789062, 1.5414283107572988e-44, 118953.96875
0:00:05.637777, 0.0, 1.401298464324817e-44, 90.00015258789062, 1.5414283107572988e-44, 118954.6328125
0:00:05.746543, 0.0, 1.401298464324817e-44, 90.00015258789062, 1.5414283107572988e-44, 118955.3203125
0:00:05.856272, 0.0, 1.401298464324817e-44, 90.00015258789062, 1.5414283107572988e-44, 118956.0078125
0:00:05.944784, 0.0, 1.401298464324817e-44, 90.00015258789062, 1.5414283107572988e-44, 118956.5625
0:00:06.057916, 0.0, 1.401298464324817e-44, 90.00015258789062, 1.5414283107572988e-44, 118957.28125
0:00:06.165075, 0.0, 1.401298464324817e-44, 90.00015258789062, 1.5414283107572988e-44, 118957.9609375
0:00:06.263774, 0.0, 1.401298464324817e-44, 90.00015258789062, 1.5414283107572988e-44, 118958.578125
0:00:06.355657, 0.0, 1.401298464324817e-44, 90.00015258789062, 1.5414283107572988e-44, 118959.15625
0:00:06.444355, 0.0, 1.401298464324817e-44, 90.00015258789062, 1.5414283107572988e-44, 118959.71875
0:00:06.559446, 0.0, 1.401298464324817e-44, 90.00015258789062, 1.5414283107572988e-44, 118960.453125
0:00:06.663615, 0.0, 1.401298464324817e-44, 90.00015258789062, 1.5414283107572988e-44, 118961.109375
0:00:06.778647, 0.0, 1.401298464324817e-44, 90.00015258789062, 1.5414283107572988e-44, 118961.828125
0:00:06.862029, 0.0, 1.401298464324817e-44, 90.00015258789062, 1.5414283107572988e-44, 118962.359375
0:00:06.977097, 0.0, 1.401298464324817e-44, 90.00015258789062, 1.5414283107572988e-44, 118963.0859375
0:00:07.062731, 0.0, 1.401298464324817e-44, 90.00015258789062, 1.5414283107572988e-44, 118963.625
0:00:07.172011, 0.0, 1.401298464324817e-44, 90.00015258789062, 1.5414283107572988e-44, 118964.3125
0:00:07.256566, 0.0, 1.401298464324817e-44, 90.00015258789062, 1.5414283107572988e-44, 118964.84375
0:00:07.380593, 0.0, 1.401298464324817e-44, 90.00015258789062, 1.5414283107572988e-44, 118965.6328125
0:00:07.488974, 0.0, 1.401298464324817e-44, 90.00015258789062, 1.5414283107572988e-44, 118966.3125
0:00:07.584974, 0.0, 1.401298464324817e-44, 90.00015258789062, 1.5414283107572988e-44, 118966.921875
0:00:07.685799, 0.0, 1.401298464324817e-44, 90.00015258789062, 1.5414283107572988e-44, 118967.5546875
0:00:07.767605, 0.0, 1.401298464324817e-44, 90.00015258789062, 1.5414283107572988e-44, 118968.0703125
0:00:07.884638, 0.0, 1.401298464324817e-44, 90.00015258789062, 1.5414283107572988e-44, 118968.8046875
0:00:07.973371, 0.0, 1.401298464324817e-44, 90.00015258789062, 1.5414283107572988e-44, 118969.375
0:00:08.086073, 0.0, 1.401298464324817e-44, 90.00015258789062, 1.5414283107572988e-44, 118970.0859375
0:00:08.171735, 0.0, 1.401298464324817e-44, 90.00015258789062, 1.5414283107572988e-44, 118970.625
0:00:08.277941, 0.0, 1.401298464324817e-44, 90.00015258789062, 1.5414283107572988e-44, 118971.2890625
0:00:08.388389, 0.0, 1.401298464324817e-44, 90.00015258789062, 1.5414283107572988e-44, 118971.9765625
0:00:08.476149, 0.0, 1.401298464324817e-44, 90.00015258789062, 1.5414283107572988e-44, 118972.5234375
0:00:08.589629, 0.0, 1.401298464324817e-44, 90.00015258789062, 1.5414283107572988e-44, 118973.234375
0:00:08.687848, 0.0, 1.401298464324817e-44, 90.00015258789062, 1.5414283107572988e-44, 118973.859375
0:00:08.772508, 0.0, 1.401298464324817e-44, 90.00015258789062, 1.5414283107572988e-44, 118974.3828125
0:00:08.887703, 0.0, 1.401298464324817e-44, 90.00015258789062, 1.5414283107572988e-44, 118975.109375
0:00:08.983193, 0.0, 1.401298464324817e-44, 90.00015258789062, 1.5414283107572988e-44, 118975.7109375
0:00:09.099237, 0.0, 1.401298464324817e-44, 90.00015258789062, 1.5414283107572988e-44, 118976.4453125
0:00:09.197380, 0.0, 1.401298464324817e-44, 90.00015258789062, 1.5414283107572988e-44, 118977.0546875
0:00:09.294215, 0.0, 1.401298464324817e-44, 90.00015258789062, 1.5414283107572988e-44, 118977.671875
0:00:09.402550, 0.0, 1.401298464324817e-44, 90.00015258789062, 1.5414283107572988e-44, 118978.3515625
0:00:09.489201, 0.0, 1.401298464324817e-44, 90.00015258789062, 1.5414283107572988e-44, 118978.90625
0:00:09.588116, 0.0, 1.401298464324817e-44, 90.00015258789062, 1.5414283107572988e-44, 118979.5234375
0:00:09.687423, 0.0, 1.401298464324817e-44, 90.00015258789062, 1.5414283107572988e-44, 118980.1484375
0:00:09.786096, 0.0, 1.401298464324817e-44, 90.00015258789062, 1.5414283107572988e-44, 118980.765625
0:00:09.907334, 0.0, 1.401298464324817e-44, 90.00015258789062, 1.5414283107572988e-44, 118981.53125
0:00:10.007114, 0.0, 1.401298464324817e-44, 90.00015258789062, 1.5414283107572988e-44, 118982.15625
0:00:10.106549, 0.0, 1.401298464324817e-44, 90.00015258789062, 1.5414283107572988e-44, 118982.78125
0:00:10.204456, 0.0, 1.401298464324817e-44, 90.00015258789062, 1.5414283107572988e-44, 118983.3984375
0:00:10.285717, 0.0, 1.401298464324817e-44, 90.00015258789062, 1.5414283107572988e-44, 118983.9140625
0:00:10.407081, 0.0, 1.401298464324817e-44, 90.00015258789062, 1.5414283107572988e-44, 118984.6796875
0:00:10.499796, 0.0, 1.401298464324817e-44, 90.00015258789062, 1.5414283107572988e-44, 118985.265625
0:00:10.611629, 0.0, 1.401298464324817e-44, 90.00015258789062, 1.5414283107572988e-44, 118985.9765625
0:00:10.693441, 0.0, 1.401298464324817e-44, 90.00015258789062, 1.5414283107572988e-44, 118986.4921875
0:00:10.806420, 0.0, 1.401298464324817e-44, 90.00015258789062, 1.5414283107572988e-44, 118987.203125
0:00:10.919562, 0.0, 1.401298464324817e-44, 90.00015258789062, 1.5414283107572988e-44, 118987.921875
0:00:11.007029, 0.0, 1.401298464324817e-44, 90.00015258789062, 1.5414283107572988e-44, 118988.46875
0:00:11.127353, 0.0, 1.401298464324817e-44, 90.00015258789062, 1.5414283107572988e-44, 118989.2265625
0:00:11.226852, 0.0, 1.401298464324817e-44, 90.00015258789062, 1.5414283107572988e-44, 118989.8515625
0:00:11.317170, 0.0, 1.401298464324817e-44, 90.00015258789062, 1.5414283107572988e-44, 118990.4296875
0:00:11.416691, 0.0, 1.401298464324817e-44, 90.00015258789062, 1.5414283107572988e-44, 118991.046875
0:00:11.529634, 0.0, 1.401298464324817e-44, 90.00015258789062, 1.5414283107572988e-44, 118991.7578125
0:00:11.627072, 0.0, 1.401298464324817e-44, 90.00015258789062, 1.5414283107572988e-44, 118992.3671875
0:00:11.718814, 0.0, 1.401298464324817e-44, 90.00015258789062, 1.5414283107572988e-44, 118992.9453125
0:00:11.806300, 0.0, 1.401298464324817e-44, 90.00015258789062, 1.5414283107572988e-44, 118993.5
0:00:11.924748, 0.0, 1.401298464324817e-44, 90.00015258789062, 1.5414283107572988e-44, 118994.2421875
0:00:12.038414, 0.0, 1.401298464324817e-44, 90.00015258789062, 1.5414283107572988e-44, 118994.9609375
0:00:12.135983, 0.0, 1.401298464324817e-44, 90.00015258789062, 1.5414283107572988e-44, 118995.5859375
0:00:12.222692, 0.0, 1.401298464324817e-44, 90.00015258789062, 1.5414283107572988e-44, 118996.1328125
0:00:12.336653, 0.0, 1.401298464324817e-44, 90.00015258789062, 1.5414283107572988e-44, 118996.8515625
0:00:12.420978, 0.0, 1.401298464324817e-44, 90.00015258789062, 1.5414283107572988e-44, 118997.3828125
0:00:12.550823, 0.0, 1.401298464324817e-44, 90.00015258789062, 1.5414283107572988e-44, 118998.1953125
0:00:12.617915, 0.0, 1.401298464324817e-44, 90.00015258789062, 1.5414283107572988e-44, 118998.625
0:00:12.738604, 0.0, 1.401298464324817e-44, 90.00015258789062, 1.5414283107572988e-44, 118999.3828125
0:00:12.837193, 0.0, 1.401298464324817e-44, 90.00015258789062, 1.5414283107572988e-44, 119000.0
0:00:12.930053, 0.0, 1.401298464324817e-44, 90.00015258789062, 1.5414283107572988e-44, 119000.59375
0:00:13.039710, 0.0, 1.401298464324817e-44, 90.00015258789062, 1.5414283107572988e-44, 119001.2890625
0:00:13.149159, 0.0, 1.401298464324817e-44, 90.00015258789062, 1.5414283107572988e-44, 119001.9765625
0:00:13.245039, 0.0, 1.401298464324817e-44, 90.00015258789062, 1.5414283107572988e-44, 119002.578125
0:00:13.333301, 0.0, 1.401298464324817e-44, 90.00015258789062, 1.5414283107572988e-44, 119003.1328125
0:00:13.455369, 0.0, 1.401298464324817e-44, 90.00015258789062, 1.5414283107572988e-44, 119003.90625
0:00:13.538709, 0.0, 1.401298464324817e-44, 90.00015258789062, 1.5414283107572988e-44, 119004.4296875
0:00:13.636543, 0.0, 1.401298464324817e-44, 90.00015258789062, 1.5414283107572988e-44, 119005.0546875
0:00:13.746804, 0.0, 1.401298464324817e-44, 90.00015258789062, 1.5414283107572988e-44, 119005.7421875
0:00:13.832432, 0.0, 1.401298464324817e-44, 90.00015258789062, 1.5414283107572988e-44, 119006.28125
0:00:13.957639, 0.0, 1.401298464324817e-44, 90.00015258789062, 1.5414283107572988e-44, 119007.0703125
0:00:14.042119, 0.0, 1.401298464324817e-44, 90.00015258789062, 1.5414283107572988e-44, 119007.609375
0:00:14.138406, 0.0, 1.401298464324817e-44, 90.00015258789062, 1.5414283107572988e-44, 119008.2109375
0:00:14.236996, 0.0, 1.401298464324817e-44, 90.00015258789062, 1.5414283107572988e-44, 119008.8359375
0:00:14.358404, 0.0, 1.401298464324817e-44, 90.00015258789062, 1.5414283107572988e-44, 119009.6015625
0:00:14.452716, 0.0, 1.401298464324817e-44, 90.00015258789062, 1.5414283107572988e-44, 119010.1953125
0:00:14.560797, 0.0, 1.401298464324817e-44, 90.00015258789062, 1.5414283107572988e-44, 119010.875
0:00:14.645314, 0.0, 1.401298464324817e-44, 90.00015258789062, 1.5414283107572988e-44, 119011.4140625
0:00:14.759232, 0.0, 1.401298464324817e-44, 90.00015258789062, 1.5414283107572988e-44, 119012.1328125
0:00:14.852600, 0.0, 1.401298464324817e-44, 90.00015258789062, 1.5414283107572988e-44, 119012.7109375
0:00:14.964870, 0.0, 1.401298464324817e-44, 90.00015258789062, 1.5414283107572988e-44, 119013.4140625
0:00:15.043413, 0.0, 1.401298464324817e-44, 90.00015258789062, 1.5414283107572988e-44, 119013.90625
0:00:15.158318, 0.0, 1.401298464324817e-44, 90.00015258789062, 1.5414283107572988e-44, 119014.625
0:00:15.269657, 0.0, 1.401298464324817e-44, 90.00015258789062, 1.5414283107572988e-44, 119015.328125
0:00:15.369264, 0.0, 1.401298464324817e-44, 90.00015258789062, 1.5414283107572988e-44, 119015.9609375
0:00:15.452924, 0.0, 1.401298464324817e-44, 90.00015258789062, 1.5414283107572988e-44, 119016.4921875
0:00:15.561424, 0.0, 1.401298464324817e-44, 90.00015258789062, 1.5414283107572988e-44, 119017.1796875
0:00:15.647757, 0.0, 1.401298464324817e-44, 90.00015258789062, 1.5414283107572988e-44, 119017.71875
0:00:15.768963, 0.0, 1.401298464324817e-44, 90.00015258789062, 1.5414283107572988e-44, 119018.4921875
0:00:15.881384, 0.0, 1.401298464324817e-44, 90.00015258789062, 1.5414283107572988e-44, 119019.1875
0:00:15.978075, 0.0, 1.401298464324817e-44, 90.00015258789062, 1.5414283107572988e-44, 119019.796875
0:00:16.071986, 0.0, 1.401298464324817e-44, 90.00015258789062, 1.5414283107572988e-44, 119020.390625
0:00:16.158524, 0.0, 1.401298464324817e-44, 90.00015258789062, 1.5414283107572988e-44, 119020.9375
0:00:16.261984, 0.0, 1.401298464324817e-44, 90.00015258789062, 1.5414283107572988e-44, 119021.5859375
0:00:16.388704, 0.0, 1.401298464324817e-44, 90.00015258789062, 1.5414283107572988e-44, 119022.375
0:00:16.457487, 0.0, 1.401298464324817e-44, 90.00015258789062, 1.5414283107572988e-44, 119022.8125
0:00:16.583938, 0.0, 1.401298464324817e-44, 90.00015258789062, 1.5414283107572988e-44, 119023.6015625
0:00:16.678478, 0.0, 1.401298464324817e-44, 90.00015258789062, 1.5414283107572988e-44, 119024.1953125
0:00:16.776255, 0.0, 1.401298464324817e-44, 90.00015258789062, 1.5414283107572988e-44, 119024.8125
0:00:16.884613, 0.0, 1.401298464324817e-44, 90.00015258789062, 1.5414283107572988e-44, 119025.5
0:00:16.997884, 0.0, 1.401298464324817e-44, 90.00015258789062, 1.5414283107572988e-44, 119026.21875
0:00:17.086034, 0.0, 1.401298464324817e-44, 90.00015258789062, 1.5414283107572988e-44, 119026.78125
0:00:17.171592, 0.0, 1.401298464324817e-44, 90.00015258789062, 1.5414283107572988e-44, 119027.3203125
0:00:17.293674, 0.0, 1.401298464324817e-44, 90.00015258789062, 1.5414283107572988e-44, 119028.0859375
0:00:17.389848, 0.0, 1.401298464324817e-44, 90.00015258789062, 1.5414283107572988e-44, 119028.6875
0:00:17.490640, 0.0, 1.401298464324817e-44, 90.00015258789062, 1.5414283107572988e-44, 119029.328125
0:00:17.587677, 0.0, 1.401298464324817e-44, 90.00015258789062, 1.5414283107572988e-44, 119029.9375
0:00:17.675193, 0.0, 1.401298464324817e-44, 90.00015258789062, 1.5414283107572988e-44, 119030.4921875
0:00:17.790302, 0.0, 1.401298464324817e-44, 90.00015258789062, 1.5414283107572988e-44, 119031.2109375
0:00:17.888031, 0.0, 1.401298464324817e-44, 90.00015258789062, 1.5414283107572988e-44, 119031.828125
0:00:17.984702, 0.0, 1.401298464324817e-44, 90.00015258789062, 1.5414283107572988e-44, 119032.4375
0:00:18.100627, 0.0, 1.401298464324817e-44, 90.00015258789062, 1.5414283107572988e-44, 119033.171875
0:00:18.199077, 0.0, 1.401298464324817e-44, 90.00015258789062, 1.5414283107572988e-44, 119033.796875
0:00:18.285718, 0.0, 1.401298464324817e-44, 90.00015258789062, 1.5414283107572988e-44, 119034.3515625
0:00:18.401588, 0.0, 1.401298464324817e-44, 90.00015258789062, 1.5414283107572988e-44, 119035.078125
0:00:18.498429, 0.0, 1.401298464324817e-44, 90.00015258789062, 1.5414283107572988e-44, 119035.6875
0:00:18.591949, 0.0, 1.401298464324817e-44, 90.00015258789062, 1.5414283107572988e-44, 119036.28125
0:00:18.700879, 0.0, 1.401298464324817e-44, 90.00015258789062, 1.5414283107572988e-44, 119036.96875
0:00:18.799887, 0.0, 1.401298464324817e-44, 90.00015258789062, 1.5414283107572988e-44, 119037.59375
0:00:18.889738, 0.0, 1.401298464324817e-44, 90.00015258789062, 1.5414283107572988e-44, 119038.1484375
0:00:19.000949, 0.0, 1.401298464324817e-44, 90.00015258789062, 1.5414283107572988e-44, 119038.84375
0:00:19.099737, 0.0, 1.401298464324817e-44, 90.00015258789062, 1.5414283107572988e-44, 119039.4609375
0:00:19.219634, 0.0, 1.401298464324817e-44, 90.00015258789062, 1.5414283107572988e-44, 119040.21875
0:00:19.299497, 0.0, 1.401298464324817e-44, 90.00015258789062, 1.5414283107572988e-44, 119040.71875
0:00:19.409959, 0.0, 1.401298464324817e-44, 90.00015258789062, 1.5414283107572988e-44, 119041.40625
0:00:19.501792, 0.0, 1.401298464324817e-44, 90.00015258789062, 1.5414283107572988e-44, 119041.984375
0:00:19.617707, 0.0, 1.401298464324817e-44, 90.00015258789062, 1.5414283107572988e-44, 119042.71875
0:00:19.703322, 0.0, 1.401298464324817e-44, 90.00015258789062, 1.5414283107572988e-44, 119043.265625
0:00:19.830604, 0.0, 1.401298464324817e-44, 90.00015258789062, 1.5414283107572988e-44, 119044.0625
0:00:19.920182, 0.0, 1.401298464324817e-44, 90.00015258789062, 1.5414283107572988e-44, 119044.6328125
0:00:20.026608, 0.0, 1.401298464324817e-44, 90.00015258789062, 1.5414283107572988e-44, 119045.3046875
0:00:20.133916, 0.0, 1.401298464324817e-44, 90.00015258789062, 1.5414283107572988e-44, 119045.9921875
0:00:20.203612, 0.0, 1.401298464324817e-44, 90.00015258789062, 1.5414283107572988e-44, 119046.4296875
0:00:20.314522, 0.0, 1.401298464324817e-44, 90.00015258789062, 1.5414283107572988e-44, 119047.1328125
0:00:20.408779, 0.0, 1.401298464324817e-44, 90.00015258789062, 1.5414283107572988e-44, 119047.7265625
0:00:20.523802, 0.0, 1.401298464324817e-44, 90.00015258789062, 1.5414283107572988e-44, 119048.453125
0:00:20.607939, 0.0, 1.401298464324817e-44, 90.00015258789062, 1.5414283107572988e-44, 119048.984375
0:00:20.722201, 0.0, 1.401298464324817e-44, 90.00015258789062, 1.5414283107572988e-44, 119049.703125
0:00:20.822056, 0.0, 1.401298464324817e-44, 90.00015258789062, 1.5414283107572988e-44, 119050.3359375
0:00:20.919755, 0.0, 1.401298464324817e-44, 90.00015258789062, 1.5414283107572988e-44, 119050.953125
0:00:21.012640, 0.0, 1.401298464324817e-44, 90.00015258789062, 1.5414283107572988e-44, 119051.5390625
0:00:21.123643, 0.0, 1.401298464324817e-44, 90.00015258789062, 1.5414283107572988e-44, 119052.2421875
0:00:21.236735, 0.0, 1.401298464324817e-44, 90.00015258789062, 1.5414283107572988e-44, 119052.9609375
0:00:21.323300, 0.0, 1.401298464324817e-44, 90.00015258789062, 1.5414283107572988e-44, 119053.5
0:00:21.421031, 0.0, 1.401298464324817e-44, 90.00015258789062, 1.5414283107572988e-44, 119054.109375
0:00:21.520487, 0.0, 1.401298464324817e-44, 90.00015258789062, 1.5414283107572988e-44, 119054.734375
0:00:21.634703, 0.0, 1.401298464324817e-44, 90.00015258789062, 1.5414283107572988e-44, 119055.4609375
0:00:21.750151, 0.0, 1.401298464324817e-44, 90.00015258789062, 1.5414283107572988e-44, 119056.1875
0:00:21.843301, 0.0, 1.401298464324817e-44, 90.00015258789062, 1.5414283107572988e-44, 119056.78125
0:00:21.941040, 0.0, 1.401298464324817e-44, 90.00015258789062, 1.5414283107572988e-44, 119057.390625
0:00:22.026428, 0.0, 1.401298464324817e-44, 90.00015258789062, 1.5414283107572988e-44, 119057.9375
0:00:22.140543, 0.0, 1.401298464324817e-44, 90.00015258789062, 1.5414283107572988e-44, 119058.65625
0:00:22.255165, 0.0, 1.401298464324817e-44, 90.00015258789062, 1.5414283107572988e-44, 119059.375
0:00:22.351181, 0.0, 1.401298464324817e-44, 90.00015258789062, 1.5414283107572988e-44, 119059.9921875
0:00:22.451055, 0.0, 1.401298464324817e-44, 90.00015258789062, 1.5414283107572988e-44, 119060.6171875
0:00:22.551610, 0.0, 1.401298464324817e-44, 90.00015258789062, 1.5414283107572988e-44, 119061.25
0:00:22.649997, 0.0, 1.401298464324817e-44, 90.00015258789062, 1.5414283107572988e-44, 119061.8671875
0:00:22.743061, 0.0, 1.401298464324817e-44, 90.00015258789062, 1.5414283107572988e-44, 119062.4609375
0:00:22.852695, 0.0, 1.401298464324817e-44, 90.00015258789062, 1.5414283107572988e-44, 119063.140625
0:00:22.951064, 0.0, 1.401298464324817e-44, 90.00015258789062, 1.5414283107572988e-44, 119063.765625
0:00:23.045694, 0.0, 1.401298464324817e-44, 90.00015258789062, 1.5414283107572988e-44, 119064.3671875
0:00:23.161688, 0.0, 1.401298464324817e-44, 90.00015258789062, 1.5414283107572988e-44, 119065.09375
0:00:23.242958, 0.0, 1.401298464324817e-44, 90.00015258789062, 1.5414283107572988e-44, 119065.6171875
0:00:23.353956, 0.0, 1.401298464324817e-44, 90.00015258789062, 1.5414283107572988e-44, 119066.3203125
0:00:23.452333, 0.0, 1.401298464324817e-44, 90.00015258789062, 1.5414283107572988e-44, 119066.9375
0:00:23.552381, 0.0, 1.401298464324817e-44, 90.00015258789062, 1.5414283107572988e-44, 119067.5703125
0:00:23.650188, 0.0, 1.401298464324817e-44, 90.00015258789062, 1.5414283107572988e-44, 119068.1953125
0:00:23.750849, 0.0, 1.401298464324817e-44, 90.00015258789062, 1.5414283107572988e-44, 119068.828125
0:00:23.852318, 0.0, 1.401298464324817e-44, 90.00015258789062, 1.5414283107572988e-44, 119069.46875
0:00:23.960824, 0.0, 1.401298464324817e-44, 90.00015258789062, 1.5414283107572988e-44, 119070.1484375
0:00:24.061609, 0.0, 1.401298464324817e-44, 90.00015258789062, 1.5414283107572988e-44, 119070.78125
0:00:24.155649, 0.0, 1.401298464324817e-44, 90.00015258789062, 1.5414283107572988e-44, 119071.3828125
0:00:24.278563, 0.0, 1.401298464324817e-44, 90.00015258789062, 1.5414283107572988e-44, 119072.15625
0:00:24.364643, 0.0, 1.401298464324817e-44, 90.00015258789062, 1.5414283107572988e-44, 119072.7109375
0:00:24.481768, 0.0, 1.401298464324817e-44, 90.00015258789062, 1.5414283107572988e-44, 119073.4453125
0:00:24.573058, 0.0, 1.401298464324817e-44, 90.00015258789062, 1.5414283107572988e-44, 119074.0078125
0:00:24.662529, 0.0, 1.401298464324817e-44, 90.00015258789062, 1.5414283107572988e-44, 119074.578125
0:00:24.772957, 0.0, 1.401298464324817e-44, 90.00015258789062, 1.5414283107572988e-44, 119075.2734375
0:00:24.874270, 0.0, 1.401298464324817e-44, 90.00015258789062, 1.5414283107572988e-44, 119075.921875
0:00:24.966048, 0.0, 1.401298464324817e-44, 90.00015258789062, 1.5414283107572988e-44, 119076.4921875
0:00:25.062778, 0.0, 1.401298464324817e-44, 90.00015258789062, 1.5414283107572988e-44, 119077.1015625
0:00:25.176713, 0.0, 1.401298464324817e-44, 90.00015258789062, 1.5414283107572988e-44, 119077.8125
0:00:25.272524, 0.0, 1.401298464324817e-44, 90.00015258789062, 1.5414283107572988e-44, 119078.40625
0:00:25.366622, 0.0, 1.401298464324817e-44, 90.00015258789062, 1.5414283107572988e-44, 119079.0
0:00:25.477594, 0.0, 1.401298464324817e-44, 90.00015258789062, 1.5414283107572988e-44, 119079.6953125
0:00:25.562044, 0.0, 1.401298464324817e-44, 90.00015258789062, 1.5414283107572988e-44, 119080.2265625
0:00:25.682616, 0.0, 1.401298464324817e-44, 90.00015258789062, 1.5414283107572988e-44, 119080.984375
0:00:25.781573, 0.0, 1.401298464324817e-44, 90.00015258789062, 1.5414283107572988e-44, 119081.6015625
0:00:25.881845, 0.0, 1.401298464324817e-44, 90.00015258789062, 1.5414283107572988e-44, 119082.234375
0:00:25.974256, 0.0, 1.401298464324817e-44, 90.00015258789062, 1.5414283107572988e-44, 119082.8203125
0:00:26.090253, 0.0, 1.401298464324817e-44, 90.00015258789062, 1.5414283107572988e-44, 119083.546875
0:00:26.169119, 0.0, 1.401298464324817e-44, 90.00015258789062, 1.5414283107572988e-44, 119084.0390625
0:00:26.276715, 0.0, 1.401298464324817e-44, 90.00015258789062, 1.5414283107572988e-44, 119084.7109375
0:00:26.391690, 0.0, 1.401298464324817e-44, 90.00015258789062, 1.5414283107572988e-44, 119085.4375
0:00:26.476064, 0.0, 1.401298464324817e-44, 90.00015258789062, 1.5414283107572988e-44, 119085.9765625
0:00:26.584361, 0.0, 1.401298464324817e-44, 90.00015258789062, 1.5414283107572988e-44, 119086.65625
0:00:26.696536, 0.0, 1.401298464324817e-44, 90.00015258789062, 1.5414283107572988e-44, 119087.359375
0:00:26.792323, 0.0, 1.401298464324817e-44, 90.00015258789062, 1.5414283107572988e-44, 119087.9609375
0:00:26.876748, 0.0, 1.401298464324817e-44, 90.00015258789062, 1.5414283107572988e-44, 119088.4921875
0:00:26.989739, 0.0, 1.401298464324817e-44, 90.00015258789062, 1.5414283107572988e-44, 119089.2109375
0:00:27.102853, 0.0, 1.401298464324817e-44, 90.00015258789062, 1.5414283107572988e-44, 119089.921875
0:00:27.188195, 0.0, 1.401298464324817e-44, 90.00015258789062, 1.5414283107572988e-44, 119090.4609375
0:00:27.303294, 0.0, 1.401298464324817e-44, 90.00015258789062, 1.5414283107572988e-44, 119091.1796875
0:00:27.396053, 0.0, 1.401298464324817e-44, 90.00015258789062, 1.5414283107572988e-44, 119091.765625
0:00:27.512901, 0.0, 1.401298464324817e-44, 90.00015258789062, 1.5414283107572988e-44, 119092.5
0:00:27.595317, 0.0, 1.401298464324817e-44, 90.00015258789062, 1.5414283107572988e-44, 119093.015625
0:00:27.708705, 0.0, 1.401298464324817e-44, 90.00015258789062, 1.5414283107572988e-44, 119093.734375
0:00:27.794222, 0.0, 1.401298464324817e-44, 90.00015258789062, 1.5414283107572988e-44, 119094.28125
0:00:27.911311, 0.0, 1.401298464324817e-44, 90.00015258789062, 1.5414283107572988e-44, 119095.0234375
0:00:27.999962, 0.0, 1.401298464324817e-44, 90.00015258789062, 1.5414283107572988e-44, 119095.578125
0:00:28.106069, 0.0, 1.401298464324817e-44, 90.00015258789062, 1.5414283107572988e-44, 119096.25
0:00:28.215994, 0.0, 1.401298464324817e-44, 90.00015258789062, 1.5414283107572988e-44, 119096.9453125
0:00:28.293935, 0.0, 1.401298464324817e-44, 90.00015258789062, 1.5414283107572988e-44, 119097.4375
0:00:28.404588, 0.0, 1.401298464324817e-44, 90.00015258789062, 1.5414283107572988e-44, 119098.1328125
0:00:28.503632, 0.0, 1.401298464324817e-44, 90.00015258789062, 1.5414283107572988e-44, 119098.7578125
0:00:28.625091, 0.0, 1.401298464324817e-44, 90.00015258789062, 1.5414283107572988e-44, 119099.5234375
0:00:28.709089, 0.0, 1.401298464324817e-44, 90.00015258789062, 1.5414283107572988e-44, 119100.0546875
0:00:28.815372, 0.0, 1.401298464324817e-44, 90.00015258789062, 1.5414283107572988e-44, 119100.734375
0:00:28.902908, 0.0, 1.401298464324817e-44, 90.00015258789062, 1.5414283107572988e-44, 119101.28125
0:00:29.030970, 0.0, 1.401298464324817e-44, 90.00015258789062, 1.5414283107572988e-44, 119102.0859375
0:00:29.116438, 0.0, 1.401298464324817e-44, 90.00015258789062, 1.5414283107572988e-44, 119102.6328125
0:00:29.229375, 0.0, 1.401298464324817e-44, 90.00015258789062, 1.5414283107572988e-44, 119103.34375
0:00:29.315987, 0.0, 1.401298464324817e-44, 90.00015258789062, 1.5414283107572988e-44, 119103.890625
0:00:29.429219, 0.0, 1.401298464324817e-44, 90.00015258789062, 1.5414283107572988e-44, 119104.6015625
0:00:29.514618, 0.0, 1.401298464324817e-44, 90.00015258789062, 1.5414283107572988e-44, 119105.1484375
0:00:29.613172, 0.0, 1.401298464324817e-44, 90.00015258789062, 1.5414283107572988e-44, 119105.765625
0:00:29.713790, 0.0, 1.401298464324817e-44, 90.00015258789062, 1.5414283107572988e-44, 119106.3984375
0:00:29.834691, 0.0, 1.401298464324817e-44, 90.00015258789062, 1.5414283107572988e-44, 119107.15625
0:00:29.933584, 0.0, 1.401298464324817e-44, 90.00015258789062, 1.5414283107572988e-44, 119107.7890625
0:00:30.027383, 0.0, 1.401298464324817e-44, 90.00015258789062, 1.5414283107572988e-44, 119108.3828125
0:00:30.113834, 0.0, 1.401298464324817e-44, 90.00015258789062, 1.5414283107572988e-44, 119108.921875
0:00:30.234375, 0.0, 1.401298464324817e-44, 90.00015258789062, 1.5414283107572988e-44, 119109.6796875
0:00:30.335068, 0.0, 1.401298464324817e-44, 90.00015258789062, 1.5414283107572988e-44, 119110.3203125
0:00:30.433386, 0.0, 1.401298464324817e-44, 90.00015258789062, 1.5414283107572988e-44, 119110.9375
0:00:30.547453, 0.0, 1.401298464324817e-44, 90.00015258789062, 1.5414283107572988e-44, 119111.65625
0:00:30.645308, 0.0, 1.401298464324817e-44, 90.00015258789062, 1.5414283107572988e-44, 119112.2734375
0:00:30.744293, 0.0, 1.401298464324817e-44, 90.00015258789062, 1.5414283107572988e-44, 119112.8984375
0:00:30.837469, 0.0, 1.401298464324817e-44, 90.00015258789062, 1.5414283107572988e-44, 119113.484375
0:00:30.926797, 0.0, 1.401298464324817e-44, 90.00015258789062, 1.5414283107572988e-44, 119114.0390625
0:00:31.047972, 0.0, 1.401298464324817e-44, 90.00015258789062, 1.5414283107572988e-44, 119114.8046875
0:00:31.160873, 0.0, 1.401298464324817e-44, 90.00015258789062, 1.5414283107572988e-44, 119115.5234375
0:00:31.249436, 0.0, 1.401298464324817e-44, 90.00015258789062, 1.5414283107572988e-44, 119116.0859375
0:00:31.356855, 0.0, 1.401298464324817e-44, 90.00015258789062, 1.5414283107572988e-44, 119116.7578125
0:00:31.447649, 0.0, 1.401298464324817e-44, 90.00015258789062, 1.5414283107572988e-44, 119117.328125
0:00:31.534702, 0.0, 1.401298464324817e-44, 90.00015258789062, 1.5414283107572988e-44, 119117.875
0:00:31.656863, 0.0, 1.401298464324817e-44, 90.00015258789062, 1.5414283107572988e-44, 119118.640625
0:00:31.754616, 0.0, 1.401298464324817e-44, 90.00015258789062, 1.5414283107572988e-44, 119119.2578125
0:00:31.868799, 0.0, 1.401298464324817e-44, 90.00015258789062, 1.5414283107572988e-44, 119119.9765625
0:00:31.965566, 0.0, 1.401298464324817e-44, 90.00015258789062, 1.5414283107572988e-44, 119120.5859375
0:00:32.055468, 0.0, 1.401298464324817e-44, 90.00015258789062, 1.5414283107572988e-44, 119121.15625
0:00:32.143832, 0.0, 1.401298464324817e-44, 90.00015258789062, 1.5414283107572988e-44, 119121.7109375
0:00:32.255126, 0.0, 1.401298464324817e-44, 90.00015258789062, 1.5414283107572988e-44, 119122.4140625
0:00:32.350026, 0.0, 1.401298464324817e-44, 90.00015258789062, 1.5414283107572988e-44, 119123.0078125
0:00:32.458010, 0.0, 1.401298464324817e-44, 90.00015258789062, 1.5414283107572988e-44, 119123.6875
0:00:32.544214, 0.0, 1.401298464324817e-44, 90.00015258789062, 1.5414283107572988e-44, 119124.2421875
0:00:32.671331, 0.0, 1.401298464324817e-44, 90.00015258789062, 1.5414283107572988e-44, 119125.046875
0:00:32.757972, 0.0, 1.401298464324817e-44, 90.00015258789062, 1.5414283107572988e-44, 119125.59375
0:00:32.873748, 0.0, 1.401298464324817e-44, 90.00015258789062, 1.5414283107572988e-44, 119126.3203125
0:00:32.961609, 0.0, 1.401298464324817e-44, 90.00015258789062, 1.5414283107572988e-44, 119126.875
0:00:33.073263, 0.0, 1.401298464324817e-44, 90.00015258789062, 1.5414283107572988e-44, 119127.5859375
0:00:33.152113, 0.0, 1.401298464324817e-44, 90.00015258789062, 1.5414283107572988e-44, 119128.0859375
0:00:33.259386, 0.0, 1.401298464324817e-44, 90.00015258789062, 1.5414283107572988e-44, 119128.765625
0:00:33.376568, 0.0, 1.401298464324817e-44, 90.00015258789062, 1.5414283107572988e-44, 119129.5
0:00:33.463190, 0.0, 1.401298464324817e-44, 90.00015258789062, 1.5414283107572988e-44, 119130.046875
0:00:33.572148, 0.0, 1.401298464324817e-44, 90.00015258789062, 1.5414283107572988e-44, 119130.734375
0:00:33.677573, 0.0, 1.401298464324817e-44, 90.00015258789062, 1.5414283107572988e-44, 119131.3984375
0:00:33.774379, 0.0, 1.401298464324817e-44, 90.00015258789062, 1.5414283107572988e-44, 119132.0
0:00:33.870616, 0.0, 1.401298464324817e-44, 90.00015258789062, 1.5414283107572988e-44, 119132.6015625
0:00:33.966278, 0.0, 1.401298464324817e-44, 90.00015258789062, 1.5414283107572988e-44, 119133.2109375
0:00:34.090410, 0.0, 1.401298464324817e-44, 90.00015258789062, 1.5414283107572988e-44, 119134.0
0:00:34.160221, 0.0, 1.401298464324817e-44, 90.00015258789062, 1.5414283107572988e-44, 119134.4453125
0:00:34.274202, 0.0, 1.401298464324817e-44, 90.00015258789062, 1.5414283107572988e-44, 119135.171875
0:00:34.381645, 0.0, 1.401298464324817e-44, 90.00015258789062, 1.5414283107572988e-44, 119135.8515625
0:00:34.494607, 0.0, 1.401298464324817e-44, 90.00015258789062, 1.5414283107572988e-44, 119136.5703125
0:00:34.577490, 0.0, 1.401298464324817e-44, 90.00015258789062, 1.5414283107572988e-44, 119137.09375
0:00:34.690695, 0.0, 1.401298464324817e-44, 90.00015258789062, 1.5414283107572988e-44, 119137.8125
0:00:34.788161, 0.0, 1.401298464324817e-44, 90.00015258789062, 1.5414283107572988e-44, 119138.421875
0:00:34.885535, 0.0, 1.401298464324817e-44, 90.00015258789062, 1.5414283107572988e-44, 119139.0390625
0:00:34.979445, 0.0, 1.401298464324817e-44, 90.00015258789062, 1.5414283107572988e-44, 119139.6328125
0:00:35.093374, 0.0, 1.401298464324817e-44, 90.00015258789062, 1.5414283107572988e-44, 119140.3515625
0:00:35.200364, 0.0, 1.401298464324817e-44, 90.00015258789062, 1.5414283107572988e-44, 119141.03125
0:00:35.296102, 0.0, 1.401298464324817e-44, 90.00015258789062, 1.5414283107572988e-44, 119141.6328125
0:00:35.387160, 0.0, 1.401298464324817e-44, 90.00015258789062, 1.5414283107572988e-44, 119142.2109375
0:00:35.502469, 0.0, 1.401298464324817e-44, 90.00015258789062, 1.5414283107572988e-44, 119142.9375
0:00:35.589791, 0.0, 1.401298464324817e-44, 90.00015258789062, 1.5414283107572988e-44, 119143.4921875
0:00:35.703689, 0.0, 1.401298464324817e-44, 90.00015258789062, 1.5414283107572988e-44, 119144.2109375
0:00:35.795744, 0.0, 1.401298464324817e-44, 90.00015258789062, 1.5414283107572988e-44, 119144.796875
0:00:35.905244, 0.0, 1.401298464324817e-44, 90.00015258789062, 1.5414283107572988e-44, 119145.484375
0:00:36.000648, 0.0, 1.401298464324817e-44, 90.00015258789062, 1.5414283107572988e-44, 119146.0859375
0:00:36.096478, 0.0, 1.401298464324817e-44, 90.00015258789062, 1.5414283107572988e-44, 119146.6875
0:00:36.215136, 0.0, 1.401298464324817e-44, 90.00015258789062, 1.5414283107572988e-44, 119147.4296875
0:00:36.302461, 0.0, 1.401298464324817e-44, 90.00015258789062, 1.5414283107572988e-44, 119147.984375
0:00:36.417145, 0.0, 1.401298464324817e-44, 90.00015258789062, 1.5414283107572988e-44, 119148.71875
0:00:36.516245, 0.0, 1.401298464324817e-44, 90.00015258789062, 1.5414283107572988e-44, 119149.34375
0:00:36.615797, 0.0, 1.401298464324817e-44, 90.00015258789062, 1.5414283107572988e-44, 119149.96875
0:00:36.708737, 0.0, 1.401298464324817e-44, 90.00015258789062, 1.5414283107572988e-44, 119150.5546875
0:00:36.817103, 0.0, 1.401298464324817e-44, 90.00015258789062, 1.5414283107572988e-44, 119151.234375
0:00:36.915792, 0.0, 1.401298464324817e-44, 90.00015258789062, 1.5414283107572988e-44, 119151.8515625
0:00:37.016407, 0.0, 1.401298464324817e-44, 90.00015258789062, 1.5414283107572988e-44, 119152.4921875
0:00:37.127376, 0.0, 1.401298464324817e-44, 90.00015258789062, 1.5414283107572988e-44, 119153.1875
0:00:37.227694, 0.0, 1.401298464324817e-44, 90.00015258789062, 1.5414283107572988e-44, 119153.8203125
0:00:37.326499, 0.0, 1.401298464324817e-44, 90.00015258789062, 1.5414283107572988e-44, 119154.4453125
0:00:37.421017, 0.0, 1.401298464324817e-44, 90.00015258789062, 1.5414283107572988e-44, 119155.046875
0:00:37.503368, 0.0, 1.401298464324817e-44, 90.00015258789062, 1.5414283107572988e-44, 119155.5625
0:00:37.619465, 0.0, 1.401298464324817e-44, 90.00015258789062, 1.5414283107572988e-44, 119156.296875
0:00:37.715962, 0.0, 1.401298464324817e-44, 90.00015258789062, 1.5414283107572988e-44, 119156.90625
0:00:37.805518, 0.0, 1.401298464324817e-44, 90.00015258789062, 1.5414283107572988e-44, 119157.46875
0:00:37.919551, 0.0, 1.401298464324817e-44, 90.00015258789062, 1.5414283107572988e-44, 119158.1953125
0:00:38.003978, 0.0, 1.401298464324817e-44, 90.00015258789062, 1.5414283107572988e-44, 119158.7265625
0:00:38.139971, 0.0, 1.401298464324817e-44, 90.00015258789062, 1.5414283107572988e-44, 119159.5703125
0:00:38.231194, 0.0, 1.401298464324817e-44, 90.00015258789062, 1.5414283107572988e-44, 119160.1484375
0:00:38.327896, 0.0, 1.401298464324817e-44, 90.00015258789062, 1.5414283107572988e-44, 119160.75
0:00:38.426845, 0.0, 1.401298464324817e-44, 90.00015258789062, 1.5414283107572988e-44, 119161.375
0:00:38.520362, 0.0, 1.401298464324817e-44, 90.00015258789062, 1.5414283107572988e-44, 119161.9609375
0:00:38.637206, 0.0, 1.401298464324817e-44, 90.00015258789062, 1.5414283107572988e-44, 119162.6875
0:00:38.728665, 0.0, 1.401298464324817e-44, 90.00015258789062, 1.5414283107572988e-44, 119163.2578125
0:00:38.841649, 0.0, 1.401298464324817e-44, 90.00015258789062, 1.5414283107572988e-44, 119163.9765625
0:00:38.937956, 0.0, 1.401298464324817e-44, 90.00015258789062, 1.5414283107572988e-44, 119164.578125
0:00:39.036751, 0.0, 1.401298464324817e-44, 90.00015258789062, 1.5414283107572988e-44, 119165.203125
0:00:39.145955, 0.0, 1.401298464324817e-44, 90.00015258789062, 1.5414283107572988e-44, 119165.890625
0:00:39.244952, 0.0, 1.401298464324817e-44, 90.00015258789062, 1.5414283107572988e-44, 119166.5234375
0:00:39.350267, 0.0, 1.401298464324817e-44, 90.00015258789062, 1.5414283107572988e-44, 119167.1796875
0:00:39.436242, 0.0, 1.401298464324817e-44, 90.00015258789062, 1.5414283107572988e-44, 119167.7265625
0:00:39.553359, 0.0, 1.401298464324817e-44, 90.00015258789062, 1.5414283107572988e-44, 119168.4609375
0:00:39.639019, 0.0, 1.401298464324817e-44, 90.00015258789062, 1.5414283107572988e-44, 119169.0
0:00:39.737540, 0.0, 1.401298464324817e-44, 90.00015258789062, 1.5414283107572988e-44, 119169.6171875
0:00:39.858665, 0.0, 1.401298464324817e-44, 90.00015258789062, 1.5414283107572988e-44, 119170.3828125
0:00:39.958044, 0.0, 1.401298464324817e-44, 90.00015258789062, 1.5414283107572988e-44, 119171.015625
0:00:40.056491, 0.0, 1.401298464324817e-44, 90.00015258789062, 1.5414283107572988e-44, 119171.640625
0:00:40.146025, 0.0, 1.401298464324817e-44, 90.00015258789062, 1.5414283107572988e-44, 119172.1953125
0:00:40.263578, 0.0, 1.401298464324817e-44, 90.00015258789062, 1.5414283107572988e-44, 119172.9375
0:00:40.344668, 0.0, 1.401298464324817e-44, 90.00015258789062, 1.5414283107572988e-44, 119173.4453125
0:00:40.458434, 0.0, 1.401298464324817e-44, 90.00015258789062, 1.5414283107572988e-44, 119174.1640625
0:00:40.557257, 0.0, 1.401298464324817e-44, 90.00015258789062, 1.5414283107572988e-44, 119174.7890625
0:00:40.666524, 0.0, 1.401298464324817e-44, 90.00015258789062, 1.5414283107572988e-44, 119175.484375
0:00:40.754168, 0.0, 1.401298464324817e-44, 90.00015258789062, 1.5414283107572988e-44, 119176.0390625
0:00:40.867453, 0.0, 1.401298464324817e-44, 90.00015258789062, 1.5414283107572988e-44, 119176.7578125
0:00:40.965051, 0.0, 1.401298464324817e-44, 90.00015258789062, 1.5414283107572988e-44, 119177.375
0:00:41.072341, 0.0, 1.401298464324817e-44, 90.00015258789062, 1.5414283107572988e-44, 119178.046875
0:00:41.168581, 0.0, 1.401298464324817e-44, 90.00015258789062, 1.5414283107572988e-44, 119178.6484375
0:00:41.258630, 0.0, 1.401298464324817e-44, 90.00015258789062, 1.5414283107572988e-44, 119179.2109375
0:00:41.345738, 0.0, 1.401298464324817e-44, 90.00015258789062, 1.5414283107572988e-44, 119179.765625
0:00:41.451937, 0.0, 1.401298464324817e-44, 90.00015258789062, 1.5414283107572988e-44, 119180.4375
0:00:41.567012, 0.0, 1.401298464324817e-44, 90.00015258789062, 1.5414283107572988e-44, 119181.15625
0:00:41.654447, 0.0, 1.401298464324817e-44, 90.00015258789062, 1.5414283107572988e-44, 119181.703125
0:00:41.768610, 0.0, 1.401298464324817e-44, 90.00015258789062, 1.5414283107572988e-44, 119182.421875
0:00:41.879775, 0.0, 1.401298464324817e-44, 90.00015258789062, 1.5414283107572988e-44, 119183.125
0:00:41.978443, 0.0, 1.401298464324817e-44, 90.00015258789062, 1.5414283107572988e-44, 119183.7421875
0:00:42.069171, 0.0, 1.401298464324817e-44, 90.00015258789062, 1.5414283107572988e-44, 119184.3125
0:00:42.155764, 0.0, 1.401298464324817e-44, 90.00015258789062, 1.5414283107572988e-44, 119184.859375
0:00:42.263956, 0.0, 1.401298464324817e-44, 90.00015258789062, 1.5414283107572988e-44, 119185.546875
0:00:42.375862, 0.0, 1.401298464324817e-44, 90.00015258789062, 1.5414283107572988e-44, 119186.2578125
0:00:42.482087, 0.0, 1.401298464324817e-44, 90.00015258789062, 1.5414283107572988e-44, 119186.9296875
0:00:42.568817, 0.0, 1.401298464324817e-44, 90.00015258789062, 1.5414283107572988e-44, 119187.46875
0:00:42.685122, 0.0, 1.401298464324817e-44, 90.00015258789062, 1.5414283107572988e-44, 119188.203125
0:00:42.770781, 0.0, 1.401298464324817e-44, 90.00015258789062, 1.5414283107572988e-44, 119188.734375
0:00:42.895590, 0.0, 1.401298464324817e-44, 90.00015258789062, 1.5414283107572988e-44, 119189.5234375
0:00:42.983219, 0.0, 1.401298464324817e-44, 90.00015258789062, 1.5414283107572988e-44, 119190.078125
0:00:43.068642, 0.0, 1.401298464324817e-44, 90.00015258789062, 1.5414283107572988e-44, 119190.6171875
0:00:43.184823, 0.0, 1.401298464324817e-44, 90.00015258789062, 1.5414283107572988e-44, 119191.34375
0:00:43.295620, 0.0, 1.401298464324817e-44, 90.00015258789062, 1.5414283107572988e-44, 119192.0390625
0:00:43.374622, 0.0, 1.401298464324817e-44, 90.00015258789062, 1.5414283107572988e-44, 119192.53125
0:00:43.482991, 0.0, 1.401298464324817e-44, 90.00015258789062, 1.5414283107572988e-44, 119193.21875
0:00:43.597923, 0.0, 1.401298464324817e-44, 90.00015258789062, 1.5414283107572988e-44, 119193.9453125
0:00:43.688454, 0.0, 1.401298464324817e-44, 90.00015258789062, 1.5414283107572988e-44, 119194.515625
0:00:43.801624, 0.0, 1.401298464324817e-44, 90.00015258789062, 1.5414283107572988e-44, 119195.234375
0:00:43.903475, 0.0, 1.401298464324817e-44, 90.00015258789062, 1.5414283107572988e-44, 119195.8828125
0:00:43.997950, 0.0, 1.401298464324817e-44, 90.00015258789062, 1.5414283107572988e-44, 119196.4765625
0:00:44.103589, 0.0, 1.401298464324817e-44, 90.00015258789062, 1.5414283107572988e-44, 119197.1484375
0:00:44.189607, 0.0, 1.401298464324817e-44, 90.00015258789062, 1.5414283107572988e-44, 119197.6875
0:00:44.289198, 0.0, 1.401298464324817e-44, 90.00015258789062, 1.5414283107572988e-44, 119198.3125
0:00:44.396434, 0.0, 1.401298464324817e-44, 90.00015258789062, 1.5414283107572988e-44, 119198.9921875
0:00:44.509325, 0.0, 1.401298464324817e-44, 90.00015258789062, 1.5414283107572988e-44, 119199.7109375
0:00:44.595060, 0.0, 1.401298464324817e-44, 90.00015258789062, 1.5414283107572988e-44, 119200.25
0:00:44.708947, 0.0, 1.401298464324817e-44, 90.00015258789062, 1.5414283107572988e-44, 119200.9765625
0:00:44.795553, 0.0, 1.401298464324817e-44, 90.00015258789062, 1.5414283107572988e-44, 119201.515625
0:00:44.908656, 0.0, 1.401298464324817e-44, 90.00015258789062, 1.5414283107572988e-44, 119202.2265625
0:00:45.008686, 0.0, 1.401298464324817e-44, 90.00015258789062, 1.5414283107572988e-44, 119202.859375
0:00:45.108309, 0.0, 1.401298464324817e-44, 90.00015258789062, 1.5414283107572988e-44, 119203.4921875
0:00:45.201604, 0.0, 1.401298464324817e-44, 90.00015258789062, 1.5414283107572988e-44, 119204.078125
0:00:45.309814, 0.0, 1.401298464324817e-44, 90.00015258789062, 1.5414283107572988e-44, 119204.7578125
0:00:45.403288, 0.0, 1.401298464324817e-44, 90.00015258789062, 1.5414283107572988e-44, 119205.34375
0:00:45.521125, 0.0, 1.401298464324817e-44, 90.00015258789062, 1.5414283107572988e-44, 119206.0859375
0:00:45.620354, 0.0, 1.401298464324817e-44, 90.00015258789062, 1.5414283107572988e-44, 119206.7109375
0:00:45.711653, 0.0, 1.401298464324817e-44, 90.00015258789062, 1.5414283107572988e-44, 119207.2890625
0:00:45.823590, 0.0, 1.401298464324817e-44, 90.00015258789062, 1.5414283107572988e-44, 119207.9921875
0:00:45.917343, 0.0, 1.401298464324817e-44, 90.00015258789062, 1.5414283107572988e-44, 119208.5859375
0:00:46.033343, 0.0, 1.401298464324817e-44, 90.00015258789062, 1.5414283107572988e-44, 119209.3203125
0:00:46.119699, 0.0, 1.401298464324817e-44, 90.00015258789062, 1.5414283107572988e-44, 119209.859375
0:00:46.218322, 0.0, 1.401298464324817e-44, 90.00015258789062, 1.5414283107572988e-44, 119210.484375
0:00:46.319100, 0.0, 1.401298464324817e-44, 90.00015258789062, 1.5414283107572988e-44, 119211.125
0:00:46.420614, 0.0, 1.401298464324817e-44, 90.00015258789062, 1.5414283107572988e-44, 119211.765625
0:00:46.529036, 0.0, 1.401298464324817e-44, 90.00015258789062, 1.5414283107572988e-44, 119212.453125
0:00:46.625478, 0.0, 1.401298464324817e-44, 90.00015258789062, 1.5414283107572988e-44, 119213.0625
0:00:46.733307, 0.0, 1.401298464324817e-44, 90.00015258789062, 1.5414283107572988e-44, 119213.75
0:00:46.820829, 0.0, 1.401298464324817e-44, 90.00015258789062, 1.5414283107572988e-44, 119214.3046875
0:00:46.930777, 0.0, 1.401298464324817e-44, 90.00015258789062, 1.5414283107572988e-44, 119214.9921875
0:00:47.020365, 0.0, 1.401298464324817e-44, 90.00015258789062, 1.5414283107572988e-44, 119215.5546875
0:00:47.134441, 0.0, 1.401298464324817e-44, 90.00015258789062, 1.5414283107572988e-44, 119216.2734375
0:00:47.249322, 0.0, 1.401298464324817e-44, 90.00015258789062, 1.5414283107572988e-44, 119217.0
0:00:47.332251, 0.0, 1.401298464324817e-44, 90.00015258789062, 1.5414283107572988e-44, 119217.5234375
0:00:47.419830, 0.0, 1.401298464324817e-44, 90.00015258789062, 1.5414283107572988e-44, 119218.078125
0:00:47.535766, 0.0, 1.401298464324817e-44, 90.00015258789062, 1.5414283107572988e-44, 119218.8125
0:00:47.649694, 0.0, 1.401298464324817e-44, 90.00015258789062, 1.5414283107572988e-44, 119219.5390625
0:00:47.734282, 0.0, 1.401298464324817e-44, 90.00015258789062, 1.5414283107572988e-44, 119220.078125
0:00:47.842602, 0.0, 1.401298464324817e-44, 90.00015258789062, 1.5414283107572988e-44, 119220.75
0:00:47.959647, 0.0, 1.401298464324817e-44, 90.00015258789062, 1.5414283107572988e-44, 119221.4765625
0:00:48.047091, 0.0, 1.401298464324817e-44, 90.00015258789062, 1.5414283107572988e-44, 119222.03125
0:00:48.131667, 0.0, 1.401298464324817e-44, 90.00015258789062, 1.5414283107572988e-44, 119222.5703125
0:00:48.230102, 0.0, 1.401298464324817e-44, 90.00015258789062, 1.5414283107572988e-44, 119223.1875
0:00:48.362059, 0.0, 1.401298464324817e-44, 90.00015258789062, 1.5414283107572988e-44, 119224.015625
0:00:48.460142, 0.0, 1.401298464324817e-44, 90.00015258789062, 1.5414283107572988e-44, 119224.6328125
0:00:48.555106, 0.0, 1.401298464324817e-44, 90.00015258789062, 1.5414283107572988e-44, 119225.2265625
0:00:48.665087, 0.0, 1.401298464324817e-44, 90.00015258789062, 1.5414283107572988e-44, 119225.921875
0:00:48.761245, 0.0, 1.401298464324817e-44, 90.00015258789062, 1.5414283107572988e-44, 119226.53125
0:00:48.855455, 0.0, 1.401298464324817e-44, 90.00015258789062, 1.5414283107572988e-44, 119227.1171875
0:00:48.966414, 0.0, 1.401298464324817e-44, 90.00015258789062, 1.5414283107572988e-44, 119227.8125
0:00:49.050874, 0.0, 1.401298464324817e-44, 90.00015258789062, 1.5414283107572988e-44, 119228.34375
0:00:49.151133, 0.0, 1.401298464324817e-44, 90.00015258789062, 1.5414283107572988e-44, 119228.9765625
0:00:49.271363, 0.0, 1.401298464324817e-44, 90.00015258789062, 1.5414283107572988e-44, 119229.7265625
0:00:49.343692, 0.0, 1.401298464324817e-44, 90.00015258789062, 1.5414283107572988e-44, 119230.1796875
0:00:49.470972, 0.0, 1.401298464324817e-44, 90.00015258789062, 1.5414283107572988e-44, 119230.984375
0:00:49.581010, 0.0, 1.401298464324817e-44, 90.00015258789062, 1.5414283107572988e-44, 119231.6640625
0:00:49.675670, 0.0, 1.401298464324817e-44, 90.00015258789062, 1.5414283107572988e-44, 119232.265625
0:00:49.771593, 0.0, 1.401298464324817e-44, 90.00015258789062, 1.5414283107572988e-44, 119232.875
0:00:49.862570, 0.0, 1.401298464324817e-44, 90.00015258789062, 1.5414283107572988e-44, 119233.453125
0:00:49.972153, 0.0, 1.401298464324817e-44, 90.00015258789062, 1.5414283107572988e-44, 119234.140625
0:00:50.070814, 0.0, 1.401298464324817e-44, 90.00015258789062, 1.5414283107572988e-44, 119234.765625
0:00:50.158308, 0.0, 1.401298464324817e-44, 90.00015258789062, 1.5414283107572988e-44, 119235.3203125
0:00:50.272213, 0.0, 1.401298464324817e-44, 90.00015258789062, 1.5414283107572988e-44, 119236.0390625
0:00:50.364255, 0.0, 1.401298464324817e-44, 90.00015258789062, 1.5414283107572988e-44, 119236.6171875
0:00:50.481118, 0.0, 1.401298464324817e-44, 90.00015258789062, 1.5414283107572988e-44, 119237.359375
0:00:50.674791, 0.0, 1.401298464324817e-44, 90.00015258789062, 1.5414283107572988e-44, 119238.5859375
0:00:50.770632, 0.0, 1.401298464324817e-44, 90.00015258789062, 1.5414283107572988e-44, 119239.1875
0:00:50.871447, 0.0, 1.401298464324817e-44, 90.00015258789062, 1.5414283107572988e-44, 119239.8203125
0:00:50.981346, 0.0, 1.401298464324817e-44, 90.00015258789062, 1.5414283107572988e-44, 119240.515625
0:00:51.075691, 0.0, 1.401298464324817e-44, 90.00015258789062, 1.5414283107572988e-44, 119241.109375
0:00:51.191208, 0.0, 1.401298464324817e-44, 90.00015258789062, 1.5414283107572988e-44, 119241.84375
0:00:51.288898, 0.0, 1.401298464324817e-44, 90.00015258789062, 1.5414283107572988e-44, 119242.453125
0:00:51.373686, 0.0, 1.401298464324817e-44, 90.00015258789062, 1.5414283107572988e-44, 119242.9921875
0:00:51.497276, 0.0, 1.401298464324817e-44, 90.00015258789062, 1.5414283107572988e-44, 119243.7734375
0:00:51.591592, 0.0, 1.401298464324817e-44, 90.00015258789062, 1.5414283107572988e-44, 119244.359375
0:00:51.692328, 0.0, 1.401298464324817e-44, 90.00015258789062, 1.5414283107572988e-44, 119245.0
0:00:51.782281, 0.0, 1.401298464324817e-44, 90.00015258789062, 1.5414283107572988e-44, 119245.5625
0:00:51.892437, 0.0, 1.401298464324817e-44, 90.00015258789062, 1.5414283107572988e-44, 119246.265625
0:00:51.986829, 0.0, 1.401298464324817e-44, 90.00015258789062, 1.5414283107572988e-44, 119246.859375
0:00:52.082968, 0.0, 1.401298464324817e-44, 90.00015258789062, 1.5414283107572988e-44, 119247.46875
0:00:52.183369, 0.0, 1.401298464324817e-44, 90.00015258789062, 1.5414283107572988e-44, 119248.109375
0:00:52.275756, 0.0, 1.401298464324817e-44, 90.00015258789062, 1.5414283107572988e-44, 119248.6875
0:00:52.387814, 0.0, 1.401298464324817e-44, 90.00015258789062, 1.5414283107572988e-44, 119249.3984375
0:00:52.500960, 0.0, 1.401298464324817e-44, 90.00015258789062, 1.5414283107572988e-44, 119250.125
0:00:52.587443, 0.0, 1.401298464324817e-44, 90.00015258789062, 1.5414283107572988e-44, 119250.6640625
0:00:52.699712, 0.0, 1.401298464324817e-44, 90.00015258789062, 1.5414283107572988e-44, 119251.3671875
0:00:52.809552, 0.0, 1.401298464324817e-44, 90.00015258789062, 1.5414283107572988e-44, 119252.0625
0:00:52.891015, 0.0, 1.401298464324817e-44, 90.00015258789062, 1.5414283107572988e-44, 119252.578125
0:00:53.005526, 0.0, 1.401298464324817e-44, 90.00015258789062, 1.5414283107572988e-44, 119253.3125
0:00:53.103498, 0.0, 1.401298464324817e-44, 90.00015258789062, 1.5414283107572988e-44, 119253.921875
0:00:53.196012, 0.0, 1.401298464324817e-44, 90.00015258789062, 1.5414283107572988e-44, 119254.5078125
0:00:53.312047, 0.0, 1.401298464324817e-44, 90.00015258789062, 1.5414283107572988e-44, 119255.234375
0:00:53.394754, 0.0, 1.401298464324817e-44, 90.00015258789062, 1.5414283107572988e-44, 119255.7578125
0:00:53.496695, 0.0, 1.401298464324817e-44, 90.00015258789062, 1.5414283107572988e-44, 119256.3984375
0:00:53.592835, 0.0, 1.401298464324817e-44, 90.00015258789062, 1.5414283107572988e-44, 119257.0
0:00:53.710033, 0.0, 1.401298464324817e-44, 90.00015258789062, 1.5414283107572988e-44, 119257.734375
0:00:53.798931, 0.0, 1.401298464324817e-44, 90.00015258789062, 1.5414283107572988e-44, 119258.296875
0:00:53.912499, 0.0, 1.401298464324817e-44, 90.00015258789062, 1.5414283107572988e-44, 119259.015625
0:00:54.005584, 0.0, 1.401298464324817e-44, 90.00015258789062, 1.5414283107572988e-44, 119259.609375
0:00:54.101370, 0.0, 1.401298464324817e-44, 90.00015258789062, 1.5414283107572988e-44, 119260.2109375
0:00:54.210371, 0.0, 1.401298464324817e-44, 90.00015258789062, 1.5414283107572988e-44, 119260.890625
0:00:54.295381, 0.0, 1.401298464324817e-44, 90.00015258789062, 1.5414283107572988e-44, 119261.4296875
0:00:54.412444, 0.0, 1.401298464324817e-44, 90.00015258789062, 1.5414283107572988e-44, 119262.171875
0:00:54.521771, 0.0, 1.401298464324817e-44, 90.00015258789062, 1.5414283107572988e-44, 119262.859375
0:00:54.628980, 0.0, 1.401298464324817e-44, 90.00015258789062, 1.5414283107572988e-44, 119263.53125
0:00:54.719323, 0.0, 1.401298464324817e-44, 90.00015258789062, 1.5414283107572988e-44, 119264.1015625
0:00:54.829214, 0.0, 1.401298464324817e-44, 90.00015258789062, 1.5414283107572988e-44, 119264.796875
0:00:54.917999, 0.0, 1.401298464324817e-44, 90.00015258789062, 1.5414283107572988e-44, 119265.3671875
0:00:55.012519, 0.0, 1.401298464324817e-44, 90.00015258789062, 1.5414283107572988e-44, 119265.9609375
0:00:55.110245, 0.0, 1.401298464324817e-44, 90.00015258789062, 1.5414283107572988e-44, 119266.578125
0:00:55.218649, 0.0, 1.401298464324817e-44, 90.00015258789062, 1.5414283107572988e-44, 119267.265625
0:00:55.306172, 0.0, 1.401298464324817e-44, 90.00015258789062, 1.5414283107572988e-44, 119267.8203125
0:00:55.423115, 0.0, 1.401298464324817e-44, 90.00015258789062, 1.5414283107572988e-44, 119268.5625
0:00:55.528528, 0.0, 1.401298464324817e-44, 90.00015258789062, 1.5414283107572988e-44, 119269.2265625
0:00:55.614169, 0.0, 1.401298464324817e-44, 90.00015258789062, 1.5414283107572988e-44, 119269.765625
0:00:55.730980, 0.0, 1.401298464324817e-44, 90.00015258789062, 1.5414283107572988e-44, 119270.5
0:00:55.817495, 0.0, 1.401298464324817e-44, 90.00015258789062, 1.5414283107572988e-44, 119271.0546875
0:00:55.924843, 0.0, 1.401298464324817e-44, 90.00015258789062, 1.5414283107572988e-44, 119271.7265625
0:00:56.022399, 0.0, 1.401298464324817e-44, 90.00015258789062, 1.5414283107572988e-44, 119272.34375
0:00:56.114453, 0.0, 1.401298464324817e-44, 90.00015258789062, 1.5414283107572988e-44, 119272.9296875
0:00:56.231077, 0.0, 1.401298464324817e-44, 90.00015258789062, 1.5414283107572988e-44, 119273.6640625
0:00:56.343581, 0.0, 1.401298464324817e-44, 90.00015258789062, 1.5414283107572988e-44, 119274.375
0:00:56.444084, 0.0, 1.401298464324817e-44, 90.00015258789062, 1.5414283107572988e-44, 119275.015625
0:00:56.543518, 0.0, 1.401298464324817e-44, 90.00015258789062, 1.5414283107572988e-44, 119275.6328125
0:00:56.631016, 0.0, 1.401298464324817e-44, 90.00015258789062, 1.5414283107572988e-44, 119276.1875
0:00:56.743978, 0.0, 1.401298464324817e-44, 90.00015258789062, 1.5414283107572988e-44, 119276.8984375
0:00:56.856072, 0.0, 1.401298464324817e-44, 90.00015258789062, 1.5414283107572988e-44, 119277.6015625
0:00:56.952973, 0.0, 1.401298464324817e-44, 90.00015258789062, 1.5414283107572988e-44, 119278.2109375
0:00:57.046170, 0.0, 1.401298464324817e-44, 90.00015258789062, 1.5414283107572988e-44, 119278.796875
0:00:57.159782, 0.0, 1.401298464324817e-44, 90.00015258789062, 1.5414283107572988e-44, 119279.515625
0:00:57.243318, 0.0, 1.401298464324817e-44, 90.00015258789062, 1.5414283107572988e-44, 119280.046875
0:00:57.337352, 0.0, 1.401298464324817e-44, 90.00015258789062, 1.5414283107572988e-44, 119280.640625
0:00:57.453614, 0.0, 1.401298464324817e-44, 90.00015258789062, 1.5414283107572988e-44, 119281.375
0:00:57.541112, 0.0, 1.401298464324817e-44, 90.00015258789062, 1.5414283107572988e-44, 119281.9296875
0:00:57.650828, 0.0, 1.401298464324817e-44, 90.00015258789062, 1.5414283107572988e-44, 119282.625
0:00:57.736477, 0.0, 1.401298464324817e-44, 90.00015258789062, 1.5414283107572988e-44, 119283.1640625
0:00:57.851542, 0.0, 1.401298464324817e-44, 90.00015258789062, 1.5414283107572988e-44, 119283.890625
0:00:57.966544, 0.0, 1.401298464324817e-44, 90.00015258789062, 1.5414283107572988e-44, 119284.625
0:00:58.053051, 0.0, 1.401298464324817e-44, 90.00015258789062, 1.5414283107572988e-44, 119285.171875
0:00:58.153749, 0.0, 1.401298464324817e-44, 90.00015258789062, 1.5414283107572988e-44, 119285.8046875
0:00:58.254406, 0.0, 1.401298464324817e-44, 90.00015258789062, 1.5414283107572988e-44, 119286.4375
0:00:58.336379, 0.0, 1.401298464324817e-44, 90.00015258789062, 1.5414283107572988e-44, 119286.953125
0:00:58.448449, 0.0, 1.401298464324817e-44, 90.00015258789062, 1.5414283107572988e-44, 119287.65625
0:00:58.573513, 0.0, 1.401298464324817e-44, 90.00015258789062, 1.5414283107572988e-44, 119288.4375
0:00:58.644971, 0.0, 1.401298464324817e-44, 90.00015258789062, 1.5414283107572988e-44, 119288.890625
0:00:58.743627, 0.0, 1.401298464324817e-44, 90.00015258789062, 1.5414283107572988e-44, 119289.5078125
0:00:58.865245, 0.0, 1.401298464324817e-44, 90.00015258789062, 1.5414283107572988e-44, 119290.2734375
0:00:58.964569, 0.0, 1.401298464324817e-44, 90.00015258789062, 1.5414283107572988e-44, 119290.8984375
0:00:59.072772, 0.0, 1.401298464324817e-44, 90.00015258789062, 1.5414283107572988e-44, 119291.578125
0:00:59.158882, 0.0, 1.401298464324817e-44, 90.00015258789062, 1.5414283107572988e-44, 119292.125
0:00:59.269727, 0.0, 1.401298464324817e-44, 90.00015258789062, 1.5414283107572988e-44, 119292.828125
0:00:59.356279, 0.0, 1.401298464324817e-44, 90.00015258789062, 1.5414283107572988e-44, 119293.3828125
0:00:59.479203, 0.0, 1.401298464324817e-44, 90.00015258789062, 1.5414283107572988e-44, 119294.15625
0:00:59.571788, 0.0, 1.401298464324817e-44, 90.00015258789062, 1.5414283107572988e-44, 119294.734375
0:00:59.684167, 0.0, 1.401298464324817e-44, 90.00015258789062, 1.5414283107572988e-44, 119295.4453125
0:00:59.784026, 0.0, 1.401298464324817e-44, 90.00015258789062, 1.5414283107572988e-44, 119296.0703125
0:00:59.876502, 0.0, 1.401298464324817e-44, 90.00015258789062, 1.5414283107572988e-44, 119296.6484375
0:00:59.975115, 0.0, 1.401298464324817e-44, 90.00015258789062, 1.5414283107572988e-44, 119297.265625
0:01:00.075200, 0.0, 1.401298464324817e-44, 90.00015258789062, 1.5414283107572988e-44, 119297.890625
0:01:00.187612, 0.0, 1.401298464324817e-44, 90.00015258789062, 1.5414283107572988e-44, 119298.6015625
0:01:00.275160, 0.0, 1.401298464324817e-44, 90.00015258789062, 1.5414283107572988e-44, 119299.140625
0:01:00.386613, 0.0, 1.401298464324817e-44, 90.00015258789062, 1.5414283107572988e-44, 119299.84375
0:01:00.472765, 0.0, 1.401298464324817e-44, 90.00015258789062, 1.5414283107572988e-44, 119300.390625
0:01:00.582239, 0.0, 1.401298464324817e-44, 90.00015258789062, 1.5414283107572988e-44, 119301.078125
0:01:00.666542, 0.0, 1.401298464324817e-44, 90.00015258789062, 1.5414283107572988e-44, 119301.609375
0:01:00.776233, 0.0, 1.401298464324817e-44, 90.00015258789062, 1.5414283107572988e-44, 119302.3125
0:01:00.871765, 0.0, 1.401298464324817e-44, 90.00015258789062, 1.5414283107572988e-44, 119302.9140625
0:01:00.986609, 0.0, 1.401298464324817e-44, 90.00015258789062, 1.5414283107572988e-44, 119303.6484375
0:01:01.084212, 0.0, 1.401298464324817e-44, 90.00015258789062, 1.5414283107572988e-44, 119304.265625
0:01:01.196232, 0.0, 1.401298464324817e-44, 90.00015258789062, 1.5414283107572988e-44, 119304.96875
0:01:01.284695, 0.0, 1.401298464324817e-44, 90.00015258789062, 1.5414283107572988e-44, 119305.5234375
0:01:01.385459, 0.0, 1.401298464324817e-44, 90.00015258789062, 1.5414283107572988e-44, 119306.15625
0:01:01.477235, 0.0, 1.401298464324817e-44, 90.00015258789062, 1.5414283107572988e-44, 119306.734375
0:01:01.591194, 0.0, 1.401298464324817e-44, 90.00015258789062, 1.5414283107572988e-44, 119307.453125
0:01:01.673081, 0.0, 1.401298464324817e-44, 90.00015258789062, 1.5414283107572988e-44, 119307.96875
0:01:01.786103, 0.0, 1.401298464324817e-44, 90.00015258789062, 1.5414283107572988e-44, 119308.6796875
0:01:01.898279, 0.0, 1.401298464324817e-44, 90.00015258789062, 1.5414283107572988e-44, 119309.375
0:01:01.991743, 0.0, 1.401298464324817e-44, 90.00015258789062, 1.5414283107572988e-44, 119309.9609375
0:01:02.077122, 0.0, 1.401298464324817e-44, 90.00015258789062, 1.5414283107572988e-44, 119310.5
0:01:02.184652, 0.0, 1.401298464324817e-44, 90.00015258789062, 1.5414283107572988e-44, 119311.1796875
0:01:02.311090, 0.0, 1.401298464324817e-44, 90.00015258789062, 1.5414283107572988e-44, 119311.984375
0:01:02.406589, 0.0, 1.401298464324817e-44, 90.00015258789062, 1.5414283107572988e-44, 119312.5859375
0:01:02.507588, 0.0, 1.401298464324817e-44, 90.00015258789062, 1.5414283107572988e-44, 119313.2265625
0:01:02.606986, 0.0, 1.401298464324817e-44, 90.00015258789062, 1.5414283107572988e-44, 119313.8515625
0:01:02.705615, 0.0, 1.401298464324817e-44, 90.00015258789062, 1.5414283107572988e-44, 119314.4765625
0:01:02.798418, 0.0, 1.401298464324817e-44, 90.00015258789062, 1.5414283107572988e-44, 119315.0625
0:01:02.913784, 0.0, 1.401298464324817e-44, 90.00015258789062, 1.5414283107572988e-44, 119315.7890625
0:01:03.000986, 0.0, 1.401298464324817e-44, 90.00015258789062, 1.5414283107572988e-44, 119316.34375
0:01:03.105237, 0.0, 1.401298464324817e-44, 90.00015258789062, 1.5414283107572988e-44, 119317.0
0:01:03.192763, 0.0, 1.401298464324817e-44, 90.00015258789062, 1.5414283107572988e-44, 119317.5546875
0:01:03.305768, 0.0, 1.401298464324817e-44, 90.00015258789062, 1.5414283107572988e-44, 119318.2734375
0:01:03.416243, 0.0, 1.401298464324817e-44, 90.00015258789062, 1.5414283107572988e-44, 119318.9765625
0:01:03.527301, 0.0, 1.401298464324817e-44, 90.00015258789062, 1.5414283107572988e-44, 119319.6796875
0:01:03.628636, 0.0, 1.401298464324817e-44, 90.00015258789062, 1.5414283107572988e-44, 119320.3046875
0:01:03.726905, 0.0, 1.401298464324817e-44, 90.00015258789062, 1.5414283107572988e-44, 119320.921875
0:01:03.811466, 0.0, 1.401298464324817e-44, 90.00015258789062, 1.5414283107572988e-44, 119321.4609375
0:01:03.918980, 0.0, 1.401298464324817e-44, 90.00015258789062, 1.5414283107572988e-44, 119322.1328125
0:01:04.029378, 0.0, 1.401298464324817e-44, 90.00015258789062, 1.5414283107572988e-44, 119322.8203125
0:01:04.115822, 0.0, 1.401298464324817e-44, 90.00015258789062, 1.5414283107572988e-44, 119323.3671875
0:01:04.215474, 0.0, 1.401298464324817e-44, 90.00015258789062, 1.5414283107572988e-44, 119324.0
0:01:04.333875, 0.0, 1.401298464324817e-44, 90.00015258789062, 1.5414283107572988e-44, 119324.75
0:01:04.422688, 0.0, 1.401298464324817e-44, 90.00015258789062, 1.5414283107572988e-44, 119325.3125
0:01:04.534443, 0.0, 1.401298464324817e-44, 90.00015258789062, 1.5414283107572988e-44, 119326.0234375
0:01:04.639848, 0.0, 1.401298464324817e-44, 90.00015258789062, 1.5414283107572988e-44, 119326.6796875
0:01:04.720751, 0.0, 1.401298464324817e-44, 90.00015258789062, 1.5414283107572988e-44, 119327.1875
0:01:04.835752, 0.0, 1.401298464324817e-44, 90.00015258789062, 1.5414283107572988e-44, 119327.90625
0:01:04.922360, 0.0, 1.401298464324817e-44, 90.00015258789062, 1.5414283107572988e-44, 119328.453125
0:01:05.034185, 0.0, 1.401298464324817e-44, 90.00015258789062, 1.5414283107572988e-44, 119329.15625
0:01:05.141664, 0.0, 1.401298464324817e-44, 90.00015258789062, 1.5414283107572988e-44, 119329.8359375
0:01:05.228107, 0.0, 1.401298464324817e-44, 90.00015258789062, 1.5414283107572988e-44, 119330.390625
0:01:05.324167, 0.0, 1.401298464324817e-44, 90.00015258789062, 1.5414283107572988e-44, 119331.0
0:01:05.431444, 0.0, 1.401298464324817e-44, 90.00015258789062, 1.5414283107572988e-44, 119331.6796875
0:01:05.551553, 0.0, 1.401298464324817e-44, 90.00015258789062, 1.5414283107572988e-44, 119332.4296875
0:01:05.649274, 0.0, 1.401298464324817e-44, 90.00015258789062, 1.5414283107572988e-44, 119333.046875
0:01:05.746852, 0.0, 1.401298464324817e-44, 90.00015258789062, 1.5414283107572988e-44, 119333.65625
0:01:05.829423, 0.0, 1.401298464324817e-44, 90.00015258789062, 1.5414283107572988e-44, 119334.1875
0:01:05.951431, 0.0, 1.401298464324817e-44, 90.00015258789062, 1.5414283107572988e-44, 119334.9609375
0:01:06.047748, 0.0, 1.401298464324817e-44, 90.00015258789062, 1.5414283107572988e-44, 119335.5625
0:01:06.146504, 0.0, 1.401298464324817e-44, 90.00015258789062, 1.5414283107572988e-44, 119336.1875
0:01:06.259424, 0.0, 1.401298464324817e-44, 90.00015258789062, 1.5414283107572988e-44, 119336.90625
0:01:06.340546, 0.0, 1.401298464324817e-44, 90.00015258789062, 1.5414283107572988e-44, 119337.4296875
0:01:06.438507, 0.0, 1.401298464324817e-44, 90.00015258789062, 1.5414283107572988e-44, 119338.046875
0:01:06.535995, 0.0, 1.401298464324817e-44, 90.00015258789062, 1.5414283107572988e-44, 119338.6640625
0:01:06.635595, 0.0, 1.401298464324817e-44, 90.00015258789062, 1.5414283107572988e-44, 119339.296875
0:01:06.749577, 0.0, 1.401298464324817e-44, 90.00015258789062, 1.5414283107572988e-44, 119340.015625
0:01:06.863808, 0.0, 1.401298464324817e-44, 90.00015258789062, 1.5414283107572988e-44, 119340.7265625
0:01:06.951061, 0.0, 1.401298464324817e-44, 90.00015258789062, 1.5414283107572988e-44, 119341.28125
0:01:07.064528, 0.0, 1.401298464324817e-44, 90.00015258789062, 1.5414283107572988e-44, 119342.0
0:01:07.150072, 0.0, 1.401298464324817e-44, 90.00015258789062, 1.5414283107572988e-44, 119342.546875
0:01:07.267986, 0.0, 1.401298464324817e-44, 90.00015258789062, 1.5414283107572988e-44, 119343.28125
0:01:07.357494, 0.0, 1.401298464324817e-44, 90.00015258789062, 1.5414283107572988e-44, 119343.8515625
0:01:07.453950, 0.0, 1.401298464324817e-44, 90.00015258789062, 1.5414283107572988e-44, 119344.4609375
0:01:07.572153, 0.0, 1.401298464324817e-44, 90.00015258789062, 1.5414283107572988e-44, 119345.203125
0:01:07.655462, 0.0, 1.401298464324817e-44, 90.00015258789062, 1.5414283107572988e-44, 119345.734375
0:01:07.769588, 0.0, 1.401298464324817e-44, 90.00015258789062, 1.5414283107572988e-44, 119346.453125
0:01:07.846318, 0.0, 1.401298464324817e-44, 90.00015258789062, 1.5414283107572988e-44, 119346.9375
0:01:07.958311, 0.0, 1.401298464324817e-44, 90.00015258789062, 1.5414283107572988e-44, 119347.640625
0:01:08.073364, 0.0, 1.401298464324817e-44, 90.00015258789062, 1.5414283107572988e-44, 119348.3671875
0:01:08.168205, 0.0, 1.401298464324817e-44, 90.00015258789062, 1.5414283107572988e-44, 119348.96875
0:01:08.255845, 0.0, 1.401298464324817e-44, 90.00015258789062, 1.5414283107572988e-44, 119349.5234375
0:01:08.382053, 0.0, 1.401298464324817e-44, 90.00015258789062, 1.5414283107572988e-44, 119350.3203125
0:01:08.467486, 0.0, 1.401298464324817e-44, 90.00015258789062, 1.5414283107572988e-44, 119350.859375
0:01:08.580738, 0.0, 1.401298464324817e-44, 90.00015258789062, 1.5414283107572988e-44, 119351.5703125
0:01:08.669252, 0.0, 1.401298464324817e-44, 90.00015258789062, 1.5414283107572988e-44, 119352.1171875
0:01:08.767529, 0.0, 1.401298464324817e-44, 90.00015258789062, 1.5414283107572988e-44, 119352.734375
0:01:08.880579, 0.0, 1.401298464324817e-44, 90.00015258789062, 1.5414283107572988e-44, 119353.4453125
0:01:08.967613, 0.0, 1.401298464324817e-44, 90.00015258789062, 1.5414283107572988e-44, 119353.9921875
0:01:09.067872, 0.0, 1.401298464324817e-44, 90.00015258789062, 1.5414283107572988e-44, 119354.625
0:01:09.168580, 0.0, 1.401298464324817e-44, 90.00015258789062, 1.5414283107572988e-44, 119355.2578125
0:01:09.281587, 0.0, 1.401298464324817e-44, 90.00015258789062, 1.5414283107572988e-44, 119355.9609375
0:01:09.368182, 0.0, 1.401298464324817e-44, 90.00015258789062, 1.5414283107572988e-44, 119356.5078125
0:01:09.467621, 0.0, 1.401298464324817e-44, 90.00015258789062, 1.5414283107572988e-44, 119357.140625
0:01:09.584552, 0.0, 1.401298464324817e-44, 90.00015258789062, 1.5414283107572988e-44, 119357.875
0:01:09.670212, 0.0, 1.401298464324817e-44, 90.00015258789062, 1.5414283107572988e-44, 119358.4140625
0:01:09.783327, 0.0, 1.401298464324817e-44, 90.00015258789062, 1.5414283107572988e-44, 119359.1328125
0:01:09.876517, 0.0, 1.401298464324817e-44, 90.00015258789062, 1.5414283107572988e-44, 119359.7265625
0:01:09.992617, 0.0, 1.401298464324817e-44, 90.00015258789062, 1.5414283107572988e-44, 119360.4609375
0:01:10.078254, 0.0, 1.401298464324817e-44, 90.00015258789062, 1.5414283107572988e-44, 119361.0
0:01:10.178964, 0.0, 1.401298464324817e-44, 90.00015258789062, 1.5414283107572988e-44, 119361.640625
0:01:10.293097, 0.0, 1.401298464324817e-44, 90.00015258789062, 1.5414283107572988e-44, 119362.3671875
0:01:10.376375, 0.0, 1.401298464324817e-44, 90.00015258789062, 1.5414283107572988e-44, 119362.890625
0:01:10.483603, 0.0, 1.401298464324817e-44, 90.00015258789062, 1.5414283107572988e-44, 119363.5625
0:01:10.579899, 0.0, 1.401298464324817e-44, 90.00015258789062, 1.5414283107572988e-44, 119364.171875
0:01:10.679699, 0.0, 1.401298464324817e-44, 90.00015258789062, 1.5414283107572988e-44, 119364.796875
0:01:10.799022, 0.0, 1.401298464324817e-44, 90.00015258789062, 1.5414283107572988e-44, 119365.546875
0:01:10.898963, 0.0, 1.401298464324817e-44, 90.00015258789062, 1.5414283107572988e-44, 119366.171875
0:01:10.986484, 0.0, 1.401298464324817e-44, 90.00015258789062, 1.5414283107572988e-44, 119366.7265625
0:01:11.098667, 0.0, 1.401298464324817e-44, 90.00015258789062, 1.5414283107572988e-44, 119367.4296875
0:01:11.180551, 0.0, 1.401298464324817e-44, 90.00015258789062, 1.5414283107572988e-44, 119367.9453125
0:01:11.293536, 0.0, 1.401298464324817e-44, 90.00015258789062, 1.5414283107572988e-44, 119368.6484375
0:01:11.408129, 0.0, 1.401298464324817e-44, 90.00015258789062, 1.5414283107572988e-44, 119369.375
0:01:11.490224, 0.0, 1.401298464324817e-44, 90.00015258789062, 1.5414283107572988e-44, 119369.8984375
0:01:11.604944, 0.0, 1.401298464324817e-44, 90.00015258789062, 1.5414283107572988e-44, 119370.6171875
0:01:11.699474, 0.0, 1.401298464324817e-44, 90.00015258789062, 1.5414283107572988e-44, 119371.21875
0:01:11.816859, 0.0, 1.401298464324817e-44, 90.00015258789062, 1.5414283107572988e-44, 119371.953125
0:01:11.894901, 0.0, 1.401298464324817e-44, 90.00015258789062, 1.5414283107572988e-44, 119372.453125
0:01:12.011116, 0.0, 1.401298464324817e-44, 90.00015258789062, 1.5414283107572988e-44, 119373.1875
0:01:12.093172, 0.0, 1.401298464324817e-44, 90.00015258789062, 1.5414283107572988e-44, 119373.703125
0:01:12.204071, 0.0, 1.401298464324817e-44, 90.00015258789062, 1.5414283107572988e-44, 119374.40625
0:01:12.302216, 0.0, 1.401298464324817e-44, 90.00015258789062, 1.5414283107572988e-44, 119375.03125
0:01:12.399988, 0.0, 1.401298464324817e-44, 90.00015258789062, 1.5414283107572988e-44, 119375.640625
0:01:12.514003, 0.0, 1.401298464324817e-44, 90.00015258789062, 1.5414283107572988e-44, 119376.3671875
0:01:12.610484, 0.0, 1.401298464324817e-44, 90.00015258789062, 1.5414283107572988e-44, 119376.9765625
0:01:12.703874, 0.0, 1.401298464324817e-44, 90.00015258789062, 1.5414283107572988e-44, 119377.5703125
0:01:12.825975, 0.0, 1.401298464324817e-44, 90.00015258789062, 1.5414283107572988e-44, 119378.3359375
0:01:12.912517, 0.0, 1.401298464324817e-44, 90.00015258789062, 1.5414283107572988e-44, 119378.890625
0:01:13.025293, 0.0, 1.401298464324817e-44, 90.00015258789062, 1.5414283107572988e-44, 119379.59375
0:01:13.111701, 0.0, 1.401298464324817e-44, 90.00015258789062, 1.5414283107572988e-44, 119380.1484375
0:01:13.206163, 0.0, 1.401298464324817e-44, 90.00015258789062, 1.5414283107572988e-44, 119380.75
0:01:13.320473, 0.0, 1.401298464324817e-44, 90.00015258789062, 1.5414283107572988e-44, 119381.46875
0:01:13.429388, 0.0, 1.401298464324817e-44, 90.00015258789062, 1.5414283107572988e-44, 119382.1484375
0:01:13.529588, 0.0, 1.401298464324817e-44, 90.00015258789062, 1.5414283107572988e-44, 119382.7734375
0:01:13.630222, 0.0, 1.401298464324817e-44, 90.00015258789062, 1.5414283107572988e-44, 119383.40625
0:01:13.730759, 0.0, 1.401298464324817e-44, 90.00015258789062, 1.5414283107572988e-44, 119384.0390625
0:01:13.818094, 0.0, 1.401298464324817e-44, 90.00015258789062, 1.5414283107572988e-44, 119384.5859375
0:01:13.931953, 0.0, 1.401298464324817e-44, 90.00015258789062, 1.5414283107572988e-44, 119385.3046875
0:01:14.029736, 0.0, 1.401298464324817e-44, 90.00015258789062, 1.5414283107572988e-44, 119385.921875
0:01:14.121717, 0.0, 1.401298464324817e-44, 90.00015258789062, 1.5414283107572988e-44, 119386.5
0:01:14.230591, 0.0, 1.401298464324817e-44, 90.00015258789062, 1.5414283107572988e-44, 119387.1796875
0:01:14.328292, 0.0, 1.401298464324817e-44, 90.00015258789062, 1.5414283107572988e-44, 119387.7890625
0:01:14.436142, 0.0, 1.401298464324817e-44, 90.00015258789062, 1.5414283107572988e-44, 119388.4765625
0:01:14.549993, 0.0, 1.401298464324817e-44, 90.00015258789062, 1.5414283107572988e-44, 119389.1953125
0:01:14.634534, 0.0, 1.401298464324817e-44, 90.00015258789062, 1.5414283107572988e-44, 119389.7265625
0:01:14.731180, 0.0, 1.401298464324817e-44, 90.00015258789062, 1.5414283107572988e-44, 119390.3359375
0:01:14.851255, 0.0, 1.401298464324817e-44, 90.00015258789062, 1.5414283107572988e-44, 119391.09375
0:01:14.937558, 0.0, 1.401298464324817e-44, 90.00015258789062, 1.5414283107572988e-44, 119391.6484375
0:01:15.025112, 0.0, 1.401298464324817e-44, 90.00015258789062, 1.5414283107572988e-44, 119392.203125
0:01:15.140120, 0.0, 1.401298464324817e-44, 90.00015258789062, 1.5414283107572988e-44, 119392.9375
0:01:15.250360, 0.0, 1.401298464324817e-44, 90.00015258789062, 1.5414283107572988e-44, 119393.6328125
0:01:15.350715, 0.0, 1.401298464324817e-44, 90.00015258789062, 1.5414283107572988e-44, 119394.265625
0:01:15.442268, 0.0, 1.401298464324817e-44, 90.00015258789062, 1.5414283107572988e-44, 119394.8515625
0:01:15.554166, 0.0, 1.401298464324817e-44, 90.00015258789062, 1.5414283107572988e-44, 119395.5546875
0:01:15.640694, 0.0, 1.401298464324817e-44, 90.00015258789062, 1.5414283107572988e-44, 119396.1015625
0:01:15.733518, 0.0, 1.401298464324817e-44, 90.00015258789062, 1.5414283107572988e-44, 119396.6875
0:01:15.844266, 0.0, 1.401298464324817e-44, 90.00015258789062, 1.5414283107572988e-44, 119397.3828125
0:01:15.958245, 0.0, 1.401298464324817e-44, 90.00015258789062, 1.5414283107572988e-44, 119398.1015625
0:01:16.043825, 0.0, 1.401298464324817e-44, 90.00015258789062, 1.5414283107572988e-44, 119398.640625
0:01:16.141687, 0.0, 1.401298464324817e-44, 90.00015258789062, 1.5414283107572988e-44, 119399.2578125
0:01:16.241211, 0.0, 1.401298464324817e-44, 90.00015258789062, 1.5414283107572988e-44, 119399.8828125
0:01:16.355263, 0.0, 1.401298464324817e-44, 90.00015258789062, 1.5414283107572988e-44, 119400.609375
0:01:16.440686, 0.0, 1.401298464324817e-44, 90.00015258789062, 1.5414283107572988e-44, 119401.1484375
0:01:16.572580, 0.0, 1.401298464324817e-44, 90.00015258789062, 1.5414283107572988e-44, 119401.984375
0:01:16.670618, 0.0, 1.401298464324817e-44, 90.00015258789062, 1.5414283107572988e-44, 119402.6015625
0:01:16.770746, 0.0, 1.401298464324817e-44, 90.00015258789062, 1.5414283107572988e-44, 119403.234375
0:01:16.854378, 0.0, 1.401298464324817e-44, 90.00015258789062, 1.5414283107572988e-44, 119403.7734375
0:01:16.948622, 0.0, 1.401298464324817e-44, 90.00015258789062, 1.5414283107572988e-44, 119404.375
0:01:17.062668, 0.0, 1.401298464324817e-44, 90.00015258789062, 1.5414283107572988e-44, 119405.09375
0:01:17.160949, 0.0, 1.401298464324817e-44, 90.00015258789062, 1.5414283107572988e-44, 119405.7109375
0:01:17.255015, 0.0, 1.401298464324817e-44, 90.00015258789062, 1.5414283107572988e-44, 119406.3046875
0:01:17.372106, 0.0, 1.401298464324817e-44, 90.00015258789062, 1.5414283107572988e-44, 119407.0390625
0:01:17.460546, 0.0, 1.401298464324817e-44, 90.00015258789062, 1.5414283107572988e-44, 119407.59375
0:01:17.574600, 0.0, 1.401298464324817e-44, 90.00015258789062, 1.5414283107572988e-44, 119408.3125
0:01:17.652186, 0.0, 1.401298464324817e-44, 90.00015258789062, 1.5414283107572988e-44, 119408.8125
0:01:17.761437, 0.0, 1.401298464324817e-44, 90.00015258789062, 1.5414283107572988e-44, 119409.5
0:01:17.882337, 0.0, 1.401298464324817e-44, 90.00015258789062, 1.5414283107572988e-44, 119410.265625
0:01:17.977646, 0.0, 1.401298464324817e-44, 90.00015258789062, 1.5414283107572988e-44, 119410.875
0:01:18.063288, 0.0, 1.401298464324817e-44, 90.00015258789062, 1.5414283107572988e-44, 119411.40625
0:01:18.178353, 0.0, 1.401298464324817e-44, 90.00015258789062, 1.5414283107572988e-44, 119412.1328125
0:01:18.264828, 0.0, 1.401298464324817e-44, 90.00015258789062, 1.5414283107572988e-44, 119412.6796875
0:01:18.363707, 0.0, 1.401298464324817e-44, 90.00015258789062, 1.5414283107572988e-44, 119413.296875
0:01:18.475827, 0.0, 1.401298464324817e-44, 90.00015258789062, 1.5414283107572988e-44, 119414.0
0:01:18.573187, 0.0, 1.401298464324817e-44, 90.00015258789062, 1.5414283107572988e-44, 119414.6015625
0:01:18.684645, 0.0, 1.401298464324817e-44, 90.00015258789062, 1.5414283107572988e-44, 119415.3046875
0:01:18.771197, 0.0, 1.401298464324817e-44, 90.00015258789062, 1.5414283107572988e-44, 119415.859375
0:01:18.884819, 0.0, 1.401298464324817e-44, 90.00015258789062, 1.5414283107572988e-44, 119416.5703125
0:01:18.982985, 0.0, 1.401298464324817e-44, 90.00015258789062, 1.5414283107572988e-44, 119417.1953125
0:01:19.092959, 0.0, 1.401298464324817e-44, 90.00015258789062, 1.5414283107572988e-44, 119417.890625
0:01:19.183515, 0.0, 1.401298464324817e-44, 90.00015258789062, 1.5414283107572988e-44, 119418.453125
0:01:19.298542, 0.0, 1.401298464324817e-44, 90.00015258789062, 1.5414283107572988e-44, 119419.1875
0:01:19.383186, 0.0, 1.401298464324817e-44, 90.00015258789062, 1.5414283107572988e-44, 119419.7109375
0:01:19.494437, 0.0, 1.401298464324817e-44, 90.00015258789062, 1.5414283107572988e-44, 119420.40625
0:01:19.591312, 0.0, 1.401298464324817e-44, 90.00015258789062, 1.5414283107572988e-44, 119421.015625
0:01:19.691786, 0.0, 1.401298464324817e-44, 90.00015258789062, 1.5414283107572988e-44, 119421.65625
0:01:19.792489, 0.0, 1.401298464324817e-44, 90.00015258789062, 1.5414283107572988e-44, 119422.2890625
0:01:19.907639, 0.0, 1.401298464324817e-44, 90.00015258789062, 1.5414283107572988e-44, 119423.015625
0:01:20.004225, 0.0, 1.401298464324817e-44, 90.00015258789062, 1.5414283107572988e-44, 119423.625
0:01:20.101697, 0.0, 1.401298464324817e-44, 90.00015258789062, 1.5414283107572988e-44, 119424.2421875
0:01:20.196814, 0.0, 1.401298464324817e-44, 90.00015258789062, 1.5414283107572988e-44, 119424.8359375
0:01:20.304325, 0.0, 1.401298464324817e-44, 90.00015258789062, 1.5414283107572988e-44, 119425.5078125
0:01:20.384086, 0.0, 1.401298464324817e-44, 90.00015258789062, 1.5414283107572988e-44, 119426.0078125
0:01:20.492417, 0.0, 1.401298464324817e-44, 90.00015258789062, 1.5414283107572988e-44, 119426.6875
0:01:20.607322, 0.0, 1.401298464324817e-44, 90.00015258789062, 1.5414283107572988e-44, 119427.4140625
0:01:20.689656, 0.0, 1.401298464324817e-44, 90.00015258789062, 1.5414283107572988e-44, 119427.9296875
0:01:20.804763, 0.0, 1.401298464324817e-44, 90.00015258789062, 1.5414283107572988e-44, 119428.6640625
0:01:20.899598, 0.0, 1.401298464324817e-44, 90.00015258789062, 1.5414283107572988e-44, 119429.265625
0:01:21.011702, 0.0, 1.401298464324817e-44, 90.00015258789062, 1.5414283107572988e-44, 119429.9765625
0:01:21.103740, 0.0, 1.401298464324817e-44, 90.00015258789062, 1.5414283107572988e-44, 119430.5546875
0:01:21.209996, 0.0, 1.401298464324817e-44, 90.00015258789062, 1.5414283107572988e-44, 119431.2265625
0:01:21.294552, 0.0, 1.401298464324817e-44, 90.00015258789062, 1.5414283107572988e-44, 119431.765625
0:01:21.403998, 0.0, 1.401298464324817e-44, 90.00015258789062, 1.5414283107572988e-44, 119432.4453125
