Time, Frequency, Amplitude, Offset, PhaseShift, Phase
0:00:00.072453, 0.0, 1.5414283107572988e-44, 90.00016784667969, 1.5414283107572988e-44, 118919.53125
0:00:00.199561, 0.0, 1.5414283107572988e-44, 90.00016784667969, 1.5414283107572988e-44, 118920.3359375
0:00:00.285155, 0.0, 1.5414283107572988e-44, 90.00016784667969, 1.5414283107572988e-44, 118920.875
0:00:00.398088, 0.0, 1.5414283107572988e-44, 90.00016784667969, 1.5414283107572988e-44, 118921.5859375
0:00:00.483716, 0.0, 1.5414283107572988e-44, 90.00016784667969, 1.5414283107572988e-44, 118922.125
0:00:00.591978, 0.0, 1.5414283107572988e-44, 90.00016784667969, 1.5414283107572988e-44, 118922.8046875
0:00:00.686171, 0.0, 1.5414283107572988e-44, 90.00016784667969, 1.5414283107572988e-44, 118923.40625
0:00:00.782924, 0.0, 1.5414283107572988e-44, 90.00016784667969, 1.5414283107572988e-44, 118924.015625
0:00:00.902274, 0.0, 1.5414283107572988e-44, 90.00016784667969, 1.5414283107572988e-44, 118924.7734375
0:00:00.992808, 0.0, 1.5414283107572988e-44, 90.00016784667969, 1.5414283107572988e-44, 118925.34375
0:00:01.095508, 0.0, 1.5414283107572988e-44, 90.00016784667969, 1.5414283107572988e-44, 118925.9765625
0:00:01.187416, 0.0, 1.5414283107572988e-44, 90.00016784667969, 1.5414283107572988e-44, 118926.5546875
0:00:01.312490, 0.0, 1.5414283107572988e-44, 90.00016784667969, 1.5414283107572988e-44, 118927.3515625
0:00:01.397998, 0.0, 1.5414283107572988e-44, 90.00016784667969, 1.5414283107572988e-44, 118927.890625
0:00:01.495436, 0.0, 1.5414283107572988e-44, 90.00016784667969, 1.5414283107572988e-44, 118928.5078125
0:00:01.593061, 0.0, 1.5414283107572988e-44, 90.00016784667969, 1.5414283107572988e-44, 118929.1171875
0:00:01.712240, 0.0, 1.5414283107572988e-44, 90.00016784667969, 1.5414283107572988e-44, 118929.875
0:00:01.795109, 0.0, 1.5414283107572988e-44, 90.00016784667969, 1.5414283107572988e-44, 118930.40625
0:00:01.910055, 0.0, 1.5414283107572988e-44, 90.00016784667969, 1.5414283107572988e-44, 118931.125
0:00:01.995680, 0.0, 1.5414283107572988e-44, 90.00016784667969, 1.5414283107572988e-44, 118931.65625
0:00:02.110535, 0.0, 1.5414283107572988e-44, 90.00016784667969, 1.5414283107572988e-44, 118932.3828125
0:00:02.196077, 0.0, 1.5414283107572988e-44, 90.00016784667969, 1.5414283107572988e-44, 118932.9296875
0:00:02.298073, 0.0, 1.5414283107572988e-44, 90.00016784667969, 1.5414283107572988e-44, 118933.578125
0:00:02.424086, 0.0, 1.5414283107572988e-44, 90.00016784667969, 1.5414283107572988e-44, 118934.3671875
0:00:02.523545, 0.0, 1.5414283107572988e-44, 90.00016784667969, 1.5414283107572988e-44, 118934.9921875
0:00:02.611142, 0.0, 1.5414283107572988e-44, 90.00016784667969, 1.5414283107572988e-44, 118935.546875
0:00:02.723977, 0.0, 1.5414283107572988e-44, 90.00016784667969, 1.5414283107572988e-44, 118936.265625
0:00:02.825765, 0.0, 1.5414283107572988e-44, 90.00016784667969, 1.5414283107572988e-44, 118936.90625
0:00:02.908423, 0.0, 1.5414283107572988e-44, 90.00016784667969, 1.5414283107572988e-44, 118937.4375
0:00:03.004699, 0.0, 1.5414283107572988e-44, 90.00016784667969, 1.5414283107572988e-44, 118938.046875
0:00:03.111077, 0.0, 1.5414283107572988e-44, 90.00016784667969, 1.5414283107572988e-44, 118938.7265625
0:00:03.215712, 0.0, 1.5414283107572988e-44, 90.00016784667969, 1.5414283107572988e-44, 118939.3828125
0:00:03.327816, 0.0, 1.5414283107572988e-44, 90.00016784667969, 1.5414283107572988e-44, 118940.0859375
0:00:03.403842, 0.0, 1.5414283107572988e-44, 90.00016784667969, 1.5414283107572988e-44, 118940.5625
0:00:03.533726, 0.0, 1.5414283107572988e-44, 90.00016784667969, 1.5414283107572988e-44, 118941.375
0:00:03.615600, 0.0, 1.5414283107572988e-44, 90.00016784667969, 1.5414283107572988e-44, 118941.890625
0:00:03.727703, 0.0, 1.5414283107572988e-44, 90.00016784667969, 1.5414283107572988e-44, 118942.59375
0:00:03.823304, 0.0, 1.5414283107572988e-44, 90.00016784667969, 1.5414283107572988e-44, 118943.1953125
0:00:03.938464, 0.0, 1.5414283107572988e-44, 90.00016784667969, 1.5414283107572988e-44, 118943.921875
0:00:04.034286, 0.0, 1.5414283107572988e-44, 90.00016784667969, 1.5414283107572988e-44, 118944.5234375
0:00:04.134094, 0.0, 1.5414283107572988e-44, 90.00016784667969, 1.5414283107572988e-44, 118945.15625
0:00:04.225702, 0.0, 1.5414283107572988e-44, 90.00016784667969, 1.5414283107572988e-44, 118945.7421875
0:00:04.335495, 0.0, 1.5414283107572988e-44, 90.00016784667969, 1.5414283107572988e-44, 118946.4296875
0:00:04.420032, 0.0, 1.5414283107572988e-44, 90.00016784667969, 1.5414283107572988e-44, 118946.96875
0:00:04.527436, 0.0, 1.5414283107572988e-44, 90.00016784667969, 1.5414283107572988e-44, 118947.640625
0:00:04.641421, 0.0, 1.5414283107572988e-44, 90.00016784667969, 1.5414283107572988e-44, 118948.359375
0:00:04.728031, 0.0, 1.5414283107572988e-44, 90.00016784667969, 1.5414283107572988e-44, 118948.8984375
0:00:04.853813, 0.0, 1.5414283107572988e-44, 90.00016784667969, 1.5414283107572988e-44, 118949.6875
0:00:04.953523, 0.0, 1.5414283107572988e-44, 90.00016784667969, 1.5414283107572988e-44, 118950.3125
0:00:05.047987, 0.0, 1.5414283107572988e-44, 90.00016784667969, 1.5414283107572988e-44, 118950.9140625
0:00:05.143738, 0.0, 1.5414283107572988e-44, 90.00016784667969, 1.5414283107572988e-44, 118951.515625
0:00:05.242326, 0.0, 1.5414283107572988e-44, 90.00016784667969, 1.5414283107572988e-44, 118952.1328125
0:00:05.329954, 0.0, 1.5414283107572988e-44, 90.00016784667969, 1.5414283107572988e-44, 118952.6953125
0:00:05.441960, 0.0, 1.5414283107572988e-44, 90.00016784667969, 1.5414283107572988e-44, 118953.3984375
0:00:05.531522, 0.0, 1.5414283107572988e-44, 90.00016784667969, 1.5414283107572988e-44, 118953.96875
0:00:05.637885, 0.0, 1.5414283107572988e-44, 90.00016784667969, 1.5414283107572988e-44, 118954.6328125
0:00:05.746658, 0.0, 1.5414283107572988e-44, 90.00016784667969, 1.5414283107572988e-44, 118955.3203125
0:00:05.856384, 0.0, 1.5414283107572988e-44, 90.00016784667969, 1.5414283107572988e-44, 118956.0078125
0:00:05.944898, 0.0, 1.5414283107572988e-44, 90.00016784667969, 1.5414283107572988e-44, 118956.5625
0:00:06.058033, 0.0, 1.5414283107572988e-44, 90.00016784667969, 1.5414283107572988e-44, 118957.28125
0:00:06.165225, 0.0, 1.5414283107572988e-44, 90.00016784667969, 1.5414283107572988e-44, 118957.9609375
0:00:06.263889, 0.0, 1.5414283107572988e-44, 90.00016784667969, 1.5414283107572988e-44, 118958.578125
0:00:06.355809, 0.0, 1.5414283107572988e-44, 90.00016784667969, 1.5414283107572988e-44, 118959.15625
0:00:06.444505, 0.0, 1.5414283107572988e-44, 90.00016784667969, 1.5414283107572988e-44, 118959.71875
0:00:06.559549, 0.0, 1.5414283107572988e-44, 90.00016784667969, 1.5414283107572988e-44, 118960.453125
0:00:06.663669, 0.0, 1.5414283107572988e-44, 90.00016784667969, 1.5414283107572988e-44, 118961.109375
0:00:06.778762, 0.0, 1.5414283107572988e-44, 90.00016784667969, 1.5414283107572988e-44, 118961.828125
0:00:06.862139, 0.0, 1.5414283107572988e-44, 90.00016784667969, 1.5414283107572988e-44, 118962.359375
0:00:06.977213, 0.0, 1.5414283107572988e-44, 90.00016784667969, 1.5414283107572988e-44, 118963.0859375
0:00:07.062793, 0.0, 1.5414283107572988e-44, 90.00016784667969, 1.5414283107572988e-44, 118963.625
0:00:07.172119, 0.0, 1.5414283107572988e-44, 90.00016784667969, 1.5414283107572988e-44, 118964.3125
0:00:07.256639, 0.0, 1.5414283107572988e-44, 90.00016784667969, 1.5414283107572988e-44, 118964.84375
0:00:07.380692, 0.0, 1.5414283107572988e-44, 90.00016784667969, 1.5414283107572988e-44, 118965.6328125
0:00:07.489088, 0.0, 1.5414283107572988e-44, 90.00016784667969, 1.5414283107572988e-44, 118966.3125
0:00:07.585055, 0.0, 1.5414283107572988e-44, 90.00016784667969, 1.5414283107572988e-44, 118966.921875
0:00:07.685922, 0.0, 1.5414283107572988e-44, 90.00016784667969, 1.5414283107572988e-44, 118967.5546875
0:00:07.767719, 0.0, 1.5414283107572988e-44, 90.00016784667969, 1.5414283107572988e-44, 118968.0703125
0:00:07.884760, 0.0, 1.5414283107572988e-44, 90.00016784667969, 1.5414283107572988e-44, 118968.8046875
0:00:07.973506, 0.0, 1.5414283107572988e-44, 90.00016784667969, 1.5414283107572988e-44, 118969.375
0:00:08.086160, 0.0, 1.5414283107572988e-44, 90.00016784667969, 1.5414283107572988e-44, 118970.0859375
0:00:08.171842, 0.0, 1.5414283107572988e-44, 90.00016784667969, 1.5414283107572988e-44, 118970.625
0:00:08.278048, 0.0, 1.5414283107572988e-44, 90.00016784667969, 1.5414283107572988e-44, 118971.2890625
0:00:08.388727, 0.0, 1.5414283107572988e-44, 90.00016784667969, 1.5414283107572988e-44, 118971.9765625
0:00:08.476212, 0.0, 1.5414283107572988e-44, 90.00016784667969, 1.5414283107572988e-44, 118972.5234375
0:00:08.589700, 0.0, 1.5414283107572988e-44, 90.00016784667969, 1.5414283107572988e-44, 118973.234375
0:00:08.687952, 0.0, 1.5414283107572988e-44, 90.00016784667969, 1.5414283107572988e-44, 118973.859375
0:00:08.772595, 0.0, 1.5414283107572988e-44, 90.00016784667969, 1.5414283107572988e-44, 118974.3828125
0:00:08.887765, 0.0, 1.5414283107572988e-44, 90.00016784667969, 1.5414283107572988e-44, 118975.109375
0:00:08.983330, 0.0, 1.5414283107572988e-44, 90.00016784667969, 1.5414283107572988e-44, 118975.7109375
0:00:09.099356, 0.0, 1.5414283107572988e-44, 90.00016784667969, 1.5414283107572988e-44, 118976.4453125
0:00:09.197463, 0.0, 1.5414283107572988e-44, 90.00016784667969, 1.5414283107572988e-44, 118977.0546875
0:00:09.294338, 0.0, 1.5414283107572988e-44, 90.00016784667969, 1.5414283107572988e-44, 118977.671875
0:00:09.402641, 0.0, 1.5414283107572988e-44, 90.00016784667969, 1.5414283107572988e-44, 118978.3515625
0:00:09.489355, 0.0, 1.5414283107572988e-44, 90.00016784667969, 1.5414283107572988e-44, 118978.90625
0:00:09.588245, 0.0, 1.5414283107572988e-44, 90.00016784667969, 1.5414283107572988e-44, 118979.5234375
0:00:09.687513, 0.0, 1.5414283107572988e-44, 90.00016784667969, 1.5414283107572988e-44, 118980.1484375
0:00:09.786182, 0.0, 1.5414283107572988e-44, 90.00016784667969, 1.5414283107572988e-44, 118980.765625
0:00:09.907445, 0.0, 1.5414283107572988e-44, 90.00016784667969, 1.5414283107572988e-44, 118981.53125
0:00:10.007196, 0.0, 1.5414283107572988e-44, 90.00016784667969, 1.5414283107572988e-44, 118982.15625
0:00:10.106704, 0.0, 1.5414283107572988e-44, 90.00016784667969, 1.5414283107572988e-44, 118982.78125
0:00:10.204523, 0.0, 1.5414283107572988e-44, 90.00016784667969, 1.5414283107572988e-44, 118983.3984375
0:00:10.285905, 0.0, 1.5414283107572988e-44, 90.00016784667969, 1.5414283107572988e-44, 118983.9140625
0:00:10.407158, 0.0, 1.5414283107572988e-44, 90.00016784667969, 1.5414283107572988e-44, 118984.6796875
0:00:10.499908, 0.0, 1.5414283107572988e-44, 90.00016784667969, 1.5414283107572988e-44, 118985.265625
0:00:10.611738, 0.0, 1.5414283107572988e-44, 90.00016784667969, 1.5414283107572988e-44, 118985.9765625
0:00:10.693508, 0.0, 1.5414283107572988e-44, 90.00016784667969, 1.5414283107572988e-44, 118986.4921875
0:00:10.806491, 0.0, 1.5414283107572988e-44, 90.00016784667969, 1.5414283107572988e-44, 118987.203125
0:00:10.919677, 0.0, 1.5414283107572988e-44, 90.00016784667969, 1.5414283107572988e-44, 118987.921875
0:00:11.007144, 0.0, 1.5414283107572988e-44, 90.00016784667969, 1.5414283107572988e-44, 118988.46875
0:00:11.127443, 0.0, 1.5414283107572988e-44, 90.00016784667969, 1.5414283107572988e-44, 118989.2265625
0:00:11.226964, 0.0, 1.5414283107572988e-44, 90.00016784667969, 1.5414283107572988e-44, 118989.8515625
0:00:11.317345, 0.0, 1.5414283107572988e-44, 90.00016784667969, 1.5414283107572988e-44, 118990.4296875
0:00:11.416769, 0.0, 1.5414283107572988e-44, 90.00016784667969, 1.5414283107572988e-44, 118991.046875
0:00:11.529757, 0.0, 1.5414283107572988e-44, 90.00016784667969, 1.5414283107572988e-44, 118991.7578125
0:00:11.627138, 0.0, 1.5414283107572988e-44, 90.00016784667969, 1.5414283107572988e-44, 118992.3671875
0:00:11.718929, 0.0, 1.5414283107572988e-44, 90.00016784667969, 1.5414283107572988e-44, 118992.9453125
0:00:11.806369, 0.0, 1.5414283107572988e-44, 90.00016784667969, 1.5414283107572988e-44, 118993.5
0:00:11.924795, 0.0, 1.5414283107572988e-44, 90.00016784667969, 1.5414283107572988e-44, 118994.2421875
0:00:12.038500, 0.0, 1.5414283107572988e-44, 90.00016784667969, 1.5414283107572988e-44, 118994.9609375
0:00:12.136097, 0.0, 1.5414283107572988e-44, 90.00016784667969, 1.5414283107572988e-44, 118995.5859375
0:00:12.222789, 0.0, 1.5414283107572988e-44, 90.00016784667969, 1.5414283107572988e-44, 118996.1328125
0:00:12.336761, 0.0, 1.5414283107572988e-44, 90.00016784667969, 1.5414283107572988e-44, 118996.8515625
0:00:12.421071, 0.0, 1.5414283107572988e-44, 90.00016784667969, 1.5414283107572988e-44, 118997.3828125
0:00:12.550949, 0.0, 1.5414283107572988e-44, 90.00016784667969, 1.5414283107572988e-44, 118998.1953125
0:00:12.618008, 0.0, 1.5414283107572988e-44, 90.00016784667969, 1.5414283107572988e-44, 118998.625
0:00:12.738668, 0.0, 1.5414283107572988e-44, 90.00016784667969, 1.5414283107572988e-44, 118999.3828125
0:00:12.837303, 0.0, 1.5414283107572988e-44, 90.00016784667969, 1.5414283107572988e-44, 119000.0
0:00:12.930117, 0.0, 1.5414283107572988e-44, 90.00016784667969, 1.5414283107572988e-44, 119000.59375
0:00:13.039806, 0.0, 1.5414283107572988e-44, 90.00016784667969, 1.5414283107572988e-44, 119001.2890625
0:00:13.149268, 0.0, 1.5414283107572988e-44, 90.00016784667969, 1.5414283107572988e-44, 119001.9765625
0:00:13.245106, 0.0, 1.5414283107572988e-44, 90.00016784667969, 1.5414283107572988e-44, 119002.578125
0:00:13.333366, 0.0, 1.5414283107572988e-44, 90.00016784667969, 1.5414283107572988e-44, 119003.1328125
0:00:13.455467, 0.0, 1.5414283107572988e-44, 90.00016784667969, 1.5414283107572988e-44, 119003.90625
0:00:13.538819, 0.0, 1.5414283107572988e-44, 90.00016784667969, 1.5414283107572988e-44, 119004.4296875
0:00:13.636652, 0.0, 1.5414283107572988e-44, 90.00016784667969, 1.5414283107572988e-44, 119005.0546875
0:00:13.746877, 0.0, 1.5414283107572988e-44, 90.00016784667969, 1.5414283107572988e-44, 119005.7421875
0:00:13.832518, 0.0, 1.5414283107572988e-44, 90.00016784667969, 1.5414283107572988e-44, 119006.28125
0:00:13.957704, 0.0, 1.5414283107572988e-44, 90.00016784667969, 1.5414283107572988e-44, 119007.0703125
0:00:14.042183, 0.0, 1.5414283107572988e-44, 90.00016784667969, 1.5414283107572988e-44, 119007.609375
0:00:14.138506, 0.0, 1.5414283107572988e-44, 90.00016784667969, 1.5414283107572988e-44, 119008.2109375
0:00:14.237173, 0.0, 1.5414283107572988e-44, 90.00016784667969, 1.5414283107572988e-44, 119008.8359375
0:00:14.358482, 0.0, 1.5414283107572988e-44, 90.00016784667969, 1.5414283107572988e-44, 119009.6015625
0:00:14.452831, 0.0, 1.5414283107572988e-44, 90.00016784667969, 1.5414283107572988e-44, 119010.1953125
0:00:14.560903, 0.0, 1.5414283107572988e-44, 90.00016784667969, 1.5414283107572988e-44, 119010.875
0:00:14.645422, 0.0, 1.5414283107572988e-44, 90.00016784667969, 1.5414283107572988e-44, 119011.4140625
0:00:14.759387, 0.0, 1.5414283107572988e-44, 90.00016784667969, 1.5414283107572988e-44, 119012.1328125
0:00:14.852665, 0.0, 1.5414283107572988e-44, 90.00016784667969, 1.5414283107572988e-44, 119012.7109375
0:00:14.964934, 0.0, 1.5414283107572988e-44, 90.00016784667969, 1.5414283107572988e-44, 119013.4140625
0:00:15.043472, 0.0, 1.5414283107572988e-44, 90.00016784667969, 1.5414283107572988e-44, 119013.90625
0:00:15.158414, 0.0, 1.5414283107572988e-44, 90.00016784667969, 1.5414283107572988e-44, 119014.625
0:00:15.269738, 0.0, 1.5414283107572988e-44, 90.00016784667969, 1.5414283107572988e-44, 119015.328125
0:00:15.369407, 0.0, 1.5414283107572988e-44, 90.00016784667969, 1.5414283107572988e-44, 119015.9609375
0:00:15.453037, 0.0, 1.5414283107572988e-44, 90.00016784667969, 1.5414283107572988e-44, 119016.4921875
0:00:15.561487, 0.0, 1.5414283107572988e-44, 90.00016784667969, 1.5414283107572988e-44, 119017.1796875
0:00:15.647813, 0.0, 1.5414283107572988e-44, 90.00016784667969, 1.5414283107572988e-44, 119017.71875
0:00:15.769206, 0.0, 1.5414283107572988e-44, 90.00016784667969, 1.5414283107572988e-44, 119018.4921875
0:00:15.881507, 0.0, 1.5414283107572988e-44, 90.00016784667969, 1.5414283107572988e-44, 119019.1875
0:00:15.978174, 0.0, 1.5414283107572988e-44, 90.00016784667969, 1.5414283107572988e-44, 119019.796875
0:00:16.072072, 0.0, 1.5414283107572988e-44, 90.00016784667969, 1.5414283107572988e-44, 119020.390625
0:00:16.158595, 0.0, 1.5414283107572988e-44, 90.00016784667969, 1.5414283107572988e-44, 119020.9375
0:00:16.262088, 0.0, 1.5414283107572988e-44, 90.00016784667969, 1.5414283107572988e-44, 119021.5859375
0:00:16.388769, 0.0, 1.5414283107572988e-44, 90.00016784667969, 1.5414283107572988e-44, 119022.375
0:00:16.457568, 0.0, 1.5414283107572988e-44, 90.00016784667969, 1.5414283107572988e-44, 119022.8125
0:00:16.584002, 0.0, 1.5414283107572988e-44, 90.00016784667969, 1.5414283107572988e-44, 119023.6015625
0:00:16.678567, 0.0, 1.5414283107572988e-44, 90.00016784667969, 1.5414283107572988e-44, 119024.1953125
0:00:16.776320, 0.0, 1.5414283107572988e-44, 90.00016784667969, 1.5414283107572988e-44, 119024.8125
0:00:16.884726, 0.0, 1.5414283107572988e-44, 90.00016784667969, 1.5414283107572988e-44, 119025.5
0:00:16.997956, 0.0, 1.5414283107572988e-44, 90.00016784667969, 1.5414283107572988e-44, 119026.21875
0:00:17.086148, 0.0, 1.5414283107572988e-44, 90.00016784667969, 1.5414283107572988e-44, 119026.78125
0:00:17.171708, 0.0, 1.5414283107572988e-44, 90.00016784667969, 1.5414283107572988e-44, 119027.3203125
0:00:17.293844, 0.0, 1.5414283107572988e-44, 90.00016784667969, 1.5414283107572988e-44, 119028.0859375
0:00:17.389970, 0.0, 1.5414283107572988e-44, 90.00016784667969, 1.5414283107572988e-44, 119028.6875
0:00:17.490705, 0.0, 1.5414283107572988e-44, 90.00016784667969, 1.5414283107572988e-44, 119029.328125
0:00:17.587747, 0.0, 1.5414283107572988e-44, 90.00016784667969, 1.5414283107572988e-44, 119029.9375
0:00:17.675406, 0.0, 1.5414283107572988e-44, 90.00016784667969, 1.5414283107572988e-44, 119030.4921875
0:00:17.790383, 0.0, 1.5414283107572988e-44, 90.00016784667969, 1.5414283107572988e-44, 119031.2109375
0:00:17.888102, 0.0, 1.5414283107572988e-44, 90.00016784667969, 1.5414283107572988e-44, 119031.828125
0:00:17.984792, 0.0, 1.5414283107572988e-44, 90.00016784667969, 1.5414283107572988e-44, 119032.4375
0:00:18.100715, 0.0, 1.5414283107572988e-44, 90.00016784667969, 1.5414283107572988e-44, 119033.171875
0:00:18.199165, 0.0, 1.5414283107572988e-44, 90.00016784667969, 1.5414283107572988e-44, 119033.796875
0:00:18.285805, 0.0, 1.5414283107572988e-44, 90.00016784667969, 1.5414283107572988e-44, 119034.3515625
0:00:18.401680, 0.0, 1.5414283107572988e-44, 90.00016784667969, 1.5414283107572988e-44, 119035.078125
0:00:18.498541, 0.0, 1.5414283107572988e-44, 90.00016784667969, 1.5414283107572988e-44, 119035.6875
0:00:18.592111, 0.0, 1.5414283107572988e-44, 90.00016784667969, 1.5414283107572988e-44, 119036.28125
0:00:18.700986, 0.0, 1.5414283107572988e-44, 90.00016784667969, 1.5414283107572988e-44, 119036.96875
0:00:18.800013, 0.0, 1.5414283107572988e-44, 90.00016784667969, 1.5414283107572988e-44, 119037.59375
0:00:18.889824, 0.0, 1.5414283107572988e-44, 90.00016784667969, 1.5414283107572988e-44, 119038.1484375
0:00:19.001012, 0.0, 1.5414283107572988e-44, 90.00016784667969, 1.5414283107572988e-44, 119038.84375
0:00:19.099802, 0.0, 1.5414283107572988e-44, 90.00016784667969, 1.5414283107572988e-44, 119039.4609375
0:00:19.219711, 0.0, 1.5414283107572988e-44, 90.00016784667969, 1.5414283107572988e-44, 119040.21875
0:00:19.299602, 0.0, 1.5414283107572988e-44, 90.00016784667969, 1.5414283107572988e-44, 119040.71875
0:00:19.410042, 0.0, 1.5414283107572988e-44, 90.00016784667969, 1.5414283107572988e-44, 119041.40625
0:00:19.501905, 0.0, 1.5414283107572988e-44, 90.00016784667969, 1.5414283107572988e-44, 119041.984375
0:00:19.617802, 0.0, 1.5414283107572988e-44, 90.00016784667969, 1.5414283107572988e-44, 119042.71875
0:00:19.703434, 0.0, 1.5414283107572988e-44, 90.00016784667969, 1.5414283107572988e-44, 119043.265625
0:00:19.830719, 0.0, 1.5414283107572988e-44, 90.00016784667969, 1.5414283107572988e-44, 119044.0625
0:00:19.920293, 0.0, 1.5414283107572988e-44, 90.00016784667969, 1.5414283107572988e-44, 119044.6328125
0:00:20.026691, 0.0, 1.5414283107572988e-44, 90.00016784667969, 1.5414283107572988e-44, 119045.3046875
0:00:20.134033, 0.0, 1.5414283107572988e-44, 90.00016784667969, 1.5414283107572988e-44, 119045.9921875
0:00:20.203703, 0.0, 1.5414283107572988e-44, 90.00016784667969, 1.5414283107572988e-44, 119046.4296875
0:00:20.314633, 0.0, 1.5414283107572988e-44, 90.00016784667969, 1.5414283107572988e-44, 119047.1328125
0:00:20.408891, 0.0, 1.5414283107572988e-44, 90.00016784667969, 1.5414283107572988e-44, 119047.7265625
0:00:20.523927, 0.0, 1.5414283107572988e-44, 90.00016784667969, 1.5414283107572988e-44, 119048.453125
0:00:20.608056, 0.0, 1.5414283107572988e-44, 90.00016784667969, 1.5414283107572988e-44, 119048.984375
0:00:20.722265, 0.0, 1.5414283107572988e-44, 90.00016784667969, 1.5414283107572988e-44, 119049.703125
0:00:20.822165, 0.0, 1.5414283107572988e-44, 90.00016784667969, 1.5414283107572988e-44, 119050.3359375
0:00:20.919854, 0.0, 1.5414283107572988e-44, 90.00016784667969, 1.5414283107572988e-44, 119050.953125
0:00:21.012749, 0.0, 1.5414283107572988e-44, 90.00016784667969, 1.5414283107572988e-44, 119051.5390625
0:00:21.123751, 0.0, 1.5414283107572988e-44, 90.00016784667969, 1.5414283107572988e-44, 119052.2421875
0:00:21.236842, 0.0, 1.5414283107572988e-44, 90.00016784667969, 1.5414283107572988e-44, 119052.9609375
0:00:21.323455, 0.0, 1.5414283107572988e-44, 90.00016784667969, 1.5414283107572988e-44, 119053.5
0:00:21.421150, 0.0, 1.5414283107572988e-44, 90.00016784667969, 1.5414283107572988e-44, 119054.109375
0:00:21.520587, 0.0, 1.5414283107572988e-44, 90.00016784667969, 1.5414283107572988e-44, 119054.734375
0:00:21.634827, 0.0, 1.5414283107572988e-44, 90.00016784667969, 1.5414283107572988e-44, 119055.4609375
0:00:21.750216, 0.0, 1.5414283107572988e-44, 90.00016784667969, 1.5414283107572988e-44, 119056.1875
0:00:21.843366, 0.0, 1.5414283107572988e-44, 90.00016784667969, 1.5414283107572988e-44, 119056.78125
0:00:21.941103, 0.0, 1.5414283107572988e-44, 90.00016784667969, 1.5414283107572988e-44, 119057.390625
0:00:22.026491, 0.0, 1.5414283107572988e-44, 90.00016784667969, 1.5414283107572988e-44, 119057.9375
0:00:22.140705, 0.0, 1.5414283107572988e-44, 90.00016784667969, 1.5414283107572988e-44, 119058.65625
0:00:22.255227, 0.0, 1.5414283107572988e-44, 90.00016784667969, 1.5414283107572988e-44, 119059.375
0:00:22.351251, 0.0, 1.5414283107572988e-44, 90.00016784667969, 1.5414283107572988e-44, 119059.9921875
0:00:22.451122, 0.0, 1.5414283107572988e-44, 90.00016784667969, 1.5414283107572988e-44, 119060.6171875
0:00:22.551719, 0.0, 1.5414283107572988e-44, 90.00016784667969, 1.5414283107572988e-44, 119061.25
0:00:22.650099, 0.0, 1.5414283107572988e-44, 90.00016784667969, 1.5414283107572988e-44, 119061.8671875
0:00:22.743153, 0.0, 1.5414283107572988e-44, 90.00016784667969, 1.5414283107572988e-44, 119062.4609375
0:00:22.852760, 0.0, 1.5414283107572988e-44, 90.00016784667969, 1.5414283107572988e-44, 119063.140625
0:00:22.951136, 0.0, 1.5414283107572988e-44, 90.00016784667969, 1.5414283107572988e-44, 119063.765625
0:00:23.045801, 0.0, 1.5414283107572988e-44, 90.00016784667969, 1.5414283107572988e-44, 119064.3671875
0:00:23.161751, 0.0, 1.5414283107572988e-44, 90.00016784667969, 1.5414283107572988e-44, 119065.09375
0:00:23.243042, 0.0, 1.5414283107572988e-44, 90.00016784667969, 1.5414283107572988e-44, 119065.6171875
0:00:23.354076, 0.0, 1.5414283107572988e-44, 90.00016784667969, 1.5414283107572988e-44, 119066.3203125
0:00:23.452419, 0.0, 1.5414283107572988e-44, 90.00016784667969, 1.5414283107572988e-44, 119066.9375
0:00:23.552480, 0.0, 1.5414283107572988e-44, 90.00016784667969, 1.5414283107572988e-44, 119067.5703125
0:00:23.650295, 0.0, 1.5414283107572988e-44, 90.00016784667969, 1.5414283107572988e-44, 119068.1953125
0:00:23.750961, 0.0, 1.5414283107572988e-44, 90.00016784667969, 1.5414283107572988e-44, 119068.828125
0:00:23.852463, 0.0, 1.5414283107572988e-44, 90.00016784667969, 1.5414283107572988e-44, 119069.46875
0:00:23.960961, 0.0, 1.5414283107572988e-44, 90.00016784667969, 1.5414283107572988e-44, 119070.1484375
0:00:24.061689, 0.0, 1.5414283107572988e-44, 90.00016784667969, 1.5414283107572988e-44, 119070.78125
0:00:24.155764, 0.0, 1.5414283107572988e-44, 90.00016784667969, 1.5414283107572988e-44, 119071.3828125
0:00:24.278627, 0.0, 1.5414283107572988e-44, 90.00016784667969, 1.5414283107572988e-44, 119072.15625
0:00:24.364721, 0.0, 1.5414283107572988e-44, 90.00016784667969, 1.5414283107572988e-44, 119072.7109375
0:00:24.481831, 0.0, 1.5414283107572988e-44, 90.00016784667969, 1.5414283107572988e-44, 119073.4453125
0:00:24.573121, 0.0, 1.5414283107572988e-44, 90.00016784667969, 1.5414283107572988e-44, 119074.0078125
0:00:24.662613, 0.0, 1.5414283107572988e-44, 90.00016784667969, 1.5414283107572988e-44, 119074.578125
0:00:24.773049, 0.0, 1.5414283107572988e-44, 90.00016784667969, 1.5414283107572988e-44, 119075.2734375
0:00:24.874373, 0.0, 1.5414283107572988e-44, 90.00016784667969, 1.5414283107572988e-44, 119075.921875
0:00:24.966129, 0.0, 1.5414283107572988e-44, 90.00016784667969, 1.5414283107572988e-44, 119076.4921875
0:00:25.062887, 0.0, 1.5414283107572988e-44, 90.00016784667969, 1.5414283107572988e-44, 119077.1015625
0:00:25.176844, 0.0, 1.5414283107572988e-44, 90.00016784667969, 1.5414283107572988e-44, 119077.8125
0:00:25.272635, 0.0, 1.5414283107572988e-44, 90.00016784667969, 1.5414283107572988e-44, 119078.40625
0:00:25.366711, 0.0, 1.5414283107572988e-44, 90.00016784667969, 1.5414283107572988e-44, 119079.0
0:00:25.477711, 0.0, 1.5414283107572988e-44, 90.00016784667969, 1.5414283107572988e-44, 119079.6953125
0:00:25.562159, 0.0, 1.5414283107572988e-44, 90.00016784667969, 1.5414283107572988e-44, 119080.2265625
0:00:25.682702, 0.0, 1.5414283107572988e-44, 90.00016784667969, 1.5414283107572988e-44, 119080.984375
0:00:25.781643, 0.0, 1.5414283107572988e-44, 90.00016784667969, 1.5414283107572988e-44, 119081.6015625
0:00:25.881983, 0.0, 1.5414283107572988e-44, 90.00016784667969, 1.5414283107572988e-44, 119082.234375
0:00:25.974369, 0.0, 1.5414283107572988e-44, 90.00016784667969, 1.5414283107572988e-44, 119082.8203125
0:00:26.090333, 0.0, 1.5414283107572988e-44, 90.00016784667969, 1.5414283107572988e-44, 119083.546875
0:00:26.169224, 0.0, 1.5414283107572988e-44, 90.00016784667969, 1.5414283107572988e-44, 119084.0390625
0:00:26.276778, 0.0, 1.5414283107572988e-44, 90.00016784667969, 1.5414283107572988e-44, 119084.7109375
0:00:26.391801, 0.0, 1.5414283107572988e-44, 90.00016784667969, 1.5414283107572988e-44, 119085.4375
0:00:26.476192, 0.0, 1.5414283107572988e-44, 90.00016784667969, 1.5414283107572988e-44, 119085.9765625
0:00:26.584481, 0.0, 1.5414283107572988e-44, 90.00016784667969, 1.5414283107572988e-44, 119086.65625
0:00:26.696653, 0.0, 1.5414283107572988e-44, 90.00016784667969, 1.5414283107572988e-44, 119087.359375
0:00:26.792460, 0.0, 1.5414283107572988e-44, 90.00016784667969, 1.5414283107572988e-44, 119087.9609375
0:00:26.876876, 0.0, 1.5414283107572988e-44, 90.00016784667969, 1.5414283107572988e-44, 119088.4921875
0:00:26.989850, 0.0, 1.5414283107572988e-44, 90.00016784667969, 1.5414283107572988e-44, 119089.2109375
0:00:27.102921, 0.0, 1.5414283107572988e-44, 90.00016784667969, 1.5414283107572988e-44, 119089.921875
0:00:27.188325, 0.0, 1.5414283107572988e-44, 90.00016784667969, 1.5414283107572988e-44, 119090.4609375
0:00:27.303480, 0.0, 1.5414283107572988e-44, 90.00016784667969, 1.5414283107572988e-44, 119091.1796875
0:00:27.396117, 0.0, 1.5414283107572988e-44, 90.00016784667969, 1.5414283107572988e-44, 119091.765625
0:00:27.513011, 0.0, 1.5414283107572988e-44, 90.00016784667969, 1.5414283107572988e-44, 119092.5
0:00:27.595381, 0.0, 1.5414283107572988e-44, 90.00016784667969, 1.5414283107572988e-44, 119093.015625
0:00:27.708780, 0.0, 1.5414283107572988e-44, 90.00016784667969, 1.5414283107572988e-44, 119093.734375
0:00:27.794324, 0.0, 1.5414283107572988e-44, 90.00016784667969, 1.5414283107572988e-44, 119094.28125
0:00:27.911450, 0.0, 1.5414283107572988e-44, 90.00016784667969, 1.5414283107572988e-44, 119095.0234375
0:00:28.000025, 0.0, 1.5414283107572988e-44, 90.00016784667969, 1.5414283107572988e-44, 119095.578125
0:00:28.106140, 0.0, 1.5414283107572988e-44, 90.00016784667969, 1.5414283107572988e-44, 119096.25
0:00:28.216101, 0.0, 1.5414283107572988e-44, 90.00016784667969, 1.5414283107572988e-44, 119096.9453125
0:00:28.294047, 0.0, 1.5414283107572988e-44, 90.00016784667969, 1.5414283107572988e-44, 119097.4375
0:00:28.404704, 0.0, 1.5414283107572988e-44, 90.00016784667969, 1.5414283107572988e-44, 119098.1328125
0:00:28.503696, 0.0, 1.5414283107572988e-44, 90.00016784667969, 1.5414283107572988e-44, 119098.7578125
0:00:28.625159, 0.0, 1.5414283107572988e-44, 90.00016784667969, 1.5414283107572988e-44, 119099.5234375
0:00:28.709200, 0.0, 1.5414283107572988e-44, 90.00016784667969, 1.5414283107572988e-44, 119100.0546875
0:00:28.815504, 0.0, 1.5414283107572988e-44, 90.00016784667969, 1.5414283107572988e-44, 119100.734375
0:00:28.903028, 0.0, 1.5414283107572988e-44, 90.00016784667969, 1.5414283107572988e-44, 119101.28125
0:00:29.031084, 0.0, 1.5414283107572988e-44, 90.00016784667969, 1.5414283107572988e-44, 119102.0859375
0:00:29.116510, 0.0, 1.5414283107572988e-44, 90.00016784667969, 1.5414283107572988e-44, 119102.6328125
0:00:29.229501, 0.0, 1.5414283107572988e-44, 90.00016784667969, 1.5414283107572988e-44, 119103.34375
0:00:29.316061, 0.0, 1.5414283107572988e-44, 90.00016784667969, 1.5414283107572988e-44, 119103.890625
0:00:29.429283, 0.0, 1.5414283107572988e-44, 90.00016784667969, 1.5414283107572988e-44, 119104.6015625
0:00:29.514696, 0.0, 1.5414283107572988e-44, 90.00016784667969, 1.5414283107572988e-44, 119105.1484375
0:00:29.613274, 0.0, 1.5414283107572988e-44, 90.00016784667969, 1.5414283107572988e-44, 119105.765625
0:00:29.713905, 0.0, 1.5414283107572988e-44, 90.00016784667969, 1.5414283107572988e-44, 119106.3984375
0:00:29.834800, 0.0, 1.5414283107572988e-44, 90.00016784667969, 1.5414283107572988e-44, 119107.15625
0:00:29.933656, 0.0, 1.5414283107572988e-44, 90.00016784667969, 1.5414283107572988e-44, 119107.7890625
0:00:30.027510, 0.0, 1.5414283107572988e-44, 90.00016784667969, 1.5414283107572988e-44, 119108.3828125
0:00:30.113929, 0.0, 1.5414283107572988e-44, 90.00016784667969, 1.5414283107572988e-44, 119108.921875
0:00:30.234511, 0.0, 1.5414283107572988e-44, 90.00016784667969, 1.5414283107572988e-44, 119109.6796875
0:00:30.335235, 0.0, 1.5414283107572988e-44, 90.00016784667969, 1.5414283107572988e-44, 119110.3203125
0:00:30.433519, 0.0, 1.5414283107572988e-44, 90.00016784667969, 1.5414283107572988e-44, 119110.9375
0:00:30.547571, 0.0, 1.5414283107572988e-44, 90.00016784667969, 1.5414283107572988e-44, 119111.65625
0:00:30.645434, 0.0, 1.5414283107572988e-44, 90.00016784667969, 1.5414283107572988e-44, 119112.2734375
0:00:30.744377, 0.0, 1.5414283107572988e-44, 90.00016784667969, 1.5414283107572988e-44, 119112.8984375
0:00:30.837608, 0.0, 1.5414283107572988e-44, 90.00016784667969, 1.5414283107572988e-44, 119113.484375
0:00:30.926911, 0.0, 1.5414283107572988e-44, 90.00016784667969, 1.5414283107572988e-44, 119114.0390625
0:00:31.048086, 0.0, 1.5414283107572988e-44, 90.00016784667969, 1.5414283107572988e-44, 119114.8046875
0:00:31.160954, 0.0, 1.5414283107572988e-44, 90.00016784667969, 1.5414283107572988e-44, 119115.5234375
0:00:31.249694, 0.0, 1.5414283107572988e-44, 90.00016784667969, 1.5414283107572988e-44, 119116.0859375
0:00:31.356922, 0.0, 1.5414283107572988e-44, 90.00016784667969, 1.5414283107572988e-44, 119116.7578125
0:00:31.447712, 0.0, 1.5414283107572988e-44, 90.00016784667969, 1.5414283107572988e-44, 119117.328125
0:00:31.534826, 0.0, 1.5414283107572988e-44, 90.00016784667969, 1.5414283107572988e-44, 119117.875
0:00:31.656972, 0.0, 1.5414283107572988e-44, 90.00016784667969, 1.5414283107572988e-44, 119118.640625
0:00:31.754752, 0.0, 1.5414283107572988e-44, 90.00016784667969, 1.5414283107572988e-44, 119119.2578125
0:00:31.868862, 0.0, 1.5414283107572988e-44, 90.00016784667969, 1.5414283107572988e-44, 119119.9765625
0:00:31.965630, 0.0, 1.5414283107572988e-44, 90.00016784667969, 1.5414283107572988e-44, 119120.5859375
0:00:32.055589, 0.0, 1.5414283107572988e-44, 90.00016784667969, 1.5414283107572988e-44, 119121.15625
0:00:32.143916, 0.0, 1.5414283107572988e-44, 90.00016784667969, 1.5414283107572988e-44, 119121.7109375
0:00:32.255242, 0.0, 1.5414283107572988e-44, 90.00016784667969, 1.5414283107572988e-44, 119122.4140625
0:00:32.350093, 0.0, 1.5414283107572988e-44, 90.00016784667969, 1.5414283107572988e-44, 119123.0078125
0:00:32.458106, 0.0, 1.5414283107572988e-44, 90.00016784667969, 1.5414283107572988e-44, 119123.6875
0:00:32.544326, 0.0, 1.5414283107572988e-44, 90.00016784667969, 1.5414283107572988e-44, 119124.2421875
0:00:32.671447, 0.0, 1.5414283107572988e-44, 90.00016784667969, 1.5414283107572988e-44, 119125.046875
0:00:32.758080, 0.0, 1.5414283107572988e-44, 90.00016784667969, 1.5414283107572988e-44, 119125.59375
0:00:32.873821, 0.0, 1.5414283107572988e-44, 90.00016784667969, 1.5414283107572988e-44, 119126.3203125
0:00:32.961768, 0.0, 1.5414283107572988e-44, 90.00016784667969, 1.5414283107572988e-44, 119126.875
0:00:33.073368, 0.0, 1.5414283107572988e-44, 90.00016784667969, 1.5414283107572988e-44, 119127.5859375
0:00:33.152235, 0.0, 1.5414283107572988e-44, 90.00016784667969, 1.5414283107572988e-44, 119128.0859375
0:00:33.259527, 0.0, 1.5414283107572988e-44, 90.00016784667969, 1.5414283107572988e-44, 119128.765625
0:00:33.376687, 0.0, 1.5414283107572988e-44, 90.00016784667969, 1.5414283107572988e-44, 119129.5
0:00:33.463256, 0.0, 1.5414283107572988e-44, 90.00016784667969, 1.5414283107572988e-44, 119130.046875
0:00:33.572243, 0.0, 1.5414283107572988e-44, 90.00016784667969, 1.5414283107572988e-44, 119130.734375
0:00:33.677694, 0.0, 1.5414283107572988e-44, 90.00016784667969, 1.5414283107572988e-44, 119131.3984375
0:00:33.774469, 0.0, 1.5414283107572988e-44, 90.00016784667969, 1.5414283107572988e-44, 119132.0
0:00:33.870684, 0.0, 1.5414283107572988e-44, 90.00016784667969, 1.5414283107572988e-44, 119132.6015625
0:00:33.966357, 0.0, 1.5414283107572988e-44, 90.00016784667969, 1.5414283107572988e-44, 119133.2109375
0:00:34.090482, 0.0, 1.5414283107572988e-44, 90.00016784667969, 1.5414283107572988e-44, 119134.0
0:00:34.160336, 0.0, 1.5414283107572988e-44, 90.00016784667969, 1.5414283107572988e-44, 119134.4453125
0:00:34.274325, 0.0, 1.5414283107572988e-44, 90.00016784667969, 1.5414283107572988e-44, 119135.171875
0:00:34.381781, 0.0, 1.5414283107572988e-44, 90.00016784667969, 1.5414283107572988e-44, 119135.8515625
0:00:34.494709, 0.0, 1.5414283107572988e-44, 90.00016784667969, 1.5414283107572988e-44, 119136.5703125
0:00:34.577548, 0.0, 1.5414283107572988e-44, 90.00016784667969, 1.5414283107572988e-44, 119137.09375
0:00:34.690793, 0.0, 1.5414283107572988e-44, 90.00016784667969, 1.5414283107572988e-44, 119137.8125
0:00:34.788225, 0.0, 1.5414283107572988e-44, 90.00016784667969, 1.5414283107572988e-44, 119138.421875
0:00:34.885654, 0.0, 1.5414283107572988e-44, 90.00016784667969, 1.5414283107572988e-44, 119139.0390625
0:00:34.979509, 0.0, 1.5414283107572988e-44, 90.00016784667969, 1.5414283107572988e-44, 119139.6328125
0:00:35.093477, 0.0, 1.5414283107572988e-44, 90.00016784667969, 1.5414283107572988e-44, 119140.3515625
0:00:35.200542, 0.0, 1.5414283107572988e-44, 90.00016784667969, 1.5414283107572988e-44, 119141.03125
0:00:35.296217, 0.0, 1.5414283107572988e-44, 90.00016784667969, 1.5414283107572988e-44, 119141.6328125
0:00:35.387268, 0.0, 1.5414283107572988e-44, 90.00016784667969, 1.5414283107572988e-44, 119142.2109375
0:00:35.502533, 0.0, 1.5414283107572988e-44, 90.00016784667969, 1.5414283107572988e-44, 119142.9375
0:00:35.589892, 0.0, 1.5414283107572988e-44, 90.00016784667969, 1.5414283107572988e-44, 119143.4921875
0:00:35.703801, 0.0, 1.5414283107572988e-44, 90.00016784667969, 1.5414283107572988e-44, 119144.2109375
0:00:35.795814, 0.0, 1.5414283107572988e-44, 90.00016784667969, 1.5414283107572988e-44, 119144.796875
0:00:35.905419, 0.0, 1.5414283107572988e-44, 90.00016784667969, 1.5414283107572988e-44, 119145.484375
0:00:36.000715, 0.0, 1.5414283107572988e-44, 90.00016784667969, 1.5414283107572988e-44, 119146.0859375
0:00:36.096546, 0.0, 1.5414283107572988e-44, 90.00016784667969, 1.5414283107572988e-44, 119146.6875
0:00:36.215226, 0.0, 1.5414283107572988e-44, 90.00016784667969, 1.5414283107572988e-44, 119147.4296875
0:00:36.302527, 0.0, 1.5414283107572988e-44, 90.00016784667969, 1.5414283107572988e-44, 119147.984375
0:00:36.417266, 0.0, 1.5414283107572988e-44, 90.00016784667969, 1.5414283107572988e-44, 119148.71875
0:00:36.516358, 0.0, 1.5414283107572988e-44, 90.00016784667969, 1.5414283107572988e-44, 119149.34375
0:00:36.615905, 0.0, 1.5414283107572988e-44, 90.00016784667969, 1.5414283107572988e-44, 119149.96875
0:00:36.708855, 0.0, 1.5414283107572988e-44, 90.00016784667969, 1.5414283107572988e-44, 119150.5546875
0:00:36.817207, 0.0, 1.5414283107572988e-44, 90.00016784667969, 1.5414283107572988e-44, 119151.234375
0:00:36.915945, 0.0, 1.5414283107572988e-44, 90.00016784667969, 1.5414283107572988e-44, 119151.8515625
0:00:37.016565, 0.0, 1.5414283107572988e-44, 90.00016784667969, 1.5414283107572988e-44, 119152.4921875
0:00:37.127466, 0.0, 1.5414283107572988e-44, 90.00016784667969, 1.5414283107572988e-44, 119153.1875
0:00:37.227808, 0.0, 1.5414283107572988e-44, 90.00016784667969, 1.5414283107572988e-44, 119153.8203125
0:00:37.326611, 0.0, 1.5414283107572988e-44, 90.00016784667969, 1.5414283107572988e-44, 119154.4453125
0:00:37.421136, 0.0, 1.5414283107572988e-44, 90.00016784667969, 1.5414283107572988e-44, 119155.046875
0:00:37.503686, 0.0, 1.5414283107572988e-44, 90.00016784667969, 1.5414283107572988e-44, 119155.5625
0:00:37.619536, 0.0, 1.5414283107572988e-44, 90.00016784667969, 1.5414283107572988e-44, 119156.296875
0:00:37.716042, 0.0, 1.5414283107572988e-44, 90.00016784667969, 1.5414283107572988e-44, 119156.90625
0:00:37.805573, 0.0, 1.5414283107572988e-44, 90.00016784667969, 1.5414283107572988e-44, 119157.46875
0:00:37.919663, 0.0, 1.5414283107572988e-44, 90.00016784667969, 1.5414283107572988e-44, 119158.1953125
0:00:38.004101, 0.0, 1.5414283107572988e-44, 90.00016784667969, 1.5414283107572988e-44, 119158.7265625
0:00:38.140040, 0.0, 1.5414283107572988e-44, 90.00016784667969, 1.5414283107572988e-44, 119159.5703125
0:00:38.231310, 0.0, 1.5414283107572988e-44, 90.00016784667969, 1.5414283107572988e-44, 119160.1484375
0:00:38.328009, 0.0, 1.5414283107572988e-44, 90.00016784667969, 1.5414283107572988e-44, 119160.75
0:00:38.426957, 0.0, 1.5414283107572988e-44, 90.00016784667969, 1.5414283107572988e-44, 119161.375
0:00:38.520456, 0.0, 1.5414283107572988e-44, 90.00016784667969, 1.5414283107572988e-44, 119161.9609375
0:00:38.637313, 0.0, 1.5414283107572988e-44, 90.00016784667969, 1.5414283107572988e-44, 119162.6875
0:00:38.728749, 0.0, 1.5414283107572988e-44, 90.00016784667969, 1.5414283107572988e-44, 119163.2578125
0:00:38.841720, 0.0, 1.5414283107572988e-44, 90.00016784667969, 1.5414283107572988e-44, 119163.9765625
0:00:38.938027, 0.0, 1.5414283107572988e-44, 90.00016784667969, 1.5414283107572988e-44, 119164.578125
0:00:39.036862, 0.0, 1.5414283107572988e-44, 90.00016784667969, 1.5414283107572988e-44, 119165.203125
0:00:39.146066, 0.0, 1.5414283107572988e-44, 90.00016784667969, 1.5414283107572988e-44, 119165.890625
0:00:39.245064, 0.0, 1.5414283107572988e-44, 90.00016784667969, 1.5414283107572988e-44, 119166.5234375
0:00:39.350330, 0.0, 1.5414283107572988e-44, 90.00016784667969, 1.5414283107572988e-44, 119167.1796875
0:00:39.436326, 0.0, 1.5414283107572988e-44, 90.00016784667969, 1.5414283107572988e-44, 119167.7265625
0:00:39.553502, 0.0, 1.5414283107572988e-44, 90.00016784667969, 1.5414283107572988e-44, 119168.4609375
0:00:39.639132, 0.0, 1.5414283107572988e-44, 90.00016784667969, 1.5414283107572988e-44, 119169.0
0:00:39.737651, 0.0, 1.5414283107572988e-44, 90.00016784667969, 1.5414283107572988e-44, 119169.6171875
0:00:39.858784, 0.0, 1.5414283107572988e-44, 90.00016784667969, 1.5414283107572988e-44, 119170.3828125
0:00:39.958122, 0.0, 1.5414283107572988e-44, 90.00016784667969, 1.5414283107572988e-44, 119171.015625
0:00:40.056635, 0.0, 1.5414283107572988e-44, 90.00016784667969, 1.5414283107572988e-44, 119171.640625
0:00:40.146130, 0.0, 1.5414283107572988e-44, 90.00016784667969, 1.5414283107572988e-44, 119172.1953125
0:00:40.263692, 0.0, 1.5414283107572988e-44, 90.00016784667969, 1.5414283107572988e-44, 119172.9375
0:00:40.344784, 0.0, 1.5414283107572988e-44, 90.00016784667969, 1.5414283107572988e-44, 119173.4453125
0:00:40.458578, 0.0, 1.5414283107572988e-44, 90.00016784667969, 1.5414283107572988e-44, 119174.1640625
0:00:40.557331, 0.0, 1.5414283107572988e-44, 90.00016784667969, 1.5414283107572988e-44, 119174.7890625
0:00:40.666604, 0.0, 1.5414283107572988e-44, 90.00016784667969, 1.5414283107572988e-44, 119175.484375
0:00:40.754291, 0.0, 1.5414283107572988e-44, 90.00016784667969, 1.5414283107572988e-44, 119176.0390625
0:00:40.867516, 0.0, 1.5414283107572988e-44, 90.00016784667969, 1.5414283107572988e-44, 119176.7578125
0:00:40.965180, 0.0, 1.5414283107572988e-44, 90.00016784667969, 1.5414283107572988e-44, 119177.375
0:00:41.072495, 0.0, 1.5414283107572988e-44, 90.00016784667969, 1.5414283107572988e-44, 119178.046875
0:00:41.168756, 0.0, 1.5414283107572988e-44, 90.00016784667969, 1.5414283107572988e-44, 119178.6484375
0:00:41.258705, 0.0, 1.5414283107572988e-44, 90.00016784667969, 1.5414283107572988e-44, 119179.2109375
0:00:41.345863, 0.0, 1.5414283107572988e-44, 90.00016784667969, 1.5414283107572988e-44, 119179.765625
0:00:41.452055, 0.0, 1.5414283107572988e-44, 90.00016784667969, 1.5414283107572988e-44, 119180.4375
0:00:41.567139, 0.0, 1.5414283107572988e-44, 90.00016784667969, 1.5414283107572988e-44, 119181.15625
0:00:41.654613, 0.0, 1.5414283107572988e-44, 90.00016784667969, 1.5414283107572988e-44, 119181.703125
0:00:41.768738, 0.0, 1.5414283107572988e-44, 90.00016784667969, 1.5414283107572988e-44, 119182.421875
0:00:41.879866, 0.0, 1.5414283107572988e-44, 90.00016784667969, 1.5414283107572988e-44, 119183.125
0:00:41.978580, 0.0, 1.5414283107572988e-44, 90.00016784667969, 1.5414283107572988e-44, 119183.7421875
0:00:42.069278, 0.0, 1.5414283107572988e-44, 90.00016784667969, 1.5414283107572988e-44, 119184.3125
0:00:42.155828, 0.0, 1.5414283107572988e-44, 90.00016784667969, 1.5414283107572988e-44, 119184.859375
0:00:42.264082, 0.0, 1.5414283107572988e-44, 90.00016784667969, 1.5414283107572988e-44, 119185.546875
0:00:42.375984, 0.0, 1.5414283107572988e-44, 90.00016784667969, 1.5414283107572988e-44, 119186.2578125
0:00:42.482170, 0.0, 1.5414283107572988e-44, 90.00016784667969, 1.5414283107572988e-44, 119186.9296875
0:00:42.568880, 0.0, 1.5414283107572988e-44, 90.00016784667969, 1.5414283107572988e-44, 119187.46875
0:00:42.685226, 0.0, 1.5414283107572988e-44, 90.00016784667969, 1.5414283107572988e-44, 119188.203125
0:00:42.770888, 0.0, 1.5414283107572988e-44, 90.00016784667969, 1.5414283107572988e-44, 119188.734375
0:00:42.895650, 0.0, 1.5414283107572988e-44, 90.00016784667969, 1.5414283107572988e-44, 119189.5234375
0:00:42.983302, 0.0, 1.5414283107572988e-44, 90.00016784667969, 1.5414283107572988e-44, 119190.078125
0:00:43.068761, 0.0, 1.5414283107572988e-44, 90.00016784667969, 1.5414283107572988e-44, 119190.6171875
0:00:43.184937, 0.0, 1.5414283107572988e-44, 90.00016784667969, 1.5414283107572988e-44, 119191.34375
0:00:43.295732, 0.0, 1.5414283107572988e-44, 90.00016784667969, 1.5414283107572988e-44, 119192.0390625
0:00:43.374740, 0.0, 1.5414283107572988e-44, 90.00016784667969, 1.5414283107572988e-44, 119192.53125
0:00:43.483055, 0.0, 1.5414283107572988e-44, 90.00016784667969, 1.5414283107572988e-44, 119193.21875
0:00:43.598032, 0.0, 1.5414283107572988e-44, 90.00016784667969, 1.5414283107572988e-44, 119193.9453125
0:00:43.688626, 0.0, 1.5414283107572988e-44, 90.00016784667969, 1.5414283107572988e-44, 119194.515625
0:00:43.801740, 0.0, 1.5414283107572988e-44, 90.00016784667969, 1.5414283107572988e-44, 119195.234375
0:00:43.903585, 0.0, 1.5414283107572988e-44, 90.00016784667969, 1.5414283107572988e-44, 119195.8828125
0:00:43.998014, 0.0, 1.5414283107572988e-44, 90.00016784667969, 1.5414283107572988e-44, 119196.4765625
0:00:44.103668, 0.0, 1.5414283107572988e-44, 90.00016784667969, 1.5414283107572988e-44, 119197.1484375
0:00:44.189906, 0.0, 1.5414283107572988e-44, 90.00016784667969, 1.5414283107572988e-44, 119197.6875
0:00:44.289314, 0.0, 1.5414283107572988e-44, 90.00016784667969, 1.5414283107572988e-44, 119198.3125
0:00:44.396567, 0.0, 1.5414283107572988e-44, 90.00016784667969, 1.5414283107572988e-44, 119198.9921875
0:00:44.509441, 0.0, 1.5414283107572988e-44, 90.00016784667969, 1.5414283107572988e-44, 119199.7109375
0:00:44.595178, 0.0, 1.5414283107572988e-44, 90.00016784667969, 1.5414283107572988e-44, 119200.25
0:00:44.709018, 0.0, 1.5414283107572988e-44, 90.00016784667969, 1.5414283107572988e-44, 119200.9765625
0:00:44.795625, 0.0, 1.5414283107572988e-44, 90.00016784667969, 1.5414283107572988e-44, 119201.515625
0:00:44.908736, 0.0, 1.5414283107572988e-44, 90.00016784667969, 1.5414283107572988e-44, 119202.2265625
0:00:45.008780, 0.0, 1.5414283107572988e-44, 90.00016784667969, 1.5414283107572988e-44, 119202.859375
0:00:45.108381, 0.0, 1.5414283107572988e-44, 90.00016784667969, 1.5414283107572988e-44, 119203.4921875
0:00:45.201725, 0.0, 1.5414283107572988e-44, 90.00016784667969, 1.5414283107572988e-44, 119204.078125
0:00:45.309928, 0.0, 1.5414283107572988e-44, 90.00016784667969, 1.5414283107572988e-44, 119204.7578125
0:00:45.403347, 0.0, 1.5414283107572988e-44, 90.00016784667969, 1.5414283107572988e-44, 119205.34375
0:00:45.521199, 0.0, 1.5414283107572988e-44, 90.00016784667969, 1.5414283107572988e-44, 119206.0859375
0:00:45.620446, 0.0, 1.5414283107572988e-44, 90.00016784667969, 1.5414283107572988e-44, 119206.7109375
0:00:45.711714, 0.0, 1.5414283107572988e-44, 90.00016784667969, 1.5414283107572988e-44, 119207.2890625
0:00:45.823697, 0.0, 1.5414283107572988e-44, 90.00016784667969, 1.5414283107572988e-44, 119207.9921875
0:00:45.917430, 0.0, 1.5414283107572988e-44, 90.00016784667969, 1.5414283107572988e-44, 119208.5859375
0:00:46.033488, 0.0, 1.5414283107572988e-44, 90.00016784667969, 1.5414283107572988e-44, 119209.3203125
0:00:46.119786, 0.0, 1.5414283107572988e-44, 90.00016784667969, 1.5414283107572988e-44, 119209.859375
0:00:46.218450, 0.0, 1.5414283107572988e-44, 90.00016784667969, 1.5414283107572988e-44, 119210.484375
0:00:46.319213, 0.0, 1.5414283107572988e-44, 90.00016784667969, 1.5414283107572988e-44, 119211.125
0:00:46.420783, 0.0, 1.5414283107572988e-44, 90.00016784667969, 1.5414283107572988e-44, 119211.765625
0:00:46.529127, 0.0, 1.5414283107572988e-44, 90.00016784667969, 1.5414283107572988e-44, 119212.453125
0:00:46.625703, 0.0, 1.5414283107572988e-44, 90.00016784667969, 1.5414283107572988e-44, 119213.0625
0:00:46.733386, 0.0, 1.5414283107572988e-44, 90.00016784667969, 1.5414283107572988e-44, 119213.75
0:00:46.820934, 0.0, 1.5414283107572988e-44, 90.00016784667969, 1.5414283107572988e-44, 119214.3046875
0:00:46.930851, 0.0, 1.5414283107572988e-44, 90.00016784667969, 1.5414283107572988e-44, 119214.9921875
0:00:47.020450, 0.0, 1.5414283107572988e-44, 90.00016784667969, 1.5414283107572988e-44, 119215.5546875
0:00:47.134557, 0.0, 1.5414283107572988e-44, 90.00016784667969, 1.5414283107572988e-44, 119216.2734375
0:00:47.249456, 0.0, 1.5414283107572988e-44, 90.00016784667969, 1.5414283107572988e-44, 119217.0
0:00:47.332348, 0.0, 1.5414283107572988e-44, 90.00016784667969, 1.5414283107572988e-44, 119217.5234375
0:00:47.419919, 0.0, 1.5414283107572988e-44, 90.00016784667969, 1.5414283107572988e-44, 119218.078125
0:00:47.535842, 0.0, 1.5414283107572988e-44, 90.00016784667969, 1.5414283107572988e-44, 119218.8125
0:00:47.649800, 0.0, 1.5414283107572988e-44, 90.00016784667969, 1.5414283107572988e-44, 119219.5390625
0:00:47.734380, 0.0, 1.5414283107572988e-44, 90.00016784667969, 1.5414283107572988e-44, 119220.078125
0:00:47.842715, 0.0, 1.5414283107572988e-44, 90.00016784667969, 1.5414283107572988e-44, 119220.75
0:00:47.959776, 0.0, 1.5414283107572988e-44, 90.00016784667969, 1.5414283107572988e-44, 119221.4765625
0:00:48.047202, 0.0, 1.5414283107572988e-44, 90.00016784667969, 1.5414283107572988e-44, 119222.03125
0:00:48.131779, 0.0, 1.5414283107572988e-44, 90.00016784667969, 1.5414283107572988e-44, 119222.5703125
0:00:48.230221, 0.0, 1.5414283107572988e-44, 90.00016784667969, 1.5414283107572988e-44, 119223.1875
0:00:48.362173, 0.0, 1.5414283107572988e-44, 90.00016784667969, 1.5414283107572988e-44, 119224.015625
0:00:48.460253, 0.0, 1.5414283107572988e-44, 90.00016784667969, 1.5414283107572988e-44, 119224.6328125
0:00:48.555218, 0.0, 1.5414283107572988e-44, 90.00016784667969, 1.5414283107572988e-44, 119225.2265625
0:00:48.665150, 0.0, 1.5414283107572988e-44, 90.00016784667969, 1.5414283107572988e-44, 119225.921875
0:00:48.761343, 0.0, 1.5414283107572988e-44, 90.00016784667969, 1.5414283107572988e-44, 119226.53125
0:00:48.855535, 0.0, 1.5414283107572988e-44, 90.00016784667969, 1.5414283107572988e-44, 119227.1171875
0:00:48.966633, 0.0, 1.5414283107572988e-44, 90.00016784667969, 1.5414283107572988e-44, 119227.8125
0:00:49.050990, 0.0, 1.5414283107572988e-44, 90.00016784667969, 1.5414283107572988e-44, 119228.34375
0:00:49.151232, 0.0, 1.5414283107572988e-44, 90.00016784667969, 1.5414283107572988e-44, 119228.9765625
0:00:49.271447, 0.0, 1.5414283107572988e-44, 90.00016784667969, 1.5414283107572988e-44, 119229.7265625
0:00:49.343788, 0.0, 1.5414283107572988e-44, 90.00016784667969, 1.5414283107572988e-44, 119230.1796875
0:00:49.471095, 0.0, 1.5414283107572988e-44, 90.00016784667969, 1.5414283107572988e-44, 119230.984375
0:00:49.581074, 0.0, 1.5414283107572988e-44, 90.00016784667969, 1.5414283107572988e-44, 119231.6640625
0:00:49.675734, 0.0, 1.5414283107572988e-44, 90.00016784667969, 1.5414283107572988e-44, 119232.265625
0:00:49.771710, 0.0, 1.5414283107572988e-44, 90.00016784667969, 1.5414283107572988e-44, 119232.875
0:00:49.862679, 0.0, 1.5414283107572988e-44, 90.00016784667969, 1.5414283107572988e-44, 119233.453125
0:00:49.972234, 0.0, 1.5414283107572988e-44, 90.00016784667969, 1.5414283107572988e-44, 119234.140625
0:00:50.070919, 0.0, 1.5414283107572988e-44, 90.00016784667969, 1.5414283107572988e-44, 119234.765625
0:00:50.158424, 0.0, 1.5414283107572988e-44, 90.00016784667969, 1.5414283107572988e-44, 119235.3203125
0:00:50.272282, 0.0, 1.5414283107572988e-44, 90.00016784667969, 1.5414283107572988e-44, 119236.0390625
0:00:50.364320, 0.0, 1.5414283107572988e-44, 90.00016784667969, 1.5414283107572988e-44, 119236.6171875
0:00:50.481231, 0.0, 1.5414283107572988e-44, 90.00016784667969, 1.5414283107572988e-44, 119237.359375
0:00:50.674887, 0.0, 1.5414283107572988e-44, 90.00016784667969, 1.5414283107572988e-44, 119238.5859375
0:00:50.770695, 0.0, 1.5414283107572988e-44, 90.00016784667969, 1.5414283107572988e-44, 119239.1875
0:00:50.871511, 0.0, 1.5414283107572988e-44, 90.00016784667969, 1.5414283107572988e-44, 119239.8203125
0:00:50.981443, 0.0, 1.5414283107572988e-44, 90.00016784667969, 1.5414283107572988e-44, 119240.515625
0:00:51.075757, 0.0, 1.5414283107572988e-44, 90.00016784667969, 1.5414283107572988e-44, 119241.109375
0:00:51.191315, 0.0, 1.5414283107572988e-44, 90.00016784667969, 1.5414283107572988e-44, 119241.84375
0:00:51.289013, 0.0, 1.5414283107572988e-44, 90.00016784667969, 1.5414283107572988e-44, 119242.453125
0:00:51.373752, 0.0, 1.5414283107572988e-44, 90.00016784667969, 1.5414283107572988e-44, 119242.9921875
0:00:51.497366, 0.0, 1.5414283107572988e-44, 90.00016784667969, 1.5414283107572988e-44, 119243.7734375
0:00:51.591706, 0.0, 1.5414283107572988e-44, 90.00016784667969, 1.5414283107572988e-44, 119244.359375
0:00:51.692472, 0.0, 1.5414283107572988e-44, 90.00016784667969, 1.5414283107572988e-44, 119245.0
0:00:51.782349, 0.0, 1.5414283107572988e-44, 90.00016784667969, 1.5414283107572988e-44, 119245.5625
0:00:51.892523, 0.0, 1.5414283107572988e-44, 90.00016784667969, 1.5414283107572988e-44, 119246.265625
0:00:51.986941, 0.0, 1.5414283107572988e-44, 90.00016784667969, 1.5414283107572988e-44, 119246.859375
0:00:52.083065, 0.0, 1.5414283107572988e-44, 90.00016784667969, 1.5414283107572988e-44, 119247.46875
0:00:52.183506, 0.0, 1.5414283107572988e-44, 90.00016784667969, 1.5414283107572988e-44, 119248.109375
0:00:52.275865, 0.0, 1.5414283107572988e-44, 90.00016784667969, 1.5414283107572988e-44, 119248.6875
0:00:52.387953, 0.0, 1.5414283107572988e-44, 90.00016784667969, 1.5414283107572988e-44, 119249.3984375
0:00:52.501073, 0.0, 1.5414283107572988e-44, 90.00016784667969, 1.5414283107572988e-44, 119250.125
0:00:52.587548, 0.0, 1.5414283107572988e-44, 90.00016784667969, 1.5414283107572988e-44, 119250.6640625
0:00:52.699796, 0.0, 1.5414283107572988e-44, 90.00016784667969, 1.5414283107572988e-44, 119251.3671875
0:00:52.809615, 0.0, 1.5414283107572988e-44, 90.00016784667969, 1.5414283107572988e-44, 119252.0625
0:00:52.891079, 0.0, 1.5414283107572988e-44, 90.00016784667969, 1.5414283107572988e-44, 119252.578125
0:00:53.005595, 0.0, 1.5414283107572988e-44, 90.00016784667969, 1.5414283107572988e-44, 119253.3125
0:00:53.103600, 0.0, 1.5414283107572988e-44, 90.00016784667969, 1.5414283107572988e-44, 119253.921875
0:00:53.196103, 0.0, 1.5414283107572988e-44, 90.00016784667969, 1.5414283107572988e-44, 119254.5078125
0:00:53.312206, 0.0, 1.5414283107572988e-44, 90.00016784667969, 1.5414283107572988e-44, 119255.234375
0:00:53.394856, 0.0, 1.5414283107572988e-44, 90.00016784667969, 1.5414283107572988e-44, 119255.7578125
0:00:53.496811, 0.0, 1.5414283107572988e-44, 90.00016784667969, 1.5414283107572988e-44, 119256.3984375
0:00:53.592969, 0.0, 1.5414283107572988e-44, 90.00016784667969, 1.5414283107572988e-44, 119257.0
0:00:53.710118, 0.0, 1.5414283107572988e-44, 90.00016784667969, 1.5414283107572988e-44, 119257.734375
0:00:53.798995, 0.0, 1.5414283107572988e-44, 90.00016784667969, 1.5414283107572988e-44, 119258.296875
0:00:53.912564, 0.0, 1.5414283107572988e-44, 90.00016784667969, 1.5414283107572988e-44, 119259.015625
0:00:54.005679, 0.0, 1.5414283107572988e-44, 90.00016784667969, 1.5414283107572988e-44, 119259.609375
0:00:54.101560, 0.0, 1.5414283107572988e-44, 90.00016784667969, 1.5414283107572988e-44, 119260.2109375
0:00:54.210455, 0.0, 1.5414283107572988e-44, 90.00016784667969, 1.5414283107572988e-44, 119260.890625
0:00:54.295510, 0.0, 1.5414283107572988e-44, 90.00016784667969, 1.5414283107572988e-44, 119261.4296875
0:00:54.412519, 0.0, 1.5414283107572988e-44, 90.00016784667969, 1.5414283107572988e-44, 119262.171875
0:00:54.521856, 0.0, 1.5414283107572988e-44, 90.00016784667969, 1.5414283107572988e-44, 119262.859375
0:00:54.629046, 0.0, 1.5414283107572988e-44, 90.00016784667969, 1.5414283107572988e-44, 119263.53125
0:00:54.719428, 0.0, 1.5414283107572988e-44, 90.00016784667969, 1.5414283107572988e-44, 119264.1015625
0:00:54.829311, 0.0, 1.5414283107572988e-44, 90.00016784667969, 1.5414283107572988e-44, 119264.796875
0:00:54.918113, 0.0, 1.5414283107572988e-44, 90.00016784667969, 1.5414283107572988e-44, 119265.3671875
0:00:55.012817, 0.0, 1.5414283107572988e-44, 90.00016784667969, 1.5414283107572988e-44, 119265.9609375
0:00:55.110361, 0.0, 1.5414283107572988e-44, 90.00016784667969, 1.5414283107572988e-44, 119266.578125
0:00:55.218763, 0.0, 1.5414283107572988e-44, 90.00016784667969, 1.5414283107572988e-44, 119267.265625
0:00:55.306344, 0.0, 1.5414283107572988e-44, 90.00016784667969, 1.5414283107572988e-44, 119267.8203125
0:00:55.423214, 0.0, 1.5414283107572988e-44, 90.00016784667969, 1.5414283107572988e-44, 119268.5625
0:00:55.528606, 0.0, 1.5414283107572988e-44, 90.00016784667969, 1.5414283107572988e-44, 119269.2265625
0:00:55.614256, 0.0, 1.5414283107572988e-44, 90.00016784667969, 1.5414283107572988e-44, 119269.765625
0:00:55.731038, 0.0, 1.5414283107572988e-44, 90.00016784667969, 1.5414283107572988e-44, 119270.5
0:00:55.817587, 0.0, 1.5414283107572988e-44, 90.00016784667969, 1.5414283107572988e-44, 119271.0546875
0:00:55.924974, 0.0, 1.5414283107572988e-44, 90.00016784667969, 1.5414283107572988e-44, 119271.7265625
0:00:56.022503, 0.0, 1.5414283107572988e-44, 90.00016784667969, 1.5414283107572988e-44, 119272.34375
0:00:56.114554, 0.0, 1.5414283107572988e-44, 90.00016784667969, 1.5414283107572988e-44, 119272.9296875
0:00:56.231141, 0.0, 1.5414283107572988e-44, 90.00016784667969, 1.5414283107572988e-44, 119273.6640625
0:00:56.343684, 0.0, 1.5414283107572988e-44, 90.00016784667969, 1.5414283107572988e-44, 119274.375
0:00:56.444178, 0.0, 1.5414283107572988e-44, 90.00016784667969, 1.5414283107572988e-44, 119275.015625
0:00:56.543624, 0.0, 1.5414283107572988e-44, 90.00016784667969, 1.5414283107572988e-44, 119275.6328125
0:00:56.631128, 0.0, 1.5414283107572988e-44, 90.00016784667969, 1.5414283107572988e-44, 119276.1875
0:00:56.744098, 0.0, 1.5414283107572988e-44, 90.00016784667969, 1.5414283107572988e-44, 119276.8984375
0:00:56.856189, 0.0, 1.5414283107572988e-44, 90.00016784667969, 1.5414283107572988e-44, 119277.6015625
0:00:56.953040, 0.0, 1.5414283107572988e-44, 90.00016784667969, 1.5414283107572988e-44, 119278.2109375
0:00:57.046234, 0.0, 1.5414283107572988e-44, 90.00016784667969, 1.5414283107572988e-44, 119278.796875
0:00:57.159928, 0.0, 1.5414283107572988e-44, 90.00016784667969, 1.5414283107572988e-44, 119279.515625
0:00:57.243402, 0.0, 1.5414283107572988e-44, 90.00016784667969, 1.5414283107572988e-44, 119280.046875
0:00:57.337432, 0.0, 1.5414283107572988e-44, 90.00016784667969, 1.5414283107572988e-44, 119280.640625
0:00:57.453680, 0.0, 1.5414283107572988e-44, 90.00016784667969, 1.5414283107572988e-44, 119281.375
0:00:57.541230, 0.0, 1.5414283107572988e-44, 90.00016784667969, 1.5414283107572988e-44, 119281.9296875
0:00:57.650945, 0.0, 1.5414283107572988e-44, 90.00016784667969, 1.5414283107572988e-44, 119282.625
0:00:57.736551, 0.0, 1.5414283107572988e-44, 90.00016784667969, 1.5414283107572988e-44, 119283.1640625
0:00:57.851656, 0.0, 1.5414283107572988e-44, 90.00016784667969, 1.5414283107572988e-44, 119283.890625
0:00:57.966652, 0.0, 1.5414283107572988e-44, 90.00016784667969, 1.5414283107572988e-44, 119284.625
0:00:58.053161, 0.0, 1.5414283107572988e-44, 90.00016784667969, 1.5414283107572988e-44, 119285.171875
0:00:58.153815, 0.0, 1.5414283107572988e-44, 90.00016784667969, 1.5414283107572988e-44, 119285.8046875
0:00:58.254484, 0.0, 1.5414283107572988e-44, 90.00016784667969, 1.5414283107572988e-44, 119286.4375
0:00:58.336507, 0.0, 1.5414283107572988e-44, 90.00016784667969, 1.5414283107572988e-44, 119286.953125
0:00:58.448564, 0.0, 1.5414283107572988e-44, 90.00016784667969, 1.5414283107572988e-44, 119287.65625
0:00:58.573590, 0.0, 1.5414283107572988e-44, 90.00016784667969, 1.5414283107572988e-44, 119288.4375
0:00:58.645125, 0.0, 1.5414283107572988e-44, 90.00016784667969, 1.5414283107572988e-44, 119288.890625
0:00:58.743738, 0.0, 1.5414283107572988e-44, 90.00016784667969, 1.5414283107572988e-44, 119289.5078125
0:00:58.865283, 0.0, 1.5414283107572988e-44, 90.00016784667969, 1.5414283107572988e-44, 119290.2734375
0:00:58.964837, 0.0, 1.5414283107572988e-44, 90.00016784667969, 1.5414283107572988e-44, 119290.8984375
0:00:59.072842, 0.0, 1.5414283107572988e-44, 90.00016784667969, 1.5414283107572988e-44, 119291.578125
0:00:59.159008, 0.0, 1.5414283107572988e-44, 90.00016784667969, 1.5414283107572988e-44, 119292.125
0:00:59.269808, 0.0, 1.5414283107572988e-44, 90.00016784667969, 1.5414283107572988e-44, 119292.828125
0:00:59.356371, 0.0, 1.5414283107572988e-44, 90.00016784667969, 1.5414283107572988e-44, 119293.3828125
0:00:59.479317, 0.0, 1.5414283107572988e-44, 90.00016784667969, 1.5414283107572988e-44, 119294.15625
0:00:59.571880, 0.0, 1.5414283107572988e-44, 90.00016784667969, 1.5414283107572988e-44, 119294.734375
0:00:59.684253, 0.0, 1.5414283107572988e-44, 90.00016784667969, 1.5414283107572988e-44, 119295.4453125
0:00:59.784165, 0.0, 1.5414283107572988e-44, 90.00016784667969, 1.5414283107572988e-44, 119296.0703125
0:00:59.876660, 0.0, 1.5414283107572988e-44, 90.00016784667969, 1.5414283107572988e-44, 119296.6484375
0:00:59.975239, 0.0, 1.5414283107572988e-44, 90.00016784667969, 1.5414283107572988e-44, 119297.265625
0:01:00.075265, 0.0, 1.5414283107572988e-44, 90.00016784667969, 1.5414283107572988e-44, 119297.890625
0:01:00.187724, 0.0, 1.5414283107572988e-44, 90.00016784667969, 1.5414283107572988e-44, 119298.6015625
0:01:00.275256, 0.0, 1.5414283107572988e-44, 90.00016784667969, 1.5414283107572988e-44, 119299.140625
0:01:00.386768, 0.0, 1.5414283107572988e-44, 90.00016784667969, 1.5414283107572988e-44, 119299.84375
0:01:00.472925, 0.0, 1.5414283107572988e-44, 90.00016784667969, 1.5414283107572988e-44, 119300.390625
0:01:00.582304, 0.0, 1.5414283107572988e-44, 90.00016784667969, 1.5414283107572988e-44, 119301.078125
0:01:00.666670, 0.0, 1.5414283107572988e-44, 90.00016784667969, 1.5414283107572988e-44, 119301.609375
0:01:00.776346, 0.0, 1.5414283107572988e-44, 90.00016784667969, 1.5414283107572988e-44, 119302.3125
0:01:00.871861, 0.0, 1.5414283107572988e-44, 90.00016784667969, 1.5414283107572988e-44, 119302.9140625
0:01:00.986765, 0.0, 1.5414283107572988e-44, 90.00016784667969, 1.5414283107572988e-44, 119303.6484375
0:01:01.084287, 0.0, 1.5414283107572988e-44, 90.00016784667969, 1.5414283107572988e-44, 119304.265625
0:01:01.196341, 0.0, 1.5414283107572988e-44, 90.00016784667969, 1.5414283107572988e-44, 119304.96875
0:01:01.284861, 0.0, 1.5414283107572988e-44, 90.00016784667969, 1.5414283107572988e-44, 119305.5234375
0:01:01.385555, 0.0, 1.5414283107572988e-44, 90.00016784667969, 1.5414283107572988e-44, 119306.15625
0:01:01.477343, 0.0, 1.5414283107572988e-44, 90.00016784667969, 1.5414283107572988e-44, 119306.734375
0:01:01.591301, 0.0, 1.5414283107572988e-44, 90.00016784667969, 1.5414283107572988e-44, 119307.453125
0:01:01.673164, 0.0, 1.5414283107572988e-44, 90.00016784667969, 1.5414283107572988e-44, 119307.96875
0:01:01.786167, 0.0, 1.5414283107572988e-44, 90.00016784667969, 1.5414283107572988e-44, 119308.6796875
0:01:01.898419, 0.0, 1.5414283107572988e-44, 90.00016784667969, 1.5414283107572988e-44, 119309.375
0:01:01.991838, 0.0, 1.5414283107572988e-44, 90.00016784667969, 1.5414283107572988e-44, 119309.9609375
0:01:02.077254, 0.0, 1.5414283107572988e-44, 90.00016784667969, 1.5414283107572988e-44, 119310.5
0:01:02.184716, 0.0, 1.5414283107572988e-44, 90.00016784667969, 1.5414283107572988e-44, 119311.1796875
0:01:02.311154, 0.0, 1.5414283107572988e-44, 90.00016784667969, 1.5414283107572988e-44, 119311.984375
0:01:02.406657, 0.0, 1.5414283107572988e-44, 90.00016784667969, 1.5414283107572988e-44, 119312.5859375
0:01:02.507744, 0.0, 1.5414283107572988e-44, 90.00016784667969, 1.5414283107572988e-44, 119313.2265625
0:01:02.607066, 0.0, 1.5414283107572988e-44, 90.00016784667969, 1.5414283107572988e-44, 119313.8515625
0:01:02.705784, 0.0, 1.5414283107572988e-44, 90.00016784667969, 1.5414283107572988e-44, 119314.4765625
0:01:02.798496, 0.0, 1.5414283107572988e-44, 90.00016784667969, 1.5414283107572988e-44, 119315.0625
0:01:02.913853, 0.0, 1.5414283107572988e-44, 90.00016784667969, 1.5414283107572988e-44, 119315.7890625
0:01:03.001062, 0.0, 1.5414283107572988e-44, 90.00016784667969, 1.5414283107572988e-44, 119316.34375
0:01:03.105313, 0.0, 1.5414283107572988e-44, 90.00016784667969, 1.5414283107572988e-44, 119317.0
0:01:03.192889, 0.0, 1.5414283107572988e-44, 90.00016784667969, 1.5414283107572988e-44, 119317.5546875
0:01:03.305879, 0.0, 1.5414283107572988e-44, 90.00016784667969, 1.5414283107572988e-44, 119318.2734375
0:01:03.416306, 0.0, 1.5414283107572988e-44, 90.00016784667969, 1.5414283107572988e-44, 119318.9765625
0:01:03.527403, 0.0, 1.5414283107572988e-44, 90.00016784667969, 1.5414283107572988e-44, 119319.6796875
0:01:03.628701, 0.0, 1.5414283107572988e-44, 90.00016784667969, 1.5414283107572988e-44, 119320.3046875
0:01:03.727056, 0.0, 1.5414283107572988e-44, 90.00016784667969, 1.5414283107572988e-44, 119320.921875
0:01:03.811536, 0.0, 1.5414283107572988e-44, 90.00016784667969, 1.5414283107572988e-44, 119321.4609375
0:01:03.919098, 0.0, 1.5414283107572988e-44, 90.00016784667969, 1.5414283107572988e-44, 119322.1328125
0:01:04.029531, 0.0, 1.5414283107572988e-44, 90.00016784667969, 1.5414283107572988e-44, 119322.8203125
0:01:04.115937, 0.0, 1.5414283107572988e-44, 90.00016784667969, 1.5414283107572988e-44, 119323.3671875
0:01:04.215574, 0.0, 1.5414283107572988e-44, 90.00016784667969, 1.5414283107572988e-44, 119324.0
0:01:04.333969, 0.0, 1.5414283107572988e-44, 90.00016784667969, 1.5414283107572988e-44, 119324.75
0:01:04.422784, 0.0, 1.5414283107572988e-44, 90.00016784667969, 1.5414283107572988e-44, 119325.3125
0:01:04.534545, 0.0, 1.5414283107572988e-44, 90.00016784667969, 1.5414283107572988e-44, 119326.0234375
0:01:04.639962, 0.0, 1.5414283107572988e-44, 90.00016784667969, 1.5414283107572988e-44, 119326.6796875
0:01:04.720811, 0.0, 1.5414283107572988e-44, 90.00016784667969, 1.5414283107572988e-44, 119327.1875
0:01:04.835866, 0.0, 1.5414283107572988e-44, 90.00016784667969, 1.5414283107572988e-44, 119327.90625
0:01:04.922448, 0.0, 1.5414283107572988e-44, 90.00016784667969, 1.5414283107572988e-44, 119328.453125
0:01:05.034298, 0.0, 1.5414283107572988e-44, 90.00016784667969, 1.5414283107572988e-44, 119329.15625
0:01:05.141776, 0.0, 1.5414283107572988e-44, 90.00016784667969, 1.5414283107572988e-44, 119329.8359375
0:01:05.228164, 0.0, 1.5414283107572988e-44, 90.00016784667969, 1.5414283107572988e-44, 119330.390625
0:01:05.324279, 0.0, 1.5414283107572988e-44, 90.00016784667969, 1.5414283107572988e-44, 119331.0
0:01:05.431539, 0.0, 1.5414283107572988e-44, 90.00016784667969, 1.5414283107572988e-44, 119331.6796875
0:01:05.551639, 0.0, 1.5414283107572988e-44, 90.00016784667969, 1.5414283107572988e-44, 119332.4296875
0:01:05.649389, 0.0, 1.5414283107572988e-44, 90.00016784667969, 1.5414283107572988e-44, 119333.046875
0:01:05.746949, 0.0, 1.5414283107572988e-44, 90.00016784667969, 1.5414283107572988e-44, 119333.65625
0:01:05.829510, 0.0, 1.5414283107572988e-44, 90.00016784667969, 1.5414283107572988e-44, 119334.1875
0:01:05.951525, 0.0, 1.5414283107572988e-44, 90.00016784667969, 1.5414283107572988e-44, 119334.9609375
0:01:06.047815, 0.0, 1.5414283107572988e-44, 90.00016784667969, 1.5414283107572988e-44, 119335.5625
0:01:06.146568, 0.0, 1.5414283107572988e-44, 90.00016784667969, 1.5414283107572988e-44, 119336.1875
0:01:06.259520, 0.0, 1.5414283107572988e-44, 90.00016784667969, 1.5414283107572988e-44, 119336.90625
0:01:06.340659, 0.0, 1.5414283107572988e-44, 90.00016784667969, 1.5414283107572988e-44, 119337.4296875
0:01:06.438606, 0.0, 1.5414283107572988e-44, 90.00016784667969, 1.5414283107572988e-44, 119338.046875
0:01:06.536102, 0.0, 1.5414283107572988e-44, 90.00016784667969, 1.5414283107572988e-44, 119338.6640625
0:01:06.635738, 0.0, 1.5414283107572988e-44, 90.00016784667969, 1.5414283107572988e-44, 119339.296875
0:01:06.749697, 0.0, 1.5414283107572988e-44, 90.00016784667969, 1.5414283107572988e-44, 119340.015625
0:01:06.863873, 0.0, 1.5414283107572988e-44, 90.00016784667969, 1.5414283107572988e-44, 119340.7265625
0:01:06.951170, 0.0, 1.5414283107572988e-44, 90.00016784667969, 1.5414283107572988e-44, 119341.28125
0:01:07.064621, 0.0, 1.5414283107572988e-44, 90.00016784667969, 1.5414283107572988e-44, 119342.0
0:01:07.150176, 0.0, 1.5414283107572988e-44, 90.00016784667969, 1.5414283107572988e-44, 119342.546875
0:01:07.268079, 0.0, 1.5414283107572988e-44, 90.00016784667969, 1.5414283107572988e-44, 119343.28125
0:01:07.357588, 0.0, 1.5414283107572988e-44, 90.00016784667969, 1.5414283107572988e-44, 119343.8515625
0:01:07.454070, 0.0, 1.5414283107572988e-44, 90.00016784667969, 1.5414283107572988e-44, 119344.4609375
0:01:07.572221, 0.0, 1.5414283107572988e-44, 90.00016784667969, 1.5414283107572988e-44, 119345.203125
0:01:07.655546, 0.0, 1.5414283107572988e-44, 90.00016784667969, 1.5414283107572988e-44, 119345.734375
0:01:07.769652, 0.0, 1.5414283107572988e-44, 90.00016784667969, 1.5414283107572988e-44, 119346.453125
0:01:07.846410, 0.0, 1.5414283107572988e-44, 90.00016784667969, 1.5414283107572988e-44, 119346.9375
0:01:07.958431, 0.0, 1.5414283107572988e-44, 90.00016784667969, 1.5414283107572988e-44, 119347.640625
0:01:08.073495, 0.0, 1.5414283107572988e-44, 90.00016784667969, 1.5414283107572988e-44, 119348.3671875
0:01:08.168281, 0.0, 1.5414283107572988e-44, 90.00016784667969, 1.5414283107572988e-44, 119348.96875
0:01:08.255900, 0.0, 1.5414283107572988e-44, 90.00016784667969, 1.5414283107572988e-44, 119349.5234375
0:01:08.382169, 0.0, 1.5414283107572988e-44, 90.00016784667969, 1.5414283107572988e-44, 119350.3203125
0:01:08.467556, 0.0, 1.5414283107572988e-44, 90.00016784667969, 1.5414283107572988e-44, 119350.859375
0:01:08.580809, 0.0, 1.5414283107572988e-44, 90.00016784667969, 1.5414283107572988e-44, 119351.5703125
0:01:08.669362, 0.0, 1.5414283107572988e-44, 90.00016784667969, 1.5414283107572988e-44, 119352.1171875
0:01:08.767638, 0.0, 1.5414283107572988e-44, 90.00016784667969, 1.5414283107572988e-44, 119352.734375
0:01:08.880821, 0.0, 1.5414283107572988e-44, 90.00016784667969, 1.5414283107572988e-44, 119353.4453125
0:01:08.967678, 0.0, 1.5414283107572988e-44, 90.00016784667969, 1.5414283107572988e-44, 119353.9921875
0:01:09.067974, 0.0, 1.5414283107572988e-44, 90.00016784667969, 1.5414283107572988e-44, 119354.625
0:01:09.168693, 0.0, 1.5414283107572988e-44, 90.00016784667969, 1.5414283107572988e-44, 119355.2578125
0:01:09.281700, 0.0, 1.5414283107572988e-44, 90.00016784667969, 1.5414283107572988e-44, 119355.9609375
0:01:09.368291, 0.0, 1.5414283107572988e-44, 90.00016784667969, 1.5414283107572988e-44, 119356.5078125
0:01:09.467734, 0.0, 1.5414283107572988e-44, 90.00016784667969, 1.5414283107572988e-44, 119357.140625
0:01:09.584631, 0.0, 1.5414283107572988e-44, 90.00016784667969, 1.5414283107572988e-44, 119357.875
0:01:09.670341, 0.0, 1.5414283107572988e-44, 90.00016784667969, 1.5414283107572988e-44, 119358.4140625
0:01:09.783425, 0.0, 1.5414283107572988e-44, 90.00016784667969, 1.5414283107572988e-44, 119359.1328125
0:01:09.876639, 0.0, 1.5414283107572988e-44, 90.00016784667969, 1.5414283107572988e-44, 119359.7265625
0:01:09.992731, 0.0, 1.5414283107572988e-44, 90.00016784667969, 1.5414283107572988e-44, 119360.4609375
0:01:10.078363, 0.0, 1.5414283107572988e-44, 90.00016784667969, 1.5414283107572988e-44, 119361.0
0:01:10.179077, 0.0, 1.5414283107572988e-44, 90.00016784667969, 1.5414283107572988e-44, 119361.640625
0:01:10.293211, 0.0, 1.5414283107572988e-44, 90.00016784667969, 1.5414283107572988e-44, 119362.3671875
0:01:10.376461, 0.0, 1.5414283107572988e-44, 90.00016784667969, 1.5414283107572988e-44, 119362.890625
0:01:10.483716, 0.0, 1.5414283107572988e-44, 90.00016784667969, 1.5414283107572988e-44, 119363.5625
0:01:10.580006, 0.0, 1.5414283107572988e-44, 90.00016784667969, 1.5414283107572988e-44, 119364.171875
0:01:10.679838, 0.0, 1.5414283107572988e-44, 90.00016784667969, 1.5414283107572988e-44, 119364.796875
0:01:10.799138, 0.0, 1.5414283107572988e-44, 90.00016784667969, 1.5414283107572988e-44, 119365.546875
0:01:10.899076, 0.0, 1.5414283107572988e-44, 90.00016784667969, 1.5414283107572988e-44, 119366.171875
0:01:10.986592, 0.0, 1.5414283107572988e-44, 90.00016784667969, 1.5414283107572988e-44, 119366.7265625
0:01:11.098803, 0.0, 1.5414283107572988e-44, 90.00016784667969, 1.5414283107572988e-44, 119367.4296875
0:01:11.180685, 0.0, 1.5414283107572988e-44, 90.00016784667969, 1.5414283107572988e-44, 119367.9453125
0:01:11.293601, 0.0, 1.5414283107572988e-44, 90.00016784667969, 1.5414283107572988e-44, 119368.6484375
0:01:11.408193, 0.0, 1.5414283107572988e-44, 90.00016784667969, 1.5414283107572988e-44, 119369.375
0:01:11.490333, 0.0, 1.5414283107572988e-44, 90.00016784667969, 1.5414283107572988e-44, 119369.8984375
0:01:11.605008, 0.0, 1.5414283107572988e-44, 90.00016784667969, 1.5414283107572988e-44, 119370.6171875
0:01:11.699594, 0.0, 1.5414283107572988e-44, 90.00016784667969, 1.5414283107572988e-44, 119371.21875
0:01:11.816924, 0.0, 1.5414283107572988e-44, 90.00016784667969, 1.5414283107572988e-44, 119371.953125
0:01:11.894964, 0.0, 1.5414283107572988e-44, 90.00016784667969, 1.5414283107572988e-44, 119372.453125
0:01:12.011173, 0.0, 1.5414283107572988e-44, 90.00016784667969, 1.5414283107572988e-44, 119373.1875
0:01:12.093246, 0.0, 1.5414283107572988e-44, 90.00016784667969, 1.5414283107572988e-44, 119373.703125
0:01:12.204183, 0.0, 1.5414283107572988e-44, 90.00016784667969, 1.5414283107572988e-44, 119374.40625
0:01:12.302333, 0.0, 1.5414283107572988e-44, 90.00016784667969, 1.5414283107572988e-44, 119375.03125
0:01:12.400043, 0.0, 1.5414283107572988e-44, 90.00016784667969, 1.5414283107572988e-44, 119375.640625
0:01:12.514081, 0.0, 1.5414283107572988e-44, 90.00016784667969, 1.5414283107572988e-44, 119376.3671875
0:01:12.610553, 0.0, 1.5414283107572988e-44, 90.00016784667969, 1.5414283107572988e-44, 119376.9765625
0:01:12.703980, 0.0, 1.5414283107572988e-44, 90.00016784667969, 1.5414283107572988e-44, 119377.5703125
0:01:12.826064, 0.0, 1.5414283107572988e-44, 90.00016784667969, 1.5414283107572988e-44, 119378.3359375
0:01:12.912601, 0.0, 1.5414283107572988e-44, 90.00016784667969, 1.5414283107572988e-44, 119378.890625
0:01:13.025383, 0.0, 1.5414283107572988e-44, 90.00016784667969, 1.5414283107572988e-44, 119379.59375
0:01:13.111857, 0.0, 1.5414283107572988e-44, 90.00016784667969, 1.5414283107572988e-44, 119380.1484375
0:01:13.206270, 0.0, 1.5414283107572988e-44, 90.00016784667969, 1.5414283107572988e-44, 119380.75
0:01:13.320670, 0.0, 1.5414283107572988e-44, 90.00016784667969, 1.5414283107572988e-44, 119381.46875
0:01:13.429524, 0.0, 1.5414283107572988e-44, 90.00016784667969, 1.5414283107572988e-44, 119382.1484375
0:01:13.529730, 0.0, 1.5414283107572988e-44, 90.00016784667969, 1.5414283107572988e-44, 119382.7734375
0:01:13.630308, 0.0, 1.5414283107572988e-44, 90.00016784667969, 1.5414283107572988e-44, 119383.40625
0:01:13.730823, 0.0, 1.5414283107572988e-44, 90.00016784667969, 1.5414283107572988e-44, 119384.0390625
0:01:13.818205, 0.0, 1.5414283107572988e-44, 90.00016784667969, 1.5414283107572988e-44, 119384.5859375
0:01:13.932045, 0.0, 1.5414283107572988e-44, 90.00016784667969, 1.5414283107572988e-44, 119385.3046875
0:01:14.029870, 0.0, 1.5414283107572988e-44, 90.00016784667969, 1.5414283107572988e-44, 119385.921875
0:01:14.121870, 0.0, 1.5414283107572988e-44, 90.00016784667969, 1.5414283107572988e-44, 119386.5
0:01:14.230655, 0.0, 1.5414283107572988e-44, 90.00016784667969, 1.5414283107572988e-44, 119387.1796875
0:01:14.328408, 0.0, 1.5414283107572988e-44, 90.00016784667969, 1.5414283107572988e-44, 119387.7890625
0:01:14.436255, 0.0, 1.5414283107572988e-44, 90.00016784667969, 1.5414283107572988e-44, 119388.4765625
0:01:14.550106, 0.0, 1.5414283107572988e-44, 90.00016784667969, 1.5414283107572988e-44, 119389.1953125
0:01:14.634645, 0.0, 1.5414283107572988e-44, 90.00016784667969, 1.5414283107572988e-44, 119389.7265625
0:01:14.731243, 0.0, 1.5414283107572988e-44, 90.00016784667969, 1.5414283107572988e-44, 119390.3359375
0:01:14.851323, 0.0, 1.5414283107572988e-44, 90.00016784667969, 1.5414283107572988e-44, 119391.09375
0:01:14.937643, 0.0, 1.5414283107572988e-44, 90.00016784667969, 1.5414283107572988e-44, 119391.6484375
0:01:15.025216, 0.0, 1.5414283107572988e-44, 90.00016784667969, 1.5414283107572988e-44, 119392.203125
0:01:15.140236, 0.0, 1.5414283107572988e-44, 90.00016784667969, 1.5414283107572988e-44, 119392.9375
0:01:15.250449, 0.0, 1.5414283107572988e-44, 90.00016784667969, 1.5414283107572988e-44, 119393.6328125
0:01:15.350779, 0.0, 1.5414283107572988e-44, 90.00016784667969, 1.5414283107572988e-44, 119394.265625
0:01:15.442415, 0.0, 1.5414283107572988e-44, 90.00016784667969, 1.5414283107572988e-44, 119394.8515625
0:01:15.554312, 0.0, 1.5414283107572988e-44, 90.00016784667969, 1.5414283107572988e-44, 119395.5546875
0:01:15.640805, 0.0, 1.5414283107572988e-44, 90.00016784667969, 1.5414283107572988e-44, 119396.1015625
0:01:15.733652, 0.0, 1.5414283107572988e-44, 90.00016784667969, 1.5414283107572988e-44, 119396.6875
0:01:15.844355, 0.0, 1.5414283107572988e-44, 90.00016784667969, 1.5414283107572988e-44, 119397.3828125
0:01:15.958348, 0.0, 1.5414283107572988e-44, 90.00016784667969, 1.5414283107572988e-44, 119398.1015625
0:01:16.043913, 0.0, 1.5414283107572988e-44, 90.00016784667969, 1.5414283107572988e-44, 119398.640625
0:01:16.141804, 0.0, 1.5414283107572988e-44, 90.00016784667969, 1.5414283107572988e-44, 119399.2578125
0:01:16.241326, 0.0, 1.5414283107572988e-44, 90.00016784667969, 1.5414283107572988e-44, 119399.8828125
0:01:16.355377, 0.0, 1.5414283107572988e-44, 90.00016784667969, 1.5414283107572988e-44, 119400.609375
0:01:16.440839, 0.0, 1.5414283107572988e-44, 90.00016784667969, 1.5414283107572988e-44, 119401.1484375
0:01:16.572642, 0.0, 1.5414283107572988e-44, 90.00016784667969, 1.5414283107572988e-44, 119401.984375
0:01:16.670682, 0.0, 1.5414283107572988e-44, 90.00016784667969, 1.5414283107572988e-44, 119402.6015625
0:01:16.770861, 0.0, 1.5414283107572988e-44, 90.00016784667969, 1.5414283107572988e-44, 119403.234375
0:01:16.854467, 0.0, 1.5414283107572988e-44, 90.00016784667969, 1.5414283107572988e-44, 119403.7734375
0:01:16.948724, 0.0, 1.5414283107572988e-44, 90.00016784667969, 1.5414283107572988e-44, 119404.375
0:01:17.062835, 0.0, 1.5414283107572988e-44, 90.00016784667969, 1.5414283107572988e-44, 119405.09375
0:01:17.161035, 0.0, 1.5414283107572988e-44, 90.00016784667969, 1.5414283107572988e-44, 119405.7109375
0:01:17.255127, 0.0, 1.5414283107572988e-44, 90.00016784667969, 1.5414283107572988e-44, 119406.3046875
0:01:17.372232, 0.0, 1.5414283107572988e-44, 90.00016784667969, 1.5414283107572988e-44, 119407.0390625
0:01:17.460636, 0.0, 1.5414283107572988e-44, 90.00016784667969, 1.5414283107572988e-44, 119407.59375
0:01:17.574671, 0.0, 1.5414283107572988e-44, 90.00016784667969, 1.5414283107572988e-44, 119408.3125
0:01:17.652279, 0.0, 1.5414283107572988e-44, 90.00016784667969, 1.5414283107572988e-44, 119408.8125
0:01:17.761531, 0.0, 1.5414283107572988e-44, 90.00016784667969, 1.5414283107572988e-44, 119409.5
0:01:17.882473, 0.0, 1.5414283107572988e-44, 90.00016784667969, 1.5414283107572988e-44, 119410.265625
0:01:17.977738, 0.0, 1.5414283107572988e-44, 90.00016784667969, 1.5414283107572988e-44, 119410.875
0:01:18.063422, 0.0, 1.5414283107572988e-44, 90.00016784667969, 1.5414283107572988e-44, 119411.40625
0:01:18.178491, 0.0, 1.5414283107572988e-44, 90.00016784667969, 1.5414283107572988e-44, 119412.1328125
0:01:18.264940, 0.0, 1.5414283107572988e-44, 90.00016784667969, 1.5414283107572988e-44, 119412.6796875
0:01:18.363862, 0.0, 1.5414283107572988e-44, 90.00016784667969, 1.5414283107572988e-44, 119413.296875
0:01:18.475909, 0.0, 1.5414283107572988e-44, 90.00016784667969, 1.5414283107572988e-44, 119414.0
0:01:18.573252, 0.0, 1.5414283107572988e-44, 90.00016784667969, 1.5414283107572988e-44, 119414.6015625
0:01:18.684732, 0.0, 1.5414283107572988e-44, 90.00016784667969, 1.5414283107572988e-44, 119415.3046875
0:01:18.771270, 0.0, 1.5414283107572988e-44, 90.00016784667969, 1.5414283107572988e-44, 119415.859375
0:01:18.884920, 0.0, 1.5414283107572988e-44, 90.00016784667969, 1.5414283107572988e-44, 119416.5703125
0:01:18.983141, 0.0, 1.5414283107572988e-44, 90.00016784667969, 1.5414283107572988e-44, 119417.1953125
0:01:19.093004, 0.0, 1.5414283107572988e-44, 90.00016784667969, 1.5414283107572988e-44, 119417.890625
0:01:19.183629, 0.0, 1.5414283107572988e-44, 90.00016784667969, 1.5414283107572988e-44, 119418.453125
0:01:19.298656, 0.0, 1.5414283107572988e-44, 90.00016784667969, 1.5414283107572988e-44, 119419.1875
0:01:19.383250, 0.0, 1.5414283107572988e-44, 90.00016784667969, 1.5414283107572988e-44, 119419.7109375
0:01:19.494565, 0.0, 1.5414283107572988e-44, 90.00016784667969, 1.5414283107572988e-44, 119420.40625
0:01:19.591375, 0.0, 1.5414283107572988e-44, 90.00016784667969, 1.5414283107572988e-44, 119421.015625
0:01:19.691851, 0.0, 1.5414283107572988e-44, 90.00016784667969, 1.5414283107572988e-44, 119421.65625
0:01:19.792615, 0.0, 1.5414283107572988e-44, 90.00016784667969, 1.5414283107572988e-44, 119422.2890625
0:01:19.907708, 0.0, 1.5414283107572988e-44, 90.00016784667969, 1.5414283107572988e-44, 119423.015625
0:01:20.004288, 0.0, 1.5414283107572988e-44, 90.00016784667969, 1.5414283107572988e-44, 119423.625
0:01:20.101869, 0.0, 1.5414283107572988e-44, 90.00016784667969, 1.5414283107572988e-44, 119424.2421875
0:01:20.197036, 0.0, 1.5414283107572988e-44, 90.00016784667969, 1.5414283107572988e-44, 119424.8359375
0:01:20.304456, 0.0, 1.5414283107572988e-44, 90.00016784667969, 1.5414283107572988e-44, 119425.5078125
0:01:20.384167, 0.0, 1.5414283107572988e-44, 90.00016784667969, 1.5414283107572988e-44, 119426.0078125
0:01:20.492501, 0.0, 1.5414283107572988e-44, 90.00016784667969, 1.5414283107572988e-44, 119426.6875
0:01:20.607448, 0.0, 1.5414283107572988e-44, 90.00016784667969, 1.5414283107572988e-44, 119427.4140625
0:01:20.689762, 0.0, 1.5414283107572988e-44, 90.00016784667969, 1.5414283107572988e-44, 119427.9296875
0:01:20.805035, 0.0, 1.5414283107572988e-44, 90.00016784667969, 1.5414283107572988e-44, 119428.6640625
0:01:20.899680, 0.0, 1.5414283107572988e-44, 90.00016784667969, 1.5414283107572988e-44, 119429.265625
0:01:21.011775, 0.0, 1.5414283107572988e-44, 90.00016784667969, 1.5414283107572988e-44, 119429.9765625
0:01:21.103830, 0.0, 1.5414283107572988e-44, 90.00016784667969, 1.5414283107572988e-44, 119430.5546875
0:01:21.210067, 0.0, 1.5414283107572988e-44, 90.00016784667969, 1.5414283107572988e-44, 119431.2265625
0:01:21.294643, 0.0, 1.5414283107572988e-44, 90.00016784667969, 1.5414283107572988e-44, 119431.765625
0:01:21.404082, 0.0, 1.5414283107572988e-44, 90.00016784667969, 1.5414283107572988e-44, 119432.4453125
