Time, Frequency, Amplitude, Offset, PhaseShift, Phase
0:00:00.054056, 0.0, 0.0, 90.0, 0.0, 39036.70703125
0:00:00.164955, 0.0, 0.0, 90.0, 0.0, 39037.3984375
0:00:00.262492, 0.0, 0.0, 90.0, 0.0, 39038.015625
0:00:00.349869, 0.0, 0.0, 90.0, 0.0, 39038.5625
0:00:00.466962, 0.0, 0.0, 90.0, 0.0, 39039.296875
0:00:00.566460, 0.0, 0.0, 90.0, 0.0, 39039.92578125
0:00:00.665963, 0.0, 0.0, 90.0, 0.0, 39040.546875
0:00:00.752971, 0.0, 0.0, 90.0, 0.0, 39041.09765625
0:00:00.861914, 0.0, 0.0, 90.0, 0.0, 39041.7734375
0:00:00.976458, 0.0, 0.0, 90.0, 0.0, 39042.49609375
0:00:01.063831, 0.0, 0.0, 90.0, 0.0, 39043.046875
0:00:01.159486, 0.0, 0.0, 90.0, 0.0, 39043.640625
0:00:01.283644, 0.0, 0.0, 90.0, 0.0, 39044.42578125
0:00:01.370807, 0.0, 0.0, 90.0, 0.0, 39044.96875
0:00:01.465841, 0.0, 0.0, 90.0, 0.0, 39045.57421875
0:00:01.577333, 0.0, 0.0, 90.0, 0.0, 39046.2734375
0:00:01.686225, 0.0, 0.0, 90.0, 0.0, 39046.9609375
0:00:01.785999, 0.0, 0.0, 90.0, 0.0, 39047.58203125
0:00:01.877666, 0.0, 0.0, 90.0, 0.0, 39048.16015625
0:00:01.991819, 0.0, 0.0, 90.0, 0.0, 39048.875
0:00:02.086042, 0.0, 0.0, 90.0, 0.0, 39049.46875
0:00:02.182059, 0.0, 0.0, 90.0, 0.0, 39050.0703125
0:00:02.287830, 0.0, 0.0, 90.0, 0.0, 39050.73046875
0:00:02.403957, 0.0, 0.0, 90.0, 0.0, 39051.45703125
0:00:02.489858, 0.0, 0.0, 90.0, 0.0, 39052.00390625
0:00:02.597704, 0.0, 0.0, 90.0, 0.0, 39052.68359375
0:00:02.680829, 0.0, 0.0, 90.0, 0.0, 39053.203125
0:00:02.777840, 0.0, 0.0, 90.0, 0.0, 39053.8125
0:00:02.903483, 0.0, 0.0, 90.0, 0.0, 39054.6015625
0:00:02.989357, 0.0, 0.0, 90.0, 0.0, 39055.140625
0:00:03.114766, 0.0, 0.0, 90.0, 0.0, 39055.93359375
0:00:03.213004, 0.0, 0.0, 90.0, 0.0, 39056.546875
0:00:03.289729, 0.0, 0.0, 90.0, 0.0, 39057.03125
0:00:03.414369, 0.0, 0.0, 90.0, 0.0, 39057.80859375
0:00:03.498759, 0.0, 0.0, 90.0, 0.0, 39058.34375
0:00:03.592814, 0.0, 0.0, 90.0, 0.0, 39058.9296875
0:00:03.704542, 0.0, 0.0, 90.0, 0.0, 39059.625
0:00:03.810981, 0.0, 0.0, 90.0, 0.0, 39060.3046875
0:00:03.923815, 0.0, 0.0, 90.0, 0.0, 39061.00390625
0:00:04.009837, 0.0, 0.0, 90.0, 0.0, 39061.55078125
0:00:04.105263, 0.0, 0.0, 90.0, 0.0, 39062.1484375
0:00:04.202578, 0.0, 0.0, 90.0, 0.0, 39062.7578125
0:00:04.316179, 0.0, 0.0, 90.0, 0.0, 39063.47265625
0:00:04.408181, 0.0, 0.0, 90.0, 0.0, 39064.05078125
0:00:04.522504, 0.0, 0.0, 90.0, 0.0, 39064.7734375
0:00:04.609649, 0.0, 0.0, 90.0, 0.0, 39065.31640625
0:00:04.723244, 0.0, 0.0, 90.0, 0.0, 39066.03125
0:00:04.837206, 0.0, 0.0, 90.0, 0.0, 39066.7421875
0:00:04.931378, 0.0, 0.0, 90.0, 0.0, 39067.33984375
0:00:05.016211, 0.0, 0.0, 90.0, 0.0, 39067.87109375
0:00:05.109907, 0.0, 0.0, 90.0, 0.0, 39068.4609375
0:00:05.227124, 0.0, 0.0, 90.0, 0.0, 39069.19921875
0:00:05.327870, 0.0, 0.0, 90.0, 0.0, 39069.8359375
0:00:05.441775, 0.0, 0.0, 90.0, 0.0, 39070.55078125
0:00:05.537802, 0.0, 0.0, 90.0, 0.0, 39071.15234375
0:00:05.630422, 0.0, 0.0, 90.0, 0.0, 39071.73828125
0:00:05.743325, 0.0, 0.0, 90.0, 0.0, 39072.4375
0:00:05.831250, 0.0, 0.0, 90.0, 0.0, 39072.99609375
0:00:05.941345, 0.0, 0.0, 90.0, 0.0, 39073.6875
0:00:06.048223, 0.0, 0.0, 90.0, 0.0, 39074.359375
0:00:06.136547, 0.0, 0.0, 90.0, 0.0, 39074.9140625
0:00:06.249025, 0.0, 0.0, 90.0, 0.0, 39075.625
0:00:06.336277, 0.0, 0.0, 90.0, 0.0, 39076.171875
0:00:06.457139, 0.0, 0.0, 90.0, 0.0, 39076.93359375
0:00:06.541022, 0.0, 0.0, 90.0, 0.0, 39077.4609375
0:00:06.658675, 0.0, 0.0, 90.0, 0.0, 39078.19921875
0:00:06.744959, 0.0, 0.0, 90.0, 0.0, 39078.74609375
0:00:06.860587, 0.0, 0.0, 90.0, 0.0, 39079.46875
0:00:06.956458, 0.0, 0.0, 90.0, 0.0, 39080.0703125
0:00:07.044566, 0.0, 0.0, 90.0, 0.0, 39080.62890625
0:00:07.150637, 0.0, 0.0, 90.0, 0.0, 39081.29296875
0:00:07.267147, 0.0, 0.0, 90.0, 0.0, 39082.02734375
0:00:07.353495, 0.0, 0.0, 90.0, 0.0, 39082.5703125
0:00:07.468294, 0.0, 0.0, 90.0, 0.0, 39083.28515625
0:00:07.560681, 0.0, 0.0, 90.0, 0.0, 39083.87109375
0:00:07.658206, 0.0, 0.0, 90.0, 0.0, 39084.48046875
0:00:07.749201, 0.0, 0.0, 90.0, 0.0, 39085.05859375
0:00:07.858161, 0.0, 0.0, 90.0, 0.0, 39085.7421875
0:00:07.951984, 0.0, 0.0, 90.0, 0.0, 39086.33203125
0:00:08.073815, 0.0, 0.0, 90.0, 0.0, 39087.09375
0:00:08.157426, 0.0, 0.0, 90.0, 0.0, 39087.61328125
0:00:08.254803, 0.0, 0.0, 90.0, 0.0, 39088.23046875
0:00:08.362319, 0.0, 0.0, 90.0, 0.0, 39088.90234375
0:00:08.482376, 0.0, 0.0, 90.0, 0.0, 39089.6640625
0:00:08.566194, 0.0, 0.0, 90.0, 0.0, 39090.1875
0:00:08.672753, 0.0, 0.0, 90.0, 0.0, 39090.85546875
0:00:08.768859, 0.0, 0.0, 90.0, 0.0, 39091.46484375
0:00:08.867598, 0.0, 0.0, 90.0, 0.0, 39092.08203125
0:00:08.979335, 0.0, 0.0, 90.0, 0.0, 39092.78515625
0:00:09.068120, 0.0, 0.0, 90.0, 0.0, 39093.34765625
0:00:09.180962, 0.0, 0.0, 90.0, 0.0, 39094.0546875
0:00:09.296382, 0.0, 0.0, 90.0, 0.0, 39094.78125
0:00:09.381723, 0.0, 0.0, 90.0, 0.0, 39095.3125
0:00:09.477068, 0.0, 0.0, 90.0, 0.0, 39095.9140625
0:00:09.577330, 0.0, 0.0, 90.0, 0.0, 39096.53515625
0:00:09.688891, 0.0, 0.0, 90.0, 0.0, 39097.24609375
0:00:09.781766, 0.0, 0.0, 90.0, 0.0, 39097.83203125
0:00:09.897227, 0.0, 0.0, 90.0, 0.0, 39098.5546875
0:00:09.981633, 0.0, 0.0, 90.0, 0.0, 39099.0859375
0:00:10.108926, 0.0, 0.0, 90.0, 0.0, 39099.87890625
0:00:10.193692, 0.0, 0.0, 90.0, 0.0, 39100.421875
0:00:10.288903, 0.0, 0.0, 90.0, 0.0, 39101.0234375
0:00:10.389065, 0.0, 0.0, 90.0, 0.0, 39101.64453125
0:00:10.502662, 0.0, 0.0, 90.0, 0.0, 39102.359375
0:00:10.596418, 0.0, 0.0, 90.0, 0.0, 39102.94921875
0:00:10.710700, 0.0, 0.0, 90.0, 0.0, 39103.67578125
0:00:10.806641, 0.0, 0.0, 90.0, 0.0, 39104.27734375
0:00:10.900121, 0.0, 0.0, 90.0, 0.0, 39104.859375
0:00:10.996328, 0.0, 0.0, 90.0, 0.0, 39105.46875
0:00:11.103213, 0.0, 0.0, 90.0, 0.0, 39106.140625
0:00:11.212006, 0.0, 0.0, 90.0, 0.0, 39106.82421875
0:00:11.309261, 0.0, 0.0, 90.0, 0.0, 39107.43359375
0:00:11.409361, 0.0, 0.0, 90.0, 0.0, 39108.06640625
0:00:11.513440, 0.0, 0.0, 90.0, 0.0, 39108.71484375
0:00:11.598584, 0.0, 0.0, 90.0, 0.0, 39109.25390625
0:00:11.719558, 0.0, 0.0, 90.0, 0.0, 39110.015625
0:00:11.817949, 0.0, 0.0, 90.0, 0.0, 39110.6328125
0:00:11.908622, 0.0, 0.0, 90.0, 0.0, 39111.20703125
0:00:12.024187, 0.0, 0.0, 90.0, 0.0, 39111.93359375
0:00:12.120506, 0.0, 0.0, 90.0, 0.0, 39112.5390625
0:00:12.212577, 0.0, 0.0, 90.0, 0.0, 39113.1171875
0:00:12.323783, 0.0, 0.0, 90.0, 0.0, 39113.8125
0:00:12.421099, 0.0, 0.0, 90.0, 0.0, 39114.42578125
0:00:12.519916, 0.0, 0.0, 90.0, 0.0, 39115.05078125
0:00:12.639928, 0.0, 0.0, 90.0, 0.0, 39115.8046875
0:00:12.739192, 0.0, 0.0, 90.0, 0.0, 39116.42578125
0:00:12.824534, 0.0, 0.0, 90.0, 0.0, 39116.96484375
0:00:12.939857, 0.0, 0.0, 90.0, 0.0, 39117.68359375
0:00:13.038920, 0.0, 0.0, 90.0, 0.0, 39118.3046875
0:00:13.137244, 0.0, 0.0, 90.0, 0.0, 39118.92578125
0:00:13.228284, 0.0, 0.0, 90.0, 0.0, 39119.49609375
0:00:13.340212, 0.0, 0.0, 90.0, 0.0, 39120.19921875
0:00:13.440248, 0.0, 0.0, 90.0, 0.0, 39120.828125
0:00:13.527042, 0.0, 0.0, 90.0, 0.0, 39121.375
0:00:13.637532, 0.0, 0.0, 90.0, 0.0, 39122.07421875
0:00:13.750218, 0.0, 0.0, 90.0, 0.0, 39122.77734375
0:00:13.835703, 0.0, 0.0, 90.0, 0.0, 39123.31640625
0:00:13.942198, 0.0, 0.0, 90.0, 0.0, 39123.98828125
0:00:14.031540, 0.0, 0.0, 90.0, 0.0, 39124.546875
0:00:14.136327, 0.0, 0.0, 90.0, 0.0, 39125.203125
0:00:14.254034, 0.0, 0.0, 90.0, 0.0, 39125.9453125
0:00:14.337393, 0.0, 0.0, 90.0, 0.0, 39126.46875
0:00:14.450855, 0.0, 0.0, 90.0, 0.0, 39127.18359375
0:00:14.565003, 0.0, 0.0, 90.0, 0.0, 39127.890625
0:00:14.660748, 0.0, 0.0, 90.0, 0.0, 39128.5
0:00:14.759090, 0.0, 0.0, 90.0, 0.0, 39129.1171875
0:00:14.844314, 0.0, 0.0, 90.0, 0.0, 39129.65625
0:00:14.954821, 0.0, 0.0, 90.0, 0.0, 39130.34375
0:00:15.041098, 0.0, 0.0, 90.0, 0.0, 39130.8828125
0:00:15.151594, 0.0, 0.0, 90.0, 0.0, 39131.578125
0:00:15.259561, 0.0, 0.0, 90.0, 0.0, 39132.25390625
0:00:15.347812, 0.0, 0.0, 90.0, 0.0, 39132.8125
0:00:15.461347, 0.0, 0.0, 90.0, 0.0, 39133.5234375
0:00:15.581314, 0.0, 0.0, 90.0, 0.0, 39134.27734375
0:00:15.679618, 0.0, 0.0, 90.0, 0.0, 39134.90234375
0:00:15.764692, 0.0, 0.0, 90.0, 0.0, 39135.43359375
0:00:15.850987, 0.0, 0.0, 90.0, 0.0, 39135.97265625
0:00:15.964688, 0.0, 0.0, 90.0, 0.0, 39136.6875
0:00:16.060668, 0.0, 0.0, 90.0, 0.0, 39137.2890625
0:00:16.156863, 0.0, 0.0, 90.0, 0.0, 39137.890625
0:00:16.274606, 0.0, 0.0, 90.0, 0.0, 39138.6328125
0:00:16.357719, 0.0, 0.0, 90.0, 0.0, 39139.16015625
0:00:16.464825, 0.0, 0.0, 90.0, 0.0, 39139.828125
0:00:16.578449, 0.0, 0.0, 90.0, 0.0, 39140.53515625
0:00:16.667385, 0.0, 0.0, 90.0, 0.0, 39141.1015625
0:00:16.783956, 0.0, 0.0, 90.0, 0.0, 39141.828125
0:00:16.881086, 0.0, 0.0, 90.0, 0.0, 39142.4375
0:00:16.966352, 0.0, 0.0, 90.0, 0.0, 39142.9765625
0:00:17.081961, 0.0, 0.0, 90.0, 0.0, 39143.703125
0:00:17.168232, 0.0, 0.0, 90.0, 0.0, 39144.2421875
0:00:17.278767, 0.0, 0.0, 90.0, 0.0, 39144.94140625
0:00:17.383646, 0.0, 0.0, 90.0, 0.0, 39145.59765625
0:00:17.467966, 0.0, 0.0, 90.0, 0.0, 39146.125
0:00:17.579462, 0.0, 0.0, 90.0, 0.0, 39146.828125
0:00:17.683374, 0.0, 0.0, 90.0, 0.0, 39147.4765625
0:00:17.788243, 0.0, 0.0, 90.0, 0.0, 39148.1328125
0:00:17.873480, 0.0, 0.0, 90.0, 0.0, 39148.66796875
0:00:17.988261, 0.0, 0.0, 90.0, 0.0, 39149.390625
0:00:18.074329, 0.0, 0.0, 90.0, 0.0, 39149.9296875
0:00:18.171669, 0.0, 0.0, 90.0, 0.0, 39150.5390625
0:00:18.281587, 0.0, 0.0, 90.0, 0.0, 39151.2265625
0:00:18.397212, 0.0, 0.0, 90.0, 0.0, 39151.95703125
0:00:18.483465, 0.0, 0.0, 90.0, 0.0, 39152.5
0:00:18.597083, 0.0, 0.0, 90.0, 0.0, 39153.21484375
0:00:18.677711, 0.0, 0.0, 90.0, 0.0, 39153.72265625
0:00:18.792392, 0.0, 0.0, 90.0, 0.0, 39154.4453125
0:00:18.880677, 0.0, 0.0, 90.0, 0.0, 39155.0
0:00:18.992637, 0.0, 0.0, 90.0, 0.0, 39155.703125
0:00:19.083314, 0.0, 0.0, 90.0, 0.0, 39156.2734375
0:00:19.197895, 0.0, 0.0, 90.0, 0.0, 39156.99609375
0:00:19.285221, 0.0, 0.0, 90.0, 0.0, 39157.54296875
0:00:19.397873, 0.0, 0.0, 90.0, 0.0, 39158.25390625
0:00:19.482979, 0.0, 0.0, 90.0, 0.0, 39158.7890625
0:00:19.609446, 0.0, 0.0, 90.0, 0.0, 39159.58984375
0:00:19.694720, 0.0, 0.0, 90.0, 0.0, 39160.125
0:00:19.806250, 0.0, 0.0, 90.0, 0.0, 39160.828125
0:00:19.901328, 0.0, 0.0, 90.0, 0.0, 39161.42578125
0:00:20.012186, 0.0, 0.0, 90.0, 0.0, 39162.12109375
0:00:20.093848, 0.0, 0.0, 90.0, 0.0, 39162.63671875
0:00:20.204494, 0.0, 0.0, 90.0, 0.0, 39163.328125
0:00:20.302096, 0.0, 0.0, 90.0, 0.0, 39163.9453125
0:00:20.413660, 0.0, 0.0, 90.0, 0.0, 39164.64453125
0:00:20.501122, 0.0, 0.0, 90.0, 0.0, 39165.19140625
0:00:20.600485, 0.0, 0.0, 90.0, 0.0, 39165.8203125
0:00:20.712141, 0.0, 0.0, 90.0, 0.0, 39166.51953125
0:00:20.799406, 0.0, 0.0, 90.0, 0.0, 39167.0703125
0:00:20.906366, 0.0, 0.0, 90.0, 0.0, 39167.73828125
0:00:21.002695, 0.0, 0.0, 90.0, 0.0, 39168.33984375
0:00:21.116256, 0.0, 0.0, 90.0, 0.0, 39169.0546875
0:00:21.214256, 0.0, 0.0, 90.0, 0.0, 39169.66796875
0:00:21.310259, 0.0, 0.0, 90.0, 0.0, 39170.2734375
0:00:21.423736, 0.0, 0.0, 90.0, 0.0, 39170.9921875
0:00:21.523384, 0.0, 0.0, 90.0, 0.0, 39171.61328125
0:00:21.612798, 0.0, 0.0, 90.0, 0.0, 39172.1796875
0:00:21.729146, 0.0, 0.0, 90.0, 0.0, 39172.9140625
0:00:21.816645, 0.0, 0.0, 90.0, 0.0, 39173.45703125
0:00:21.913728, 0.0, 0.0, 90.0, 0.0, 39174.0625
0:00:22.013386, 0.0, 0.0, 90.0, 0.0, 39174.6953125
0:00:22.111837, 0.0, 0.0, 90.0, 0.0, 39175.3203125
0:00:22.231505, 0.0, 0.0, 90.0, 0.0, 39176.0625
0:00:22.322675, 0.0, 0.0, 90.0, 0.0, 39176.640625
0:00:22.436156, 0.0, 0.0, 90.0, 0.0, 39177.34765625
0:00:22.534268, 0.0, 0.0, 90.0, 0.0, 39177.96875
0:00:22.633215, 0.0, 0.0, 90.0, 0.0, 39178.58984375
0:00:22.724679, 0.0, 0.0, 90.0, 0.0, 39179.16015625
0:00:22.839264, 0.0, 0.0, 90.0, 0.0, 39179.87890625
0:00:22.924637, 0.0, 0.0, 90.0, 0.0, 39180.4140625
0:00:23.039017, 0.0, 0.0, 90.0, 0.0, 39181.13671875
0:00:23.126271, 0.0, 0.0, 90.0, 0.0, 39181.68359375
0:00:23.238947, 0.0, 0.0, 90.0, 0.0, 39182.39453125
0:00:23.326418, 0.0, 0.0, 90.0, 0.0, 39182.94140625
0:00:23.453038, 0.0, 0.0, 90.0, 0.0, 39183.7421875
0:00:23.547435, 0.0, 0.0, 90.0, 0.0, 39184.33984375
0:00:23.643749, 0.0, 0.0, 90.0, 0.0, 39184.94140625
0:00:23.736649, 0.0, 0.0, 90.0, 0.0, 39185.5234375
0:00:23.833931, 0.0, 0.0, 90.0, 0.0, 39186.13671875
0:00:23.950717, 0.0, 0.0, 90.0, 0.0, 39186.86328125
0:00:24.037759, 0.0, 0.0, 90.0, 0.0, 39187.4140625
0:00:24.144708, 0.0, 0.0, 90.0, 0.0, 39188.0859375
0:00:24.259222, 0.0, 0.0, 90.0, 0.0, 39188.8046875
0:00:24.344435, 0.0, 0.0, 90.0, 0.0, 39189.33984375
0:00:24.454281, 0.0, 0.0, 90.0, 0.0, 39190.03125
0:00:24.553167, 0.0, 0.0, 90.0, 0.0, 39190.65234375
0:00:24.653457, 0.0, 0.0, 90.0, 0.0, 39191.28125
0:00:24.744955, 0.0, 0.0, 90.0, 0.0, 39191.859375
0:00:24.860619, 0.0, 0.0, 90.0, 0.0, 39192.58203125
0:00:24.947899, 0.0, 0.0, 90.0, 0.0, 39193.1328125
0:00:25.063322, 0.0, 0.0, 90.0, 0.0, 39193.85546875
0:00:25.148654, 0.0, 0.0, 90.0, 0.0, 39194.39453125
0:00:25.270504, 0.0, 0.0, 90.0, 0.0, 39195.1484375
0:00:25.357344, 0.0, 0.0, 90.0, 0.0, 39195.6953125
0:00:25.461941, 0.0, 0.0, 90.0, 0.0, 39196.35546875
0:00:25.575184, 0.0, 0.0, 90.0, 0.0, 39197.0625
0:00:25.664240, 0.0, 0.0, 90.0, 0.0, 39197.62890625
0:00:25.761601, 0.0, 0.0, 90.0, 0.0, 39198.23828125
0:00:25.869553, 0.0, 0.0, 90.0, 0.0, 39198.91796875
0:00:25.959747, 0.0, 0.0, 90.0, 0.0, 39199.4921875
0:00:26.074252, 0.0, 0.0, 90.0, 0.0, 39200.20703125
0:00:26.159532, 0.0, 0.0, 90.0, 0.0, 39200.74609375
0:00:26.263554, 0.0, 0.0, 90.0, 0.0, 39201.3984375
0:00:26.374838, 0.0, 0.0, 90.0, 0.0, 39202.09765625
0:00:26.464352, 0.0, 0.0, 90.0, 0.0, 39202.6640625
0:00:26.580868, 0.0, 0.0, 90.0, 0.0, 39203.39453125
0:00:26.664888, 0.0, 0.0, 90.0, 0.0, 39203.9296875
0:00:26.780535, 0.0, 0.0, 90.0, 0.0, 39204.65234375
0:00:26.887414, 0.0, 0.0, 90.0, 0.0, 39205.32421875
0:00:26.974619, 0.0, 0.0, 90.0, 0.0, 39205.875
0:00:27.081506, 0.0, 0.0, 90.0, 0.0, 39206.546875
0:00:27.194199, 0.0, 0.0, 90.0, 0.0, 39207.25
0:00:27.296581, 0.0, 0.0, 90.0, 0.0, 39207.8984375
0:00:27.383989, 0.0, 0.0, 90.0, 0.0, 39208.4453125
0:00:27.484192, 0.0, 0.0, 90.0, 0.0, 39209.08203125
0:00:27.586378, 0.0, 0.0, 90.0, 0.0, 39209.71875
0:00:27.702009, 0.0, 0.0, 90.0, 0.0, 39210.44921875
0:00:27.788305, 0.0, 0.0, 90.0, 0.0, 39210.98828125
0:00:27.884560, 0.0, 0.0, 90.0, 0.0, 39211.58984375
0:00:27.992607, 0.0, 0.0, 90.0, 0.0, 39212.27734375
0:00:28.106101, 0.0, 0.0, 90.0, 0.0, 39212.984375
0:00:28.192502, 0.0, 0.0, 90.0, 0.0, 39213.53125
0:00:28.307976, 0.0, 0.0, 90.0, 0.0, 39214.25390625
0:00:28.403817, 0.0, 0.0, 90.0, 0.0, 39214.85546875
0:00:28.484452, 0.0, 0.0, 90.0, 0.0, 39215.36328125
0:00:28.583826, 0.0, 0.0, 90.0, 0.0, 39215.984375
0:00:28.696358, 0.0, 0.0, 90.0, 0.0, 39216.6953125
0:00:28.810004, 0.0, 0.0, 90.0, 0.0, 39217.41015625
0:00:28.892069, 0.0, 0.0, 90.0, 0.0, 39217.92578125
0:00:28.998008, 0.0, 0.0, 90.0, 0.0, 39218.58984375
0:00:29.119793, 0.0, 0.0, 90.0, 0.0, 39219.34765625
0:00:29.206731, 0.0, 0.0, 90.0, 0.0, 39219.90234375
0:00:29.289935, 0.0, 0.0, 90.0, 0.0, 39220.421875
0:00:29.416362, 0.0, 0.0, 90.0, 0.0, 39221.21875
0:00:29.515334, 0.0, 0.0, 90.0, 0.0, 39221.83984375
0:00:29.601502, 0.0, 0.0, 90.0, 0.0, 39222.37890625
0:00:29.715970, 0.0, 0.0, 90.0, 0.0, 39223.1015625
0:00:29.803291, 0.0, 0.0, 90.0, 0.0, 39223.64453125
0:00:29.916835, 0.0, 0.0, 90.0, 0.0, 39224.359375
0:00:30.014329, 0.0, 0.0, 90.0, 0.0, 39224.96875
0:00:30.124948, 0.0, 0.0, 90.0, 0.0, 39225.6640625
0:00:30.211130, 0.0, 0.0, 90.0, 0.0, 39226.203125
0:00:30.328942, 0.0, 0.0, 90.0, 0.0, 39226.94140625
0:00:30.412929, 0.0, 0.0, 90.0, 0.0, 39227.46875
0:00:30.526543, 0.0, 0.0, 90.0, 0.0, 39228.18359375
0:00:30.612628, 0.0, 0.0, 90.0, 0.0, 39228.71875
0:00:30.727212, 0.0, 0.0, 90.0, 0.0, 39229.44140625
0:00:30.826738, 0.0, 0.0, 90.0, 0.0, 39230.0703125
0:00:30.922695, 0.0, 0.0, 90.0, 0.0, 39230.671875
0:00:31.033418, 0.0, 0.0, 90.0, 0.0, 39231.359375
0:00:31.116557, 0.0, 0.0, 90.0, 0.0, 39231.88671875
0:00:31.226612, 0.0, 0.0, 90.0, 0.0, 39232.578125
0:00:31.342190, 0.0, 0.0, 90.0, 0.0, 39233.3046875
0:00:31.426481, 0.0, 0.0, 90.0, 0.0, 39233.83203125
0:00:31.525733, 0.0, 0.0, 90.0, 0.0, 39234.453125
0:00:31.642202, 0.0, 0.0, 90.0, 0.0, 39235.1875
0:00:31.727593, 0.0, 0.0, 90.0, 0.0, 39235.71875
0:00:31.839964, 0.0, 0.0, 90.0, 0.0, 39236.4296875
0:00:31.923111, 0.0, 0.0, 90.0, 0.0, 39236.953125
0:00:32.059915, 0.0, 0.0, 90.0, 0.0, 39237.80859375
0:00:32.146882, 0.0, 0.0, 90.0, 0.0, 39238.359375
0:00:32.262252, 0.0, 0.0, 90.0, 0.0, 39239.08984375
0:00:32.347449, 0.0, 0.0, 90.0, 0.0, 39239.625
0:00:32.447539, 0.0, 0.0, 90.0, 0.0, 39240.25390625
0:00:32.537870, 0.0, 0.0, 90.0, 0.0, 39240.82421875
0:00:32.651574, 0.0, 0.0, 90.0, 0.0, 39241.53515625
0:00:32.747726, 0.0, 0.0, 90.0, 0.0, 39242.14453125
0:00:32.847614, 0.0, 0.0, 90.0, 0.0, 39242.765625
0:00:32.943329, 0.0, 0.0, 90.0, 0.0, 39243.37109375
0:00:33.053480, 0.0, 0.0, 90.0, 0.0, 39244.05859375
0:00:33.157401, 0.0, 0.0, 90.0, 0.0, 39244.71484375
0:00:33.255833, 0.0, 0.0, 90.0, 0.0, 39245.33203125
0:00:33.364900, 0.0, 0.0, 90.0, 0.0, 39246.015625
0:00:33.449978, 0.0, 0.0, 90.0, 0.0, 39246.5546875
0:00:33.558135, 0.0, 0.0, 90.0, 0.0, 39247.2265625
0:00:33.673741, 0.0, 0.0, 90.0, 0.0, 39247.94921875
0:00:33.754787, 0.0, 0.0, 90.0, 0.0, 39248.4609375
0:00:33.869381, 0.0, 0.0, 90.0, 0.0, 39249.171875
0:00:33.970694, 0.0, 0.0, 90.0, 0.0, 39249.80859375
0:00:34.054846, 0.0, 0.0, 90.0, 0.0, 39250.3359375
0:00:34.157662, 0.0, 0.0, 90.0, 0.0, 39250.98046875
0:00:34.276478, 0.0, 0.0, 90.0, 0.0, 39251.7265625
0:00:34.362616, 0.0, 0.0, 90.0, 0.0, 39252.265625
0:00:34.473067, 0.0, 0.0, 90.0, 0.0, 39252.9609375
0:00:34.587887, 0.0, 0.0, 90.0, 0.0, 39253.6796875
0:00:34.675097, 0.0, 0.0, 90.0, 0.0, 39254.23046875
0:00:34.778887, 0.0, 0.0, 90.0, 0.0, 39254.8828125
0:00:34.867299, 0.0, 0.0, 90.0, 0.0, 39255.4375
0:00:34.979218, 0.0, 0.0, 90.0, 0.0, 39256.13671875
0:00:35.087841, 0.0, 0.0, 90.0, 0.0, 39256.8203125
0:00:35.175342, 0.0, 0.0, 90.0, 0.0, 39257.3671875
0:00:35.282106, 0.0, 0.0, 90.0, 0.0, 39258.04296875
0:00:35.377553, 0.0, 0.0, 90.0, 0.0, 39258.640625
0:00:35.489085, 0.0, 0.0, 90.0, 0.0, 39259.33984375
0:00:35.569683, 0.0, 0.0, 90.0, 0.0, 39259.84375
0:00:35.683288, 0.0, 0.0, 90.0, 0.0, 39260.5625
0:00:35.796943, 0.0, 0.0, 90.0, 0.0, 39261.27734375
0:00:35.884610, 0.0, 0.0, 90.0, 0.0, 39261.82421875
0:00:35.997837, 0.0, 0.0, 90.0, 0.0, 39262.5390625
0:00:36.095410, 0.0, 0.0, 90.0, 0.0, 39263.1484375
0:00:36.207797, 0.0, 0.0, 90.0, 0.0, 39263.859375
0:00:36.292283, 0.0, 0.0, 90.0, 0.0, 39264.38671875
0:00:36.388866, 0.0, 0.0, 90.0, 0.0, 39264.98828125
0:00:36.487529, 0.0, 0.0, 90.0, 0.0, 39265.6171875
0:00:36.600337, 0.0, 0.0, 90.0, 0.0, 39266.32421875
0:00:36.712099, 0.0, 0.0, 90.0, 0.0, 39267.02734375
0:00:36.808718, 0.0, 0.0, 90.0, 0.0, 39267.62890625
0:00:36.911443, 0.0, 0.0, 90.0, 0.0, 39268.2734375
0:00:36.995734, 0.0, 0.0, 90.0, 0.0, 39268.80859375
0:00:37.099624, 0.0, 0.0, 90.0, 0.0, 39269.45703125
0:00:37.205274, 0.0, 0.0, 90.0, 0.0, 39270.12109375
0:00:37.290560, 0.0, 0.0, 90.0, 0.0, 39270.65625
0:00:37.406230, 0.0, 0.0, 90.0, 0.0, 39271.38671875
0:00:37.491583, 0.0, 0.0, 90.0, 0.0, 39271.91796875
0:00:37.601845, 0.0, 0.0, 90.0, 0.0, 39272.61328125
0:00:37.698882, 0.0, 0.0, 90.0, 0.0, 39273.22265625
0:00:37.814461, 0.0, 0.0, 90.0, 0.0, 39273.9375
0:00:37.910557, 0.0, 0.0, 90.0, 0.0, 39274.54296875
0:00:38.020862, 0.0, 0.0, 90.0, 0.0, 39275.23828125
0:00:38.131117, 0.0, 0.0, 90.0, 0.0, 39275.9296875
0:00:38.212691, 0.0, 0.0, 90.0, 0.0, 39276.4453125
0:00:38.326489, 0.0, 0.0, 90.0, 0.0, 39277.16015625
0:00:38.412818, 0.0, 0.0, 90.0, 0.0, 39277.703125
0:00:38.523343, 0.0, 0.0, 90.0, 0.0, 39278.3984375
0:00:38.618906, 0.0, 0.0, 90.0, 0.0, 39279.00390625
0:00:38.711143, 0.0, 0.0, 90.0, 0.0, 39279.578125
0:00:38.835754, 0.0, 0.0, 90.0, 0.0, 39280.359375
0:00:38.920147, 0.0, 0.0, 90.0, 0.0, 39280.88671875
0:00:39.019286, 0.0, 0.0, 90.0, 0.0, 39281.51171875
0:00:39.127813, 0.0, 0.0, 90.0, 0.0, 39282.1953125
0:00:39.212428, 0.0, 0.0, 90.0, 0.0, 39282.7265625
0:00:39.321302, 0.0, 0.0, 90.0, 0.0, 39283.4140625
0:00:39.433817, 0.0, 0.0, 90.0, 0.0, 39284.1171875
0:00:39.526256, 0.0, 0.0, 90.0, 0.0, 39284.69921875
0:00:39.636800, 0.0, 0.0, 90.0, 0.0, 39285.38671875
0:00:39.722455, 0.0, 0.0, 90.0, 0.0, 39285.92578125
0:00:39.851264, 0.0, 0.0, 90.0, 0.0, 39286.734375
0:00:39.941842, 0.0, 0.0, 90.0, 0.0, 39287.3046875
0:00:40.027095, 0.0, 0.0, 90.0, 0.0, 39287.83984375
0:00:40.124354, 0.0, 0.0, 90.0, 0.0, 39288.45703125
0:00:40.242143, 0.0, 0.0, 90.0, 0.0, 39289.1875
0:00:40.331384, 0.0, 0.0, 90.0, 0.0, 39289.75390625
0:00:40.459884, 0.0, 0.0, 90.0, 0.0, 39290.5546875
0:00:40.541321, 0.0, 0.0, 90.0, 0.0, 39291.0703125
0:00:40.652164, 0.0, 0.0, 90.0, 0.0, 39291.765625
0:00:40.750437, 0.0, 0.0, 90.0, 0.0, 39292.37890625
0:00:40.850631, 0.0, 0.0, 90.0, 0.0, 39293.015625
0:00:40.947283, 0.0, 0.0, 90.0, 0.0, 39293.62109375
0:00:41.061945, 0.0, 0.0, 90.0, 0.0, 39294.33984375
0:00:41.145123, 0.0, 0.0, 90.0, 0.0, 39294.859375
0:00:41.260235, 0.0, 0.0, 90.0, 0.0, 39295.578125
0:00:41.347217, 0.0, 0.0, 90.0, 0.0, 39296.1328125
0:00:41.459720, 0.0, 0.0, 90.0, 0.0, 39296.8359375
0:00:41.546960, 0.0, 0.0, 90.0, 0.0, 39297.390625
0:00:41.659638, 0.0, 0.0, 90.0, 0.0, 39298.09765625
0:00:41.759985, 0.0, 0.0, 90.0, 0.0, 39298.73046875
0:00:41.858883, 0.0, 0.0, 90.0, 0.0, 39299.3515625
0:00:41.965927, 0.0, 0.0, 90.0, 0.0, 39300.0234375
0:00:42.053168, 0.0, 0.0, 90.0, 0.0, 39300.56640625
0:00:42.149456, 0.0, 0.0, 90.0, 0.0, 39301.17578125
0:00:42.260421, 0.0, 0.0, 90.0, 0.0, 39301.87109375
0:00:42.375030, 0.0, 0.0, 90.0, 0.0, 39302.5859375
0:00:42.467423, 0.0, 0.0, 90.0, 0.0, 39303.16796875
0:00:42.574426, 0.0, 0.0, 90.0, 0.0, 39303.8359375
0:00:42.671390, 0.0, 0.0, 90.0, 0.0, 39304.4453125
0:00:42.770879, 0.0, 0.0, 90.0, 0.0, 39305.07421875
0:00:42.855994, 0.0, 0.0, 90.0, 0.0, 39305.609375
0:00:42.970545, 0.0, 0.0, 90.0, 0.0, 39306.328125
0:00:43.056752, 0.0, 0.0, 90.0, 0.0, 39306.8671875
0:00:43.170223, 0.0, 0.0, 90.0, 0.0, 39307.57421875
0:00:43.288074, 0.0, 0.0, 90.0, 0.0, 39308.3125
0:00:43.371464, 0.0, 0.0, 90.0, 0.0, 39308.83984375
0:00:43.491918, 0.0, 0.0, 90.0, 0.0, 39309.59375
0:00:43.561922, 0.0, 0.0, 90.0, 0.0, 39310.04296875
0:00:43.666829, 0.0, 0.0, 90.0, 0.0, 39310.703125
0:00:43.774879, 0.0, 0.0, 90.0, 0.0, 39311.37890625
0:00:43.884223, 0.0, 0.0, 90.0, 0.0, 39312.0625
0:00:43.999761, 0.0, 0.0, 90.0, 0.0, 39312.79296875
0:00:44.089312, 0.0, 0.0, 90.0, 0.0, 39313.3515625
0:00:44.178220, 0.0, 0.0, 90.0, 0.0, 39313.91796875
0:00:44.284611, 0.0, 0.0, 90.0, 0.0, 39314.5859375
0:00:44.398844, 0.0, 0.0, 90.0, 0.0, 39315.30078125
0:00:44.485012, 0.0, 0.0, 90.0, 0.0, 39315.84375
0:00:44.598730, 0.0, 0.0, 90.0, 0.0, 39316.5546875
0:00:44.711696, 0.0, 0.0, 90.0, 0.0, 39317.26171875
0:00:44.781165, 0.0, 0.0, 90.0, 0.0, 39317.703125
0:00:44.906828, 0.0, 0.0, 90.0, 0.0, 39318.49609375
0:00:44.991980, 0.0, 0.0, 90.0, 0.0, 39319.03125
0:00:45.091970, 0.0, 0.0, 90.0, 0.0, 39319.66015625
0:00:45.207540, 0.0, 0.0, 90.0, 0.0, 39320.38671875
0:00:45.292747, 0.0, 0.0, 90.0, 0.0, 39320.91796875
0:00:45.405227, 0.0, 0.0, 90.0, 0.0, 39321.62890625
0:00:45.502980, 0.0, 0.0, 90.0, 0.0, 39322.2421875
