0:17:37.507252: phb 0.9461415576114462
0:17:40.632755: phb 2.5488330144097944
0:17:43.591292: phb 0.6592119156789122
0:17:44.812195: phb 1.0980996195039363
0:17:46.863561: phb 1.7370404605776055
0:17:50.594958: phb 5.944382754282478
0:18:08.545404: amp 27
0:18:14.118386: amp 49
0:20:41.642131: amp 17
0:20:53.463193: freq 0.55
0:20:53.511287: freq 0.6
0:20:53.546781: freq 0.65
0:20:53.714721: freq 0.7
0:20:55.559856: freq 0.75
0:20:55.645565: freq 0.8
0:20:55.846691: freq 0.85
0:20:56.152402: freq 0.9
0:20:56.496273: freq 0.95
0:20:56.978168: freq 1
0:21:00.528157: freq 0.95
0:21:00.627397: freq 0.9
0:21:00.693198: freq 0.85
0:21:00.878438: freq 0.8
0:21:01.043428: freq 0.75
0:21:01.235744: freq 0.7
0:21:01.442248: freq 0.65
0:21:01.610108: freq 0.6
0:21:01.793459: freq 0.55
0:21:01.959671: freq 0.5
0:21:02.148162: freq 0.45
0:21:02.376446: freq 0.4
0:21:19.972567: amp 18
0:21:20.010515: amp 19
0:21:20.021010: amp 20
0:21:20.037800: amp 21
0:21:20.072564: amp 22
0:21:20.110694: amp 23
0:21:20.110991: amp 24
0:21:20.121917: amp 25
0:21:20.155131: amp 26
0:21:20.188727: amp 27
0:21:20.211482: amp 28
0:21:20.249519: amp 29
0:21:20.255155: amp 30
0:21:20.289211: amp 31
0:21:20.322433: amp 32
0:21:20.338946: amp 33
0:21:20.355808: amp 34
0:21:20.388869: amp 35
0:21:20.414719: amp 36
0:21:20.422706: amp 37
0:21:20.455273: amp 38
0:21:20.473077: amp 39
0:21:20.488536: amp 40
0:21:20.521802: amp 41
0:21:20.538745: amp 42
0:21:20.576002: amp 43
0:21:20.618046: amp 44
0:21:20.621866: amp 45
0:21:20.656172: amp 46
0:21:20.689618: amp 47
0:21:20.740873: amp 48
0:21:20.855001: amp 49
0:21:20.924643: amp 50
0:21:20.988391: amp 51
0:21:21.038414: amp 52
0:21:21.090181: amp 53
0:21:21.139237: amp 54
0:21:21.189516: amp 55
0:21:21.239069: amp 56
0:21:21.306599: amp 57
0:21:21.354566: amp 58
0:21:21.432195: amp 59
0:21:21.503943: amp 60
0:21:21.690947: amp 61
0:21:21.905253: amp 62
0:21:21.972372: amp 63
0:21:22.072870: amp 64
0:21:22.154658: amp 65
0:21:22.221842: amp 66
0:21:22.289053: amp 67
0:21:22.322185: amp 68
0:21:22.355647: amp 69
0:21:22.387912: amp 70
0:21:22.421875: amp 71
0:21:22.454119: amp 72
0:21:22.488124: amp 73
0:21:22.547997: amp 74
0:21:22.588229: amp 75
0:21:22.650511: amp 76
0:21:22.705599: amp 77
0:21:22.797834: amp 78
0:21:22.856189: amp 79
0:21:22.971760: amp 80
0:21:37.153333: freq 0.75
0:21:37.601215: freq 0.8
0:21:37.902718: freq 0.85
0:21:38.310056: freq 0.9
0:21:38.418370: freq 0.95
0:21:38.513058: freq 1
0:21:44.675353: freq 0.7
0:21:48.221844: freq 0.05
0:22:42.730943: amp 48
0:23:00.702171: freq 0.5
0:23:11.230751: off 140
0:23:15.807887: amp 90
0:23:22.077434: freq 0.55
0:23:22.179339: freq 0.6
0:23:22.277112: freq 0.65
0:23:22.409456: freq 0.7
0:23:22.511223: freq 0.75
0:23:22.613926: freq 0.8
0:23:22.727251: freq 0.85
0:23:22.919569: freq 0.9
0:23:23.123237: freq 0.95
0:23:23.343416: freq 1
0:23:58.881503: phb 4.8452959622098515
0:24:12.865615: off 137
0:24:12.881926: off 132
0:24:12.906509: off 129
0:24:12.915803: off 127
0:24:12.932448: off 124
0:24:12.949149: off 123
0:24:12.968384: off 122
0:24:12.982743: off 121
0:24:13.007853: off 120
0:24:13.015405: off 119
0:24:13.049811: off 118
0:24:13.108758: off 117
0:24:13.132283: off 116
0:24:13.167277: off 115
0:24:13.209925: off 114
0:24:13.214310: off 113
0:24:13.235660: off 112
0:24:13.247508: off 109
0:24:13.266636: off 106
0:24:13.283364: off 104
0:24:13.311215: off 101
0:24:13.315896: off 100
0:24:13.332539: off 98
0:24:13.347714: off 97
0:24:13.366110: off 95
0:24:13.382536: off 94
0:24:13.413244: off 93
0:24:13.415817: off 92
0:24:13.431532: off 91
0:24:13.467307: off 90
0:24:13.482103: off 89
0:24:13.516170: off 88
0:24:13.532318: off 87
0:24:13.565962: off 86
0:24:13.590922: off 85
0:24:13.615739: off 83
0:24:13.649780: off 82
0:24:13.666510: off 81
0:24:13.682882: off 80
0:24:13.717828: off 79
0:24:13.718109: off 78
0:24:13.730657: off 77
0:24:13.749656: off 76
0:24:13.782110: off 75
0:24:13.798353: off 73
0:24:13.818372: off 72
0:24:13.831643: off 71
0:24:13.848781: off 69
0:24:13.865367: off 68
0:24:13.881958: off 67
0:24:13.899052: off 65
0:24:13.913765: off 64
0:24:13.932223: off 63
0:24:13.951953: off 62
0:24:13.967570: off 61
0:24:13.981671: off 60
0:24:14.000151: off 59
0:24:16.208970: phb 4.868712096373726
0:24:16.420152: phb 4.8996838253675685
0:24:16.462261: phb 4.92991777186114
0:24:16.466357: phb 4.968034225738223
0:24:16.482069: phb 4.997816377196892
0:24:16.496734: phb 5.049888464993923
0:24:16.515783: phb 5.059396599738014
0:24:16.533038: phb 5.0831856332860825
0:24:16.564100: phb 5.121810079950738
0:24:16.566210: phb 5.154442127568733
0:24:16.581922: phb 5.188994745335928
0:24:16.598695: phb 5.22521424164647
0:24:16.621384: phb 5.2608436415230475
0:24:16.632413: phb 5.277939308876865
0:24:16.665124: phb 5.333247163173548
0:24:16.666793: phb 5.356731379849765
0:24:16.681919: phb 5.377508205517226
0:24:16.697491: phb 5.410876187300635
0:24:16.715959: phb 5.436314010115642
0:24:16.729534: phb 5.512973838031459
0:24:16.764728: phb 5.539600529364988
0:24:16.766942: phb 5.606253987703473
0:24:16.782521: phb 5.673708079199759
0:24:16.799105: phb 5.747923104242965
0:24:16.815957: phb 5.781685070323693
0:24:16.832203: phb 5.84334272436385
0:24:16.866507: phb 5.931470420342934
0:24:16.866882: phb 5.95007606839495
0:24:16.881178: phb 6.012702143052409
0:24:16.898550: phb 6.036726930140282
0:24:16.914424: phb 6.0789227066974725
0:24:16.930823: phb 6.139088311427934
0:24:16.948796: phb 6.160436268407625
0:24:16.968961: phb 6.236652581049654
0:24:16.982705: phb 6.273872137733316
0:24:16.998578: phb 0.02793219692886855
0:24:17.015383: phb 0.0639122392381053
0:24:17.030487: phb 0.09505364582746818
0:24:17.048520: phb 0.12710662122903366
0:24:17.067847: phb 0.1770406522052556
0:24:17.081492: phb 0.2064400430926747
0:24:17.097433: phb 0.2224353995300694
0:24:17.132411: phb 0.2383151369042153
0:24:17.148310: phb 0.265467463595972
0:24:17.171611: phb 0.29589095529020953
0:24:17.182096: phb 0.310898111658871
0:24:17.198287: phb 0.3257612528903657
0:24:17.272965: phb 0.3404766416564879
0:24:17.298398: phb 0.3604908415128249
0:24:17.373736: phb 0.39932492490352195
0:24:17.381048: phb 0.44342457645096944
0:24:17.398157: phb 0.488951896720458
0:24:17.415390: phb 0.5295893084300558
0:24:17.432920: phb 0.6094765235194045
0:24:17.449437: phb 0.662183642352608
0:24:17.474442: phb 0.7155872093187968
0:24:17.484991: phb 0.837443562742256
0:24:17.498452: phb 0.906875446098091
0:24:17.517864: phb 1.02713937002258
0:24:17.532303: phb 1.0721545057208315
0:24:17.549205: phb 1.1082484583202157
0:24:17.568167: phb 1.2030173658760197
0:24:17.579732: phb 1.2456410832203955
0:24:17.598609: phb 1.2696029523108623
0:24:17.622551: phb 1.3420713012606744
0:24:17.642117: phb 1.3838463606320772
0:24:17.647815: phb 1.42084340007369
0:24:17.667780: phb 1.4401352352103707
0:24:17.682175: phb 1.4754975831453399
0:24:17.699702: phb 1.5271248932857695
0:24:17.720746: phb 1.528498684607476
0:24:17.731733: phb 1.5446399463164961
0:24:17.749263: phb 1.5755672549543565
0:24:17.768900: phb 1.590832254705146
0:24:17.781854: phb 1.6050417123508018
0:24:17.803650: phb 1.6481956862076015
0:24:17.824766: phb 1.6613751430601165
0:24:17.837342: phb 1.6741505444138325
0:24:17.849414: phb 1.7120903266552423
0:24:17.877818: phb 1.7255823083275836
0:24:17.881898: phb 1.7735101440312593
0:24:17.916299: phb 1.7962038669749438
0:24:17.932150: phb 1.8303301643100778
0:24:17.949507: phb 1.8665943484933352
0:24:17.982701: phb 1.8785118284324953
0:24:17.998119: phb 1.9020746770529748
0:24:18.034485: phb 1.9252628059090717
0:24:18.047837: phb 1.9367100009222928
0:24:18.080822: phb 1.9480586880956863
0:24:18.082847: phb 1.9704501295836772
0:24:18.098962: phb 1.9924269491062947
0:24:18.114063: phb 2.0032555610626956
0:24:18.149775: phb 2.0245923399182386
0:24:18.178084: phb 2.04549319015114
0:24:18.198507: phb 2.0659545635122285
0:24:18.215128: phb 2.0760199444913683
0:24:18.248179: phb 2.0958171876090272
0:24:18.264578: phb 2.105549805348259
0:24:18.282683: phb 2.124681516153538
0:24:18.298237: phb 2.1525510822799485
0:24:18.315059: phb 2.1705831514772282
0:24:18.336623: phb 2.1881804745293683
0:24:18.349018: phb 2.196818333215354
0:24:47.616943: off 180
0:24:52.802570: phb 4.099216315327642
0:25:32.432101: off 7
0:25:50.068566: off 148
0:26:05.611482: freq 1
0:26:22.670553: freq 0.95
0:26:22.718721: freq 0.9
0:26:22.737555: freq 0.85
0:26:22.750192: freq 0.75
0:26:22.768253: freq 0.7
0:26:22.820665: freq 0.65
0:26:22.821159: freq 0.6
0:26:22.834696: freq 0.55
0:26:22.850560: freq 0.45
0:26:22.885526: freq 0.35
0:26:22.921152: freq 0.3
0:26:22.921644: freq 0.25
0:26:22.934300: freq 0.2
0:26:22.951190: freq 0.15
0:26:22.968538: freq 0.1
0:26:22.985081: freq 0.05
0:26:23.001461: freq 0
0:26:37.675656: amp 87
0:26:37.747015: amp 85
0:26:37.774645: amp 74
0:26:37.790947: amp 63
0:26:37.796252: amp 49
0:26:37.814626: amp 36
0:26:37.831043: amp 22
0:26:37.847669: amp 19
0:26:37.875429: amp 17
0:26:37.879955: amp 15
0:26:37.898437: amp 14
0:26:37.919497: amp 13
0:26:37.931566: amp 12
0:26:37.947748: amp 11
0:26:37.976387: amp 10
0:26:37.997281: amp 9
0:26:38.016876: amp 8
0:26:38.080861: amp 7
0:26:38.148577: amp 6
0:26:38.237629: amp 5
0:26:38.246942: amp 4
0:26:38.298047: amp 3
0:26:38.331484: amp 2
0:26:38.382552: amp 1
0:26:38.415357: amp 0
0:26:47.432035: freq 0.95
0:26:47.475802: freq 0.9
0:26:47.497018: freq 0.85
0:26:47.512238: freq 0.8
0:26:47.546938: freq 0.75
0:26:47.562567: freq 0.7
0:26:47.597728: freq 0.65
0:26:47.634014: freq 0.6
0:26:47.663993: freq 0.55
0:26:47.697119: freq 0.5
0:26:47.746007: freq 0.45
0:26:47.763300: freq 0.4
0:26:47.781460: freq 0.35
0:26:47.796676: freq 0.3
0:26:47.830225: freq 0.25
0:26:47.847499: freq 0.2
0:26:47.880862: freq 0.15
0:26:47.913878: freq 0.1
0:26:47.965878: freq 0.05
0:26:48.066409: freq 0
0:26:50.450430: off 144
0:26:50.466275: off 140
0:26:50.477934: off 132
0:26:50.496315: off 122
0:26:50.515908: off 114
0:26:50.529168: off 105
0:26:50.545688: off 93
0:26:50.567665: off 87
0:26:50.579910: off 79
0:26:50.596263: off 75
0:26:50.613373: off 72
0:26:50.630667: off 68
0:26:50.646268: off 64
0:26:50.668257: off 61
0:26:50.678534: off 58
0:26:50.695866: off 55
0:26:50.712864: off 53
0:26:50.729308: off 50
0:26:50.746390: off 47
0:26:50.778437: off 45
0:26:50.779450: off 43
0:26:50.795763: off 41
0:26:50.812529: off 38
0:26:50.829749: off 36
0:26:50.846010: off 34
0:26:50.878130: off 32
0:26:50.879378: off 30
0:26:50.896572: off 28
0:26:50.912122: off 27
0:26:50.932640: off 26
0:26:50.948407: off 25
0:26:50.983242: off 24
0:26:50.996299: off 23
0:26:51.029616: off 22
0:26:51.046086: off 21
0:26:51.072813: off 20
0:26:51.078509: off 19
0:26:51.095966: off 16
0:26:51.112344: off 15
0:26:51.129450: off 13
0:26:51.152630: off 12
0:26:51.183579: off 11
0:26:51.195614: off 10
0:26:51.230474: off 9
0:26:51.263952: off 8
0:26:51.296469: off 7
0:26:51.329745: off 6
0:26:51.363612: off 5
0:26:51.385598: off 3
0:26:51.397683: off 1
0:26:51.412386: off 0
0:27:04.276092: off 6
0:27:04.311028: off 11
0:27:04.311291: off 16
0:27:04.325546: off 19
0:27:04.343646: off 22
0:27:04.359746: off 25
0:27:04.376250: off 26
0:27:04.411860: off 28
0:27:04.412156: off 29
0:27:04.443125: off 30
0:27:04.525632: off 31
0:27:04.692841: off 32
0:27:04.824819: off 33
0:27:08.324796: freq 0.1
0:27:08.383871: freq 0.85
0:27:08.384369: freq 1
0:27:12.707405: amp 7
0:27:12.724348: amp 23
0:27:12.757576: amp 42
0:27:12.757867: amp 51
0:27:12.774364: amp 60
0:27:12.790867: amp 74
0:27:12.807946: amp 82
0:27:12.822846: amp 89
0:27:12.858922: amp 90
0:27:21.172821: freq 0.95
0:27:21.215679: freq 0.9
0:27:21.255126: freq 0.85
0:27:21.321803: freq 0.8
0:27:21.420168: freq 0.75
0:27:21.504699: freq 0.7
0:27:21.606365: freq 0.65
0:27:22.654416: freq 0.6
0:27:22.723673: freq 0.55
0:27:22.724289: freq 0.5
0:27:22.753618: freq 0.45
0:27:22.887327: freq 0.5
0:27:22.926969: freq 0.55
0:27:22.936757: freq 0.65
0:27:22.954804: freq 0.7
0:27:22.971607: freq 0.85
0:27:22.987783: freq 0.95
0:27:23.004052: freq 1
0:27:23.204088: freq 0.95
0:27:23.231095: freq 0.85
0:27:23.242464: freq 0.75
0:27:23.252251: freq 0.6
0:27:23.269285: freq 0.55
0:27:23.287926: freq 0.5
0:27:23.304300: freq 0.45
0:27:23.434143: freq 0.5
0:27:23.436623: freq 0.55
0:27:23.471525: freq 0.6
0:27:23.487182: freq 0.65
0:27:23.504394: freq 0.7
0:27:23.535606: freq 0.75
0:27:23.538306: freq 0.8
0:27:23.669467: freq 0.75
0:27:23.687093: freq 0.7
0:27:23.703600: freq 0.65
0:27:23.737835: freq 0.55
0:27:23.738968: freq 0.5
0:27:23.753846: freq 0.45
0:27:23.771741: freq 0.4
0:27:23.804136: freq 0.35
0:27:23.853580: freq 0.4
0:27:23.887498: freq 0.45
0:27:23.907250: freq 0.5
0:27:23.920182: freq 0.6
0:27:23.942308: freq 0.65
0:27:23.953848: freq 0.85
0:27:23.970342: freq 1
0:27:24.145718: freq 0.95
0:27:24.152853: freq 0.85
0:27:24.169835: freq 0.7
0:27:24.192216: freq 0.5
0:27:24.203626: freq 0.35
0:27:24.219779: freq 0.3
0:27:24.320339: freq 0.35
0:27:24.347957: freq 0.4
0:27:24.354264: freq 0.45
0:27:24.371697: freq 0.6
0:27:24.387204: freq 0.7
0:27:24.403108: freq 0.8
0:27:24.420254: freq 0.85
0:27:24.503527: freq 0.7
0:27:24.520420: freq 0.55
0:27:24.549316: freq 0.3
0:27:24.554194: freq 0.2
0:27:24.571344: freq 0.15
0:27:24.651084: freq 0.2
0:27:24.669810: freq 0.25
0:27:24.687284: freq 0.35
0:27:24.702964: freq 0.5
0:27:24.720301: freq 0.55
0:27:24.744368: freq 0.7
0:27:24.753649: freq 0.75
0:27:24.770049: freq 0.85
0:27:24.869805: freq 0.8
0:27:24.885658: freq 0.75
0:27:24.921110: freq 0.6
0:27:24.953608: freq 0.55
0:27:24.954073: freq 0.45
0:27:25.003826: freq 0.4
0:27:25.055366: freq 0.45
0:27:25.069529: freq 0.5
0:27:25.086190: freq 0.55
0:27:25.103788: freq 0.65
0:27:25.120072: freq 0.7
0:27:25.136479: freq 0.75
0:27:25.220695: freq 0.7
0:27:25.236607: freq 0.65
0:27:25.258418: freq 0.55
0:27:25.269742: freq 0.5
0:27:25.369257: freq 0.55
0:27:25.387160: freq 0.6
0:27:25.402161: freq 0.65
0:27:25.419999: freq 0.8
0:27:25.470360: freq 0.85
0:27:25.504750: freq 0.8
0:27:25.519643: freq 0.75
0:27:25.538334: freq 0.7
0:27:25.563041: freq 0.65
0:27:25.570196: freq 0.6
0:27:25.663995: freq 0.65
0:27:25.669754: freq 0.75
0:27:25.685882: freq 0.85
0:27:25.710638: freq 0.95
0:27:25.766495: freq 1
0:27:25.786467: freq 0.9
0:27:25.802792: freq 0.85
0:27:25.819742: freq 0.75
0:27:25.837053: freq 0.6
0:27:25.862784: freq 0.5
0:27:25.868742: freq 0.45
0:27:25.969282: freq 0.5
0:27:25.969749: freq 0.65
0:27:25.985913: freq 0.8
0:27:26.003638: freq 0.85
0:27:26.019848: freq 0.9
0:27:26.087807: freq 0.85
0:27:26.103918: freq 0.65
0:27:26.119919: freq 0.55
0:27:26.172538: freq 0.5
0:27:26.220261: freq 0.55
0:27:26.236430: freq 0.6
0:27:26.253586: freq 0.65
0:27:26.286486: freq 0.7
0:27:26.320409: freq 0.75
0:27:26.386487: freq 0.8
0:27:26.420393: freq 0.85
0:27:26.454189: freq 0.9
0:27:26.477664: freq 0.95
0:27:26.603198: freq 1
0:27:29.661899: freq 0.2
0:27:35.232356: freq 0.35
0:27:38.504270: amp 33
0:27:49.394782: freq 0.4
0:27:49.581080: freq 0.45
0:27:49.647519: freq 0.5
0:27:49.781620: freq 0.55
0:27:49.916326: freq 0.6
0:27:50.230505: freq 0.65
0:27:50.679260: freq 0.7
0:27:51.165725: freq 0.75
0:27:51.680888: freq 0.8
0:27:52.247128: freq 0.85
0:27:55.685351: freq 0.95
0:27:58.412434: amp 34
0:27:58.445815: amp 36
0:27:58.485945: amp 37
0:27:58.503874: amp 38
0:27:58.527623: amp 39
0:27:58.545321: amp 40
0:27:58.587554: amp 41
0:27:58.612544: amp 42
0:27:58.645454: amp 43
0:27:58.695777: amp 44
0:27:58.745681: amp 45
0:27:58.790881: amp 46
0:27:58.828548: amp 47
0:27:58.894556: amp 48
0:28:13.341222: amp 47
0:28:13.357887: amp 45
0:28:13.391539: amp 44
0:28:13.437431: amp 43
0:28:13.441404: amp 42
0:28:13.459342: amp 41
0:28:13.475618: amp 40
0:28:13.508485: amp 39
0:28:13.543299: amp 38
0:28:13.557639: amp 37
0:28:13.609084: amp 36
0:28:13.642281: amp 35
0:28:13.658351: amp 34
0:28:13.692151: amp 33
0:28:13.743374: amp 32
0:28:13.758623: amp 31
0:28:13.808898: amp 30
0:28:13.874792: amp 29
0:28:15.423816: off 32
0:28:15.440626: off 34
0:28:15.473857: off 37
0:28:15.475375: off 40
0:28:15.491648: off 43
0:28:15.508038: off 47
0:28:15.525905: off 50
0:28:15.541595: off 52
0:28:15.574871: off 54
0:28:15.575152: off 56
0:28:15.591787: off 57
0:28:15.608711: off 58
0:28:15.624674: off 59
0:28:15.640875: off 60
0:28:15.675946: off 61
0:28:15.690647: off 62
0:28:15.709039: off 63
0:28:15.742212: off 64
0:28:15.776727: off 65
0:28:15.808245: off 66
0:28:15.841834: off 67
0:28:15.878777: off 68
0:28:15.908748: off 69
0:28:15.925252: off 70
0:28:15.958274: off 71
0:28:15.989859: off 72
0:28:16.007644: off 73
0:28:16.080813: off 74
0:28:16.107414: off 75
0:28:16.158617: off 76
0:28:16.224623: off 77
0:28:16.290726: off 78
0:28:16.390857: off 79
0:28:16.487618: off 80
0:28:16.524198: off 81
0:28:16.590123: off 82
0:28:16.642491: off 83
0:28:16.706741: off 84
0:28:16.757676: off 85
0:28:16.838023: off 86
0:28:22.313832: off 57
0:28:24.110890: off 54
0:28:24.122063: off 49
0:28:24.139367: off 43
0:28:24.155871: off 41
0:28:24.171767: off 36
0:28:24.189808: off 34
0:28:24.212353: off 32
0:28:24.222627: off 30
0:28:24.239952: off 28
0:28:24.256252: off 27
0:28:24.272292: off 25
0:28:24.314094: off 24
0:28:24.325009: off 23
0:28:24.338731: off 22
0:28:24.373693: off 21
0:28:24.415537: off 20
0:28:24.456378: off 19
0:28:24.521625: off 18
0:28:24.589793: off 17
0:28:24.655965: off 16
0:28:24.739235: off 15
0:28:24.788537: off 14
0:28:24.871863: off 13
0:28:24.971866: off 12
0:28:25.106043: off 11
0:28:25.229767: off 10
0:28:25.355150: off 9
0:28:25.438677: off 8
0:28:25.572470: off 7
0:28:25.706065: off 6
0:28:25.838528: off 5
0:28:26.040484: off 4
0:28:26.155688: off 3
0:28:26.305778: off 2
0:28:26.372242: off 1
0:28:26.446786: off 0
0:28:28.954801: amp 30
0:28:28.989778: amp 31
0:28:29.004350: amp 33
0:28:29.019689: amp 34
0:28:29.038203: amp 35
0:28:29.054047: amp 36
0:28:29.090254: amp 37
0:28:29.123023: amp 38
0:28:29.203817: amp 39
0:28:29.270701: amp 40
0:28:29.339729: amp 41
0:28:29.395667: amp 42
0:28:29.438258: amp 43
0:28:29.504426: amp 44
0:28:29.555207: amp 45
0:28:29.637307: amp 46
0:28:29.700083: amp 47
0:28:29.753968: amp 48
0:28:29.819966: amp 49
0:28:43.043701: off 13
0:28:43.051219: off 30
0:28:43.068546: off 49
0:28:43.099890: off 74
0:28:43.103107: off 85
0:28:43.118664: off 107
0:28:43.134837: off 132
0:28:43.154747: off 145
0:28:43.170817: off 159
0:28:43.201272: off 166
0:28:43.207234: off 169
0:28:43.217832: off 174
0:28:43.233426: off 176
0:28:43.252468: off 177
0:28:43.268488: off 178
0:28:43.316111: off 179
0:28:43.317569: off 180
0:28:45.101606: amp 55
0:28:45.133587: amp 58
0:28:45.135925: amp 62
0:28:45.150875: amp 67
0:28:45.168143: amp 70
0:28:45.191009: amp 74
0:28:45.202450: amp 81
0:28:45.234377: amp 84
0:28:45.234666: amp 88
0:28:45.250811: amp 90
0:28:47.032759: freq 1
0:28:50.078554: phb 6.248325426717581
0:28:50.482840: phb 6.2762104909675305
0:28:50.500745: phb 0.035858826145099935
0:28:50.522275: phb 0.1286852596573398
0:28:50.532812: phb 0.19681982221127053
0:28:50.551608: phb 0.31577013152771405
0:28:50.566911: phb 0.5362067586787699
0:28:50.587085: phb 0.6310497149165439
0:28:50.600088: phb 0.7303775569521513
0:28:50.617536: phb 0.7624209164452183
0:28:50.633280: phb 0.8146299066476669
0:28:50.649956: phb 0.8439326592153755
0:28:50.666506: phb 0.874909915949981
0:28:50.685379: phb 0.9039328201938296
0:28:50.700374: phb 0.9630885746468077
0:28:50.724270: phb 1.0018640713145792
0:28:50.734319: phb 1.0399900003392764
0:28:50.765260: phb 1.0837658242654808
0:28:50.768146: phb 1.1261219453242293
0:28:50.783953: phb 1.1793304124910253
0:28:50.800339: phb 1.2590275008045402
0:28:50.823916: phb 1.3341836378133096
0:28:50.834020: phb 1.420003234103801
0:28:50.851388: phb 1.5414331630895775
0:28:51.099502: phb 2.3246758531826983
0:28:51.130609: phb 2.5685383441738017
0:28:51.134249: phb 2.686141758072287
0:28:51.150513: phb 2.8330188402796543
0:28:51.164843: phb 3.08457045406411
0:28:51.182995: phb 3.2489505611786074
0:28:51.200714: phb 3.4266224322006282
0:28:51.232012: phb 3.7560612016215105
0:28:51.238234: phb 3.9074651893719246
0:28:51.250013: phb 3.998876730224999
0:28:51.267386: phb 4.044981389513028
0:28:51.284813: phb 4.069549497740381
0:28:51.302842: phb 4.092605307314176
0:28:51.334152: phb 4.107191966234596
0:28:51.334509: phb 4.114261903018463
0:28:51.384445: phb 4.127974597629274
0:28:51.434949: phb 4.148557865453995
0:28:51.435378: phb 4.204924365688365
0:28:51.449924: phb 4.231879910109922
0:28:51.466611: phb 4.264088947737573
0:28:51.483765: phb 4.32387908398466
0:28:51.500256: phb 4.362129298664564
0:28:51.536084: phb 4.412044903214222
0:28:51.536527: phb 4.459185100453711
0:28:51.554628: phb 4.532045512568915
0:28:51.567309: phb 4.556809442347548
0:28:51.583741: phb 4.618312334858065
0:28:51.598608: phb 4.666731114363582
0:28:51.616582: phb 4.707759412087389
0:28:51.637686: phb 4.784935416640662
0:28:51.649951: phb 4.834773751751821
0:28:51.666760: phb 4.925962237009223
0:28:51.683772: phb 5.020906541376274
0:28:51.700470: phb 5.081361916042434
0:28:51.716165: phb 5.175064681173643
0:28:51.738772: phb 5.265167617505316
0:28:51.749884: phb 5.401027960674466
0:28:51.772603: phb 5.457737604266594
0:28:51.782858: phb 5.500578087725205
0:28:51.800378: phb 5.581012024195956
0:28:51.816916: phb 5.598568342568141
0:28:51.838707: phb 5.635246820885242
0:28:51.850373: phb 5.69432735036562
0:28:51.867607: phb 5.71513678561507
0:28:51.883926: phb 5.780983362592913
0:28:51.899421: phb 6.0360245232874545
0:28:51.916444: phb 0.3481372545316922
0:28:51.933103: phb 0.8651860663750541
0:28:51.950152: phb 1.2329502288305902
0:28:51.966898: phb 1.3379476687134315
0:28:51.983490: phb 1.5089001416188272
0:28:51.999095: phb 1.622107806777328
0:28:52.016852: phb 1.7059168604946986
0:28:52.040630: phb 1.789195519399676
0:28:52.049384: phb 1.8303301643100778
0:28:52.066821: phb 1.897894460225551
0:28:52.084051: phb 1.9503990551130945
0:28:52.099932: phb 1.992068285595792
0:28:52.264999: phb 2.3623585730107264
0:28:52.282096: phb 2.4359234602946205
0:28:52.300039: phb 2.5402261958513526
0:28:52.316959: phb 2.6384242157882274
0:28:52.344967: phb 2.7230187633671066
0:28:52.350212: phb 2.809827974902751
0:28:52.366348: phb 2.8941386300967165
0:28:52.383793: phb 2.992654901093919
0:28:52.399479: phb 3.08457045406411
0:28:52.416821: phb 3.1498828723600005
0:28:52.445731: phb 3.20154239940753
0:28:52.450114: phb 3.2585704885623055
0:28:52.466733: phb 3.29969984670073
0:28:52.482824: phb 3.3396772876837386
0:28:52.499178: phb 3.3898491691001293
0:28:52.514761: phb 3.4195435142023083
0:28:52.538907: phb 3.45783329246882
0:28:52.549358: phb 3.542278312356556
0:28:52.566659: phb 3.591444157737799
0:28:52.584281: phb 3.7287027915709485
0:28:52.598510: phb 3.9884335990927786
0:28:52.616701: phb 4.1857962405328895
0:28:52.648749: phb 4.468827776006924
0:28:52.649167: phb 4.527720341740286
0:28:52.666488: phb 4.535494727558452
0:28:52.683180: phb 4.568586037099493
0:28:52.801124: phb 4.549248651250045
0:28:52.816437: phb 4.49201786841379
0:28:52.831214: phb 4.454638497383992
0:28:52.849691: phb 4.417982878990381
0:28:52.865174: phb 4.322989689067945
0:28:52.882637: phb 4.230629372659696
0:28:52.898639: phb 4.188081349477158
0:28:52.916176: phb 4.145750500095347
0:28:52.932312: phb 4.088479053116289
0:28:52.949627: phb 4.047590067452458
0:28:52.966684: phb 4.033180359054991
0:28:52.983012: phb 4.007371371390355
0:28:52.999518: phb 3.993559371221316
0:28:53.015499: phb 3.967931400387413
0:28:53.083340: phb 3.9418683652405964
0:28:53.257593: phb 3.966907745527129
0:28:53.264884: phb 4.066255481872908
0:28:53.281744: phb 4.1050995880955155
0:28:53.301374: phb 4.168754686070196
0:28:53.315597: phb 4.192834600310096
0:28:53.331874: phb 4.216604645624375
0:28:53.350809: phb 4.255560224373271
0:28:53.365314: phb 4.308190031301215
0:28:53.382034: phb 4.3728126982133055
0:28:53.399546: phb 4.393525368685492
0:28:53.415520: phb 4.4184699353077805
0:28:53.466750: phb 4.437986592112281
0:28:53.483143: phb 4.457084160505924
0:28:53.516706: phb 4.475764812668285
0:28:54.615839: phb 4.553846664369441
0:28:54.632490: phb 4.601207764175579
0:28:54.649413: phb 4.677629046234249
0:28:54.682378: phb 4.7370186067673945
0:28:54.683970: phb 4.779732607264963
0:28:54.698120: phb 4.862838795271
0:28:54.715376: phb 4.9177843955036495
0:28:54.734905: phb 4.9715014077385975
0:28:54.748964: phb 5.023731216215663
0:28:54.784634: phb 5.049222156153172
0:28:54.785070: phb 5.098841874264046
0:28:54.804379: phb 5.110951081243872
0:28:54.816224: phb 5.122938046777406
0:28:54.840529: phb 5.163732036984273
0:28:54.847902: phb 5.181132502153631
0:28:54.877448: phb 5.204097055022037
0:28:54.882216: phb 5.232830451964182
0:28:54.898620: phb 5.268238401545593
0:28:54.916048: phb 5.293317217442497
0:28:54.932617: phb 5.340762173002633
0:28:54.949509: phb 5.37542643519256
0:28:54.965620: phb 5.441517303181288
0:28:54.986604: phb 5.499639854000255
0:28:54.999186: phb 5.580145959364885
0:28:55.016654: phb 5.6782822931315255
0:28:55.031489: phb 5.7626151468185745
0:28:55.048505: phb 5.844984779915731
0:28:55.066686: phb 5.937444126202986
0:28:55.088119: phb 6.013481035991241
0:28:55.102767: phb 6.060749907649517
0:28:55.115771: phb 6.092847017659923
0:28:55.135378: phb 6.125346693798043
0:28:55.156915: phb 6.176485806163418
0:28:55.199252: phb 6.210365930842707
0:28:55.215569: phb 6.228284481965989
0:28:55.249121: phb 6.260001045943777
0:28:55.266667: phb 6.2754557532175
0:28:55.365638: phb 0.022489167848969684
0:28:55.506639: phb 0.03638044235220015
0:28:55.901356: phb 0.1164099878993326
0:28:55.914522: phb 0.22837203099427802
0:28:55.936375: phb 0.5546553910487227
0:28:55.956723: phb 0.8672894946056686
0:28:55.966331: phb 1.0960997790216045
0:28:56.001131: phb 1.3460663132204396
0:28:56.665639: phb 2.3316449913340547
0:28:56.686761: phb 2.4576827824503282
0:28:56.713518: phb 2.5720957731739578
0:28:56.716044: phb 2.731729985212497
0:28:56.732565: phb 2.7889633324475644
0:28:56.750073: phb 2.8561784236622345
0:28:56.767473: phb 2.9207508115111382
0:28:56.782842: phb 2.973449021097776
0:28:56.814615: phb 3.0487734036477407
0:28:56.816515: phb 3.114221159013818
0:28:56.832373: phb 3.2244475183848427
0:28:56.849479: phb 3.306161224310974
0:28:56.866096: phb 3.3575915562423932
0:28:56.885377: phb 3.430888645602486
0:28:56.915759: phb 3.5425191878555857
0:28:56.917343: phb 3.6315498108881252
0:28:56.932413: phb 3.7007851309178674
0:28:56.949434: phb 3.7826824409139257
0:28:56.965423: phb 3.808705336560085
0:28:56.981972: phb 3.853978659493241
0:28:57.010922: phb 3.9193125950606316
0:28:57.015554: phb 3.975977315575231
0:28:57.031776: phb 4.1718177081543315
0:28:57.048325: phb 4.393257009363518
0:28:57.064536: phb 4.5176653739050705
0:28:57.081056: phb 4.649515365979526
0:28:57.097749: phb 4.707826998113779
0:28:57.118930: phb 4.766169635502709
0:28:57.131764: phb 4.848355885196434
0:28:57.148295: phb 4.887237470575387
0:28:57.165874: phb 4.98786096525402
0:28:57.182288: phb 5.11802769247272
0:28:57.199512: phb 5.183227418813669
0:28:57.219692: phb 5.268966015857015
0:28:57.232687: phb 5.317227670285255
0:28:57.264854: phb 5.452591374969684
0:28:57.281654: phb 5.634650714777711
0:28:57.298540: phb 5.775908099060282
0:28:57.315187: phb 5.995128610539635
0:28:57.331642: phb 6.196257803534249
0:28:57.349083: phb 0.0900486108660292
0:28:57.365416: phb 0.308342208386999
0:28:57.382262: phb 0.4528842928505364
0:28:57.397876: phb 0.7099865139673498
0:28:57.415915: phb 0.9079592601129179
0:28:57.432561: phb 1.0210860938336765
0:28:57.450743: phb 1.2524578509128501
0:28:57.464220: phb 1.336009491151739
0:28:57.481938: phb 1.4436764363047567
0:28:57.499349: phb 1.6543398870354908
0:28:57.514779: phb 1.7754584215500264
0:28:57.531566: phb 1.851870240701361
0:28:57.548446: phb 2.021081780631097
0:28:57.563105: phb 2.1165673278551758
0:28:57.580705: phb 2.1989900568528555
0:28:57.598908: phb 2.282843874625823
0:28:57.617549: phb 2.3645016130290064
0:28:57.630360: phb 2.4838617277586366
0:28:57.649448: phb 2.5035227931067547
0:28:57.665212: phb 2.5424871862659795
0:28:57.682287: phb 2.6305635880892386
0:28:57.698836: phb 2.6798607403059966
0:28:57.725173: phb 2.7715405471704675
0:28:57.731131: phb 2.784326642080218
0:28:57.747281: phb 2.810266522207673
0:28:57.765810: phb 2.850051998487083
0:28:57.782147: phb 2.915269066186134
0:28:57.797594: phb 2.9853637842299703
0:28:57.825266: phb 3.1902758249718195
0:28:57.832166: phb 3.323108795275436
0:28:57.849196: phb 3.5215775165946903
0:28:57.864491: phb 3.8575479062365754
0:28:57.883912: phb 4.039400070208673
0:28:57.898517: phb 4.16731926051636
0:28:57.926187: phb 4.362655352786671
0:28:57.930694: phb 4.426602218231891
0:28:57.948635: phb 4.504973362684049
0:28:57.964930: phb 4.630780556882941
0:28:57.998575: phb 4.655352944308949
0:28:58.027435: phb 4.6799922053350524
0:28:58.032735: phb 4.729363459152124
0:28:58.047412: phb 4.836743223729458
0:28:58.065453: phb 4.909426574866364
0:28:58.082026: phb 5.008266140841711
0:28:58.098456: phb 5.2305489793099
0:28:58.129149: phb 5.339697558438151
0:28:58.132312: phb 5.5398909145433555
0:28:58.148128: phb 5.650608933792546
0:28:58.164800: phb 5.738674859129954
0:28:58.181725: phb 6.003834118533835
0:28:58.197586: phb 6.187857786169822
0:28:58.231228: phb 0.2633980635347002
0:28:58.233499: phb 0.8368624809354585
0:28:58.247368: phb 1.0410879727156515
0:28:58.265267: phb 1.1576028003169196
0:28:58.281337: phb 1.2831177803003615
0:28:58.298570: phb 1.3644387613272253
0:28:58.322517: phb 1.463452569025547
0:28:58.331873: phb 1.6896153253219441
0:28:58.348810: phb 1.8614805101664555
0:28:58.365312: phb 1.9990094717902116
0:28:58.381514: phb 2.0355675511017646
0:28:58.399501: phb 2.0708317293740173
0:28:58.432616: phb 2.1532683823375667
0:28:58.433294: phb 2.1687794117732944
0:28:58.448615: phb 2.198840293933403
0:28:58.473807: phb 2.255224395799077
0:28:58.481592: phb 2.281615835284328
0:28:58.509700: phb 2.306861457327686
0:28:58.534286: phb 2.3652410186971347
0:28:58.534831: phb 2.3972490017376624
0:28:58.548758: phb 2.42717759655421
0:28:58.587844: phb 2.45720495426832
0:28:58.588515: phb 2.4979112031592097
0:28:58.598805: phb 2.546207064155854
0:28:58.626619: phb 2.5853254093899265
0:28:58.632343: phb 2.6095970828018262
0:28:58.648624: phb 2.660280476400972
0:28:58.665208: phb 2.7276070117071085
0:28:58.681480: phb 2.7643608132906436
0:28:58.698715: phb 2.792465293250937
0:28:58.715000: phb 2.8244212224771843
0:28:58.735968: phb 2.8980763982142745
0:28:58.747538: phb 3.005996221258371
0:28:58.765662: phb 3.4967292894743065
0:28:58.781184: phb 3.8598267798367933
0:28:58.799681: phb 4.07052287342227
0:28:58.816018: phb 4.24698943337677
0:28:58.836858: phb 4.367607380503341
0:28:58.846770: phb 4.520547094454274
0:28:58.864772: phb 4.672025457174363
0:28:58.880770: phb 4.925644564131836
0:28:58.897446: phb 5.0071189106294485
0:28:58.915034: phb 5.121387006531357
0:28:58.938673: phb 5.164280479728447
0:28:58.948498: phb 5.205458386763126
0:28:58.964482: phb 5.307079547267121
0:28:58.982387: phb 5.417998545500646
0:28:58.998280: phb 5.534729673728109
0:28:59.015652: phb 5.67407972716555
0:28:59.039890: phb 5.749415400513997
0:28:59.048283: phb 5.83810469356171
0:28:59.064674: phb 5.883444891962683
0:28:59.080069: phb 5.915899390145038
0:28:59.096839: phb 5.985117661031695
0:28:59.114252: phb 6.0200325863658
0:28:59.131878: phb 6.0473155550424105
0:28:59.149804: phb 6.141862626691216
0:28:59.163330: phb 6.208358368869182
0:28:59.181900: phb 6.2296881909780515
0:28:59.198393: phb 6.2724758785498995
0:28:59.214679: phb 0.052376370472654525
0:28:59.237311: phb 0.2913451416279555
0:28:59.255535: phb 0.4660172596509214
0:28:59.264662: phb 0.5627998427458629
0:28:59.281158: phb 0.6518876801543342
0:28:59.296286: phb 0.7062182955234978
0:28:59.315829: phb 0.7463509257047749
0:28:59.341835: phb 0.8196733785851522
0:28:59.348608: phb 0.8931639210133149
0:28:59.364964: phb 0.9500738919052798
0:28:59.381948: phb 1.0552000221665239
0:28:59.398441: phb 1.1375212571068989
0:28:59.414678: phb 1.2167647090399487
0:28:59.443598: phb 1.3625296392101347
0:28:59.448807: phb 1.4606329989761946
0:28:59.463011: phb 1.5752926739017628
0:28:59.482297: phb 1.647086390207596
0:28:59.498405: phb 1.7039957871186977
0:28:59.514749: phb 1.8045810698469982
0:28:59.545320: phb 1.8455982545695964
0:28:59.548955: phb 1.8988288787515835
0:28:59.564496: phb 1.9247593001340344
0:28:59.582335: phb 1.955287357293266
0:28:59.597607: phb 2.010865723929903
0:28:59.614235: phb 2.0783123911207673
0:28:59.646372: phb 2.120719586080022
0:28:59.651346: phb 2.2057883752321352
0:28:59.665388: phb 2.23448018396001
0:28:59.682173: phb 2.2920014884155493
0:28:59.697845: phb 2.3371437039619964
0:28:59.714942: phb 2.3719801677210217
0:28:59.747696: phb 2.4149508226607104
0:28:59.749689: phb 2.4802024358209196
0:28:59.763302: phb 2.557638235431279
0:28:59.781460: phb 2.6203876557190413
0:28:59.797949: phb 2.7484761714545525
0:28:59.815337: phb 2.819006805294065
0:28:59.849643: phb 2.915269066186134
0:28:59.850055: phb 3.045327089548745
0:28:59.863770: phb 3.163873079151993
0:28:59.880529: phb 3.521747528897675
0:28:59.897904: phb 3.7333040592011897
0:28:59.915348: phb 3.8970199679281143
0:28:59.931188: phb 4.08419525032673
0:28:59.951876: phb 4.179023265754147
0:28:59.964938: phb 4.27305986461327
0:28:59.986763: phb 4.393140123733719
0:28:59.998031: phb 4.503447049329598
0:29:00.013678: phb 4.6028661981397585
0:29:00.030964: phb 4.7393819516490066
0:29:00.053513: phb 4.810981329739172
0:29:00.064232: phb 4.949509842646715
0:29:00.080294: phb 5.075864842180069
0:29:00.099707: phb 5.14619401353908
0:29:00.117027: phb 5.275767982020231
0:29:00.129971: phb 5.35701551930384
0:29:00.148658: phb 5.388675064976922
0:29:00.164428: phb 5.455319324197683
0:29:00.180971: phb 5.485511830020897
0:29:00.198769: phb 5.5151999591277505
0:29:00.214870: phb 5.544498802164282
0:29:00.229946: phb 5.5715613372645745
0:29:00.254923: phb 5.597027103837157
0:29:00.282825: phb 5.6360957190505045
0:29:00.307312: phb 5.705152163348237
0:29:00.313368: phb 5.808588993654025
0:29:00.331216: phb 5.979692504433871
0:29:00.356169: phb 6.257189012693195
0:29:00.366840: phb 0.13692885298967739
0:29:00.380242: phb 0.45945216467427824
0:29:00.397600: phb 0.5918281873658885
0:29:00.414867: phb 0.7041991047657474
0:29:01.080549: phb 2.5720957731739578
0:29:01.096762: phb 2.6590489792554974
0:29:01.114301: phb 2.7436486156639672
0:29:01.132232: phb 2.822998069805959
0:29:01.146708: phb 2.8945226393030534
0:29:01.171272: phb 3.176635713514175
0:29:01.181464: phb 3.4986587904130557
0:29:01.198216: phb 3.6241480819397487
0:29:01.213173: phb 3.8291825352227815
0:29:01.230911: phb 3.929010707379403
0:29:01.247342: phb 4.166618338785857
0:29:01.269587: phb 4.522587888788425
0:29:01.281215: phb 4.697216408963544
0:29:01.396692: phb 5.18497838860116
0:29:01.413515: phb 5.241797395956979
0:29:01.430106: phb 5.306587815179007
0:29:01.448357: phb 5.339263136221785
0:29:01.474204: phb 5.3693573046967735
0:29:01.478637: phb 5.431218750161959
0:29:01.930633: phb 0.5375310211704467
0:29:01.946384: phb 0.6270873431528893
0:29:01.983071: phb 0.6817709198099512
0:29:01.983511: phb 0.76640977863851
0:29:01.997421: phb 0.8196733785851522
0:29:02.014437: phb 0.8868730053718165
0:29:02.032001: phb 0.9077588719870253
0:29:02.046801: phb 0.9902199092543151
0:29:02.063280: phb 1.0830376630552618
0:29:02.085229: phb 1.2071643209147263
0:29:02.097947: phb 1.2683205975350893
0:29:02.114862: phb 1.3518453583175036
0:29:02.129367: phb 1.3816514735617673
0:29:02.148366: phb 1.4087677041019147
0:29:02.164872: phb 1.437961973482448
0:29:02.185811: phb 1.4788147491007126
0:29:02.195839: phb 1.5062313874503792
0:29:02.214222: phb 1.5337442843617901
0:29:02.286335: phb 1.5475250513332053
0:29:02.388052: phb 1.5751669025930226
0:29:02.396909: phb 1.6035855293460355
0:29:02.414894: phb 1.6336699831058603
0:29:02.431146: phb 1.6505137986899618
0:29:02.445779: phb 1.698965327354755
0:29:02.463282: phb 1.7444175602357561
0:29:02.480507: phb 1.762317465147794
0:29:02.496853: phb 1.8074206587944668
0:29:02.517836: phb 1.8410205503452035
0:29:02.529874: phb 1.875069783613988
0:29:02.546174: phb 1.9241223671637437
0:29:02.563010: phb 1.9587060257048245
0:29:02.589657: phb 1.9919936998412942
0:29:02.597257: phb 2.088241541607627
0:29:02.613102: phb 2.129395896657938
0:29:02.632469: phb 2.2208530458793327
0:29:02.647379: phb 2.2987476513385605
0:29:02.664307: phb 2.4099827580443693
0:29:02.691242: phb 2.606306093252525
0:29:02.696270: phb 2.7185589891289705
0:29:02.714944: phb 2.8876739760043657
0:29:02.729685: phb 3.111787798426205
0:29:02.747199: phb 3.246345726596094
0:29:02.763971: phb 3.490720731704492
0:29:02.792548: phb 3.7881062509675716
0:29:02.808673: phb 3.937424686449172
0:29:07.499793: phb 4.232682317713469
0:29:09.645774: phb 0.10669875527499646
0:29:10.831154: phb 6.198364645662532
0:29:12.764506: phb 6.150504811362925
0:29:12.946943: phb 0.4198162950221816
0:29:12.962301: phb 1.2516474507522535
0:29:12.978131: phb 1.4658675982211304
0:29:12.994899: phb 1.6286181027982356
0:29:13.009547: phb 1.784212120308415
0:29:13.044920: phb 1.8597889369442668
0:29:13.594278: phb 2.2927185971467243
0:29:13.609855: phb 2.3459411901381686
0:29:13.628846: phb 2.4095616232595907
0:29:13.656752: phb 2.5035227931067547
0:29:13.661235: phb 2.5621952387349487
0:29:13.678933: phb 2.6126375902121266
0:29:13.697056: phb 2.7084937609109083
0:29:13.721689: phb 2.7883545619187915
0:29:13.758093: phb 2.865843053847645
0:29:13.758661: phb 2.9968460754522086
0:29:13.761695: phb 3.0645749184782893
0:29:13.775659: phb 3.184439371156388
0:29:13.794651: phb 3.3030893503707652
0:29:13.812816: phb 3.3690957844197635
0:29:13.827272: phb 3.4796516362400842
0:29:13.859407: phb 3.5246837614125415
0:29:13.862423: phb 3.6099453229065546
0:29:13.877615: phb 3.683454244155817
0:29:13.892808: phb 3.756769209852733
0:29:13.920931: phb 3.7796630294082263
0:29:13.927103: phb 3.928814689900168
0:29:13.960211: phb 4.132165243879493
0:29:13.962375: phb 4.31835387260229
0:29:13.976782: phb 4.491366587140718
0:29:13.993507: phb 4.561403696977087
0:29:14.011067: phb 4.644977939605386
0:29:14.264682: phb 5.3216686253483445
0:29:14.276388: phb 5.347445069536953
0:29:14.294347: phb 5.382412600460368
0:29:14.311845: phb 5.404993231206451
0:29:14.343575: phb 5.472722919463453
0:29:14.365543: phb 5.490413779178487
0:29:14.376121: phb 5.5178182669321
0:29:14.392466: phb 5.564125225283123
0:29:14.411715: phb 5.584093814482386
0:29:14.427639: phb 5.594336835610884
0:29:14.444553: phb 5.623691897339531
0:29:14.467275: phb 5.642538141930432
0:29:14.477061: phb 5.653393578081365
0:29:14.493739: phb 5.683393483892604
0:29:14.528506: phb 5.702229590542388
0:29:14.568302: phb 5.744086435833284
0:29:14.577643: phb 5.780074238300717
0:29:14.594416: phb 5.798950108865968
0:29:14.610085: phb 5.849409087807185
0:29:14.625972: phb 5.875572583481382
0:29:14.644919: phb 5.943584891857966
0:29:14.669932: phb 6.029111284563925
0:29:14.676319: phb 6.1080480004118085
0:29:14.694783: phb 6.251740892357629
0:29:14.709777: phb 0.07994306411629282
0:29:14.728286: phb 0.18228572412411675
0:29:14.745133: phb 0.33690805038146676
0:29:14.771756: phb 0.5284419506468877
0:29:14.776713: phb 0.6824009579094409
0:29:14.793062: phb 1.1210895015520264
0:29:14.811514: phb 1.3943173797508888
0:29:14.827882: phb 1.5311119345792865
0:29:14.842691: phb 1.6404204312595916
0:29:14.864786: phb 1.6976369082587972
0:29:14.878213: phb 1.7647559987659345
0:29:14.892566: phb 1.8545904025210813
0:29:14.909989: phb 1.9064101625163854
0:29:14.927443: phb 1.9564234800658107
0:29:14.945036: phb 2.0505029894661173
0:29:14.973931: phb 2.1348252516797457
0:29:14.976380: phb 2.2234965530886077
0:29:14.996607: phb 2.2958170863275438
0:29:15.011774: phb 2.354034996610568
0:29:15.027873: phb 2.4562158379055727
0:29:15.044577: phb 2.5585695133647564
0:29:15.074732: phb 2.6728950155592424
0:29:15.077100: phb 2.902205105664426
0:29:15.092746: phb 2.9891134948817615
0:29:15.114231: phb 3.187590667931402
0:29:15.126550: phb 3.29969984670073
0:29:15.147286: phb 3.394146797042379
0:29:15.176213: phb 3.577440515882474
0:29:15.177942: phb 3.687067987288219
0:29:15.194142: phb 3.785324736310807
0:29:15.208621: phb 4.014619117863425
0:29:15.227494: phb 4.261215269951402
0:29:15.242568: phb 4.456058407511001
0:29:15.277453: phb 4.539143364693601
0:29:15.910588: phb 0.42668280145102705
0:29:15.926523: phb 0.4753335802011858
0:29:15.944122: phb 0.5555369734164577
0:29:15.961437: phb 0.6189180199341972
0:29:15.979317: phb 0.6683863752960044
0:29:15.994784: phb 0.702209825015623
0:29:16.011157: phb 0.7287895589026723
0:29:16.043414: phb 0.7742155629374121
0:29:16.060337: phb 0.8029614505087291
0:29:16.088256: phb 0.8123860490924559
0:29:16.110901: phb 0.8315561244634344
0:29:16.190400: phb 0.8519660298516456
0:29:16.242741: phb 0.8840058107565811
0:29:16.258788: phb 0.917821716658148
0:29:16.291513: phb 0.9413859719052096
0:29:16.294518: phb 0.9783075963832238
0:29:16.309305: phb 1.0596685012317628
0:29:16.326381: phb 1.1009735274502512
0:29:16.344956: phb 1.1295162195467092
0:29:16.360259: phb 1.1738078008370303
0:29:16.393543: phb 1.1982752489261443
0:29:16.394020: phb 1.355717269526465
0:29:16.410960: phb 1.4280820946840713
0:29:16.427085: phb 1.5196504584781414
0:29:16.445464: phb 1.5957916650301764
0:29:16.458680: phb 1.6148148755800948
0:29:16.494797: phb 1.6927608036675197
0:29:16.495250: phb 1.7999462888538196
0:29:16.511118: phb 1.9150387458365699
0:29:16.527692: phb 1.9886212058092996
0:29:16.550803: phb 2.129396150129611
0:29:16.559400: phb 2.1757651401045806
0:29:16.597107: phb 2.2048816969055247
0:29:16.597546: phb 2.385042205204067
0:29:16.609996: phb 2.524042635958216
0:29:16.624807: phb 2.6711472201347455
0:29:16.644458: phb 2.729415286987209
0:29:16.661407: phb 2.77761391682856
0:29:16.677492: phb 2.934931381934373
0:29:16.698132: phb 3.0864764527041384
0:29:16.711515: phb 3.2840693064075386
0:29:16.728248: phb 3.7504330834162976
0:29:16.743108: phb 3.929370094139069
0:29:16.760383: phb 4.046535914390146
0:29:16.776018: phb 4.285834912604661
0:29:16.798535: phb 4.514854902061567
0:29:21.456083: phb 6.242680111079527
0:29:47.871756: freq 0.1
0:29:51.796384: freq 0.5
0:29:55.848169: freq 1
0:29:57.796882: freq 0.65
0:30:01.605272: freq 0.55
0:30:22.671015: freq 0
0:30:25.893895: phb 6.2375022962813516
0:30:25.921130: phb 6.192865620028026
0:30:25.928364: phb 6.141862626691216
0:30:25.943145: phb 5.870513626351967
0:30:25.961468: phb 5.65438918235737
0:30:25.978424: phb 5.433462652428464
0:30:25.993926: phb 5.174769231210782
0:30:26.021098: phb 5.038013855230286
0:30:26.028233: phb 4.990132546220223
0:30:26.043511: phb 4.905653967404684
0:30:26.059240: phb 4.84152135229549
0:30:26.077544: phb 4.820301505110384
0:30:26.093799: phb 4.7599195348168335
0:30:26.113619: phb 4.724141130337514
0:30:26.127147: phb 4.674184983158794
0:30:26.144224: phb 4.643497749575655
0:30:26.160353: phb 4.616311728767759
0:30:26.195369: phb 4.579189606759037
0:30:26.227709: phb 4.561694985010409
0:30:26.278316: phb 4.492610734084408
0:30:26.294490: phb 4.435456591761228
0:30:26.325371: phb 4.37026144729908
0:30:26.327557: phb 4.315589963662444
0:30:26.343823: phb 4.268181229173448
0:30:26.360608: phb 4.199704856205785
0:30:29.168237: freq 1
0:30:58.450282: phb 4.345743518229063
0:31:00.304904: phb 0.06166319214020693
0:31:08.215938: phb 6.213731950564863
0:31:26.203159: phb 3.4922451417311455
0:31:42.510549: phb 6.240611997206742
0:31:56.718863: phb 0.05091093689968657
0:31:59.447670: phb 6.2616639767947895
0:32:00.155823: phb 6.247325824998493
0:32:00.156271: phb 6.190180679123058
0:32:00.170869: phb 6.10570040440864
0:32:00.189451: phb 6.03715149009382
0:32:00.203900: phb 5.932399633132475
0:32:00.223168: phb 5.829710492207264
0:32:00.258623: phb 5.769466179842599
0:32:00.259169: phb 5.604756077736835
0:32:00.270693: phb 5.537575990858465
0:32:00.288665: phb 5.462883782814856
0:32:00.305390: phb 5.390021016602346
0:32:00.323863: phb 5.371952983939151
0:32:00.338216: phb 5.30061123386836
0:32:00.360843: phb 5.265643899426775
0:32:00.371054: phb 5.226509346473272
0:32:00.393498: phb 5.204097055022037
0:32:00.412378: phb 5.157622314210583
0:32:00.420488: phb 5.115952274931296
0:32:00.437472: phb 5.0788958245296305
0:32:00.461423: phb 4.9954223977936465
0:32:00.471026: phb 4.815048130050885
0:32:00.487164: phb 4.705036219234133
0:32:00.504175: phb 4.504973362684049
0:32:00.522366: phb 4.1457807388812
0:32:00.539528: phb 3.9980717473510463
0:32:00.562249: phb 3.7949266077972283
0:32:00.571548: phb 3.443737689473214
0:32:00.586880: phb 3.3193536339097514
0:32:00.604033: phb 3.0955954802992216
0:32:00.621551: phb 3.009186447612217
0:32:00.638716: phb 2.8978757032959215
0:32:00.663403: phb 2.7700516388132086
0:32:00.670035: phb 2.579593970348972
0:32:00.689993: phb 2.495453954293184
0:32:00.704031: phb 2.4034876654875403
0:32:00.720888: phb 2.3547391095750245
0:32:00.739297: phb 2.3174474026312075
0:32:01.105302: phb 1.4344843822430522
0:32:01.120783: phb 1.3777872029493863
0:32:01.139503: phb 1.3225344021452148
0:32:01.172347: phb 1.298756758122705
0:32:01.172773: phb 1.2682444522746585
0:32:01.188197: phb 1.1999792329662657
0:32:01.207039: phb 1.139258199067572
0:32:01.221254: phb 1.0969970905221076
0:32:01.238517: phb 1.0473648289243114
0:32:01.273589: phb 1.024094207394949
0:32:01.273964: phb 1.000123597313646
0:32:01.288232: phb 0.9681749630834453
0:32:01.304776: phb 0.9318632915776746
0:32:01.322202: phb 0.9054770651255557
0:32:01.338780: phb 0.8681978240732288
0:32:01.374603: phb 0.8216268074134901
0:32:01.375067: phb 0.7931961320011357
0:32:01.388317: phb 0.7642021854130756
0:32:01.404707: phb 0.7243251740740195
0:32:01.421106: phb 0.6850567746557553
0:32:01.438463: phb 0.646095988474099
0:32:01.453866: phb 0.5961735195671751
0:32:01.475943: phb 0.5099330154385473
0:32:01.487392: phb 0.3943028620554016
0:32:01.504922: phb 0.29711900380469874
0:32:01.521637: phb 0.253503678606671
0:32:01.537515: phb 0.16339756278489706
0:32:01.553608: phb 0.09863182287212653
0:32:01.576365: phb 0.05243500736658726
0:32:01.587239: phb 0.007386306206431147
0:32:01.603440: phb 6.246804199265168
0:32:01.619855: phb 6.203282552096767
0:32:01.638199: phb 6.174425999019687
0:32:01.677275: phb 6.147697462913847
0:32:01.688536: phb 6.133637648878262
0:32:01.737149: phb 6.110552805756165
0:32:01.780380: phb 6.0995511871516666
0:32:02.004696: phb 6.1128819068587426
0:32:02.020299: phb 6.1262740250485335
0:32:02.037880: phb 6.139723748433724
0:32:02.086259: phb 6.153225315312315
0:32:02.104909: phb 6.180367774469195
0:32:02.121692: phb 6.193998461053911
0:32:02.137918: phb 6.207662455972351
0:32:02.184879: phb 6.235070948499471
0:32:02.241143: phb 6.248804646292052
0:32:02.280630: phb 6.276306447003847
0:32:10.128723: phb 4.9199419934161455
0:32:33.310521: phb 6.274808284408524
0:33:10.434231: phb 4.723943627016324
0:33:10.442061: phb 4.68995635750999
0:33:18.116038: phb 6.243950821437698
0:33:47.367568: phb 4.912453640926577
0:34:31.664069: phb 4.884450676328792
0:34:31.901836: phb 4.934882540062969
0:34:31.918422: phb 5.167428040939503
0:34:31.947769: phb 5.2526228079749355
0:34:31.952379: phb 5.305429952464458
0:34:31.968314: phb 5.346755902571774
0:34:31.986094: phb 5.393489543787912
0:34:32.003374: phb 5.511563865329323
0:34:32.018518: phb 5.7442012313214725
0:34:32.049096: phb 5.8433423375275835
0:34:32.054680: phb 5.970489883144665
0:34:32.068863: phb 6.031389796801368
0:34:32.086014: phb 6.0770441057534885
0:34:32.103032: phb 6.144704375935796
0:34:32.119245: phb 6.1703823276346155
0:34:33.293018: phb 6.1357223885172525
0:34:33.471810: phb 6.17747994014549
0:34:33.484698: phb 0.05091093689968657
0:34:33.502552: phb 0.10875930815989866
0:34:33.518996: phb 0.1707662922114891
0:34:33.535119: phb 0.22837203099427802
0:34:33.552929: phb 0.24255137006472735
0:34:33.573280: phb 0.2603652709757882
0:34:33.601192: phb 0.2927859961915763
0:34:33.635132: phb 0.31141082313666557
0:34:33.673730: phb 0.3255723565111626
0:34:33.736661: phb 0.3404766416564879
0:34:39.230307: phb 4.559184419818592
0:34:40.689416: phb 0.2603652709757882
0:34:45.085028: phb 6.150504811362925
0:34:46.287397: phb 0.021521330384797102
0:35:00.437257: phb 6.215808567669741
0:35:00.645489: phb 6.104540726071234
0:35:00.661787: phb 6.052319967222066
0:35:00.678109: phb 6.013481035991241
0:35:00.714736: phb 5.951873564219985
0:35:00.715600: phb 5.892865911019517
0:35:00.728303: phb 5.817167354116228
0:35:00.762899: phb 5.777689743003172
0:35:00.780115: phb 5.709845196174121
0:35:00.796267: phb 5.689262883695896
0:35:00.817683: phb 5.54590819452379
0:35:00.829837: phb 5.3850786900201735
0:35:00.844183: phb 5.240025122795542
0:35:00.861333: phb 5.014514521748229
0:35:00.879403: phb 4.940039768922557
0:35:00.895762: phb 4.862908569687085
0:35:00.919003: phb 4.7839333783929385
0:35:00.962338: phb 4.757357880839369
0:35:01.020541: phb 4.730721124493979
0:35:01.043660: phb 4.704055890803652
0:35:01.094505: phb 4.677402499550189
0:35:02.927710: phb 4.757357880839369
0:35:02.952213: phb 4.965196082856674
0:35:02.961645: phb 5.071158826010718
0:35:02.978552: phb 5.28105146918742
0:35:02.994865: phb 5.333495398743627
0:35:03.011802: phb 5.500754042687496
0:35:03.028813: phb 5.605956218546582
0:35:03.051003: phb 5.710886524603696
0:35:03.059505: phb 5.8479223118704455
0:35:03.078874: phb 5.920674082694585
0:35:03.094783: phb 5.952352187301055
0:35:03.110125: phb 6.000484297533564
0:35:03.160246: phb 6.06732636771863
0:35:03.178746: phb 6.101988556027907
0:35:03.195474: phb 6.1323977279564374
0:35:03.212012: phb 6.161504442162607
0:35:03.261346: phb 6.17822735493465
0:35:03.278394: phb 6.217558634495637
0:35:03.295375: phb 6.265883501408617
0:35:03.312582: phb 0.016723179184779384
0:35:03.354683: phb 0.027259618325542377
0:35:03.361879: phb 0.049040418601833696
0:35:03.427201: phb 0.0700131653770021
0:35:03.461496: phb 0.09145004351166165
0:35:03.477145: phb 0.12344181554739155
0:35:03.494361: phb 0.1551817023249349
0:35:03.511714: phb 0.17617202127590711
0:35:03.528130: phb 0.24319402597294978
0:35:03.553177: phb 0.27701063838033063
0:35:03.561573: phb 0.3245274635449384
0:35:03.577237: phb 0.4409925682527072
0:35:03.594848: phb 0.48932156002456134
0:35:03.612242: phb 0.5523632659070243
0:35:03.629055: phb 0.5764033486460086
0:35:03.658301: phb 0.6215937429652502
0:35:03.660664: phb 0.6828821039946439
0:35:03.678387: phb 0.7211134810053634
0:35:03.695405: phb 0.744311572145818
0:35:03.711685: phb 0.8001100562403429
0:35:03.727692: phb 0.8497752835262341
0:35:03.759892: phb 0.8933848502912368
0:35:03.762271: phb 0.9557335886368554
0:35:03.778572: phb 0.9963766277736815
0:35:03.794999: phb 1.00688771777888
0:35:03.811593: phb 1.0566756745565689
0:35:03.828489: phb 1.0790879740258714
0:35:03.862256: phb 1.1020525356893345
0:35:03.893819: phb 1.1137391452843834
0:35:04.026856: phb 1.1375212571068989
0:35:04.112560: phb 1.1618371832950225
0:35:04.344040: phb 1.1866765373636838
0:35:10.163281: freq 0.95
0:35:10.205746: freq 0.4
0:35:10.225145: freq 0.05
0:35:10.243199: freq 0
0:35:12.124785: amp 86
0:35:12.142530: amp 68
0:35:12.158855: amp 36
0:35:12.186275: amp 10
0:35:12.190667: amp 0
0:35:13.757240: off 166
0:35:13.773262: off 136
0:35:13.792177: off 103
0:35:13.813347: off 43
0:35:13.825184: off 0
0:35:27.845897: phb 1.075052359721615
0:35:28.104486: phb 1.0337433023719658
0:35:28.155191: phb 0.9824694912263936
0:35:28.172459: phb 0.9520100648632015
0:35:28.189386: phb 0.8862692724057886
0:35:28.205591: phb 0.8222960867329349
0:35:28.222769: phb 0.7698128544260378
0:35:28.249941: phb 0.7435841529323989
0:35:28.256433: phb 0.6913369062963297
0:35:28.272447: phb 0.6183051709143033
0:35:28.288735: phb 0.48172945262715894
0:35:28.305526: phb 0.4058564532714423
0:35:28.321238: phb 0.36845143606108677
0:35:28.355322: phb 0.3103311579914014
0:35:28.356141: phb 0.2945348372379285
0:35:28.372008: phb 0.2740750540843792
0:35:28.388967: phb 0.25006030380244676
0:35:28.404105: phb 0.2121144293968684
0:35:28.456578: phb 0.19380672678780891
0:35:28.470996: phb 0.1759394730138284
0:35:28.522480: phb 0.12677629039363456
0:35:28.551084: phb 0.11035322366742376
0:35:28.555812: phb 0.07990209288470707
0:35:28.572576: phb 6.276306447003847
0:35:28.588356: phb 6.248804646292052
0:35:28.605716: phb 6.235722873513693
0:35:28.621390: phb 6.195202447892429
0:35:28.658733: phb 6.181753393221495
0:35:28.659283: phb 6.168340442530424
0:35:28.886729: phb 6.195202447892429
0:35:28.904348: phb 6.222192328107942
0:35:28.939456: phb 0.0203534309824501
0:35:28.962792: phb 0.047461813841037356
0:35:28.989842: phb 0.08798224286040016
0:35:29.005946: phb 0.10281753271039139
0:35:29.022383: phb 0.12995937267484967
0:35:29.039686: phb 0.1434615587458619
0:35:29.060645: phb 0.16127480602313998
0:35:29.123200: phb 0.1774842663665234
0:35:29.368477: phb 0.12312269413530251
0:35:29.371292: phb 0.09435006965907217
0:35:29.405899: phb 0.06448443144704334
0:35:29.437235: phb 0.03485924268329168
0:35:29.473084: phb 0.0209210965310558
0:35:29.490118: phb 6.276306447003847
0:35:29.521553: phb 6.262551959528262
0:35:45.264457: freq 0
0:35:45.265065: amp 0
0:35:45.266035: off 90
0:35:45.266326: phb 0
