Time, Frequency, Amplitude, Offset, PhaseShift, Phase
0:00:00.053912, 0.0, 1.401298464324817e-44, 90.00015258789062, 1.5414283107572988e-44, 119479.7421875
0:00:00.143137, 0.0, 1.401298464324817e-44, 90.00015258789062, 1.5414283107572988e-44, 119480.296875
0:00:00.232727, 0.0, 1.401298464324817e-44, 90.00015258789062, 1.5414283107572988e-44, 119480.8671875
0:00:00.343718, 0.0, 1.401298464324817e-44, 90.00015258789062, 1.5414283107572988e-44, 119481.5625
0:00:00.459686, 0.0, 1.401298464324817e-44, 90.00015258789062, 1.5414283107572988e-44, 119482.2890625
0:00:00.547375, 0.0, 1.401298464324817e-44, 90.00015258789062, 1.5414283107572988e-44, 119482.84375
0:00:00.659156, 0.0, 1.401298464324817e-44, 90.00015258789062, 1.5414283107572988e-44, 119483.5546875
0:00:00.741367, 0.0, 1.401298464324817e-44, 90.00015258789062, 1.5414283107572988e-44, 119484.0703125
0:00:00.857423, 0.0, 1.401298464324817e-44, 90.00015258789062, 1.5414283107572988e-44, 119484.8125
0:00:00.955730, 0.0, 1.401298464324817e-44, 90.00015258789062, 1.5414283107572988e-44, 119485.4375
0:00:01.055242, 0.0, 1.401298464324817e-44, 90.00015258789062, 1.5414283107572988e-44, 119486.0546875
0:00:01.146025, 0.0, 1.401298464324817e-44, 90.00015258789062, 1.5414283107572988e-44, 119486.625
0:00:01.254232, 0.0, 1.401298464324817e-44, 90.00015258789062, 1.5414283107572988e-44, 119487.3046875
0:00:01.353951, 0.0, 1.401298464324817e-44, 90.00015258789062, 1.5414283107572988e-44, 119487.9375
0:00:01.454690, 0.0, 1.401298464324817e-44, 90.00015258789062, 1.5414283107572988e-44, 119488.5703125
0:00:01.545457, 0.0, 1.401298464324817e-44, 90.00015258789062, 1.5414283107572988e-44, 119489.1484375
0:00:01.661430, 0.0, 1.401298464324817e-44, 90.00015258789062, 1.5414283107572988e-44, 119489.8828125
0:00:01.748994, 0.0, 1.401298464324817e-44, 90.00015258789062, 1.5414283107572988e-44, 119490.4296875
0:00:01.861591, 0.0, 1.401298464324817e-44, 90.00015258789062, 1.5414283107572988e-44, 119491.140625
0:00:01.970037, 0.0, 1.401298464324817e-44, 90.00015258789062, 1.5414283107572988e-44, 119491.8203125
0:00:02.058582, 0.0, 1.401298464324817e-44, 90.00015258789062, 1.5414283107572988e-44, 119492.375
0:00:02.173652, 0.0, 1.401298464324817e-44, 90.00015258789062, 1.5414283107572988e-44, 119493.09375
0:00:02.260115, 0.0, 1.401298464324817e-44, 90.00015258789062, 1.5414283107572988e-44, 119493.6484375
0:00:02.366370, 0.0, 1.401298464324817e-44, 90.00015258789062, 1.5414283107572988e-44, 119494.3125
0:00:02.454931, 0.0, 1.401298464324817e-44, 90.00015258789062, 1.5414283107572988e-44, 119494.8671875
0:00:02.569888, 0.0, 1.401298464324817e-44, 90.00015258789062, 1.5414283107572988e-44, 119495.59375
0:00:02.676351, 0.0, 1.401298464324817e-44, 90.00015258789062, 1.5414283107572988e-44, 119496.265625
0:00:02.762841, 0.0, 1.401298464324817e-44, 90.00015258789062, 1.5414283107572988e-44, 119496.8046875
0:00:02.870099, 0.0, 1.401298464324817e-44, 90.00015258789062, 1.5414283107572988e-44, 119497.484375
0:00:02.984202, 0.0, 1.401298464324817e-44, 90.00015258789062, 1.5414283107572988e-44, 119498.1953125
0:00:03.080178, 0.0, 1.401298464324817e-44, 90.00015258789062, 1.5414283107572988e-44, 119498.796875
0:00:03.165670, 0.0, 1.401298464324817e-44, 90.00015258789062, 1.5414283107572988e-44, 119499.3359375
0:00:03.287700, 0.0, 1.401298464324817e-44, 90.00015258789062, 1.5414283107572988e-44, 119500.09375
0:00:03.386039, 0.0, 1.401298464324817e-44, 90.00015258789062, 1.5414283107572988e-44, 119500.71875
0:00:03.485505, 0.0, 1.401298464324817e-44, 90.00015258789062, 1.5414283107572988e-44, 119501.3359375
0:00:03.572785, 0.0, 1.401298464324817e-44, 90.00015258789062, 1.5414283107572988e-44, 119501.8984375
0:00:03.686689, 0.0, 1.401298464324817e-44, 90.00015258789062, 1.5414283107572988e-44, 119502.625
0:00:03.794091, 0.0, 1.401298464324817e-44, 90.00015258789062, 1.5414283107572988e-44, 119503.296875
0:00:03.895124, 0.0, 1.401298464324817e-44, 90.00015258789062, 1.5414283107572988e-44, 119503.9375
0:00:03.989843, 0.0, 1.401298464324817e-44, 90.00015258789062, 1.5414283107572988e-44, 119504.53125
0:00:04.077374, 0.0, 1.401298464324817e-44, 90.00015258789062, 1.5414283107572988e-44, 119505.078125
0:00:04.175003, 0.0, 1.401298464324817e-44, 90.00015258789062, 1.5414283107572988e-44, 119505.6875
0:00:04.295184, 0.0, 1.401298464324817e-44, 90.00015258789062, 1.5414283107572988e-44, 119506.453125
0:00:04.395906, 0.0, 1.401298464324817e-44, 90.00015258789062, 1.5414283107572988e-44, 119507.0859375
0:00:04.486637, 0.0, 1.401298464324817e-44, 90.00015258789062, 1.5414283107572988e-44, 119507.6640625
0:00:04.602634, 0.0, 1.401298464324817e-44, 90.00015258789062, 1.5414283107572988e-44, 119508.3984375
0:00:04.688212, 0.0, 1.401298464324817e-44, 90.00015258789062, 1.5414283107572988e-44, 119508.9453125
0:00:04.786083, 0.0, 1.401298464324817e-44, 90.00015258789062, 1.5414283107572988e-44, 119509.546875
0:00:04.897034, 0.0, 1.401298464324817e-44, 90.00015258789062, 1.5414283107572988e-44, 119510.2421875
0:00:04.984510, 0.0, 1.401298464324817e-44, 90.00015258789062, 1.5414283107572988e-44, 119510.796875
0:00:05.099535, 0.0, 1.401298464324817e-44, 90.00015258789062, 1.5414283107572988e-44, 119511.5234375
0:00:05.196197, 0.0, 1.401298464324817e-44, 90.00015258789062, 1.5414283107572988e-44, 119512.1328125
0:00:05.296759, 0.0, 1.401298464324817e-44, 90.00015258789062, 1.5414283107572988e-44, 119512.7734375
0:00:05.396206, 0.0, 1.401298464324817e-44, 90.00015258789062, 1.5414283107572988e-44, 119513.390625
0:00:05.489183, 0.0, 1.401298464324817e-44, 90.00015258789062, 1.5414283107572988e-44, 119513.9765625
0:00:05.604198, 0.0, 1.401298464324817e-44, 90.00015258789062, 1.5414283107572988e-44, 119514.703125
0:00:05.690780, 0.0, 1.401298464324817e-44, 90.00015258789062, 1.5414283107572988e-44, 119515.2421875
0:00:05.800634, 0.0, 1.401298464324817e-44, 90.00015258789062, 1.5414283107572988e-44, 119515.9296875
0:00:05.908914, 0.0, 1.401298464324817e-44, 90.00015258789062, 1.5414283107572988e-44, 119516.609375
0:00:06.006602, 0.0, 1.401298464324817e-44, 90.00015258789062, 1.5414283107572988e-44, 119517.2265625
0:00:06.106996, 0.0, 1.401298464324817e-44, 90.00015258789062, 1.5414283107572988e-44, 119517.8671875
0:00:06.207306, 0.0, 1.401298464324817e-44, 90.00015258789062, 1.5414283107572988e-44, 119518.4921875
0:00:06.305583, 0.0, 1.401298464324817e-44, 90.00015258789062, 1.5414283107572988e-44, 119519.1171875
0:00:06.428159, 0.0, 1.401298464324817e-44, 90.00015258789062, 1.5414283107572988e-44, 119519.890625
0:00:06.525768, 0.0, 1.401298464324817e-44, 90.00015258789062, 1.5414283107572988e-44, 119520.5078125
0:00:06.618742, 0.0, 1.401298464324817e-44, 90.00015258789062, 1.5414283107572988e-44, 119521.1015625
0:00:06.700551, 0.0, 1.401298464324817e-44, 90.00015258789062, 1.5414283107572988e-44, 119521.6171875
0:00:06.817583, 0.0, 1.401298464324817e-44, 90.00015258789062, 1.5414283107572988e-44, 119522.359375
0:00:06.932575, 0.0, 1.401298464324817e-44, 90.00015258789062, 1.5414283107572988e-44, 119523.078125
0:00:07.017223, 0.0, 1.401298464324817e-44, 90.00015258789062, 1.5414283107572988e-44, 119523.6015625
0:00:07.115753, 0.0, 1.401298464324817e-44, 90.00015258789062, 1.5414283107572988e-44, 119524.2265625
0:00:07.208914, 0.0, 1.401298464324817e-44, 90.00015258789062, 1.5414283107572988e-44, 119524.8125
0:00:07.318158, 0.0, 1.401298464324817e-44, 90.00015258789062, 1.5414283107572988e-44, 119525.5078125
0:00:07.413314, 0.0, 1.401298464324817e-44, 90.00015258789062, 1.5414283107572988e-44, 119526.109375
0:00:07.527276, 0.0, 1.401298464324817e-44, 90.00015258789062, 1.5414283107572988e-44, 119526.828125
0:00:07.618064, 0.0, 1.401298464324817e-44, 90.00015258789062, 1.5414283107572988e-44, 119527.3984375
0:00:07.734048, 0.0, 1.401298464324817e-44, 90.00015258789062, 1.5414283107572988e-44, 119528.1328125
0:00:07.820591, 0.0, 1.401298464324817e-44, 90.00015258789062, 1.5414283107572988e-44, 119528.6796875
0:00:07.937707, 0.0, 1.401298464324817e-44, 90.00015258789062, 1.5414283107572988e-44, 119529.421875
0:00:08.048467, 0.0, 1.401298464324817e-44, 90.00015258789062, 1.5414283107572988e-44, 119530.1171875
0:00:08.145580, 0.0, 1.401298464324817e-44, 90.00015258789062, 1.5414283107572988e-44, 119530.734375
0:00:08.237582, 0.0, 1.401298464324817e-44, 90.00015258789062, 1.5414283107572988e-44, 119531.3125
0:00:08.343867, 0.0, 1.401298464324817e-44, 90.00015258789062, 1.5414283107572988e-44, 119531.984375
0:00:08.451216, 0.0, 1.401298464324817e-44, 90.00015258789062, 1.5414283107572988e-44, 119532.671875
0:00:08.547353, 0.0, 1.401298464324817e-44, 90.00015258789062, 1.5414283107572988e-44, 119533.2734375
0:00:08.663724, 0.0, 1.401298464324817e-44, 90.00015258789062, 1.5414283107572988e-44, 119534.0078125
0:00:08.750460, 0.0, 1.401298464324817e-44, 90.00015258789062, 1.5414283107572988e-44, 119534.546875
0:00:08.845988, 0.0, 1.401298464324817e-44, 90.00015258789062, 1.5414283107572988e-44, 119535.15625
0:00:08.938069, 0.0, 1.401298464324817e-44, 90.00015258789062, 1.5414283107572988e-44, 119535.734375
0:00:09.047433, 0.0, 1.401298464324817e-44, 90.00015258789062, 1.5414283107572988e-44, 119536.421875
0:00:09.140840, 0.0, 1.401298464324817e-44, 90.00015258789062, 1.5414283107572988e-44, 119537.0078125
0:00:09.236435, 0.0, 1.401298464324817e-44, 90.00015258789062, 1.5414283107572988e-44, 119537.609375
0:00:09.351520, 0.0, 1.401298464324817e-44, 90.00015258789062, 1.5414283107572988e-44, 119538.3359375
0:00:09.449176, 0.0, 1.401298464324817e-44, 90.00015258789062, 1.5414283107572988e-44, 119538.953125
0:00:09.547737, 0.0, 1.401298464324817e-44, 90.00015258789062, 1.5414283107572988e-44, 119539.578125
0:00:09.646224, 0.0, 1.401298464324817e-44, 90.00015258789062, 1.5414283107572988e-44, 119540.203125
0:00:09.757213, 0.0, 1.401298464324817e-44, 90.00015258789062, 1.5414283107572988e-44, 119540.8984375
0:00:09.872256, 0.0, 1.401298464324817e-44, 90.00015258789062, 1.5414283107572988e-44, 119541.6171875
0:00:09.960734, 0.0, 1.401298464324817e-44, 90.00015258789062, 1.5414283107572988e-44, 119542.171875
0:00:10.046052, 0.0, 1.401298464324817e-44, 90.00015258789062, 1.5414283107572988e-44, 119542.7109375
0:00:10.161007, 0.0, 1.401298464324817e-44, 90.00015258789062, 1.5414283107572988e-44, 119543.4375
0:00:10.279969, 0.0, 1.401298464324817e-44, 90.00015258789062, 1.5414283107572988e-44, 119544.1875
0:00:10.377618, 0.0, 1.401298464324817e-44, 90.00015258789062, 1.5414283107572988e-44, 119544.796875
0:00:10.463331, 0.0, 1.401298464324817e-44, 90.00015258789062, 1.5414283107572988e-44, 119545.3359375
0:00:10.577259, 0.0, 1.401298464324817e-44, 90.00015258789062, 1.5414283107572988e-44, 119546.0546875
0:00:10.664858, 0.0, 1.401298464324817e-44, 90.00015258789062, 1.5414283107572988e-44, 119546.609375
0:00:10.777840, 0.0, 1.401298464324817e-44, 90.00015258789062, 1.5414283107572988e-44, 119547.3203125
0:00:10.874546, 0.0, 1.401298464324817e-44, 90.00015258789062, 1.5414283107572988e-44, 119547.9296875
0:00:10.977161, 0.0, 1.401298464324817e-44, 90.00015258789062, 1.5414283107572988e-44, 119548.578125
0:00:11.067153, 0.0, 1.401298464324817e-44, 90.00015258789062, 1.5414283107572988e-44, 119549.140625
0:00:11.178226, 0.0, 1.401298464324817e-44, 90.00015258789062, 1.5414283107572988e-44, 119549.8359375
0:00:11.278719, 0.0, 1.401298464324817e-44, 90.00015258789062, 1.5414283107572988e-44, 119550.46875
0:00:11.369645, 0.0, 1.401298464324817e-44, 90.00015258789062, 1.5414283107572988e-44, 119551.0390625
0:00:11.477894, 0.0, 1.401298464324817e-44, 90.00015258789062, 1.5414283107572988e-44, 119551.71875
0:00:11.579654, 0.0, 1.401298464324817e-44, 90.00015258789062, 1.5414283107572988e-44, 119552.359375
0:00:11.690182, 0.0, 1.401298464324817e-44, 90.00015258789062, 1.5414283107572988e-44, 119553.0703125
0:00:11.785537, 0.0, 1.401298464324817e-44, 90.00015258789062, 1.5414283107572988e-44, 119553.671875
0:00:11.873171, 0.0, 1.401298464324817e-44, 90.00015258789062, 1.5414283107572988e-44, 119554.234375
0:00:11.996941, 0.0, 1.401298464324817e-44, 90.00015258789062, 1.5414283107572988e-44, 119555.015625
0:00:12.097933, 0.0, 1.401298464324817e-44, 90.00015258789062, 1.5414283107572988e-44, 119555.65625
0:00:12.195439, 0.0, 1.401298464324817e-44, 90.00015258789062, 1.5414283107572988e-44, 119556.2734375
0:00:12.282042, 0.0, 1.401298464324817e-44, 90.00015258789062, 1.5414283107572988e-44, 119556.8125
0:00:12.377373, 0.0, 1.401298464324817e-44, 90.00015258789062, 1.5414283107572988e-44, 119557.4140625
0:00:12.478179, 0.0, 1.401298464324817e-44, 90.00015258789062, 1.5414283107572988e-44, 119558.046875
0:00:12.587613, 0.0, 1.401298464324817e-44, 90.00015258789062, 1.5414283107572988e-44, 119558.734375
0:00:12.698458, 0.0, 1.401298464324817e-44, 90.00015258789062, 1.5414283107572988e-44, 119559.4375
0:00:12.786013, 0.0, 1.401298464324817e-44, 90.00015258789062, 1.5414283107572988e-44, 119559.9921875
0:00:12.901257, 0.0, 1.401298464324817e-44, 90.00015258789062, 1.5414283107572988e-44, 119560.7265625
0:00:12.998279, 0.0, 1.401298464324817e-44, 90.00015258789062, 1.5414283107572988e-44, 119561.3359375
0:00:13.101541, 0.0, 1.401298464324817e-44, 90.00015258789062, 1.5414283107572988e-44, 119561.984375
0:00:13.212156, 0.0, 1.401298464324817e-44, 90.00015258789062, 1.5414283107572988e-44, 119562.6875
0:00:13.305398, 0.0, 1.401298464324817e-44, 90.00015258789062, 1.5414283107572988e-44, 119563.28125
0:00:13.384261, 0.0, 1.401298464324817e-44, 90.00015258789062, 1.5414283107572988e-44, 119563.7734375
0:00:13.496311, 0.0, 1.401298464324817e-44, 90.00015258789062, 1.5414283107572988e-44, 119564.4921875
0:00:13.605669, 0.0, 1.401298464324817e-44, 90.00015258789062, 1.5414283107572988e-44, 119565.1796875
0:00:13.692143, 0.0, 1.401298464324817e-44, 90.00015258789062, 1.5414283107572988e-44, 119565.734375
0:00:13.819859, 0.0, 1.401298464324817e-44, 90.00015258789062, 1.5414283107572988e-44, 119566.53125
0:00:13.901501, 0.0, 1.401298464324817e-44, 90.00015258789062, 1.5414283107572988e-44, 119567.046875
0:00:14.010737, 0.0, 1.401298464324817e-44, 90.00015258789062, 1.5414283107572988e-44, 119567.734375
0:00:14.107640, 0.0, 1.401298464324817e-44, 90.00015258789062, 1.5414283107572988e-44, 119568.3515625
0:00:14.208294, 0.0, 1.401298464324817e-44, 90.00015258789062, 1.5414283107572988e-44, 119568.9765625
0:00:14.295774, 0.0, 1.401298464324817e-44, 90.00015258789062, 1.5414283107572988e-44, 119569.53125
0:00:14.408346, 0.0, 1.401298464324817e-44, 90.00015258789062, 1.5414283107572988e-44, 119570.234375
0:00:14.522233, 0.0, 1.401298464324817e-44, 90.00015258789062, 1.5414283107572988e-44, 119570.953125
0:00:14.603146, 0.0, 1.401298464324817e-44, 90.00015258789062, 1.5414283107572988e-44, 119571.4609375
0:00:14.710377, 0.0, 1.401298464324817e-44, 90.00015258789062, 1.5414283107572988e-44, 119572.1484375
0:00:14.820691, 0.0, 1.401298464324817e-44, 90.00015258789062, 1.5414283107572988e-44, 119572.84375
0:00:14.919015, 0.0, 1.401298464324817e-44, 90.00015258789062, 1.5414283107572988e-44, 119573.46875
0:00:15.020571, 0.0, 1.401298464324817e-44, 90.00015258789062, 1.5414283107572988e-44, 119574.1015625
0:00:15.109101, 0.0, 1.401298464324817e-44, 90.00015258789062, 1.5414283107572988e-44, 119574.6640625
0:00:15.230534, 0.0, 1.401298464324817e-44, 90.00015258789062, 1.5414283107572988e-44, 119575.4296875
0:00:15.311363, 0.0, 1.401298464324817e-44, 90.00015258789062, 1.5414283107572988e-44, 119575.9375
0:00:15.421683, 0.0, 1.401298464324817e-44, 90.00015258789062, 1.5414283107572988e-44, 119576.6328125
0:00:15.535649, 0.0, 1.401298464324817e-44, 90.00015258789062, 1.5414283107572988e-44, 119577.3515625
0:00:15.622434, 0.0, 1.401298464324817e-44, 90.00015258789062, 1.5414283107572988e-44, 119577.8984375
0:00:15.735338, 0.0, 1.401298464324817e-44, 90.00015258789062, 1.5414283107572988e-44, 119578.609375
0:00:15.820836, 0.0, 1.401298464324817e-44, 90.00015258789062, 1.5414283107572988e-44, 119579.140625
0:00:15.932757, 0.0, 1.401298464324817e-44, 90.00015258789062, 1.5414283107572988e-44, 119579.8515625
0:00:16.031690, 0.0, 1.401298464324817e-44, 90.00015258789062, 1.5414283107572988e-44, 119580.4765625
0:00:16.129523, 0.0, 1.401298464324817e-44, 90.00015258789062, 1.5414283107572988e-44, 119581.09375
0:00:16.221233, 0.0, 1.401298464324817e-44, 90.00015258789062, 1.5414283107572988e-44, 119581.671875
0:00:16.331561, 0.0, 1.401298464324817e-44, 90.00015258789062, 1.5414283107572988e-44, 119582.359375
0:00:16.430158, 0.0, 1.401298464324817e-44, 90.00015258789062, 1.5414283107572988e-44, 119582.984375
0:00:16.533950, 0.0, 1.401298464324817e-44, 90.00015258789062, 1.5414283107572988e-44, 119583.640625
0:00:16.649649, 0.0, 1.401298464324817e-44, 90.00015258789062, 1.5414283107572988e-44, 119584.3671875
0:00:16.731361, 0.0, 1.401298464324817e-44, 90.00015258789062, 1.5414283107572988e-44, 119584.8828125
0:00:16.846506, 0.0, 1.401298464324817e-44, 90.00015258789062, 1.5414283107572988e-44, 119585.6015625
0:00:16.930797, 0.0, 1.401298464324817e-44, 90.00015258789062, 1.5414283107572988e-44, 119586.1328125
0:00:17.049987, 0.0, 1.401298464324817e-44, 90.00015258789062, 1.5414283107572988e-44, 119586.890625
0:00:17.138563, 0.0, 1.401298464324817e-44, 90.00015258789062, 1.5414283107572988e-44, 119587.4375
0:00:17.234071, 0.0, 1.401298464324817e-44, 90.00015258789062, 1.5414283107572988e-44, 119588.046875
0:00:17.361385, 0.0, 1.401298464324817e-44, 90.00015258789062, 1.5414283107572988e-44, 119588.8359375
0:00:17.445769, 0.0, 1.401298464324817e-44, 90.00015258789062, 1.5414283107572988e-44, 119589.3671875
0:00:17.561878, 0.0, 1.401298464324817e-44, 90.00015258789062, 1.5414283107572988e-44, 119590.09375
0:00:17.649464, 0.0, 1.401298464324817e-44, 90.00015258789062, 1.5414283107572988e-44, 119590.6484375
0:00:17.743063, 0.0, 1.401298464324817e-44, 90.00015258789062, 1.5414283107572988e-44, 119591.234375
0:00:17.842641, 0.0, 1.401298464324817e-44, 90.00015258789062, 1.5414283107572988e-44, 119591.859375
0:00:17.939402, 0.0, 1.401298464324817e-44, 90.00015258789062, 1.5414283107572988e-44, 119592.4765625
0:00:18.056718, 0.0, 1.401298464324817e-44, 90.00015258789062, 1.5414283107572988e-44, 119593.2109375
0:00:18.167976, 0.0, 1.401298464324817e-44, 90.00015258789062, 1.5414283107572988e-44, 119593.921875
0:00:18.253474, 0.0, 1.401298464324817e-44, 90.00015258789062, 1.5414283107572988e-44, 119594.453125
0:00:18.351407, 0.0, 1.401298464324817e-44, 90.00015258789062, 1.5414283107572988e-44, 119595.0703125
0:00:18.466326, 0.0, 1.401298464324817e-44, 90.00015258789062, 1.5414283107572988e-44, 119595.796875
0:00:18.552817, 0.0, 1.401298464324817e-44, 90.00015258789062, 1.5414283107572988e-44, 119596.34375
0:00:18.667043, 0.0, 1.401298464324817e-44, 90.00015258789062, 1.5414283107572988e-44, 119597.0625
0:00:18.753629, 0.0, 1.401298464324817e-44, 90.00015258789062, 1.5414283107572988e-44, 119597.609375
0:00:18.868300, 0.0, 1.401298464324817e-44, 90.00015258789062, 1.5414283107572988e-44, 119598.3359375
0:00:18.974587, 0.0, 1.401298464324817e-44, 90.00015258789062, 1.5414283107572988e-44, 119599.0078125
0:00:19.069921, 0.0, 1.401298464324817e-44, 90.00015258789062, 1.5414283107572988e-44, 119599.609375
0:00:19.169675, 0.0, 1.401298464324817e-44, 90.00015258789062, 1.5414283107572988e-44, 119600.2421875
0:00:19.282730, 0.0, 1.401298464324817e-44, 90.00015258789062, 1.5414283107572988e-44, 119600.953125
0:00:19.364822, 0.0, 1.401298464324817e-44, 90.00015258789062, 1.5414283107572988e-44, 119601.4765625
0:00:19.477579, 0.0, 1.401298464324817e-44, 90.00015258789062, 1.5414283107572988e-44, 119602.1875
0:00:19.590736, 0.0, 1.401298464324817e-44, 90.00015258789062, 1.5414283107572988e-44, 119602.8984375
0:00:19.684820, 0.0, 1.401298464324817e-44, 90.00015258789062, 1.5414283107572988e-44, 119603.4921875
0:00:19.771086, 0.0, 1.401298464324817e-44, 90.00015258789062, 1.5414283107572988e-44, 119604.03125
0:00:19.863778, 0.0, 1.401298464324817e-44, 90.00015258789062, 1.5414283107572988e-44, 119604.6171875
0:00:19.981835, 0.0, 1.401298464324817e-44, 90.00015258789062, 1.5414283107572988e-44, 119605.3515625
0:00:20.072086, 0.0, 1.401298464324817e-44, 90.00015258789062, 1.5414283107572988e-44, 119605.921875
0:00:20.191006, 0.0, 1.401298464324817e-44, 90.00015258789062, 1.5414283107572988e-44, 119606.671875
0:00:20.292012, 0.0, 1.401298464324817e-44, 90.00015258789062, 1.5414283107572988e-44, 119607.3125
0:00:20.394640, 0.0, 1.401298464324817e-44, 90.00015258789062, 1.5414283107572988e-44, 119607.96875
0:00:20.479317, 0.0, 1.401298464324817e-44, 90.00015258789062, 1.5414283107572988e-44, 119608.5
0:00:20.593406, 0.0, 1.401298464324817e-44, 90.00015258789062, 1.5414283107572988e-44, 119609.2265625
0:00:20.688499, 0.0, 1.401298464324817e-44, 90.00015258789062, 1.5414283107572988e-44, 119609.8359375
0:00:20.774075, 0.0, 1.401298464324817e-44, 90.00015258789062, 1.5414283107572988e-44, 119610.375
0:00:20.891073, 0.0, 1.401298464324817e-44, 90.00015258789062, 1.5414283107572988e-44, 119611.1015625
0:00:20.991937, 0.0, 1.401298464324817e-44, 90.00015258789062, 1.5414283107572988e-44, 119611.734375
0:00:21.090673, 0.0, 1.401298464324817e-44, 90.00015258789062, 1.5414283107572988e-44, 119612.359375
0:00:21.212180, 0.0, 1.401298464324817e-44, 90.00015258789062, 1.5414283107572988e-44, 119613.125
0:00:21.282279, 0.0, 1.401298464324817e-44, 90.00015258789062, 1.5414283107572988e-44, 119613.5625
0:00:21.409909, 0.0, 1.401298464324817e-44, 90.00015258789062, 1.5414283107572988e-44, 119614.359375
0:00:21.496926, 0.0, 1.401298464324817e-44, 90.00015258789062, 1.5414283107572988e-44, 119614.90625
0:00:21.611043, 0.0, 1.401298464324817e-44, 90.00015258789062, 1.5414283107572988e-44, 119615.6328125
0:00:21.701604, 0.0, 1.401298464324817e-44, 90.00015258789062, 1.5414283107572988e-44, 119616.203125
0:00:21.814562, 0.0, 1.401298464324817e-44, 90.00015258789062, 1.5414283107572988e-44, 119616.921875
0:00:21.912490, 0.0, 1.401298464324817e-44, 90.00015258789062, 1.5414283107572988e-44, 119617.5390625
0:00:22.004116, 0.0, 1.401298464324817e-44, 90.00015258789062, 1.5414283107572988e-44, 119618.109375
0:00:22.117258, 0.0, 1.401298464324817e-44, 90.00015258789062, 1.5414283107572988e-44, 119618.828125
0:00:22.201664, 0.0, 1.401298464324817e-44, 90.00015258789062, 1.5414283107572988e-44, 119619.3671875
0:00:22.301261, 0.0, 1.401298464324817e-44, 90.00015258789062, 1.5414283107572988e-44, 119620.0
0:00:22.419618, 0.0, 1.401298464324817e-44, 90.00015258789062, 1.5414283107572988e-44, 119620.7421875
0:00:22.508235, 0.0, 1.401298464324817e-44, 90.00015258789062, 1.5414283107572988e-44, 119621.296875
0:00:22.591766, 0.0, 1.401298464324817e-44, 90.00015258789062, 1.5414283107572988e-44, 119621.828125
0:00:22.713976, 0.0, 1.401298464324817e-44, 90.00015258789062, 1.5414283107572988e-44, 119622.59375
0:00:22.813206, 0.0, 1.401298464324817e-44, 90.00015258789062, 1.5414283107572988e-44, 119623.2109375
0:00:22.909253, 0.0, 1.401298464324817e-44, 90.00015258789062, 1.5414283107572988e-44, 119623.8125
0:00:23.025196, 0.0, 1.401298464324817e-44, 90.00015258789062, 1.5414283107572988e-44, 119624.546875
0:00:23.112737, 0.0, 1.401298464324817e-44, 90.00015258789062, 1.5414283107572988e-44, 119625.1015625
0:00:23.234010, 0.0, 1.401298464324817e-44, 90.00015258789062, 1.5414283107572988e-44, 119625.8671875
0:00:23.302876, 0.0, 1.401298464324817e-44, 90.00015258789062, 1.5414283107572988e-44, 119626.3046875
0:00:23.423541, 0.0, 1.401298464324817e-44, 90.00015258789062, 1.5414283107572988e-44, 119627.0625
0:00:23.523099, 0.0, 1.401298464324817e-44, 90.00015258789062, 1.5414283107572988e-44, 119627.6875
0:00:23.611594, 0.0, 1.401298464324817e-44, 90.00015258789062, 1.5414283107572988e-44, 119628.2421875
0:00:23.738749, 0.0, 1.401298464324817e-44, 90.00015258789062, 1.5414283107572988e-44, 119629.046875
0:00:23.825350, 0.0, 1.401298464324817e-44, 90.00015258789062, 1.5414283107572988e-44, 119629.5859375
0:00:23.940245, 0.0, 1.401298464324817e-44, 90.00015258789062, 1.5414283107572988e-44, 119630.3125
0:00:24.029969, 0.0, 1.401298464324817e-44, 90.00015258789062, 1.5414283107572988e-44, 119630.8828125
0:00:24.142905, 0.0, 1.401298464324817e-44, 90.00015258789062, 1.5414283107572988e-44, 119631.59375
0:00:24.233524, 0.0, 1.401298464324817e-44, 90.00015258789062, 1.5414283107572988e-44, 119632.1640625
0:00:24.322060, 0.0, 1.401298464324817e-44, 90.00015258789062, 1.5414283107572988e-44, 119632.7265625
0:00:24.422867, 0.0, 1.401298464324817e-44, 90.00015258789062, 1.5414283107572988e-44, 119633.359375
0:00:24.533884, 0.0, 1.401298464324817e-44, 90.00015258789062, 1.5414283107572988e-44, 119634.0703125
0:00:24.642233, 0.0, 1.401298464324817e-44, 90.00015258789062, 1.5414283107572988e-44, 119634.75
0:00:24.740182, 0.0, 1.401298464324817e-44, 90.00015258789062, 1.5414283107572988e-44, 119635.3671875
0:00:24.817895, 0.0, 1.401298464324817e-44, 90.00015258789062, 1.5414283107572988e-44, 119635.859375
0:00:24.943089, 0.0, 1.401298464324817e-44, 90.00015258789062, 1.5414283107572988e-44, 119636.640625
0:00:25.033947, 0.0, 1.401298464324817e-44, 90.00015258789062, 1.5414283107572988e-44, 119637.2109375
0:00:25.132713, 0.0, 1.401298464324817e-44, 90.00015258789062, 1.5414283107572988e-44, 119637.828125
0:00:25.254878, 0.0, 1.401298464324817e-44, 90.00015258789062, 1.5414283107572988e-44, 119638.59375
0:00:25.352375, 0.0, 1.401298464324817e-44, 90.00015258789062, 1.5414283107572988e-44, 119639.2109375
0:00:25.445128, 0.0, 1.401298464324817e-44, 90.00015258789062, 1.5414283107572988e-44, 119639.796875
0:00:25.530705, 0.0, 1.401298464324817e-44, 90.00015258789062, 1.5414283107572988e-44, 119640.3359375
0:00:25.644886, 0.0, 1.401298464324817e-44, 90.00015258789062, 1.5414283107572988e-44, 119641.0546875
0:00:25.732262, 0.0, 1.401298464324817e-44, 90.00015258789062, 1.5414283107572988e-44, 119641.6015625
0:00:25.833228, 0.0, 1.401298464324817e-44, 90.00015258789062, 1.5414283107572988e-44, 119642.2421875
0:00:25.933673, 0.0, 1.401298464324817e-44, 90.00015258789062, 1.5414283107572988e-44, 119642.8828125
0:00:26.043218, 0.0, 1.401298464324817e-44, 90.00015258789062, 1.5414283107572988e-44, 119643.5703125
0:00:26.143309, 0.0, 1.401298464324817e-44, 90.00015258789062, 1.5414283107572988e-44, 119644.1953125
0:00:26.242957, 0.0, 1.401298464324817e-44, 90.00015258789062, 1.5414283107572988e-44, 119644.828125
0:00:26.334950, 0.0, 1.401298464324817e-44, 90.00015258789062, 1.5414283107572988e-44, 119645.40625
0:00:26.444381, 0.0, 1.401298464324817e-44, 90.00015258789062, 1.5414283107572988e-44, 119646.09375
0:00:26.542479, 0.0, 1.401298464324817e-44, 90.00015258789062, 1.5414283107572988e-44, 119646.7109375
0:00:26.643280, 0.0, 1.401298464324817e-44, 90.00015258789062, 1.5414283107572988e-44, 119647.34375
0:00:26.764651, 0.0, 1.401298464324817e-44, 90.00015258789062, 1.5414283107572988e-44, 119648.109375
0:00:26.863322, 0.0, 1.401298464324817e-44, 90.00015258789062, 1.5414283107572988e-44, 119648.734375
0:00:26.965203, 0.0, 1.401298464324817e-44, 90.00015258789062, 1.5414283107572988e-44, 119649.375
0:00:27.047907, 0.0, 1.401298464324817e-44, 90.00015258789062, 1.5414283107572988e-44, 119649.90625
0:00:27.169992, 0.0, 1.401298464324817e-44, 90.00015258789062, 1.5414283107572988e-44, 119650.671875
0:00:27.257586, 0.0, 1.401298464324817e-44, 90.00015258789062, 1.5414283107572988e-44, 119651.2265625
0:00:27.372441, 0.0, 1.401298464324817e-44, 90.00015258789062, 1.5414283107572988e-44, 119651.953125
0:00:27.457939, 0.0, 1.401298464324817e-44, 90.00015258789062, 1.5414283107572988e-44, 119652.4921875
0:00:27.554350, 0.0, 1.401298464324817e-44, 90.00015258789062, 1.5414283107572988e-44, 119653.1015625
0:00:27.671652, 0.0, 1.401298464324817e-44, 90.00015258789062, 1.5414283107572988e-44, 119653.8359375
0:00:27.758246, 0.0, 1.401298464324817e-44, 90.00015258789062, 1.5414283107572988e-44, 119654.3828125
0:00:27.870369, 0.0, 1.401298464324817e-44, 90.00015258789062, 1.5414283107572988e-44, 119655.0859375
0:00:27.955853, 0.0, 1.401298464324817e-44, 90.00015258789062, 1.5414283107572988e-44, 119655.6328125
0:00:28.071907, 0.0, 1.401298464324817e-44, 90.00015258789062, 1.5414283107572988e-44, 119656.359375
0:00:28.180281, 0.0, 1.401298464324817e-44, 90.00015258789062, 1.5414283107572988e-44, 119657.0390625
0:00:28.264651, 0.0, 1.401298464324817e-44, 90.00015258789062, 1.5414283107572988e-44, 119657.578125
0:00:28.356427, 0.0, 1.401298464324817e-44, 90.00015258789062, 1.5414283107572988e-44, 119658.1640625
0:00:28.464678, 0.0, 1.401298464324817e-44, 90.00015258789062, 1.5414283107572988e-44, 119658.84375
0:00:28.586245, 0.0, 1.401298464324817e-44, 90.00015258789062, 1.5414283107572988e-44, 119659.6015625
0:00:28.674738, 0.0, 1.401298464324817e-44, 90.00015258789062, 1.5414283107572988e-44, 119660.1484375
0:00:28.787672, 0.0, 1.401298464324817e-44, 90.00015258789062, 1.5414283107572988e-44, 119660.859375
0:00:28.867235, 0.0, 1.401298464324817e-44, 90.00015258789062, 1.5414283107572988e-44, 119661.3515625
0:00:28.981672, 0.0, 1.401298464324817e-44, 90.00015258789062, 1.5414283107572988e-44, 119662.078125
0:00:29.067215, 0.0, 1.401298464324817e-44, 90.00015258789062, 1.5414283107572988e-44, 119662.6171875
0:00:29.180269, 0.0, 1.401298464324817e-44, 90.00015258789062, 1.5414283107572988e-44, 119663.328125
0:00:29.294395, 0.0, 1.401298464324817e-44, 90.00015258789062, 1.5414283107572988e-44, 119664.046875
0:00:29.381978, 0.0, 1.401298464324817e-44, 90.00015258789062, 1.5414283107572988e-44, 119664.6015625
0:00:29.466470, 0.0, 1.401298464324817e-44, 90.00015258789062, 1.5414283107572988e-44, 119665.140625
0:00:29.582603, 0.0, 1.401298464324817e-44, 90.00015258789062, 1.5414283107572988e-44, 119665.8671875
0:00:29.692583, 0.0, 1.401298464324817e-44, 90.00015258789062, 1.5414283107572988e-44, 119666.5625
0:00:29.780039, 0.0, 1.401298464324817e-44, 90.00015258789062, 1.5414283107572988e-44, 119667.1171875
0:00:29.895090, 0.0, 1.401298464324817e-44, 90.00015258789062, 1.5414283107572988e-44, 119667.84375
0:00:29.994687, 0.0, 1.401298464324817e-44, 90.00015258789062, 1.5414283107572988e-44, 119668.46875
0:00:30.092403, 0.0, 1.401298464324817e-44, 90.00015258789062, 1.5414283107572988e-44, 119669.09375
0:00:30.206303, 0.0, 1.401298464324817e-44, 90.00015258789062, 1.5414283107572988e-44, 119669.8125
0:00:30.292917, 0.0, 1.401298464324817e-44, 90.00015258789062, 1.5414283107572988e-44, 119670.359375
0:00:30.399062, 0.0, 1.401298464324817e-44, 90.00015258789062, 1.5414283107572988e-44, 119671.03125
0:00:30.486746, 0.0, 1.401298464324817e-44, 90.00015258789062, 1.5414283107572988e-44, 119671.5859375
0:00:30.584788, 0.0, 1.401298464324817e-44, 90.00015258789062, 1.5414283107572988e-44, 119672.203125
0:00:30.685483, 0.0, 1.401298464324817e-44, 90.00015258789062, 1.5414283107572988e-44, 119672.8359375
0:00:30.809347, 0.0, 1.401298464324817e-44, 90.00015258789062, 1.5414283107572988e-44, 119673.609375
0:00:30.906910, 0.0, 1.401298464324817e-44, 90.00015258789062, 1.5414283107572988e-44, 119674.21875
0:00:31.006612, 0.0, 1.401298464324817e-44, 90.00015258789062, 1.5414283107572988e-44, 119674.8515625
0:00:31.090165, 0.0, 1.401298464324817e-44, 90.00015258789062, 1.5414283107572988e-44, 119675.3828125
0:00:31.197799, 0.0, 1.401298464324817e-44, 90.00015258789062, 1.5414283107572988e-44, 119676.0546875
0:00:31.308364, 0.0, 1.401298464324817e-44, 90.00015258789062, 1.5414283107572988e-44, 119676.75
0:00:31.392503, 0.0, 1.401298464324817e-44, 90.00015258789062, 1.5414283107572988e-44, 119677.2734375
0:00:31.508494, 0.0, 1.401298464324817e-44, 90.00015258789062, 1.5414283107572988e-44, 119678.0078125
0:00:31.602409, 0.0, 1.401298464324817e-44, 90.00015258789062, 1.5414283107572988e-44, 119678.6015625
0:00:31.715332, 0.0, 1.401298464324817e-44, 90.00015258789062, 1.5414283107572988e-44, 119679.3125
0:00:31.816278, 0.0, 1.401298464324817e-44, 90.00015258789062, 1.5414283107572988e-44, 119679.9453125
0:00:31.903715, 0.0, 1.401298464324817e-44, 90.00015258789062, 1.5414283107572988e-44, 119680.484375
0:00:32.014518, 0.0, 1.401298464324817e-44, 90.00015258789062, 1.5414283107572988e-44, 119681.1875
0:00:32.122755, 0.0, 1.401298464324817e-44, 90.00015258789062, 1.5414283107572988e-44, 119681.875
0:00:32.206487, 0.0, 1.401298464324817e-44, 90.00015258789062, 1.5414283107572988e-44, 119682.3984375
0:00:32.307403, 0.0, 1.401298464324817e-44, 90.00015258789062, 1.5414283107572988e-44, 119683.03125
0:00:32.420254, 0.0, 1.401298464324817e-44, 90.00015258789062, 1.5414283107572988e-44, 119683.7421875
0:00:32.506960, 0.0, 1.401298464324817e-44, 90.00015258789062, 1.5414283107572988e-44, 119684.2890625
0:00:32.607418, 0.0, 1.401298464324817e-44, 90.00015258789062, 1.5414283107572988e-44, 119684.921875
0:00:32.715740, 0.0, 1.401298464324817e-44, 90.00015258789062, 1.5414283107572988e-44, 119685.609375
0:00:32.815706, 0.0, 1.401298464324817e-44, 90.00015258789062, 1.5414283107572988e-44, 119686.2421875
0:00:32.916400, 0.0, 1.401298464324817e-44, 90.00015258789062, 1.5414283107572988e-44, 119686.8828125
0:00:33.030204, 0.0, 1.401298464324817e-44, 90.00015258789062, 1.5414283107572988e-44, 119687.6015625
0:00:33.128038, 0.0, 1.401298464324817e-44, 90.00015258789062, 1.5414283107572988e-44, 119688.21875
0:00:33.226743, 0.0, 1.401298464324817e-44, 90.00015258789062, 1.5414283107572988e-44, 119688.8359375
0:00:33.317590, 0.0, 1.401298464324817e-44, 90.00015258789062, 1.5414283107572988e-44, 119689.40625
0:00:33.427408, 0.0, 1.401298464324817e-44, 90.00015258789062, 1.5414283107572988e-44, 119690.1015625
0:00:33.515980, 0.0, 1.401298464324817e-44, 90.00015258789062, 1.5414283107572988e-44, 119690.65625
0:00:33.630975, 0.0, 1.401298464324817e-44, 90.00015258789062, 1.5414283107572988e-44, 119691.3828125
0:00:33.719750, 0.0, 1.401298464324817e-44, 90.00015258789062, 1.5414283107572988e-44, 119691.9453125
0:00:33.827943, 0.0, 1.401298464324817e-44, 90.00015258789062, 1.5414283107572988e-44, 119692.6171875
0:00:33.913728, 0.0, 1.401298464324817e-44, 90.00015258789062, 1.5414283107572988e-44, 119693.15625
0:00:34.026522, 0.0, 1.401298464324817e-44, 90.00015258789062, 1.5414283107572988e-44, 119693.8671875
0:00:34.140412, 0.0, 1.401298464324817e-44, 90.00015258789062, 1.5414283107572988e-44, 119694.5859375
0:00:34.221358, 0.0, 1.401298464324817e-44, 90.00015258789062, 1.5414283107572988e-44, 119695.09375
0:00:34.337548, 0.0, 1.401298464324817e-44, 90.00015258789062, 1.5414283107572988e-44, 119695.828125
0:00:34.448736, 0.0, 1.401298464324817e-44, 90.00015258789062, 1.5414283107572988e-44, 119696.53125
0:00:34.544579, 0.0, 1.401298464324817e-44, 90.00015258789062, 1.5414283107572988e-44, 119697.1328125
0:00:34.633146, 0.0, 1.401298464324817e-44, 90.00015258789062, 1.5414283107572988e-44, 119697.6953125
0:00:34.747916, 0.0, 1.401298464324817e-44, 90.00015258789062, 1.5414283107572988e-44, 119698.421875
0:00:34.847602, 0.0, 1.401298464324817e-44, 90.00015258789062, 1.5414283107572988e-44, 119699.046875
0:00:34.937266, 0.0, 1.401298464324817e-44, 90.00015258789062, 1.5414283107572988e-44, 119699.609375
0:00:35.040342, 0.0, 1.401298464324817e-44, 90.00015258789062, 1.5414283107572988e-44, 119700.2578125
0:00:35.156477, 0.0, 1.401298464324817e-44, 90.00015258789062, 1.5414283107572988e-44, 119700.984375
0:00:35.242901, 0.0, 1.401298464324817e-44, 90.00015258789062, 1.5414283107572988e-44, 119701.53125
0:00:35.358349, 0.0, 1.401298464324817e-44, 90.00015258789062, 1.5414283107572988e-44, 119702.2578125
0:00:35.441426, 0.0, 1.401298464324817e-44, 90.00015258789062, 1.5414283107572988e-44, 119702.78125
0:00:35.536694, 0.0, 1.401298464324817e-44, 90.00015258789062, 1.5414283107572988e-44, 119703.390625
0:00:35.651606, 0.0, 1.401298464324817e-44, 90.00015258789062, 1.5414283107572988e-44, 119704.1171875
0:00:35.761503, 0.0, 1.401298464324817e-44, 90.00015258789062, 1.5414283107572988e-44, 119704.8125
0:00:35.857981, 0.0, 1.401298464324817e-44, 90.00015258789062, 1.5414283107572988e-44, 119705.421875
0:00:35.954871, 0.0, 1.401298464324817e-44, 90.00015258789062, 1.5414283107572988e-44, 119706.03125
0:00:36.041333, 0.0, 1.401298464324817e-44, 90.00015258789062, 1.5414283107572988e-44, 119706.5859375
0:00:36.168219, 0.0, 1.401298464324817e-44, 90.00015258789062, 1.5414283107572988e-44, 119707.390625
0:00:36.257778, 0.0, 1.401298464324817e-44, 90.00015258789062, 1.5414283107572988e-44, 119707.953125
0:00:36.343461, 0.0, 1.401298464324817e-44, 90.00015258789062, 1.5414283107572988e-44, 119708.4921875
0:00:36.449725, 0.0, 1.401298464324817e-44, 90.00015258789062, 1.5414283107572988e-44, 119709.1640625
0:00:36.569838, 0.0, 1.401298464324817e-44, 90.00015258789062, 1.5414283107572988e-44, 119709.9140625
0:00:36.667558, 0.0, 1.401298464324817e-44, 90.00015258789062, 1.5414283107572988e-44, 119710.53125
0:00:36.752963, 0.0, 1.401298464324817e-44, 90.00015258789062, 1.5414283107572988e-44, 119711.0703125
0:00:36.867066, 0.0, 1.401298464324817e-44, 90.00015258789062, 1.5414283107572988e-44, 119711.7890625
0:00:36.955066, 0.0, 1.401298464324817e-44, 90.00015258789062, 1.5414283107572988e-44, 119712.34375
0:00:37.068760, 0.0, 1.401298464324817e-44, 90.00015258789062, 1.5414283107572988e-44, 119713.0625
0:00:37.157204, 0.0, 1.401298464324817e-44, 90.00015258789062, 1.5414283107572988e-44, 119713.625
0:00:37.269995, 0.0, 1.401298464324817e-44, 90.00015258789062, 1.5414283107572988e-44, 119714.34375
0:00:37.367880, 0.0, 1.401298464324817e-44, 90.00015258789062, 1.5414283107572988e-44, 119714.9609375
0:00:37.476697, 0.0, 1.401298464324817e-44, 90.00015258789062, 1.5414283107572988e-44, 119715.6484375
0:00:37.560314, 0.0, 1.401298464324817e-44, 90.00015258789062, 1.5414283107572988e-44, 119716.1796875
0:00:37.669510, 0.0, 1.401298464324817e-44, 90.00015258789062, 1.5414283107572988e-44, 119716.8671875
0:00:37.781424, 0.0, 1.401298464324817e-44, 90.00015258789062, 1.5414283107572988e-44, 119717.5703125
0:00:37.877277, 0.0, 1.401298464324817e-44, 90.00015258789062, 1.5414283107572988e-44, 119718.171875
0:00:37.989303, 0.0, 1.401298464324817e-44, 90.00015258789062, 1.5414283107572988e-44, 119718.8671875
0:00:38.069974, 0.0, 1.401298464324817e-44, 90.00015258789062, 1.5414283107572988e-44, 119719.375
0:00:38.185920, 0.0, 1.401298464324817e-44, 90.00015258789062, 1.5414283107572988e-44, 119720.1015625
0:00:38.273470, 0.0, 1.401298464324817e-44, 90.00015258789062, 1.5414283107572988e-44, 119720.6484375
0:00:38.388507, 0.0, 1.401298464324817e-44, 90.00015258789062, 1.5414283107572988e-44, 119721.3671875
0:00:38.488154, 0.0, 1.401298464324817e-44, 90.00015258789062, 1.5414283107572988e-44, 119721.9921875
0:00:38.572652, 0.0, 1.401298464324817e-44, 90.00015258789062, 1.5414283107572988e-44, 119722.53125
0:00:38.668914, 0.0, 1.401298464324817e-44, 90.00015258789062, 1.5414283107572988e-44, 119723.1328125
0:00:38.789571, 0.0, 1.401298464324817e-44, 90.00015258789062, 1.5414283107572988e-44, 119723.8984375
0:00:38.880533, 0.0, 1.401298464324817e-44, 90.00015258789062, 1.5414283107572988e-44, 119724.46875
0:00:38.993618, 0.0, 1.401298464324817e-44, 90.00015258789062, 1.5414283107572988e-44, 119725.1796875
0:00:39.081031, 0.0, 1.401298464324817e-44, 90.00015258789062, 1.5414283107572988e-44, 119725.7421875
0:00:39.192866, 0.0, 1.401298464324817e-44, 90.00015258789062, 1.5414283107572988e-44, 119726.4453125
0:00:39.287181, 0.0, 1.401298464324817e-44, 90.00015258789062, 1.5414283107572988e-44, 119727.046875
0:00:39.403100, 0.0, 1.401298464324817e-44, 90.00015258789062, 1.5414283107572988e-44, 119727.78125
0:00:39.488603, 0.0, 1.401298464324817e-44, 90.00015258789062, 1.5414283107572988e-44, 119728.3203125
0:00:39.588007, 0.0, 1.401298464324817e-44, 90.00015258789062, 1.5414283107572988e-44, 119728.9375
0:00:39.702015, 0.0, 1.401298464324817e-44, 90.00015258789062, 1.5414283107572988e-44, 119729.6640625
0:00:39.789475, 0.0, 1.401298464324817e-44, 90.00015258789062, 1.5414283107572988e-44, 119730.2109375
0:00:39.889569, 0.0, 1.401298464324817e-44, 90.00015258789062, 1.5414283107572988e-44, 119730.84375
0:00:39.988262, 0.0, 1.401298464324817e-44, 90.00015258789062, 1.5414283107572988e-44, 119731.4609375
0:00:40.088862, 0.0, 1.401298464324817e-44, 90.00015258789062, 1.5414283107572988e-44, 119732.09375
0:00:40.203857, 0.0, 1.401298464324817e-44, 90.00015258789062, 1.5414283107572988e-44, 119732.8203125
0:00:40.299613, 0.0, 1.401298464324817e-44, 90.00015258789062, 1.5414283107572988e-44, 119733.421875
0:00:40.399136, 0.0, 1.401298464324817e-44, 90.00015258789062, 1.5414283107572988e-44, 119734.0546875
0:00:40.510536, 0.0, 1.401298464324817e-44, 90.00015258789062, 1.5414283107572988e-44, 119734.75
0:00:40.602815, 0.0, 1.401298464324817e-44, 90.00015258789062, 1.5414283107572988e-44, 119735.328125
0:00:40.718683, 0.0, 1.401298464324817e-44, 90.00015258789062, 1.5414283107572988e-44, 119736.0546875
0:00:40.806115, 0.0, 1.401298464324817e-44, 90.00015258789062, 1.5414283107572988e-44, 119736.6015625
0:00:40.921072, 0.0, 1.401298464324817e-44, 90.00015258789062, 1.5414283107572988e-44, 119737.328125
0:00:41.019469, 0.0, 1.401298464324817e-44, 90.00015258789062, 1.5414283107572988e-44, 119737.9453125
0:00:41.119800, 0.0, 1.401298464324817e-44, 90.00015258789062, 1.5414283107572988e-44, 119738.5703125
0:00:41.208366, 0.0, 1.401298464324817e-44, 90.00015258789062, 1.5414283107572988e-44, 119739.1328125
0:00:41.308373, 0.0, 1.401298464324817e-44, 90.00015258789062, 1.5414283107572988e-44, 119739.765625
0:00:41.411879, 0.0, 1.401298464324817e-44, 90.00015258789062, 1.5414283107572988e-44, 119740.421875
0:00:41.499425, 0.0, 1.401298464324817e-44, 90.00015258789062, 1.5414283107572988e-44, 119740.96875
0:00:41.629209, 0.0, 1.401298464324817e-44, 90.00015258789062, 1.5414283107572988e-44, 119741.7890625
0:00:41.714307, 0.0, 1.401298464324817e-44, 90.00015258789062, 1.5414283107572988e-44, 119742.328125
0:00:41.822679, 0.0, 1.401298464324817e-44, 90.00015258789062, 1.5414283107572988e-44, 119743.015625
0:00:41.912170, 0.0, 1.401298464324817e-44, 90.00015258789062, 1.5414283107572988e-44, 119743.5703125
0:00:42.009393, 0.0, 1.401298464324817e-44, 90.00015258789062, 1.5414283107572988e-44, 119744.1875
0:00:42.130765, 0.0, 1.401298464324817e-44, 90.00015258789062, 1.5414283107572988e-44, 119744.953125
0:00:42.228428, 0.0, 1.401298464324817e-44, 90.00015258789062, 1.5414283107572988e-44, 119745.5703125
0:00:42.319536, 0.0, 1.401298464324817e-44, 90.00015258789062, 1.5414283107572988e-44, 119746.140625
0:00:42.432478, 0.0, 1.401298464324817e-44, 90.00015258789062, 1.5414283107572988e-44, 119746.8515625
0:00:42.520010, 0.0, 1.401298464324817e-44, 90.00015258789062, 1.5414283107572988e-44, 119747.40625
0:00:42.608585, 0.0, 1.401298464324817e-44, 90.00015258789062, 1.5414283107572988e-44, 119747.9609375
0:00:42.721506, 0.0, 1.401298464324817e-44, 90.00015258789062, 1.5414283107572988e-44, 119748.671875
0:00:42.834468, 0.0, 1.401298464324817e-44, 90.00015258789062, 1.5414283107572988e-44, 119749.390625
0:00:42.930738, 0.0, 1.401298464324817e-44, 90.00015258789062, 1.5414283107572988e-44, 119750.0
0:00:43.039173, 0.0, 1.401298464324817e-44, 90.00015258789062, 1.5414283107572988e-44, 119750.6796875
0:00:43.125655, 0.0, 1.401298464324817e-44, 90.00015258789062, 1.5414283107572988e-44, 119751.2265625
0:00:43.233943, 0.0, 1.401298464324817e-44, 90.00015258789062, 1.5414283107572988e-44, 119751.90625
0:00:43.331732, 0.0, 1.401298464324817e-44, 90.00015258789062, 1.5414283107572988e-44, 119752.515625
0:00:43.432521, 0.0, 1.401298464324817e-44, 90.00015258789062, 1.5414283107572988e-44, 119753.1484375
0:00:43.532063, 0.0, 1.401298464324817e-44, 90.00015258789062, 1.5414283107572988e-44, 119753.78125
0:00:43.630520, 0.0, 1.401298464324817e-44, 90.00015258789062, 1.5414283107572988e-44, 119754.3984375
0:00:43.721250, 0.0, 1.401298464324817e-44, 90.00015258789062, 1.5414283107572988e-44, 119754.96875
0:00:43.836371, 0.0, 1.401298464324817e-44, 90.00015258789062, 1.5414283107572988e-44, 119755.6953125
0:00:43.950254, 0.0, 1.401298464324817e-44, 90.00015258789062, 1.5414283107572988e-44, 119756.4140625
0:00:44.032282, 0.0, 1.401298464324817e-44, 90.00015258789062, 1.5414283107572988e-44, 119756.9296875
0:00:44.144106, 0.0, 1.401298464324817e-44, 90.00015258789062, 1.5414283107572988e-44, 119757.6328125
0:00:44.239862, 0.0, 1.401298464324817e-44, 90.00015258789062, 1.5414283107572988e-44, 119758.2421875
0:00:44.358737, 0.0, 1.401298464324817e-44, 90.00015258789062, 1.5414283107572988e-44, 119758.9921875
0:00:44.443683, 0.0, 1.401298464324817e-44, 90.00015258789062, 1.5414283107572988e-44, 119759.5390625
0:00:44.560697, 0.0, 1.401298464324817e-44, 90.00015258789062, 1.5414283107572988e-44, 119760.2734375
0:00:44.646268, 0.0, 1.401298464324817e-44, 90.00015258789062, 1.5414283107572988e-44, 119760.8203125
0:00:44.759980, 0.0, 1.401298464324817e-44, 90.00015258789062, 1.5414283107572988e-44, 119761.546875
0:00:44.853262, 0.0, 1.401298464324817e-44, 90.00015258789062, 1.5414283107572988e-44, 119762.1328125
0:00:44.966403, 0.0, 1.401298464324817e-44, 90.00015258789062, 1.5414283107572988e-44, 119762.8515625
0:00:45.052423, 0.0, 1.401298464324817e-44, 90.00015258789062, 1.5414283107572988e-44, 119763.40625
0:00:45.161665, 0.0, 1.401298464324817e-44, 90.00015258789062, 1.5414283107572988e-44, 119764.0859375
0:00:45.239502, 0.0, 1.401298464324817e-44, 90.00015258789062, 1.5414283107572988e-44, 119764.578125
0:00:45.352063, 0.0, 1.401298464324817e-44, 90.00015258789062, 1.5414283107572988e-44, 119765.28125
0:00:45.462950, 0.0, 1.401298464324817e-44, 90.00015258789062, 1.5414283107572988e-44, 119765.9765625
0:00:45.548268, 0.0, 1.401298464324817e-44, 90.00015258789062, 1.5414283107572988e-44, 119766.5234375
0:00:45.665356, 0.0, 1.401298464324817e-44, 90.00015258789062, 1.5414283107572988e-44, 119767.265625
0:00:45.759553, 0.0, 1.401298464324817e-44, 90.00015258789062, 1.5414283107572988e-44, 119767.859375
0:00:45.847153, 0.0, 1.401298464324817e-44, 90.00015258789062, 1.5414283107572988e-44, 119768.4140625
0:00:45.962013, 0.0, 1.401298464324817e-44, 90.00015258789062, 1.5414283107572988e-44, 119769.140625
0:00:46.058175, 0.0, 1.401298464324817e-44, 90.00015258789062, 1.5414283107572988e-44, 119769.7421875
0:00:46.174113, 0.0, 1.401298464324817e-44, 90.00015258789062, 1.5414283107572988e-44, 119770.4765625
0:00:46.271536, 0.0, 1.401298464324817e-44, 90.00015258789062, 1.5414283107572988e-44, 119771.0859375
0:00:46.368037, 0.0, 1.401298464324817e-44, 90.00015258789062, 1.5414283107572988e-44, 119771.6875
0:00:46.451927, 0.0, 1.401298464324817e-44, 90.00015258789062, 1.5414283107572988e-44, 119772.21875
0:00:46.567008, 0.0, 1.401298464324817e-44, 90.00015258789062, 1.5414283107572988e-44, 119772.9453125
0:00:46.681487, 0.0, 1.401298464324817e-44, 90.00015258789062, 1.5414283107572988e-44, 119773.671875
0:00:46.768595, 0.0, 1.401298464324817e-44, 90.00015258789062, 1.5414283107572988e-44, 119774.21875
0:00:46.882544, 0.0, 1.401298464324817e-44, 90.00015258789062, 1.5414283107572988e-44, 119774.9375
0:00:46.977754, 0.0, 1.401298464324817e-44, 90.00015258789062, 1.5414283107572988e-44, 119775.546875
0:00:47.062217, 0.0, 1.401298464324817e-44, 90.00015258789062, 1.5414283107572988e-44, 119776.0703125
0:00:47.160051, 0.0, 1.401298464324817e-44, 90.00015258789062, 1.5414283107572988e-44, 119776.6875
0:00:47.274198, 0.0, 1.401298464324817e-44, 90.00015258789062, 1.5414283107572988e-44, 119777.40625
0:00:47.362717, 0.0, 1.401298464324817e-44, 90.00015258789062, 1.5414283107572988e-44, 119777.9609375
0:00:47.495372, 0.0, 1.401298464324817e-44, 90.00015258789062, 1.5414283107572988e-44, 119778.8046875
0:00:47.591484, 0.0, 1.401298464324817e-44, 90.00015258789062, 1.5414283107572988e-44, 119779.4140625
0:00:47.691827, 0.0, 1.401298464324817e-44, 90.00015258789062, 1.5414283107572988e-44, 119780.0546875
0:00:47.792320, 0.0, 1.401298464324817e-44, 90.00015258789062, 1.5414283107572988e-44, 119780.6796875
0:00:47.884488, 0.0, 1.401298464324817e-44, 90.00015258789062, 1.5414283107572988e-44, 119781.2578125
0:00:47.971942, 0.0, 1.401298464324817e-44, 90.00015258789062, 1.5414283107572988e-44, 119781.8125
0:00:48.084921, 0.0, 1.401298464324817e-44, 90.00015258789062, 1.5414283107572988e-44, 119782.53125
0:00:48.193274, 0.0, 1.401298464324817e-44, 90.00015258789062, 1.5414283107572988e-44, 119783.203125
0:00:48.308202, 0.0, 1.401298464324817e-44, 90.00015258789062, 1.5414283107572988e-44, 119783.921875
0:00:48.392653, 0.0, 1.401298464324817e-44, 90.00015258789062, 1.5414283107572988e-44, 119784.4609375
0:00:48.507667, 0.0, 1.401298464324817e-44, 90.00015258789062, 1.5414283107572988e-44, 119785.1953125
0:00:48.593105, 0.0, 1.401298464324817e-44, 90.00015258789062, 1.5414283107572988e-44, 119785.7421875
0:00:48.687034, 0.0, 1.401298464324817e-44, 90.00015258789062, 1.5414283107572988e-44, 119786.328125
0:00:48.782807, 0.0, 1.401298464324817e-44, 90.00015258789062, 1.5414283107572988e-44, 119786.9296875
0:00:48.901198, 0.0, 1.401298464324817e-44, 90.00015258789062, 1.5414283107572988e-44, 119787.6640625
0:00:48.983033, 0.0, 1.401298464324817e-44, 90.00015258789062, 1.5414283107572988e-44, 119788.1796875
0:00:49.092411, 0.0, 1.401298464324817e-44, 90.00015258789062, 1.5414283107572988e-44, 119788.8671875
0:00:49.194735, 0.0, 1.401298464324817e-44, 90.00015258789062, 1.5414283107572988e-44, 119789.515625
0:00:49.291872, 0.0, 1.401298464324817e-44, 90.00015258789062, 1.5414283107572988e-44, 119790.125
0:00:49.413258, 0.0, 1.401298464324817e-44, 90.00015258789062, 1.5414283107572988e-44, 119790.890625
0:00:49.506968, 0.0, 1.401298464324817e-44, 90.00015258789062, 1.5414283107572988e-44, 119791.4765625
0:00:49.602080, 0.0, 1.401298464324817e-44, 90.00015258789062, 1.5414283107572988e-44, 119792.078125
0:00:49.716023, 0.0, 1.401298464324817e-44, 90.00015258789062, 1.5414283107572988e-44, 119792.796875
0:00:49.813180, 0.0, 1.401298464324817e-44, 90.00015258789062, 1.5414283107572988e-44, 119793.4140625
0:00:49.912196, 0.0, 1.401298464324817e-44, 90.00015258789062, 1.5414283107572988e-44, 119794.0390625
0:00:50.004081, 0.0, 1.401298464324817e-44, 90.00015258789062, 1.5414283107572988e-44, 119794.625
0:00:50.117874, 0.0, 1.401298464324817e-44, 90.00015258789062, 1.5414283107572988e-44, 119795.3359375
0:00:50.217001, 0.0, 1.401298464324817e-44, 90.00015258789062, 1.5414283107572988e-44, 119795.9609375
0:00:50.328573, 0.0, 1.401298464324817e-44, 90.00015258789062, 1.5414283107572988e-44, 119796.65625
0:00:50.412616, 0.0, 1.401298464324817e-44, 90.00015258789062, 1.5414283107572988e-44, 119797.1875
0:00:50.513238, 0.0, 1.401298464324817e-44, 90.00015258789062, 1.5414283107572988e-44, 119797.8203125
0:00:50.718966, 0.0, 1.401298464324817e-44, 90.00015258789062, 1.5414283107572988e-44, 119799.1171875
0:00:50.832753, 0.0, 1.401298464324817e-44, 90.00015258789062, 1.5414283107572988e-44, 119799.84375
0:00:50.919330, 0.0, 1.401298464324817e-44, 90.00015258789062, 1.5414283107572988e-44, 119800.3828125
0:00:51.033372, 0.0, 1.401298464324817e-44, 90.00015258789062, 1.5414283107572988e-44, 119801.1015625
0:00:51.132953, 0.0, 1.401298464324817e-44, 90.00015258789062, 1.5414283107572988e-44, 119801.7265625
0:00:51.219492, 0.0, 1.401298464324817e-44, 90.00015258789062, 1.5414283107572988e-44, 119802.2734375
0:00:51.332566, 0.0, 1.401298464324817e-44, 90.00015258789062, 1.5414283107572988e-44, 119802.9921875
0:00:51.438732, 0.0, 1.401298464324817e-44, 90.00015258789062, 1.5414283107572988e-44, 119803.6640625
0:00:51.524333, 0.0, 1.401298464324817e-44, 90.00015258789062, 1.5414283107572988e-44, 119804.203125
0:00:51.638469, 0.0, 1.401298464324817e-44, 90.00015258789062, 1.5414283107572988e-44, 119804.921875
0:00:51.733265, 0.0, 1.401298464324817e-44, 90.00015258789062, 1.5414283107572988e-44, 119805.515625
0:00:51.825595, 0.0, 1.401298464324817e-44, 90.00015258789062, 1.5414283107572988e-44, 119806.09375
0:00:51.950746, 0.0, 1.401298464324817e-44, 90.00015258789062, 1.5414283107572988e-44, 119806.875
0:00:52.040344, 0.0, 1.401298464324817e-44, 90.00015258789062, 1.5414283107572988e-44, 119807.4453125
0:00:52.126835, 0.0, 1.401298464324817e-44, 90.00015258789062, 1.5414283107572988e-44, 119807.9921875
0:00:52.251708, 0.0, 1.401298464324817e-44, 90.00015258789062, 1.5414283107572988e-44, 119808.78125
0:00:52.337234, 0.0, 1.401298464324817e-44, 90.00015258789062, 1.5414283107572988e-44, 119809.3203125
0:00:52.433535, 0.0, 1.401298464324817e-44, 90.00015258789062, 1.5414283107572988e-44, 119809.9296875
0:00:52.542966, 0.0, 1.401298464324817e-44, 90.00015258789062, 1.5414283107572988e-44, 119810.6171875
0:00:52.654763, 0.0, 1.401298464324817e-44, 90.00015258789062, 1.5414283107572988e-44, 119811.3203125
0:00:52.744377, 0.0, 1.401298464324817e-44, 90.00015258789062, 1.5414283107572988e-44, 119811.890625
0:00:52.832932, 0.0, 1.401298464324817e-44, 90.00015258789062, 1.5414283107572988e-44, 119812.453125
0:00:52.945896, 0.0, 1.401298464324817e-44, 90.00015258789062, 1.5414283107572988e-44, 119813.1640625
0:00:53.057857, 0.0, 1.401298464324817e-44, 90.00015258789062, 1.5414283107572988e-44, 119813.875
0:00:53.154504, 0.0, 1.401298464324817e-44, 90.00015258789062, 1.5414283107572988e-44, 119814.4765625
0:00:53.249537, 0.0, 1.401298464324817e-44, 90.00015258789062, 1.5414283107572988e-44, 119815.078125
0:00:53.337155, 0.0, 1.401298464324817e-44, 90.00015258789062, 1.5414283107572988e-44, 119815.625
0:00:53.450041, 0.0, 1.401298464324817e-44, 90.00015258789062, 1.5414283107572988e-44, 119816.3359375
0:00:53.566223, 0.0, 1.401298464324817e-44, 90.00015258789062, 1.5414283107572988e-44, 119817.0703125
0:00:53.660548, 0.0, 1.401298464324817e-44, 90.00015258789062, 1.5414283107572988e-44, 119817.671875
0:00:53.749324, 0.0, 1.401298464324817e-44, 90.00015258789062, 1.5414283107572988e-44, 119818.234375
0:00:53.856226, 0.0, 1.401298464324817e-44, 90.00015258789062, 1.5414283107572988e-44, 119818.921875
0:00:53.953931, 0.0, 1.401298464324817e-44, 90.00015258789062, 1.5414283107572988e-44, 119819.53125
0:00:54.074370, 0.0, 1.401298464324817e-44, 90.00015258789062, 1.5414283107572988e-44, 119820.28125
0:00:54.165238, 0.0, 1.401298464324817e-44, 90.00015258789062, 1.5414283107572988e-44, 119820.8515625
0:00:54.273651, 0.0, 1.401298464324817e-44, 90.00015258789062, 1.5414283107572988e-44, 119821.53125
0:00:54.375273, 0.0, 1.401298464324817e-44, 90.00015258789062, 1.5414283107572988e-44, 119822.1640625
0:00:54.466317, 0.0, 1.401298464324817e-44, 90.00015258789062, 1.5414283107572988e-44, 119822.734375
0:00:54.550890, 0.0, 1.401298464324817e-44, 90.00015258789062, 1.5414283107572988e-44, 119823.265625
0:00:54.656210, 0.0, 1.401298464324817e-44, 90.00015258789062, 1.5414283107572988e-44, 119823.9296875
0:00:54.750598, 0.0, 1.401298464324817e-44, 90.00015258789062, 1.5414283107572988e-44, 119824.5234375
0:00:54.864668, 0.0, 1.401298464324817e-44, 90.00015258789062, 1.5414283107572988e-44, 119825.2421875
0:00:54.974855, 0.0, 1.401298464324817e-44, 90.00015258789062, 1.5414283107572988e-44, 119825.9375
0:00:55.071704, 0.0, 1.401298464324817e-44, 90.00015258789062, 1.5414283107572988e-44, 119826.546875
0:00:55.159382, 0.0, 1.401298464324817e-44, 90.00015258789062, 1.5414283107572988e-44, 119827.1015625
0:00:55.256573, 0.0, 1.401298464324817e-44, 90.00015258789062, 1.5414283107572988e-44, 119827.71875
0:00:55.382104, 0.0, 1.401298464324817e-44, 90.00015258789062, 1.5414283107572988e-44, 119828.5078125
0:00:55.468491, 0.0, 1.401298464324817e-44, 90.00015258789062, 1.5414283107572988e-44, 119829.0546875
0:00:55.588632, 0.0, 1.401298464324817e-44, 90.00015258789062, 1.5414283107572988e-44, 119829.8046875
0:00:55.683546, 0.0, 1.401298464324817e-44, 90.00015258789062, 1.5414283107572988e-44, 119830.4140625
0:00:55.776304, 0.0, 1.401298464324817e-44, 90.00015258789062, 1.5414283107572988e-44, 119831.0078125
0:00:55.861908, 0.0, 1.401298464324817e-44, 90.00015258789062, 1.5414283107572988e-44, 119831.546875
0:00:55.975894, 0.0, 1.401298464324817e-44, 90.00015258789062, 1.5414283107572988e-44, 119832.265625
0:00:56.087881, 0.0, 1.401298464324817e-44, 90.00015258789062, 1.5414283107572988e-44, 119832.9765625
0:00:56.194155, 0.0, 1.401298464324817e-44, 90.00015258789062, 1.5414283107572988e-44, 119833.6484375
0:00:56.281872, 0.0, 1.401298464324817e-44, 90.00015258789062, 1.5414283107572988e-44, 119834.203125
0:00:56.393702, 0.0, 1.401298464324817e-44, 90.00015258789062, 1.5414283107572988e-44, 119834.921875
0:00:56.481354, 0.0, 1.401298464324817e-44, 90.00015258789062, 1.5414283107572988e-44, 119835.46875
0:00:56.593710, 0.0, 1.401298464324817e-44, 90.00015258789062, 1.5414283107572988e-44, 119836.1796875
0:00:56.676720, 0.0, 1.401298464324817e-44, 90.00015258789062, 1.5414283107572988e-44, 119836.7109375
0:00:56.799802, 0.0, 1.401298464324817e-44, 90.00015258789062, 1.5414283107572988e-44, 119837.4921875
0:00:56.895495, 0.0, 1.401298464324817e-44, 90.00015258789062, 1.5414283107572988e-44, 119838.1015625
0:00:56.984481, 0.0, 1.401298464324817e-44, 90.00015258789062, 1.5414283107572988e-44, 119838.65625
0:00:57.097624, 0.0, 1.401298464324817e-44, 90.00015258789062, 1.5414283107572988e-44, 119839.3828125
0:00:57.180355, 0.0, 1.401298464324817e-44, 90.00015258789062, 1.5414283107572988e-44, 119839.90625
0:00:57.307081, 0.0, 1.401298464324817e-44, 90.00015258789062, 1.5414283107572988e-44, 119840.6953125
0:00:57.403781, 0.0, 1.401298464324817e-44, 90.00015258789062, 1.5414283107572988e-44, 119841.3046875
0:00:57.490040, 0.0, 1.401298464324817e-44, 90.00015258789062, 1.5414283107572988e-44, 119841.8515625
0:00:57.609973, 0.0, 1.401298464324817e-44, 90.00015258789062, 1.5414283107572988e-44, 119842.609375
0:00:57.677740, 0.0, 1.401298464324817e-44, 90.00015258789062, 1.5414283107572988e-44, 119843.0390625
0:00:57.789666, 0.0, 1.401298464324817e-44, 90.00015258789062, 1.5414283107572988e-44, 119843.75
0:00:57.913270, 0.0, 1.401298464324817e-44, 90.00015258789062, 1.5414283107572988e-44, 119844.53125
0:00:57.998041, 0.0, 1.401298464324817e-44, 90.00015258789062, 1.5414283107572988e-44, 119845.0625
0:00:58.092102, 0.0, 1.401298464324817e-44, 90.00015258789062, 1.5414283107572988e-44, 119845.65625
0:00:58.201669, 0.0, 1.401298464324817e-44, 90.00015258789062, 1.5414283107572988e-44, 119846.3515625
0:00:58.314642, 0.0, 1.401298464324817e-44, 90.00015258789062, 1.5414283107572988e-44, 119847.0625
0:00:58.409124, 0.0, 1.401298464324817e-44, 90.00015258789062, 1.5414283107572988e-44, 119847.65625
0:00:58.506868, 0.0, 1.401298464324817e-44, 90.00015258789062, 1.5414283107572988e-44, 119848.2734375
0:00:58.619661, 0.0, 1.401298464324817e-44, 90.00015258789062, 1.5414283107572988e-44, 119848.9921875
0:00:58.716160, 0.0, 1.401298464324817e-44, 90.00015258789062, 1.5414283107572988e-44, 119849.6015625
0:00:58.808211, 0.0, 1.401298464324817e-44, 90.00015258789062, 1.5414283107572988e-44, 119850.1796875
0:00:58.922228, 0.0, 1.401298464324817e-44, 90.00015258789062, 1.5414283107572988e-44, 119850.8984375
0:00:59.006852, 0.0, 1.401298464324817e-44, 90.00015258789062, 1.5414283107572988e-44, 119851.4375
0:00:59.121597, 0.0, 1.401298464324817e-44, 90.00015258789062, 1.5414283107572988e-44, 119852.171875
0:00:59.206137, 0.0, 1.401298464324817e-44, 90.00015258789062, 1.5414283107572988e-44, 119852.703125
0:00:59.297809, 0.0, 1.401298464324817e-44, 90.00015258789062, 1.5414283107572988e-44, 119853.28125
0:00:59.413225, 0.0, 1.401298464324817e-44, 90.00015258789062, 1.5414283107572988e-44, 119854.0078125
0:00:59.525832, 0.0, 1.401298464324817e-44, 90.00015258789062, 1.5414283107572988e-44, 119854.71875
0:00:59.622178, 0.0, 1.401298464324817e-44, 90.00015258789062, 1.5414283107572988e-44, 119855.328125
0:00:59.703098, 0.0, 1.401298464324817e-44, 90.00015258789062, 1.5414283107572988e-44, 119855.8359375
0:00:59.819205, 0.0, 1.401298464324817e-44, 90.00015258789062, 1.5414283107572988e-44, 119856.5703125
0:00:59.914796, 0.0, 1.401298464324817e-44, 90.00015258789062, 1.5414283107572988e-44, 119857.171875
0:01:00.037290, 0.0, 1.401298464324817e-44, 90.00015258789062, 1.5414283107572988e-44, 119857.9375
0:01:00.136916, 0.0, 1.401298464324817e-44, 90.00015258789062, 1.5414283107572988e-44, 119858.5625
0:01:00.225477, 0.0, 1.401298464324817e-44, 90.00015258789062, 1.5414283107572988e-44, 119859.109375
0:01:00.308729, 0.0, 1.401298464324817e-44, 90.00015258789062, 1.5414283107572988e-44, 119859.640625
0:01:00.431540, 0.0, 1.401298464324817e-44, 90.00015258789062, 1.5414283107572988e-44, 119860.421875
0:01:00.527051, 0.0, 1.401298464324817e-44, 90.00015258789062, 1.5414283107572988e-44, 119861.015625
0:01:00.640709, 0.0, 1.401298464324817e-44, 90.00015258789062, 1.5414283107572988e-44, 119861.734375
0:01:00.736344, 0.0, 1.401298464324817e-44, 90.00015258789062, 1.5414283107572988e-44, 119862.3359375
0:01:00.828607, 0.0, 1.401298464324817e-44, 90.00015258789062, 1.5414283107572988e-44, 119862.9140625
0:01:00.941689, 0.0, 1.401298464324817e-44, 90.00015258789062, 1.5414283107572988e-44, 119863.6328125
0:01:01.037350, 0.0, 1.401298464324817e-44, 90.00015258789062, 1.5414283107572988e-44, 119864.234375
0:01:01.135620, 0.0, 1.401298464324817e-44, 90.00015258789062, 1.5414283107572988e-44, 119864.859375
0:01:01.236241, 0.0, 1.401298464324817e-44, 90.00015258789062, 1.5414283107572988e-44, 119865.4921875
0:01:01.327283, 0.0, 1.401298464324817e-44, 90.00015258789062, 1.5414283107572988e-44, 119866.0703125
0:01:01.448490, 0.0, 1.401298464324817e-44, 90.00015258789062, 1.5414283107572988e-44, 119866.828125
0:01:01.546845, 0.0, 1.401298464324817e-44, 90.00015258789062, 1.5414283107572988e-44, 119867.4375
0:01:01.643351, 0.0, 1.401298464324817e-44, 90.00015258789062, 1.5414283107572988e-44, 119868.046875
0:01:01.732661, 0.0, 1.401298464324817e-44, 90.00015258789062, 1.5414283107572988e-44, 119868.6015625
0:01:01.837969, 0.0, 1.401298464324817e-44, 90.00015258789062, 1.5414283107572988e-44, 119869.265625
0:01:01.958333, 0.0, 1.401298464324817e-44, 90.00015258789062, 1.5414283107572988e-44, 119870.0234375
0:01:02.044481, 0.0, 1.401298464324817e-44, 90.00015258789062, 1.5414283107572988e-44, 119870.5703125
0:01:02.157693, 0.0, 1.401298464324817e-44, 90.00015258789062, 1.5414283107572988e-44, 119871.2890625
0:01:02.243199, 0.0, 1.401298464324817e-44, 90.00015258789062, 1.5414283107572988e-44, 119871.828125
0:01:02.358090, 0.0, 1.401298464324817e-44, 90.00015258789062, 1.5414283107572988e-44, 119872.5546875
0:01:02.446673, 0.0, 1.401298464324817e-44, 90.00015258789062, 1.5414283107572988e-44, 119873.1171875
0:01:02.569312, 0.0, 1.401298464324817e-44, 90.00015258789062, 1.5414283107572988e-44, 119873.8828125
0:01:02.638972, 0.0, 1.401298464324817e-44, 90.00015258789062, 1.5414283107572988e-44, 119874.328125
0:01:02.757351, 0.0, 1.401298464324817e-44, 90.00015258789062, 1.5414283107572988e-44, 119875.0625
0:01:02.867979, 0.0, 1.401298464324817e-44, 90.00015258789062, 1.5414283107572988e-44, 119875.75
0:01:02.960736, 0.0, 1.401298464324817e-44, 90.00015258789062, 1.5414283107572988e-44, 119876.3359375
0:01:03.076801, 0.0, 1.401298464324817e-44, 90.00015258789062, 1.5414283107572988e-44, 119877.0703125
0:01:03.169577, 0.0, 1.401298464324817e-44, 90.00015258789062, 1.5414283107572988e-44, 119877.65625
0:01:03.249391, 0.0, 1.401298464324817e-44, 90.00015258789062, 1.5414283107572988e-44, 119878.1484375
0:01:03.359758, 0.0, 1.401298464324817e-44, 90.00015258789062, 1.5414283107572988e-44, 119878.8359375
0:01:03.456524, 0.0, 1.401298464324817e-44, 90.00015258789062, 1.5414283107572988e-44, 119879.4453125
0:01:03.555101, 0.0, 1.401298464324817e-44, 90.00015258789062, 1.5414283107572988e-44, 119880.0703125
0:01:03.660460, 0.0, 1.401298464324817e-44, 90.00015258789062, 1.5414283107572988e-44, 119880.734375
0:01:03.781292, 0.0, 1.401298464324817e-44, 90.00015258789062, 1.5414283107572988e-44, 119881.5
0:01:03.878529, 0.0, 1.401298464324817e-44, 90.00015258789062, 1.5414283107572988e-44, 119882.1171875
0:01:03.968615, 0.0, 1.401298464324817e-44, 90.00015258789062, 1.5414283107572988e-44, 119882.6796875
0:01:04.085332, 0.0, 1.401298464324817e-44, 90.00015258789062, 1.5414283107572988e-44, 119883.40625
0:01:04.179510, 0.0, 1.401298464324817e-44, 90.00015258789062, 1.5414283107572988e-44, 119884.0078125
0:01:04.278726, 0.0, 1.401298464324817e-44, 90.00015258789062, 1.5414283107572988e-44, 119884.625
0:01:04.368337, 0.0, 1.401298464324817e-44, 90.00015258789062, 1.5414283107572988e-44, 119885.1953125
0:01:04.468473, 0.0, 1.401298464324817e-44, 90.00015258789062, 1.5414283107572988e-44, 119885.828125
0:01:04.584726, 0.0, 1.401298464324817e-44, 90.00015258789062, 1.5414283107572988e-44, 119886.5546875
0:01:04.691622, 0.0, 1.401298464324817e-44, 90.00015258789062, 1.5414283107572988e-44, 119887.2265625
0:01:04.775791, 0.0, 1.401298464324817e-44, 90.00015258789062, 1.5414283107572988e-44, 119887.7578125
0:01:04.884138, 0.0, 1.401298464324817e-44, 90.00015258789062, 1.5414283107572988e-44, 119888.4453125
0:01:04.971565, 0.0, 1.401298464324817e-44, 90.00015258789062, 1.5414283107572988e-44, 119888.9921875
0:01:05.088589, 0.0, 1.401298464324817e-44, 90.00015258789062, 1.5414283107572988e-44, 119889.7265625
0:01:05.179314, 0.0, 1.401298464324817e-44, 90.00015258789062, 1.5414283107572988e-44, 119890.296875
0:01:05.294347, 0.0, 1.401298464324817e-44, 90.00015258789062, 1.5414283107572988e-44, 119891.015625
0:01:05.409420, 0.0, 1.401298464324817e-44, 90.00015258789062, 1.5414283107572988e-44, 119891.75
0:01:05.508453, 0.0, 1.401298464324817e-44, 90.00015258789062, 1.5414283107572988e-44, 119892.375
0:01:05.579480, 0.0, 1.401298464324817e-44, 90.00015258789062, 1.5414283107572988e-44, 119892.8203125
0:01:05.708773, 0.0, 1.401298464324817e-44, 90.00015258789062, 1.5414283107572988e-44, 119893.6328125
0:01:05.794266, 0.0, 1.401298464324817e-44, 90.00015258789062, 1.5414283107572988e-44, 119894.171875
0:01:05.908234, 0.0, 1.401298464324817e-44, 90.00015258789062, 1.5414283107572988e-44, 119894.8984375
0:01:05.996009, 0.0, 1.401298464324817e-44, 90.00015258789062, 1.5414283107572988e-44, 119895.453125
0:01:06.081341, 0.0, 1.401298464324817e-44, 90.00015258789062, 1.5414283107572988e-44, 119895.984375
0:01:06.196340, 0.0, 1.401298464324817e-44, 90.00015258789062, 1.5414283107572988e-44, 119896.7109375
0:01:06.281996, 0.0, 1.401298464324817e-44, 90.00015258789062, 1.5414283107572988e-44, 119897.2578125
0:01:06.394967, 0.0, 1.401298464324817e-44, 90.00015258789062, 1.5414283107572988e-44, 119897.96875
0:01:06.502381, 0.0, 1.401298464324817e-44, 90.00015258789062, 1.5414283107572988e-44, 119898.6484375
0:01:06.598508, 0.0, 1.401298464324817e-44, 90.00015258789062, 1.5414283107572988e-44, 119899.25
0:01:06.699032, 0.0, 1.401298464324817e-44, 90.00015258789062, 1.5414283107572988e-44, 119899.890625
0:01:06.809468, 0.0, 1.401298464324817e-44, 90.00015258789062, 1.5414283107572988e-44, 119900.578125
0:01:06.905547, 0.0, 1.401298464324817e-44, 90.00015258789062, 1.5414283107572988e-44, 119901.1875
0:01:07.012881, 0.0, 1.401298464324817e-44, 90.00015258789062, 1.5414283107572988e-44, 119901.8671875
0:01:07.111644, 0.0, 1.401298464324817e-44, 90.00015258789062, 1.5414283107572988e-44, 119902.484375
0:01:07.199499, 0.0, 1.401298464324817e-44, 90.00015258789062, 1.5414283107572988e-44, 119903.03125
0:01:07.315600, 0.0, 1.401298464324817e-44, 90.00015258789062, 1.5414283107572988e-44, 119903.765625
0:01:07.399967, 0.0, 1.401298464324817e-44, 90.00015258789062, 1.5414283107572988e-44, 119904.296875
0:01:07.512977, 0.0, 1.401298464324817e-44, 90.00015258789062, 1.5414283107572988e-44, 119905.015625
0:01:07.609546, 0.0, 1.401298464324817e-44, 90.00015258789062, 1.5414283107572988e-44, 119905.625
0:01:07.701067, 0.0, 1.401298464324817e-44, 90.00015258789062, 1.5414283107572988e-44, 119906.1953125
0:01:07.814092, 0.0, 1.401298464324817e-44, 90.00015258789062, 1.5414283107572988e-44, 119906.90625
0:01:07.910040, 0.0, 1.401298464324817e-44, 90.00015258789062, 1.5414283107572988e-44, 119907.515625
0:01:08.032719, 0.0, 1.401298464324817e-44, 90.00015258789062, 1.5414283107572988e-44, 119908.2890625
0:01:08.126129, 0.0, 1.401298464324817e-44, 90.00015258789062, 1.5414283107572988e-44, 119908.8828125
0:01:08.209776, 0.0, 1.401298464324817e-44, 90.00015258789062, 1.5414283107572988e-44, 119909.4140625
0:01:08.319971, 0.0, 1.401298464324817e-44, 90.00015258789062, 1.5414283107572988e-44, 119910.1015625
0:01:08.420623, 0.0, 1.401298464324817e-44, 90.00015258789062, 1.5414283107572988e-44, 119910.7421875
0:01:08.519992, 0.0, 1.401298464324817e-44, 90.00015258789062, 1.5414283107572988e-44, 119911.3671875
0:01:08.618892, 0.0, 1.401298464324817e-44, 90.00015258789062, 1.5414283107572988e-44, 119911.984375
0:01:08.706325, 0.0, 1.401298464324817e-44, 90.00015258789062, 1.5414283107572988e-44, 119912.5390625
0:01:08.820301, 0.0, 1.401298464324817e-44, 90.00015258789062, 1.5414283107572988e-44, 119913.2578125
0:01:08.938358, 0.0, 1.401298464324817e-44, 90.00015258789062, 1.5414283107572988e-44, 119914.0
0:01:09.036275, 0.0, 1.401298464324817e-44, 90.00015258789062, 1.5414283107572988e-44, 119914.6171875
0:01:09.136606, 0.0, 1.401298464324817e-44, 90.00015258789062, 1.5414283107572988e-44, 119915.2421875
0:01:09.221651, 0.0, 1.401298464324817e-44, 90.00015258789062, 1.5414283107572988e-44, 119915.78125
0:01:09.320014, 0.0, 1.401298464324817e-44, 90.00015258789062, 1.5414283107572988e-44, 119916.3984375
0:01:09.440996, 0.0, 1.401298464324817e-44, 90.00015258789062, 1.5414283107572988e-44, 119917.15625
0:01:09.539803, 0.0, 1.401298464324817e-44, 90.00015258789062, 1.5414283107572988e-44, 119917.78125
0:01:09.633551, 0.0, 1.401298464324817e-44, 90.00015258789062, 1.5414283107572988e-44, 119918.375
0:01:09.720056, 0.0, 1.401298464324817e-44, 90.00015258789062, 1.5414283107572988e-44, 119918.921875
0:01:09.820453, 0.0, 1.401298464324817e-44, 90.00015258789062, 1.5414283107572988e-44, 119919.546875
0:01:09.947358, 0.0, 1.401298464324817e-44, 90.00015258789062, 1.5414283107572988e-44, 119920.34375
0:01:10.032923, 0.0, 1.401298464324817e-44, 90.00015258789062, 1.5414283107572988e-44, 119920.8828125
0:01:10.149877, 0.0, 1.401298464324817e-44, 90.00015258789062, 1.5414283107572988e-44, 119921.6171875
0:01:10.247688, 0.0, 1.401298464324817e-44, 90.00015258789062, 1.5414283107572988e-44, 119922.234375
0:01:10.359135, 0.0, 1.401298464324817e-44, 90.00015258789062, 1.5414283107572988e-44, 119922.9296875
0:01:10.446652, 0.0, 1.401298464324817e-44, 90.00015258789062, 1.5414283107572988e-44, 119923.484375
0:01:10.559795, 0.0, 1.401298464324817e-44, 90.00015258789062, 1.5414283107572988e-44, 119924.1953125
0:01:10.645426, 0.0, 1.401298464324817e-44, 90.00015258789062, 1.5414283107572988e-44, 119924.7421875
0:01:10.752748, 0.0, 1.401298464324817e-44, 90.00015258789062, 1.5414283107572988e-44, 119925.4140625
0:01:10.837154, 0.0, 1.401298464324817e-44, 90.00015258789062, 1.5414283107572988e-44, 119925.953125
0:01:10.945622, 0.0, 1.401298464324817e-44, 90.00015258789062, 1.5414283107572988e-44, 119926.6328125
0:01:11.040728, 0.0, 1.401298464324817e-44, 90.00015258789062, 1.5414283107572988e-44, 119927.234375
0:01:11.142161, 0.0, 1.401298464324817e-44, 90.00015258789062, 1.5414283107572988e-44, 119927.8671875
0:01:11.241407, 0.0, 1.401298464324817e-44, 90.00015258789062, 1.5414283107572988e-44, 119928.484375
0:01:11.338330, 0.0, 1.401298464324817e-44, 90.00015258789062, 1.5414283107572988e-44, 119929.09375
0:01:11.451220, 0.0, 1.401298464324817e-44, 90.00015258789062, 1.5414283107572988e-44, 119929.8125
0:01:11.567352, 0.0, 1.401298464324817e-44, 90.00015258789062, 1.5414283107572988e-44, 119930.5546875
0:01:11.652034, 0.0, 1.401298464324817e-44, 90.00015258789062, 1.5414283107572988e-44, 119931.0859375
0:01:11.750854, 0.0, 1.401298464324817e-44, 90.00015258789062, 1.5414283107572988e-44, 119931.7109375
0:01:11.870863, 0.0, 1.401298464324817e-44, 90.00015258789062, 1.5414283107572988e-44, 119932.46875
0:01:11.962929, 0.0, 1.401298464324817e-44, 90.00015258789062, 1.5414283107572988e-44, 119933.046875
0:01:12.051400, 0.0, 1.401298464324817e-44, 90.00015258789062, 1.5414283107572988e-44, 119933.6015625
0:01:12.153016, 0.0, 1.401298464324817e-44, 90.00015258789062, 1.5414283107572988e-44, 119934.2421875
0:01:12.247695, 0.0, 1.401298464324817e-44, 90.00015258789062, 1.5414283107572988e-44, 119934.84375
0:01:12.361765, 0.0, 1.401298464324817e-44, 90.00015258789062, 1.5414283107572988e-44, 119935.5703125
0:01:12.461112, 0.0, 1.401298464324817e-44, 90.00015258789062, 1.5414283107572988e-44, 119936.1953125
0:01:12.575138, 0.0, 1.401298464324817e-44, 90.00015258789062, 1.5414283107572988e-44, 119936.9140625
0:01:12.656872, 0.0, 1.401298464324817e-44, 90.00015258789062, 1.5414283107572988e-44, 119937.4375
0:01:12.768799, 0.0, 1.401298464324817e-44, 90.00015258789062, 1.5414283107572988e-44, 119938.1484375
0:01:12.855374, 0.0, 1.401298464324817e-44, 90.00015258789062, 1.5414283107572988e-44, 119938.703125
0:01:12.970331, 0.0, 1.401298464324817e-44, 90.00015258789062, 1.5414283107572988e-44, 119939.4296875
0:01:13.071865, 0.0, 1.401298464324817e-44, 90.00015258789062, 1.5414283107572988e-44, 119940.0703125
0:01:13.161659, 0.0, 1.401298464324817e-44, 90.00015258789062, 1.5414283107572988e-44, 119940.625
0:01:13.278678, 0.0, 1.401298464324817e-44, 90.00015258789062, 1.5414283107572988e-44, 119941.3671875
0:01:13.363270, 0.0, 1.401298464324817e-44, 90.00015258789062, 1.5414283107572988e-44, 119941.8984375
0:01:13.485968, 0.0, 1.401298464324817e-44, 90.00015258789062, 1.5414283107572988e-44, 119942.6796875
0:01:13.572691, 0.0, 1.401298464324817e-44, 90.00015258789062, 1.5414283107572988e-44, 119943.234375
0:01:13.682224, 0.0, 1.401298464324817e-44, 90.00015258789062, 1.5414283107572988e-44, 119943.9296875
0:01:13.763994, 0.0, 1.401298464324817e-44, 90.00015258789062, 1.5414283107572988e-44, 119944.4375
0:01:13.878879, 0.0, 1.401298464324817e-44, 90.00015258789062, 1.5414283107572988e-44, 119945.171875
0:01:13.992438, 0.0, 1.401298464324817e-44, 90.00015258789062, 1.5414283107572988e-44, 119945.8828125
0:01:14.075425, 0.0, 1.401298464324817e-44, 90.00015258789062, 1.5414283107572988e-44, 119946.4140625
0:01:14.171707, 0.0, 1.401298464324817e-44, 90.00015258789062, 1.5414283107572988e-44, 119947.015625
0:01:14.292926, 0.0, 1.401298464324817e-44, 90.00015258789062, 1.5414283107572988e-44, 119947.78125
0:01:14.385518, 0.0, 1.401298464324817e-44, 90.00015258789062, 1.5414283107572988e-44, 119948.3515625
0:01:14.473309, 0.0, 1.401298464324817e-44, 90.00015258789062, 1.5414283107572988e-44, 119948.8984375
0:01:14.602975, 0.0, 1.401298464324817e-44, 90.00015258789062, 1.5414283107572988e-44, 119949.71875
0:01:14.689107, 0.0, 1.401298464324817e-44, 90.00015258789062, 1.5414283107572988e-44, 119950.2578125
0:01:14.802393, 0.0, 1.401298464324817e-44, 90.00015258789062, 1.5414283107572988e-44, 119950.9765625
0:01:14.889429, 0.0, 1.401298464324817e-44, 90.00015258789062, 1.5414283107572988e-44, 119951.53125
0:01:14.994651, 0.0, 1.401298464324817e-44, 90.00015258789062, 1.5414283107572988e-44, 119952.1875
0:01:15.081284, 0.0, 1.401298464324817e-44, 90.00015258789062, 1.5414283107572988e-44, 119952.734375
0:01:15.196260, 0.0, 1.401298464324817e-44, 90.00015258789062, 1.5414283107572988e-44, 119953.4609375
0:01:15.291999, 0.0, 1.401298464324817e-44, 90.00015258789062, 1.5414283107572988e-44, 119954.0625
0:01:15.392045, 0.0, 1.401298464324817e-44, 90.00015258789062, 1.5414283107572988e-44, 119954.6875
0:01:15.483506, 0.0, 1.401298464324817e-44, 90.00015258789062, 1.5414283107572988e-44, 119955.2734375
0:01:15.591857, 0.0, 1.401298464324817e-44, 90.00015258789062, 1.5414283107572988e-44, 119955.9609375
0:01:15.717991, 0.0, 1.401298464324817e-44, 90.00015258789062, 1.5414283107572988e-44, 119956.7578125
0:01:15.804565, 0.0, 1.401298464324817e-44, 90.00015258789062, 1.5414283107572988e-44, 119957.3046875
0:01:15.899966, 0.0, 1.401298464324817e-44, 90.00015258789062, 1.5414283107572988e-44, 119957.90625
0:01:16.016027, 0.0, 1.401298464324817e-44, 90.00015258789062, 1.5414283107572988e-44, 119958.6484375
0:01:16.113338, 0.0, 1.401298464324817e-44, 90.00015258789062, 1.5414283107572988e-44, 119959.2578125
0:01:16.213149, 0.0, 1.401298464324817e-44, 90.00015258789062, 1.5414283107572988e-44, 119959.890625
0:01:16.305837, 0.0, 1.401298464324817e-44, 90.00015258789062, 1.5414283107572988e-44, 119960.4765625
0:01:16.403576, 0.0, 1.401298464324817e-44, 90.00015258789062, 1.5414283107572988e-44, 119961.09375
0:01:16.514632, 0.0, 1.401298464324817e-44, 90.00015258789062, 1.5414283107572988e-44, 119961.796875
0:01:16.602102, 0.0, 1.401298464324817e-44, 90.00015258789062, 1.5414283107572988e-44, 119962.34375
0:01:16.700845, 0.0, 1.401298464324817e-44, 90.00015258789062, 1.5414283107572988e-44, 119962.96875
0:01:16.807028, 0.0, 1.401298464324817e-44, 90.00015258789062, 1.5414283107572988e-44, 119963.640625
0:01:16.920059, 0.0, 1.401298464324817e-44, 90.00015258789062, 1.5414283107572988e-44, 119964.359375
0:01:17.006634, 0.0, 1.401298464324817e-44, 90.00015258789062, 1.5414283107572988e-44, 119964.8984375
0:01:17.121575, 0.0, 1.401298464324817e-44, 90.00015258789062, 1.5414283107572988e-44, 119965.625
0:01:17.202609, 0.0, 1.401298464324817e-44, 90.00015258789062, 1.5414283107572988e-44, 119966.1328125
0:01:17.312929, 0.0, 1.401298464324817e-44, 90.00015258789062, 1.5414283107572988e-44, 119966.828125
0:01:17.412578, 0.0, 1.401298464324817e-44, 90.00015258789062, 1.5414283107572988e-44, 119967.453125
0:01:17.504491, 0.0, 1.401298464324817e-44, 90.00015258789062, 1.5414283107572988e-44, 119968.0390625
