0:08:04.127764: amp 5
0:08:04.221487: amp 7
0:08:04.252893: amp 8
0:08:04.268473: amp 9
0:08:04.268473: amp 10
0:08:04.299726: amp 11
0:08:04.305891: amp 12
0:08:04.315538: amp 13
0:08:04.362490: amp 15
0:08:04.362490: amp 16
0:08:04.378225: amp 17
0:08:04.393870: amp 20
0:08:04.409344: amp 22
0:08:04.424965: amp 24
0:08:04.456313: amp 26
0:08:04.471848: amp 29
0:08:04.471848: amp 32
0:08:04.503096: amp 34
0:08:04.518695: amp 36
0:08:04.518695: amp 38
0:08:04.534499: amp 40
0:08:04.565728: amp 41
0:08:04.565728: amp 42
0:08:04.596844: amp 44
0:08:04.612555: amp 45
0:08:04.628091: amp 46
0:08:04.643857: amp 47
0:08:04.659471: amp 48
0:08:04.706297: amp 49
0:08:05.425102: freq 0.35
0:08:06.706897: freq 0
0:08:06.706897: amp 0
0:08:06.706897: off 90
0:08:06.706897: phb 0
0:08:13.003770: amp 5
0:08:13.034817: amp 8
0:08:13.034817: amp 10
0:08:13.066226: amp 13
0:08:13.081872: amp 15
0:08:13.097437: amp 16
0:08:13.113069: amp 17
0:08:13.128592: amp 19
0:08:13.144320: amp 20
0:08:13.159943: amp 22
0:08:13.191262: amp 23
0:08:13.191262: amp 24
0:08:13.206825: amp 27
0:08:13.222313: amp 29
0:08:13.237982: amp 31
0:08:13.269311: amp 33
0:08:13.269311: amp 35
0:08:13.300618: amp 40
0:08:13.316092: amp 43
0:08:13.316092: amp 45
0:08:13.347402: amp 47
0:08:13.362956: amp 48
0:08:13.378740: amp 49
0:08:13.394358: amp 51
0:08:13.409846: amp 53
0:08:13.441224: amp 54
0:08:13.441224: amp 55
0:08:13.487942: amp 56
0:08:13.487942: amp 57
0:08:13.550550: amp 58
0:08:13.784846: amp 57
0:08:13.847427: amp 56
0:08:13.878592: amp 55
0:08:13.894373: amp 53
0:08:13.909817: amp 51
0:08:13.925541: amp 50
0:08:13.941228: amp 48
0:08:13.972473: amp 47
0:08:15.472928: freq 0.45
0:08:35.272087: freq 0
0:08:35.272087: amp 0
0:08:35.272087: off 90
0:08:35.272087: phb 0
0:19:41.594104: amp 20
0:19:41.703424: amp 22
0:19:41.719065: amp 23
0:19:41.734550: amp 24
0:19:41.750172: amp 26
0:19:41.765951: amp 27
0:19:41.781521: amp 29
0:19:41.797133: amp 31
0:19:41.812653: amp 32
0:19:41.828268: amp 34
0:19:41.859680: amp 40
0:19:41.875306: amp 42
0:19:41.890881: amp 46
0:19:41.906414: amp 50
0:19:41.937748: amp 52
0:19:41.937748: amp 56
0:19:41.953421: amp 57
0:19:41.969058: amp 59
0:19:42.015776: amp 60
0:19:42.187650: amp 59
0:19:42.203299: amp 57
0:19:42.218921: amp 56
0:19:42.234520: amp 55
0:19:42.250305: amp 54
0:19:42.265856: amp 53
0:19:42.281490: amp 52
0:19:42.312810: amp 51
0:19:42.328427: amp 50
0:19:42.406601: amp 49
0:19:42.968922: freq 0.6
0:35:30.890673: freq 0
0:35:30.890673: amp 0
0:35:30.890673: off 90
0:35:30.890673: phb 0
0:36:54.442430: amp 2
0:36:54.473673: amp 3
0:36:54.489496: amp 6
0:36:54.520863: amp 8
0:36:54.520863: amp 9
0:36:54.536530: amp 10
0:36:54.536530: amp 11
0:36:54.567644: amp 13
0:36:54.583484: amp 15
0:36:54.599275: amp 17
0:36:54.630524: amp 20
0:36:54.646034: amp 21
0:36:54.661649: amp 23
0:36:54.693206: amp 25
0:36:54.709003: amp 26
0:36:54.724570: amp 27
0:36:54.724570: amp 28
0:36:54.740254: amp 29
0:36:54.771500: amp 30
0:36:54.803362: amp 31
0:36:54.818990: amp 32
0:36:54.834462: amp 33
0:36:54.850085: amp 34
0:36:54.865721: amp 35
0:36:54.897110: amp 36
0:36:54.928215: amp 37
0:36:54.975186: amp 38
0:36:55.006735: amp 39
0:36:55.085560: amp 40
0:36:55.195746: amp 41
0:36:55.274061: amp 42
0:36:55.352556: amp 43
0:36:56.341357: amp 44
0:36:56.644001: amp 45
0:36:56.801035: amp 46
0:36:57.083466: amp 47
0:36:57.365989: amp 48
0:36:57.790564: amp 49
0:36:58.574795: amp 48
0:36:58.684692: amp 47
0:36:58.748046: amp 46
0:36:58.794987: amp 45
0:36:58.873157: amp 44
0:36:58.920577: amp 43
0:36:58.983087: amp 42
0:36:59.061469: amp 41
0:36:59.155906: amp 40
0:36:59.218891: amp 39
0:36:59.328869: amp 38
0:36:59.422943: amp 37
0:37:00.740974: amp 36
0:37:02.907806: amp 35
0:38:12.428196: amp 32
0:38:12.678674: amp 34
0:38:12.710098: amp 35
0:38:12.741187: amp 36
0:38:12.756839: amp 37
0:38:12.788638: amp 38
0:38:12.819996: amp 39
0:38:12.851178: amp 40
0:38:12.898815: amp 41
0:38:12.945544: amp 42
0:38:12.992756: amp 43
0:38:13.086915: amp 44
0:38:13.165087: amp 45
0:38:13.227827: amp 46
0:38:13.337634: amp 47
0:38:13.480319: amp 48
0:38:13.762064: amp 49
0:38:13.982844: amp 50
0:39:22.470287: amp 48
0:39:22.486162: amp 47
0:39:22.501971: amp 46
0:39:22.517595: amp 44
0:39:22.533227: amp 43
0:39:22.548795: amp 40
0:39:22.564510: amp 38
0:39:22.580593: amp 35
0:39:22.627516: amp 34
0:39:22.627516: amp 31
0:39:22.628753: amp 28
0:39:22.643442: amp 25
0:39:22.675472: amp 21
0:39:22.678620: amp 19
0:39:22.691309: amp 17
0:39:22.722636: amp 14
0:39:22.724193: amp 11
0:39:22.753775: amp 8
0:39:22.770013: amp 7
0:39:22.786300: amp 4
0:39:22.802410: amp 1
0:39:22.819257: amp 0
