0:04:04.477904: off 92
0:04:04.713752: off 99
0:04:04.739688: off 101
0:04:04.747640: off 104
0:04:04.777405: off 108
0:04:04.793466: off 111
0:04:04.810915: off 115
0:04:04.810915: off 118
0:04:04.841370: off 123
0:04:04.857626: off 127
0:04:04.873411: off 131
0:04:04.889774: off 135
0:04:04.905281: off 140
0:04:04.921073: off 143
0:04:04.936723: off 148
0:04:04.952603: off 152
0:04:04.969531: off 156
0:04:04.991168: off 159
0:04:04.997242: off 164
0:04:05.013245: off 168
0:04:05.029885: off 170
0:04:05.045044: off 174
0:04:05.077068: off 176
0:04:05.092815: off 178
0:04:05.108615: off 180
0:04:10.267492: off 178
0:04:10.275866: off 177
0:04:10.289548: off 175
0:04:10.305176: off 173
0:04:10.320963: off 170
0:04:10.336842: off 167
0:04:10.352640: off 164
0:04:10.368282: off 161
0:04:10.383913: off 158
0:04:10.400052: off 156
0:04:10.415690: off 150
0:04:10.431317: off 147
0:04:10.463461: off 142
0:04:10.478519: off 138
0:04:10.495217: off 134
0:04:10.514809: off 128
0:04:10.526580: off 125
0:04:10.544011: off 118
0:04:10.560795: off 114
0:04:10.576217: off 109
0:04:10.590946: off 105
0:04:10.606934: off 101
0:04:10.623990: off 97
0:04:10.639091: off 92
0:04:10.656276: off 87
0:04:10.672360: off 82
0:04:10.687446: off 78
0:04:10.703192: off 73
0:04:10.718855: off 68
0:04:10.734513: off 63
0:04:10.750148: off 59
0:04:10.765679: off 55
0:04:10.781252: off 51
0:04:10.810687: off 44
0:04:10.821971: off 40
0:04:10.838173: off 38
0:04:10.853994: off 32
0:04:10.869596: off 28
0:04:10.885224: off 24
0:04:10.906499: off 21
0:04:10.916665: off 18
0:04:10.948415: off 16
0:04:10.950060: off 13
0:04:10.972959: off 10
0:04:10.980723: off 8
0:04:11.012002: off 5
0:04:11.027624: off 4
0:04:11.043723: off 2
0:04:11.059537: off 1
0:04:11.075432: off 0
0:04:31.822615: amp 1
0:04:32.023396: amp 4
0:04:32.039260: amp 5
0:04:32.071024: amp 6
0:04:32.118375: amp 7
0:04:32.150169: amp 8
0:04:32.181433: amp 9
0:04:32.197009: amp 10
0:04:32.244120: amp 11
0:04:32.259837: amp 12
0:04:32.275444: amp 13
0:04:32.291050: amp 14
0:04:32.322296: amp 15
0:04:32.353587: amp 16
0:04:32.369430: amp 17
0:04:32.401237: amp 18
0:04:32.432484: amp 19
0:04:32.464474: amp 20
0:04:32.511725: amp 22
0:04:32.540051: amp 23
0:04:32.571305: amp 25
0:04:32.587156: amp 26
0:04:32.608321: amp 27
0:04:32.619396: amp 28
0:04:32.640973: amp 30
0:04:32.666991: amp 31
0:04:32.682811: amp 32
0:04:32.683682: amp 33
0:04:32.699803: amp 34
0:04:32.714811: amp 35
0:04:32.762136: amp 36
0:04:32.777758: amp 37
0:04:32.810705: amp 38
0:04:32.842690: amp 39
0:04:32.873623: amp 40
0:04:32.904914: amp 41
0:04:32.940428: amp 42
0:04:32.967645: amp 43
0:04:32.999945: amp 44
0:04:33.076306: amp 45
0:04:33.113914: amp 46
0:04:33.145167: amp 47
0:04:33.192084: amp 48
0:04:33.223707: amp 49
0:04:33.305459: amp 50
0:04:33.335169: amp 51
0:04:33.383516: amp 52
0:04:33.463398: amp 53
0:04:33.574093: amp 54
0:04:34.159526: amp 53
0:04:34.317119: amp 52
0:04:34.584614: amp 51
0:04:39.209498: freq 0.05
0:04:39.426249: freq 0.1
0:04:39.628178: freq 0.15
0:04:39.927048: freq 0.2
0:04:40.091340: freq 0.25
0:04:40.232852: freq 0.3
0:04:48.408349: phb 0.2194504203347685
0:04:48.431163: phb 0.24430305984728473
0:04:48.443071: phb 0.2534356990718196
0:04:48.601094: phb 0.27417894182300995
0:04:48.618738: phb 0.2930736394650762
0:04:48.632405: phb 0.30885810632429966
0:04:48.648043: phb 0.34121145499573585
0:04:48.663692: phb 0.36708379643132205
0:04:48.695091: phb 0.41278209140637107
0:04:48.710667: phb 0.4370260952414229
0:04:48.726271: phb 0.4876602916418243
0:04:48.741986: phb 0.5264923764411843
0:04:48.757533: phb 0.5462193437740148
0:04:48.773250: phb 0.5661383634484441
0:04:48.788670: phb 0.6064978558384547
0:04:48.804517: phb 0.6269091242366421
0:04:48.819944: phb 0.647455197460194
0:04:48.835697: phb 0.6681180734530563
0:04:48.851281: phb 0.7097310998323194
0:04:48.866791: phb 0.7306450348758118
0:04:48.882526: phb 0.7618537433510977
0:04:48.913765: phb 0.7936029403338039
0:04:48.929409: phb 0.8145987635455026
0:04:48.945070: phb 0.8564959545759084
0:04:48.960661: phb 0.9161176781881084
0:04:48.976494: phb 0.936284576974634
0:04:48.993111: phb 0.9724761713900032
0:04:49.008948: phb 0.9994073045264553
0:04:49.024367: phb 1.0255041693905964
0:04:49.040015: phb 1.0558144786581385
0:04:49.086866: phb 1.0806182803222844
0:04:49.086866: phb 1.098603412771868
0:04:49.089591: phb 1.1283241543309432
0:04:49.118275: phb 1.1565403095420497
0:04:49.133904: phb 1.1684043119346772
0:04:49.227653: phb 1.1852867636286393
0:04:49.321902: phb 1.209364858764349
0:05:02.014059: phb 1.3778213829414045
0:05:02.029689: phb 1.3894526566527596
0:05:02.051034: phb 1.4090278283605076
0:05:02.213290: phb 1.400781540786649
0:05:02.229340: phb 1.3679660333235262
0:05:02.245331: phb 1.3328730814829064
0:05:02.260990: phb 1.3126482021658887
0:05:02.277077: phb 1.2777150544232845
0:05:02.292877: phb 1.2366466257256585
0:05:02.308546: phb 1.2124685652135998
0:05:02.324146: phb 1.1787728745543935
0:05:02.324146: phb 1.1729024514468578
0:05:03.214929: phb 1.224750915885767
0:05:03.277809: phb 1.210183191898961
0:05:03.478789: phb 1.2356752530900368
0:05:03.495687: phb 1.2791741786688726
0:05:03.510694: phb 1.3398583072581045
0:05:03.526946: phb 1.4035622405088801
0:05:03.526946: phb 1.4406573300376455
0:05:11.397785: phb 1.255562781337485
0:05:11.414365: phb 1.2934646628799213
0:05:11.476515: phb 1.311841378497986
0:05:11.492109: phb 1.3441706745959316
0:05:11.507722: phb 1.390409697352536
0:05:11.523469: phb 1.494201061006679
0:05:11.539030: phb 1.6105080257333584
0:05:11.539030: phb 1.6520435481759284
0:05:11.554499: phb 1.7076994789302107
0:05:11.570280: phb 1.8028925376165723
0:05:11.585852: phb 1.8898105899858535
0:05:11.607769: phb 1.9864809837942645
0:05:11.617397: phb 2.086148465450683
0:05:11.633207: phb 2.172785219706467
0:05:11.648816: phb 2.2436289806296084
0:05:11.664284: phb 2.3083138332423987
0:05:11.679914: phb 2.3844514956951732
0:05:11.711927: phb 2.4765292998828667
0:05:11.727727: phb 2.51077525026385
0:05:11.744295: phb 2.581874564302172
0:05:11.757796: phb 2.6225916580351014
0:05:11.774636: phb 2.6689097887904025
0:05:11.790264: phb 2.7089901834779764
0:05:11.806061: phb 2.727915867033468
0:05:11.823148: phb 2.7427566125535168
0:05:11.837684: phb 2.7651546328526515
0:05:11.858098: phb 2.7792104486625924
0:05:14.163898: phb 2.3542726140822783
0:05:14.211398: phb 2.397826137498995
0:05:14.215980: phb 2.432549832797962
0:05:14.243323: phb 2.4498487633715964
0:05:14.259231: phb 2.4670916644950505
0:05:14.274893: phb 2.5085807274002114
0:05:14.281447: phb 2.532301932860584
0:05:14.306918: phb 2.571687045475391
0:05:14.324632: phb 2.6038556320472575
0:05:14.326018: phb 2.6254720737305393
0:05:14.339030: phb 2.641049503275491
0:05:14.346079: phb 2.6518008223156553
0:05:14.355241: phb 2.6768490500430686
0:05:14.370474: phb 2.7167231643348675
0:05:14.386158: phb 2.745874896343086
0:05:14.414284: phb 2.774346051370281
0:05:14.430636: phb 2.7985005467271935
0:05:14.438289: phb 2.8122792712846394
0:05:14.455331: phb 2.8328203845532323
0:05:14.518233: phb 2.8431944613398548
0:05:14.533699: phb 2.8536342069378025
0:05:14.596950: phb 2.8881016383049727
0:05:14.613013: phb 2.9038358588502873
0:05:14.629064: phb 2.924746840714747
0:05:14.660973: phb 2.962266985159794
0:05:14.692855: phb 2.984635719322868
0:05:14.708586: phb 3.0052853878901
0:05:14.740489: phb 3.0182318422527312
0:05:14.756809: phb 3.02841985239154
0:05:22.683630: phb 2.6019310391975234
0:05:22.699611: phb 2.5801810139390855
0:05:22.723584: phb 2.5377062254519784
0:05:22.841665: phb 2.5167704288849695
0:05:22.857900: phb 2.488839102769667
0:05:22.877582: phb 2.4710605402384904
0:05:22.893951: phb 2.4514996752693725
0:05:22.909146: phb 2.4244763345956675
0:05:22.924782: phb 2.354337106450224
0:05:22.940585: phb 2.2964987471796787
0:05:22.940585: phb 2.2190691640269753
0:05:22.956214: phb 2.184034925561204
0:05:22.972227: phb 2.13308509490095
0:05:22.994082: phb 2.045894822573679
0:05:23.003972: phb 1.9374104514202424
0:05:23.019776: phb 1.86875663222773
0:05:25.089350: phb 1.9286830832047168
0:05:25.121094: phb 1.913088712688253
0:05:25.138036: phb 1.8803104258582233
0:05:25.152708: phb 1.8394860793265604
0:05:25.168344: phb 1.7977223991892588
0:05:25.184074: phb 1.7551378895717789
0:05:25.200581: phb 1.7118676306928926
0:05:25.224382: phb 1.6560970899193808
0:05:25.231438: phb 1.6335538018742755
0:05:35.548651: phb 1.7004819294834157
0:05:35.559564: phb 1.7135683577762775
0:05:35.671345: phb 1.6999676362932028
0:05:35.890535: phb 1.6814932278418324
0:05:35.906380: phb 1.6589902614291872
0:05:35.922399: phb 1.6349446742145162
0:05:35.944944: phb 1.6238714605790343
0:05:35.954109: phb 1.612325311387152
0:05:35.985614: phb 1.5792886324792463
0:05:36.001311: phb 1.5575498212254442
0:05:36.018959: phb 1.536200232033413
0:05:36.036123: phb 1.5254644787462837
0:05:36.052366: phb 1.5040277388150207
0:05:36.065171: phb 1.4826522700686346
0:05:36.085755: phb 1.4719930314093879
0:05:36.130645: phb 1.4401604225672031
0:05:36.145896: phb 1.4296049197984695
0:05:36.160417: phb 1.4190819565188892
0:05:41.588244: freq 0.35
0:05:41.713953: freq 0.4
0:05:41.761982: freq 0.45
0:05:41.871576: freq 0.5
0:06:06.282101: amp 52
0:06:06.361253: amp 54
0:06:06.377047: amp 56
0:06:06.413120: amp 57
0:06:06.440149: amp 58
0:06:06.487902: amp 59
0:06:06.598327: amp 60
0:06:06.692686: amp 61
0:06:06.903426: amp 62
0:06:07.153429: amp 63
0:06:16.454729: amp 69
0:06:16.596191: amp 66
0:06:16.627923: amp 65
0:06:16.644063: amp 63
0:06:16.659859: amp 62
0:06:16.675407: amp 59
0:06:16.697307: amp 57
0:06:16.707354: amp 54
0:06:16.724147: amp 52
0:06:16.739162: amp 50
0:06:16.754838: amp 48
0:06:16.770860: amp 46
0:06:16.786731: amp 44
0:06:16.802537: amp 42
0:06:16.818151: amp 40
0:06:16.833965: amp 38
0:06:16.849761: amp 37
0:06:16.881572: amp 36
0:06:16.897931: amp 35
0:06:16.913421: amp 34
0:06:16.931896: amp 33
0:06:16.948413: amp 32
0:06:16.955512: amp 30
0:06:16.987311: amp 28
0:06:17.002980: amp 27
0:06:17.018735: amp 26
0:06:17.034357: amp 25
0:06:17.049891: amp 24
0:06:17.066143: amp 23
0:06:17.112630: amp 22
0:06:17.130194: amp 21
0:06:17.146785: amp 20
0:06:17.177361: amp 19
0:06:17.193185: amp 18
0:06:17.210925: amp 17
0:06:17.226433: amp 16
0:06:17.257044: amp 15
0:06:17.304766: amp 14
0:06:17.368061: amp 13
0:06:17.416333: amp 12
0:06:17.489226: amp 11
0:06:22.404451: amp 13
0:06:22.560720: amp 16
0:06:22.576133: amp 18
0:06:22.591759: amp 20
0:06:22.607520: amp 22
0:06:22.623733: amp 25
0:06:22.638742: amp 28
0:06:22.654375: amp 31
0:06:22.671048: amp 34
0:06:22.686221: amp 37
0:06:22.717492: amp 40
0:06:22.719173: amp 42
0:06:22.734419: amp 44
0:06:22.764853: amp 46
0:06:22.778349: amp 47
0:06:22.788953: amp 49
0:06:22.806128: amp 50
0:06:22.820835: amp 51
0:06:22.836547: amp 52
0:06:22.867885: amp 53
0:06:22.883357: amp 54
0:06:22.931070: amp 55
0:06:22.993522: amp 56
0:06:23.024651: amp 57
0:06:23.056083: amp 58
0:06:49.559100: phb 1.2733265004159897
0:06:49.622218: phb 1.2849383006201982
0:06:49.669586: phb 1.3232465570695038
0:06:49.685360: phb 1.3495555657552893
0:06:49.707923: phb 1.3662437969186128
0:06:49.716834: phb 1.3915651772509154
0:06:49.763870: phb 1.4147102140785581
0:06:49.779501: phb 1.4380261279372712
0:06:49.787522: phb 1.4614870585476472
0:06:49.814351: phb 1.485069404535238
0:06:49.830144: phb 1.5206152486131843
0:06:49.845621: phb 1.5562884082765405
0:06:49.845621: phb 1.568192527898171
0:06:49.865175: phb 1.5919985178948508
0:06:49.877296: phb 1.6157815891382112
0:06:49.892934: phb 1.6631666960248888
0:06:49.908711: phb 1.674957099281249
0:06:49.924361: phb 1.6999676362932028
0:06:49.939919: phb 1.7235878045867292
0:06:49.955585: phb 1.7632168964047223
0:06:49.971216: phb 1.7750823099586204
0:06:49.986866: phb 1.7986382967811638
0:06:50.002496: phb 1.8131997649283127
0:06:50.018156: phb 1.8366193000523485
0:06:50.049242: phb 1.8515498278493616
0:06:50.080534: phb 1.8667318276127542
0:06:50.080534: phb 1.8784199729144597
0:06:50.112172: phb 1.9015345870813307
0:06:50.131895: phb 1.9129579621843535
0:06:50.160028: phb 1.939845589369153
0:06:50.176119: phb 1.9622399155886723
0:06:50.191912: phb 1.989059551960748
0:06:50.223137: phb 2.010817519380231
0:06:50.238790: phb 2.026748816411024
0:06:50.254369: phb 2.048017583901554
0:06:50.270066: phb 2.074482033199981
0:06:50.301309: phb 2.1008919565624926
0:06:50.333563: phb 2.111027038072121
0:06:50.348046: phb 2.1371612570621745
0:06:50.356149: phb 2.1469887463569033
0:06:50.373941: phb 2.163153970485825
0:06:50.419522: phb 2.1889735989674617
0:06:50.466939: phb 2.1983974663658556
0:06:50.529249: phb 2.2145881120294075
0:06:56.203217: phb 2.2964987471796787
0:06:56.234468: phb 2.265075767834576
0:06:56.270830: phb 2.184034925561204
0:06:56.282433: phb 2.0879776065267452
0:06:56.298092: phb 2.0145286776473257
0:06:56.315095: phb 1.9789227264775102
0:06:56.330056: phb 1.9310084061844144
0:06:56.345979: phb 1.8874155094595084
0:06:56.363551: phb 1.8324682685634794
0:06:56.377555: phb 1.76988348136286
0:06:56.393687: phb 1.6896844921930076
0:06:56.409466: phb 1.6233051032671986
0:06:56.425192: phb 1.586698993115486
0:06:56.441446: phb 1.551164436333313
0:06:56.463995: phb 1.5250502727165098
0:06:56.472609: phb 1.4901059147908504
0:06:56.496814: phb 1.4563530140791698
0:06:56.504324: phb 1.4136785489995036
0:06:56.520061: phb 1.379941532941328
0:06:56.535747: phb 1.3466392631403508
0:06:57.111305: phb 0.861684285315933
0:06:57.143346: phb 0.8378634340308789
0:06:57.158995: phb 0.8201655904103399
0:06:57.174802: phb 0.8081429754474244
0:06:57.206088: phb 0.7840825859423117
0:06:57.232912: phb 0.7659187785315339
0:06:57.241507: phb 0.7475474567794432
0:06:57.257332: phb 0.7353923729012202
0:06:57.288832: phb 0.710217325690641
0:06:57.304455: phb 0.6979700017516954
0:06:57.319854: phb 0.6789978895965469
0:06:57.335658: phb 0.6667492033514973
0:07:08.365957: phb 0.7437385457811347
0:07:08.444832: phb 0.7700141750177627
0:07:08.461056: phb 0.7826710608425523
0:07:08.476861: phb 0.807058996614482
0:07:08.493204: phb 0.830266162879838
0:07:08.509690: phb 0.8648056844677956
0:07:08.525779: phb 0.8983624072975915
0:07:08.534894: phb 0.9309050948102139
0:07:08.571692: phb 0.953276351022629
0:07:08.571692: phb 0.9754801417416608
0:07:08.571692: phb 1.0059787695564644
0:07:08.587159: phb 1.0408875290021793
0:07:08.602926: phb 1.0971124831868484
0:07:08.618591: phb 1.1320184557385327
0:07:08.634064: phb 1.1668638969696472
0:07:08.665439: phb 1.207095133968309
0:07:08.681046: phb 1.2266872777650706
0:07:08.681046: phb 1.255562781337485
0:07:08.696673: phb 1.2702091201181773
0:07:08.727865: phb 1.2849910178163102
0:07:08.743568: phb 1.314937017910622
0:07:08.759193: phb 1.3300921705032445
0:07:08.774678: phb 1.3488217664232485
0:07:08.790401: phb 1.3671173924842612
0:07:08.806063: phb 1.3972672959975838
0:07:08.821688: phb 1.4148611359356493
0:07:08.837281: phb 1.4450224203477766
0:07:08.853012: phb 1.4618542948413047
0:07:08.882477: phb 1.4768506002476622
0:07:08.895436: phb 1.508835314389478
0:07:08.912174: phb 1.523497530885002
0:07:08.928979: phb 1.5676717722474134
0:07:08.943643: phb 1.6099492646053963
0:07:08.962689: phb 1.6520435481759284
0:07:08.979112: phb 1.6799557242012868
0:07:08.997466: phb 1.705821345528159
0:07:09.008214: phb 1.732987988753637
0:07:09.024096: phb 1.7599152931130542
0:07:09.040067: phb 1.7732786750843925
0:07:09.055876: phb 1.7997814158976304
0:07:09.071459: phb 1.8129140224720073
0:07:09.087023: phb 1.8389205766985324
0:07:09.112921: phb 1.8517887154573194
0:07:09.119112: phb 1.8645619765896628
0:07:09.137523: phb 1.8857254417081413
0:07:09.153728: phb 1.898059752526514
0:07:09.166847: phb 1.9224176419665533
0:07:09.198261: phb 1.93443781222505
0:07:09.213896: phb 1.9463479274494793
0:07:09.231039: phb 1.9698361651202763
0:07:09.245933: phb 1.9814088920042725
0:07:09.262495: phb 2.004208831905137
0:07:09.293451: phb 2.026536664019051
0:07:09.309383: phb 2.04838632458402
0:07:09.325467: phb 2.0591306904876454
0:07:09.389101: phb 2.0697537887758832
0:07:09.457236: phb 2.090634090181119
0:07:09.520583: phb 2.111027038072121
0:07:09.552426: phb 2.1210413036511486
0:07:09.630628: phb 2.140704619580753
0:07:09.693843: phb 2.1598854879883858
0:07:09.756326: phb 2.1877587415360584
0:07:09.771961: phb 2.1968126747308068
0:07:09.850897: phb 2.214571987130367
0:07:09.897967: phb 2.231869493184561
0:07:09.931667: phb 2.248713782021227
0:07:09.964613: phb 2.273149303045111
0:07:09.980648: phb 2.2810775210752245
0:07:10.059070: phb 2.2966144787307834
0:07:22.677019: amp 60
0:07:24.045241: amp 61
0:07:24.187321: amp 57
0:07:24.218997: amp 56
0:07:24.235817: amp 55
0:07:24.277383: amp 54
0:07:24.293055: amp 53
0:07:24.325002: amp 52
0:07:24.372045: amp 51
0:07:24.450177: amp 50
0:07:24.637678: amp 49
0:07:25.421958: amp 50
0:07:25.673195: amp 51
0:07:59.198839: phb 2.4746658759997238
0:07:59.248657: phb 2.4652068293642433
0:07:59.253718: phb 2.448253914070753
0:07:59.269389: phb 2.429988773998785
0:07:59.301332: phb 2.3877521039624003
0:07:59.316708: phb 2.3710646250925476
0:07:59.332501: phb 2.3379774948319376
0:07:59.332501: phb 2.3137157237894286
0:07:59.348062: phb 2.281252996046969
0:07:59.363599: phb 2.2665283884105603
0:07:59.394900: phb 2.252305999629455
0:07:59.410538: phb 2.229943985560316
0:07:59.426195: phb 2.223277497775931
0:07:59.441810: phb 2.201646667419505
0:07:59.457420: phb 2.1891625741359215
0:07:59.473072: phb 2.1598024857465363
0:07:59.488600: phb 2.1395955905584745
0:07:59.504263: phb 2.1057822318617734
0:07:59.519914: phb 2.091801939642874
0:07:59.535558: phb 2.0779258788337915
0:07:59.551232: phb 2.050506296556633
0:07:59.566746: phb 2.0235522331368268
0:07:59.583230: phb 2.010259081525103
0:07:59.615842: phb 1.9880431705954806
0:07:59.630532: phb 1.9749992187578547
0:07:59.661929: phb 1.95667916783018
0:07:59.678001: phb 1.9345129286681253
0:07:59.711773: phb 1.9124447844007595
0:07:59.728485: phb 1.9030689056614807
0:07:59.779056: phb 1.8904948422293577
0:07:59.857553: phb 1.8686839676202613
0:07:59.878838: phb 1.8564506064199098
0:07:59.920378: phb 1.8349910045092566
0:07:59.983498: phb 1.8160727454649002
0:08:00.061458: phb 1.7969727401842486
0:08:00.077144: phb 1.7873593601889732
0:08:00.124804: phb 1.7680098592996465
0:08:00.187921: phb 1.748510487928764
0:08:00.219077: phb 1.728873586963033
0:08:00.234979: phb 1.7190074111097624
0:08:00.296516: phb 1.6991903289778987
0:08:00.419964: phb 1.678193913955773
0:08:11.226693: freq 0.55
0:08:11.320387: freq 0.45
0:08:11.351970: freq 0.4
0:08:11.398899: freq 0.35
0:08:11.461641: freq 0.3
0:08:11.524237: freq 0.25
0:08:11.649843: freq 0.2
0:08:19.328172: amp 56
0:08:19.415058: amp 54
0:08:19.446979: amp 53
0:08:19.479468: amp 52
0:08:19.509939: amp 51
0:08:19.525938: amp 50
0:08:19.541696: amp 49
0:08:19.559774: amp 48
0:08:19.575350: amp 47
0:08:19.589509: amp 46
0:08:19.605309: amp 45
0:08:19.620802: amp 44
0:08:19.636523: amp 43
0:08:19.659154: amp 42
0:08:19.668345: amp 41
0:08:19.700012: amp 40
0:08:19.732880: amp 39
0:08:19.747842: amp 38
0:08:19.763816: amp 37
0:08:19.780451: amp 36
0:08:19.811462: amp 35
0:08:19.827279: amp 34
0:08:19.843322: amp 33
0:08:19.858991: amp 32
0:08:19.900180: amp 31
0:08:19.916634: amp 30
0:08:19.925290: amp 29
0:08:19.941021: amp 28
0:08:19.987954: amp 27
0:08:30.727608: phb 1.7907655995675222
0:08:30.743638: phb 1.8304266976486572
0:08:30.759433: phb 1.8862442507741202
0:08:30.775077: phb 1.939845589369153
0:08:30.790646: phb 1.9828575537312012
0:08:30.806318: phb 2.010170970215053
0:08:30.884921: phb 1.9828575537312012
0:08:30.900500: phb 1.939845589369153
0:08:30.915968: phb 1.8976414254888143
0:08:30.932430: phb 1.8417825356204751
0:08:30.963382: phb 1.7770141141042572
0:08:30.979173: phb 1.7261397269241612
0:08:30.996113: phb 1.6680582990719157
0:08:31.010794: phb 1.6221624186373433
0:08:31.033529: phb 1.5895441269820967
0:08:31.050027: phb 1.537625848785609
0:08:31.066222: phb 1.50806337277419
0:08:31.075312: phb 1.4887938019064542
0:08:31.113740: phb 1.4689623822464493
0:08:31.270302: phb 1.4515730237142783
0:08:31.940855: phb 1.5686932582576507
0:08:32.174334: phb 1.559078114911631
0:08:32.205581: phb 1.540151438739415
0:08:32.253499: phb 1.5211353705664794
0:08:32.253499: phb 1.4926823317318498
0:08:32.284768: phb 1.4840456143105598
0:08:32.300489: phb 1.4746900838091404
0:08:32.316178: phb 1.4560319880148709
0:08:33.429759: amp 22
0:08:33.664105: amp 26
0:08:33.702864: amp 27
0:08:33.705983: amp 28
0:08:33.737840: amp 29
0:08:33.753480: amp 30
0:08:33.784732: amp 31
0:08:33.816131: amp 32
0:08:33.847412: amp 33
0:08:33.895334: amp 34
0:08:33.942796: amp 35
0:08:33.974514: amp 36
0:08:34.021490: amp 37
0:08:34.069061: amp 38
0:08:34.100130: amp 39
0:08:34.147689: amp 40
0:08:34.393908: amp 41
0:08:34.487697: amp 42
0:08:34.643935: amp 43
0:08:34.745652: amp 44
0:09:06.730302: phb 0.6142868934190898
0:09:06.730302: phb 0.64940632513761
0:09:06.745831: phb 0.6670998314061551
0:09:06.761362: phb 0.7041530171152264
0:09:06.777030: phb 0.7401349371551971
0:09:06.792783: phb 0.7748204509675705
0:09:06.808911: phb 0.8091206038291751
0:09:06.829708: phb 0.8431851164021962
0:09:06.856566: phb 0.8921988441624743
0:09:06.872390: phb 0.9067384382446486
0:09:06.894694: phb 0.9229612314195305
0:09:06.903712: phb 0.9458582686067696
0:09:06.920712: phb 0.9524791469614732
0:09:06.982227: phb 0.9745565395035636
0:09:06.982227: phb 0.9900396932569703
0:09:07.029013: phb 1.0054253844939092
0:09:07.091656: phb 1.0301978843098722
0:09:07.326601: phb 0.9932942118232626
0:09:07.342174: phb 0.9775761111930189
0:09:07.357854: phb 0.9551842670575184
0:09:07.373308: phb 0.939112964216679
0:09:07.388984: phb 0.9159230675307909
0:09:07.420391: phb 0.8830846193247217
0:09:07.436459: phb 0.8589218929897002
0:09:07.483839: phb 0.8351016234317893
0:09:07.499590: phb 0.8095330142376487
0:09:07.515267: phb 0.7921787750237059
0:09:07.547214: phb 0.7656292156672456
0:09:07.563310: phb 0.7478214513956923
0:09:07.579030: phb 0.7385094067288587
0:09:07.610348: phb 0.719399290318535
0:09:07.956075: phb 0.43303779389594466
0:09:08.013133: phb 0.4505533653780473
0:09:08.019242: phb 0.4682856139080077
0:09:08.035101: phb 0.5160447722162962
0:09:08.050755: phb 0.5937754943250111
0:09:08.082194: phb 0.6729662158383045
0:09:08.082194: phb 0.7656292156672456
0:09:08.113341: phb 0.8184915414534396
0:09:08.128981: phb 0.8771160365888341
0:09:08.144671: phb 0.9252399657076319
0:09:08.160146: phb 0.980693304918621
0:09:08.175914: phb 1.0089082260791267
0:09:08.191539: phb 1.0509265232483809
0:09:08.213196: phb 1.071098615602769
0:09:08.223383: phb 1.1050676267226385
0:09:08.239066: phb 1.1283452733690365
0:09:08.254696: phb 1.1515512765671478
0:09:08.273122: phb 1.1692202080257117
0:09:08.302394: phb 1.1957486263428156
0:09:08.302394: phb 1.2182262812284659
0:09:08.318259: phb 1.243825284419612
0:09:08.349544: phb 1.2753429855045535
0:09:08.365759: phb 1.3213662136637203
0:09:08.365759: phb 1.346975931460674
0:09:08.381554: phb 1.3676316945772662
0:09:08.412677: phb 1.3897644314055417
0:09:08.428380: phb 1.4112419120240742
0:09:08.444069: phb 1.430803941571282
0:09:08.459997: phb 1.4511993857549477
0:09:08.475836: phb 1.4611591410737303
0:09:08.491383: phb 1.4806102316873797
0:09:08.507033: phb 1.4988270497762664
0:09:08.569536: phb 1.5172379526857145
0:09:08.585509: phb 1.543055866625217
0:09:08.913465: phb 0.2998555255954375
0:09:08.961191: phb 0.26524538580820245
0:09:08.976984: phb 0.21781371563070467
0:09:08.993067: phb 0.16752761785599832
0:09:09.008857: phb 0.077937957654229
0:09:09.025133: phb 6.283184357831123
0:09:09.041789: phb 6.077875527920395
0:09:09.056818: phb 6.022393459392461
0:09:09.072589: phb 5.917880350921415
0:09:09.088080: phb 5.788450192878202
0:09:09.103703: phb 5.592017519433182
0:09:09.135319: phb 5.501820295760753
0:09:09.137031: phb 5.40818536285657
0:09:09.151044: phb 5.312619421315795
0:09:09.167270: phb 5.229955223331565
0:09:09.198649: phb 5.133253268564866
0:09:09.214464: phb 5.07350577265742
0:09:09.230107: phb 4.988967728948085
0:09:09.246166: phb 4.930967012082782
0:09:09.266907: phb 4.905069972136741
0:09:09.279279: phb 4.874601529889536
0:09:09.299854: phb 4.8229558966681
0:09:09.310459: phb 4.770709297721697
0:09:09.326259: phb 4.744450345782901
0:09:09.342135: phb 4.718144690367076
0:09:09.357910: phb 4.691831068530467
0:09:09.482816: phb 4.719016737246585
0:09:09.499932: phb 4.831040656004655
0:09:09.515256: phb 5.102285653562042
0:09:09.531050: phb 5.635537143370714
0:09:09.546681: phb 6.283182925319831
0:09:09.566587: phb 0.3697858477092891
0:09:09.578257: phb 0.6094149930472035
0:09:09.594228: phb 0.715456024915801
0:09:09.616656: phb 0.823366462381051
0:09:09.626335: phb 0.8775305387316281
0:09:09.642482: phb 0.9513537457850656
0:09:09.658191: phb 0.9765546764999622
0:09:09.673748: phb 1.0125379210675802
0:09:09.689524: phb 1.0508563329804048
0:09:09.705780: phb 1.079303246368372
0:09:09.721603: phb 1.105017369068404
0:09:09.741359: phb 1.132751450858931
0:09:09.753417: phb 1.15360168307663
0:09:09.769635: phb 1.161427616970398
0:09:09.785433: phb 1.1813606920099904
0:09:09.834756: phb 1.2004131097280872
0:09:09.840877: phb 1.2186283104756273
0:09:09.849640: phb 1.2415474937581186
0:09:09.881574: phb 1.269206100164315
0:09:09.912866: phb 1.2930451680893247
0:09:39.580293: amp 46
0:09:39.846715: amp 49
0:09:39.862241: amp 50
0:09:40.206887: amp 51
0:09:40.331911: amp 52
0:09:40.410013: amp 53
0:09:40.488111: amp 54
0:09:40.519293: amp 55
0:09:40.597464: amp 56
0:10:22.708319: freq 0.65
0:10:22.818185: freq 0.8
0:10:22.833896: freq 0.85
0:10:22.880932: freq 0.9
0:10:25.992928: freq 0.95
0:10:26.039937: freq 0.9
0:10:26.086793: freq 0.85
0:10:26.117911: freq 0.8
0:10:26.165092: freq 0.75
0:10:26.196041: freq 0.7
0:10:26.227417: freq 0.65
0:10:26.258705: freq 0.6
0:10:26.289911: freq 0.55
0:10:26.368090: freq 0.5
0:10:26.493089: freq 0.45
0:11:12.670488: freq 0.5
0:11:12.906021: freq 0.55
0:11:13.016114: freq 0.6
0:11:13.141881: freq 0.65
0:11:17.066096: freq 0.7
0:11:17.316260: freq 0.75
0:11:17.362951: freq 0.8
0:11:17.378728: freq 0.85
0:11:17.394350: freq 0.85
0:11:17.409977: freq 0.9
0:11:17.441268: freq 0.95
0:11:17.472325: freq 1
