0:03:50.141933: off 93
0:03:50.266747: off 99
0:03:50.282354: off 103
0:03:50.301444: off 105
0:03:50.314483: off 109
0:03:50.330293: off 113
0:03:50.346506: off 117
0:03:50.363578: off 121
0:03:50.379919: off 123
0:03:50.395823: off 127
0:03:50.410847: off 131
0:03:50.426748: off 135
0:03:50.442848: off 138
0:03:50.468117: off 140
0:03:50.475777: off 144
0:03:50.493206: off 147
0:03:50.506972: off 151
0:03:50.539173: off 152
0:03:50.554438: off 155
0:03:50.559467: off 158
0:03:50.584485: off 161
0:03:50.602843: off 163
0:03:50.618857: off 166
0:03:50.635228: off 169
0:03:50.651401: off 171
0:03:50.668277: off 174
0:03:50.676546: off 175
0:03:50.692172: off 177
0:03:50.707820: off 179
0:03:50.723711: off 180
0:04:32.401237: amp 4
0:04:32.733303: amp 6
0:04:32.762136: amp 7
0:04:32.842690: amp 8
0:04:32.936152: amp 9
0:04:33.015728: amp 10
0:04:33.076306: amp 11
0:04:33.113914: amp 12
0:04:33.160597: amp 13
0:04:33.176378: amp 14
0:04:33.242075: amp 15
0:04:33.304728: amp 16
0:04:33.351186: amp 17
0:04:33.415765: amp 18
0:04:33.510729: amp 19
0:04:33.614750: amp 20
0:04:33.762832: amp 21
0:04:33.881539: amp 22
0:04:34.038400: amp 23
0:04:34.206709: amp 24
0:04:34.317119: amp 25
0:04:34.427319: amp 26
0:04:34.474334: amp 27
0:04:34.552353: amp 28
0:04:34.603705: amp 29
0:04:34.649083: amp 30
0:04:34.715589: amp 31
0:04:34.778511: amp 32
0:04:34.858743: amp 33
0:04:34.920503: amp 34
0:04:34.983419: amp 35
0:04:35.062278: amp 36
0:04:35.140892: amp 37
0:04:35.199190: amp 38
0:04:35.277689: amp 39
0:04:35.356517: amp 40
0:04:35.514035: amp 41
0:04:35.934035: amp 42
0:04:36.105778: amp 43
0:04:36.252764: amp 44
0:04:36.619180: amp 45
0:04:36.833286: amp 46
0:04:36.959492: amp 47
0:04:37.769053: amp 46
0:06:05.379764: amp 50
0:06:05.632030: amp 52
0:06:05.710169: amp 53
0:06:05.805219: amp 54
0:06:05.873173: amp 55
0:06:05.935595: amp 56
0:06:06.014018: amp 57
0:06:06.065202: amp 58
0:06:06.077791: amp 59
0:06:06.109190: amp 60
0:06:06.124682: amp 61
0:06:06.171570: amp 62
0:06:06.219232: amp 63
0:06:06.234697: amp 64
0:06:06.266100: amp 65
0:06:06.314151: amp 66
0:06:06.362298: amp 67
0:06:06.392874: amp 68
0:06:06.456237: amp 69
0:06:06.519715: amp 70
0:06:06.582510: amp 71
0:06:06.630103: amp 72
0:06:06.661446: amp 73
0:06:06.848888: amp 74
0:06:07.012837: amp 75
0:06:32.647223: amp 76
0:06:32.820992: amp 74
0:06:32.820992: amp 72
0:06:32.856750: amp 71
0:06:32.863964: amp 70
0:06:32.879604: amp 69
0:06:32.895228: amp 68
0:06:32.910858: amp 67
0:06:32.926659: amp 66
0:06:32.973940: amp 65
0:06:33.006014: amp 64
0:06:33.037024: amp 63
0:06:33.068287: amp 62
0:06:33.083750: amp 61
0:06:33.099845: amp 60
0:06:33.115911: amp 59
0:06:33.131727: amp 58
0:06:33.147578: amp 57
0:06:33.163215: amp 56
0:06:33.178989: amp 55
0:06:33.194795: amp 54
0:06:33.226045: amp 53
0:06:33.304234: amp 52
0:06:33.399162: amp 51
0:06:33.540411: amp 50
0:07:34.724001: phb 0.4519356763275641
0:07:34.818081: phb 0.4729514678552363
0:07:34.834177: phb 0.49352578480706333
0:07:34.851639: phb 0.5036450910033909
0:07:34.883834: phb 0.5235505521548083
0:07:34.900306: phb 0.5620189955370493
0:07:34.915521: phb 0.6048746922343261
0:07:34.931326: phb 0.6313606341482699
0:07:34.951316: phb 0.6484677640827595
0:07:34.962832: phb 0.6716529935159664
0:07:34.984076: phb 0.7026204597087367
0:07:35.009133: phb 0.7251363686295105
0:07:35.027226: phb 0.7626093355897359
0:07:35.058846: phb 0.7908531620764448
0:07:35.061200: phb 0.7977488885599839
0:07:35.090614: phb 0.8178642604880163
0:07:35.137434: phb 0.830812077675691
0:07:35.675603: phb 0.5388150092926488
0:07:35.707582: phb 0.5509598360224155
0:07:35.739226: phb 0.5747132422501049
0:07:35.770984: phb 0.6090170656164583
0:07:35.786676: phb 0.6310147356505414
0:07:35.802808: phb 0.6627299111614943
0:07:35.818643: phb 0.6729662158383045
0:07:35.834215: phb 0.7026985683879912
0:07:35.850240: phb 0.7401349371551971
0:07:35.867799: phb 0.7579455697584467
0:07:35.882479: phb 0.7919512834000907
0:07:35.898385: phb 0.8083388339899773
0:07:35.920978: phb 0.832665292038229
0:07:35.937454: phb 0.8639783131805263
0:07:35.937454: phb 0.8941532229709175
0:07:35.969032: phb 0.9010678315809095
0:07:36.000790: phb 0.9297321901003812
0:07:36.016898: phb 0.9361531607631072
0:07:36.095908: phb 0.9633583058831078
0:07:36.128121: phb 0.9779716365930912
0:07:36.160177: phb 0.9925013626163953
0:07:36.191345: phb 1.006943193732953
0:07:36.348361: phb 0.9895010976521631
0:07:36.363994: phb 0.9724490016296392
0:07:36.379607: phb 0.9475967290286078
0:07:36.395065: phb 0.9176163916118227
0:07:36.410785: phb 0.9036754996789716
0:07:36.426486: phb 0.8669072524917172
0:07:36.452933: phb 0.83856482925926
0:07:36.484763: phb 0.8174293990834177
0:07:36.500340: phb 0.8105645727522998
0:07:36.531597: phb 0.7904971373162974
0:07:36.563547: phb 0.7711963767590554
0:07:36.579487: phb 0.758740733184495
0:07:36.626571: phb 0.7406522110847827
0:07:41.567856: phb 0.16752761785599832
0:07:41.599708: phb 0.16057197480952284
0:07:41.615532: phb 0.14509236851001148
0:07:41.631337: phb 0.11840089404841125
0:07:41.663007: phb 0.15016245775955875
0:07:41.679013: phb 0.23870980289507177
0:07:41.694941: phb 0.3659759563465617
0:07:41.720401: phb 0.7336101816908228
0:07:41.727008: phb 1.0235153360269371
0:07:41.761963: phb 1.4980174903250982
0:07:41.769458: phb 1.7636960548469798
0:07:42.579954: phb 1.6461991584760394
0:07:42.627407: phb 1.6252826866372525
0:07:42.643037: phb 1.5778990339593513
0:07:42.663980: phb 1.5158188756527058
0:07:43.374352: phb 1.6631666960248888
0:07:43.469132: phb 1.639512769166547
0:07:43.484708: phb 1.6157815891382112
0:07:43.500420: phb 1.5800973854909572
0:07:43.516321: phb 1.4968987208690505
0:07:43.532477: phb 1.4410789757697908
0:07:43.542619: phb 1.406945002678704
0:07:43.549896: phb 1.3754053471760523
0:07:43.564452: phb 1.3234794221800659
0:07:43.580503: phb 1.2916994730188107
0:07:43.596308: phb 1.2298885401090642
0:07:43.612803: phb 1.1939888989581096
0:07:43.628731: phb 1.1557368940164277
0:07:43.650365: phb 1.1370762620062327
0:07:43.666732: phb 1.0918189784280201
0:07:43.676164: phb 1.0742834238055716
0:07:43.692293: phb 1.0485930269789514
0:07:43.707927: phb 1.0318761915485266
0:07:43.739337: phb 1.0154862379761953
0:07:43.770627: phb 0.9915140371445235
0:07:43.786607: phb 0.9759382009421851
0:07:43.818067: phb 0.9606838652782622
0:07:43.833900: phb 0.9403760348269893
0:07:43.850588: phb 0.9330016549042728
0:07:43.890132: phb 0.9113535058473703
0:07:43.921544: phb 0.8987331241550205
0:07:44.125220: phb 0.9001906864907512
0:07:56.789167: phb 1.162357744372594
0:07:56.867597: phb 1.1385053562378364
0:07:56.900093: phb 1.1099301266785364
0:07:56.915584: phb 1.0898960560362354
0:07:56.931256: phb 1.0537338260429454
0:07:56.947105: phb 1.0380716868077309
0:07:56.963281: phb 1.0162090798195007
0:07:56.963281: phb 0.9937407957066586
0:07:58.180160: phb 1.2284974330796425
0:07:58.282466: phb 1.1816067443873628
0:07:58.298382: phb 1.1409253330797182
0:07:58.315846: phb 1.1049077225904456
0:07:58.331525: phb 1.079303246368372
0:07:58.346661: phb 1.0537338260429454
0:07:58.362456: phb 1.0380716868077309
0:07:58.378092: phb 1.0063694324357153
0:07:58.394547: phb 0.9903437098831002
0:07:58.440811: phb 0.9742102037040754
0:07:58.504058: phb 0.9646340704074176
0:07:58.520035: phb 0.9458582686067696
0:07:58.583441: phb 0.9229612314195305
0:07:58.630764: phb 0.9067384382446486
0:07:59.551232: phb 1.1050676267226385
0:07:59.598291: phb 1.0812892195659125
0:07:59.615842: phb 1.0616365560617955
0:07:59.630532: phb 1.0375890279661013
0:07:59.661929: phb 0.9897599902911365
0:07:59.678001: phb 0.9748752180047452
0:07:59.694405: phb 0.9536677633332707
0:07:59.719912: phb 0.9297321901003812
0:08:01.428647: phb 0.9786052711560371
0:08:01.502504: phb 0.9862092750804456
0:08:01.565850: phb 0.9810547833434554
0:08:01.581650: phb 0.9488245651134396
0:08:01.597293: phb 0.8806672174996443
0:08:01.629075: phb 0.83856482925926
0:08:01.629075: phb 0.8042877775039592
0:08:04.847734: phb 0.9891496703127549
0:08:04.880410: phb 0.9798297264639079
0:08:04.958205: phb 0.9673306420829024
0:08:04.974862: phb 0.9394034748568388
0:08:05.005720: phb 0.9161176781881084
0:08:05.010794: phb 0.8936354575998097
0:08:05.037920: phb 0.8628849433517313
0:08:05.055552: phb 0.8326003367898468
0:08:05.068358: phb 0.8134221887350243
0:08:05.075058: phb 0.7529684132324631
0:08:05.106653: phb 0.7221670988070038
0:08:05.122789: phb 0.6908567717184757
0:08:05.138605: phb 0.6705094586223358
0:08:05.154208: phb 0.638684893776949
0:08:05.171016: phb 0.6149289766261526
0:08:05.185744: phb 0.5943897184134943
0:08:05.201781: phb 0.5820789640014512
0:08:05.233046: phb 0.5568492995632184
0:08:05.248730: phb 0.5308003279960829
0:08:05.295823: phb 0.5039310670006324
0:08:05.311766: phb 0.4901879237341886
0:08:05.327432: phb 0.4620901936419277
0:08:05.359200: phb 0.4331836337549271
0:08:05.392688: phb 0.41843078731447975
0:08:05.407397: phb 0.4034818107138069
0:08:05.407397: phb 0.3883409752429581
0:08:05.453958: phb 0.3730088135087414
0:08:05.469594: phb 0.35174912971340305
0:08:05.485167: phb 0.33090127992980584
0:08:05.500820: phb 0.31545703285610893
0:09:04.597922: freq 0.25
0:09:04.754706: freq 0.3
0:09:05.696944: freq 0.35
0:09:05.853842: freq 0.4
0:09:05.981296: freq 0.45
0:09:12.890016: freq 0.5
0:09:13.015421: freq 0.6
0:09:19.823243: phb 0.4094289738231743
0:09:20.057054: phb 0.3793497810077854
0:09:20.072523: phb 0.347709170668873
0:09:20.089449: phb 0.32967937154504495
0:09:20.104170: phb 0.31196187300195455
0:09:20.120049: phb 0.294559835299908
0:09:20.135910: phb 0.2642549388856966
0:09:20.151560: phb 0.24755770380541625
0:09:20.167181: phb 0.23431693753627386
0:09:20.199527: phb 0.20758423829341516
0:09:20.231577: phb 0.19148072355254248
0:09:20.247203: phb 0.17810118990721782
0:09:20.294103: phb 0.15115351799274088
0:09:20.310159: phb 0.1375931184633241
0:09:20.325979: phb 0.12398160589498541
0:09:20.341532: phb 0.11032501355544294
0:09:20.388421: phb 0.08288995683015676
0:09:20.404124: phb 0.06818287200087907
0:09:20.426301: phb 0.05457635550207359
0:09:20.435813: phb 0.04039847746946302
0:09:20.498515: phb 0.013472674484406581
0:09:20.560986: phb 6.283184698602792
0:09:20.638978: phb 6.270066128887084
0:09:21.656788: phb 6.283184706587643
0:09:21.766233: phb 0.012949311364324657
0:09:21.955009: phb 0.03833461579454299
0:09:31.685271: phb 0.055364402559439585
0:09:31.748527: phb 0.06714886432500762
0:09:31.796120: phb 0.0894283189645811
0:09:31.811732: phb 0.11161811174702964
0:09:31.827202: phb 0.12267363333038833
0:09:31.858625: phb 0.13369809134609387
0:09:31.890327: phb 0.16656793726654123
0:09:31.921607: phb 0.1882861762247118
0:09:31.953366: phb 0.20982518505114292
0:09:31.969345: phb 0.2311684235394457
0:09:32.017211: phb 0.24176191187446372
0:12:15.517611: freq 0.95
0:12:16.158673: freq 0.9
0:12:16.268303: freq 0.85
0:12:16.379211: freq 0.8
0:12:16.440930: freq 0.75
0:12:16.504892: freq 0.7
0:12:16.535975: freq 0.65
0:12:16.583556: freq 0.6
0:12:16.646621: freq 0.55
0:12:16.662313: freq 0.5
0:12:16.724683: freq 0.45
0:12:16.771537: freq 0.4
0:12:16.802980: freq 0.35
0:12:16.850317: freq 0.3
0:12:16.897036: freq 0.25
0:12:16.944671: freq 0.2
0:12:17.007167: freq 0.15
0:12:17.069639: freq 0.1
0:12:17.117075: freq 0.05
0:12:17.180080: freq 0
0:12:18.759360: amp 52
0:12:18.852241: amp 50
0:12:18.899988: amp 49
0:12:18.899988: amp 47
0:12:18.913958: amp 46
0:12:18.916121: amp 44
0:12:18.931910: amp 42
0:12:18.963017: amp 40
0:12:18.963017: amp 38
0:12:18.978663: amp 36
0:12:19.009985: amp 33
0:12:19.033760: amp 32
0:12:19.042581: amp 30
0:12:19.057825: amp 28
0:12:19.073666: amp 26
0:12:19.089197: amp 24
0:12:19.104896: amp 22
0:12:19.120500: amp 20
0:12:19.136178: amp 18
0:12:19.151745: amp 16
0:12:19.167377: amp 15
0:12:19.182868: amp 13
0:12:19.198626: amp 11
0:12:19.214771: amp 9
0:12:19.230420: amp 8
0:12:19.246083: amp 6
0:12:19.277357: amp 4
0:12:19.293313: amp 2
0:12:19.309503: amp 0
0:12:21.079892: off 173
0:12:21.158764: off 169
0:12:21.174321: off 167
0:12:21.190609: off 166
0:12:21.206453: off 162
0:12:21.222035: off 160
0:12:21.237661: off 158
0:12:21.253790: off 156
0:12:21.269551: off 155
0:12:21.285214: off 152
0:12:21.300807: off 151
0:12:21.316543: off 149
0:12:21.347995: off 147
0:12:21.363592: off 145
0:12:21.379216: off 143
0:12:21.426074: off 141
0:12:21.442350: off 140
0:12:21.458783: off 138
0:12:21.473444: off 137
0:12:21.492994: off 136
0:12:21.509430: off 135
0:12:21.521125: off 134
0:12:21.536894: off 132
0:12:21.568533: off 131
0:12:21.584187: off 130
0:12:21.599930: off 129
0:12:21.615630: off 128
0:12:21.662343: off 127
0:12:21.678056: off 126
0:12:21.709317: off 125
0:12:21.724944: off 124
0:12:21.740432: off 122
0:12:21.756183: off 121
0:12:21.772845: off 119
0:12:21.803930: off 117
0:12:21.819537: off 116
0:12:21.835077: off 113
0:12:21.850767: off 112
0:12:21.866348: off 110
0:12:21.882036: off 108
0:12:21.897565: off 104
0:12:21.913191: off 103
0:12:21.929045: off 100
0:12:21.944854: off 97
0:12:21.976055: off 94
0:12:21.991575: off 92
0:12:22.007396: off 90
0:12:22.023033: off 88
0:12:22.038665: off 85
0:12:22.054286: off 84
0:12:22.069961: off 82
0:12:22.085722: off 80
0:12:22.101252: off 78
0:12:22.116864: off 76
0:12:22.132634: off 75
0:12:22.163917: off 74
0:12:22.179529: off 73
0:12:22.195082: off 72
0:12:22.242048: off 71
0:12:22.257610: off 70
0:12:22.273108: off 69
0:12:22.288919: off 68
0:12:22.304489: off 67
0:12:22.320005: off 66
0:12:22.351249: off 65
0:12:22.382623: off 64
0:12:22.460790: off 63
0:12:22.538923: off 62
0:12:22.617541: off 61
0:12:22.742565: off 62
0:12:22.789281: off 63
0:12:22.805002: off 64
0:12:22.820630: off 65
0:12:22.836264: off 66
0:12:22.851801: off 68
0:12:22.868293: off 69
0:12:22.883507: off 70
0:12:22.899243: off 71
0:12:22.914863: off 72
0:12:22.930480: off 73
0:12:22.961730: off 74
0:12:22.977315: off 75
0:12:23.008546: off 76
0:12:23.039959: off 77
0:12:23.086673: off 78
0:12:23.196166: off 79
0:12:23.305633: off 80
0:12:23.352452: off 81
0:12:23.414981: off 82
0:12:24.065267: off 83
0:12:24.284167: off 84
0:12:24.534176: off 85
0:12:24.924833: off 86
0:12:25.237291: off 87
0:12:25.377817: off 88
0:12:25.908992: off 89
0:12:26.081082: off 90
0:12:26.268546: off 91
0:12:26.502946: off 92
0:12:27.409209: off 91
0:12:27.690458: off 90
