0:49:06.260819: amp 1
0:49:06.636276: amp 3
0:49:06.651700: amp 4
0:49:06.746121: amp 5
0:49:06.856289: amp 6
0:49:06.966961: amp 7
0:49:06.998046: amp 8
0:49:07.045116: amp 9
0:49:07.091816: amp 10
0:49:07.107531: amp 11
0:49:07.138843: amp 12
0:49:07.189349: amp 13
0:49:07.265241: amp 14
0:49:07.343353: amp 15
0:49:07.391147: amp 16
0:49:07.531295: amp 17
0:49:07.704652: amp 18
0:49:07.845925: amp 19
0:49:08.098855: amp 20
0:49:08.317492: amp 21
0:49:08.536480: amp 22
0:49:08.990547: amp 23
0:49:09.443965: amp 24
0:49:09.616280: amp 25
0:49:09.725497: amp 26
0:49:09.992283: amp 27
0:49:10.179839: amp 28
0:49:22.729478: amp 30
0:49:23.104500: amp 33
0:49:23.182592: amp 34
0:49:23.245099: amp 35
0:49:23.385692: amp 36
0:49:23.588909: amp 37
0:49:23.792059: amp 38
0:49:24.167070: amp 39
0:49:25.199391: amp 40
0:49:25.605660: amp 41
0:49:25.730604: amp 42
0:49:25.824403: amp 43
0:49:26.277536: amp 44
0:49:28.074448: freq 0.35
0:49:28.308717: freq 0.3
0:49:28.528030: freq 0.25
0:49:28.777952: freq 0.2
0:49:38.172851: amp 39
0:49:38.313398: amp 36
0:49:38.313398: amp 35
0:49:38.344650: amp 34
0:49:38.360276: amp 33
0:49:38.375912: amp 31
0:49:38.391500: amp 30
0:49:38.422777: amp 29
0:49:38.438399: amp 28
0:49:38.454030: amp 27
0:49:38.485341: amp 26
0:49:38.547814: amp 25
0:49:38.657237: amp 24
0:49:39.579102: amp 23
0:49:39.657212: amp 22
0:49:39.782173: amp 21
0:49:39.891508: amp 20
0:49:40.126024: amp 21
0:49:40.157215: amp 22
0:49:40.172788: amp 23
0:49:40.188462: amp 25
0:49:40.204072: amp 26
0:49:40.219631: amp 27
0:49:40.235343: amp 29
0:49:40.266667: amp 30
0:49:40.282227: amp 31
0:49:40.313477: amp 32
0:49:40.329029: amp 33
0:49:40.344730: amp 34
0:49:40.360338: amp 35
0:49:40.376023: amp 36
0:49:40.407198: amp 37
0:49:40.422775: amp 38
0:49:40.454085: amp 39
0:49:40.500881: amp 40
0:49:40.532041: amp 41
0:49:40.594727: amp 42
0:49:40.672849: amp 43
0:49:40.782068: amp 44
0:49:41.235286: amp 45
0:49:41.360383: amp 46
0:49:41.579085: amp 47
0:49:41.860343: amp 48
0:49:58.061964: amp 45
0:49:58.077536: amp 44
0:49:58.093155: amp 43
0:49:58.124495: amp 42
0:49:58.139981: amp 41
0:49:58.155611: amp 40
0:49:58.171241: amp 39
0:49:58.186832: amp 38
0:49:58.218099: amp 37
0:49:58.218099: amp 36
0:49:58.265042: amp 35
0:49:58.280700: amp 34
0:49:58.296146: amp 33
0:49:58.343649: amp 32
0:49:58.359468: amp 31
0:49:58.375898: amp 30
0:49:58.390942: amp 29
0:49:58.406762: amp 28
0:49:58.422309: amp 27
0:49:58.438019: amp 26
0:49:58.453524: amp 25
0:49:58.500456: amp 24
0:49:58.516135: amp 23
0:49:58.531788: amp 22
0:49:58.547328: amp 21
0:49:58.562952: amp 20
0:49:58.578614: amp 19
0:49:58.594202: amp 18
0:49:58.609832: amp 17
0:49:58.625454: amp 16
0:49:58.641074: amp 15
0:49:58.657165: amp 14
0:49:58.673549: amp 13
0:49:58.688681: amp 12
0:49:58.704436: amp 11
0:49:58.720064: amp 9
0:49:58.752043: amp 8
0:49:58.782972: amp 7
0:49:58.830042: amp 6
0:49:58.861463: amp 5
0:49:58.908412: amp 4
0:49:58.939655: amp 3
0:49:58.986490: amp 2
0:49:59.033208: amp 1
0:49:59.080242: amp 0
0:50:33.013133: amp 4
0:50:33.247556: amp 7
0:50:33.263261: amp 8
0:50:33.294418: amp 9
0:50:33.341667: amp 10
0:50:33.372802: amp 11
0:50:33.435316: amp 12
0:50:33.482675: amp 13
0:50:33.529751: amp 14
0:50:33.607872: amp 15
0:50:33.656294: amp 16
0:50:33.701905: amp 17
0:50:33.748689: amp 18
0:50:33.811898: amp 19
0:50:33.875217: amp 20
0:50:33.937926: amp 21
0:50:33.984832: amp 22
0:50:34.047228: amp 23
0:50:34.125236: amp 24
0:50:34.172230: amp 25
0:50:34.265987: amp 26
0:50:34.344832: amp 27
0:50:34.439094: amp 28
0:50:34.533018: amp 29
0:50:34.579771: amp 30
0:50:34.642361: amp 31
0:50:34.720459: amp 32
0:50:34.829831: amp 33
0:50:34.924266: amp 34
0:50:34.987108: amp 35
0:50:35.080965: amp 36
0:50:35.174847: amp 37
0:50:35.284164: amp 38
0:50:35.362855: amp 39
0:50:35.597887: amp 40
0:50:35.754033: amp 41
0:50:35.879096: amp 42
0:50:36.097886: amp 43
0:50:36.301428: amp 44
0:50:36.410807: amp 45
0:50:36.614060: amp 46
0:50:36.879553: amp 47
0:51:12.303982: amp 42
0:51:12.429573: amp 38
0:51:12.429573: amp 37
0:51:12.445186: amp 36
0:51:12.460727: amp 34
0:51:12.476342: amp 31
0:51:12.491967: amp 30
0:51:12.507597: amp 28
0:51:12.523217: amp 26
0:51:12.538930: amp 24
0:51:12.570151: amp 22
0:51:12.570151: amp 20
0:51:12.585718: amp 19
0:51:12.601296: amp 18
0:51:12.632659: amp 17
0:51:12.648314: amp 16
0:51:12.663786: amp 15
0:51:12.679572: amp 14
0:51:12.695122: amp 13
0:51:12.710749: amp 12
0:51:12.726486: amp 11
0:51:12.741907: amp 10
0:51:12.757682: amp 9
0:51:12.773306: amp 8
0:51:12.788849: amp 7
0:51:12.804559: amp 6
0:51:12.820052: amp 5
0:51:12.867013: amp 4
0:51:12.867013: amp 3
0:51:12.899314: amp 2
0:51:12.914428: amp 1
0:51:12.930157: amp 0
0:51:13.523880: off 89
0:51:13.664552: off 80
0:51:13.664552: off 76
0:51:13.681070: off 72
0:51:13.696129: off 67
0:51:13.711869: off 63
0:51:13.727484: off 56
0:51:13.744003: off 52
0:51:13.760817: off 47
0:51:13.775002: off 45
0:51:13.790737: off 41
0:51:13.822024: off 37
0:51:13.822024: off 32
0:51:13.837694: off 28
0:51:13.853186: off 25
0:51:13.884553: off 22
0:51:13.900165: off 19
0:51:13.915833: off 17
0:51:13.931495: off 14
0:51:13.946947: off 12
0:51:13.962737: off 9
0:51:13.978240: off 8
0:51:13.993834: off 6
0:51:14.009587: off 4
0:51:14.025206: off 2
0:51:14.040861: off 0
0:51:50.234190: amp 2
0:51:50.707464: amp 5
0:51:50.736367: amp 6
0:51:50.861549: amp 7
0:51:50.925356: amp 8
0:51:50.972649: amp 9
0:51:51.035547: amp 10
0:51:51.068926: amp 11
0:51:51.099139: amp 12
0:51:51.132663: amp 13
0:51:51.178634: amp 14
0:51:51.226119: amp 15
0:51:51.272948: amp 16
0:51:51.320385: amp 17
0:51:51.384521: amp 18
0:51:51.414485: amp 19
0:51:51.430505: amp 20
0:51:51.448914: amp 21
0:51:51.478384: amp 22
0:51:51.509919: amp 23
0:51:51.542020: amp 24
0:51:51.574504: amp 25
0:51:51.636735: amp 26
0:51:51.699581: amp 27
0:51:51.779420: amp 28
0:51:51.921408: amp 29
0:51:52.350289: amp 30
0:51:52.524919: amp 31
0:51:52.631939: amp 32
0:51:52.667394: amp 33
0:51:52.698907: amp 34
0:51:52.731039: amp 35
0:51:52.746500: amp 36
0:51:52.794949: amp 37
0:51:52.825271: amp 38
0:51:52.863231: amp 39
0:51:52.920470: amp 40
0:51:52.967816: amp 41
0:51:53.047784: amp 42
0:51:53.158061: amp 43
0:51:53.316655: amp 44
0:51:53.663508: amp 45
0:51:54.054887: amp 46
0:51:54.165397: amp 47
0:51:54.365859: amp 48
0:51:54.513813: amp 49
0:51:54.749871: amp 50
0:51:54.976043: amp 51
0:52:24.993388: amp 54
0:52:25.008980: amp 55
0:52:25.008980: amp 56
0:52:25.024519: amp 57
0:52:25.055687: amp 59
0:52:25.055687: amp 60
0:52:25.071433: amp 63
0:52:25.102774: amp 64
0:52:25.118265: amp 65
0:52:25.134023: amp 66
0:52:25.149599: amp 68
0:52:25.165219: amp 69
0:52:25.180785: amp 70
0:52:25.196476: amp 71
0:52:25.211952: amp 72
0:52:25.227570: amp 73
0:52:25.243202: amp 74
0:52:25.258841: amp 75
0:52:25.274525: amp 76
0:52:25.291089: amp 77
0:52:25.306152: amp 78
0:52:25.321916: amp 79
0:52:25.353086: amp 80
0:52:25.368807: amp 81
0:52:25.384477: amp 82
0:52:25.415649: amp 83
0:52:25.431317: amp 85
0:52:25.462534: amp 86
0:52:25.478160: amp 87
0:52:25.493792: amp 88
0:52:25.525034: amp 89
0:52:25.540661: amp 90
0:53:08.063034: amp 87
0:53:08.156945: amp 84
0:53:08.172466: amp 83
0:53:08.188102: amp 81
0:53:08.219390: amp 80
0:53:08.250697: amp 79
0:53:08.266161: amp 78
0:53:08.281944: amp 77
0:53:08.297474: amp 76
0:53:08.313098: amp 75
0:53:08.328759: amp 74
0:53:08.344343: amp 73
0:53:08.359974: amp 72
0:53:08.391225: amp 71
0:53:08.406849: amp 70
0:53:08.422503: amp 69
0:53:08.438189: amp 68
0:53:08.453730: amp 67
0:53:08.484974: amp 66
0:53:08.484974: amp 65
0:53:08.516320: amp 64
0:53:08.547522: amp 63
0:53:08.563207: amp 62
0:53:08.594390: amp 61
0:53:08.641314: amp 60
0:53:08.673214: amp 59
0:53:08.766950: amp 58
0:53:08.814503: amp 57
0:53:08.876955: amp 56
0:53:08.955151: amp 55
0:53:09.126983: amp 54
0:53:09.596998: amp 53
0:53:09.784648: amp 52
0:53:10.065795: amp 51
0:53:10.520434: amp 50
0:53:18.037313: amp 49
0:53:19.287559: amp 46
0:53:19.521932: amp 45
0:53:19.943837: amp 44
0:53:21.443719: amp 45
0:53:37.246820: off 9
0:53:37.434876: off 16
0:53:37.450526: off 17
0:53:37.466214: off 20
0:53:37.481773: off 21
0:53:37.497473: off 24
0:53:37.512999: off 26
0:53:37.528650: off 28
0:53:37.544332: off 30
0:53:37.559923: off 32
0:53:37.575587: off 35
0:53:37.591213: off 38
0:53:37.622463: off 39
0:53:37.622463: off 42
0:53:37.638052: off 45
0:53:37.669347: off 47
0:53:37.685045: off 51
0:53:37.700679: off 53
0:53:37.716306: off 55
0:53:37.731964: off 57
0:53:37.747583: off 60
0:53:37.763194: off 61
0:53:37.778744: off 62
0:53:37.794376: off 64
0:53:37.809933: off 66
0:53:37.825593: off 67
0:53:37.856814: off 69
0:53:37.856814: off 70
0:53:37.888210: off 72
0:53:37.919334: off 74
0:53:37.934875: off 75
0:53:37.950589: off 76
0:53:37.966218: off 77
0:53:37.981755: off 78
0:53:38.013092: off 79
0:53:38.138121: off 80
0:53:38.310103: off 81
0:53:38.388810: off 82
0:53:38.467102: off 83
0:53:38.513946: off 84
0:53:38.560704: off 85
0:53:38.623353: off 86
0:53:38.732699: off 87
0:53:38.842346: off 88
0:53:38.998705: off 89
0:53:39.500562: off 90
0:53:39.844351: off 91
0:53:40.141323: off 92
0:53:41.141618: off 91
0:53:41.657168: off 90
0:54:16.329916: off 93
0:54:16.501644: off 99
0:54:16.517475: off 101
0:54:16.532955: off 102
0:54:16.564342: off 104
0:54:16.579916: off 106
0:54:16.595600: off 107
0:54:16.611223: off 109
0:54:16.626839: off 111
0:54:16.642312: off 112
0:54:16.673682: off 114
0:54:16.673682: off 116
0:54:16.689215: off 117
0:54:16.720451: off 119
0:54:16.736332: off 120
0:54:16.752066: off 121
0:54:16.767709: off 122
0:54:16.783244: off 123
0:54:16.799609: off 124
0:54:16.830440: off 125
0:54:16.851399: off 126
0:54:16.893384: off 127
0:54:16.909005: off 128
0:54:16.924657: off 129
0:54:16.924657: off 130
0:54:16.971543: off 131
0:54:16.987132: off 132
0:54:17.018383: off 133
0:54:17.034004: off 135
0:54:17.065317: off 136
0:54:17.080818: off 137
0:54:17.112069: off 138
0:54:17.127732: off 139
0:54:17.174561: off 140
0:54:17.221512: off 141
0:54:17.252778: off 142
0:54:17.330991: off 143
0:54:17.393471: off 144
0:54:17.425084: off 145
0:54:17.519652: off 146
0:54:17.582048: off 147
0:54:17.629002: off 148
0:54:17.675924: off 149
0:54:17.723206: off 150
0:54:17.723206: off 151
0:54:17.770325: off 152
0:54:17.801539: off 153
0:54:17.817587: off 154
0:54:18.052006: off 153
0:54:18.067726: off 152
0:54:18.083421: off 151
0:54:18.099004: off 146
0:54:18.114663: off 144
0:54:18.130279: off 141
0:54:18.145912: off 138
0:54:18.161534: off 135
0:54:18.178146: off 133
0:54:18.193339: off 130
0:54:18.209012: off 127
0:54:18.224739: off 125
0:54:18.240385: off 123
0:54:18.271714: off 120
0:54:18.287329: off 119
0:54:18.302934: off 116
0:54:18.318543: off 115
0:54:18.334059: off 114
0:54:18.349792: off 112
0:54:18.365358: off 110
0:54:18.381041: off 109
0:54:18.396711: off 107
0:54:18.412287: off 105
0:54:18.427936: off 103
0:54:18.443449: off 101
0:54:18.459070: off 99
0:54:18.474652: off 97
0:54:18.490335: off 95
0:54:18.521499: off 94
0:54:18.537205: off 92
0:54:18.552879: off 90
0:54:18.568457: off 87
0:54:18.584164: off 85
0:54:18.599792: off 83
0:54:18.615323: off 82
0:54:18.630951: off 80
0:54:18.646630: off 78
0:54:18.662246: off 76
0:54:18.677762: off 73
0:54:18.693458: off 70
0:54:18.709168: off 69
0:54:18.724646: off 66
0:54:18.740303: off 64
0:54:18.787114: off 62
0:54:18.787114: off 60
0:54:18.802880: off 57
0:54:18.818539: off 55
0:54:18.834165: off 53
0:54:18.850698: off 51
0:54:18.865838: off 49
0:54:18.882718: off 47
0:54:18.897929: off 46
0:54:18.913758: off 44
0:54:18.929290: off 42
0:54:18.944955: off 41
0:54:18.960483: off 40
0:54:18.991849: off 39
0:54:19.007418: off 38
0:54:19.022988: off 37
0:54:19.054338: off 36
0:54:19.085686: off 35
0:54:19.116878: off 34
0:54:19.148167: off 33
0:54:19.179387: off 32
0:54:19.210673: off 31
0:54:19.226258: off 30
0:54:19.241803: off 29
0:54:19.273312: off 28
0:54:19.304695: off 27
0:54:19.335983: off 26
0:54:19.398463: off 25
0:54:19.431508: off 24
0:54:19.477542: off 23
0:54:19.540481: off 22
0:54:19.571742: off 21
0:54:19.618562: off 20
0:54:19.649875: off 19
0:54:19.696841: off 18
0:54:19.743749: off 17
0:54:19.774959: off 16
0:54:19.821786: off 15
0:54:19.884330: off 14
0:54:19.915568: off 13
0:54:20.290602: off 14
0:54:20.290602: off 15
0:54:20.337688: off 16
0:54:20.354571: off 17
0:54:20.384961: off 18
0:54:20.400647: off 19
0:54:20.432023: off 20
0:54:20.463291: off 21
0:54:20.494527: off 22
0:54:20.525686: off 23
0:54:20.588287: off 24
0:54:20.697578: off 25
0:54:20.775715: off 26
0:54:21.370045: off 25
0:54:21.434661: off 24
0:54:21.479799: off 23
0:54:21.558276: off 22
0:54:21.605193: off 21
0:54:21.636468: off 20
0:54:21.636468: off 19
0:54:21.653387: off 18
0:54:21.667918: off 17
0:54:21.699412: off 16
0:54:21.714900: off 15
0:54:21.777494: off 14
0:54:21.793064: off 13
0:54:21.871089: off 12
0:54:21.933676: off 11
0:54:21.996179: off 10
0:54:22.027453: off 9
0:54:22.121196: off 8
0:54:22.214968: off 7
0:54:22.356489: off 6
0:54:22.465899: off 5
0:54:22.590863: off 4
0:54:22.700779: off 3
0:54:22.810205: off 2
0:54:23.216836: off 3
0:54:23.435681: off 4
0:54:23.670105: off 5
0:54:23.701354: off 6
0:54:23.748087: off 7
0:54:23.763717: off 8
0:54:23.810629: off 9
0:54:23.810629: off 10
0:54:23.841976: off 11
0:54:23.841976: off 12
0:54:23.873087: off 13
0:54:23.888681: off 14
0:54:23.919931: off 15
0:54:23.919931: off 16
0:54:23.919931: off 18
0:54:23.951321: off 19
0:54:23.951321: off 21
0:54:23.966779: off 24
0:54:23.982555: off 26
0:54:23.998113: off 33
0:54:24.013799: off 36
0:54:24.029424: off 39
0:54:24.076242: off 42
0:54:24.076242: off 44
0:54:24.123791: off 46
0:54:24.123791: off 50
0:54:24.123791: off 52
0:54:24.155184: off 54
0:54:24.155184: off 57
0:54:24.186447: off 61
0:54:24.202124: off 64
0:54:24.202124: off 67
0:54:24.233281: off 68
0:54:24.233281: off 70
0:54:24.264613: off 72
0:54:24.264613: off 73
0:54:24.311452: off 74
0:54:24.311452: off 75
0:54:24.373967: off 76
0:54:24.373967: off 77
0:54:24.405084: off 78
0:54:24.452121: off 79
0:54:24.499014: off 80
0:54:24.514574: off 81
0:54:24.640377: off 82
0:54:24.812188: off 81
0:54:24.812188: off 80
0:54:24.858967: off 79
0:54:24.858967: off 78
0:54:24.906664: off 77
0:54:24.906664: off 76
0:54:24.909652: off 75
0:54:24.954207: off 74
0:54:24.970310: off 72
0:54:25.001761: off 71
0:54:25.001761: off 70
0:54:25.017360: off 69
0:54:25.032837: off 68
0:54:25.048589: off 67
0:54:25.064169: off 65
0:54:25.079795: off 64
0:54:25.095423: off 61
0:54:25.111008: off 59
0:54:25.126616: off 57
0:54:25.298677: off 59
0:54:25.314262: off 60
0:54:25.329713: off 61
0:54:25.345514: off 63
0:54:25.361139: off 66
0:54:25.376623: off 70
0:54:25.408019: off 73
0:54:25.440739: off 78
0:54:25.440739: off 79
0:54:25.455429: off 81
0:54:25.472111: off 84
0:54:25.487238: off 85
0:54:25.518893: off 87
0:54:25.518893: off 89
0:54:25.550252: off 90
0:54:25.581587: off 91
0:54:25.597084: off 92
0:54:25.753793: off 93
0:54:26.286263: off 92
0:54:26.426875: off 91
0:54:26.474474: off 90
0:54:26.521396: off 89
0:54:26.521396: off 88
0:54:26.568095: off 86
0:54:26.568095: off 85
0:54:26.584094: off 84
0:54:26.584094: off 80
0:54:26.615550: off 77
0:54:26.615550: off 75
0:54:26.646749: off 72
0:54:26.662336: off 69
0:54:26.662336: off 68
0:54:26.709716: off 66
0:54:26.709716: off 65
0:54:26.725437: off 64
0:54:26.725437: off 63
0:54:26.803339: off 62
0:54:26.819074: off 61
0:54:26.866032: off 60
0:54:26.959816: off 59
0:54:27.007267: off 58
0:54:27.054156: off 57
0:54:27.069760: off 56
0:54:27.101636: off 55
0:54:27.101636: off 54
0:54:27.148642: off 53
0:54:27.211184: off 52
0:54:27.211184: off 51
0:54:27.258729: off 49
0:54:27.258729: off 48
0:54:27.258729: off 46
0:54:27.289971: off 44
0:54:27.289971: off 43
0:54:27.321165: off 42
0:54:27.336862: off 41
0:54:27.336862: off 39
0:54:27.368129: off 38
0:54:27.368129: off 37
0:54:27.414986: off 35
0:54:27.448188: off 34
0:54:27.478028: off 33
0:54:27.509244: off 32
0:54:27.540425: off 30
0:54:27.556165: off 29
0:54:27.556165: off 28
0:54:27.602937: off 27
0:54:27.602937: off 26
0:54:27.618880: off 25
0:54:27.650246: off 24
0:54:27.650246: off 23
0:54:27.697216: off 22
0:54:27.697216: off 20
0:54:27.744124: off 18
0:54:27.744124: off 17
0:54:27.806400: off 16
0:54:27.837764: off 15
0:54:27.853448: off 14
0:54:27.884558: off 13
0:54:27.884558: off 12
0:54:27.947457: off 11
0:54:27.963100: off 10
0:54:27.994579: off 9
0:54:27.994579: off 8
0:54:29.230411: amp 42
0:54:29.355379: amp 41
0:54:29.543251: amp 40
0:54:29.684639: amp 39
0:54:29.794077: amp 38
0:54:29.872148: amp 37
0:54:29.919056: amp 36
0:54:29.965968: amp 35
0:54:30.028301: amp 34
0:54:30.090826: amp 33
0:54:30.247226: amp 32
0:54:30.372145: amp 31
0:54:30.513392: amp 30
0:54:30.904778: amp 29
0:54:31.170964: amp 28
0:54:31.797231: amp 29
0:54:31.844117: amp 30
0:54:31.891079: amp 31
0:54:31.922257: amp 32
0:54:31.953506: amp 33
0:54:31.984831: amp 34
0:54:32.031699: amp 35
0:54:32.079206: amp 36
0:54:32.126088: amp 37
0:54:32.235456: amp 38
0:54:32.313651: amp 39
0:54:32.438595: amp 40
0:54:32.595990: amp 41
0:54:32.831163: amp 42
0:54:33.097694: amp 43
0:54:33.317795: amp 44
0:54:33.834268: amp 45
0:54:34.510877: amp 46
0:54:34.636640: amp 47
0:54:34.762124: amp 48
0:54:34.949451: amp 49
0:54:35.043352: amp 50
0:54:36.012102: amp 49
0:55:13.678182: amp 46
0:55:13.709284: amp 44
0:55:13.771906: amp 42
0:55:13.818772: amp 39
0:55:13.818772: amp 36
0:55:13.818772: amp 35
0:55:13.818772: amp 31
0:55:13.818772: amp 29
0:55:13.818772: amp 26
0:55:13.818772: amp 24
0:55:13.850067: amp 21
0:55:13.850067: amp 20
0:55:13.881261: amp 18
0:55:13.881261: amp 15
0:55:13.928145: amp 13
0:55:13.928145: amp 11
0:55:13.959399: amp 9
0:55:13.975007: amp 7
0:55:14.021943: amp 6
0:55:14.021943: amp 4
0:55:14.037459: amp 3
0:55:14.053142: amp 2
0:55:14.068778: amp 1
0:55:14.084402: amp 0
0:55:14.881317: off 9
0:55:15.099889: off 3
0:55:15.099889: off 2
0:55:15.099889: off 0
0:57:06.740729: phb 0.19675041249707512
0:57:06.740729: phb 0.2294619910647608
0:57:06.771951: phb 0.25170343856207067
0:57:06.803240: phb 0.3009360627552233
0:57:06.818823: phb 0.33045328447877087
0:57:06.834302: phb 0.3449948927213329
0:57:06.834302: phb 0.3736220675164474
0:57:06.849978: phb 0.37925265107615785
0:57:06.865607: phb 0.3935007135868142
0:57:06.881224: phb 0.41371139041477323
0:57:06.912612: phb 0.4342436736938266
0:57:06.928101: phb 0.45509142883897635
0:57:06.959360: phb 0.49767921804897786
0:57:07.021886: phb 0.5413695568301253
0:57:07.037570: phb 0.5635857775410542
0:57:07.053105: phb 0.5994598974039405
0:57:07.068727: phb 0.6315084578483277
0:57:07.084343: phb 0.6545044733841092
0:57:07.099987: phb 0.6800920078180792
0:57:07.115609: phb 0.7133950817601771
0:57:07.131161: phb 0.7376125586506966
0:57:07.146942: phb 0.7829194004172413
0:57:07.178611: phb 0.8282343421085602
0:57:07.209907: phb 0.8508386075457999
0:57:07.209907: phb 0.8857407037428683
0:57:07.241237: phb 0.908386517215448
0:57:07.256820: phb 0.953276351022629
0:57:07.272447: phb 0.9887807071590912
0:57:07.288103: phb 1.024588522612369
0:57:07.303725: phb 1.0748216286150263
0:57:07.319347: phb 1.1112483242622835
0:57:07.334924: phb 1.1476640997909893
0:57:07.350597: phb 1.1991113045184427
0:57:07.366220: phb 1.2353708926692433
0:57:07.381864: phb 1.2712933268933913
0:57:07.398681: phb 1.3183547349017597
0:57:07.413203: phb 1.3539478078139262
0:57:07.428987: phb 1.4048169750373272
0:57:07.444542: phb 1.4390052206488968
0:57:07.460237: phb 1.470828769929875
0:57:07.475828: phb 1.5028567137476565
0:57:07.506992: phb 1.551141604885414
0:57:07.522785: phb 1.5672686087096377
0:57:07.538412: phb 1.599518257781016
0:57:07.553946: phb 1.6317097488308872
0:57:07.569621: phb 1.6637739089321157
0:57:07.585115: phb 1.679739229984916
0:57:07.600896: phb 1.6956475380232428
0:57:07.616515: phb 1.7272697100925207
0:57:07.632061: phb 1.7429658286128775
0:57:07.647595: phb 1.7740984160190605
0:57:07.663314: phb 1.7895185880281221
0:57:07.694555: phb 1.8351281114176898
0:57:07.725953: phb 1.8500946447260402
0:57:07.757195: phb 1.8649337985650358
0:57:07.772795: phb 1.8796394022430851
0:57:07.819694: phb 1.8942096327718856
0:57:07.850960: phb 1.922922128983648
0:57:07.866444: phb 1.9370582530423732
0:57:07.882144: phb 1.9510427343939711
0:57:07.897775: phb 1.9648713603674435
0:57:07.913307: phb 1.9844965273996182
0:57:07.949714: phb 2.0246506617697615
0:57:07.959844: phb 2.051666212578226
0:57:07.975620: phb 2.0794299839023718
0:57:08.006936: phb 2.1057976282237036
0:57:08.006936: phb 2.1265815984929644
0:57:08.038160: phb 2.1393651679423966
0:57:08.053714: phb 2.1812896163057314
0:57:08.069423: phb 2.202496565222727
0:57:08.084950: phb 2.245313491573455
0:57:08.100573: phb 2.2668857478502535
0:57:08.116198: phb 2.310262025260766
0:57:08.131829: phb 2.3320250483450464
0:57:08.147450: phb 2.36461480057682
0:57:08.163070: phb 2.386162765757365
0:57:08.194324: phb 2.419101622531559
0:57:08.209957: phb 2.440773161322089
0:57:08.241794: phb 2.471876815909824
0:57:08.273249: phb 2.505234841462724
0:57:08.304492: phb 2.5475596262960063
0:57:08.320119: phb 2.5765397721809986
0:57:08.335662: phb 2.5969687723161647
0:57:08.351234: phb 2.624475917964646
0:57:08.366834: phb 2.6636830607464503
0:57:08.382618: phb 2.695822588831739
0:57:08.398154: phb 2.7206858507051783
0:57:08.413690: phb 2.74457791757374
0:57:08.429490: phb 2.780185650782697
0:57:08.445032: phb 2.7975766150959696
0:57:08.476302: phb 2.818928843464742
0:57:08.476302: phb 2.8480498366229563
0:57:08.491905: phb 2.880262049622213
0:57:08.523262: phb 2.8959352857961855
0:57:08.554317: phb 2.9083892089227183
0:57:08.585740: phb 2.9264145839312237
0:57:08.632621: phb 2.941224198793987
0:57:08.710736: phb 2.9657213329682146
0:57:08.726278: phb 2.9780528323822133
0:57:08.773102: phb 3.0045793103451084
0:57:08.788860: phb 3.016900400382724
0:57:08.804404: phb 3.029259662703167
0:57:08.945118: phb 3.055155020664611
0:57:09.007551: phb 3.0683580261294976
0:57:09.101946: phb 3.081265608747184
0:57:09.961374: phb 3.069239545810971
0:57:10.148718: phb 3.057233312182003
0:57:10.195798: phb 3.0452514065843967
0:57:11.555185: phb 3.069239545810971
0:57:11.726861: phb 3.081265608747184
0:57:12.180166: phb 3.1053689679911782
0:57:12.242568: phb 3.1177253235272886
0:57:12.445750: phb 3.1415931999692104
0:57:12.648872: phb 3.15352774521372
0:57:12.977001: phb 3.1769635922199955
0:57:32.654804: amp 2
0:57:33.029804: amp 5
0:57:33.076955: amp 6
0:57:33.124053: amp 7
0:57:33.170945: amp 8
0:57:33.217816: amp 9
0:57:33.280219: amp 10
0:57:33.358420: amp 11
0:57:33.530278: amp 12
0:57:33.655300: amp 13
0:57:33.733273: amp 14
0:57:33.827008: amp 15
0:57:33.889671: amp 16
0:57:33.983268: amp 17
0:57:34.045923: amp 18
0:57:34.123906: amp 19
0:57:34.155603: amp 20
0:57:34.233741: amp 21
0:57:34.374461: amp 22
0:57:34.468141: amp 23
0:57:34.483769: amp 24
0:57:34.506623: amp 25
0:57:34.515249: amp 27
0:57:34.531009: amp 28
0:57:34.546627: amp 29
0:57:34.562253: amp 30
0:57:34.577774: amp 31
0:57:34.609013: amp 32
0:57:34.624647: amp 33
0:57:34.640392: amp 34
0:57:34.656013: amp 35
0:57:34.687272: amp 36
0:57:34.702946: amp 37
0:57:34.734229: amp 38
0:57:34.749859: amp 39
0:57:34.780974: amp 40
0:57:34.796600: amp 41
0:57:34.827818: amp 42
0:57:34.859063: amp 43
0:57:34.890307: amp 44
0:57:34.923200: amp 45
0:57:34.937935: amp 46
0:57:34.969291: amp 47
0:57:35.000639: amp 48
0:57:35.016302: amp 49
0:57:35.047509: amp 50
0:57:35.125716: amp 51
0:57:35.297552: amp 52
0:58:58.401455: amp 49
0:58:58.588956: amp 46
0:58:58.604415: amp 45
0:58:58.604415: amp 44
0:58:58.635807: amp 42
0:58:58.666887: amp 41
0:58:58.666887: amp 39
0:58:58.682723: amp 37
0:58:58.698163: amp 36
0:58:58.713829: amp 34
0:58:58.729384: amp 32
0:58:58.745020: amp 31
0:58:58.776287: amp 28
0:58:58.791893: amp 27
0:58:58.807671: amp 25
0:58:58.823326: amp 23
0:58:58.838927: amp 21
0:58:58.854389: amp 20
0:58:58.870336: amp 18
0:58:58.885866: amp 17
0:58:58.901262: amp 16
0:58:58.916888: amp 15
0:58:58.932565: amp 13
0:58:58.948162: amp 12
0:58:58.979549: amp 11
0:58:59.010727: amp 9
0:58:59.026265: amp 7
0:58:59.041909: amp 6
0:58:59.057575: amp 5
0:58:59.073252: amp 4
0:58:59.088904: amp 3
0:58:59.104543: amp 2
0:58:59.120048: amp 1
0:58:59.135814: amp 0
0:59:02.588919: phb 3.326663173423897
0:59:02.729533: phb 3.349670366768537
0:59:02.760884: phb 3.3996266573024427
0:59:02.760884: phb 3.4483005222048853
0:59:02.776434: phb 3.476199876212242
0:59:02.791884: phb 3.55082154271841
0:59:02.807684: phb 3.6064588399477406
0:59:02.823348: phb 3.6897930916185673
0:59:02.823348: phb 3.717368201232814
0:59:02.838948: phb 3.7548576793189716
0:59:02.854567: phb 3.834931393108833
0:59:02.870190: phb 3.853196533180802
0:59:02.885637: phb 3.895433203217186
0:59:02.901273: phb 3.9121206820870387
0:59:02.917064: phb 3.928817186942542
0:59:02.932920: phb 3.970172072950173
0:59:02.948526: phb 4.012096079893172
0:59:02.963920: phb 4.0451437815657965
0:59:02.979387: phb 4.136197141759932
0:59:02.995039: phb 4.16818962342277
0:59:03.026457: phb 4.2759521390895285
0:59:03.026457: phb 4.3929032182864995
0:59:03.057523: phb 4.477453859587767
0:59:03.073188: phb 4.569808465957662
0:59:03.088788: phb 4.643302067354444
0:59:03.104557: phb 4.684583339193166
0:59:03.120178: phb 4.724336935863589
0:59:03.135765: phb 4.763012581473685
0:59:03.151301: phb 4.790502907614491
0:59:03.167067: phb 4.828236637880289
0:59:03.182511: phb 4.8563267569564825
0:59:03.198163: phb 4.902619465855622
0:59:03.213940: phb 4.920919849121041
0:59:03.245152: phb 4.948102701167864
0:59:03.245152: phb 4.986277372978673
0:59:03.260699: phb 5.01554973267686
0:59:03.291885: phb 5.056705631802762
0:59:03.307514: phb 5.106910418630994
0:59:03.323292: phb 5.169504302846413
0:59:03.338922: phb 5.236822587231367
0:59:03.354387: phb 5.338695544322108
0:59:03.370174: phb 5.391713938444239
0:59:03.385719: phb 5.439006863841477
0:59:03.401270: phb 5.485929681267053
0:59:03.417055: phb 5.531834657477335
0:59:03.432671: phb 5.5648182805968
0:59:03.463778: phb 5.590926167816912
0:59:03.463778: phb 5.642729185793342
0:59:03.479383: phb 5.6630360103777555
0:59:03.495189: phb 5.696302105799748
0:59:03.510822: phb 5.724678018214675
0:59:03.542089: phb 5.753447324211064
0:59:03.557679: phb 5.794776884801655
0:59:03.573165: phb 5.8118409887020155
0:59:03.588950: phb 5.829207124513769
0:59:03.604569: phb 5.855816998757377
0:59:03.635715: phb 5.896107028359788
0:59:03.651258: phb 5.918213248046227
0:59:03.682529: phb 5.949568446992327
0:59:03.682529: phb 5.99329206588846
0:59:03.698317: phb 6.017492496730952
0:59:03.713899: phb 6.04813527675689
0:59:03.745166: phb 6.08247287351219
0:59:03.776466: phb 6.1153180487141485
0:59:03.838959: phb 6.119846300503026
0:59:05.183117: phb 5.863088452638362
0:59:05.198753: phb 5.72767405375452
0:59:05.214560: phb 5.4845163346959325
0:59:05.230012: phb 5.281137565489956
0:59:05.245625: phb 5.0910771167343984
0:59:05.261250: phb 4.946904180479671
0:59:05.620626: phb 3.3056371686688877
0:59:05.636253: phb 3.1855084935056577
0:59:05.651883: phb 3.0081993362882833
0:59:05.667537: phb 2.9525868369291643
0:59:05.683125: phb 2.8764055919569227
0:59:05.698752: phb 2.737104670831556
0:59:05.714403: phb 2.6849698221640526
0:59:05.730028: phb 2.6652517369922673
0:59:05.745650: phb 2.6268658564199274
0:59:05.776880: phb 2.6193798938006743
0:59:05.792505: phb 2.6046004800538274
0:59:06.464394: phb 2.5854176613119257
0:59:06.464394: phb 2.529396041680525
0:59:06.480004: phb 2.4707446063196685
0:59:06.495640: phb 2.4122813718295912
0:59:06.511409: phb 2.3544271384807733
0:59:06.527062: phb 2.2984080038986896
0:59:06.527062: phb 2.2593560741468246
0:59:06.542680: phb 2.175062361910668
0:59:06.558314: phb 2.114757133787661
0:59:06.573930: phb 1.9433470259453354
0:59:06.589403: phb 1.8838605858784359
0:59:06.605008: phb 1.7719681029859662
0:59:06.620807: phb 1.6371821036452656
0:59:06.636433: phb 1.587922053660574
0:59:06.651885: phb 1.5121963728827057
0:59:06.667499: phb 1.467290756299192
0:59:06.683125: phb 1.4051831571600246
0:59:06.698910: phb 1.3434323650600286
0:59:06.714514: phb 1.2918532550599273
0:59:06.730001: phb 1.258277522138972
0:59:06.745739: phb 1.2306718829609145
0:59:06.776880: phb 1.175587359376561
0:59:06.776880: phb 1.14029651584713
0:59:06.808315: phb 1.1054675004424512
0:59:06.823764: phb 1.0746102891639038
0:59:06.839545: phb 1.040493728547858
0:59:06.854999: phb 1.0097042617836511
0:59:06.870825: phb 0.9953534510276051
0:59:08.058328: phb 0.830266162879838
0:59:08.152076: phb 0.7947859913817796
0:59:08.167507: phb 0.7227690525963562
0:59:08.183272: phb 0.6315084578483277
0:59:08.214524: phb 0.5994598974039405
0:59:08.214524: phb 0.5467519043733584
0:59:08.230007: phb 0.482900554896828
0:59:08.245870: phb 0.4758102802694324
0:59:08.245870: phb 0.44880175944557016
0:59:08.261269: phb 0.435234190493978
0:59:08.277025: phb 0.39582547148821023
0:59:08.292651: phb 0.38206427127208353
0:59:08.308278: phb 0.3576496867625129
0:59:08.323900: phb 0.32533998780606266
0:59:08.339530: phb 0.2891949496848279
0:59:08.355012: phb 0.27163190248993396
0:59:08.370653: phb 0.25797709456171863
0:59:08.386282: phb 0.24422444816917946
0:59:08.401883: phb 0.22716140077826816
0:59:08.464575: phb 0.21340403677185513
0:59:08.542702: phb 0.183062797633348
0:59:08.605196: phb 0.13950035921274476
0:59:08.636449: phb 0.12570435968003055
0:59:08.652031: phb 0.11032501355544294
0:59:08.698947: phb 0.08288995683015676
0:59:08.777023: phb 0.06912403292609143
0:59:08.855197: phb 0.05457635550207359
0:59:09.620807: phb 0.06550699462010709
0:59:09.636398: phb 0.07855818234605785
0:59:09.714579: phb 0.10323376210964158
0:59:09.855029: phb 0.11602800771820579
0:59:09.933130: phb 0.13971524083808892
0:59:09.980192: phb 0.152228483059692
0:59:13.074827: off 4
0:59:13.262453: off 11
0:59:13.293756: off 12
0:59:13.324912: off 13
0:59:13.356085: off 14
0:59:13.387520: off 15
0:59:13.418918: off 16
0:59:13.481096: off 17
0:59:13.621826: off 18
0:59:14.090562: off 17
0:59:14.137417: off 16
0:59:14.184323: off 15
0:59:14.215613: off 14
0:59:14.246679: off 13
0:59:14.262414: off 12
0:59:14.324804: off 11
0:59:14.371826: off 10
0:59:14.449947: off 9
0:59:15.481221: off 8
0:59:20.110546: off 9
0:59:20.284309: off 15
0:59:20.302127: off 17
0:59:20.317654: off 20
0:59:20.332364: off 22
0:59:20.348181: off 24
0:59:20.363653: off 26
0:59:20.395910: off 27
0:59:20.410990: off 29
0:59:20.426652: off 31
0:59:20.457902: off 33
0:59:20.474088: off 34
0:59:20.491422: off 35
0:59:20.522021: off 36
0:59:20.538378: off 37
0:59:20.601460: off 38
0:59:20.790168: off 39
0:59:20.837873: off 40
0:59:20.885451: off 41
0:59:20.901134: off 42
0:59:20.932629: off 43
0:59:20.948807: off 44
0:59:20.964516: off 45
0:59:20.995943: off 46
0:59:21.011594: off 47
0:59:21.027365: off 48
0:59:21.042793: off 50
0:59:21.074942: off 52
0:59:21.090182: off 54
0:59:21.109135: off 55
0:59:21.122117: off 57
0:59:21.137918: off 58
0:59:21.153538: off 61
0:59:21.175866: off 62
0:59:21.193693: off 65
0:59:21.210228: off 67
0:59:21.216739: off 69
0:59:21.232538: off 71
0:59:21.259575: off 74
0:59:21.264260: off 75
0:59:21.284650: off 78
0:59:21.296053: off 79
0:59:21.311700: off 80
0:59:21.345221: off 82
0:59:21.360186: off 83
0:59:21.375194: off 86
0:59:21.393050: off 87
0:59:21.409813: off 89
0:59:21.427433: off 90
0:59:21.439094: off 92
0:59:21.455056: off 93
0:59:21.471205: off 94
0:59:21.487255: off 96
0:59:21.504341: off 97
0:59:21.536582: off 98
0:59:21.542616: off 100
0:59:21.551639: off 101
0:59:21.567848: off 102
0:59:21.583492: off 103
0:59:21.601111: off 104
0:59:21.647235: off 105
0:59:21.652795: off 107
0:59:21.663302: off 109
0:59:21.694721: off 111
0:59:21.727135: off 112
0:59:21.758635: off 113
0:59:21.790546: off 114
0:59:21.806144: off 115
0:59:21.837439: off 116
0:59:21.853055: off 117
0:59:21.884214: off 118
0:59:22.483119: off 119
0:59:22.515934: off 120
0:59:22.545536: off 121
0:59:22.561358: off 122
0:59:22.577004: off 123
0:59:22.594072: off 124
0:59:22.624419: off 125
0:59:22.655728: off 126
0:59:22.718259: off 127
0:59:22.797180: off 128
0:59:23.065531: off 129
0:59:23.112607: off 130
0:59:23.190551: off 131
0:59:23.237605: off 132
0:59:23.253144: off 133
0:59:23.268715: off 134
0:59:23.300009: off 135
0:59:23.315653: off 136
0:59:23.346924: off 137
0:59:23.393793: off 138
0:59:23.503667: off 139
0:59:23.566161: off 140
0:59:23.941065: off 139
0:59:23.972276: off 138
0:59:23.988027: off 137
0:59:24.003517: off 136
0:59:24.019108: off 135
0:59:24.051412: off 134
0:59:24.066611: off 133
0:59:24.082363: off 132
0:59:24.097884: off 131
0:59:24.129369: off 130
0:59:24.144803: off 129
0:59:24.160426: off 128
0:59:24.207292: off 127
0:59:24.207292: off 126
0:59:24.238595: off 124
0:59:24.254229: off 123
0:59:24.269799: off 121
0:59:24.285564: off 120
0:59:24.301074: off 119
0:59:24.316731: off 117
0:59:24.332350: off 115
0:59:24.347921: off 114
0:59:24.363547: off 113
0:59:24.394785: off 112
0:59:24.394785: off 110
0:59:24.427411: off 109
0:59:24.442057: off 108
0:59:24.457739: off 107
0:59:24.473517: off 106
0:59:24.489099: off 105
0:59:24.504707: off 104
0:59:24.551624: off 103
0:59:24.598492: off 102
0:59:24.818394: off 101
0:59:25.115806: off 100
0:59:25.240789: off 99
0:59:25.318937: off 98
0:59:25.396938: off 97
0:59:25.631308: off 96
0:59:27.149504: off 94
0:59:28.337907: off 88
0:59:29.697309: off 89
0:59:29.822697: off 96
0:59:29.832633: off 98
0:59:29.832633: off 99
0:59:29.870253: off 102
0:59:29.870253: off 103
0:59:29.870253: off 105
0:59:29.885841: off 109
0:59:29.901359: off 110
0:59:29.917085: off 113
0:59:29.932686: off 115
0:59:29.948302: off 117
0:59:29.964016: off 119
0:59:29.995338: off 120
0:59:30.011313: off 122
0:59:30.011313: off 123
0:59:30.042809: off 125
0:59:30.058441: off 126
0:59:30.074053: off 128
0:59:30.089649: off 129
0:59:30.105287: off 130
0:59:30.120737: off 131
0:59:30.137789: off 132
0:59:30.152490: off 133
0:59:30.168233: off 135
0:59:30.183884: off 136
0:59:30.199412: off 137
0:59:30.230862: off 138
0:59:30.262064: off 139
0:59:30.308882: off 140
0:59:30.340139: off 141
0:59:30.355832: off 142
0:59:30.371485: off 143
0:59:30.386972: off 144
0:59:30.418331: off 145
0:59:30.433796: off 146
0:59:30.465231: off 147
0:59:30.496459: off 148
0:59:30.512071: off 149
0:59:30.543259: off 150
0:59:30.558829: off 151
0:59:30.574508: off 152
0:59:30.590234: off 153
0:59:30.605726: off 154
0:59:30.621356: off 155
0:59:30.652738: off 156
0:59:30.668294: off 158
0:59:30.683888: off 159
0:59:30.699568: off 160
0:59:30.731193: off 161
0:59:30.746948: off 162
0:59:30.762617: off 163
0:59:30.793829: off 164
0:59:30.809460: off 165
0:59:30.825082: off 166
0:59:30.840721: off 167
0:59:30.871950: off 169
0:59:30.903204: off 170
0:59:30.918901: off 171
0:59:30.949961: off 172
0:59:30.965741: off 173
0:59:30.982642: off 174
0:59:30.997250: off 175
0:59:31.018217: off 177
0:59:31.044543: off 178
0:59:31.060042: off 179
0:59:31.060042: off 180
1:00:06.309127: amp 3
1:00:06.449793: amp 6
1:00:06.465432: amp 7
1:00:06.496586: amp 8
1:00:06.498417: amp 9
1:00:06.528330: amp 10
1:00:06.543840: amp 11
1:00:06.559506: amp 13
1:00:06.575294: amp 14
1:00:06.590873: amp 15
1:00:06.606387: amp 17
1:00:06.621948: amp 19
1:00:06.637714: amp 20
1:00:06.654856: amp 22
1:00:06.669588: amp 23
1:00:06.685457: amp 25
1:00:06.701033: amp 27
1:00:06.716578: amp 28
1:00:06.732196: amp 30
1:00:06.747732: amp 32
1:00:06.763481: amp 34
1:00:06.779842: amp 36
1:00:06.827288: amp 38
1:00:06.842418: amp 39
1:00:06.858237: amp 40
1:00:06.873859: amp 41
1:00:06.905118: amp 42
1:00:06.920566: amp 43
1:00:06.967618: amp 44
1:00:07.938490: amp 43
1:00:08.032026: amp 42
1:00:08.126370: amp 41
1:00:08.236922: amp 40
1:00:08.267728: amp 39
1:00:08.299169: amp 38
1:00:08.314776: amp 37
1:00:08.424125: amp 36
1:00:08.627215: amp 35
1:00:09.958641: amp 36
1:00:10.099354: amp 37
1:00:10.224315: amp 38
1:00:10.411720: amp 39
1:00:10.537242: amp 40
1:00:10.803201: amp 41
1:00:11.162492: amp 42
1:00:11.523086: amp 43
1:00:12.085434: amp 44
1:00:12.491706: amp 45
1:00:12.710505: amp 46
1:00:13.226624: amp 47
1:00:13.711143: amp 48
1:00:14.039273: amp 49
1:00:14.712299: amp 50
1:01:54.792418: off 173
1:01:54.995500: off 166
1:01:55.011106: off 164
1:01:55.011106: off 161
1:01:55.026667: off 159
1:01:55.042330: off 157
1:01:55.057922: off 153
1:01:55.073576: off 150
1:01:55.089202: off 146
1:01:55.104788: off 141
1:01:55.120363: off 137
1:01:55.137417: off 131
1:01:55.153541: off 127
1:01:55.168282: off 122
1:01:55.184100: off 118
1:01:55.199574: off 113
1:01:55.230867: off 109
1:01:55.230867: off 104
1:01:55.262438: off 100
1:01:55.280190: off 95
1:01:55.294283: off 91
1:01:55.309982: off 87
1:01:55.325685: off 84
1:01:55.341298: off 81
1:01:55.356979: off 77
1:01:55.372530: off 73
1:01:55.388113: off 72
1:01:55.403765: off 68
1:01:55.419442: off 65
1:01:55.435099: off 63
1:01:55.450598: off 60
1:01:55.466263: off 57
1:01:55.481887: off 54
1:01:55.497542: off 51
1:01:55.514041: off 49
1:01:55.544930: off 47
1:01:55.560501: off 45
1:01:55.576320: off 43
1:01:55.591869: off 42
1:01:55.607502: off 40
1:01:55.623195: off 38
1:01:55.638769: off 36
1:01:55.654325: off 35
1:01:55.669930: off 33
1:01:55.685564: off 31
1:01:55.716820: off 28
1:01:55.732560: off 27
1:01:55.748183: off 26
1:01:55.779400: off 25
1:01:55.794921: off 24
1:01:55.826270: off 23
1:01:55.841941: off 21
1:01:55.857370: off 20
1:01:55.873077: off 19
1:01:55.888788: off 18
1:01:55.904260: off 17
1:01:55.919885: off 15
1:01:55.935492: off 14
1:01:55.951199: off 13
1:01:55.966898: off 11
1:01:55.982747: off 10
1:01:55.998568: off 8
1:01:56.014196: off 7
1:01:56.029739: off 4
1:01:56.061046: off 3
1:01:56.076697: off 1
1:01:56.092339: off 0
1:01:59.035206: amp 53
1:01:59.222657: amp 49
1:01:59.222657: amp 48
1:01:59.254123: amp 46
1:01:59.275093: amp 45
1:01:59.287168: amp 43
1:01:59.301711: amp 41
1:01:59.317547: amp 39
1:01:59.333115: amp 38
1:01:59.348632: amp 36
1:01:59.364439: amp 34
1:01:59.379966: amp 33
1:01:59.411307: amp 31
1:01:59.426924: amp 30
1:01:59.442544: amp 28
1:01:59.458160: amp 27
1:01:59.473738: amp 25
1:01:59.490298: amp 24
1:01:59.505510: amp 22
1:01:59.521264: amp 20
1:01:59.536882: amp 18
1:01:59.552497: amp 17
1:01:59.568135: amp 14
1:01:59.599335: amp 12
1:01:59.614995: amp 11
1:01:59.631437: amp 10
1:01:59.646496: amp 9
1:01:59.693612: amp 8
1:01:59.709195: amp 7
1:01:59.724800: amp 6
1:01:59.740323: amp 5
1:01:59.756522: amp 4
1:01:59.772270: amp 3
1:01:59.803609: amp 2
1:01:59.819131: amp 1
1:01:59.881573: amp 0
1:02:39.569084: amp 6
1:02:39.772325: amp 8
1:02:39.803522: amp 9
1:02:39.834823: amp 10
1:02:39.865986: amp 11
1:02:39.912919: amp 12
1:02:39.959738: amp 13
1:02:40.006657: amp 14
1:02:40.037906: amp 15
1:02:40.053523: amp 16
1:02:40.069005: amp 17
1:02:40.084793: amp 18
1:02:40.100341: amp 19
1:02:40.115869: amp 20
1:02:40.131523: amp 22
1:02:40.178490: amp 23
1:02:40.209837: amp 24
1:02:40.225426: amp 25
1:02:40.240970: amp 26
1:02:40.287923: amp 27
1:02:40.334729: amp 28
1:02:40.350611: amp 29
1:02:40.382070: amp 30
1:02:40.429183: amp 31
1:02:40.476217: amp 32
1:02:40.491836: amp 33
1:02:40.523075: amp 34
1:02:40.569945: amp 35
1:02:40.601205: amp 36
1:02:40.648015: amp 37
1:02:40.663706: amp 38
1:02:40.710616: amp 39
1:02:40.757448: amp 40
1:02:40.804355: amp 41
1:02:40.835614: amp 42
1:02:40.898049: amp 43
1:02:40.944962: amp 44
1:02:41.038696: amp 45
1:02:41.304370: amp 46
1:02:41.382494: amp 47
1:02:41.523079: amp 48
1:02:41.913552: amp 49
1:02:42.179219: amp 50
1:02:42.288554: amp 51
1:02:42.351202: amp 52
1:02:42.403951: amp 53
1:02:42.429874: amp 54
1:02:42.476837: amp 55
1:02:42.601791: amp 56
1:02:42.774196: amp 57
1:02:43.055458: amp 58
1:02:43.243545: amp 59
1:02:43.447087: amp 60
1:02:43.636086: amp 61
1:02:44.073579: amp 62
1:02:44.182991: amp 63
1:02:44.386079: amp 64
1:02:44.746695: amp 65
1:02:45.653008: amp 66
1:03:04.060585: phb 0.32533998780606266
1:03:04.076182: phb 0.3576496867625129
1:03:04.091763: phb 0.3765797638070139
1:03:04.107437: phb 0.39582547148821023
1:03:04.123073: phb 0.42897082260487357
1:03:04.154370: phb 0.46219311104510724
1:03:04.169927: phb 0.48844817896444703
1:03:04.185561: phb 0.501307630959646
1:03:04.216818: phb 0.5264923764411843
1:03:04.232479: phb 0.5661383634484441
1:03:04.232479: phb 0.598266058240807
1:03:04.247912: phb 0.6502572375562394
1:03:04.263644: phb 0.6616304257824326
1:03:04.263644: phb 0.7019147010055651
1:03:04.294989: phb 0.7328483254414073
1:03:04.310610: phb 0.7529684132324631
1:03:04.326185: phb 0.7832162018492863
1:03:04.357487: phb 0.8223731934025392
1:03:04.373068: phb 0.8326003367898468
1:03:04.388631: phb 0.8613756440124353
1:03:04.404293: phb 0.8807972242167568
1:03:04.419938: phb 0.9110071885887129
1:03:04.435565: phb 0.9332868252502233
1:03:04.451181: phb 0.9609960177936546
1:03:04.466814: phb 0.991862405415249
1:03:04.482289: phb 1.0420958058369272
1:03:04.513629: phb 1.0789316892891925
1:03:04.529267: phb 1.1496759813389736
1:03:04.544935: phb 1.1629749466657433
1:03:04.560577: phb 1.2227711874288811
1:03:04.576130: phb 1.2366466257256585
1:03:04.591776: phb 1.2934646628799213
1:03:04.607421: phb 1.384984472153901
1:03:04.622940: phb 1.4754140539364597
1:03:04.638592: phb 1.5520485279971783
1:03:04.654293: phb 1.628904837560254
1:03:04.669940: phb 1.6899408487529557
1:03:04.685609: phb 1.7501001850099371
1:03:04.701050: phb 1.8089770607319604
1:03:04.716775: phb 1.8705643604978086
1:03:04.732395: phb 1.9127682650729698
1:03:04.763640: phb 1.9648713603674435
1:03:04.779174: phb 2.011650053343839
1:03:04.794993: phb 2.0779400867179127
1:03:04.810558: phb 2.0907982965415925
1:03:04.826236: phb 2.1313651798872284
1:03:04.841771: phb 2.20572549076253
1:03:04.857436: phb 2.2266342721500685
1:03:04.873064: phb 2.3325412646957644
1:03:04.888542: phb 2.375186360268321
1:03:04.904286: phb 2.4065973759461827
1:03:04.919980: phb 2.4874990176698315
1:03:04.935567: phb 2.544081797708542
1:03:04.966781: phb 2.5785053236695203
1:03:04.966781: phb 2.61592880095144
1:03:04.982408: phb 2.652622140139496
1:03:04.998040: phb 2.6706723183859524
1:03:05.029272: phb 2.6942506529145045
1:03:05.044936: phb 2.723535047650249
1:03:05.060508: phb 2.7407045967255432
1:03:05.076239: phb 2.757638237666376
1:03:05.091682: phb 2.769672670939613
1:03:05.123063: phb 2.798487195792224
1:03:05.138539: phb 2.827102754327667
1:03:05.154292: phb 2.8432111142115186
1:03:05.169809: phb 2.859050370749241
1:03:05.185413: phb 2.8990097269962205
1:03:05.216811: phb 2.9264145839312237
1:03:05.232336: phb 2.9534447629042133
1:03:05.247927: phb 2.9657213329682146
1:03:05.279336: phb 2.9780528323822133
1:03:05.294974: phb 3.0045793103451084
1:03:05.310559: phb 3.016900400382724
1:03:05.357447: phb 3.030638831665822
1:03:05.435528: phb 3.055155020664611
1:03:05.451057: phb 3.0683580261294976
1:04:46.201778: phb 3.2796388088937265
1:04:46.295518: phb 3.2947492005010983
1:04:46.311165: phb 3.3544315831881346
1:04:46.326823: phb 3.387377689045793
1:04:46.342347: phb 3.4643886492199134
1:04:46.357988: phb 3.512118393151998
1:04:46.373653: phb 3.553605628158631
1:04:46.373653: phb 3.600085876123885
1:04:46.389236: phb 3.6459800628981798
1:04:46.404775: phb 3.6587093892149403
1:04:46.404775: phb 3.691109740062254
1:04:46.420387: phb 3.7784569558271865
1:04:46.436015: phb 3.8400778229760633
1:04:46.451642: phb 3.938847521718025
1:04:46.482978: phb 4.0164445000759255
1:04:46.498704: phb 4.130576553259021
1:04:46.514153: phb 4.209176470597656
1:04:46.529960: phb 4.304930865713796
1:04:46.545525: phb 4.3892448133242885
1:04:46.561155: phb 4.457758989957394
1:04:46.576775: phb 4.512759440419376
1:04:46.592320: phb 4.564349838507537
1:04:46.607896: phb 4.615428374778966
1:04:46.623515: phb 4.665740021954648
1:04:46.639246: phb 4.71508921281969
1:04:46.654903: phb 4.752105339585309
1:04:46.670378: phb 4.789012939586403
1:04:46.701733: phb 4.853454509948713
1:04:46.701733: phb 4.9418483732995835
1:04:46.732967: phb 4.996814606209189
1:04:46.732967: phb 5.060523637052931
1:04:46.764241: phb 5.1116096761126295
1:04:46.779904: phb 5.184101916619696
1:04:46.795379: phb 5.244561100903112
1:04:46.811011: phb 5.302582882938196
1:04:46.826785: phb 5.357945341471955
1:04:46.842351: phb 5.394428546575427
1:04:46.857991: phb 5.420447175036709
1:04:46.873663: phb 5.444533546721032
1:04:46.904899: phb 5.460802431136286
1:04:46.920524: phb 5.476594907983481
1:04:46.936113: phb 5.499441020266665
1:04:46.951629: phb 5.514566354438719
1:04:46.983057: phb 5.544785724349208
1:04:46.983057: phb 5.559867392330422
1:04:47.014297: phb 5.581801822429897
1:04:47.029905: phb 5.61153231366362
1:04:47.045569: phb 5.641062850951668
1:04:47.045569: phb 5.676308670631467
1:04:47.076816: phb 5.6993289567267995
1:04:47.108085: phb 5.742158116902351
1:04:47.123540: phb 5.751034483261446
1:04:47.139242: phb 5.784092132718281
1:04:47.154870: phb 5.797851269651273
1:04:47.170532: phb 5.811493429431889
1:04:47.217315: phb 5.838416580299251
1:04:47.248599: phb 5.8598709584126425
1:04:47.279757: phb 5.876591195282851
1:04:47.295496: phb 5.898095133078528
1:04:47.311150: phb 5.91057322045017
1:04:47.357899: phb 5.938325123918365
1:04:47.389317: phb 5.947191096635373
1:04:47.451628: phb 5.962076940611023
1:04:47.498704: phb 5.985276159800734
1:04:47.514237: phb 5.996667674867432
1:04:47.529900: phb 6.014246030984244
1:04:47.561152: phb 6.036492372124798
1:04:47.576632: phb 6.058163531578432
1:04:47.592348: phb 6.066880238248434
1:04:47.623698: phb 6.094911185419017
1:04:47.639286: phb 6.105260932467368
1:04:47.670528: phb 6.124138678699452
1:04:47.686010: phb 6.141561300956569
1:04:47.733087: phb 6.160155201796442
1:04:47.779861: phb 6.178507337554337
1:05:04.154945: phb 5.797612082849056
1:05:04.279948: phb 5.77495903177134
1:05:04.295527: phb 5.73548239947308
1:05:04.311155: phb 5.700286131363594
1:05:04.311155: phb 5.641320783566324
1:05:04.326735: phb 5.606242578779527
1:05:04.342411: phb 5.57903229006436
1:05:04.358024: phb 5.517210009411685
1:05:04.373582: phb 5.482461247206846
1:05:04.389312: phb 5.448083683747797
1:05:04.389312: phb 5.413821686853522
1:05:04.420523: phb 5.336202929335834
1:05:04.436120: phb 5.2823050456561065
1:05:04.451730: phb 5.211157143836573
1:05:04.467403: phb 5.104102924686476
1:05:04.482928: phb 5.0040503959467415
1:05:04.514127: phb 4.9274077942239325
1:05:04.529929: phb 4.833732143989923
1:05:04.545526: phb 4.73549619921933
1:05:04.561148: phb 4.6734261148135365
1:05:04.576634: phb 4.612909162410918
1:05:04.592399: phb 4.565638759840802
1:05:04.607977: phb 4.517097638968032
1:05:04.623569: phb 4.478913063113633
1:05:04.639235: phb 4.450716809835305
1:05:04.654907: phb 4.413779654780771
1:05:04.670525: phb 4.386612013359671
1:05:04.686153: phb 4.339032245693736
1:05:04.701649: phb 4.318050845203439
1:05:04.748673: phb 4.2674009832659126
1:05:04.764310: phb 4.21259500685617
1:05:04.764310: phb 4.19152535426884
1:05:04.795497: phb 4.1606356300024085
1:05:04.811172: phb 4.142250845173183
1:05:04.826776: phb 4.1234533683072385
1:05:04.842397: phb 4.101813095943109
1:05:04.858026: phb 4.074520700428203
1:05:04.873504: phb 4.054789584433644
1:05:04.889240: phb 4.026942976064742
1:05:04.904763: phb 4.005402578215406
1:05:04.936102: phb 3.963525102498199
1:05:04.951715: phb 3.949529684146121
1:05:04.967252: phb 3.921519109663063
1:05:04.982909: phb 3.9075136539452706
1:05:05.014126: phb 3.893041295165353
1:05:05.029747: phb 3.8788592044789825
1:05:05.045376: phb 3.8571292016520435
1:05:05.061014: phb 3.827299434118526
1:05:05.076717: phb 3.7885360748397914
1:05:05.092370: phb 3.742481409698521
1:05:05.107972: phb 3.6980135361055737
1:05:05.123576: phb 3.6646108217877122
1:05:05.139259: phb 3.630746189001937
1:05:05.154891: phb 3.6112568492488593
1:05:05.186123: phb 3.5711015161892
1:05:05.186123: phb 3.53559624743822
1:05:05.201778: phb 3.5145658761759258
1:05:05.232942: phb 3.4823635123397176
1:05:05.232942: phb 3.4714597027165697
1:05:05.264337: phb 3.4604748810752106
1:05:05.295590: phb 3.438264282265566
1:05:05.342461: phb 3.4157490172406213
1:05:05.357975: phb 3.4043814601340565
1:05:05.373502: phb 3.392945004834368
1:05:05.404920: phb 3.355700881953648
1:05:05.436164: phb 3.3325186922622296
1:05:05.451739: phb 3.309127994476849
1:05:05.483009: phb 3.2973606782560028
1:05:05.498632: phb 3.2855507952995473
1:05:05.514264: phb 3.26181026433147
1:05:05.529763: phb 3.2498881230544767
1:05:05.545528: phb 3.2259519949975832
1:05:05.561142: phb 3.2139468615487505
1:05:05.576736: phb 3.2019196984324028
1:05:05.608013: phb 3.165748199043681
1:05:05.623607: phb 3.141593206569691
1:05:05.639268: phb 3.1174371081359062
1:05:05.654909: phb 3.081265608747184
1:05:05.701774: phb 3.0452514065843967
1:05:05.701774: phb 3.0213750428481165
1:05:05.717403: phb 2.9858246289235835
1:05:05.732900: phb 2.974057312702737
1:05:05.748611: phb 2.9506666149173575
1:05:05.764263: phb 2.9390479305392363
1:05:05.779899: phb 2.9159798271356614
1:05:05.795525: phb 2.9045346189661334
1:05:05.811006: phb 2.856141982609058
1:05:05.826783: phb 2.8414637892374093
1:05:05.842404: phb 2.804063333655869
1:05:05.858021: phb 2.753290447181923
1:05:05.873503: phb 2.726008630056698
1:05:05.889288: phb 2.6599212646290784
1:05:05.904865: phb 2.625780717727897
1:05:05.920394: phb 2.544957009798391
1:05:05.936011: phb 2.4912476948785907
1:05:05.951726: phb 2.44505758130023
1:05:05.967396: phb 2.4078676242850388
1:05:05.998578: phb 2.3632466981664675
1:05:06.014345: phb 2.3359867425222562
1:05:06.029776: phb 2.2616674465226794
1:05:06.045387: phb 2.211960708389168
1:05:06.061017: phb 2.152608753920565
1:05:06.076772: phb 2.0992418304555507
1:05:06.092255: phb 2.062991898380901
1:05:06.107893: phb 2.038009275271428
1:05:06.123596: phb 1.9861185180661618
1:05:06.139230: phb 1.9455606682395294
1:05:06.154755: phb 1.8894192858243275
1:05:06.170518: phb 1.8605240290918506
1:05:06.201634: phb 1.8012516231990996
1:05:06.217328: phb 1.770957752918554
1:05:06.232983: phb 1.7402855848583647
1:05:06.248533: phb 1.6780234108006025
1:05:06.264279: phb 1.6465440328964456
1:05:06.279903: phb 1.6307452607797313
1:05:06.295530: phb 1.5831974625138467
1:05:06.311098: phb 1.551141604885414
1:05:06.326771: phb 1.5028567137476565
1:05:06.342325: phb 1.4183430754907334
1:05:06.358022: phb 1.3098871512822132
1:05:06.373614: phb 1.1868658792330005
1:05:06.389153: phb 1.0735993818324743
1:05:06.404753: phb 0.9891496703127549
1:05:06.420524: phb 0.9038080617644546
1:05:06.451683: phb 0.8427896284994205
1:05:06.467411: phb 0.7945656739703122
1:05:06.467411: phb 0.759670025221101
1:05:06.498620: phb 0.7242352347865642
1:05:06.514130: phb 0.7008908554362895
1:05:06.529917: phb 0.6545044733841092
1:05:06.545378: phb 0.6349846641206749
1:05:06.576814: phb 0.6164461650893569
1:05:06.592375: phb 0.5947473509926271
1:05:06.608035: phb 0.5732291168717728
1:05:06.639277: phb 0.564933031356526
1:05:06.670537: phb 0.5361519089138519
1:05:06.686146: phb 0.5285747200493425
1:05:06.733022: phb 0.5083967626448519
1:05:22.248690: amp 69
1:05:22.592447: amp 72
1:05:22.607990: amp 73
1:05:22.670531: amp 74
1:05:22.717357: amp 75
1:05:22.748601: amp 76
1:05:22.795487: amp 77
1:05:22.826834: amp 78
1:05:22.873658: amp 79
1:05:22.920521: amp 80
1:05:22.982990: amp 81
1:05:23.029938: amp 82
1:05:23.108072: amp 83
1:05:23.217361: amp 84
1:05:23.279950: amp 85
1:05:23.326775: amp 86
1:05:23.404947: amp 87
1:05:23.561027: amp 88
1:05:23.686194: amp 89
1:05:33.436095: freq 0.25
1:05:33.436095: freq 0.3
1:05:33.561107: freq 0.35
1:05:33.561107: freq 0.35
1:05:33.576636: freq 0.4
1:05:33.654756: freq 0.45
1:05:33.701762: freq 0.5
1:05:33.811195: freq 0.55
1:05:33.920533: freq 0.6
1:05:34.123704: freq 0.65
1:05:34.420553: freq 0.7
1:05:38.842442: freq 0.65
1:05:38.951630: freq 0.6
1:05:38.998609: freq 0.55
1:05:39.092349: freq 0.5
1:05:39.154937: freq 0.45
1:05:39.264224: freq 0.4
1:06:02.670569: amp 85
1:06:03.483082: amp 84
1:06:03.623697: amp 80
1:06:03.639282: amp 79
1:06:03.654898: amp 78
1:06:03.686192: amp 77
1:06:03.701726: amp 76
1:06:03.717457: amp 75
1:06:03.748632: amp 74
1:06:03.764321: amp 72
1:06:03.795579: amp 71
1:06:03.811178: amp 69
1:06:03.826780: amp 68
1:06:03.842341: amp 66
1:06:03.858042: amp 64
1:06:03.873650: amp 63
1:06:03.889297: amp 61
1:06:03.904888: amp 59
1:06:03.920381: amp 58
1:06:03.936113: amp 56
1:06:03.951777: amp 55
1:06:03.983062: amp 54
1:06:04.014194: amp 53
1:06:04.029909: amp 52
1:06:04.076765: amp 51
1:06:04.154941: amp 50
1:08:43.937056: phb 1.1557368940164277
1:08:44.233880: phb 1.18431139199146
1:08:44.249507: phb 1.2037402002318123
1:08:44.265051: phb 1.2632770583799289
1:08:44.280611: phb 1.28607360682679
1:08:44.312065: phb 1.3793537411656431
1:08:44.312065: phb 1.5164884115627584
1:08:44.343275: phb 1.5789348076034235
1:08:44.343275: phb 1.6620141987197392
1:08:44.405762: phb 1.7539425063139744
1:08:44.405762: phb 1.8037913425555672
1:08:44.405762: phb 1.8620740570303815
1:08:44.437048: phb 1.899853562607269
1:08:44.437048: phb 1.9275682203000197
1:08:44.437048: phb 1.9547220287084037
1:08:44.468322: phb 1.9725017027562104
1:08:44.483884: phb 2.0026406728438038
1:08:44.499518: phb 2.045405058001005
1:08:44.515000: phb 2.0667812063972493
1:08:44.530702: phb 2.0881290131821184
1:08:44.546330: phb 2.106088122884094
1:08:44.562005: phb 2.127606684116199
1:08:44.577594: phb 2.1409349401584645
1:08:44.624550: phb 2.165210697069836
1:08:44.624550: phb 2.182195704596954
1:08:44.624550: phb 2.210489231681319
1:08:44.671253: phb 2.230968052699211
1:08:44.671253: phb 2.273149303045111
1:08:44.687017: phb 2.294837493566825
1:08:44.718121: phb 2.324192505685793
1:08:44.733756: phb 2.3620789633617534
1:08:44.733756: phb 2.4000370115215706
1:08:44.765179: phb 2.4453580851936785
1:08:44.765179: phb 2.490315098608609
1:08:44.780611: phb 2.5374248272949407
1:08:44.827556: phb 2.5851717710740125
1:08:44.827556: phb 2.6239479065547577
1:08:44.843113: phb 2.6575247365862578
1:08:44.843113: phb 2.6914743168328688
1:08:44.858878: phb 2.7157804171199116
1:08:44.874505: phb 2.7541961609790597
1:08:44.890067: phb 2.774346051370281
1:08:44.921239: phb 2.8122792712846394
1:08:44.921239: phb 2.8360845896556066
1:08:44.952584: phb 2.8728667710337357
1:08:44.968270: phb 2.9063311563300442
1:08:44.983864: phb 2.9396027714521042
1:08:44.999503: phb 2.974359688903165
1:08:45.014988: phb 3.0066912486655983
1:08:45.030726: phb 3.100707967028217
1:08:45.046420: phb 3.202877737534574
1:08:45.062014: phb 3.3433481759435235
1:08:45.077641: phb 3.4578684252561653
1:08:45.093125: phb 3.5510351576467416
1:08:45.140049: phb 3.6478699023224124
1:08:45.140049: phb 3.7332401107256032
1:08:45.155715: phb 3.826031223364996
1:08:45.155715: phb 3.9096937247236925
1:08:45.171379: phb 3.9771299152406954
1:08:45.202491: phb 4.0311074728265455
1:08:45.233738: phb 4.0602211033038875
1:08:46.280802: phb 4.156703001277289
1:08:46.343309: phb 4.192663046609965
1:08:46.358733: phb 4.223778047437417
1:08:46.374360: phb 4.277759488111454
1:08:46.390049: phb 4.341464676350173
1:08:46.421243: phb 4.395932976350746
1:08:47.358842: phb 4.2723677877993556
1:08:47.437004: phb 4.303683106107191
1:08:47.468211: phb 4.340848088215877
1:08:47.468211: phb 4.367040961005679
1:08:47.499369: phb 4.425511420769354
1:08:47.499369: phb 4.450528423816282
1:08:47.515132: phb 4.502119650473422
1:08:47.530773: phb 4.526023660146984
1:08:47.546333: phb 4.572847802886684
1:08:47.562014: phb 4.6289140945698835
1:08:47.577586: phb 4.672183937816888
1:08:47.593222: phb 4.704250507337277
1:08:47.608886: phb 4.724952754251855
1:08:47.624505: phb 4.755410880556513
1:08:47.639993: phb 4.775760323694692
1:08:47.671428: phb 4.7960573549122465
1:08:47.702580: phb 4.816286455178402
1:08:47.718199: phb 4.8263692108953045
1:08:47.733850: phb 4.845126533152797
1:08:47.780700: phb 4.864919336747527
1:08:47.858830: phb 4.88290385588436
1:08:47.937032: phb 4.902261388152491
1:08:47.968183: phb 4.9214750949474695
1:08:48.515174: phb 4.997766589601109
1:08:48.686882: phb 4.9707426282737215
1:08:48.718236: phb 4.952507448686753
1:08:48.733877: phb 4.943327197972446
1:08:48.764989: phb 4.924849453924128
1:08:48.796430: phb 4.906222384868795
1:08:48.968129: phb 4.8874589722060735
1:09:30.390000: phb 4.779881079455586
1:09:30.452683: phb 4.815602004905865
1:09:30.468258: phb 4.827993397769033
1:09:30.483844: phb 4.8631752812305065
1:09:30.499556: phb 4.923532221801326
1:09:30.515098: phb 4.985159526935595
1:09:30.530728: phb 5.025433161276419
1:09:30.546388: phb 5.0403371608438245
1:09:30.562024: phb 5.077732256432646
1:09:30.577585: phb 5.088728211676178
1:09:30.608926: phb 5.121141453748528
1:09:30.624510: phb 5.1422599740998685
1:09:30.655753: phb 5.173184201238751
1:09:30.812054: phb 5.143912307586436
1:09:30.827484: phb 5.1194782580159925
1:09:30.843239: phb 5.0670587473481
1:09:30.874456: phb 4.988507623399888
1:09:30.874456: phb 4.922770719278643
1:09:30.889986: phb 4.878094182664194
1:09:30.921392: phb 4.800532950787381
1:09:30.936858: phb 4.746985041115649
1:09:30.936858: phb 4.703987988237097
1:09:30.968253: phb 4.6717521253515395
1:09:30.983893: phb 4.6289140945698835
1:09:30.999545: phb 4.575811198055085
1:09:31.014987: phb 4.513119623658193
1:09:31.030706: phb 4.451974335579591
1:09:31.046358: phb 4.409194735389278
1:09:31.061975: phb 4.370096594491334
1:09:31.077637: phb 4.33775755903256
1:09:31.093210: phb 4.3095294516498885
1:09:31.124394: phb 4.2910781782757175
1:09:31.140141: phb 4.2552229604742475
1:09:31.140141: phb 4.237290484605907
1:09:31.155761: phb 4.219683613650899
1:09:31.186975: phb 4.202403394514633
1:09:31.202488: phb 4.167071664451627
1:09:31.218111: phb 4.150438573136193
1:09:31.233890: phb 4.134147449935161
1:09:31.249508: phb 4.1103455923454675
1:09:31.265055: phb 4.102579447935347
1:09:31.280761: phb 4.089429372067503
1:09:31.296378: phb 4.074257828169129
1:09:31.327499: phb 4.05212578030761
1:09:31.358935: phb 4.037780863433772
1:09:31.374464: phb 4.018012344962716
1:09:31.436997: phb 3.9975288869725167
1:09:31.468228: phb 3.9849852162225154
1:09:31.515133: phb 3.953387680942168
1:09:31.546338: phb 3.9346660286834294
1:09:31.608909: phb 3.915980746545959
1:09:31.686908: phb 3.8858608852474945
1:09:31.702576: phb 3.8800881166234156
1:09:32.968206: phb 3.760710010915235
1:09:33.015130: phb 3.736885392710646
1:09:33.030714: phb 3.712909787552541
1:09:33.046297: phb 3.6980135361055737
1:09:33.061936: phb 3.6794998386603455
1:09:33.093259: phb 3.660567983232597
1:09:33.108752: phb 3.6210513334823293
1:09:33.124507: phb 3.5865755183846146
1:09:33.140091: phb 3.5562661815130627
1:09:33.171389: phb 3.531306835289316
1:09:33.171389: phb 3.4999080149329997
1:09:33.186862: phb 3.474824193762551
1:09:33.218229: phb 3.449904334734175
1:09:33.233898: phb 3.414399151616722
1:09:33.249511: phb 3.4006704258605773
1:09:33.265077: phb 3.3764107661868366
1:09:33.296281: phb 3.3373330523580726
1:09:33.327481: phb 3.3141856113735253
1:09:33.343206: phb 3.292962620114434
1:09:33.358825: phb 3.280800702105586
1:09:33.374457: phb 3.270215549907584
1:09:33.405721: phb 3.2478221430055854
1:09:33.436954: phb 3.236264765773719
1:09:33.468101: phb 3.2153129226991717
1:09:33.515179: phb 3.19320978767604
1:09:33.546422: phb 3.1824773401513697
1:11:57.855084: phb 3.387157253790178
1:11:57.902091: phb 3.3978471423817376
1:11:57.917618: phb 3.4190454279049622
1:11:57.948887: phb 3.439991798660082
1:11:57.980190: phb 3.450364922626354
1:11:58.042670: phb 3.4709069697819213
1:11:58.089481: phb 3.491163701004798
1:11:58.120711: phb 3.5011825843234767
1:11:58.152087: phb 3.5307845611227684
1:11:58.167667: phb 3.540496606883568
1:11:58.198985: phb 3.5691581031004955
1:11:58.214457: phb 3.578550950816174
1:11:58.230077: phb 3.597090185423179
1:11:58.245708: phb 3.6062364221045082
1:11:58.276997: phb 3.6242784423998184
1:11:58.308245: phb 3.641986473549384
1:11:58.339504: phb 3.667916770674611
1:11:58.355036: phb 3.6763911459747685
1:11:58.370694: phb 3.6930887879415213
1:11:58.402055: phb 3.717504798225959
1:11:58.433304: phb 3.733364601969181
1:11:58.464435: phb 3.7488933667412607
1:11:58.511420: phb 3.764094781459968
1:11:58.542687: phb 3.784459627515548
1:11:58.573978: phb 3.8046753435075207
1:11:58.620840: phb 3.8189938417270697
1:11:58.636428: phb 3.8329893302173255
1:11:58.667638: phb 3.8650774959336367
1:11:58.683295: phb 3.877714347709688
1:11:58.698781: phb 3.884308526581927
1:11:58.730002: phb 3.9033299864635396
1:11:58.761426: phb 3.9221316752187825
1:11:58.839467: phb 3.9407043707055105
1:11:58.964594: phb 3.959039621317391
1:12:34.440486: phb 3.7274913989787937
1:12:34.440486: phb 3.720116815850009
1:12:34.487452: phb 3.705852290975314
1:12:34.502981: phb 3.6812542679820632
1:12:34.534220: phb 3.6574055966894914
1:12:34.549776: phb 3.6342959472109864
1:12:34.612257: phb 3.606425332136772
1:12:34.628034: phb 3.590253510741012
1:12:34.643554: phb 3.5850832270721176
1:12:34.690408: phb 3.5584565306855276
1:12:34.721646: phb 3.5382696135195704
1:12:34.753038: phb 3.5274220185748777
1:12:34.815563: phb 3.508014219359717
1:12:34.831068: phb 3.4931836522629554
1:12:34.862464: phb 3.467753281998082
1:12:34.878027: phb 3.4568746117952713
1:12:34.909138: phb 3.4348838219144233
1:12:34.940513: phb 3.4205822742666023
1:12:34.956123: phb 3.4095167545909812
1:12:34.987403: phb 3.387185995431012
1:12:35.003032: phb 3.3759241498408525
1:12:35.034283: phb 3.353221302549032
1:12:35.096809: phb 3.3372363364920794
1:12:35.221795: phb 3.3147062821771063
1:12:35.299955: phb 3.303372324441913
1:12:35.393633: phb 3.280581928143209
1:12:35.424787: phb 3.269129956535999
1:12:35.503079: phb 3.2449327426689822
1:12:35.706098: phb 3.233518792761586
1:12:42.082679: amp 47
1:12:42.129496: amp 46
1:12:42.223201: amp 45
1:12:42.316856: amp 44
1:12:42.348268: amp 43
1:12:42.379504: amp 42
1:12:42.395076: amp 41
1:12:42.426380: amp 40
1:12:42.457456: amp 39
1:12:42.489296: amp 38
1:12:42.520523: amp 37
1:12:42.567466: amp 36
1:12:42.692312: amp 35
1:14:38.279574: freq 0.25
1:14:38.279574: freq 0.2
1:14:38.435802: freq 0.1
1:14:38.513858: freq 0.1
1:14:38.513858: freq 0.05
1:14:38.513858: freq 0.05
1:14:38.591987: freq 0
1:14:56.656018: amp 38
1:14:56.663971: amp 39
1:14:56.750177: amp 40
1:14:56.922969: amp 41
1:14:57.064199: amp 42
1:14:57.204851: amp 43
1:14:57.407757: amp 44
1:14:58.175161: amp 45
1:16:01.584640: phb 3.166043431575486
1:16:01.662603: phb 3.1415932133309687
1:16:01.694017: phb 3.1171418756041005
1:16:01.709554: phb 3.1049264559508356
1:16:01.725258: phb 3.092720856449795
1:16:01.740891: phb 3.0683580261294976
1:16:01.756463: phb 3.056206827773062
1:16:01.772130: phb 3.0319846799571937
1:16:01.787753: phb 3.0078898571776116
1:16:01.803299: phb 2.983951267727362
1:16:01.818900: phb 2.9601934545614075
1:16:01.834543: phb 2.936639793138247
1:16:01.865897: phb 2.9133155597832476
1:16:01.881419: phb 2.890241352578158
1:16:01.897038: phb 2.8788038470455297
1:16:01.928320: phb 2.856141982609058
1:16:01.943946: phb 2.8449210249140204
1:16:01.990887: phb 2.8337765191231665
1:16:02.069000: phb 2.811725604463017
1:16:02.162801: phb 2.8008217948398686
1:18:10.261683: phb 2.8483014852651634
1:18:10.433582: phb 2.8263116950037217
1:18:10.464838: phb 2.8154320251815044
1:18:10.495965: phb 2.793913742105763
1:18:10.511576: phb 2.7832772922465865
1:18:10.542922: phb 2.7622588570205693
1:18:10.558444: phb 2.7415858476172934
1:18:10.574138: phb 2.731382958916501
1:18:10.621093: phb 2.7013142945367967
1:18:10.652338: phb 2.6914743168328688
1:18:10.699172: phb 2.6625133911697425
1:18:10.714661: phb 2.6530469750633907
1:18:10.746045: phb 2.6292217961478017
1:18:10.761586: phb 2.6054513597971587
1:18:10.792833: phb 2.59081245165444
1:18:10.808455: phb 2.5670748021609215
1:18:10.839761: phb 2.528657960609646
1:18:10.855428: phb 2.5137783562792086
1:18:10.870990: phb 2.4838129360415597
1:18:10.886674: phb 2.4687401269280134
1:18:10.917975: phb 2.4232389788595268
1:18:10.933545: phb 2.40800004524395
1:18:10.949168: phb 2.3699189975666437
1:18:10.980359: phb 2.3467314113421605
1:18:11.011724: phb 2.3083138332423987
1:18:11.027287: phb 2.2706215694251033
1:18:11.058507: phb 2.231869493184561
1:18:11.074091: phb 2.214571987130367
1:18:11.214835: phb 2.20575041682397
1:18:11.277162: phb 2.190366286121443
1:18:11.339714: phb 2.1688840560174074
1:18:11.355387: phb 2.144713932941562
1:18:11.386725: phb 2.1296845180092614
1:18:11.402290: phb 2.114757133787661
1:18:11.449112: phb 2.096013668802474
1:18:11.480429: phb 2.067117807392275
1:18:11.527186: phb 2.042225802695964
1:18:11.542737: phb 2.0221825614255335
1:18:11.558545: phb 2.0072336010887626
1:18:11.574175: phb 1.9867637671108054
1:18:11.605464: phb 1.965916975209707
1:18:11.620958: phb 1.9553542048006827
1:18:11.636578: phb 1.9405469454236035
1:18:11.667973: phb 1.9083536518765787
1:18:11.730430: phb 1.8864756320402478
1:18:11.808588: phb 1.8719651798662085
1:18:11.839784: phb 1.857674182207266
1:18:11.917979: phb 1.8326568833633046
1:18:12.042965: phb 1.8216493544807166
1:18:18.496057: phb 1.5381801260300716
1:18:18.558507: phb 1.5528754554203648
1:18:18.589772: phb 1.567579875631899
1:18:18.605461: phb 1.5822856868015114
1:18:18.620957: phb 1.6116747166231769
1:18:18.636583: phb 1.6263466192434086
1:18:18.652149: phb 1.6556111784093948
1:18:18.667845: phb 1.670192833177708
1:18:18.683403: phb 1.68473087689527
1:18:18.745889: phb 1.7136591693526522
1:18:18.761757: phb 1.7280352769875431
1:18:18.808784: phb 1.7423474586813534
1:18:18.840765: phb 1.7707534485242211
1:18:18.856288: phb 1.7848383130857637
1:18:18.871984: phb 1.8127449718855873
1:18:18.887604: phb 1.82655893360391
1:18:18.903280: phb 1.8807834669073538
1:18:18.918856: phb 1.9510619012142658
1:18:18.934398: phb 2.0195626495893992
1:18:18.965662: phb 2.0438697415199707
1:18:18.965662: phb 2.104076801267764
1:18:18.981361: phb 2.152608753920565
1:18:19.012598: phb 2.1824164579168976
1:18:19.028273: phb 2.2389991689092446
1:18:19.043867: phb 2.2963451031235134
1:18:19.059481: phb 2.3541264023663167
1:18:19.075074: phb 2.4196154373244396
1:18:19.090777: phb 2.493746527869973
1:18:19.106277: phb 2.6019310391975234
1:18:19.123104: phb 2.6594026822530155
1:18:19.138215: phb 2.7554038099597555
1:18:19.154077: phb 2.8659484689618213
1:18:19.169604: phb 2.9436700501153603
1:18:19.185233: phb 3.0319846799571937
1:18:19.200912: phb 3.0933102705796824
1:18:19.216454: phb 3.165178563672492
1:18:19.232044: phb 3.2473525783044535
1:18:19.247701: phb 3.328119543342998
1:18:19.278984: phb 3.384402275200952
1:18:19.294527: phb 3.442501218974017
1:18:19.310136: phb 3.4999080149329997
1:18:19.325928: phb 3.56082187152678
1:18:19.341402: phb 3.6214489393360987
1:18:19.357107: phb 3.677451621745661
1:18:19.372717: phb 3.7278336906490734
1:18:19.388320: phb 3.7933079712905395
1:18:19.403943: phb 3.8493828979317697
1:18:19.419572: phb 3.8969376314488877
1:18:19.435197: phb 3.9756189916413014
1:18:19.451672: phb 4.044620508640467
1:18:19.466773: phb 4.0751326891669
1:18:19.483347: phb 4.137937943469383
1:18:19.498456: phb 4.205259428345794
1:18:19.514144: phb 4.250687636702898
1:18:19.545484: phb 4.290149893928399
1:18:19.561092: phb 4.319540624291195
1:18:19.576783: phb 4.344424820249551
1:18:19.592224: phb 4.36557077633973
1:18:19.607990: phb 4.377664216347783
1:18:19.623622: phb 4.389617236067125
1:18:19.670565: phb 4.41034180405383
1:18:19.733069: phb 4.43990923814196
1:18:19.748516: phb 4.453732180825303
1:18:19.764132: phb 4.4626539420684574
1:18:19.857968: phb 4.484800558458439
1:18:19.889215: phb 4.497578259389906
1:18:23.232882: phb 4.807665766549819
1:18:23.358544: phb 4.786286506061479
1:18:23.381766: phb 4.751149303696279
1:18:23.389825: phb 4.702622904803704
1:18:23.405545: phb 4.639338420128671
1:18:23.421291: phb 4.600280570795797
1:18:23.436745: phb 4.558596196296861
1:18:23.452446: phb 4.517799198367366
1:18:23.483692: phb 4.476572151849529
1:18:23.483692: phb 4.418623683009264
1:18:23.499363: phb 4.351690017595238
1:18:23.514926: phb 4.292778304908722
1:18:23.546189: phb 4.221874573975242
1:18:23.561753: phb 4.181140924812675
1:18:23.577429: phb 4.134025008827394
1:18:23.593015: phb 4.115849951047871
1:18:23.608643: phb 4.060606212408507
1:18:23.624301: phb 3.995775172915649
1:18:23.639933: phb 3.871341510813355
1:18:23.655538: phb 3.776084160415981
1:18:23.671177: phb 3.567281811598955
1:18:23.686810: phb 3.4189724718991537
1:18:23.702427: phb 3.2997480952186904
1:18:23.718051: phb 3.1948579113307574
1:18:23.733680: phb 3.0915247950727447
1:18:23.749301: phb 3.0075028502831307
1:18:23.764929: phb 2.9365396602002503
1:18:23.780543: phb 2.87401624725003
1:18:23.811852: phb 2.8106554327024007
1:18:23.827563: phb 2.7570437603952405
1:18:23.843145: phb 2.7009228501117297
1:18:23.858812: phb 2.6611768010850096
1:18:23.874949: phb 2.6370216078004236
1:18:23.890738: phb 2.5848030944395552
1:18:23.906287: phb 2.5724314116792772
1:18:23.922031: phb 2.537225462881168
1:18:23.937515: phb 2.5116124542047737
1:18:23.953176: phb 2.4685115694253477
1:18:23.968806: phb 2.389206763845044
1:18:23.984362: phb 2.3405474149790626
1:18:24.000142: phb 2.2755330112470658
1:18:24.015592: phb 2.230968052699211
1:18:24.031226: phb 2.183080931556016
1:18:24.047036: phb 2.1363874984738342
1:18:24.078219: phb 2.0852357402435078
1:18:24.093930: phb 2.0274921841755624
1:18:24.109391: phb 1.983519791719292
1:18:24.125151: phb 1.9450855266666958
1:18:24.140688: phb 1.910859856651856
1:18:24.156304: phb 1.8798873793241853
1:18:24.171936: phb 1.8588886063497465
1:18:24.187552: phb 1.8376262208487426
1:18:24.203180: phb 1.7834108280874295
1:18:24.218801: phb 1.7390891603960108
1:18:24.234431: phb 1.6713899547740096
1:18:24.250059: phb 1.659998677417506
1:18:24.265625: phb 1.6142323575074107
1:18:24.281236: phb 1.5912676153600258
1:18:24.312678: phb 1.5566257662630583
1:18:24.343813: phb 1.5333868236547998
1:18:24.359350: phb 1.5101882283581496
1:18:24.374987: phb 1.4860731395606488
1:18:24.390784: phb 1.474405493295992
1:18:24.422020: phb 1.436445651501014
1:18:24.437559: phb 1.412860707677889
1:18:24.453267: phb 1.3991048202510887
1:18:24.468896: phb 1.3850759644680917
1:18:24.484440: phb 1.3613377142456564
1:18:24.499969: phb 1.3495555657552893
1:18:24.515687: phb 1.3232465570695038
1:18:24.531316: phb 1.3115320166740252
1:18:24.546858: phb 1.2998898197837772
1:18:24.578247: phb 1.2768332254919796
1:18:24.593939: phb 1.261796783169171
1:18:24.609480: phb 1.238993173937975
1:18:24.640625: phb 1.2277222086673352
1:18:24.672080: phb 1.2011818496104418
1:18:24.728702: phb 1.1900825362854066
1:18:24.750388: phb 1.174508386885902
1:18:24.766147: phb 1.14773717976501
1:18:24.781637: phb 1.1427568394073202
1:18:24.813036: phb 1.115630692735052
1:21:00.712513: amp 41
1:21:00.946889: amp 38
1:21:00.946889: amp 37
1:21:00.962512: amp 36
1:21:00.978448: amp 35
1:21:00.994216: amp 33
1:21:01.009935: amp 31
1:21:01.025432: amp 29
1:21:01.040989: amp 27
1:21:01.056674: amp 24
1:21:01.072300: amp 22
1:21:01.087929: amp 20
1:21:01.103526: amp 18
1:21:01.119145: amp 16
1:21:01.134806: amp 15
1:21:01.166094: amp 13
1:21:01.181774: amp 12
1:21:01.197393: amp 11
1:21:01.212870: amp 9
1:21:01.228595: amp 8
1:21:01.244242: amp 7
1:21:01.259848: amp 6
1:21:01.277717: amp 5
1:21:01.338447: amp 3
1:21:01.338447: amp 1
1:21:01.338447: amp 0
1:21:05.964824: off 6
1:21:06.105434: off 11
1:21:06.121157: off 13
1:21:06.136758: off 16
1:21:06.152318: off 17
1:21:06.183488: off 21
1:21:06.199257: off 26
1:21:06.214825: off 28
1:21:06.230508: off 33
1:21:06.246174: off 37
1:21:06.261803: off 41
1:21:06.277350: off 44
1:21:06.292956: off 48
1:21:06.309335: off 51
1:21:06.324495: off 54
1:21:06.340268: off 57
1:21:06.355996: off 60
1:21:06.371570: off 62
1:21:06.387202: off 64
1:21:06.402732: off 67
1:21:06.418364: off 69
1:21:06.449631: off 72
1:21:06.465235: off 73
1:21:06.480801: off 76
1:21:06.496625: off 78
1:21:06.512237: off 81
1:21:06.527864: off 82
1:21:06.543499: off 85
1:21:06.559088: off 86
1:21:06.574675: off 87
1:21:06.590272: off 88
1:21:06.621620: off 89
1:21:06.652845: off 90
1:21:06.855801: off 91
1:21:06.981154: off 92
1:21:07.012408: off 93
1:21:07.106173: off 94
