0:02:26.607648: amp 35
0:02:26.607648: amp 31
0:02:34.968910: amp 16
0:02:37.814279: off 53
0:03:04.213498: freq 0
0:03:04.213498: amp 0
0:03:04.213498: off 90
0:03:04.213498: phb 0
0:03:29.395599: amp 26
0:03:34.567813: freq 0.35
0:03:51.011379: freq 0.25
0:04:38.669595: off 60
0:04:43.528929: freq 0.5
0:04:45.044615: freq 0.75
0:04:48.013349: freq 0.5
0:04:49.669969: freq 0.3
0:05:10.238252: freq 1
0:05:14.207028: freq 0.7
0:05:14.988776: freq 0.5
0:05:24.739865: phb 1.9115092814007708
0:05:24.755400: phb 1.8972820616598094
0:05:24.770970: phb 1.8832530430311267
0:05:26.068794: phb 0.42001603659612613
0:05:26.693859: phb 4.0227631650028695
0:05:26.818776: phb 4.023294203626124
0:05:27.725082: phb 3.0545805417106644
0:05:29.569538: phb 3.530444367137267
0:05:58.728838: off 62
0:05:58.838212: off 70
0:05:58.853793: off 75
0:05:58.869452: off 80
0:05:58.884885: off 84
0:05:58.900477: off 94
0:05:58.916225: off 98
0:05:58.931745: off 110
0:05:58.947443: off 119
0:05:58.963058: off 127
0:05:58.978715: off 135
0:05:58.994274: off 141
0:05:59.025666: off 147
0:05:59.041299: off 153
0:05:59.056878: off 160
0:05:59.072407: off 166
0:05:59.088177: off 171
0:05:59.103623: off 175
0:05:59.119328: off 177
0:05:59.135048: off 179
0:05:59.150616: off 180
0:06:40.796590: phb 2.231873414386665
0:06:46.827891: phb 1.2966288253340725
0:06:46.843287: phb 1.3171645337766
0:06:46.843287: phb 1.326199717659094
0:06:46.874675: phb 1.3384622988682051
0:06:46.906023: phb 1.3756655688645494
0:06:49.626461: phb 2.353519491996896
0:06:49.641964: phb 2.3656319127027765
0:06:49.641964: phb 2.4023990277263727
0:06:49.673242: phb 2.4399441783531177
0:06:53.407676: phb 3.403842877476538
0:06:53.438876: phb 3.393634276299942
0:06:55.251270: phb 0.34293498158062324
0:07:05.753856: freq 0.25
0:07:06.394463: freq 0.15
0:07:38.669153: freq 0.6
0:07:39.184681: freq 0.3
0:07:53.155785: off 148
0:07:54.936827: off 121
0:07:57.281561: off 154
