Time, Frequency, Amplitude, Offset, PhaseShift, Phase
0:00:00.088152, 0.0, 0.0, 90.0, 0.0, 5151.2373046875
0:00:00.187012, 0.0, 0.0, 90.0, 0.0, 5151.859375
0:00:00.287024, 0.0, 0.0, 90.0, 0.0, 5152.4873046875
0:00:00.378461, 0.0, 0.0, 90.0, 0.0, 5153.05908203125
0:00:00.494053, 0.0, 0.0, 90.0, 0.0, 5153.78759765625
0:00:00.579230, 0.0, 0.0, 90.0, 0.0, 5154.3212890625
0:00:00.692768, 0.0, 0.0, 90.0, 0.0, 5155.037109375
0:00:00.779053, 0.0, 0.0, 90.0, 0.0, 5155.5771484375
0:00:00.889194, 0.0, 0.0, 90.0, 0.0, 5156.26806640625
0:00:00.980716, 0.0, 0.0, 90.0, 0.0, 5156.84619140625
0:00:01.093162, 0.0, 0.0, 90.0, 0.0, 5157.55615234375
0:00:01.198940, 0.0, 0.0, 90.0, 0.0, 5158.2216796875
0:00:01.288256, 0.0, 0.0, 90.0, 0.0, 5158.78076171875
0:00:01.406794, 0.0, 0.0, 90.0, 0.0, 5159.5283203125
0:00:01.491090, 0.0, 0.0, 90.0, 0.0, 5160.0556640625
0:00:01.587095, 0.0, 0.0, 90.0, 0.0, 5160.65869140625
0:00:01.686192, 0.0, 0.0, 90.0, 0.0, 5161.2802734375
0:00:01.801766, 0.0, 0.0, 90.0, 0.0, 5162.0087890625
0:00:01.915403, 0.0, 0.0, 90.0, 0.0, 5162.724609375
0:00:01.999598, 0.0, 0.0, 90.0, 0.0, 5163.251953125
0:00:02.094254, 0.0, 0.0, 90.0, 0.0, 5163.8486328125
0:00:02.208935, 0.0, 0.0, 90.0, 0.0, 5164.56494140625
0:00:02.307181, 0.0, 0.0, 90.0, 0.0, 5165.18701171875
0:00:02.395398, 0.0, 0.0, 90.0, 0.0, 5165.73974609375
0:00:02.502317, 0.0, 0.0, 90.0, 0.0, 5166.412109375
0:00:02.614772, 0.0, 0.0, 90.0, 0.0, 5167.1220703125
0:00:02.716044, 0.0, 0.0, 90.0, 0.0, 5167.7568359375
0:00:02.802276, 0.0, 0.0, 90.0, 0.0, 5168.296875
0:00:02.914422, 0.0, 0.0, 90.0, 0.0, 5169.00634765625
0:00:02.997618, 0.0, 0.0, 90.0, 0.0, 5169.52734375
0:00:03.119604, 0.0, 0.0, 90.0, 0.0, 5170.2939453125
0:00:03.207918, 0.0, 0.0, 90.0, 0.0, 5170.8466796875
0:00:03.321460, 0.0, 0.0, 90.0, 0.0, 5171.5625
0:00:03.406328, 0.0, 0.0, 90.0, 0.0, 5172.09619140625
0:00:03.519938, 0.0, 0.0, 90.0, 0.0, 5172.81201171875
0:00:03.608177, 0.0, 0.0, 90.0, 0.0, 5173.36474609375
0:00:03.715185, 0.0, 0.0, 90.0, 0.0, 5174.037109375
0:00:03.832590, 0.0, 0.0, 90.0, 0.0, 5174.7783203125
0:00:03.915967, 0.0, 0.0, 90.0, 0.0, 5175.2998046875
0:00:04.025369, 0.0, 0.0, 90.0, 0.0, 5175.99072265625
0:00:04.132238, 0.0, 0.0, 90.0, 0.0, 5176.65673828125
0:00:04.215477, 0.0, 0.0, 90.0, 0.0, 5177.1845703125
0:00:04.331100, 0.0, 0.0, 90.0, 0.0, 5177.9072265625
0:00:04.429441, 0.0, 0.0, 90.0, 0.0, 5178.529296875
0:00:04.529473, 0.0, 0.0, 90.0, 0.0, 5179.1572265625
0:00:04.627935, 0.0, 0.0, 90.0, 0.0, 5179.77880859375
0:00:04.716144, 0.0, 0.0, 90.0, 0.0, 5180.33154296875
0:00:04.830799, 0.0, 0.0, 90.0, 0.0, 5181.0537109375
0:00:04.942263, 0.0, 0.0, 90.0, 0.0, 5181.75048828125
0:00:05.025455, 0.0, 0.0, 90.0, 0.0, 5182.2783203125
0:00:05.141115, 0.0, 0.0, 90.0, 0.0, 5183.00048828125
0:00:05.239540, 0.0, 0.0, 90.0, 0.0, 5183.62255859375
0:00:05.338799, 0.0, 0.0, 90.0, 0.0, 5184.24462890625
0:00:05.446592, 0.0, 0.0, 90.0, 0.0, 5184.92333984375
0:00:05.531953, 0.0, 0.0, 90.0, 0.0, 5185.45703125
0:00:05.646442, 0.0, 0.0, 90.0, 0.0, 5186.17919921875
0:00:05.726091, 0.0, 0.0, 90.0, 0.0, 5186.68212890625
0:00:05.839578, 0.0, 0.0, 90.0, 0.0, 5187.39208984375
0:00:05.948500, 0.0, 0.0, 90.0, 0.0, 5188.0771484375
0:00:06.029135, 0.0, 0.0, 90.0, 0.0, 5188.5859375
0:00:06.143640, 0.0, 0.0, 90.0, 0.0, 5189.30859375
0:00:06.231950, 0.0, 0.0, 90.0, 0.0, 5189.861328125
0:00:06.333420, 0.0, 0.0, 90.0, 0.0, 5190.501953125
0:00:06.456452, 0.0, 0.0, 90.0, 0.0, 5191.2744140625
0:00:06.541771, 0.0, 0.0, 90.0, 0.0, 5191.80859375
0:00:06.639249, 0.0, 0.0, 90.0, 0.0, 5192.42431640625
0:00:06.741331, 0.0, 0.0, 90.0, 0.0, 5193.06494140625
0:00:06.838608, 0.0, 0.0, 90.0, 0.0, 5193.67431640625
0:00:06.944479, 0.0, 0.0, 90.0, 0.0, 5194.34033203125
0:00:07.038854, 0.0, 0.0, 90.0, 0.0, 5194.9375
0:00:07.161588, 0.0, 0.0, 90.0, 0.0, 5195.70947265625
0:00:07.258129, 0.0, 0.0, 90.0, 0.0, 5196.3125
0:00:07.358441, 0.0, 0.0, 90.0, 0.0, 5196.94677734375
0:00:07.460683, 0.0, 0.0, 90.0, 0.0, 5197.58740234375
0:00:07.569595, 0.0, 0.0, 90.0, 0.0, 5198.27197265625
0:00:07.671146, 0.0, 0.0, 90.0, 0.0, 5198.91259765625
0:00:07.763307, 0.0, 0.0, 90.0, 0.0, 5199.49072265625
0:00:07.858642, 0.0, 0.0, 90.0, 0.0, 5200.08740234375
0:00:07.971247, 0.0, 0.0, 90.0, 0.0, 5200.796875
0:00:08.050823, 0.0, 0.0, 90.0, 0.0, 5201.29931640625
0:00:08.164436, 0.0, 0.0, 90.0, 0.0, 5202.0087890625
0:00:08.260853, 0.0, 0.0, 90.0, 0.0, 5202.6181640625
0:00:08.360106, 0.0, 0.0, 90.0, 0.0, 5203.23974609375
0:00:08.462232, 0.0, 0.0, 90.0, 0.0, 5203.88671875
0:00:08.559618, 0.0, 0.0, 90.0, 0.0, 5204.49609375
0:00:08.671147, 0.0, 0.0, 90.0, 0.0, 5205.19921875
0:00:08.779112, 0.0, 0.0, 90.0, 0.0, 5205.87744140625
0:00:08.871624, 0.0, 0.0, 90.0, 0.0, 5206.45556640625
0:00:08.964402, 0.0, 0.0, 90.0, 0.0, 5207.0400390625
0:00:09.079965, 0.0, 0.0, 90.0, 0.0, 5207.7685546875
0:00:09.162679, 0.0, 0.0, 90.0, 0.0, 5208.2900390625
0:00:09.274211, 0.0, 0.0, 90.0, 0.0, 5208.9873046875
0:00:09.370514, 0.0, 0.0, 90.0, 0.0, 5209.5966796875
0:00:09.484001, 0.0, 0.0, 90.0, 0.0, 5210.30615234375
0:00:09.582125, 0.0, 0.0, 90.0, 0.0, 5210.921875
0:00:09.679984, 0.0, 0.0, 90.0, 0.0, 5211.53759765625
0:00:09.774424, 0.0, 0.0, 90.0, 0.0, 5212.13427734375
0:00:09.887994, 0.0, 0.0, 90.0, 0.0, 5212.85009765625
0:00:09.975288, 0.0, 0.0, 90.0, 0.0, 5213.396484375
0:00:10.088819, 0.0, 0.0, 90.0, 0.0, 5214.1123046875
0:00:10.177048, 0.0, 0.0, 90.0, 0.0, 5214.6650390625
0:00:10.282034, 0.0, 0.0, 90.0, 0.0, 5215.32470703125
0:00:10.394483, 0.0, 0.0, 90.0, 0.0, 5216.03466796875
0:00:10.480833, 0.0, 0.0, 90.0, 0.0, 5216.57470703125
0:00:10.590815, 0.0, 0.0, 90.0, 0.0, 5217.265625
0:00:10.676071, 0.0, 0.0, 90.0, 0.0, 5217.79931640625
0:00:10.789693, 0.0, 0.0, 90.0, 0.0, 5218.51513671875
0:00:10.897536, 0.0, 0.0, 90.0, 0.0, 5219.19384765625
0:00:11.003478, 0.0, 0.0, 90.0, 0.0, 5219.85986328125
0:00:11.100613, 0.0, 0.0, 90.0, 0.0, 5220.46923828125
0:00:11.185984, 0.0, 0.0, 90.0, 0.0, 5221.00927734375
0:00:11.299505, 0.0, 0.0, 90.0, 0.0, 5221.72509765625
0:00:11.391807, 0.0, 0.0, 90.0, 0.0, 5222.30322265625
0:00:11.490797, 0.0, 0.0, 90.0, 0.0, 5222.92529296875
0:00:11.591848, 0.0, 0.0, 90.0, 0.0, 5223.5595703125
0:00:11.691005, 0.0, 0.0, 90.0, 0.0, 5224.18115234375
0:00:11.801546, 0.0, 0.0, 90.0, 0.0, 5224.87890625
0:00:11.890932, 0.0, 0.0, 90.0, 0.0, 5225.43798828125
0:00:11.997766, 0.0, 0.0, 90.0, 0.0, 5226.1103515625
0:00:12.111285, 0.0, 0.0, 90.0, 0.0, 5226.82666015625
0:00:12.201711, 0.0, 0.0, 90.0, 0.0, 5227.3984375
0:00:12.309588, 0.0, 0.0, 90.0, 0.0, 5228.0703125
0:00:12.403166, 0.0, 0.0, 90.0, 0.0, 5228.6611328125
0:00:12.499588, 0.0, 0.0, 90.0, 0.0, 5229.2705078125
0:00:12.613180, 0.0, 0.0, 90.0, 0.0, 5229.97998046875
0:00:12.693783, 0.0, 0.0, 90.0, 0.0, 5230.48876953125
0:00:12.805314, 0.0, 0.0, 90.0, 0.0, 5231.1923828125
0:00:12.900685, 0.0, 0.0, 90.0, 0.0, 5231.7890625
0:00:13.013285, 0.0, 0.0, 90.0, 0.0, 5232.4990234375
0:00:13.100562, 0.0, 0.0, 90.0, 0.0, 5233.04541015625
0:00:13.208489, 0.0, 0.0, 90.0, 0.0, 5233.7236328125
0:00:13.321017, 0.0, 0.0, 90.0, 0.0, 5234.43310546875
0:00:13.410317, 0.0, 0.0, 90.0, 0.0, 5234.9921875
0:00:13.518249, 0.0, 0.0, 90.0, 0.0, 5235.6708984375
0:00:13.626210, 0.0, 0.0, 90.0, 0.0, 5236.34912109375
0:00:13.707376, 0.0, 0.0, 90.0, 0.0, 5236.8642578125
0:00:13.822031, 0.0, 0.0, 90.0, 0.0, 5237.580078125
0:00:13.918827, 0.0, 0.0, 90.0, 0.0, 5238.189453125
0:00:14.025859, 0.0, 0.0, 90.0, 0.0, 5238.861328125
0:00:14.112885, 0.0, 0.0, 90.0, 0.0, 5239.408203125
0:00:14.211788, 0.0, 0.0, 90.0, 0.0, 5240.02978515625
0:00:14.331799, 0.0, 0.0, 90.0, 0.0, 5240.78369140625
0:00:14.429936, 0.0, 0.0, 90.0, 0.0, 5241.40576171875
0:00:14.529343, 0.0, 0.0, 90.0, 0.0, 5242.02734375
0:00:14.616586, 0.0, 0.0, 90.0, 0.0, 5242.580078125
0:00:14.738650, 0.0, 0.0, 90.0, 0.0, 5243.34619140625
0:00:14.823006, 0.0, 0.0, 90.0, 0.0, 5243.87353515625
0:00:14.930897, 0.0, 0.0, 90.0, 0.0, 5244.5517578125
0:00:15.031437, 0.0, 0.0, 90.0, 0.0, 5245.18603515625
0:00:15.131864, 0.0, 0.0, 90.0, 0.0, 5245.81396484375
0:00:15.231042, 0.0, 0.0, 90.0, 0.0, 5246.435546875
0:00:15.342533, 0.0, 0.0, 90.0, 0.0, 5247.13916015625
0:00:15.429680, 0.0, 0.0, 90.0, 0.0, 5247.685546875
0:00:15.536645, 0.0, 0.0, 90.0, 0.0, 5248.3642578125
0:00:15.651177, 0.0, 0.0, 90.0, 0.0, 5249.08056640625
0:00:15.750714, 0.0, 0.0, 90.0, 0.0, 5249.70849609375
0:00:15.837075, 0.0, 0.0, 90.0, 0.0, 5250.24853515625
0:00:15.952549, 0.0, 0.0, 90.0, 0.0, 5250.9775390625
0:00:16.045658, 0.0, 0.0, 90.0, 0.0, 5251.56201171875
0:00:16.142074, 0.0, 0.0, 90.0, 0.0, 5252.1650390625
0:00:16.240537, 0.0, 0.0, 90.0, 0.0, 5252.787109375
0:00:16.354174, 0.0, 0.0, 90.0, 0.0, 5253.50341796875
0:00:16.437364, 0.0, 0.0, 90.0, 0.0, 5254.0244140625
0:00:16.533713, 0.0, 0.0, 90.0, 0.0, 5254.6279296875
0:00:16.660417, 0.0, 0.0, 90.0, 0.0, 5255.42578125
0:00:16.746654, 0.0, 0.0, 90.0, 0.0, 5255.97216796875
0:00:16.843165, 0.0, 0.0, 90.0, 0.0, 5256.5751953125
0:00:16.953693, 0.0, 0.0, 90.0, 0.0, 5257.27294921875
0:00:17.040052, 0.0, 0.0, 90.0, 0.0, 5257.8134765625
0:00:17.156577, 0.0, 0.0, 90.0, 0.0, 5258.54833984375
0:00:17.247875, 0.0, 0.0, 90.0, 0.0, 5259.1201171875
0:00:17.361368, 0.0, 0.0, 90.0, 0.0, 5259.8359375
0:00:17.448670, 0.0, 0.0, 90.0, 0.0, 5260.3828125
0:00:17.561256, 0.0, 0.0, 90.0, 0.0, 5261.09228515625
0:00:17.649602, 0.0, 0.0, 90.0, 0.0, 5261.6455078125
0:00:17.762317, 0.0, 0.0, 90.0, 0.0, 5262.35498046875
0:00:17.868204, 0.0, 0.0, 90.0, 0.0, 5263.0205078125
0:00:17.948824, 0.0, 0.0, 90.0, 0.0, 5263.529296875
0:00:18.060392, 0.0, 0.0, 90.0, 0.0, 5264.2265625
0:00:18.171881, 0.0, 0.0, 90.0, 0.0, 5264.93017578125
0:00:18.257186, 0.0, 0.0, 90.0, 0.0, 5265.4638671875
0:00:18.353390, 0.0, 0.0, 90.0, 0.0, 5266.0732421875
0:00:18.464275, 0.0, 0.0, 90.0, 0.0, 5266.7705078125
0:00:18.572189, 0.0, 0.0, 90.0, 0.0, 5267.44873046875
0:00:18.668869, 0.0, 0.0, 90.0, 0.0, 5268.05810546875
0:00:18.776727, 0.0, 0.0, 90.0, 0.0, 5268.736328125
0:00:18.863051, 0.0, 0.0, 90.0, 0.0, 5269.2763671875
0:00:18.960068, 0.0, 0.0, 90.0, 0.0, 5269.8857421875
0:00:19.072628, 0.0, 0.0, 90.0, 0.0, 5270.59521484375
0:00:19.161940, 0.0, 0.0, 90.0, 0.0, 5271.154296875
0:00:19.274071, 0.0, 0.0, 90.0, 0.0, 5271.857421875
0:00:19.386634, 0.0, 0.0, 90.0, 0.0, 5272.56689453125
0:00:19.482732, 0.0, 0.0, 90.0, 0.0, 5273.169921875
0:00:19.584060, 0.0, 0.0, 90.0, 0.0, 5273.810546875
0:00:19.675505, 0.0, 0.0, 90.0, 0.0, 5274.38232421875
0:00:19.784372, 0.0, 0.0, 90.0, 0.0, 5275.06689453125
0:00:19.882216, 0.0, 0.0, 90.0, 0.0, 5275.6826171875
0:00:19.972536, 0.0, 0.0, 90.0, 0.0, 5276.24755859375
0:00:20.069199, 0.0, 0.0, 90.0, 0.0, 5276.85693359375
0:00:20.183716, 0.0, 0.0, 90.0, 0.0, 5277.5791015625
0:00:20.282941, 0.0, 0.0, 90.0, 0.0, 5278.201171875
0:00:20.381241, 0.0, 0.0, 90.0, 0.0, 5278.82275390625
0:00:20.495853, 0.0, 0.0, 90.0, 0.0, 5279.53857421875
0:00:20.580055, 0.0, 0.0, 90.0, 0.0, 5280.072265625
0:00:20.688055, 0.0, 0.0, 90.0, 0.0, 5280.75048828125
0:00:20.801508, 0.0, 0.0, 90.0, 0.0, 5281.46044921875
0:00:20.881212, 0.0, 0.0, 90.0, 0.0, 5281.962890625
0:00:20.994773, 0.0, 0.0, 90.0, 0.0, 5282.6787109375
0:00:21.106366, 0.0, 0.0, 90.0, 0.0, 5283.37548828125
0:00:21.201089, 0.0, 0.0, 90.0, 0.0, 5283.97216796875
0:00:21.285460, 0.0, 0.0, 90.0, 0.0, 5284.50634765625
0:00:21.382790, 0.0, 0.0, 90.0, 0.0, 5285.11572265625
0:00:21.499357, 0.0, 0.0, 90.0, 0.0, 5285.8505859375
0:00:21.585583, 0.0, 0.0, 90.0, 0.0, 5286.390625
0:00:21.684731, 0.0, 0.0, 90.0, 0.0, 5287.0126953125
0:00:21.804456, 0.0, 0.0, 90.0, 0.0, 5287.7666015625
0:00:21.902939, 0.0, 0.0, 90.0, 0.0, 5288.388671875
0:00:21.995685, 0.0, 0.0, 90.0, 0.0, 5288.966796875
0:00:22.110268, 0.0, 0.0, 90.0, 0.0, 5289.68896484375
0:00:22.196618, 0.0, 0.0, 90.0, 0.0, 5290.2294921875
0:00:22.314070, 0.0, 0.0, 90.0, 0.0, 5290.970703125
0:00:22.395739, 0.0, 0.0, 90.0, 0.0, 5291.48583984375
0:00:22.501573, 0.0, 0.0, 90.0, 0.0, 5292.1513671875
0:00:22.608610, 0.0, 0.0, 90.0, 0.0, 5292.8232421875
0:00:22.705254, 0.0, 0.0, 90.0, 0.0, 5293.4326171875
0:00:22.821399, 0.0, 0.0, 90.0, 0.0, 5294.16162109375
0:00:22.906675, 0.0, 0.0, 90.0, 0.0, 5294.69580078125
0:00:23.003952, 0.0, 0.0, 90.0, 0.0, 5295.3115234375
0:00:23.110928, 0.0, 0.0, 90.0, 0.0, 5295.984375
0:00:23.222389, 0.0, 0.0, 90.0, 0.0, 5296.68115234375
0:00:23.307741, 0.0, 0.0, 90.0, 0.0, 5297.22119140625
0:00:23.419285, 0.0, 0.0, 90.0, 0.0, 5297.91796875
0:00:23.506555, 0.0, 0.0, 90.0, 0.0, 5298.470703125
0:00:23.616091, 0.0, 0.0, 90.0, 0.0, 5299.15478515625
0:00:23.715082, 0.0, 0.0, 90.0, 0.0, 5299.77685546875
0:00:23.815466, 0.0, 0.0, 90.0, 0.0, 5300.4111328125
0:00:23.931103, 0.0, 0.0, 90.0, 0.0, 5301.14013671875
0:00:24.017368, 0.0, 0.0, 90.0, 0.0, 5301.68017578125
0:00:24.128954, 0.0, 0.0, 90.0, 0.0, 5302.3837890625
0:00:24.238894, 0.0, 0.0, 90.0, 0.0, 5303.07470703125
0:00:24.325104, 0.0, 0.0, 90.0, 0.0, 5303.61474609375
0:00:24.415302, 0.0, 0.0, 90.0, 0.0, 5304.18017578125
0:00:24.541129, 0.0, 0.0, 90.0, 0.0, 5304.9716796875
0:00:24.628352, 0.0, 0.0, 90.0, 0.0, 5305.51806640625
0:00:24.735305, 0.0, 0.0, 90.0, 0.0, 5306.18994140625
0:00:24.824594, 0.0, 0.0, 90.0, 0.0, 5306.75537109375
0:00:24.940174, 0.0, 0.0, 90.0, 0.0, 5307.48388671875
0:00:25.025503, 0.0, 0.0, 90.0, 0.0, 5308.01806640625
0:00:25.141022, 0.0, 0.0, 90.0, 0.0, 5308.74658203125
0:00:25.227347, 0.0, 0.0, 90.0, 0.0, 5309.28662109375
0:00:25.339925, 0.0, 0.0, 90.0, 0.0, 5309.99658203125
0:00:25.456393, 0.0, 0.0, 90.0, 0.0, 5310.72509765625
0:00:25.556255, 0.0, 0.0, 90.0, 0.0, 5311.35302734375
0:00:25.654637, 0.0, 0.0, 90.0, 0.0, 5311.97509765625
0:00:25.735304, 0.0, 0.0, 90.0, 0.0, 5312.4775390625
0:00:25.856090, 0.0, 0.0, 90.0, 0.0, 5313.2373046875
0:00:25.947660, 0.0, 0.0, 90.0, 0.0, 5313.8154296875
0:00:26.035972, 0.0, 0.0, 90.0, 0.0, 5314.3681640625
0:00:26.148511, 0.0, 0.0, 90.0, 0.0, 5315.07861328125
0:00:26.259329, 0.0, 0.0, 90.0, 0.0, 5315.77587890625
0:00:26.342517, 0.0, 0.0, 90.0, 0.0, 5316.29736328125
0:00:26.458130, 0.0, 0.0, 90.0, 0.0, 5317.0263671875
0:00:26.545410, 0.0, 0.0, 90.0, 0.0, 5317.57275390625
0:00:26.658952, 0.0, 0.0, 90.0, 0.0, 5318.2890625
0:00:26.763232, 0.0, 0.0, 90.0, 0.0, 5318.9423828125
0:00:26.848391, 0.0, 0.0, 90.0, 0.0, 5319.4765625
0:00:26.959948, 0.0, 0.0, 90.0, 0.0, 5320.1796875
0:00:27.046128, 0.0, 0.0, 90.0, 0.0, 5320.72021484375
0:00:27.158664, 0.0, 0.0, 90.0, 0.0, 5321.4306640625
0:00:27.257113, 0.0, 0.0, 90.0, 0.0, 5322.052734375
0:00:27.358143, 0.0, 0.0, 90.0, 0.0, 5322.6875
0:00:27.454521, 0.0, 0.0, 90.0, 0.0, 5323.29052734375
0:00:27.560424, 0.0, 0.0, 90.0, 0.0, 5323.9560546875
0:00:27.674951, 0.0, 0.0, 90.0, 0.0, 5324.67822265625
0:00:27.760288, 0.0, 0.0, 90.0, 0.0, 5325.21240234375
0:00:27.855619, 0.0, 0.0, 90.0, 0.0, 5325.8154296875
0:00:27.966154, 0.0, 0.0, 90.0, 0.0, 5326.50634765625
0:00:28.052398, 0.0, 0.0, 90.0, 0.0, 5327.052734375
0:00:28.163591, 0.0, 0.0, 90.0, 0.0, 5327.75
0:00:28.281152, 0.0, 0.0, 90.0, 0.0, 5328.4912109375
0:00:28.377151, 0.0, 0.0, 90.0, 0.0, 5329.09423828125
0:00:28.473556, 0.0, 0.0, 90.0, 0.0, 5329.697265625
0:00:28.558911, 0.0, 0.0, 90.0, 0.0, 5330.23095703125
0:00:28.669709, 0.0, 0.0, 90.0, 0.0, 5330.92822265625
0:00:28.782315, 0.0, 0.0, 90.0, 0.0, 5331.6376953125
0:00:28.866495, 0.0, 0.0, 90.0, 0.0, 5332.1650390625
0:00:28.966678, 0.0, 0.0, 90.0, 0.0, 5332.79931640625
0:00:29.076485, 0.0, 0.0, 90.0, 0.0, 5333.490234375
0:00:29.166739, 0.0, 0.0, 90.0, 0.0, 5334.0556640625
0:00:29.277641, 0.0, 0.0, 90.0, 0.0, 5334.7529296875
0:00:29.376106, 0.0, 0.0, 90.0, 0.0, 5335.36865234375
0:00:29.493555, 0.0, 0.0, 90.0, 0.0, 5336.10986328125
0:00:29.578851, 0.0, 0.0, 90.0, 0.0, 5336.64404296875
0:00:29.676656, 0.0, 0.0, 90.0, 0.0, 5337.259765625
0:00:29.776938, 0.0, 0.0, 90.0, 0.0, 5337.89404296875
0:00:29.892395, 0.0, 0.0, 90.0, 0.0, 5338.61669921875
0:00:29.979691, 0.0, 0.0, 90.0, 0.0, 5339.16943359375
0:00:30.073713, 0.0, 0.0, 90.0, 0.0, 5339.76025390625
0:00:30.188347, 0.0, 0.0, 90.0, 0.0, 5340.47607421875
0:00:30.273516, 0.0, 0.0, 90.0, 0.0, 5341.01611328125
0:00:30.383424, 0.0, 0.0, 90.0, 0.0, 5341.70703125
0:00:30.496973, 0.0, 0.0, 90.0, 0.0, 5342.41650390625
0:00:30.584302, 0.0, 0.0, 90.0, 0.0, 5342.96923828125
0:00:30.688184, 0.0, 0.0, 90.0, 0.0, 5343.62255859375
0:00:30.797120, 0.0, 0.0, 90.0, 0.0, 5344.30712890625
0:00:30.889671, 0.0, 0.0, 90.0, 0.0, 5344.88525390625
0:00:30.987179, 0.0, 0.0, 90.0, 0.0, 5345.5009765625
0:00:31.099642, 0.0, 0.0, 90.0, 0.0, 5346.21044921875
0:00:31.183967, 0.0, 0.0, 90.0, 0.0, 5346.73828125
0:00:31.298458, 0.0, 0.0, 90.0, 0.0, 5347.46044921875
0:00:31.412266, 0.0, 0.0, 90.0, 0.0, 5348.169921875
0:00:31.495167, 0.0, 0.0, 90.0, 0.0, 5348.69140625
0:00:31.590161, 0.0, 0.0, 90.0, 0.0, 5349.2880859375
0:00:31.712037, 0.0, 0.0, 90.0, 0.0, 5350.060546875
0:00:31.792604, 0.0, 0.0, 90.0, 0.0, 5350.56298828125
0:00:31.907185, 0.0, 0.0, 90.0, 0.0, 5351.28515625
0:00:32.007524, 0.0, 0.0, 90.0, 0.0, 5351.9130859375
0:00:32.108598, 0.0, 0.0, 90.0, 0.0, 5352.54736328125
0:00:32.198032, 0.0, 0.0, 90.0, 0.0, 5353.11279296875
0:00:32.313584, 0.0, 0.0, 90.0, 0.0, 5353.84130859375
0:00:32.401798, 0.0, 0.0, 90.0, 0.0, 5354.39404296875
0:00:32.515484, 0.0, 0.0, 90.0, 0.0, 5355.10986328125
0:00:32.621349, 0.0, 0.0, 90.0, 0.0, 5355.775390625
0:00:32.717806, 0.0, 0.0, 90.0, 0.0, 5356.37841796875
0:00:32.825099, 0.0, 0.0, 90.0, 0.0, 5357.05712890625
0:00:32.910197, 0.0, 0.0, 90.0, 0.0, 5357.5908203125
0:00:33.024783, 0.0, 0.0, 90.0, 0.0, 5358.31298828125
0:00:33.110169, 0.0, 0.0, 90.0, 0.0, 5358.8466796875
0:00:33.222347, 0.0, 0.0, 90.0, 0.0, 5359.5498046875
0:00:33.334897, 0.0, 0.0, 90.0, 0.0, 5360.259765625
0:00:33.414551, 0.0, 0.0, 90.0, 0.0, 5360.76220703125
0:00:33.526036, 0.0, 0.0, 90.0, 0.0, 5361.458984375
0:00:33.629838, 0.0, 0.0, 90.0, 0.0, 5362.1123046875
0:00:33.718162, 0.0, 0.0, 90.0, 0.0, 5362.67138671875
0:00:33.832694, 0.0, 0.0, 90.0, 0.0, 5363.38720703125
0:00:33.928681, 0.0, 0.0, 90.0, 0.0, 5363.99072265625
0:00:34.028185, 0.0, 0.0, 90.0, 0.0, 5364.619140625
0:00:34.140617, 0.0, 0.0, 90.0, 0.0, 5365.32861328125
0:00:34.234647, 0.0, 0.0, 90.0, 0.0, 5365.9189453125
0:00:34.319886, 0.0, 0.0, 90.0, 0.0, 5366.45263671875
0:00:34.433457, 0.0, 0.0, 90.0, 0.0, 5367.16845703125
0:00:34.548963, 0.0, 0.0, 90.0, 0.0, 5367.890625
0:00:34.648367, 0.0, 0.0, 90.0, 0.0, 5368.51904296875
0:00:34.748449, 0.0, 0.0, 90.0, 0.0, 5369.14697265625
0:00:34.830177, 0.0, 0.0, 90.0, 0.0, 5369.662109375
0:00:34.936066, 0.0, 0.0, 90.0, 0.0, 5370.328125
0:00:35.047596, 0.0, 0.0, 90.0, 0.0, 5371.025390625
0:00:35.132797, 0.0, 0.0, 90.0, 0.0, 5371.5654296875
0:00:35.245343, 0.0, 0.0, 90.0, 0.0, 5372.26904296875
0:00:35.352246, 0.0, 0.0, 90.0, 0.0, 5372.94140625
0:00:35.449426, 0.0, 0.0, 90.0, 0.0, 5373.55078125
0:00:35.549590, 0.0, 0.0, 90.0, 0.0, 5374.185546875
0:00:35.637835, 0.0, 0.0, 90.0, 0.0, 5374.73828125
0:00:35.754497, 0.0, 0.0, 90.0, 0.0, 5375.47314453125
0:00:35.840767, 0.0, 0.0, 90.0, 0.0, 5376.01318359375
0:00:35.955353, 0.0, 0.0, 90.0, 0.0, 5376.7353515625
0:00:36.039618, 0.0, 0.0, 90.0, 0.0, 5377.2626953125
0:00:36.149490, 0.0, 0.0, 90.0, 0.0, 5377.95361328125
0:00:36.260461, 0.0, 0.0, 90.0, 0.0, 5378.65087890625
0:00:36.348689, 0.0, 0.0, 90.0, 0.0, 5379.2099609375
0:00:36.455570, 0.0, 0.0, 90.0, 0.0, 5379.88232421875
0:00:36.569113, 0.0, 0.0, 90.0, 0.0, 5380.591796875
0:00:36.650780, 0.0, 0.0, 90.0, 0.0, 5381.10693359375
0:00:36.759552, 0.0, 0.0, 90.0, 0.0, 5381.79150390625
0:00:36.859984, 0.0, 0.0, 90.0, 0.0, 5382.41943359375
0:00:36.950371, 0.0, 0.0, 90.0, 0.0, 5382.9912109375
0:00:37.064914, 0.0, 0.0, 90.0, 0.0, 5383.70751953125
0:00:37.173775, 0.0, 0.0, 90.0, 0.0, 5384.39208984375
0:00:37.261105, 0.0, 0.0, 90.0, 0.0, 5384.94482421875
0:00:37.373718, 0.0, 0.0, 90.0, 0.0, 5385.65478515625
0:00:37.465194, 0.0, 0.0, 90.0, 0.0, 5386.2265625
0:00:37.579739, 0.0, 0.0, 90.0, 0.0, 5386.94873046875
0:00:37.675608, 0.0, 0.0, 90.0, 0.0, 5387.5517578125
0:00:37.759737, 0.0, 0.0, 90.0, 0.0, 5388.07958984375
0:00:37.886482, 0.0, 0.0, 90.0, 0.0, 5388.87744140625
0:00:37.972714, 0.0, 0.0, 90.0, 0.0, 5389.41748046875
0:00:38.070861, 0.0, 0.0, 90.0, 0.0, 5390.033203125
0:00:38.170345, 0.0, 0.0, 90.0, 0.0, 5390.66162109375
0:00:38.279847, 0.0, 0.0, 90.0, 0.0, 5391.3466796875
0:00:38.391801, 0.0, 0.0, 90.0, 0.0, 5392.056640625
0:00:38.479095, 0.0, 0.0, 90.0, 0.0, 5392.60302734375
0:00:38.565370, 0.0, 0.0, 90.0, 0.0, 5393.1435546875
0:00:38.679895, 0.0, 0.0, 90.0, 0.0, 5393.86572265625
0:00:38.790755, 0.0, 0.0, 90.0, 0.0, 5394.56298828125
0:00:38.888611, 0.0, 0.0, 90.0, 0.0, 5395.1787109375
0:00:38.980921, 0.0, 0.0, 90.0, 0.0, 5395.7568359375
0:00:39.095514, 0.0, 0.0, 90.0, 0.0, 5396.47900390625
0:00:39.182738, 0.0, 0.0, 90.0, 0.0, 5397.025390625
0:00:39.296229, 0.0, 0.0, 90.0, 0.0, 5397.7412109375
0:00:39.381447, 0.0, 0.0, 90.0, 0.0, 5398.27490234375
0:00:39.503780, 0.0, 0.0, 90.0, 0.0, 5399.041015625
0:00:39.601792, 0.0, 0.0, 90.0, 0.0, 5399.6630859375
0:00:39.697537, 0.0, 0.0, 90.0, 0.0, 5400.259765625
0:00:39.804432, 0.0, 0.0, 90.0, 0.0, 5400.931640625
0:00:39.887782, 0.0, 0.0, 90.0, 0.0, 5401.458984375
0:00:39.986221, 0.0, 0.0, 90.0, 0.0, 5402.07421875
0:00:40.093139, 0.0, 0.0, 90.0, 0.0, 5402.74609375
0:00:40.202107, 0.0, 0.0, 90.0, 0.0, 5403.4306640625
0:00:40.316673, 0.0, 0.0, 90.0, 0.0, 5404.15283203125
0:00:40.402937, 0.0, 0.0, 90.0, 0.0, 5404.69921875
0:00:40.514522, 0.0, 0.0, 90.0, 0.0, 5405.396484375
0:00:40.597733, 0.0, 0.0, 90.0, 0.0, 5405.91796875
0:00:40.711385, 0.0, 0.0, 90.0, 0.0, 5406.6337890625
0:00:40.796611, 0.0, 0.0, 90.0, 0.0, 5407.173828125
0:00:40.909251, 0.0, 0.0, 90.0, 0.0, 5407.876953125
0:00:41.009641, 0.0, 0.0, 90.0, 0.0, 5408.51123046875
0:00:41.094954, 0.0, 0.0, 90.0, 0.0, 5409.044921875
0:00:41.209447, 0.0, 0.0, 90.0, 0.0, 5409.76708984375
0:00:41.309866, 0.0, 0.0, 90.0, 0.0, 5410.39501953125
0:00:41.414733, 0.0, 0.0, 90.0, 0.0, 5411.0546875
0:00:41.511927, 0.0, 0.0, 90.0, 0.0, 5411.6640625
0:00:41.607298, 0.0, 0.0, 90.0, 0.0, 5412.26708984375
0:00:41.720862, 0.0, 0.0, 90.0, 0.0, 5412.9833984375
0:00:41.814417, 0.0, 0.0, 90.0, 0.0, 5413.5673828125
0:00:41.930951, 0.0, 0.0, 90.0, 0.0, 5414.30224609375
0:00:42.018363, 0.0, 0.0, 90.0, 0.0, 5414.8486328125
0:00:42.127304, 0.0, 0.0, 90.0, 0.0, 5415.53369140625
0:00:42.214630, 0.0, 0.0, 90.0, 0.0, 5416.08642578125
0:00:42.328166, 0.0, 0.0, 90.0, 0.0, 5416.79638671875
0:00:42.412496, 0.0, 0.0, 90.0, 0.0, 5417.330078125
0:00:42.527120, 0.0, 0.0, 90.0, 0.0, 5418.05224609375
0:00:42.613401, 0.0, 0.0, 90.0, 0.0, 5418.59228515625
0:00:42.738840, 0.0, 0.0, 90.0, 0.0, 5419.37744140625
0:00:42.816411, 0.0, 0.0, 90.0, 0.0, 5419.8671875
0:00:42.929927, 0.0, 0.0, 90.0, 0.0, 5420.5830078125
0:00:43.027409, 0.0, 0.0, 90.0, 0.0, 5421.1923828125
0:00:43.138925, 0.0, 0.0, 90.0, 0.0, 5421.8955078125
0:00:43.224241, 0.0, 0.0, 90.0, 0.0, 5422.42919921875
0:00:43.322372, 0.0, 0.0, 90.0, 0.0, 5423.05078125
0:00:43.420253, 0.0, 0.0, 90.0, 0.0, 5423.66650390625
0:00:43.520571, 0.0, 0.0, 90.0, 0.0, 5424.29443359375
0:00:43.620872, 0.0, 0.0, 90.0, 0.0, 5424.92333984375
0:00:43.735400, 0.0, 0.0, 90.0, 0.0, 5425.64599609375
0:00:43.832903, 0.0, 0.0, 90.0, 0.0, 5426.26171875
0:00:43.931102, 0.0, 0.0, 90.0, 0.0, 5426.87744140625
0:00:44.031461, 0.0, 0.0, 90.0, 0.0, 5427.50537109375
0:00:44.140422, 0.0, 0.0, 90.0, 0.0, 5428.18994140625
0:00:44.232427, 0.0, 0.0, 90.0, 0.0, 5428.76806640625
0:00:44.346928, 0.0, 0.0, 90.0, 0.0, 5429.49072265625
0:00:44.432277, 0.0, 0.0, 90.0, 0.0, 5430.02490234375
0:00:44.542260, 0.0, 0.0, 90.0, 0.0, 5430.72216796875
0:00:44.655782, 0.0, 0.0, 90.0, 0.0, 5431.431640625
0:00:44.752972, 0.0, 0.0, 90.0, 0.0, 5432.041015625
0:00:44.836881, 0.0, 0.0, 90.0, 0.0, 5432.57470703125
0:00:44.955263, 0.0, 0.0, 90.0, 0.0, 5433.31591796875
0:00:45.052567, 0.0, 0.0, 90.0, 0.0, 5433.92529296875
0:00:45.158451, 0.0, 0.0, 90.0, 0.0, 5434.59130859375
0:00:45.244639, 0.0, 0.0, 90.0, 0.0, 5435.1376953125
0:00:45.351512, 0.0, 0.0, 90.0, 0.0, 5435.8095703125
0:00:45.465052, 0.0, 0.0, 90.0, 0.0, 5436.51904296875
0:00:45.560562, 0.0, 0.0, 90.0, 0.0, 5437.1220703125
0:00:45.660875, 0.0, 0.0, 90.0, 0.0, 5437.75
0:00:45.753315, 0.0, 0.0, 90.0, 0.0, 5438.333984375
0:00:45.867941, 0.0, 0.0, 90.0, 0.0, 5439.05615234375
0:00:45.954419, 0.0, 0.0, 90.0, 0.0, 5439.59619140625
0:00:46.051859, 0.0, 0.0, 90.0, 0.0, 5440.2119140625
0:00:46.165484, 0.0, 0.0, 90.0, 0.0, 5440.92138671875
0:00:46.277968, 0.0, 0.0, 90.0, 0.0, 5441.630859375
0:00:46.362287, 0.0, 0.0, 90.0, 0.0, 5442.158203125
0:00:46.462441, 0.0, 0.0, 90.0, 0.0, 5442.79248046875
0:00:46.571447, 0.0, 0.0, 90.0, 0.0, 5443.47705078125
0:00:46.673305, 0.0, 0.0, 90.0, 0.0, 5444.1181640625
0:00:46.772183, 0.0, 0.0, 90.0, 0.0, 5444.740234375
0:00:46.872323, 0.0, 0.0, 90.0, 0.0, 5445.3681640625
0:00:46.961603, 0.0, 0.0, 90.0, 0.0, 5445.92724609375
0:00:47.084124, 0.0, 0.0, 90.0, 0.0, 5446.69970703125
0:00:47.164704, 0.0, 0.0, 90.0, 0.0, 5447.2021484375
0:00:47.276297, 0.0, 0.0, 90.0, 0.0, 5447.90576171875
0:00:47.373731, 0.0, 0.0, 90.0, 0.0, 5448.521484375
0:00:47.471656, 0.0, 0.0, 90.0, 0.0, 5449.13720703125
0:00:47.572038, 0.0, 0.0, 90.0, 0.0, 5449.76513671875
0:00:47.672260, 0.0, 0.0, 90.0, 0.0, 5450.39404296875
0:00:47.785855, 0.0, 0.0, 90.0, 0.0, 5451.1103515625
0:00:47.872176, 0.0, 0.0, 90.0, 0.0, 5451.65673828125
0:00:47.972594, 0.0, 0.0, 90.0, 0.0, 5452.28466796875
0:00:48.086157, 0.0, 0.0, 90.0, 0.0, 5453.00048828125
0:00:48.193985, 0.0, 0.0, 90.0, 0.0, 5453.6787109375
0:00:48.274733, 0.0, 0.0, 90.0, 0.0, 5454.1875
0:00:48.392322, 0.0, 0.0, 90.0, 0.0, 5454.92236328125
0:00:48.476547, 0.0, 0.0, 90.0, 0.0, 5455.4560546875
0:00:48.589278, 0.0, 0.0, 90.0, 0.0, 5456.15966796875
0:00:48.675449, 0.0, 0.0, 90.0, 0.0, 5456.70654296875
0:00:48.797323, 0.0, 0.0, 90.0, 0.0, 5457.47314453125
0:00:48.880498, 0.0, 0.0, 90.0, 0.0, 5457.99462890625
0:00:48.992149, 0.0, 0.0, 90.0, 0.0, 5458.69140625
0:00:49.090731, 0.0, 0.0, 90.0, 0.0, 5459.31298828125
0:00:49.200648, 0.0, 0.0, 90.0, 0.0, 5460.00390625
0:00:49.307739, 0.0, 0.0, 90.0, 0.0, 5460.67626953125
0:00:49.392757, 0.0, 0.0, 90.0, 0.0, 5461.216796875
0:00:49.493947, 0.0, 0.0, 90.0, 0.0, 5461.85107421875
0:00:49.584506, 0.0, 0.0, 90.0, 0.0, 5462.41650390625
0:00:49.699159, 0.0, 0.0, 90.0, 0.0, 5463.138671875
0:00:49.787493, 0.0, 0.0, 90.0, 0.0, 5463.69775390625
0:00:49.903902, 0.0, 0.0, 90.0, 0.0, 5464.42626953125
0:00:50.003313, 0.0, 0.0, 90.0, 0.0, 5465.0546875
0:00:50.107587, 0.0, 0.0, 90.0, 0.0, 5465.7080078125
0:00:50.192791, 0.0, 0.0, 90.0, 0.0, 5466.24169921875
0:00:50.293172, 0.0, 0.0, 90.0, 0.0, 5466.8759765625
0:00:50.407800, 0.0, 0.0, 90.0, 0.0, 5467.59814453125
0:00:50.493018, 0.0, 0.0, 90.0, 0.0, 5468.1318359375
0:00:50.612956, 0.0, 0.0, 90.0, 0.0, 5468.8857421875
0:00:50.719934, 0.0, 0.0, 90.0, 0.0, 5469.5576171875
0:00:50.804227, 0.0, 0.0, 90.0, 0.0, 5470.08544921875
0:00:50.916764, 0.0, 0.0, 90.0, 0.0, 5470.79541015625
0:00:51.003121, 0.0, 0.0, 90.0, 0.0, 5471.33544921875
0:00:51.123948, 0.0, 0.0, 90.0, 0.0, 5472.095703125
0:00:51.209309, 0.0, 0.0, 90.0, 0.0, 5472.6357421875
0:00:51.322845, 0.0, 0.0, 90.0, 0.0, 5473.35205078125
0:00:51.418904, 0.0, 0.0, 90.0, 0.0, 5473.955078125
0:00:51.505153, 0.0, 0.0, 90.0, 0.0, 5474.4951171875
0:00:51.614008, 0.0, 0.0, 90.0, 0.0, 5475.1796875
0:00:51.729632, 0.0, 0.0, 90.0, 0.0, 5475.908203125
0:00:51.810865, 0.0, 0.0, 90.0, 0.0, 5476.4169921875
0:00:51.928578, 0.0, 0.0, 90.0, 0.0, 5477.158203125
0:00:52.024400, 0.0, 0.0, 90.0, 0.0, 5477.76123046875
0:00:52.130341, 0.0, 0.0, 90.0, 0.0, 5478.42724609375
0:00:52.216624, 0.0, 0.0, 90.0, 0.0, 5478.9677734375
0:00:52.339228, 0.0, 0.0, 90.0, 0.0, 5479.74072265625
0:00:52.419811, 0.0, 0.0, 90.0, 0.0, 5480.24951171875
0:00:52.533363, 0.0, 0.0, 90.0, 0.0, 5480.958984375
0:00:52.630939, 0.0, 0.0, 90.0, 0.0, 5481.57421875
0:00:52.743514, 0.0, 0.0, 90.0, 0.0, 5482.28369140625
0:00:52.828710, 0.0, 0.0, 90.0, 0.0, 5482.8173828125
0:00:52.923691, 0.0, 0.0, 90.0, 0.0, 5483.4140625
0:00:53.025038, 0.0, 0.0, 90.0, 0.0, 5484.04833984375
0:00:53.145025, 0.0, 0.0, 90.0, 0.0, 5484.80859375
0:00:53.247517, 0.0, 0.0, 90.0, 0.0, 5485.44921875
0:00:53.334645, 0.0, 0.0, 90.0, 0.0, 5485.99560546875
0:00:53.426245, 0.0, 0.0, 90.0, 0.0, 5486.57373046875
0:00:53.536656, 0.0, 0.0, 90.0, 0.0, 5487.2705078125
0:00:53.653268, 0.0, 0.0, 90.0, 0.0, 5487.9990234375
0:00:53.741576, 0.0, 0.0, 90.0, 0.0, 5488.55859375
0:00:53.855118, 0.0, 0.0, 90.0, 0.0, 5489.26806640625
0:00:53.942333, 0.0, 0.0, 90.0, 0.0, 5489.82080078125
0:00:54.055879, 0.0, 0.0, 90.0, 0.0, 5490.5302734375
0:00:54.148379, 0.0, 0.0, 90.0, 0.0, 5491.1142578125
0:00:54.235653, 0.0, 0.0, 90.0, 0.0, 5491.66064453125
0:00:54.335798, 0.0, 0.0, 90.0, 0.0, 5492.2890625
0:00:54.445727, 0.0, 0.0, 90.0, 0.0, 5492.97998046875
0:00:54.544513, 0.0, 0.0, 90.0, 0.0, 5493.6015625
0:00:54.638263, 0.0, 0.0, 90.0, 0.0, 5494.19189453125
0:00:54.748207, 0.0, 0.0, 90.0, 0.0, 5494.8828125
0:00:54.858081, 0.0, 0.0, 90.0, 0.0, 5495.57373046875
0:00:54.946477, 0.0, 0.0, 90.0, 0.0, 5496.12646484375
0:00:55.057999, 0.0, 0.0, 90.0, 0.0, 5496.830078125
0:00:55.145620, 0.0, 0.0, 90.0, 0.0, 5497.3828125
0:00:55.258172, 0.0, 0.0, 90.0, 0.0, 5498.08642578125
0:00:55.345395, 0.0, 0.0, 90.0, 0.0, 5498.63916015625
0:00:55.460995, 0.0, 0.0, 90.0, 0.0, 5499.36767578125
0:00:55.545346, 0.0, 0.0, 90.0, 0.0, 5499.8955078125
0:00:55.673005, 0.0, 0.0, 90.0, 0.0, 5500.69970703125
0:00:55.758387, 0.0, 0.0, 90.0, 0.0, 5501.2333984375
0:00:55.869525, 0.0, 0.0, 90.0, 0.0, 5501.93017578125
0:00:55.967278, 0.0, 0.0, 90.0, 0.0, 5502.5458984375
0:00:56.065688, 0.0, 0.0, 90.0, 0.0, 5503.16796875
0:00:56.166171, 0.0, 0.0, 90.0, 0.0, 5503.7958984375
0:00:56.264830, 0.0, 0.0, 90.0, 0.0, 5504.41748046875
0:00:56.371663, 0.0, 0.0, 90.0, 0.0, 5505.08984375
0:00:56.455931, 0.0, 0.0, 90.0, 0.0, 5505.6171875
0:00:56.575625, 0.0, 0.0, 90.0, 0.0, 5506.37109375
0:00:56.674796, 0.0, 0.0, 90.0, 0.0, 5506.99951171875
0:00:56.769546, 0.0, 0.0, 90.0, 0.0, 5507.58984375
0:00:56.886244, 0.0, 0.0, 90.0, 0.0, 5508.32470703125
0:00:56.973401, 0.0, 0.0, 90.0, 0.0, 5508.87109375
0:00:57.079384, 0.0, 0.0, 90.0, 0.0, 5509.537109375
0:00:57.166700, 0.0, 0.0, 90.0, 0.0, 5510.08984375
0:00:57.283366, 0.0, 0.0, 90.0, 0.0, 5510.82470703125
0:00:57.371619, 0.0, 0.0, 90.0, 0.0, 5511.37744140625
0:00:57.485220, 0.0, 0.0, 90.0, 0.0, 5512.09326171875
0:00:57.571527, 0.0, 0.0, 90.0, 0.0, 5512.6337890625
0:00:57.686171, 0.0, 0.0, 90.0, 0.0, 5513.35595703125
0:00:57.783457, 0.0, 0.0, 90.0, 0.0, 5513.96533203125
0:00:57.885701, 0.0, 0.0, 90.0, 0.0, 5514.6123046875
0:00:57.975919, 0.0, 0.0, 90.0, 0.0, 5515.177734375
0:00:58.085870, 0.0, 0.0, 90.0, 0.0, 5515.86865234375
0:00:58.189081, 0.0, 0.0, 90.0, 0.0, 5516.515625
0:00:58.301573, 0.0, 0.0, 90.0, 0.0, 5517.22509765625
0:00:58.383293, 0.0, 0.0, 90.0, 0.0, 5517.740234375
0:00:58.496693, 0.0, 0.0, 90.0, 0.0, 5518.44970703125
0:00:58.595878, 0.0, 0.0, 90.0, 0.0, 5519.07177734375
0:00:58.682071, 0.0, 0.0, 90.0, 0.0, 5519.6181640625
0:00:58.793658, 0.0, 0.0, 90.0, 0.0, 5520.31494140625
0:00:58.904168, 0.0, 0.0, 90.0, 0.0, 5521.01171875
0:00:58.990406, 0.0, 0.0, 90.0, 0.0, 5521.5517578125
0:00:59.086555, 0.0, 0.0, 90.0, 0.0, 5522.1611328125
0:00:59.203158, 0.0, 0.0, 90.0, 0.0, 5522.8896484375
0:00:59.288399, 0.0, 0.0, 90.0, 0.0, 5523.4296875
0:00:59.410707, 0.0, 0.0, 90.0, 0.0, 5524.1962890625
0:00:59.493994, 0.0, 0.0, 90.0, 0.0, 5524.71826171875
0:00:59.607588, 0.0, 0.0, 90.0, 0.0, 5525.4345703125
0:00:59.692846, 0.0, 0.0, 90.0, 0.0, 5525.96826171875
0:00:59.807437, 0.0, 0.0, 90.0, 0.0, 5526.6904296875
0:00:59.906854, 0.0, 0.0, 90.0, 0.0, 5527.31884765625
0:01:00.016945, 0.0, 0.0, 90.0, 0.0, 5528.009765625
0:01:00.131323, 0.0, 0.0, 90.0, 0.0, 5528.72607421875
0:01:00.227922, 0.0, 0.0, 90.0, 0.0, 5529.33544921875
0:01:00.326816, 0.0, 0.0, 90.0, 0.0, 5529.95751953125
0:01:00.426863, 0.0, 0.0, 90.0, 0.0, 5530.58544921875
0:01:00.508540, 0.0, 0.0, 90.0, 0.0, 5531.1005859375
0:01:00.628314, 0.0, 0.0, 90.0, 0.0, 5531.8544921875
0:01:00.720921, 0.0, 0.0, 90.0, 0.0, 5532.4326171875
0:01:00.816200, 0.0, 0.0, 90.0, 0.0, 5533.03564453125
0:01:00.911635, 0.0, 0.0, 90.0, 0.0, 5533.63232421875
0:01:01.023982, 0.0, 0.0, 90.0, 0.0, 5534.34228515625
0:01:01.123448, 0.0, 0.0, 90.0, 0.0, 5534.96435546875
0:01:01.230099, 0.0, 0.0, 90.0, 0.0, 5535.63623046875
0:01:01.317456, 0.0, 0.0, 90.0, 0.0, 5536.1826171875
0:01:01.417592, 0.0, 0.0, 90.0, 0.0, 5536.81689453125
0:01:01.533129, 0.0, 0.0, 90.0, 0.0, 5537.53955078125
0:01:01.620464, 0.0, 0.0, 90.0, 0.0, 5538.09228515625
0:01:01.735996, 0.0, 0.0, 90.0, 0.0, 5538.82080078125
0:01:01.834241, 0.0, 0.0, 90.0, 0.0, 5539.4365234375
0:01:01.949968, 0.0, 0.0, 90.0, 0.0, 5540.1650390625
0:01:02.034063, 0.0, 0.0, 90.0, 0.0, 5540.6923828125
0:01:02.149640, 0.0, 0.0, 90.0, 0.0, 5541.4208984375
0:01:02.231617, 0.0, 0.0, 90.0, 0.0, 5541.93603515625
0:01:02.326945, 0.0, 0.0, 90.0, 0.0, 5542.53271484375
0:01:02.427340, 0.0, 0.0, 90.0, 0.0, 5543.1669921875
0:01:02.554772, 0.0, 0.0, 90.0, 0.0, 5543.96435546875
0:01:02.641002, 0.0, 0.0, 90.0, 0.0, 5544.50439453125
0:01:02.755681, 0.0, 0.0, 90.0, 0.0, 5545.2265625
0:01:02.838817, 0.0, 0.0, 90.0, 0.0, 5545.74755859375
0:01:02.952320, 0.0, 0.0, 90.0, 0.0, 5546.46337890625
0:01:03.037463, 0.0, 0.0, 90.0, 0.0, 5546.99755859375
0:01:03.151072, 0.0, 0.0, 90.0, 0.0, 5547.7138671875
0:01:03.244448, 0.0, 0.0, 90.0, 0.0, 5548.29833984375
0:01:03.357977, 0.0, 0.0, 90.0, 0.0, 5549.0146484375
0:01:03.457271, 0.0, 0.0, 90.0, 0.0, 5549.63623046875
0:01:03.550985, 0.0, 0.0, 90.0, 0.0, 5550.2265625
0:01:03.668617, 0.0, 0.0, 90.0, 0.0, 5550.9677734375
0:01:03.755859, 0.0, 0.0, 90.0, 0.0, 5551.51416015625
0:01:03.854225, 0.0, 0.0, 90.0, 0.0, 5552.1357421875
0:01:03.943721, 0.0, 0.0, 90.0, 0.0, 5552.69482421875
0:01:04.057006, 0.0, 0.0, 90.0, 0.0, 5553.41064453125
0:01:04.171610, 0.0, 0.0, 90.0, 0.0, 5554.1328125
0:01:04.257748, 0.0, 0.0, 90.0, 0.0, 5554.6728515625
0:01:04.371391, 0.0, 0.0, 90.0, 0.0, 5555.3828125
0:01:04.465529, 0.0, 0.0, 90.0, 0.0, 5555.9794921875
0:01:04.576067, 0.0, 0.0, 90.0, 0.0, 5556.67041015625
0:01:04.662321, 0.0, 0.0, 90.0, 0.0, 5557.21728515625
0:01:04.757677, 0.0, 0.0, 90.0, 0.0, 5557.81396484375
0:01:04.855939, 0.0, 0.0, 90.0, 0.0, 5558.43603515625
0:01:04.972479, 0.0, 0.0, 90.0, 0.0, 5559.16455078125
0:01:05.055694, 0.0, 0.0, 90.0, 0.0, 5559.6923828125
0:01:05.162619, 0.0, 0.0, 90.0, 0.0, 5560.35791015625
0:01:05.260325, 0.0, 0.0, 90.0, 0.0, 5560.9736328125
0:01:05.358697, 0.0, 0.0, 90.0, 0.0, 5561.595703125
0:01:05.478344, 0.0, 0.0, 90.0, 0.0, 5562.34326171875
0:01:05.569956, 0.0, 0.0, 90.0, 0.0, 5562.9208984375
0:01:05.681285, 0.0, 0.0, 90.0, 0.0, 5563.62451171875
0:01:05.768647, 0.0, 0.0, 90.0, 0.0, 5564.1708984375
0:01:05.887322, 0.0, 0.0, 90.0, 0.0, 5564.91796875
0:01:05.976923, 0.0, 0.0, 90.0, 0.0, 5565.4775390625
0:01:06.089719, 0.0, 0.0, 90.0, 0.0, 5566.18701171875
0:01:06.198925, 0.0, 0.0, 90.0, 0.0, 5566.87158203125
0:01:06.295919, 0.0, 0.0, 90.0, 0.0, 5567.4873046875
0:01:06.375495, 0.0, 0.0, 90.0, 0.0, 5567.9833984375
0:01:06.485374, 0.0, 0.0, 90.0, 0.0, 5568.68115234375
0:01:06.595965, 0.0, 0.0, 90.0, 0.0, 5569.3720703125
0:01:06.708514, 0.0, 0.0, 90.0, 0.0, 5570.08154296875
0:01:06.793760, 0.0, 0.0, 90.0, 0.0, 5570.615234375
0:01:06.890797, 0.0, 0.0, 90.0, 0.0, 5571.224609375
0:01:06.986326, 0.0, 0.0, 90.0, 0.0, 5571.82763671875
0:01:07.103509, 0.0, 0.0, 90.0, 0.0, 5572.5625
0:01:07.198285, 0.0, 0.0, 90.0, 0.0, 5573.1591796875
0:01:07.309961, 0.0, 0.0, 90.0, 0.0, 5573.8623046875
0:01:07.398451, 0.0, 0.0, 90.0, 0.0, 5574.4150390625
0:01:07.515669, 0.0, 0.0, 90.0, 0.0, 5575.15673828125
0:01:07.597222, 0.0, 0.0, 90.0, 0.0, 5575.66552734375
0:01:07.710346, 0.0, 0.0, 90.0, 0.0, 5576.3818359375
0:01:07.795674, 0.0, 0.0, 90.0, 0.0, 5576.91552734375
0:01:07.910256, 0.0, 0.0, 90.0, 0.0, 5577.63818359375
0:01:08.008665, 0.0, 0.0, 90.0, 0.0, 5578.25390625
0:01:08.093933, 0.0, 0.0, 90.0, 0.0, 5578.7939453125
0:01:08.203025, 0.0, 0.0, 90.0, 0.0, 5579.478515625
0:01:08.316624, 0.0, 0.0, 90.0, 0.0, 5580.1943359375
0:01:08.401947, 0.0, 0.0, 90.0, 0.0, 5580.72802734375
0:01:08.516494, 0.0, 0.0, 90.0, 0.0, 5581.4501953125
0:01:08.599816, 0.0, 0.0, 90.0, 0.0, 5581.9716796875
0:01:08.714348, 0.0, 0.0, 90.0, 0.0, 5582.6943359375
0:01:08.828866, 0.0, 0.0, 90.0, 0.0, 5583.41015625
0:01:08.916118, 0.0, 0.0, 90.0, 0.0, 5583.962890625
0:01:09.001499, 0.0, 0.0, 90.0, 0.0, 5584.49658203125
0:01:09.111432, 0.0, 0.0, 90.0, 0.0, 5585.1875
0:01:09.221391, 0.0, 0.0, 90.0, 0.0, 5585.87841796875
0:01:09.335940, 0.0, 0.0, 90.0, 0.0, 5586.6005859375
0:01:09.423113, 0.0, 0.0, 90.0, 0.0, 5587.14697265625
0:01:09.510385, 0.0, 0.0, 90.0, 0.0, 5587.69970703125
0:01:09.609547, 0.0, 0.0, 90.0, 0.0, 5588.32177734375
0:01:09.723152, 0.0, 0.0, 90.0, 0.0, 5589.03173828125
0:01:09.833736, 0.0, 0.0, 90.0, 0.0, 5589.72900390625
0:01:09.941606, 0.0, 0.0, 90.0, 0.0, 5590.4072265625
0:01:10.036786, 0.0, 0.0, 90.0, 0.0, 5591.00390625
0:01:10.123860, 0.0, 0.0, 90.0, 0.0, 5591.556640625
0:01:10.220904, 0.0, 0.0, 90.0, 0.0, 5592.166015625
0:01:10.324104, 0.0, 0.0, 90.0, 0.0, 5592.81298828125
0:01:10.440653, 0.0, 0.0, 90.0, 0.0, 5593.5478515625
0:01:10.526908, 0.0, 0.0, 90.0, 0.0, 5594.08837890625
0:01:10.642775, 0.0, 0.0, 90.0, 0.0, 5594.8173828125
0:01:10.739957, 0.0, 0.0, 90.0, 0.0, 5595.4267578125
0:01:10.850842, 0.0, 0.0, 90.0, 0.0, 5596.1240234375
0:01:10.940170, 0.0, 0.0, 90.0, 0.0, 5596.68994140625
0:01:11.051138, 0.0, 0.0, 90.0, 0.0, 5597.38720703125
0:01:11.141992, 0.0, 0.0, 90.0, 0.0, 5597.958984375
0:01:11.257435, 0.0, 0.0, 90.0, 0.0, 5598.681640625
0:01:11.342632, 0.0, 0.0, 90.0, 0.0, 5599.2216796875
0:01:11.453792, 0.0, 0.0, 90.0, 0.0, 5599.91845703125
0:01:11.549659, 0.0, 0.0, 90.0, 0.0, 5600.521484375
0:01:11.654750, 0.0, 0.0, 90.0, 0.0, 5601.18115234375
0:01:11.752648, 0.0, 0.0, 90.0, 0.0, 5601.796875
0:01:11.850524, 0.0, 0.0, 90.0, 0.0, 5602.41259765625
0:01:11.941949, 0.0, 0.0, 90.0, 0.0, 5602.990234375
0:01:12.051582, 0.0, 0.0, 90.0, 0.0, 5603.6748046875
0:01:12.160390, 0.0, 0.0, 90.0, 0.0, 5604.359375
0:01:12.258684, 0.0, 0.0, 90.0, 0.0, 5604.9814453125
0:01:12.372298, 0.0, 0.0, 90.0, 0.0, 5605.69091796875
0:01:12.450841, 0.0, 0.0, 90.0, 0.0, 5606.1875
0:01:12.564602, 0.0, 0.0, 90.0, 0.0, 5606.9033203125
0:01:12.671767, 0.0, 0.0, 90.0, 0.0, 5607.5751953125
0:01:12.756547, 0.0, 0.0, 90.0, 0.0, 5608.10888671875
0:01:12.865507, 0.0, 0.0, 90.0, 0.0, 5608.7939453125
0:01:12.948826, 0.0, 0.0, 90.0, 0.0, 5609.3154296875
0:01:13.061432, 0.0, 0.0, 90.0, 0.0, 5610.025390625
0:01:13.158541, 0.0, 0.0, 90.0, 0.0, 5610.63427734375
0:01:13.271069, 0.0, 0.0, 90.0, 0.0, 5611.34375
0:01:13.352710, 0.0, 0.0, 90.0, 0.0, 5611.85888671875
0:01:13.467232, 0.0, 0.0, 90.0, 0.0, 5612.5751953125
0:01:13.581965, 0.0, 0.0, 90.0, 0.0, 5613.29736328125
0:01:13.665015, 0.0, 0.0, 90.0, 0.0, 5613.81884765625
0:01:13.773132, 0.0, 0.0, 90.0, 0.0, 5614.4970703125
0:01:13.870233, 0.0, 0.0, 90.0, 0.0, 5615.11279296875
0:01:13.977099, 0.0, 0.0, 90.0, 0.0, 5615.78564453125
0:01:14.087695, 0.0, 0.0, 90.0, 0.0, 5616.4765625
0:01:14.171878, 0.0, 0.0, 90.0, 0.0, 5617.01025390625
0:01:14.291600, 0.0, 0.0, 90.0, 0.0, 5617.76416015625
0:01:14.387931, 0.0, 0.0, 90.0, 0.0, 5618.3671875
0:01:14.473115, 0.0, 0.0, 90.0, 0.0, 5618.90087890625
0:01:14.585371, 0.0, 0.0, 90.0, 0.0, 5619.6103515625
0:01:14.668542, 0.0, 0.0, 90.0, 0.0, 5620.1318359375
0:01:14.783030, 0.0, 0.0, 90.0, 0.0, 5620.84765625
0:01:14.897584, 0.0, 0.0, 90.0, 0.0, 5621.56982421875
0:01:14.980802, 0.0, 0.0, 90.0, 0.0, 5622.0908203125
0:01:15.081238, 0.0, 0.0, 90.0, 0.0, 5622.72509765625
0:01:15.195835, 0.0, 0.0, 90.0, 0.0, 5623.447265625
0:01:15.275526, 0.0, 0.0, 90.0, 0.0, 5623.943359375
0:01:15.388933, 0.0, 0.0, 90.0, 0.0, 5624.6591796875
0:01:15.494993, 0.0, 0.0, 90.0, 0.0, 5625.3251953125
0:01:15.591975, 0.0, 0.0, 90.0, 0.0, 5625.9345703125
0:01:15.702554, 0.0, 0.0, 90.0, 0.0, 5626.6318359375
0:01:15.895844, 0.0, 0.0, 90.0, 0.0, 5627.84423828125
0:01:15.991146, 0.0, 0.0, 90.0, 0.0, 5628.447265625
0:01:16.095977, 0.0, 0.0, 90.0, 0.0, 5629.1064453125
0:01:16.210713, 0.0, 0.0, 90.0, 0.0, 5629.822265625
0:01:16.295182, 0.0, 0.0, 90.0, 0.0, 5630.35595703125
0:01:16.418250, 0.0, 0.0, 90.0, 0.0, 5631.12841796875
0:01:16.505719, 0.0, 0.0, 90.0, 0.0, 5631.68115234375
0:01:16.622234, 0.0, 0.0, 90.0, 0.0, 5632.40966796875
0:01:16.709613, 0.0, 0.0, 90.0, 0.0, 5632.96240234375
0:01:16.815600, 0.0, 0.0, 90.0, 0.0, 5633.62841796875
0:01:16.912561, 0.0, 0.0, 90.0, 0.0, 5634.23779296875
0:01:17.024144, 0.0, 0.0, 90.0, 0.0, 5634.94091796875
0:01:17.111385, 0.0, 0.0, 90.0, 0.0, 5635.4873046875
0:01:17.226920, 0.0, 0.0, 90.0, 0.0, 5636.21630859375
0:01:17.313088, 0.0, 0.0, 90.0, 0.0, 5636.75634765625
0:01:17.411744, 0.0, 0.0, 90.0, 0.0, 5637.3779296875
0:01:17.525472, 0.0, 0.0, 90.0, 0.0, 5638.087890625
0:01:17.612598, 0.0, 0.0, 90.0, 0.0, 5638.640625
0:01:17.716438, 0.0, 0.0, 90.0, 0.0, 5639.29345703125
0:01:17.825260, 0.0, 0.0, 90.0, 0.0, 5639.97802734375
0:01:17.916895, 0.0, 0.0, 90.0, 0.0, 5640.5498046875
0:01:18.013282, 0.0, 0.0, 90.0, 0.0, 5641.1591796875
0:01:18.133399, 0.0, 0.0, 90.0, 0.0, 5641.9130859375
0:01:18.219544, 0.0, 0.0, 90.0, 0.0, 5642.45361328125
0:01:18.325434, 0.0, 0.0, 90.0, 0.0, 5643.11962890625
0:01:18.419511, 0.0, 0.0, 90.0, 0.0, 5643.71044921875
0:01:18.532220, 0.0, 0.0, 90.0, 0.0, 5644.419921875
0:01:18.628791, 0.0, 0.0, 90.0, 0.0, 5645.029296875
0:01:18.744459, 0.0, 0.0, 90.0, 0.0, 5645.751953125
0:01:18.844236, 0.0, 0.0, 90.0, 0.0, 5646.38623046875
0:01:18.942703, 0.0, 0.0, 90.0, 0.0, 5647.001953125
0:01:19.044447, 0.0, 0.0, 90.0, 0.0, 5647.642578125
0:01:19.144433, 0.0, 0.0, 90.0, 0.0, 5648.27099609375
0:01:19.242746, 0.0, 0.0, 90.0, 0.0, 5648.89306640625
0:01:19.324352, 0.0, 0.0, 90.0, 0.0, 5649.40185546875
0:01:19.445953, 0.0, 0.0, 90.0, 0.0, 5650.16796875
0:01:19.549828, 0.0, 0.0, 90.0, 0.0, 5650.8212890625
0:01:19.636020, 0.0, 0.0, 90.0, 0.0, 5651.361328125
0:01:19.740137, 0.0, 0.0, 90.0, 0.0, 5652.0146484375
0:01:19.853599, 0.0, 0.0, 90.0, 0.0, 5652.73046875
0:01:19.953838, 0.0, 0.0, 90.0, 0.0, 5653.35888671875
0:01:20.038055, 0.0, 0.0, 90.0, 0.0, 5653.89306640625
0:01:20.134124, 0.0, 0.0, 90.0, 0.0, 5654.49658203125
0:01:20.255147, 0.0, 0.0, 90.0, 0.0, 5655.2568359375
0:01:20.353002, 0.0, 0.0, 90.0, 0.0, 5655.87255859375
0:01:20.454423, 0.0, 0.0, 90.0, 0.0, 5656.5068359375
0:01:20.541605, 0.0, 0.0, 90.0, 0.0, 5657.0595703125
0:01:20.647577, 0.0, 0.0, 90.0, 0.0, 5657.7255859375
0:01:20.759982, 0.0, 0.0, 90.0, 0.0, 5658.42919921875
0:01:20.846192, 0.0, 0.0, 90.0, 0.0, 5658.9755859375
0:01:20.957752, 0.0, 0.0, 90.0, 0.0, 5659.67236328125
0:01:21.044904, 0.0, 0.0, 90.0, 0.0, 5660.22509765625
0:01:21.144388, 0.0, 0.0, 90.0, 0.0, 5660.84716796875
0:01:21.254966, 0.0, 0.0, 90.0, 0.0, 5661.5439453125
0:01:21.363743, 0.0, 0.0, 90.0, 0.0, 5662.228515625
0:01:21.461090, 0.0, 0.0, 90.0, 0.0, 5662.837890625
0:01:21.575719, 0.0, 0.0, 90.0, 0.0, 5663.56005859375
0:01:21.658885, 0.0, 0.0, 90.0, 0.0, 5664.08154296875
0:01:21.755271, 0.0, 0.0, 90.0, 0.0, 5664.69140625
0:01:21.853649, 0.0, 0.0, 90.0, 0.0, 5665.30712890625
0:01:21.963622, 0.0, 0.0, 90.0, 0.0, 5665.998046875
0:01:22.078213, 0.0, 0.0, 90.0, 0.0, 5666.72021484375
0:01:22.163465, 0.0, 0.0, 90.0, 0.0, 5667.25390625
0:01:22.260053, 0.0, 0.0, 90.0, 0.0, 5667.86328125
0:01:22.366910, 0.0, 0.0, 90.0, 0.0, 5668.53515625
0:01:22.481533, 0.0, 0.0, 90.0, 0.0, 5669.25732421875
0:01:22.566940, 0.0, 0.0, 90.0, 0.0, 5669.791015625
0:01:22.679348, 0.0, 0.0, 90.0, 0.0, 5670.5009765625
0:01:22.793973, 0.0, 0.0, 90.0, 0.0, 5671.216796875
0:01:22.880162, 0.0, 0.0, 90.0, 0.0, 5671.76318359375
0:01:22.994859, 0.0, 0.0, 90.0, 0.0, 5672.47900390625
0:01:23.082048, 0.0, 0.0, 90.0, 0.0, 5673.03173828125
0:01:23.188155, 0.0, 0.0, 90.0, 0.0, 5673.69775390625
0:01:23.301589, 0.0, 0.0, 90.0, 0.0, 5674.4072265625
0:01:23.389829, 0.0, 0.0, 90.0, 0.0, 5674.96630859375
0:01:23.486131, 0.0, 0.0, 90.0, 0.0, 5675.56982421875
0:01:23.584639, 0.0, 0.0, 90.0, 0.0, 5676.19189453125
0:01:23.696647, 0.0, 0.0, 90.0, 0.0, 5676.8955078125
0:01:23.808208, 0.0, 0.0, 90.0, 0.0, 5677.59912109375
0:01:23.907509, 0.0, 0.0, 90.0, 0.0, 5678.22119140625
0:01:23.991798, 0.0, 0.0, 90.0, 0.0, 5678.7490234375
0:01:24.098793, 0.0, 0.0, 90.0, 0.0, 5679.4208984375
0:01:24.187011, 0.0, 0.0, 90.0, 0.0, 5679.97998046875
0:01:24.282014, 0.0, 0.0, 90.0, 0.0, 5680.57666015625
0:01:24.389947, 0.0, 0.0, 90.0, 0.0, 5681.25537109375
0:01:24.485177, 0.0, 0.0, 90.0, 0.0, 5681.85205078125
0:01:24.600953, 0.0, 0.0, 90.0, 0.0, 5682.5810546875
0:01:24.688171, 0.0, 0.0, 90.0, 0.0, 5683.1337890625
0:01:24.800780, 0.0, 0.0, 90.0, 0.0, 5683.8369140625
0:01:24.917295, 0.0, 0.0, 90.0, 0.0, 5684.57177734375
0:01:25.014788, 0.0, 0.0, 90.0, 0.0, 5685.18115234375
0:01:25.099032, 0.0, 0.0, 90.0, 0.0, 5685.71484375
0:01:25.211641, 0.0, 0.0, 90.0, 0.0, 5686.41845703125
0:01:25.317702, 0.0, 0.0, 90.0, 0.0, 5687.09033203125
0:01:25.406978, 0.0, 0.0, 90.0, 0.0, 5687.6494140625
0:01:25.505289, 0.0, 0.0, 90.0, 0.0, 5688.26513671875
0:01:25.604520, 0.0, 0.0, 90.0, 0.0, 5688.89306640625
0:01:25.716082, 0.0, 0.0, 90.0, 0.0, 5689.59033203125
0:01:25.834692, 0.0, 0.0, 90.0, 0.0, 5690.337890625
