Time, Frequency, Amplitude, Offset, PhaseShift, Phase
0:00:00.121286, 0.0, 0.0, 90.0, 0.0, 125889.6875
0:00:00.222742, 0.0, 0.0, 90.0, 0.0, 125890.328125
0:00:00.360345, 0.0, 0.0, 90.0, 0.0, 125891.203125
0:00:00.475174, 0.0, 0.0, 90.0, 0.0, 125891.921875
0:00:00.569618, 0.0, 0.0, 90.0, 0.0, 125892.5234375
0:00:00.700564, 0.0, 0.0, 90.0, 0.0, 125893.34375
0:00:00.804321, 0.0, 0.0, 90.0, 0.0, 125894.0
0:00:00.902682, 0.0, 0.0, 90.0, 0.0, 125894.609375
0:00:01.022721, 0.0, 0.0, 90.0, 0.0, 125895.3671875
0:00:01.151690, 0.0, 0.0, 90.0, 0.0, 125896.171875
0:00:01.264272, 0.0, 0.0, 90.0, 0.0, 125896.8828125
0:00:01.380787, 0.0, 0.0, 90.0, 0.0, 125897.609375
0:00:01.492797, 0.0, 0.0, 90.0, 0.0, 125898.3125
0:00:01.607263, 0.0, 0.0, 90.0, 0.0, 125899.0390625
0:00:01.694691, 0.0, 0.0, 90.0, 0.0, 125899.59375
0:00:01.805848, 0.0, 0.0, 90.0, 0.0, 125900.296875
0:00:01.903590, 0.0, 0.0, 90.0, 0.0, 125900.9140625
0:00:02.002317, 0.0, 0.0, 90.0, 0.0, 125901.53125
0:00:02.130795, 0.0, 0.0, 90.0, 0.0, 125902.3359375
0:00:02.243963, 0.0, 0.0, 90.0, 0.0, 125903.03125
0:00:02.347725, 0.0, 0.0, 90.0, 0.0, 125903.6640625
0:00:02.487990, 0.0, 0.0, 90.0, 0.0, 125904.578125
0:00:02.575717, 0.0, 0.0, 90.0, 0.0, 125905.1328125
0:00:02.685845, 0.0, 0.0, 90.0, 0.0, 125905.8359375
0:00:02.801900, 0.0, 0.0, 90.0, 0.0, 125906.5625
0:00:02.902002, 0.0, 0.0, 90.0, 0.0, 125907.1875
0:00:03.015452, 0.0, 0.0, 90.0, 0.0, 125907.90625
0:00:03.132268, 0.0, 0.0, 90.0, 0.0, 125908.6484375
0:00:03.231864, 0.0, 0.0, 90.0, 0.0, 125909.265625
0:00:03.346219, 0.0, 0.0, 90.0, 0.0, 125909.984375
0:00:03.463965, 0.0, 0.0, 90.0, 0.0, 125910.7265625
0:00:03.577060, 0.0, 0.0, 90.0, 0.0, 125911.4375
0:00:03.673542, 0.0, 0.0, 90.0, 0.0, 125912.046875
0:00:03.798347, 0.0, 0.0, 90.0, 0.0, 125912.8359375
0:00:03.885930, 0.0, 0.0, 90.0, 0.0, 125913.390625
0:00:03.998954, 0.0, 0.0, 90.0, 0.0, 125914.109375
0:00:04.115012, 0.0, 0.0, 90.0, 0.0, 125914.84375
0:00:04.241896, 0.0, 0.0, 90.0, 0.0, 125915.6328125
0:00:04.355496, 0.0, 0.0, 90.0, 0.0, 125916.34375
0:00:04.465029, 0.0, 0.0, 90.0, 0.0, 125917.03125
0:00:04.583347, 0.0, 0.0, 90.0, 0.0, 125917.765625
0:00:04.711807, 0.0, 0.0, 90.0, 0.0, 125918.53125
0:00:04.802486, 0.0, 0.0, 90.0, 0.0, 125919.1484375
0:00:04.923609, 0.0, 0.0, 90.0, 0.0, 125919.921875
0:00:05.022582, 0.0, 0.0, 90.0, 0.0, 125920.546875
0:00:05.146035, 0.0, 0.0, 90.0, 0.0, 125921.3125
0:00:05.300034, 0.0, 0.0, 90.0, 0.0, 125922.3046875
0:00:05.413337, 0.0, 0.0, 90.0, 0.0, 125923.015625
0:00:05.513202, 0.0, 0.0, 90.0, 0.0, 125923.6484375
0:00:05.634218, 0.0, 0.0, 90.0, 0.0, 125924.4140625
0:00:05.744271, 0.0, 0.0, 90.0, 0.0, 125925.109375
0:00:05.883797, 0.0, 0.0, 90.0, 0.0, 125925.9140625
0:00:05.995606, 0.0, 0.0, 90.0, 0.0, 125926.640625
0:00:06.108099, 0.0, 0.0, 90.0, 0.0, 125927.34375
0:00:06.222111, 0.0, 0.0, 90.0, 0.0, 125928.078125
0:00:06.405903, 0.0, 0.0, 90.0, 0.0, 125928.7890625
0:00:06.424742, 0.0, 0.0, 90.0, 0.0, 125929.3984375
0:00:06.524099, 0.0, 0.0, 90.0, 0.0, 125930.0234375
0:00:06.654643, 0.0, 0.0, 90.0, 0.0, 125930.8359375
0:00:06.753416, 0.0, 0.0, 90.0, 0.0, 125931.46875
0:00:06.873240, 0.0, 0.0, 90.0, 0.0, 125932.2265625
0:00:07.007081, 0.0, 0.0, 90.0, 0.0, 125933.046875
0:00:07.092148, 0.0, 0.0, 90.0, 0.0, 125933.6015625
0:00:07.205930, 0.0, 0.0, 90.0, 0.0, 125934.3359375
0:00:07.333207, 0.0, 0.0, 90.0, 0.0, 125935.1328125
0:00:07.448295, 0.0, 0.0, 90.0, 0.0, 125935.859375
0:00:07.547014, 0.0, 0.0, 90.0, 0.0, 125936.4765625
0:00:07.667982, 0.0, 0.0, 90.0, 0.0, 125937.25
0:00:07.801598, 0.0, 0.0, 90.0, 0.0, 125938.0390625
0:00:07.914523, 0.0, 0.0, 90.0, 0.0, 125938.7578125
0:00:07.993901, 0.0, 0.0, 90.0, 0.0, 125939.296875
0:00:08.138587, 0.0, 0.0, 90.0, 0.0, 125940.171875
0:00:08.244190, 0.0, 0.0, 90.0, 0.0, 125940.859375
0:00:08.355279, 0.0, 0.0, 90.0, 0.0, 125941.5859375
0:00:08.464769, 0.0, 0.0, 90.0, 0.0, 125942.2734375
0:00:08.577568, 0.0, 0.0, 90.0, 0.0, 125942.984375
0:00:08.698290, 0.0, 0.0, 90.0, 0.0, 125943.75
0:00:08.793715, 0.0, 0.0, 90.0, 0.0, 125944.3515625
0:00:08.940332, 0.0, 0.0, 90.0, 0.0, 125945.1171875
0:00:09.056435, 0.0, 0.0, 90.0, 0.0, 125946.0
0:00:09.178020, 0.0, 0.0, 90.0, 0.0, 125946.7734375
0:00:09.275264, 0.0, 0.0, 90.0, 0.0, 125947.390625
0:00:09.388492, 0.0, 0.0, 90.0, 0.0, 125948.1015625
0:00:09.515614, 0.0, 0.0, 90.0, 0.0, 125948.8515625
0:00:09.634717, 0.0, 0.0, 90.0, 0.0, 125949.640625
0:00:09.747964, 0.0, 0.0, 90.0, 0.0, 125950.359375
0:00:09.857207, 0.0, 0.0, 90.0, 0.0, 125951.0390625
0:00:09.992162, 0.0, 0.0, 90.0, 0.0, 125951.6875
0:00:10.160762, 0.0, 0.0, 90.0, 0.0, 125952.8046875
0:00:10.777945, 0.0, 0.0, 90.0, 0.0, 125956.75
0:00:10.961147, 0.0, 0.0, 90.0, 0.0, 125958.0
0:00:11.039298, 0.0, 0.0, 90.0, 0.0, 125958.5
0:00:11.166665, 0.0, 0.0, 90.0, 0.0, 125959.3046875
0:00:11.278366, 0.0, 0.0, 90.0, 0.0, 125960.0234375
0:00:11.384136, 0.0, 0.0, 90.0, 0.0, 125960.625
0:00:11.563866, 0.0, 0.0, 90.0, 0.0, 125961.6953125
0:00:11.697841, 0.0, 0.0, 90.0, 0.0, 125962.640625
0:00:11.788974, 0.0, 0.0, 90.0, 0.0, 125963.234375
0:00:11.911092, 0.0, 0.0, 90.0, 0.0, 125964.0
0:00:12.026201, 0.0, 0.0, 90.0, 0.0, 125964.7265625
0:00:12.154324, 0.0, 0.0, 90.0, 0.0, 125965.5234375
0:00:12.271727, 0.0, 0.0, 90.0, 0.0, 125966.2578125
0:00:12.385532, 0.0, 0.0, 90.0, 0.0, 125966.984375
0:00:12.498637, 0.0, 0.0, 90.0, 0.0, 125967.6796875
0:00:12.716033, 0.0, 0.0, 90.0, 0.0, 125968.4765625
0:00:12.741225, 0.0, 0.0, 90.0, 0.0, 125969.1640625
0:00:12.845795, 0.0, 0.0, 90.0, 0.0, 125969.859375
0:00:12.933288, 0.0, 0.0, 90.0, 0.0, 125970.4140625
0:00:13.047253, 0.0, 0.0, 90.0, 0.0, 125971.125
0:00:13.179458, 0.0, 0.0, 90.0, 0.0, 125971.953125
0:00:13.277071, 0.0, 0.0, 90.0, 0.0, 125972.5703125
0:00:13.408068, 0.0, 0.0, 90.0, 0.0, 125973.3828125
0:00:13.521580, 0.0, 0.0, 90.0, 0.0, 125974.1015625
0:00:13.646087, 0.0, 0.0, 90.0, 0.0, 125974.8359375
0:00:13.742502, 0.0, 0.0, 90.0, 0.0, 125975.4921875
0:00:13.855960, 0.0, 0.0, 90.0, 0.0, 125976.2109375
0:00:14.064573, 0.0, 0.0, 90.0, 0.0, 125977.0234375
0:00:14.070794, 0.0, 0.0, 90.0, 0.0, 125977.5703125
0:00:14.192306, 0.0, 0.0, 90.0, 0.0, 125978.3359375
0:00:14.306244, 0.0, 0.0, 90.0, 0.0, 125979.0546875
0:00:14.424929, 0.0, 0.0, 90.0, 0.0, 125979.7890625
0:00:14.514429, 0.0, 0.0, 90.0, 0.0, 125980.359375
0:00:14.630180, 0.0, 0.0, 90.0, 0.0, 125981.1015625
0:00:14.752198, 0.0, 0.0, 90.0, 0.0, 125981.8671875
0:00:14.871511, 0.0, 0.0, 90.0, 0.0, 125982.6171875
0:00:14.969789, 0.0, 0.0, 90.0, 0.0, 125983.2421875
0:00:15.084016, 0.0, 0.0, 90.0, 0.0, 125983.96875
0:00:15.299326, 0.0, 0.0, 90.0, 0.0, 125984.8359375
0:00:15.337523, 0.0, 0.0, 90.0, 0.0, 125985.515625
0:00:15.427630, 0.0, 0.0, 90.0, 0.0, 125986.125
0:00:15.548424, 0.0, 0.0, 90.0, 0.0, 125986.8984375
0:00:15.677440, 0.0, 0.0, 90.0, 0.0, 125987.7109375
0:00:15.798791, 0.0, 0.0, 90.0, 0.0, 125988.4765625
0:00:15.922555, 0.0, 0.0, 90.0, 0.0, 125989.2109375
0:00:16.115668, 0.0, 0.0, 90.0, 0.0, 125989.9375
0:00:16.126535, 0.0, 0.0, 90.0, 0.0, 125990.546875
0:00:16.226580, 0.0, 0.0, 90.0, 0.0, 125991.171875
0:00:16.361393, 0.0, 0.0, 90.0, 0.0, 125992.0234375
0:00:16.457208, 0.0, 0.0, 90.0, 0.0, 125992.640625
0:00:16.574450, 0.0, 0.0, 90.0, 0.0, 125993.3828125
0:00:16.687332, 0.0, 0.0, 90.0, 0.0, 125994.09375
0:00:16.798800, 0.0, 0.0, 90.0, 0.0, 125994.796875
0:00:16.897238, 0.0, 0.0, 90.0, 0.0, 125995.4140625
0:00:17.018437, 0.0, 0.0, 90.0, 0.0, 125996.1796875
0:00:17.145574, 0.0, 0.0, 90.0, 0.0, 125996.9765625
0:00:17.270874, 0.0, 0.0, 90.0, 0.0, 125997.71875
0:00:17.359125, 0.0, 0.0, 90.0, 0.0, 125998.3359375
0:00:17.486245, 0.0, 0.0, 90.0, 0.0, 125999.125
0:00:17.612936, 0.0, 0.0, 90.0, 0.0, 125999.859375
0:00:17.810139, 0.0, 0.0, 90.0, 0.0, 126000.6171875
0:00:17.911371, 0.0, 0.0, 90.0, 0.0, 126001.3515625
0:00:17.934861, 0.0, 0.0, 90.0, 0.0, 126001.9609375
0:00:18.040410, 0.0, 0.0, 90.0, 0.0, 126002.625
0:00:18.162060, 0.0, 0.0, 90.0, 0.0, 126003.3984375
0:00:18.257878, 0.0, 0.0, 90.0, 0.0, 126004.0
0:00:18.379135, 0.0, 0.0, 90.0, 0.0, 126004.765625
0:00:18.512390, 0.0, 0.0, 90.0, 0.0, 126005.5703125
0:00:18.626533, 0.0, 0.0, 90.0, 0.0, 126006.2734375
0:00:18.818043, 0.0, 0.0, 90.0, 0.0, 126007.015625
0:00:18.823810, 0.0, 0.0, 90.0, 0.0, 126007.5703125
0:00:18.930340, 0.0, 0.0, 90.0, 0.0, 126008.25
0:00:19.057870, 0.0, 0.0, 90.0, 0.0, 126009.0546875
0:00:19.169046, 0.0, 0.0, 90.0, 0.0, 126009.7578125
0:00:19.277884, 0.0, 0.0, 90.0, 0.0, 126010.4375
0:00:19.414062, 0.0, 0.0, 90.0, 0.0, 126011.2578125
0:00:19.497657, 0.0, 0.0, 90.0, 0.0, 126011.8125
0:00:19.639143, 0.0, 0.0, 90.0, 0.0, 126012.6640625
0:00:19.728456, 0.0, 0.0, 90.0, 0.0, 126013.2734375
0:00:19.849646, 0.0, 0.0, 90.0, 0.0, 126014.0390625
0:00:19.948223, 0.0, 0.0, 90.0, 0.0, 126014.6640625
0:00:20.077210, 0.0, 0.0, 90.0, 0.0, 126015.484375
0:00:20.278745, 0.0, 0.0, 90.0, 0.0, 126016.2578125
0:00:20.298548, 0.0, 0.0, 90.0, 0.0, 126016.890625
0:00:20.417153, 0.0, 0.0, 90.0, 0.0, 126017.625
0:00:20.532059, 0.0, 0.0, 90.0, 0.0, 126018.3515625
0:00:20.639433, 0.0, 0.0, 90.0, 0.0, 126019.0390625
0:00:20.760317, 0.0, 0.0, 90.0, 0.0, 126019.8046875
0:00:20.899296, 0.0, 0.0, 90.0, 0.0, 126020.5390625
0:00:21.106653, 0.0, 0.0, 90.0, 0.0, 126021.7890625
0:00:21.321863, 0.0, 0.0, 90.0, 0.0, 126023.1875
0:00:21.547043, 0.0, 0.0, 90.0, 0.0, 126024.5859375
0:00:21.712476, 0.0, 0.0, 90.0, 0.0, 126025.8046875
0:00:21.826953, 0.0, 0.0, 90.0, 0.0, 126026.5234375
0:00:21.937500, 0.0, 0.0, 90.0, 0.0, 126027.2265625
0:00:22.049118, 0.0, 0.0, 90.0, 0.0, 126027.953125
0:00:22.164096, 0.0, 0.0, 90.0, 0.0, 126028.6796875
0:00:22.257554, 0.0, 0.0, 90.0, 0.0, 126029.2734375
0:00:22.396519, 0.0, 0.0, 90.0, 0.0, 126030.15625
0:00:22.511759, 0.0, 0.0, 90.0, 0.0, 126030.875
0:00:22.609135, 0.0, 0.0, 90.0, 0.0, 126031.4921875
0:00:22.737224, 0.0, 0.0, 90.0, 0.0, 126032.3046875
0:00:22.850346, 0.0, 0.0, 90.0, 0.0, 126033.015625
0:00:22.968240, 0.0, 0.0, 90.0, 0.0, 126033.75
0:00:23.052162, 0.0, 0.0, 90.0, 0.0, 126034.2890625
0:00:23.178761, 0.0, 0.0, 90.0, 0.0, 126035.0859375
0:00:23.289735, 0.0, 0.0, 90.0, 0.0, 126035.78125
0:00:23.405801, 0.0, 0.0, 90.0, 0.0, 126036.5078125
0:00:23.518777, 0.0, 0.0, 90.0, 0.0, 126037.2265625
0:00:23.606420, 0.0, 0.0, 90.0, 0.0, 126037.78125
0:00:23.759955, 0.0, 0.0, 90.0, 0.0, 126038.703125
0:00:23.850259, 0.0, 0.0, 90.0, 0.0, 126039.3203125
0:00:23.970279, 0.0, 0.0, 90.0, 0.0, 126040.0703125
0:00:24.097546, 0.0, 0.0, 90.0, 0.0, 126040.8203125
0:00:24.190418, 0.0, 0.0, 90.0, 0.0, 126041.4609375
0:00:24.401908, 0.0, 0.0, 90.0, 0.0, 126042.2578125
0:00:24.517545, 0.0, 0.0, 90.0, 0.0, 126042.9765625
0:00:24.625257, 0.0, 0.0, 90.0, 0.0, 126043.6875
0:00:24.631932, 0.0, 0.0, 90.0, 0.0, 126044.2265625
0:00:24.751715, 0.0, 0.0, 90.0, 0.0, 126044.984375
0:00:24.862138, 0.0, 0.0, 90.0, 0.0, 126045.671875
0:00:24.990699, 0.0, 0.0, 90.0, 0.0, 126046.4765625
0:00:25.104442, 0.0, 0.0, 90.0, 0.0, 126047.1953125
0:00:25.309808, 0.0, 0.0, 90.0, 0.0, 126047.9921875
0:00:25.316603, 0.0, 0.0, 90.0, 0.0, 126048.5390625
0:00:25.431627, 0.0, 0.0, 90.0, 0.0, 126049.265625
0:00:25.708964, 0.0, 0.0, 90.0, 0.0, 126051.015625
0:00:25.826138, 0.0, 0.0, 90.0, 0.0, 126051.7578125
0:00:25.959765, 0.0, 0.0, 90.0, 0.0, 126052.5390625
0:00:26.049938, 0.0, 0.0, 90.0, 0.0, 126053.171875
0:00:26.171503, 0.0, 0.0, 90.0, 0.0, 126053.9375
0:00:26.267850, 0.0, 0.0, 90.0, 0.0, 126054.546875
0:00:26.380825, 0.0, 0.0, 90.0, 0.0, 126055.2578125
0:00:26.496997, 0.0, 0.0, 90.0, 0.0, 126055.9921875
0:00:26.614440, 0.0, 0.0, 90.0, 0.0, 126056.7421875
0:00:26.815552, 0.0, 0.0, 90.0, 0.0, 126057.5234375
0:00:26.823253, 0.0, 0.0, 90.0, 0.0, 126058.0625
0:00:26.946976, 0.0, 0.0, 90.0, 0.0, 126058.8359375
0:00:27.062477, 0.0, 0.0, 90.0, 0.0, 126059.5625
0:00:27.161772, 0.0, 0.0, 90.0, 0.0, 126060.1875
0:00:27.295051, 0.0, 0.0, 90.0, 0.0, 126061.0
0:00:27.391495, 0.0, 0.0, 90.0, 0.0, 126061.6328125
0:00:27.530114, 0.0, 0.0, 90.0, 0.0, 126062.4453125
0:00:27.636902, 0.0, 0.0, 90.0, 0.0, 126063.1640625
0:00:27.747073, 0.0, 0.0, 90.0, 0.0, 126063.8828125
0:00:27.865257, 0.0, 0.0, 90.0, 0.0, 126064.6171875
0:00:27.972983, 0.0, 0.0, 90.0, 0.0, 126065.3125
0:00:28.182467, 0.0, 0.0, 90.0, 0.0, 126066.1171875
0:00:28.212100, 0.0, 0.0, 90.0, 0.0, 126066.78125
0:00:28.399757, 0.0, 0.0, 90.0, 0.0, 126067.515625
0:00:28.419148, 0.0, 0.0, 90.0, 0.0, 126068.1328125
0:00:28.526517, 0.0, 0.0, 90.0, 0.0, 126068.796875
0:00:28.639200, 0.0, 0.0, 90.0, 0.0, 126069.515625
0:00:28.751461, 0.0, 0.0, 90.0, 0.0, 126070.2265625
0:00:28.877909, 0.0, 0.0, 90.0, 0.0, 126071.015625
0:00:28.984768, 0.0, 0.0, 90.0, 0.0, 126071.6953125
0:00:29.102125, 0.0, 0.0, 90.0, 0.0, 126072.4296875
0:00:29.213639, 0.0, 0.0, 90.0, 0.0, 126073.125
0:00:29.424529, 0.0, 0.0, 90.0, 0.0, 126073.9296875
0:00:29.524969, 0.0, 0.0, 90.0, 0.0, 126074.640625
0:00:29.550307, 0.0, 0.0, 90.0, 0.0, 126075.25
0:00:29.648555, 0.0, 0.0, 90.0, 0.0, 126075.8828125
0:00:29.789424, 0.0, 0.0, 90.0, 0.0, 126076.71875
0:00:29.879593, 0.0, 0.0, 90.0, 0.0, 126077.34375
0:00:29.988514, 0.0, 0.0, 90.0, 0.0, 126078.03125
0:00:30.103067, 0.0, 0.0, 90.0, 0.0, 126078.7578125
0:00:30.222244, 0.0, 0.0, 90.0, 0.0, 126079.5078125
0:00:30.322574, 0.0, 0.0, 90.0, 0.0, 126080.1484375
0:00:30.461258, 0.0, 0.0, 90.0, 0.0, 126080.953125
0:00:30.699614, 0.0, 0.0, 90.0, 0.0, 126082.53125
0:00:30.814877, 0.0, 0.0, 90.0, 0.0, 126083.25
0:00:30.938622, 0.0, 0.0, 90.0, 0.0, 126084.0390625
0:00:31.053043, 0.0, 0.0, 90.0, 0.0, 126084.7578125
0:00:31.167405, 0.0, 0.0, 90.0, 0.0, 126085.484375
0:00:31.284454, 0.0, 0.0, 90.0, 0.0, 126086.2109375
0:00:31.513442, 0.0, 0.0, 90.0, 0.0, 126087.2109375
0:00:31.525893, 0.0, 0.0, 90.0, 0.0, 126087.7578125
0:00:31.648151, 0.0, 0.0, 90.0, 0.0, 126088.4921875
0:00:31.868975, 0.0, 0.0, 90.0, 0.0, 126089.390625
0:00:31.883683, 0.0, 0.0, 90.0, 0.0, 126090.0078125
0:00:31.995158, 0.0, 0.0, 90.0, 0.0, 126090.71875
0:00:32.121565, 0.0, 0.0, 90.0, 0.0, 126091.453125
0:00:32.320517, 0.0, 0.0, 90.0, 0.0, 126092.203125
0:00:32.429439, 0.0, 0.0, 90.0, 0.0, 126092.921875
0:00:32.443914, 0.0, 0.0, 90.0, 0.0, 126093.5390625
0:00:32.559849, 0.0, 0.0, 90.0, 0.0, 126094.2734375
0:00:32.679069, 0.0, 0.0, 90.0, 0.0, 126094.9921875
0:00:32.886628, 0.0, 0.0, 90.0, 0.0, 126095.7890625
0:00:33.002899, 0.0, 0.0, 90.0, 0.0, 126096.5078125
0:00:33.101729, 0.0, 0.0, 90.0, 0.0, 126097.1875
0:00:33.138049, 0.0, 0.0, 90.0, 0.0, 126097.8515625
0:00:33.216776, 0.0, 0.0, 90.0, 0.0, 126098.3984375
0:00:33.334040, 0.0, 0.0, 90.0, 0.0, 126099.1328125
0:00:33.448011, 0.0, 0.0, 90.0, 0.0, 126099.8515625
0:00:33.563824, 0.0, 0.0, 90.0, 0.0, 126100.5859375
0:00:33.700052, 0.0, 0.0, 90.0, 0.0, 126101.3828125
0:00:33.811248, 0.0, 0.0, 90.0, 0.0, 126102.1015625
0:00:33.919643, 0.0, 0.0, 90.0, 0.0, 126102.8046875
0:00:34.042095, 0.0, 0.0, 90.0, 0.0, 126103.5390625
0:00:34.138940, 0.0, 0.0, 90.0, 0.0, 126104.2109375
0:00:34.265777, 0.0, 0.0, 90.0, 0.0, 126104.984375
0:00:34.342849, 0.0, 0.0, 90.0, 0.0, 126105.5
0:00:34.468978, 0.0, 0.0, 90.0, 0.0, 126106.2890625
0:00:34.574138, 0.0, 0.0, 90.0, 0.0, 126106.953125
0:00:34.683270, 0.0, 0.0, 90.0, 0.0, 126107.640625
0:00:34.776209, 0.0, 0.0, 90.0, 0.0, 126108.234375
0:00:34.918790, 0.0, 0.0, 90.0, 0.0, 126109.125
0:00:35.016240, 0.0, 0.0, 90.0, 0.0, 126109.7265625
0:00:35.135365, 0.0, 0.0, 90.0, 0.0, 126110.484375
0:00:35.264464, 0.0, 0.0, 90.0, 0.0, 126111.28125
0:00:35.374810, 0.0, 0.0, 90.0, 0.0, 126111.9921875
0:00:35.595508, 0.0, 0.0, 90.0, 0.0, 126112.84375
0:00:35.598257, 0.0, 0.0, 90.0, 0.0, 126113.3828125
0:00:35.739348, 0.0, 0.0, 90.0, 0.0, 126114.28125
0:00:35.864136, 0.0, 0.0, 90.0, 0.0, 126115.0703125
0:00:35.956321, 0.0, 0.0, 90.0, 0.0, 126115.6640625
0:00:36.109490, 0.0, 0.0, 90.0, 0.0, 126116.5625
0:00:36.197566, 0.0, 0.0, 90.0, 0.0, 126117.1796875
0:00:36.328445, 0.0, 0.0, 90.0, 0.0, 126117.984375
0:00:36.423436, 0.0, 0.0, 90.0, 0.0, 126118.6015625
0:00:36.524225, 0.0, 0.0, 90.0, 0.0, 126119.234375
0:00:36.646859, 0.0, 0.0, 90.0, 0.0, 126120.0078125
0:00:36.745233, 0.0, 0.0, 90.0, 0.0, 126120.6328125
0:00:36.869864, 0.0, 0.0, 90.0, 0.0, 126121.4140625
0:00:36.985004, 0.0, 0.0, 90.0, 0.0, 126122.140625
0:00:37.081330, 0.0, 0.0, 90.0, 0.0, 126122.75
0:00:37.194012, 0.0, 0.0, 90.0, 0.0, 126123.4609375
0:00:37.309223, 0.0, 0.0, 90.0, 0.0, 126124.1953125
0:00:37.434484, 0.0, 0.0, 90.0, 0.0, 126124.9765625
0:00:37.535032, 0.0, 0.0, 90.0, 0.0, 126125.609375
0:00:37.645199, 0.0, 0.0, 90.0, 0.0, 126126.296875
0:00:37.774255, 0.0, 0.0, 90.0, 0.0, 126127.1015625
0:00:37.887862, 0.0, 0.0, 90.0, 0.0, 126127.8203125
0:00:37.973201, 0.0, 0.0, 90.0, 0.0, 126128.3671875
0:00:38.125869, 0.0, 0.0, 90.0, 0.0, 126129.2890625
0:00:38.238208, 0.0, 0.0, 90.0, 0.0, 126130.0
0:00:38.339682, 0.0, 0.0, 90.0, 0.0, 126130.6875
0:00:38.450115, 0.0, 0.0, 90.0, 0.0, 126131.390625
0:00:38.561596, 0.0, 0.0, 90.0, 0.0, 126132.09375
0:00:38.679028, 0.0, 0.0, 90.0, 0.0, 126132.8203125
0:00:38.774364, 0.0, 0.0, 90.0, 0.0, 126133.4453125
0:00:38.895377, 0.0, 0.0, 90.0, 0.0, 126134.203125
0:00:38.989937, 0.0, 0.0, 90.0, 0.0, 126134.8046875
0:00:39.115826, 0.0, 0.0, 90.0, 0.0, 126135.6015625
0:00:39.234464, 0.0, 0.0, 90.0, 0.0, 126136.34375
0:00:39.342986, 0.0, 0.0, 90.0, 0.0, 126137.0390625
0:00:39.449233, 0.0, 0.0, 90.0, 0.0, 126137.7109375
0:00:39.569390, 0.0, 0.0, 90.0, 0.0, 126138.46875
0:00:39.687208, 0.0, 0.0, 90.0, 0.0, 126139.1953125
0:00:39.778886, 0.0, 0.0, 90.0, 0.0, 126139.7734375
0:00:39.894587, 0.0, 0.0, 90.0, 0.0, 126140.5
0:00:40.040054, 0.0, 0.0, 90.0, 0.0, 126141.375
0:00:40.153654, 0.0, 0.0, 90.0, 0.0, 126142.1015625
0:00:40.245302, 0.0, 0.0, 90.0, 0.0, 126142.7265625
0:00:40.368090, 0.0, 0.0, 90.0, 0.0, 126143.4921875
0:00:40.493349, 0.0, 0.0, 90.0, 0.0, 126144.2265625
0:00:40.608691, 0.0, 0.0, 90.0, 0.0, 126144.9375
0:00:40.849496, 0.0, 0.0, 90.0, 0.0, 126146.5390625
0:00:40.967909, 0.0, 0.0, 90.0, 0.0, 126147.265625
0:00:41.077526, 0.0, 0.0, 90.0, 0.0, 126147.9765625
0:00:41.164745, 0.0, 0.0, 90.0, 0.0, 126148.5234375
0:00:41.417563, 0.0, 0.0, 90.0, 0.0, 126149.59375
0:00:41.430977, 0.0, 0.0, 90.0, 0.0, 126150.203125
0:00:41.552333, 0.0, 0.0, 90.0, 0.0, 126150.9453125
0:00:41.760994, 0.0, 0.0, 90.0, 0.0, 126151.7734375
0:00:41.767773, 0.0, 0.0, 90.0, 0.0, 126152.328125
0:00:41.884765, 0.0, 0.0, 90.0, 0.0, 126153.0703125
0:00:42.001982, 0.0, 0.0, 90.0, 0.0, 126153.796875
0:00:42.097313, 0.0, 0.0, 90.0, 0.0, 126154.40625
0:00:42.214439, 0.0, 0.0, 90.0, 0.0, 126155.140625
0:00:42.329167, 0.0, 0.0, 90.0, 0.0, 126155.859375
0:00:42.442812, 0.0, 0.0, 90.0, 0.0, 126156.578125
0:00:42.528469, 0.0, 0.0, 90.0, 0.0, 126157.1171875
0:00:42.647468, 0.0, 0.0, 90.0, 0.0, 126157.8671875
0:00:42.774502, 0.0, 0.0, 90.0, 0.0, 126158.6640625
0:00:42.889395, 0.0, 0.0, 90.0, 0.0, 126159.390625
0:00:42.987196, 0.0, 0.0, 90.0, 0.0, 126160.0078125
0:00:43.099422, 0.0, 0.0, 90.0, 0.0, 126160.71875
0:00:43.340016, 0.0, 0.0, 90.0, 0.0, 126161.6796875
0:00:43.351058, 0.0, 0.0, 90.0, 0.0, 126162.3046875
0:00:43.465546, 0.0, 0.0, 90.0, 0.0, 126163.03125
0:00:43.579526, 0.0, 0.0, 90.0, 0.0, 126163.75
0:00:43.692747, 0.0, 0.0, 90.0, 0.0, 126164.46875
0:00:43.913131, 0.0, 0.0, 90.0, 0.0, 126165.2578125
0:00:44.016778, 0.0, 0.0, 90.0, 0.0, 126166.0
0:00:44.035202, 0.0, 0.0, 90.0, 0.0, 126166.6171875
0:00:44.139711, 0.0, 0.0, 90.0, 0.0, 126167.2734375
0:00:44.358374, 0.0, 0.0, 90.0, 0.0, 126168.15625
0:00:44.376184, 0.0, 0.0, 90.0, 0.0, 126168.765625
0:00:44.484633, 0.0, 0.0, 90.0, 0.0, 126169.453125
0:00:44.599417, 0.0, 0.0, 90.0, 0.0, 126170.1875
0:00:44.721550, 0.0, 0.0, 90.0, 0.0, 126170.96875
0:00:44.821376, 0.0, 0.0, 90.0, 0.0, 126171.578125
0:00:44.940701, 0.0, 0.0, 90.0, 0.0, 126172.3359375
0:00:45.052673, 0.0, 0.0, 90.0, 0.0, 126173.0390625
0:00:45.167478, 0.0, 0.0, 90.0, 0.0, 126173.765625
0:00:45.258072, 0.0, 0.0, 90.0, 0.0, 126174.3359375
0:00:45.375418, 0.0, 0.0, 90.0, 0.0, 126175.0703125
0:00:45.490910, 0.0, 0.0, 90.0, 0.0, 126175.8046875
0:00:45.614805, 0.0, 0.0, 90.0, 0.0, 126176.578125
0:00:45.722753, 0.0, 0.0, 90.0, 0.0, 126177.25
0:00:45.838740, 0.0, 0.0, 90.0, 0.0, 126177.984375
0:00:45.952870, 0.0, 0.0, 90.0, 0.0, 126178.7109375
0:00:46.092046, 0.0, 0.0, 90.0, 0.0, 126179.578125
0:00:46.223244, 0.0, 0.0, 90.0, 0.0, 126180.359375
0:00:46.434265, 0.0, 0.0, 90.0, 0.0, 126181.1484375
0:00:46.534994, 0.0, 0.0, 90.0, 0.0, 126181.875
0:00:46.549350, 0.0, 0.0, 90.0, 0.0, 126182.484375
0:00:46.762530, 0.0, 0.0, 90.0, 0.0, 126183.359375
0:00:46.883716, 0.0, 0.0, 90.0, 0.0, 126184.0
0:00:46.987744, 0.0, 0.0, 90.0, 0.0, 126184.75
0:00:47.016559, 0.0, 0.0, 90.0, 0.0, 126185.390625
0:00:47.099225, 0.0, 0.0, 90.0, 0.0, 126185.953125
0:00:47.244212, 0.0, 0.0, 90.0, 0.0, 126186.8125
0:00:47.358227, 0.0, 0.0, 90.0, 0.0, 126187.5234375
0:00:47.469882, 0.0, 0.0, 90.0, 0.0, 126188.234375
0:00:47.649952, 0.0, 0.0, 90.0, 0.0, 126188.9609375
0:00:47.664211, 0.0, 0.0, 90.0, 0.0, 126189.515625
0:00:47.808889, 0.0, 0.0, 90.0, 0.0, 126190.359375
0:00:48.014895, 0.0, 0.0, 90.0, 0.0, 126191.1484375
0:00:48.119014, 0.0, 0.0, 90.0, 0.0, 126191.8671875
0:00:48.126151, 0.0, 0.0, 90.0, 0.0, 126192.421875
0:00:48.241423, 0.0, 0.0, 90.0, 0.0, 126193.1328125
0:00:48.361313, 0.0, 0.0, 90.0, 0.0, 126193.890625
0:00:48.477060, 0.0, 0.0, 90.0, 0.0, 126194.609375
0:00:48.589002, 0.0, 0.0, 90.0, 0.0, 126195.3359375
0:00:48.699026, 0.0, 0.0, 90.0, 0.0, 126196.0234375
0:00:48.798312, 0.0, 0.0, 90.0, 0.0, 126196.6484375
0:00:48.945001, 0.0, 0.0, 90.0, 0.0, 126197.53125
0:00:49.060792, 0.0, 0.0, 90.0, 0.0, 126198.25
0:00:49.183350, 0.0, 0.0, 90.0, 0.0, 126199.03125
0:00:49.297608, 0.0, 0.0, 90.0, 0.0, 126199.75
0:00:49.492518, 0.0, 0.0, 90.0, 0.0, 126200.546875
0:00:49.501308, 0.0, 0.0, 90.0, 0.0, 126201.09375
0:00:49.616958, 0.0, 0.0, 90.0, 0.0, 126201.8203125
0:00:49.728822, 0.0, 0.0, 90.0, 0.0, 126202.5390625
0:00:49.842368, 0.0, 0.0, 90.0, 0.0, 126203.25
0:00:50.068657, 0.0, 0.0, 90.0, 0.0, 126204.078125
0:00:50.167810, 0.0, 0.0, 90.0, 0.0, 126204.8046875
0:00:50.173783, 0.0, 0.0, 90.0, 0.0, 126205.34375
0:00:50.393943, 0.0, 0.0, 90.0, 0.0, 126206.2421875
0:00:50.399060, 0.0, 0.0, 90.0, 0.0, 126206.7734375
0:00:50.529994, 0.0, 0.0, 90.0, 0.0, 126207.6015625
0:00:50.650611, 0.0, 0.0, 90.0, 0.0, 126208.3359375
0:00:50.936430, 0.0, 0.0, 90.0, 0.0, 126210.1328125
0:00:51.050687, 0.0, 0.0, 90.0, 0.0, 126210.859375
0:00:51.165027, 0.0, 0.0, 90.0, 0.0, 126211.578125
0:00:51.287086, 0.0, 0.0, 90.0, 0.0, 126212.328125
0:00:51.485076, 0.0, 0.0, 90.0, 0.0, 126213.0546875
0:00:51.611728, 0.0, 0.0, 90.0, 0.0, 126213.78125
0:00:51.712668, 0.0, 0.0, 90.0, 0.0, 126214.5390625
0:00:51.721345, 0.0, 0.0, 90.0, 0.0, 126215.0859375
0:00:51.947616, 0.0, 0.0, 90.0, 0.0, 126215.984375
0:00:51.968756, 0.0, 0.0, 90.0, 0.0, 126216.609375
0:00:52.056016, 0.0, 0.0, 90.0, 0.0, 126217.203125
0:00:52.287770, 0.0, 0.0, 90.0, 0.0, 126218.0546875
0:00:52.389282, 0.0, 0.0, 90.0, 0.0, 126218.8046875
0:00:52.420078, 0.0, 0.0, 90.0, 0.0, 126219.4296875
0:00:52.533418, 0.0, 0.0, 90.0, 0.0, 126220.1484375
0:00:52.630983, 0.0, 0.0, 90.0, 0.0, 126220.8125
0:00:52.742913, 0.0, 0.0, 90.0, 0.0, 126221.515625
0:00:52.953248, 0.0, 0.0, 90.0, 0.0, 126222.3203125
0:00:53.073540, 0.0, 0.0, 90.0, 0.0, 126223.0390625
0:00:53.097136, 0.0, 0.0, 90.0, 0.0, 126223.7265625
0:00:53.307182, 0.0, 0.0, 90.0, 0.0, 126224.453125
0:00:53.323015, 0.0, 0.0, 90.0, 0.0, 126225.1875
0:00:53.546453, 0.0, 0.0, 90.0, 0.0, 126225.9921875
0:00:53.647580, 0.0, 0.0, 90.0, 0.0, 126226.7109375
0:00:53.679034, 0.0, 0.0, 90.0, 0.0, 126227.390625
0:00:53.880013, 0.0, 0.0, 90.0, 0.0, 126228.171875
0:00:53.881797, 0.0, 0.0, 90.0, 0.0, 126228.71875
0:00:54.018459, 0.0, 0.0, 90.0, 0.0, 126229.5234375
0:00:54.117047, 0.0, 0.0, 90.0, 0.0, 126230.203125
0:00:54.249126, 0.0, 0.0, 90.0, 0.0, 126230.9921875
0:00:54.447021, 0.0, 0.0, 90.0, 0.0, 126231.7421875
0:00:54.466061, 0.0, 0.0, 90.0, 0.0, 126232.4140625
0:00:54.673072, 0.0, 0.0, 90.0, 0.0, 126233.2734375
0:00:54.703330, 0.0, 0.0, 90.0, 0.0, 126233.8671875
0:00:54.791383, 0.0, 0.0, 90.0, 0.0, 126234.4765625
0:00:54.891615, 0.0, 0.0, 90.0, 0.0, 126235.109375
0:00:55.001242, 0.0, 0.0, 90.0, 0.0, 126235.8046875
0:00:55.100306, 0.0, 0.0, 90.0, 0.0, 126236.421875
0:00:55.215976, 0.0, 0.0, 90.0, 0.0, 126237.15625
0:00:55.342260, 0.0, 0.0, 90.0, 0.0, 126237.953125
0:00:55.472514, 0.0, 0.0, 90.0, 0.0, 126238.75
0:00:55.596273, 0.0, 0.0, 90.0, 0.0, 126239.484375
0:00:55.795918, 0.0, 0.0, 90.0, 0.0, 126240.3046875
0:00:55.954227, 0.0, 0.0, 90.0, 0.0, 126241.8203125
0:00:56.082652, 0.0, 0.0, 90.0, 0.0, 126242.5859375
0:00:56.189787, 0.0, 0.0, 90.0, 0.0, 126243.265625
0:00:56.310465, 0.0, 0.0, 90.0, 0.0, 126244.0078125
0:00:56.511172, 0.0, 0.0, 90.0, 0.0, 126244.765625
0:00:56.522851, 0.0, 0.0, 90.0, 0.0, 126245.3828125
0:00:56.650499, 0.0, 0.0, 90.0, 0.0, 126246.140625
0:00:56.849896, 0.0, 0.0, 90.0, 0.0, 126246.9375
0:00:56.855670, 0.0, 0.0, 90.0, 0.0, 126247.484375
0:00:56.973160, 0.0, 0.0, 90.0, 0.0, 126248.2109375
0:00:57.087587, 0.0, 0.0, 90.0, 0.0, 126248.9375
0:00:57.195244, 0.0, 0.0, 90.0, 0.0, 126249.625
0:00:57.328628, 0.0, 0.0, 90.0, 0.0, 126250.4140625
0:00:57.442230, 0.0, 0.0, 90.0, 0.0, 126251.1171875
0:00:57.661487, 0.0, 0.0, 90.0, 0.0, 126251.859375
0:00:57.680868, 0.0, 0.0, 90.0, 0.0, 126252.625
0:00:57.878533, 0.0, 0.0, 90.0, 0.0, 126253.3515625
0:00:57.984158, 0.0, 0.0, 90.0, 0.0, 126254.078125
0:00:57.996726, 0.0, 0.0, 90.0, 0.0, 126254.6640625
0:00:58.123513, 0.0, 0.0, 90.0, 0.0, 126255.4609375
0:00:58.235474, 0.0, 0.0, 90.0, 0.0, 126256.1796875
0:00:58.365314, 0.0, 0.0, 90.0, 0.0, 126256.9296875
0:00:58.579783, 0.0, 0.0, 90.0, 0.0, 126257.796875
0:00:58.590473, 0.0, 0.0, 90.0, 0.0, 126258.4140625
0:00:58.703803, 0.0, 0.0, 90.0, 0.0, 126259.125
0:00:58.811500, 0.0, 0.0, 90.0, 0.0, 126259.8046875
0:00:58.921781, 0.0, 0.0, 90.0, 0.0, 126260.5078125
0:00:59.038160, 0.0, 0.0, 90.0, 0.0, 126261.2421875
0:00:59.170859, 0.0, 0.0, 90.0, 0.0, 126262.015625
0:00:59.282475, 0.0, 0.0, 90.0, 0.0, 126262.75
0:00:59.374279, 0.0, 0.0, 90.0, 0.0, 126263.375
0:00:59.487196, 0.0, 0.0, 90.0, 0.0, 126264.1015625
0:00:59.585558, 0.0, 0.0, 90.0, 0.0, 126264.71875
0:00:59.812878, 0.0, 0.0, 90.0, 0.0, 126265.6796875
0:00:59.823395, 0.0, 0.0, 90.0, 0.0, 126266.21875
0:00:59.945843, 0.0, 0.0, 90.0, 0.0, 126266.9765625
0:01:00.167698, 0.0, 0.0, 90.0, 0.0, 126267.7890625
0:01:00.269225, 0.0, 0.0, 90.0, 0.0, 126268.515625
0:01:00.274708, 0.0, 0.0, 90.0, 0.0, 126269.046875
0:01:00.412744, 0.0, 0.0, 90.0, 0.0, 126269.8515625
0:01:00.514258, 0.0, 0.0, 90.0, 0.0, 126270.5390625
0:01:00.628279, 0.0, 0.0, 90.0, 0.0, 126271.265625
0:01:00.844261, 0.0, 0.0, 90.0, 0.0, 126272.0703125
0:01:01.031970, 0.0, 0.0, 90.0, 0.0, 126273.734375
0:01:01.131078, 0.0, 0.0, 90.0, 0.0, 126274.421875
0:01:01.245370, 0.0, 0.0, 90.0, 0.0, 126275.140625
0:01:01.355598, 0.0, 0.0, 90.0, 0.0, 126275.828125
0:01:01.486542, 0.0, 0.0, 90.0, 0.0, 126276.59375
0:01:01.596349, 0.0, 0.0, 90.0, 0.0, 126277.3203125
0:01:01.712160, 0.0, 0.0, 90.0, 0.0, 126278.046875
0:01:01.834598, 0.0, 0.0, 90.0, 0.0, 126278.8515625
0:01:02.056448, 0.0, 0.0, 90.0, 0.0, 126279.6875
0:01:02.074044, 0.0, 0.0, 90.0, 0.0, 126280.3046875
0:01:02.168689, 0.0, 0.0, 90.0, 0.0, 126280.9609375
0:01:02.381804, 0.0, 0.0, 90.0, 0.0, 126281.828125
0:01:02.406900, 0.0, 0.0, 90.0, 0.0, 126282.4296875
0:01:02.518762, 0.0, 0.0, 90.0, 0.0, 126283.15625
0:01:02.737084, 0.0, 0.0, 90.0, 0.0, 126283.9609375
0:01:02.837619, 0.0, 0.0, 90.0, 0.0, 126284.6796875
0:01:02.857579, 0.0, 0.0, 90.0, 0.0, 126285.3046875
0:01:03.055244, 0.0, 0.0, 90.0, 0.0, 126286.0546875
0:01:03.060878, 0.0, 0.0, 90.0, 0.0, 126286.5859375
0:01:03.209515, 0.0, 0.0, 90.0, 0.0, 126287.4765625
0:01:03.320633, 0.0, 0.0, 90.0, 0.0, 126288.2109375
0:01:03.445444, 0.0, 0.0, 90.0, 0.0, 126288.984375
0:01:03.651919, 0.0, 0.0, 90.0, 0.0, 126289.703125
0:01:03.756762, 0.0, 0.0, 90.0, 0.0, 126290.484375
0:01:03.765228, 0.0, 0.0, 90.0, 0.0, 126291.0390625
0:01:03.880420, 0.0, 0.0, 90.0, 0.0, 126291.7578125
0:01:03.988604, 0.0, 0.0, 90.0, 0.0, 126292.4453125
0:01:04.114213, 0.0, 0.0, 90.0, 0.0, 126293.234375
0:01:04.218920, 0.0, 0.0, 90.0, 0.0, 126293.890625
0:01:04.333505, 0.0, 0.0, 90.0, 0.0, 126294.609375
0:01:04.445064, 0.0, 0.0, 90.0, 0.0, 126295.328125
0:01:04.578668, 0.0, 0.0, 90.0, 0.0, 126296.125
0:01:04.693601, 0.0, 0.0, 90.0, 0.0, 126296.8515625
0:01:04.893171, 0.0, 0.0, 90.0, 0.0, 126297.640625
0:01:04.898593, 0.0, 0.0, 90.0, 0.0, 126298.1875
0:01:05.115889, 0.0, 0.0, 90.0, 0.0, 126299.046875
0:01:05.120958, 0.0, 0.0, 90.0, 0.0, 126299.5859375
0:01:05.258570, 0.0, 0.0, 90.0, 0.0, 126300.4296875
0:01:05.442676, 0.0, 0.0, 90.0, 0.0, 126301.1484375
0:01:05.459603, 0.0, 0.0, 90.0, 0.0, 126301.734375
0:01:05.611744, 0.0, 0.0, 90.0, 0.0, 126302.625
0:01:05.710846, 0.0, 0.0, 90.0, 0.0, 126303.328125
0:01:05.833678, 0.0, 0.0, 90.0, 0.0, 126304.0625
0:01:06.220645, 0.0, 0.0, 90.0, 0.0, 126305.921875
0:01:06.328413, 0.0, 0.0, 90.0, 0.0, 126306.6484375
0:01:06.335933, 0.0, 0.0, 90.0, 0.0, 126307.28125
0:01:06.443600, 0.0, 0.0, 90.0, 0.0, 126307.953125
0:01:06.666060, 0.0, 0.0, 90.0, 0.0, 126308.859375
0:01:06.674714, 0.0, 0.0, 90.0, 0.0, 126309.4140625
0:01:06.897705, 0.0, 0.0, 90.0, 0.0, 126310.296875
0:01:07.011945, 0.0, 0.0, 90.0, 0.0, 126310.9921875
0:01:07.013670, 0.0, 0.0, 90.0, 0.0, 126311.546875
0:01:07.127566, 0.0, 0.0, 90.0, 0.0, 126312.265625
0:01:07.353314, 0.0, 0.0, 90.0, 0.0, 126313.1328125
0:01:07.452451, 0.0, 0.0, 90.0, 0.0, 126313.8671875
0:01:07.461636, 0.0, 0.0, 90.0, 0.0, 126314.3671875
0:01:07.686562, 0.0, 0.0, 90.0, 0.0, 126315.34375
0:01:07.703828, 0.0, 0.0, 90.0, 0.0, 126315.890625
0:01:07.820305, 0.0, 0.0, 90.0, 0.0, 126316.6171875
0:01:07.954491, 0.0, 0.0, 90.0, 0.0, 126317.421875
0:01:08.153828, 0.0, 0.0, 90.0, 0.0, 126318.1953125
0:01:08.169777, 0.0, 0.0, 90.0, 0.0, 126318.8203125
0:01:08.378717, 0.0, 0.0, 90.0, 0.0, 126319.6328125
0:01:08.397258, 0.0, 0.0, 90.0, 0.0, 126320.2578125
0:01:08.511965, 0.0, 0.0, 90.0, 0.0, 126320.96875
0:01:08.732313, 0.0, 0.0, 90.0, 0.0, 126321.875
0:01:08.737697, 0.0, 0.0, 90.0, 0.0, 126322.3984375
0:01:08.873281, 0.0, 0.0, 90.0, 0.0, 126323.2109375
0:01:08.984632, 0.0, 0.0, 90.0, 0.0, 126323.9296875
0:01:09.175515, 0.0, 0.0, 90.0, 0.0, 126324.6640625
0:01:09.181496, 0.0, 0.0, 90.0, 0.0, 126325.1953125
0:01:09.304419, 0.0, 0.0, 90.0, 0.0, 126325.984375
0:01:09.518617, 0.0, 0.0, 90.0, 0.0, 126326.828125
0:01:09.531212, 0.0, 0.0, 90.0, 0.0, 126327.40625
0:01:09.751863, 0.0, 0.0, 90.0, 0.0, 126328.1875
0:01:09.857037, 0.0, 0.0, 90.0, 0.0, 126328.984375
0:01:09.869860, 0.0, 0.0, 90.0, 0.0, 126329.53125
0:01:09.974608, 0.0, 0.0, 90.0, 0.0, 126330.1953125
0:01:10.088668, 0.0, 0.0, 90.0, 0.0, 126330.9140625
0:01:10.313619, 0.0, 0.0, 90.0, 0.0, 126331.7578125
0:01:10.320128, 0.0, 0.0, 90.0, 0.0, 126332.375
0:01:10.453643, 0.0, 0.0, 90.0, 0.0, 126333.1640625
0:01:10.651179, 0.0, 0.0, 90.0, 0.0, 126333.953125
0:01:10.657053, 0.0, 0.0, 90.0, 0.0, 126334.515625
0:01:10.771657, 0.0, 0.0, 90.0, 0.0, 126335.2265625
0:01:11.000705, 0.0, 0.0, 90.0, 0.0, 126336.09375
0:01:11.168566, 0.0, 0.0, 90.0, 0.0, 126337.734375
0:01:11.268998, 0.0, 0.0, 90.0, 0.0, 126338.359375
0:01:11.421169, 0.0, 0.0, 90.0, 0.0, 126339.2578125
0:01:11.619672, 0.0, 0.0, 90.0, 0.0, 126340.0703125
0:01:11.630915, 0.0, 0.0, 90.0, 0.0, 126340.6484375
0:01:11.747656, 0.0, 0.0, 90.0, 0.0, 126341.3828125
0:01:11.965268, 0.0, 0.0, 90.0, 0.0, 126342.2578125
0:01:11.974823, 0.0, 0.0, 90.0, 0.0, 126342.8203125
0:01:12.087747, 0.0, 0.0, 90.0, 0.0, 126343.5234375
0:01:12.195847, 0.0, 0.0, 90.0, 0.0, 126344.203125
0:01:12.310678, 0.0, 0.0, 90.0, 0.0, 126344.9140625
0:01:12.531561, 0.0, 0.0, 90.0, 0.0, 126345.71875
0:01:12.638705, 0.0, 0.0, 90.0, 0.0, 126346.4453125
0:01:12.668462, 0.0, 0.0, 90.0, 0.0, 126347.1171875
0:01:12.866194, 0.0, 0.0, 90.0, 0.0, 126347.84375
0:01:12.986137, 0.0, 0.0, 90.0, 0.0, 126348.5546875
0:01:13.089164, 0.0, 0.0, 90.0, 0.0, 126349.28125
0:01:13.214270, 0.0, 0.0, 90.0, 0.0, 126350.0078125
0:01:13.320765, 0.0, 0.0, 90.0, 0.0, 126350.78125
0:01:13.339709, 0.0, 0.0, 90.0, 0.0, 126351.3828125
0:01:13.557310, 0.0, 0.0, 90.0, 0.0, 126352.1796875
0:01:13.576077, 0.0, 0.0, 90.0, 0.0, 126352.84375
0:01:13.682811, 0.0, 0.0, 90.0, 0.0, 126353.546875
0:01:13.806216, 0.0, 0.0, 90.0, 0.0, 126354.2734375
0:01:14.029462, 0.0, 0.0, 90.0, 0.0, 126355.1796875
0:01:14.046754, 0.0, 0.0, 90.0, 0.0, 126355.8203125
0:01:14.152850, 0.0, 0.0, 90.0, 0.0, 126356.5078125
0:01:14.249010, 0.0, 0.0, 90.0, 0.0, 126357.1328125
0:01:14.387533, 0.0, 0.0, 90.0, 0.0, 126357.9453125
0:01:14.587503, 0.0, 0.0, 90.0, 0.0, 126358.7890625
0:01:14.616304, 0.0, 0.0, 90.0, 0.0, 126359.40625
0:01:14.811742, 0.0, 0.0, 90.0, 0.0, 126360.1640625
0:01:14.821613, 0.0, 0.0, 90.0, 0.0, 126360.7421875
0:01:15.038843, 0.0, 0.0, 90.0, 0.0, 126361.625
0:01:15.050738, 0.0, 0.0, 90.0, 0.0, 126362.1796875
0:01:15.160962, 0.0, 0.0, 90.0, 0.0, 126362.8671875
0:01:15.296273, 0.0, 0.0, 90.0, 0.0, 126363.671875
0:01:15.386240, 0.0, 0.0, 90.0, 0.0, 126364.2890625
0:01:15.501807, 0.0, 0.0, 90.0, 0.0, 126365.015625
0:01:15.726387, 0.0, 0.0, 90.0, 0.0, 126365.84375
0:01:15.829182, 0.0, 0.0, 90.0, 0.0, 126366.5703125
0:01:15.855582, 0.0, 0.0, 90.0, 0.0, 126367.1875
0:01:15.935130, 0.0, 0.0, 90.0, 0.0, 126367.734375
0:01:16.160585, 0.0, 0.0, 90.0, 0.0, 126369.1484375
0:01:16.260200, 0.0, 0.0, 90.0, 0.0, 126369.7734375
0:01:16.413610, 0.0, 0.0, 90.0, 0.0, 126370.703125
0:01:16.627079, 0.0, 0.0, 90.0, 0.0, 126371.46875
0:01:16.728381, 0.0, 0.0, 90.0, 0.0, 126372.2421875
0:01:16.745231, 0.0, 0.0, 90.0, 0.0, 126372.828125
0:01:16.954992, 0.0, 0.0, 90.0, 0.0, 126373.609375
0:01:17.072246, 0.0, 0.0, 90.0, 0.0, 126374.328125
0:01:17.078988, 0.0, 0.0, 90.0, 0.0, 126374.9296875
0:01:17.214971, 0.0, 0.0, 90.0, 0.0, 126375.7421875
0:01:17.328229, 0.0, 0.0, 90.0, 0.0, 126376.4609375
0:01:17.443669, 0.0, 0.0, 90.0, 0.0, 126377.1796875
0:01:17.637264, 0.0, 0.0, 90.0, 0.0, 126377.9609375
0:01:17.669486, 0.0, 0.0, 90.0, 0.0, 126378.59375
0:01:17.869623, 0.0, 0.0, 90.0, 0.0, 126379.3515625
0:01:17.983221, 0.0, 0.0, 90.0, 0.0, 126380.109375
0:01:17.993480, 0.0, 0.0, 90.0, 0.0, 126380.6953125
0:01:18.109029, 0.0, 0.0, 90.0, 0.0, 126381.4140625
0:01:18.232257, 0.0, 0.0, 90.0, 0.0, 126382.1484375
0:01:18.321968, 0.0, 0.0, 90.0, 0.0, 126382.7578125
0:01:18.448291, 0.0, 0.0, 90.0, 0.0, 126383.5546875
0:01:18.558570, 0.0, 0.0, 90.0, 0.0, 126384.2578125
0:01:18.775535, 0.0, 0.0, 90.0, 0.0, 126385.0234375
0:01:18.884782, 0.0, 0.0, 90.0, 0.0, 126385.796875
0:01:18.910313, 0.0, 0.0, 90.0, 0.0, 126386.40625
0:01:19.012227, 0.0, 0.0, 90.0, 0.0, 126387.1015625
0:01:19.136868, 0.0, 0.0, 90.0, 0.0, 126387.8359375
0:01:19.249571, 0.0, 0.0, 90.0, 0.0, 126388.5625
0:01:19.341603, 0.0, 0.0, 90.0, 0.0, 126389.1875
0:01:19.477267, 0.0, 0.0, 90.0, 0.0, 126389.984375
0:01:19.576069, 0.0, 0.0, 90.0, 0.0, 126390.6640625
0:01:19.692734, 0.0, 0.0, 90.0, 0.0, 126391.390625
0:01:19.790196, 0.0, 0.0, 90.0, 0.0, 126392.0078125
0:01:19.907396, 0.0, 0.0, 90.0, 0.0, 126392.7421875
0:01:19.993848, 0.0, 0.0, 90.0, 0.0, 126393.2890625
0:01:20.244828, 0.0, 0.0, 90.0, 0.0, 126394.3125
0:01:20.343585, 0.0, 0.0, 90.0, 0.0, 126395.0546875
0:01:20.378395, 0.0, 0.0, 90.0, 0.0, 126395.6640625
0:01:20.470527, 0.0, 0.0, 90.0, 0.0, 126396.296875
0:01:20.602112, 0.0, 0.0, 90.0, 0.0, 126397.09375
0:01:20.686623, 0.0, 0.0, 90.0, 0.0, 126397.6484375
0:01:20.809169, 0.0, 0.0, 90.0, 0.0, 126398.4375
0:01:20.923225, 0.0, 0.0, 90.0, 0.0, 126399.15625
0:01:21.040300, 0.0, 0.0, 90.0, 0.0, 126399.8828125
0:01:21.155140, 0.0, 0.0, 90.0, 0.0, 126400.6015625
0:01:21.278587, 0.0, 0.0, 90.0, 0.0, 126401.390625
0:01:21.394495, 0.0, 0.0, 90.0, 0.0, 126402.125
0:01:21.614432, 0.0, 0.0, 90.0, 0.0, 126403.03125
0:01:21.622439, 0.0, 0.0, 90.0, 0.0, 126403.5625
0:01:21.741448, 0.0, 0.0, 90.0, 0.0, 126404.3046875
0:01:21.868297, 0.0, 0.0, 90.0, 0.0, 126405.0546875
0:01:21.961768, 0.0, 0.0, 90.0, 0.0, 126405.6875
0:01:22.083501, 0.0, 0.0, 90.0, 0.0, 126406.453125
0:01:22.181682, 0.0, 0.0, 90.0, 0.0, 126407.078125
0:01:22.314266, 0.0, 0.0, 90.0, 0.0, 126407.8828125
0:01:22.423870, 0.0, 0.0, 90.0, 0.0, 126408.59375
0:01:22.528414, 0.0, 0.0, 90.0, 0.0, 126409.265625
0:01:22.643441, 0.0, 0.0, 90.0, 0.0, 126409.984375
0:01:22.756276, 0.0, 0.0, 90.0, 0.0, 126410.703125
0:01:22.852715, 0.0, 0.0, 90.0, 0.0, 126411.3046875
0:01:22.980342, 0.0, 0.0, 90.0, 0.0, 126412.109375
0:01:23.092242, 0.0, 0.0, 90.0, 0.0, 126412.8203125
0:01:23.201467, 0.0, 0.0, 90.0, 0.0, 126413.5
0:01:23.333531, 0.0, 0.0, 90.0, 0.0, 126414.2890625
0:01:23.518416, 0.0, 0.0, 90.0, 0.0, 126415.0
0:01:23.547227, 0.0, 0.0, 90.0, 0.0, 126415.671875
0:01:23.660840, 0.0, 0.0, 90.0, 0.0, 126416.390625
0:01:23.768235, 0.0, 0.0, 90.0, 0.0, 126417.078125
0:01:23.881393, 0.0, 0.0, 90.0, 0.0, 126417.7890625
0:01:23.983343, 0.0, 0.0, 90.0, 0.0, 126418.421875
0:01:24.112196, 0.0, 0.0, 90.0, 0.0, 126419.234375
0:01:24.198853, 0.0, 0.0, 90.0, 0.0, 126419.796875
0:01:24.348987, 0.0, 0.0, 90.0, 0.0, 126420.703125
0:01:24.434980, 0.0, 0.0, 90.0, 0.0, 126421.2890625
0:01:24.547132, 0.0, 0.0, 90.0, 0.0, 126422.0
0:01:24.655188, 0.0, 0.0, 90.0, 0.0, 126422.6796875
0:01:24.780621, 0.0, 0.0, 90.0, 0.0, 126423.46875
0:01:24.894449, 0.0, 0.0, 90.0, 0.0, 126424.1875
0:01:25.009906, 0.0, 0.0, 90.0, 0.0, 126424.9140625
0:01:25.125122, 0.0, 0.0, 90.0, 0.0, 126425.6328125
0:01:25.237452, 0.0, 0.0, 90.0, 0.0, 126426.34375
0:01:25.357621, 0.0, 0.0, 90.0, 0.0, 126427.0703125
0:01:25.446396, 0.0, 0.0, 90.0, 0.0, 126427.6484375
0:01:25.558402, 0.0, 0.0, 90.0, 0.0, 126428.359375
0:01:25.672988, 0.0, 0.0, 90.0, 0.0, 126429.078125
0:01:25.797228, 0.0, 0.0, 90.0, 0.0, 126429.8671875
0:01:25.904187, 0.0, 0.0, 90.0, 0.0, 126430.5390625
0:01:26.034082, 0.0, 0.0, 90.0, 0.0, 126431.34375
0:01:26.144600, 0.0, 0.0, 90.0, 0.0, 126432.0546875
0:01:26.379372, 0.0, 0.0, 90.0, 0.0, 126433.5390625
0:01:26.495595, 0.0, 0.0, 90.0, 0.0, 126434.265625
0:01:26.622864, 0.0, 0.0, 90.0, 0.0, 126435.0703125
0:01:26.753937, 0.0, 0.0, 90.0, 0.0, 126435.828125
0:01:26.867881, 0.0, 0.0, 90.0, 0.0, 126436.5546875
0:01:27.060255, 0.0, 0.0, 90.0, 0.0, 126437.359375
0:01:27.077391, 0.0, 0.0, 90.0, 0.0, 126437.9453125
0:01:27.187789, 0.0, 0.0, 90.0, 0.0, 126438.6484375
0:01:27.300538, 0.0, 0.0, 90.0, 0.0, 126439.3671875
0:01:27.414723, 0.0, 0.0, 90.0, 0.0, 126440.09375
0:01:27.541093, 0.0, 0.0, 90.0, 0.0, 126440.828125
0:01:27.620060, 0.0, 0.0, 90.0, 0.0, 126441.390625
0:01:27.733717, 0.0, 0.0, 90.0, 0.0, 126442.125
0:01:27.844392, 0.0, 0.0, 90.0, 0.0, 126442.8125
0:01:27.965592, 0.0, 0.0, 90.0, 0.0, 126443.578125
0:01:28.058044, 0.0, 0.0, 90.0, 0.0, 126444.15625
0:01:28.184608, 0.0, 0.0, 90.0, 0.0, 126444.953125
0:01:28.302710, 0.0, 0.0, 90.0, 0.0, 126445.6796875
0:01:28.411333, 0.0, 0.0, 90.0, 0.0, 126446.390625
0:01:28.636922, 0.0, 0.0, 90.0, 0.0, 126447.265625
0:01:28.749782, 0.0, 0.0, 90.0, 0.0, 126448.0
0:01:28.751522, 0.0, 0.0, 90.0, 0.0, 126448.5390625
0:01:28.863881, 0.0, 0.0, 90.0, 0.0, 126449.25
0:01:28.986095, 0.0, 0.0, 90.0, 0.0, 126450.015625
0:01:29.085168, 0.0, 0.0, 90.0, 0.0, 126450.6328125
0:01:29.208708, 0.0, 0.0, 90.0, 0.0, 126451.4140625
0:01:29.305014, 0.0, 0.0, 90.0, 0.0, 126452.015625
0:01:29.431807, 0.0, 0.0, 90.0, 0.0, 126452.8125
0:01:29.664605, 0.0, 0.0, 90.0, 0.0, 126453.7265625
0:01:29.776136, 0.0, 0.0, 90.0, 0.0, 126454.46875
0:01:29.792160, 0.0, 0.0, 90.0, 0.0, 126455.0859375
0:01:29.917221, 0.0, 0.0, 90.0, 0.0, 126455.8359375
0:01:30.023481, 0.0, 0.0, 90.0, 0.0, 126456.53125
0:01:30.230594, 0.0, 0.0, 90.0, 0.0, 126457.3125
0:01:30.256039, 0.0, 0.0, 90.0, 0.0, 126457.984375
0:01:30.459243, 0.0, 0.0, 90.0, 0.0, 126458.7109375
0:01:30.563387, 0.0, 0.0, 90.0, 0.0, 126459.4921875
0:01:30.571498, 0.0, 0.0, 90.0, 0.0, 126460.0234375
0:01:30.677673, 0.0, 0.0, 90.0, 0.0, 126460.6875
0:01:30.804894, 0.0, 0.0, 90.0, 0.0, 126461.484375
0:01:30.916639, 0.0, 0.0, 90.0, 0.0, 126462.1953125
0:01:31.028906, 0.0, 0.0, 90.0, 0.0, 126462.90625
0:01:31.127843, 0.0, 0.0, 90.0, 0.0, 126463.53125
0:01:31.222340, 0.0, 0.0, 90.0, 0.0, 126464.125
0:01:31.460012, 0.0, 0.0, 90.0, 0.0, 126465.6328125
0:01:31.697102, 0.0, 0.0, 90.0, 0.0, 126466.5234375
0:01:31.811367, 0.0, 0.0, 90.0, 0.0, 126467.25
0:01:31.903853, 0.0, 0.0, 90.0, 0.0, 126468.03125
0:01:31.907997, 0.0, 0.0, 90.0, 0.0, 126468.453125
0:01:32.052343, 0.0, 0.0, 90.0, 0.0, 126469.34375
0:01:32.161186, 0.0, 0.0, 90.0, 0.0, 126470.0625
0:01:32.256313, 0.0, 0.0, 90.0, 0.0, 126470.6640625
0:01:32.355036, 0.0, 0.0, 90.0, 0.0, 126471.2890625
0:01:32.470363, 0.0, 0.0, 90.0, 0.0, 126472.015625
0:01:32.608498, 0.0, 0.0, 90.0, 0.0, 126472.8828125
0:01:32.715366, 0.0, 0.0, 90.0, 0.0, 126473.5703125
0:01:32.924683, 0.0, 0.0, 90.0, 0.0, 126474.359375
0:01:33.026477, 0.0, 0.0, 90.0, 0.0, 126475.09375
0:01:33.043199, 0.0, 0.0, 90.0, 0.0, 126475.640625
0:01:33.187372, 0.0, 0.0, 90.0, 0.0, 126476.5078125
0:01:33.308181, 0.0, 0.0, 90.0, 0.0, 126477.25
0:01:33.488575, 0.0, 0.0, 90.0, 0.0, 126478.0546875
0:01:33.516066, 0.0, 0.0, 90.0, 0.0, 126478.625
0:01:33.599542, 0.0, 0.0, 90.0, 0.0, 126479.15625
0:01:33.724462, 0.0, 0.0, 90.0, 0.0, 126479.9375
0:01:33.864230, 0.0, 0.0, 90.0, 0.0, 126480.828125
0:01:33.976802, 0.0, 0.0, 90.0, 0.0, 126481.546875
0:01:34.092710, 0.0, 0.0, 90.0, 0.0, 126482.265625
0:01:34.206406, 0.0, 0.0, 90.0, 0.0, 126482.984375
0:01:34.313052, 0.0, 0.0, 90.0, 0.0, 126483.6640625
0:01:34.428073, 0.0, 0.0, 90.0, 0.0, 126484.3828125
0:01:34.526524, 0.0, 0.0, 90.0, 0.0, 126485.0078125
0:01:34.620096, 0.0, 0.0, 90.0, 0.0, 126485.6015625
0:01:34.767132, 0.0, 0.0, 90.0, 0.0, 126486.515625
0:01:34.893413, 0.0, 0.0, 90.0, 0.0, 126487.2578125
0:01:35.094075, 0.0, 0.0, 90.0, 0.0, 126488.0078125
0:01:35.201230, 0.0, 0.0, 90.0, 0.0, 126488.703125
0:01:35.230232, 0.0, 0.0, 90.0, 0.0, 126489.375
0:01:35.341436, 0.0, 0.0, 90.0, 0.0, 126490.1015625
0:01:35.425026, 0.0, 0.0, 90.0, 0.0, 126490.65625
0:01:35.536637, 0.0, 0.0, 90.0, 0.0, 126491.3671875
0:01:35.679087, 0.0, 0.0, 90.0, 0.0, 126492.2578125
0:01:35.788119, 0.0, 0.0, 90.0, 0.0, 126492.9609375
0:01:35.918303, 0.0, 0.0, 90.0, 0.0, 126493.75
0:01:36.000865, 0.0, 0.0, 90.0, 0.0, 126494.3046875
0:01:36.113773, 0.0, 0.0, 90.0, 0.0, 126495.0234375
0:01:36.229836, 0.0, 0.0, 90.0, 0.0, 126495.75
0:01:36.367846, 0.0, 0.0, 90.0, 0.0, 126496.546875
0:01:36.601973, 0.0, 0.0, 90.0, 0.0, 126498.09375
0:01:36.743781, 0.0, 0.0, 90.0, 0.0, 126498.921875
0:01:36.840117, 0.0, 0.0, 90.0, 0.0, 126499.6015625
0:01:36.950384, 0.0, 0.0, 90.0, 0.0, 126500.2890625
0:01:37.065579, 0.0, 0.0, 90.0, 0.0, 126501.015625
0:01:37.150649, 0.0, 0.0, 90.0, 0.0, 126501.5546875
0:01:37.297727, 0.0, 0.0, 90.0, 0.0, 126502.4375
0:01:37.440517, 0.0, 0.0, 90.0, 0.0, 126503.3359375
0:01:37.635261, 0.0, 0.0, 90.0, 0.0, 126504.0625
0:01:37.646356, 0.0, 0.0, 90.0, 0.0, 126504.671875
0:01:37.753144, 0.0, 0.0, 90.0, 0.0, 126505.34375
0:01:37.983437, 0.0, 0.0, 90.0, 0.0, 126506.2578125
0:01:37.995354, 0.0, 0.0, 90.0, 0.0, 126506.8671875
0:01:38.101691, 0.0, 0.0, 90.0, 0.0, 126507.546875
0:01:38.223506, 0.0, 0.0, 90.0, 0.0, 126508.3125
0:01:38.440184, 0.0, 0.0, 90.0, 0.0, 126509.234375
0:01:38.470137, 0.0, 0.0, 90.0, 0.0, 126509.828125
0:01:38.582437, 0.0, 0.0, 90.0, 0.0, 126510.53125
0:01:38.693968, 0.0, 0.0, 90.0, 0.0, 126511.25
0:01:38.893319, 0.0, 0.0, 90.0, 0.0, 126511.9765625
0:01:38.899549, 0.0, 0.0, 90.0, 0.0, 126512.578125
0:01:39.017288, 0.0, 0.0, 90.0, 0.0, 126513.328125
0:01:39.133044, 0.0, 0.0, 90.0, 0.0, 126514.0546875
0:01:39.355449, 0.0, 0.0, 90.0, 0.0, 126514.84375
0:01:39.456930, 0.0, 0.0, 90.0, 0.0, 126515.640625
0:01:39.478734, 0.0, 0.0, 90.0, 0.0, 126516.21875
0:01:39.599687, 0.0, 0.0, 90.0, 0.0, 126516.953125
0:01:39.795331, 0.0, 0.0, 90.0, 0.0, 126517.734375
0:01:39.809112, 0.0, 0.0, 90.0, 0.0, 126518.328125
0:01:39.905230, 0.0, 0.0, 90.0, 0.0, 126518.9375
0:01:40.007699, 0.0, 0.0, 90.0, 0.0, 126519.578125
0:01:40.123252, 0.0, 0.0, 90.0, 0.0, 126520.3046875
0:01:40.244345, 0.0, 0.0, 90.0, 0.0, 126521.0703125
0:01:40.365246, 0.0, 0.0, 90.0, 0.0, 126521.8359375
0:01:40.477334, 0.0, 0.0, 90.0, 0.0, 126522.546875
0:01:40.587853, 0.0, 0.0, 90.0, 0.0, 126523.2421875
0:01:40.699454, 0.0, 0.0, 90.0, 0.0, 126523.953125
0:01:40.785042, 0.0, 0.0, 90.0, 0.0, 126524.484375
0:01:40.893357, 0.0, 0.0, 90.0, 0.0, 126525.171875
0:01:41.029128, 0.0, 0.0, 90.0, 0.0, 126526.0234375
0:01:41.135896, 0.0, 0.0, 90.0, 0.0, 126526.6953125
0:01:41.242035, 0.0, 0.0, 90.0, 0.0, 126527.375
0:01:41.368607, 0.0, 0.0, 90.0, 0.0, 126528.171875
0:01:41.472562, 0.0, 0.0, 90.0, 0.0, 126528.8046875
0:01:41.580352, 0.0, 0.0, 90.0, 0.0, 126529.5
0:01:41.704481, 0.0, 0.0, 90.0, 0.0, 126530.2890625
0:01:41.819206, 0.0, 0.0, 90.0, 0.0, 126531.0078125
0:01:42.046780, 0.0, 0.0, 90.0, 0.0, 126531.921875
0:01:42.057749, 0.0, 0.0, 90.0, 0.0, 126532.515625
0:01:42.160554, 0.0, 0.0, 90.0, 0.0, 126533.171875
0:01:42.276147, 0.0, 0.0, 90.0, 0.0, 126533.8984375
0:01:42.501898, 0.0, 0.0, 90.0, 0.0, 126534.7890625
0:01:42.506526, 0.0, 0.0, 90.0, 0.0, 126535.359375
0:01:42.623091, 0.0, 0.0, 90.0, 0.0, 126536.0859375
0:01:42.749255, 0.0, 0.0, 90.0, 0.0, 126536.8828125
0:01:42.869872, 0.0, 0.0, 90.0, 0.0, 126537.6171875
0:01:42.971757, 0.0, 0.0, 90.0, 0.0, 126538.2890625
0:01:43.080352, 0.0, 0.0, 90.0, 0.0, 126538.96875
0:01:43.202107, 0.0, 0.0, 90.0, 0.0, 126539.734375
0:01:43.311666, 0.0, 0.0, 90.0, 0.0, 126540.421875
0:01:43.422061, 0.0, 0.0, 90.0, 0.0, 126541.109375
0:01:43.532182, 0.0, 0.0, 90.0, 0.0, 126541.8046875
0:01:43.647026, 0.0, 0.0, 90.0, 0.0, 126542.53125
0:01:43.763056, 0.0, 0.0, 90.0, 0.0, 126543.265625
0:01:43.882276, 0.0, 0.0, 90.0, 0.0, 126544.015625
0:01:43.981226, 0.0, 0.0, 90.0, 0.0, 126544.6328125
0:01:44.100907, 0.0, 0.0, 90.0, 0.0, 126545.3828125
0:01:44.198743, 0.0, 0.0, 90.0, 0.0, 126546.0
0:01:44.320540, 0.0, 0.0, 90.0, 0.0, 126546.7578125
0:01:44.456577, 0.0, 0.0, 90.0, 0.0, 126547.5703125
0:01:44.570043, 0.0, 0.0, 90.0, 0.0, 126548.28125
0:01:44.766807, 0.0, 0.0, 90.0, 0.0, 126549.0234375
0:01:44.877621, 0.0, 0.0, 90.0, 0.0, 126549.7421875
0:01:44.890531, 0.0, 0.0, 90.0, 0.0, 126550.3515625
0:01:45.021706, 0.0, 0.0, 90.0, 0.0, 126551.109375
0:01:45.110462, 0.0, 0.0, 90.0, 0.0, 126551.734375
0:01:45.227990, 0.0, 0.0, 90.0, 0.0, 126552.4765625
0:01:45.343975, 0.0, 0.0, 90.0, 0.0, 126553.2109375
0:01:45.461074, 0.0, 0.0, 90.0, 0.0, 126553.9375
0:01:45.571618, 0.0, 0.0, 90.0, 0.0, 126554.640625
0:01:45.670962, 0.0, 0.0, 90.0, 0.0, 126555.265625
0:01:45.792162, 0.0, 0.0, 90.0, 0.0, 126556.03125
0:01:45.925107, 0.0, 0.0, 90.0, 0.0, 126556.828125
0:01:46.024184, 0.0, 0.0, 90.0, 0.0, 126557.5
0:01:46.150231, 0.0, 0.0, 90.0, 0.0, 126558.2265625
0:01:46.264379, 0.0, 0.0, 90.0, 0.0, 126558.953125
0:01:46.455625, 0.0, 0.0, 90.0, 0.0, 126559.7109375
0:01:46.461730, 0.0, 0.0, 90.0, 0.0, 126560.25
0:01:46.733018, 0.0, 0.0, 90.0, 0.0, 126561.9453125
0:01:46.850291, 0.0, 0.0, 90.0, 0.0, 126562.671875
0:01:46.970279, 0.0, 0.0, 90.0, 0.0, 126563.3984375
0:01:47.083352, 0.0, 0.0, 90.0, 0.0, 126564.1328125
0:01:47.190841, 0.0, 0.0, 90.0, 0.0, 126564.84375
0:01:47.294563, 0.0, 0.0, 90.0, 0.0, 126565.5234375
0:01:47.498543, 0.0, 0.0, 90.0, 0.0, 126566.3125
0:01:47.525519, 0.0, 0.0, 90.0, 0.0, 126566.96875
0:01:47.649099, 0.0, 0.0, 90.0, 0.0, 126567.6953125
0:01:47.747163, 0.0, 0.0, 90.0, 0.0, 126568.375
0:01:47.862741, 0.0, 0.0, 90.0, 0.0, 126569.1015625
0:01:47.960376, 0.0, 0.0, 90.0, 0.0, 126569.71875
0:01:48.089379, 0.0, 0.0, 90.0, 0.0, 126570.5390625
0:01:48.204559, 0.0, 0.0, 90.0, 0.0, 126571.2578125
0:01:48.316044, 0.0, 0.0, 90.0, 0.0, 126571.96875
0:01:48.425394, 0.0, 0.0, 90.0, 0.0, 126572.6640625
0:01:48.554930, 0.0, 0.0, 90.0, 0.0, 126573.4296875
0:01:48.668300, 0.0, 0.0, 90.0, 0.0, 126574.1328125
0:01:48.765246, 0.0, 0.0, 90.0, 0.0, 126574.8125
0:01:48.883574, 0.0, 0.0, 90.0, 0.0, 126575.546875
0:01:48.989481, 0.0, 0.0, 90.0, 0.0, 126576.2265625
0:01:49.103249, 0.0, 0.0, 90.0, 0.0, 126576.9375
0:01:49.236520, 0.0, 0.0, 90.0, 0.0, 126577.7265625
0:01:49.326454, 0.0, 0.0, 90.0, 0.0, 126578.34375
0:01:49.449130, 0.0, 0.0, 90.0, 0.0, 126579.1171875
0:01:49.564994, 0.0, 0.0, 90.0, 0.0, 126579.8359375
0:01:49.675063, 0.0, 0.0, 90.0, 0.0, 126580.5390625
0:01:49.786924, 0.0, 0.0, 90.0, 0.0, 126581.2421875
0:01:49.902270, 0.0, 0.0, 90.0, 0.0, 126581.96875
0:01:50.009117, 0.0, 0.0, 90.0, 0.0, 126582.640625
0:01:50.122118, 0.0, 0.0, 90.0, 0.0, 126583.359375
0:01:50.347223, 0.0, 0.0, 90.0, 0.0, 126584.2109375
0:01:50.353046, 0.0, 0.0, 90.0, 0.0, 126584.8125
0:01:50.561580, 0.0, 0.0, 90.0, 0.0, 126585.6171875
0:01:50.569034, 0.0, 0.0, 90.0, 0.0, 126586.171875
0:01:50.685236, 0.0, 0.0, 90.0, 0.0, 126586.90625
0:01:50.795811, 0.0, 0.0, 90.0, 0.0, 126587.609375
0:01:50.904267, 0.0, 0.0, 90.0, 0.0, 126588.28125
0:01:51.127313, 0.0, 0.0, 90.0, 0.0, 126589.1796875
0:01:51.142533, 0.0, 0.0, 90.0, 0.0, 126589.78125
0:01:51.271446, 0.0, 0.0, 90.0, 0.0, 126590.546875
0:01:51.363243, 0.0, 0.0, 90.0, 0.0, 126591.1640625
0:01:51.484302, 0.0, 0.0, 90.0, 0.0, 126591.9296875
0:01:51.758322, 0.0, 0.0, 90.0, 0.0, 126593.609375
0:01:51.873577, 0.0, 0.0, 90.0, 0.0, 126594.34375
0:01:51.963592, 0.0, 0.0, 90.0, 0.0, 126594.9609375
0:01:52.070842, 0.0, 0.0, 90.0, 0.0, 126595.640625
0:01:52.185595, 0.0, 0.0, 90.0, 0.0, 126596.3671875
0:01:52.299732, 0.0, 0.0, 90.0, 0.0, 126597.0859375
0:01:52.413196, 0.0, 0.0, 90.0, 0.0, 126597.8046875
0:01:52.529383, 0.0, 0.0, 90.0, 0.0, 126598.53125
0:01:52.742597, 0.0, 0.0, 90.0, 0.0, 126599.390625
0:01:52.746831, 0.0, 0.0, 90.0, 0.0, 126599.890625
0:01:52.855116, 0.0, 0.0, 90.0, 0.0, 126600.5703125
0:01:52.970215, 0.0, 0.0, 90.0, 0.0, 126601.3046875
0:01:53.111958, 0.0, 0.0, 90.0, 0.0, 126602.15625
0:01:53.203008, 0.0, 0.0, 90.0, 0.0, 126602.7734375
0:01:53.325189, 0.0, 0.0, 90.0, 0.0, 126603.546875
0:01:53.424903, 0.0, 0.0, 90.0, 0.0, 126604.1640625
0:01:53.554368, 0.0, 0.0, 90.0, 0.0, 126604.9765625
0:01:53.760507, 0.0, 0.0, 90.0, 0.0, 126605.7421875
0:01:53.792531, 0.0, 0.0, 90.0, 0.0, 126606.4453125
0:01:53.874828, 0.0, 0.0, 90.0, 0.0, 126607.0078125
0:01:53.990258, 0.0, 0.0, 90.0, 0.0, 126607.7421875
0:01:54.103998, 0.0, 0.0, 90.0, 0.0, 126608.453125
0:01:54.217228, 0.0, 0.0, 90.0, 0.0, 126609.1796875
0:01:54.440426, 0.0, 0.0, 90.0, 0.0, 126610.046875
0:01:54.453370, 0.0, 0.0, 90.0, 0.0, 126610.6796875
0:01:54.554013, 0.0, 0.0, 90.0, 0.0, 126611.3125
0:01:54.665920, 0.0, 0.0, 90.0, 0.0, 126612.015625
0:01:54.806755, 0.0, 0.0, 90.0, 0.0, 126612.8828125
0:01:54.997583, 0.0, 0.0, 90.0, 0.0, 126613.625
0:01:55.003936, 0.0, 0.0, 90.0, 0.0, 126614.171875
0:01:55.126395, 0.0, 0.0, 90.0, 0.0, 126614.9453125
0:01:55.335492, 0.0, 0.0, 90.0, 0.0, 126615.7421875
0:01:55.450585, 0.0, 0.0, 90.0, 0.0, 126616.4453125
0:01:55.461170, 0.0, 0.0, 90.0, 0.0, 126617.0546875
0:01:55.571077, 0.0, 0.0, 90.0, 0.0, 126617.7578125
0:01:55.685252, 0.0, 0.0, 90.0, 0.0, 126618.4765625
0:01:55.806130, 0.0, 0.0, 90.0, 0.0, 126619.2421875
0:01:55.936886, 0.0, 0.0, 90.0, 0.0, 126620.0078125
0:01:56.128688, 0.0, 0.0, 90.0, 0.0, 126620.78125
0:01:56.135987, 0.0, 0.0, 90.0, 0.0, 126621.3203125
0:01:56.248587, 0.0, 0.0, 90.0, 0.0, 126622.0234375
0:01:56.378725, 0.0, 0.0, 90.0, 0.0, 126622.828125
0:01:56.481412, 0.0, 0.0, 90.0, 0.0, 126623.5
0:01:56.596558, 0.0, 0.0, 90.0, 0.0, 126624.2109375
0:01:56.744657, 0.0, 0.0, 90.0, 0.0, 126625.140625
0:01:56.839294, 0.0, 0.0, 90.0, 0.0, 126625.734375
0:01:56.955761, 0.0, 0.0, 90.0, 0.0, 126626.4609375
0:01:57.068920, 0.0, 0.0, 90.0, 0.0, 126627.1875
0:01:57.178185, 0.0, 0.0, 90.0, 0.0, 126627.875
0:01:57.294498, 0.0, 0.0, 90.0, 0.0, 126628.6171875
0:01:57.404167, 0.0, 0.0, 90.0, 0.0, 126629.3046875
0:01:57.625965, 0.0, 0.0, 90.0, 0.0, 126630.2109375
0:01:57.657471, 0.0, 0.0, 90.0, 0.0, 126630.828125
0:01:57.760534, 0.0, 0.0, 90.0, 0.0, 126631.546875
0:01:57.859581, 0.0, 0.0, 90.0, 0.0, 126632.1640625
0:01:57.986051, 0.0, 0.0, 90.0, 0.0, 126632.9765625
0:01:58.111233, 0.0, 0.0, 90.0, 0.0, 126633.71875
0:01:58.224011, 0.0, 0.0, 90.0, 0.0, 126634.421875
0:01:58.313544, 0.0, 0.0, 90.0, 0.0, 126635.046875
0:01:58.427844, 0.0, 0.0, 90.0, 0.0, 126635.765625
0:01:58.539122, 0.0, 0.0, 90.0, 0.0, 126636.484375
0:01:58.653207, 0.0, 0.0, 90.0, 0.0, 126637.203125
0:01:58.768372, 0.0, 0.0, 90.0, 0.0, 126637.9375
0:01:58.903163, 0.0, 0.0, 90.0, 0.0, 126638.7265625
0:01:59.000720, 0.0, 0.0, 90.0, 0.0, 126639.3984375
0:01:59.115579, 0.0, 0.0, 90.0, 0.0, 126640.1328125
0:01:59.240309, 0.0, 0.0, 90.0, 0.0, 126640.875
0:01:59.319941, 0.0, 0.0, 90.0, 0.0, 126641.421875
0:01:59.445193, 0.0, 0.0, 90.0, 0.0, 126642.2109375
0:01:59.560606, 0.0, 0.0, 90.0, 0.0, 126642.9453125
0:01:59.774061, 0.0, 0.0, 90.0, 0.0, 126643.734375
0:01:59.784103, 0.0, 0.0, 90.0, 0.0, 126644.3515625
0:01:59.896983, 0.0, 0.0, 90.0, 0.0, 126645.0703125
0:02:00.010558, 0.0, 0.0, 90.0, 0.0, 126645.7890625
0:02:00.104483, 0.0, 0.0, 90.0, 0.0, 126646.375
0:02:00.251978, 0.0, 0.0, 90.0, 0.0, 126647.25
0:02:00.365902, 0.0, 0.0, 90.0, 0.0, 126647.9609375
0:02:00.478117, 0.0, 0.0, 90.0, 0.0, 126648.6953125
0:02:00.577370, 0.0, 0.0, 90.0, 0.0, 126649.3671875
0:02:00.696971, 0.0, 0.0, 90.0, 0.0, 126650.09375
0:02:00.806861, 0.0, 0.0, 90.0, 0.0, 126650.8125
0:02:00.901275, 0.0, 0.0, 90.0, 0.0, 126651.421875
0:02:01.026378, 0.0, 0.0, 90.0, 0.0, 126652.203125
0:02:01.118013, 0.0, 0.0, 90.0, 0.0, 126652.78125
0:02:01.243605, 0.0, 0.0, 90.0, 0.0, 126653.578125
0:02:01.356625, 0.0, 0.0, 90.0, 0.0, 126654.296875
0:02:01.474410, 0.0, 0.0, 90.0, 0.0, 126655.03125
0:02:01.589341, 0.0, 0.0, 90.0, 0.0, 126655.7578125
