Time, Frequency, Amplitude, Offset, PhaseShift, Phase
0:00:00.120608, 0.0, 1.401298464324817e-44, 90.00015258789062, 1.401298464324817e-44, 125889.6875
0:00:00.222304, 0.0, 1.401298464324817e-44, 90.00015258789062, 1.401298464324817e-44, 125890.328125
0:00:00.359505, 0.0, 1.401298464324817e-44, 90.00015258789062, 1.401298464324817e-44, 125891.203125
0:00:00.474824, 0.0, 1.401298464324817e-44, 90.00015258789062, 1.401298464324817e-44, 125891.921875
0:00:00.569160, 0.0, 1.401298464324817e-44, 90.00015258789062, 1.401298464324817e-44, 125892.5234375
0:00:00.699813, 0.0, 1.401298464324817e-44, 90.00015258789062, 1.401298464324817e-44, 125893.34375
0:00:00.803827, 0.0, 1.401298464324817e-44, 90.00015258789062, 1.401298464324817e-44, 125894.0
0:00:00.902388, 0.0, 1.401298464324817e-44, 90.00015258789062, 1.401298464324817e-44, 125894.609375
0:00:01.021938, 0.0, 1.401298464324817e-44, 90.00015258789062, 1.401298464324817e-44, 125895.3671875
0:00:01.150959, 0.0, 1.401298464324817e-44, 90.00015258789062, 1.401298464324817e-44, 125896.171875
0:00:01.263175, 0.0, 1.401298464324817e-44, 90.00015258789062, 1.401298464324817e-44, 125896.8828125
0:00:01.380026, 0.0, 1.401298464324817e-44, 90.00015258789062, 1.401298464324817e-44, 125897.609375
0:00:01.492059, 0.0, 1.401298464324817e-44, 90.00015258789062, 1.401298464324817e-44, 125898.3125
0:00:01.606601, 0.0, 1.401298464324817e-44, 90.00015258789062, 1.401298464324817e-44, 125899.0390625
0:00:01.694110, 0.0, 1.401298464324817e-44, 90.00015258789062, 1.401298464324817e-44, 125899.59375
0:00:01.805247, 0.0, 1.401298464324817e-44, 90.00015258789062, 1.401298464324817e-44, 125900.296875
0:00:01.903111, 0.0, 1.401298464324817e-44, 90.00015258789062, 1.401298464324817e-44, 125900.9140625
0:00:02.001890, 0.0, 1.401298464324817e-44, 90.00015258789062, 1.401298464324817e-44, 125901.53125
0:00:02.130398, 0.0, 1.401298464324817e-44, 90.00015258789062, 1.401298464324817e-44, 125902.3359375
0:00:02.243694, 0.0, 1.401298464324817e-44, 90.00015258789062, 1.401298464324817e-44, 125903.03125
0:00:02.347451, 0.0, 1.401298464324817e-44, 90.00015258789062, 1.401298464324817e-44, 125903.6640625
0:00:02.486927, 0.0, 1.401298464324817e-44, 90.00015258789062, 1.401298464324817e-44, 125904.578125
0:00:02.574464, 0.0, 1.401298464324817e-44, 90.00015258789062, 1.401298464324817e-44, 125905.1328125
0:00:02.685364, 0.0, 1.401298464324817e-44, 90.00015258789062, 1.401298464324817e-44, 125905.8359375
0:00:02.801396, 0.0, 1.401298464324817e-44, 90.00015258789062, 1.401298464324817e-44, 125906.5625
0:00:02.901299, 0.0, 1.401298464324817e-44, 90.00015258789062, 1.401298464324817e-44, 125907.1875
0:00:03.015069, 0.0, 1.401298464324817e-44, 90.00015258789062, 1.401298464324817e-44, 125907.90625
0:00:03.131883, 0.0, 1.401298464324817e-44, 90.00015258789062, 1.401298464324817e-44, 125908.6484375
0:00:03.231407, 0.0, 1.401298464324817e-44, 90.00015258789062, 1.401298464324817e-44, 125909.265625
0:00:03.345424, 0.0, 1.401298464324817e-44, 90.00015258789062, 1.401298464324817e-44, 125909.984375
0:00:03.463185, 0.0, 1.401298464324817e-44, 90.00015258789062, 1.401298464324817e-44, 125910.7265625
0:00:03.576270, 0.0, 1.401298464324817e-44, 90.00015258789062, 1.401298464324817e-44, 125911.4375
0:00:03.672779, 0.0, 1.401298464324817e-44, 90.00015258789062, 1.401298464324817e-44, 125912.046875
0:00:03.797915, 0.0, 1.401298464324817e-44, 90.00015258789062, 1.401298464324817e-44, 125912.8359375
0:00:03.885357, 0.0, 1.401298464324817e-44, 90.00015258789062, 1.401298464324817e-44, 125913.390625
0:00:03.998398, 0.0, 1.401298464324817e-44, 90.00015258789062, 1.401298464324817e-44, 125914.109375
0:00:04.114514, 0.0, 1.401298464324817e-44, 90.00015258789062, 1.401298464324817e-44, 125914.84375
0:00:04.241149, 0.0, 1.401298464324817e-44, 90.00015258789062, 1.401298464324817e-44, 125915.6328125
0:00:04.354458, 0.0, 1.401298464324817e-44, 90.00015258789062, 1.401298464324817e-44, 125916.34375
0:00:04.464467, 0.0, 1.401298464324817e-44, 90.00015258789062, 1.401298464324817e-44, 125917.03125
0:00:04.582545, 0.0, 1.401298464324817e-44, 90.00015258789062, 1.401298464324817e-44, 125917.765625
0:00:04.711420, 0.0, 1.401298464324817e-44, 90.00015258789062, 1.401298464324817e-44, 125918.53125
0:00:04.801860, 0.0, 1.401298464324817e-44, 90.00015258789062, 1.401298464324817e-44, 125919.1484375
0:00:04.922970, 0.0, 1.401298464324817e-44, 90.00015258789062, 1.401298464324817e-44, 125919.921875
0:00:05.021760, 0.0, 1.401298464324817e-44, 90.00015258789062, 1.401298464324817e-44, 125920.546875
0:00:05.145636, 0.0, 1.401298464324817e-44, 90.00015258789062, 1.401298464324817e-44, 125921.3125
0:00:05.299436, 0.0, 1.401298464324817e-44, 90.00015258789062, 1.401298464324817e-44, 125922.3046875
0:00:05.412577, 0.0, 1.401298464324817e-44, 90.00015258789062, 1.401298464324817e-44, 125923.015625
0:00:05.512102, 0.0, 1.401298464324817e-44, 90.00015258789062, 1.401298464324817e-44, 125923.6484375
0:00:05.633346, 0.0, 1.401298464324817e-44, 90.00015258789062, 1.401298464324817e-44, 125924.4140625
0:00:05.743616, 0.0, 1.401298464324817e-44, 90.00015258789062, 1.401298464324817e-44, 125925.109375
0:00:05.883190, 0.0, 1.401298464324817e-44, 90.00015258789062, 1.401298464324817e-44, 125925.9140625
0:00:05.995164, 0.0, 1.401298464324817e-44, 90.00015258789062, 1.401298464324817e-44, 125926.640625
0:00:06.107698, 0.0, 1.401298464324817e-44, 90.00015258789062, 1.401298464324817e-44, 125927.34375
0:00:06.221610, 0.0, 1.401298464324817e-44, 90.00015258789062, 1.401298464324817e-44, 125928.078125
0:00:06.405552, 0.0, 1.401298464324817e-44, 90.00015258789062, 1.401298464324817e-44, 125928.7890625
0:00:06.423998, 0.0, 1.401298464324817e-44, 90.00015258789062, 1.401298464324817e-44, 125929.3984375
0:00:06.523601, 0.0, 1.401298464324817e-44, 90.00015258789062, 1.401298464324817e-44, 125930.0234375
0:00:06.653749, 0.0, 1.401298464324817e-44, 90.00015258789062, 1.401298464324817e-44, 125930.8359375
0:00:06.752925, 0.0, 1.401298464324817e-44, 90.00015258789062, 1.401298464324817e-44, 125931.46875
0:00:06.872613, 0.0, 1.401298464324817e-44, 90.00015258789062, 1.401298464324817e-44, 125932.2265625
0:00:07.006695, 0.0, 1.401298464324817e-44, 90.00015258789062, 1.401298464324817e-44, 125933.046875
0:00:07.091707, 0.0, 1.401298464324817e-44, 90.00015258789062, 1.401298464324817e-44, 125933.6015625
0:00:07.205560, 0.0, 1.401298464324817e-44, 90.00015258789062, 1.401298464324817e-44, 125934.3359375
0:00:07.332446, 0.0, 1.401298464324817e-44, 90.00015258789062, 1.401298464324817e-44, 125935.1328125
0:00:07.447555, 0.0, 1.401298464324817e-44, 90.00015258789062, 1.401298464324817e-44, 125935.859375
0:00:07.546473, 0.0, 1.401298464324817e-44, 90.00015258789062, 1.401298464324817e-44, 125936.4765625
0:00:07.667304, 0.0, 1.401298464324817e-44, 90.00015258789062, 1.401298464324817e-44, 125937.25
0:00:07.801074, 0.0, 1.401298464324817e-44, 90.00015258789062, 1.401298464324817e-44, 125938.0390625
0:00:07.914116, 0.0, 1.401298464324817e-44, 90.00015258789062, 1.401298464324817e-44, 125938.7578125
0:00:07.993460, 0.0, 1.401298464324817e-44, 90.00015258789062, 1.401298464324817e-44, 125939.296875
0:00:08.138158, 0.0, 1.401298464324817e-44, 90.00015258789062, 1.401298464324817e-44, 125940.171875
0:00:08.243777, 0.0, 1.401298464324817e-44, 90.00015258789062, 1.401298464324817e-44, 125940.859375
0:00:08.354461, 0.0, 1.401298464324817e-44, 90.00015258789062, 1.401298464324817e-44, 125941.5859375
0:00:08.464219, 0.0, 2.427722215652466, 90.00015258789062, 1.401298464324817e-44, 125942.2734375
0:00:08.577158, 0.0, 4.6562347412109375, 90.00015258789062, 1.401298464324817e-44, 125942.984375
0:00:08.697640, 0.0, 6.778247356414795, 90.00015258789062, 1.401298464324817e-44, 125943.75
0:00:08.792959, 0.0, 8.287005424499512, 90.00015258789062, 1.401298464324817e-44, 125944.3515625
0:00:08.939959, 0.0, 10.016265869140625, 90.00015258789062, 1.401298464324817e-44, 125945.1171875
0:00:09.055947, 0.0, 11.723453521728516, 90.00015258789062, 1.401298464324817e-44, 125946.0
0:00:09.177435, 0.0, 15.836718559265137, 90.00015258789062, 1.401298464324817e-44, 125946.7734375
0:00:09.274592, 0.0, 18.793291091918945, 90.00015258789062, 1.401298464324817e-44, 125947.390625
0:00:09.387927, 0.0, 21.84827995300293, 90.00015258789062, 1.401298464324817e-44, 125948.1015625
0:00:09.515224, 0.0, 24.735502243041992, 90.00015258789062, 1.401298464324817e-44, 125948.8515625
0:00:09.633766, 0.0, 27.41209602355957, 90.00015258789062, 1.401298464324817e-44, 125949.640625
0:00:09.747371, 0.0, 31.299034118652344, 90.00015258789062, 1.401298464324817e-44, 125950.359375
0:00:09.856628, 0.0, 34.61611557006836, 90.00015258789062, 1.401298464324817e-44, 125951.0390625
0:00:09.991780, 0.0, 37.40268325805664, 90.00015258789062, 1.401298464324817e-44, 125951.6875
0:00:10.160433, 0.0, 41.59139633178711, 90.00015258789062, 1.401298464324817e-44, 125952.8046875
0:00:10.777693, 0.0, 29.677318572998047, 90.00015258789062, 1.401298464324817e-44, 125956.75
0:00:10.960897, 0.0, 27.00631332397461, 90.00015258789062, 1.401298464324817e-44, 125958.0
0:00:11.039040, 0.0, 27.544504165649414, 90.00015258789062, 1.401298464324817e-44, 125958.5
0:00:11.166376, 0.0, 28.689882278442383, 90.00015258789062, 1.401298464324817e-44, 125959.3046875
0:00:11.277925, 0.0, 29.597551345825195, 90.00015258789062, 1.401298464324817e-44, 125960.0234375
0:00:11.383750, 0.0, 30.286041259765625, 90.00015258789062, 1.401298464324817e-44, 125960.625
0:00:11.563527, 0.0, 31.349567413330078, 90.00015258789062, 1.401298464324817e-44, 125961.6953125
0:00:11.697400, 0.0, 31.29983901977539, 90.00015258789062, 1.401298464324817e-44, 125962.640625
0:00:11.788512, 0.0, 30.543262481689453, 90.00015258789062, 1.401298464324817e-44, 125963.234375
0:00:11.910603, 0.0, 29.663793563842773, 90.00015258789062, 1.401298464324817e-44, 125964.0
0:00:12.025604, 0.0, 28.92984962463379, 90.00015258789062, 1.401298464324817e-44, 125964.7265625
0:00:12.153683, 0.0, 28.206188201904297, 90.00015258789062, 1.401298464324817e-44, 125965.5234375
0:00:12.270837, 0.0, 27.62322998046875, 90.00015258789062, 1.401298464324817e-44, 125966.2578125
0:00:12.384936, 0.0, 27.114046096801758, 90.00015258789062, 1.401298464324817e-44, 125966.984375
0:00:12.498141, 0.0, 26.675979614257812, 90.00015258789062, 1.401298464324817e-44, 125967.6796875
0:00:12.715594, 0.0, 26.227375030517578, 90.00015258789062, 1.401298464324817e-44, 125968.4765625
0:00:12.740831, 0.0, 25.88671112060547, 90.00015258789062, 1.401298464324817e-44, 125969.1640625
0:00:12.845092, 0.0, 25.579364776611328, 90.00015258789062, 1.401298464324817e-44, 125969.859375
0:00:12.932934, 0.0, 25.358970642089844, 90.00015258789062, 1.401298464324817e-44, 125970.4140625
0:00:13.046555, 0.0, 25.103485107421875, 90.00015258789062, 1.401298464324817e-44, 125971.125
0:00:13.178836, 0.0, 24.838165283203125, 90.00015258789062, 1.401298464324817e-44, 125971.953125
0:00:13.276391, 0.0, 24.663772583007812, 90.00015258789062, 1.401298464324817e-44, 125972.5703125
0:00:13.407640, 0.0, 24.45772361755371, 90.00015258789062, 1.401298464324817e-44, 125973.3828125
0:00:13.519326, 0.0, 24.299848556518555, 90.00015258789062, 1.401298464324817e-44, 125974.1015625
0:00:13.645675, 0.0, 24.15430450439453, 90.00015258789062, 1.401298464324817e-44, 125974.8359375
0:00:13.741841, 0.0, 24.037776947021484, 90.00015258789062, 1.401298464324817e-44, 125975.4921875
0:00:13.854933, 0.0, 23.924427032470703, 90.00015258789062, 1.401298464324817e-44, 125976.2109375
0:00:14.064186, 0.0, 23.810754776000977, 90.00015258789062, 1.401298464324817e-44, 125977.0234375
0:00:14.070149, 0.0, 23.743005752563477, 90.00015258789062, 1.401298464324817e-44, 125977.5703125
0:00:14.191464, 0.0, 23.6563777923584, 90.00015258789062, 1.401298464324817e-44, 125978.3359375
0:00:14.305461, 0.0, 23.58468246459961, 90.00015258789062, 1.401298464324817e-44, 125979.0546875
0:00:14.424495, 0.0, 23.5191650390625, 90.00015258789062, 1.401298464324817e-44, 125979.7890625
0:00:14.514007, 0.0, 23.473825454711914, 90.00015258789062, 1.401298464324817e-44, 125980.359375
0:00:14.629431, 0.0, 23.420772552490234, 90.00015258789062, 1.401298464324817e-44, 125981.1015625
0:00:14.751348, 0.0, 23.371715545654297, 90.00015258789062, 1.401298464324817e-44, 125981.8671875
0:00:14.870535, 0.0, 23.329381942749023, 90.00015258789062, 1.401298464324817e-44, 125982.6171875
0:00:14.969140, 0.0, 23.297822952270508, 90.00015258789062, 1.401298464324817e-44, 125983.2421875
0:00:15.083257, 0.0, 23.265295028686523, 90.00015258789062, 1.401298464324817e-44, 125983.96875
0:00:15.298953, 0.0, 23.230649948120117, 90.00015258789062, 1.401298464324817e-44, 125984.8359375
0:00:15.337091, 0.0, 23.206727981567383, 90.00015258789062, 1.401298464324817e-44, 125985.515625
0:00:15.427280, 0.0, 23.18730926513672, 90.00015258789062, 1.401298464324817e-44, 125986.125
0:00:15.547812, 0.0, 23.16545867919922, 90.00015258789062, 1.401298464324817e-44, 125986.8984375
0:00:15.676881, 0.0, 23.145116806030273, 90.00015258789062, 1.401298464324817e-44, 125987.7109375
0:00:15.798376, 0.0, 23.128339767456055, 90.00015258789062, 1.401298464324817e-44, 125988.4765625
0:00:15.922079, 0.0, 23.114084243774414, 90.00015258789062, 1.401298464324817e-44, 125989.2109375
0:00:16.115281, 0.0, 23.10141372680664, 90.00015258789062, 1.401298464324817e-44, 125989.9375
0:00:16.125965, 0.0, 23.091886520385742, 90.00015258789062, 1.401298464324817e-44, 125990.546875
0:00:16.226195, 0.0, 23.08308219909668, 90.00015258789062, 1.401298464324817e-44, 125991.171875
0:00:16.360998, 0.0, 23.07253074645996, 90.00015258789062, 1.401298464324817e-44, 125992.0234375
0:00:16.456677, 0.0, 23.065649032592773, 90.00015258789062, 1.401298464324817e-44, 125992.640625
0:00:16.573782, 0.0, 23.058292388916016, 90.00015258789062, 1.401298464324817e-44, 125993.3828125
0:00:16.686615, 0.0, 23.05198097229004, 90.00015258789062, 1.401298464324817e-44, 125994.09375
0:00:16.798104, 0.0, 23.046398162841797, 90.00015258789062, 1.401298464324817e-44, 125994.796875
0:00:16.896604, 0.0, 23.041996002197266, 90.00015258789062, 1.401298464324817e-44, 125995.4140625
0:00:17.017787, 0.0, 23.037097930908203, 90.00015258789062, 1.401298464324817e-44, 125996.1796875
0:00:17.144883, 0.0, 23.032604217529297, 90.00015258789062, 1.401298464324817e-44, 125996.9765625
0:00:17.270467, 0.0, 23.028953552246094, 90.00015258789062, 1.401298464324817e-44, 125997.71875
0:00:17.358545, 0.0, 23.026233673095703, 90.00015258789062, 1.401298464324817e-44, 125998.3359375
0:00:17.485809, 0.0, 23.023103713989258, 90.00015258789062, 1.401298464324817e-44, 125999.125
0:00:17.612362, 0.0, 23.020517349243164, 90.00015258789062, 1.401298464324817e-44, 125999.859375
0:00:17.809739, 0.0, 23.018144607543945, 90.00015258789062, 1.401298464324817e-44, 126000.6171875
0:00:17.911015, 0.0, 23.016128540039062, 90.00015258789062, 1.401298464324817e-44, 126001.3515625
0:00:17.934272, 0.0, 23.01461410522461, 90.00015258789062, 1.401298464324817e-44, 126001.9609375
0:00:18.039599, 0.0, 23.013139724731445, 90.00015258789062, 1.401298464324817e-44, 126002.625
0:00:18.161363, 0.0, 23.011606216430664, 90.00015258789062, 1.401298464324817e-44, 126003.3984375
0:00:18.257509, 0.0, 23.010526657104492, 90.00015258789062, 1.401298464324817e-44, 126004.0
0:00:18.378237, 0.0, 23.009309768676758, 90.00015258789062, 1.401298464324817e-44, 126004.765625
0:00:18.511972, 0.0, 23.0081729888916, 90.00015258789062, 1.401298464324817e-44, 126005.5703125
0:00:18.626067, 0.0, 23.00729751586914, 90.00015258789062, 1.401298464324817e-44, 126006.2734375
0:00:18.817674, 0.0, 23.006481170654297, 90.00015258789062, 1.401298464324817e-44, 126007.015625
0:00:18.823361, 0.0, 23.00592803955078, 90.00015258789062, 1.401298464324817e-44, 126007.5703125
0:00:18.929831, 0.0, 23.005319595336914, 90.00015258789062, 1.401298464324817e-44, 126008.25
0:00:19.057076, 0.0, 23.004669189453125, 90.00015258789062, 1.401298464324817e-44, 126009.0546875
0:00:19.168349, 0.0, 23.00417137145996, 90.00015258789062, 1.401298464324817e-44, 126009.7578125
0:00:19.277340, 0.0, 23.003734588623047, 90.00015258789062, 1.401298464324817e-44, 126010.4375
0:00:19.413610, 0.0, 23.003273010253906, 90.00015258789062, 1.401298464324817e-44, 126011.2578125
0:00:19.497165, 0.0, 23.002992630004883, 90.00015258789062, 1.401298464324817e-44, 126011.8125
0:00:19.638710, 0.0, 23.002607345581055, 90.00015258789062, 1.401298464324817e-44, 126012.6640625
0:00:19.727780, 0.0, 23.00235939025879, 90.00015258789062, 1.401298464324817e-44, 126013.2734375
0:00:19.848972, 0.0, 23.002086639404297, 90.00015258789062, 1.401298464324817e-44, 126014.0390625
0:00:19.947683, 0.0, 23.00188636779785, 90.00015258789062, 1.401298464324817e-44, 126014.6640625
0:00:20.076568, 0.0, 23.00165367126465, 90.00015258789062, 1.401298464324817e-44, 126015.484375
0:00:20.278368, 0.0, 23.0014591217041, 90.00015258789062, 1.401298464324817e-44, 126016.2578125
0:00:20.297977, 0.0, 23.001317977905273, 90.00015258789062, 1.401298464324817e-44, 126016.890625
0:00:20.415116, 0.0, 23.001171112060547, 90.00015258789062, 1.401298464324817e-44, 126017.625
0:00:20.531693, 0.0, 23.00104331970215, 90.00015258789062, 1.401298464324817e-44, 126018.3515625
0:00:20.638773, 0.0, 23.000934600830078, 90.00015258789062, 1.401298464324817e-44, 126019.0390625
0:00:20.759710, 0.0, 23.000825881958008, 90.00015258789062, 1.401298464324817e-44, 126019.8046875
0:00:20.898539, 0.0, 23.000734329223633, 90.00015258789062, 1.401298464324817e-44, 126020.5390625
0:00:21.106322, 0.0, 23.000598907470703, 90.00015258789062, 1.401298464324817e-44, 126021.7890625
0:00:21.321587, 0.0, 23.000478744506836, 90.00015258789062, 0.1640653908252716, 126023.1875
0:00:21.546763, 0.0, 23.000383377075195, 90.00015258789062, 0.3274814188480377, 126024.5859375
0:00:21.712210, 0.0, 23.000316619873047, 90.00015258789062, 0.4900493919849396, 126025.8046875
0:00:21.826643, 0.0, 23.000282287597656, 90.00015258789062, 0.5976600646972656, 126026.5234375
0:00:21.937235, 0.0, 23.00025177001953, 90.00015258789062, 0.6910995244979858, 126027.2265625
0:00:22.048862, 0.0, 23.000225067138672, 90.00015258789062, 0.776752769947052, 126027.953125
0:00:22.163237, 0.0, 23.000200271606445, 90.00015258789062, 0.8536909222602844, 126028.6796875
0:00:22.257140, 0.0, 23.000181198120117, 90.00015258789062, 0.9103378653526306, 126029.2734375
0:00:22.395391, 0.0, 23.00015640258789, 90.00015258789062, 0.9846243262290955, 126030.15625
0:00:22.511182, 0.0, 23.000141143798828, 90.00015258789062, 1.0382171869277954, 126030.875
0:00:22.608664, 0.0, 23.0001277923584, 90.00015258789062, 1.0796902179718018, 126031.4921875
0:00:22.736527, 0.0, 23.000110626220703, 90.00015258789062, 1.1283373832702637, 126032.3046875
0:00:22.849569, 0.0, 23.000097274780273, 90.00015258789062, 1.165916085243225, 126033.015625
0:00:22.965754, 0.0, 23.000085830688477, 90.00015258789062, 1.200276494026184, 126033.75
0:00:23.051426, 0.0, 23.000080108642578, 90.00015258789062, 1.4690371751785278, 126034.2890625
0:00:23.178017, 0.0, 23.000070571899414, 90.00015258789062, 1.8260390758514404, 126035.0859375
0:00:23.289166, 0.0, 23.000062942504883, 90.00015258789062, 2.1018478870391846, 126035.78125
0:00:23.405167, 0.0, 23.00005531311035, 90.00015258789062, 2.358905792236328, 126036.5078125
0:00:23.518213, 0.0, 23.00004768371582, 90.00015258789062, 2.5817489624023438, 126037.2265625
0:00:23.606027, 0.0, 23.000041961669922, 90.00015258789062, 2.7385239601135254, 126037.78125
0:00:23.759557, 0.0, 23.000032424926758, 90.00015258789062, 2.9696168899536133, 126038.703125
0:00:23.849374, 0.0, 23.000030517578125, 90.00015258789062, 3.106886863708496, 126039.3203125
0:00:23.969562, 0.0, 23.000028610229492, 90.00015258789062, 3.257237434387207, 126040.0703125
0:00:24.097109, 0.0, 23.00002670288086, 90.00015258789062, 3.390310287475586, 126040.8203125
0:00:24.189817, 0.0, 23.000024795532227, 90.00015258789062, 3.490570068359375, 126041.4609375
0:00:24.401504, 0.0, 23.000022888183594, 90.00015258789062, 3.602719306945801, 126042.2578125
0:00:24.517083, 0.0, 23.000022888183594, 90.00015258789062, 3.6915996074676514, 126042.9765625
0:00:24.624858, 0.0, 23.000022888183594, 90.00015258789062, 3.770106792449951, 126043.6875
0:00:24.631560, 0.0, 23.000022888183594, 90.00015258789062, 3.8241186141967773, 126044.2265625
0:00:24.750918, 0.0, 23.000022888183594, 90.00015258789062, 3.892657995223999, 126044.984375
0:00:24.861737, 0.0, 23.000022888183594, 90.00015258789062, 3.9479527473449707, 126045.671875
0:00:24.990265, 0.0, 23.000022888183594, 90.00015258789062, 4.005555152893066, 126046.4765625
0:00:25.103905, 0.0, 23.000022888183594, 90.00015258789062, 4.050440311431885, 126047.1953125
0:00:25.309396, 0.0, 23.000022888183594, 90.00015258789062, 4.09466028213501, 126047.9921875
0:00:25.315957, 0.0, 23.000022888183594, 90.00015258789062, 4.12155294418335, 126048.5390625
0:00:25.430929, 0.0, 23.000022888183594, 90.00015258789062, 4.154037952423096, 126049.265625
0:00:25.708357, 0.0, 23.00002098083496, 90.00015258789062, 4.218433380126953, 126051.015625
0:00:25.825277, 0.0, 23.00002098083496, 90.00015258789062, 4.240609645843506, 126051.7578125
0:00:25.959330, 0.0, 23.00002098083496, 90.00015258789062, 4.261437892913818, 126052.5390625
0:00:26.049276, 0.0, 23.00002098083496, 90.00015258789062, 4.276586532592773, 126053.171875
0:00:26.170942, 0.0, 23.00002098083496, 90.00015258789062, 4.2927775382995605, 126053.9375
0:00:26.267227, 0.0, 23.00002098083496, 90.00015258789062, 4.304291248321533, 126054.546875
0:00:26.379996, 0.0, 23.00002098083496, 90.00015258789062, 4.316442966461182, 126055.2578125
0:00:26.496111, 0.0, 23.00002098083496, 90.00015258789062, 4.327552795410156, 126055.9921875
0:00:26.613844, 0.0, 23.00002098083496, 90.00015258789062, 4.337673664093018, 126056.7421875
0:00:26.815194, 0.0, 23.00002098083496, 90.00015258789062, 4.347004413604736, 126057.5234375
0:00:26.822441, 0.0, 23.00002098083496, 90.00015258789062, 4.352745532989502, 126058.0625
0:00:26.945987, 0.0, 23.00002098083496, 90.00015258789062, 4.36023473739624, 126058.8359375
0:00:27.061585, 0.0, 23.00002098083496, 90.00015258789062, 4.366481781005859, 126059.5625
0:00:27.161134, 0.0, 23.00002098083496, 90.00015258789062, 4.371319770812988, 126060.1875
0:00:27.294653, 0.0, 23.00002098083496, 90.00015258789062, 4.376873970031738, 126061.0
0:00:27.390827, 0.0, 23.00002098083496, 90.00015258789062, 4.380707740783691, 126061.6328125
0:00:27.529606, 0.0, 23.00002098083496, 90.00015258789062, 4.385106086730957, 126062.4453125
0:00:27.636459, 0.0, 23.00002098083496, 90.00015258789062, 4.388504505157471, 126063.1640625
0:00:27.744789, 0.0, 23.00002098083496, 90.00015258789062, 4.391534805297852, 126063.8828125
0:00:27.864803, 0.0, 23.00002098083496, 90.00015258789062, 4.39430570602417, 126064.6171875
0:00:27.972337, 0.0, 23.00002098083496, 90.00015258789062, 4.39666748046875, 126065.3125
0:00:28.182078, 0.0, 23.00002098083496, 90.00015258789062, 4.399068355560303, 126066.1171875
0:00:28.211687, 0.0, 23.00002098083496, 90.00015258789062, 4.400826930999756, 126066.78125
0:00:28.399366, 0.0, 23.00002098083496, 90.00015258789062, 4.402580261230469, 126067.515625
0:00:28.418509, 0.0, 23.00002098083496, 90.00015258789062, 4.403899669647217, 126068.1328125
0:00:28.526062, 0.0, 23.00002098083496, 90.00015258789062, 4.405182361602783, 126068.796875
0:00:28.638620, 0.0, 23.00002098083496, 90.00015258789062, 4.406416893005371, 126069.515625
0:00:28.750782, 0.0, 23.00002098083496, 90.00015258789062, 4.407498836517334, 126070.2265625
0:00:28.877481, 0.0, 23.00002098083496, 90.00015258789062, 4.408579349517822, 126071.015625
0:00:28.984161, 0.0, 23.00002098083496, 90.00015258789062, 4.409399032592773, 126071.6953125
0:00:29.101267, 0.0, 23.00002098083496, 90.00015258789062, 4.410192489624023, 126072.4296875
0:00:29.212644, 0.0, 23.00002098083496, 90.00015258789062, 4.410862445831299, 126073.125
0:00:29.424142, 0.0, 23.00002098083496, 90.00015258789062, 4.411538600921631, 126073.9296875
0:00:29.524407, 0.0, 23.00002098083496, 90.00015258789062, 4.412078857421875, 126074.640625
0:00:29.549282, 0.0, 23.00002098083496, 90.00015258789062, 4.412492752075195, 126075.25
0:00:29.647816, 0.0, 23.00002098083496, 90.00015258789062, 4.412875175476074, 126075.8828125
0:00:29.789028, 0.0, 23.00002098083496, 90.00015258789062, 4.413331031799316, 126076.71875
0:00:29.879054, 0.0, 23.00002098083496, 90.00015258789062, 4.413633346557617, 126077.34375
0:00:29.987585, 0.0, 23.00002098083496, 90.00015258789062, 4.413929462432861, 126078.03125
0:00:30.102371, 0.0, 23.00002098083496, 90.00015258789062, 4.414211273193359, 126078.7578125
0:00:30.221342, 0.0, 23.00002098083496, 90.00015258789062, 4.414470195770264, 126079.5078125
0:00:30.321901, 0.0, 23.00002098083496, 90.00015258789062, 4.414667129516602, 126080.1484375
0:00:30.460812, 0.0, 23.00002098083496, 90.00015258789062, 4.414888858795166, 126080.953125
0:00:30.698985, 0.0, 23.00002098083496, 90.00015258789062, 4.415245532989502, 126082.53125
0:00:30.813381, 0.0, 23.00002098083496, 90.00015258789062, 4.415380954742432, 126083.25
0:00:30.937796, 0.0, 23.00002098083496, 90.00015258789062, 4.415513038635254, 126084.0390625
0:00:31.050747, 0.0, 23.00002098083496, 90.00015258789062, 4.415618419647217, 126084.7578125
0:00:31.166969, 0.0, 23.00002098083496, 90.00015258789062, 4.415713787078857, 126085.484375
0:00:31.283861, 0.0, 23.00002098083496, 90.00015258789062, 4.415799140930176, 126086.2109375
0:00:31.513007, 0.0, 23.00002098083496, 90.00015258789062, 4.415901184082031, 126087.2109375
0:00:31.524893, 0.0, 23.00002098083496, 90.00015258789062, 4.415949821472168, 126087.7578125
0:00:31.647555, 0.0, 23.00002098083496, 90.00015258789062, 4.416010856628418, 126088.4921875
0:00:31.868524, 0.0, 23.00002098083496, 90.00015258789062, 4.416075229644775, 126089.390625
0:00:31.882850, 0.0, 23.00002098083496, 90.00015258789062, 4.416114330291748, 126090.0078125
0:00:31.994506, 0.0, 23.00002098083496, 90.00015258789062, 4.416154384613037, 126090.71875
0:00:32.121073, 0.0, 23.00002098083496, 90.00015258789062, 4.416192054748535, 126091.453125
0:00:32.320077, 0.0, 23.00002098083496, 90.00015258789062, 4.416225433349609, 126092.203125
0:00:32.429010, 0.0, 23.00002098083496, 90.00015258789062, 4.416254043579102, 126092.921875
0:00:32.443223, 0.0, 23.00002098083496, 90.00015258789062, 4.416276454925537, 126093.5390625
0:00:32.559145, 0.0, 23.00002098083496, 90.00015258789062, 4.416299819946289, 126094.2734375
0:00:32.678543, 0.0, 23.00002098083496, 90.00015258789062, 4.41632080078125, 126094.9921875
0:00:32.886215, 0.0, 23.00002098083496, 90.00015258789062, 4.4163408279418945, 126095.7890625
0:00:33.002458, 0.0, 23.00002098083496, 90.00015258789062, 4.416357040405273, 126096.5078125
0:00:33.101339, 0.0, 23.00002098083496, 90.00015258789062, 4.416370868682861, 126097.1875
0:00:33.137684, 0.0, 23.00002098083496, 90.00015258789062, 4.416382312774658, 126097.8515625
0:00:33.216210, 0.0, 23.00002098083496, 90.00015258789062, 4.416391372680664, 126098.3984375
0:00:33.333196, 0.0, 23.00002098083496, 90.00015258789062, 4.416402339935303, 126099.1328125
0:00:33.447138, 0.0, 23.00002098083496, 90.00015258789062, 4.416411876678467, 126099.8515625
0:00:33.563116, 0.0, 23.00002098083496, 90.00015258789062, 4.416419982910156, 126100.5859375
0:00:33.699477, 0.0, 23.00002098083496, 90.00015258789062, 4.416428565979004, 126101.3828125
0:00:33.810791, 0.0, 23.00002098083496, 90.00015258789062, 4.4164347648620605, 126102.1015625
0:00:33.919126, 0.0, 23.00002098083496, 90.00015258789062, 4.416440486907959, 126102.8046875
0:00:34.041614, 0.0, 23.00002098083496, 90.00015258789062, 4.416445732116699, 126103.5390625
0:00:34.138179, 0.0, 23.00002098083496, 90.00015258789062, 4.416450023651123, 126104.2109375
0:00:34.265381, 0.0, 23.00002098083496, 90.00015258789062, 4.416454315185547, 126104.984375
0:00:34.342344, 0.0, 23.00002098083496, 90.00015258789062, 4.416457176208496, 126105.5
0:00:34.468170, 0.0, 23.00002098083496, 90.00015258789062, 4.41646146774292, 126106.2890625
0:00:34.573552, 0.0, 23.00002098083496, 90.00015258789062, 4.416463851928711, 126106.953125
0:00:34.682793, 0.0, 23.00002098083496, 90.00015258789062, 4.416466236114502, 126107.640625
0:00:34.775671, 0.0, 23.00002098083496, 90.00015258789062, 4.416468143463135, 126108.234375
0:00:34.918202, 0.0, 23.00002098083496, 90.00015258789062, 4.416470527648926, 126109.125
0:00:35.015709, 0.0, 23.00002098083496, 90.00015258789062, 4.4164719581604, 126109.7265625
0:00:35.134676, 0.0, 23.00002098083496, 90.00015258789062, 4.416473865509033, 126110.484375
0:00:35.263965, 0.0, 23.00002098083496, 90.00015258789062, 4.416475772857666, 126111.28125
0:00:35.374184, 0.0, 23.00002098083496, 90.00015258789062, 4.416477680206299, 126111.9921875
0:00:35.738674, 0.0, 23.00002098083496, 90.00015258789062, 4.416479587554932, 126114.28125
0:00:35.863457, 0.0, 23.00002098083496, 90.00015258789062, 4.41648006439209, 126115.0703125
0:00:35.955748, 0.0, 23.00002098083496, 90.00015258789062, 4.416480541229248, 126115.6640625
0:00:36.109041, 0.0, 23.00002098083496, 90.00015258789062, 4.416480541229248, 126116.5625
0:00:36.197083, 0.0, 23.00002098083496, 90.00015258789062, 4.416481018066406, 126117.1796875
0:00:36.328054, 0.0, 23.00002098083496, 90.00015258789062, 4.4164814949035645, 126117.984375
0:00:36.422760, 0.0, 23.00002098083496, 90.00015258789062, 4.4164814949035645, 126118.6015625
0:00:36.523573, 0.0, 23.00002098083496, 90.00015258789062, 4.416481971740723, 126119.234375
0:00:36.646104, 0.0, 23.00002098083496, 90.00015258789062, 4.416481971740723, 126120.0078125
0:00:36.744896, 0.0, 23.00002098083496, 90.00015258789062, 4.416481971740723, 126120.6328125
0:00:36.869236, 0.0, 23.00002098083496, 90.00015258789062, 4.416481971740723, 126121.4140625
0:00:36.984337, 0.0, 23.00002098083496, 90.00015258789062, 4.416481971740723, 126122.140625
0:00:37.080546, 0.0, 23.00002098083496, 90.00015258789062, 4.416481971740723, 126122.75
0:00:37.193523, 0.0, 23.00002098083496, 90.00015258789062, 4.416481971740723, 126123.4609375
0:00:37.308511, 0.0, 23.00002098083496, 90.00015258789062, 4.416481971740723, 126124.1953125
0:00:37.433958, 0.0, 23.00002098083496, 90.00015258789062, 4.416481971740723, 126124.9765625
0:00:37.534450, 0.0, 23.00002098083496, 90.00015258789062, 4.416481971740723, 126125.609375
0:00:37.644587, 0.0, 23.00002098083496, 90.00015258789062, 4.416481971740723, 126126.296875
0:00:37.772033, 0.0, 23.00002098083496, 90.00015258789062, 4.416481971740723, 126127.1015625
0:00:37.885871, 0.0, 23.00002098083496, 90.00015258789062, 4.416481971740723, 126127.8203125
0:00:37.972832, 0.0, 23.00002098083496, 90.00015258789062, 4.416481971740723, 126128.3671875
0:00:38.125276, 0.0, 23.00002098083496, 90.00015258789062, 4.416481971740723, 126129.2890625
0:00:38.237813, 0.0, 23.00002098083496, 90.00015258789062, 4.416481971740723, 126130.0
0:00:38.339232, 0.0, 23.00002098083496, 90.00015258789062, 4.416481971740723, 126130.6875
0:00:38.449367, 0.0, 23.00002098083496, 90.00015258789062, 4.416481971740723, 126131.390625
0:00:38.560746, 0.0, 23.00002098083496, 90.00015258789062, 4.416481971740723, 126132.09375
0:00:38.678672, 0.0, 23.00002098083496, 90.00015258789062, 4.416481971740723, 126132.8203125
0:00:38.773803, 0.0, 23.00002098083496, 90.00015258789062, 4.416481971740723, 126133.4453125
0:00:38.894837, 0.0, 23.00002098083496, 90.00015258789062, 4.416481971740723, 126134.203125
0:00:38.989137, 0.0, 23.00002098083496, 90.00015258789062, 4.416481971740723, 126134.8046875
0:00:39.115153, 0.0, 23.00002098083496, 90.00015258789062, 4.416481971740723, 126135.6015625
0:00:39.232339, 0.0, 23.00002098083496, 90.00015258789062, 4.416481971740723, 126136.34375
0:00:39.342216, 0.0, 23.00002098083496, 90.00015258789062, 4.416481971740723, 126137.0390625
0:00:39.448360, 0.0, 23.00002098083496, 90.00015258789062, 4.416481971740723, 126137.7109375
0:00:39.568747, 0.0, 23.00002098083496, 90.00015258789062, 4.416481971740723, 126138.46875
0:00:39.686800, 0.0, 23.00002098083496, 90.00015258789062, 4.416481971740723, 126139.1953125
0:00:39.778503, 0.0, 23.00002098083496, 90.00015258789062, 4.416481971740723, 126139.7734375
0:00:39.894142, 0.0, 23.00002098083496, 90.00015258789062, 4.416481971740723, 126140.5
0:00:40.039643, 0.0, 23.00002098083496, 90.00015258789062, 4.416481971740723, 126141.375
0:00:40.153266, 0.0, 23.00002098083496, 90.00015258789062, 4.416481971740723, 126142.1015625
0:00:40.244694, 0.0, 23.00002098083496, 90.00015258789062, 4.416481971740723, 126142.7265625
0:00:40.365824, 0.0, 23.00002098083496, 90.00015258789062, 4.416481971740723, 126143.4921875
0:00:40.492831, 0.0, 23.00002098083496, 90.00015258789062, 4.416481971740723, 126144.2265625
0:00:40.608265, 0.0, 23.00002098083496, 90.00015258789062, 4.416481971740723, 126144.9375
0:00:40.848901, 0.0, 23.00002098083496, 90.00015258789062, 4.416481971740723, 126146.5390625
0:00:40.964758, 0.0, 23.00002098083496, 90.00015258789062, 4.416481971740723, 126147.265625
0:00:41.076644, 0.0, 23.00002098083496, 90.00015258789062, 4.416481971740723, 126147.9765625
0:00:41.164361, 0.0, 23.00002098083496, 90.00015258789062, 4.416481971740723, 126148.5234375
0:00:41.417122, 0.0, 23.00002098083496, 90.00015258789062, 4.416481971740723, 126149.59375
0:00:41.430364, 0.0, 23.00002098083496, 90.00015258789062, 4.416481971740723, 126150.203125
0:00:41.551848, 0.0, 23.00002098083496, 90.00015258789062, 4.416481971740723, 126150.9453125
0:00:41.760578, 0.0, 23.00002098083496, 90.00015258789062, 4.416481971740723, 126151.7734375
0:00:41.767116, 0.0, 23.00002098083496, 90.00015258789062, 4.416481971740723, 126152.328125
0:00:41.884172, 0.0, 23.00002098083496, 90.00015258789062, 4.416481971740723, 126153.0703125
0:00:42.001452, 0.0, 23.00002098083496, 90.00015258789062, 4.416481971740723, 126153.796875
0:00:42.096786, 0.0, 23.00002098083496, 90.00015258789062, 4.416481971740723, 126154.40625
0:00:42.213719, 0.0, 23.00002098083496, 90.00015258789062, 4.416481971740723, 126155.140625
0:00:42.328586, 0.0, 23.00002098083496, 90.00015258789062, 4.416481971740723, 126155.859375
0:00:42.442249, 0.0, 23.00002098083496, 90.00015258789062, 4.416481971740723, 126156.578125
0:00:42.528143, 0.0, 23.00002098083496, 90.00015258789062, 4.416481971740723, 126157.1171875
0:00:42.647016, 0.0, 23.00002098083496, 90.00015258789062, 4.416481971740723, 126157.8671875
0:00:42.773686, 0.0, 23.00002098083496, 90.00015258789062, 4.416481971740723, 126158.6640625
0:00:42.888814, 0.0, 23.00002098083496, 90.00015258789062, 4.416481971740723, 126159.390625
0:00:42.986410, 0.0, 23.00002098083496, 90.00015258789062, 4.416481971740723, 126160.0078125
0:00:43.098703, 0.0, 23.00002098083496, 90.00015258789062, 4.416481971740723, 126160.71875
0:00:43.339575, 0.0, 23.00002098083496, 90.00015258789062, 4.416481971740723, 126161.6796875
0:00:43.349919, 0.0, 23.00002098083496, 90.00015258789062, 4.416481971740723, 126162.3046875
0:00:43.464842, 0.0, 23.00002098083496, 90.00015258789062, 4.416481971740723, 126163.03125
0:00:43.578846, 0.0, 23.00002098083496, 90.00015258789062, 4.416481971740723, 126163.75
0:00:43.691866, 0.0, 23.00002098083496, 90.00015258789062, 4.416481971740723, 126164.46875
0:00:43.912670, 0.0, 23.00002098083496, 90.00015258789062, 4.416481971740723, 126165.2578125
0:00:44.016366, 0.0, 23.00002098083496, 90.00015258789062, 4.416481971740723, 126166.0
0:00:44.034489, 0.0, 23.00002098083496, 90.00015258789062, 4.416481971740723, 126166.6171875
0:00:44.138787, 0.0, 23.00002098083496, 90.00015258789062, 4.416481971740723, 126167.2734375
0:00:44.357950, 0.0, 23.00002098083496, 90.00015258789062, 4.416481971740723, 126168.15625
0:00:44.375714, 0.0, 23.00002098083496, 90.00015258789062, 4.416481971740723, 126168.765625
0:00:44.484157, 0.0, 23.00002098083496, 90.00015258789062, 4.416481971740723, 126169.453125
0:00:44.598492, 0.0, 23.00002098083496, 90.00015258789062, 4.416481971740723, 126170.1875
0:00:44.721083, 0.0, 23.00002098083496, 90.00015258789062, 4.416481971740723, 126170.96875
0:00:44.820040, 0.0, 23.00002098083496, 90.00015258789062, 4.416481971740723, 126171.578125
0:00:44.939967, 0.0, 23.00002098083496, 90.00015258789062, 4.416481971740723, 126172.3359375
0:00:45.051892, 0.0, 23.00002098083496, 90.00015258789062, 4.416481971740723, 126173.0390625
0:00:45.166721, 0.0, 23.00002098083496, 90.00015258789062, 4.416481971740723, 126173.765625
0:00:45.257698, 0.0, 23.00002098083496, 90.00015258789062, 4.416481971740723, 126174.3359375
0:00:45.375040, 0.0, 23.00002098083496, 90.00015258789062, 4.416481971740723, 126175.0703125
0:00:45.490354, 0.0, 23.00002098083496, 90.00015258789062, 4.416481971740723, 126175.8046875
0:00:45.613890, 0.0, 23.00002098083496, 90.00015258789062, 4.416481971740723, 126176.578125
0:00:45.722363, 0.0, 23.00002098083496, 90.00015258789062, 4.416481971740723, 126177.25
0:00:45.837704, 0.0, 23.00002098083496, 90.00015258789062, 4.416481971740723, 126177.984375
0:00:45.951832, 0.0, 23.00002098083496, 90.00015258789062, 4.416481971740723, 126178.7109375
0:00:46.091434, 0.0, 23.00002098083496, 90.00015258789062, 4.416481971740723, 126179.578125
0:00:46.222758, 0.0, 23.00002098083496, 90.00015258789062, 4.416481971740723, 126180.359375
0:00:46.433792, 0.0, 23.00002098083496, 90.00015258789062, 4.416481971740723, 126181.1484375
0:00:46.534565, 0.0, 23.00002098083496, 90.00015258789062, 4.416481971740723, 126181.875
0:00:46.548329, 0.0, 23.00002098083496, 90.00015258789062, 4.416481971740723, 126182.484375
0:00:46.762105, 0.0, 23.00002098083496, 90.00015258789062, 4.416481971740723, 126183.359375
0:00:46.883248, 0.0, 23.00002098083496, 90.00015258789062, 4.416481971740723, 126184.0
0:00:46.987316, 0.0, 23.00002098083496, 90.00015258789062, 4.416481971740723, 126184.75
0:00:47.016159, 0.0, 23.00002098083496, 90.00015258789062, 4.416481971740723, 126185.390625
0:00:47.098396, 0.0, 23.00002098083496, 90.00015258789062, 4.416481971740723, 126185.953125
0:00:47.243670, 0.0, 23.00002098083496, 90.00015258789062, 4.416481971740723, 126186.8125
0:00:47.357741, 0.0, 23.00002098083496, 90.00015258789062, 4.416481971740723, 126187.5234375
0:00:47.469454, 0.0, 23.00002098083496, 90.00015258789062, 4.416481971740723, 126188.234375
0:00:47.649569, 0.0, 23.00002098083496, 90.00015258789062, 4.416481971740723, 126188.9609375
0:00:47.663248, 0.0, 23.00002098083496, 90.00015258789062, 4.416481971740723, 126189.515625
0:00:47.808421, 0.0, 23.00002098083496, 90.00015258789062, 4.416481971740723, 126190.359375
0:00:48.014424, 0.0, 23.00002098083496, 90.00015258789062, 4.416481971740723, 126191.1484375
0:00:48.118573, 0.0, 23.00002098083496, 90.00015258789062, 4.416481971740723, 126191.8671875
0:00:48.125449, 0.0, 23.00002098083496, 90.00015258789062, 4.416481971740723, 126192.421875
0:00:48.240967, 0.0, 23.00002098083496, 90.00015258789062, 4.416481971740723, 126193.1328125
0:00:48.360837, 0.0, 23.00002098083496, 90.00015258789062, 4.416481971740723, 126193.890625
0:00:48.474495, 0.0, 23.00002098083496, 90.00015258789062, 4.416481971740723, 126194.609375
0:00:48.588150, 0.0, 23.00002098083496, 90.00015258789062, 4.416481971740723, 126195.3359375
0:00:48.698564, 0.0, 23.00002098083496, 90.00015258789062, 4.416481971740723, 126196.0234375
0:00:48.797912, 0.0, 23.00002098083496, 90.00015258789062, 4.416481971740723, 126196.6484375
0:00:48.944533, 0.0, 23.00002098083496, 90.00015258789062, 4.416481971740723, 126197.53125
0:00:49.060251, 0.0, 23.00002098083496, 90.00015258789062, 4.416481971740723, 126198.25
0:00:49.182885, 0.0, 23.00002098083496, 90.00015258789062, 4.416481971740723, 126199.03125
0:00:49.297102, 0.0, 23.00002098083496, 90.00015258789062, 4.416481971740723, 126199.75
0:00:49.492103, 0.0, 23.00002098083496, 90.00015258789062, 4.416481971740723, 126200.546875
0:00:49.500191, 0.0, 23.00002098083496, 90.00015258789062, 4.416481971740723, 126201.09375
0:00:49.616500, 0.0, 23.00002098083496, 90.00015258789062, 4.416481971740723, 126201.8203125
0:00:49.727773, 0.0, 23.00002098083496, 90.00015258789062, 4.416481971740723, 126202.5390625
0:00:49.841011, 0.0, 23.00002098083496, 90.00015258789062, 4.416481971740723, 126203.25
0:00:50.068200, 0.0, 23.00002098083496, 90.00015258789062, 4.416481971740723, 126204.078125
0:00:50.167386, 0.0, 23.00002098083496, 90.00015258789062, 4.416481971740723, 126204.8046875
0:00:50.173371, 0.0, 23.00002098083496, 90.00015258789062, 4.416481971740723, 126205.34375
0:00:50.393522, 0.0, 23.00002098083496, 90.00015258789062, 4.416481971740723, 126206.2421875
0:00:50.398644, 0.0, 23.00002098083496, 90.00015258789062, 4.416481971740723, 126206.7734375
0:00:50.529503, 0.0, 23.00002098083496, 90.00015258789062, 4.416481971740723, 126207.6015625
0:00:50.650115, 0.0, 23.00002098083496, 90.00015258789062, 4.416481971740723, 126208.3359375
0:00:50.935957, 0.0, 23.00002098083496, 90.00015258789062, 4.416481971740723, 126210.1328125
0:00:51.050202, 0.0, 23.00002098083496, 90.00015258789062, 4.416481971740723, 126210.859375
0:00:51.164539, 0.0, 23.00002098083496, 90.00015258789062, 4.416481971740723, 126211.578125
0:00:51.286584, 0.0, 23.00002098083496, 90.00015258789062, 4.416481971740723, 126212.328125
0:00:51.484619, 0.0, 23.00002098083496, 90.00015258789062, 4.416481971740723, 126213.0546875
0:00:51.611241, 0.0, 23.00002098083496, 90.00015258789062, 4.416481971740723, 126213.78125
0:00:51.712240, 0.0, 23.00002098083496, 90.00015258789062, 4.416481971740723, 126214.5390625
0:00:51.720185, 0.0, 23.00002098083496, 90.00015258789062, 4.416481971740723, 126215.0859375
0:00:51.947165, 0.0, 23.00002098083496, 90.00015258789062, 4.416481971740723, 126215.984375
0:00:51.968295, 0.0, 23.00002098083496, 90.00015258789062, 4.416481971740723, 126216.609375
0:00:52.055575, 0.0, 23.00002098083496, 90.00015258789062, 4.416481971740723, 126217.203125
0:00:52.287290, 0.0, 23.00002098083496, 90.00015258789062, 4.416481971740723, 126218.0546875
0:00:52.388857, 0.0, 23.00002098083496, 90.00015258789062, 4.416481971740723, 126218.8046875
0:00:52.419603, 0.0, 23.00002098083496, 90.00015258789062, 4.416481971740723, 126219.4296875
0:00:52.532929, 0.0, 23.00002098083496, 90.00015258789062, 4.416481971740723, 126220.1484375
0:00:52.629797, 0.0, 23.00002098083496, 90.00015258789062, 4.416481971740723, 126220.8125
0:00:52.742001, 0.0, 23.00002098083496, 90.00015258789062, 4.416481971740723, 126221.515625
0:00:52.952831, 0.0, 23.00002098083496, 90.00015258789062, 4.416481971740723, 126222.3203125
0:00:53.073078, 0.0, 23.00002098083496, 90.00015258789062, 4.416481971740723, 126223.0390625
0:00:53.096704, 0.0, 23.00002098083496, 90.00015258789062, 4.416481971740723, 126223.7265625
0:00:53.306688, 0.0, 23.00002098083496, 90.00015258789062, 4.416481971740723, 126224.453125
0:00:53.322532, 0.0, 23.00002098083496, 90.00015258789062, 4.416481971740723, 126225.1875
0:00:53.545973, 0.0, 23.00002098083496, 90.00015258789062, 4.416481971740723, 126225.9921875
0:00:53.647158, 0.0, 23.00002098083496, 90.00015258789062, 4.416481971740723, 126226.7109375
0:00:53.678525, 0.0, 23.00002098083496, 90.00015258789062, 4.416481971740723, 126227.390625
0:00:53.879555, 0.0, 23.00002098083496, 90.00015258789062, 4.416481971740723, 126228.171875
0:00:53.881330, 0.0, 23.00002098083496, 90.00015258789062, 4.416481971740723, 126228.71875
0:00:54.017938, 0.0, 23.00002098083496, 90.00015258789062, 4.416481971740723, 126229.5234375
0:00:54.116563, 0.0, 23.00002098083496, 90.00015258789062, 4.416481971740723, 126230.203125
0:00:54.248609, 0.0, 23.00002098083496, 90.00015258789062, 4.416481971740723, 126230.9921875
0:00:54.446578, 0.0, 23.00002098083496, 90.00015258789062, 4.416481971740723, 126231.7421875
0:00:54.465570, 0.0, 23.00002098083496, 90.00015258789062, 4.416481971740723, 126232.4140625
0:00:54.672642, 0.0, 23.00002098083496, 90.00015258789062, 4.416481971740723, 126233.2734375
0:00:54.702935, 0.0, 23.00002098083496, 90.00015258789062, 4.416481971740723, 126233.8671875
0:00:54.790715, 0.0, 23.00002098083496, 90.00015258789062, 4.416481971740723, 126234.4765625
0:00:54.890948, 0.0, 23.00002098083496, 90.00015258789062, 4.416481971740723, 126235.109375
0:00:55.000527, 0.0, 23.00002098083496, 90.00015258789062, 4.416481971740723, 126235.8046875
0:00:55.099347, 0.0, 23.00002098083496, 90.00015258789062, 4.416481971740723, 126236.421875
0:00:55.215348, 0.0, 23.00002098083496, 90.00015258789062, 4.416481971740723, 126237.15625
0:00:55.341392, 0.0, 23.00002098083496, 90.00015258789062, 4.416481971740723, 126237.953125
0:00:55.472028, 0.0, 23.00002098083496, 90.00015258789062, 4.416481971740723, 126238.75
0:00:55.595750, 0.0, 23.00002098083496, 90.00015258789062, 4.416481971740723, 126239.484375
0:00:55.809986, 0.0, 23.00002098083496, 90.00015258789062, 4.416481971740723, 126240.90625
0:00:55.953276, 0.0, 23.00002098083496, 90.00015258789062, 4.416481971740723, 126241.8203125
0:00:56.082188, 0.0, 23.00002098083496, 90.00015258789062, 4.416481971740723, 126242.5859375
0:00:56.189199, 0.0, 23.00002098083496, 90.00015258789062, 4.416481971740723, 126243.265625
0:00:56.309999, 0.0, 23.00002098083496, 90.00015258789062, 4.416481971740723, 126244.0078125
0:00:56.510696, 0.0, 23.00002098083496, 90.00015258789062, 4.416481971740723, 126244.765625
0:00:56.522040, 0.0, 23.00002098083496, 90.00015258789062, 4.416481971740723, 126245.3828125
0:00:56.650016, 0.0, 23.00002098083496, 90.00015258789062, 4.416481971740723, 126246.140625
0:00:56.849441, 0.0, 23.00002098083496, 90.00015258789062, 4.416481971740723, 126246.9375
0:00:56.855085, 0.0, 23.00002098083496, 90.00015258789062, 4.416481971740723, 126247.484375
0:00:56.972306, 0.0, 23.00002098083496, 90.00015258789062, 4.416481971740723, 126248.2109375
0:00:57.086800, 0.0, 23.00002098083496, 90.00015258789062, 4.416481971740723, 126248.9375
0:00:57.194468, 0.0, 23.00002098083496, 90.00015258789062, 4.416481971740723, 126249.625
0:00:57.328141, 0.0, 23.00002098083496, 90.00015258789062, 4.416481971740723, 126250.4140625
0:00:57.441779, 0.0, 23.00002098083496, 90.00015258789062, 4.416481971740723, 126251.1171875
0:00:57.660982, 0.0, 23.00002098083496, 90.00015258789062, 4.416481971740723, 126251.859375
0:00:57.680375, 0.0, 23.00002098083496, 90.00015258789062, 4.416481971740723, 126252.625
0:00:57.878094, 0.0, 23.00002098083496, 90.00015258789062, 4.416481971740723, 126253.3515625
0:00:57.983757, 0.0, 23.00002098083496, 90.00015258789062, 4.416481971740723, 126254.078125
0:00:57.995852, 0.0, 23.00002098083496, 90.00015258789062, 4.416481971740723, 126254.6640625
0:00:58.123017, 0.0, 23.00002098083496, 90.00015258789062, 4.416481971740723, 126255.4609375
0:00:58.235055, 0.0, 23.00002098083496, 90.00015258789062, 4.416481971740723, 126256.1796875
0:00:58.364728, 0.0, 23.00002098083496, 90.00015258789062, 4.416481971740723, 126256.9296875
0:00:58.579325, 0.0, 23.00002098083496, 90.00015258789062, 4.416481971740723, 126257.796875
0:00:58.589272, 0.0, 23.00002098083496, 90.00015258789062, 4.416481971740723, 126258.4140625
0:00:58.703141, 0.0, 23.00002098083496, 90.00015258789062, 4.416481971740723, 126259.125
0:00:58.811051, 0.0, 23.00002098083496, 90.00015258789062, 4.416481971740723, 126259.8046875
0:00:58.921336, 0.0, 23.00002098083496, 90.00015258789062, 4.416481971740723, 126260.5078125
0:00:59.037047, 0.0, 23.00002098083496, 90.00015258789062, 4.416481971740723, 126261.2421875
0:00:59.170343, 0.0, 23.00002098083496, 90.00015258789062, 4.416481971740723, 126262.015625
0:00:59.282016, 0.0, 23.00002098083496, 90.00015258789062, 4.416481971740723, 126262.75
0:00:59.373358, 0.0, 23.00002098083496, 90.00015258789062, 4.416481971740723, 126263.375
0:00:59.486613, 0.0, 23.00002098083496, 90.00015258789062, 4.416481971740723, 126264.1015625
0:00:59.585035, 0.0, 23.00002098083496, 90.00015258789062, 4.416481971740723, 126264.71875
0:00:59.812444, 0.0, 23.00002098083496, 90.00015258789062, 4.416481971740723, 126265.6796875
0:00:59.822746, 0.0, 23.00002098083496, 90.00015258789062, 4.416481971740723, 126266.21875
0:00:59.945059, 0.0, 23.00002098083496, 90.00015258789062, 4.416481971740723, 126266.9765625
0:01:00.167206, 0.0, 23.00002098083496, 90.00015258789062, 4.416481971740723, 126267.7890625
0:01:00.268800, 0.0, 23.00002098083496, 90.00015258789062, 4.416481971740723, 126268.515625
0:01:00.274148, 0.0, 23.00002098083496, 90.00015258789062, 4.416481971740723, 126269.046875
0:01:00.412253, 0.0, 23.00002098083496, 90.00015258789062, 4.416481971740723, 126269.8515625
0:01:00.513415, 0.0, 23.00002098083496, 90.00015258789062, 4.416481971740723, 126270.5390625
0:01:00.627183, 0.0, 23.00002098083496, 90.00015258789062, 4.416481971740723, 126271.265625
0:01:00.843818, 0.0, 23.00002098083496, 90.00015258789062, 4.416481971740723, 126272.0703125
0:01:01.031321, 0.0, 23.00002098083496, 90.00015258789062, 4.416481971740723, 126273.734375
0:01:01.130586, 0.0, 23.00002098083496, 90.00015258789062, 4.416481971740723, 126274.421875
0:01:01.244497, 0.0, 23.00002098083496, 90.00015258789062, 4.416481971740723, 126275.140625
0:01:01.354594, 0.0, 23.00002098083496, 90.00015258789062, 4.416481971740723, 126275.828125
0:01:01.486021, 0.0, 23.00002098083496, 90.00015258789062, 4.416481971740723, 126276.59375
0:01:01.595878, 0.0, 23.00002098083496, 90.00015258789062, 4.416481971740723, 126277.3203125
0:01:01.711608, 0.0, 23.00002098083496, 90.00015258789062, 4.416481971740723, 126278.046875
0:01:01.834110, 0.0, 23.00002098083496, 90.00015258789062, 4.416481971740723, 126278.8515625
0:01:02.055990, 0.0, 23.00002098083496, 90.00015258789062, 4.416481971740723, 126279.6875
0:01:02.073593, 0.0, 23.00002098083496, 90.00015258789062, 4.416481971740723, 126280.3046875
0:01:02.168006, 0.0, 23.00002098083496, 90.00015258789062, 4.416481971740723, 126280.9609375
0:01:02.381367, 0.0, 23.00002098083496, 90.00015258789062, 4.416481971740723, 126281.828125
0:01:02.406311, 0.0, 23.00002098083496, 90.00015258789062, 4.416481971740723, 126282.4296875
0:01:02.518269, 0.0, 23.00002098083496, 90.00015258789062, 4.416481971740723, 126283.15625
0:01:02.736603, 0.0, 23.00002098083496, 90.00015258789062, 4.416481971740723, 126283.9609375
0:01:02.837201, 0.0, 23.00002098083496, 90.00015258789062, 4.416481971740723, 126284.6796875
0:01:02.857134, 0.0, 23.00002098083496, 90.00015258789062, 4.416481971740723, 126285.3046875
0:01:03.054853, 0.0, 23.00002098083496, 90.00015258789062, 4.416481971740723, 126286.0546875
0:01:03.060495, 0.0, 23.00002098083496, 90.00015258789062, 4.416481971740723, 126286.5859375
0:01:03.208928, 0.0, 23.00002098083496, 90.00015258789062, 4.416481971740723, 126287.4765625
0:01:03.320148, 0.0, 23.00002098083496, 90.00015258789062, 4.416481971740723, 126288.2109375
0:01:03.445009, 0.0, 23.00002098083496, 90.00015258789062, 4.416481971740723, 126288.984375
0:01:03.651413, 0.0, 23.00002098083496, 90.00015258789062, 4.416481971740723, 126289.703125
0:01:03.756315, 0.0, 23.00002098083496, 90.00015258789062, 4.416481971740723, 126290.484375
0:01:03.764213, 0.0, 23.00002098083496, 90.00015258789062, 4.416481971740723, 126291.0390625
0:01:03.879402, 0.0, 23.00002098083496, 90.00015258789062, 4.416481971740723, 126291.7578125
0:01:03.987755, 0.0, 23.00002098083496, 90.00015258789062, 4.416481971740723, 126292.4453125
0:01:04.113730, 0.0, 23.00002098083496, 90.00015258789062, 4.416481971740723, 126293.234375
0:01:04.217953, 0.0, 23.00002098083496, 90.00015258789062, 4.416481971740723, 126293.890625
0:01:04.333045, 0.0, 23.00002098083496, 90.00015258789062, 4.416481971740723, 126294.609375
0:01:04.444321, 0.0, 23.00002098083496, 90.00015258789062, 4.416481971740723, 126295.328125
0:01:04.578195, 0.0, 23.00002098083496, 90.00015258789062, 4.416481971740723, 126296.125
0:01:04.693013, 0.0, 23.00002098083496, 90.00015258789062, 4.416481971740723, 126296.8515625
0:01:04.892726, 0.0, 23.00002098083496, 90.00015258789062, 4.416481971740723, 126297.640625
0:01:04.898161, 0.0, 23.00002098083496, 90.00015258789062, 4.416481971740723, 126298.1875
0:01:05.115436, 0.0, 23.00002098083496, 90.00015258789062, 4.416481971740723, 126299.046875
0:01:05.120522, 0.0, 23.00002098083496, 90.00015258789062, 4.416481971740723, 126299.5859375
0:01:05.258113, 0.0, 23.00002098083496, 90.00015258789062, 4.416481971740723, 126300.4296875
0:01:05.442286, 0.0, 23.00002098083496, 90.00015258789062, 4.416481971740723, 126301.1484375
0:01:05.458450, 0.0, 23.00002098083496, 90.00015258789062, 4.416481971740723, 126301.734375
0:01:05.611246, 0.0, 23.00002098083496, 90.00015258789062, 4.416481971740723, 126302.625
0:01:05.710007, 0.0, 23.00002098083496, 90.00015258789062, 4.416481971740723, 126303.328125
0:01:05.833084, 0.0, 23.00002098083496, 90.00015258789062, 4.416481971740723, 126304.0625
0:01:06.220140, 0.0, 23.00002098083496, 90.00015258789062, 4.416481971740723, 126305.921875
0:01:06.327967, 0.0, 23.00002098083496, 90.00015258789062, 4.416481971740723, 126306.6484375
0:01:06.335308, 0.0, 23.00002098083496, 90.00015258789062, 4.416481971740723, 126307.28125
0:01:06.443153, 0.0, 23.00002098083496, 90.00015258789062, 4.416481971740723, 126307.953125
0:01:06.665626, 0.0, 23.00002098083496, 90.00015258789062, 4.416481971740723, 126308.859375
0:01:06.674063, 0.0, 23.00002098083496, 90.00015258789062, 4.416481971740723, 126309.4140625
0:01:06.897252, 0.0, 23.00002098083496, 90.00015258789062, 4.416481971740723, 126310.296875
0:01:07.011479, 0.0, 23.00002098083496, 90.00015258789062, 4.416481971740723, 126310.9921875
0:01:07.013245, 0.0, 23.00002098083496, 90.00015258789062, 4.416481971740723, 126311.546875
0:01:07.126430, 0.0, 23.00002098083496, 90.00015258789062, 4.416481971740723, 126312.265625
0:01:07.352855, 0.0, 23.00002098083496, 90.00015258789062, 4.416481971740723, 126313.1328125
0:01:07.452031, 0.0, 23.00002098083496, 90.00015258789062, 4.416481971740723, 126313.8671875
0:01:07.460902, 0.0, 23.00002098083496, 90.00015258789062, 4.416481971740723, 126314.3671875
0:01:07.686134, 0.0, 23.00002098083496, 90.00015258789062, 4.416481971740723, 126315.34375
0:01:07.702813, 0.0, 23.00002098083496, 90.00015258789062, 4.416481971740723, 126315.890625
0:01:07.817712, 0.0, 23.00002098083496, 90.00015258789062, 4.416481971740723, 126316.6171875
0:01:07.954004, 0.0, 23.00002098083496, 90.00015258789062, 4.416481971740723, 126317.421875
0:01:08.153381, 0.0, 23.00002098083496, 90.00015258789062, 4.416481971740723, 126318.1953125
0:01:08.167403, 0.0, 23.00002098083496, 90.00015258789062, 4.416481971740723, 126318.8203125
0:01:08.378291, 0.0, 23.00002098083496, 90.00015258789062, 4.416481971740723, 126319.6328125
0:01:08.396071, 0.0, 23.00002098083496, 90.00015258789062, 4.416481971740723, 126320.2578125
0:01:08.511367, 0.0, 23.00002098083496, 90.00015258789062, 4.416481971740723, 126320.96875
0:01:08.731865, 0.0, 23.00002098083496, 90.00015258789062, 4.416481971740723, 126321.875
0:01:08.737274, 0.0, 23.00002098083496, 90.00015258789062, 4.416481971740723, 126322.3984375
0:01:08.872788, 0.0, 23.00002098083496, 90.00015258789062, 4.416481971740723, 126323.2109375
0:01:08.984190, 0.0, 23.00002098083496, 90.00015258789062, 4.416481971740723, 126323.9296875
0:01:09.175117, 0.0, 23.00002098083496, 90.00015258789062, 4.416481971740723, 126324.6640625
0:01:09.181103, 0.0, 23.00002098083496, 90.00015258789062, 4.416481971740723, 126325.1953125
0:01:09.303946, 0.0, 23.00002098083496, 90.00015258789062, 4.416481971740723, 126325.984375
0:01:09.518184, 0.0, 23.00002098083496, 90.00015258789062, 4.416481971740723, 126326.828125
0:01:09.530570, 0.0, 23.00002098083496, 90.00015258789062, 4.416481971740723, 126327.40625
0:01:09.751383, 0.0, 23.00002098083496, 90.00015258789062, 4.416481971740723, 126328.1875
0:01:09.856601, 0.0, 23.00002098083496, 90.00015258789062, 4.416481971740723, 126328.984375
0:01:09.868805, 0.0, 23.00002098083496, 90.00015258789062, 4.416481971740723, 126329.53125
0:01:09.974183, 0.0, 23.00002098083496, 90.00015258789062, 4.416481971740723, 126330.1953125
0:01:10.088222, 0.0, 23.00002098083496, 90.00015258789062, 4.416481971740723, 126330.9140625
0:01:10.313170, 0.0, 23.00002098083496, 90.00015258789062, 4.416481971740723, 126331.7578125
0:01:10.319685, 0.0, 23.00002098083496, 90.00015258789062, 4.416481971740723, 126332.375
0:01:10.453120, 0.0, 23.00002098083496, 90.00015258789062, 4.416481971740723, 126333.1640625
0:01:10.650731, 0.0, 23.00002098083496, 90.00015258789062, 4.416481971740723, 126333.953125
0:01:10.656471, 0.0, 23.00002098083496, 90.00015258789062, 4.416481971740723, 126334.515625
0:01:10.771207, 0.0, 23.00002098083496, 90.00015258789062, 4.416481971740723, 126335.2265625
0:01:11.000243, 0.0, 23.00002098083496, 90.00015258789062, 4.416481971740723, 126336.09375
0:01:11.167889, 0.0, 23.00002098083496, 90.00015258789062, 4.416481971740723, 126337.734375
0:01:11.268154, 0.0, 23.00002098083496, 90.00015258789062, 4.416481971740723, 126338.359375
0:01:11.420668, 0.0, 23.00002098083496, 90.00015258789062, 4.416481971740723, 126339.2578125
0:01:11.619224, 0.0, 23.00002098083496, 90.00015258789062, 4.416481971740723, 126340.0703125
0:01:11.630182, 0.0, 23.00002098083496, 90.00015258789062, 4.416481971740723, 126340.6484375
0:01:11.746747, 0.0, 23.00002098083496, 90.00015258789062, 4.416481971740723, 126341.3828125
0:01:11.964819, 0.0, 23.00002098083496, 90.00015258789062, 4.416481971740723, 126342.2578125
0:01:11.974000, 0.0, 23.00002098083496, 90.00015258789062, 4.416481971740723, 126342.8203125
0:01:12.087228, 0.0, 23.00002098083496, 90.00015258789062, 4.416481971740723, 126343.5234375
0:01:12.195098, 0.0, 23.00002098083496, 90.00015258789062, 4.416481971740723, 126344.203125
0:01:12.309884, 0.0, 23.00002098083496, 90.00015258789062, 4.416481971740723, 126344.9140625
0:01:12.531105, 0.0, 23.00002098083496, 90.00015258789062, 4.416481971740723, 126345.71875
0:01:12.638261, 0.0, 23.00002098083496, 90.00015258789062, 4.416481971740723, 126346.4453125
0:01:12.667967, 0.0, 23.00002098083496, 90.00015258789062, 4.416481971740723, 126347.1171875
0:01:12.865749, 0.0, 23.00002098083496, 90.00015258789062, 4.416481971740723, 126347.84375
0:01:12.985674, 0.0, 23.00002098083496, 90.00015258789062, 4.416481971740723, 126348.5546875
0:01:13.088737, 0.0, 23.00002098083496, 90.00015258789062, 4.416481971740723, 126349.28125
0:01:13.213791, 0.0, 23.00002098083496, 90.00015258789062, 4.416481971740723, 126350.0078125
0:01:13.320336, 0.0, 23.00002098083496, 90.00015258789062, 4.416481971740723, 126350.78125
0:01:13.337549, 0.0, 23.00002098083496, 90.00015258789062, 4.416481971740723, 126351.3828125
0:01:13.556854, 0.0, 23.00002098083496, 90.00015258789062, 4.416481971740723, 126352.1796875
0:01:13.575621, 0.0, 23.00002098083496, 90.00015258789062, 4.416481971740723, 126352.84375
0:01:13.682373, 0.0, 23.00002098083496, 90.00015258789062, 4.416481971740723, 126353.546875
0:01:13.805630, 0.0, 23.00002098083496, 90.00015258789062, 4.416481971740723, 126354.2734375
0:01:14.028968, 0.0, 23.00002098083496, 90.00015258789062, 4.416481971740723, 126355.1796875
0:01:14.046300, 0.0, 23.00002098083496, 90.00015258789062, 4.416481971740723, 126355.8203125
0:01:14.152382, 0.0, 23.00002098083496, 90.00015258789062, 4.416481971740723, 126356.5078125
0:01:14.248579, 0.0, 23.00002098083496, 90.00015258789062, 4.416481971740723, 126357.1328125
0:01:14.387031, 0.0, 23.00002098083496, 90.00015258789062, 4.416481971740723, 126357.9453125
0:01:14.587081, 0.0, 23.00002098083496, 90.00015258789062, 4.416481971740723, 126358.7890625
0:01:14.615818, 0.0, 23.00002098083496, 90.00015258789062, 4.416481971740723, 126359.40625
0:01:14.811323, 0.0, 23.00002098083496, 90.00015258789062, 4.416481971740723, 126360.1640625
0:01:14.821181, 0.0, 23.00002098083496, 90.00015258789062, 4.416481971740723, 126360.7421875
0:01:15.038422, 0.0, 23.00002098083496, 90.00015258789062, 4.416481971740723, 126361.625
0:01:15.049913, 0.0, 23.00002098083496, 90.00015258789062, 4.416481971740723, 126362.1796875
0:01:15.160515, 0.0, 23.00002098083496, 90.00015258789062, 4.416481971740723, 126362.8671875
0:01:15.294229, 0.0, 23.00002098083496, 90.00015258789062, 4.416481971740723, 126363.671875
0:01:15.385527, 0.0, 23.00002098083496, 90.00015258789062, 4.416481971740723, 126364.2890625
0:01:15.501177, 0.0, 23.00002098083496, 90.00015258789062, 4.416481971740723, 126365.015625
0:01:15.725929, 0.0, 23.00002098083496, 90.00015258789062, 4.416481971740723, 126365.84375
0:01:15.828761, 0.0, 23.00002098083496, 90.00015258789062, 4.416481971740723, 126366.5703125
0:01:15.855159, 0.0, 23.00002098083496, 90.00015258789062, 4.416481971740723, 126367.1875
0:01:15.934600, 0.0, 23.00002098083496, 90.00015258789062, 4.416481971740723, 126367.734375
0:01:16.159890, 0.0, 23.00002098083496, 90.00015258789062, 4.416481971740723, 126369.1484375
0:01:16.259461, 0.0, 23.00002098083496, 90.00015258789062, 4.416481971740723, 126369.7734375
0:01:16.413130, 0.0, 23.00002098083496, 90.00015258789062, 4.416481971740723, 126370.703125
0:01:16.626613, 0.0, 23.00002098083496, 90.00015258789062, 4.416481971740723, 126371.46875
0:01:16.727959, 0.0, 23.00002098083496, 90.00015258789062, 4.416481971740723, 126372.2421875
0:01:16.744411, 0.0, 23.00002098083496, 90.00015258789062, 4.416481971740723, 126372.828125
0:01:16.954552, 0.0, 23.00002098083496, 90.00015258789062, 4.416481971740723, 126373.609375
0:01:17.071813, 0.0, 23.00002098083496, 90.00015258789062, 4.416481971740723, 126374.328125
0:01:17.078390, 0.0, 23.00002098083496, 90.00015258789062, 4.416481971740723, 126374.9296875
0:01:17.214473, 0.0, 23.00002098083496, 90.00015258789062, 4.416481971740723, 126375.7421875
0:01:17.327753, 0.0, 23.00002098083496, 90.00015258789062, 4.416481971740723, 126376.4609375
0:01:17.443169, 0.0, 23.00002098083496, 90.00015258789062, 4.416481971740723, 126377.1796875
0:01:17.636837, 0.0, 23.00002098083496, 90.00015258789062, 4.416481971740723, 126377.9609375
0:01:17.669019, 0.0, 23.00002098083496, 90.00015258789062, 4.416481971740723, 126378.59375
0:01:17.869165, 0.0, 23.00002098083496, 90.00015258789062, 4.416481971740723, 126379.3515625
0:01:17.982763, 0.0, 23.00002098083496, 90.00015258789062, 4.416481971740723, 126380.109375
0:01:17.992767, 0.0, 23.00002098083496, 90.00015258789062, 4.416481971740723, 126380.6953125
0:01:18.108593, 0.0, 23.00002098083496, 90.00015258789062, 4.416481971740723, 126381.4140625
0:01:18.231840, 0.0, 23.00002098083496, 90.00015258789062, 4.416481971740723, 126382.1484375
0:01:18.321025, 0.0, 23.00002098083496, 90.00015258789062, 4.416481971740723, 126382.7578125
0:01:18.447822, 0.0, 23.00002098083496, 90.00015258789062, 4.416481971740723, 126383.5546875
0:01:18.557817, 0.0, 23.00002098083496, 90.00015258789062, 4.416481971740723, 126384.2578125
0:01:18.775077, 0.0, 23.00002098083496, 90.00015258789062, 4.416481971740723, 126385.0234375
0:01:18.884336, 0.0, 23.00002098083496, 90.00015258789062, 4.416481971740723, 126385.796875
0:01:18.909860, 0.0, 23.00002098083496, 90.00015258789062, 4.416481971740723, 126386.40625
0:01:19.011791, 0.0, 23.00002098083496, 90.00015258789062, 4.416481971740723, 126387.1015625
0:01:19.136362, 0.0, 23.00002098083496, 90.00015258789062, 4.416481971740723, 126387.8359375
0:01:19.249101, 0.0, 23.00002098083496, 90.00015258789062, 4.416481971740723, 126388.5625
0:01:19.341169, 0.0, 23.00002098083496, 90.00015258789062, 4.416481971740723, 126389.1875
0:01:19.476806, 0.0, 23.00002098083496, 90.00015258789062, 4.416481971740723, 126389.984375
0:01:19.575183, 0.0, 23.00002098083496, 90.00015258789062, 4.416481971740723, 126390.6640625
0:01:19.690698, 0.0, 23.00002098083496, 90.00015258789062, 4.416481971740723, 126391.390625
0:01:19.789574, 0.0, 23.00002098083496, 90.00015258789062, 4.416481971740723, 126392.0078125
0:01:19.906848, 0.0, 23.00002098083496, 90.00015258789062, 4.416481971740723, 126392.7421875
0:01:19.993385, 0.0, 23.00002098083496, 90.00015258789062, 4.416481971740723, 126393.2890625
0:01:20.244382, 0.0, 23.00002098083496, 90.00015258789062, 4.416481971740723, 126394.3125
0:01:20.343194, 0.0, 23.00002098083496, 90.00015258789062, 4.416481971740723, 126395.0546875
0:01:20.378010, 0.0, 23.00002098083496, 90.00015258789062, 4.416481971740723, 126395.6640625
0:01:20.469785, 0.0, 23.00002098083496, 90.00015258789062, 4.416481971740723, 126396.296875
0:01:20.601672, 0.0, 23.00002098083496, 90.00015258789062, 4.416481971740723, 126397.09375
0:01:20.686204, 0.0, 23.00002098083496, 90.00015258789062, 4.416481971740723, 126397.6484375
0:01:20.808503, 0.0, 23.00002098083496, 90.00015258789062, 4.416481971740723, 126398.4375
0:01:20.922575, 0.0, 23.00002098083496, 90.00015258789062, 4.416481971740723, 126399.15625
0:01:21.039831, 0.0, 23.00002098083496, 90.00015258789062, 4.416481971740723, 126399.8828125
0:01:21.152475, 0.0, 23.00002098083496, 90.00015258789062, 4.416481971740723, 126400.6015625
0:01:21.277738, 0.0, 23.00002098083496, 90.00015258789062, 4.416481971740723, 126401.390625
0:01:21.393904, 0.0, 23.00002098083496, 90.00015258789062, 4.416481971740723, 126402.125
0:01:21.614004, 0.0, 23.00002098083496, 90.00015258789062, 4.416481971740723, 126403.03125
0:01:21.621508, 0.0, 23.00002098083496, 90.00015258789062, 4.416481971740723, 126403.5625
0:01:21.740778, 0.0, 23.00002098083496, 90.00015258789062, 4.416481971740723, 126404.3046875
0:01:21.867823, 0.0, 23.00002098083496, 90.00015258789062, 4.416481971740723, 126405.0546875
0:01:21.960885, 0.0, 23.00002098083496, 90.00015258789062, 4.416481971740723, 126405.6875
0:01:22.083045, 0.0, 23.00002098083496, 90.00015258789062, 4.416481971740723, 126406.453125
0:01:22.181241, 0.0, 23.00002098083496, 90.00015258789062, 4.416481971740723, 126407.078125
0:01:22.313765, 0.0, 23.00002098083496, 90.00015258789062, 4.416481971740723, 126407.8828125
0:01:22.421736, 0.0, 23.00002098083496, 90.00015258789062, 4.416481971740723, 126408.59375
0:01:22.527832, 0.0, 23.00002098083496, 90.00015258789062, 4.416481971740723, 126409.265625
0:01:22.642838, 0.0, 23.00002098083496, 90.00015258789062, 4.416481971740723, 126409.984375
0:01:22.755722, 0.0, 23.00002098083496, 90.00015258789062, 4.416481971740723, 126410.703125
0:01:22.852104, 0.0, 23.00002098083496, 90.00015258789062, 4.416481971740723, 126411.3046875
0:01:22.979356, 0.0, 23.00002098083496, 90.00015258789062, 4.416481971740723, 126412.109375
0:01:23.091242, 0.0, 23.00002098083496, 90.00015258789062, 4.416481971740723, 126412.8203125
0:01:23.200698, 0.0, 23.00002098083496, 90.00015258789062, 4.416481971740723, 126413.5
0:01:23.333106, 0.0, 23.00002098083496, 90.00015258789062, 4.416481971740723, 126414.2890625
0:01:23.518054, 0.0, 23.00002098083496, 90.00015258789062, 4.416481971740723, 126415.0
0:01:23.546833, 0.0, 23.00002098083496, 90.00015258789062, 4.416481971740723, 126415.671875
0:01:23.660408, 0.0, 23.00002098083496, 90.00015258789062, 4.416481971740723, 126416.390625
0:01:23.767649, 0.0, 23.00002098083496, 90.00015258789062, 4.416481971740723, 126417.078125
0:01:23.880603, 0.0, 23.00002098083496, 90.00015258789062, 4.416481971740723, 126417.7890625
0:01:23.982839, 0.0, 23.00002098083496, 90.00015258789062, 4.416481971740723, 126418.421875
0:01:24.109763, 0.0, 23.00002098083496, 90.00015258789062, 4.416481971740723, 126419.234375
0:01:24.198294, 0.0, 23.00002098083496, 90.00015258789062, 4.416481971740723, 126419.796875
0:01:24.348575, 0.0, 23.00002098083496, 90.00015258789062, 4.416481971740723, 126420.703125
0:01:24.434355, 0.0, 23.00002098083496, 90.00015258789062, 4.416481971740723, 126421.2890625
0:01:24.546292, 0.0, 23.00002098083496, 90.00015258789062, 4.416481971740723, 126422.0
0:01:24.654678, 0.0, 23.00002098083496, 90.00015258789062, 4.416481971740723, 126422.6796875
0:01:24.779867, 0.0, 23.00002098083496, 90.00015258789062, 4.416481971740723, 126423.46875
0:01:24.893691, 0.0, 23.00002098083496, 90.00015258789062, 4.416481971740723, 126424.1875
0:01:25.009001, 0.0, 23.00002098083496, 90.00015258789062, 4.416481971740723, 126424.9140625
0:01:25.122706, 0.0, 23.00002098083496, 90.00015258789062, 4.416481971740723, 126425.6328125
0:01:25.236635, 0.0, 23.00002098083496, 90.00015258789062, 4.416481971740723, 126426.34375
0:01:25.357217, 0.0, 23.00002098083496, 90.00015258789062, 4.416481971740723, 126427.0703125
0:01:25.446006, 0.0, 23.00002098083496, 90.00015258789062, 4.416481971740723, 126427.6484375
0:01:25.558031, 0.0, 23.00002098083496, 90.00015258789062, 4.416481971740723, 126428.359375
0:01:25.672435, 0.0, 23.00002098083496, 90.00015258789062, 4.416481971740723, 126429.078125
0:01:25.796429, 0.0, 23.00002098083496, 90.00015258789062, 4.416481971740723, 126429.8671875
0:01:25.903327, 0.0, 23.00002098083496, 90.00015258789062, 4.416481971740723, 126430.5390625
0:01:26.033567, 0.0, 23.00002098083496, 90.00015258789062, 4.416481971740723, 126431.34375
0:01:26.143974, 0.0, 23.00002098083496, 90.00015258789062, 4.416481971740723, 126432.0546875
0:01:26.378632, 0.0, 23.00002098083496, 90.00015258789062, 4.416481971740723, 126433.5390625
0:01:26.494909, 0.0, 23.00002098083496, 90.00015258789062, 4.416481971740723, 126434.265625
0:01:26.622049, 0.0, 23.00002098083496, 90.00015258789062, 4.416481971740723, 126435.0703125
0:01:26.753512, 0.0, 23.00002098083496, 90.00015258789062, 4.416481971740723, 126435.828125
0:01:26.867428, 0.0, 23.00002098083496, 90.00015258789062, 4.416481971740723, 126436.5546875
0:01:27.059730, 0.0, 23.00002098083496, 90.00015258789062, 4.416481971740723, 126437.359375
0:01:27.076297, 0.0, 23.00002098083496, 90.00015258789062, 4.416481971740723, 126437.9453125
0:01:27.187025, 0.0, 23.00002098083496, 90.00015258789062, 4.416481971740723, 126438.6484375
0:01:27.299920, 0.0, 23.00002098083496, 90.00015258789062, 4.416481971740723, 126439.3671875
0:01:27.414128, 0.0, 23.00002098083496, 90.00015258789062, 4.416481971740723, 126440.09375
0:01:27.540719, 0.0, 23.00002098083496, 90.00015258789062, 4.416481971740723, 126440.828125
0:01:27.619506, 0.0, 23.00002098083496, 90.00015258789062, 4.416481971740723, 126441.390625
0:01:27.733120, 0.0, 23.00002098083496, 90.00015258789062, 4.416481971740723, 126442.125
0:01:27.843748, 0.0, 23.00002098083496, 90.00015258789062, 4.416481971740723, 126442.8125
0:01:27.965015, 0.0, 23.00002098083496, 90.00015258789062, 4.416481971740723, 126443.578125
0:01:28.057491, 0.0, 23.00002098083496, 90.00015258789062, 4.416481971740723, 126444.15625
0:01:28.183815, 0.0, 23.00002098083496, 90.00015258789062, 4.416481971740723, 126444.953125
0:01:28.302290, 0.0, 23.00002098083496, 90.00015258789062, 4.416481971740723, 126445.6796875
0:01:28.410507, 0.0, 23.00002098083496, 90.00015258789062, 4.416481971740723, 126446.390625
0:01:28.636502, 0.0, 23.00002098083496, 90.00015258789062, 4.416481971740723, 126447.265625
0:01:28.749364, 0.0, 23.00002098083496, 90.00015258789062, 4.416481971740723, 126448.0
0:01:28.751130, 0.0, 23.00002098083496, 90.00015258789062, 4.416481971740723, 126448.5390625
0:01:28.863299, 0.0, 23.00002098083496, 90.00015258789062, 4.416481971740723, 126449.25
0:01:28.985496, 0.0, 23.00002098083496, 90.00015258789062, 4.416481971740723, 126450.015625
0:01:29.084776, 0.0, 23.00002098083496, 90.00015258789062, 4.416481971740723, 126450.6328125
0:01:29.208018, 0.0, 23.00002098083496, 90.00015258789062, 4.416481971740723, 126451.4140625
0:01:29.304406, 0.0, 23.00002098083496, 90.00015258789062, 4.416481971740723, 126452.015625
0:01:29.430614, 0.0, 23.00002098083496, 90.00015258789062, 4.416481971740723, 126452.8125
0:01:29.664158, 0.0, 23.00002098083496, 90.00015258789062, 4.416481971740723, 126453.7265625
0:01:29.775700, 0.0, 23.00002098083496, 90.00015258789062, 4.416481971740723, 126454.46875
0:01:29.791684, 0.0, 23.00002098083496, 90.00015258789062, 4.416481971740723, 126455.0859375
0:01:29.916737, 0.0, 23.00002098083496, 90.00015258789062, 4.416481971740723, 126455.8359375
0:01:30.022999, 0.0, 23.00002098083496, 90.00015258789062, 4.416481971740723, 126456.53125
0:01:30.230148, 0.0, 23.00002098083496, 90.00015258789062, 4.416481971740723, 126457.3125
0:01:30.255591, 0.0, 23.00002098083496, 90.00015258789062, 4.416481971740723, 126457.984375
0:01:30.458773, 0.0, 23.00002098083496, 90.00015258789062, 4.416481971740723, 126458.7109375
0:01:30.562973, 0.0, 23.00002098083496, 90.00015258789062, 4.416481971740723, 126459.4921875
0:01:30.570826, 0.0, 23.00002098083496, 90.00015258789062, 4.416481971740723, 126460.0234375
0:01:30.677144, 0.0, 23.00002098083496, 90.00015258789062, 4.416481971740723, 126460.6875
0:01:30.804288, 0.0, 23.00002098083496, 90.00015258789062, 4.416481971740723, 126461.484375
0:01:30.915960, 0.0, 23.00002098083496, 90.00015258789062, 4.416481971740723, 126462.1953125
0:01:31.028121, 0.0, 23.00002098083496, 90.00015258789062, 4.416481971740723, 126462.90625
0:01:31.126853, 0.0, 23.00002098083496, 90.00015258789062, 4.416481971740723, 126463.53125
0:01:31.221898, 0.0, 23.00002098083496, 90.00015258789062, 4.416481971740723, 126464.125
0:01:31.459340, 0.0, 23.00002098083496, 90.00015258789062, 4.416481971740723, 126465.6328125
0:01:31.696617, 0.0, 23.00002098083496, 90.00015258789062, 4.416481971740723, 126466.5234375
0:01:31.810961, 0.0, 23.00002098083496, 90.00015258789062, 4.416481971740723, 126467.25
0:01:31.903423, 0.0, 23.00002098083496, 90.00015258789062, 4.416481971740723, 126468.03125
0:01:31.907634, 0.0, 23.00002098083496, 90.00015258789062, 4.416481971740723, 126468.453125
0:01:32.051884, 0.0, 23.00002098083496, 90.00015258789062, 4.416481971740723, 126469.34375
0:01:32.160778, 0.0, 23.00002098083496, 90.00015258789062, 4.416481971740723, 126470.0625
0:01:32.255789, 0.0, 23.00002098083496, 90.00015258789062, 4.416481971740723, 126470.6640625
0:01:32.354556, 0.0, 23.00002098083496, 90.00015258789062, 4.416481971740723, 126471.2890625
0:01:32.469985, 0.0, 23.00002098083496, 90.00015258789062, 4.416481971740723, 126472.015625
0:01:32.608050, 0.0, 23.00002098083496, 90.00015258789062, 4.416481971740723, 126472.8828125
0:01:32.714424, 0.0, 23.00002098083496, 90.00015258789062, 4.416481971740723, 126473.5703125
0:01:32.924275, 0.0, 23.00002098083496, 90.00015258789062, 4.416481971740723, 126474.359375
0:01:33.026100, 0.0, 23.00002098083496, 90.00015258789062, 4.416481971740723, 126475.09375
0:01:33.042455, 0.0, 23.00002098083496, 90.00015258789062, 4.416481971740723, 126475.640625
0:01:33.186880, 0.0, 23.00002098083496, 90.00015258789062, 4.416481971740723, 126476.5078125
0:01:33.307487, 0.0, 23.00002098083496, 90.00015258789062, 4.416481971740723, 126477.25
0:01:33.488209, 0.0, 23.00002098083496, 90.00015258789062, 4.416481971740723, 126478.0546875
0:01:33.515272, 0.0, 23.00002098083496, 90.00015258789062, 4.416481971740723, 126478.625
0:01:33.598973, 0.0, 23.00002098083496, 90.00015258789062, 4.416481971740723, 126479.15625
0:01:33.723256, 0.0, 23.00002098083496, 90.00015258789062, 4.416481971740723, 126479.9375
0:01:33.863721, 0.0, 23.00002098083496, 90.00015258789062, 4.416481971740723, 126480.828125
0:01:33.976090, 0.0, 23.00002098083496, 90.00015258789062, 4.416481971740723, 126481.546875
0:01:34.092231, 0.0, 23.00002098083496, 90.00015258789062, 4.416481971740723, 126482.265625
0:01:34.205937, 0.0, 23.00002098083496, 90.00015258789062, 4.416481971740723, 126482.984375
0:01:34.312234, 0.0, 23.00002098083496, 90.00015258789062, 4.416481971740723, 126483.6640625
0:01:34.427656, 0.0, 23.00002098083496, 90.00015258789062, 4.416481971740723, 126484.3828125
0:01:34.525758, 0.0, 23.00002098083496, 90.00015258789062, 4.416481971740723, 126485.0078125
0:01:34.619769, 0.0, 23.00002098083496, 90.00015258789062, 4.416481971740723, 126485.6015625
0:01:34.766672, 0.0, 23.00002098083496, 90.00015258789062, 4.416481971740723, 126486.515625
0:01:34.892971, 0.0, 23.00002098083496, 90.00015258789062, 4.416481971740723, 126487.2578125
0:01:35.093609, 0.0, 23.00002098083496, 90.00015258789062, 4.416481971740723, 126488.0078125
0:01:35.200797, 0.0, 23.00002098083496, 90.00015258789062, 4.416481971740723, 126488.703125
0:01:35.229762, 0.0, 23.00002098083496, 90.00015258789062, 4.416481971740723, 126489.375
0:01:35.341003, 0.0, 23.00002098083496, 90.00015258789062, 4.416481971740723, 126490.1015625
0:01:35.424615, 0.0, 23.00002098083496, 90.00015258789062, 4.416481971740723, 126490.65625
0:01:35.536025, 0.0, 23.00002098083496, 90.00015258789062, 4.416481971740723, 126491.3671875
0:01:35.678347, 0.0, 23.00002098083496, 90.00015258789062, 4.416481971740723, 126492.2578125
0:01:35.787352, 0.0, 23.00002098083496, 90.00015258789062, 4.416481971740723, 126492.9609375
0:01:35.917940, 0.0, 23.00002098083496, 90.00015258789062, 4.416481971740723, 126493.75
0:01:35.999987, 0.0, 23.00002098083496, 90.00015258789062, 4.416481971740723, 126494.3046875
0:01:36.113039, 0.0, 23.00002098083496, 90.00015258789062, 4.416481971740723, 126495.0234375
0:01:36.229394, 0.0, 23.00002098083496, 90.00015258789062, 4.416481971740723, 126495.75
0:01:36.367378, 0.0, 23.00002098083496, 90.00015258789062, 4.416481971740723, 126496.546875
0:01:36.601168, 0.0, 23.00002098083496, 90.00015258789062, 4.416481971740723, 126498.09375
0:01:36.743330, 0.0, 23.00002098083496, 90.00015258789062, 4.416481971740723, 126498.921875
0:01:36.839426, 0.0, 23.00002098083496, 90.00015258789062, 4.416481971740723, 126499.6015625
0:01:36.949812, 0.0, 23.00002098083496, 90.00015258789062, 4.416481971740723, 126500.2890625
0:01:37.064894, 0.0, 23.00002098083496, 90.00015258789062, 4.416481971740723, 126501.015625
0:01:37.150184, 0.0, 23.00002098083496, 90.00015258789062, 4.416481971740723, 126501.5546875
0:01:37.297126, 0.0, 23.00002098083496, 90.00015258789062, 4.416481971740723, 126502.4375
0:01:37.440021, 0.0, 23.00002098083496, 90.00015258789062, 4.416481971740723, 126503.3359375
0:01:37.634832, 0.0, 23.00002098083496, 90.00015258789062, 4.416481971740723, 126504.0625
0:01:37.645793, 0.0, 23.00002098083496, 90.00015258789062, 4.416481971740723, 126504.671875
0:01:37.752243, 0.0, 23.00002098083496, 90.00015258789062, 4.416481971740723, 126505.34375
0:01:37.983010, 0.0, 23.00002098083496, 90.00015258789062, 4.416481971740723, 126506.2578125
0:01:37.994201, 0.0, 23.00002098083496, 90.00015258789062, 4.416481971740723, 126506.8671875
0:01:38.101008, 0.0, 23.00002098083496, 90.00015258789062, 4.416481971740723, 126507.546875
0:01:38.222881, 0.0, 23.00002098083496, 90.00015258789062, 4.416481971740723, 126508.3125
0:01:38.439769, 0.0, 23.00002098083496, 90.00015258789062, 4.416481971740723, 126509.234375
0:01:38.469704, 0.0, 23.00002098083496, 90.00015258789062, 4.416481971740723, 126509.828125
0:01:38.581951, 0.0, 23.00002098083496, 90.00015258789062, 4.416481971740723, 126510.53125
0:01:38.693513, 0.0, 23.00002098083496, 90.00015258789062, 4.416481971740723, 126511.25
0:01:38.892869, 0.0, 23.00002098083496, 90.00015258789062, 4.416481971740723, 126511.9765625
0:01:38.899108, 0.0, 23.00002098083496, 90.00015258789062, 4.416481971740723, 126512.578125
0:01:39.016464, 0.0, 23.00002098083496, 90.00015258789062, 4.416481971740723, 126513.328125
0:01:39.132549, 0.0, 23.00002098083496, 90.00015258789062, 4.416481971740723, 126514.0546875
0:01:39.354990, 0.0, 23.00002098083496, 90.00015258789062, 4.416481971740723, 126514.84375
0:01:39.456482, 0.0, 23.00002098083496, 90.00015258789062, 4.416481971740723, 126515.640625
0:01:39.478260, 0.0, 23.00002098083496, 90.00015258789062, 4.416481971740723, 126516.21875
0:01:39.599157, 0.0, 23.00002098083496, 90.00015258789062, 4.416481971740723, 126516.953125
0:01:39.794907, 0.0, 23.00002098083496, 90.00015258789062, 4.416481971740723, 126517.734375
0:01:39.808410, 0.0, 23.00002098083496, 90.00015258789062, 4.416481971740723, 126518.328125
0:01:39.904470, 0.0, 23.00002098083496, 90.00015258789062, 4.416481971740723, 126518.9375
0:01:40.007168, 0.0, 23.00002098083496, 90.00015258789062, 4.416481971740723, 126519.578125
0:01:40.122394, 0.0, 23.00002098083496, 90.00015258789062, 4.416481971740723, 126520.3046875
0:01:40.243905, 0.0, 23.00002098083496, 90.00015258789062, 4.416481971740723, 126521.0703125
0:01:40.364783, 0.0, 23.00002098083496, 90.00015258789062, 4.416481971740723, 126521.8359375
0:01:40.476733, 0.0, 23.00002098083496, 90.00015258789062, 4.416481971740723, 126522.546875
0:01:40.587200, 0.0, 23.00002098083496, 90.00015258789062, 4.416481971740723, 126523.2421875
0:01:40.698943, 0.0, 23.00002098083496, 90.00015258789062, 4.416481971740723, 126523.953125
0:01:40.784118, 0.0, 23.00002098083496, 90.00015258789062, 4.416481971740723, 126524.484375
0:01:40.892896, 0.0, 23.00002098083496, 90.00015258789062, 4.416481971740723, 126525.171875
0:01:41.028120, 0.0, 23.00002098083496, 90.00015258789062, 4.416481971740723, 126526.0234375
0:01:41.135183, 0.0, 23.00002098083496, 90.00015258789062, 4.416481971740723, 126526.6953125
0:01:41.241370, 0.0, 23.00002098083496, 90.00015258789062, 4.416481971740723, 126527.375
0:01:41.368101, 0.0, 23.00002098083496, 90.00015258789062, 4.416481971740723, 126528.171875
0:01:41.472086, 0.0, 23.00002098083496, 90.00015258789062, 4.416481971740723, 126528.8046875
0:01:41.580024, 0.0, 23.00002098083496, 90.00015258789062, 4.416481971740723, 126529.5
0:01:41.703600, 0.0, 23.00002098083496, 90.00015258789062, 4.416481971740723, 126530.2890625
0:01:41.818657, 0.0, 23.00002098083496, 90.00015258789062, 4.416481971740723, 126531.0078125
0:01:42.046295, 0.0, 23.00002098083496, 90.00015258789062, 4.416481971740723, 126531.921875
0:01:42.057063, 0.0, 23.00002098083496, 90.00015258789062, 4.416481971740723, 126532.515625
0:01:42.160156, 0.0, 23.00002098083496, 90.00015258789062, 4.416481971740723, 126533.171875
0:01:42.275732, 0.0, 23.00002098083496, 90.00015258789062, 4.416481971740723, 126533.8984375
0:01:42.501344, 0.0, 23.00002098083496, 90.00015258789062, 4.416481971740723, 126534.7890625
0:01:42.506118, 0.0, 23.00002098083496, 90.00015258789062, 4.416481971740723, 126535.359375
0:01:42.622695, 0.0, 23.00002098083496, 90.00015258789062, 4.416481971740723, 126536.0859375
0:01:42.748835, 0.0, 23.00002098083496, 90.00015258789062, 4.416481971740723, 126536.8828125
0:01:42.869427, 0.0, 23.00002098083496, 90.00015258789062, 4.416481971740723, 126537.6171875
0:01:42.970755, 0.0, 23.00002098083496, 90.00015258789062, 4.416481971740723, 126538.2890625
0:01:43.079394, 0.0, 23.00002098083496, 90.00015258789062, 4.416481971740723, 126538.96875
0:01:43.201502, 0.0, 23.00002098083496, 90.00015258789062, 4.416481971740723, 126539.734375
0:01:43.311257, 0.0, 23.00002098083496, 90.00015258789062, 4.416481971740723, 126540.421875
0:01:43.421160, 0.0, 23.00002098083496, 90.00015258789062, 4.416481971740723, 126541.109375
0:01:43.531258, 0.0, 23.00002098083496, 90.00015258789062, 4.416481971740723, 126541.8046875
0:01:43.646305, 0.0, 23.00002098083496, 90.00015258789062, 4.416481971740723, 126542.53125
0:01:43.762273, 0.0, 23.00002098083496, 90.00015258789062, 4.416481971740723, 126543.265625
0:01:43.881849, 0.0, 23.00002098083496, 90.00015258789062, 4.416481971740723, 126544.015625
0:01:43.980814, 0.0, 23.00002098083496, 90.00015258789062, 4.416481971740723, 126544.6328125
0:01:44.100033, 0.0, 23.00002098083496, 90.00015258789062, 4.416481971740723, 126545.3828125
0:01:44.198146, 0.0, 23.00002098083496, 90.00015258789062, 4.416481971740723, 126546.0
0:01:44.319710, 0.0, 23.00002098083496, 90.00015258789062, 4.416481971740723, 126546.7578125
0:01:44.456161, 0.0, 23.00002098083496, 90.00015258789062, 4.416481971740723, 126547.5703125
0:01:44.569585, 0.0, 23.00002098083496, 90.00015258789062, 4.416481971740723, 126548.28125
0:01:44.766380, 0.0, 23.00002098083496, 90.00015258789062, 4.416481971740723, 126549.0234375
0:01:44.877214, 0.0, 23.00002098083496, 90.00015258789062, 4.416481971740723, 126549.7421875
0:01:44.889980, 0.0, 23.00002098083496, 90.00015258789062, 4.416481971740723, 126550.3515625
0:01:45.021172, 0.0, 23.00002098083496, 90.00015258789062, 4.416481971740723, 126551.109375
0:01:45.110054, 0.0, 23.00002098083496, 90.00015258789062, 4.416481971740723, 126551.734375
0:01:45.227427, 0.0, 23.00002098083496, 90.00015258789062, 4.416481971740723, 126552.4765625
0:01:45.343375, 0.0, 23.00002098083496, 90.00015258789062, 4.416481971740723, 126553.2109375
0:01:45.460625, 0.0, 23.00002098083496, 90.00015258789062, 4.416481971740723, 126553.9375
0:01:45.570758, 0.0, 23.00002098083496, 90.00015258789062, 4.416481971740723, 126554.640625
0:01:45.670196, 0.0, 23.00002098083496, 90.00015258789062, 4.416481971740723, 126555.265625
0:01:45.791404, 0.0, 23.00002098083496, 90.00015258789062, 4.416481971740723, 126556.03125
0:01:45.924600, 0.0, 23.00002098083496, 90.00015258789062, 4.416481971740723, 126556.828125
0:01:46.023604, 0.0, 23.00002098083496, 90.00015258789062, 4.416481971740723, 126557.5
0:01:46.149829, 0.0, 23.00002098083496, 90.00015258789062, 4.416481971740723, 126558.2265625
0:01:46.263895, 0.0, 23.00002098083496, 90.00015258789062, 4.416481971740723, 126558.953125
0:01:46.455207, 0.0, 23.00002098083496, 90.00015258789062, 4.416481971740723, 126559.7109375
0:01:46.461334, 0.0, 23.00002098083496, 90.00015258789062, 4.416481971740723, 126560.25
0:01:46.730851, 0.0, 23.00002098083496, 90.00015258789062, 4.416481971740723, 126561.9453125
0:01:46.849900, 0.0, 23.00002098083496, 90.00015258789062, 4.416481971740723, 126562.671875
0:01:46.969867, 0.0, 23.00002098083496, 90.00015258789062, 4.416481971740723, 126563.3984375
0:01:47.082931, 0.0, 23.00002098083496, 90.00015258789062, 4.416481971740723, 126564.1328125
0:01:47.190406, 0.0, 23.00002098083496, 90.00015258789062, 4.416481971740723, 126564.84375
0:01:47.293861, 0.0, 23.00002098083496, 90.00015258789062, 4.416481971740723, 126565.5234375
0:01:47.498156, 0.0, 23.00002098083496, 90.00015258789062, 4.416481971740723, 126566.3125
0:01:47.525103, 0.0, 23.00002098083496, 90.00015258789062, 4.416481971740723, 126566.96875
0:01:47.648676, 0.0, 23.00002098083496, 90.00015258789062, 4.416481971740723, 126567.6953125
0:01:47.746314, 0.0, 23.00002098083496, 90.00015258789062, 4.416481971740723, 126568.375
0:01:47.862146, 0.0, 23.00002098083496, 90.00015258789062, 4.416481971740723, 126569.1015625
0:01:47.959392, 0.0, 23.00002098083496, 90.00015258789062, 4.416481971740723, 126569.71875
0:01:48.088603, 0.0, 23.00002098083496, 90.00015258789062, 4.416481971740723, 126570.5390625
0:01:48.202458, 0.0, 23.00002098083496, 90.00015258789062, 4.416481971740723, 126571.2578125
0:01:48.315381, 0.0, 23.00002098083496, 90.00015258789062, 4.416481971740723, 126571.96875
0:01:48.424838, 0.0, 23.00002098083496, 90.00015258789062, 4.416481971740723, 126572.6640625
0:01:48.554472, 0.0, 23.00002098083496, 90.00015258789062, 4.416481971740723, 126573.4296875
0:01:48.667625, 0.0, 23.00002098083496, 90.00015258789062, 4.416481971740723, 126574.1328125
0:01:48.764582, 0.0, 23.00002098083496, 90.00015258789062, 4.416481971740723, 126574.8125
0:01:48.883168, 0.0, 23.00002098083496, 90.00015258789062, 4.416481971740723, 126575.546875
0:01:48.988719, 0.0, 23.00002098083496, 90.00015258789062, 4.416481971740723, 126576.2265625
0:01:49.102671, 0.0, 23.00002098083496, 90.00015258789062, 4.416481971740723, 126576.9375
0:01:49.236092, 0.0, 23.00002098083496, 90.00015258789062, 4.416481971740723, 126577.7265625
0:01:49.325562, 0.0, 23.00002098083496, 90.00015258789062, 4.416481971740723, 126578.34375
0:01:49.448507, 0.0, 23.00002098083496, 90.00015258789062, 4.416481971740723, 126579.1171875
0:01:49.562466, 0.0, 23.00002098083496, 90.00015258789062, 4.416481971740723, 126579.8359375
0:01:49.674348, 0.0, 23.00002098083496, 90.00015258789062, 4.416481971740723, 126580.5390625
0:01:49.786298, 0.0, 23.00002098083496, 90.00015258789062, 4.416481971740723, 126581.2421875
0:01:49.901442, 0.0, 23.00002098083496, 90.00015258789062, 4.416481971740723, 126581.96875
0:01:50.008442, 0.0, 23.00002098083496, 90.00015258789062, 4.416481971740723, 126582.640625
0:01:50.121510, 0.0, 23.00002098083496, 90.00015258789062, 4.416481971740723, 126583.359375
0:01:50.346697, 0.0, 23.00002098083496, 90.00015258789062, 4.416481971740723, 126584.2109375
0:01:50.352612, 0.0, 23.00002098083496, 90.00015258789062, 4.416481971740723, 126584.8125
0:01:50.561181, 0.0, 23.00002098083496, 90.00015258789062, 4.416481971740723, 126585.6171875
0:01:50.568328, 0.0, 23.00002098083496, 90.00015258789062, 4.416481971740723, 126586.171875
0:01:50.684493, 0.0, 23.00002098083496, 90.00015258789062, 4.416481971740723, 126586.90625
0:01:50.795141, 0.0, 23.00002098083496, 90.00015258789062, 4.416481971740723, 126587.609375
0:01:50.903863, 0.0, 23.00002098083496, 90.00015258789062, 4.416481971740723, 126588.28125
0:01:51.126889, 0.0, 23.00002098083496, 90.00015258789062, 4.416481971740723, 126589.1796875
0:01:51.141761, 0.0, 23.00002098083496, 90.00015258789062, 4.416481971740723, 126589.78125
0:01:51.271009, 0.0, 23.00002098083496, 90.00015258789062, 4.416481971740723, 126590.546875
0:01:51.362645, 0.0, 23.00002098083496, 90.00015258789062, 4.416481971740723, 126591.1640625
0:01:51.483547, 0.0, 23.00002098083496, 90.00015258789062, 4.416481971740723, 126591.9296875
0:01:51.757913, 0.0, 23.00002098083496, 90.00015258789062, 4.416481971740723, 126593.609375
0:01:51.872843, 0.0, 23.00002098083496, 90.00015258789062, 4.416481971740723, 126594.34375
0:01:51.963164, 0.0, 23.00002098083496, 90.00015258789062, 4.416481971740723, 126594.9609375
0:01:52.070422, 0.0, 23.00002098083496, 90.00015258789062, 4.416481971740723, 126595.640625
0:01:52.184840, 0.0, 23.00002098083496, 90.00015258789062, 4.416481971740723, 126596.3671875
0:01:52.299303, 0.0, 23.00002098083496, 90.00015258789062, 4.416481971740723, 126597.0859375
0:01:52.412597, 0.0, 23.00002098083496, 90.00015258789062, 4.416481971740723, 126597.8046875
0:01:52.528819, 0.0, 23.00002098083496, 90.00015258789062, 4.416481971740723, 126598.53125
0:01:52.742172, 0.0, 23.00002098083496, 90.00015258789062, 4.416481971740723, 126599.390625
0:01:52.746350, 0.0, 23.00002098083496, 90.00015258789062, 4.416481971740723, 126599.890625
0:01:52.854731, 0.0, 23.00002098083496, 90.00015258789062, 4.416481971740723, 126600.5703125
0:01:52.969810, 0.0, 23.00002098083496, 90.00015258789062, 4.416481971740723, 126601.3046875
0:01:53.111502, 0.0, 23.00002098083496, 90.00015258789062, 4.416481971740723, 126602.15625
0:01:53.202291, 0.0, 23.00002098083496, 90.00015258789062, 4.416481971740723, 126602.7734375
0:01:53.324525, 0.0, 23.00002098083496, 90.00015258789062, 4.416481971740723, 126603.546875
0:01:53.424482, 0.0, 23.00002098083496, 90.00015258789062, 4.416481971740723, 126604.1640625
0:01:53.552205, 0.0, 23.00002098083496, 90.00015258789062, 4.416481971740723, 126604.9765625
0:01:53.760125, 0.0, 23.00002098083496, 90.00015258789062, 4.416481971740723, 126605.7421875
0:01:53.792129, 0.0, 23.00002098083496, 90.00015258789062, 4.416481971740723, 126606.4453125
0:01:53.874440, 0.0, 23.00002098083496, 90.00015258789062, 4.416481971740723, 126607.0078125
0:01:53.989578, 0.0, 23.00002098083496, 90.00015258789062, 4.416481971740723, 126607.7421875
0:01:54.103601, 0.0, 23.00002098083496, 90.00015258789062, 4.416481971740723, 126608.453125
0:01:54.216429, 0.0, 23.00002098083496, 90.00015258789062, 4.416481971740723, 126609.1796875
0:01:54.440014, 0.0, 23.00002098083496, 90.00015258789062, 4.416481971740723, 126610.046875
0:01:54.452792, 0.0, 23.00002098083496, 90.00015258789062, 4.416481971740723, 126610.6796875
0:01:54.553332, 0.0, 23.00002098083496, 90.00015258789062, 4.416481971740723, 126611.3125
0:01:54.665522, 0.0, 23.00002098083496, 90.00015258789062, 4.416481971740723, 126612.015625
0:01:54.806197, 0.0, 23.00002098083496, 90.00015258789062, 4.416481971740723, 126612.8828125
0:01:54.997147, 0.0, 23.00002098083496, 90.00015258789062, 4.416481971740723, 126613.625
0:01:55.003403, 0.0, 23.00002098083496, 90.00015258789062, 4.416481971740723, 126614.171875
0:01:55.125552, 0.0, 23.00002098083496, 90.00015258789062, 4.416481971740723, 126614.9453125
0:01:55.335054, 0.0, 23.00002098083496, 90.00015258789062, 4.416481971740723, 126615.7421875
0:01:55.450176, 0.0, 23.00002098083496, 90.00015258789062, 4.416481971740723, 126616.4453125
0:01:55.460420, 0.0, 23.00002098083496, 90.00015258789062, 4.416481971740723, 126617.0546875
0:01:55.570497, 0.0, 23.00002098083496, 90.00015258789062, 4.416481971740723, 126617.7578125
0:01:55.684386, 0.0, 23.00002098083496, 90.00015258789062, 4.416481971740723, 126618.4765625
0:01:55.805259, 0.0, 23.00002098083496, 90.00015258789062, 4.416481971740723, 126619.2421875
0:01:55.936420, 0.0, 23.00002098083496, 90.00015258789062, 4.416481971740723, 126620.0078125
0:01:56.128291, 0.0, 23.00002098083496, 90.00015258789062, 4.416481971740723, 126620.78125
0:01:56.135310, 0.0, 23.00002098083496, 90.00015258789062, 4.416481971740723, 126621.3203125
0:01:56.247962, 0.0, 23.00002098083496, 90.00015258789062, 4.416481971740723, 126622.0234375
0:01:56.378276, 0.0, 23.00002098083496, 90.00015258789062, 4.416481971740723, 126622.828125
0:01:56.480796, 0.0, 23.00002098083496, 90.00015258789062, 4.416481971740723, 126623.5
0:01:56.596147, 0.0, 23.00002098083496, 90.00015258789062, 4.416481971740723, 126624.2109375
0:01:56.744248, 0.0, 23.00002098083496, 90.00015258789062, 4.416481971740723, 126625.140625
0:01:56.838900, 0.0, 23.00002098083496, 90.00015258789062, 4.416481971740723, 126625.734375
0:01:56.955272, 0.0, 23.00002098083496, 90.00015258789062, 4.416481971740723, 126626.4609375
0:01:57.068320, 0.0, 23.00002098083496, 90.00015258789062, 4.416481971740723, 126627.1875
0:01:57.177792, 0.0, 23.00002098083496, 90.00015258789062, 4.416481971740723, 126627.875
0:01:57.293845, 0.0, 23.00002098083496, 90.00015258789062, 4.416481971740723, 126628.6171875
0:01:57.403141, 0.0, 23.00002098083496, 90.00015258789062, 4.416481971740723, 126629.3046875
0:01:57.625487, 0.0, 23.00002098083496, 90.00015258789062, 4.416481971740723, 126630.2109375
0:01:57.656943, 0.0, 23.00002098083496, 90.00015258789062, 4.416481971740723, 126630.828125
0:01:57.758154, 0.0, 23.00002098083496, 90.00015258789062, 4.416481971740723, 126631.546875
0:01:57.858994, 0.0, 23.00002098083496, 90.00015258789062, 4.416481971740723, 126632.1640625
0:01:57.983558, 0.0, 23.00002098083496, 90.00015258789062, 4.416481971740723, 126632.9765625
0:01:58.110703, 0.0, 23.00002098083496, 90.00015258789062, 4.416481971740723, 126633.71875
0:01:58.223580, 0.0, 23.00002098083496, 90.00015258789062, 4.416481971740723, 126634.421875
0:01:58.312475, 0.0, 23.00002098083496, 90.00015258789062, 4.416481971740723, 126635.046875
0:01:58.427401, 0.0, 23.00002098083496, 90.00015258789062, 4.416481971740723, 126635.765625
0:01:58.538388, 0.0, 23.00002098083496, 90.00015258789062, 4.416481971740723, 126636.484375
0:01:58.652788, 0.0, 23.00002098083496, 90.00015258789062, 4.416481971740723, 126637.203125
0:01:58.767430, 0.0, 23.00002098083496, 90.00015258789062, 4.416481971740723, 126637.9375
0:01:58.902725, 0.0, 23.00002098083496, 90.00015258789062, 4.416481971740723, 126638.7265625
0:01:58.999805, 0.0, 23.00002098083496, 90.00015258789062, 4.416481971740723, 126639.3984375
0:01:59.114849, 0.0, 23.00002098083496, 90.00015258789062, 4.416481971740723, 126640.1328125
0:01:59.239859, 0.0, 23.00002098083496, 90.00015258789062, 4.416481971740723, 126640.875
0:01:59.319544, 0.0, 23.00002098083496, 90.00015258789062, 4.416481971740723, 126641.421875
0:01:59.444099, 0.0, 23.00002098083496, 90.00015258789062, 4.416481971740723, 126642.2109375
0:01:59.559958, 0.0, 23.00002098083496, 90.00015258789062, 4.416481971740723, 126642.9453125
0:01:59.773616, 0.0, 23.00002098083496, 90.00015258789062, 4.416481971740723, 126643.734375
0:01:59.783401, 0.0, 23.00002098083496, 90.00015258789062, 4.416481971740723, 126644.3515625
0:01:59.896370, 0.0, 23.00002098083496, 90.00015258789062, 4.416481971740723, 126645.0703125
0:02:00.009982, 0.0, 23.00002098083496, 90.00015258789062, 4.416481971740723, 126645.7890625
0:02:00.104114, 0.0, 23.00002098083496, 90.00015258789062, 4.416481971740723, 126646.375
0:02:00.251538, 0.0, 23.00002098083496, 90.00015258789062, 4.416481971740723, 126647.25
0:02:00.365369, 0.0, 23.00002098083496, 90.00015258789062, 4.416481971740723, 126647.9609375
0:02:00.477685, 0.0, 23.00002098083496, 90.00015258789062, 4.416481971740723, 126648.6953125
0:02:00.576543, 0.0, 23.00002098083496, 90.00015258789062, 4.416481971740723, 126649.3671875
0:02:00.696442, 0.0, 23.00002098083496, 90.00015258789062, 4.416481971740723, 126650.09375
0:02:00.804499, 0.0, 23.00002098083496, 90.00015258789062, 4.416481971740723, 126650.8125
0:02:00.900873, 0.0, 23.00002098083496, 90.00015258789062, 4.416481971740723, 126651.421875
0:02:01.025581, 0.0, 23.00002098083496, 90.00015258789062, 4.416481971740723, 126652.203125
0:02:01.117629, 0.0, 23.00002098083496, 90.00015258789062, 4.416481971740723, 126652.78125
0:02:01.243070, 0.0, 23.00002098083496, 90.00015258789062, 4.416481971740723, 126653.578125
0:02:01.355934, 0.0, 23.00002098083496, 90.00015258789062, 4.416481971740723, 126654.296875
0:02:01.473707, 0.0, 23.00002098083496, 90.00015258789062, 4.416481971740723, 126655.03125
0:02:01.588610, 0.0, 23.00002098083496, 90.00015258789062, 4.416481971740723, 126655.7578125
