0:20:16.294473: freq 0.4
0:20:34.747333: freq 0.8
0:20:36.991138: amp 14
0:20:41.975006: amp 30
0:21:24.060068: amp 84
0:21:25.754163: amp 83
0:21:26.014689: amp 82
0:21:29.225290: amp 80
0:21:35.286114: amp 62
0:22:01.941183: freq 1.2
0:22:01.941609: freq 1.25
0:22:01.941887: freq 1.3
0:22:01.946504: freq 1.35
0:22:01.985505: freq 1.35
0:22:02.011420: freq 1.4
0:22:02.206216: freq 1.45
0:22:02.259905: freq 1.5
0:22:02.522990: freq 1.45
0:22:10.582738: freq 1
0:22:13.868368: amp 43
0:22:30.385075: phb 6.212739242729072
0:22:30.702903: phb 6.247919327328059
0:22:30.735214: phb 0
0:22:30.771294: phb 0.035265979851526845
0:22:30.795591: phb 0.0879746592884445
0:22:30.804102: phb 0.12286257937159882
0:22:30.820497: phb 0.15745100827835337
0:22:30.837549: phb 0.19166383024986014
0:22:30.855239: phb 0.22543004171195932
0:22:30.871362: phb 0.2962888070125024
0:22:30.893598: phb 0.32880516657161735
0:22:30.905529: phb 0.3916788096681852
0:22:30.921212: phb 0.42196755294201843
0:22:30.938355: phb 0.47320166005098346
0:22:30.953402: phb 0.515693342427497
0:22:30.969329: phb 0.5429364335485021
0:22:30.995213: phb 0.5645420870952892
0:22:31.004168: phb 0.5906842647834061
0:22:31.021656: phb 0.6034231804683581
0:22:31.053784: phb 0.6493595694634365
0:22:31.071059: phb 0.6612893969161994
0:22:31.094828: phb 0.6730028340327244
0:22:31.121348: phb 0.6939051819262788
0:22:31.138360: phb 0.7163417050604839
0:22:31.154520: phb 0.7272424635557698
0:22:31.220853: phb 0.7484241126046773
0:22:35.538159: phb 0.8556655385498148
0:22:36.221616: phb 0.8452276657690019
0:22:36.222461: phb 0.8123788454567075
0:22:36.222897: phb 0.7890450953033062
0:22:36.235062: phb 0.7413646192971719
0:22:36.251413: phb 0.7158851743857876
0:22:36.269137: phb 0.702706407939874
0:22:36.286786: phb 0.6781428473533285
0:22:36.304194: phb 0.6397698728028307
0:22:36.319131: phb 0.5961658151731297
0:22:36.483616: phb 0.5810249093919431
0:22:36.484099: phb 0.5402233621623793
0:22:36.484707: phb 0.4991625399688336
0:22:36.485522: phb 0.4662653880067911
0:22:36.486756: phb 0.43352364920731595
0:22:36.487139: phb 0.42597648262015725
0:22:36.487464: phb 0.37582004159979665
0:22:36.487826: phb 0.3586360506669704
0:22:36.488107: phb 0.3235984285860737
0:22:36.488886: phb 0.31775421556479205
0:22:36.500839: phb 0.30019780533902035
0:22:36.520568: phb 0.2773595107967227
0:22:36.536212: phb 0.25971578825883695
0:22:36.553676: phb 0.23756988736002438
0:22:36.580288: phb 0.20209190860425558
0:22:36.737060: phb 0.18085946494061256
0:22:36.737538: phb 0.16310928230900246
0:22:36.737920: phb 0.14525479869045985
0:22:36.738259: phb 0.12504620523881582
0:22:36.738611: phb 0.10733011626711185
0:22:36.738980: phb 0.0879746592884445
0:22:36.783903: phb 0.052872394935120436
0:22:36.786335: phb 0.035265979851526845
0:22:36.836487: phb 0.017639281391275387
0:22:36.993413: phb 0
0:22:36.993928: phb 6.2655460257883115
0:22:36.994425: phb 6.247919327328059
0:22:36.995111: phb 6.230312912244465
0:22:36.995470: phb 6.212739242729072
0:22:36.996054: phb 6.177734483942364
0:22:37.019568: phb 6.160322727807988
0:22:37.053220: phb 6.142987100555552
0:22:37.253523: phb 6.128420009928661
0:22:40.103921: phb 6.14994845744671
0:22:40.947000: phb 6.1664406041368025
0:22:40.951688: phb 6.182998308340049
0:22:40.966707: phb 6.19961131013963
0:22:41.002130: phb 6.216269148882265
0:22:41.047469: phb 6.232965789188508
0:22:41.084487: phb 6.266432437179425
0:22:41.118745: phb 0
0:22:41.152277: phb 0.016752870000160902
0:24:41.362093: phb 6.269236353312027
0:24:41.392924: phb 0
0:24:41.572281: phb 0.014349222111242746
0:24:41.588617: phb 0.05733660053342324
0:24:41.605872: phb 0.08713097043127152
0:24:41.666751: phb 0.1466772647661737
0:24:41.667559: phb 0.1780383852740935
0:24:41.668081: phb 0.20998798279308373
0:24:41.673869: phb 0.27544572626403124
0:24:41.689999: phb 0.30428062178761506
0:24:41.706261: phb 0.3765937121333138
0:24:41.722701: phb 0.43863203100771986
0:24:41.739494: phb 0.472553423550179
0:24:41.766912: phb 0.5271828016601516
0:24:41.773690: phb 0.5658012276898459
0:24:41.790126: phb 0.5864476086261995
0:24:41.806435: phb 0.6315091447737421
0:24:41.823189: phb 0.6957873973522123
0:24:41.839704: phb 0.7272424635557698
0:24:41.868800: phb 0.7581724479318983
0:24:41.873009: phb 0.7784324408858398
0:24:41.889345: phb 0.8085911632318035
0:24:41.905281: phb 0.838111237446055
0:24:41.922289: phb 0.8564896106922812
0:24:41.939898: phb 0.875838569099184
0:24:41.969391: phb 0.8845299632507574
0:24:41.972317: phb 0.9035908481122238
0:24:41.988690: phb 0.9334249533517579
0:24:42.006112: phb 0.9444603073719946
0:24:42.023917: phb 0.9556757671462848
0:24:42.039094: phb 0.974903252395165
0:24:42.073691: phb 0.9900400699911521
0:24:42.089085: phb 1.0086376225184583
0:24:42.138765: phb 1.027080481950113
0:24:42.170972: phb 1.0386034766768504
0:24:42.188496: phb 1.0569466339818039
0:24:42.223068: phb 1.086904354596881
0:24:42.271970: phb 1.098849763361813
0:24:42.321897: phb 1.1108313810011055
0:25:55.245612: freq 1.25
0:25:55.704836: freq 1.3
0:26:10.202624: freq 1.25
0:26:10.985516: freq 1.3
0:26:11.018118: freq 1.35
0:26:11.035164: freq 1.45
0:26:11.050919: freq 1.5
0:26:11.067944: freq 1.55
0:26:11.087980: freq 1.6
0:26:11.119215: freq 1.65
0:26:11.149958: freq 1.7
0:26:11.233754: freq 1.75
0:26:11.301371: freq 1.8
0:26:11.370383: freq 1.85
0:26:11.435418: freq 1.9
0:26:11.515880: freq 1.95
0:26:11.588102: freq 2
0:26:17.206275: amp 44
0:26:17.206551: amp 47
0:26:17.217212: amp 48
0:26:17.233876: amp 49
0:26:17.249077: amp 50
0:26:17.284280: amp 51
0:26:17.297925: amp 52
0:26:17.411765: amp 53
0:26:17.620106: amp 54
0:26:17.894080: amp 55
0:26:17.949414: amp 56
0:26:18.165312: amp 57
0:26:18.215998: amp 55
0:26:18.233033: amp 54
0:26:18.409139: amp 53
0:26:18.409417: amp 52
0:26:18.409673: amp 51
0:26:18.409929: amp 50
0:26:18.410141: amp 49
0:26:18.410361: amp 48
0:26:18.410561: amp 47
0:26:18.410768: amp 46
0:26:18.432652: amp 45
0:26:18.482640: amp 44
0:26:18.670904: amp 43
0:26:18.671284: amp 42
0:26:18.671546: amp 41
0:26:18.671813: amp 40
0:26:18.672034: amp 39
0:26:18.681781: amp 38
0:26:18.716454: amp 37
0:26:18.765954: amp 36
0:26:19.463120: amp 35
0:26:19.467167: amp 34
0:26:20.957094: freq 1.6
0:26:24.812229: off 91
0:26:24.845660: off 92
0:26:24.879392: off 93
0:26:24.900957: off 94
0:26:24.929885: off 95
0:26:24.962394: off 96
0:26:25.004634: off 97
0:26:25.029141: off 98
0:26:25.079545: off 99
0:26:25.129376: off 100
0:26:25.208156: off 101
0:26:25.329623: off 102
0:27:11.237615: amp 35
0:27:11.251382: amp 36
0:27:11.268890: amp 37
0:27:11.285965: amp 39
0:27:11.316928: amp 41
0:27:11.319478: amp 42
0:27:11.336629: amp 44
0:27:11.353182: amp 46
0:27:11.369148: amp 47
0:27:11.386926: amp 50
0:27:11.416778: amp 52
0:27:11.419807: amp 54
0:27:11.435030: amp 55
0:27:11.451915: amp 58
0:27:11.469112: amp 60
0:27:11.485290: amp 63
0:27:11.519874: amp 64
0:27:11.520143: amp 65
0:27:11.535901: amp 67
0:27:11.550495: amp 68
0:27:11.571540: amp 69
0:27:11.586014: amp 70
0:27:11.621701: amp 71
0:27:11.622000: amp 72
0:27:11.635222: amp 73
0:27:11.670418: amp 75
0:27:11.686934: amp 76
0:27:11.723282: amp 78
0:27:11.734295: amp 79
0:27:11.768397: amp 80
0:27:11.785173: amp 81
0:27:11.800891: amp 82
0:27:11.823665: amp 83
0:27:11.851776: amp 85
0:27:11.868606: amp 86
0:27:11.885507: amp 87
0:27:11.903303: amp 88
0:27:11.925255: amp 89
0:27:11.952179: amp 90
0:27:25.731453: off 128
0:29:11.919840: phb 4.658139043053927
0:29:12.440495: phb 4.641809256990035
0:29:12.474404: phb 4.624078145510066
0:29:12.504109: phb 4.607566297149321
0:29:12.526194: phb 4.58907660551553
0:29:12.542291: phb 4.555841453372671
0:29:12.557043: phb 4.536425754827472
0:29:12.574081: phb 4.519764816207329
0:29:12.611986: phb 4.499648850768688
0:29:12.623950: phb 4.482948606077743
0:29:12.640528: phb 4.466379127182355
0:29:12.657928: phb 4.44994487568138
0:29:12.673239: phb 4.408409163295486
0:29:12.691157: phb 4.352428493445376
0:29:12.707795: phb 4.31800116210857
0:29:12.724433: phb 4.177862354029718
0:29:12.741305: phb 4.088525140288523
0:29:12.757203: phb 3.981436429490572
0:29:12.774448: phb 3.8540172159377324
0:29:12.791397: phb 3.778895532170566
0:29:12.807029: phb 3.504782597199523
0:29:12.824920: phb 3.4367491913517174
0:29:12.842259: phb 3.214687628051203
0:29:12.857223: phb 3.0360264034121034
0:29:12.874395: phb 2.8436928420945833
0:29:12.891236: phb 2.7756234601161545
0:29:12.914824: phb 2.610036522071365
0:29:12.922849: phb 2.522991972485407
0:29:12.938886: phb 2.457153851589243
0:29:12.957142: phb 2.375127298487625
0:29:12.976026: phb 2.319552698675116
0:29:12.991066: phb 2.249757339835409
0:29:13.006713: phb 2.2417969220599123
0:29:13.024368: phb 2.184208752855785
0:29:13.041151: phb 2.1545589230460203
0:29:13.058113: phb 2.110209352632066
0:29:13.073216: phb 2.0886733853210955
0:29:13.091807: phb 2.059130428614382
0:29:13.115406: phb 2.037564488982426
0:29:15.496903: phb 0.9715472182272171
0:29:16.062445: phb 0.9008381023165002
0:29:16.071937: phb 0.8309384628698703
0:29:16.091784: phb 0.7353970063865793
0:29:16.108112: phb 0.6394111094778377
0:29:16.123982: phb 0.5498212730224157
0:29:16.141214: phb 0.442215183775012
0:29:16.156994: phb 0.31263241643555956
0:29:32.744372: phb 4.152720844116501
0:29:33.369756: phb 4.141822553934328
0:29:33.534914: phb 4.118860106883255
0:29:33.535425: phb 4.076498915910929
0:29:33.535822: phb 4.0459593761818695
0:29:33.536166: phb 3.9860999640833565
0:29:33.536483: phb 3.954064998501873
0:29:33.536857: phb 3.905586901691878
0:29:33.537204: phb 3.8556107451249284
0:29:33.537963: phb 3.8000875954235136
0:29:33.538706: phb 3.76019333469418
0:29:33.541210: phb 3.7252537862470176
0:29:33.550966: phb 3.669326247587423
0:29:33.569447: phb 3.5670204089561066
0:29:33.586839: phb 3.533324574740397
0:29:33.609577: phb 3.4768496312202886
0:29:33.620214: phb 3.396908807704465
0:29:33.635401: phb 3.366649151317315
0:29:33.811669: phb 3.31780700305517
0:29:33.812671: phb 3.2429932705142455
0:29:33.813449: phb 3.2158742804775713
0:29:33.814093: phb 3.1179626524225776
0:29:33.815001: phb 3.072439077161908
0:29:33.815501: phb 3.0535443536834523
0:29:33.815980: phb 2.928932576641571
0:29:33.816264: phb 2.853897471003669
0:29:33.816510: phb 2.784950230526912
0:29:33.819438: phb 2.7219577532091037
0:29:33.837511: phb 2.705174398626731
0:29:33.854617: phb 2.6646192971072162
0:29:33.869821: phb 2.642074794975137
0:29:33.913518: phb 2.6125342353036247
0:29:34.014208: phb 2.5981331968388974
0:29:34.014659: phb 2.570070496007613
0:29:34.015065: phb 2.55640572033413
0:29:34.015407: phb 2.504160748114653
0:29:34.020164: phb 2.4674464981274857
0:29:34.036084: phb 2.431198307093444
0:29:34.052189: phb 2.388878675698851
0:29:34.070223: phb 2.3591902671189873
0:29:34.086120: phb 2.340323080517723
0:29:34.115354: phb 2.3046820386206464
0:29:34.218309: phb 2.287853942408517
0:29:34.218762: phb 2.2637758586511074
0:29:34.219161: phb 2.2410173991365734
0:29:34.219553: phb 2.2194947070997553
0:29:34.219931: phb 2.2033513703278977
0:29:34.221886: phb 2.1872885278974845
0:29:34.235740: phb 2.1713134462050685
0:29:34.253073: phb 2.1335790962882046
0:29:34.268925: phb 2.0986657308314993
0:29:34.286706: phb 2.068700964754469
0:29:34.319859: phb 2.0584888272239326
0:29:34.320272: phb 2.0324938075455066
0:29:34.485948: phb 2.000781977986751
0:29:34.486425: phb 1.9791118758182216
0:29:34.486827: phb 1.9231475676979277
0:29:34.487186: phb 1.8884020274338673
0:29:34.487493: phb 1.8528445429142442
0:29:34.487810: phb 1.828718954782636
0:29:34.488087: phb 1.8196414569198749
0:29:34.502736: phb 1.7947700008223824
0:29:34.536370: phb 1.7877659623098499
0:29:34.552031: phb 1.7906437329763787
0:29:34.569937: phb 1.7775588002873268
0:29:34.586215: phb 1.756144743921365
0:29:34.689107: phb 1.7425042035391425
0:29:34.689591: phb 1.7332994388657899
0:29:34.689938: phb 1.7068982440424678
0:29:34.717907: phb 1.6979901106463322
0:29:34.736235: phb 1.6828257760360958
0:29:34.772088: phb 1.6536137316407684
0:29:34.895827: phb 1.6233272884404821
0:29:34.896273: phb 1.6080769282631053
0:29:34.896618: phb 1.5919629918583493
0:29:34.896941: phb 1.5435857506178088
0:29:34.901526: phb 1.5104184817797712
0:29:34.929488: phb 1.4941032914949097
0:29:34.935424: phb 1.459795597116021
0:29:34.951449: phb 1.391595825505823
0:29:34.968451: phb 1.3589790347945057
0:29:34.986122: phb 1.3227774835847395
0:29:35.102615: phb 1.2327304881445122
0:29:35.103137: phb 1.2169267702905515
0:29:35.103487: phb 1.1795613878109588
0:29:35.103846: phb 1.1488875199698663
0:29:35.104160: phb 1.0900261969511815
0:29:35.104462: phb 1.054021197058044
0:29:35.104817: phb 1.0264712338456325
0:29:35.131556: phb 1.013029305154273
0:29:35.134035: phb 0.9998102839685837
0:29:35.150859: phb 0.9653123034784258
0:29:35.169584: phb 0.9402490442053462
0:29:35.186088: phb 0.9068480221818843
0:29:35.202836: phb 0.8950304586215719
0:29:35.308826: phb 0.8738918757678281
0:29:35.309469: phb 0.8624732249767735
0:29:35.309830: phb 0.8402876732722939
0:29:35.310142: phb 0.818951094276699
0:29:35.310426: phb 0.8090658430173145
0:29:35.334429: phb 0.7784324408858398
0:29:35.354018: phb 0.7684721727722539
0:29:35.369615: phb 0.7484241126046773
0:29:35.385299: phb 0.7388770890366039
0:29:35.403305: phb 0.7203649339395781
0:29:35.579239: phb 0.7009977366815732
0:29:35.580056: phb 0.6624664361718662
0:29:35.580741: phb 0.6352406669162288
0:29:35.581574: phb 0.6164398772866303
0:29:35.583121: phb 0.5902998516898744
0:29:35.584214: phb 0.5830035473003369
0:29:35.584734: phb 0.5512360015991564
0:29:35.588089: phb 0.5337398190029351
0:29:35.601989: phb 0.5053194829164526
0:29:35.637746: phb 0.48809363126836947
0:29:35.638333: phb 0.4764677447848318
0:29:35.652447: phb 0.4598569604216435
0:29:35.848606: phb 0.43822901089940247
0:29:35.849872: phb 0.4271951083782103
0:29:35.850607: phb 0.40636641197491186
0:29:35.852771: phb 0.3907280829828174
0:29:36.085514: phb 0.4196607918200591
0:29:36.103181: phb 0.47029743106168453
0:29:36.119186: phb 0.4856042970640835
0:29:36.146567: phb 0.5265837256466787
0:29:36.153191: phb 0.5773585941250774
0:29:36.324892: phb 0.6250008300767862
0:29:36.325339: phb 0.6985054403084688
0:29:36.325695: phb 0.7472094001072269
0:29:36.326056: phb 0.8040920297179637
0:29:36.326382: phb 0.8744562093988193
0:29:36.326777: phb 0.90568299458544
0:29:36.327146: phb 0.9278433045199685
0:29:36.327984: phb 0.9407621349895467
0:29:36.328800: phb 0.9619247368422869
0:29:36.901472: phb 1.3106746830684726
0:29:36.917399: phb 1.2959394818644379
0:29:36.958488: phb 1.2794847859231375
0:29:37.106002: phb 1.2610013048351056
0:29:37.106422: phb 1.1917384231384516
0:29:37.106785: phb 1.0906212708694036
0:29:37.107106: phb 1.0112801212505718
0:29:37.107412: phb 0.8977303454345964
0:29:37.107753: phb 0.7462916058185085
0:29:37.108119: phb 0.6389759332804629
0:29:37.108585: phb 0.4771249692376338
0:29:37.118129: phb 0.41651299534974434
0:29:37.133886: phb 0.34539628806717554
0:29:37.152178: phb 0.22502271455828826
0:29:37.166738: phb 0.16970342743779912
0:29:37.185780: phb 0.14574874741216595
0:29:37.202373: phb 0.08197307989311806
0:29:37.419111: phb 0.11782409880450347
0:29:37.419450: phb 0.1565379645555179
0:29:37.419673: phb 0.23246475614329784
0:29:37.419879: phb 0.2694829918332041
0:29:37.420060: phb 0.3057613792041904
0:29:37.420232: phb 0.35411997985842397
0:29:37.421791: phb 0.4148142683686182
0:29:37.435390: phb 0.5023490904932663
0:29:37.462980: phb 0.5747398350618713
0:29:37.468050: phb 0.6785692752236273
0:29:37.485672: phb 0.7897573069714006
0:29:37.503205: phb 0.8708552448051815
0:29:37.518151: phb 0.9318558298432208
0:29:37.537125: phb 0.9572798373850694
0:29:37.565606: phb 0.9824800621137076
0:29:37.567776: phb 1.0168923349865826
0:29:37.696824: phb 1.0349847926926075
0:29:37.697246: phb 1.0436366935127155
0:29:37.702870: phb 1.060200012054516
0:29:37.769280: phb 1.0319391980936403
0:29:37.785426: phb 0.9602348515700414
0:29:37.929791: phb 0.7536744478483798
0:29:37.930280: phb 0.6152936583303776
0:29:37.930619: phb 0.4660623402070437
0:29:37.930978: phb 0.3889083340083523
0:29:37.931285: phb 0.36061449562004183
0:29:37.931627: phb 0.2976007976641824
0:29:37.931985: phb 0.24621018204419756
0:29:37.932777: phb 0.2267230373242464
0:29:37.934969: phb 0.17370465887842895
0:29:37.974502: phb 0.15574545516850144
0:29:37.983633: phb 0.11764405385492054
0:29:38.002148: phb 0.02869122496056468
0:29:38.016780: phb 6.153517172886002
0:29:38.175991: phb 6.109274146845175
0:29:38.176433: phb 6.078004239381026
0:29:38.176840: phb 6.0546546406569295
0:29:38.177222: phb 6.043073668383848
0:29:38.177597: phb 6.0662994074160785
0:29:38.178002: phb 6.161373317772054
0:29:38.178528: phb 6.208032966522732
0:29:38.179346: phb 0
0:29:38.183981: phb 0.02677143577310073
0:29:38.200207: phb 0.11113522085553519
0:29:38.218752: phb 0.15655532268971112
0:29:38.239257: phb 0.20692882378201727
0:29:38.255150: phb 0.2899258405848969
0:29:38.272895: phb 0.3375187877799428
0:29:38.288614: phb 0.5250901814516102
0:29:38.300370: phb 0.7099418178870238
0:29:38.316906: phb 0.8693337319724656
0:29:38.336346: phb 0.966052813075144
0:29:38.352493: phb 1.0954892091405675
0:29:38.584596: phb 0.6454797921604938
0:29:39.000940: phb 0.07789121281159388
0:29:39.017225: phb 0.2576712267054436
0:29:39.034851: phb 0.7201697963185771
0:29:39.052583: phb 0.9619247368422869
0:29:42.740495: phb 1.1460058179813497
0:29:43.799790: phb 1.2335551993246465
0:29:43.816841: phb 1.3066422349275237
0:29:43.853936: phb 1.3685556073791483
0:29:43.854382: phb 1.4842083491557423
0:29:43.866844: phb 1.5191595711054573
0:29:43.883575: phb 1.5570465364659762
0:29:43.901192: phb 1.7458472445134507
0:29:43.916914: phb 1.837870801372186
0:29:43.932286: phb 2.0212625276482195
0:29:43.949052: phb 2.1584201716838325
0:29:43.966464: phb 2.2239564681880455
0:29:43.982795: phb 2.3314972666393765
0:29:43.999341: phb 2.3890710543404268
0:29:44.017664: phb 2.4285313526263708
0:29:44.032988: phb 2.476069558869303
0:29:44.057036: phb 2.5325528563542132
0:29:44.065521: phb 2.5803771475062605
0:29:44.083884: phb 2.642074794975137
0:29:44.100084: phb 2.6802491739782734
0:29:44.115323: phb 2.72377964661489
0:29:44.133631: phb 2.7659007829948723
0:29:44.158169: phb 2.8213977543078004
0:29:44.165628: phb 2.915842281256208
0:29:44.182472: phb 2.9796080783465326
0:29:44.201977: phb 3.0552434327290245
0:29:44.217127: phb 3.127952849873783
0:29:44.233401: phb 3.181940820546838
0:29:44.250701: phb 3.2210927933788245
0:29:44.266732: phb 3.2474194769278566
0:29:44.284205: phb 3.284750296869774
0:29:44.301352: phb 3.310325395871622
0:29:44.316353: phb 3.33567846190219
0:29:44.332560: phb 3.3607813851021366
0:29:44.351505: phb 3.3979077975954532
0:29:44.367095: phb 3.4222706988245273
0:29:44.384202: phb 3.4425892862907057
0:29:44.401224: phb 3.4775832641974103
0:29:44.416579: phb 3.5004517053841226
0:29:44.433095: phb 3.545020177627302
0:29:44.461065: phb 3.608791094175533
0:29:44.466966: phb 3.6291972050675794
0:29:44.483769: phb 3.678319092326711
0:29:44.500695: phb 3.7156627257371766
0:29:44.517947: phb 3.742540641870954
0:29:44.600483: phb 3.864248079136475
0:29:44.618141: phb 3.9009780331221036
0:29:44.633373: phb 3.9576300853804094
0:29:44.664307: phb 4.016327864867193
0:29:44.666691: phb 4.053680003357121
0:29:44.684627: phb 4.080502834978839
0:29:44.715311: phb 4.110744973330975
0:29:44.732671: phb 4.1664463121181665
0:29:44.766122: phb 4.194511921858491
0:29:44.766520: phb 4.262210462236447
0:29:44.782402: phb 4.335236575691493
0:29:44.801410: phb 4.390884938323614
0:29:44.815646: phb 4.454466352396951
0:29:44.831576: phb 4.481789670968564
0:29:44.867041: phb 4.508763174073031
0:29:44.868344: phb 4.547493282283312
0:29:44.883426: phb 4.611362574422786
0:29:44.899097: phb 4.661094389136705
0:29:44.916922: phb 4.7087125501196105
0:29:44.935232: phb 4.743996109038233
0:29:44.969519: phb 4.811915396955346
0:29:44.969934: phb 4.834621075221357
0:29:44.982633: phb 4.855578721237847
0:29:45.000042: phb 4.877767957708004
0:29:45.017074: phb 4.910740386173685
0:29:45.033467: phb 4.921638743170055
0:29:45.070376: phb 4.932485898419635
0:29:45.070779: phb 4.954022881805427
0:29:45.117885: phb 4.985898395771749
0:29:45.133918: phb 5.006840286153756
0:29:45.171456: phb 5.034350316353165
0:29:45.602706: phb 5.351072538107399
0:29:45.615918: phb 5.342423172190039
0:29:45.631751: phb 5.328495952096611
0:29:45.684010: phb 5.310009984770509
0:29:45.734224: phb 5.27782558586075
0:29:45.784001: phb 5.236043906215113
0:29:45.799035: phb 5.221061323763841
0:29:45.816019: phb 5.204311695981952
0:29:45.832170: phb 5.185161608968331
0:29:45.850331: phb 5.143634270128061
0:29:45.883680: phb 5.094291964595607
0:29:45.884172: phb 5.068054185976434
0:29:45.900265: phb 5.040256620815558
0:29:45.917503: phb 4.946534379478766
0:29:45.931781: phb 4.899049077012405
0:29:45.950806: phb 4.776290002193392
0:29:45.985216: phb 4.704576692965454
0:29:45.985627: phb 4.625437705085764
0:29:45.999441: phb 4.561753848285382
0:29:46.015789: phb 4.47260843242278
0:29:46.033684: phb 4.417898817987968
0:29:46.048916: phb 4.355279833879591
0:29:46.065313: phb 4.291811776950718
0:29:46.083396: phb 4.203069093870058
0:29:46.099886: phb 4.140419313908952
0:29:46.115915: phb 4.067408802338221
0:29:46.133859: phb 4.02176245711995
0:29:46.148209: phb 3.881061023197051
0:29:46.186376: phb 3.8414849039680674
0:29:46.186852: phb 3.7474589245141283
0:29:46.200406: phb 3.732353448158941
0:29:46.217134: phb 3.6958333248148367
0:29:46.232336: phb 3.669326247587423
0:29:46.250009: phb 3.6472985129840563
0:29:46.266217: phb 3.623656324437129
0:29:46.288977: phb 3.6125835942040325
0:29:46.316687: phb 3.6019732765448964
0:29:46.416370: phb 3.5820327306755653
0:29:46.434458: phb 3.561541598656263
0:29:46.450331: phb 3.515612878602913
0:29:46.465841: phb 3.474985427213005
0:29:46.492391: phb 3.4542240884154416
0:29:46.500106: phb 3.426957536978904
0:29:46.535942: phb 3.358801331194364
0:29:46.551691: phb 3.3163428910687442
0:29:46.567808: phb 3.273240604368716
0:29:46.592982: phb 3.251492211836492
0:29:46.600568: phb 3.16318238677474
0:29:46.615425: phb 3.141592653589793
0:29:46.633891: phb 3.098435268309043
0:29:46.649320: phb 3.0154495390014247
0:29:46.666487: phb 2.9374885062648346
0:29:46.686228: phb 2.8838318490291304
0:29:46.698346: phb 2.8336929659626664
0:29:46.717267: phb 2.7932050767626264
0:29:46.732619: phb 2.759851135733149
0:29:46.748804: phb 2.7273667720991686
0:29:46.767014: phb 2.7114603942313225
0:29:46.935971: phb 2.6727998495165197
0:29:46.936960: phb 2.6579841369596497
0:29:46.937367: phb 2.6433967712339257
0:29:46.937714: phb 2.614903564134383
0:29:46.938101: phb 2.60100092169028
0:29:46.938434: phb 2.587325245213703
0:29:46.939240: phb 2.5606571911909413
0:29:46.949645: phb 2.547661516206706
0:29:46.968035: phb 2.504160748114653
0:29:46.999946: phb 2.46988822220739
0:29:47.014403: phb 2.457828091828348
0:29:48.320763: phb 1.0952640473478912
0:36:39.311917: off 131
0:36:39.500015: off 132
0:36:39.516180: off 133
0:36:39.532084: off 134
0:36:39.550451: off 135
0:36:39.576956: off 137
0:36:39.582852: off 139
0:36:39.598911: off 141
0:36:39.616228: off 143
0:36:39.633479: off 144
0:36:39.649321: off 145
0:36:39.686635: off 146
0:36:39.686923: off 147
0:36:39.699390: off 148
0:36:39.716168: off 150
0:36:39.750081: off 151
0:36:39.766401: off 152
0:36:39.787237: off 153
0:36:39.801819: off 154
0:36:39.816196: off 155
0:36:39.866428: off 157
0:36:39.887911: off 158
0:36:39.916258: off 159
0:36:39.950360: off 161
0:36:39.990498: off 162
0:36:39.999275: off 163
0:36:40.015393: off 164
0:36:40.032820: off 165
0:36:40.049170: off 166
0:36:40.066890: off 167
0:36:40.084473: off 168
0:36:40.116551: off 169
0:36:40.132543: off 170
0:36:40.149303: off 171
0:36:40.192622: off 172
0:36:40.198835: off 173
0:36:40.249816: off 174
0:36:40.266372: off 175
0:36:40.300149: off 176
0:36:40.316107: off 179
0:36:40.333262: off 180
0:39:21.048311: off 178
0:39:21.048983: off 176
0:39:21.049480: off 175
0:39:21.049864: off 174
0:39:21.050052: off 173
0:39:21.070245: off 170
0:39:21.097682: off 169
0:39:21.113454: off 168
0:39:21.130393: off 167
0:39:21.146677: off 166
0:39:21.318211: off 165
0:39:21.318869: off 164
0:39:21.319395: off 162
0:39:21.319917: off 161
0:39:21.321052: off 160
0:39:21.321936: off 159
0:39:21.322468: off 157
0:39:21.330898: off 156
0:39:21.347272: off 155
0:39:21.400414: off 154
0:39:21.413948: off 153
0:39:21.572537: off 152
0:39:21.572858: off 151
0:39:21.573090: off 150
0:39:21.573301: off 149
0:39:21.573500: off 148
0:39:21.573673: off 147
0:39:21.580264: off 146
0:39:21.596807: off 145
0:39:21.631565: off 144
0:39:21.647285: off 143
0:39:21.663473: off 142
0:39:21.827424: off 141
0:39:21.827696: off 140
0:39:21.827940: off 139
0:39:21.828161: off 138
0:39:21.828362: off 137
0:39:21.828545: off 136
0:39:21.831641: off 135
0:39:21.847112: off 134
0:39:21.862831: off 133
0:39:21.880372: off 132
0:39:21.913460: off 131
0:39:22.143670: off 130
0:39:22.144170: off 129
0:39:22.144397: off 128
0:39:22.144601: off 127
0:39:22.144827: off 126
0:39:22.145054: off 125
0:39:22.145249: off 124
0:39:22.145446: off 123
0:39:22.163870: off 122
0:39:22.180521: off 121
0:39:22.211079: off 120
0:39:22.213367: off 119
0:39:22.231037: off 118
0:39:22.246867: off 116
0:39:22.263376: off 115
0:39:22.280155: off 114
0:39:22.419456: off 113
0:39:22.420112: off 112
0:39:22.420470: off 111
0:39:22.420977: off 110
0:39:22.421283: off 109
0:39:22.421530: off 107
0:39:22.422051: off 106
0:39:22.422539: off 105
0:39:22.430925: off 104
0:39:22.447054: off 102
0:39:22.464114: off 101
0:39:22.479654: off 100
0:39:22.515033: off 99
0:39:22.515542: off 97
0:39:22.650073: off 95
0:39:22.650526: off 94
0:39:22.650939: off 91
0:39:22.651475: off 89
0:39:22.652554: off 87
0:39:22.653349: off 84
0:39:22.653668: off 83
0:39:22.653881: off 80
0:39:22.662973: off 79
0:39:22.680286: off 76
0:39:22.717129: off 74
0:39:22.717559: off 72
0:39:22.730370: off 70
0:39:22.748459: off 68
0:39:22.894262: off 67
0:39:22.894932: off 65
0:39:22.895489: off 63
0:39:22.896050: off 62
0:39:22.896560: off 60
0:39:22.897117: off 59
0:39:22.897602: off 57
0:39:22.898069: off 55
0:39:22.919662: off 54
0:39:22.920326: off 53
0:39:22.930017: off 51
0:39:22.947020: off 50
0:39:22.963597: off 49
0:39:22.979255: off 48
0:39:22.997746: off 47
0:39:23.030193: off 45
0:39:23.063748: off 44
0:39:23.097320: off 43
0:39:23.179903: off 42
0:39:27.731211: amp 85
0:39:27.996657: amp 84
0:39:28.011145: amp 83
0:39:28.045692: amp 82
0:39:28.097381: amp 81
0:39:28.113535: amp 80
0:39:28.145444: amp 79
0:39:28.165136: amp 78
0:39:28.200388: amp 77
0:39:28.200689: amp 76
0:39:28.211542: amp 75
0:39:28.246800: amp 74
0:39:28.262330: amp 73
0:39:28.278968: amp 72
0:39:28.312472: amp 71
0:39:28.344622: amp 70
0:39:28.364834: amp 69
0:39:28.379688: amp 68
0:39:28.413151: amp 67
0:39:28.431231: amp 66
0:39:28.482046: amp 65
0:39:28.503860: amp 64
0:39:28.529013: amp 63
0:39:28.563555: amp 62
0:39:28.578051: amp 61
0:39:28.613562: amp 60
0:39:28.628500: amp 59
0:39:28.647257: amp 58
0:39:28.704999: amp 57
0:39:28.762747: amp 56
0:39:28.812636: amp 55
0:39:28.864587: amp 54
0:39:28.912412: amp 53
0:39:28.962620: amp 52
0:39:29.028852: amp 51
0:39:29.079587: amp 50
0:39:29.144688: amp 49
0:39:29.211605: amp 48
0:39:29.245790: amp 47
0:39:29.278822: amp 46
0:39:29.313897: amp 45
0:39:29.314139: amp 44
0:39:29.345507: amp 43
0:39:29.378199: amp 42
0:39:29.428282: amp 41
0:39:29.465411: amp 40
0:39:29.494916: amp 39
0:39:29.545035: amp 38
0:39:29.578628: amp 37
0:39:29.628767: amp 36
0:39:29.679159: amp 35
0:39:29.719905: amp 34
0:39:29.762222: amp 33
0:39:29.821078: amp 32
0:39:29.862412: amp 31
0:39:29.922024: amp 30
0:39:29.961921: amp 29
0:39:29.994867: amp 28
0:39:30.044738: amp 27
0:39:30.078807: amp 26
0:39:30.128144: amp 25
0:39:30.178566: amp 24
0:39:30.244251: amp 23
0:39:30.321042: amp 22
0:39:30.344547: amp 21
0:39:30.378854: amp 20
0:39:30.394925: amp 19
0:39:30.444555: amp 18
0:39:30.495748: amp 17
0:39:30.570440: amp 16
0:39:32.411472: amp 10
0:40:06.117224: amp 0
0:40:07.541523: off 0
0:40:33.828840: amp 1
0:40:33.861997: amp 2
0:40:34.053649: amp 3
0:40:34.053972: amp 4
0:40:34.054194: amp 6
0:40:34.054400: amp 7
0:40:34.054595: amp 8
0:40:34.054801: amp 9
0:40:34.054976: amp 10
0:40:34.063116: amp 11
0:40:34.078197: amp 12
0:40:34.094254: amp 13
0:40:34.128572: amp 14
0:40:34.130805: amp 16
0:40:34.143553: amp 18
0:40:34.330537: amp 19
0:40:34.330709: amp 22
0:40:34.330882: amp 23
0:40:34.331028: amp 24
0:40:34.331160: amp 25
0:40:34.331286: amp 26
0:40:34.331409: amp 27
0:40:34.331512: amp 28
0:40:34.362105: amp 29
0:40:34.593077: amp 30
0:40:34.593307: amp 31
0:40:34.641587: amp 32
0:40:35.148550: amp 31
0:40:35.148851: amp 30
0:40:35.149170: amp 29
0:40:35.404080: amp 28
0:40:36.546040: amp 27
0:40:36.802596: amp 26
0:40:36.870336: amp 25
0:40:37.884163: amp 24
0:40:38.327884: amp 23
0:41:16.952395: amp 21
0:41:16.968210: amp 19
0:41:16.986082: amp 18
0:41:17.003254: amp 17
0:41:17.038523: amp 15
0:41:17.188941: amp 13
0:41:17.189223: amp 10
0:41:17.189454: amp 7
0:41:17.189664: amp 4
0:41:17.189910: amp 1
0:41:17.190083: amp 0
0:41:33.503612: amp 12
0:41:36.975037: off 33
0:42:02.786893: amp 13
0:42:02.789959: amp 15
0:42:02.807449: amp 16
0:42:02.824794: amp 17
0:42:02.993275: amp 18
0:42:02.993619: amp 19
0:42:02.993901: amp 20
0:42:03.057484: amp 21
0:42:03.088397: amp 22
0:42:03.264072: amp 24
0:42:03.264360: amp 25
0:42:03.264614: amp 26
0:42:03.264886: amp 27
0:42:03.265136: amp 28
0:42:03.265359: amp 30
0:42:03.265575: amp 31
0:42:03.265804: amp 32
0:42:03.266002: amp 33
0:42:03.291669: amp 34
0:42:03.525708: amp 33
0:42:03.526051: amp 31
0:42:03.526275: amp 29
0:42:03.541205: amp 28
0:42:03.574648: amp 27
0:42:03.594709: amp 26
0:42:03.608024: amp 24
0:42:03.624406: amp 22
0:42:03.797432: amp 21
0:42:03.797959: amp 19
0:42:03.798339: amp 18
0:42:03.798648: amp 17
0:42:03.798939: amp 16
0:42:03.857985: amp 15
0:42:04.003019: amp 16
0:42:04.003766: amp 17
0:42:04.022572: amp 18
0:42:04.058478: amp 19
0:42:04.208488: amp 20
0:42:04.274465: amp 19
0:42:04.308402: amp 18
0:42:04.413634: amp 17
0:42:04.413973: amp 16
0:42:04.414127: amp 15
0:42:04.684568: amp 14
0:42:09.156045: amp 13
0:42:09.172576: amp 12
0:42:09.196405: amp 11
0:42:09.205316: amp 10
0:42:09.223964: amp 9
0:42:09.272869: amp 8
0:42:09.306225: amp 7
0:42:09.339850: amp 6
0:42:09.356321: amp 5
0:42:09.372782: amp 4
0:42:09.397174: amp 3
0:42:09.423381: amp 2
0:42:09.439492: amp 1
0:42:09.456659: amp 0
0:42:09.639910: amp 1
0:42:09.672376: amp 2
0:42:09.722310: amp 3
0:42:09.739647: amp 4
0:42:09.774054: amp 5
0:42:09.805055: amp 6
0:42:09.807139: amp 7
0:42:09.823419: amp 8
0:42:09.857365: amp 10
0:42:09.906845: amp 11
0:42:09.907111: amp 12
0:42:09.940184: amp 13
0:42:09.999625: amp 14
0:42:10.039602: amp 15
0:42:14.137444: amp 16
0:42:14.204890: amp 17
0:42:14.239179: amp 18
0:42:14.276950: amp 19
0:42:14.287922: amp 20
0:42:14.305519: amp 22
0:42:14.322245: amp 23
0:42:14.339063: amp 24
0:42:14.354653: amp 26
0:42:14.378329: amp 29
0:42:14.388360: amp 32
0:42:14.405518: amp 33
0:42:14.422139: amp 35
0:42:14.438655: amp 39
0:42:14.455412: amp 41
0:42:14.476298: amp 44
0:42:14.488322: amp 46
0:42:14.504584: amp 47
0:42:14.521490: amp 48
0:42:14.536920: amp 49
0:42:14.554869: amp 50
0:42:14.574129: amp 52
0:42:14.621002: amp 53
0:42:14.637919: amp 54
0:42:14.674064: amp 55
0:42:14.721448: amp 56
0:42:14.737215: amp 57
0:42:14.774757: amp 58
0:42:14.803637: amp 59
0:42:14.838806: amp 60
0:42:14.854460: amp 61
0:42:14.887664: amp 62
0:42:14.922011: amp 63
0:42:14.937816: amp 64
0:42:14.987525: amp 65
0:42:15.021990: amp 66
0:42:15.053638: amp 67
0:42:15.088331: amp 68
0:42:15.121308: amp 69
0:42:15.189410: amp 70
0:42:15.205326: amp 71
0:42:15.254493: amp 72
0:42:15.291659: amp 73
0:42:15.336370: amp 68
0:42:15.354660: amp 53
0:42:15.382456: amp 51
0:42:15.387658: amp 49
0:42:15.405050: amp 48
0:42:15.537256: amp 47
0:42:15.704249: amp 48
0:42:15.770367: amp 49
0:42:15.820197: amp 50
0:42:15.854567: amp 51
0:42:16.120588: amp 50
0:42:19.644737: amp 49
0:42:19.851972: amp 48
0:42:19.919796: amp 47
0:42:20.118777: amp 46
0:42:20.187069: amp 45
0:42:20.326250: amp 44
0:42:20.596457: amp 43
0:42:20.596816: amp 42
0:42:20.867272: amp 41
0:42:21.138569: amp 40
0:42:23.252123: amp 39
0:42:26.601697: off 31
0:42:26.618143: off 34
0:42:26.647792: off 38
0:42:26.652004: off 40
0:42:26.669075: off 43
0:42:26.685100: off 46
0:42:26.702479: off 49
0:42:26.718869: off 53
0:42:26.737229: off 60
0:42:26.752095: off 64
0:42:26.768951: off 66
0:42:26.784327: off 68
0:42:26.801025: off 70
0:42:26.819174: off 71
0:42:26.838304: off 74
0:42:26.853054: off 75
0:42:26.869369: off 79
0:42:26.884136: off 81
0:42:26.902823: off 83
0:42:26.918373: off 86
0:42:26.948931: off 89
0:42:26.953284: off 91
0:42:26.968328: off 95
0:42:26.984186: off 97
0:42:27.002333: off 98
0:42:27.018408: off 100
0:42:27.042247: off 101
0:42:27.050814: off 102
0:42:27.085331: off 103
0:42:27.117491: off 104
0:42:27.151843: off 105
0:42:27.555399: off 104
0:42:27.589714: off 103
0:42:27.600642: off 102
0:42:27.619144: off 101
0:42:27.654195: off 100
0:42:27.685574: off 99
0:42:27.700994: off 98
0:42:27.718303: off 97
0:42:27.735415: off 96
0:42:27.783654: off 95
0:42:27.801779: off 94
0:42:27.835097: off 93
0:42:27.868862: off 92
0:42:27.900317: off 91
0:42:27.984545: off 90
0:42:28.083369: off 89
0:42:28.317350: off 88
0:42:28.484295: off 87
0:42:28.617256: off 86
0:42:28.917909: off 85
0:42:32.199496: off 86
0:42:32.248539: off 87
0:42:32.468099: off 88
0:42:34.791945: off 87
0:42:38.966323: off 86
0:42:39.097409: off 85
0:42:39.232412: off 84
0:42:39.499053: off 85
0:42:39.538936: off 86
0:42:39.548679: off 87
0:42:39.599799: off 88
0:42:39.681465: off 89
0:42:39.815062: off 90
0:42:40.115841: off 91
0:42:45.630398: off 90
0:42:45.780145: off 89
0:42:45.881036: off 88
0:42:45.964024: off 87
0:42:46.097076: off 86
0:42:46.197779: off 85
0:42:46.746822: off 86
0:42:46.950502: off 87
0:42:46.950824: off 88
0:42:46.951076: off 89
0:42:47.031012: off 90
0:42:47.472151: off 89
0:42:47.495914: off 88
0:42:47.732616: off 87
0:42:47.830684: off 86
0:43:18.511996: amp 41
0:43:19.025049: amp 43
0:43:19.025323: amp 46
0:43:19.025573: amp 50
0:43:19.025844: amp 53
0:43:19.026049: amp 56
0:43:19.056945: amp 64
0:43:19.057418: amp 70
0:43:19.073281: amp 77
0:43:19.089824: amp 80
0:43:19.106631: amp 82
0:43:19.123056: amp 83
0:43:19.293322: amp 85
0:43:19.293611: amp 86
0:43:19.293899: amp 88
0:43:19.294099: amp 90
0:43:21.421796: off 88
0:43:21.705404: off 89
0:43:21.739431: off 90
0:43:21.755789: off 91
0:43:21.910888: off 92
0:43:21.911433: off 94
0:43:21.911810: off 95
0:43:21.912175: off 98
0:43:21.912402: off 104
0:43:21.912617: off 111
0:43:21.912830: off 121
0:43:21.913020: off 139
0:43:21.913184: off 149
0:43:21.920641: off 162
0:43:21.939343: off 168
0:43:21.956171: off 173
0:43:21.970907: off 180
0:43:23.638137: off 179
0:43:23.655201: off 175
0:43:23.671134: off 167
0:43:23.689677: off 162
0:43:23.707383: off 155
0:43:23.729948: off 151
0:43:23.737905: off 146
0:43:23.753030: off 141
0:43:23.773080: off 138
0:43:23.789490: off 135
0:43:23.805197: off 130
0:43:23.831155: off 127
0:43:23.840131: off 123
0:43:23.855972: off 115
0:43:23.871046: off 107
0:43:23.889463: off 99
0:43:23.906184: off 88
0:43:23.933006: off 80
0:43:23.938828: off 68
0:43:23.955345: off 60
0:43:23.973019: off 51
0:43:23.988580: off 37
0:43:24.006237: off 27
0:43:24.034555: off 19
0:43:24.039016: off 12
0:43:24.055167: off 10
0:43:24.089602: off 9
0:43:24.188156: off 8
0:43:24.230527: off 7
0:43:24.237676: off 6
0:43:24.255247: off 5
0:43:24.270238: off 4
0:43:24.287943: off 2
0:43:24.305711: off 1
0:43:24.339844: off 0
0:43:28.004183: amp 87
0:43:28.020195: amp 85
0:43:28.037523: amp 80
0:43:28.054113: amp 78
0:43:28.070428: amp 74
0:43:28.104233: amp 71
0:43:28.104499: amp 67
0:43:28.121189: amp 61
0:43:28.137572: amp 57
0:43:28.154816: amp 50
0:43:28.170815: amp 45
0:43:28.206285: amp 40
0:43:28.206539: amp 34
0:43:28.220068: amp 30
0:43:28.237137: amp 26
0:43:28.253185: amp 19
0:43:28.272802: amp 14
0:43:28.288962: amp 8
0:43:28.308956: amp 1
0:43:28.319258: amp 0
0:43:30.304383: freq 1.95
0:43:30.349182: freq 1.85
0:43:30.438549: freq 1.8
0:43:30.471171: freq 1.75
0:43:30.487238: freq 1.7
0:43:30.504223: freq 1.6
0:43:30.539387: freq 1.55
0:43:30.570925: freq 1.5
0:43:30.603082: freq 1.4
0:43:30.621365: freq 1.35
0:43:30.641902: freq 1.25
0:43:30.653577: freq 1.2
0:43:30.670377: freq 1.15
0:43:30.686329: freq 1.05
0:43:30.703648: freq 1
0:43:30.720100: freq 0.9
0:43:30.743512: freq 0.7
0:43:30.752913: freq 0.6
0:43:30.768960: freq 0.5
0:43:30.786949: freq 0.45
0:43:30.803570: freq 0.35
0:43:30.819433: freq 0.25
0:43:30.844340: freq 0.2
0:43:30.853623: freq 0.15
0:43:30.870243: freq 0.1
0:43:30.887232: freq 0.05
0:43:30.904421: freq 0
0:44:15.764889: freq 0
0:44:15.765506: amp 0
0:44:15.765758: off 90
0:44:15.765954: phb 0
