Time, Frequency, Amplitude, Offset, PhaseShift, Phase
0:00:00.129992, 0.0, 1.401298464324817e-44, 90.00015258789062, 1.401298464324817e-44, 125538.2265625
0:00:00.245697, 0.0, 1.401298464324817e-44, 90.00015258789062, 1.401298464324817e-44, 125538.828125
0:00:00.317445, 0.0, 1.401298464324817e-44, 90.00015258789062, 1.401298464324817e-44, 125539.4296875
0:00:00.437433, 0.0, 1.401298464324817e-44, 90.00015258789062, 1.401298464324817e-44, 125540.1875
0:00:00.560272, 0.0, 1.401298464324817e-44, 90.00015258789062, 1.401298464324817e-44, 125540.96875
0:00:00.673009, 0.0, 1.401298464324817e-44, 90.00015258789062, 1.401298464324817e-44, 125541.6796875
0:00:00.814614, 0.0, 1.401298464324817e-44, 90.00015258789062, 1.401298464324817e-44, 125542.53125
0:00:00.935091, 0.0, 1.401298464324817e-44, 90.00015258789062, 1.401298464324817e-44, 125543.2578125
0:00:01.129253, 0.0, 1.401298464324817e-44, 90.00015258789062, 1.401298464324817e-44, 125544.03125
0:00:01.144101, 0.0, 1.401298464324817e-44, 90.00015258789062, 1.401298464324817e-44, 125544.6484375
0:00:01.242085, 0.0, 1.401298464324817e-44, 90.00015258789062, 1.401298464324817e-44, 125545.265625
0:00:01.371191, 0.0, 1.401298464324817e-44, 90.00015258789062, 1.401298464324817e-44, 125546.078125
0:00:01.475769, 0.0, 1.401298464324817e-44, 90.00015258789062, 1.401298464324817e-44, 125546.7421875
0:00:01.591438, 0.0, 1.401298464324817e-44, 90.00015258789062, 1.401298464324817e-44, 125547.46875
0:00:01.697907, 0.0, 1.401298464324817e-44, 90.00015258789062, 1.401298464324817e-44, 125548.140625
0:00:01.812308, 0.0, 1.401298464324817e-44, 90.00015258789062, 1.401298464324817e-44, 125548.859375
0:00:01.923788, 0.0, 1.401298464324817e-44, 90.00015258789062, 1.401298464324817e-44, 125549.5703125
0:00:02.033226, 0.0, 1.401298464324817e-44, 90.00015258789062, 1.401298464324817e-44, 125550.265625
0:00:02.156544, 0.0, 1.401298464324817e-44, 90.00015258789062, 1.401298464324817e-44, 125551.0390625
0:00:02.285370, 0.0, 1.401298464324817e-44, 90.00015258789062, 1.401298464324817e-44, 125551.8046875
0:00:02.398318, 0.0, 1.401298464324817e-44, 90.00015258789062, 1.401298464324817e-44, 125552.5078125
0:00:02.593909, 0.0, 1.401298464324817e-44, 90.00015258789062, 1.401298464324817e-44, 125553.2421875
0:00:02.701621, 0.0, 1.401298464324817e-44, 90.00015258789062, 1.401298464324817e-44, 125553.9765625
0:00:02.707991, 0.0, 1.401298464324817e-44, 90.00015258789062, 1.401298464324817e-44, 125554.515625
0:00:02.818813, 0.0, 1.401298464324817e-44, 90.00015258789062, 1.401298464324817e-44, 125555.203125
0:00:02.942953, 0.0, 1.401298464324817e-44, 90.00015258789062, 1.401298464324817e-44, 125555.9765625
0:00:03.054870, 0.0, 1.401298464324817e-44, 90.00015258789062, 1.401298464324817e-44, 125556.6875
0:00:03.168078, 0.0, 1.401298464324817e-44, 90.00015258789062, 1.401298464324817e-44, 125557.3984375
0:00:03.280770, 0.0, 1.401298464324817e-44, 90.00015258789062, 1.401298464324817e-44, 125558.1171875
0:00:03.503960, 0.0, 1.401298464324817e-44, 90.00015258789062, 1.401298464324817e-44, 125559.0
0:00:03.509192, 0.0, 1.401298464324817e-44, 90.00015258789062, 1.401298464324817e-44, 125559.5546875
0:00:03.644222, 0.0, 1.401298464324817e-44, 90.00015258789062, 1.401298464324817e-44, 125560.3515625
0:00:03.842477, 0.0, 1.401298464324817e-44, 90.00015258789062, 1.401298464324817e-44, 125561.09375
0:00:03.953881, 0.0, 1.401298464324817e-44, 90.00015258789062, 1.401298464324817e-44, 125561.8203125
0:00:03.967428, 0.0, 1.401298464324817e-44, 90.00015258789062, 1.401298464324817e-44, 125562.453125
0:00:04.174439, 0.0, 1.401298464324817e-44, 90.00015258789062, 1.401298464324817e-44, 125563.234375
0:00:04.178630, 0.0, 1.401298464324817e-44, 90.00015258789062, 1.401298464324817e-44, 125563.78125
0:00:04.417008, 0.0, 1.401298464324817e-44, 90.00015258789062, 1.401298464324817e-44, 125564.6484375
0:00:04.441850, 0.0, 1.401298464324817e-44, 90.00015258789062, 1.401298464324817e-44, 125565.375
0:00:04.553354, 0.0, 1.401298464324817e-44, 90.00015258789062, 1.401298464324817e-44, 125566.1015625
0:00:04.643439, 0.0, 1.401298464324817e-44, 90.00015258789062, 1.401298464324817e-44, 125566.7265625
0:00:04.756037, 0.0, 1.401298464324817e-44, 90.00015258789062, 1.401298464324817e-44, 125567.4375
0:00:04.870840, 0.0, 1.401298464324817e-44, 90.00015258789062, 1.401298464324817e-44, 125568.15625
0:00:05.267729, 0.0, 1.401298464324817e-44, 90.00015258789062, 1.401298464324817e-44, 125570.6640625
0:00:05.375848, 0.0, 1.401298464324817e-44, 90.00015258789062, 1.401298464324817e-44, 125571.34375
0:00:05.591407, 0.0, 1.401298464324817e-44, 90.00015258789062, 1.401298464324817e-44, 125572.2109375
0:00:05.621068, 0.0, 1.401298464324817e-44, 90.00015258789062, 1.401298464324817e-44, 125572.8515625
0:00:05.714313, 0.0, 1.401298464324817e-44, 90.00015258789062, 1.401298464324817e-44, 125573.484375
0:00:05.845770, 0.0, 1.401298464324817e-44, 90.00015258789062, 1.401298464324817e-44, 125574.2578125
0:00:05.934467, 0.0, 1.401298464324817e-44, 90.00015258789062, 1.401298464324817e-44, 125574.875
0:00:06.056641, 0.0, 1.401298464324817e-44, 90.00015258789062, 1.401298464324817e-44, 125575.640625
0:00:06.267999, 0.0, 1.401298464324817e-44, 90.00015258789062, 1.401298464324817e-44, 125576.453125
0:00:06.270799, 0.0, 1.401298464324817e-44, 90.00015258789062, 1.401298464324817e-44, 125576.9921875
0:00:06.388499, 0.0, 1.401298464324817e-44, 90.00015258789062, 1.401298464324817e-44, 125577.734375
0:00:06.501255, 0.0, 1.401298464324817e-44, 90.00015258789062, 1.401298464324817e-44, 125578.453125
0:00:06.615478, 0.0, 1.401298464324817e-44, 90.00015258789062, 1.401298464324817e-44, 125579.171875
0:00:06.732290, 0.0, 1.401298464324817e-44, 90.00015258789062, 1.401298464324817e-44, 125579.90625
0:00:06.818078, 0.0, 1.401298464324817e-44, 90.00015258789062, 1.401298464324817e-44, 125580.453125
0:00:06.941443, 0.0, 1.401298464324817e-44, 90.00015258789062, 1.401298464324817e-44, 125581.234375
0:00:07.057610, 0.0, 1.401298464324817e-44, 90.00015258789062, 1.401298464324817e-44, 125581.96875
0:00:07.155609, 0.0, 1.401298464324817e-44, 90.00015258789062, 1.401298464324817e-44, 125582.5859375
0:00:07.281851, 0.0, 1.401298464324817e-44, 90.00015258789062, 1.401298464324817e-44, 125583.390625
0:00:07.398939, 0.0, 1.401298464324817e-44, 90.00015258789062, 1.401298464324817e-44, 125584.125
0:00:07.497586, 0.0, 1.401298464324817e-44, 90.00015258789062, 1.401298464324817e-44, 125584.75
0:00:07.617685, 0.0, 1.401298464324817e-44, 90.00015258789062, 1.401298464324817e-44, 125585.4921875
0:00:07.734462, 0.0, 1.401298464324817e-44, 90.00015258789062, 1.401298464324817e-44, 125586.234375
0:00:07.834081, 0.0, 1.401298464324817e-44, 90.00015258789062, 1.401298464324817e-44, 125586.859375
0:00:07.938561, 0.0, 1.401298464324817e-44, 90.00015258789062, 1.401298464324817e-44, 125587.5078125
0:00:08.052460, 0.0, 1.401298464324817e-44, 90.00015258789062, 1.401298464324817e-44, 125588.234375
0:00:08.160816, 0.0, 1.401298464324817e-44, 90.00015258789062, 1.401298464324817e-44, 125588.921875
0:00:08.285865, 0.0, 1.401298464324817e-44, 90.00015258789062, 1.401298464324817e-44, 125589.7109375
0:00:08.407126, 0.0, 1.401298464324817e-44, 90.00015258789062, 1.401298464324817e-44, 125590.484375
0:00:08.505812, 0.0, 1.401298464324817e-44, 90.00015258789062, 1.401298464324817e-44, 125591.109375
0:00:08.620546, 0.0, 1.401298464324817e-44, 90.00015258789062, 1.401298464324817e-44, 125591.8359375
0:00:08.729291, 0.0, 1.401298464324817e-44, 90.00015258789062, 1.401298464324817e-44, 125592.515625
0:00:08.843768, 0.0, 1.401298464324817e-44, 90.00015258789062, 1.401298464324817e-44, 125593.2421875
0:00:08.958944, 0.0, 1.401298464324817e-44, 90.00015258789062, 1.401298464324817e-44, 125593.96875
0:00:09.084887, 0.0, 1.401298464324817e-44, 90.00015258789062, 1.401298464324817e-44, 125594.7578125
0:00:09.171511, 0.0, 1.401298464324817e-44, 90.00015258789062, 1.401298464324817e-44, 125595.3046875
0:00:09.287798, 0.0, 1.401298464324817e-44, 90.00015258789062, 1.401298464324817e-44, 125596.03125
0:00:09.375256, 0.0, 1.401298464324817e-44, 90.00015258789062, 1.401298464324817e-44, 125596.5859375
0:00:09.496253, 0.0, 1.401298464324817e-44, 90.00015258789062, 1.401298464324817e-44, 125597.3515625
0:00:21.350995, 0.0, 1.401298464324817e-44, 90.00015258789062, 1.401298464324817e-44, 125598.109375
0:00:21.866795, 0.0, 1.401298464324817e-44, 90.00015258789062, 1.401298464324817e-44, 125675.1015625
0:00:21.874667, 0.0, 1.401298464324817e-44, 90.00015258789062, 1.401298464324817e-44, 125675.671875
0:00:22.000939, 0.0, 1.401298464324817e-44, 90.00015258789062, 1.401298464324817e-44, 125676.46875
0:00:22.094345, 0.0, 1.401298464324817e-44, 90.00015258789062, 1.401298464324817e-44, 125677.0625
0:00:22.210667, 0.0, 1.401298464324817e-44, 90.00015258789062, 1.401298464324817e-44, 125677.796875
0:00:22.317081, 0.0, 1.401298464324817e-44, 90.00015258789062, 1.401298464324817e-44, 125678.46875
0:00:22.432041, 0.0, 1.401298464324817e-44, 90.00015258789062, 1.401298464324817e-44, 125679.1875
0:00:22.559375, 0.0, 1.401298464324817e-44, 90.00015258789062, 1.401298464324817e-44, 125680.0
0:00:22.677414, 0.0, 1.401298464324817e-44, 90.00015258789062, 1.401298464324817e-44, 125680.734375
0:00:22.784716, 0.0, 1.401298464324817e-44, 90.00015258789062, 1.401298464324817e-44, 125681.40625
0:00:22.882241, 0.0, 1.401298464324817e-44, 90.00015258789062, 1.401298464324817e-44, 125682.015625
0:00:22.998538, 0.0, 1.401298464324817e-44, 90.00015258789062, 1.401298464324817e-44, 125682.7421875
0:00:23.106417, 0.0, 1.401298464324817e-44, 90.00015258789062, 1.401298464324817e-44, 125683.421875
0:00:23.227230, 0.0, 1.401298464324817e-44, 90.00015258789062, 1.401298464324817e-44, 125684.1796875
0:00:23.339948, 0.0, 1.401298464324817e-44, 90.00015258789062, 1.401298464324817e-44, 125684.890625
0:00:23.466174, 0.0, 1.401298464324817e-44, 90.00015258789062, 1.401298464324817e-44, 125685.6796875
0:00:23.560885, 0.0, 1.401298464324817e-44, 90.00015258789062, 1.401298464324817e-44, 125686.28125
0:00:23.690457, 0.0, 1.401298464324817e-44, 90.00015258789062, 1.401298464324817e-44, 125687.09375
0:00:23.803028, 0.0, 1.401298464324817e-44, 90.00015258789062, 1.401298464324817e-44, 125687.8125
0:00:23.914325, 0.0, 1.401298464324817e-44, 90.00015258789062, 1.401298464324817e-44, 125688.5078125
0:00:24.008915, 0.0, 1.401298464324817e-44, 90.00015258789062, 1.401298464324817e-44, 125689.109375
0:00:24.115272, 0.0, 1.401298464324817e-44, 90.00015258789062, 1.401298464324817e-44, 125689.78125
0:00:24.239381, 0.0, 1.401298464324817e-44, 90.00015258789062, 1.401298464324817e-44, 125690.5625
0:00:24.353375, 0.0, 1.401298464324817e-44, 90.00015258789062, 1.401298464324817e-44, 125691.28125
0:00:24.468305, 0.0, 1.401298464324817e-44, 90.00015258789062, 1.401298464324817e-44, 125692.0078125
0:00:24.585417, 0.0, 1.401298464324817e-44, 90.00015258789062, 1.401298464324817e-44, 125692.7421875
0:00:24.693515, 0.0, 1.401298464324817e-44, 90.00015258789062, 1.401298464324817e-44, 125693.4375
0:00:24.792755, 0.0, 1.401298464324817e-44, 90.00015258789062, 1.401298464324817e-44, 125694.0546875
0:00:24.914102, 0.0, 1.401298464324817e-44, 90.00015258789062, 1.401298464324817e-44, 125694.8203125
0:00:25.039689, 0.0, 1.401298464324817e-44, 90.00015258789062, 1.401298464324817e-44, 125695.609375
0:00:25.152571, 0.0, 1.401298464324817e-44, 90.00015258789062, 1.401298464324817e-44, 125696.3203125
0:00:25.262785, 0.0, 1.401298464324817e-44, 90.00015258789062, 1.401298464324817e-44, 125697.0078125
0:00:25.360548, 0.0, 1.401298464324817e-44, 90.00015258789062, 1.401298464324817e-44, 125697.625
0:00:25.586403, 0.0, 1.401298464324817e-44, 90.00015258789062, 1.401298464324817e-44, 125698.5703125
0:00:25.595754, 0.0, 1.401298464324817e-44, 90.00015258789062, 1.401298464324817e-44, 125699.1171875
0:00:25.714694, 0.0, 1.401298464324817e-44, 90.00015258789062, 1.401298464324817e-44, 125699.8515625
0:00:25.813977, 0.0, 1.401298464324817e-44, 90.00015258789062, 1.401298464324817e-44, 125700.46875
0:00:25.953988, 0.0, 1.401298464324817e-44, 90.00015258789062, 1.401298464324817e-44, 125701.34375
0:00:26.164314, 0.0, 1.401298464324817e-44, 90.00015258789062, 1.401298464324817e-44, 125702.1484375
0:00:26.172398, 0.0, 1.401298464324817e-44, 90.00015258789062, 1.401298464324817e-44, 125702.71875
0:00:26.287304, 0.0, 1.401298464324817e-44, 90.00015258789062, 1.401298464324817e-44, 125703.453125
0:00:26.417325, 0.0, 1.401298464324817e-44, 90.00015258789062, 1.401298464324817e-44, 125704.1953125
0:00:26.504537, 0.0, 1.401298464324817e-44, 90.00015258789062, 1.401298464324817e-44, 125704.8046875
0:00:26.624636, 0.0, 1.401298464324817e-44, 90.00015258789062, 1.401298464324817e-44, 125705.5703125
0:00:26.846669, 0.0, 1.401298464324817e-44, 90.00015258789062, 1.401298464324817e-44, 125706.4375
0:00:26.854752, 0.0, 1.401298464324817e-44, 90.00015258789062, 1.401298464324817e-44, 125707.015625
0:00:26.968925, 0.0, 1.401298464324817e-44, 90.00015258789062, 1.401298464324817e-44, 125707.734375
0:00:27.080908, 0.0, 1.401298464324817e-44, 90.00015258789062, 1.401298464324817e-44, 125708.4375
0:00:27.196493, 0.0, 1.401298464324817e-44, 90.00015258789062, 1.401298464324817e-44, 125709.171875
0:00:27.307687, 0.0, 1.401298464324817e-44, 90.00015258789062, 1.401298464324817e-44, 125709.8828125
0:00:27.438641, 0.0, 1.401298464324817e-44, 90.00015258789062, 1.401298464324817e-44, 125710.6796875
0:00:27.541473, 0.0, 1.401298464324817e-44, 90.00015258789062, 1.401298464324817e-44, 125711.34375
0:00:27.666195, 0.0, 1.401298464324817e-44, 90.00015258789062, 1.401298464324817e-44, 125712.078125
0:00:27.755373, 0.0, 1.401298464324817e-44, 90.00015258789062, 1.401298464324817e-44, 125712.703125
0:00:27.883576, 0.0, 1.401298464324817e-44, 90.00015258789062, 1.401298464324817e-44, 125713.5078125
0:00:28.092401, 0.0, 1.401298464324817e-44, 90.00015258789062, 1.401298464324817e-44, 125714.28125
0:00:28.102957, 0.0, 1.401298464324817e-44, 90.00015258789062, 1.401298464324817e-44, 125714.8984375
0:00:28.228869, 0.0, 1.401298464324817e-44, 90.00015258789062, 1.401298464324817e-44, 125715.6640625
0:00:28.434000, 0.0, 1.401298464324817e-44, 90.00015258789062, 1.401298464324817e-44, 125716.4453125
0:00:28.535003, 0.0, 1.401298464324817e-44, 90.00015258789062, 1.401298464324817e-44, 125717.171875
0:00:28.563848, 0.0, 1.401298464324817e-44, 90.00015258789062, 1.401298464324817e-44, 125717.8046875
0:00:28.697265, 0.0, 1.401298464324817e-44, 90.00015258789062, 1.401298464324817e-44, 125718.59375
0:00:28.896620, 0.0, 1.401298464324817e-44, 90.00015258789062, 1.401298464324817e-44, 125719.3359375
0:00:28.924980, 0.0, 1.401298464324817e-44, 90.00015258789062, 1.401298464324817e-44, 125720.046875
0:00:29.014809, 0.0, 1.401298464324817e-44, 90.00015258789062, 1.401298464324817e-44, 125720.65625
0:00:29.150228, 0.0, 1.401298464324817e-44, 90.00015258789062, 1.401298464324817e-44, 125721.4609375
0:00:29.248422, 0.0, 1.401298464324817e-44, 90.00015258789062, 1.401298464324817e-44, 125722.1328125
0:00:29.373967, 0.0, 1.401298464324817e-44, 90.00015258789062, 1.401298464324817e-44, 125722.890625
0:00:29.463869, 0.0, 1.401298464324817e-44, 90.00015258789062, 1.401298464324817e-44, 125723.5
0:00:29.578480, 0.0, 1.401298464324817e-44, 90.00015258789062, 1.401298464324817e-44, 125724.2265625
0:00:29.698852, 0.0, 1.401298464324817e-44, 90.00015258789062, 1.401298464324817e-44, 125724.984375
0:00:29.923248, 0.0, 1.401298464324817e-44, 90.00015258789062, 1.401298464324817e-44, 125725.7578125
0:00:29.930369, 0.0, 1.401298464324817e-44, 90.00015258789062, 1.401298464324817e-44, 125726.4296875
0:00:30.053995, 0.0, 1.401298464324817e-44, 90.00015258789062, 1.401298464324817e-44, 125727.1640625
0:00:30.131335, 0.0, 1.401298464324817e-44, 90.00015258789062, 1.401298464324817e-44, 125727.703125
0:00:30.247127, 0.0, 1.401298464324817e-44, 90.00015258789062, 1.401298464324817e-44, 125728.4375
0:00:30.359012, 0.0, 1.401298464324817e-44, 90.00015258789062, 1.401298464324817e-44, 125729.1484375
0:00:30.482324, 0.0, 1.401298464324817e-44, 90.00015258789062, 1.401298464324817e-44, 125729.9296875
0:00:30.594749, 0.0, 1.401298464324817e-44, 90.00015258789062, 1.401298464324817e-44, 125730.640625
0:00:30.703560, 0.0, 1.401298464324817e-44, 90.00015258789062, 1.401298464324817e-44, 125731.328125
0:00:30.947526, 0.0, 1.401298464324817e-44, 90.00015258789062, 1.401298464324817e-44, 125732.296875
0:00:31.054850, 0.0, 1.401298464324817e-44, 90.00015258789062, 1.401298464324817e-44, 125733.0078125
0:00:31.157028, 0.0, 1.401298464324817e-44, 90.00015258789062, 1.401298464324817e-44, 125733.7421875
0:00:31.175408, 0.0, 1.401298464324817e-44, 90.00015258789062, 1.401298464324817e-44, 125734.3046875
0:00:31.274639, 0.0, 1.401298464324817e-44, 90.00015258789062, 1.401298464324817e-44, 125734.9296875
0:00:31.386008, 0.0, 1.401298464324817e-44, 90.00015258789062, 1.401298464324817e-44, 125735.6328125
0:00:31.605967, 0.0, 1.401298464324817e-44, 90.00015258789062, 1.401298464324817e-44, 125737.015625
0:00:31.704603, 0.0, 1.401298464324817e-44, 90.00015258789062, 1.401298464324817e-44, 125737.640625
0:00:31.804919, 0.0, 1.401298464324817e-44, 90.00015258789062, 1.401298464324817e-44, 125738.28125
0:00:31.941897, 0.0, 1.401298464324817e-44, 90.00015258789062, 1.401298464324817e-44, 125739.140625
0:00:32.054925, 0.0, 1.401298464324817e-44, 90.00015258789062, 1.401298464324817e-44, 125739.859375
0:00:32.166726, 0.0, 1.401298464324817e-44, 90.00015258789062, 1.401298464324817e-44, 125740.5703125
0:00:32.254635, 0.0, 1.401298464324817e-44, 90.00015258789062, 1.401298464324817e-44, 125741.109375
0:00:32.391509, 0.0, 1.401298464324817e-44, 90.00015258789062, 1.401298464324817e-44, 125741.9765625
0:00:32.501142, 0.0, 1.401298464324817e-44, 90.00015258789062, 1.401298464324817e-44, 125742.671875
0:00:32.612284, 0.0, 1.401298464324817e-44, 90.00015258789062, 1.401298464324817e-44, 125743.375
0:00:32.870649, 0.0, 1.401298464324817e-44, 90.00015258789062, 1.401298464324817e-44, 125744.4453125
0:00:32.970975, 0.0, 1.401298464324817e-44, 90.00015258789062, 1.401298464324817e-44, 125745.1796875
0:00:32.982501, 0.0, 1.401298464324817e-44, 90.00015258789062, 1.401298464324817e-44, 125745.71875
0:00:33.199935, 0.0, 1.401298464324817e-44, 90.00015258789062, 1.401298464324817e-44, 125746.578125
0:00:33.205830, 0.0, 1.401298464324817e-44, 90.00015258789062, 1.401298464324817e-44, 125747.125
0:00:33.434484, 0.0, 1.401298464324817e-44, 90.00015258789062, 1.401298464324817e-44, 125748.0234375
0:00:33.446584, 0.0, 1.401298464324817e-44, 90.00015258789062, 1.401298464324817e-44, 125748.6484375
0:00:33.544845, 0.0, 1.401298464324817e-44, 90.00015258789062, 1.401298464324817e-44, 125749.28125
0:00:33.679707, 0.0, 1.401298464324817e-44, 90.00015258789062, 1.401298464324817e-44, 125750.1015625
0:00:33.771231, 0.0, 1.401298464324817e-44, 90.00015258789062, 1.401298464324817e-44, 125750.7109375
0:00:33.889424, 0.0, 1.401298464324817e-44, 90.00015258789062, 1.401298464324817e-44, 125751.453125
0:00:33.982132, 0.0, 1.401298464324817e-44, 90.00015258789062, 1.401298464324817e-44, 125752.046875
0:00:34.097450, 0.0, 1.401298464324817e-44, 90.00015258789062, 1.401298464324817e-44, 125752.7734375
0:00:34.240337, 0.0, 1.401298464324817e-44, 90.00015258789062, 1.401298464324817e-44, 125753.640625
0:00:34.361801, 0.0, 1.401298464324817e-44, 90.00015258789062, 1.401298464324817e-44, 125754.375
0:00:34.471453, 0.0, 1.401298464324817e-44, 90.00015258789062, 1.401298464324817e-44, 125755.09375
0:00:34.567325, 0.0, 1.401298464324817e-44, 90.00015258789062, 1.401298464324817e-44, 125755.734375
0:00:34.656851, 0.0, 1.401298464324817e-44, 90.00015258789062, 1.401298464324817e-44, 125756.296875
0:00:34.777219, 0.0, 1.401298464324817e-44, 90.00015258789062, 1.401298464324817e-44, 125757.046875
0:00:34.872607, 0.0, 1.401298464324817e-44, 90.00015258789062, 1.401298464324817e-44, 125757.65625
0:00:35.008719, 0.0, 1.401298464324817e-44, 90.00015258789062, 1.401298464324817e-44, 125758.5078125
0:00:35.098579, 0.0, 1.401298464324817e-44, 90.00015258789062, 1.401298464324817e-44, 125759.0703125
0:00:35.225609, 0.0, 1.401298464324817e-44, 90.00015258789062, 1.401298464324817e-44, 125759.8671875
0:00:35.439541, 0.0, 1.401298464324817e-44, 90.00015258789062, 1.401298464324817e-44, 125760.7109375
0:00:35.455949, 0.0, 1.401298464324817e-44, 90.00015258789062, 1.401298464324817e-44, 125761.3203125
0:00:35.680572, 0.0, 1.401298464324817e-44, 90.00015258789062, 1.401298464324817e-44, 125762.2265625
0:00:35.702276, 0.0, 1.401298464324817e-44, 90.00015258789062, 1.401298464324817e-44, 125762.8359375
0:00:35.794160, 0.0, 1.401298464324817e-44, 90.00015258789062, 1.401298464324817e-44, 125763.4453125
0:00:35.902658, 0.0, 1.401298464324817e-44, 90.00015258789062, 1.401298464324817e-44, 125764.1171875
0:00:36.131038, 0.0, 1.401298464324817e-44, 90.00015258789062, 1.401298464324817e-44, 125765.0625
0:00:36.234005, 0.0, 1.401298464324817e-44, 90.00015258789062, 1.401298464324817e-44, 125765.7578125
0:00:36.254384, 0.0, 1.401298464324817e-44, 90.00015258789062, 1.401298464324817e-44, 125766.34375
0:00:36.467124, 0.0, 1.401298464324817e-44, 90.00015258789062, 1.401298464324817e-44, 125767.203125
0:00:36.485907, 0.0, 1.401298464324817e-44, 90.00015258789062, 1.401298464324817e-44, 125767.8125
