Time, Frequency, Amplitude, Offset, PhaseShift, Phase
0:00:00.104597, 0.0, 0.0, 90.0, 0.0, 131211.109375
0:00:00.221530, 0.0, 0.0, 90.0, 0.0, 131211.84375
0:00:00.303491, 0.0, 0.0, 90.0, 0.0, 131212.359375
0:00:00.411835, 0.0, 0.0, 90.0, 0.0, 131213.03125
0:00:00.511656, 0.0, 0.0, 90.0, 0.0, 131213.65625
0:00:00.611328, 0.0, 0.0, 90.0, 0.0, 131214.28125
0:00:00.703322, 0.0, 0.0, 90.0, 0.0, 131214.859375
0:00:00.813727, 0.0, 0.0, 90.0, 0.0, 131215.5625
0:00:00.908887, 0.0, 0.0, 90.0, 0.0, 131216.15625
0:00:01.023872, 0.0, 0.0, 90.0, 0.0, 131216.875
0:00:01.123213, 0.0, 0.0, 90.0, 0.0, 131217.515625
0:00:01.214201, 0.0, 0.0, 90.0, 0.0, 131218.078125
0:00:01.327060, 0.0, 0.0, 90.0, 0.0, 131218.78125
0:00:01.421335, 0.0, 0.0, 90.0, 0.0, 131219.359375
0:00:01.510036, 0.0, 0.0, 90.0, 0.0, 131219.921875
0:00:01.623056, 0.0, 0.0, 90.0, 0.0, 131220.625
0:00:01.722570, 0.0, 0.0, 90.0, 0.0, 131221.25
0:00:01.835490, 0.0, 0.0, 90.0, 0.0, 131221.96875
0:00:01.919067, 0.0, 0.0, 90.0, 0.0, 131222.484375
0:00:02.033060, 0.0, 0.0, 90.0, 0.0, 131223.203125
0:00:02.133397, 0.0, 0.0, 90.0, 0.0, 131223.828125
0:00:02.226724, 0.0, 0.0, 90.0, 0.0, 131224.40625
0:00:02.322466, 0.0, 0.0, 90.0, 0.0, 131225.0
0:00:02.433488, 0.0, 0.0, 90.0, 0.0, 131225.703125
0:00:02.542799, 0.0, 0.0, 90.0, 0.0, 131226.390625
0:00:02.635618, 0.0, 0.0, 90.0, 0.0, 131226.96875
0:00:02.733205, 0.0, 0.0, 90.0, 0.0, 131227.59375
0:00:02.823759, 0.0, 0.0, 90.0, 0.0, 131228.15625
0:00:02.950795, 0.0, 0.0, 90.0, 0.0, 131228.953125
0:00:03.027728, 0.0, 0.0, 90.0, 0.0, 131229.421875
0:00:03.142694, 0.0, 0.0, 90.0, 0.0, 131230.140625
0:00:03.230251, 0.0, 0.0, 90.0, 0.0, 131230.6875
0:00:03.345205, 0.0, 0.0, 90.0, 0.0, 131231.40625
0:00:03.443563, 0.0, 0.0, 90.0, 0.0, 131232.015625
0:00:03.544049, 0.0, 0.0, 90.0, 0.0, 131232.640625
0:00:03.632618, 0.0, 0.0, 90.0, 0.0, 131233.1875
0:00:03.746520, 0.0, 0.0, 90.0, 0.0, 131233.90625
0:00:03.857070, 0.0, 0.0, 90.0, 0.0, 131234.59375
0:00:03.942637, 0.0, 0.0, 90.0, 0.0, 131235.125
0:00:04.040513, 0.0, 0.0, 90.0, 0.0, 131235.734375
0:00:04.155520, 0.0, 0.0, 90.0, 0.0, 131236.46875
0:00:04.243073, 0.0, 0.0, 90.0, 0.0, 131237.015625
0:00:04.363067, 0.0, 0.0, 90.0, 0.0, 131237.765625
0:00:04.450633, 0.0, 0.0, 90.0, 0.0, 131238.3125
0:00:04.564542, 0.0, 0.0, 90.0, 0.0, 131239.03125
0:00:04.646552, 0.0, 0.0, 90.0, 0.0, 131239.546875
0:00:04.758415, 0.0, 0.0, 90.0, 0.0, 131240.234375
0:00:04.847076, 0.0, 0.0, 90.0, 0.0, 131240.78125
0:00:04.961035, 0.0, 0.0, 90.0, 0.0, 131241.484375
0:00:05.048562, 0.0, 0.0, 90.0, 0.0, 131242.046875
0:00:05.164585, 0.0, 0.0, 90.0, 0.0, 131242.765625
0:00:05.253080, 0.0, 0.0, 90.0, 0.0, 131243.3125
0:00:05.377075, 0.0, 0.0, 90.0, 0.0, 131244.09375
0:00:05.475770, 0.0, 0.0, 90.0, 0.0, 131244.703125
0:00:05.575208, 0.0, 0.0, 90.0, 0.0, 131245.328125
0:00:05.666011, 0.0, 0.0, 90.0, 0.0, 131245.890625
0:00:05.774234, 0.0, 0.0, 90.0, 0.0, 131246.5625
0:00:05.874903, 0.0, 0.0, 90.0, 0.0, 131247.1875
0:00:05.969663, 0.0, 0.0, 90.0, 0.0, 131247.78125
0:00:06.085609, 0.0, 0.0, 90.0, 0.0, 131248.5
0:00:06.174084, 0.0, 0.0, 90.0, 0.0, 131249.046875
0:00:06.274827, 0.0, 0.0, 90.0, 0.0, 131249.6875
0:00:06.374314, 0.0, 0.0, 90.0, 0.0, 131250.3125
0:00:06.489233, 0.0, 0.0, 90.0, 0.0, 131251.03125
0:00:06.576731, 0.0, 0.0, 90.0, 0.0, 131251.578125
0:00:06.673428, 0.0, 0.0, 90.0, 0.0, 131252.1875
0:00:06.774132, 0.0, 0.0, 90.0, 0.0, 131252.828125
0:00:06.888096, 0.0, 0.0, 90.0, 0.0, 131253.546875
0:00:06.985893, 0.0, 0.0, 90.0, 0.0, 131254.15625
0:00:07.072518, 0.0, 0.0, 90.0, 0.0, 131254.703125
0:00:07.197581, 0.0, 0.0, 90.0, 0.0, 131255.484375
0:00:07.282114, 0.0, 0.0, 90.0, 0.0, 131256.015625
0:00:07.395039, 0.0, 0.0, 90.0, 0.0, 131256.71875
0:00:07.477010, 0.0, 0.0, 90.0, 0.0, 131257.234375
0:00:07.588919, 0.0, 0.0, 90.0, 0.0, 131257.9375
0:00:07.684681, 0.0, 0.0, 90.0, 0.0, 131258.53125
0:00:07.797568, 0.0, 0.0, 90.0, 0.0, 131259.234375
0:00:07.895886, 0.0, 0.0, 90.0, 0.0, 131259.84375
0:00:07.994546, 0.0, 0.0, 90.0, 0.0, 131260.46875
0:00:08.095268, 0.0, 0.0, 90.0, 0.0, 131261.109375
0:00:08.204560, 0.0, 0.0, 90.0, 0.0, 131261.796875
0:00:08.297107, 0.0, 0.0, 90.0, 0.0, 131262.375
0:00:08.409123, 0.0, 0.0, 90.0, 0.0, 131263.0625
0:00:08.492568, 0.0, 0.0, 90.0, 0.0, 131263.59375
0:00:08.605517, 0.0, 0.0, 90.0, 0.0, 131264.296875
0:00:08.705793, 0.0, 0.0, 90.0, 0.0, 131264.921875
0:00:08.790255, 0.0, 0.0, 90.0, 0.0, 131265.453125
0:00:08.909400, 0.0, 0.0, 90.0, 0.0, 131266.1875
0:00:09.007096, 0.0, 0.0, 90.0, 0.0, 131266.796875
0:00:09.118083, 0.0, 0.0, 90.0, 0.0, 131267.484375
0:00:09.206676, 0.0, 0.0, 90.0, 0.0, 131268.046875
0:00:09.319584, 0.0, 0.0, 90.0, 0.0, 131268.75
0:00:09.407109, 0.0, 0.0, 90.0, 0.0, 131269.296875
0:00:09.505570, 0.0, 0.0, 90.0, 0.0, 131269.90625
0:00:09.597274, 0.0, 0.0, 90.0, 0.0, 131270.484375
0:00:09.705560, 0.0, 0.0, 90.0, 0.0, 131271.15625
0:00:09.803286, 0.0, 0.0, 90.0, 0.0, 131271.765625
0:00:09.914576, 0.0, 0.0, 90.0, 0.0, 131272.46875
0:00:10.002161, 0.0, 0.0, 90.0, 0.0, 131273.03125
0:00:10.114153, 0.0, 0.0, 90.0, 0.0, 131273.734375
0:00:10.227064, 0.0, 0.0, 90.0, 0.0, 131274.4375
0:00:10.310627, 0.0, 0.0, 90.0, 0.0, 131274.953125
0:00:10.421572, 0.0, 0.0, 90.0, 0.0, 131275.65625
0:00:10.508231, 0.0, 0.0, 90.0, 0.0, 131276.1875
0:00:10.622125, 0.0, 0.0, 90.0, 0.0, 131276.890625
0:00:10.735044, 0.0, 0.0, 90.0, 0.0, 131277.59375
0:00:10.833635, 0.0, 0.0, 90.0, 0.0, 131278.203125
0:00:10.912683, 0.0, 0.0, 90.0, 0.0, 131278.6875
0:00:11.026730, 0.0, 0.0, 90.0, 0.0, 131279.390625
0:00:11.126140, 0.0, 0.0, 90.0, 0.0, 131280.015625
0:00:11.239092, 0.0, 0.0, 90.0, 0.0, 131280.734375
0:00:11.336565, 0.0, 0.0, 90.0, 0.0, 131281.359375
0:00:11.428322, 0.0, 0.0, 90.0, 0.0, 131281.9375
0:00:11.513909, 0.0, 0.0, 90.0, 0.0, 131282.46875
0:00:11.628827, 0.0, 0.0, 90.0, 0.0, 131283.1875
0:00:11.742778, 0.0, 0.0, 90.0, 0.0, 131283.90625
0:00:11.829410, 0.0, 0.0, 90.0, 0.0, 131284.4375
0:00:11.925769, 0.0, 0.0, 90.0, 0.0, 131285.046875
0:00:12.022430, 0.0, 0.0, 90.0, 0.0, 131285.640625
0:00:12.138434, 0.0, 0.0, 90.0, 0.0, 131286.375
0:00:12.220634, 0.0, 0.0, 90.0, 0.0, 131286.890625
0:00:12.343756, 0.0, 0.0, 90.0, 0.0, 131287.671875
0:00:12.427319, 0.0, 0.0, 90.0, 0.0, 131288.1875
0:00:12.526440, 0.0, 0.0, 90.0, 0.0, 131288.8125
0:00:12.630161, 0.0, 0.0, 90.0, 0.0, 131289.46875
0:00:12.752288, 0.0, 0.0, 90.0, 0.0, 131290.234375
0:00:12.847790, 0.0, 0.0, 90.0, 0.0, 131290.828125
0:00:12.945465, 0.0, 0.0, 90.0, 0.0, 131291.4375
0:00:13.033139, 0.0, 0.0, 90.0, 0.0, 131291.984375
0:00:13.151139, 0.0, 0.0, 90.0, 0.0, 131292.71875
0:00:13.236646, 0.0, 0.0, 90.0, 0.0, 131293.265625
0:00:13.345931, 0.0, 0.0, 90.0, 0.0, 131293.9375
0:00:13.442773, 0.0, 0.0, 90.0, 0.0, 131294.546875
0:00:13.557696, 0.0, 0.0, 90.0, 0.0, 131295.265625
0:00:13.657332, 0.0, 0.0, 90.0, 0.0, 131295.890625
0:00:13.747844, 0.0, 0.0, 90.0, 0.0, 131296.453125
0:00:13.841887, 0.0, 0.0, 90.0, 0.0, 131297.046875
0:00:13.938305, 0.0, 0.0, 90.0, 0.0, 131297.65625
0:00:14.038639, 0.0, 0.0, 90.0, 0.0, 131298.28125
0:00:14.167164, 0.0, 0.0, 90.0, 0.0, 131299.09375
0:00:14.256761, 0.0, 0.0, 90.0, 0.0, 131299.65625
0:00:14.344306, 0.0, 0.0, 90.0, 0.0, 131300.203125
0:00:14.458294, 0.0, 0.0, 90.0, 0.0, 131300.90625
0:00:14.544913, 0.0, 0.0, 90.0, 0.0, 131301.4375
0:00:14.658817, 0.0, 0.0, 90.0, 0.0, 131302.140625
0:00:14.757563, 0.0, 0.0, 90.0, 0.0, 131302.765625
0:00:14.856977, 0.0, 0.0, 90.0, 0.0, 131303.390625
0:00:14.972993, 0.0, 0.0, 90.0, 0.0, 131304.125
0:00:15.068722, 0.0, 0.0, 90.0, 0.0, 131304.71875
0:00:15.164794, 0.0, 0.0, 90.0, 0.0, 131305.328125
0:00:15.269436, 0.0, 0.0, 90.0, 0.0, 131305.984375
0:00:15.362196, 0.0, 0.0, 90.0, 0.0, 131306.5625
0:00:15.449756, 0.0, 0.0, 90.0, 0.0, 131307.109375
0:00:15.564663, 0.0, 0.0, 90.0, 0.0, 131307.84375
0:00:15.678607, 0.0, 0.0, 90.0, 0.0, 131308.546875
0:00:15.766202, 0.0, 0.0, 90.0, 0.0, 131309.09375
0:00:15.871449, 0.0, 0.0, 90.0, 0.0, 131309.75
0:00:15.957166, 0.0, 0.0, 90.0, 0.0, 131310.296875
0:00:16.068088, 0.0, 0.0, 90.0, 0.0, 131311.0
0:00:16.177332, 0.0, 0.0, 90.0, 0.0, 131311.6875
0:00:16.271505, 0.0, 0.0, 90.0, 0.0, 131312.265625
0:00:16.364881, 0.0, 0.0, 90.0, 0.0, 131312.859375
0:00:16.478706, 0.0, 0.0, 90.0, 0.0, 131313.578125
0:00:16.564293, 0.0, 0.0, 90.0, 0.0, 131314.109375
0:00:16.678174, 0.0, 0.0, 90.0, 0.0, 131314.8125
0:00:16.779625, 0.0, 0.0, 90.0, 0.0, 131315.453125
0:00:16.878008, 0.0, 0.0, 90.0, 0.0, 131316.0625
0:00:16.990963, 0.0, 0.0, 90.0, 0.0, 131316.765625
0:00:17.078601, 0.0, 0.0, 90.0, 0.0, 131317.3125
0:00:17.177993, 0.0, 0.0, 90.0, 0.0, 131317.953125
0:00:17.269987, 0.0, 0.0, 90.0, 0.0, 131318.53125
0:00:17.379335, 0.0, 0.0, 90.0, 0.0, 131319.203125
0:00:17.477632, 0.0, 0.0, 90.0, 0.0, 131319.8125
0:00:17.592690, 0.0, 0.0, 90.0, 0.0, 131320.53125
0:00:17.688732, 0.0, 0.0, 90.0, 0.0, 131321.140625
0:00:17.779185, 0.0, 0.0, 90.0, 0.0, 131321.703125
0:00:17.893136, 0.0, 0.0, 90.0, 0.0, 131322.40625
0:00:17.979711, 0.0, 0.0, 90.0, 0.0, 131322.953125
0:00:18.095635, 0.0, 0.0, 90.0, 0.0, 131323.671875
0:00:18.210652, 0.0, 0.0, 90.0, 0.0, 131324.390625
0:00:18.278719, 0.0, 0.0, 90.0, 0.0, 131324.8125
0:00:18.393676, 0.0, 0.0, 90.0, 0.0, 131325.53125
0:00:18.508650, 0.0, 0.0, 90.0, 0.0, 131326.265625
0:00:18.590662, 0.0, 0.0, 90.0, 0.0, 131326.765625
0:00:18.702598, 0.0, 0.0, 90.0, 0.0, 131327.46875
0:00:18.819682, 0.0, 0.0, 90.0, 0.0, 131328.203125
0:00:18.898595, 0.0, 0.0, 90.0, 0.0, 131328.6875
0:00:18.989423, 0.0, 0.0, 90.0, 0.0, 131329.265625
0:00:19.102249, 0.0, 0.0, 90.0, 0.0, 131329.984375
0:00:19.216423, 0.0, 0.0, 90.0, 0.0, 131330.703125
0:00:19.316844, 0.0, 0.0, 90.0, 0.0, 131331.328125
0:00:19.398745, 0.0, 0.0, 90.0, 0.0, 131331.84375
0:00:19.502352, 0.0, 0.0, 90.0, 0.0, 131332.484375
0:00:19.614238, 0.0, 0.0, 90.0, 0.0, 131333.1875
0:00:19.710510, 0.0, 0.0, 90.0, 0.0, 131333.796875
0:00:19.809330, 0.0, 0.0, 90.0, 0.0, 131334.40625
0:00:19.915562, 0.0, 0.0, 90.0, 0.0, 131335.0625
0:00:20.002211, 0.0, 0.0, 90.0, 0.0, 131335.609375
0:00:20.117202, 0.0, 0.0, 90.0, 0.0, 131336.328125
0:00:20.230199, 0.0, 0.0, 90.0, 0.0, 131337.03125
0:00:20.320895, 0.0, 0.0, 90.0, 0.0, 131337.59375
0:00:20.405494, 0.0, 0.0, 90.0, 0.0, 131338.125
0:00:20.520365, 0.0, 0.0, 90.0, 0.0, 131338.84375
0:00:20.609005, 0.0, 0.0, 90.0, 0.0, 131339.40625
0:00:20.721940, 0.0, 0.0, 90.0, 0.0, 131340.125
0:00:20.809480, 0.0, 0.0, 90.0, 0.0, 131340.6875
0:00:20.929522, 0.0, 0.0, 90.0, 0.0, 131341.4375
0:00:21.017224, 0.0, 0.0, 90.0, 0.0, 131341.984375
0:00:21.126504, 0.0, 0.0, 90.0, 0.0, 131342.671875
0:00:21.213155, 0.0, 0.0, 90.0, 0.0, 131343.203125
0:00:21.339171, 0.0, 0.0, 90.0, 0.0, 131343.984375
0:00:21.426767, 0.0, 0.0, 90.0, 0.0, 131344.53125
0:00:21.539663, 0.0, 0.0, 90.0, 0.0, 131345.234375
0:00:21.625213, 0.0, 0.0, 90.0, 0.0, 131345.765625
0:00:21.732492, 0.0, 0.0, 90.0, 0.0, 131346.4375
0:00:21.845493, 0.0, 0.0, 90.0, 0.0, 131347.15625
0:00:21.938185, 0.0, 0.0, 90.0, 0.0, 131347.734375
0:00:22.024773, 0.0, 0.0, 90.0, 0.0, 131348.28125
0:00:22.121474, 0.0, 0.0, 90.0, 0.0, 131348.890625
0:00:22.227768, 0.0, 0.0, 90.0, 0.0, 131349.5625
0:00:22.341773, 0.0, 0.0, 90.0, 0.0, 131350.28125
0:00:22.439897, 0.0, 0.0, 90.0, 0.0, 131350.90625
0:00:22.540512, 0.0, 0.0, 90.0, 0.0, 131351.53125
0:00:22.632331, 0.0, 0.0, 90.0, 0.0, 131352.109375
0:00:22.748423, 0.0, 0.0, 90.0, 0.0, 131352.828125
0:00:22.833920, 0.0, 0.0, 90.0, 0.0, 131353.359375
0:00:22.941218, 0.0, 0.0, 90.0, 0.0, 131354.03125
0:00:23.057245, 0.0, 0.0, 90.0, 0.0, 131354.765625
0:00:23.145789, 0.0, 0.0, 90.0, 0.0, 131355.3125
0:00:23.266389, 0.0, 0.0, 90.0, 0.0, 131356.0625
0:00:23.355034, 0.0, 0.0, 90.0, 0.0, 131356.609375
0:00:23.469861, 0.0, 0.0, 90.0, 0.0, 131357.34375
0:00:23.570489, 0.0, 0.0, 90.0, 0.0, 131357.96875
0:00:23.641768, 0.0, 0.0, 90.0, 0.0, 131358.421875
0:00:23.759858, 0.0, 0.0, 90.0, 0.0, 131359.140625
0:00:23.860394, 0.0, 0.0, 90.0, 0.0, 131359.765625
0:00:23.943412, 0.0, 0.0, 90.0, 0.0, 131360.28125
0:00:24.055354, 0.0, 0.0, 90.0, 0.0, 131360.984375
0:00:24.170238, 0.0, 0.0, 90.0, 0.0, 131361.71875
0:00:24.263545, 0.0, 0.0, 90.0, 0.0, 131362.296875
0:00:24.348956, 0.0, 0.0, 90.0, 0.0, 131362.828125
0:00:24.458338, 0.0, 0.0, 90.0, 0.0, 131363.5
0:00:24.563574, 0.0, 0.0, 90.0, 0.0, 131364.15625
0:00:24.660900, 0.0, 0.0, 90.0, 0.0, 131364.765625
0:00:24.754159, 0.0, 0.0, 90.0, 0.0, 131365.34375
0:00:24.867102, 0.0, 0.0, 90.0, 0.0, 131366.0625
0:00:24.981000, 0.0, 0.0, 90.0, 0.0, 131366.78125
0:00:25.068536, 0.0, 0.0, 90.0, 0.0, 131367.328125
0:00:25.172793, 0.0, 0.0, 90.0, 0.0, 131367.984375
0:00:25.283117, 0.0, 0.0, 90.0, 0.0, 131368.6875
0:00:25.380782, 0.0, 0.0, 90.0, 0.0, 131369.28125
0:00:25.482427, 0.0, 0.0, 90.0, 0.0, 131369.90625
0:00:25.572066, 0.0, 0.0, 90.0, 0.0, 131370.46875
0:00:25.685061, 0.0, 0.0, 90.0, 0.0, 131371.171875
0:00:25.771598, 0.0, 0.0, 90.0, 0.0, 131371.71875
0:00:25.893790, 0.0, 0.0, 90.0, 0.0, 131372.484375
0:00:25.989274, 0.0, 0.0, 90.0, 0.0, 131373.078125
0:00:26.075760, 0.0, 0.0, 90.0, 0.0, 131373.625
0:00:26.173131, 0.0, 0.0, 90.0, 0.0, 131374.25
0:00:26.272697, 0.0, 0.0, 90.0, 0.0, 131374.875
0:00:26.401556, 0.0, 0.0, 90.0, 0.0, 131375.6875
0:00:26.502463, 0.0, 0.0, 90.0, 0.0, 131376.328125
0:00:26.584507, 0.0, 0.0, 90.0, 0.0, 131376.828125
0:00:26.695419, 0.0, 0.0, 90.0, 0.0, 131377.515625
0:00:26.793071, 0.0, 0.0, 90.0, 0.0, 131378.140625
0:00:26.880682, 0.0, 0.0, 90.0, 0.0, 131378.6875
0:00:27.000122, 0.0, 0.0, 90.0, 0.0, 131379.421875
0:00:27.082705, 0.0, 0.0, 90.0, 0.0, 131379.953125
0:00:27.198699, 0.0, 0.0, 90.0, 0.0, 131380.6875
0:00:27.286271, 0.0, 0.0, 90.0, 0.0, 131381.234375
0:00:27.400105, 0.0, 0.0, 90.0, 0.0, 131381.9375
0:00:27.506554, 0.0, 0.0, 90.0, 0.0, 131382.59375
0:00:27.591781, 0.0, 0.0, 90.0, 0.0, 131383.125
0:00:27.692417, 0.0, 0.0, 90.0, 0.0, 131383.765625
0:00:27.787087, 0.0, 0.0, 90.0, 0.0, 131384.359375
0:00:27.899065, 0.0, 0.0, 90.0, 0.0, 131385.0625
0:00:28.007009, 0.0, 0.0, 90.0, 0.0, 131385.734375
0:00:28.104447, 0.0, 0.0, 90.0, 0.0, 131386.34375
0:00:28.202316, 0.0, 0.0, 90.0, 0.0, 131386.953125
0:00:28.302964, 0.0, 0.0, 90.0, 0.0, 131387.578125
0:00:28.413594, 0.0, 0.0, 90.0, 0.0, 131388.265625
0:00:28.512085, 0.0, 0.0, 90.0, 0.0, 131388.890625
0:00:28.596729, 0.0, 0.0, 90.0, 0.0, 131389.421875
0:00:28.722582, 0.0, 0.0, 90.0, 0.0, 131390.203125
0:00:28.809212, 0.0, 0.0, 90.0, 0.0, 131390.75
0:00:28.921059, 0.0, 0.0, 90.0, 0.0, 131391.453125
0:00:29.028277, 0.0, 0.0, 90.0, 0.0, 131392.140625
0:00:29.114876, 0.0, 0.0, 90.0, 0.0, 131392.6875
0:00:29.203422, 0.0, 0.0, 90.0, 0.0, 131393.25
0:00:29.316444, 0.0, 0.0, 90.0, 0.0, 131393.953125
0:00:29.403977, 0.0, 0.0, 90.0, 0.0, 131394.5
0:00:29.516879, 0.0, 0.0, 90.0, 0.0, 131395.21875
0:00:29.607544, 0.0, 0.0, 90.0, 0.0, 131395.78125
0:00:29.731323, 0.0, 0.0, 90.0, 0.0, 131396.5625
0:00:29.817924, 0.0, 0.0, 90.0, 0.0, 131397.109375
0:00:29.909429, 0.0, 0.0, 90.0, 0.0, 131397.6875
0:00:30.024455, 0.0, 0.0, 90.0, 0.0, 131398.40625
0:00:30.125852, 0.0, 0.0, 90.0, 0.0, 131399.03125
0:00:30.217688, 0.0, 0.0, 90.0, 0.0, 131399.609375
0:00:30.340576, 0.0, 0.0, 90.0, 0.0, 131400.375
0:00:30.427198, 0.0, 0.0, 90.0, 0.0, 131400.921875
0:00:30.544068, 0.0, 0.0, 90.0, 0.0, 131401.671875
0:00:30.642436, 0.0, 0.0, 90.0, 0.0, 131402.265625
0:00:30.722477, 0.0, 0.0, 90.0, 0.0, 131402.75
0:00:30.836473, 0.0, 0.0, 90.0, 0.0, 131403.46875
0:00:30.934296, 0.0, 0.0, 90.0, 0.0, 131404.078125
0:00:31.034037, 0.0, 0.0, 90.0, 0.0, 131404.703125
0:00:31.149022, 0.0, 0.0, 90.0, 0.0, 131405.4375
0:00:31.229914, 0.0, 0.0, 90.0, 0.0, 131405.9375
0:00:31.343935, 0.0, 0.0, 90.0, 0.0, 131406.65625
0:00:31.444441, 0.0, 0.0, 90.0, 0.0, 131407.28125
0:00:31.543275, 0.0, 0.0, 90.0, 0.0, 131407.90625
0:00:31.636252, 0.0, 0.0, 90.0, 0.0, 131408.484375
0:00:31.745614, 0.0, 0.0, 90.0, 0.0, 131409.15625
0:00:31.838090, 0.0, 0.0, 90.0, 0.0, 131409.734375
0:00:31.933765, 0.0, 0.0, 90.0, 0.0, 131410.34375
0:00:32.044710, 0.0, 0.0, 90.0, 0.0, 131411.03125
0:00:32.154057, 0.0, 0.0, 90.0, 0.0, 131411.703125
0:00:32.256987, 0.0, 0.0, 90.0, 0.0, 131412.359375
0:00:32.341606, 0.0, 0.0, 90.0, 0.0, 131412.890625
0:00:32.448874, 0.0, 0.0, 90.0, 0.0, 131413.5625
0:00:32.564945, 0.0, 0.0, 90.0, 0.0, 131414.28125
0:00:32.646795, 0.0, 0.0, 90.0, 0.0, 131414.796875
0:00:32.758750, 0.0, 0.0, 90.0, 0.0, 131415.5
0:00:32.851450, 0.0, 0.0, 90.0, 0.0, 131416.078125
0:00:32.965458, 0.0, 0.0, 90.0, 0.0, 131416.796875
0:00:33.066141, 0.0, 0.0, 90.0, 0.0, 131417.4375
0:00:33.164312, 0.0, 0.0, 90.0, 0.0, 131418.046875
0:00:33.258100, 0.0, 0.0, 90.0, 0.0, 131418.640625
0:00:33.375159, 0.0, 0.0, 90.0, 0.0, 131419.375
0:00:33.467747, 0.0, 0.0, 90.0, 0.0, 131419.953125
0:00:33.574683, 0.0, 0.0, 90.0, 0.0, 131420.625
0:00:33.666840, 0.0, 0.0, 90.0, 0.0, 131421.1875
0:00:33.780825, 0.0, 0.0, 90.0, 0.0, 131421.890625
0:00:33.857764, 0.0, 0.0, 90.0, 0.0, 131422.375
0:00:33.975851, 0.0, 0.0, 90.0, 0.0, 131423.125
0:00:34.086106, 0.0, 0.0, 90.0, 0.0, 131423.8125
0:00:34.174648, 0.0, 0.0, 90.0, 0.0, 131424.359375
0:00:34.285667, 0.0, 0.0, 90.0, 0.0, 131425.046875
0:00:34.395970, 0.0, 0.0, 90.0, 0.0, 131425.734375
0:00:34.464412, 0.0, 0.0, 90.0, 0.0, 131426.15625
0:00:34.585868, 0.0, 0.0, 90.0, 0.0, 131426.90625
0:00:34.674442, 0.0, 0.0, 90.0, 0.0, 131427.453125
0:00:34.789490, 0.0, 0.0, 90.0, 0.0, 131428.171875
0:00:34.876057, 0.0, 0.0, 90.0, 0.0, 131428.703125
0:00:34.986320, 0.0, 0.0, 90.0, 0.0, 131429.40625
0:00:35.077356, 0.0, 0.0, 90.0, 0.0, 131429.96875
0:00:35.190340, 0.0, 0.0, 90.0, 0.0, 131430.671875
0:00:35.298511, 0.0, 0.0, 90.0, 0.0, 131431.359375
0:00:35.395944, 0.0, 0.0, 90.0, 0.0, 131431.984375
0:00:35.495484, 0.0, 0.0, 90.0, 0.0, 131432.609375
0:00:35.608479, 0.0, 0.0, 90.0, 0.0, 131433.3125
0:00:35.689499, 0.0, 0.0, 90.0, 0.0, 131433.828125
0:00:35.816580, 0.0, 0.0, 90.0, 0.0, 131434.625
0:00:35.903047, 0.0, 0.0, 90.0, 0.0, 131435.15625
0:00:36.006353, 0.0, 0.0, 90.0, 0.0, 131435.796875
0:00:36.094897, 0.0, 0.0, 90.0, 0.0, 131436.34375
0:00:36.187638, 0.0, 0.0, 90.0, 0.0, 131436.921875
0:00:36.301757, 0.0, 0.0, 90.0, 0.0, 131437.640625
0:00:36.417782, 0.0, 0.0, 90.0, 0.0, 131438.359375
0:00:36.514492, 0.0, 0.0, 90.0, 0.0, 131438.953125
0:00:36.615252, 0.0, 0.0, 90.0, 0.0, 131439.578125
0:00:36.707252, 0.0, 0.0, 90.0, 0.0, 131440.15625
0:00:36.815613, 0.0, 0.0, 90.0, 0.0, 131440.84375
0:00:36.912759, 0.0, 0.0, 90.0, 0.0, 131441.453125
0:00:37.022205, 0.0, 0.0, 90.0, 0.0, 131442.140625
0:00:37.106632, 0.0, 0.0, 90.0, 0.0, 131442.671875
0:00:37.203150, 0.0, 0.0, 90.0, 0.0, 131443.265625
0:00:37.319183, 0.0, 0.0, 90.0, 0.0, 131444.0
0:00:37.403492, 0.0, 0.0, 90.0, 0.0, 131444.53125
0:00:37.520645, 0.0, 0.0, 90.0, 0.0, 131445.265625
0:00:37.617313, 0.0, 0.0, 90.0, 0.0, 131445.859375
0:00:37.713964, 0.0, 0.0, 90.0, 0.0, 131446.453125
0:00:37.830902, 0.0, 0.0, 90.0, 0.0, 131447.171875
0:00:37.927873, 0.0, 0.0, 90.0, 0.0, 131447.78125
0:00:38.020340, 0.0, 0.0, 90.0, 0.0, 131448.359375
0:00:38.132331, 0.0, 0.0, 90.0, 0.0, 131449.046875
0:00:38.218805, 0.0, 0.0, 90.0, 0.0, 131449.59375
0:00:38.315642, 0.0, 0.0, 90.0, 0.0, 131450.203125
0:00:38.434029, 0.0, 0.0, 90.0, 0.0, 131450.9375
0:00:38.522674, 0.0, 0.0, 90.0, 0.0, 131451.484375
0:00:38.636684, 0.0, 0.0, 90.0, 0.0, 131452.1875
0:00:38.725283, 0.0, 0.0, 90.0, 0.0, 131452.75
0:00:38.820800, 0.0, 0.0, 90.0, 0.0, 131453.34375
0:00:38.934659, 0.0, 0.0, 90.0, 0.0, 131454.046875
0:00:39.043939, 0.0, 0.0, 90.0, 0.0, 131454.71875
0:00:39.120929, 0.0, 0.0, 90.0, 0.0, 131455.203125
0:00:39.247510, 0.0, 0.0, 90.0, 0.0, 131456.0
0:00:39.328504, 0.0, 0.0, 90.0, 0.0, 131456.515625
0:00:39.444513, 0.0, 0.0, 90.0, 0.0, 131457.25
0:00:39.532065, 0.0, 0.0, 90.0, 0.0, 131457.796875
0:00:39.644019, 0.0, 0.0, 90.0, 0.0, 131458.5
0:00:39.728756, 0.0, 0.0, 90.0, 0.0, 131459.03125
0:00:39.844830, 0.0, 0.0, 90.0, 0.0, 131459.765625
0:00:39.932373, 0.0, 0.0, 90.0, 0.0, 131460.3125
0:00:40.046368, 0.0, 0.0, 90.0, 0.0, 131461.015625
0:00:40.143355, 0.0, 0.0, 90.0, 0.0, 131461.609375
0:00:40.232911, 0.0, 0.0, 90.0, 0.0, 131462.171875
0:00:40.348910, 0.0, 0.0, 90.0, 0.0, 131462.90625
0:00:40.436524, 0.0, 0.0, 90.0, 0.0, 131463.46875
0:00:40.534149, 0.0, 0.0, 90.0, 0.0, 131464.078125
0:00:40.637495, 0.0, 0.0, 90.0, 0.0, 131464.734375
0:00:40.755518, 0.0, 0.0, 90.0, 0.0, 131465.484375
0:00:40.861819, 0.0, 0.0, 90.0, 0.0, 131466.15625
0:00:40.947419, 0.0, 0.0, 90.0, 0.0, 131466.6875
0:00:41.039135, 0.0, 0.0, 90.0, 0.0, 131467.265625
0:00:41.151075, 0.0, 0.0, 90.0, 0.0, 131467.96875
0:00:41.237664, 0.0, 0.0, 90.0, 0.0, 131468.5
0:00:41.358825, 0.0, 0.0, 90.0, 0.0, 131469.25
0:00:41.456484, 0.0, 0.0, 90.0, 0.0, 131469.859375
0:00:41.560759, 0.0, 0.0, 90.0, 0.0, 131470.515625
0:00:41.651384, 0.0, 0.0, 90.0, 0.0, 131471.078125
0:00:41.775491, 0.0, 0.0, 90.0, 0.0, 131471.859375
0:00:41.855385, 0.0, 0.0, 90.0, 0.0, 131472.359375
0:00:41.969476, 0.0, 0.0, 90.0, 0.0, 131473.078125
0:00:42.056912, 0.0, 0.0, 90.0, 0.0, 131473.625
0:00:42.179319, 0.0, 0.0, 90.0, 0.0, 131474.390625
0:00:42.264976, 0.0, 0.0, 90.0, 0.0, 131474.921875
0:00:42.377793, 0.0, 0.0, 90.0, 0.0, 131475.640625
0:00:42.467498, 0.0, 0.0, 90.0, 0.0, 131476.203125
0:00:42.580478, 0.0, 0.0, 90.0, 0.0, 131476.90625
0:00:42.666900, 0.0, 0.0, 90.0, 0.0, 131477.453125
0:00:42.764624, 0.0, 0.0, 90.0, 0.0, 131478.0625
0:00:42.879552, 0.0, 0.0, 90.0, 0.0, 131478.78125
0:00:42.961428, 0.0, 0.0, 90.0, 0.0, 131479.28125
0:00:43.078380, 0.0, 0.0, 90.0, 0.0, 131480.03125
0:00:43.171142, 0.0, 0.0, 90.0, 0.0, 131480.609375
0:00:43.282025, 0.0, 0.0, 90.0, 0.0, 131481.296875
0:00:43.377543, 0.0, 0.0, 90.0, 0.0, 131481.890625
0:00:43.465835, 0.0, 0.0, 90.0, 0.0, 131482.4375
0:00:43.579740, 0.0, 0.0, 90.0, 0.0, 131483.140625
0:00:43.677845, 0.0, 0.0, 90.0, 0.0, 131483.75
0:00:43.777594, 0.0, 0.0, 90.0, 0.0, 131484.375
0:00:43.894887, 0.0, 0.0, 90.0, 0.0, 131485.09375
0:00:43.981572, 0.0, 0.0, 90.0, 0.0, 131485.640625
0:00:44.094405, 0.0, 0.0, 90.0, 0.0, 131486.34375
0:00:44.185025, 0.0, 0.0, 90.0, 0.0, 131486.90625
0:00:44.297908, 0.0, 0.0, 90.0, 0.0, 131487.609375
0:00:44.385513, 0.0, 0.0, 90.0, 0.0, 131488.15625
0:00:44.498550, 0.0, 0.0, 90.0, 0.0, 131488.859375
0:00:44.596483, 0.0, 0.0, 90.0, 0.0, 131489.46875
0:00:44.705773, 0.0, 0.0, 90.0, 0.0, 131490.15625
0:00:44.792442, 0.0, 0.0, 90.0, 0.0, 131490.703125
0:00:44.900732, 0.0, 0.0, 90.0, 0.0, 131491.390625
0:00:44.985241, 0.0, 0.0, 90.0, 0.0, 131491.90625
0:00:45.098248, 0.0, 0.0, 90.0, 0.0, 131492.609375
0:00:45.188892, 0.0, 0.0, 90.0, 0.0, 131493.171875
0:00:45.304827, 0.0, 0.0, 90.0, 0.0, 131493.90625
0:00:45.391430, 0.0, 0.0, 90.0, 0.0, 131494.453125
0:00:45.490109, 0.0, 0.0, 90.0, 0.0, 131495.0625
0:00:45.610208, 0.0, 0.0, 90.0, 0.0, 131495.8125
0:00:45.710641, 0.0, 0.0, 90.0, 0.0, 131496.4375
0:00:45.808835, 0.0, 0.0, 90.0, 0.0, 131497.046875
0:00:45.908577, 0.0, 0.0, 90.0, 0.0, 131497.671875
0:00:46.001587, 0.0, 0.0, 90.0, 0.0, 131498.25
0:00:46.116573, 0.0, 0.0, 90.0, 0.0, 131498.96875
0:00:46.223884, 0.0, 0.0, 90.0, 0.0, 131499.640625
0:00:46.320390, 0.0, 0.0, 90.0, 0.0, 131500.234375
0:00:46.413429, 0.0, 0.0, 90.0, 0.0, 131500.8125
0:00:46.499890, 0.0, 0.0, 90.0, 0.0, 131501.359375
0:00:46.629063, 0.0, 0.0, 90.0, 0.0, 131502.171875
0:00:46.722420, 0.0, 0.0, 90.0, 0.0, 131502.75
0:00:46.805881, 0.0, 0.0, 90.0, 0.0, 131503.28125
0:00:46.922894, 0.0, 0.0, 90.0, 0.0, 131504.015625
0:00:47.012465, 0.0, 0.0, 90.0, 0.0, 131504.578125
0:00:47.110211, 0.0, 0.0, 90.0, 0.0, 131505.203125
0:00:47.220102, 0.0, 0.0, 90.0, 0.0, 131505.890625
0:00:47.330426, 0.0, 0.0, 90.0, 0.0, 131506.578125
0:00:47.423447, 0.0, 0.0, 90.0, 0.0, 131507.15625
0:00:47.521868, 0.0, 0.0, 90.0, 0.0, 131507.765625
0:00:47.620444, 0.0, 0.0, 90.0, 0.0, 131508.390625
0:00:47.719898, 0.0, 0.0, 90.0, 0.0, 131509.015625
0:00:47.832861, 0.0, 0.0, 90.0, 0.0, 131509.71875
0:00:47.920533, 0.0, 0.0, 90.0, 0.0, 131510.28125
0:00:48.013266, 0.0, 0.0, 90.0, 0.0, 131510.859375
0:00:48.125197, 0.0, 0.0, 90.0, 0.0, 131511.5625
0:00:48.220598, 0.0, 0.0, 90.0, 0.0, 131512.15625
0:00:48.318008, 0.0, 0.0, 90.0, 0.0, 131512.765625
0:00:48.431061, 0.0, 0.0, 90.0, 0.0, 131513.484375
0:00:48.537230, 0.0, 0.0, 90.0, 0.0, 131514.140625
0:00:48.650220, 0.0, 0.0, 90.0, 0.0, 131514.84375
0:00:48.747778, 0.0, 0.0, 90.0, 0.0, 131515.453125
0:00:48.829625, 0.0, 0.0, 90.0, 0.0, 131515.96875
0:00:48.922740, 0.0, 0.0, 90.0, 0.0, 131516.546875
0:00:49.033728, 0.0, 0.0, 90.0, 0.0, 131517.234375
0:00:49.142046, 0.0, 0.0, 90.0, 0.0, 131517.921875
0:00:49.230645, 0.0, 0.0, 90.0, 0.0, 131518.484375
0:00:49.344705, 0.0, 0.0, 90.0, 0.0, 131519.203125
0:00:49.455588, 0.0, 0.0, 90.0, 0.0, 131519.90625
0:00:49.551961, 0.0, 0.0, 90.0, 0.0, 131520.515625
0:00:49.650788, 0.0, 0.0, 90.0, 0.0, 131521.125
0:00:49.760860, 0.0, 0.0, 90.0, 0.0, 131521.8125
0:00:49.839779, 0.0, 0.0, 90.0, 0.0, 131522.296875
0:00:49.954929, 0.0, 0.0, 90.0, 0.0, 131523.015625
0:00:50.041512, 0.0, 0.0, 90.0, 0.0, 131523.546875
0:00:50.139899, 0.0, 0.0, 90.0, 0.0, 131524.15625
0:00:50.261297, 0.0, 0.0, 90.0, 0.0, 131524.921875
0:00:50.353223, 0.0, 0.0, 90.0, 0.0, 131525.484375
0:00:50.438749, 0.0, 0.0, 90.0, 0.0, 131526.03125
0:00:50.548045, 0.0, 0.0, 90.0, 0.0, 131526.703125
0:00:50.647756, 0.0, 0.0, 90.0, 0.0, 131527.328125
0:00:50.759421, 0.0, 0.0, 90.0, 0.0, 131528.03125
0:00:50.875730, 0.0, 0.0, 90.0, 0.0, 131528.765625
0:00:50.970791, 0.0, 0.0, 90.0, 0.0, 131529.359375
0:00:51.053267, 0.0, 0.0, 90.0, 0.0, 131529.890625
0:00:51.147777, 0.0, 0.0, 90.0, 0.0, 131530.484375
0:00:51.262998, 0.0, 0.0, 90.0, 0.0, 131531.1875
0:00:51.361147, 0.0, 0.0, 90.0, 0.0, 131531.796875
0:00:51.461874, 0.0, 0.0, 90.0, 0.0, 131532.4375
0:00:51.552855, 0.0, 0.0, 90.0, 0.0, 131533.0
0:00:51.663935, 0.0, 0.0, 90.0, 0.0, 131533.6875
0:00:51.772386, 0.0, 0.0, 90.0, 0.0, 131534.359375
0:00:51.872027, 0.0, 0.0, 90.0, 0.0, 131534.984375
0:00:51.963789, 0.0, 0.0, 90.0, 0.0, 131535.5625
0:00:52.072182, 0.0, 0.0, 90.0, 0.0, 131536.234375
0:00:52.172381, 0.0, 0.0, 90.0, 0.0, 131536.859375
0:00:52.291795, 0.0, 0.0, 90.0, 0.0, 131537.59375
0:00:52.391008, 0.0, 0.0, 90.0, 0.0, 131538.234375
0:00:52.461185, 0.0, 0.0, 90.0, 0.0, 131538.671875
0:00:52.589471, 0.0, 0.0, 90.0, 0.0, 131539.46875
0:00:52.676035, 0.0, 0.0, 90.0, 0.0, 131540.015625
0:00:52.789922, 0.0, 0.0, 90.0, 0.0, 131540.734375
0:00:52.901185, 0.0, 0.0, 90.0, 0.0, 131541.421875
0:00:53.002075, 0.0, 0.0, 90.0, 0.0, 131542.046875
0:00:53.093802, 0.0, 0.0, 90.0, 0.0, 131542.625
0:00:53.179441, 0.0, 0.0, 90.0, 0.0, 131543.171875
0:00:53.293445, 0.0, 0.0, 90.0, 0.0, 131543.890625
0:00:53.379977, 0.0, 0.0, 90.0, 0.0, 131544.4375
0:00:53.488324, 0.0, 0.0, 90.0, 0.0, 131545.109375
0:00:53.601313, 0.0, 0.0, 90.0, 0.0, 131545.828125
0:00:53.694322, 0.0, 0.0, 90.0, 0.0, 131546.40625
0:00:53.808330, 0.0, 0.0, 90.0, 0.0, 131547.125
0:00:53.885253, 0.0, 0.0, 90.0, 0.0, 131547.609375
0:00:53.994545, 0.0, 0.0, 90.0, 0.0, 131548.296875
0:00:54.103815, 0.0, 0.0, 90.0, 0.0, 131548.984375
0:00:54.188457, 0.0, 0.0, 90.0, 0.0, 131549.515625
0:00:54.303481, 0.0, 0.0, 90.0, 0.0, 131550.25
0:00:54.402316, 0.0, 0.0, 90.0, 0.0, 131550.859375
0:00:54.493816, 0.0, 0.0, 90.0, 0.0, 131551.421875
0:00:54.592036, 0.0, 0.0, 90.0, 0.0, 131552.046875
0:00:54.721087, 0.0, 0.0, 90.0, 0.0, 131552.859375
0:00:54.806641, 0.0, 0.0, 90.0, 0.0, 131553.40625
0:00:54.902057, 0.0, 0.0, 90.0, 0.0, 131554.015625
0:00:55.017070, 0.0, 0.0, 90.0, 0.0, 131554.734375
0:00:55.114940, 0.0, 0.0, 90.0, 0.0, 131555.34375
0:00:55.212342, 0.0, 0.0, 90.0, 0.0, 131555.953125
0:00:55.304459, 0.0, 0.0, 90.0, 0.0, 131556.53125
0:00:55.412841, 0.0, 0.0, 90.0, 0.0, 131557.21875
0:00:55.514502, 0.0, 0.0, 90.0, 0.0, 131557.859375
0:00:55.613454, 0.0, 0.0, 90.0, 0.0, 131558.46875
0:00:55.705388, 0.0, 0.0, 90.0, 0.0, 131559.03125
0:00:55.814432, 0.0, 0.0, 90.0, 0.0, 131559.71875
0:00:55.912501, 0.0, 0.0, 90.0, 0.0, 131560.328125
0:00:56.013170, 0.0, 0.0, 90.0, 0.0, 131560.96875
0:00:56.134305, 0.0, 0.0, 90.0, 0.0, 131561.734375
0:00:56.227328, 0.0, 0.0, 90.0, 0.0, 131562.3125
0:00:56.342198, 0.0, 0.0, 90.0, 0.0, 131563.046875
0:00:56.430822, 0.0, 0.0, 90.0, 0.0, 131563.609375
0:00:56.509660, 0.0, 0.0, 90.0, 0.0, 131564.109375
0:00:56.624687, 0.0, 0.0, 90.0, 0.0, 131564.828125
0:00:56.722952, 0.0, 0.0, 90.0, 0.0, 131565.4375
0:00:56.817066, 0.0, 0.0, 90.0, 0.0, 131566.03125
0:00:56.925301, 0.0, 0.0, 90.0, 0.0, 131566.71875
0:00:57.040437, 0.0, 0.0, 90.0, 0.0, 131567.4375
0:00:57.127839, 0.0, 0.0, 90.0, 0.0, 131567.984375
0:00:57.236220, 0.0, 0.0, 90.0, 0.0, 131568.65625
0:00:57.333934, 0.0, 0.0, 90.0, 0.0, 131569.28125
0:00:57.455198, 0.0, 0.0, 90.0, 0.0, 131570.046875
0:00:57.525467, 0.0, 0.0, 90.0, 0.0, 131570.484375
0:00:57.653526, 0.0, 0.0, 90.0, 0.0, 131571.28125
0:00:57.737100, 0.0, 0.0, 90.0, 0.0, 131571.796875
0:00:57.857868, 0.0, 0.0, 90.0, 0.0, 131572.546875
0:00:57.953736, 0.0, 0.0, 90.0, 0.0, 131573.140625
0:00:58.039350, 0.0, 0.0, 90.0, 0.0, 131573.6875
0:00:58.155223, 0.0, 0.0, 90.0, 0.0, 131574.40625
0:00:58.260525, 0.0, 0.0, 90.0, 0.0, 131575.046875
0:00:58.346092, 0.0, 0.0, 90.0, 0.0, 131575.578125
0:00:58.447977, 0.0, 0.0, 90.0, 0.0, 131576.21875
0:00:58.544801, 0.0, 0.0, 90.0, 0.0, 131576.84375
0:00:58.641846, 0.0, 0.0, 90.0, 0.0, 131577.453125
0:00:58.754982, 0.0, 0.0, 90.0, 0.0, 131578.15625
0:00:58.852044, 0.0, 0.0, 90.0, 0.0, 131578.765625
0:00:58.959390, 0.0, 0.0, 90.0, 0.0, 131579.4375
0:00:59.073343, 0.0, 0.0, 90.0, 0.0, 131580.140625
0:00:59.143565, 0.0, 0.0, 90.0, 0.0, 131580.578125
0:00:59.266221, 0.0, 0.0, 90.0, 0.0, 131581.34375
0:00:59.363349, 0.0, 0.0, 90.0, 0.0, 131581.953125
0:00:59.464235, 0.0, 0.0, 90.0, 0.0, 131582.578125
0:00:59.556981, 0.0, 0.0, 90.0, 0.0, 131583.15625
0:00:59.672014, 0.0, 0.0, 90.0, 0.0, 131583.875
0:00:59.759534, 0.0, 0.0, 90.0, 0.0, 131584.421875
0:00:59.867828, 0.0, 0.0, 90.0, 0.0, 131585.109375
0:00:59.954369, 0.0, 0.0, 90.0, 0.0, 131585.65625
0:01:00.054073, 0.0, 0.0, 90.0, 0.0, 131586.265625
0:01:00.173468, 0.0, 0.0, 90.0, 0.0, 131587.015625
0:01:00.262051, 0.0, 0.0, 90.0, 0.0, 131587.5625
0:01:00.367285, 0.0, 0.0, 90.0, 0.0, 131588.21875
0:01:00.451950, 0.0, 0.0, 90.0, 0.0, 131588.765625
0:01:00.556216, 0.0, 0.0, 90.0, 0.0, 131589.40625
0:01:00.664569, 0.0, 0.0, 90.0, 0.0, 131590.078125
0:01:00.790861, 0.0, 0.0, 90.0, 0.0, 131590.875
0:01:00.878647, 0.0, 0.0, 90.0, 0.0, 131591.421875
0:01:00.990504, 0.0, 0.0, 90.0, 0.0, 131592.125
0:01:01.078031, 0.0, 0.0, 90.0, 0.0, 131592.671875
0:01:01.166657, 0.0, 0.0, 90.0, 0.0, 131593.234375
0:01:01.272012, 0.0, 0.0, 90.0, 0.0, 131593.890625
0:01:01.386024, 0.0, 0.0, 90.0, 0.0, 131594.59375
0:01:01.506114, 0.0, 0.0, 90.0, 0.0, 131595.34375
0:01:01.599670, 0.0, 0.0, 90.0, 0.0, 131595.921875
0:01:01.695181, 0.0, 0.0, 90.0, 0.0, 131596.53125
0:01:01.782522, 0.0, 0.0, 90.0, 0.0, 131597.0625
0:01:01.895550, 0.0, 0.0, 90.0, 0.0, 131597.78125
0:01:01.994978, 0.0, 0.0, 90.0, 0.0, 131598.40625
0:01:02.108111, 0.0, 0.0, 90.0, 0.0, 131599.125
0:01:02.206903, 0.0, 0.0, 90.0, 0.0, 131599.734375
0:01:02.305143, 0.0, 0.0, 90.0, 0.0, 131600.34375
0:01:02.402727, 0.0, 0.0, 90.0, 0.0, 131600.96875
0:01:02.489593, 0.0, 0.0, 90.0, 0.0, 131601.515625
0:01:02.616051, 0.0, 0.0, 90.0, 0.0, 131602.296875
0:01:02.698718, 0.0, 0.0, 90.0, 0.0, 131602.8125
0:01:02.793007, 0.0, 0.0, 90.0, 0.0, 131603.40625
0:01:02.906014, 0.0, 0.0, 90.0, 0.0, 131604.109375
0:01:03.004713, 0.0, 0.0, 90.0, 0.0, 131604.734375
0:01:03.105391, 0.0, 0.0, 90.0, 0.0, 131605.375
0:01:03.197421, 0.0, 0.0, 90.0, 0.0, 131605.953125
0:01:03.309417, 0.0, 0.0, 90.0, 0.0, 131606.640625
0:01:03.396899, 0.0, 0.0, 90.0, 0.0, 131607.1875
0:01:03.495717, 0.0, 0.0, 90.0, 0.0, 131607.8125
0:01:03.599989, 0.0, 0.0, 90.0, 0.0, 131608.46875
0:01:03.713153, 0.0, 0.0, 90.0, 0.0, 131609.171875
0:01:03.800711, 0.0, 0.0, 90.0, 0.0, 131609.71875
0:01:03.916743, 0.0, 0.0, 90.0, 0.0, 131610.4375
0:01:04.001230, 0.0, 0.0, 90.0, 0.0, 131610.953125
0:01:04.117147, 0.0, 0.0, 90.0, 0.0, 131611.671875
0:01:04.209998, 0.0, 0.0, 90.0, 0.0, 131612.25
0:01:04.305735, 0.0, 0.0, 90.0, 0.0, 131612.84375
0:01:04.419770, 0.0, 0.0, 90.0, 0.0, 131613.5625
0:01:04.516574, 0.0, 0.0, 90.0, 0.0, 131614.171875
0:01:04.608274, 0.0, 0.0, 90.0, 0.0, 131614.734375
0:01:04.721231, 0.0, 0.0, 90.0, 0.0, 131615.4375
0:01:04.827542, 0.0, 0.0, 90.0, 0.0, 131616.109375
0:01:04.913166, 0.0, 0.0, 90.0, 0.0, 131616.640625
0:01:05.021541, 0.0, 0.0, 90.0, 0.0, 131617.3125
0:01:05.115708, 0.0, 0.0, 90.0, 0.0, 131617.921875
0:01:05.217991, 0.0, 0.0, 90.0, 0.0, 131618.5625
0:01:05.316279, 0.0, 0.0, 90.0, 0.0, 131619.1875
0:01:05.416938, 0.0, 0.0, 90.0, 0.0, 131619.8125
0:01:05.538082, 0.0, 0.0, 90.0, 0.0, 131620.578125
0:01:05.637730, 0.0, 0.0, 90.0, 0.0, 131621.1875
0:01:05.727508, 0.0, 0.0, 90.0, 0.0, 131621.734375
0:01:05.840313, 0.0, 0.0, 90.0, 0.0, 131622.453125
0:01:05.935730, 0.0, 0.0, 90.0, 0.0, 131623.046875
0:01:06.027734, 0.0, 0.0, 90.0, 0.0, 131623.609375
0:01:06.138028, 0.0, 0.0, 90.0, 0.0, 131624.296875
0:01:06.230543, 0.0, 0.0, 90.0, 0.0, 131624.875
0:01:06.346593, 0.0, 0.0, 90.0, 0.0, 131625.609375
0:01:06.457020, 0.0, 0.0, 90.0, 0.0, 131626.296875
0:01:06.556693, 0.0, 0.0, 90.0, 0.0, 131626.921875
0:01:06.649606, 0.0, 0.0, 90.0, 0.0, 131627.5
0:01:06.734206, 0.0, 0.0, 90.0, 0.0, 131628.03125
0:01:06.837527, 0.0, 0.0, 90.0, 0.0, 131628.6875
0:01:06.947866, 0.0, 0.0, 90.0, 0.0, 131629.375
0:01:07.044030, 0.0, 0.0, 90.0, 0.0, 131629.984375
0:01:07.153351, 0.0, 0.0, 90.0, 0.0, 131630.671875
0:01:07.237923, 0.0, 0.0, 90.0, 0.0, 131631.203125
0:01:07.358566, 0.0, 0.0, 90.0, 0.0, 131631.953125
0:01:07.458902, 0.0, 0.0, 90.0, 0.0, 131632.578125
0:01:07.557909, 0.0, 0.0, 90.0, 0.0, 131633.1875
0:01:07.658763, 0.0, 0.0, 90.0, 0.0, 131633.828125
0:01:07.746305, 0.0, 0.0, 90.0, 0.0, 131634.390625
0:01:07.846936, 0.0, 0.0, 90.0, 0.0, 131635.03125
0:01:07.947780, 0.0, 0.0, 90.0, 0.0, 131635.65625
0:01:08.058050, 0.0, 0.0, 90.0, 0.0, 131636.359375
0:01:08.150897, 0.0, 0.0, 90.0, 0.0, 131636.9375
0:01:08.267855, 0.0, 0.0, 90.0, 0.0, 131637.671875
0:01:08.364148, 0.0, 0.0, 90.0, 0.0, 131638.28125
0:01:08.445135, 0.0, 0.0, 90.0, 0.0, 131638.78125
0:01:08.558056, 0.0, 0.0, 90.0, 0.0, 131639.5
0:01:08.674053, 0.0, 0.0, 90.0, 0.0, 131640.21875
0:01:08.757622, 0.0, 0.0, 90.0, 0.0, 131640.75
0:01:08.877738, 0.0, 0.0, 90.0, 0.0, 131641.5
0:01:08.964384, 0.0, 0.0, 90.0, 0.0, 131642.03125
0:01:09.049018, 0.0, 0.0, 90.0, 0.0, 131642.5625
0:01:09.159428, 0.0, 0.0, 90.0, 0.0, 131643.234375
0:01:09.258159, 0.0, 0.0, 90.0, 0.0, 131643.859375
0:01:09.354628, 0.0, 0.0, 90.0, 0.0, 131644.46875
0:01:09.471569, 0.0, 0.0, 90.0, 0.0, 131645.203125
0:01:09.567895, 0.0, 0.0, 90.0, 0.0, 131645.8125
0:01:09.662066, 0.0, 0.0, 90.0, 0.0, 131646.390625
0:01:09.778071, 0.0, 0.0, 90.0, 0.0, 131647.125
0:01:09.861620, 0.0, 0.0, 90.0, 0.0, 131647.640625
0:01:09.985374, 0.0, 0.0, 90.0, 0.0, 131648.421875
0:01:10.063210, 0.0, 0.0, 90.0, 0.0, 131648.90625
0:01:10.180316, 0.0, 0.0, 90.0, 0.0, 131649.640625
0:01:10.279301, 0.0, 0.0, 90.0, 0.0, 131650.265625
0:01:10.378277, 0.0, 0.0, 90.0, 0.0, 131650.890625
0:01:10.499494, 0.0, 0.0, 90.0, 0.0, 131651.65625
0:01:10.598362, 0.0, 0.0, 90.0, 0.0, 131652.265625
0:01:10.691335, 0.0, 0.0, 90.0, 0.0, 131652.84375
0:01:10.778806, 0.0, 0.0, 90.0, 0.0, 131653.40625
0:01:10.888227, 0.0, 0.0, 90.0, 0.0, 131654.078125
0:01:10.981136, 0.0, 0.0, 90.0, 0.0, 131654.65625
0:01:11.095087, 0.0, 0.0, 90.0, 0.0, 131655.359375
0:01:11.178632, 0.0, 0.0, 90.0, 0.0, 131655.875
0:01:11.278776, 0.0, 0.0, 90.0, 0.0, 131656.5
0:01:11.396210, 0.0, 0.0, 90.0, 0.0, 131657.21875
0:01:11.486822, 0.0, 0.0, 90.0, 0.0, 131657.78125
0:01:11.585036, 0.0, 0.0, 90.0, 0.0, 131658.390625
0:01:11.690338, 0.0, 0.0, 90.0, 0.0, 131659.046875
0:01:11.800004, 0.0, 0.0, 90.0, 0.0, 131659.75
0:01:11.892562, 0.0, 0.0, 90.0, 0.0, 131660.328125
0:01:11.988346, 0.0, 0.0, 90.0, 0.0, 131660.9375
0:01:12.099206, 0.0, 0.0, 90.0, 0.0, 131661.640625
0:01:12.208541, 0.0, 0.0, 90.0, 0.0, 131662.328125
0:01:12.304823, 0.0, 0.0, 90.0, 0.0, 131662.9375
0:01:12.420799, 0.0, 0.0, 90.0, 0.0, 131663.65625
0:01:12.518827, 0.0, 0.0, 90.0, 0.0, 131664.28125
0:01:12.612848, 0.0, 0.0, 90.0, 0.0, 131664.875
0:01:12.699373, 0.0, 0.0, 90.0, 0.0, 131665.40625
0:01:12.820466, 0.0, 0.0, 90.0, 0.0, 131666.171875
0:01:12.919052, 0.0, 0.0, 90.0, 0.0, 131666.78125
0:01:13.013087, 0.0, 0.0, 90.0, 0.0, 131667.359375
0:01:13.101648, 0.0, 0.0, 90.0, 0.0, 131667.921875
0:01:13.199403, 0.0, 0.0, 90.0, 0.0, 131668.53125
0:01:13.312341, 0.0, 0.0, 90.0, 0.0, 131669.25
0:01:13.411193, 0.0, 0.0, 90.0, 0.0, 131669.859375
0:01:13.509244, 0.0, 0.0, 90.0, 0.0, 131670.46875
0:01:13.609917, 0.0, 0.0, 90.0, 0.0, 131671.109375
0:01:13.731163, 0.0, 0.0, 90.0, 0.0, 131671.875
0:01:13.829834, 0.0, 0.0, 90.0, 0.0, 131672.484375
0:01:13.922573, 0.0, 0.0, 90.0, 0.0, 131673.0625
0:01:14.032440, 0.0, 0.0, 90.0, 0.0, 131673.75
0:01:14.139852, 0.0, 0.0, 90.0, 0.0, 131674.421875
0:01:14.240846, 0.0, 0.0, 90.0, 0.0, 131675.046875
0:01:14.332459, 0.0, 0.0, 90.0, 0.0, 131675.625
0:01:14.419144, 0.0, 0.0, 90.0, 0.0, 131676.171875
0:01:14.537105, 0.0, 0.0, 90.0, 0.0, 131676.90625
0:01:14.623657, 0.0, 0.0, 90.0, 0.0, 131677.453125
0:01:14.740678, 0.0, 0.0, 90.0, 0.0, 131678.1875
0:01:14.828240, 0.0, 0.0, 90.0, 0.0, 131678.734375
0:01:14.939144, 0.0, 0.0, 90.0, 0.0, 131679.421875
0:01:15.040792, 0.0, 0.0, 90.0, 0.0, 131680.046875
0:01:15.129323, 0.0, 0.0, 90.0, 0.0, 131680.59375
0:01:15.243281, 0.0, 0.0, 90.0, 0.0, 131681.3125
0:01:15.354134, 0.0, 0.0, 90.0, 0.0, 131682.0
0:01:15.435117, 0.0, 0.0, 90.0, 0.0, 131682.5
0:01:15.551122, 0.0, 0.0, 90.0, 0.0, 131683.21875
0:01:15.650001, 0.0, 0.0, 90.0, 0.0, 131683.84375
0:01:15.735596, 0.0, 0.0, 90.0, 0.0, 131684.375
0:01:15.830703, 0.0, 0.0, 90.0, 0.0, 131684.96875
0:01:15.952417, 0.0, 0.0, 90.0, 0.0, 131685.734375
0:01:16.050484, 0.0, 0.0, 90.0, 0.0, 131686.34375
0:01:16.145101, 0.0, 0.0, 90.0, 0.0, 131686.9375
0:01:16.236176, 0.0, 0.0, 90.0, 0.0, 131687.515625
0:01:16.351102, 0.0, 0.0, 90.0, 0.0, 131688.234375
0:01:16.443826, 0.0, 0.0, 90.0, 0.0, 131688.8125
0:01:16.559720, 0.0, 0.0, 90.0, 0.0, 131689.546875
0:01:16.647222, 0.0, 0.0, 90.0, 0.0, 131690.09375
0:01:16.732825, 0.0, 0.0, 90.0, 0.0, 131690.640625
0:01:16.854590, 0.0, 0.0, 90.0, 0.0, 131691.390625
0:01:16.950616, 0.0, 0.0, 90.0, 0.0, 131692.0
0:01:17.052591, 0.0, 0.0, 90.0, 0.0, 131692.640625
0:01:17.165529, 0.0, 0.0, 90.0, 0.0, 131693.359375
0:01:17.262211, 0.0, 0.0, 90.0, 0.0, 131693.953125
0:01:17.360977, 0.0, 0.0, 90.0, 0.0, 131694.5625
0:01:17.453008, 0.0, 0.0, 90.0, 0.0, 131695.140625
0:01:17.562277, 0.0, 0.0, 90.0, 0.0, 131695.828125
0:01:17.660395, 0.0, 0.0, 90.0, 0.0, 131696.4375
0:01:17.761166, 0.0, 0.0, 90.0, 0.0, 131697.0625
0:01:17.852839, 0.0, 0.0, 90.0, 0.0, 131697.640625
0:01:17.962173, 0.0, 0.0, 90.0, 0.0, 131698.328125
0:01:18.055351, 0.0, 0.0, 90.0, 0.0, 131698.90625
0:01:18.151053, 0.0, 0.0, 90.0, 0.0, 131699.5
0:01:18.265108, 0.0, 0.0, 90.0, 0.0, 131700.21875
0:01:18.360963, 0.0, 0.0, 90.0, 0.0, 131700.828125
0:01:18.460692, 0.0, 0.0, 90.0, 0.0, 131701.4375
0:01:18.552705, 0.0, 0.0, 90.0, 0.0, 131702.015625
0:01:18.662997, 0.0, 0.0, 90.0, 0.0, 131702.71875
0:01:18.762145, 0.0, 0.0, 90.0, 0.0, 131703.328125
0:01:18.854988, 0.0, 0.0, 90.0, 0.0, 131703.90625
0:01:18.971859, 0.0, 0.0, 90.0, 0.0, 131704.640625
0:01:19.065686, 0.0, 0.0, 90.0, 0.0, 131705.21875
0:01:19.181641, 0.0, 0.0, 90.0, 0.0, 131705.953125
0:01:19.265365, 0.0, 0.0, 90.0, 0.0, 131706.484375
0:01:19.386024, 0.0, 0.0, 90.0, 0.0, 131707.25
0:01:19.482417, 0.0, 0.0, 90.0, 0.0, 131707.859375
0:01:19.578145, 0.0, 0.0, 90.0, 0.0, 131708.453125
0:01:19.693143, 0.0, 0.0, 90.0, 0.0, 131709.171875
0:01:19.791275, 0.0, 0.0, 90.0, 0.0, 131709.78125
0:01:19.891957, 0.0, 0.0, 90.0, 0.0, 131710.40625
0:01:19.993434, 0.0, 0.0, 90.0, 0.0, 131711.046875
0:01:20.079028, 0.0, 0.0, 90.0, 0.0, 131711.59375
0:01:20.196664, 0.0, 0.0, 90.0, 0.0, 131712.3125
0:01:20.292722, 0.0, 0.0, 90.0, 0.0, 131712.921875
0:01:20.381924, 0.0, 0.0, 90.0, 0.0, 131713.46875
0:01:20.493157, 0.0, 0.0, 90.0, 0.0, 131714.171875
0:01:20.591921, 0.0, 0.0, 90.0, 0.0, 131714.796875
0:01:20.692584, 0.0, 0.0, 90.0, 0.0, 131715.4375
0:01:20.778034, 0.0, 0.0, 90.0, 0.0, 131715.96875
0:01:20.892028, 0.0, 0.0, 90.0, 0.0, 131716.6875
0:01:21.002589, 0.0, 0.0, 90.0, 0.0, 131717.375
0:01:21.113792, 0.0, 0.0, 90.0, 0.0, 131718.078125
0:01:21.205779, 0.0, 0.0, 90.0, 0.0, 131718.640625
0:01:21.296295, 0.0, 0.0, 90.0, 0.0, 131719.21875
0:01:21.392985, 0.0, 0.0, 90.0, 0.0, 131719.8125
0:01:21.512516, 0.0, 0.0, 90.0, 0.0, 131720.5625
0:01:21.599899, 0.0, 0.0, 90.0, 0.0, 131721.109375
0:01:21.713149, 0.0, 0.0, 90.0, 0.0, 131721.8125
0:01:21.805291, 0.0, 0.0, 90.0, 0.0, 131722.375
0:01:21.903039, 0.0, 0.0, 90.0, 0.0, 131722.984375
0:01:22.017134, 0.0, 0.0, 90.0, 0.0, 131723.703125
0:01:22.113147, 0.0, 0.0, 90.0, 0.0, 131724.296875
0:01:22.212492, 0.0, 0.0, 90.0, 0.0, 131724.9375
0:01:22.304526, 0.0, 0.0, 90.0, 0.0, 131725.515625
0:01:22.419414, 0.0, 0.0, 90.0, 0.0, 131726.234375
0:01:22.506020, 0.0, 0.0, 90.0, 0.0, 131726.765625
0:01:22.614292, 0.0, 0.0, 90.0, 0.0, 131727.4375
0:01:22.714748, 0.0, 0.0, 90.0, 0.0, 131728.078125
0:01:22.803876, 0.0, 0.0, 90.0, 0.0, 131728.625
0:01:22.914873, 0.0, 0.0, 90.0, 0.0, 131729.328125
0:01:23.013562, 0.0, 0.0, 90.0, 0.0, 131729.9375
0:01:23.105331, 0.0, 0.0, 90.0, 0.0, 131730.515625
0:01:23.219362, 0.0, 0.0, 90.0, 0.0, 131731.21875
0:01:23.328487, 0.0, 0.0, 90.0, 0.0, 131731.90625
0:01:23.425344, 0.0, 0.0, 90.0, 0.0, 131732.5
0:01:23.524047, 0.0, 0.0, 90.0, 0.0, 131733.125
0:01:23.620418, 0.0, 0.0, 90.0, 0.0, 131733.71875
0:01:23.737388, 0.0, 0.0, 90.0, 0.0, 131734.453125
0:01:23.827004, 0.0, 0.0, 90.0, 0.0, 131735.015625
0:01:23.940914, 0.0, 0.0, 90.0, 0.0, 131735.734375
0:01:24.026638, 0.0, 0.0, 90.0, 0.0, 131736.265625
0:01:24.140380, 0.0, 0.0, 90.0, 0.0, 131736.96875
0:01:24.218235, 0.0, 0.0, 90.0, 0.0, 131737.453125
0:01:24.340283, 0.0, 0.0, 90.0, 0.0, 131738.203125
0:01:24.426945, 0.0, 0.0, 90.0, 0.0, 131738.75
0:01:24.556101, 0.0, 0.0, 90.0, 0.0, 131739.5625
0:01:24.642375, 0.0, 0.0, 90.0, 0.0, 131740.109375
0:01:24.728881, 0.0, 0.0, 90.0, 0.0, 131740.640625
0:01:24.848005, 0.0, 0.0, 90.0, 0.0, 131741.375
0:01:24.945765, 0.0, 0.0, 90.0, 0.0, 131741.984375
0:01:25.043880, 0.0, 0.0, 90.0, 0.0, 131742.609375
0:01:25.137662, 0.0, 0.0, 90.0, 0.0, 131743.203125
0:01:25.253585, 0.0, 0.0, 90.0, 0.0, 131743.9375
0:01:25.343312, 0.0, 0.0, 90.0, 0.0, 131744.5
0:01:25.457185, 0.0, 0.0, 90.0, 0.0, 131745.21875
0:01:25.540734, 0.0, 0.0, 90.0, 0.0, 131745.75
0:01:25.656677, 0.0, 0.0, 90.0, 0.0, 131746.46875
0:01:25.751437, 0.0, 0.0, 90.0, 0.0, 131747.0625
0:01:25.835023, 0.0, 0.0, 90.0, 0.0, 131747.578125
0:01:25.944313, 0.0, 0.0, 90.0, 0.0, 131748.28125
0:01:26.043390, 0.0, 0.0, 90.0, 0.0, 131748.90625
0:01:26.159906, 0.0, 0.0, 90.0, 0.0, 131749.640625
0:01:26.255596, 0.0, 0.0, 90.0, 0.0, 131750.25
0:01:26.346738, 0.0, 0.0, 90.0, 0.0, 131750.828125
0:01:26.459841, 0.0, 0.0, 90.0, 0.0, 131751.53125
0:01:26.554423, 0.0, 0.0, 90.0, 0.0, 131752.125
0:01:26.650922, 0.0, 0.0, 90.0, 0.0, 131752.71875
0:01:26.764899, 0.0, 0.0, 90.0, 0.0, 131753.421875
0:01:26.856831, 0.0, 0.0, 90.0, 0.0, 131754.0
0:01:26.970364, 0.0, 0.0, 90.0, 0.0, 131754.71875
0:01:27.057010, 0.0, 0.0, 90.0, 0.0, 131755.25
0:01:27.151517, 0.0, 0.0, 90.0, 0.0, 131755.84375
0:01:27.265418, 0.0, 0.0, 90.0, 0.0, 131756.5625
0:01:27.355053, 0.0, 0.0, 90.0, 0.0, 131757.109375
0:01:27.468917, 0.0, 0.0, 90.0, 0.0, 131757.8125
0:01:27.576217, 0.0, 0.0, 90.0, 0.0, 131758.484375
0:01:27.675086, 0.0, 0.0, 90.0, 0.0, 131759.09375
0:01:27.767819, 0.0, 0.0, 90.0, 0.0, 131759.671875
0:01:27.875096, 0.0, 0.0, 90.0, 0.0, 131760.34375
0:01:27.974850, 0.0, 0.0, 90.0, 0.0, 131760.96875
0:01:28.075576, 0.0, 0.0, 90.0, 0.0, 131761.609375
0:01:28.163062, 0.0, 0.0, 90.0, 0.0, 131762.15625
0:01:28.275959, 0.0, 0.0, 90.0, 0.0, 131762.859375
0:01:28.365592, 0.0, 0.0, 90.0, 0.0, 131763.421875
0:01:28.474958, 0.0, 0.0, 90.0, 0.0, 131764.109375
0:01:28.573885, 0.0, 0.0, 90.0, 0.0, 131764.734375
0:01:28.689092, 0.0, 0.0, 90.0, 0.0, 131765.453125
0:01:28.775551, 0.0, 0.0, 90.0, 0.0, 131766.0
0:01:28.896885, 0.0, 0.0, 90.0, 0.0, 131766.765625
0:01:28.996398, 0.0, 0.0, 90.0, 0.0, 131767.40625
0:01:29.086089, 0.0, 0.0, 90.0, 0.0, 131767.953125
0:01:29.187802, 0.0, 0.0, 90.0, 0.0, 131768.59375
0:01:29.284487, 0.0, 0.0, 90.0, 0.0, 131769.1875
0:01:29.397511, 0.0, 0.0, 90.0, 0.0, 131769.890625
0:01:29.477337, 0.0, 0.0, 90.0, 0.0, 131770.390625
0:01:29.588038, 0.0, 0.0, 90.0, 0.0, 131771.09375
0:01:29.686373, 0.0, 0.0, 90.0, 0.0, 131771.703125
0:01:29.780514, 0.0, 0.0, 90.0, 0.0, 131772.296875
0:01:29.896407, 0.0, 0.0, 90.0, 0.0, 131773.015625
0:01:29.990479, 0.0, 0.0, 90.0, 0.0, 131773.59375
0:01:30.098787, 0.0, 0.0, 90.0, 0.0, 131774.265625
0:01:30.214786, 0.0, 0.0, 90.0, 0.0, 131774.984375
0:01:30.303346, 0.0, 0.0, 90.0, 0.0, 131775.53125
0:01:30.408485, 0.0, 0.0, 90.0, 0.0, 131776.1875
0:01:30.495940, 0.0, 0.0, 90.0, 0.0, 131776.734375
0:01:30.590009, 0.0, 0.0, 90.0, 0.0, 131777.328125
0:01:30.705968, 0.0, 0.0, 90.0, 0.0, 131778.0625
0:01:30.806564, 0.0, 0.0, 90.0, 0.0, 131778.6875
0:01:30.897564, 0.0, 0.0, 90.0, 0.0, 131779.25
0:01:31.007924, 0.0, 0.0, 90.0, 0.0, 131779.921875
0:01:31.106066, 0.0, 0.0, 90.0, 0.0, 131780.53125
0:01:31.208755, 0.0, 0.0, 90.0, 0.0, 131781.171875
0:01:31.303085, 0.0, 0.0, 90.0, 0.0, 131781.75
0:01:31.413057, 0.0, 0.0, 90.0, 0.0, 131782.4375
0:01:31.526091, 0.0, 0.0, 90.0, 0.0, 131783.140625
0:01:31.623709, 0.0, 0.0, 90.0, 0.0, 131783.75
0:01:31.704553, 0.0, 0.0, 90.0, 0.0, 131784.25
0:01:31.817509, 0.0, 0.0, 90.0, 0.0, 131784.96875
0:01:31.905996, 0.0, 0.0, 90.0, 0.0, 131785.515625
0:01:32.023080, 0.0, 0.0, 90.0, 0.0, 131786.25
0:01:32.109585, 0.0, 0.0, 90.0, 0.0, 131786.78125
0:01:32.226680, 0.0, 0.0, 90.0, 0.0, 131787.515625
0:01:32.308803, 0.0, 0.0, 90.0, 0.0, 131788.015625
0:01:32.431563, 0.0, 0.0, 90.0, 0.0, 131788.765625
0:01:32.527961, 0.0, 0.0, 90.0, 0.0, 131789.375
0:01:32.627368, 0.0, 0.0, 90.0, 0.0, 131790.0
0:01:32.712987, 0.0, 0.0, 90.0, 0.0, 131790.546875
0:01:32.827945, 0.0, 0.0, 90.0, 0.0, 131791.265625
0:01:32.911432, 0.0, 0.0, 90.0, 0.0, 131791.796875
0:01:33.027396, 0.0, 0.0, 90.0, 0.0, 131792.53125
0:01:33.126836, 0.0, 0.0, 90.0, 0.0, 131793.15625
0:01:33.214372, 0.0, 0.0, 90.0, 0.0, 131793.703125
0:01:33.326310, 0.0, 0.0, 90.0, 0.0, 131794.40625
0:01:33.438298, 0.0, 0.0, 90.0, 0.0, 131795.09375
0:01:33.527827, 0.0, 0.0, 90.0, 0.0, 131795.65625
0:01:33.640833, 0.0, 0.0, 90.0, 0.0, 131796.359375
0:01:33.726290, 0.0, 0.0, 90.0, 0.0, 131796.90625
0:01:33.853228, 0.0, 0.0, 90.0, 0.0, 131797.703125
0:01:33.936952, 0.0, 0.0, 90.0, 0.0, 131798.234375
0:01:34.036607, 0.0, 0.0, 90.0, 0.0, 131798.859375
0:01:34.137360, 0.0, 0.0, 90.0, 0.0, 131799.484375
0:01:34.250299, 0.0, 0.0, 90.0, 0.0, 131800.1875
0:01:34.349124, 0.0, 0.0, 90.0, 0.0, 131800.796875
0:01:34.448233, 0.0, 0.0, 90.0, 0.0, 131801.421875
0:01:34.541404, 0.0, 0.0, 90.0, 0.0, 131802.0
0:01:34.627004, 0.0, 0.0, 90.0, 0.0, 131802.546875
0:01:34.748406, 0.0, 0.0, 90.0, 0.0, 131803.3125
0:01:34.847976, 0.0, 0.0, 90.0, 0.0, 131803.9375
0:01:34.938504, 0.0, 0.0, 90.0, 0.0, 131804.5
0:01:35.065346, 0.0, 0.0, 90.0, 0.0, 131805.296875
0:01:35.149973, 0.0, 0.0, 90.0, 0.0, 131805.828125
0:01:35.240124, 0.0, 0.0, 90.0, 0.0, 131806.375
0:01:35.367274, 0.0, 0.0, 90.0, 0.0, 131807.171875
0:01:35.448264, 0.0, 0.0, 90.0, 0.0, 131807.671875
0:01:35.564288, 0.0, 0.0, 90.0, 0.0, 131808.390625
0:01:35.644276, 0.0, 0.0, 90.0, 0.0, 131808.890625
0:01:35.755304, 0.0, 0.0, 90.0, 0.0, 131809.578125
0:01:35.869403, 0.0, 0.0, 90.0, 0.0, 131810.296875
0:01:35.956841, 0.0, 0.0, 90.0, 0.0, 131810.84375
0:01:36.057498, 0.0, 0.0, 90.0, 0.0, 131811.46875
0:01:36.150478, 0.0, 0.0, 90.0, 0.0, 131812.046875
0:01:36.259866, 0.0, 0.0, 90.0, 0.0, 131812.734375
0:01:36.357000, 0.0, 0.0, 90.0, 0.0, 131813.328125
0:01:36.456767, 0.0, 0.0, 90.0, 0.0, 131813.953125
0:01:36.570639, 0.0, 0.0, 90.0, 0.0, 131814.65625
0:01:36.656278, 0.0, 0.0, 90.0, 0.0, 131815.203125
0:01:36.764674, 0.0, 0.0, 90.0, 0.0, 131815.875
0:01:36.848273, 0.0, 0.0, 90.0, 0.0, 131816.40625
0:01:36.973616, 0.0, 0.0, 90.0, 0.0, 131817.1875
0:01:37.059187, 0.0, 0.0, 90.0, 0.0, 131817.734375
0:01:37.185099, 0.0, 0.0, 90.0, 0.0, 131818.515625
0:01:37.274655, 0.0, 0.0, 90.0, 0.0, 131819.078125
0:01:37.360301, 0.0, 0.0, 90.0, 0.0, 131819.609375
0:01:37.473414, 0.0, 0.0, 90.0, 0.0, 131820.3125
0:01:37.569769, 0.0, 0.0, 90.0, 0.0, 131820.921875
0:01:37.661846, 0.0, 0.0, 90.0, 0.0, 131821.484375
0:01:37.779817, 0.0, 0.0, 90.0, 0.0, 131822.234375
0:01:37.868425, 0.0, 0.0, 90.0, 0.0, 131822.78125
0:01:37.981351, 0.0, 0.0, 90.0, 0.0, 131823.484375
0:01:38.068926, 0.0, 0.0, 90.0, 0.0, 131824.046875
0:01:38.169398, 0.0, 0.0, 90.0, 0.0, 131824.671875
0:01:38.261372, 0.0, 0.0, 90.0, 0.0, 131825.234375
0:01:38.378321, 0.0, 0.0, 90.0, 0.0, 131825.96875
0:01:38.493448, 0.0, 0.0, 90.0, 0.0, 131826.6875
0:01:38.601641, 0.0, 0.0, 90.0, 0.0, 131827.375
0:01:38.699341, 0.0, 0.0, 90.0, 0.0, 131827.984375
0:01:38.790020, 0.0, 0.0, 90.0, 0.0, 131828.546875
0:01:38.878620, 0.0, 0.0, 90.0, 0.0, 131829.09375
0:01:38.992578, 0.0, 0.0, 90.0, 0.0, 131829.8125
0:01:39.090390, 0.0, 0.0, 90.0, 0.0, 131830.421875
0:01:39.190135, 0.0, 0.0, 90.0, 0.0, 131831.046875
0:01:39.278783, 0.0, 0.0, 90.0, 0.0, 131831.609375
0:01:39.385007, 0.0, 0.0, 90.0, 0.0, 131832.265625
0:01:39.500017, 0.0, 0.0, 90.0, 0.0, 131832.984375
0:01:39.581878, 0.0, 0.0, 90.0, 0.0, 131833.484375
0:01:39.697006, 0.0, 0.0, 90.0, 0.0, 131834.203125
0:01:39.810042, 0.0, 0.0, 90.0, 0.0, 131834.921875
0:01:39.893412, 0.0, 0.0, 90.0, 0.0, 131835.453125
0:01:39.989709, 0.0, 0.0, 90.0, 0.0, 131836.0625
0:01:40.111208, 0.0, 0.0, 90.0, 0.0, 131836.828125
0:01:40.208783, 0.0, 0.0, 90.0, 0.0, 131837.421875
0:01:40.300883, 0.0, 0.0, 90.0, 0.0, 131838.0
0:01:40.387383, 0.0, 0.0, 90.0, 0.0, 131838.546875
0:01:40.499319, 0.0, 0.0, 90.0, 0.0, 131839.234375
0:01:40.588994, 0.0, 0.0, 90.0, 0.0, 131839.796875
0:01:40.702003, 0.0, 0.0, 90.0, 0.0, 131840.515625
0:01:40.816063, 0.0, 0.0, 90.0, 0.0, 131841.234375
0:01:40.900431, 0.0, 0.0, 90.0, 0.0, 131841.765625
0:01:40.990012, 0.0, 0.0, 90.0, 0.0, 131842.328125
0:01:41.103032, 0.0, 0.0, 90.0, 0.0, 131843.03125
0:01:41.214902, 0.0, 0.0, 90.0, 0.0, 131843.734375
0:01:41.312276, 0.0, 0.0, 90.0, 0.0, 131844.34375
0:01:41.407668, 0.0, 0.0, 90.0, 0.0, 131844.9375
0:01:41.514048, 0.0, 0.0, 90.0, 0.0, 131845.59375
0:01:41.610372, 0.0, 0.0, 90.0, 0.0, 131846.1875
0:01:41.710909, 0.0, 0.0, 90.0, 0.0, 131846.828125
0:01:41.821209, 0.0, 0.0, 90.0, 0.0, 131847.5
0:01:41.909339, 0.0, 0.0, 90.0, 0.0, 131848.046875
0:01:42.017625, 0.0, 0.0, 90.0, 0.0, 131848.71875
0:01:42.125055, 0.0, 0.0, 90.0, 0.0, 131849.390625
0:01:42.217614, 0.0, 0.0, 90.0, 0.0, 131849.96875
0:01:42.327572, 0.0, 0.0, 90.0, 0.0, 131850.65625
0:01:42.439967, 0.0, 0.0, 90.0, 0.0, 131851.359375
0:01:42.534658, 0.0, 0.0, 90.0, 0.0, 131851.953125
0:01:42.630927, 0.0, 0.0, 90.0, 0.0, 131852.546875
0:01:42.717468, 0.0, 0.0, 90.0, 0.0, 131853.078125
0:01:42.825756, 0.0, 0.0, 90.0, 0.0, 131853.75
0:01:42.921101, 0.0, 0.0, 90.0, 0.0, 131854.34375
0:01:43.020524, 0.0, 0.0, 90.0, 0.0, 131854.96875
0:01:43.127841, 0.0, 0.0, 90.0, 0.0, 131855.640625
0:01:43.242706, 0.0, 0.0, 90.0, 0.0, 131856.359375
0:01:43.341939, 0.0, 0.0, 90.0, 0.0, 131856.984375
0:01:43.441535, 0.0, 0.0, 90.0, 0.0, 131857.609375
0:01:43.541068, 0.0, 0.0, 90.0, 0.0, 131858.234375
0:01:43.624541, 0.0, 0.0, 90.0, 0.0, 131858.765625
0:01:43.746348, 0.0, 0.0, 90.0, 0.0, 131859.53125
0:01:43.837060, 0.0, 0.0, 90.0, 0.0, 131860.109375
0:01:43.951060, 0.0, 0.0, 90.0, 0.0, 131860.828125
0:01:44.045081, 0.0, 0.0, 90.0, 0.0, 131861.40625
0:01:44.156068, 0.0, 0.0, 90.0, 0.0, 131862.09375
0:01:44.244616, 0.0, 0.0, 90.0, 0.0, 131862.640625
0:01:44.330204, 0.0, 0.0, 90.0, 0.0, 131863.1875
0:01:44.451619, 0.0, 0.0, 90.0, 0.0, 131863.953125
0:01:44.545861, 0.0, 0.0, 90.0, 0.0, 131864.546875
0:01:44.642526, 0.0, 0.0, 90.0, 0.0, 131865.140625
0:01:44.752504, 0.0, 0.0, 90.0, 0.0, 131865.828125
0:01:44.862759, 0.0, 0.0, 90.0, 0.0, 131866.515625
0:01:44.961078, 0.0, 0.0, 90.0, 0.0, 131867.125
0:01:45.055063, 0.0, 0.0, 90.0, 0.0, 131867.71875
0:01:45.164393, 0.0, 0.0, 90.0, 0.0, 131868.40625
0:01:45.253099, 0.0, 0.0, 90.0, 0.0, 131868.96875
0:01:45.365011, 0.0, 0.0, 90.0, 0.0, 131869.671875
0:01:45.450463, 0.0, 0.0, 90.0, 0.0, 131870.203125
0:01:45.548077, 0.0, 0.0, 90.0, 0.0, 131870.8125
0:01:45.664125, 0.0, 0.0, 90.0, 0.0, 131871.546875
0:01:45.758591, 0.0, 0.0, 90.0, 0.0, 131872.140625
0:01:45.873574, 0.0, 0.0, 90.0, 0.0, 131872.859375
0:01:45.972403, 0.0, 0.0, 90.0, 0.0, 131873.46875
0:01:46.055348, 0.0, 0.0, 90.0, 0.0, 131873.984375
0:01:46.171381, 0.0, 0.0, 90.0, 0.0, 131874.71875
0:01:46.257059, 0.0, 0.0, 90.0, 0.0, 131875.25
0:01:46.371114, 0.0, 0.0, 90.0, 0.0, 131875.96875
0:01:46.466926, 0.0, 0.0, 90.0, 0.0, 131876.5625
0:01:46.563125, 0.0, 0.0, 90.0, 0.0, 131877.171875
0:01:46.682482, 0.0, 0.0, 90.0, 0.0, 131877.90625
0:01:46.773555, 0.0, 0.0, 90.0, 0.0, 131878.46875
0:01:46.860195, 0.0, 0.0, 90.0, 0.0, 131879.015625
0:01:46.973202, 0.0, 0.0, 90.0, 0.0, 131879.734375
0:01:47.061792, 0.0, 0.0, 90.0, 0.0, 131880.28125
0:01:47.173242, 0.0, 0.0, 90.0, 0.0, 131880.984375
0:01:47.271710, 0.0, 0.0, 90.0, 0.0, 131881.59375
0:01:47.372384, 0.0, 0.0, 90.0, 0.0, 131882.234375
0:01:47.465194, 0.0, 0.0, 90.0, 0.0, 131882.8125
0:01:47.575108, 0.0, 0.0, 90.0, 0.0, 131883.5
0:01:47.690204, 0.0, 0.0, 90.0, 0.0, 131884.21875
0:01:47.772741, 0.0, 0.0, 90.0, 0.0, 131884.734375
0:01:47.888771, 0.0, 0.0, 90.0, 0.0, 131885.46875
0:01:47.975401, 0.0, 0.0, 90.0, 0.0, 131886.015625
0:01:48.072731, 0.0, 0.0, 90.0, 0.0, 131886.625
0:01:48.194006, 0.0, 0.0, 90.0, 0.0, 131887.390625
0:01:48.286127, 0.0, 0.0, 90.0, 0.0, 131887.96875
0:01:48.394424, 0.0, 0.0, 90.0, 0.0, 131888.65625
0:01:48.506426, 0.0, 0.0, 90.0, 0.0, 131889.359375
0:01:48.605197, 0.0, 0.0, 90.0, 0.0, 131889.96875
0:01:48.703267, 0.0, 0.0, 90.0, 0.0, 131890.59375
0:01:48.797055, 0.0, 0.0, 90.0, 0.0, 131891.171875
0:01:48.883545, 0.0, 0.0, 90.0, 0.0, 131891.703125
0:01:49.003127, 0.0, 0.0, 90.0, 0.0, 131892.4375
0:01:49.102725, 0.0, 0.0, 90.0, 0.0, 131893.078125
0:01:49.195485, 0.0, 0.0, 90.0, 0.0, 131893.65625
0:01:49.283108, 0.0, 0.0, 90.0, 0.0, 131894.203125
0:01:49.397131, 0.0, 0.0, 90.0, 0.0, 131894.921875
0:01:49.513111, 0.0, 0.0, 90.0, 0.0, 131895.640625
0:01:49.599728, 0.0, 0.0, 90.0, 0.0, 131896.1875
0:01:49.713705, 0.0, 0.0, 90.0, 0.0, 131896.890625
0:01:49.810846, 0.0, 0.0, 90.0, 0.0, 131897.5
0:01:49.923151, 0.0, 0.0, 90.0, 0.0, 131898.203125
0:01:50.005109, 0.0, 0.0, 90.0, 0.0, 131898.71875
0:01:50.115007, 0.0, 0.0, 90.0, 0.0, 131899.40625
0:01:50.225423, 0.0, 0.0, 90.0, 0.0, 131900.09375
0:01:50.296140, 0.0, 0.0, 90.0, 0.0, 131900.53125
0:01:50.424095, 0.0, 0.0, 90.0, 0.0, 131901.34375
0:01:50.510642, 0.0, 0.0, 90.0, 0.0, 131901.890625
0:01:50.625663, 0.0, 0.0, 90.0, 0.0, 131902.609375
0:01:50.726521, 0.0, 0.0, 90.0, 0.0, 131903.234375
0:01:50.824034, 0.0, 0.0, 90.0, 0.0, 131903.859375
0:01:50.918703, 0.0, 0.0, 90.0, 0.0, 131904.453125
0:01:51.003111, 0.0, 0.0, 90.0, 0.0, 131904.984375
0:01:51.130619, 0.0, 0.0, 90.0, 0.0, 131905.78125
0:01:51.218254, 0.0, 0.0, 90.0, 0.0, 131906.328125
0:01:51.334122, 0.0, 0.0, 90.0, 0.0, 131907.0625
0:01:51.419798, 0.0, 0.0, 90.0, 0.0, 131907.59375
0:01:51.533624, 0.0, 0.0, 90.0, 0.0, 131908.296875
0:01:51.618119, 0.0, 0.0, 90.0, 0.0, 131908.828125
0:01:51.717467, 0.0, 0.0, 90.0, 0.0, 131909.453125
0:01:51.812823, 0.0, 0.0, 90.0, 0.0, 131910.046875
0:01:51.926777, 0.0, 0.0, 90.0, 0.0, 131910.765625
0:01:52.040693, 0.0, 0.0, 90.0, 0.0, 131911.484375
0:01:52.127251, 0.0, 0.0, 90.0, 0.0, 131912.03125
0:01:52.239139, 0.0, 0.0, 90.0, 0.0, 131912.734375
0:01:52.334424, 0.0, 0.0, 90.0, 0.0, 131913.328125
0:01:52.421086, 0.0, 0.0, 90.0, 0.0, 131913.859375
0:01:52.534991, 0.0, 0.0, 90.0, 0.0, 131914.5625
0:01:52.628309, 0.0, 0.0, 90.0, 0.0, 131915.140625
0:01:52.725103, 0.0, 0.0, 90.0, 0.0, 131915.75
0:01:52.838105, 0.0, 0.0, 90.0, 0.0, 131916.453125
0:01:52.933943, 0.0, 0.0, 90.0, 0.0, 131917.0625
0:01:53.027987, 0.0, 0.0, 90.0, 0.0, 131917.640625
0:01:53.137406, 0.0, 0.0, 90.0, 0.0, 131918.328125
0:01:53.228021, 0.0, 0.0, 90.0, 0.0, 131918.890625
0:01:53.339895, 0.0, 0.0, 90.0, 0.0, 131919.59375
0:01:53.448205, 0.0, 0.0, 90.0, 0.0, 131920.265625
0:01:53.535792, 0.0, 0.0, 90.0, 0.0, 131920.8125
0:01:53.647752, 0.0, 0.0, 90.0, 0.0, 131921.515625
0:01:53.738903, 0.0, 0.0, 90.0, 0.0, 131922.09375
0:01:53.850745, 0.0, 0.0, 90.0, 0.0, 131922.78125
0:01:53.937415, 0.0, 0.0, 90.0, 0.0, 131923.3125
0:01:54.062296, 0.0, 0.0, 90.0, 0.0, 131924.09375
0:01:54.147837, 0.0, 0.0, 90.0, 0.0, 131924.640625
0:01:54.264828, 0.0, 0.0, 90.0, 0.0, 131925.390625
0:01:54.362334, 0.0, 0.0, 90.0, 0.0, 131926.0
0:01:54.447005, 0.0, 0.0, 90.0, 0.0, 131926.53125
0:01:54.542408, 0.0, 0.0, 90.0, 0.0, 131927.125
0:01:54.655430, 0.0, 0.0, 90.0, 0.0, 131927.84375
0:01:54.747247, 0.0, 0.0, 90.0, 0.0, 131928.40625
0:01:54.855494, 0.0, 0.0, 90.0, 0.0, 131929.09375
0:01:54.955148, 0.0, 0.0, 90.0, 0.0, 131929.71875
0:01:55.054541, 0.0, 0.0, 90.0, 0.0, 131930.34375
0:01:55.176040, 0.0, 0.0, 90.0, 0.0, 131931.109375
0:01:55.269160, 0.0, 0.0, 90.0, 0.0, 131931.6875
0:01:55.354653, 0.0, 0.0, 90.0, 0.0, 131932.234375
0:01:55.455310, 0.0, 0.0, 90.0, 0.0, 131932.859375
0:01:55.551110, 0.0, 0.0, 90.0, 0.0, 131933.453125
0:01:55.665274, 0.0, 0.0, 90.0, 0.0, 131934.15625
0:01:55.766149, 0.0, 0.0, 90.0, 0.0, 131934.796875
0:01:55.859942, 0.0, 0.0, 90.0, 0.0, 131935.375
0:01:55.968165, 0.0, 0.0, 90.0, 0.0, 131936.046875
0:01:56.054442, 0.0, 0.0, 90.0, 0.0, 131936.59375
0:01:56.155366, 0.0, 0.0, 90.0, 0.0, 131937.21875
0:01:56.255049, 0.0, 0.0, 90.0, 0.0, 131937.84375
0:01:56.388700, 0.0, 0.0, 90.0, 0.0, 131938.671875
0:01:56.479629, 0.0, 0.0, 90.0, 0.0, 131939.25
0:01:56.566156, 0.0, 0.0, 90.0, 0.0, 131939.796875
0:01:56.659922, 0.0, 0.0, 90.0, 0.0, 131940.375
0:01:56.771159, 0.0, 0.0, 90.0, 0.0, 131941.078125
0:01:56.885143, 0.0, 0.0, 90.0, 0.0, 131941.78125
0:01:56.969705, 0.0, 0.0, 90.0, 0.0, 131942.3125
0:01:57.080315, 0.0, 0.0, 90.0, 0.0, 131943.015625
0:01:57.175024, 0.0, 0.0, 90.0, 0.0, 131943.609375
0:01:57.272972, 0.0, 0.0, 90.0, 0.0, 131944.21875
0:01:57.387985, 0.0, 0.0, 90.0, 0.0, 131944.9375
0:01:57.487173, 0.0, 0.0, 90.0, 0.0, 131945.5625
0:01:57.578959, 0.0, 0.0, 90.0, 0.0, 131946.140625
0:01:57.667524, 0.0, 0.0, 90.0, 0.0, 131946.703125
0:01:57.786477, 0.0, 0.0, 90.0, 0.0, 131947.453125
0:01:57.902493, 0.0, 0.0, 90.0, 0.0, 131948.171875
0:01:57.988027, 0.0, 0.0, 90.0, 0.0, 131948.703125
0:01:58.086777, 0.0, 0.0, 90.0, 0.0, 131949.328125
0:01:58.184135, 0.0, 0.0, 90.0, 0.0, 131949.9375
0:01:58.303148, 0.0, 0.0, 90.0, 0.0, 131950.671875
0:01:58.387699, 0.0, 0.0, 90.0, 0.0, 131951.203125
0:01:58.488208, 0.0, 0.0, 90.0, 0.0, 131951.828125
0:01:58.586535, 0.0, 0.0, 90.0, 0.0, 131952.4375
0:01:58.687071, 0.0, 0.0, 90.0, 0.0, 131953.0625
0:01:58.796337, 0.0, 0.0, 90.0, 0.0, 131953.734375
0:01:58.890174, 0.0, 0.0, 90.0, 0.0, 131954.3125
0:01:59.001139, 0.0, 0.0, 90.0, 0.0, 131955.0
0:01:59.084141, 0.0, 0.0, 90.0, 0.0, 131955.515625
0:01:59.188433, 0.0, 0.0, 90.0, 0.0, 131956.171875
0:01:59.298008, 0.0, 0.0, 90.0, 0.0, 131956.859375
0:01:59.396354, 0.0, 0.0, 90.0, 0.0, 131957.484375
0:01:59.488466, 0.0, 0.0, 90.0, 0.0, 131958.0625
0:01:59.597773, 0.0, 0.0, 90.0, 0.0, 131958.734375
0:01:59.721356, 0.0, 0.0, 90.0, 0.0, 131959.5
0:01:59.806003, 0.0, 0.0, 90.0, 0.0, 131960.03125
0:01:59.906574, 0.0, 0.0, 90.0, 0.0, 131960.671875
0:01:59.998606, 0.0, 0.0, 90.0, 0.0, 131961.234375
0:02:00.112601, 0.0, 0.0, 90.0, 0.0, 131961.96875
0:02:00.208694, 0.0, 0.0, 90.0, 0.0, 131962.5625
0:02:00.307416, 0.0, 0.0, 90.0, 0.0, 131963.1875
0:02:00.428568, 0.0, 0.0, 90.0, 0.0, 131963.953125
0:02:00.517190, 0.0, 0.0, 90.0, 0.0, 131964.5
0:02:00.629091, 0.0, 0.0, 90.0, 0.0, 131965.1875
0:02:00.716639, 0.0, 0.0, 90.0, 0.0, 131965.734375
0:02:00.815369, 0.0, 0.0, 90.0, 0.0, 131966.34375
0:02:00.921645, 0.0, 0.0, 90.0, 0.0, 131967.015625
0:02:01.001544, 0.0, 0.0, 90.0, 0.0, 131967.515625
0:02:01.118522, 0.0, 0.0, 90.0, 0.0, 131968.234375
0:02:01.234474, 0.0, 0.0, 90.0, 0.0, 131968.96875
0:02:01.320101, 0.0, 0.0, 90.0, 0.0, 131969.5
0:02:01.407517, 0.0, 0.0, 90.0, 0.0, 131970.046875
0:02:01.529466, 0.0, 0.0, 90.0, 0.0, 131970.8125
0:02:01.624882, 0.0, 0.0, 90.0, 0.0, 131971.421875
0:02:01.711625, 0.0, 0.0, 90.0, 0.0, 131971.96875
0:02:01.835408, 0.0, 0.0, 90.0, 0.0, 131972.75
0:02:01.922972, 0.0, 0.0, 90.0, 0.0, 131973.296875
0:02:02.028211, 0.0, 0.0, 90.0, 0.0, 131973.953125
0:02:02.112809, 0.0, 0.0, 90.0, 0.0, 131974.484375
0:02:02.222711, 0.0, 0.0, 90.0, 0.0, 131975.171875
0:02:02.330227, 0.0, 0.0, 90.0, 0.0, 131975.84375
0:02:02.413608, 0.0, 0.0, 90.0, 0.0, 131976.375
0:02:02.521981, 0.0, 0.0, 90.0, 0.0, 131977.046875
0:02:02.647059, 0.0, 0.0, 90.0, 0.0, 131977.828125
0:02:02.728357, 0.0, 0.0, 90.0, 0.0, 131978.328125
0:02:02.838606, 0.0, 0.0, 90.0, 0.0, 131979.0
0:02:02.930373, 0.0, 0.0, 90.0, 0.0, 131979.5625
0:02:03.042427, 0.0, 0.0, 90.0, 0.0, 131980.265625
0:02:03.138773, 0.0, 0.0, 90.0, 0.0, 131980.875
0:02:03.238246, 0.0, 0.0, 90.0, 0.0, 131981.5
0:02:03.350244, 0.0, 0.0, 90.0, 0.0, 131982.203125
0:02:03.430212, 0.0, 0.0, 90.0, 0.0, 131982.703125
0:02:03.546227, 0.0, 0.0, 90.0, 0.0, 131983.4375
0:02:03.652543, 0.0, 0.0, 90.0, 0.0, 131984.09375
0:02:03.748900, 0.0, 0.0, 90.0, 0.0, 131984.703125
0:02:03.847575, 0.0, 0.0, 90.0, 0.0, 131985.3125
0:02:03.948218, 0.0, 0.0, 90.0, 0.0, 131985.9375
0:02:04.048950, 0.0, 0.0, 90.0, 0.0, 131986.5625
0:02:04.164014, 0.0, 0.0, 90.0, 0.0, 131987.28125
0:02:04.258600, 0.0, 0.0, 90.0, 0.0, 131987.875
0:02:04.357095, 0.0, 0.0, 90.0, 0.0, 131988.484375
0:02:04.471051, 0.0, 0.0, 90.0, 0.0, 131989.203125
0:02:04.539322, 0.0, 0.0, 90.0, 0.0, 131989.625
0:02:04.653138, 0.0, 0.0, 90.0, 0.0, 131990.34375
0:02:04.778869, 0.0, 0.0, 90.0, 0.0, 131991.140625
0:02:04.850127, 0.0, 0.0, 90.0, 0.0, 131991.59375
0:02:04.964119, 0.0, 0.0, 90.0, 0.0, 131992.296875
0:02:05.060748, 0.0, 0.0, 90.0, 0.0, 131992.890625
0:02:05.158551, 0.0, 0.0, 90.0, 0.0, 131993.484375
0:02:05.251520, 0.0, 0.0, 90.0, 0.0, 131994.0625
0:02:05.366542, 0.0, 0.0, 90.0, 0.0, 131994.796875
0:02:05.473841, 0.0, 0.0, 90.0, 0.0, 131995.46875
0:02:05.570236, 0.0, 0.0, 90.0, 0.0, 131996.0625
0:02:05.669042, 0.0, 0.0, 90.0, 0.0, 131996.6875
0:02:05.783913, 0.0, 0.0, 90.0, 0.0, 131997.40625
0:02:05.871534, 0.0, 0.0, 90.0, 0.0, 131997.953125
0:02:05.980159, 0.0, 0.0, 90.0, 0.0, 131998.640625
0:02:06.073288, 0.0, 0.0, 90.0, 0.0, 131999.21875
0:02:06.158817, 0.0, 0.0, 90.0, 0.0, 131999.765625
0:02:06.259448, 0.0, 0.0, 90.0, 0.0, 132000.390625
0:02:06.382066, 0.0, 0.0, 90.0, 0.0, 132001.15625
0:02:06.480090, 0.0, 0.0, 90.0, 0.0, 132001.765625
0:02:06.571896, 0.0, 0.0, 90.0, 0.0, 132002.34375
0:02:06.682795, 0.0, 0.0, 90.0, 0.0, 132003.046875
0:02:06.790144, 0.0, 0.0, 90.0, 0.0, 132003.71875
0:02:06.882060, 0.0, 0.0, 90.0, 0.0, 132004.296875
0:02:06.967539, 0.0, 0.0, 90.0, 0.0, 132004.828125
0:02:07.076800, 0.0, 0.0, 90.0, 0.0, 132005.515625
0:02:07.182116, 0.0, 0.0, 90.0, 0.0, 132006.1875
0:02:07.276410, 0.0, 0.0, 90.0, 0.0, 132006.765625
0:02:07.391398, 0.0, 0.0, 90.0, 0.0, 132007.46875
0:02:07.490144, 0.0, 0.0, 90.0, 0.0, 132008.09375
0:02:07.583965, 0.0, 0.0, 90.0, 0.0, 132008.671875
0:02:07.692131, 0.0, 0.0, 90.0, 0.0, 132009.359375
0:02:07.779663, 0.0, 0.0, 90.0, 0.0, 132009.90625
0:02:07.890930, 0.0, 0.0, 90.0, 0.0, 132010.609375
0:02:07.993757, 0.0, 0.0, 90.0, 0.0, 132011.25
0:02:08.091290, 0.0, 0.0, 90.0, 0.0, 132011.859375
0:02:08.211284, 0.0, 0.0, 90.0, 0.0, 132012.609375
0:02:08.309097, 0.0, 0.0, 90.0, 0.0, 132013.21875
0:02:08.392618, 0.0, 0.0, 90.0, 0.0, 132013.75
0:02:08.488930, 0.0, 0.0, 90.0, 0.0, 132014.34375
0:02:08.602983, 0.0, 0.0, 90.0, 0.0, 132015.046875
0:02:08.697317, 0.0, 0.0, 90.0, 0.0, 132015.625
0:02:08.806728, 0.0, 0.0, 90.0, 0.0, 132016.3125
0:02:08.921574, 0.0, 0.0, 90.0, 0.0, 132017.046875
0:02:09.008385, 0.0, 0.0, 90.0, 0.0, 132017.59375
0:02:09.093731, 0.0, 0.0, 90.0, 0.0, 132018.125
0:02:09.191430, 0.0, 0.0, 90.0, 0.0, 132018.75
0:02:09.303414, 0.0, 0.0, 90.0, 0.0, 132019.453125
0:02:09.400290, 0.0, 0.0, 90.0, 0.0, 132020.046875
0:02:09.500870, 0.0, 0.0, 90.0, 0.0, 132020.6875
0:02:09.600277, 0.0, 0.0, 90.0, 0.0, 132021.296875
0:02:09.714231, 0.0, 0.0, 90.0, 0.0, 132022.015625
0:02:09.821600, 0.0, 0.0, 90.0, 0.0, 132022.6875
0:02:09.911576, 0.0, 0.0, 90.0, 0.0, 132023.25
0:02:10.017830, 0.0, 0.0, 90.0, 0.0, 132023.90625
0:02:10.103449, 0.0, 0.0, 90.0, 0.0, 132024.4375
0:02:10.202115, 0.0, 0.0, 90.0, 0.0, 132025.0625
0:02:10.320466, 0.0, 0.0, 90.0, 0.0, 132025.796875
0:02:10.402418, 0.0, 0.0, 90.0, 0.0, 132026.3125
0:02:10.510690, 0.0, 0.0, 90.0, 0.0, 132027.0
0:02:10.610583, 0.0, 0.0, 90.0, 0.0, 132027.625
0:02:10.723569, 0.0, 0.0, 90.0, 0.0, 132028.34375
0:02:10.810127, 0.0, 0.0, 90.0, 0.0, 132028.890625
0:02:10.907935, 0.0, 0.0, 90.0, 0.0, 132029.5
0:02:11.023121, 0.0, 0.0, 90.0, 0.0, 132030.21875
0:02:11.120930, 0.0, 0.0, 90.0, 0.0, 132030.84375
0:02:11.221617, 0.0, 0.0, 90.0, 0.0, 132031.46875
0:02:11.314396, 0.0, 0.0, 90.0, 0.0, 132032.046875
0:02:11.428458, 0.0, 0.0, 90.0, 0.0, 132032.765625
0:02:11.513935, 0.0, 0.0, 90.0, 0.0, 132033.296875
0:02:11.624252, 0.0, 0.0, 90.0, 0.0, 132034.0
0:02:11.711793, 0.0, 0.0, 90.0, 0.0, 132034.546875
0:02:11.846202, 0.0, 0.0, 90.0, 0.0, 132035.390625
0:02:11.941814, 0.0, 0.0, 90.0, 0.0, 132035.984375
0:02:12.039456, 0.0, 0.0, 90.0, 0.0, 132036.59375
0:02:12.149716, 0.0, 0.0, 90.0, 0.0, 132037.28125
0:02:12.235813, 0.0, 0.0, 90.0, 0.0, 132037.8125
0:02:12.352277, 0.0, 0.0, 90.0, 0.0, 132038.5625
0:02:12.431165, 0.0, 0.0, 90.0, 0.0, 132039.046875
0:02:12.545084, 0.0, 0.0, 90.0, 0.0, 132039.75
0:02:12.629660, 0.0, 0.0, 90.0, 0.0, 132040.296875
0:02:12.740924, 0.0, 0.0, 90.0, 0.0, 132041.0
0:02:12.828467, 0.0, 0.0, 90.0, 0.0, 132041.546875
0:02:12.943495, 0.0, 0.0, 90.0, 0.0, 132042.28125
0:02:13.031178, 0.0, 0.0, 90.0, 0.0, 132042.828125
0:02:13.147143, 0.0, 0.0, 90.0, 0.0, 132043.5625
0:02:13.233719, 0.0, 0.0, 90.0, 0.0, 132044.09375
0:02:13.342957, 0.0, 0.0, 90.0, 0.0, 132044.78125
0:02:13.457076, 0.0, 0.0, 90.0, 0.0, 132045.484375
0:02:13.552859, 0.0, 0.0, 90.0, 0.0, 132046.078125
0:02:13.652315, 0.0, 0.0, 90.0, 0.0, 132046.703125
0:02:13.743978, 0.0, 0.0, 90.0, 0.0, 132047.28125
0:02:13.842161, 0.0, 0.0, 90.0, 0.0, 132047.890625
0:02:13.936167, 0.0, 0.0, 90.0, 0.0, 132048.484375
0:02:14.045450, 0.0, 0.0, 90.0, 0.0, 132049.171875
0:02:14.163454, 0.0, 0.0, 90.0, 0.0, 132049.921875
0:02:14.263368, 0.0, 0.0, 90.0, 0.0, 132050.546875
0:02:14.344195, 0.0, 0.0, 90.0, 0.0, 132051.046875
0:02:14.459154, 0.0, 0.0, 90.0, 0.0, 132051.765625
0:02:14.544693, 0.0, 0.0, 90.0, 0.0, 132052.3125
0:02:14.656635, 0.0, 0.0, 90.0, 0.0, 132053.03125
0:02:14.766971, 0.0, 0.0, 90.0, 0.0, 132053.71875
0:02:14.861638, 0.0, 0.0, 90.0, 0.0, 132054.3125
0:02:14.949296, 0.0, 0.0, 90.0, 0.0, 132054.859375
0:02:15.065254, 0.0, 0.0, 90.0, 0.0, 132055.59375
0:02:15.162829, 0.0, 0.0, 90.0, 0.0, 132056.1875
0:02:15.262205, 0.0, 0.0, 90.0, 0.0, 132056.8125
0:02:15.355174, 0.0, 0.0, 90.0, 0.0, 132057.390625
0:02:15.469172, 0.0, 0.0, 90.0, 0.0, 132058.109375
0:02:15.555714, 0.0, 0.0, 90.0, 0.0, 132058.640625
0:02:15.682982, 0.0, 0.0, 90.0, 0.0, 132059.4375
0:02:15.767473, 0.0, 0.0, 90.0, 0.0, 132059.96875
0:02:15.863849, 0.0, 0.0, 90.0, 0.0, 132060.578125
0:02:15.958983, 0.0, 0.0, 90.0, 0.0, 132061.171875
0:02:16.074815, 0.0, 0.0, 90.0, 0.0, 132061.875
0:02:16.163324, 0.0, 0.0, 90.0, 0.0, 132062.421875
0:02:16.281514, 0.0, 0.0, 90.0, 0.0, 132063.140625
0:02:16.369806, 0.0, 0.0, 90.0, 0.0, 132063.703125
0:02:16.487746, 0.0, 0.0, 90.0, 0.0, 132064.4375
0:02:16.575199, 0.0, 0.0, 90.0, 0.0, 132065.0
0:02:16.673767, 0.0, 0.0, 90.0, 0.0, 132065.609375
0:02:16.773151, 0.0, 0.0, 90.0, 0.0, 132066.234375
0:02:16.873803, 0.0, 0.0, 90.0, 0.0, 132066.875
0:02:16.984152, 0.0, 0.0, 90.0, 0.0, 132067.546875
0:02:17.083890, 0.0, 0.0, 90.0, 0.0, 132068.1875
0:02:17.181481, 0.0, 0.0, 90.0, 0.0, 132068.796875
0:02:17.292634, 0.0, 0.0, 90.0, 0.0, 132069.5
0:02:17.380175, 0.0, 0.0, 90.0, 0.0, 132070.046875
0:02:17.489644, 0.0, 0.0, 90.0, 0.0, 132070.71875
0:02:17.576225, 0.0, 0.0, 90.0, 0.0, 132071.265625
0:02:17.685492, 0.0, 0.0, 90.0, 0.0, 132071.96875
0:02:17.795819, 0.0, 0.0, 90.0, 0.0, 132072.65625
0:02:17.884597, 0.0, 0.0, 90.0, 0.0, 132073.21875
0:02:17.998467, 0.0, 0.0, 90.0, 0.0, 132073.9375
0:02:18.085105, 0.0, 0.0, 90.0, 0.0, 132074.46875
0:02:18.201110, 0.0, 0.0, 90.0, 0.0, 132075.203125
0:02:18.287691, 0.0, 0.0, 90.0, 0.0, 132075.75
0:02:18.384372, 0.0, 0.0, 90.0, 0.0, 132076.359375
0:02:18.505727, 0.0, 0.0, 90.0, 0.0, 132077.125
0:02:18.604463, 0.0, 0.0, 90.0, 0.0, 132077.734375
0:02:18.697350, 0.0, 0.0, 90.0, 0.0, 132078.3125
0:02:18.808195, 0.0, 0.0, 90.0, 0.0, 132079.015625
0:02:18.895852, 0.0, 0.0, 90.0, 0.0, 132079.5625
0:02:19.009774, 0.0, 0.0, 90.0, 0.0, 132080.296875
0:02:19.105856, 0.0, 0.0, 90.0, 0.0, 132080.90625
0:02:19.201439, 0.0, 0.0, 90.0, 0.0, 132081.5
0:02:19.307646, 0.0, 0.0, 90.0, 0.0, 132082.171875
0:02:19.405163, 0.0, 0.0, 90.0, 0.0, 132082.78125
0:02:19.518187, 0.0, 0.0, 90.0, 0.0, 132083.484375
0:02:19.613940, 0.0, 0.0, 90.0, 0.0, 132084.09375
0:02:19.706984, 0.0, 0.0, 90.0, 0.0, 132084.671875
0:02:19.820996, 0.0, 0.0, 90.0, 0.0, 132085.390625
0:02:19.906535, 0.0, 0.0, 90.0, 0.0, 132085.9375
0:02:20.016210, 0.0, 0.0, 90.0, 0.0, 132086.609375
0:02:20.113789, 0.0, 0.0, 90.0, 0.0, 132087.21875
0:02:20.205769, 0.0, 0.0, 90.0, 0.0, 132087.796875
0:02:20.312043, 0.0, 0.0, 90.0, 0.0, 132088.46875
0:02:20.426085, 0.0, 0.0, 90.0, 0.0, 132089.1875
0:02:20.525788, 0.0, 0.0, 90.0, 0.0, 132089.796875
0:02:20.624670, 0.0, 0.0, 90.0, 0.0, 132090.421875
0:02:20.717548, 0.0, 0.0, 90.0, 0.0, 132091.0
0:02:20.832631, 0.0, 0.0, 90.0, 0.0, 132091.71875
0:02:20.915340, 0.0, 0.0, 90.0, 0.0, 132092.234375
0:02:21.035361, 0.0, 0.0, 90.0, 0.0, 132092.96875
0:02:21.116332, 0.0, 0.0, 90.0, 0.0, 132093.46875
0:02:21.235395, 0.0, 0.0, 90.0, 0.0, 132094.21875
0:02:21.328557, 0.0, 0.0, 90.0, 0.0, 132094.796875
0:02:21.424367, 0.0, 0.0, 90.0, 0.0, 132095.40625
0:02:21.537516, 0.0, 0.0, 90.0, 0.0, 132096.109375
0:02:21.618377, 0.0, 0.0, 90.0, 0.0, 132096.609375
0:02:21.733422, 0.0, 0.0, 90.0, 0.0, 132097.34375
0:02:21.847328, 0.0, 0.0, 90.0, 0.0, 132098.046875
0:02:21.946048, 0.0, 0.0, 90.0, 0.0, 132098.671875
0:02:22.042568, 0.0, 0.0, 90.0, 0.0, 132099.265625
0:02:22.131155, 0.0, 0.0, 90.0, 0.0, 132099.828125
0:02:22.246160, 0.0, 0.0, 90.0, 0.0, 132100.546875
0:02:22.337075, 0.0, 0.0, 90.0, 0.0, 132101.109375
0:02:22.436232, 0.0, 0.0, 90.0, 0.0, 132101.734375
0:02:22.552234, 0.0, 0.0, 90.0, 0.0, 132102.453125
0:02:22.659555, 0.0, 0.0, 90.0, 0.0, 132103.125
0:02:22.750126, 0.0, 0.0, 90.0, 0.0, 132103.6875
0:02:22.862101, 0.0, 0.0, 90.0, 0.0, 132104.390625
0:02:22.946569, 0.0, 0.0, 90.0, 0.0, 132104.90625
0:02:23.041941, 0.0, 0.0, 90.0, 0.0, 132105.5
0:02:23.147525, 0.0, 0.0, 90.0, 0.0, 132106.15625
0:02:23.245688, 0.0, 0.0, 90.0, 0.0, 132106.78125
0:02:23.367054, 0.0, 0.0, 90.0, 0.0, 132107.53125
0:02:23.447881, 0.0, 0.0, 90.0, 0.0, 132108.03125
0:02:23.562946, 0.0, 0.0, 90.0, 0.0, 132108.75
0:02:23.649523, 0.0, 0.0, 90.0, 0.0, 132109.296875
0:02:23.748530, 0.0, 0.0, 90.0, 0.0, 132109.90625
0:02:23.857962, 0.0, 0.0, 90.0, 0.0, 132110.59375
0:02:23.972879, 0.0, 0.0, 90.0, 0.0, 132111.3125
0:02:24.059361, 0.0, 0.0, 90.0, 0.0, 132111.859375
0:02:24.146866, 0.0, 0.0, 90.0, 0.0, 132112.421875
0:02:24.264020, 0.0, 0.0, 90.0, 0.0, 132113.140625
0:02:24.376895, 0.0, 0.0, 90.0, 0.0, 132113.859375
0:02:24.465664, 0.0, 0.0, 90.0, 0.0, 132114.421875
0:02:24.578006, 0.0, 0.0, 90.0, 0.0, 132115.125
0:02:24.676220, 0.0, 0.0, 90.0, 0.0, 132115.734375
0:02:24.777749, 0.0, 0.0, 90.0, 0.0, 132116.375
0:02:24.877217, 0.0, 0.0, 90.0, 0.0, 132117.0
0:02:24.962805, 0.0, 0.0, 90.0, 0.0, 132117.53125
0:02:25.080724, 0.0, 0.0, 90.0, 0.0, 132118.265625
0:02:25.177076, 0.0, 0.0, 90.0, 0.0, 132118.875
0:02:25.278734, 0.0, 0.0, 90.0, 0.0, 132119.5
0:02:25.375877, 0.0, 0.0, 90.0, 0.0, 132120.109375
0:02:25.476568, 0.0, 0.0, 90.0, 0.0, 132120.75
0:02:25.577967, 0.0, 0.0, 90.0, 0.0, 132121.390625
0:02:25.686247, 0.0, 0.0, 90.0, 0.0, 132122.078125
0:02:25.772832, 0.0, 0.0, 90.0, 0.0, 132122.625
0:02:25.890692, 0.0, 0.0, 90.0, 0.0, 132123.375
0:02:25.986701, 0.0, 0.0, 90.0, 0.0, 132123.96875
0:02:26.077697, 0.0, 0.0, 90.0, 0.0, 132124.53125
0:02:26.190719, 0.0, 0.0, 90.0, 0.0, 132125.234375
0:02:26.301613, 0.0, 0.0, 90.0, 0.0, 132125.9375
0:02:26.388317, 0.0, 0.0, 90.0, 0.0, 132126.46875
0:02:26.476822, 0.0, 0.0, 90.0, 0.0, 132127.015625
0:02:26.590755, 0.0, 0.0, 90.0, 0.0, 132127.71875
0:02:26.706702, 0.0, 0.0, 90.0, 0.0, 132128.453125
0:02:26.777589, 0.0, 0.0, 90.0, 0.0, 132128.890625
0:02:26.893676, 0.0, 0.0, 90.0, 0.0, 132129.609375
0:02:27.004746, 0.0, 0.0, 90.0, 0.0, 132130.296875
0:02:27.090276, 0.0, 0.0, 90.0, 0.0, 132130.828125
0:02:27.202313, 0.0, 0.0, 90.0, 0.0, 132131.546875
0:02:27.284703, 0.0, 0.0, 90.0, 0.0, 132132.078125
0:02:27.391971, 0.0, 0.0, 90.0, 0.0, 132132.75
0:02:27.512051, 0.0, 0.0, 90.0, 0.0, 132133.5
0:02:27.598562, 0.0, 0.0, 90.0, 0.0, 132134.046875
0:02:27.699332, 0.0, 0.0, 90.0, 0.0, 132134.671875
0:02:27.797478, 0.0, 0.0, 90.0, 0.0, 132135.28125
0:02:27.898038, 0.0, 0.0, 90.0, 0.0, 132135.921875
0:02:28.019235, 0.0, 0.0, 90.0, 0.0, 132136.671875
0:02:28.117883, 0.0, 0.0, 90.0, 0.0, 132137.296875
0:02:28.211701, 0.0, 0.0, 90.0, 0.0, 132137.875
0:02:28.298305, 0.0, 0.0, 90.0, 0.0, 132138.421875
0:02:28.420300, 0.0, 0.0, 90.0, 0.0, 132139.203125
0:02:28.517990, 0.0, 0.0, 90.0, 0.0, 132139.828125
0:02:28.608574, 0.0, 0.0, 90.0, 0.0, 132140.390625
0:02:28.707436, 0.0, 0.0, 90.0, 0.0, 132141.015625
0:02:28.800426, 0.0, 0.0, 90.0, 0.0, 132141.59375
0:02:28.914454, 0.0, 0.0, 90.0, 0.0, 132142.3125
0:02:29.000977, 0.0, 0.0, 90.0, 0.0, 132142.859375
0:02:29.118959, 0.0, 0.0, 90.0, 0.0, 132143.59375
0:02:29.238110, 0.0, 0.0, 90.0, 0.0, 132144.34375
0:02:29.333582, 0.0, 0.0, 90.0, 0.0, 132144.953125
0:02:29.430553, 0.0, 0.0, 90.0, 0.0, 132145.5625
0:02:29.528253, 0.0, 0.0, 90.0, 0.0, 132146.15625
0:02:29.628614, 0.0, 0.0, 90.0, 0.0, 132146.796875
0:02:29.720452, 0.0, 0.0, 90.0, 0.0, 132147.375
0:02:29.834445, 0.0, 0.0, 90.0, 0.0, 132148.09375
0:02:29.918968, 0.0, 0.0, 90.0, 0.0, 132148.625
0:02:30.032985, 0.0, 0.0, 90.0, 0.0, 132149.34375
0:02:30.148878, 0.0, 0.0, 90.0, 0.0, 132150.0625
0:02:30.230765, 0.0, 0.0, 90.0, 0.0, 132150.5625
0:02:30.346250, 0.0, 0.0, 90.0, 0.0, 132151.28125
0:02:30.428320, 0.0, 0.0, 90.0, 0.0, 132151.78125
0:02:30.529576, 0.0, 0.0, 90.0, 0.0, 132152.40625
0:02:30.629647, 0.0, 0.0, 90.0, 0.0, 132153.03125
0:02:30.742887, 0.0, 0.0, 90.0, 0.0, 132153.75
0:02:30.827468, 0.0, 0.0, 90.0, 0.0, 132154.28125
0:02:30.944430, 0.0, 0.0, 90.0, 0.0, 132155.03125
0:02:31.024477, 0.0, 0.0, 90.0, 0.0, 132155.53125
0:02:31.139423, 0.0, 0.0, 90.0, 0.0, 132156.25
0:02:31.253457, 0.0, 0.0, 90.0, 0.0, 132156.96875
0:02:31.335318, 0.0, 0.0, 90.0, 0.0, 132157.484375
0:02:31.450355, 0.0, 0.0, 90.0, 0.0, 132158.203125
0:02:31.548489, 0.0, 0.0, 90.0, 0.0, 132158.828125
0:02:31.649089, 0.0, 0.0, 90.0, 0.0, 132159.453125
0:02:31.740807, 0.0, 0.0, 90.0, 0.0, 132160.03125
0:02:31.851749, 0.0, 0.0, 90.0, 0.0, 132160.71875
0:02:31.936326, 0.0, 0.0, 90.0, 0.0, 132161.265625
0:02:32.050339, 0.0, 0.0, 90.0, 0.0, 132161.984375
0:02:32.166354, 0.0, 0.0, 90.0, 0.0, 132162.71875
0:02:32.250929, 0.0, 0.0, 90.0, 0.0, 132163.25
0:02:32.349599, 0.0, 0.0, 90.0, 0.0, 132163.875
0:02:32.441427, 0.0, 0.0, 90.0, 0.0, 132164.4375
0:02:32.550773, 0.0, 0.0, 90.0, 0.0, 132165.125
0:02:32.649878, 0.0, 0.0, 90.0, 0.0, 132165.75
0:02:32.749518, 0.0, 0.0, 90.0, 0.0, 132166.390625
0:02:32.870511, 0.0, 0.0, 90.0, 0.0, 132167.140625
0:02:32.969201, 0.0, 0.0, 90.0, 0.0, 132167.765625
0:02:33.047002, 0.0, 0.0, 90.0, 0.0, 132168.25
0:02:33.162991, 0.0, 0.0, 90.0, 0.0, 132168.96875
0:02:33.246311, 0.0, 0.0, 90.0, 0.0, 132169.5
0:02:33.359336, 0.0, 0.0, 90.0, 0.0, 132170.203125
0:02:33.457178, 0.0, 0.0, 90.0, 0.0, 132170.8125
0:02:33.569596, 0.0, 0.0, 90.0, 0.0, 132171.53125
0:02:33.653093, 0.0, 0.0, 90.0, 0.0, 132172.0625
0:02:33.775796, 0.0, 0.0, 90.0, 0.0, 132172.8125
0:02:33.862325, 0.0, 0.0, 90.0, 0.0, 132173.359375
0:02:33.959979, 0.0, 0.0, 90.0, 0.0, 132173.984375
0:02:34.082074, 0.0, 0.0, 90.0, 0.0, 132174.75
0:02:34.179751, 0.0, 0.0, 90.0, 0.0, 132175.34375
0:02:34.272855, 0.0, 0.0, 90.0, 0.0, 132175.9375
0:02:34.382866, 0.0, 0.0, 90.0, 0.0, 132176.625
0:02:34.487082, 0.0, 0.0, 90.0, 0.0, 132177.28125
0:02:34.565983, 0.0, 0.0, 90.0, 0.0, 132177.78125
0:02:34.679984, 0.0, 0.0, 90.0, 0.0, 132178.5
0:02:34.777479, 0.0, 0.0, 90.0, 0.0, 132179.109375
0:02:34.883766, 0.0, 0.0, 90.0, 0.0, 132179.765625
0:02:34.978065, 0.0, 0.0, 90.0, 0.0, 132180.359375
0:02:35.092049, 0.0, 0.0, 90.0, 0.0, 132181.0625
0:02:35.202351, 0.0, 0.0, 90.0, 0.0, 132181.765625
0:02:35.301981, 0.0, 0.0, 90.0, 0.0, 132182.375
0:02:35.399358, 0.0, 0.0, 90.0, 0.0, 132182.984375
0:02:35.487637, 0.0, 0.0, 90.0, 0.0, 132183.53125
0:02:35.598656, 0.0, 0.0, 90.0, 0.0, 132184.234375
0:02:35.682190, 0.0, 0.0, 90.0, 0.0, 132184.765625
0:02:35.810967, 0.0, 0.0, 90.0, 0.0, 132185.578125
0:02:35.896490, 0.0, 0.0, 90.0, 0.0, 132186.109375
0:02:35.982957, 0.0, 0.0, 90.0, 0.0, 132186.65625
0:02:36.106088, 0.0, 0.0, 90.0, 0.0, 132187.421875
0:02:36.187994, 0.0, 0.0, 90.0, 0.0, 132187.9375
0:02:36.296352, 0.0, 0.0, 90.0, 0.0, 132188.609375
0:02:36.411164, 0.0, 0.0, 90.0, 0.0, 132189.3125
0:02:36.511289, 0.0, 0.0, 90.0, 0.0, 132189.9375
0:02:36.611965, 0.0, 0.0, 90.0, 0.0, 132190.578125
0:02:36.711443, 0.0, 0.0, 90.0, 0.0, 132191.203125
0:02:36.801659, 0.0, 0.0, 90.0, 0.0, 132191.765625
0:02:36.914787, 0.0, 0.0, 90.0, 0.0, 132192.484375
0:02:37.009001, 0.0, 0.0, 90.0, 0.0, 132193.078125
0:02:37.103530, 0.0, 0.0, 90.0, 0.0, 132193.671875
0:02:37.198675, 0.0, 0.0, 90.0, 0.0, 132194.265625
0:02:37.312680, 0.0, 0.0, 90.0, 0.0, 132194.984375
0:02:37.411646, 0.0, 0.0, 90.0, 0.0, 132195.59375
0:02:37.501723, 0.0, 0.0, 90.0, 0.0, 132196.15625
0:02:37.614646, 0.0, 0.0, 90.0, 0.0, 132196.875
0:02:37.724007, 0.0, 0.0, 90.0, 0.0, 132197.578125
0:02:37.819176, 0.0, 0.0, 90.0, 0.0, 132198.171875
0:02:37.905929, 0.0, 0.0, 90.0, 0.0, 132198.71875
0:02:38.001653, 0.0, 0.0, 90.0, 0.0, 132199.3125
0:02:38.118684, 0.0, 0.0, 90.0, 0.0, 132200.0625
0:02:38.224974, 0.0, 0.0, 90.0, 0.0, 132200.734375
0:02:38.322408, 0.0, 0.0, 90.0, 0.0, 132201.359375
0:02:38.434318, 0.0, 0.0, 90.0, 0.0, 132202.0625
0:02:38.521884, 0.0, 0.0, 90.0, 0.0, 132202.609375
0:02:38.613656, 0.0, 0.0, 90.0, 0.0, 132203.1875
0:02:38.722931, 0.0, 0.0, 90.0, 0.0, 132203.859375
0:02:38.822029, 0.0, 0.0, 90.0, 0.0, 132204.484375
0:02:38.922671, 0.0, 0.0, 90.0, 0.0, 132205.109375
0:02:39.012372, 0.0, 0.0, 90.0, 0.0, 132205.671875
0:02:39.131391, 0.0, 0.0, 90.0, 0.0, 132206.4375
0:02:39.236694, 0.0, 0.0, 90.0, 0.0, 132207.09375
0:02:39.333552, 0.0, 0.0, 90.0, 0.0, 132207.703125
0:02:39.432159, 0.0, 0.0, 90.0, 0.0, 132208.3125
0:02:39.532830, 0.0, 0.0, 90.0, 0.0, 132208.9375
0:02:39.642140, 0.0, 0.0, 90.0, 0.0, 132209.625
0:02:39.741408, 0.0, 0.0, 90.0, 0.0, 132210.234375
0:02:39.828553, 0.0, 0.0, 90.0, 0.0, 132210.78125
0:02:39.934919, 0.0, 0.0, 90.0, 0.0, 132211.453125
0:02:40.029381, 0.0, 0.0, 90.0, 0.0, 132212.03125
0:02:40.135691, 0.0, 0.0, 90.0, 0.0, 132212.6875
0:02:40.234086, 0.0, 0.0, 90.0, 0.0, 132213.296875
0:02:40.346177, 0.0, 0.0, 90.0, 0.0, 132214.015625
0:02:40.441845, 0.0, 0.0, 90.0, 0.0, 132214.625
0:02:40.543515, 0.0, 0.0, 90.0, 0.0, 132215.265625
0:02:40.659639, 0.0, 0.0, 90.0, 0.0, 132215.984375
0:02:40.768949, 0.0, 0.0, 90.0, 0.0, 132216.65625
0:02:40.855508, 0.0, 0.0, 90.0, 0.0, 132217.203125
0:02:40.972544, 0.0, 0.0, 90.0, 0.0, 132217.953125
0:02:41.054448, 0.0, 0.0, 90.0, 0.0, 132218.453125
0:02:41.166398, 0.0, 0.0, 90.0, 0.0, 132219.15625
0:02:41.258739, 0.0, 0.0, 90.0, 0.0, 132219.734375
0:02:41.370528, 0.0, 0.0, 90.0, 0.0, 132220.4375
0:02:41.474725, 0.0, 0.0, 90.0, 0.0, 132221.09375
0:02:41.554675, 0.0, 0.0, 90.0, 0.0, 132221.59375
0:02:41.664005, 0.0, 0.0, 90.0, 0.0, 132222.265625
0:02:41.763143, 0.0, 0.0, 90.0, 0.0, 132222.890625
0:02:41.862544, 0.0, 0.0, 90.0, 0.0, 132223.515625
0:02:41.954534, 0.0, 0.0, 90.0, 0.0, 132224.09375
0:02:42.064838, 0.0, 0.0, 90.0, 0.0, 132224.78125
0:02:42.164001, 0.0, 0.0, 90.0, 0.0, 132225.40625
0:02:42.265699, 0.0, 0.0, 90.0, 0.0, 132226.046875
0:02:42.359052, 0.0, 0.0, 90.0, 0.0, 132226.640625
0:02:42.472906, 0.0, 0.0, 90.0, 0.0, 132227.34375
0:02:42.574838, 0.0, 0.0, 90.0, 0.0, 132227.984375
0:02:42.684439, 0.0, 0.0, 90.0, 0.0, 132228.6875
0:02:42.779873, 0.0, 0.0, 90.0, 0.0, 132229.28125
0:02:42.866400, 0.0, 0.0, 90.0, 0.0, 132229.828125
0:02:42.963002, 0.0, 0.0, 90.0, 0.0, 132230.4375
0:02:43.084663, 0.0, 0.0, 90.0, 0.0, 132231.203125
0:02:43.181458, 0.0, 0.0, 90.0, 0.0, 132231.8125
0:02:43.294340, 0.0, 0.0, 90.0, 0.0, 132232.53125
0:02:43.380826, 0.0, 0.0, 90.0, 0.0, 132233.078125
0:02:43.489059, 0.0, 0.0, 90.0, 0.0, 132233.75
0:02:43.576667, 0.0, 0.0, 90.0, 0.0, 132234.296875
0:02:43.673348, 0.0, 0.0, 90.0, 0.0, 132234.90625
0:02:43.794687, 0.0, 0.0, 90.0, 0.0, 132235.65625
0:02:43.876618, 0.0, 0.0, 90.0, 0.0, 132236.15625
0:02:43.994609, 0.0, 0.0, 90.0, 0.0, 132236.90625
0:02:44.086754, 0.0, 0.0, 90.0, 0.0, 132237.46875
0:02:44.201854, 0.0, 0.0, 90.0, 0.0, 132238.1875
0:02:44.288219, 0.0, 0.0, 90.0, 0.0, 132238.734375
0:02:44.396436, 0.0, 0.0, 90.0, 0.0, 132239.421875
0:02:44.508507, 0.0, 0.0, 90.0, 0.0, 132240.125
0:02:44.607117, 0.0, 0.0, 90.0, 0.0, 132240.734375
0:02:44.688006, 0.0, 0.0, 90.0, 0.0, 132241.25
0:02:44.783567, 0.0, 0.0, 90.0, 0.0, 132241.84375
0:02:44.909573, 0.0, 0.0, 90.0, 0.0, 132242.625
0:02:44.996105, 0.0, 0.0, 90.0, 0.0, 132243.171875
0:02:45.093420, 0.0, 0.0, 90.0, 0.0, 132243.765625
0:02:45.207416, 0.0, 0.0, 90.0, 0.0, 132244.46875
0:02:45.304835, 0.0, 0.0, 90.0, 0.0, 132245.078125
0:02:45.391429, 0.0, 0.0, 90.0, 0.0, 132245.625
0:02:45.508436, 0.0, 0.0, 90.0, 0.0, 132246.359375
0:02:45.601902, 0.0, 0.0, 90.0, 0.0, 132246.9375
0:02:45.716922, 0.0, 0.0, 90.0, 0.0, 132247.65625
0:02:45.802353, 0.0, 0.0, 90.0, 0.0, 132248.203125
0:02:45.911548, 0.0, 0.0, 90.0, 0.0, 132248.875
0:02:46.016924, 0.0, 0.0, 90.0, 0.0, 132249.546875
0:02:46.113537, 0.0, 0.0, 90.0, 0.0, 132250.15625
0:02:46.209589, 0.0, 0.0, 90.0, 0.0, 132250.765625
0:02:46.306858, 0.0, 0.0, 90.0, 0.0, 132251.390625
0:02:46.405580, 0.0, 0.0, 90.0, 0.0, 132252.015625
0:02:46.515485, 0.0, 0.0, 90.0, 0.0, 132252.6875
0:02:46.624758, 0.0, 0.0, 90.0, 0.0, 132253.375
0:02:46.725459, 0.0, 0.0, 90.0, 0.0, 132254.015625
0:02:46.824122, 0.0, 0.0, 90.0, 0.0, 132254.640625
0:02:46.922874, 0.0, 0.0, 90.0, 0.0, 132255.25
0:02:47.007460, 0.0, 0.0, 90.0, 0.0, 132255.78125
0:02:47.129288, 0.0, 0.0, 90.0, 0.0, 132256.53125
0:02:47.226477, 0.0, 0.0, 90.0, 0.0, 132257.140625
0:02:47.325137, 0.0, 0.0, 90.0, 0.0, 132257.765625
0:02:47.428448, 0.0, 0.0, 90.0, 0.0, 132258.421875
0:02:47.535769, 0.0, 0.0, 90.0, 0.0, 132259.09375
0:02:47.634307, 0.0, 0.0, 90.0, 0.0, 132259.71875
0:02:47.726401, 0.0, 0.0, 90.0, 0.0, 132260.296875
0:02:47.811869, 0.0, 0.0, 90.0, 0.0, 132260.828125
0:02:47.927876, 0.0, 0.0, 90.0, 0.0, 132261.5625
0:02:48.014579, 0.0, 0.0, 90.0, 0.0, 132262.09375
0:02:48.125921, 0.0, 0.0, 90.0, 0.0, 132262.796875
0:02:48.217762, 0.0, 0.0, 90.0, 0.0, 132263.359375
0:02:48.327059, 0.0, 0.0, 90.0, 0.0, 132264.03125
0:02:48.441978, 0.0, 0.0, 90.0, 0.0, 132264.75
0:02:48.527579, 0.0, 0.0, 90.0, 0.0, 132265.296875
0:02:48.642480, 0.0, 0.0, 90.0, 0.0, 132266.03125
0:02:48.727465, 0.0, 0.0, 90.0, 0.0, 132266.5625
0:02:48.826471, 0.0, 0.0, 90.0, 0.0, 132267.1875
0:02:48.925875, 0.0, 0.0, 90.0, 0.0, 132267.8125
0:02:49.040875, 0.0, 0.0, 90.0, 0.0, 132268.53125
0:02:49.127603, 0.0, 0.0, 90.0, 0.0, 132269.078125
0:02:49.238900, 0.0, 0.0, 90.0, 0.0, 132269.765625
0:02:49.327455, 0.0, 0.0, 90.0, 0.0, 132270.3125
0:02:49.441656, 0.0, 0.0, 90.0, 0.0, 132271.03125
0:02:49.550481, 0.0, 0.0, 90.0, 0.0, 132271.71875
0:02:49.647078, 0.0, 0.0, 90.0, 0.0, 132272.328125
0:02:49.746780, 0.0, 0.0, 90.0, 0.0, 132272.96875
0:02:49.832454, 0.0, 0.0, 90.0, 0.0, 132273.5
0:02:49.946579, 0.0, 0.0, 90.0, 0.0, 132274.21875
0:02:50.062548, 0.0, 0.0, 90.0, 0.0, 132274.953125
0:02:50.146067, 0.0, 0.0, 90.0, 0.0, 132275.484375
0:02:50.245993, 0.0, 0.0, 90.0, 0.0, 132276.09375
0:02:50.345608, 0.0, 0.0, 90.0, 0.0, 132276.71875
0:02:50.436218, 0.0, 0.0, 90.0, 0.0, 132277.28125
0:02:50.552130, 0.0, 0.0, 90.0, 0.0, 132278.0
0:02:50.659336, 0.0, 0.0, 90.0, 0.0, 132278.6875
0:02:50.738200, 0.0, 0.0, 90.0, 0.0, 132279.1875
0:02:50.853161, 0.0, 0.0, 90.0, 0.0, 132279.90625
0:02:50.940746, 0.0, 0.0, 90.0, 0.0, 132280.453125
0:02:51.053799, 0.0, 0.0, 90.0, 0.0, 132281.171875
0:02:51.165674, 0.0, 0.0, 90.0, 0.0, 132281.875
0:02:51.275030, 0.0, 0.0, 90.0, 0.0, 132282.5625
0:02:51.347591, 0.0, 0.0, 90.0, 0.0, 132283.015625
0:02:51.467102, 0.0, 0.0, 90.0, 0.0, 132283.75
0:02:51.560518, 0.0, 0.0, 90.0, 0.0, 132284.34375
0:02:51.654880, 0.0, 0.0, 90.0, 0.0, 132284.921875
0:02:51.767899, 0.0, 0.0, 90.0, 0.0, 132285.640625
0:02:51.866032, 0.0, 0.0, 90.0, 0.0, 132286.265625
0:02:51.966708, 0.0, 0.0, 90.0, 0.0, 132286.890625
0:02:52.068062, 0.0, 0.0, 90.0, 0.0, 132287.53125
0:02:52.182944, 0.0, 0.0, 90.0, 0.0, 132288.25
0:02:52.267478, 0.0, 0.0, 90.0, 0.0, 132288.78125
0:02:52.366898, 0.0, 0.0, 90.0, 0.0, 132289.40625
0:02:52.478239, 0.0, 0.0, 90.0, 0.0, 132290.09375
0:02:52.578056, 0.0, 0.0, 90.0, 0.0, 132290.703125
0:02:52.678629, 0.0, 0.0, 90.0, 0.0, 132291.328125
0:02:52.776146, 0.0, 0.0, 90.0, 0.0, 132291.9375
0:02:52.870132, 0.0, 0.0, 90.0, 0.0, 132292.515625
0:02:52.987071, 0.0, 0.0, 90.0, 0.0, 132293.25
0:02:53.073765, 0.0, 0.0, 90.0, 0.0, 132293.796875
0:02:53.190701, 0.0, 0.0, 90.0, 0.0, 132294.515625
0:02:53.287975, 0.0, 0.0, 90.0, 0.0, 132295.125
0:02:53.385673, 0.0, 0.0, 90.0, 0.0, 132295.734375
0:02:53.493012, 0.0, 0.0, 90.0, 0.0, 132296.421875
0:02:53.605981, 0.0, 0.0, 90.0, 0.0, 132297.125
0:02:53.698819, 0.0, 0.0, 90.0, 0.0, 132297.703125
0:02:53.797637, 0.0, 0.0, 90.0, 0.0, 132298.328125
0:02:53.888208, 0.0, 0.0, 90.0, 0.0, 132298.890625
0:02:53.986914, 0.0, 0.0, 90.0, 0.0, 132299.515625
0:02:54.108409, 0.0, 0.0, 90.0, 0.0, 132300.265625
0:02:54.207080, 0.0, 0.0, 90.0, 0.0, 132300.875
0:02:54.308675, 0.0, 0.0, 90.0, 0.0, 132301.515625
0:02:54.390545, 0.0, 0.0, 90.0, 0.0, 132302.015625
0:02:54.505488, 0.0, 0.0, 90.0, 0.0, 132302.734375
0:02:54.591082, 0.0, 0.0, 90.0, 0.0, 132303.28125
0:02:54.702994, 0.0, 0.0, 90.0, 0.0, 132303.984375
0:02:54.791637, 0.0, 0.0, 90.0, 0.0, 132304.546875
0:02:54.903528, 0.0, 0.0, 90.0, 0.0, 132305.25
0:02:55.008687, 0.0, 0.0, 90.0, 0.0, 132305.90625
0:02:55.098507, 0.0, 0.0, 90.0, 0.0, 132306.46875
0:02:55.214483, 0.0, 0.0, 90.0, 0.0, 132307.203125
0:02:55.301041, 0.0, 0.0, 90.0, 0.0, 132307.75
0:02:55.409250, 0.0, 0.0, 90.0, 0.0, 132308.4375
0:02:55.515501, 0.0, 0.0, 90.0, 0.0, 132309.09375
0:02:55.601037, 0.0, 0.0, 90.0, 0.0, 132309.640625
0:02:55.710375, 0.0, 0.0, 90.0, 0.0, 132310.328125
0:02:55.798971, 0.0, 0.0, 90.0, 0.0, 132310.890625
0:02:55.913939, 0.0, 0.0, 90.0, 0.0, 132311.625
0:02:55.999517, 0.0, 0.0, 90.0, 0.0, 132312.15625
0:02:56.108888, 0.0, 0.0, 90.0, 0.0, 132312.859375
0:02:56.208961, 0.0, 0.0, 90.0, 0.0, 132313.484375
0:02:56.328603, 0.0, 0.0, 90.0, 0.0, 132314.234375
0:02:56.427672, 0.0, 0.0, 90.0, 0.0, 132314.859375
0:02:56.524276, 0.0, 0.0, 90.0, 0.0, 132315.46875
0:02:56.609938, 0.0, 0.0, 90.0, 0.0, 132316.0
0:02:56.736062, 0.0, 0.0, 90.0, 0.0, 132316.796875
0:02:56.823650, 0.0, 0.0, 90.0, 0.0, 132317.34375
0:02:56.909143, 0.0, 0.0, 90.0, 0.0, 132317.875
0:02:57.007695, 0.0, 0.0, 90.0, 0.0, 132318.5
0:02:57.130010, 0.0, 0.0, 90.0, 0.0, 132319.265625
0:02:57.218648, 0.0, 0.0, 90.0, 0.0, 132319.828125
0:02:57.340822, 0.0, 0.0, 90.0, 0.0, 132320.59375
0:02:57.411069, 0.0, 0.0, 90.0, 0.0, 132321.03125
0:02:57.533094, 0.0, 0.0, 90.0, 0.0, 132321.796875
0:02:57.613970, 0.0, 0.0, 90.0, 0.0, 132322.3125
0:02:57.725961, 0.0, 0.0, 90.0, 0.0, 132323.015625
0:02:57.838847, 0.0, 0.0, 90.0, 0.0, 132323.734375
0:02:57.929506, 0.0, 0.0, 90.0, 0.0, 132324.296875
0:02:58.017013, 0.0, 0.0, 90.0, 0.0, 132324.84375
0:02:58.124316, 0.0, 0.0, 90.0, 0.0, 132325.53125
0:02:58.235208, 0.0, 0.0, 90.0, 0.0, 132326.234375
0:02:58.349212, 0.0, 0.0, 90.0, 0.0, 132326.96875
0:02:58.420978, 0.0, 0.0, 90.0, 0.0, 132327.421875
0:02:58.541339, 0.0, 0.0, 90.0, 0.0, 132328.171875
0:02:58.626090, 0.0, 0.0, 90.0, 0.0, 132328.703125
0:02:58.734437, 0.0, 0.0, 90.0, 0.0, 132329.375
0:02:58.828526, 0.0, 0.0, 90.0, 0.0, 132329.96875
0:02:58.942943, 0.0, 0.0, 90.0, 0.0, 132330.6875
0:02:59.057407, 0.0, 0.0, 90.0, 0.0, 132331.40625
0:02:59.144001, 0.0, 0.0, 90.0, 0.0, 132331.953125
0:02:59.254854, 0.0, 0.0, 90.0, 0.0, 132332.640625
0:02:59.363217, 0.0, 0.0, 90.0, 0.0, 132333.328125
0:02:59.449903, 0.0, 0.0, 90.0, 0.0, 132333.859375
0:02:59.562853, 0.0, 0.0, 90.0, 0.0, 132334.5625
0:02:59.660682, 0.0, 0.0, 90.0, 0.0, 132335.171875
0:02:59.760478, 0.0, 0.0, 90.0, 0.0, 132335.796875
0:02:59.848980, 0.0, 0.0, 90.0, 0.0, 132336.34375
0:02:59.957253, 0.0, 0.0, 90.0, 0.0, 132337.015625
0:03:00.042838, 0.0, 0.0, 90.0, 0.0, 132337.546875
0:03:00.159874, 0.0, 0.0, 90.0, 0.0, 132338.28125
0:03:00.270193, 0.0, 0.0, 90.0, 0.0, 132338.953125
0:03:00.359278, 0.0, 0.0, 90.0, 0.0, 132339.5
0:03:00.470556, 0.0, 0.0, 90.0, 0.0, 132340.1875
0:03:00.569641, 0.0, 0.0, 90.0, 0.0, 132340.8125
0:03:00.668745, 0.0, 0.0, 90.0, 0.0, 132341.4375
0:03:00.753303, 0.0, 0.0, 90.0, 0.0, 132341.96875
0:03:00.875380, 0.0, 0.0, 90.0, 0.0, 132342.734375
0:03:00.961051, 0.0, 0.0, 90.0, 0.0, 132343.265625
0:03:01.073306, 0.0, 0.0, 90.0, 0.0, 132343.984375
0:03:01.187116, 0.0, 0.0, 90.0, 0.0, 132344.703125
0:03:01.273707, 0.0, 0.0, 90.0, 0.0, 132345.25
0:03:01.380298, 0.0, 0.0, 90.0, 0.0, 132345.90625
0:03:01.467877, 0.0, 0.0, 90.0, 0.0, 132346.4375
0:03:01.573168, 0.0, 0.0, 90.0, 0.0, 132347.109375
0:03:01.658703, 0.0, 0.0, 90.0, 0.0, 132347.640625
0:03:01.764991, 0.0, 0.0, 90.0, 0.0, 132348.3125
0:03:01.881007, 0.0, 0.0, 90.0, 0.0, 132349.03125
0:03:01.997004, 0.0, 0.0, 90.0, 0.0, 132349.75
0:03:02.084554, 0.0, 0.0, 90.0, 0.0, 132350.296875
0:03:02.200614, 0.0, 0.0, 90.0, 0.0, 132351.046875
0:03:02.270851, 0.0, 0.0, 90.0, 0.0, 132351.484375
0:03:02.370566, 0.0, 0.0, 90.0, 0.0, 132352.109375
0:03:02.491816, 0.0, 0.0, 90.0, 0.0, 132352.859375
0:03:02.590199, 0.0, 0.0, 90.0, 0.0, 132353.484375
0:03:02.690861, 0.0, 0.0, 90.0, 0.0, 132354.125
0:03:02.800169, 0.0, 0.0, 90.0, 0.0, 132354.8125
0:03:02.899006, 0.0, 0.0, 90.0, 0.0, 132355.4375
0:03:02.984429, 0.0, 0.0, 90.0, 0.0, 132355.96875
0:03:03.080826, 0.0, 0.0, 90.0, 0.0, 132356.578125
0:03:03.180566, 0.0, 0.0, 90.0, 0.0, 132357.1875
0:03:03.294506, 0.0, 0.0, 90.0, 0.0, 132357.921875
0:03:03.382026, 0.0, 0.0, 90.0, 0.0, 132358.46875
0:03:03.479707, 0.0, 0.0, 90.0, 0.0, 132359.078125
0:03:03.580336, 0.0, 0.0, 90.0, 0.0, 132359.71875
0:03:03.701707, 0.0, 0.0, 90.0, 0.0, 132360.484375
0:03:03.801370, 0.0, 0.0, 90.0, 0.0, 132361.109375
0:03:03.893188, 0.0, 0.0, 90.0, 0.0, 132361.6875
0:03:04.008185, 0.0, 0.0, 90.0, 0.0, 132362.40625
0:03:04.096241, 0.0, 0.0, 90.0, 0.0, 132362.953125
0:03:04.205812, 0.0, 0.0, 90.0, 0.0, 132363.640625
0:03:04.315753, 0.0, 0.0, 90.0, 0.0, 132364.328125
0:03:04.403307, 0.0, 0.0, 90.0, 0.0, 132364.875
0:03:04.501720, 0.0, 0.0, 90.0, 0.0, 132365.484375
0:03:04.593413, 0.0, 0.0, 90.0, 0.0, 132366.0625
0:03:04.702742, 0.0, 0.0, 90.0, 0.0, 132366.734375
0:03:04.823616, 0.0, 0.0, 90.0, 0.0, 132367.484375
0:03:04.912093, 0.0, 0.0, 90.0, 0.0, 132368.046875
0:03:05.011613, 0.0, 0.0, 90.0, 0.0, 132368.65625
0:03:05.132697, 0.0, 0.0, 90.0, 0.0, 132369.421875
0:03:05.234404, 0.0, 0.0, 90.0, 0.0, 132370.0625
0:03:05.327841, 0.0, 0.0, 90.0, 0.0, 132370.640625
0:03:05.416392, 0.0, 0.0, 90.0, 0.0, 132371.1875
0:03:05.526411, 0.0, 0.0, 90.0, 0.0, 132371.859375
0:03:05.610896, 0.0, 0.0, 90.0, 0.0, 132372.390625
0:03:05.705888, 0.0, 0.0, 90.0, 0.0, 132372.984375
0:03:05.814133, 0.0, 0.0, 90.0, 0.0, 132373.65625
0:03:05.930097, 0.0, 0.0, 90.0, 0.0, 132374.390625
0:03:06.021745, 0.0, 0.0, 90.0, 0.0, 132374.96875
0:03:06.118233, 0.0, 0.0, 90.0, 0.0, 132375.578125
0:03:06.233167, 0.0, 0.0, 90.0, 0.0, 132376.296875
