0:00:29.439485: off 87
0:00:29.548959: off 83
0:00:29.564571: off 81
0:00:29.580197: off 78
0:00:29.595820: off 76
0:00:29.611357: off 72
0:00:29.627070: off 68
0:00:29.642697: off 63
0:00:29.658318: off 58
0:00:29.673971: off 55
0:00:29.689607: off 50
0:00:29.705194: off 44
0:00:29.720738: off 37
0:00:29.736451: off 34
0:00:29.767706: off 28
0:00:29.783322: off 22
0:00:29.798951: off 17
0:00:29.814555: off 12
0:00:29.830197: off 9
0:00:29.845827: off 5
0:00:29.861450: off 2
0:00:29.877058: off 0
0:01:19.443607: amp 3
0:01:19.459184: amp 4
0:01:19.474829: amp 5
0:01:19.474829: amp 8
0:01:19.490471: amp 11
0:01:19.521705: amp 13
0:01:19.537334: amp 16
0:01:19.537334: amp 20
0:01:19.568482: amp 24
0:01:19.584208: amp 26
0:01:19.599819: amp 29
0:01:19.615453: amp 32
0:01:19.646700: amp 36
0:01:19.662324: amp 38
0:01:19.677946: amp 40
0:01:19.693572: amp 42
0:01:19.709100: amp 43
0:01:19.724823: amp 44
0:01:19.756079: amp 45
0:01:19.771697: amp 46
0:01:20.240452: amp 47
0:01:21.802951: freq 0.05
0:01:21.849819: freq 0.1
0:01:21.881059: freq 0.15
0:01:21.943579: freq 0.2
0:01:26.521705: phb 0.32551240063120673
0:01:26.912400: phb 0.36129746892745057
0:01:26.927975: phb 0.39467079578412134
0:01:26.943594: phb 0.45408438329659956
0:01:26.959218: phb 0.5194309830592827
0:01:26.990455: phb 0.6067836641868524
0:01:26.990455: phb 0.6601512133004763
0:01:27.006101: phb 0.7682877037230987
0:01:27.021719: phb 0.867546016360454
0:01:27.037332: phb 0.9847317108169201
0:01:27.068568: phb 1.0300481538593593
0:01:27.084189: phb 1.1485207995235656
0:01:27.099843: phb 1.2512897920631032
0:01:27.115471: phb 1.3610370213699283
0:01:27.131086: phb 1.401217907948785
0:01:27.146725: phb 1.4866207272558012
0:01:27.162345: phb 1.5665077319353489
0:01:27.177982: phb 1.6433861002377481
0:01:27.193588: phb 1.7349892212766278
0:01:27.209214: phb 1.789528190142886
0:01:27.224843: phb 1.877436837257082
0:01:27.240473: phb 1.928015213298956
0:01:27.256090: phb 1.9767549404375317
0:01:27.271707: phb 2.0081664719612657
0:01:27.287343: phb 2.0386805441428737
0:01:27.318590: phb 2.06828204162124
0:01:27.349836: phb 2.1109555318490663
0:01:27.381095: phb 2.1382507873974217
0:01:27.412322: phb 2.1646272640758504
0:01:27.443581: phb 2.190096857424752
0:01:27.459212: phb 2.202496565222727
0:01:27.474842: phb 2.2266342721500685
0:01:47.211456: phb 1.962692395581005
0:01:47.211456: phb 1.9722504721166543
0:01:47.227457: phb 1.99536238728411
0:01:47.243234: phb 2.027813697738384
0:01:47.290087: phb 2.0605803633225226
0:01:47.290087: phb 2.074853282392523
0:01:47.305775: phb 2.0945423549983624
0:01:47.368791: phb 2.084043325868241
0:01:47.384422: phb 2.0416848671210563
0:01:47.400040: phb 1.996246155376366
0:01:47.415661: phb 1.9697289303611267
0:01:47.432494: phb 1.9091528485202598
0:01:47.447152: phb 1.8392205904087626
0:01:47.462951: phb 1.7158927535364326
0:01:49.072318: phb 1.7546499268908156
0:01:49.432204: phb 1.7284164905145898
0:01:49.447846: phb 1.696805621884003
0:01:49.463461: phb 1.6105785943075321
0:01:50.685091: phb 1.9562731566356684
0:01:50.810642: phb 1.9350359002551114
0:01:50.826268: phb 1.8895620069239525
0:01:50.841897: phb 1.83020858661183
0:01:50.857547: phb 1.7988374622551018
0:01:50.888768: phb 1.732987988753637
0:01:50.904389: phb 1.7174247651776222
0:01:50.905254: phb 1.6873494773591529
0:01:50.920386: phb 1.6715095972763738
0:01:50.936178: phb 1.6575182042674705
0:01:50.951799: phb 1.618624529691862
0:01:50.967425: phb 1.5804418483566576
0:01:50.983041: phb 1.5557511572918927
0:01:50.998665: phb 1.4941722813251495
0:01:51.014285: phb 1.469677041028928
0:01:51.029909: phb 1.421076679301851
0:01:51.045562: phb 1.3731780897119066
0:01:51.061175: phb 1.3232465570695038
0:01:51.077605: phb 1.2849383006201982
0:01:51.108562: phb 1.2123774431278471
0:01:51.108562: phb 1.1526097270303504
0:01:51.140089: phb 1.0682734371775708
0:01:51.171506: phb 1.0063694324357153
0:01:51.187124: phb 0.9275776212093536
0:01:51.203382: phb 0.8460114897385951
0:01:51.219186: phb 0.7990758693551644
0:01:51.234811: phb 0.7456478227795389
0:01:51.250445: phb 0.7233179148491646
0:01:51.266058: phb 0.6633421529463817
0:01:51.281686: phb 0.6102640563005436
0:01:51.297308: phb 0.551827008235056
0:01:51.312937: phb 0.5049599475695491
0:01:51.328554: phb 0.4814453734486337
0:01:51.344186: phb 0.4151265842641341
0:01:51.359787: phb 0.35795474460759974
0:01:51.375438: phb 0.2835657838693312
0:01:51.406698: phb 0.24961905195750778
0:01:51.422295: phb 0.1862473047825433
0:01:51.437931: phb 0.11039096180145036
0:01:51.437931: phb 0.04430751057908664
0:01:51.453544: phb 6.272101756017829
0:01:51.484812: phb 6.249944525823317
0:01:51.500442: phb 6.204003170772879
0:01:51.516882: phb 6.147989057533978
0:01:51.532044: phb 6.112869498906588
0:01:51.547852: phb 6.099698169703402
0:01:51.563451: phb 6.063817747103877
0:01:51.579097: phb 6.024734395449114
0:01:51.594697: phb 5.991349560445694
0:01:51.610354: phb 5.976906128850609
0:01:51.625973: phb 5.9402342054968225
0:01:51.641571: phb 5.914419983163899
0:01:51.657223: phb 5.888477728691482
0:01:51.672854: phb 5.868420655030909
0:01:51.704079: phb 5.852703093199897
0:01:51.719707: phb 5.836799828865536
0:01:51.750955: phb 5.809983352248633
0:01:51.766594: phb 5.788031275251276
0:01:51.782230: phb 5.771441692423346
0:01:51.797849: phb 5.759190720336691
0:01:51.813442: phb 5.742024556830352
0:01:52.595470: phb 5.9582801249755715
0:01:52.642493: phb 5.925410146777737
0:01:52.674745: phb 5.896490313726861
0:01:52.676110: phb 5.850147513283641
0:01:52.690813: phb 5.826605361803024
0:01:52.721786: phb 5.791491719024341
0:01:52.721786: phb 5.737415454888278
0:01:52.753033: phb 5.674167218763954
0:01:52.768635: phb 5.6360012801518575
0:01:52.785040: phb 5.539857246615134
0:01:52.801371: phb 5.440163907900963
0:01:52.816030: phb 5.352779536587484
0:01:52.831836: phb 5.276406121048583
0:01:52.863064: phb 5.220751557942151
0:01:52.878716: phb 5.196347118645603
0:01:52.894319: phb 5.143748139110716
0:01:52.925594: phb 5.102795961604842
0:01:52.941190: phb 5.085916416431051
0:01:52.942803: phb 5.064850448701626
0:01:52.957470: phb 5.036762049517411
0:01:52.988883: phb 5.020882663844624
0:01:53.004502: phb 4.996814606209189
0:01:53.082632: phb 4.9724019549618355
0:01:53.098275: phb 4.960074829547021
0:01:53.113874: phb 4.947669232983993
0:01:53.129644: phb 4.92263977649699
0:01:53.145132: phb 4.910021403223605
0:01:53.176372: phb 4.8845971814787426
0:01:53.176372: phb 4.858944969319596
0:02:21.190285: phb 4.6717521253515395
0:02:21.190285: phb 4.661022939020052
0:02:21.205909: phb 4.65096335809661
0:02:21.221544: phb 4.651608363472847
0:02:21.362171: phb 4.693029989308168
0:02:21.377787: phb 4.726237529234171
0:02:21.393421: phb 4.761980648053024
0:02:21.424658: phb 4.853454509948713
0:02:21.424658: phb 4.897338941708161
0:02:23.174666: phb 4.703408639917808
0:02:23.284032: phb 4.7149029908048306
0:02:23.299680: phb 4.726396677455466
0:02:23.440289: phb 4.74936887053453
0:02:23.471540: phb 4.761404911880422
0:02:23.487173: phb 4.808779813883595
0:02:23.502789: phb 4.8820515548192045
0:02:23.518414: phb 4.93362949944076
0:02:24.674657: phb 4.889863153406221
0:02:24.721540: phb 4.86960890264044
0:02:24.752704: phb 4.859431252145568
0:02:24.784026: phb 4.827533993965427
0:02:24.799669: phb 4.817349785915676
0:02:24.815287: phb 4.797792041106951
0:02:24.830914: phb 4.777755914818554
0:02:24.846453: phb 4.74661730923936
0:02:24.862184: phb 4.725635485954142
0:02:27.658967: phb 4.335314927716458
0:02:27.705918: phb 4.341442979385402
0:02:27.909033: phb 4.368340914105461
0:02:27.940292: phb 4.399228528869891
0:02:27.955909: phb 4.419668850934515
0:02:27.955909: phb 4.474655162428865
0:02:27.987163: phb 4.521602245948543
0:02:28.002790: phb 4.585512686539494
0:02:28.018418: phb 4.634167738510765
0:02:28.034066: phb 4.69914719790516
0:02:28.049666: phb 4.733398825057852
0:02:28.065356: phb 4.827045272188221
0:02:28.080906: phb 4.975886888961942
0:02:28.096543: phb 5.151915499628023
0:02:28.112154: phb 5.249382569493868
0:02:28.127791: phb 5.452385741890147
0:02:28.143401: phb 5.600690419013423
0:02:28.159039: phb 5.757742251228656
0:02:28.174656: phb 5.940312213953301
0:02:28.205917: phb 6.045175805319292
0:02:28.221540: phb 6.260574634017895
0:02:28.237165: phb 0.17139207127876752
0:02:28.237165: phb 0.3389540538813723
0:02:28.268412: phb 0.4203428367745763
0:02:28.284026: phb 0.515195348165599
0:02:29.221555: phb 0.6590847177338808
0:02:29.315294: phb 0.63241780597872
0:02:29.346542: phb 0.5994598974039405
0:02:29.346542: phb 0.5384954080880402
0:02:29.362162: phb 0.5172292556378217
0:02:29.377788: phb 0.4783146055150958
0:02:29.377788: phb 0.4618308078511353
0:02:29.393451: phb 0.42804258662307915
0:02:29.409021: phb 0.3389540538813723
0:02:29.424662: phb 0.3015920979656662
0:02:29.440273: phb 0.20869661873757947
0:02:29.471548: phb 0.10776244757644796
0:02:29.487166: phb 0.021632535493939738
0:02:29.502793: phb 6.216937177106907
0:02:29.534036: phb 6.173058665741268
0:02:31.393420: freq 0.55
0:02:31.440294: freq 0.6
0:02:31.534039: freq 0.65
0:02:53.660428: freq 0
0:02:53.660428: amp 0
0:02:53.660428: off 90
0:02:53.660428: phb 0
