Time, Frequency, Amplitude, Offset, PhaseShift, Phase
0:00:00.092602, 0.0, 0.0, 90.0, 0.0, 8210.7666015625
0:00:00.201379, 0.0, 0.0, 90.0, 0.0, 8211.451171875
0:00:00.285699, 0.0, 0.0, 90.0, 0.0, 8211.978515625
0:00:00.391173, 0.0, 0.0, 90.0, 0.0, 8212.64453125
0:00:00.499265, 0.0, 0.0, 90.0, 0.0, 8213.32421875
0:00:00.595480, 0.0, 0.0, 90.0, 0.0, 8213.9267578125
0:00:00.704408, 0.0, 0.0, 90.0, 0.0, 8214.611328125
0:00:00.789705, 0.0, 0.0, 90.0, 0.0, 8215.1513671875
0:00:00.899425, 0.0, 0.0, 90.0, 0.0, 8215.8359375
0:00:01.015978, 0.0, 0.0, 90.0, 0.0, 8216.5712890625
0:00:01.097631, 0.0, 0.0, 90.0, 0.0, 8217.0869140625
0:00:01.211180, 0.0, 0.0, 90.0, 0.0, 8217.8037109375
0:00:01.295519, 0.0, 0.0, 90.0, 0.0, 8218.33203125
0:00:01.412166, 0.0, 0.0, 90.0, 0.0, 8219.0673828125
0:00:01.497372, 0.0, 0.0, 90.0, 0.0, 8219.6015625
0:00:01.623010, 0.0, 0.0, 90.0, 0.0, 8220.3935546875
0:00:01.709315, 0.0, 0.0, 90.0, 0.0, 8220.9345703125
0:00:01.804411, 0.0, 0.0, 90.0, 0.0, 8221.53125
0:00:01.916019, 0.0, 0.0, 90.0, 0.0, 8222.2353515625
0:00:02.022728, 0.0, 0.0, 90.0, 0.0, 8222.908203125
0:00:02.108059, 0.0, 0.0, 90.0, 0.0, 8223.4423828125
0:00:02.205512, 0.0, 0.0, 90.0, 0.0, 8224.0576171875
0:00:02.320149, 0.0, 0.0, 90.0, 0.0, 8224.7802734375
0:00:02.417601, 0.0, 0.0, 90.0, 0.0, 8225.3896484375
0:00:02.514998, 0.0, 0.0, 90.0, 0.0, 8226.005859375
0:00:02.607762, 0.0, 0.0, 90.0, 0.0, 8226.5908203125
0:00:02.722335, 0.0, 0.0, 90.0, 0.0, 8227.3076171875
0:00:02.807672, 0.0, 0.0, 90.0, 0.0, 8227.8486328125
0:00:02.917618, 0.0, 0.0, 90.0, 0.0, 8228.5400390625
0:00:03.026726, 0.0, 0.0, 90.0, 0.0, 8229.2255859375
0:00:03.126477, 0.0, 0.0, 90.0, 0.0, 8229.8544921875
0:00:03.219660, 0.0, 0.0, 90.0, 0.0, 8230.4384765625
0:00:03.335124, 0.0, 0.0, 90.0, 0.0, 8231.1669921875
0:00:03.415721, 0.0, 0.0, 90.0, 0.0, 8231.6689453125
0:00:03.528333, 0.0, 0.0, 90.0, 0.0, 8232.3779296875
0:00:03.638867, 0.0, 0.0, 90.0, 0.0, 8233.076171875
0:00:03.720495, 0.0, 0.0, 90.0, 0.0, 8233.5859375
0:00:03.833958, 0.0, 0.0, 90.0, 0.0, 8234.302734375
0:00:03.919242, 0.0, 0.0, 90.0, 0.0, 8234.8369140625
0:00:04.045966, 0.0, 0.0, 90.0, 0.0, 8235.6357421875
0:00:04.143425, 0.0, 0.0, 90.0, 0.0, 8236.251953125
0:00:04.224963, 0.0, 0.0, 90.0, 0.0, 8236.767578125
0:00:04.321443, 0.0, 0.0, 90.0, 0.0, 8237.37109375
0:00:04.438345, 0.0, 0.0, 90.0, 0.0, 8238.10546875
0:00:04.521548, 0.0, 0.0, 90.0, 0.0, 8238.626953125
0:00:04.647451, 0.0, 0.0, 90.0, 0.0, 8239.4189453125
0:00:04.733706, 0.0, 0.0, 90.0, 0.0, 8239.966796875
0:00:04.839583, 0.0, 0.0, 90.0, 0.0, 8240.6337890625
0:00:04.936665, 0.0, 0.0, 90.0, 0.0, 8241.244140625
0:00:05.048200, 0.0, 0.0, 90.0, 0.0, 8241.9482421875
0:00:05.130169, 0.0, 0.0, 90.0, 0.0, 8242.4638671875
0:00:05.252823, 0.0, 0.0, 90.0, 0.0, 8243.23046875
0:00:05.339208, 0.0, 0.0, 90.0, 0.0, 8243.77734375
0:00:05.455753, 0.0, 0.0, 90.0, 0.0, 8244.5126953125
0:00:05.541151, 0.0, 0.0, 90.0, 0.0, 8245.046875
0:00:05.654670, 0.0, 0.0, 90.0, 0.0, 8245.763671875
0:00:05.743914, 0.0, 0.0, 90.0, 0.0, 8246.3232421875
0:00:05.856389, 0.0, 0.0, 90.0, 0.0, 8247.033203125
0:00:05.940613, 0.0, 0.0, 90.0, 0.0, 8247.5615234375
0:00:06.056146, 0.0, 0.0, 90.0, 0.0, 8248.291015625
0:00:06.143452, 0.0, 0.0, 90.0, 0.0, 8248.837890625
0:00:06.256995, 0.0, 0.0, 90.0, 0.0, 8249.5546875
0:00:06.350227, 0.0, 0.0, 90.0, 0.0, 8250.1396484375
0:00:06.462697, 0.0, 0.0, 90.0, 0.0, 8250.8505859375
0:00:06.547848, 0.0, 0.0, 90.0, 0.0, 8251.3837890625
0:00:06.643707, 0.0, 0.0, 90.0, 0.0, 8251.9873046875
0:00:06.759302, 0.0, 0.0, 90.0, 0.0, 8252.7158203125
0:00:06.856628, 0.0, 0.0, 90.0, 0.0, 8253.3251953125
0:00:06.967534, 0.0, 0.0, 90.0, 0.0, 8254.0224609375
0:00:07.050102, 0.0, 0.0, 90.0, 0.0, 8254.5439453125
0:00:07.147507, 0.0, 0.0, 90.0, 0.0, 8255.1533203125
0:00:07.249645, 0.0, 0.0, 90.0, 0.0, 8255.794921875
0:00:07.365213, 0.0, 0.0, 90.0, 0.0, 8256.5244140625
0:00:07.452490, 0.0, 0.0, 90.0, 0.0, 8257.072265625
0:00:07.564867, 0.0, 0.0, 90.0, 0.0, 8257.7822265625
0:00:07.671945, 0.0, 0.0, 90.0, 0.0, 8258.455078125
0:00:07.756807, 0.0, 0.0, 90.0, 0.0, 8258.990234375
0:00:07.857985, 0.0, 0.0, 90.0, 0.0, 8259.6259765625
0:00:07.977770, 0.0, 0.0, 90.0, 0.0, 8260.380859375
0:00:08.076963, 0.0, 0.0, 90.0, 0.0, 8261.009765625
0:00:08.169606, 0.0, 0.0, 90.0, 0.0, 8261.587890625
0:00:08.278508, 0.0, 0.0, 90.0, 0.0, 8262.2724609375
0:00:08.376261, 0.0, 0.0, 90.0, 0.0, 8262.888671875
0:00:08.476775, 0.0, 0.0, 90.0, 0.0, 8263.5234375
0:00:08.586739, 0.0, 0.0, 90.0, 0.0, 8264.2158203125
0:00:08.674107, 0.0, 0.0, 90.0, 0.0, 8264.7626953125
0:00:08.787629, 0.0, 0.0, 90.0, 0.0, 8265.4794921875
0:00:08.873694, 0.0, 0.0, 90.0, 0.0, 8266.0205078125
0:00:08.987305, 0.0, 0.0, 90.0, 0.0, 8266.736328125
0:00:09.075542, 0.0, 0.0, 90.0, 0.0, 8267.2900390625
0:00:09.184385, 0.0, 0.0, 90.0, 0.0, 8267.9755859375
0:00:09.290313, 0.0, 0.0, 90.0, 0.0, 8268.642578125
0:00:09.373569, 0.0, 0.0, 90.0, 0.0, 8269.1708984375
0:00:09.488030, 0.0, 0.0, 90.0, 0.0, 8269.88671875
0:00:09.580475, 0.0, 0.0, 90.0, 0.0, 8270.4716796875
0:00:09.674819, 0.0, 0.0, 90.0, 0.0, 8271.0625
0:00:09.783844, 0.0, 0.0, 90.0, 0.0, 8271.7470703125
0:00:09.898269, 0.0, 0.0, 90.0, 0.0, 8272.4697265625
0:00:09.998383, 0.0, 0.0, 90.0, 0.0, 8273.0986328125
0:00:10.092820, 0.0, 0.0, 90.0, 0.0, 8273.6962890625
0:00:10.198682, 0.0, 0.0, 90.0, 0.0, 8274.3623046875
0:00:10.282982, 0.0, 0.0, 90.0, 0.0, 8274.890625
0:00:10.392551, 0.0, 0.0, 90.0, 0.0, 8275.58203125
0:00:10.502941, 0.0, 0.0, 90.0, 0.0, 8276.2734375
0:00:10.588194, 0.0, 0.0, 90.0, 0.0, 8276.814453125
0:00:10.689572, 0.0, 0.0, 90.0, 0.0, 8277.44921875
0:00:10.788642, 0.0, 0.0, 90.0, 0.0, 8278.0712890625
0:00:10.908242, 0.0, 0.0, 90.0, 0.0, 8278.8251953125
0:00:10.997554, 0.0, 0.0, 90.0, 0.0, 8279.3837890625
0:00:11.112031, 0.0, 0.0, 90.0, 0.0, 8280.1064453125
0:00:11.192584, 0.0, 0.0, 90.0, 0.0, 8280.615234375
0:00:11.308043, 0.0, 0.0, 90.0, 0.0, 8281.3388671875
0:00:11.398418, 0.0, 0.0, 90.0, 0.0, 8281.91015625
0:00:11.514892, 0.0, 0.0, 90.0, 0.0, 8282.6396484375
0:00:11.598255, 0.0, 0.0, 90.0, 0.0, 8283.1669921875
0:00:11.698274, 0.0, 0.0, 90.0, 0.0, 8283.794921875
0:00:11.822123, 0.0, 0.0, 90.0, 0.0, 8284.57421875
0:00:11.920542, 0.0, 0.0, 90.0, 0.0, 8285.189453125
0:00:12.019537, 0.0, 0.0, 90.0, 0.0, 8285.8115234375
0:00:12.119883, 0.0, 0.0, 90.0, 0.0, 8286.4462890625
0:00:12.209500, 0.0, 0.0, 90.0, 0.0, 8287.01171875
0:00:12.324921, 0.0, 0.0, 90.0, 0.0, 8287.7333984375
0:00:12.411270, 0.0, 0.0, 90.0, 0.0, 8288.2802734375
0:00:12.526791, 0.0, 0.0, 90.0, 0.0, 8289.00390625
0:00:12.614126, 0.0, 0.0, 90.0, 0.0, 8289.556640625
0:00:12.729850, 0.0, 0.0, 90.0, 0.0, 8290.279296875
0:00:12.828913, 0.0, 0.0, 90.0, 0.0, 8290.908203125
0:00:12.914263, 0.0, 0.0, 90.0, 0.0, 8291.4423828125
0:00:13.011557, 0.0, 0.0, 90.0, 0.0, 8292.0517578125
0:00:13.136262, 0.0, 0.0, 90.0, 0.0, 8292.837890625
0:00:13.223549, 0.0, 0.0, 90.0, 0.0, 8293.390625
0:00:13.320020, 0.0, 0.0, 90.0, 0.0, 8293.9931640625
0:00:13.430590, 0.0, 0.0, 90.0, 0.0, 8294.6904296875
0:00:13.540488, 0.0, 0.0, 90.0, 0.0, 8295.380859375
0:00:13.639290, 0.0, 0.0, 90.0, 0.0, 8296.00390625
0:00:13.738329, 0.0, 0.0, 90.0, 0.0, 8296.6259765625
0:00:13.824743, 0.0, 0.0, 90.0, 0.0, 8297.1728515625
0:00:13.932504, 0.0, 0.0, 90.0, 0.0, 8297.8515625
0:00:14.019845, 0.0, 0.0, 90.0, 0.0, 8298.3984375
0:00:14.135463, 0.0, 0.0, 90.0, 0.0, 8299.1279296875
0:00:14.222694, 0.0, 0.0, 90.0, 0.0, 8299.6748046875
0:00:14.331571, 0.0, 0.0, 90.0, 0.0, 8300.359375
0:00:14.443204, 0.0, 0.0, 90.0, 0.0, 8301.0634765625
0:00:14.540635, 0.0, 0.0, 90.0, 0.0, 8301.6728515625
0:00:14.651002, 0.0, 0.0, 90.0, 0.0, 8302.3701171875
0:00:14.739350, 0.0, 0.0, 90.0, 0.0, 8302.923828125
0:00:14.827566, 0.0, 0.0, 90.0, 0.0, 8303.4833984375
0:00:14.940112, 0.0, 0.0, 90.0, 0.0, 8304.1875
0:00:15.051014, 0.0, 0.0, 90.0, 0.0, 8304.8857421875
0:00:15.136232, 0.0, 0.0, 90.0, 0.0, 8305.419921875
0:00:15.249470, 0.0, 0.0, 90.0, 0.0, 8306.13671875
0:00:15.337767, 0.0, 0.0, 90.0, 0.0, 8306.6904296875
0:00:15.453254, 0.0, 0.0, 90.0, 0.0, 8307.4189453125
0:00:15.560058, 0.0, 0.0, 90.0, 0.0, 8308.091796875
0:00:15.649507, 0.0, 0.0, 90.0, 0.0, 8308.6513671875
0:00:15.739713, 0.0, 0.0, 90.0, 0.0, 8309.22265625
0:00:15.853273, 0.0, 0.0, 90.0, 0.0, 8309.93359375
0:00:15.940488, 0.0, 0.0, 90.0, 0.0, 8310.486328125
0:00:16.059999, 0.0, 0.0, 90.0, 0.0, 8311.234375
0:00:16.146319, 0.0, 0.0, 90.0, 0.0, 8311.78125
0:00:16.254339, 0.0, 0.0, 90.0, 0.0, 8312.4609375
0:00:16.350142, 0.0, 0.0, 90.0, 0.0, 8313.064453125
0:00:16.460014, 0.0, 0.0, 90.0, 0.0, 8313.755859375
0:00:16.547422, 0.0, 0.0, 90.0, 0.0, 8314.302734375
0:00:16.660968, 0.0, 0.0, 90.0, 0.0, 8315.01953125
0:00:16.773522, 0.0, 0.0, 90.0, 0.0, 8315.7294921875
0:00:16.855750, 0.0, 0.0, 90.0, 0.0, 8316.244140625
0:00:16.970329, 0.0, 0.0, 90.0, 0.0, 8316.966796875
0:00:17.054673, 0.0, 0.0, 90.0, 0.0, 8317.494140625
0:00:17.176232, 0.0, 0.0, 90.0, 0.0, 8318.2607421875
0:00:17.256874, 0.0, 0.0, 90.0, 0.0, 8318.763671875
0:00:17.370518, 0.0, 0.0, 90.0, 0.0, 8319.48046875
0:00:17.470892, 0.0, 0.0, 90.0, 0.0, 8320.115234375
0:00:17.573942, 0.0, 0.0, 90.0, 0.0, 8320.7626953125
0:00:17.671408, 0.0, 0.0, 90.0, 0.0, 8321.3720703125
0:00:17.780171, 0.0, 0.0, 90.0, 0.0, 8322.056640625
0:00:17.867656, 0.0, 0.0, 90.0, 0.0, 8322.609375
0:00:17.976911, 0.0, 0.0, 90.0, 0.0, 8323.2939453125
0:00:18.064237, 0.0, 0.0, 90.0, 0.0, 8323.84765625
0:00:18.179667, 0.0, 0.0, 90.0, 0.0, 8324.5703125
0:00:18.277015, 0.0, 0.0, 90.0, 0.0, 8325.1865234375
0:00:18.393628, 0.0, 0.0, 90.0, 0.0, 8325.9150390625
0:00:18.488838, 0.0, 0.0, 90.0, 0.0, 8326.51171875
0:00:18.575944, 0.0, 0.0, 90.0, 0.0, 8327.064453125
0:00:18.688556, 0.0, 0.0, 90.0, 0.0, 8327.767578125
0:00:18.772665, 0.0, 0.0, 90.0, 0.0, 8328.3017578125
0:00:18.880536, 0.0, 0.0, 90.0, 0.0, 8328.9814453125
0:00:18.995726, 0.0, 0.0, 90.0, 0.0, 8329.7041015625
0:00:19.082907, 0.0, 0.0, 90.0, 0.0, 8330.2509765625
0:00:19.181937, 0.0, 0.0, 90.0, 0.0, 8330.8798828125
0:00:19.285248, 0.0, 0.0, 90.0, 0.0, 8331.52734375
0:00:19.401715, 0.0, 0.0, 90.0, 0.0, 8332.263671875
0:00:19.488085, 0.0, 0.0, 90.0, 0.0, 8332.8046875
0:00:19.593893, 0.0, 0.0, 90.0, 0.0, 8333.470703125
0:00:19.692188, 0.0, 0.0, 90.0, 0.0, 8334.0859375
0:00:19.802514, 0.0, 0.0, 90.0, 0.0, 8334.783203125
0:00:19.890724, 0.0, 0.0, 90.0, 0.0, 8335.3359375
0:00:20.007176, 0.0, 0.0, 90.0, 0.0, 8336.0712890625
0:00:20.087925, 0.0, 0.0, 90.0, 0.0, 8336.5751953125
0:00:20.201334, 0.0, 0.0, 90.0, 0.0, 8337.2919921875
0:00:20.298914, 0.0, 0.0, 90.0, 0.0, 8337.908203125
0:00:20.406810, 0.0, 0.0, 90.0, 0.0, 8338.587890625
0:00:20.515623, 0.0, 0.0, 90.0, 0.0, 8339.2734375
0:00:20.601799, 0.0, 0.0, 90.0, 0.0, 8339.8134765625
0:00:20.700021, 0.0, 0.0, 90.0, 0.0, 8340.4296875
0:00:20.813556, 0.0, 0.0, 90.0, 0.0, 8341.146484375
0:00:20.898807, 0.0, 0.0, 90.0, 0.0, 8341.6806640625
0:00:21.012336, 0.0, 0.0, 90.0, 0.0, 8342.3974609375
0:00:21.097606, 0.0, 0.0, 90.0, 0.0, 8342.931640625
0:00:21.212231, 0.0, 0.0, 90.0, 0.0, 8343.6552734375
0:00:21.321973, 0.0, 0.0, 90.0, 0.0, 8344.345703125
0:00:21.413648, 0.0, 0.0, 90.0, 0.0, 8344.923828125
0:00:21.523634, 0.0, 0.0, 90.0, 0.0, 8345.615234375
0:00:21.619653, 0.0, 0.0, 90.0, 0.0, 8346.21875
0:00:21.726502, 0.0, 0.0, 90.0, 0.0, 8346.8916015625
0:00:21.821591, 0.0, 0.0, 90.0, 0.0, 8347.48828125
0:00:21.906906, 0.0, 0.0, 90.0, 0.0, 8348.0224609375
0:00:22.021436, 0.0, 0.0, 90.0, 0.0, 8348.7451171875
0:00:22.112795, 0.0, 0.0, 90.0, 0.0, 8349.32421875
0:00:22.231323, 0.0, 0.0, 90.0, 0.0, 8350.0654296875
0:00:22.316744, 0.0, 0.0, 90.0, 0.0, 8350.6064453125
0:00:22.412660, 0.0, 0.0, 90.0, 0.0, 8351.208984375
0:00:22.541704, 0.0, 0.0, 90.0, 0.0, 8352.01953125
0:00:22.629104, 0.0, 0.0, 90.0, 0.0, 8352.56640625
0:00:22.741588, 0.0, 0.0, 90.0, 0.0, 8353.27734375
0:00:22.829828, 0.0, 0.0, 90.0, 0.0, 8353.8310546875
0:00:22.944281, 0.0, 0.0, 90.0, 0.0, 8354.5537109375
0:00:23.042698, 0.0, 0.0, 90.0, 0.0, 8355.169921875
0:00:23.127984, 0.0, 0.0, 90.0, 0.0, 8355.7109375
0:00:23.241569, 0.0, 0.0, 90.0, 0.0, 8356.4267578125
0:00:23.324182, 0.0, 0.0, 90.0, 0.0, 8356.9423828125
0:00:23.438686, 0.0, 0.0, 90.0, 0.0, 8357.666015625
0:00:23.522917, 0.0, 0.0, 90.0, 0.0, 8358.193359375
0:00:23.632821, 0.0, 0.0, 90.0, 0.0, 8358.884765625
0:00:23.751382, 0.0, 0.0, 90.0, 0.0, 8359.6328125
0:00:23.823084, 0.0, 0.0, 90.0, 0.0, 8360.0859375
0:00:23.942810, 0.0, 0.0, 90.0, 0.0, 8360.833984375
0:00:24.036538, 0.0, 0.0, 90.0, 0.0, 8361.42578125
0:00:24.152042, 0.0, 0.0, 90.0, 0.0, 8362.1552734375
0:00:24.240286, 0.0, 0.0, 90.0, 0.0, 8362.708984375
0:00:24.346335, 0.0, 0.0, 90.0, 0.0, 8363.375
0:00:24.452408, 0.0, 0.0, 90.0, 0.0, 8364.0458984375
0:00:24.536630, 0.0, 0.0, 90.0, 0.0, 8364.57421875
0:00:24.653135, 0.0, 0.0, 90.0, 0.0, 8365.3095703125
0:00:24.753389, 0.0, 0.0, 90.0, 0.0, 8365.9375
0:00:24.853451, 0.0, 0.0, 90.0, 0.0, 8366.5654296875
0:00:24.946820, 0.0, 0.0, 90.0, 0.0, 8367.1494140625
0:00:25.061408, 0.0, 0.0, 90.0, 0.0, 8367.8720703125
0:00:25.146686, 0.0, 0.0, 90.0, 0.0, 8368.40625
0:00:25.239632, 0.0, 0.0, 90.0, 0.0, 8368.99609375
0:00:25.354230, 0.0, 0.0, 90.0, 0.0, 8369.712890625
0:00:25.453040, 0.0, 0.0, 90.0, 0.0, 8370.3349609375
0:00:25.552386, 0.0, 0.0, 90.0, 0.0, 8370.9638671875
0:00:25.661299, 0.0, 0.0, 90.0, 0.0, 8371.6494140625
0:00:25.746693, 0.0, 0.0, 90.0, 0.0, 8372.18359375
0:00:25.860154, 0.0, 0.0, 90.0, 0.0, 8372.900390625
0:00:25.967065, 0.0, 0.0, 90.0, 0.0, 8373.5732421875
0:00:26.065569, 0.0, 0.0, 90.0, 0.0, 8374.189453125
0:00:26.152811, 0.0, 0.0, 90.0, 0.0, 8374.7431640625
0:00:26.255142, 0.0, 0.0, 90.0, 0.0, 8375.3837890625
0:00:26.354067, 0.0, 0.0, 90.0, 0.0, 8376.005859375
0:00:26.470662, 0.0, 0.0, 90.0, 0.0, 8376.7412109375
0:00:26.555925, 0.0, 0.0, 90.0, 0.0, 8377.275390625
0:00:26.654242, 0.0, 0.0, 90.0, 0.0, 8377.8916015625
0:00:26.770243, 0.0, 0.0, 90.0, 0.0, 8378.626953125
0:00:26.854653, 0.0, 0.0, 90.0, 0.0, 8379.1552734375
0:00:26.974587, 0.0, 0.0, 90.0, 0.0, 8379.91015625
0:00:27.083412, 0.0, 0.0, 90.0, 0.0, 8380.5947265625
0:00:27.175982, 0.0, 0.0, 90.0, 0.0, 8381.1796875
0:00:27.274365, 0.0, 0.0, 90.0, 0.0, 8381.7958984375
0:00:27.361596, 0.0, 0.0, 90.0, 0.0, 8382.3427734375
0:00:27.480217, 0.0, 0.0, 90.0, 0.0, 8383.08984375
0:00:27.563417, 0.0, 0.0, 90.0, 0.0, 8383.6181640625
0:00:27.678899, 0.0, 0.0, 90.0, 0.0, 8384.3408203125
0:00:27.773196, 0.0, 0.0, 90.0, 0.0, 8384.9384765625
0:00:27.890416, 0.0, 0.0, 90.0, 0.0, 8385.6728515625
0:00:27.975953, 0.0, 0.0, 90.0, 0.0, 8386.20703125
0:00:28.083724, 0.0, 0.0, 90.0, 0.0, 8386.8857421875
0:00:28.190693, 0.0, 0.0, 90.0, 0.0, 8387.55859375
0:00:28.273935, 0.0, 0.0, 90.0, 0.0, 8388.0869140625
0:00:28.384865, 0.0, 0.0, 90.0, 0.0, 8388.78515625
0:00:28.483122, 0.0, 0.0, 90.0, 0.0, 8389.4013671875
0:00:28.595724, 0.0, 0.0, 90.0, 0.0, 8390.111328125
0:00:28.703571, 0.0, 0.0, 90.0, 0.0, 8390.7900390625
0:00:28.801236, 0.0, 0.0, 90.0, 0.0, 8391.40625
0:00:28.880817, 0.0, 0.0, 90.0, 0.0, 8391.9033203125
0:00:28.995329, 0.0, 0.0, 90.0, 0.0, 8392.6259765625
0:00:29.090162, 0.0, 0.0, 90.0, 0.0, 8393.2236328125
0:00:29.203723, 0.0, 0.0, 90.0, 0.0, 8393.939453125
0:00:29.292142, 0.0, 0.0, 90.0, 0.0, 8394.4921875
0:00:29.403423, 0.0, 0.0, 90.0, 0.0, 8395.189453125
0:00:29.498991, 0.0, 0.0, 90.0, 0.0, 8395.79296875
0:00:29.594751, 0.0, 0.0, 90.0, 0.0, 8396.396484375
0:00:29.699774, 0.0, 0.0, 90.0, 0.0, 8397.056640625
0:00:29.797732, 0.0, 0.0, 90.0, 0.0, 8397.6728515625
0:00:29.892548, 0.0, 0.0, 90.0, 0.0, 8398.26953125
0:00:30.007148, 0.0, 0.0, 90.0, 0.0, 8398.9931640625
0:00:30.091399, 0.0, 0.0, 90.0, 0.0, 8399.521484375
0:00:30.206972, 0.0, 0.0, 90.0, 0.0, 8400.25
0:00:30.293202, 0.0, 0.0, 90.0, 0.0, 8400.7900390625
0:00:30.405767, 0.0, 0.0, 90.0, 0.0, 8401.5009765625
0:00:30.517390, 0.0, 0.0, 90.0, 0.0, 8402.19921875
0:00:30.603485, 0.0, 0.0, 90.0, 0.0, 8402.7470703125
0:00:30.717157, 0.0, 0.0, 90.0, 0.0, 8403.4638671875
0:00:30.802354, 0.0, 0.0, 90.0, 0.0, 8403.998046875
0:00:30.913923, 0.0, 0.0, 90.0, 0.0, 8404.7021484375
0:00:31.003171, 0.0, 0.0, 90.0, 0.0, 8405.26171875
0:00:31.102569, 0.0, 0.0, 90.0, 0.0, 8405.8837890625
0:00:31.217374, 0.0, 0.0, 90.0, 0.0, 8406.6064453125
0:00:31.302260, 0.0, 0.0, 90.0, 0.0, 8407.1416015625
0:00:31.418865, 0.0, 0.0, 90.0, 0.0, 8407.876953125
0:00:31.504161, 0.0, 0.0, 90.0, 0.0, 8408.41015625
0:00:31.629139, 0.0, 0.0, 90.0, 0.0, 8409.1962890625
0:00:31.712941, 0.0, 0.0, 90.0, 0.0, 8409.724609375
0:00:31.825611, 0.0, 0.0, 90.0, 0.0, 8410.4345703125
0:00:31.922969, 0.0, 0.0, 90.0, 0.0, 8411.044921875
0:00:32.022108, 0.0, 0.0, 90.0, 0.0, 8411.6728515625
0:00:32.108435, 0.0, 0.0, 90.0, 0.0, 8412.2138671875
0:00:32.235056, 0.0, 0.0, 90.0, 0.0, 8413.0126953125
0:00:32.311601, 0.0, 0.0, 90.0, 0.0, 8413.49609375
0:00:32.426178, 0.0, 0.0, 90.0, 0.0, 8414.212890625
0:00:32.534981, 0.0, 0.0, 90.0, 0.0, 8414.8974609375
0:00:32.634881, 0.0, 0.0, 90.0, 0.0, 8415.525390625
0:00:32.719128, 0.0, 0.0, 90.0, 0.0, 8416.0537109375
0:00:32.816221, 0.0, 0.0, 90.0, 0.0, 8416.669921875
0:00:32.916507, 0.0, 0.0, 90.0, 0.0, 8417.2978515625
0:00:33.036161, 0.0, 0.0, 90.0, 0.0, 8418.052734375
0:00:33.136424, 0.0, 0.0, 90.0, 0.0, 8418.681640625
0:00:33.234562, 0.0, 0.0, 90.0, 0.0, 8419.296875
0:00:33.319857, 0.0, 0.0, 90.0, 0.0, 8419.837890625
0:00:33.447168, 0.0, 0.0, 90.0, 0.0, 8420.6357421875
0:00:33.545925, 0.0, 0.0, 90.0, 0.0, 8421.2578125
0:00:33.640413, 0.0, 0.0, 90.0, 0.0, 8421.85546875
0:00:33.726673, 0.0, 0.0, 90.0, 0.0, 8422.3955078125
0:00:33.846414, 0.0, 0.0, 90.0, 0.0, 8423.150390625
0:00:33.945659, 0.0, 0.0, 90.0, 0.0, 8423.7724609375
0:00:34.045965, 0.0, 0.0, 90.0, 0.0, 8424.408203125
0:00:34.133154, 0.0, 0.0, 90.0, 0.0, 8424.955078125
0:00:34.238042, 0.0, 0.0, 90.0, 0.0, 8425.6142578125
0:00:34.333264, 0.0, 0.0, 90.0, 0.0, 8426.2109375
0:00:34.448731, 0.0, 0.0, 90.0, 0.0, 8426.939453125
0:00:34.546148, 0.0, 0.0, 90.0, 0.0, 8427.548828125
0:00:34.639882, 0.0, 0.0, 90.0, 0.0, 8428.1396484375
0:00:34.752495, 0.0, 0.0, 90.0, 0.0, 8428.849609375
0:00:34.839733, 0.0, 0.0, 90.0, 0.0, 8429.396484375
0:00:34.951285, 0.0, 0.0, 90.0, 0.0, 8430.099609375
0:00:35.065868, 0.0, 0.0, 90.0, 0.0, 8430.8232421875
0:00:35.144496, 0.0, 0.0, 90.0, 0.0, 8431.3134765625
0:00:35.257066, 0.0, 0.0, 90.0, 0.0, 8432.0234375
0:00:35.342290, 0.0, 0.0, 90.0, 0.0, 8432.556640625
0:00:35.456881, 0.0, 0.0, 90.0, 0.0, 8433.279296875
0:00:35.563725, 0.0, 0.0, 90.0, 0.0, 8433.9521484375
0:00:35.650034, 0.0, 0.0, 90.0, 0.0, 8434.4921875
0:00:35.765621, 0.0, 0.0, 90.0, 0.0, 8435.2216796875
0:00:35.849971, 0.0, 0.0, 90.0, 0.0, 8435.75
0:00:35.976560, 0.0, 0.0, 90.0, 0.0, 8436.5478515625
0:00:36.070164, 0.0, 0.0, 90.0, 0.0, 8437.138671875
0:00:36.156437, 0.0, 0.0, 90.0, 0.0, 8437.6796875
0:00:36.278499, 0.0, 0.0, 90.0, 0.0, 8438.4462890625
0:00:36.377261, 0.0, 0.0, 90.0, 0.0, 8439.068359375
0:00:36.478758, 0.0, 0.0, 90.0, 0.0, 8439.708984375
0:00:36.566980, 0.0, 0.0, 90.0, 0.0, 8440.2626953125
0:00:36.668348, 0.0, 0.0, 90.0, 0.0, 8440.8984375
0:00:36.784104, 0.0, 0.0, 90.0, 0.0, 8441.626953125
0:00:36.868114, 0.0, 0.0, 90.0, 0.0, 8442.154296875
0:00:36.968608, 0.0, 0.0, 90.0, 0.0, 8442.7890625
0:00:37.080125, 0.0, 0.0, 90.0, 0.0, 8443.4931640625
0:00:37.166483, 0.0, 0.0, 90.0, 0.0, 8444.0341796875
0:00:37.279095, 0.0, 0.0, 90.0, 0.0, 8444.7451171875
0:00:37.386905, 0.0, 0.0, 90.0, 0.0, 8445.423828125
0:00:37.487643, 0.0, 0.0, 90.0, 0.0, 8446.052734375
0:00:37.572835, 0.0, 0.0, 90.0, 0.0, 8446.5927734375
0:00:37.687521, 0.0, 0.0, 90.0, 0.0, 8447.3154296875
0:00:37.796337, 0.0, 0.0, 90.0, 0.0, 8448.0009765625
0:00:37.893921, 0.0, 0.0, 90.0, 0.0, 8448.6103515625
0:00:37.974519, 0.0, 0.0, 90.0, 0.0, 8449.119140625
0:00:38.079320, 0.0, 0.0, 90.0, 0.0, 8449.779296875
0:00:38.191848, 0.0, 0.0, 90.0, 0.0, 8450.4892578125
0:00:38.281105, 0.0, 0.0, 90.0, 0.0, 8451.048828125
0:00:38.389996, 0.0, 0.0, 90.0, 0.0, 8451.7333984375
0:00:38.478341, 0.0, 0.0, 90.0, 0.0, 8452.287109375
0:00:38.595871, 0.0, 0.0, 90.0, 0.0, 8453.0283203125
0:00:38.679152, 0.0, 0.0, 90.0, 0.0, 8453.5498046875
0:00:38.794669, 0.0, 0.0, 90.0, 0.0, 8454.2783203125
0:00:38.907156, 0.0, 0.0, 90.0, 0.0, 8454.9892578125
0:00:38.994500, 0.0, 0.0, 90.0, 0.0, 8455.5361328125
0:00:39.110068, 0.0, 0.0, 90.0, 0.0, 8456.265625
0:00:39.208254, 0.0, 0.0, 90.0, 0.0, 8456.880859375
0:00:39.302649, 0.0, 0.0, 90.0, 0.0, 8457.4716796875
0:00:39.409524, 0.0, 0.0, 90.0, 0.0, 8458.1435546875
0:00:39.508663, 0.0, 0.0, 90.0, 0.0, 8458.765625
0:00:39.608595, 0.0, 0.0, 90.0, 0.0, 8459.400390625
0:00:39.707725, 0.0, 0.0, 90.0, 0.0, 8460.0224609375
0:00:39.792964, 0.0, 0.0, 90.0, 0.0, 8460.556640625
0:00:39.909499, 0.0, 0.0, 90.0, 0.0, 8461.2919921875
0:00:40.005954, 0.0, 0.0, 90.0, 0.0, 8461.8955078125
0:00:40.119367, 0.0, 0.0, 90.0, 0.0, 8462.6123046875
0:00:40.207531, 0.0, 0.0, 90.0, 0.0, 8463.1650390625
0:00:40.309189, 0.0, 0.0, 90.0, 0.0, 8463.806640625
0:00:40.399654, 0.0, 0.0, 90.0, 0.0, 8464.373046875
0:00:40.514245, 0.0, 0.0, 90.0, 0.0, 8465.095703125
0:00:40.628774, 0.0, 0.0, 90.0, 0.0, 8465.8193359375
0:00:40.710343, 0.0, 0.0, 90.0, 0.0, 8466.333984375
0:00:40.825886, 0.0, 0.0, 90.0, 0.0, 8467.0576171875
0:00:40.911171, 0.0, 0.0, 90.0, 0.0, 8467.591796875
0:00:41.025675, 0.0, 0.0, 90.0, 0.0, 8468.314453125
0:00:41.109097, 0.0, 0.0, 90.0, 0.0, 8468.8369140625
0:00:41.224511, 0.0, 0.0, 90.0, 0.0, 8469.5654296875
0:00:41.339050, 0.0, 0.0, 90.0, 0.0, 8470.2880859375
0:00:41.420697, 0.0, 0.0, 90.0, 0.0, 8470.802734375
0:00:41.532179, 0.0, 0.0, 90.0, 0.0, 8471.5009765625
0:00:41.619634, 0.0, 0.0, 90.0, 0.0, 8472.0546875
0:00:41.725622, 0.0, 0.0, 90.0, 0.0, 8472.7216796875
0:00:41.810757, 0.0, 0.0, 90.0, 0.0, 8473.2568359375
0:00:41.929486, 0.0, 0.0, 90.0, 0.0, 8474.0048828125
0:00:42.020193, 0.0, 0.0, 90.0, 0.0, 8474.5771484375
0:00:42.130156, 0.0, 0.0, 90.0, 0.0, 8475.2685546875
0:00:42.229537, 0.0, 0.0, 90.0, 0.0, 8475.8916015625
0:00:42.316944, 0.0, 0.0, 90.0, 0.0, 8476.4453125
0:00:42.422678, 0.0, 0.0, 90.0, 0.0, 8477.1123046875
0:00:42.532162, 0.0, 0.0, 90.0, 0.0, 8477.796875
0:00:42.638073, 0.0, 0.0, 90.0, 0.0, 8478.462890625
0:00:42.721246, 0.0, 0.0, 90.0, 0.0, 8478.9853515625
0:00:42.834716, 0.0, 0.0, 90.0, 0.0, 8479.701171875
0:00:42.922072, 0.0, 0.0, 90.0, 0.0, 8480.248046875
0:00:43.045759, 0.0, 0.0, 90.0, 0.0, 8481.02734375
0:00:43.135076, 0.0, 0.0, 90.0, 0.0, 8481.5927734375
0:00:43.248601, 0.0, 0.0, 90.0, 0.0, 8482.3037109375
0:00:43.336847, 0.0, 0.0, 90.0, 0.0, 8482.86328125
0:00:43.443805, 0.0, 0.0, 90.0, 0.0, 8483.5361328125
0:00:43.539216, 0.0, 0.0, 90.0, 0.0, 8484.1328125
0:00:43.649901, 0.0, 0.0, 90.0, 0.0, 8484.830078125
0:00:43.731652, 0.0, 0.0, 90.0, 0.0, 8485.3447265625
0:00:43.849183, 0.0, 0.0, 90.0, 0.0, 8486.0859375
0:00:43.956106, 0.0, 0.0, 90.0, 0.0, 8486.7578125
0:00:44.041392, 0.0, 0.0, 90.0, 0.0, 8487.2919921875
0:00:44.139755, 0.0, 0.0, 90.0, 0.0, 8487.908203125
0:00:44.260462, 0.0, 0.0, 90.0, 0.0, 8488.6689453125
0:00:44.358919, 0.0, 0.0, 90.0, 0.0, 8489.2919921875
0:00:44.458958, 0.0, 0.0, 90.0, 0.0, 8489.919921875
0:00:44.545100, 0.0, 0.0, 90.0, 0.0, 8490.4609375
0:00:44.640645, 0.0, 0.0, 90.0, 0.0, 8491.0634765625
0:00:44.756214, 0.0, 0.0, 90.0, 0.0, 8491.7919921875
0:00:44.841634, 0.0, 0.0, 90.0, 0.0, 8492.326171875
0:00:44.940690, 0.0, 0.0, 90.0, 0.0, 8492.9482421875
0:00:45.064018, 0.0, 0.0, 90.0, 0.0, 8493.7275390625
0:00:45.169189, 0.0, 0.0, 90.0, 0.0, 8494.3876953125
0:00:45.256583, 0.0, 0.0, 90.0, 0.0, 8494.9345703125
0:00:45.369085, 0.0, 0.0, 90.0, 0.0, 8495.6455078125
0:00:45.463503, 0.0, 0.0, 90.0, 0.0, 8496.2421875
0:00:45.559929, 0.0, 0.0, 90.0, 0.0, 8496.845703125
0:00:45.668073, 0.0, 0.0, 90.0, 0.0, 8497.5244140625
0:00:45.764726, 0.0, 0.0, 90.0, 0.0, 8498.134765625
0:00:45.861422, 0.0, 0.0, 90.0, 0.0, 8498.744140625
0:00:45.960807, 0.0, 0.0, 90.0, 0.0, 8499.3662109375
0:00:46.059874, 0.0, 0.0, 90.0, 0.0, 8499.9951171875
0:00:46.172480, 0.0, 0.0, 90.0, 0.0, 8500.69921875
0:00:46.255714, 0.0, 0.0, 90.0, 0.0, 8501.2265625
0:00:46.375032, 0.0, 0.0, 90.0, 0.0, 8501.974609375
0:00:46.472082, 0.0, 0.0, 90.0, 0.0, 8502.5849609375
0:00:46.564690, 0.0, 0.0, 90.0, 0.0, 8503.169921875
0:00:46.661107, 0.0, 0.0, 90.0, 0.0, 8503.779296875
0:00:46.773575, 0.0, 0.0, 90.0, 0.0, 8504.4833984375
0:00:46.888087, 0.0, 0.0, 90.0, 0.0, 8505.2060546875
0:00:46.974431, 0.0, 0.0, 90.0, 0.0, 8505.7470703125
0:00:47.071691, 0.0, 0.0, 90.0, 0.0, 8506.3564453125
0:00:47.187087, 0.0, 0.0, 90.0, 0.0, 8507.0849609375
0:00:47.273276, 0.0, 0.0, 90.0, 0.0, 8507.625
0:00:47.370490, 0.0, 0.0, 90.0, 0.0, 8508.2412109375
0:00:47.483039, 0.0, 0.0, 90.0, 0.0, 8508.9453125
0:00:47.578029, 0.0, 0.0, 90.0, 0.0, 8509.54296875
0:00:47.691490, 0.0, 0.0, 90.0, 0.0, 8510.259765625
0:00:47.778946, 0.0, 0.0, 90.0, 0.0, 8510.806640625
0:00:47.867077, 0.0, 0.0, 90.0, 0.0, 8511.365234375
0:00:47.975066, 0.0, 0.0, 90.0, 0.0, 8512.0439453125
0:00:48.070886, 0.0, 0.0, 90.0, 0.0, 8512.6474609375
0:00:48.181674, 0.0, 0.0, 90.0, 0.0, 8513.3447265625
0:00:48.270912, 0.0, 0.0, 90.0, 0.0, 8513.904296875
0:00:48.381816, 0.0, 0.0, 90.0, 0.0, 8514.6025390625
0:00:48.475378, 0.0, 0.0, 90.0, 0.0, 8515.193359375
0:00:48.584168, 0.0, 0.0, 90.0, 0.0, 8515.87890625
0:00:48.700738, 0.0, 0.0, 90.0, 0.0, 8516.609375
0:00:48.782393, 0.0, 0.0, 90.0, 0.0, 8517.125
0:00:48.880750, 0.0, 0.0, 90.0, 0.0, 8517.748046875
0:00:48.985700, 0.0, 0.0, 90.0, 0.0, 8518.4072265625
0:00:49.082751, 0.0, 0.0, 90.0, 0.0, 8519.0166015625
0:00:49.195351, 0.0, 0.0, 90.0, 0.0, 8519.720703125
0:00:49.278508, 0.0, 0.0, 90.0, 0.0, 8520.248046875
0:00:49.390056, 0.0, 0.0, 90.0, 0.0, 8520.9453125
0:00:49.504791, 0.0, 0.0, 90.0, 0.0, 8521.6689453125
0:00:49.602093, 0.0, 0.0, 90.0, 0.0, 8522.2841796875
0:00:49.701247, 0.0, 0.0, 90.0, 0.0, 8522.90625
0:00:49.788613, 0.0, 0.0, 90.0, 0.0, 8523.453125
0:00:49.903169, 0.0, 0.0, 90.0, 0.0, 8524.1767578125
0:00:49.989399, 0.0, 0.0, 90.0, 0.0, 8524.7177734375
0:00:50.105934, 0.0, 0.0, 90.0, 0.0, 8525.453125
0:00:50.198013, 0.0, 0.0, 90.0, 0.0, 8526.03125
0:00:50.311561, 0.0, 0.0, 90.0, 0.0, 8526.7470703125
0:00:50.400878, 0.0, 0.0, 90.0, 0.0, 8527.306640625
0:00:50.501189, 0.0, 0.0, 90.0, 0.0, 8527.9423828125
0:00:50.608154, 0.0, 0.0, 90.0, 0.0, 8528.6142578125
0:00:50.712989, 0.0, 0.0, 90.0, 0.0, 8529.2744140625
0:00:50.821968, 0.0, 0.0, 90.0, 0.0, 8529.9599609375
0:00:50.909094, 0.0, 0.0, 90.0, 0.0, 8530.505859375
0:00:51.021663, 0.0, 0.0, 90.0, 0.0, 8531.2158203125
0:00:51.107976, 0.0, 0.0, 90.0, 0.0, 8531.755859375
0:00:51.222532, 0.0, 0.0, 90.0, 0.0, 8532.4775390625
0:00:51.321884, 0.0, 0.0, 90.0, 0.0, 8533.1005859375
0:00:51.406974, 0.0, 0.0, 90.0, 0.0, 8533.6357421875
0:00:51.531273, 0.0, 0.0, 90.0, 0.0, 8534.4208984375
0:00:51.617654, 0.0, 0.0, 90.0, 0.0, 8534.9619140625
0:00:51.735151, 0.0, 0.0, 90.0, 0.0, 8535.7041015625
0:00:51.818362, 0.0, 0.0, 90.0, 0.0, 8536.2265625
0:00:51.934859, 0.0, 0.0, 90.0, 0.0, 8536.962890625
0:00:52.033741, 0.0, 0.0, 90.0, 0.0, 8537.5849609375
0:00:52.131816, 0.0, 0.0, 90.0, 0.0, 8538.201171875
0:00:52.230113, 0.0, 0.0, 90.0, 0.0, 8538.8173828125
0:00:52.342632, 0.0, 0.0, 90.0, 0.0, 8539.5263671875
0:00:52.442813, 0.0, 0.0, 90.0, 0.0, 8540.154296875
0:00:52.524340, 0.0, 0.0, 90.0, 0.0, 8540.6689453125
0:00:52.638891, 0.0, 0.0, 90.0, 0.0, 8541.392578125
0:00:52.752675, 0.0, 0.0, 90.0, 0.0, 8542.1025390625
0:00:52.839635, 0.0, 0.0, 90.0, 0.0, 8542.6552734375
0:00:52.943650, 0.0, 0.0, 90.0, 0.0, 8543.30859375
0:00:53.049342, 0.0, 0.0, 90.0, 0.0, 8543.974609375
0:00:53.135600, 0.0, 0.0, 90.0, 0.0, 8544.5146484375
0:00:53.250400, 0.0, 0.0, 90.0, 0.0, 8545.2373046875
0:00:53.335397, 0.0, 0.0, 90.0, 0.0, 8545.771484375
0:00:53.451966, 0.0, 0.0, 90.0, 0.0, 8546.5068359375
0:00:53.538397, 0.0, 0.0, 90.0, 0.0, 8547.046875
0:00:53.651920, 0.0, 0.0, 90.0, 0.0, 8547.7626953125
0:00:53.750510, 0.0, 0.0, 90.0, 0.0, 8548.37890625
0:00:53.857347, 0.0, 0.0, 90.0, 0.0, 8549.0517578125
0:00:53.951663, 0.0, 0.0, 90.0, 0.0, 8549.6484375
0:00:54.047739, 0.0, 0.0, 90.0, 0.0, 8550.24609375
0:00:54.172773, 0.0, 0.0, 90.0, 0.0, 8551.0380859375
0:00:54.256854, 0.0, 0.0, 90.0, 0.0, 8551.56640625
0:00:54.353265, 0.0, 0.0, 90.0, 0.0, 8552.17578125
0:00:54.468093, 0.0, 0.0, 90.0, 0.0, 8552.892578125
0:00:54.564065, 0.0, 0.0, 90.0, 0.0, 8553.501953125
0:00:54.662572, 0.0, 0.0, 90.0, 0.0, 8554.1181640625
0:00:54.768951, 0.0, 0.0, 90.0, 0.0, 8554.7841796875
0:00:54.875200, 0.0, 0.0, 90.0, 0.0, 8555.45703125
0:00:54.962478, 0.0, 0.0, 90.0, 0.0, 8556.009765625
0:00:55.078207, 0.0, 0.0, 90.0, 0.0, 8556.732421875
0:00:55.166375, 0.0, 0.0, 90.0, 0.0, 8557.291015625
0:00:55.279886, 0.0, 0.0, 90.0, 0.0, 8558.0009765625
0:00:55.365093, 0.0, 0.0, 90.0, 0.0, 8558.5419921875
0:00:55.464473, 0.0, 0.0, 90.0, 0.0, 8559.1640625
0:00:55.572479, 0.0, 0.0, 90.0, 0.0, 8559.841796875
0:00:55.680192, 0.0, 0.0, 90.0, 0.0, 8560.5205078125
0:00:55.767406, 0.0, 0.0, 90.0, 0.0, 8561.0673828125
0:00:55.884856, 0.0, 0.0, 90.0, 0.0, 8561.80859375
0:00:55.983873, 0.0, 0.0, 90.0, 0.0, 8562.4306640625
0:00:56.087147, 0.0, 0.0, 90.0, 0.0, 8563.078125
0:00:56.176319, 0.0, 0.0, 90.0, 0.0, 8563.6435546875
0:00:56.273787, 0.0, 0.0, 90.0, 0.0, 8564.2529296875
0:00:56.391295, 0.0, 0.0, 90.0, 0.0, 8564.994140625
0:00:56.476692, 0.0, 0.0, 90.0, 0.0, 8565.5283203125
0:00:56.591646, 0.0, 0.0, 90.0, 0.0, 8566.2509765625
0:00:56.705163, 0.0, 0.0, 90.0, 0.0, 8566.966796875
0:00:56.774925, 0.0, 0.0, 90.0, 0.0, 8567.4072265625
0:00:56.891598, 0.0, 0.0, 90.0, 0.0, 8568.142578125
0:00:56.980852, 0.0, 0.0, 90.0, 0.0, 8568.7021484375
0:00:57.098480, 0.0, 0.0, 90.0, 0.0, 8569.443359375
0:00:57.194117, 0.0, 0.0, 90.0, 0.0, 8570.046875
0:00:57.280403, 0.0, 0.0, 90.0, 0.0, 8570.587890625
0:00:57.393109, 0.0, 0.0, 90.0, 0.0, 8571.2978515625
0:00:57.494260, 0.0, 0.0, 90.0, 0.0, 8571.931640625
0:00:57.585716, 0.0, 0.0, 90.0, 0.0, 8572.509765625
0:00:57.697344, 0.0, 0.0, 90.0, 0.0, 8573.2080078125
0:00:57.784461, 0.0, 0.0, 90.0, 0.0, 8573.7607421875
0:00:57.901886, 0.0, 0.0, 90.0, 0.0, 8574.49609375
0:00:58.008945, 0.0, 0.0, 90.0, 0.0, 8575.16796875
0:00:58.104386, 0.0, 0.0, 90.0, 0.0, 8575.771484375
0:00:58.190450, 0.0, 0.0, 90.0, 0.0, 8576.3125
0:00:58.296387, 0.0, 0.0, 90.0, 0.0, 8576.9794921875
0:00:58.410848, 0.0, 0.0, 90.0, 0.0, 8577.7021484375
0:00:58.498209, 0.0, 0.0, 90.0, 0.0, 8578.2490234375
0:00:58.611617, 0.0, 0.0, 90.0, 0.0, 8578.9658203125
0:00:58.691372, 0.0, 0.0, 90.0, 0.0, 8579.462890625
0:00:58.804037, 0.0, 0.0, 90.0, 0.0, 8580.1728515625
0:00:58.901530, 0.0, 0.0, 90.0, 0.0, 8580.7890625
0:00:59.008489, 0.0, 0.0, 90.0, 0.0, 8581.4619140625
0:00:59.103495, 0.0, 0.0, 90.0, 0.0, 8582.05859375
0:00:59.209342, 0.0, 0.0, 90.0, 0.0, 8582.724609375
0:00:59.296667, 0.0, 0.0, 90.0, 0.0, 8583.271484375
0:00:59.392095, 0.0, 0.0, 90.0, 0.0, 8583.875
0:00:59.498971, 0.0, 0.0, 90.0, 0.0, 8584.5478515625
0:00:59.611468, 0.0, 0.0, 90.0, 0.0, 8585.2568359375
0:00:59.697694, 0.0, 0.0, 90.0, 0.0, 8585.796875
0:00:59.824632, 0.0, 0.0, 90.0, 0.0, 8586.5947265625
0:00:59.909820, 0.0, 0.0, 90.0, 0.0, 8587.1298828125
0:01:00.006888, 0.0, 0.0, 90.0, 0.0, 8587.740234375
0:01:00.104372, 0.0, 0.0, 90.0, 0.0, 8588.3564453125
0:01:00.211272, 0.0, 0.0, 90.0, 0.0, 8589.029296875
0:01:00.318091, 0.0, 0.0, 90.0, 0.0, 8589.7021484375
0:01:00.405376, 0.0, 0.0, 90.0, 0.0, 8590.2490234375
0:01:00.512318, 0.0, 0.0, 90.0, 0.0, 8590.921875
0:01:00.625828, 0.0, 0.0, 90.0, 0.0, 8591.638671875
0:01:00.716654, 0.0, 0.0, 90.0, 0.0, 8592.2109375
0:01:00.827149, 0.0, 0.0, 90.0, 0.0, 8592.908203125
0:01:00.911439, 0.0, 0.0, 90.0, 0.0, 8593.4365234375
0:01:01.025935, 0.0, 0.0, 90.0, 0.0, 8594.16015625
0:01:01.112225, 0.0, 0.0, 90.0, 0.0, 8594.7001953125
0:01:01.227966, 0.0, 0.0, 90.0, 0.0, 8595.4296875
0:01:01.326654, 0.0, 0.0, 90.0, 0.0, 8596.0517578125
0:01:01.425039, 0.0, 0.0, 90.0, 0.0, 8596.66796875
0:01:01.512441, 0.0, 0.0, 90.0, 0.0, 8597.21484375
0:01:01.624868, 0.0, 0.0, 90.0, 0.0, 8597.9248046875
0:01:01.718560, 0.0, 0.0, 90.0, 0.0, 8598.515625
0:01:01.829976, 0.0, 0.0, 90.0, 0.0, 8599.2138671875
0:01:01.927016, 0.0, 0.0, 90.0, 0.0, 8599.8291015625
0:01:02.027032, 0.0, 0.0, 90.0, 0.0, 8600.4580078125
0:01:02.125437, 0.0, 0.0, 90.0, 0.0, 8601.07421875
0:01:02.239960, 0.0, 0.0, 90.0, 0.0, 8601.796875
0:01:02.326218, 0.0, 0.0, 90.0, 0.0, 8602.3369140625
0:01:02.425441, 0.0, 0.0, 90.0, 0.0, 8602.958984375
0:01:02.522838, 0.0, 0.0, 90.0, 0.0, 8603.5751953125
0:01:02.635367, 0.0, 0.0, 90.0, 0.0, 8604.2861328125
0:01:02.720740, 0.0, 0.0, 90.0, 0.0, 8604.8203125
0:01:02.835203, 0.0, 0.0, 90.0, 0.0, 8605.5439453125
0:01:02.949847, 0.0, 0.0, 90.0, 0.0, 8606.259765625
0:01:03.044725, 0.0, 0.0, 90.0, 0.0, 8606.8564453125
0:01:03.143198, 0.0, 0.0, 90.0, 0.0, 8607.4794921875
0:01:03.226374, 0.0, 0.0, 90.0, 0.0, 8608.001953125
0:01:03.342062, 0.0, 0.0, 90.0, 0.0, 8608.73046875
0:01:03.426162, 0.0, 0.0, 90.0, 0.0, 8609.2587890625
0:01:03.550918, 0.0, 0.0, 90.0, 0.0, 8610.044921875
0:01:03.637090, 0.0, 0.0, 90.0, 0.0, 8610.5859375
0:01:03.752757, 0.0, 0.0, 90.0, 0.0, 8611.3154296875
0:01:03.838016, 0.0, 0.0, 90.0, 0.0, 8611.8486328125
0:01:03.936374, 0.0, 0.0, 90.0, 0.0, 8612.470703125
0:01:04.057093, 0.0, 0.0, 90.0, 0.0, 8613.2314453125
0:01:04.157341, 0.0, 0.0, 90.0, 0.0, 8613.8603515625
0:01:04.247898, 0.0, 0.0, 90.0, 0.0, 8614.4326171875
0:01:04.357789, 0.0, 0.0, 90.0, 0.0, 8615.125
0:01:04.455446, 0.0, 0.0, 90.0, 0.0, 8615.7412109375
0:01:04.559832, 0.0, 0.0, 90.0, 0.0, 8616.39453125
0:01:04.643998, 0.0, 0.0, 90.0, 0.0, 8616.9228515625
0:01:04.752925, 0.0, 0.0, 90.0, 0.0, 8617.6083984375
0:01:04.867353, 0.0, 0.0, 90.0, 0.0, 8618.33203125
0:01:04.965638, 0.0, 0.0, 90.0, 0.0, 8618.9482421875
0:01:05.056301, 0.0, 0.0, 90.0, 0.0, 8619.51953125
0:01:05.169884, 0.0, 0.0, 90.0, 0.0, 8620.2353515625
0:01:05.257186, 0.0, 0.0, 90.0, 0.0, 8620.7822265625
0:01:05.357878, 0.0, 0.0, 90.0, 0.0, 8621.4169921875
0:01:05.465757, 0.0, 0.0, 90.0, 0.0, 8622.095703125
0:01:05.561374, 0.0, 0.0, 90.0, 0.0, 8622.69921875
0:01:05.657149, 0.0, 0.0, 90.0, 0.0, 8623.2958984375
0:01:05.765030, 0.0, 0.0, 90.0, 0.0, 8623.974609375
0:01:05.879443, 0.0, 0.0, 90.0, 0.0, 8624.697265625
0:01:05.977859, 0.0, 0.0, 90.0, 0.0, 8625.3134765625
0:01:06.076977, 0.0, 0.0, 90.0, 0.0, 8625.9423828125
0:01:06.163308, 0.0, 0.0, 90.0, 0.0, 8626.482421875
0:01:06.277662, 0.0, 0.0, 90.0, 0.0, 8627.205078125
0:01:06.363065, 0.0, 0.0, 90.0, 0.0, 8627.7392578125
0:01:06.476464, 0.0, 0.0, 90.0, 0.0, 8628.455078125
0:01:06.562755, 0.0, 0.0, 90.0, 0.0, 8628.9951171875
0:01:06.678401, 0.0, 0.0, 90.0, 0.0, 8629.724609375
0:01:06.776275, 0.0, 0.0, 90.0, 0.0, 8630.3408203125
0:01:06.870913, 0.0, 0.0, 90.0, 0.0, 8630.931640625
0:01:06.986421, 0.0, 0.0, 90.0, 0.0, 8631.6611328125
0:01:07.074727, 0.0, 0.0, 90.0, 0.0, 8632.21484375
0:01:07.189365, 0.0, 0.0, 90.0, 0.0, 8632.9384765625
0:01:07.281575, 0.0, 0.0, 90.0, 0.0, 8633.5166015625
0:01:07.379028, 0.0, 0.0, 90.0, 0.0, 8634.1318359375
0:01:07.484071, 0.0, 0.0, 90.0, 0.0, 8634.7919921875
0:01:07.571169, 0.0, 0.0, 90.0, 0.0, 8635.3388671875
0:01:07.680963, 0.0, 0.0, 90.0, 0.0, 8636.0302734375
0:01:07.795450, 0.0, 0.0, 90.0, 0.0, 8636.7529296875
0:01:07.882886, 0.0, 0.0, 90.0, 0.0, 8637.2998046875
0:01:07.994395, 0.0, 0.0, 90.0, 0.0, 8638.0048828125
0:01:08.081735, 0.0, 0.0, 90.0, 0.0, 8638.5517578125
0:01:08.180896, 0.0, 0.0, 90.0, 0.0, 8639.1796875
0:01:08.292480, 0.0, 0.0, 90.0, 0.0, 8639.8779296875
0:01:08.401288, 0.0, 0.0, 90.0, 0.0, 8640.5625
0:01:08.486711, 0.0, 0.0, 90.0, 0.0, 8641.1025390625
0:01:08.584183, 0.0, 0.0, 90.0, 0.0, 8641.7119140625
0:01:08.699871, 0.0, 0.0, 90.0, 0.0, 8642.4404296875
0:01:08.783055, 0.0, 0.0, 90.0, 0.0, 8642.9619140625
0:01:08.905229, 0.0, 0.0, 90.0, 0.0, 8643.7353515625
0:01:08.990614, 0.0, 0.0, 90.0, 0.0, 8644.26953125
0:01:09.102980, 0.0, 0.0, 90.0, 0.0, 8644.9794921875
0:01:09.189277, 0.0, 0.0, 90.0, 0.0, 8645.5205078125
0:01:09.303915, 0.0, 0.0, 90.0, 0.0, 8646.244140625
0:01:09.407803, 0.0, 0.0, 90.0, 0.0, 8646.8974609375
0:01:09.490354, 0.0, 0.0, 90.0, 0.0, 8647.4189453125
0:01:09.602909, 0.0, 0.0, 90.0, 0.0, 8648.1240234375
0:01:09.712616, 0.0, 0.0, 90.0, 0.0, 8648.8154296875
0:01:09.800925, 0.0, 0.0, 90.0, 0.0, 8649.3681640625
0:01:09.913414, 0.0, 0.0, 90.0, 0.0, 8650.078125
0:01:10.009479, 0.0, 0.0, 90.0, 0.0, 8650.681640625
0:01:10.100226, 0.0, 0.0, 90.0, 0.0, 8651.25390625
0:01:10.214842, 0.0, 0.0, 90.0, 0.0, 8651.9765625
0:01:10.302084, 0.0, 0.0, 90.0, 0.0, 8652.5234375
0:01:10.414617, 0.0, 0.0, 90.0, 0.0, 8653.2333984375
0:01:10.501920, 0.0, 0.0, 90.0, 0.0, 8653.779296875
0:01:10.613469, 0.0, 0.0, 90.0, 0.0, 8654.482421875
0:01:10.709491, 0.0, 0.0, 90.0, 0.0, 8655.0859375
0:01:10.829551, 0.0, 0.0, 90.0, 0.0, 8655.8408203125
0:01:10.927800, 0.0, 0.0, 90.0, 0.0, 8656.4638671875
0:01:11.008383, 0.0, 0.0, 90.0, 0.0, 8656.966796875
0:01:11.107931, 0.0, 0.0, 90.0, 0.0, 8657.595703125
0:01:11.226026, 0.0, 0.0, 90.0, 0.0, 8658.337890625
0:01:11.332002, 0.0, 0.0, 90.0, 0.0, 8659.00390625
0:01:11.429220, 0.0, 0.0, 90.0, 0.0, 8659.61328125
0:01:11.513300, 0.0, 0.0, 90.0, 0.0, 8660.1474609375
0:01:11.629935, 0.0, 0.0, 90.0, 0.0, 8660.876953125
0:01:11.719155, 0.0, 0.0, 90.0, 0.0, 8661.44140625
0:01:11.819170, 0.0, 0.0, 90.0, 0.0, 8662.0703125
0:01:11.946504, 0.0, 0.0, 90.0, 0.0, 8662.8681640625
0:01:12.033709, 0.0, 0.0, 90.0, 0.0, 8663.4208984375
0:01:12.127043, 0.0, 0.0, 90.0, 0.0, 8664.0048828125
0:01:12.240557, 0.0, 0.0, 90.0, 0.0, 8664.7216796875
0:01:12.346460, 0.0, 0.0, 90.0, 0.0, 8665.388671875
0:01:12.432749, 0.0, 0.0, 90.0, 0.0, 8665.9287109375
0:01:12.529989, 0.0, 0.0, 90.0, 0.0, 8666.5439453125
0:01:12.629818, 0.0, 0.0, 90.0, 0.0, 8667.166015625
0:01:12.757232, 0.0, 0.0, 90.0, 0.0, 8667.970703125
0:01:12.843365, 0.0, 0.0, 90.0, 0.0, 8668.51171875
0:01:12.938543, 0.0, 0.0, 90.0, 0.0, 8669.1083984375
0:01:13.047433, 0.0, 0.0, 90.0, 0.0, 8669.79296875
0:01:13.136642, 0.0, 0.0, 90.0, 0.0, 8670.3583984375
0:01:13.249265, 0.0, 0.0, 90.0, 0.0, 8671.0634765625
0:01:13.364735, 0.0, 0.0, 90.0, 0.0, 8671.79296875
0:01:13.451120, 0.0, 0.0, 90.0, 0.0, 8672.33984375
0:01:13.564572, 0.0, 0.0, 90.0, 0.0, 8673.0498046875
0:01:13.660737, 0.0, 0.0, 90.0, 0.0, 8673.6533203125
0:01:13.759271, 0.0, 0.0, 90.0, 0.0, 8674.275390625
0:01:13.866192, 0.0, 0.0, 90.0, 0.0, 8674.9482421875
0:01:13.971970, 0.0, 0.0, 90.0, 0.0, 8675.615234375
0:01:14.053950, 0.0, 0.0, 90.0, 0.0, 8676.130859375
0:01:14.150353, 0.0, 0.0, 90.0, 0.0, 8676.740234375
0:01:14.263155, 0.0, 0.0, 90.0, 0.0, 8677.443359375
0:01:14.376489, 0.0, 0.0, 90.0, 0.0, 8678.16015625
0:01:14.456131, 0.0, 0.0, 90.0, 0.0, 8678.6630859375
0:01:14.562986, 0.0, 0.0, 90.0, 0.0, 8679.3359375
0:01:14.680587, 0.0, 0.0, 90.0, 0.0, 8680.0703125
0:01:14.769957, 0.0, 0.0, 90.0, 0.0, 8680.63671875
0:01:14.856173, 0.0, 0.0, 90.0, 0.0, 8681.177734375
0:01:14.970793, 0.0, 0.0, 90.0, 0.0, 8681.900390625
0:01:15.059053, 0.0, 0.0, 90.0, 0.0, 8682.453125
0:01:15.172593, 0.0, 0.0, 90.0, 0.0, 8683.169921875
0:01:15.284276, 0.0, 0.0, 90.0, 0.0, 8683.8740234375
0:01:15.394749, 0.0, 0.0, 90.0, 0.0, 8684.5654296875
0:01:15.480872, 0.0, 0.0, 90.0, 0.0, 8685.1123046875
0:01:15.565174, 0.0, 0.0, 90.0, 0.0, 8685.6396484375
0:01:15.681584, 0.0, 0.0, 90.0, 0.0, 8686.3681640625
0:01:15.794969, 0.0, 0.0, 90.0, 0.0, 8687.083984375
0:01:15.891758, 0.0, 0.0, 90.0, 0.0, 8687.693359375
0:01:15.980850, 0.0, 0.0, 90.0, 0.0, 8688.2529296875
0:01:16.090754, 0.0, 0.0, 90.0, 0.0, 8688.9443359375
0:01:16.191130, 0.0, 0.0, 90.0, 0.0, 8689.580078125
0:01:16.281665, 0.0, 0.0, 90.0, 0.0, 8690.1455078125
0:01:16.387460, 0.0, 0.0, 90.0, 0.0, 8690.8125
0:01:16.502013, 0.0, 0.0, 90.0, 0.0, 8691.5361328125
0:01:16.604303, 0.0, 0.0, 90.0, 0.0, 8692.1767578125
0:01:16.700486, 0.0, 0.0, 90.0, 0.0, 8692.779296875
0:01:16.812943, 0.0, 0.0, 90.0, 0.0, 8693.4892578125
0:01:16.908055, 0.0, 0.0, 90.0, 0.0, 8694.0869140625
0:01:16.987590, 0.0, 0.0, 90.0, 0.0, 8694.58984375
0:01:17.100976, 0.0, 0.0, 90.0, 0.0, 8695.2998046875
0:01:17.210995, 0.0, 0.0, 90.0, 0.0, 8695.9912109375
0:01:17.298266, 0.0, 0.0, 90.0, 0.0, 8696.544921875
0:01:17.411564, 0.0, 0.0, 90.0, 0.0, 8697.2548828125
0:01:17.494895, 0.0, 0.0, 90.0, 0.0, 8697.783203125
0:01:17.601836, 0.0, 0.0, 90.0, 0.0, 8698.455078125
0:01:17.719998, 0.0, 0.0, 90.0, 0.0, 8699.197265625
0:01:17.817511, 0.0, 0.0, 90.0, 0.0, 8699.8134765625
0:01:17.932179, 0.0, 0.0, 90.0, 0.0, 8700.5302734375
0:01:18.031196, 0.0, 0.0, 90.0, 0.0, 8701.1591796875
0:01:18.123903, 0.0, 0.0, 90.0, 0.0, 8701.7373046875
0:01:18.237569, 0.0, 0.0, 90.0, 0.0, 8702.4541015625
0:01:18.323730, 0.0, 0.0, 90.0, 0.0, 8702.994140625
0:01:18.409002, 0.0, 0.0, 90.0, 0.0, 8703.53515625
0:01:18.526701, 0.0, 0.0, 90.0, 0.0, 8704.2763671875
0:01:18.614954, 0.0, 0.0, 90.0, 0.0, 8704.8291015625
0:01:18.741689, 0.0, 0.0, 90.0, 0.0, 8705.626953125
0:01:18.828769, 0.0, 0.0, 90.0, 0.0, 8706.16796875
0:01:18.915420, 0.0, 0.0, 90.0, 0.0, 8706.720703125
0:01:19.033876, 0.0, 0.0, 90.0, 0.0, 8707.4619140625
0:01:19.131448, 0.0, 0.0, 90.0, 0.0, 8708.0771484375
0:01:19.241705, 0.0, 0.0, 90.0, 0.0, 8708.7685546875
0:01:19.331454, 0.0, 0.0, 90.0, 0.0, 8709.333984375
0:01:19.415830, 0.0, 0.0, 90.0, 0.0, 8709.8681640625
0:01:19.513879, 0.0, 0.0, 90.0, 0.0, 8710.484375
0:01:19.640505, 0.0, 0.0, 90.0, 0.0, 8711.2763671875
0:01:19.752669, 0.0, 0.0, 90.0, 0.0, 8711.986328125
0:01:19.834364, 0.0, 0.0, 90.0, 0.0, 8712.49609375
0:01:19.928131, 0.0, 0.0, 90.0, 0.0, 8713.0927734375
0:01:20.039617, 0.0, 0.0, 90.0, 0.0, 8713.7900390625
0:01:20.127044, 0.0, 0.0, 90.0, 0.0, 8714.3427734375
0:01:20.252381, 0.0, 0.0, 90.0, 0.0, 8715.123046875
0:01:20.352389, 0.0, 0.0, 90.0, 0.0, 8715.7578125
0:01:20.443519, 0.0, 0.0, 90.0, 0.0, 8716.330078125
0:01:20.555974, 0.0, 0.0, 90.0, 0.0, 8717.0341796875
0:01:20.642850, 0.0, 0.0, 90.0, 0.0, 8717.587890625
0:01:20.759299, 0.0, 0.0, 90.0, 0.0, 8718.322265625
0:01:20.845588, 0.0, 0.0, 90.0, 0.0, 8718.86328125
0:01:20.952432, 0.0, 0.0, 90.0, 0.0, 8719.53515625
0:01:21.045170, 0.0, 0.0, 90.0, 0.0, 8720.1201171875
0:01:21.158925, 0.0, 0.0, 90.0, 0.0, 8720.8310546875
0:01:21.246114, 0.0, 0.0, 90.0, 0.0, 8721.3837890625
0:01:21.356619, 0.0, 0.0, 90.0, 0.0, 8722.0751953125
0:01:21.442887, 0.0, 0.0, 90.0, 0.0, 8722.6220703125
0:01:21.552895, 0.0, 0.0, 90.0, 0.0, 8723.306640625
0:01:21.655100, 0.0, 0.0, 90.0, 0.0, 8723.9541015625
0:01:21.773770, 0.0, 0.0, 90.0, 0.0, 8724.7021484375
0:01:21.854315, 0.0, 0.0, 90.0, 0.0, 8725.2109375
0:01:21.972734, 0.0, 0.0, 90.0, 0.0, 8725.9521484375
0:01:22.060048, 0.0, 0.0, 90.0, 0.0, 8726.5048828125
0:01:22.173628, 0.0, 0.0, 90.0, 0.0, 8727.21484375
0:01:22.273653, 0.0, 0.0, 90.0, 0.0, 8727.837890625
0:01:22.360389, 0.0, 0.0, 90.0, 0.0, 8728.390625
0:01:22.466196, 0.0, 0.0, 90.0, 0.0, 8729.056640625
0:01:22.578860, 0.0, 0.0, 90.0, 0.0, 8729.767578125
0:01:22.665359, 0.0, 0.0, 90.0, 0.0, 8730.3076171875
0:01:22.775242, 0.0, 0.0, 90.0, 0.0, 8731.0
0:01:22.862447, 0.0, 0.0, 90.0, 0.0, 8731.5537109375
0:01:22.963655, 0.0, 0.0, 90.0, 0.0, 8732.1884765625
0:01:23.079236, 0.0, 0.0, 90.0, 0.0, 8732.9169921875
0:01:23.166554, 0.0, 0.0, 90.0, 0.0, 8733.4638671875
0:01:23.275569, 0.0, 0.0, 90.0, 0.0, 8734.1494140625
0:01:23.388948, 0.0, 0.0, 90.0, 0.0, 8734.8662109375
0:01:23.474169, 0.0, 0.0, 90.0, 0.0, 8735.3994140625
0:01:23.573608, 0.0, 0.0, 90.0, 0.0, 8736.021484375
0:01:23.672728, 0.0, 0.0, 90.0, 0.0, 8736.650390625
0:01:23.786333, 0.0, 0.0, 90.0, 0.0, 8737.361328125
0:01:23.899953, 0.0, 0.0, 90.0, 0.0, 8738.078125
0:01:23.984915, 0.0, 0.0, 90.0, 0.0, 8738.6123046875
0:01:24.096463, 0.0, 0.0, 90.0, 0.0, 8739.31640625
0:01:24.192238, 0.0, 0.0, 90.0, 0.0, 8739.919921875
0:01:24.290555, 0.0, 0.0, 90.0, 0.0, 8740.5361328125
0:01:24.377666, 0.0, 0.0, 90.0, 0.0, 8741.0888671875
0:01:24.488231, 0.0, 0.0, 90.0, 0.0, 8741.7802734375
0:01:24.605150, 0.0, 0.0, 90.0, 0.0, 8742.515625
0:01:24.703099, 0.0, 0.0, 90.0, 0.0, 8743.130859375
0:01:24.804199, 0.0, 0.0, 90.0, 0.0, 8743.7666015625
0:01:24.893873, 0.0, 0.0, 90.0, 0.0, 8744.3330078125
0:01:24.981574, 0.0, 0.0, 90.0, 0.0, 8744.8857421875
0:01:25.094166, 0.0, 0.0, 90.0, 0.0, 8745.5966796875
0:01:25.207716, 0.0, 0.0, 90.0, 0.0, 8746.306640625
0:01:25.304128, 0.0, 0.0, 90.0, 0.0, 8746.916015625
0:01:25.391351, 0.0, 0.0, 90.0, 0.0, 8747.462890625
0:01:25.508050, 0.0, 0.0, 90.0, 0.0, 8748.1982421875
0:01:25.601086, 0.0, 0.0, 90.0, 0.0, 8748.7822265625
0:01:25.714722, 0.0, 0.0, 90.0, 0.0, 8749.4990234375
0:01:25.798888, 0.0, 0.0, 90.0, 0.0, 8750.0263671875
0:01:25.913596, 0.0, 0.0, 90.0, 0.0, 8750.7490234375
0:01:26.019390, 0.0, 0.0, 90.0, 0.0, 8751.416015625
0:01:26.114708, 0.0, 0.0, 90.0, 0.0, 8752.0126953125
0:01:26.199769, 0.0, 0.0, 90.0, 0.0, 8752.546875
0:01:26.314251, 0.0, 0.0, 90.0, 0.0, 8753.2705078125
0:01:26.424183, 0.0, 0.0, 90.0, 0.0, 8753.9609375
0:01:26.522545, 0.0, 0.0, 90.0, 0.0, 8754.5830078125
0:01:26.607889, 0.0, 0.0, 90.0, 0.0, 8755.1171875
0:01:26.703937, 0.0, 0.0, 90.0, 0.0, 8755.720703125
0:01:26.830651, 0.0, 0.0, 90.0, 0.0, 8756.51953125
0:01:26.916180, 0.0, 0.0, 90.0, 0.0, 8757.0537109375
0:01:27.025330, 0.0, 0.0, 90.0, 0.0, 8757.744140625
0:01:27.135257, 0.0, 0.0, 90.0, 0.0, 8758.435546875
0:01:27.221449, 0.0, 0.0, 90.0, 0.0, 8758.9755859375
0:01:27.334078, 0.0, 0.0, 90.0, 0.0, 8759.6865234375
0:01:27.441154, 0.0, 0.0, 90.0, 0.0, 8760.359375
0:01:27.527344, 0.0, 0.0, 90.0, 0.0, 8760.8994140625
0:01:27.638893, 0.0, 0.0, 90.0, 0.0, 8761.6044921875
0:01:27.722111, 0.0, 0.0, 90.0, 0.0, 8762.1259765625
0:01:27.847941, 0.0, 0.0, 90.0, 0.0, 8762.91796875
0:01:27.915716, 0.0, 0.0, 90.0, 0.0, 8763.345703125
0:01:28.031462, 0.0, 0.0, 90.0, 0.0, 8764.07421875
0:01:28.121575, 0.0, 0.0, 90.0, 0.0, 8764.640625
0:01:28.236148, 0.0, 0.0, 90.0, 0.0, 8765.36328125
0:01:28.333287, 0.0, 0.0, 90.0, 0.0, 8765.97265625
0:01:28.447042, 0.0, 0.0, 90.0, 0.0, 8766.6884765625
0:01:28.542087, 0.0, 0.0, 90.0, 0.0, 8767.28515625
0:01:28.627222, 0.0, 0.0, 90.0, 0.0, 8767.8193359375
0:01:28.740686, 0.0, 0.0, 90.0, 0.0, 8768.53515625
0:01:28.857343, 0.0, 0.0, 90.0, 0.0, 8769.2705078125
0:01:28.939382, 0.0, 0.0, 90.0, 0.0, 8769.7861328125
0:01:29.050063, 0.0, 0.0, 90.0, 0.0, 8770.4833984375
0:01:29.134169, 0.0, 0.0, 90.0, 0.0, 8771.0107421875
0:01:29.257101, 0.0, 0.0, 90.0, 0.0, 8771.7841796875
0:01:29.345307, 0.0, 0.0, 90.0, 0.0, 8772.3369140625
0:01:29.442774, 0.0, 0.0, 90.0, 0.0, 8772.953125
0:01:29.559420, 0.0, 0.0, 90.0, 0.0, 8773.6884765625
0:01:29.651365, 0.0, 0.0, 90.0, 0.0, 8774.265625
0:01:29.737624, 0.0, 0.0, 90.0, 0.0, 8774.806640625
0:01:29.860335, 0.0, 0.0, 90.0, 0.0, 8775.5791015625
0:01:29.949705, 0.0, 0.0, 90.0, 0.0, 8776.1376953125
0:01:30.063143, 0.0, 0.0, 90.0, 0.0, 8776.8544921875
0:01:30.177670, 0.0, 0.0, 90.0, 0.0, 8777.578125
0:01:30.262814, 0.0, 0.0, 90.0, 0.0, 8778.1123046875
0:01:30.350129, 0.0, 0.0, 90.0, 0.0, 8778.6591796875
0:01:30.446486, 0.0, 0.0, 90.0, 0.0, 8779.2685546875
0:01:30.573309, 0.0, 0.0, 90.0, 0.0, 8780.060546875
0:01:30.660400, 0.0, 0.0, 90.0, 0.0, 8780.6142578125
0:01:30.775985, 0.0, 0.0, 90.0, 0.0, 8781.337890625
0:01:30.863354, 0.0, 0.0, 90.0, 0.0, 8781.890625
0:01:30.976828, 0.0, 0.0, 90.0, 0.0, 8782.607421875
0:01:31.082776, 0.0, 0.0, 90.0, 0.0, 8783.2734375
0:01:31.168971, 0.0, 0.0, 90.0, 0.0, 8783.814453125
0:01:31.281165, 0.0, 0.0, 90.0, 0.0, 8784.517578125
0:01:31.376115, 0.0, 0.0, 90.0, 0.0, 8785.1142578125
0:01:31.475198, 0.0, 0.0, 90.0, 0.0, 8785.7431640625
0:01:31.574544, 0.0, 0.0, 90.0, 0.0, 8786.365234375
0:01:31.660828, 0.0, 0.0, 90.0, 0.0, 8786.90625
0:01:31.768656, 0.0, 0.0, 90.0, 0.0, 8787.583984375
0:01:31.885276, 0.0, 0.0, 90.0, 0.0, 8788.3193359375
0:01:31.968357, 0.0, 0.0, 90.0, 0.0, 8788.841796875
0:01:32.081087, 0.0, 0.0, 90.0, 0.0, 8789.5517578125
0:01:32.177983, 0.0, 0.0, 90.0, 0.0, 8790.162109375
0:01:32.275401, 0.0, 0.0, 90.0, 0.0, 8790.7783203125
0:01:32.385281, 0.0, 0.0, 90.0, 0.0, 8791.4697265625
0:01:32.472582, 0.0, 0.0, 90.0, 0.0, 8792.0166015625
0:01:32.586132, 0.0, 0.0, 90.0, 0.0, 8792.7333984375
0:01:32.671394, 0.0, 0.0, 90.0, 0.0, 8793.267578125
0:01:32.767388, 0.0, 0.0, 90.0, 0.0, 8793.87109375
0:01:32.893129, 0.0, 0.0, 90.0, 0.0, 8794.6630859375
0:01:32.979759, 0.0, 0.0, 90.0, 0.0, 8795.2041015625
0:01:33.076732, 0.0, 0.0, 90.0, 0.0, 8795.8193359375
0:01:33.189325, 0.0, 0.0, 90.0, 0.0, 8796.529296875
0:01:33.287954, 0.0, 0.0, 90.0, 0.0, 8797.14453125
0:01:33.398424, 0.0, 0.0, 90.0, 0.0, 8797.8427734375
0:01:33.485746, 0.0, 0.0, 90.0, 0.0, 8798.3896484375
0:01:33.596136, 0.0, 0.0, 90.0, 0.0, 8799.0869140625
0:01:33.682360, 0.0, 0.0, 90.0, 0.0, 8799.626953125
0:01:33.791274, 0.0, 0.0, 90.0, 0.0, 8800.3115234375
0:01:33.905793, 0.0, 0.0, 90.0, 0.0, 8801.0341796875
0:01:33.988969, 0.0, 0.0, 90.0, 0.0, 8801.5556640625
0:01:34.100537, 0.0, 0.0, 90.0, 0.0, 8802.259765625
0:01:34.186679, 0.0, 0.0, 90.0, 0.0, 8802.80078125
0:01:34.307282, 0.0, 0.0, 90.0, 0.0, 8803.560546875
0:01:34.398090, 0.0, 0.0, 90.0, 0.0, 8804.1328125
0:01:34.484302, 0.0, 0.0, 90.0, 0.0, 8804.673828125
0:01:34.596806, 0.0, 0.0, 90.0, 0.0, 8805.3837890625
0:01:34.712451, 0.0, 0.0, 90.0, 0.0, 8806.1064453125
0:01:34.796652, 0.0, 0.0, 90.0, 0.0, 8806.640625
0:01:34.893180, 0.0, 0.0, 90.0, 0.0, 8807.244140625
0:01:35.010874, 0.0, 0.0, 90.0, 0.0, 8807.986328125
0:01:35.106567, 0.0, 0.0, 90.0, 0.0, 8808.58984375
0:01:35.225166, 0.0, 0.0, 90.0, 0.0, 8809.33203125
0:01:35.314448, 0.0, 0.0, 90.0, 0.0, 8809.8974609375
0:01:35.427014, 0.0, 0.0, 90.0, 0.0, 8810.6083984375
0:01:35.526527, 0.0, 0.0, 90.0, 0.0, 8811.2294921875
0:01:35.626759, 0.0, 0.0, 90.0, 0.0, 8811.8583984375
0:01:35.701561, 0.0, 0.0, 90.0, 0.0, 8812.3359375
0:01:35.816034, 0.0, 0.0, 90.0, 0.0, 8813.052734375
0:01:35.916436, 0.0, 0.0, 90.0, 0.0, 8813.6875
0:01:36.004669, 0.0, 0.0, 90.0, 0.0, 8814.2412109375
0:01:36.119227, 0.0, 0.0, 90.0, 0.0, 8814.9638671875
0:01:36.211695, 0.0, 0.0, 90.0, 0.0, 8815.5419921875
0:01:36.308130, 0.0, 0.0, 90.0, 0.0, 8816.1513671875
0:01:36.433612, 0.0, 0.0, 90.0, 0.0, 8816.9365234375
0:01:36.520935, 0.0, 0.0, 90.0, 0.0, 8817.4892578125
0:01:36.633513, 0.0, 0.0, 90.0, 0.0, 8818.193359375
0:01:36.720623, 0.0, 0.0, 90.0, 0.0, 8818.74609375
0:01:36.837179, 0.0, 0.0, 90.0, 0.0, 8819.4755859375
0:01:36.924482, 0.0, 0.0, 90.0, 0.0, 8820.0283203125
0:01:37.031508, 0.0, 0.0, 90.0, 0.0, 8820.701171875
0:01:37.144945, 0.0, 0.0, 90.0, 0.0, 8821.412109375
0:01:37.251897, 0.0, 0.0, 90.0, 0.0, 8822.0849609375
0:01:37.348901, 0.0, 0.0, 90.0, 0.0, 8822.6943359375
0:01:37.447854, 0.0, 0.0, 90.0, 0.0, 8823.3232421875
0:01:37.527451, 0.0, 0.0, 90.0, 0.0, 8823.8193359375
0:01:37.638307, 0.0, 0.0, 90.0, 0.0, 8824.5166015625
0:01:37.738275, 0.0, 0.0, 90.0, 0.0, 8825.1455078125
0:01:37.835882, 0.0, 0.0, 90.0, 0.0, 8825.76171875
0:01:37.951764, 0.0, 0.0, 90.0, 0.0, 8826.4912109375
0:01:38.048609, 0.0, 0.0, 90.0, 0.0, 8827.1015625
0:01:38.138698, 0.0, 0.0, 90.0, 0.0, 8827.666015625
0:01:38.238720, 0.0, 0.0, 90.0, 0.0, 8828.294921875
0:01:38.355442, 0.0, 0.0, 90.0, 0.0, 8829.0302734375
0:01:38.443845, 0.0, 0.0, 90.0, 0.0, 8829.5888671875
0:01:38.557376, 0.0, 0.0, 90.0, 0.0, 8830.298828125
0:01:38.643677, 0.0, 0.0, 90.0, 0.0, 8830.845703125
0:01:38.759368, 0.0, 0.0, 90.0, 0.0, 8831.5693359375
0:01:38.849564, 0.0, 0.0, 90.0, 0.0, 8832.1416015625
0:01:38.948325, 0.0, 0.0, 90.0, 0.0, 8832.7646484375
0:01:39.069120, 0.0, 0.0, 90.0, 0.0, 8833.525390625
0:01:39.149888, 0.0, 0.0, 90.0, 0.0, 8834.0283203125
0:01:39.257579, 0.0, 0.0, 90.0, 0.0, 8834.70703125
0:01:39.351186, 0.0, 0.0, 90.0, 0.0, 8835.2978515625
0:01:39.478008, 0.0, 0.0, 90.0, 0.0, 8836.095703125
0:01:39.555642, 0.0, 0.0, 90.0, 0.0, 8836.580078125
0:01:39.662399, 0.0, 0.0, 90.0, 0.0, 8837.25390625
0:01:39.774707, 0.0, 0.0, 90.0, 0.0, 8837.9638671875
0:01:39.857880, 0.0, 0.0, 90.0, 0.0, 8838.486328125
0:01:39.963799, 0.0, 0.0, 90.0, 0.0, 8839.15234375
0:01:40.060969, 0.0, 0.0, 90.0, 0.0, 8839.76171875
0:01:40.185538, 0.0, 0.0, 90.0, 0.0, 8840.5478515625
0:01:40.271548, 0.0, 0.0, 90.0, 0.0, 8841.087890625
0:01:40.368689, 0.0, 0.0, 90.0, 0.0, 8841.697265625
0:01:40.480623, 0.0, 0.0, 90.0, 0.0, 8842.40234375
0:01:40.589204, 0.0, 0.0, 90.0, 0.0, 8843.087890625
0:01:40.670724, 0.0, 0.0, 90.0, 0.0, 8843.6025390625
0:01:40.789203, 0.0, 0.0, 90.0, 0.0, 8844.3447265625
0:01:40.876478, 0.0, 0.0, 90.0, 0.0, 8844.8984375
0:01:40.984377, 0.0, 0.0, 90.0, 0.0, 8845.5771484375
0:01:41.194137, 0.0, 0.0, 90.0, 0.0, 8846.896484375
0:01:41.279353, 0.0, 0.0, 90.0, 0.0, 8847.4306640625
0:01:41.378912, 0.0, 0.0, 90.0, 0.0, 8848.0595703125
0:01:41.472462, 0.0, 0.0, 90.0, 0.0, 8848.64453125
0:01:41.581330, 0.0, 0.0, 90.0, 0.0, 8849.3291015625
0:01:41.691209, 0.0, 0.0, 90.0, 0.0, 8850.0205078125
0:01:41.771821, 0.0, 0.0, 90.0, 0.0, 8850.529296875
0:01:41.894525, 0.0, 0.0, 90.0, 0.0, 8851.294921875
0:01:41.981195, 0.0, 0.0, 90.0, 0.0, 8851.8486328125
0:01:42.102096, 0.0, 0.0, 90.0, 0.0, 8852.609375
0:01:42.188218, 0.0, 0.0, 90.0, 0.0, 8853.150390625
0:01:42.288556, 0.0, 0.0, 90.0, 0.0, 8853.779296875
0:01:42.395448, 0.0, 0.0, 90.0, 0.0, 8854.4521484375
0:01:42.479620, 0.0, 0.0, 90.0, 0.0, 8854.986328125
0:01:42.609198, 0.0, 0.0, 90.0, 0.0, 8855.796875
0:01:42.694375, 0.0, 0.0, 90.0, 0.0, 8856.3369140625
0:01:42.814934, 0.0, 0.0, 90.0, 0.0, 8857.0908203125
0:01:42.896552, 0.0, 0.0, 90.0, 0.0, 8857.6064453125
0:01:43.009081, 0.0, 0.0, 90.0, 0.0, 8858.3173828125
0:01:43.097301, 0.0, 0.0, 90.0, 0.0, 8858.8701171875
0:01:43.210799, 0.0, 0.0, 90.0, 0.0, 8859.5859375
0:01:43.302225, 0.0, 0.0, 90.0, 0.0, 8860.1572265625
0:01:43.411219, 0.0, 0.0, 90.0, 0.0, 8860.841796875
0:01:43.509913, 0.0, 0.0, 90.0, 0.0, 8861.4638671875
0:01:43.604728, 0.0, 0.0, 90.0, 0.0, 8862.0615234375
0:01:43.719409, 0.0, 0.0, 90.0, 0.0, 8862.7841796875
0:01:43.809816, 0.0, 0.0, 90.0, 0.0, 8863.349609375
0:01:43.926163, 0.0, 0.0, 90.0, 0.0, 8864.083984375
0:01:44.010279, 0.0, 0.0, 90.0, 0.0, 8864.6123046875
0:01:44.127999, 0.0, 0.0, 90.0, 0.0, 8865.353515625
0:01:44.217331, 0.0, 0.0, 90.0, 0.0, 8865.912109375
0:01:44.304430, 0.0, 0.0, 90.0, 0.0, 8866.46484375
0:01:44.401500, 0.0, 0.0, 90.0, 0.0, 8867.07421875
0:01:44.526855, 0.0, 0.0, 90.0, 0.0, 8867.8603515625
0:01:44.605495, 0.0, 0.0, 90.0, 0.0, 8868.357421875
0:01:44.709321, 0.0, 0.0, 90.0, 0.0, 8869.0107421875
0:01:44.820880, 0.0, 0.0, 90.0, 0.0, 8869.708984375
0:01:44.911316, 0.0, 0.0, 90.0, 0.0, 8870.2802734375
0:01:45.019156, 0.0, 0.0, 90.0, 0.0, 8870.958984375
0:01:45.134896, 0.0, 0.0, 90.0, 0.0, 8871.6875
0:01:45.222076, 0.0, 0.0, 90.0, 0.0, 8872.2353515625
0:01:45.326764, 0.0, 0.0, 90.0, 0.0, 8872.896484375
0:01:45.412015, 0.0, 0.0, 90.0, 0.0, 8873.4306640625
0:01:45.529500, 0.0, 0.0, 90.0, 0.0, 8874.171875
0:01:45.632882, 0.0, 0.0, 90.0, 0.0, 8874.8203125
0:01:45.741689, 0.0, 0.0, 90.0, 0.0, 8875.505859375
0:01:45.830217, 0.0, 0.0, 90.0, 0.0, 8876.064453125
0:01:45.917254, 0.0, 0.0, 90.0, 0.0, 8876.611328125
0:01:46.029872, 0.0, 0.0, 90.0, 0.0, 8877.322265625
0:01:46.144365, 0.0, 0.0, 90.0, 0.0, 8878.0380859375
0:01:46.250268, 0.0, 0.0, 90.0, 0.0, 8878.7041015625
0:01:46.329821, 0.0, 0.0, 90.0, 0.0, 8879.2060546875
0:01:46.442424, 0.0, 0.0, 90.0, 0.0, 8879.9169921875
0:01:46.527531, 0.0, 0.0, 90.0, 0.0, 8880.451171875
0:01:46.634474, 0.0, 0.0, 90.0, 0.0, 8881.1240234375
0:01:46.750028, 0.0, 0.0, 90.0, 0.0, 8881.853515625
0:01:46.837378, 0.0, 0.0, 90.0, 0.0, 8882.400390625
0:01:46.950936, 0.0, 0.0, 90.0, 0.0, 8883.1162109375
0:01:47.050812, 0.0, 0.0, 90.0, 0.0, 8883.744140625
0:01:47.152192, 0.0, 0.0, 90.0, 0.0, 8884.3798828125
0:01:47.251454, 0.0, 0.0, 90.0, 0.0, 8885.0087890625
0:01:47.343454, 0.0, 0.0, 90.0, 0.0, 8885.5869140625
0:01:47.459183, 0.0, 0.0, 90.0, 0.0, 8886.31640625
0:01:47.547408, 0.0, 0.0, 90.0, 0.0, 8886.869140625
0:01:47.662066, 0.0, 0.0, 90.0, 0.0, 8887.591796875
0:01:47.746152, 0.0, 0.0, 90.0, 0.0, 8888.119140625
0:01:47.861743, 0.0, 0.0, 90.0, 0.0, 8888.84765625
0:01:47.961230, 0.0, 0.0, 90.0, 0.0, 8889.470703125
0:01:48.048642, 0.0, 0.0, 90.0, 0.0, 8890.0234375
0:01:48.162178, 0.0, 0.0, 90.0, 0.0, 8890.7333984375
0:01:48.261268, 0.0, 0.0, 90.0, 0.0, 8891.3623046875
0:01:48.345505, 0.0, 0.0, 90.0, 0.0, 8891.890625
0:01:48.459025, 0.0, 0.0, 90.0, 0.0, 8892.6064453125
0:01:48.565068, 0.0, 0.0, 90.0, 0.0, 8893.2724609375
0:01:48.652126, 0.0, 0.0, 90.0, 0.0, 8893.8193359375
0:01:48.773358, 0.0, 0.0, 90.0, 0.0, 8894.580078125
0:01:48.871573, 0.0, 0.0, 90.0, 0.0, 8895.2021484375
0:01:48.960761, 0.0, 0.0, 90.0, 0.0, 8895.76171875
0:01:49.055611, 0.0, 0.0, 90.0, 0.0, 8896.359375
0:01:49.168129, 0.0, 0.0, 90.0, 0.0, 8897.0693359375
0:01:49.282722, 0.0, 0.0, 90.0, 0.0, 8897.787109375
0:01:49.367911, 0.0, 0.0, 90.0, 0.0, 8898.328125
0:01:49.483505, 0.0, 0.0, 90.0, 0.0, 8899.05078125
0:01:49.582937, 0.0, 0.0, 90.0, 0.0, 8899.673828125
0:01:49.681890, 0.0, 0.0, 90.0, 0.0, 8900.302734375
0:01:49.771052, 0.0, 0.0, 90.0, 0.0, 8900.8623046875
0:01:49.884723, 0.0, 0.0, 90.0, 0.0, 8901.5791015625
0:01:49.992844, 0.0, 0.0, 90.0, 0.0, 8902.2578125
0:01:50.101634, 0.0, 0.0, 90.0, 0.0, 8902.943359375
0:01:50.172676, 0.0, 0.0, 90.0, 0.0, 8903.3896484375
0:01:50.292827, 0.0, 0.0, 90.0, 0.0, 8904.14453125
0:01:50.394380, 0.0, 0.0, 90.0, 0.0, 8904.78515625
0:01:50.479372, 0.0, 0.0, 90.0, 0.0, 8905.3193359375
0:01:50.592913, 0.0, 0.0, 90.0, 0.0, 8906.0361328125
0:01:50.688745, 0.0, 0.0, 90.0, 0.0, 8906.6396484375
0:01:50.807078, 0.0, 0.0, 90.0, 0.0, 8907.375
0:01:50.897010, 0.0, 0.0, 90.0, 0.0, 8907.947265625
0:01:50.992239, 0.0, 0.0, 90.0, 0.0, 8908.55078125
0:01:51.106700, 0.0, 0.0, 90.0, 0.0, 8909.267578125
0:01:51.203732, 0.0, 0.0, 90.0, 0.0, 8909.8828125
0:01:51.295578, 0.0, 0.0, 90.0, 0.0, 8910.455078125
0:01:51.413309, 0.0, 0.0, 90.0, 0.0, 8911.197265625
0:01:51.500518, 0.0, 0.0, 90.0, 0.0, 8911.744140625
0:01:51.615081, 0.0, 0.0, 90.0, 0.0, 8912.466796875
0:01:51.707232, 0.0, 0.0, 90.0, 0.0, 8913.044921875
0:01:51.802434, 0.0, 0.0, 90.0, 0.0, 8913.6484375
0:01:51.906354, 0.0, 0.0, 90.0, 0.0, 8914.3017578125
0:01:52.003099, 0.0, 0.0, 90.0, 0.0, 8914.912109375
0:01:52.125120, 0.0, 0.0, 90.0, 0.0, 8915.6728515625
0:01:52.222954, 0.0, 0.0, 90.0, 0.0, 8916.2958984375
0:01:52.333680, 0.0, 0.0, 90.0, 0.0, 8916.9873046875
0:01:52.415900, 0.0, 0.0, 90.0, 0.0, 8917.5087890625
0:01:52.527335, 0.0, 0.0, 90.0, 0.0, 8918.20703125
0:01:52.614644, 0.0, 0.0, 90.0, 0.0, 8918.759765625
0:01:52.726257, 0.0, 0.0, 90.0, 0.0, 8919.45703125
0:01:52.813466, 0.0, 0.0, 90.0, 0.0, 8920.009765625
0:01:52.923619, 0.0, 0.0, 90.0, 0.0, 8920.701171875
0:01:53.004866, 0.0, 0.0, 90.0, 0.0, 8921.2158203125
0:01:53.122456, 0.0, 0.0, 90.0, 0.0, 8921.951171875
0:01:53.236124, 0.0, 0.0, 90.0, 0.0, 8922.66796875
0:01:53.323383, 0.0, 0.0, 90.0, 0.0, 8923.21484375
0:01:53.436879, 0.0, 0.0, 90.0, 0.0, 8923.931640625
0:01:53.532828, 0.0, 0.0, 90.0, 0.0, 8924.5341796875
0:01:53.635271, 0.0, 0.0, 90.0, 0.0, 8925.181640625
0:01:53.718474, 0.0, 0.0, 90.0, 0.0, 8925.703125
0:01:53.814555, 0.0, 0.0, 90.0, 0.0, 8926.306640625
0:01:53.927093, 0.0, 0.0, 90.0, 0.0, 8927.0107421875
0:01:54.030994, 0.0, 0.0, 90.0, 0.0, 8927.669921875
0:01:54.144869, 0.0, 0.0, 90.0, 0.0, 8928.3798828125
0:01:54.252200, 0.0, 0.0, 90.0, 0.0, 8929.05859375
0:01:54.342428, 0.0, 0.0, 90.0, 0.0, 8929.6298828125
0:01:54.437746, 0.0, 0.0, 90.0, 0.0, 8930.2265625
0:01:54.533203, 0.0, 0.0, 90.0, 0.0, 8930.8232421875
0:01:54.648290, 0.0, 0.0, 90.0, 0.0, 8931.5458984375
0:01:54.745445, 0.0, 0.0, 90.0, 0.0, 8932.1611328125
0:01:54.837897, 0.0, 0.0, 90.0, 0.0, 8932.7392578125
0:01:54.963024, 0.0, 0.0, 90.0, 0.0, 8933.5244140625
0:01:55.045659, 0.0, 0.0, 90.0, 0.0, 8934.052734375
0:01:55.159244, 0.0, 0.0, 90.0, 0.0, 8934.7626953125
0:01:55.253350, 0.0, 0.0, 90.0, 0.0, 8935.353515625
0:01:55.347208, 0.0, 0.0, 90.0, 0.0, 8935.9453125
0:01:55.457060, 0.0, 0.0, 90.0, 0.0, 8936.6376953125
0:01:55.568455, 0.0, 0.0, 90.0, 0.0, 8937.3427734375
0:01:55.663937, 0.0, 0.0, 90.0, 0.0, 8937.9404296875
0:01:55.760448, 0.0, 0.0, 90.0, 0.0, 8938.5498046875
0:01:55.846712, 0.0, 0.0, 90.0, 0.0, 8939.0966796875
0:01:55.958352, 0.0, 0.0, 90.0, 0.0, 8939.7939453125
0:01:56.069397, 0.0, 0.0, 90.0, 0.0, 8940.4912109375
0:01:56.156181, 0.0, 0.0, 90.0, 0.0, 8941.0380859375
