Time, Frequency, Amplitude, Offset, PhaseShift, Phase
0:00:00.092862, 0.0, 0.0, 90.0, 0.0, 8210.7666015625
0:00:00.201672, 0.0, 0.0, 90.0, 0.0, 8211.451171875
0:00:00.285952, 0.0, 0.0, 90.0, 0.0, 8211.978515625
0:00:00.391485, 0.0, 0.0, 90.0, 0.0, 8212.64453125
0:00:00.499495, 0.0, 0.0, 90.0, 0.0, 8213.32421875
0:00:00.595834, 0.0, 0.0, 90.0, 0.0, 8213.9267578125
0:00:00.704731, 0.0, 0.0, 90.0, 0.0, 8214.611328125
0:00:00.789993, 0.0, 0.0, 90.0, 0.0, 8215.1513671875
0:00:00.899722, 0.0, 0.0, 90.0, 0.0, 8215.8359375
0:00:01.016314, 0.0, 0.0, 90.0, 0.0, 8216.5712890625
0:00:01.097935, 0.0, 0.0, 90.0, 0.0, 8217.0869140625
0:00:01.211519, 0.0, 0.0, 90.0, 0.0, 8217.8037109375
0:00:01.295766, 0.0, 0.0, 90.0, 0.0, 8218.33203125
0:00:01.412348, 0.0, 0.0, 90.0, 0.0, 8219.0673828125
0:00:01.497620, 0.0, 0.0, 90.0, 0.0, 8219.6015625
0:00:01.623321, 0.0, 0.0, 90.0, 0.0, 8220.3935546875
0:00:01.709593, 0.0, 0.0, 90.0, 0.0, 8220.9345703125
0:00:01.804717, 0.0, 0.0, 90.0, 0.0, 8221.53125
0:00:01.916212, 0.0, 0.0, 90.0, 0.0, 8222.2353515625
0:00:02.023094, 0.0, 0.0, 90.0, 0.0, 8222.908203125
0:00:02.108330, 0.0, 0.0, 90.0, 0.0, 8223.4423828125
0:00:02.205810, 0.0, 0.0, 90.0, 0.0, 8224.0576171875
0:00:02.320448, 0.0, 0.0, 90.0, 0.0, 8224.7802734375
0:00:02.417915, 0.0, 0.0, 90.0, 0.0, 8225.3896484375
0:00:02.515490, 0.0, 0.0, 90.0, 0.0, 8226.005859375
0:00:02.608104, 0.0, 0.0, 90.0, 0.0, 8226.5908203125
0:00:02.722631, 0.0, 0.0, 90.0, 0.0, 8227.3076171875
0:00:02.807991, 0.0, 0.0, 90.0, 0.0, 8227.8486328125
0:00:02.917856, 0.0, 0.0, 90.0, 0.0, 8228.5400390625
0:00:03.027012, 0.0, 0.0, 90.0, 0.0, 8229.2255859375
0:00:03.126762, 0.0, 0.0, 90.0, 0.0, 8229.8544921875
0:00:03.219873, 0.0, 0.0, 90.0, 0.0, 8230.4384765625
0:00:03.335418, 0.0, 0.0, 90.0, 0.0, 8231.1669921875
0:00:03.416041, 0.0, 0.0, 90.0, 0.0, 8231.6689453125
0:00:03.528631, 0.0, 0.0, 90.0, 0.0, 8232.3779296875
0:00:03.639160, 0.0, 0.0, 90.0, 0.0, 8233.076171875
0:00:03.720766, 0.0, 0.0, 90.0, 0.0, 8233.5859375
0:00:03.834323, 0.0, 0.0, 90.0, 0.0, 8234.302734375
0:00:03.919533, 0.0, 0.0, 90.0, 0.0, 8234.8369140625
0:00:04.046269, 0.0, 0.0, 90.0, 0.0, 8235.6357421875
0:00:04.143745, 0.0, 0.0, 90.0, 0.0, 8236.251953125
0:00:04.225335, 0.0, 0.0, 90.0, 0.0, 8236.767578125
0:00:04.321646, 0.0, 0.0, 90.0, 0.0, 8237.37109375
0:00:04.438643, 0.0, 0.0, 90.0, 0.0, 8238.10546875
0:00:04.521865, 0.0, 0.0, 90.0, 0.0, 8238.626953125
0:00:04.647773, 0.0, 0.0, 90.0, 0.0, 8239.4189453125
0:00:04.733988, 0.0, 0.0, 90.0, 0.0, 8239.966796875
0:00:04.839833, 0.0, 0.0, 90.0, 0.0, 8240.6337890625
0:00:04.936940, 0.0, 0.0, 90.0, 0.0, 8241.244140625
0:00:05.048502, 0.0, 0.0, 90.0, 0.0, 8241.9482421875
0:00:05.130476, 0.0, 0.0, 90.0, 0.0, 8242.4638671875
0:00:05.253167, 0.0, 0.0, 90.0, 0.0, 8243.23046875
0:00:05.339541, 0.0, 0.0, 90.0, 0.0, 8243.77734375
0:00:05.456025, 0.0, 0.0, 90.0, 0.0, 8244.5126953125
0:00:05.541432, 0.0, 0.0, 90.0, 0.0, 8245.046875
0:00:05.654856, 0.0, 0.0, 90.0, 0.0, 8245.763671875
0:00:05.744237, 0.0, 0.0, 90.0, 0.0, 8246.3232421875
0:00:05.856661, 0.0, 0.0, 90.0, 0.0, 8247.033203125
0:00:05.940907, 0.0, 0.0, 90.0, 0.0, 8247.5615234375
0:00:06.056429, 0.0, 0.0, 90.0, 0.0, 8248.291015625
0:00:06.143756, 0.0, 0.0, 90.0, 0.0, 8248.837890625
0:00:06.257348, 0.0, 0.0, 90.0, 0.0, 8249.5546875
0:00:06.350524, 0.0, 0.0, 90.0, 0.0, 8250.1396484375
0:00:06.462953, 0.0, 0.0, 90.0, 0.0, 8250.8505859375
0:00:06.548211, 0.0, 0.0, 90.0, 0.0, 8251.3837890625
0:00:06.644001, 0.0, 0.0, 90.0, 0.0, 8251.9873046875
0:00:06.759550, 0.0, 0.0, 90.0, 0.0, 8252.7158203125
0:00:06.856929, 0.0, 0.0, 90.0, 0.0, 8253.3251953125
0:00:06.967848, 0.0, 0.0, 90.0, 0.0, 8254.0224609375
0:00:07.050386, 0.0, 0.0, 90.0, 0.0, 8254.5439453125
0:00:07.147743, 0.0, 0.0, 90.0, 0.0, 8255.1533203125
0:00:07.249943, 0.0, 0.0, 90.0, 0.0, 8255.794921875
0:00:07.365498, 0.0, 0.0, 90.0, 0.0, 8256.5244140625
0:00:07.452775, 0.0, 0.0, 90.0, 0.0, 8257.072265625
0:00:07.565246, 0.0, 0.0, 90.0, 0.0, 8257.7822265625
0:00:07.672211, 0.0, 0.0, 90.0, 0.0, 8258.455078125
0:00:07.757168, 0.0, 0.0, 90.0, 0.0, 8258.990234375
0:00:07.858369, 0.0, 0.0, 90.0, 0.0, 8259.6259765625
0:00:07.978075, 0.0, 0.0, 90.0, 0.0, 8260.380859375
0:00:08.077259, 0.0, 0.0, 90.0, 0.0, 8261.009765625
0:00:08.169919, 0.0, 0.0, 90.0, 0.0, 8261.587890625
0:00:08.278757, 0.0, 0.0, 90.0, 0.0, 8262.2724609375
0:00:08.376605, 0.0, 0.0, 90.0, 0.0, 8262.888671875
0:00:08.477072, 0.0, 0.0, 90.0, 0.0, 8263.5234375
0:00:08.586992, 0.0, 0.0, 90.0, 0.0, 8264.2158203125
0:00:08.674254, 0.0, 0.0, 90.0, 0.0, 8264.7626953125
0:00:08.787811, 0.0, 0.0, 90.0, 0.0, 8265.4794921875
0:00:08.874019, 0.0, 0.0, 90.0, 0.0, 8266.0205078125
0:00:08.987513, 0.0, 0.0, 90.0, 0.0, 8266.736328125
0:00:09.075827, 0.0, 0.0, 90.0, 0.0, 8267.2900390625
0:00:09.184724, 0.0, 0.0, 90.0, 0.0, 8267.9755859375
0:00:09.290563, 0.0, 0.0, 90.0, 0.0, 8268.642578125
0:00:09.373883, 0.0, 0.0, 90.0, 0.0, 8269.1708984375
0:00:09.488411, 0.0, 0.0, 90.0, 0.0, 8269.88671875
0:00:09.580762, 0.0, 0.0, 90.0, 0.0, 8270.4716796875
0:00:09.675077, 0.0, 0.0, 90.0, 0.0, 8271.0625
0:00:09.784048, 0.0, 0.0, 90.0, 0.0, 8271.7470703125
0:00:09.898570, 0.0, 0.0, 90.0, 0.0, 8272.4697265625
0:00:09.998668, 0.0, 0.0, 90.0, 0.0, 8273.0986328125
0:00:10.093184, 0.0, 0.0, 90.0, 0.0, 8273.6962890625
0:00:10.198983, 0.0, 0.0, 90.0, 0.0, 8274.3623046875
0:00:10.283268, 0.0, 0.0, 90.0, 0.0, 8274.890625
0:00:10.392803, 0.0, 0.0, 90.0, 0.0, 8275.58203125
0:00:10.503279, 0.0, 0.0, 90.0, 0.0, 8276.2734375
0:00:10.588443, 0.0, 0.0, 90.0, 0.0, 8276.814453125
0:00:10.689852, 0.0, 0.0, 90.0, 0.0, 8277.44921875
0:00:10.789076, 0.0, 0.0, 90.0, 0.0, 8278.0712890625
0:00:10.908529, 0.0, 0.0, 90.0, 0.0, 8278.8251953125
0:00:10.997846, 0.0, 0.0, 90.0, 0.0, 8279.3837890625
0:00:11.112265, 0.0, 0.0, 90.0, 0.0, 8280.1064453125
0:00:11.192854, 0.0, 0.0, 90.0, 0.0, 8280.615234375
0:00:11.308402, 0.0, 0.0, 90.0, 0.0, 8281.3388671875
0:00:11.398709, 0.0, 0.0, 90.0, 0.0, 8281.91015625
0:00:11.515264, 0.0, 0.0, 90.0, 0.0, 8282.6396484375
0:00:11.598556, 0.0, 0.0, 90.0, 0.0, 8283.1669921875
0:00:11.698560, 0.0, 0.0, 90.0, 0.0, 8283.794921875
0:00:11.822407, 0.0, 0.0, 90.0, 0.0, 8284.57421875
0:00:11.920863, 0.0, 0.0, 90.0, 0.0, 8285.189453125
0:00:12.019828, 0.0, 0.0, 90.0, 0.0, 8285.8115234375
0:00:12.120244, 0.0, 0.0, 90.0, 0.0, 8286.4462890625
0:00:12.209715, 0.0, 0.0, 90.0, 0.0, 8287.01171875
0:00:12.325309, 0.0, 0.0, 90.0, 0.0, 8287.7333984375
0:00:12.411570, 0.0, 0.0, 90.0, 0.0, 8288.2802734375
0:00:12.527125, 0.0, 0.0, 90.0, 0.0, 8289.00390625
0:00:12.614443, 0.0, 0.0, 90.0, 0.0, 8289.556640625
0:00:12.729979, 0.0, 0.0, 90.0, 0.0, 8290.279296875
0:00:12.829273, 0.0, 0.0, 90.0, 0.0, 8290.908203125
0:00:12.914653, 0.0, 0.0, 90.0, 0.0, 8291.4423828125
0:00:13.011856, 0.0, 0.0, 90.0, 0.0, 8292.0517578125
0:00:13.136566, 0.0, 0.0, 90.0, 0.0, 8292.837890625
0:00:13.223846, 0.0, 0.0, 90.0, 0.0, 8293.390625
0:00:13.320400, 0.0, 0.0, 90.0, 0.0, 8293.9931640625
0:00:13.430890, 0.0, 0.0, 90.0, 0.0, 8294.6904296875
0:00:13.540822, 0.0, 0.0, 90.0, 0.0, 8295.380859375
0:00:13.639607, 0.0, 0.0, 90.0, 0.0, 8296.00390625
0:00:13.738652, 0.0, 0.0, 90.0, 0.0, 8296.6259765625
0:00:13.824935, 0.0, 0.0, 90.0, 0.0, 8297.1728515625
0:00:13.932796, 0.0, 0.0, 90.0, 0.0, 8297.8515625
0:00:14.020154, 0.0, 0.0, 90.0, 0.0, 8298.3984375
0:00:14.135756, 0.0, 0.0, 90.0, 0.0, 8299.1279296875
0:00:14.222986, 0.0, 0.0, 90.0, 0.0, 8299.6748046875
0:00:14.331847, 0.0, 0.0, 90.0, 0.0, 8300.359375
0:00:14.443462, 0.0, 0.0, 90.0, 0.0, 8301.0634765625
0:00:14.540887, 0.0, 0.0, 90.0, 0.0, 8301.6728515625
0:00:14.651313, 0.0, 0.0, 90.0, 0.0, 8302.3701171875
0:00:14.739583, 0.0, 0.0, 90.0, 0.0, 8302.923828125
0:00:14.827893, 0.0, 0.0, 90.0, 0.0, 8303.4833984375
0:00:14.940418, 0.0, 0.0, 90.0, 0.0, 8304.1875
0:00:15.051305, 0.0, 0.0, 90.0, 0.0, 8304.8857421875
0:00:15.136500, 0.0, 0.0, 90.0, 0.0, 8305.419921875
0:00:15.249772, 0.0, 0.0, 90.0, 0.0, 8306.13671875
0:00:15.337999, 0.0, 0.0, 90.0, 0.0, 8306.6904296875
0:00:15.453504, 0.0, 0.0, 90.0, 0.0, 8307.4189453125
0:00:15.560440, 0.0, 0.0, 90.0, 0.0, 8308.091796875
0:00:15.649814, 0.0, 0.0, 90.0, 0.0, 8308.6513671875
0:00:15.740007, 0.0, 0.0, 90.0, 0.0, 8309.22265625
0:00:15.853592, 0.0, 0.0, 90.0, 0.0, 8309.93359375
0:00:15.940773, 0.0, 0.0, 90.0, 0.0, 8310.486328125
0:00:16.060336, 0.0, 0.0, 90.0, 0.0, 8311.234375
0:00:16.146598, 0.0, 0.0, 90.0, 0.0, 8311.78125
0:00:16.254621, 0.0, 0.0, 90.0, 0.0, 8312.4609375
0:00:16.350449, 0.0, 0.0, 90.0, 0.0, 8313.064453125
0:00:16.460312, 0.0, 0.0, 90.0, 0.0, 8313.755859375
0:00:16.547717, 0.0, 0.0, 90.0, 0.0, 8314.302734375
0:00:16.661323, 0.0, 0.0, 90.0, 0.0, 8315.01953125
0:00:16.773784, 0.0, 0.0, 90.0, 0.0, 8315.7294921875
0:00:16.856048, 0.0, 0.0, 90.0, 0.0, 8316.244140625
0:00:16.970631, 0.0, 0.0, 90.0, 0.0, 8316.966796875
0:00:17.054880, 0.0, 0.0, 90.0, 0.0, 8317.494140625
0:00:17.176481, 0.0, 0.0, 90.0, 0.0, 8318.2607421875
0:00:17.257188, 0.0, 0.0, 90.0, 0.0, 8318.763671875
0:00:17.370767, 0.0, 0.0, 90.0, 0.0, 8319.48046875
0:00:17.471138, 0.0, 0.0, 90.0, 0.0, 8320.115234375
0:00:17.574284, 0.0, 0.0, 90.0, 0.0, 8320.7626953125
0:00:17.671634, 0.0, 0.0, 90.0, 0.0, 8321.3720703125
0:00:17.780478, 0.0, 0.0, 90.0, 0.0, 8322.056640625
0:00:17.867765, 0.0, 0.0, 90.0, 0.0, 8322.609375
0:00:17.977271, 0.0, 0.0, 90.0, 0.0, 8323.2939453125
0:00:18.064553, 0.0, 0.0, 90.0, 0.0, 8323.84765625
0:00:18.179973, 0.0, 0.0, 90.0, 0.0, 8324.5703125
0:00:18.277335, 0.0, 0.0, 90.0, 0.0, 8325.1865234375
0:00:18.393922, 0.0, 0.0, 90.0, 0.0, 8325.9150390625
0:00:18.488937, 0.0, 0.0, 90.0, 0.0, 8326.51171875
0:00:18.576201, 0.0, 0.0, 90.0, 0.0, 8327.064453125
0:00:18.688753, 0.0, 0.0, 90.0, 0.0, 8327.767578125
0:00:18.772950, 0.0, 0.0, 90.0, 0.0, 8328.3017578125
0:00:18.880812, 0.0, 0.0, 90.0, 0.0, 8328.9814453125
0:00:18.995941, 0.0, 0.0, 90.0, 0.0, 8329.7041015625
0:00:19.083317, 0.0, 0.0, 90.0, 0.0, 8330.2509765625
0:00:19.182315, 0.0, 0.0, 90.0, 0.0, 8330.8798828125
0:00:19.285516, 0.0, 0.0, 90.0, 0.0, 8331.52734375
0:00:19.402010, 0.0, 0.0, 90.0, 0.0, 8332.263671875
0:00:19.488320, 0.0, 0.0, 90.0, 0.0, 8332.8046875
0:00:19.594161, 0.0, 0.0, 90.0, 0.0, 8333.470703125
0:00:19.692397, 0.0, 0.0, 90.0, 0.0, 8334.0859375
0:00:19.802864, 0.0, 0.0, 90.0, 0.0, 8334.783203125
0:00:19.891012, 0.0, 0.0, 90.0, 0.0, 8335.3359375
0:00:20.007477, 0.0, 0.0, 90.0, 0.0, 8336.0712890625
0:00:20.088076, 0.0, 0.0, 90.0, 0.0, 8336.5751953125
0:00:20.201634, 0.0, 0.0, 90.0, 0.0, 8337.2919921875
0:00:20.299277, 0.0, 0.0, 90.0, 0.0, 8337.908203125
0:00:20.407061, 0.0, 0.0, 90.0, 0.0, 8338.587890625
0:00:20.515922, 0.0, 0.0, 90.0, 0.0, 8339.2734375
0:00:20.602093, 0.0, 0.0, 90.0, 0.0, 8339.8134765625
0:00:20.700367, 0.0, 0.0, 90.0, 0.0, 8340.4296875
0:00:20.813850, 0.0, 0.0, 90.0, 0.0, 8341.146484375
0:00:20.899104, 0.0, 0.0, 90.0, 0.0, 8341.6806640625
0:00:21.012625, 0.0, 0.0, 90.0, 0.0, 8342.3974609375
0:00:21.097906, 0.0, 0.0, 90.0, 0.0, 8342.931640625
0:00:21.212414, 0.0, 0.0, 90.0, 0.0, 8343.6552734375
0:00:21.322278, 0.0, 0.0, 90.0, 0.0, 8344.345703125
0:00:21.413946, 0.0, 0.0, 90.0, 0.0, 8344.923828125
0:00:21.523920, 0.0, 0.0, 90.0, 0.0, 8345.615234375
0:00:21.619936, 0.0, 0.0, 90.0, 0.0, 8346.21875
0:00:21.726825, 0.0, 0.0, 90.0, 0.0, 8346.8916015625
0:00:21.821905, 0.0, 0.0, 90.0, 0.0, 8347.48828125
0:00:21.907209, 0.0, 0.0, 90.0, 0.0, 8348.0224609375
0:00:22.021700, 0.0, 0.0, 90.0, 0.0, 8348.7451171875
0:00:22.113087, 0.0, 0.0, 90.0, 0.0, 8349.32421875
0:00:22.231634, 0.0, 0.0, 90.0, 0.0, 8350.0654296875
0:00:22.316887, 0.0, 0.0, 90.0, 0.0, 8350.6064453125
0:00:22.412939, 0.0, 0.0, 90.0, 0.0, 8351.208984375
0:00:22.542012, 0.0, 0.0, 90.0, 0.0, 8352.01953125
0:00:22.629327, 0.0, 0.0, 90.0, 0.0, 8352.56640625
0:00:22.741870, 0.0, 0.0, 90.0, 0.0, 8353.27734375
0:00:22.830030, 0.0, 0.0, 90.0, 0.0, 8353.8310546875
0:00:22.944584, 0.0, 0.0, 90.0, 0.0, 8354.5537109375
0:00:23.042979, 0.0, 0.0, 90.0, 0.0, 8355.169921875
0:00:23.128352, 0.0, 0.0, 90.0, 0.0, 8355.7109375
0:00:23.241832, 0.0, 0.0, 90.0, 0.0, 8356.4267578125
0:00:23.324507, 0.0, 0.0, 90.0, 0.0, 8356.9423828125
0:00:23.438977, 0.0, 0.0, 90.0, 0.0, 8357.666015625
0:00:23.523167, 0.0, 0.0, 90.0, 0.0, 8358.193359375
0:00:23.633105, 0.0, 0.0, 90.0, 0.0, 8358.884765625
0:00:23.751670, 0.0, 0.0, 90.0, 0.0, 8359.6328125
0:00:23.823406, 0.0, 0.0, 90.0, 0.0, 8360.0859375
0:00:23.943101, 0.0, 0.0, 90.0, 0.0, 8360.833984375
0:00:24.036868, 0.0, 0.0, 90.0, 0.0, 8361.42578125
0:00:24.152389, 0.0, 0.0, 90.0, 0.0, 8362.1552734375
0:00:24.240557, 0.0, 0.0, 90.0, 0.0, 8362.708984375
0:00:24.346522, 0.0, 0.0, 90.0, 0.0, 8363.375
0:00:24.452684, 0.0, 0.0, 90.0, 0.0, 8364.0458984375
0:00:24.536922, 0.0, 0.0, 90.0, 0.0, 8364.57421875
0:00:24.653503, 0.0, 0.0, 90.0, 0.0, 8365.3095703125
0:00:24.753666, 0.0, 0.0, 90.0, 0.0, 8365.9375
0:00:24.853704, 0.0, 0.0, 90.0, 0.0, 8366.5654296875
0:00:24.947145, 0.0, 0.0, 90.0, 0.0, 8367.1494140625
0:00:25.061679, 0.0, 0.0, 90.0, 0.0, 8367.8720703125
0:00:25.146966, 0.0, 0.0, 90.0, 0.0, 8368.40625
0:00:25.239928, 0.0, 0.0, 90.0, 0.0, 8368.99609375
0:00:25.354547, 0.0, 0.0, 90.0, 0.0, 8369.712890625
0:00:25.453365, 0.0, 0.0, 90.0, 0.0, 8370.3349609375
0:00:25.552694, 0.0, 0.0, 90.0, 0.0, 8370.9638671875
0:00:25.661565, 0.0, 0.0, 90.0, 0.0, 8371.6494140625
0:00:25.746926, 0.0, 0.0, 90.0, 0.0, 8372.18359375
0:00:25.860520, 0.0, 0.0, 90.0, 0.0, 8372.900390625
0:00:25.967421, 0.0, 0.0, 90.0, 0.0, 8373.5732421875
0:00:26.065882, 0.0, 0.0, 90.0, 0.0, 8374.189453125
0:00:26.153158, 0.0, 0.0, 90.0, 0.0, 8374.7431640625
0:00:26.255511, 0.0, 0.0, 90.0, 0.0, 8375.3837890625
0:00:26.354422, 0.0, 0.0, 90.0, 0.0, 8376.005859375
0:00:26.470954, 0.0, 0.0, 90.0, 0.0, 8376.7412109375
0:00:26.556210, 0.0, 0.0, 90.0, 0.0, 8377.275390625
0:00:26.654539, 0.0, 0.0, 90.0, 0.0, 8377.8916015625
0:00:26.770574, 0.0, 0.0, 90.0, 0.0, 8378.626953125
0:00:26.854878, 0.0, 0.0, 90.0, 0.0, 8379.1552734375
0:00:26.974921, 0.0, 0.0, 90.0, 0.0, 8379.91015625
0:00:27.083733, 0.0, 0.0, 90.0, 0.0, 8380.5947265625
0:00:27.176324, 0.0, 0.0, 90.0, 0.0, 8381.1796875
0:00:27.274718, 0.0, 0.0, 90.0, 0.0, 8381.7958984375
0:00:27.361910, 0.0, 0.0, 90.0, 0.0, 8382.3427734375
0:00:27.480574, 0.0, 0.0, 90.0, 0.0, 8383.08984375
0:00:27.563706, 0.0, 0.0, 90.0, 0.0, 8383.6181640625
0:00:27.679179, 0.0, 0.0, 90.0, 0.0, 8384.3408203125
0:00:27.773543, 0.0, 0.0, 90.0, 0.0, 8384.9384765625
0:00:27.890699, 0.0, 0.0, 90.0, 0.0, 8385.6728515625
0:00:27.976060, 0.0, 0.0, 90.0, 0.0, 8386.20703125
0:00:28.083982, 0.0, 0.0, 90.0, 0.0, 8386.8857421875
0:00:28.190993, 0.0, 0.0, 90.0, 0.0, 8387.55859375
0:00:28.274228, 0.0, 0.0, 90.0, 0.0, 8388.0869140625
0:00:28.385163, 0.0, 0.0, 90.0, 0.0, 8388.78515625
0:00:28.483345, 0.0, 0.0, 90.0, 0.0, 8389.4013671875
0:00:28.595992, 0.0, 0.0, 90.0, 0.0, 8390.111328125
0:00:28.703882, 0.0, 0.0, 90.0, 0.0, 8390.7900390625
0:00:28.801546, 0.0, 0.0, 90.0, 0.0, 8391.40625
0:00:28.881110, 0.0, 0.0, 90.0, 0.0, 8391.9033203125
0:00:28.995723, 0.0, 0.0, 90.0, 0.0, 8392.6259765625
0:00:29.090479, 0.0, 0.0, 90.0, 0.0, 8393.2236328125
0:00:29.204007, 0.0, 0.0, 90.0, 0.0, 8393.939453125
0:00:29.292265, 0.0, 0.0, 90.0, 0.0, 8394.4921875
0:00:29.403713, 0.0, 0.0, 90.0, 0.0, 8395.189453125
0:00:29.499407, 0.0, 0.0, 90.0, 0.0, 8395.79296875
0:00:29.595050, 0.0, 0.0, 90.0, 0.0, 8396.396484375
0:00:29.700025, 0.0, 0.0, 90.0, 0.0, 8397.056640625
0:00:29.798048, 0.0, 0.0, 90.0, 0.0, 8397.6728515625
0:00:29.892879, 0.0, 0.0, 90.0, 0.0, 8398.26953125
0:00:30.007457, 0.0, 0.0, 90.0, 0.0, 8398.9931640625
0:00:30.091696, 0.0, 0.0, 90.0, 0.0, 8399.521484375
0:00:30.207308, 0.0, 0.0, 90.0, 0.0, 8400.25
0:00:30.293558, 0.0, 0.0, 90.0, 0.0, 8400.7900390625
0:00:30.406054, 0.0, 0.0, 90.0, 0.0, 8401.5009765625
0:00:30.517611, 0.0, 0.0, 90.0, 0.0, 8402.19921875
0:00:30.603754, 0.0, 0.0, 90.0, 0.0, 8402.7470703125
0:00:30.717447, 0.0, 0.0, 90.0, 0.0, 8403.4638671875
0:00:30.802587, 0.0, 0.0, 90.0, 0.0, 8403.998046875
0:00:30.914223, 0.0, 0.0, 90.0, 0.0, 8404.7021484375
0:00:31.003482, 0.0, 0.0, 90.0, 0.0, 8405.26171875
0:00:31.102861, 0.0, 0.0, 90.0, 0.0, 8405.8837890625
0:00:31.217506, 0.0, 0.0, 90.0, 0.0, 8406.6064453125
0:00:31.302588, 0.0, 0.0, 90.0, 0.0, 8407.1416015625
0:00:31.419157, 0.0, 0.0, 90.0, 0.0, 8407.876953125
0:00:31.504424, 0.0, 0.0, 90.0, 0.0, 8408.41015625
0:00:31.629290, 0.0, 0.0, 90.0, 0.0, 8409.1962890625
0:00:31.713216, 0.0, 0.0, 90.0, 0.0, 8409.724609375
0:00:31.825760, 0.0, 0.0, 90.0, 0.0, 8410.4345703125
0:00:31.923143, 0.0, 0.0, 90.0, 0.0, 8411.044921875
0:00:32.022446, 0.0, 0.0, 90.0, 0.0, 8411.6728515625
0:00:32.108737, 0.0, 0.0, 90.0, 0.0, 8412.2138671875
0:00:32.235371, 0.0, 0.0, 90.0, 0.0, 8413.0126953125
0:00:32.311892, 0.0, 0.0, 90.0, 0.0, 8413.49609375
0:00:32.426450, 0.0, 0.0, 90.0, 0.0, 8414.212890625
0:00:32.535282, 0.0, 0.0, 90.0, 0.0, 8414.8974609375
0:00:32.635182, 0.0, 0.0, 90.0, 0.0, 8415.525390625
0:00:32.719467, 0.0, 0.0, 90.0, 0.0, 8416.0537109375
0:00:32.816583, 0.0, 0.0, 90.0, 0.0, 8416.669921875
0:00:32.916763, 0.0, 0.0, 90.0, 0.0, 8417.2978515625
0:00:33.036493, 0.0, 0.0, 90.0, 0.0, 8418.052734375
0:00:33.136747, 0.0, 0.0, 90.0, 0.0, 8418.681640625
0:00:33.234856, 0.0, 0.0, 90.0, 0.0, 8419.296875
0:00:33.320145, 0.0, 0.0, 90.0, 0.0, 8419.837890625
0:00:33.447454, 0.0, 0.0, 90.0, 0.0, 8420.6357421875
0:00:33.546219, 0.0, 0.0, 90.0, 0.0, 8421.2578125
0:00:33.640720, 0.0, 0.0, 90.0, 0.0, 8421.85546875
0:00:33.726936, 0.0, 0.0, 90.0, 0.0, 8422.3955078125
0:00:33.846723, 0.0, 0.0, 90.0, 0.0, 8423.150390625
0:00:33.945895, 0.0, 0.0, 90.0, 0.0, 8423.7724609375
0:00:34.046241, 0.0, 0.0, 90.0, 0.0, 8424.408203125
0:00:34.133485, 0.0, 0.0, 90.0, 0.0, 8424.955078125
0:00:34.238402, 0.0, 0.0, 90.0, 0.0, 8425.6142578125
0:00:34.333459, 0.0, 0.0, 90.0, 0.0, 8426.2109375
0:00:34.449021, 0.0, 0.0, 90.0, 0.0, 8426.939453125
0:00:34.546472, 0.0, 0.0, 90.0, 0.0, 8427.548828125
0:00:34.640177, 0.0, 0.0, 90.0, 0.0, 8428.1396484375
0:00:34.752759, 0.0, 0.0, 90.0, 0.0, 8428.849609375
0:00:34.840020, 0.0, 0.0, 90.0, 0.0, 8429.396484375
0:00:34.951571, 0.0, 0.0, 90.0, 0.0, 8430.099609375
0:00:35.066194, 0.0, 0.0, 90.0, 0.0, 8430.8232421875
0:00:35.144765, 0.0, 0.0, 90.0, 0.0, 8431.3134765625
0:00:35.257318, 0.0, 0.0, 90.0, 0.0, 8432.0234375
0:00:35.342622, 0.0, 0.0, 90.0, 0.0, 8432.556640625
0:00:35.457197, 0.0, 0.0, 90.0, 0.0, 8433.279296875
0:00:35.564019, 0.0, 0.0, 90.0, 0.0, 8433.9521484375
0:00:35.650388, 0.0, 0.0, 90.0, 0.0, 8434.4921875
0:00:35.765890, 0.0, 0.0, 90.0, 0.0, 8435.2216796875
0:00:35.850181, 0.0, 0.0, 90.0, 0.0, 8435.75
0:00:35.976628, 0.0, 0.0, 90.0, 0.0, 8436.5478515625
0:00:36.070494, 0.0, 0.0, 90.0, 0.0, 8437.138671875
0:00:36.156746, 0.0, 0.0, 90.0, 0.0, 8437.6796875
0:00:36.278825, 0.0, 0.0, 90.0, 0.0, 8438.4462890625
0:00:36.377626, 0.0, 0.0, 90.0, 0.0, 8439.068359375
0:00:36.479108, 0.0, 0.0, 90.0, 0.0, 8439.708984375
0:00:36.567238, 0.0, 0.0, 90.0, 0.0, 8440.2626953125
0:00:36.668635, 0.0, 0.0, 90.0, 0.0, 8440.8984375
0:00:36.784258, 0.0, 0.0, 90.0, 0.0, 8441.626953125
0:00:36.868459, 0.0, 0.0, 90.0, 0.0, 8442.154296875
0:00:36.968898, 0.0, 0.0, 90.0, 0.0, 8442.7890625
0:00:37.080502, 0.0, 0.0, 90.0, 0.0, 8443.4931640625
0:00:37.166790, 0.0, 0.0, 90.0, 0.0, 8444.0341796875
0:00:37.279336, 0.0, 0.0, 90.0, 0.0, 8444.7451171875
0:00:37.387207, 0.0, 0.0, 90.0, 0.0, 8445.423828125
0:00:37.487917, 0.0, 0.0, 90.0, 0.0, 8446.052734375
0:00:37.573133, 0.0, 0.0, 90.0, 0.0, 8446.5927734375
0:00:37.687836, 0.0, 0.0, 90.0, 0.0, 8447.3154296875
0:00:37.796646, 0.0, 0.0, 90.0, 0.0, 8448.0009765625
0:00:37.894192, 0.0, 0.0, 90.0, 0.0, 8448.6103515625
0:00:37.974836, 0.0, 0.0, 90.0, 0.0, 8449.119140625
0:00:38.079633, 0.0, 0.0, 90.0, 0.0, 8449.779296875
0:00:38.192154, 0.0, 0.0, 90.0, 0.0, 8450.4892578125
0:00:38.281468, 0.0, 0.0, 90.0, 0.0, 8451.048828125
0:00:38.390293, 0.0, 0.0, 90.0, 0.0, 8451.7333984375
0:00:38.478652, 0.0, 0.0, 90.0, 0.0, 8452.287109375
0:00:38.596159, 0.0, 0.0, 90.0, 0.0, 8453.0283203125
0:00:38.679514, 0.0, 0.0, 90.0, 0.0, 8453.5498046875
0:00:38.794987, 0.0, 0.0, 90.0, 0.0, 8454.2783203125
0:00:38.907522, 0.0, 0.0, 90.0, 0.0, 8454.9892578125
0:00:38.994803, 0.0, 0.0, 90.0, 0.0, 8455.5361328125
0:00:39.110417, 0.0, 0.0, 90.0, 0.0, 8456.265625
0:00:39.208527, 0.0, 0.0, 90.0, 0.0, 8456.880859375
0:00:39.302951, 0.0, 0.0, 90.0, 0.0, 8457.4716796875
0:00:39.409821, 0.0, 0.0, 90.0, 0.0, 8458.1435546875
0:00:39.508843, 0.0, 0.0, 90.0, 0.0, 8458.765625
0:00:39.608849, 0.0, 0.0, 90.0, 0.0, 8459.400390625
0:00:39.708018, 0.0, 0.0, 90.0, 0.0, 8460.0224609375
0:00:39.793270, 0.0, 0.0, 90.0, 0.0, 8460.556640625
0:00:39.909806, 0.0, 0.0, 90.0, 0.0, 8461.2919921875
0:00:40.006150, 0.0, 0.0, 90.0, 0.0, 8461.8955078125
0:00:40.119671, 0.0, 0.0, 90.0, 0.0, 8462.6123046875
0:00:40.207851, 0.0, 0.0, 90.0, 0.0, 8463.1650390625
0:00:40.309476, 0.0, 0.0, 90.0, 0.0, 8463.806640625
0:00:40.399944, 0.0, 0.0, 90.0, 0.0, 8464.373046875
0:00:40.514546, 0.0, 0.0, 90.0, 0.0, 8465.095703125
0:00:40.629049, 0.0, 0.0, 90.0, 0.0, 8465.8193359375
0:00:40.710686, 0.0, 0.0, 90.0, 0.0, 8466.333984375
0:00:40.826134, 0.0, 0.0, 90.0, 0.0, 8467.0576171875
0:00:40.911498, 0.0, 0.0, 90.0, 0.0, 8467.591796875
0:00:41.025965, 0.0, 0.0, 90.0, 0.0, 8468.314453125
0:00:41.109223, 0.0, 0.0, 90.0, 0.0, 8468.8369140625
0:00:41.224814, 0.0, 0.0, 90.0, 0.0, 8469.5654296875
0:00:41.339334, 0.0, 0.0, 90.0, 0.0, 8470.2880859375
0:00:41.420992, 0.0, 0.0, 90.0, 0.0, 8470.802734375
0:00:41.532551, 0.0, 0.0, 90.0, 0.0, 8471.5009765625
0:00:41.619936, 0.0, 0.0, 90.0, 0.0, 8472.0546875
0:00:41.725859, 0.0, 0.0, 90.0, 0.0, 8472.7216796875
0:00:41.811067, 0.0, 0.0, 90.0, 0.0, 8473.2568359375
0:00:41.929684, 0.0, 0.0, 90.0, 0.0, 8474.0048828125
0:00:42.020553, 0.0, 0.0, 90.0, 0.0, 8474.5771484375
0:00:42.130457, 0.0, 0.0, 90.0, 0.0, 8475.2685546875
0:00:42.229826, 0.0, 0.0, 90.0, 0.0, 8475.8916015625
0:00:42.317122, 0.0, 0.0, 90.0, 0.0, 8476.4453125
0:00:42.422969, 0.0, 0.0, 90.0, 0.0, 8477.1123046875
0:00:42.532505, 0.0, 0.0, 90.0, 0.0, 8477.796875
0:00:42.638305, 0.0, 0.0, 90.0, 0.0, 8478.462890625
0:00:42.721529, 0.0, 0.0, 90.0, 0.0, 8478.9853515625
0:00:42.835035, 0.0, 0.0, 90.0, 0.0, 8479.701171875
0:00:42.922353, 0.0, 0.0, 90.0, 0.0, 8480.248046875
0:00:43.046040, 0.0, 0.0, 90.0, 0.0, 8481.02734375
0:00:43.135355, 0.0, 0.0, 90.0, 0.0, 8481.5927734375
0:00:43.248884, 0.0, 0.0, 90.0, 0.0, 8482.3037109375
0:00:43.337149, 0.0, 0.0, 90.0, 0.0, 8482.86328125
0:00:43.444115, 0.0, 0.0, 90.0, 0.0, 8483.5361328125
0:00:43.539664, 0.0, 0.0, 90.0, 0.0, 8484.1328125
0:00:43.650150, 0.0, 0.0, 90.0, 0.0, 8484.830078125
0:00:43.731951, 0.0, 0.0, 90.0, 0.0, 8485.3447265625
0:00:43.849546, 0.0, 0.0, 90.0, 0.0, 8486.0859375
0:00:43.956469, 0.0, 0.0, 90.0, 0.0, 8486.7578125
0:00:44.041684, 0.0, 0.0, 90.0, 0.0, 8487.2919921875
0:00:44.140062, 0.0, 0.0, 90.0, 0.0, 8487.908203125
0:00:44.260723, 0.0, 0.0, 90.0, 0.0, 8488.6689453125
0:00:44.359084, 0.0, 0.0, 90.0, 0.0, 8489.2919921875
0:00:44.459153, 0.0, 0.0, 90.0, 0.0, 8489.919921875
0:00:44.545385, 0.0, 0.0, 90.0, 0.0, 8490.4609375
0:00:44.640889, 0.0, 0.0, 90.0, 0.0, 8491.0634765625
0:00:44.756520, 0.0, 0.0, 90.0, 0.0, 8491.7919921875
0:00:44.841834, 0.0, 0.0, 90.0, 0.0, 8492.326171875
0:00:44.941013, 0.0, 0.0, 90.0, 0.0, 8492.9482421875
0:00:45.064352, 0.0, 0.0, 90.0, 0.0, 8493.7275390625
0:00:45.169544, 0.0, 0.0, 90.0, 0.0, 8494.3876953125
0:00:45.256873, 0.0, 0.0, 90.0, 0.0, 8494.9345703125
0:00:45.369376, 0.0, 0.0, 90.0, 0.0, 8495.6455078125
0:00:45.463817, 0.0, 0.0, 90.0, 0.0, 8496.2421875
0:00:45.560236, 0.0, 0.0, 90.0, 0.0, 8496.845703125
0:00:45.668365, 0.0, 0.0, 90.0, 0.0, 8497.5244140625
0:00:45.765060, 0.0, 0.0, 90.0, 0.0, 8498.134765625
0:00:45.861712, 0.0, 0.0, 90.0, 0.0, 8498.744140625
0:00:45.961101, 0.0, 0.0, 90.0, 0.0, 8499.3662109375
0:00:46.060170, 0.0, 0.0, 90.0, 0.0, 8499.9951171875
0:00:46.172724, 0.0, 0.0, 90.0, 0.0, 8500.69921875
0:00:46.255981, 0.0, 0.0, 90.0, 0.0, 8501.2265625
0:00:46.375140, 0.0, 0.0, 90.0, 0.0, 8501.974609375
0:00:46.472381, 0.0, 0.0, 90.0, 0.0, 8502.5849609375
0:00:46.564981, 0.0, 0.0, 90.0, 0.0, 8503.169921875
0:00:46.661355, 0.0, 0.0, 90.0, 0.0, 8503.779296875
0:00:46.773943, 0.0, 0.0, 90.0, 0.0, 8504.4833984375
0:00:46.888410, 0.0, 0.0, 90.0, 0.0, 8505.2060546875
0:00:46.974735, 0.0, 0.0, 90.0, 0.0, 8505.7470703125
0:00:47.071834, 0.0, 0.0, 90.0, 0.0, 8506.3564453125
0:00:47.187347, 0.0, 0.0, 90.0, 0.0, 8507.0849609375
0:00:47.273623, 0.0, 0.0, 90.0, 0.0, 8507.625
0:00:47.370718, 0.0, 0.0, 90.0, 0.0, 8508.2412109375
0:00:47.483185, 0.0, 0.0, 90.0, 0.0, 8508.9453125
0:00:47.578230, 0.0, 0.0, 90.0, 0.0, 8509.54296875
0:00:47.691739, 0.0, 0.0, 90.0, 0.0, 8510.259765625
0:00:47.779035, 0.0, 0.0, 90.0, 0.0, 8510.806640625
0:00:47.867353, 0.0, 0.0, 90.0, 0.0, 8511.365234375
0:00:47.975209, 0.0, 0.0, 90.0, 0.0, 8512.0439453125
0:00:48.071045, 0.0, 0.0, 90.0, 0.0, 8512.6474609375
0:00:48.181928, 0.0, 0.0, 90.0, 0.0, 8513.3447265625
0:00:48.271204, 0.0, 0.0, 90.0, 0.0, 8513.904296875
0:00:48.382106, 0.0, 0.0, 90.0, 0.0, 8514.6025390625
0:00:48.475656, 0.0, 0.0, 90.0, 0.0, 8515.193359375
0:00:48.584504, 0.0, 0.0, 90.0, 0.0, 8515.87890625
0:00:48.701041, 0.0, 0.0, 90.0, 0.0, 8516.609375
0:00:48.782719, 0.0, 0.0, 90.0, 0.0, 8517.125
0:00:48.881055, 0.0, 0.0, 90.0, 0.0, 8517.748046875
0:00:48.985907, 0.0, 0.0, 90.0, 0.0, 8518.4072265625
0:00:49.083050, 0.0, 0.0, 90.0, 0.0, 8519.0166015625
0:00:49.195605, 0.0, 0.0, 90.0, 0.0, 8519.720703125
0:00:49.278802, 0.0, 0.0, 90.0, 0.0, 8520.248046875
0:00:49.390342, 0.0, 0.0, 90.0, 0.0, 8520.9453125
0:00:49.504918, 0.0, 0.0, 90.0, 0.0, 8521.6689453125
0:00:49.602396, 0.0, 0.0, 90.0, 0.0, 8522.2841796875
0:00:49.701595, 0.0, 0.0, 90.0, 0.0, 8522.90625
0:00:49.788906, 0.0, 0.0, 90.0, 0.0, 8523.453125
0:00:49.903438, 0.0, 0.0, 90.0, 0.0, 8524.1767578125
0:00:49.989737, 0.0, 0.0, 90.0, 0.0, 8524.7177734375
0:00:50.106249, 0.0, 0.0, 90.0, 0.0, 8525.453125
0:00:50.198280, 0.0, 0.0, 90.0, 0.0, 8526.03125
0:00:50.311873, 0.0, 0.0, 90.0, 0.0, 8526.7470703125
0:00:50.401186, 0.0, 0.0, 90.0, 0.0, 8527.306640625
0:00:50.501538, 0.0, 0.0, 90.0, 0.0, 8527.9423828125
0:00:50.608521, 0.0, 0.0, 90.0, 0.0, 8528.6142578125
0:00:50.713274, 0.0, 0.0, 90.0, 0.0, 8529.2744140625
0:00:50.822166, 0.0, 0.0, 90.0, 0.0, 8529.9599609375
0:00:50.909382, 0.0, 0.0, 90.0, 0.0, 8530.505859375
0:00:51.021963, 0.0, 0.0, 90.0, 0.0, 8531.2158203125
0:00:51.108185, 0.0, 0.0, 90.0, 0.0, 8531.755859375
0:00:51.222799, 0.0, 0.0, 90.0, 0.0, 8532.4775390625
0:00:51.322072, 0.0, 0.0, 90.0, 0.0, 8533.1005859375
0:00:51.407258, 0.0, 0.0, 90.0, 0.0, 8533.6357421875
0:00:51.531616, 0.0, 0.0, 90.0, 0.0, 8534.4208984375
0:00:51.617910, 0.0, 0.0, 90.0, 0.0, 8534.9619140625
0:00:51.735469, 0.0, 0.0, 90.0, 0.0, 8535.7041015625
0:00:51.818665, 0.0, 0.0, 90.0, 0.0, 8536.2265625
0:00:51.935125, 0.0, 0.0, 90.0, 0.0, 8536.962890625
0:00:52.033941, 0.0, 0.0, 90.0, 0.0, 8537.5849609375
0:00:52.132041, 0.0, 0.0, 90.0, 0.0, 8538.201171875
0:00:52.230395, 0.0, 0.0, 90.0, 0.0, 8538.8173828125
0:00:52.342909, 0.0, 0.0, 90.0, 0.0, 8539.5263671875
0:00:52.443096, 0.0, 0.0, 90.0, 0.0, 8540.154296875
0:00:52.524642, 0.0, 0.0, 90.0, 0.0, 8540.6689453125
0:00:52.639180, 0.0, 0.0, 90.0, 0.0, 8541.392578125
0:00:52.752819, 0.0, 0.0, 90.0, 0.0, 8542.1025390625
0:00:52.839934, 0.0, 0.0, 90.0, 0.0, 8542.6552734375
0:00:52.943768, 0.0, 0.0, 90.0, 0.0, 8543.30859375
0:00:53.049650, 0.0, 0.0, 90.0, 0.0, 8543.974609375
0:00:53.135919, 0.0, 0.0, 90.0, 0.0, 8544.5146484375
0:00:53.250486, 0.0, 0.0, 90.0, 0.0, 8545.2373046875
0:00:53.335769, 0.0, 0.0, 90.0, 0.0, 8545.771484375
0:00:53.452258, 0.0, 0.0, 90.0, 0.0, 8546.5068359375
0:00:53.538564, 0.0, 0.0, 90.0, 0.0, 8547.046875
0:00:53.652204, 0.0, 0.0, 90.0, 0.0, 8547.7626953125
0:00:53.750835, 0.0, 0.0, 90.0, 0.0, 8548.37890625
0:00:53.857655, 0.0, 0.0, 90.0, 0.0, 8549.0517578125
0:00:53.951978, 0.0, 0.0, 90.0, 0.0, 8549.6484375
0:00:54.047902, 0.0, 0.0, 90.0, 0.0, 8550.24609375
0:00:54.172950, 0.0, 0.0, 90.0, 0.0, 8551.0380859375
0:00:54.257152, 0.0, 0.0, 90.0, 0.0, 8551.56640625
0:00:54.353606, 0.0, 0.0, 90.0, 0.0, 8552.17578125
0:00:54.468269, 0.0, 0.0, 90.0, 0.0, 8552.892578125
0:00:54.564316, 0.0, 0.0, 90.0, 0.0, 8553.501953125
0:00:54.662683, 0.0, 0.0, 90.0, 0.0, 8554.1181640625
0:00:54.769033, 0.0, 0.0, 90.0, 0.0, 8554.7841796875
0:00:54.875485, 0.0, 0.0, 90.0, 0.0, 8555.45703125
0:00:54.962804, 0.0, 0.0, 90.0, 0.0, 8556.009765625
0:00:55.078400, 0.0, 0.0, 90.0, 0.0, 8556.732421875
0:00:55.166691, 0.0, 0.0, 90.0, 0.0, 8557.291015625
0:00:55.280183, 0.0, 0.0, 90.0, 0.0, 8558.0009765625
0:00:55.365372, 0.0, 0.0, 90.0, 0.0, 8558.5419921875
0:00:55.464608, 0.0, 0.0, 90.0, 0.0, 8559.1640625
0:00:55.572589, 0.0, 0.0, 90.0, 0.0, 8559.841796875
0:00:55.680465, 0.0, 0.0, 90.0, 0.0, 8560.5205078125
0:00:55.767743, 0.0, 0.0, 90.0, 0.0, 8561.0673828125
0:00:55.885123, 0.0, 0.0, 90.0, 0.0, 8561.80859375
0:00:55.984162, 0.0, 0.0, 90.0, 0.0, 8562.4306640625
0:00:56.087429, 0.0, 0.0, 90.0, 0.0, 8563.078125
0:00:56.176665, 0.0, 0.0, 90.0, 0.0, 8563.6435546875
0:00:56.274093, 0.0, 0.0, 90.0, 0.0, 8564.2529296875
0:00:56.391634, 0.0, 0.0, 90.0, 0.0, 8564.994140625
0:00:56.476980, 0.0, 0.0, 90.0, 0.0, 8565.5283203125
0:00:56.591727, 0.0, 0.0, 90.0, 0.0, 8566.2509765625
0:00:56.705293, 0.0, 0.0, 90.0, 0.0, 8566.966796875
0:00:56.775225, 0.0, 0.0, 90.0, 0.0, 8567.4072265625
0:00:56.891861, 0.0, 0.0, 90.0, 0.0, 8568.142578125
0:00:56.981149, 0.0, 0.0, 90.0, 0.0, 8568.7021484375
0:00:57.098849, 0.0, 0.0, 90.0, 0.0, 8569.443359375
0:00:57.194422, 0.0, 0.0, 90.0, 0.0, 8570.046875
0:00:57.280682, 0.0, 0.0, 90.0, 0.0, 8570.587890625
0:00:57.393278, 0.0, 0.0, 90.0, 0.0, 8571.2978515625
0:00:57.494592, 0.0, 0.0, 90.0, 0.0, 8571.931640625
0:00:57.585982, 0.0, 0.0, 90.0, 0.0, 8572.509765625
0:00:57.697460, 0.0, 0.0, 90.0, 0.0, 8573.2080078125
0:00:57.784643, 0.0, 0.0, 90.0, 0.0, 8573.7607421875
0:00:57.902181, 0.0, 0.0, 90.0, 0.0, 8574.49609375
0:00:58.009052, 0.0, 0.0, 90.0, 0.0, 8575.16796875
0:00:58.104462, 0.0, 0.0, 90.0, 0.0, 8575.771484375
0:00:58.190705, 0.0, 0.0, 90.0, 0.0, 8576.3125
0:00:58.296504, 0.0, 0.0, 90.0, 0.0, 8576.9794921875
0:00:58.411155, 0.0, 0.0, 90.0, 0.0, 8577.7021484375
0:00:58.498368, 0.0, 0.0, 90.0, 0.0, 8578.2490234375
0:00:58.611971, 0.0, 0.0, 90.0, 0.0, 8578.9658203125
0:00:58.691605, 0.0, 0.0, 90.0, 0.0, 8579.462890625
0:00:58.804288, 0.0, 0.0, 90.0, 0.0, 8580.1728515625
0:00:58.901833, 0.0, 0.0, 90.0, 0.0, 8580.7890625
0:00:59.008725, 0.0, 0.0, 90.0, 0.0, 8581.4619140625
0:00:59.103834, 0.0, 0.0, 90.0, 0.0, 8582.05859375
0:00:59.209697, 0.0, 0.0, 90.0, 0.0, 8582.724609375
0:00:59.296964, 0.0, 0.0, 90.0, 0.0, 8583.271484375
0:00:59.392274, 0.0, 0.0, 90.0, 0.0, 8583.875
0:00:59.499199, 0.0, 0.0, 90.0, 0.0, 8584.5478515625
0:00:59.611702, 0.0, 0.0, 90.0, 0.0, 8585.2568359375
0:00:59.697977, 0.0, 0.0, 90.0, 0.0, 8585.796875
0:00:59.824847, 0.0, 0.0, 90.0, 0.0, 8586.5947265625
0:00:59.910120, 0.0, 0.0, 90.0, 0.0, 8587.1298828125
0:01:00.007205, 0.0, 0.0, 90.0, 0.0, 8587.740234375
0:01:00.104648, 0.0, 0.0, 90.0, 0.0, 8588.3564453125
0:01:00.211560, 0.0, 0.0, 90.0, 0.0, 8589.029296875
0:01:00.318379, 0.0, 0.0, 90.0, 0.0, 8589.7021484375
0:01:00.405724, 0.0, 0.0, 90.0, 0.0, 8590.2490234375
0:01:00.512611, 0.0, 0.0, 90.0, 0.0, 8590.921875
0:01:00.626106, 0.0, 0.0, 90.0, 0.0, 8591.638671875
0:01:00.716947, 0.0, 0.0, 90.0, 0.0, 8592.2109375
0:01:00.827451, 0.0, 0.0, 90.0, 0.0, 8592.908203125
0:01:00.911740, 0.0, 0.0, 90.0, 0.0, 8593.4365234375
0:01:01.026232, 0.0, 0.0, 90.0, 0.0, 8594.16015625
0:01:01.112512, 0.0, 0.0, 90.0, 0.0, 8594.7001953125
0:01:01.228166, 0.0, 0.0, 90.0, 0.0, 8595.4296875
0:01:01.326989, 0.0, 0.0, 90.0, 0.0, 8596.0517578125
0:01:01.425323, 0.0, 0.0, 90.0, 0.0, 8596.66796875
0:01:01.512688, 0.0, 0.0, 90.0, 0.0, 8597.21484375
0:01:01.625140, 0.0, 0.0, 90.0, 0.0, 8597.9248046875
0:01:01.718861, 0.0, 0.0, 90.0, 0.0, 8598.515625
0:01:01.830267, 0.0, 0.0, 90.0, 0.0, 8599.2138671875
0:01:01.927309, 0.0, 0.0, 90.0, 0.0, 8599.8291015625
0:01:02.027318, 0.0, 0.0, 90.0, 0.0, 8600.4580078125
0:01:02.125723, 0.0, 0.0, 90.0, 0.0, 8601.07421875
0:01:02.240252, 0.0, 0.0, 90.0, 0.0, 8601.796875
0:01:02.326513, 0.0, 0.0, 90.0, 0.0, 8602.3369140625
0:01:02.425716, 0.0, 0.0, 90.0, 0.0, 8602.958984375
0:01:02.523148, 0.0, 0.0, 90.0, 0.0, 8603.5751953125
0:01:02.635707, 0.0, 0.0, 90.0, 0.0, 8604.2861328125
0:01:02.721036, 0.0, 0.0, 90.0, 0.0, 8604.8203125
0:01:02.835499, 0.0, 0.0, 90.0, 0.0, 8605.5439453125
0:01:02.950027, 0.0, 0.0, 90.0, 0.0, 8606.259765625
0:01:03.045012, 0.0, 0.0, 90.0, 0.0, 8606.8564453125
0:01:03.143494, 0.0, 0.0, 90.0, 0.0, 8607.4794921875
0:01:03.226720, 0.0, 0.0, 90.0, 0.0, 8608.001953125
0:01:03.342281, 0.0, 0.0, 90.0, 0.0, 8608.73046875
0:01:03.426535, 0.0, 0.0, 90.0, 0.0, 8609.2587890625
0:01:03.551184, 0.0, 0.0, 90.0, 0.0, 8610.044921875
0:01:03.637409, 0.0, 0.0, 90.0, 0.0, 8610.5859375
0:01:03.753057, 0.0, 0.0, 90.0, 0.0, 8611.3154296875
0:01:03.838277, 0.0, 0.0, 90.0, 0.0, 8611.8486328125
0:01:03.936703, 0.0, 0.0, 90.0, 0.0, 8612.470703125
0:01:04.057405, 0.0, 0.0, 90.0, 0.0, 8613.2314453125
0:01:04.157677, 0.0, 0.0, 90.0, 0.0, 8613.8603515625
0:01:04.248150, 0.0, 0.0, 90.0, 0.0, 8614.4326171875
0:01:04.358023, 0.0, 0.0, 90.0, 0.0, 8615.125
0:01:04.455755, 0.0, 0.0, 90.0, 0.0, 8615.7412109375
0:01:04.560036, 0.0, 0.0, 90.0, 0.0, 8616.39453125
0:01:04.644311, 0.0, 0.0, 90.0, 0.0, 8616.9228515625
0:01:04.753215, 0.0, 0.0, 90.0, 0.0, 8617.6083984375
0:01:04.867812, 0.0, 0.0, 90.0, 0.0, 8618.33203125
0:01:04.965934, 0.0, 0.0, 90.0, 0.0, 8618.9482421875
0:01:05.056638, 0.0, 0.0, 90.0, 0.0, 8619.51953125
0:01:05.170185, 0.0, 0.0, 90.0, 0.0, 8620.2353515625
0:01:05.257392, 0.0, 0.0, 90.0, 0.0, 8620.7822265625
0:01:05.358171, 0.0, 0.0, 90.0, 0.0, 8621.4169921875
0:01:05.466048, 0.0, 0.0, 90.0, 0.0, 8622.095703125
0:01:05.561706, 0.0, 0.0, 90.0, 0.0, 8622.69921875
0:01:05.657422, 0.0, 0.0, 90.0, 0.0, 8623.2958984375
0:01:05.765315, 0.0, 0.0, 90.0, 0.0, 8623.974609375
0:01:05.879731, 0.0, 0.0, 90.0, 0.0, 8624.697265625
0:01:05.978147, 0.0, 0.0, 90.0, 0.0, 8625.3134765625
0:01:06.077275, 0.0, 0.0, 90.0, 0.0, 8625.9423828125
0:01:06.163501, 0.0, 0.0, 90.0, 0.0, 8626.482421875
0:01:06.277924, 0.0, 0.0, 90.0, 0.0, 8627.205078125
0:01:06.363245, 0.0, 0.0, 90.0, 0.0, 8627.7392578125
0:01:06.476801, 0.0, 0.0, 90.0, 0.0, 8628.455078125
0:01:06.563043, 0.0, 0.0, 90.0, 0.0, 8628.9951171875
0:01:06.678741, 0.0, 0.0, 90.0, 0.0, 8629.724609375
0:01:06.776510, 0.0, 0.0, 90.0, 0.0, 8630.3408203125
0:01:06.871207, 0.0, 0.0, 90.0, 0.0, 8630.931640625
0:01:06.986766, 0.0, 0.0, 90.0, 0.0, 8631.6611328125
0:01:07.075014, 0.0, 0.0, 90.0, 0.0, 8632.21484375
0:01:07.189731, 0.0, 0.0, 90.0, 0.0, 8632.9384765625
0:01:07.281886, 0.0, 0.0, 90.0, 0.0, 8633.5166015625
0:01:07.379258, 0.0, 0.0, 90.0, 0.0, 8634.1318359375
0:01:07.484196, 0.0, 0.0, 90.0, 0.0, 8634.7919921875
0:01:07.571467, 0.0, 0.0, 90.0, 0.0, 8635.3388671875
0:01:07.681268, 0.0, 0.0, 90.0, 0.0, 8636.0302734375
0:01:07.795891, 0.0, 0.0, 90.0, 0.0, 8636.7529296875
0:01:07.883175, 0.0, 0.0, 90.0, 0.0, 8637.2998046875
0:01:07.994710, 0.0, 0.0, 90.0, 0.0, 8638.0048828125
0:01:08.082051, 0.0, 0.0, 90.0, 0.0, 8638.5517578125
0:01:08.181197, 0.0, 0.0, 90.0, 0.0, 8639.1796875
0:01:08.292747, 0.0, 0.0, 90.0, 0.0, 8639.8779296875
0:01:08.401616, 0.0, 0.0, 90.0, 0.0, 8640.5625
0:01:08.486936, 0.0, 0.0, 90.0, 0.0, 8641.1025390625
0:01:08.584463, 0.0, 0.0, 90.0, 0.0, 8641.7119140625
0:01:08.700055, 0.0, 0.0, 90.0, 0.0, 8642.4404296875
0:01:08.783293, 0.0, 0.0, 90.0, 0.0, 8642.9619140625
0:01:08.905518, 0.0, 0.0, 90.0, 0.0, 8643.7353515625
0:01:08.990816, 0.0, 0.0, 90.0, 0.0, 8644.26953125
0:01:09.103287, 0.0, 0.0, 90.0, 0.0, 8644.9794921875
0:01:09.189561, 0.0, 0.0, 90.0, 0.0, 8645.5205078125
0:01:09.304191, 0.0, 0.0, 90.0, 0.0, 8646.244140625
0:01:09.408059, 0.0, 0.0, 90.0, 0.0, 8646.8974609375
0:01:09.490684, 0.0, 0.0, 90.0, 0.0, 8647.4189453125
0:01:09.603205, 0.0, 0.0, 90.0, 0.0, 8648.1240234375
0:01:09.712898, 0.0, 0.0, 90.0, 0.0, 8648.8154296875
0:01:09.801223, 0.0, 0.0, 90.0, 0.0, 8649.3681640625
0:01:09.913749, 0.0, 0.0, 90.0, 0.0, 8650.078125
0:01:10.009854, 0.0, 0.0, 90.0, 0.0, 8650.681640625
0:01:10.100523, 0.0, 0.0, 90.0, 0.0, 8651.25390625
0:01:10.215132, 0.0, 0.0, 90.0, 0.0, 8651.9765625
0:01:10.302377, 0.0, 0.0, 90.0, 0.0, 8652.5234375
0:01:10.414916, 0.0, 0.0, 90.0, 0.0, 8653.2333984375
0:01:10.502197, 0.0, 0.0, 90.0, 0.0, 8653.779296875
0:01:10.613795, 0.0, 0.0, 90.0, 0.0, 8654.482421875
0:01:10.709812, 0.0, 0.0, 90.0, 0.0, 8655.0859375
0:01:10.829919, 0.0, 0.0, 90.0, 0.0, 8655.8408203125
0:01:10.928107, 0.0, 0.0, 90.0, 0.0, 8656.4638671875
0:01:11.008743, 0.0, 0.0, 90.0, 0.0, 8656.966796875
0:01:11.108211, 0.0, 0.0, 90.0, 0.0, 8657.595703125
0:01:11.226247, 0.0, 0.0, 90.0, 0.0, 8658.337890625
0:01:11.332213, 0.0, 0.0, 90.0, 0.0, 8659.00390625
0:01:11.429398, 0.0, 0.0, 90.0, 0.0, 8659.61328125
0:01:11.513597, 0.0, 0.0, 90.0, 0.0, 8660.1474609375
0:01:11.630231, 0.0, 0.0, 90.0, 0.0, 8660.876953125
0:01:11.719441, 0.0, 0.0, 90.0, 0.0, 8661.44140625
0:01:11.819506, 0.0, 0.0, 90.0, 0.0, 8662.0703125
0:01:11.946833, 0.0, 0.0, 90.0, 0.0, 8662.8681640625
0:01:12.034009, 0.0, 0.0, 90.0, 0.0, 8663.4208984375
0:01:12.127333, 0.0, 0.0, 90.0, 0.0, 8664.0048828125
0:01:12.240931, 0.0, 0.0, 90.0, 0.0, 8664.7216796875
0:01:12.346712, 0.0, 0.0, 90.0, 0.0, 8665.388671875
0:01:12.432962, 0.0, 0.0, 90.0, 0.0, 8665.9287109375
0:01:12.530282, 0.0, 0.0, 90.0, 0.0, 8666.5439453125
0:01:12.630109, 0.0, 0.0, 90.0, 0.0, 8667.166015625
0:01:12.757405, 0.0, 0.0, 90.0, 0.0, 8667.970703125
0:01:12.843643, 0.0, 0.0, 90.0, 0.0, 8668.51171875
0:01:12.938796, 0.0, 0.0, 90.0, 0.0, 8669.1083984375
0:01:13.047625, 0.0, 0.0, 90.0, 0.0, 8669.79296875
0:01:13.136954, 0.0, 0.0, 90.0, 0.0, 8670.3583984375
0:01:13.249472, 0.0, 0.0, 90.0, 0.0, 8671.0634765625
0:01:13.364990, 0.0, 0.0, 90.0, 0.0, 8671.79296875
0:01:13.451337, 0.0, 0.0, 90.0, 0.0, 8672.33984375
0:01:13.564940, 0.0, 0.0, 90.0, 0.0, 8673.0498046875
0:01:13.661001, 0.0, 0.0, 90.0, 0.0, 8673.6533203125
0:01:13.759408, 0.0, 0.0, 90.0, 0.0, 8674.275390625
0:01:13.866358, 0.0, 0.0, 90.0, 0.0, 8674.9482421875
0:01:13.972229, 0.0, 0.0, 90.0, 0.0, 8675.615234375
0:01:14.054249, 0.0, 0.0, 90.0, 0.0, 8676.130859375
0:01:14.150643, 0.0, 0.0, 90.0, 0.0, 8676.740234375
0:01:14.263318, 0.0, 0.0, 90.0, 0.0, 8677.443359375
0:01:14.376825, 0.0, 0.0, 90.0, 0.0, 8678.16015625
0:01:14.456416, 0.0, 0.0, 90.0, 0.0, 8678.6630859375
0:01:14.563266, 0.0, 0.0, 90.0, 0.0, 8679.3359375
0:01:14.680958, 0.0, 0.0, 90.0, 0.0, 8680.0703125
0:01:14.770239, 0.0, 0.0, 90.0, 0.0, 8680.63671875
0:01:14.856474, 0.0, 0.0, 90.0, 0.0, 8681.177734375
0:01:14.971025, 0.0, 0.0, 90.0, 0.0, 8681.900390625
0:01:15.059349, 0.0, 0.0, 90.0, 0.0, 8682.453125
0:01:15.172946, 0.0, 0.0, 90.0, 0.0, 8683.169921875
0:01:15.284435, 0.0, 0.0, 90.0, 0.0, 8683.8740234375
0:01:15.394977, 0.0, 0.0, 90.0, 0.0, 8684.5654296875
0:01:15.481159, 0.0, 0.0, 90.0, 0.0, 8685.1123046875
0:01:15.565403, 0.0, 0.0, 90.0, 0.0, 8685.6396484375
0:01:15.681666, 0.0, 0.0, 90.0, 0.0, 8686.3681640625
0:01:15.795145, 0.0, 0.0, 90.0, 0.0, 8687.083984375
0:01:15.891925, 0.0, 0.0, 90.0, 0.0, 8687.693359375
0:01:15.981136, 0.0, 0.0, 90.0, 0.0, 8688.2529296875
0:01:16.091012, 0.0, 0.0, 90.0, 0.0, 8688.9443359375
0:01:16.191426, 0.0, 0.0, 90.0, 0.0, 8689.580078125
0:01:16.282005, 0.0, 0.0, 90.0, 0.0, 8690.1455078125
0:01:16.387713, 0.0, 0.0, 90.0, 0.0, 8690.8125
0:01:16.502305, 0.0, 0.0, 90.0, 0.0, 8691.5361328125
0:01:16.604565, 0.0, 0.0, 90.0, 0.0, 8692.1767578125
0:01:16.700637, 0.0, 0.0, 90.0, 0.0, 8692.779296875
0:01:16.813208, 0.0, 0.0, 90.0, 0.0, 8693.4892578125
0:01:16.908215, 0.0, 0.0, 90.0, 0.0, 8694.0869140625
0:01:16.987807, 0.0, 0.0, 90.0, 0.0, 8694.58984375
0:01:17.101271, 0.0, 0.0, 90.0, 0.0, 8695.2998046875
0:01:17.211202, 0.0, 0.0, 90.0, 0.0, 8695.9912109375
0:01:17.298440, 0.0, 0.0, 90.0, 0.0, 8696.544921875
0:01:17.411974, 0.0, 0.0, 90.0, 0.0, 8697.2548828125
0:01:17.495190, 0.0, 0.0, 90.0, 0.0, 8697.783203125
0:01:17.602140, 0.0, 0.0, 90.0, 0.0, 8698.455078125
0:01:17.720151, 0.0, 0.0, 90.0, 0.0, 8699.197265625
0:01:17.817716, 0.0, 0.0, 90.0, 0.0, 8699.8134765625
0:01:17.932387, 0.0, 0.0, 90.0, 0.0, 8700.5302734375
0:01:18.031394, 0.0, 0.0, 90.0, 0.0, 8701.1591796875
0:01:18.124173, 0.0, 0.0, 90.0, 0.0, 8701.7373046875
0:01:18.237731, 0.0, 0.0, 90.0, 0.0, 8702.4541015625
0:01:18.324147, 0.0, 0.0, 90.0, 0.0, 8702.994140625
0:01:18.409297, 0.0, 0.0, 90.0, 0.0, 8703.53515625
0:01:18.526915, 0.0, 0.0, 90.0, 0.0, 8704.2763671875
0:01:18.615179, 0.0, 0.0, 90.0, 0.0, 8704.8291015625
0:01:18.741904, 0.0, 0.0, 90.0, 0.0, 8705.626953125
0:01:18.828886, 0.0, 0.0, 90.0, 0.0, 8706.16796875
0:01:18.915704, 0.0, 0.0, 90.0, 0.0, 8706.720703125
0:01:19.034182, 0.0, 0.0, 90.0, 0.0, 8707.4619140625
0:01:19.131625, 0.0, 0.0, 90.0, 0.0, 8708.0771484375
0:01:19.241851, 0.0, 0.0, 90.0, 0.0, 8708.7685546875
0:01:19.331794, 0.0, 0.0, 90.0, 0.0, 8709.333984375
0:01:19.416127, 0.0, 0.0, 90.0, 0.0, 8709.8681640625
0:01:19.514168, 0.0, 0.0, 90.0, 0.0, 8710.484375
0:01:19.640587, 0.0, 0.0, 90.0, 0.0, 8711.2763671875
0:01:19.753060, 0.0, 0.0, 90.0, 0.0, 8711.986328125
0:01:19.834515, 0.0, 0.0, 90.0, 0.0, 8712.49609375
0:01:19.928427, 0.0, 0.0, 90.0, 0.0, 8713.0927734375
0:01:20.039989, 0.0, 0.0, 90.0, 0.0, 8713.7900390625
0:01:20.127323, 0.0, 0.0, 90.0, 0.0, 8714.3427734375
0:01:20.252461, 0.0, 0.0, 90.0, 0.0, 8715.123046875
0:01:20.352478, 0.0, 0.0, 90.0, 0.0, 8715.7578125
0:01:20.443893, 0.0, 0.0, 90.0, 0.0, 8716.330078125
0:01:20.556054, 0.0, 0.0, 90.0, 0.0, 8717.0341796875
0:01:20.642983, 0.0, 0.0, 90.0, 0.0, 8717.587890625
0:01:20.759589, 0.0, 0.0, 90.0, 0.0, 8718.322265625
0:01:20.845898, 0.0, 0.0, 90.0, 0.0, 8718.86328125
0:01:20.952721, 0.0, 0.0, 90.0, 0.0, 8719.53515625
0:01:21.045541, 0.0, 0.0, 90.0, 0.0, 8720.1201171875
0:01:21.159104, 0.0, 0.0, 90.0, 0.0, 8720.8310546875
0:01:21.246327, 0.0, 0.0, 90.0, 0.0, 8721.3837890625
0:01:21.356895, 0.0, 0.0, 90.0, 0.0, 8722.0751953125
0:01:21.443165, 0.0, 0.0, 90.0, 0.0, 8722.6220703125
0:01:21.552973, 0.0, 0.0, 90.0, 0.0, 8723.306640625
0:01:21.655258, 0.0, 0.0, 90.0, 0.0, 8723.9541015625
0:01:21.774105, 0.0, 0.0, 90.0, 0.0, 8724.7021484375
0:01:21.854500, 0.0, 0.0, 90.0, 0.0, 8725.2109375
0:01:21.973033, 0.0, 0.0, 90.0, 0.0, 8725.9521484375
0:01:22.060336, 0.0, 0.0, 90.0, 0.0, 8726.5048828125
0:01:22.173970, 0.0, 0.0, 90.0, 0.0, 8727.21484375
0:01:22.273735, 0.0, 0.0, 90.0, 0.0, 8727.837890625
0:01:22.360673, 0.0, 0.0, 90.0, 0.0, 8728.390625
0:01:22.466483, 0.0, 0.0, 90.0, 0.0, 8729.056640625
0:01:22.579109, 0.0, 0.0, 90.0, 0.0, 8729.767578125
0:01:22.665522, 0.0, 0.0, 90.0, 0.0, 8730.3076171875
0:01:22.775393, 0.0, 0.0, 90.0, 0.0, 8731.0
0:01:22.862605, 0.0, 0.0, 90.0, 0.0, 8731.5537109375
0:01:22.964033, 0.0, 0.0, 90.0, 0.0, 8732.1884765625
0:01:23.079521, 0.0, 0.0, 90.0, 0.0, 8732.9169921875
0:01:23.166903, 0.0, 0.0, 90.0, 0.0, 8733.4638671875
0:01:23.275708, 0.0, 0.0, 90.0, 0.0, 8734.1494140625
0:01:23.389239, 0.0, 0.0, 90.0, 0.0, 8734.8662109375
0:01:23.474600, 0.0, 0.0, 90.0, 0.0, 8735.3994140625
0:01:23.573766, 0.0, 0.0, 90.0, 0.0, 8736.021484375
0:01:23.672947, 0.0, 0.0, 90.0, 0.0, 8736.650390625
0:01:23.786491, 0.0, 0.0, 90.0, 0.0, 8737.361328125
0:01:23.900085, 0.0, 0.0, 90.0, 0.0, 8738.078125
0:01:23.985216, 0.0, 0.0, 90.0, 0.0, 8738.6123046875
0:01:24.096822, 0.0, 0.0, 90.0, 0.0, 8739.31640625
0:01:24.192409, 0.0, 0.0, 90.0, 0.0, 8739.919921875
0:01:24.290717, 0.0, 0.0, 90.0, 0.0, 8740.5361328125
0:01:24.378020, 0.0, 0.0, 90.0, 0.0, 8741.0888671875
0:01:24.488519, 0.0, 0.0, 90.0, 0.0, 8741.7802734375
0:01:24.605438, 0.0, 0.0, 90.0, 0.0, 8742.515625
0:01:24.703260, 0.0, 0.0, 90.0, 0.0, 8743.130859375
0:01:24.804279, 0.0, 0.0, 90.0, 0.0, 8743.7666015625
0:01:24.893953, 0.0, 0.0, 90.0, 0.0, 8744.3330078125
0:01:24.981921, 0.0, 0.0, 90.0, 0.0, 8744.8857421875
0:01:25.094448, 0.0, 0.0, 90.0, 0.0, 8745.5966796875
0:01:25.208044, 0.0, 0.0, 90.0, 0.0, 8746.306640625
0:01:25.304415, 0.0, 0.0, 90.0, 0.0, 8746.916015625
0:01:25.391665, 0.0, 0.0, 90.0, 0.0, 8747.462890625
0:01:25.508320, 0.0, 0.0, 90.0, 0.0, 8748.1982421875
0:01:25.601385, 0.0, 0.0, 90.0, 0.0, 8748.7822265625
0:01:25.714923, 0.0, 0.0, 90.0, 0.0, 8749.4990234375
0:01:25.799206, 0.0, 0.0, 90.0, 0.0, 8750.0263671875
0:01:25.913725, 0.0, 0.0, 90.0, 0.0, 8750.7490234375
0:01:26.019589, 0.0, 0.0, 90.0, 0.0, 8751.416015625
0:01:26.114842, 0.0, 0.0, 90.0, 0.0, 8752.0126953125
0:01:26.200069, 0.0, 0.0, 90.0, 0.0, 8752.546875
0:01:26.314536, 0.0, 0.0, 90.0, 0.0, 8753.2705078125
0:01:26.424471, 0.0, 0.0, 90.0, 0.0, 8753.9609375
0:01:26.522887, 0.0, 0.0, 90.0, 0.0, 8754.5830078125
0:01:26.608195, 0.0, 0.0, 90.0, 0.0, 8755.1171875
0:01:26.704223, 0.0, 0.0, 90.0, 0.0, 8755.720703125
0:01:26.830946, 0.0, 0.0, 90.0, 0.0, 8756.51953125
0:01:26.916356, 0.0, 0.0, 90.0, 0.0, 8757.0537109375
0:01:27.025538, 0.0, 0.0, 90.0, 0.0, 8757.744140625
0:01:27.135459, 0.0, 0.0, 90.0, 0.0, 8758.435546875
0:01:27.221745, 0.0, 0.0, 90.0, 0.0, 8758.9755859375
0:01:27.334434, 0.0, 0.0, 90.0, 0.0, 8759.6865234375
0:01:27.441317, 0.0, 0.0, 90.0, 0.0, 8760.359375
0:01:27.527579, 0.0, 0.0, 90.0, 0.0, 8760.8994140625
0:01:27.639117, 0.0, 0.0, 90.0, 0.0, 8761.6044921875
0:01:27.722417, 0.0, 0.0, 90.0, 0.0, 8762.1259765625
0:01:27.848128, 0.0, 0.0, 90.0, 0.0, 8762.91796875
0:01:27.916078, 0.0, 0.0, 90.0, 0.0, 8763.345703125
0:01:28.031644, 0.0, 0.0, 90.0, 0.0, 8764.07421875
0:01:28.121934, 0.0, 0.0, 90.0, 0.0, 8764.640625
0:01:28.236454, 0.0, 0.0, 90.0, 0.0, 8765.36328125
0:01:28.333578, 0.0, 0.0, 90.0, 0.0, 8765.97265625
0:01:28.447176, 0.0, 0.0, 90.0, 0.0, 8766.6884765625
0:01:28.542306, 0.0, 0.0, 90.0, 0.0, 8767.28515625
0:01:28.627525, 0.0, 0.0, 90.0, 0.0, 8767.8193359375
0:01:28.740985, 0.0, 0.0, 90.0, 0.0, 8768.53515625
0:01:28.857532, 0.0, 0.0, 90.0, 0.0, 8769.2705078125
0:01:28.939679, 0.0, 0.0, 90.0, 0.0, 8769.7861328125
0:01:29.050267, 0.0, 0.0, 90.0, 0.0, 8770.4833984375
0:01:29.134425, 0.0, 0.0, 90.0, 0.0, 8771.0107421875
0:01:29.257406, 0.0, 0.0, 90.0, 0.0, 8771.7841796875
0:01:29.345601, 0.0, 0.0, 90.0, 0.0, 8772.3369140625
0:01:29.443091, 0.0, 0.0, 90.0, 0.0, 8772.953125
0:01:29.559655, 0.0, 0.0, 90.0, 0.0, 8773.6884765625
0:01:29.651636, 0.0, 0.0, 90.0, 0.0, 8774.265625
0:01:29.737990, 0.0, 0.0, 90.0, 0.0, 8774.806640625
0:01:29.860610, 0.0, 0.0, 90.0, 0.0, 8775.5791015625
0:01:29.949966, 0.0, 0.0, 90.0, 0.0, 8776.1376953125
0:01:30.063404, 0.0, 0.0, 90.0, 0.0, 8776.8544921875
0:01:30.177957, 0.0, 0.0, 90.0, 0.0, 8777.578125
0:01:30.263101, 0.0, 0.0, 90.0, 0.0, 8778.1123046875
0:01:30.350414, 0.0, 0.0, 90.0, 0.0, 8778.6591796875
0:01:30.446750, 0.0, 0.0, 90.0, 0.0, 8779.2685546875
0:01:30.573425, 0.0, 0.0, 90.0, 0.0, 8780.060546875
0:01:30.660708, 0.0, 0.0, 90.0, 0.0, 8780.6142578125
0:01:30.776253, 0.0, 0.0, 90.0, 0.0, 8781.337890625
0:01:30.863524, 0.0, 0.0, 90.0, 0.0, 8781.890625
0:01:30.977131, 0.0, 0.0, 90.0, 0.0, 8782.607421875
0:01:31.083003, 0.0, 0.0, 90.0, 0.0, 8783.2734375
0:01:31.169269, 0.0, 0.0, 90.0, 0.0, 8783.814453125
0:01:31.281245, 0.0, 0.0, 90.0, 0.0, 8784.517578125
0:01:31.376304, 0.0, 0.0, 90.0, 0.0, 8785.1142578125
0:01:31.475458, 0.0, 0.0, 90.0, 0.0, 8785.7431640625
0:01:31.574888, 0.0, 0.0, 90.0, 0.0, 8786.365234375
0:01:31.661116, 0.0, 0.0, 90.0, 0.0, 8786.90625
0:01:31.768971, 0.0, 0.0, 90.0, 0.0, 8787.583984375
0:01:31.885490, 0.0, 0.0, 90.0, 0.0, 8788.3193359375
0:01:31.968653, 0.0, 0.0, 90.0, 0.0, 8788.841796875
0:01:32.081228, 0.0, 0.0, 90.0, 0.0, 8789.5517578125
0:01:32.178271, 0.0, 0.0, 90.0, 0.0, 8790.162109375
0:01:32.275657, 0.0, 0.0, 90.0, 0.0, 8790.7783203125
0:01:32.385549, 0.0, 0.0, 90.0, 0.0, 8791.4697265625
0:01:32.472856, 0.0, 0.0, 90.0, 0.0, 8792.0166015625
0:01:32.586442, 0.0, 0.0, 90.0, 0.0, 8792.7333984375
0:01:32.671623, 0.0, 0.0, 90.0, 0.0, 8793.267578125
0:01:32.767679, 0.0, 0.0, 90.0, 0.0, 8793.87109375
0:01:32.893409, 0.0, 0.0, 90.0, 0.0, 8794.6630859375
0:01:32.979802, 0.0, 0.0, 90.0, 0.0, 8795.2041015625
0:01:33.077088, 0.0, 0.0, 90.0, 0.0, 8795.8193359375
0:01:33.189652, 0.0, 0.0, 90.0, 0.0, 8796.529296875
0:01:33.288271, 0.0, 0.0, 90.0, 0.0, 8797.14453125
0:01:33.398751, 0.0, 0.0, 90.0, 0.0, 8797.8427734375
0:01:33.486017, 0.0, 0.0, 90.0, 0.0, 8798.3896484375
0:01:33.596440, 0.0, 0.0, 90.0, 0.0, 8799.0869140625
0:01:33.682679, 0.0, 0.0, 90.0, 0.0, 8799.626953125
0:01:33.791514, 0.0, 0.0, 90.0, 0.0, 8800.3115234375
0:01:33.906125, 0.0, 0.0, 90.0, 0.0, 8801.0341796875
0:01:33.989272, 0.0, 0.0, 90.0, 0.0, 8801.5556640625
0:01:34.100775, 0.0, 0.0, 90.0, 0.0, 8802.259765625
0:01:34.187017, 0.0, 0.0, 90.0, 0.0, 8802.80078125
0:01:34.307541, 0.0, 0.0, 90.0, 0.0, 8803.560546875
0:01:34.398367, 0.0, 0.0, 90.0, 0.0, 8804.1328125
0:01:34.484599, 0.0, 0.0, 90.0, 0.0, 8804.673828125
0:01:34.597141, 0.0, 0.0, 90.0, 0.0, 8805.3837890625
0:01:34.712724, 0.0, 0.0, 90.0, 0.0, 8806.1064453125
0:01:34.797049, 0.0, 0.0, 90.0, 0.0, 8806.640625
0:01:34.893459, 0.0, 0.0, 90.0, 0.0, 8807.244140625
0:01:35.011118, 0.0, 0.0, 90.0, 0.0, 8807.986328125
0:01:35.106812, 0.0, 0.0, 90.0, 0.0, 8808.58984375
0:01:35.225410, 0.0, 0.0, 90.0, 0.0, 8809.33203125
0:01:35.316506, 0.0, 0.0, 90.0, 0.0, 8809.8974609375
0:01:35.427169, 0.0, 0.0, 90.0, 0.0, 8810.6083984375
0:01:35.526646, 0.0, 0.0, 90.0, 0.0, 8811.2294921875
0:01:35.626920, 0.0, 0.0, 90.0, 0.0, 8811.8583984375
0:01:35.701935, 0.0, 0.0, 90.0, 0.0, 8812.3359375
0:01:35.816456, 0.0, 0.0, 90.0, 0.0, 8813.052734375
0:01:35.916744, 0.0, 0.0, 90.0, 0.0, 8813.6875
0:01:36.004997, 0.0, 0.0, 90.0, 0.0, 8814.2412109375
0:01:36.119485, 0.0, 0.0, 90.0, 0.0, 8814.9638671875
0:01:36.211931, 0.0, 0.0, 90.0, 0.0, 8815.5419921875
0:01:36.308402, 0.0, 0.0, 90.0, 0.0, 8816.1513671875
0:01:36.433946, 0.0, 0.0, 90.0, 0.0, 8816.9365234375
0:01:36.521182, 0.0, 0.0, 90.0, 0.0, 8817.4892578125
0:01:36.633714, 0.0, 0.0, 90.0, 0.0, 8818.193359375
0:01:36.720991, 0.0, 0.0, 90.0, 0.0, 8818.74609375
0:01:36.837464, 0.0, 0.0, 90.0, 0.0, 8819.4755859375
0:01:36.924734, 0.0, 0.0, 90.0, 0.0, 8820.0283203125
0:01:37.031588, 0.0, 0.0, 90.0, 0.0, 8820.701171875
0:01:37.145179, 0.0, 0.0, 90.0, 0.0, 8821.412109375
0:01:37.252039, 0.0, 0.0, 90.0, 0.0, 8822.0849609375
0:01:37.349069, 0.0, 0.0, 90.0, 0.0, 8822.6943359375
0:01:37.448167, 0.0, 0.0, 90.0, 0.0, 8823.3232421875
0:01:37.527764, 0.0, 0.0, 90.0, 0.0, 8823.8193359375
0:01:37.638607, 0.0, 0.0, 90.0, 0.0, 8824.5166015625
0:01:37.738505, 0.0, 0.0, 90.0, 0.0, 8825.1455078125
0:01:37.836017, 0.0, 0.0, 90.0, 0.0, 8825.76171875
0:01:37.951870, 0.0, 0.0, 90.0, 0.0, 8826.4912109375
0:01:38.048747, 0.0, 0.0, 90.0, 0.0, 8827.1015625
0:01:38.138881, 0.0, 0.0, 90.0, 0.0, 8827.666015625
0:01:38.239045, 0.0, 0.0, 90.0, 0.0, 8828.294921875
0:01:38.355726, 0.0, 0.0, 90.0, 0.0, 8829.0302734375
0:01:38.444035, 0.0, 0.0, 90.0, 0.0, 8829.5888671875
0:01:38.557617, 0.0, 0.0, 90.0, 0.0, 8830.298828125
0:01:38.643870, 0.0, 0.0, 90.0, 0.0, 8830.845703125
0:01:38.759582, 0.0, 0.0, 90.0, 0.0, 8831.5693359375
0:01:38.849774, 0.0, 0.0, 90.0, 0.0, 8832.1416015625
0:01:38.948610, 0.0, 0.0, 90.0, 0.0, 8832.7646484375
0:01:39.069387, 0.0, 0.0, 90.0, 0.0, 8833.525390625
0:01:39.150094, 0.0, 0.0, 90.0, 0.0, 8834.0283203125
0:01:39.257883, 0.0, 0.0, 90.0, 0.0, 8834.70703125
0:01:39.351485, 0.0, 0.0, 90.0, 0.0, 8835.2978515625
0:01:39.478231, 0.0, 0.0, 90.0, 0.0, 8836.095703125
0:01:39.555851, 0.0, 0.0, 90.0, 0.0, 8836.580078125
0:01:39.662673, 0.0, 0.0, 90.0, 0.0, 8837.25390625
0:01:39.775015, 0.0, 0.0, 90.0, 0.0, 8837.9638671875
0:01:39.858189, 0.0, 0.0, 90.0, 0.0, 8838.486328125
0:01:39.964072, 0.0, 0.0, 90.0, 0.0, 8839.15234375
0:01:40.061225, 0.0, 0.0, 90.0, 0.0, 8839.76171875
0:01:40.185606, 0.0, 0.0, 90.0, 0.0, 8840.5478515625
0:01:40.271830, 0.0, 0.0, 90.0, 0.0, 8841.087890625
0:01:40.369003, 0.0, 0.0, 90.0, 0.0, 8841.697265625
0:01:40.480865, 0.0, 0.0, 90.0, 0.0, 8842.40234375
0:01:40.589392, 0.0, 0.0, 90.0, 0.0, 8843.087890625
0:01:40.671011, 0.0, 0.0, 90.0, 0.0, 8843.6025390625
0:01:40.789508, 0.0, 0.0, 90.0, 0.0, 8844.3447265625
0:01:40.876774, 0.0, 0.0, 90.0, 0.0, 8844.8984375
0:01:40.984678, 0.0, 0.0, 90.0, 0.0, 8845.5771484375
0:01:41.194412, 0.0, 0.0, 90.0, 0.0, 8846.896484375
0:01:41.279591, 0.0, 0.0, 90.0, 0.0, 8847.4306640625
0:01:41.379132, 0.0, 0.0, 90.0, 0.0, 8848.0595703125
0:01:41.472753, 0.0, 0.0, 90.0, 0.0, 8848.64453125
0:01:41.581618, 0.0, 0.0, 90.0, 0.0, 8849.3291015625
0:01:41.691508, 0.0, 0.0, 90.0, 0.0, 8850.0205078125
0:01:41.772178, 0.0, 0.0, 90.0, 0.0, 8850.529296875
0:01:41.894608, 0.0, 0.0, 90.0, 0.0, 8851.294921875
0:01:41.981475, 0.0, 0.0, 90.0, 0.0, 8851.8486328125
0:01:42.102261, 0.0, 0.0, 90.0, 0.0, 8852.609375
0:01:42.188491, 0.0, 0.0, 90.0, 0.0, 8853.150390625
0:01:42.288847, 0.0, 0.0, 90.0, 0.0, 8853.779296875
0:01:42.395716, 0.0, 0.0, 90.0, 0.0, 8854.4521484375
0:01:42.479910, 0.0, 0.0, 90.0, 0.0, 8854.986328125
0:01:42.609393, 0.0, 0.0, 90.0, 0.0, 8855.796875
0:01:42.694632, 0.0, 0.0, 90.0, 0.0, 8856.3369140625
0:01:42.815234, 0.0, 0.0, 90.0, 0.0, 8857.0908203125
0:01:42.896808, 0.0, 0.0, 90.0, 0.0, 8857.6064453125
0:01:43.009369, 0.0, 0.0, 90.0, 0.0, 8858.3173828125
0:01:43.097523, 0.0, 0.0, 90.0, 0.0, 8858.8701171875
0:01:43.211111, 0.0, 0.0, 90.0, 0.0, 8859.5859375
0:01:43.302516, 0.0, 0.0, 90.0, 0.0, 8860.1572265625
0:01:43.411409, 0.0, 0.0, 90.0, 0.0, 8860.841796875
0:01:43.510241, 0.0, 0.0, 90.0, 0.0, 8861.4638671875
0:01:43.605053, 0.0, 0.0, 90.0, 0.0, 8862.0615234375
0:01:43.719625, 0.0, 0.0, 90.0, 0.0, 8862.7841796875
0:01:43.809885, 0.0, 0.0, 90.0, 0.0, 8863.349609375
0:01:43.926407, 0.0, 0.0, 90.0, 0.0, 8864.083984375
0:01:44.010583, 0.0, 0.0, 90.0, 0.0, 8864.6123046875
0:01:44.128297, 0.0, 0.0, 90.0, 0.0, 8865.353515625
0:01:44.217549, 0.0, 0.0, 90.0, 0.0, 8865.912109375
0:01:44.304716, 0.0, 0.0, 90.0, 0.0, 8866.46484375
0:01:44.401858, 0.0, 0.0, 90.0, 0.0, 8867.07421875
0:01:44.527221, 0.0, 0.0, 90.0, 0.0, 8867.8603515625
0:01:44.605790, 0.0, 0.0, 90.0, 0.0, 8868.357421875
0:01:44.709621, 0.0, 0.0, 90.0, 0.0, 8869.0107421875
0:01:44.821235, 0.0, 0.0, 90.0, 0.0, 8869.708984375
0:01:44.911567, 0.0, 0.0, 90.0, 0.0, 8870.2802734375
0:01:45.019415, 0.0, 0.0, 90.0, 0.0, 8870.958984375
0:01:45.135031, 0.0, 0.0, 90.0, 0.0, 8871.6875
0:01:45.222236, 0.0, 0.0, 90.0, 0.0, 8872.2353515625
0:01:45.327074, 0.0, 0.0, 90.0, 0.0, 8872.896484375
0:01:45.412403, 0.0, 0.0, 90.0, 0.0, 8873.4306640625
0:01:45.529795, 0.0, 0.0, 90.0, 0.0, 8874.171875
0:01:45.633207, 0.0, 0.0, 90.0, 0.0, 8874.8203125
0:01:45.741999, 0.0, 0.0, 90.0, 0.0, 8875.505859375
0:01:45.830299, 0.0, 0.0, 90.0, 0.0, 8876.064453125
0:01:45.917527, 0.0, 0.0, 90.0, 0.0, 8876.611328125
0:01:46.030114, 0.0, 0.0, 90.0, 0.0, 8877.322265625
0:01:46.144627, 0.0, 0.0, 90.0, 0.0, 8878.0380859375
0:01:46.250556, 0.0, 0.0, 90.0, 0.0, 8878.7041015625
0:01:46.330136, 0.0, 0.0, 90.0, 0.0, 8879.2060546875
0:01:46.442664, 0.0, 0.0, 90.0, 0.0, 8879.9169921875
0:01:46.527851, 0.0, 0.0, 90.0, 0.0, 8880.451171875
0:01:46.634775, 0.0, 0.0, 90.0, 0.0, 8881.1240234375
0:01:46.750287, 0.0, 0.0, 90.0, 0.0, 8881.853515625
0:01:46.837665, 0.0, 0.0, 90.0, 0.0, 8882.400390625
0:01:46.951254, 0.0, 0.0, 90.0, 0.0, 8883.1162109375
0:01:47.051122, 0.0, 0.0, 90.0, 0.0, 8883.744140625
0:01:47.152538, 0.0, 0.0, 90.0, 0.0, 8884.3798828125
0:01:47.251632, 0.0, 0.0, 90.0, 0.0, 8885.0087890625
0:01:47.343699, 0.0, 0.0, 90.0, 0.0, 8885.5869140625
0:01:47.459420, 0.0, 0.0, 90.0, 0.0, 8886.31640625
0:01:47.547730, 0.0, 0.0, 90.0, 0.0, 8886.869140625
0:01:47.662280, 0.0, 0.0, 90.0, 0.0, 8887.591796875
0:01:47.746445, 0.0, 0.0, 90.0, 0.0, 8888.119140625
0:01:47.862151, 0.0, 0.0, 90.0, 0.0, 8888.84765625
0:01:47.961521, 0.0, 0.0, 90.0, 0.0, 8889.470703125
0:01:48.048877, 0.0, 0.0, 90.0, 0.0, 8890.0234375
0:01:48.162341, 0.0, 0.0, 90.0, 0.0, 8890.7333984375
0:01:48.261562, 0.0, 0.0, 90.0, 0.0, 8891.3623046875
0:01:48.345772, 0.0, 0.0, 90.0, 0.0, 8891.890625
0:01:48.459293, 0.0, 0.0, 90.0, 0.0, 8892.6064453125
0:01:48.565189, 0.0, 0.0, 90.0, 0.0, 8893.2724609375
0:01:48.652424, 0.0, 0.0, 90.0, 0.0, 8893.8193359375
0:01:48.773444, 0.0, 0.0, 90.0, 0.0, 8894.580078125
0:01:48.871844, 0.0, 0.0, 90.0, 0.0, 8895.2021484375
0:01:48.961126, 0.0, 0.0, 90.0, 0.0, 8895.76171875
0:01:49.055871, 0.0, 0.0, 90.0, 0.0, 8896.359375
0:01:49.168420, 0.0, 0.0, 90.0, 0.0, 8897.0693359375
0:01:49.283071, 0.0, 0.0, 90.0, 0.0, 8897.787109375
0:01:49.368263, 0.0, 0.0, 90.0, 0.0, 8898.328125
0:01:49.483792, 0.0, 0.0, 90.0, 0.0, 8899.05078125
0:01:49.583050, 0.0, 0.0, 90.0, 0.0, 8899.673828125
0:01:49.682008, 0.0, 0.0, 90.0, 0.0, 8900.302734375
0:01:49.771331, 0.0, 0.0, 90.0, 0.0, 8900.8623046875
0:01:49.884911, 0.0, 0.0, 90.0, 0.0, 8901.5791015625
0:01:49.992961, 0.0, 0.0, 90.0, 0.0, 8902.2578125
0:01:50.101966, 0.0, 0.0, 90.0, 0.0, 8902.943359375
0:01:50.172966, 0.0, 0.0, 90.0, 0.0, 8903.3896484375
0:01:50.293130, 0.0, 0.0, 90.0, 0.0, 8904.14453125
0:01:50.394516, 0.0, 0.0, 90.0, 0.0, 8904.78515625
0:01:50.479742, 0.0, 0.0, 90.0, 0.0, 8905.3193359375
0:01:50.593164, 0.0, 0.0, 90.0, 0.0, 8906.0361328125
0:01:50.688935, 0.0, 0.0, 90.0, 0.0, 8906.6396484375
0:01:50.807156, 0.0, 0.0, 90.0, 0.0, 8907.375
0:01:50.897172, 0.0, 0.0, 90.0, 0.0, 8907.947265625
0:01:50.992488, 0.0, 0.0, 90.0, 0.0, 8908.55078125
0:01:51.107060, 0.0, 0.0, 90.0, 0.0, 8909.267578125
0:01:51.204055, 0.0, 0.0, 90.0, 0.0, 8909.8828125
0:01:51.295887, 0.0, 0.0, 90.0, 0.0, 8910.455078125
0:01:51.413442, 0.0, 0.0, 90.0, 0.0, 8911.197265625
0:01:51.500719, 0.0, 0.0, 90.0, 0.0, 8911.744140625
0:01:51.615310, 0.0, 0.0, 90.0, 0.0, 8912.466796875
0:01:51.707366, 0.0, 0.0, 90.0, 0.0, 8913.044921875
0:01:51.802719, 0.0, 0.0, 90.0, 0.0, 8913.6484375
0:01:51.906596, 0.0, 0.0, 90.0, 0.0, 8914.3017578125
0:01:52.003337, 0.0, 0.0, 90.0, 0.0, 8914.912109375
0:01:52.125198, 0.0, 0.0, 90.0, 0.0, 8915.6728515625
0:01:52.223286, 0.0, 0.0, 90.0, 0.0, 8916.2958984375
0:01:52.333761, 0.0, 0.0, 90.0, 0.0, 8916.9873046875
0:01:52.416018, 0.0, 0.0, 90.0, 0.0, 8917.5087890625
0:01:52.527603, 0.0, 0.0, 90.0, 0.0, 8918.20703125
0:01:52.614871, 0.0, 0.0, 90.0, 0.0, 8918.759765625
0:01:52.726496, 0.0, 0.0, 90.0, 0.0, 8919.45703125
0:01:52.813711, 0.0, 0.0, 90.0, 0.0, 8920.009765625
0:01:52.923751, 0.0, 0.0, 90.0, 0.0, 8920.701171875
0:01:53.005163, 0.0, 0.0, 90.0, 0.0, 8921.2158203125
0:01:53.122740, 0.0, 0.0, 90.0, 0.0, 8921.951171875
0:01:53.236300, 0.0, 0.0, 90.0, 0.0, 8922.66796875
0:01:53.323603, 0.0, 0.0, 90.0, 0.0, 8923.21484375
0:01:53.437156, 0.0, 0.0, 90.0, 0.0, 8923.931640625
0:01:53.533161, 0.0, 0.0, 90.0, 0.0, 8924.5341796875
0:01:53.635511, 0.0, 0.0, 90.0, 0.0, 8925.181640625
0:01:53.718766, 0.0, 0.0, 90.0, 0.0, 8925.703125
0:01:53.814757, 0.0, 0.0, 90.0, 0.0, 8926.306640625
0:01:53.927226, 0.0, 0.0, 90.0, 0.0, 8927.0107421875
0:01:54.031233, 0.0, 0.0, 90.0, 0.0, 8927.669921875
0:01:54.144947, 0.0, 0.0, 90.0, 0.0, 8928.3798828125
0:01:54.252486, 0.0, 0.0, 90.0, 0.0, 8929.05859375
0:01:54.342737, 0.0, 0.0, 90.0, 0.0, 8929.6298828125
0:01:54.438088, 0.0, 0.0, 90.0, 0.0, 8930.2265625
0:01:54.533468, 0.0, 0.0, 90.0, 0.0, 8930.8232421875
0:01:54.648370, 0.0, 0.0, 90.0, 0.0, 8931.5458984375
0:01:54.745608, 0.0, 0.0, 90.0, 0.0, 8932.1611328125
0:01:54.838113, 0.0, 0.0, 90.0, 0.0, 8932.7392578125
0:01:54.963104, 0.0, 0.0, 90.0, 0.0, 8933.5244140625
0:01:55.045959, 0.0, 0.0, 90.0, 0.0, 8934.052734375
0:01:55.159479, 0.0, 0.0, 90.0, 0.0, 8934.7626953125
0:01:55.253534, 0.0, 0.0, 90.0, 0.0, 8935.353515625
0:01:55.347393, 0.0, 0.0, 90.0, 0.0, 8935.9453125
0:01:55.457223, 0.0, 0.0, 90.0, 0.0, 8936.6376953125
0:01:55.568748, 0.0, 0.0, 90.0, 0.0, 8937.3427734375
0:01:55.664148, 0.0, 0.0, 90.0, 0.0, 8937.9404296875
0:01:55.761058, 0.0, 0.0, 90.0, 0.0, 8938.5498046875
0:01:55.847004, 0.0, 0.0, 90.0, 0.0, 8939.0966796875
0:01:55.958624, 0.0, 0.0, 90.0, 0.0, 8939.7939453125
0:01:56.069477, 0.0, 0.0, 90.0, 0.0, 8940.4912109375
0:01:56.156466, 0.0, 0.0, 90.0, 0.0, 8941.0380859375
