Time, Frequency, Amplitude, Offset, PhaseShift, Phase
0:00:00.092709, 0.0, 0.0, 90.0, 0.0, 8210.7666015625
0:00:00.201531, 0.0, 0.0, 90.0, 0.0, 8211.451171875
0:00:00.285826, 0.0, 0.0, 90.0, 0.0, 8211.978515625
0:00:00.391330, 0.0, 0.0, 90.0, 0.0, 8212.64453125
0:00:00.499331, 0.0, 0.0, 90.0, 0.0, 8213.32421875
0:00:00.595628, 0.0, 0.0, 90.0, 0.0, 8213.9267578125
0:00:00.704599, 0.0, 0.0, 90.0, 0.0, 8214.611328125
0:00:00.789852, 0.0, 0.0, 90.0, 0.0, 8215.1513671875
0:00:00.899584, 0.0, 0.0, 90.0, 0.0, 8215.8359375
0:00:01.016176, 0.0, 0.0, 90.0, 0.0, 8216.5712890625
0:00:01.097787, 0.0, 0.0, 90.0, 0.0, 8217.0869140625
0:00:01.211383, 0.0, 0.0, 90.0, 0.0, 8217.8037109375
0:00:01.295599, 0.0, 0.0, 90.0, 0.0, 8218.33203125
0:00:01.412196, 0.0, 0.0, 90.0, 0.0, 8219.0673828125
0:00:01.497473, 0.0, 0.0, 90.0, 0.0, 8219.6015625
0:00:01.623169, 0.0, 0.0, 90.0, 0.0, 8220.3935546875
0:00:01.709463, 0.0, 0.0, 90.0, 0.0, 8220.9345703125
0:00:01.804559, 0.0, 0.0, 90.0, 0.0, 8221.53125
0:00:01.916110, 0.0, 0.0, 90.0, 0.0, 8222.2353515625
0:00:02.022872, 0.0, 0.0, 90.0, 0.0, 8222.908203125
0:00:02.108179, 0.0, 0.0, 90.0, 0.0, 8223.4423828125
0:00:02.205679, 0.0, 0.0, 90.0, 0.0, 8224.0576171875
0:00:02.320303, 0.0, 0.0, 90.0, 0.0, 8224.7802734375
0:00:02.417749, 0.0, 0.0, 90.0, 0.0, 8225.3896484375
0:00:02.515296, 0.0, 0.0, 90.0, 0.0, 8226.005859375
0:00:02.607959, 0.0, 0.0, 90.0, 0.0, 8226.5908203125
0:00:02.722486, 0.0, 0.0, 90.0, 0.0, 8227.3076171875
0:00:02.807820, 0.0, 0.0, 90.0, 0.0, 8227.8486328125
0:00:02.917693, 0.0, 0.0, 90.0, 0.0, 8228.5400390625
0:00:03.026866, 0.0, 0.0, 90.0, 0.0, 8229.2255859375
0:00:03.126620, 0.0, 0.0, 90.0, 0.0, 8229.8544921875
0:00:03.219726, 0.0, 0.0, 90.0, 0.0, 8230.4384765625
0:00:03.335322, 0.0, 0.0, 90.0, 0.0, 8231.1669921875
0:00:03.415869, 0.0, 0.0, 90.0, 0.0, 8231.6689453125
0:00:03.528488, 0.0, 0.0, 90.0, 0.0, 8232.3779296875
0:00:03.638950, 0.0, 0.0, 90.0, 0.0, 8233.076171875
0:00:03.720609, 0.0, 0.0, 90.0, 0.0, 8233.5859375
0:00:03.834155, 0.0, 0.0, 90.0, 0.0, 8234.302734375
0:00:03.919423, 0.0, 0.0, 90.0, 0.0, 8234.8369140625
0:00:04.046125, 0.0, 0.0, 90.0, 0.0, 8235.6357421875
0:00:04.143578, 0.0, 0.0, 90.0, 0.0, 8236.251953125
0:00:04.225169, 0.0, 0.0, 90.0, 0.0, 8236.767578125
0:00:04.321495, 0.0, 0.0, 90.0, 0.0, 8237.37109375
0:00:04.438494, 0.0, 0.0, 90.0, 0.0, 8238.10546875
0:00:04.521704, 0.0, 0.0, 90.0, 0.0, 8238.626953125
0:00:04.647599, 0.0, 0.0, 90.0, 0.0, 8239.4189453125
0:00:04.733820, 0.0, 0.0, 90.0, 0.0, 8239.966796875
0:00:04.839671, 0.0, 0.0, 90.0, 0.0, 8240.6337890625
0:00:04.936835, 0.0, 0.0, 90.0, 0.0, 8241.244140625
0:00:05.048346, 0.0, 0.0, 90.0, 0.0, 8241.9482421875
0:00:05.130343, 0.0, 0.0, 90.0, 0.0, 8242.4638671875
0:00:05.252981, 0.0, 0.0, 90.0, 0.0, 8243.23046875
0:00:05.339351, 0.0, 0.0, 90.0, 0.0, 8243.77734375
0:00:05.455887, 0.0, 0.0, 90.0, 0.0, 8244.5126953125
0:00:05.541255, 0.0, 0.0, 90.0, 0.0, 8245.046875
0:00:05.654709, 0.0, 0.0, 90.0, 0.0, 8245.763671875
0:00:05.744031, 0.0, 0.0, 90.0, 0.0, 8246.3232421875
0:00:05.856516, 0.0, 0.0, 90.0, 0.0, 8247.033203125
0:00:05.940757, 0.0, 0.0, 90.0, 0.0, 8247.5615234375
0:00:06.056330, 0.0, 0.0, 90.0, 0.0, 8248.291015625
0:00:06.143609, 0.0, 0.0, 90.0, 0.0, 8248.837890625
0:00:06.257202, 0.0, 0.0, 90.0, 0.0, 8249.5546875
0:00:06.350408, 0.0, 0.0, 90.0, 0.0, 8250.1396484375
0:00:06.462823, 0.0, 0.0, 90.0, 0.0, 8250.8505859375
0:00:06.547995, 0.0, 0.0, 90.0, 0.0, 8251.3837890625
0:00:06.643844, 0.0, 0.0, 90.0, 0.0, 8251.9873046875
0:00:06.759413, 0.0, 0.0, 90.0, 0.0, 8252.7158203125
0:00:06.856773, 0.0, 0.0, 90.0, 0.0, 8253.3251953125
0:00:06.967641, 0.0, 0.0, 90.0, 0.0, 8254.0224609375
0:00:07.050239, 0.0, 0.0, 90.0, 0.0, 8254.5439453125
0:00:07.147615, 0.0, 0.0, 90.0, 0.0, 8255.1533203125
0:00:07.249843, 0.0, 0.0, 90.0, 0.0, 8255.794921875
0:00:07.365369, 0.0, 0.0, 90.0, 0.0, 8256.5244140625
0:00:07.452625, 0.0, 0.0, 90.0, 0.0, 8257.072265625
0:00:07.565023, 0.0, 0.0, 90.0, 0.0, 8257.7822265625
0:00:07.671991, 0.0, 0.0, 90.0, 0.0, 8258.455078125
0:00:07.756985, 0.0, 0.0, 90.0, 0.0, 8258.990234375
0:00:07.858191, 0.0, 0.0, 90.0, 0.0, 8259.6259765625
0:00:07.977930, 0.0, 0.0, 90.0, 0.0, 8260.380859375
0:00:08.077086, 0.0, 0.0, 90.0, 0.0, 8261.009765625
0:00:08.169761, 0.0, 0.0, 90.0, 0.0, 8261.587890625
0:00:08.278605, 0.0, 0.0, 90.0, 0.0, 8262.2724609375
0:00:08.376386, 0.0, 0.0, 90.0, 0.0, 8262.888671875
0:00:08.476918, 0.0, 0.0, 90.0, 0.0, 8263.5234375
0:00:08.586854, 0.0, 0.0, 90.0, 0.0, 8264.2158203125
0:00:08.674172, 0.0, 0.0, 90.0, 0.0, 8264.7626953125
0:00:08.787679, 0.0, 0.0, 90.0, 0.0, 8265.4794921875
0:00:08.873851, 0.0, 0.0, 90.0, 0.0, 8266.0205078125
0:00:08.987369, 0.0, 0.0, 90.0, 0.0, 8266.736328125
0:00:09.075679, 0.0, 0.0, 90.0, 0.0, 8267.2900390625
0:00:09.184539, 0.0, 0.0, 90.0, 0.0, 8267.9755859375
0:00:09.290449, 0.0, 0.0, 90.0, 0.0, 8268.642578125
0:00:09.373721, 0.0, 0.0, 90.0, 0.0, 8269.1708984375
0:00:09.488234, 0.0, 0.0, 90.0, 0.0, 8269.88671875
0:00:09.580622, 0.0, 0.0, 90.0, 0.0, 8270.4716796875
0:00:09.674942, 0.0, 0.0, 90.0, 0.0, 8271.0625
0:00:09.783905, 0.0, 0.0, 90.0, 0.0, 8271.7470703125
0:00:09.898415, 0.0, 0.0, 90.0, 0.0, 8272.4697265625
0:00:09.998523, 0.0, 0.0, 90.0, 0.0, 8273.0986328125
0:00:10.092950, 0.0, 0.0, 90.0, 0.0, 8273.6962890625
0:00:10.198821, 0.0, 0.0, 90.0, 0.0, 8274.3623046875
0:00:10.283073, 0.0, 0.0, 90.0, 0.0, 8274.890625
0:00:10.392608, 0.0, 0.0, 90.0, 0.0, 8275.58203125
0:00:10.503091, 0.0, 0.0, 90.0, 0.0, 8276.2734375
0:00:10.588306, 0.0, 0.0, 90.0, 0.0, 8276.814453125
0:00:10.689723, 0.0, 0.0, 90.0, 0.0, 8277.44921875
0:00:10.788810, 0.0, 0.0, 90.0, 0.0, 8278.0712890625
0:00:10.908386, 0.0, 0.0, 90.0, 0.0, 8278.8251953125
0:00:10.997705, 0.0, 0.0, 90.0, 0.0, 8279.3837890625
0:00:11.112199, 0.0, 0.0, 90.0, 0.0, 8280.1064453125
0:00:11.192708, 0.0, 0.0, 90.0, 0.0, 8280.615234375
0:00:11.308286, 0.0, 0.0, 90.0, 0.0, 8281.3388671875
0:00:11.398577, 0.0, 0.0, 90.0, 0.0, 8281.91015625
0:00:11.515039, 0.0, 0.0, 90.0, 0.0, 8282.6396484375
0:00:11.598415, 0.0, 0.0, 90.0, 0.0, 8283.1669921875
0:00:11.698404, 0.0, 0.0, 90.0, 0.0, 8283.794921875
0:00:11.822242, 0.0, 0.0, 90.0, 0.0, 8284.57421875
0:00:11.920680, 0.0, 0.0, 90.0, 0.0, 8285.189453125
0:00:12.019684, 0.0, 0.0, 90.0, 0.0, 8285.8115234375
0:00:12.120035, 0.0, 0.0, 90.0, 0.0, 8286.4462890625
0:00:12.209571, 0.0, 0.0, 90.0, 0.0, 8287.01171875
0:00:12.325060, 0.0, 0.0, 90.0, 0.0, 8287.7333984375
0:00:12.411436, 0.0, 0.0, 90.0, 0.0, 8288.2802734375
0:00:12.526924, 0.0, 0.0, 90.0, 0.0, 8289.00390625
0:00:12.614312, 0.0, 0.0, 90.0, 0.0, 8289.556640625
0:00:12.729893, 0.0, 0.0, 90.0, 0.0, 8290.279296875
0:00:12.829058, 0.0, 0.0, 90.0, 0.0, 8290.908203125
0:00:12.914440, 0.0, 0.0, 90.0, 0.0, 8291.4423828125
0:00:13.011703, 0.0, 0.0, 90.0, 0.0, 8292.0517578125
0:00:13.136419, 0.0, 0.0, 90.0, 0.0, 8292.837890625
0:00:13.223696, 0.0, 0.0, 90.0, 0.0, 8293.390625
0:00:13.320275, 0.0, 0.0, 90.0, 0.0, 8293.9931640625
0:00:13.430739, 0.0, 0.0, 90.0, 0.0, 8294.6904296875
0:00:13.540600, 0.0, 0.0, 90.0, 0.0, 8295.380859375
0:00:13.639430, 0.0, 0.0, 90.0, 0.0, 8296.00390625
0:00:13.738522, 0.0, 0.0, 90.0, 0.0, 8296.6259765625
0:00:13.824802, 0.0, 0.0, 90.0, 0.0, 8297.1728515625
0:00:13.932658, 0.0, 0.0, 90.0, 0.0, 8297.8515625
0:00:14.019964, 0.0, 0.0, 90.0, 0.0, 8298.3984375
0:00:14.135614, 0.0, 0.0, 90.0, 0.0, 8299.1279296875
0:00:14.222850, 0.0, 0.0, 90.0, 0.0, 8299.6748046875
0:00:14.331703, 0.0, 0.0, 90.0, 0.0, 8300.359375
0:00:14.443323, 0.0, 0.0, 90.0, 0.0, 8301.0634765625
0:00:14.540764, 0.0, 0.0, 90.0, 0.0, 8301.6728515625
0:00:14.651202, 0.0, 0.0, 90.0, 0.0, 8302.3701171875
0:00:14.739429, 0.0, 0.0, 90.0, 0.0, 8302.923828125
0:00:14.827735, 0.0, 0.0, 90.0, 0.0, 8303.4833984375
0:00:14.940248, 0.0, 0.0, 90.0, 0.0, 8304.1875
0:00:15.051133, 0.0, 0.0, 90.0, 0.0, 8304.8857421875
0:00:15.136353, 0.0, 0.0, 90.0, 0.0, 8305.419921875
0:00:15.249632, 0.0, 0.0, 90.0, 0.0, 8306.13671875
0:00:15.337861, 0.0, 0.0, 90.0, 0.0, 8306.6904296875
0:00:15.453355, 0.0, 0.0, 90.0, 0.0, 8307.4189453125
0:00:15.560348, 0.0, 0.0, 90.0, 0.0, 8308.091796875
0:00:15.649619, 0.0, 0.0, 90.0, 0.0, 8308.6513671875
0:00:15.739859, 0.0, 0.0, 90.0, 0.0, 8309.22265625
0:00:15.853438, 0.0, 0.0, 90.0, 0.0, 8309.93359375
0:00:15.940630, 0.0, 0.0, 90.0, 0.0, 8310.486328125
0:00:16.060153, 0.0, 0.0, 90.0, 0.0, 8311.234375
0:00:16.146448, 0.0, 0.0, 90.0, 0.0, 8311.78125
0:00:16.254471, 0.0, 0.0, 90.0, 0.0, 8312.4609375
0:00:16.350279, 0.0, 0.0, 90.0, 0.0, 8313.064453125
0:00:16.460230, 0.0, 0.0, 90.0, 0.0, 8313.755859375
0:00:16.547584, 0.0, 0.0, 90.0, 0.0, 8314.302734375
0:00:16.661109, 0.0, 0.0, 90.0, 0.0, 8315.01953125
0:00:16.773634, 0.0, 0.0, 90.0, 0.0, 8315.7294921875
0:00:16.855928, 0.0, 0.0, 90.0, 0.0, 8316.244140625
0:00:16.970465, 0.0, 0.0, 90.0, 0.0, 8316.966796875
0:00:17.054739, 0.0, 0.0, 90.0, 0.0, 8317.494140625
0:00:17.176347, 0.0, 0.0, 90.0, 0.0, 8318.2607421875
0:00:17.257101, 0.0, 0.0, 90.0, 0.0, 8318.763671875
0:00:17.370620, 0.0, 0.0, 90.0, 0.0, 8319.48046875
0:00:17.470987, 0.0, 0.0, 90.0, 0.0, 8320.115234375
0:00:17.574083, 0.0, 0.0, 90.0, 0.0, 8320.7626953125
0:00:17.671495, 0.0, 0.0, 90.0, 0.0, 8321.3720703125
0:00:17.780335, 0.0, 0.0, 90.0, 0.0, 8322.056640625
0:00:17.867721, 0.0, 0.0, 90.0, 0.0, 8322.609375
0:00:17.977063, 0.0, 0.0, 90.0, 0.0, 8323.2939453125
0:00:18.064356, 0.0, 0.0, 90.0, 0.0, 8323.84765625
0:00:18.179819, 0.0, 0.0, 90.0, 0.0, 8324.5703125
0:00:18.277154, 0.0, 0.0, 90.0, 0.0, 8325.1865234375
0:00:18.393762, 0.0, 0.0, 90.0, 0.0, 8325.9150390625
0:00:18.488875, 0.0, 0.0, 90.0, 0.0, 8326.51171875
0:00:18.576063, 0.0, 0.0, 90.0, 0.0, 8327.064453125
0:00:18.688624, 0.0, 0.0, 90.0, 0.0, 8327.767578125
0:00:18.772805, 0.0, 0.0, 90.0, 0.0, 8328.3017578125
0:00:18.880658, 0.0, 0.0, 90.0, 0.0, 8328.9814453125
0:00:18.995812, 0.0, 0.0, 90.0, 0.0, 8329.7041015625
0:00:19.083029, 0.0, 0.0, 90.0, 0.0, 8330.2509765625
0:00:19.182094, 0.0, 0.0, 90.0, 0.0, 8330.8798828125
0:00:19.285369, 0.0, 0.0, 90.0, 0.0, 8331.52734375
0:00:19.401855, 0.0, 0.0, 90.0, 0.0, 8332.263671875
0:00:19.488153, 0.0, 0.0, 90.0, 0.0, 8332.8046875
0:00:19.594008, 0.0, 0.0, 90.0, 0.0, 8333.470703125
0:00:19.692241, 0.0, 0.0, 90.0, 0.0, 8334.0859375
0:00:19.802656, 0.0, 0.0, 90.0, 0.0, 8334.783203125
0:00:19.890869, 0.0, 0.0, 90.0, 0.0, 8335.3359375
0:00:20.007353, 0.0, 0.0, 90.0, 0.0, 8336.0712890625
0:00:20.087953, 0.0, 0.0, 90.0, 0.0, 8336.5751953125
0:00:20.201504, 0.0, 0.0, 90.0, 0.0, 8337.2919921875
0:00:20.299049, 0.0, 0.0, 90.0, 0.0, 8337.908203125
0:00:20.406908, 0.0, 0.0, 90.0, 0.0, 8338.587890625
0:00:20.515763, 0.0, 0.0, 90.0, 0.0, 8339.2734375
0:00:20.601948, 0.0, 0.0, 90.0, 0.0, 8339.8134765625
0:00:20.700170, 0.0, 0.0, 90.0, 0.0, 8340.4296875
0:00:20.813669, 0.0, 0.0, 90.0, 0.0, 8341.146484375
0:00:20.898942, 0.0, 0.0, 90.0, 0.0, 8341.6806640625
0:00:21.012496, 0.0, 0.0, 90.0, 0.0, 8342.3974609375
0:00:21.097742, 0.0, 0.0, 90.0, 0.0, 8342.931640625
0:00:21.212299, 0.0, 0.0, 90.0, 0.0, 8343.6552734375
0:00:21.322148, 0.0, 0.0, 90.0, 0.0, 8344.345703125
0:00:21.413798, 0.0, 0.0, 90.0, 0.0, 8344.923828125
0:00:21.523774, 0.0, 0.0, 90.0, 0.0, 8345.615234375
0:00:21.619788, 0.0, 0.0, 90.0, 0.0, 8346.21875
0:00:21.726660, 0.0, 0.0, 90.0, 0.0, 8346.8916015625
0:00:21.821759, 0.0, 0.0, 90.0, 0.0, 8347.48828125
0:00:21.907062, 0.0, 0.0, 90.0, 0.0, 8348.0224609375
0:00:22.021547, 0.0, 0.0, 90.0, 0.0, 8348.7451171875
0:00:22.112950, 0.0, 0.0, 90.0, 0.0, 8349.32421875
0:00:22.231496, 0.0, 0.0, 90.0, 0.0, 8350.0654296875
0:00:22.316793, 0.0, 0.0, 90.0, 0.0, 8350.6064453125
0:00:22.412798, 0.0, 0.0, 90.0, 0.0, 8351.208984375
0:00:22.541863, 0.0, 0.0, 90.0, 0.0, 8352.01953125
0:00:22.629139, 0.0, 0.0, 90.0, 0.0, 8352.56640625
0:00:22.741730, 0.0, 0.0, 90.0, 0.0, 8353.27734375
0:00:22.829878, 0.0, 0.0, 90.0, 0.0, 8353.8310546875
0:00:22.944441, 0.0, 0.0, 90.0, 0.0, 8354.5537109375
0:00:23.042842, 0.0, 0.0, 90.0, 0.0, 8355.169921875
0:00:23.128137, 0.0, 0.0, 90.0, 0.0, 8355.7109375
0:00:23.241693, 0.0, 0.0, 90.0, 0.0, 8356.4267578125
0:00:23.324360, 0.0, 0.0, 90.0, 0.0, 8356.9423828125
0:00:23.438827, 0.0, 0.0, 90.0, 0.0, 8357.666015625
0:00:23.523020, 0.0, 0.0, 90.0, 0.0, 8358.193359375
0:00:23.632968, 0.0, 0.0, 90.0, 0.0, 8358.884765625
0:00:23.751520, 0.0, 0.0, 90.0, 0.0, 8359.6328125
0:00:23.823284, 0.0, 0.0, 90.0, 0.0, 8360.0859375
0:00:23.942954, 0.0, 0.0, 90.0, 0.0, 8360.833984375
0:00:24.036686, 0.0, 0.0, 90.0, 0.0, 8361.42578125
0:00:24.152186, 0.0, 0.0, 90.0, 0.0, 8362.1552734375
0:00:24.240407, 0.0, 0.0, 90.0, 0.0, 8362.708984375
0:00:24.346416, 0.0, 0.0, 90.0, 0.0, 8363.375
0:00:24.452539, 0.0, 0.0, 90.0, 0.0, 8364.0458984375
0:00:24.536771, 0.0, 0.0, 90.0, 0.0, 8364.57421875
0:00:24.653363, 0.0, 0.0, 90.0, 0.0, 8365.3095703125
0:00:24.753546, 0.0, 0.0, 90.0, 0.0, 8365.9375
0:00:24.853564, 0.0, 0.0, 90.0, 0.0, 8366.5654296875
0:00:24.946965, 0.0, 0.0, 90.0, 0.0, 8367.1494140625
0:00:25.061546, 0.0, 0.0, 90.0, 0.0, 8367.8720703125
0:00:25.146812, 0.0, 0.0, 90.0, 0.0, 8368.40625
0:00:25.239787, 0.0, 0.0, 90.0, 0.0, 8368.99609375
0:00:25.354374, 0.0, 0.0, 90.0, 0.0, 8369.712890625
0:00:25.453156, 0.0, 0.0, 90.0, 0.0, 8370.3349609375
0:00:25.552544, 0.0, 0.0, 90.0, 0.0, 8370.9638671875
0:00:25.661448, 0.0, 0.0, 90.0, 0.0, 8371.6494140625
0:00:25.746802, 0.0, 0.0, 90.0, 0.0, 8372.18359375
0:00:25.860348, 0.0, 0.0, 90.0, 0.0, 8372.900390625
0:00:25.967227, 0.0, 0.0, 90.0, 0.0, 8373.5732421875
0:00:26.065723, 0.0, 0.0, 90.0, 0.0, 8374.189453125
0:00:26.152954, 0.0, 0.0, 90.0, 0.0, 8374.7431640625
0:00:26.255344, 0.0, 0.0, 90.0, 0.0, 8375.3837890625
0:00:26.354185, 0.0, 0.0, 90.0, 0.0, 8376.005859375
0:00:26.470819, 0.0, 0.0, 90.0, 0.0, 8376.7412109375
0:00:26.556071, 0.0, 0.0, 90.0, 0.0, 8377.275390625
0:00:26.654388, 0.0, 0.0, 90.0, 0.0, 8377.8916015625
0:00:26.770392, 0.0, 0.0, 90.0, 0.0, 8378.626953125
0:00:26.854720, 0.0, 0.0, 90.0, 0.0, 8379.1552734375
0:00:26.974724, 0.0, 0.0, 90.0, 0.0, 8379.91015625
0:00:27.083562, 0.0, 0.0, 90.0, 0.0, 8380.5947265625
0:00:27.176112, 0.0, 0.0, 90.0, 0.0, 8381.1796875
0:00:27.274539, 0.0, 0.0, 90.0, 0.0, 8381.7958984375
0:00:27.361740, 0.0, 0.0, 90.0, 0.0, 8382.3427734375
0:00:27.480414, 0.0, 0.0, 90.0, 0.0, 8383.08984375
0:00:27.563561, 0.0, 0.0, 90.0, 0.0, 8383.6181640625
0:00:27.679048, 0.0, 0.0, 90.0, 0.0, 8384.3408203125
0:00:27.773405, 0.0, 0.0, 90.0, 0.0, 8384.9384765625
0:00:27.890545, 0.0, 0.0, 90.0, 0.0, 8385.6728515625
0:00:27.976001, 0.0, 0.0, 90.0, 0.0, 8386.20703125
0:00:28.083821, 0.0, 0.0, 90.0, 0.0, 8386.8857421875
0:00:28.190832, 0.0, 0.0, 90.0, 0.0, 8387.55859375
0:00:28.274083, 0.0, 0.0, 90.0, 0.0, 8388.0869140625
0:00:28.385027, 0.0, 0.0, 90.0, 0.0, 8388.78515625
0:00:28.483183, 0.0, 0.0, 90.0, 0.0, 8389.4013671875
0:00:28.595827, 0.0, 0.0, 90.0, 0.0, 8390.111328125
0:00:28.703726, 0.0, 0.0, 90.0, 0.0, 8390.7900390625
0:00:28.801404, 0.0, 0.0, 90.0, 0.0, 8391.40625
0:00:28.880956, 0.0, 0.0, 90.0, 0.0, 8391.9033203125
0:00:28.995575, 0.0, 0.0, 90.0, 0.0, 8392.6259765625
0:00:29.090352, 0.0, 0.0, 90.0, 0.0, 8393.2236328125
0:00:29.203874, 0.0, 0.0, 90.0, 0.0, 8393.939453125
0:00:29.292219, 0.0, 0.0, 90.0, 0.0, 8394.4921875
0:00:29.403568, 0.0, 0.0, 90.0, 0.0, 8395.189453125
0:00:29.499169, 0.0, 0.0, 90.0, 0.0, 8395.79296875
0:00:29.594912, 0.0, 0.0, 90.0, 0.0, 8396.396484375
0:00:29.699848, 0.0, 0.0, 90.0, 0.0, 8397.056640625
0:00:29.797888, 0.0, 0.0, 90.0, 0.0, 8397.6728515625
0:00:29.892713, 0.0, 0.0, 90.0, 0.0, 8398.26953125
0:00:30.007385, 0.0, 0.0, 90.0, 0.0, 8398.9931640625
0:00:30.091536, 0.0, 0.0, 90.0, 0.0, 8399.521484375
0:00:30.207128, 0.0, 0.0, 90.0, 0.0, 8400.25
0:00:30.293424, 0.0, 0.0, 90.0, 0.0, 8400.7900390625
0:00:30.405906, 0.0, 0.0, 90.0, 0.0, 8401.5009765625
0:00:30.517453, 0.0, 0.0, 90.0, 0.0, 8402.19921875
0:00:30.603610, 0.0, 0.0, 90.0, 0.0, 8402.7470703125
0:00:30.717248, 0.0, 0.0, 90.0, 0.0, 8403.4638671875
0:00:30.802433, 0.0, 0.0, 90.0, 0.0, 8403.998046875
0:00:30.914066, 0.0, 0.0, 90.0, 0.0, 8404.7021484375
0:00:31.003368, 0.0, 0.0, 90.0, 0.0, 8405.26171875
0:00:31.102713, 0.0, 0.0, 90.0, 0.0, 8405.8837890625
0:00:31.217466, 0.0, 0.0, 90.0, 0.0, 8406.6064453125
0:00:31.302437, 0.0, 0.0, 90.0, 0.0, 8407.1416015625
0:00:31.419012, 0.0, 0.0, 90.0, 0.0, 8407.876953125
0:00:31.504220, 0.0, 0.0, 90.0, 0.0, 8408.41015625
0:00:31.629168, 0.0, 0.0, 90.0, 0.0, 8409.1962890625
0:00:31.713032, 0.0, 0.0, 90.0, 0.0, 8409.724609375
0:00:31.825640, 0.0, 0.0, 90.0, 0.0, 8410.4345703125
0:00:31.922996, 0.0, 0.0, 90.0, 0.0, 8411.044921875
0:00:32.022261, 0.0, 0.0, 90.0, 0.0, 8411.6728515625
0:00:32.108578, 0.0, 0.0, 90.0, 0.0, 8412.2138671875
0:00:32.235180, 0.0, 0.0, 90.0, 0.0, 8413.0126953125
0:00:32.311742, 0.0, 0.0, 90.0, 0.0, 8413.49609375
0:00:32.426283, 0.0, 0.0, 90.0, 0.0, 8414.212890625
0:00:32.535135, 0.0, 0.0, 90.0, 0.0, 8414.8974609375
0:00:32.635032, 0.0, 0.0, 90.0, 0.0, 8415.525390625
0:00:32.719268, 0.0, 0.0, 90.0, 0.0, 8416.0537109375
0:00:32.816421, 0.0, 0.0, 90.0, 0.0, 8416.669921875
0:00:32.916630, 0.0, 0.0, 90.0, 0.0, 8417.2978515625
0:00:33.036368, 0.0, 0.0, 90.0, 0.0, 8418.052734375
0:00:33.136566, 0.0, 0.0, 90.0, 0.0, 8418.681640625
0:00:33.234718, 0.0, 0.0, 90.0, 0.0, 8419.296875
0:00:33.320001, 0.0, 0.0, 90.0, 0.0, 8419.837890625
0:00:33.447377, 0.0, 0.0, 90.0, 0.0, 8420.6357421875
0:00:33.546059, 0.0, 0.0, 90.0, 0.0, 8421.2578125
0:00:33.640574, 0.0, 0.0, 90.0, 0.0, 8421.85546875
0:00:33.726821, 0.0, 0.0, 90.0, 0.0, 8422.3955078125
0:00:33.846594, 0.0, 0.0, 90.0, 0.0, 8423.150390625
0:00:33.945757, 0.0, 0.0, 90.0, 0.0, 8423.7724609375
0:00:34.046091, 0.0, 0.0, 90.0, 0.0, 8424.408203125
0:00:34.133466, 0.0, 0.0, 90.0, 0.0, 8424.955078125
0:00:34.238197, 0.0, 0.0, 90.0, 0.0, 8425.6142578125
0:00:34.333288, 0.0, 0.0, 90.0, 0.0, 8426.2109375
0:00:34.448875, 0.0, 0.0, 90.0, 0.0, 8426.939453125
0:00:34.546297, 0.0, 0.0, 90.0, 0.0, 8427.548828125
0:00:34.640030, 0.0, 0.0, 90.0, 0.0, 8428.1396484375
0:00:34.752614, 0.0, 0.0, 90.0, 0.0, 8428.849609375
0:00:34.839873, 0.0, 0.0, 90.0, 0.0, 8429.396484375
0:00:34.951430, 0.0, 0.0, 90.0, 0.0, 8430.099609375
0:00:35.066024, 0.0, 0.0, 90.0, 0.0, 8430.8232421875
0:00:35.144606, 0.0, 0.0, 90.0, 0.0, 8431.3134765625
0:00:35.257176, 0.0, 0.0, 90.0, 0.0, 8432.0234375
0:00:35.342474, 0.0, 0.0, 90.0, 0.0, 8432.556640625
0:00:35.457034, 0.0, 0.0, 90.0, 0.0, 8433.279296875
0:00:35.563865, 0.0, 0.0, 90.0, 0.0, 8433.9521484375
0:00:35.650166, 0.0, 0.0, 90.0, 0.0, 8434.4921875
0:00:35.765750, 0.0, 0.0, 90.0, 0.0, 8435.2216796875
0:00:35.850017, 0.0, 0.0, 90.0, 0.0, 8435.75
0:00:35.976585, 0.0, 0.0, 90.0, 0.0, 8436.5478515625
0:00:36.070294, 0.0, 0.0, 90.0, 0.0, 8437.138671875
0:00:36.156602, 0.0, 0.0, 90.0, 0.0, 8437.6796875
0:00:36.278656, 0.0, 0.0, 90.0, 0.0, 8438.4462890625
0:00:36.377458, 0.0, 0.0, 90.0, 0.0, 8439.068359375
0:00:36.479089, 0.0, 0.0, 90.0, 0.0, 8439.708984375
0:00:36.567095, 0.0, 0.0, 90.0, 0.0, 8440.2626953125
0:00:36.668474, 0.0, 0.0, 90.0, 0.0, 8440.8984375
0:00:36.784192, 0.0, 0.0, 90.0, 0.0, 8441.626953125
0:00:36.868262, 0.0, 0.0, 90.0, 0.0, 8442.154296875
0:00:36.968757, 0.0, 0.0, 90.0, 0.0, 8442.7890625
0:00:37.080268, 0.0, 0.0, 90.0, 0.0, 8443.4931640625
0:00:37.166626, 0.0, 0.0, 90.0, 0.0, 8444.0341796875
0:00:37.279178, 0.0, 0.0, 90.0, 0.0, 8444.7451171875
0:00:37.387067, 0.0, 0.0, 90.0, 0.0, 8445.423828125
0:00:37.487775, 0.0, 0.0, 90.0, 0.0, 8446.052734375
0:00:37.572966, 0.0, 0.0, 90.0, 0.0, 8446.5927734375
0:00:37.687686, 0.0, 0.0, 90.0, 0.0, 8447.3154296875
0:00:37.796511, 0.0, 0.0, 90.0, 0.0, 8448.0009765625
0:00:37.894053, 0.0, 0.0, 90.0, 0.0, 8448.6103515625
0:00:37.974666, 0.0, 0.0, 90.0, 0.0, 8449.119140625
0:00:38.079498, 0.0, 0.0, 90.0, 0.0, 8449.779296875
0:00:38.191947, 0.0, 0.0, 90.0, 0.0, 8450.4892578125
0:00:38.281245, 0.0, 0.0, 90.0, 0.0, 8451.048828125
0:00:38.390144, 0.0, 0.0, 90.0, 0.0, 8451.7333984375
0:00:38.478497, 0.0, 0.0, 90.0, 0.0, 8452.287109375
0:00:38.596002, 0.0, 0.0, 90.0, 0.0, 8453.0283203125
0:00:38.679314, 0.0, 0.0, 90.0, 0.0, 8453.5498046875
0:00:38.794840, 0.0, 0.0, 90.0, 0.0, 8454.2783203125
0:00:38.907303, 0.0, 0.0, 90.0, 0.0, 8454.9892578125
0:00:38.994641, 0.0, 0.0, 90.0, 0.0, 8455.5361328125
0:00:39.110206, 0.0, 0.0, 90.0, 0.0, 8456.265625
0:00:39.208301, 0.0, 0.0, 90.0, 0.0, 8456.880859375
0:00:39.302813, 0.0, 0.0, 90.0, 0.0, 8457.4716796875
0:00:39.409664, 0.0, 0.0, 90.0, 0.0, 8458.1435546875
0:00:39.508688, 0.0, 0.0, 90.0, 0.0, 8458.765625
0:00:39.608694, 0.0, 0.0, 90.0, 0.0, 8459.400390625
0:00:39.707878, 0.0, 0.0, 90.0, 0.0, 8460.0224609375
0:00:39.793107, 0.0, 0.0, 90.0, 0.0, 8460.556640625
0:00:39.909652, 0.0, 0.0, 90.0, 0.0, 8461.2919921875
0:00:40.006012, 0.0, 0.0, 90.0, 0.0, 8461.8955078125
0:00:40.119519, 0.0, 0.0, 90.0, 0.0, 8462.6123046875
0:00:40.207658, 0.0, 0.0, 90.0, 0.0, 8463.1650390625
0:00:40.309293, 0.0, 0.0, 90.0, 0.0, 8463.806640625
0:00:40.399805, 0.0, 0.0, 90.0, 0.0, 8464.373046875
0:00:40.514347, 0.0, 0.0, 90.0, 0.0, 8465.095703125
0:00:40.628900, 0.0, 0.0, 90.0, 0.0, 8465.8193359375
0:00:40.710554, 0.0, 0.0, 90.0, 0.0, 8466.333984375
0:00:40.825997, 0.0, 0.0, 90.0, 0.0, 8467.0576171875
0:00:40.911281, 0.0, 0.0, 90.0, 0.0, 8467.591796875
0:00:41.025829, 0.0, 0.0, 90.0, 0.0, 8468.314453125
0:00:41.109126, 0.0, 0.0, 90.0, 0.0, 8468.8369140625
0:00:41.224659, 0.0, 0.0, 90.0, 0.0, 8469.5654296875
0:00:41.339188, 0.0, 0.0, 90.0, 0.0, 8470.2880859375
0:00:41.420862, 0.0, 0.0, 90.0, 0.0, 8470.802734375
0:00:41.532324, 0.0, 0.0, 90.0, 0.0, 8471.5009765625
0:00:41.619786, 0.0, 0.0, 90.0, 0.0, 8472.0546875
0:00:41.725674, 0.0, 0.0, 90.0, 0.0, 8472.7216796875
0:00:41.810927, 0.0, 0.0, 90.0, 0.0, 8473.2568359375
0:00:41.929546, 0.0, 0.0, 90.0, 0.0, 8474.0048828125
0:00:42.020341, 0.0, 0.0, 90.0, 0.0, 8474.5771484375
0:00:42.130239, 0.0, 0.0, 90.0, 0.0, 8475.2685546875
0:00:42.229669, 0.0, 0.0, 90.0, 0.0, 8475.8916015625
0:00:42.317015, 0.0, 0.0, 90.0, 0.0, 8476.4453125
0:00:42.422837, 0.0, 0.0, 90.0, 0.0, 8477.1123046875
0:00:42.532316, 0.0, 0.0, 90.0, 0.0, 8477.796875
0:00:42.638156, 0.0, 0.0, 90.0, 0.0, 8478.462890625
0:00:42.721353, 0.0, 0.0, 90.0, 0.0, 8478.9853515625
0:00:42.834860, 0.0, 0.0, 90.0, 0.0, 8479.701171875
0:00:42.922204, 0.0, 0.0, 90.0, 0.0, 8480.248046875
0:00:43.045891, 0.0, 0.0, 90.0, 0.0, 8481.02734375
0:00:43.135214, 0.0, 0.0, 90.0, 0.0, 8481.5927734375
0:00:43.248730, 0.0, 0.0, 90.0, 0.0, 8482.3037109375
0:00:43.336985, 0.0, 0.0, 90.0, 0.0, 8482.86328125
0:00:43.443976, 0.0, 0.0, 90.0, 0.0, 8483.5361328125
0:00:43.539396, 0.0, 0.0, 90.0, 0.0, 8484.1328125
0:00:43.650000, 0.0, 0.0, 90.0, 0.0, 8484.830078125
0:00:43.731848, 0.0, 0.0, 90.0, 0.0, 8485.3447265625
0:00:43.849322, 0.0, 0.0, 90.0, 0.0, 8486.0859375
0:00:43.956237, 0.0, 0.0, 90.0, 0.0, 8486.7578125
0:00:44.041600, 0.0, 0.0, 90.0, 0.0, 8487.2919921875
0:00:44.139912, 0.0, 0.0, 90.0, 0.0, 8487.908203125
0:00:44.260583, 0.0, 0.0, 90.0, 0.0, 8488.6689453125
0:00:44.359043, 0.0, 0.0, 90.0, 0.0, 8489.2919921875
0:00:44.458980, 0.0, 0.0, 90.0, 0.0, 8489.919921875
0:00:44.545246, 0.0, 0.0, 90.0, 0.0, 8490.4609375
0:00:44.640731, 0.0, 0.0, 90.0, 0.0, 8491.0634765625
0:00:44.756320, 0.0, 0.0, 90.0, 0.0, 8491.7919921875
0:00:44.841702, 0.0, 0.0, 90.0, 0.0, 8492.326171875
0:00:44.940824, 0.0, 0.0, 90.0, 0.0, 8492.9482421875
0:00:45.064207, 0.0, 0.0, 90.0, 0.0, 8493.7275390625
0:00:45.169336, 0.0, 0.0, 90.0, 0.0, 8494.3876953125
0:00:45.256724, 0.0, 0.0, 90.0, 0.0, 8494.9345703125
0:00:45.369226, 0.0, 0.0, 90.0, 0.0, 8495.6455078125
0:00:45.463673, 0.0, 0.0, 90.0, 0.0, 8496.2421875
0:00:45.560082, 0.0, 0.0, 90.0, 0.0, 8496.845703125
0:00:45.668231, 0.0, 0.0, 90.0, 0.0, 8497.5244140625
0:00:45.764882, 0.0, 0.0, 90.0, 0.0, 8498.134765625
0:00:45.861575, 0.0, 0.0, 90.0, 0.0, 8498.744140625
0:00:45.960953, 0.0, 0.0, 90.0, 0.0, 8499.3662109375
0:00:46.060021, 0.0, 0.0, 90.0, 0.0, 8499.9951171875
0:00:46.172602, 0.0, 0.0, 90.0, 0.0, 8500.69921875
0:00:46.255847, 0.0, 0.0, 90.0, 0.0, 8501.2265625
0:00:46.375107, 0.0, 0.0, 90.0, 0.0, 8501.974609375
0:00:46.472218, 0.0, 0.0, 90.0, 0.0, 8502.5849609375
0:00:46.564832, 0.0, 0.0, 90.0, 0.0, 8503.169921875
0:00:46.661227, 0.0, 0.0, 90.0, 0.0, 8503.779296875
0:00:46.773718, 0.0, 0.0, 90.0, 0.0, 8504.4833984375
0:00:46.888244, 0.0, 0.0, 90.0, 0.0, 8505.2060546875
0:00:46.974588, 0.0, 0.0, 90.0, 0.0, 8505.7470703125
0:00:47.071717, 0.0, 0.0, 90.0, 0.0, 8506.3564453125
0:00:47.187171, 0.0, 0.0, 90.0, 0.0, 8507.0849609375
0:00:47.273517, 0.0, 0.0, 90.0, 0.0, 8507.625
0:00:47.370550, 0.0, 0.0, 90.0, 0.0, 8508.2412109375
0:00:47.483067, 0.0, 0.0, 90.0, 0.0, 8508.9453125
0:00:47.578094, 0.0, 0.0, 90.0, 0.0, 8509.54296875
0:00:47.691599, 0.0, 0.0, 90.0, 0.0, 8510.259765625
0:00:47.778965, 0.0, 0.0, 90.0, 0.0, 8510.806640625
0:00:47.867223, 0.0, 0.0, 90.0, 0.0, 8511.365234375
0:00:47.975090, 0.0, 0.0, 90.0, 0.0, 8512.0439453125
0:00:48.070979, 0.0, 0.0, 90.0, 0.0, 8512.6474609375
0:00:48.181838, 0.0, 0.0, 90.0, 0.0, 8513.3447265625
0:00:48.271025, 0.0, 0.0, 90.0, 0.0, 8513.904296875
0:00:48.381956, 0.0, 0.0, 90.0, 0.0, 8514.6025390625
0:00:48.475504, 0.0, 0.0, 90.0, 0.0, 8515.193359375
0:00:48.584336, 0.0, 0.0, 90.0, 0.0, 8515.87890625
0:00:48.700905, 0.0, 0.0, 90.0, 0.0, 8516.609375
0:00:48.782555, 0.0, 0.0, 90.0, 0.0, 8517.125
0:00:48.880912, 0.0, 0.0, 90.0, 0.0, 8517.748046875
0:00:48.985764, 0.0, 0.0, 90.0, 0.0, 8518.4072265625
0:00:49.082901, 0.0, 0.0, 90.0, 0.0, 8519.0166015625
0:00:49.195426, 0.0, 0.0, 90.0, 0.0, 8519.720703125
0:00:49.278628, 0.0, 0.0, 90.0, 0.0, 8520.248046875
0:00:49.390200, 0.0, 0.0, 90.0, 0.0, 8520.9453125
0:00:49.504840, 0.0, 0.0, 90.0, 0.0, 8521.6689453125
0:00:49.602245, 0.0, 0.0, 90.0, 0.0, 8522.2841796875
0:00:49.701391, 0.0, 0.0, 90.0, 0.0, 8522.90625
0:00:49.788767, 0.0, 0.0, 90.0, 0.0, 8523.453125
0:00:49.903288, 0.0, 0.0, 90.0, 0.0, 8524.1767578125
0:00:49.989591, 0.0, 0.0, 90.0, 0.0, 8524.7177734375
0:00:50.106121, 0.0, 0.0, 90.0, 0.0, 8525.453125
0:00:50.198130, 0.0, 0.0, 90.0, 0.0, 8526.03125
0:00:50.311742, 0.0, 0.0, 90.0, 0.0, 8526.7470703125
0:00:50.401024, 0.0, 0.0, 90.0, 0.0, 8527.306640625
0:00:50.501335, 0.0, 0.0, 90.0, 0.0, 8527.9423828125
0:00:50.608317, 0.0, 0.0, 90.0, 0.0, 8528.6142578125
0:00:50.713124, 0.0, 0.0, 90.0, 0.0, 8529.2744140625
0:00:50.822026, 0.0, 0.0, 90.0, 0.0, 8529.9599609375
0:00:50.909229, 0.0, 0.0, 90.0, 0.0, 8530.505859375
0:00:51.021773, 0.0, 0.0, 90.0, 0.0, 8531.2158203125
0:00:51.108033, 0.0, 0.0, 90.0, 0.0, 8531.755859375
0:00:51.222648, 0.0, 0.0, 90.0, 0.0, 8532.4775390625
0:00:51.321934, 0.0, 0.0, 90.0, 0.0, 8533.1005859375
0:00:51.407111, 0.0, 0.0, 90.0, 0.0, 8533.6357421875
0:00:51.531413, 0.0, 0.0, 90.0, 0.0, 8534.4208984375
0:00:51.617769, 0.0, 0.0, 90.0, 0.0, 8534.9619140625
0:00:51.735293, 0.0, 0.0, 90.0, 0.0, 8535.7041015625
0:00:51.818539, 0.0, 0.0, 90.0, 0.0, 8536.2265625
0:00:51.934987, 0.0, 0.0, 90.0, 0.0, 8536.962890625
0:00:52.033795, 0.0, 0.0, 90.0, 0.0, 8537.5849609375
0:00:52.131909, 0.0, 0.0, 90.0, 0.0, 8538.201171875
0:00:52.230258, 0.0, 0.0, 90.0, 0.0, 8538.8173828125
0:00:52.342768, 0.0, 0.0, 90.0, 0.0, 8539.5263671875
0:00:52.442954, 0.0, 0.0, 90.0, 0.0, 8540.154296875
0:00:52.524557, 0.0, 0.0, 90.0, 0.0, 8540.6689453125
0:00:52.639038, 0.0, 0.0, 90.0, 0.0, 8541.392578125
0:00:52.752753, 0.0, 0.0, 90.0, 0.0, 8542.1025390625
0:00:52.839793, 0.0, 0.0, 90.0, 0.0, 8542.6552734375
0:00:52.943728, 0.0, 0.0, 90.0, 0.0, 8543.30859375
0:00:53.049476, 0.0, 0.0, 90.0, 0.0, 8543.974609375
0:00:53.135760, 0.0, 0.0, 90.0, 0.0, 8544.5146484375
0:00:53.250438, 0.0, 0.0, 90.0, 0.0, 8545.2373046875
0:00:53.335597, 0.0, 0.0, 90.0, 0.0, 8545.771484375
0:00:53.452101, 0.0, 0.0, 90.0, 0.0, 8546.5068359375
0:00:53.538454, 0.0, 0.0, 90.0, 0.0, 8547.046875
0:00:53.652055, 0.0, 0.0, 90.0, 0.0, 8547.7626953125
0:00:53.750669, 0.0, 0.0, 90.0, 0.0, 8548.37890625
0:00:53.857488, 0.0, 0.0, 90.0, 0.0, 8549.0517578125
0:00:53.951806, 0.0, 0.0, 90.0, 0.0, 8549.6484375
0:00:54.047808, 0.0, 0.0, 90.0, 0.0, 8550.24609375
0:00:54.172865, 0.0, 0.0, 90.0, 0.0, 8551.0380859375
0:00:54.256992, 0.0, 0.0, 90.0, 0.0, 8551.56640625
0:00:54.353405, 0.0, 0.0, 90.0, 0.0, 8552.17578125
0:00:54.468175, 0.0, 0.0, 90.0, 0.0, 8552.892578125
0:00:54.564166, 0.0, 0.0, 90.0, 0.0, 8553.501953125
0:00:54.662614, 0.0, 0.0, 90.0, 0.0, 8554.1181640625
0:00:54.768993, 0.0, 0.0, 90.0, 0.0, 8554.7841796875
0:00:54.875345, 0.0, 0.0, 90.0, 0.0, 8555.45703125
0:00:54.962653, 0.0, 0.0, 90.0, 0.0, 8556.009765625
0:00:55.078253, 0.0, 0.0, 90.0, 0.0, 8556.732421875
0:00:55.166482, 0.0, 0.0, 90.0, 0.0, 8557.291015625
0:00:55.280035, 0.0, 0.0, 90.0, 0.0, 8558.0009765625
0:00:55.365217, 0.0, 0.0, 90.0, 0.0, 8558.5419921875
0:00:55.464516, 0.0, 0.0, 90.0, 0.0, 8559.1640625
0:00:55.572502, 0.0, 0.0, 90.0, 0.0, 8559.841796875
0:00:55.680325, 0.0, 0.0, 90.0, 0.0, 8560.5205078125
0:00:55.767507, 0.0, 0.0, 90.0, 0.0, 8561.0673828125
0:00:55.884978, 0.0, 0.0, 90.0, 0.0, 8561.80859375
0:00:55.984007, 0.0, 0.0, 90.0, 0.0, 8562.4306640625
0:00:56.087295, 0.0, 0.0, 90.0, 0.0, 8563.078125
0:00:56.176457, 0.0, 0.0, 90.0, 0.0, 8563.6435546875
0:00:56.273935, 0.0, 0.0, 90.0, 0.0, 8564.2529296875
0:00:56.391445, 0.0, 0.0, 90.0, 0.0, 8564.994140625
0:00:56.476829, 0.0, 0.0, 90.0, 0.0, 8565.5283203125
0:00:56.591689, 0.0, 0.0, 90.0, 0.0, 8566.2509765625
0:00:56.705205, 0.0, 0.0, 90.0, 0.0, 8566.966796875
0:00:56.775149, 0.0, 0.0, 90.0, 0.0, 8567.4072265625
0:00:56.891717, 0.0, 0.0, 90.0, 0.0, 8568.142578125
0:00:56.981002, 0.0, 0.0, 90.0, 0.0, 8568.7021484375
0:00:57.098768, 0.0, 0.0, 90.0, 0.0, 8569.443359375
0:00:57.194268, 0.0, 0.0, 90.0, 0.0, 8570.046875
0:00:57.280498, 0.0, 0.0, 90.0, 0.0, 8570.587890625
0:00:57.393213, 0.0, 0.0, 90.0, 0.0, 8571.2978515625
0:00:57.494395, 0.0, 0.0, 90.0, 0.0, 8571.931640625
0:00:57.585905, 0.0, 0.0, 90.0, 0.0, 8572.509765625
0:00:57.697418, 0.0, 0.0, 90.0, 0.0, 8573.2080078125
0:00:57.784488, 0.0, 0.0, 90.0, 0.0, 8573.7607421875
0:00:57.902031, 0.0, 0.0, 90.0, 0.0, 8574.49609375
0:00:58.009025, 0.0, 0.0, 90.0, 0.0, 8575.16796875
0:00:58.104416, 0.0, 0.0, 90.0, 0.0, 8575.771484375
0:00:58.190520, 0.0, 0.0, 90.0, 0.0, 8576.3125
0:00:58.296462, 0.0, 0.0, 90.0, 0.0, 8576.9794921875
0:00:58.411012, 0.0, 0.0, 90.0, 0.0, 8577.7021484375
0:00:58.498234, 0.0, 0.0, 90.0, 0.0, 8578.2490234375
0:00:58.611860, 0.0, 0.0, 90.0, 0.0, 8578.9658203125
0:00:58.691428, 0.0, 0.0, 90.0, 0.0, 8579.462890625
0:00:58.804123, 0.0, 0.0, 90.0, 0.0, 8580.1728515625
0:00:58.901699, 0.0, 0.0, 90.0, 0.0, 8580.7890625
0:00:59.008535, 0.0, 0.0, 90.0, 0.0, 8581.4619140625
0:00:59.103685, 0.0, 0.0, 90.0, 0.0, 8582.05859375
0:00:59.209482, 0.0, 0.0, 90.0, 0.0, 8582.724609375
0:00:59.296821, 0.0, 0.0, 90.0, 0.0, 8583.271484375
0:00:59.392125, 0.0, 0.0, 90.0, 0.0, 8583.875
0:00:59.499047, 0.0, 0.0, 90.0, 0.0, 8584.5478515625
0:00:59.611626, 0.0, 0.0, 90.0, 0.0, 8585.2568359375
0:00:59.697830, 0.0, 0.0, 90.0, 0.0, 8585.796875
0:00:59.824685, 0.0, 0.0, 90.0, 0.0, 8586.5947265625
0:00:59.909979, 0.0, 0.0, 90.0, 0.0, 8587.1298828125
0:01:00.007035, 0.0, 0.0, 90.0, 0.0, 8587.740234375
0:01:00.104448, 0.0, 0.0, 90.0, 0.0, 8588.3564453125
0:01:00.211379, 0.0, 0.0, 90.0, 0.0, 8589.029296875
0:01:00.318234, 0.0, 0.0, 90.0, 0.0, 8589.7021484375
0:01:00.405509, 0.0, 0.0, 90.0, 0.0, 8590.2490234375
0:01:00.512426, 0.0, 0.0, 90.0, 0.0, 8590.921875
0:01:00.625967, 0.0, 0.0, 90.0, 0.0, 8591.638671875
0:01:00.716818, 0.0, 0.0, 90.0, 0.0, 8592.2109375
0:01:00.827304, 0.0, 0.0, 90.0, 0.0, 8592.908203125
0:01:00.911624, 0.0, 0.0, 90.0, 0.0, 8593.4365234375
0:01:01.026090, 0.0, 0.0, 90.0, 0.0, 8594.16015625
0:01:01.112389, 0.0, 0.0, 90.0, 0.0, 8594.7001953125
0:01:01.228027, 0.0, 0.0, 90.0, 0.0, 8595.4296875
0:01:01.326838, 0.0, 0.0, 90.0, 0.0, 8596.0517578125
0:01:01.425175, 0.0, 0.0, 90.0, 0.0, 8596.66796875
0:01:01.512498, 0.0, 0.0, 90.0, 0.0, 8597.21484375
0:01:01.625003, 0.0, 0.0, 90.0, 0.0, 8597.9248046875
0:01:01.718714, 0.0, 0.0, 90.0, 0.0, 8598.515625
0:01:01.830119, 0.0, 0.0, 90.0, 0.0, 8599.2138671875
0:01:01.927155, 0.0, 0.0, 90.0, 0.0, 8599.8291015625
0:01:02.027168, 0.0, 0.0, 90.0, 0.0, 8600.4580078125
0:01:02.125543, 0.0, 0.0, 90.0, 0.0, 8601.07421875
0:01:02.240104, 0.0, 0.0, 90.0, 0.0, 8601.796875
0:01:02.326365, 0.0, 0.0, 90.0, 0.0, 8602.3369140625
0:01:02.425488, 0.0, 0.0, 90.0, 0.0, 8602.958984375
0:01:02.522984, 0.0, 0.0, 90.0, 0.0, 8603.5751953125
0:01:02.635474, 0.0, 0.0, 90.0, 0.0, 8604.2861328125
0:01:02.720867, 0.0, 0.0, 90.0, 0.0, 8604.8203125
0:01:02.835339, 0.0, 0.0, 90.0, 0.0, 8605.5439453125
0:01:02.949896, 0.0, 0.0, 90.0, 0.0, 8606.259765625
0:01:03.044856, 0.0, 0.0, 90.0, 0.0, 8606.8564453125
0:01:03.143339, 0.0, 0.0, 90.0, 0.0, 8607.4794921875
0:01:03.226520, 0.0, 0.0, 90.0, 0.0, 8608.001953125
0:01:03.342132, 0.0, 0.0, 90.0, 0.0, 8608.73046875
0:01:03.426337, 0.0, 0.0, 90.0, 0.0, 8609.2587890625
0:01:03.551032, 0.0, 0.0, 90.0, 0.0, 8610.044921875
0:01:03.637216, 0.0, 0.0, 90.0, 0.0, 8610.5859375
0:01:03.752895, 0.0, 0.0, 90.0, 0.0, 8611.3154296875
0:01:03.838142, 0.0, 0.0, 90.0, 0.0, 8611.8486328125
0:01:03.936517, 0.0, 0.0, 90.0, 0.0, 8612.470703125
0:01:04.057246, 0.0, 0.0, 90.0, 0.0, 8613.2314453125
0:01:04.157475, 0.0, 0.0, 90.0, 0.0, 8613.8603515625
0:01:04.247990, 0.0, 0.0, 90.0, 0.0, 8614.4326171875
0:01:04.357902, 0.0, 0.0, 90.0, 0.0, 8615.125
0:01:04.455639, 0.0, 0.0, 90.0, 0.0, 8615.7412109375
0:01:04.559884, 0.0, 0.0, 90.0, 0.0, 8616.39453125
0:01:04.644139, 0.0, 0.0, 90.0, 0.0, 8616.9228515625
0:01:04.753048, 0.0, 0.0, 90.0, 0.0, 8617.6083984375
0:01:04.867512, 0.0, 0.0, 90.0, 0.0, 8618.33203125
0:01:04.965759, 0.0, 0.0, 90.0, 0.0, 8618.9482421875
0:01:05.056472, 0.0, 0.0, 90.0, 0.0, 8619.51953125
0:01:05.170032, 0.0, 0.0, 90.0, 0.0, 8620.2353515625
0:01:05.257242, 0.0, 0.0, 90.0, 0.0, 8620.7822265625
0:01:05.358030, 0.0, 0.0, 90.0, 0.0, 8621.4169921875
0:01:05.465892, 0.0, 0.0, 90.0, 0.0, 8622.095703125
0:01:05.561509, 0.0, 0.0, 90.0, 0.0, 8622.69921875
0:01:05.657288, 0.0, 0.0, 90.0, 0.0, 8623.2958984375
0:01:05.765173, 0.0, 0.0, 90.0, 0.0, 8623.974609375
0:01:05.879574, 0.0, 0.0, 90.0, 0.0, 8624.697265625
0:01:05.978003, 0.0, 0.0, 90.0, 0.0, 8625.3134765625
0:01:06.077122, 0.0, 0.0, 90.0, 0.0, 8625.9423828125
0:01:06.163363, 0.0, 0.0, 90.0, 0.0, 8626.482421875
0:01:06.277789, 0.0, 0.0, 90.0, 0.0, 8627.205078125
0:01:06.363094, 0.0, 0.0, 90.0, 0.0, 8627.7392578125
0:01:06.476674, 0.0, 0.0, 90.0, 0.0, 8628.455078125
0:01:06.562896, 0.0, 0.0, 90.0, 0.0, 8628.9951171875
0:01:06.678513, 0.0, 0.0, 90.0, 0.0, 8629.724609375
0:01:06.776363, 0.0, 0.0, 90.0, 0.0, 8630.3408203125
0:01:06.871056, 0.0, 0.0, 90.0, 0.0, 8630.931640625
0:01:06.986554, 0.0, 0.0, 90.0, 0.0, 8631.6611328125
0:01:07.074902, 0.0, 0.0, 90.0, 0.0, 8632.21484375
0:01:07.189546, 0.0, 0.0, 90.0, 0.0, 8632.9384765625
0:01:07.281754, 0.0, 0.0, 90.0, 0.0, 8633.5166015625
0:01:07.379101, 0.0, 0.0, 90.0, 0.0, 8634.1318359375
0:01:07.484136, 0.0, 0.0, 90.0, 0.0, 8634.7919921875
0:01:07.571320, 0.0, 0.0, 90.0, 0.0, 8635.3388671875
0:01:07.681146, 0.0, 0.0, 90.0, 0.0, 8636.0302734375
0:01:07.795620, 0.0, 0.0, 90.0, 0.0, 8636.7529296875
0:01:07.883022, 0.0, 0.0, 90.0, 0.0, 8637.2998046875
0:01:07.994506, 0.0, 0.0, 90.0, 0.0, 8638.0048828125
0:01:08.081907, 0.0, 0.0, 90.0, 0.0, 8638.5517578125
0:01:08.181038, 0.0, 0.0, 90.0, 0.0, 8639.1796875
0:01:08.292526, 0.0, 0.0, 90.0, 0.0, 8639.8779296875
0:01:08.401437, 0.0, 0.0, 90.0, 0.0, 8640.5625
0:01:08.486814, 0.0, 0.0, 90.0, 0.0, 8641.1025390625
0:01:08.584323, 0.0, 0.0, 90.0, 0.0, 8641.7119140625
0:01:08.699908, 0.0, 0.0, 90.0, 0.0, 8642.4404296875
0:01:08.783142, 0.0, 0.0, 90.0, 0.0, 8642.9619140625
0:01:08.905377, 0.0, 0.0, 90.0, 0.0, 8643.7353515625
0:01:08.990692, 0.0, 0.0, 90.0, 0.0, 8644.26953125
0:01:09.103125, 0.0, 0.0, 90.0, 0.0, 8644.9794921875
0:01:09.189413, 0.0, 0.0, 90.0, 0.0, 8645.5205078125
0:01:09.304039, 0.0, 0.0, 90.0, 0.0, 8646.244140625
0:01:09.407905, 0.0, 0.0, 90.0, 0.0, 8646.8974609375
0:01:09.490501, 0.0, 0.0, 90.0, 0.0, 8647.4189453125
0:01:09.603065, 0.0, 0.0, 90.0, 0.0, 8648.1240234375
0:01:09.712730, 0.0, 0.0, 90.0, 0.0, 8648.8154296875
0:01:09.801073, 0.0, 0.0, 90.0, 0.0, 8649.3681640625
0:01:09.913548, 0.0, 0.0, 90.0, 0.0, 8650.078125
0:01:10.009693, 0.0, 0.0, 90.0, 0.0, 8650.681640625
0:01:10.100349, 0.0, 0.0, 90.0, 0.0, 8651.25390625
0:01:10.215038, 0.0, 0.0, 90.0, 0.0, 8651.9765625
0:01:10.302231, 0.0, 0.0, 90.0, 0.0, 8652.5234375
0:01:10.414787, 0.0, 0.0, 90.0, 0.0, 8653.2333984375
0:01:10.502056, 0.0, 0.0, 90.0, 0.0, 8653.779296875
0:01:10.613601, 0.0, 0.0, 90.0, 0.0, 8654.482421875
0:01:10.709694, 0.0, 0.0, 90.0, 0.0, 8655.0859375
0:01:10.829758, 0.0, 0.0, 90.0, 0.0, 8655.8408203125
0:01:10.927940, 0.0, 0.0, 90.0, 0.0, 8656.4638671875
0:01:11.008533, 0.0, 0.0, 90.0, 0.0, 8656.966796875
0:01:11.108061, 0.0, 0.0, 90.0, 0.0, 8657.595703125
0:01:11.226092, 0.0, 0.0, 90.0, 0.0, 8658.337890625
0:01:11.332074, 0.0, 0.0, 90.0, 0.0, 8659.00390625
0:01:11.429255, 0.0, 0.0, 90.0, 0.0, 8659.61328125
0:01:11.513443, 0.0, 0.0, 90.0, 0.0, 8660.1474609375
0:01:11.630083, 0.0, 0.0, 90.0, 0.0, 8660.876953125
0:01:11.719295, 0.0, 0.0, 90.0, 0.0, 8661.44140625
0:01:11.819329, 0.0, 0.0, 90.0, 0.0, 8662.0703125
0:01:11.946720, 0.0, 0.0, 90.0, 0.0, 8662.8681640625
0:01:12.033825, 0.0, 0.0, 90.0, 0.0, 8663.4208984375
0:01:12.127186, 0.0, 0.0, 90.0, 0.0, 8664.0048828125
0:01:12.240757, 0.0, 0.0, 90.0, 0.0, 8664.7216796875
0:01:12.346534, 0.0, 0.0, 90.0, 0.0, 8665.388671875
0:01:12.432830, 0.0, 0.0, 90.0, 0.0, 8665.9287109375
0:01:12.530134, 0.0, 0.0, 90.0, 0.0, 8666.5439453125
0:01:12.629960, 0.0, 0.0, 90.0, 0.0, 8667.166015625
0:01:12.757276, 0.0, 0.0, 90.0, 0.0, 8667.970703125
0:01:12.843496, 0.0, 0.0, 90.0, 0.0, 8668.51171875
0:01:12.938603, 0.0, 0.0, 90.0, 0.0, 8669.1083984375
0:01:13.047479, 0.0, 0.0, 90.0, 0.0, 8669.79296875
0:01:13.136829, 0.0, 0.0, 90.0, 0.0, 8670.3583984375
0:01:13.249313, 0.0, 0.0, 90.0, 0.0, 8671.0634765625
0:01:13.364847, 0.0, 0.0, 90.0, 0.0, 8671.79296875
0:01:13.451187, 0.0, 0.0, 90.0, 0.0, 8672.33984375
0:01:13.564766, 0.0, 0.0, 90.0, 0.0, 8673.0498046875
0:01:13.660854, 0.0, 0.0, 90.0, 0.0, 8673.6533203125
0:01:13.759345, 0.0, 0.0, 90.0, 0.0, 8674.275390625
0:01:13.866286, 0.0, 0.0, 90.0, 0.0, 8674.9482421875
0:01:13.972084, 0.0, 0.0, 90.0, 0.0, 8675.615234375
0:01:14.054096, 0.0, 0.0, 90.0, 0.0, 8676.130859375
0:01:14.150499, 0.0, 0.0, 90.0, 0.0, 8676.740234375
0:01:14.263248, 0.0, 0.0, 90.0, 0.0, 8677.443359375
0:01:14.376634, 0.0, 0.0, 90.0, 0.0, 8678.16015625
0:01:14.456279, 0.0, 0.0, 90.0, 0.0, 8678.6630859375
0:01:14.563120, 0.0, 0.0, 90.0, 0.0, 8679.3359375
0:01:14.680800, 0.0, 0.0, 90.0, 0.0, 8680.0703125
0:01:14.770098, 0.0, 0.0, 90.0, 0.0, 8680.63671875
0:01:14.856336, 0.0, 0.0, 90.0, 0.0, 8681.177734375
0:01:14.970885, 0.0, 0.0, 90.0, 0.0, 8681.900390625
0:01:15.059202, 0.0, 0.0, 90.0, 0.0, 8682.453125
0:01:15.172802, 0.0, 0.0, 90.0, 0.0, 8683.169921875
0:01:15.284366, 0.0, 0.0, 90.0, 0.0, 8683.8740234375
0:01:15.394839, 0.0, 0.0, 90.0, 0.0, 8684.5654296875
0:01:15.481013, 0.0, 0.0, 90.0, 0.0, 8685.1123046875
0:01:15.565245, 0.0, 0.0, 90.0, 0.0, 8685.6396484375
0:01:15.681627, 0.0, 0.0, 90.0, 0.0, 8686.3681640625
0:01:15.795023, 0.0, 0.0, 90.0, 0.0, 8687.083984375
0:01:15.891835, 0.0, 0.0, 90.0, 0.0, 8687.693359375
0:01:15.980978, 0.0, 0.0, 90.0, 0.0, 8688.2529296875
0:01:16.090871, 0.0, 0.0, 90.0, 0.0, 8688.9443359375
0:01:16.191277, 0.0, 0.0, 90.0, 0.0, 8689.580078125
0:01:16.281945, 0.0, 0.0, 90.0, 0.0, 8690.1455078125
0:01:16.387558, 0.0, 0.0, 90.0, 0.0, 8690.8125
0:01:16.502161, 0.0, 0.0, 90.0, 0.0, 8691.5361328125
0:01:16.604428, 0.0, 0.0, 90.0, 0.0, 8692.1767578125
0:01:16.700596, 0.0, 0.0, 90.0, 0.0, 8692.779296875
0:01:16.813041, 0.0, 0.0, 90.0, 0.0, 8693.4892578125
0:01:16.908147, 0.0, 0.0, 90.0, 0.0, 8694.0869140625
0:01:16.987637, 0.0, 0.0, 90.0, 0.0, 8694.58984375
0:01:17.101119, 0.0, 0.0, 90.0, 0.0, 8695.2998046875
0:01:17.211072, 0.0, 0.0, 90.0, 0.0, 8695.9912109375
0:01:17.298327, 0.0, 0.0, 90.0, 0.0, 8696.544921875
0:01:17.411763, 0.0, 0.0, 90.0, 0.0, 8697.2548828125
0:01:17.495031, 0.0, 0.0, 90.0, 0.0, 8697.783203125
0:01:17.601990, 0.0, 0.0, 90.0, 0.0, 8698.455078125
0:01:17.720050, 0.0, 0.0, 90.0, 0.0, 8699.197265625
0:01:17.817582, 0.0, 0.0, 90.0, 0.0, 8699.8134765625
0:01:17.932298, 0.0, 0.0, 90.0, 0.0, 8700.5302734375
0:01:18.031272, 0.0, 0.0, 90.0, 0.0, 8701.1591796875
0:01:18.124018, 0.0, 0.0, 90.0, 0.0, 8701.7373046875
0:01:18.237663, 0.0, 0.0, 90.0, 0.0, 8702.4541015625
0:01:18.324046, 0.0, 0.0, 90.0, 0.0, 8702.994140625
0:01:18.409152, 0.0, 0.0, 90.0, 0.0, 8703.53515625
0:01:18.526829, 0.0, 0.0, 90.0, 0.0, 8704.2763671875
0:01:18.615025, 0.0, 0.0, 90.0, 0.0, 8704.8291015625
0:01:18.741831, 0.0, 0.0, 90.0, 0.0, 8705.626953125
0:01:18.828846, 0.0, 0.0, 90.0, 0.0, 8706.16796875
0:01:18.915563, 0.0, 0.0, 90.0, 0.0, 8706.720703125
0:01:19.034054, 0.0, 0.0, 90.0, 0.0, 8707.4619140625
0:01:19.131530, 0.0, 0.0, 90.0, 0.0, 8708.0771484375
0:01:19.241763, 0.0, 0.0, 90.0, 0.0, 8708.7685546875
0:01:19.331605, 0.0, 0.0, 90.0, 0.0, 8709.333984375
0:01:19.415987, 0.0, 0.0, 90.0, 0.0, 8709.8681640625
0:01:19.514016, 0.0, 0.0, 90.0, 0.0, 8710.484375
0:01:19.640547, 0.0, 0.0, 90.0, 0.0, 8711.2763671875
0:01:19.752761, 0.0, 0.0, 90.0, 0.0, 8711.986328125
0:01:19.834474, 0.0, 0.0, 90.0, 0.0, 8712.49609375
0:01:19.928277, 0.0, 0.0, 90.0, 0.0, 8713.0927734375
0:01:20.039821, 0.0, 0.0, 90.0, 0.0, 8713.7900390625
0:01:20.127185, 0.0, 0.0, 90.0, 0.0, 8714.3427734375
0:01:20.252422, 0.0, 0.0, 90.0, 0.0, 8715.123046875
0:01:20.352422, 0.0, 0.0, 90.0, 0.0, 8715.7578125
0:01:20.443699, 0.0, 0.0, 90.0, 0.0, 8716.330078125
0:01:20.556015, 0.0, 0.0, 90.0, 0.0, 8717.0341796875
0:01:20.642892, 0.0, 0.0, 90.0, 0.0, 8717.587890625
0:01:20.759446, 0.0, 0.0, 90.0, 0.0, 8718.322265625
0:01:20.845662, 0.0, 0.0, 90.0, 0.0, 8718.86328125
0:01:20.952567, 0.0, 0.0, 90.0, 0.0, 8719.53515625
0:01:21.045305, 0.0, 0.0, 90.0, 0.0, 8720.1201171875
0:01:21.159035, 0.0, 0.0, 90.0, 0.0, 8720.8310546875
0:01:21.246187, 0.0, 0.0, 90.0, 0.0, 8721.3837890625
0:01:21.356710, 0.0, 0.0, 90.0, 0.0, 8722.0751953125
0:01:21.443021, 0.0, 0.0, 90.0, 0.0, 8722.6220703125
0:01:21.552936, 0.0, 0.0, 90.0, 0.0, 8723.306640625
0:01:21.655191, 0.0, 0.0, 90.0, 0.0, 8723.9541015625
0:01:21.773949, 0.0, 0.0, 90.0, 0.0, 8724.7021484375
0:01:21.854407, 0.0, 0.0, 90.0, 0.0, 8725.2109375
0:01:21.972896, 0.0, 0.0, 90.0, 0.0, 8725.9521484375
0:01:22.060189, 0.0, 0.0, 90.0, 0.0, 8726.5048828125
0:01:22.173696, 0.0, 0.0, 90.0, 0.0, 8727.21484375
0:01:22.273694, 0.0, 0.0, 90.0, 0.0, 8727.837890625
0:01:22.360530, 0.0, 0.0, 90.0, 0.0, 8728.390625
0:01:22.466327, 0.0, 0.0, 90.0, 0.0, 8729.056640625
0:01:22.578961, 0.0, 0.0, 90.0, 0.0, 8729.767578125
0:01:22.665453, 0.0, 0.0, 90.0, 0.0, 8730.3076171875
0:01:22.775282, 0.0, 0.0, 90.0, 0.0, 8731.0
0:01:22.862538, 0.0, 0.0, 90.0, 0.0, 8731.5537109375
0:01:22.963950, 0.0, 0.0, 90.0, 0.0, 8732.1884765625
0:01:23.079370, 0.0, 0.0, 90.0, 0.0, 8732.9169921875
0:01:23.166687, 0.0, 0.0, 90.0, 0.0, 8733.4638671875
0:01:23.275614, 0.0, 0.0, 90.0, 0.0, 8734.1494140625
0:01:23.389086, 0.0, 0.0, 90.0, 0.0, 8734.8662109375
0:01:23.474311, 0.0, 0.0, 90.0, 0.0, 8735.3994140625
0:01:23.573699, 0.0, 0.0, 90.0, 0.0, 8736.021484375
0:01:23.672855, 0.0, 0.0, 90.0, 0.0, 8736.650390625
0:01:23.786375, 0.0, 0.0, 90.0, 0.0, 8737.361328125
0:01:23.900044, 0.0, 0.0, 90.0, 0.0, 8738.078125
0:01:23.985063, 0.0, 0.0, 90.0, 0.0, 8738.6123046875
0:01:24.096603, 0.0, 0.0, 90.0, 0.0, 8739.31640625
0:01:24.192337, 0.0, 0.0, 90.0, 0.0, 8739.919921875
0:01:24.290648, 0.0, 0.0, 90.0, 0.0, 8740.5361328125
0:01:24.377885, 0.0, 0.0, 90.0, 0.0, 8741.0888671875
0:01:24.488372, 0.0, 0.0, 90.0, 0.0, 8741.7802734375
0:01:24.605259, 0.0, 0.0, 90.0, 0.0, 8742.515625
0:01:24.703191, 0.0, 0.0, 90.0, 0.0, 8743.130859375
0:01:24.804241, 0.0, 0.0, 90.0, 0.0, 8743.7666015625
0:01:24.893914, 0.0, 0.0, 90.0, 0.0, 8744.3330078125
0:01:24.981723, 0.0, 0.0, 90.0, 0.0, 8744.8857421875
0:01:25.094281, 0.0, 0.0, 90.0, 0.0, 8745.5966796875
0:01:25.207893, 0.0, 0.0, 90.0, 0.0, 8746.306640625
0:01:25.304259, 0.0, 0.0, 90.0, 0.0, 8746.916015625
0:01:25.391499, 0.0, 0.0, 90.0, 0.0, 8747.462890625
0:01:25.508177, 0.0, 0.0, 90.0, 0.0, 8748.1982421875
0:01:25.601241, 0.0, 0.0, 90.0, 0.0, 8748.7822265625
0:01:25.714749, 0.0, 0.0, 90.0, 0.0, 8749.4990234375
0:01:25.799058, 0.0, 0.0, 90.0, 0.0, 8750.0263671875
0:01:25.913678, 0.0, 0.0, 90.0, 0.0, 8750.7490234375
0:01:26.019451, 0.0, 0.0, 90.0, 0.0, 8751.416015625
0:01:26.114812, 0.0, 0.0, 90.0, 0.0, 8752.0126953125
0:01:26.199929, 0.0, 0.0, 90.0, 0.0, 8752.546875
0:01:26.314396, 0.0, 0.0, 90.0, 0.0, 8753.2705078125
0:01:26.424326, 0.0, 0.0, 90.0, 0.0, 8753.9609375
0:01:26.522685, 0.0, 0.0, 90.0, 0.0, 8754.5830078125
0:01:26.608059, 0.0, 0.0, 90.0, 0.0, 8755.1171875
0:01:26.704073, 0.0, 0.0, 90.0, 0.0, 8755.720703125
0:01:26.830725, 0.0, 0.0, 90.0, 0.0, 8756.51953125
0:01:26.916280, 0.0, 0.0, 90.0, 0.0, 8757.0537109375
0:01:27.025430, 0.0, 0.0, 90.0, 0.0, 8757.744140625
0:01:27.135338, 0.0, 0.0, 90.0, 0.0, 8758.435546875
0:01:27.221594, 0.0, 0.0, 90.0, 0.0, 8758.9755859375
0:01:27.334230, 0.0, 0.0, 90.0, 0.0, 8759.6865234375
0:01:27.441245, 0.0, 0.0, 90.0, 0.0, 8760.359375
0:01:27.527476, 0.0, 0.0, 90.0, 0.0, 8760.8994140625
0:01:27.638994, 0.0, 0.0, 90.0, 0.0, 8761.6044921875
0:01:27.722269, 0.0, 0.0, 90.0, 0.0, 8762.1259765625
0:01:27.848033, 0.0, 0.0, 90.0, 0.0, 8762.91796875
0:01:27.915908, 0.0, 0.0, 90.0, 0.0, 8763.345703125
0:01:28.031502, 0.0, 0.0, 90.0, 0.0, 8764.07421875
0:01:28.121721, 0.0, 0.0, 90.0, 0.0, 8764.640625
0:01:28.236293, 0.0, 0.0, 90.0, 0.0, 8765.36328125
0:01:28.333441, 0.0, 0.0, 90.0, 0.0, 8765.97265625
0:01:28.447085, 0.0, 0.0, 90.0, 0.0, 8766.6884765625
0:01:28.542170, 0.0, 0.0, 90.0, 0.0, 8767.28515625
0:01:28.627370, 0.0, 0.0, 90.0, 0.0, 8767.8193359375
0:01:28.740861, 0.0, 0.0, 90.0, 0.0, 8768.53515625
0:01:28.857418, 0.0, 0.0, 90.0, 0.0, 8769.2705078125
0:01:28.939527, 0.0, 0.0, 90.0, 0.0, 8769.7861328125
0:01:29.050170, 0.0, 0.0, 90.0, 0.0, 8770.4833984375
0:01:29.134280, 0.0, 0.0, 90.0, 0.0, 8771.0107421875
0:01:29.257305, 0.0, 0.0, 90.0, 0.0, 8771.7841796875
0:01:29.345456, 0.0, 0.0, 90.0, 0.0, 8772.3369140625
0:01:29.442943, 0.0, 0.0, 90.0, 0.0, 8772.953125
0:01:29.559511, 0.0, 0.0, 90.0, 0.0, 8773.6884765625
0:01:29.651488, 0.0, 0.0, 90.0, 0.0, 8774.265625
0:01:29.737767, 0.0, 0.0, 90.0, 0.0, 8774.806640625
0:01:29.860468, 0.0, 0.0, 90.0, 0.0, 8775.5791015625
0:01:29.949797, 0.0, 0.0, 90.0, 0.0, 8776.1376953125
0:01:30.063271, 0.0, 0.0, 90.0, 0.0, 8776.8544921875
0:01:30.177745, 0.0, 0.0, 90.0, 0.0, 8777.578125
0:01:30.262961, 0.0, 0.0, 90.0, 0.0, 8778.1123046875
0:01:30.350268, 0.0, 0.0, 90.0, 0.0, 8778.6591796875
0:01:30.446597, 0.0, 0.0, 90.0, 0.0, 8779.2685546875
0:01:30.573354, 0.0, 0.0, 90.0, 0.0, 8780.060546875
0:01:30.660542, 0.0, 0.0, 90.0, 0.0, 8780.6142578125
0:01:30.776125, 0.0, 0.0, 90.0, 0.0, 8781.337890625
0:01:30.863397, 0.0, 0.0, 90.0, 0.0, 8781.890625
0:01:30.977031, 0.0, 0.0, 90.0, 0.0, 8782.607421875
0:01:31.082882, 0.0, 0.0, 90.0, 0.0, 8783.2734375
0:01:31.169127, 0.0, 0.0, 90.0, 0.0, 8783.814453125
0:01:31.281207, 0.0, 0.0, 90.0, 0.0, 8784.517578125
0:01:31.376191, 0.0, 0.0, 90.0, 0.0, 8785.1142578125
0:01:31.475302, 0.0, 0.0, 90.0, 0.0, 8785.7431640625
0:01:31.574683, 0.0, 0.0, 90.0, 0.0, 8786.365234375
0:01:31.660976, 0.0, 0.0, 90.0, 0.0, 8786.90625
0:01:31.768821, 0.0, 0.0, 90.0, 0.0, 8787.583984375
0:01:31.885334, 0.0, 0.0, 90.0, 0.0, 8788.3193359375
0:01:31.968504, 0.0, 0.0, 90.0, 0.0, 8788.841796875
0:01:32.081161, 0.0, 0.0, 90.0, 0.0, 8789.5517578125
0:01:32.178122, 0.0, 0.0, 90.0, 0.0, 8790.162109375
0:01:32.275523, 0.0, 0.0, 90.0, 0.0, 8790.7783203125
0:01:32.385404, 0.0, 0.0, 90.0, 0.0, 8791.4697265625
0:01:32.472683, 0.0, 0.0, 90.0, 0.0, 8792.0166015625
0:01:32.586297, 0.0, 0.0, 90.0, 0.0, 8792.7333984375
0:01:32.671475, 0.0, 0.0, 90.0, 0.0, 8793.267578125
0:01:32.767530, 0.0, 0.0, 90.0, 0.0, 8793.87109375
0:01:32.893266, 0.0, 0.0, 90.0, 0.0, 8794.6630859375
0:01:32.979784, 0.0, 0.0, 90.0, 0.0, 8795.2041015625
0:01:33.076978, 0.0, 0.0, 90.0, 0.0, 8795.8193359375
0:01:33.189532, 0.0, 0.0, 90.0, 0.0, 8796.529296875
0:01:33.288167, 0.0, 0.0, 90.0, 0.0, 8797.14453125
0:01:33.398563, 0.0, 0.0, 90.0, 0.0, 8797.8427734375
0:01:33.485837, 0.0, 0.0, 90.0, 0.0, 8798.3896484375
0:01:33.596296, 0.0, 0.0, 90.0, 0.0, 8799.0869140625
0:01:33.682500, 0.0, 0.0, 90.0, 0.0, 8799.626953125
0:01:33.791409, 0.0, 0.0, 90.0, 0.0, 8800.3115234375
0:01:33.906052, 0.0, 0.0, 90.0, 0.0, 8801.0341796875
0:01:33.989127, 0.0, 0.0, 90.0, 0.0, 8801.5556640625
0:01:34.100649, 0.0, 0.0, 90.0, 0.0, 8802.259765625
0:01:34.186882, 0.0, 0.0, 90.0, 0.0, 8802.80078125
0:01:34.307430, 0.0, 0.0, 90.0, 0.0, 8803.560546875
0:01:34.398179, 0.0, 0.0, 90.0, 0.0, 8804.1328125
0:01:34.484434, 0.0, 0.0, 90.0, 0.0, 8804.673828125
0:01:34.596999, 0.0, 0.0, 90.0, 0.0, 8805.3837890625
0:01:34.712569, 0.0, 0.0, 90.0, 0.0, 8806.1064453125
0:01:34.796851, 0.0, 0.0, 90.0, 0.0, 8806.640625
0:01:34.893307, 0.0, 0.0, 90.0, 0.0, 8807.244140625
0:01:35.010980, 0.0, 0.0, 90.0, 0.0, 8807.986328125
0:01:35.106634, 0.0, 0.0, 90.0, 0.0, 8808.58984375
0:01:35.225199, 0.0, 0.0, 90.0, 0.0, 8809.33203125
0:01:35.316450, 0.0, 0.0, 90.0, 0.0, 8809.8974609375
0:01:35.427086, 0.0, 0.0, 90.0, 0.0, 8810.6083984375
0:01:35.526620, 0.0, 0.0, 90.0, 0.0, 8811.2294921875
0:01:35.626867, 0.0, 0.0, 90.0, 0.0, 8811.8583984375
0:01:35.701815, 0.0, 0.0, 90.0, 0.0, 8812.3359375
0:01:35.816172, 0.0, 0.0, 90.0, 0.0, 8813.052734375
0:01:35.916590, 0.0, 0.0, 90.0, 0.0, 8813.6875
0:01:36.004824, 0.0, 0.0, 90.0, 0.0, 8814.2412109375
0:01:36.119345, 0.0, 0.0, 90.0, 0.0, 8814.9638671875
0:01:36.211744, 0.0, 0.0, 90.0, 0.0, 8815.5419921875
0:01:36.308258, 0.0, 0.0, 90.0, 0.0, 8816.1513671875
0:01:36.433718, 0.0, 0.0, 90.0, 0.0, 8816.9365234375
0:01:36.521054, 0.0, 0.0, 90.0, 0.0, 8817.4892578125
0:01:36.633588, 0.0, 0.0, 90.0, 0.0, 8818.193359375
0:01:36.720816, 0.0, 0.0, 90.0, 0.0, 8818.74609375
0:01:36.837326, 0.0, 0.0, 90.0, 0.0, 8819.4755859375
0:01:36.924588, 0.0, 0.0, 90.0, 0.0, 8820.0283203125
0:01:37.031564, 0.0, 0.0, 90.0, 0.0, 8820.701171875
0:01:37.145125, 0.0, 0.0, 90.0, 0.0, 8821.412109375
0:01:37.251937, 0.0, 0.0, 90.0, 0.0, 8822.0849609375
0:01:37.348996, 0.0, 0.0, 90.0, 0.0, 8822.6943359375
0:01:37.448042, 0.0, 0.0, 90.0, 0.0, 8823.3232421875
0:01:37.527596, 0.0, 0.0, 90.0, 0.0, 8823.8193359375
0:01:37.638476, 0.0, 0.0, 90.0, 0.0, 8824.5166015625
0:01:37.738350, 0.0, 0.0, 90.0, 0.0, 8825.1455078125
0:01:37.835924, 0.0, 0.0, 90.0, 0.0, 8825.76171875
0:01:37.951831, 0.0, 0.0, 90.0, 0.0, 8826.4912109375
0:01:38.048650, 0.0, 0.0, 90.0, 0.0, 8827.1015625
0:01:38.138775, 0.0, 0.0, 90.0, 0.0, 8827.666015625
0:01:38.238859, 0.0, 0.0, 90.0, 0.0, 8828.294921875
0:01:38.355577, 0.0, 0.0, 90.0, 0.0, 8829.0302734375
0:01:38.443902, 0.0, 0.0, 90.0, 0.0, 8829.5888671875
0:01:38.557476, 0.0, 0.0, 90.0, 0.0, 8830.298828125
0:01:38.643757, 0.0, 0.0, 90.0, 0.0, 8830.845703125
0:01:38.759478, 0.0, 0.0, 90.0, 0.0, 8831.5693359375
0:01:38.849635, 0.0, 0.0, 90.0, 0.0, 8832.1416015625
0:01:38.948460, 0.0, 0.0, 90.0, 0.0, 8832.7646484375
0:01:39.069243, 0.0, 0.0, 90.0, 0.0, 8833.525390625
0:01:39.150012, 0.0, 0.0, 90.0, 0.0, 8834.0283203125
0:01:39.257723, 0.0, 0.0, 90.0, 0.0, 8834.70703125
0:01:39.351334, 0.0, 0.0, 90.0, 0.0, 8835.2978515625
0:01:39.478083, 0.0, 0.0, 90.0, 0.0, 8836.095703125
0:01:39.555741, 0.0, 0.0, 90.0, 0.0, 8836.580078125
0:01:39.662531, 0.0, 0.0, 90.0, 0.0, 8837.25390625
0:01:39.774808, 0.0, 0.0, 90.0, 0.0, 8837.9638671875
0:01:39.858054, 0.0, 0.0, 90.0, 0.0, 8838.486328125
0:01:39.963919, 0.0, 0.0, 90.0, 0.0, 8839.15234375
0:01:40.061069, 0.0, 0.0, 90.0, 0.0, 8839.76171875
0:01:40.185564, 0.0, 0.0, 90.0, 0.0, 8840.5478515625
0:01:40.271687, 0.0, 0.0, 90.0, 0.0, 8841.087890625
0:01:40.368804, 0.0, 0.0, 90.0, 0.0, 8841.697265625
0:01:40.480699, 0.0, 0.0, 90.0, 0.0, 8842.40234375
0:01:40.589278, 0.0, 0.0, 90.0, 0.0, 8843.087890625
0:01:40.670839, 0.0, 0.0, 90.0, 0.0, 8843.6025390625
0:01:40.789356, 0.0, 0.0, 90.0, 0.0, 8844.3447265625
0:01:40.876631, 0.0, 0.0, 90.0, 0.0, 8844.8984375
0:01:40.984504, 0.0, 0.0, 90.0, 0.0, 8845.5771484375
0:01:41.194195, 0.0, 0.0, 90.0, 0.0, 8846.896484375
0:01:41.279428, 0.0, 0.0, 90.0, 0.0, 8847.4306640625
0:01:41.379019, 0.0, 0.0, 90.0, 0.0, 8848.0595703125
0:01:41.472605, 0.0, 0.0, 90.0, 0.0, 8848.64453125
0:01:41.581467, 0.0, 0.0, 90.0, 0.0, 8849.3291015625
0:01:41.691354, 0.0, 0.0, 90.0, 0.0, 8850.0205078125
0:01:41.772035, 0.0, 0.0, 90.0, 0.0, 8850.529296875
0:01:41.894568, 0.0, 0.0, 90.0, 0.0, 8851.294921875
0:01:41.981345, 0.0, 0.0, 90.0, 0.0, 8851.8486328125
0:01:42.102193, 0.0, 0.0, 90.0, 0.0, 8852.609375
0:01:42.188350, 0.0, 0.0, 90.0, 0.0, 8853.150390625
0:01:42.288719, 0.0, 0.0, 90.0, 0.0, 8853.779296875
0:01:42.395570, 0.0, 0.0, 90.0, 0.0, 8854.4521484375
0:01:42.479765, 0.0, 0.0, 90.0, 0.0, 8854.986328125
0:01:42.609271, 0.0, 0.0, 90.0, 0.0, 8855.796875
0:01:42.694470, 0.0, 0.0, 90.0, 0.0, 8856.3369140625
0:01:42.815067, 0.0, 0.0, 90.0, 0.0, 8857.0908203125
0:01:42.896642, 0.0, 0.0, 90.0, 0.0, 8857.6064453125
0:01:43.009228, 0.0, 0.0, 90.0, 0.0, 8858.3173828125
0:01:43.097384, 0.0, 0.0, 90.0, 0.0, 8858.8701171875
0:01:43.210991, 0.0, 0.0, 90.0, 0.0, 8859.5859375
0:01:43.302373, 0.0, 0.0, 90.0, 0.0, 8860.1572265625
0:01:43.411279, 0.0, 0.0, 90.0, 0.0, 8860.841796875
0:01:43.510094, 0.0, 0.0, 90.0, 0.0, 8861.4638671875
0:01:43.604859, 0.0, 0.0, 90.0, 0.0, 8862.0615234375
0:01:43.719503, 0.0, 0.0, 90.0, 0.0, 8862.7841796875
0:01:43.809841, 0.0, 0.0, 90.0, 0.0, 8863.349609375
0:01:43.926256, 0.0, 0.0, 90.0, 0.0, 8864.083984375
0:01:44.010427, 0.0, 0.0, 90.0, 0.0, 8864.6123046875
0:01:44.128127, 0.0, 0.0, 90.0, 0.0, 8865.353515625
0:01:44.217404, 0.0, 0.0, 90.0, 0.0, 8865.912109375
0:01:44.304574, 0.0, 0.0, 90.0, 0.0, 8866.46484375
0:01:44.401663, 0.0, 0.0, 90.0, 0.0, 8867.07421875
0:01:44.527049, 0.0, 0.0, 90.0, 0.0, 8867.8603515625
0:01:44.605639, 0.0, 0.0, 90.0, 0.0, 8868.357421875
0:01:44.709531, 0.0, 0.0, 90.0, 0.0, 8869.0107421875
0:01:44.821093, 0.0, 0.0, 90.0, 0.0, 8869.708984375
0:01:44.911432, 0.0, 0.0, 90.0, 0.0, 8870.2802734375
0:01:45.019275, 0.0, 0.0, 90.0, 0.0, 8870.958984375
0:01:45.134991, 0.0, 0.0, 90.0, 0.0, 8871.6875
0:01:45.222168, 0.0, 0.0, 90.0, 0.0, 8872.2353515625
0:01:45.326879, 0.0, 0.0, 90.0, 0.0, 8872.896484375
0:01:45.412217, 0.0, 0.0, 90.0, 0.0, 8873.4306640625
0:01:45.529647, 0.0, 0.0, 90.0, 0.0, 8874.171875
0:01:45.632958, 0.0, 0.0, 90.0, 0.0, 8874.8203125
0:01:45.741759, 0.0, 0.0, 90.0, 0.0, 8875.505859375
0:01:45.830240, 0.0, 0.0, 90.0, 0.0, 8876.064453125
0:01:45.917383, 0.0, 0.0, 90.0, 0.0, 8876.611328125
0:01:46.029917, 0.0, 0.0, 90.0, 0.0, 8877.322265625
0:01:46.144491, 0.0, 0.0, 90.0, 0.0, 8878.0380859375
0:01:46.250411, 0.0, 0.0, 90.0, 0.0, 8878.7041015625
0:01:46.330019, 0.0, 0.0, 90.0, 0.0, 8879.2060546875
0:01:46.442522, 0.0, 0.0, 90.0, 0.0, 8879.9169921875
0:01:46.527689, 0.0, 0.0, 90.0, 0.0, 8880.451171875
0:01:46.634626, 0.0, 0.0, 90.0, 0.0, 8881.1240234375
0:01:46.750141, 0.0, 0.0, 90.0, 0.0, 8881.853515625
0:01:46.837517, 0.0, 0.0, 90.0, 0.0, 8882.400390625
0:01:46.951110, 0.0, 0.0, 90.0, 0.0, 8883.1162109375
0:01:47.050930, 0.0, 0.0, 90.0, 0.0, 8883.744140625
0:01:47.152289, 0.0, 0.0, 90.0, 0.0, 8884.3798828125
0:01:47.251556, 0.0, 0.0, 90.0, 0.0, 8885.0087890625
0:01:47.343552, 0.0, 0.0, 90.0, 0.0, 8885.5869140625
0:01:47.459258, 0.0, 0.0, 90.0, 0.0, 8886.31640625
0:01:47.547636, 0.0, 0.0, 90.0, 0.0, 8886.869140625
0:01:47.662144, 0.0, 0.0, 90.0, 0.0, 8887.591796875
0:01:47.746307, 0.0, 0.0, 90.0, 0.0, 8888.119140625
0:01:47.862117, 0.0, 0.0, 90.0, 0.0, 8888.84765625
0:01:47.961375, 0.0, 0.0, 90.0, 0.0, 8889.470703125
0:01:48.048720, 0.0, 0.0, 90.0, 0.0, 8890.0234375
0:01:48.162270, 0.0, 0.0, 90.0, 0.0, 8890.7333984375
0:01:48.261413, 0.0, 0.0, 90.0, 0.0, 8891.3623046875
0:01:48.345625, 0.0, 0.0, 90.0, 0.0, 8891.890625
0:01:48.459149, 0.0, 0.0, 90.0, 0.0, 8892.6064453125
0:01:48.565115, 0.0, 0.0, 90.0, 0.0, 8893.2724609375
0:01:48.652266, 0.0, 0.0, 90.0, 0.0, 8893.8193359375
0:01:48.773419, 0.0, 0.0, 90.0, 0.0, 8894.580078125
0:01:48.871696, 0.0, 0.0, 90.0, 0.0, 8895.2021484375
0:01:48.960935, 0.0, 0.0, 90.0, 0.0, 8895.76171875
0:01:49.055714, 0.0, 0.0, 90.0, 0.0, 8896.359375
0:01:49.168266, 0.0, 0.0, 90.0, 0.0, 8897.0693359375
0:01:49.282855, 0.0, 0.0, 90.0, 0.0, 8897.787109375
0:01:49.368130, 0.0, 0.0, 90.0, 0.0, 8898.328125
0:01:49.483641, 0.0, 0.0, 90.0, 0.0, 8899.05078125
0:01:49.583026, 0.0, 0.0, 90.0, 0.0, 8899.673828125
0:01:49.681936, 0.0, 0.0, 90.0, 0.0, 8900.302734375
0:01:49.771184, 0.0, 0.0, 90.0, 0.0, 8900.8623046875
0:01:49.884842, 0.0, 0.0, 90.0, 0.0, 8901.5791015625
0:01:49.992889, 0.0, 0.0, 90.0, 0.0, 8902.2578125
0:01:50.101768, 0.0, 0.0, 90.0, 0.0, 8902.943359375
0:01:50.172819, 0.0, 0.0, 90.0, 0.0, 8903.3896484375
0:01:50.292925, 0.0, 0.0, 90.0, 0.0, 8904.14453125
0:01:50.394422, 0.0, 0.0, 90.0, 0.0, 8904.78515625
0:01:50.479521, 0.0, 0.0, 90.0, 0.0, 8905.3193359375
0:01:50.592988, 0.0, 0.0, 90.0, 0.0, 8906.0361328125
0:01:50.688865, 0.0, 0.0, 90.0, 0.0, 8906.6396484375
0:01:50.807118, 0.0, 0.0, 90.0, 0.0, 8907.375
0:01:50.897103, 0.0, 0.0, 90.0, 0.0, 8907.947265625
0:01:50.992316, 0.0, 0.0, 90.0, 0.0, 8908.55078125
0:01:51.106840, 0.0, 0.0, 90.0, 0.0, 8909.267578125
0:01:51.203879, 0.0, 0.0, 90.0, 0.0, 8909.8828125
0:01:51.295728, 0.0, 0.0, 90.0, 0.0, 8910.455078125
0:01:51.413352, 0.0, 0.0, 90.0, 0.0, 8911.197265625
0:01:51.500579, 0.0, 0.0, 90.0, 0.0, 8911.744140625
0:01:51.615180, 0.0, 0.0, 90.0, 0.0, 8912.466796875
0:01:51.707303, 0.0, 0.0, 90.0, 0.0, 8913.044921875
0:01:51.802582, 0.0, 0.0, 90.0, 0.0, 8913.6484375
0:01:51.906456, 0.0, 0.0, 90.0, 0.0, 8914.3017578125
0:01:52.003208, 0.0, 0.0, 90.0, 0.0, 8914.912109375
0:01:52.125160, 0.0, 0.0, 90.0, 0.0, 8915.6728515625
0:01:52.223124, 0.0, 0.0, 90.0, 0.0, 8916.2958984375
0:01:52.333722, 0.0, 0.0, 90.0, 0.0, 8916.9873046875
0:01:52.415946, 0.0, 0.0, 90.0, 0.0, 8917.5087890625
0:01:52.527460, 0.0, 0.0, 90.0, 0.0, 8918.20703125
0:01:52.614721, 0.0, 0.0, 90.0, 0.0, 8918.759765625
0:01:52.726335, 0.0, 0.0, 90.0, 0.0, 8919.45703125
0:01:52.813585, 0.0, 0.0, 90.0, 0.0, 8920.009765625
0:01:52.923661, 0.0, 0.0, 90.0, 0.0, 8920.701171875
0:01:53.005082, 0.0, 0.0, 90.0, 0.0, 8921.2158203125
0:01:53.122572, 0.0, 0.0, 90.0, 0.0, 8921.951171875
0:01:53.236216, 0.0, 0.0, 90.0, 0.0, 8922.66796875
0:01:53.323482, 0.0, 0.0, 90.0, 0.0, 8923.21484375
0:01:53.436957, 0.0, 0.0, 90.0, 0.0, 8923.931640625
0:01:53.532939, 0.0, 0.0, 90.0, 0.0, 8924.5341796875
0:01:53.635357, 0.0, 0.0, 90.0, 0.0, 8925.181640625
0:01:53.718620, 0.0, 0.0, 90.0, 0.0, 8925.703125
0:01:53.814593, 0.0, 0.0, 90.0, 0.0, 8926.306640625
0:01:53.927136, 0.0, 0.0, 90.0, 0.0, 8927.0107421875
0:01:54.031118, 0.0, 0.0, 90.0, 0.0, 8927.669921875
0:01:54.144909, 0.0, 0.0, 90.0, 0.0, 8928.3798828125
0:01:54.252332, 0.0, 0.0, 90.0, 0.0, 8929.05859375
0:01:54.342577, 0.0, 0.0, 90.0, 0.0, 8929.6298828125
0:01:54.437909, 0.0, 0.0, 90.0, 0.0, 8930.2265625
0:01:54.533322, 0.0, 0.0, 90.0, 0.0, 8930.8232421875
0:01:54.648330, 0.0, 0.0, 90.0, 0.0, 8931.5458984375
0:01:54.745524, 0.0, 0.0, 90.0, 0.0, 8932.1611328125
0:01:54.837976, 0.0, 0.0, 90.0, 0.0, 8932.7392578125
0:01:54.963066, 0.0, 0.0, 90.0, 0.0, 8933.5244140625
0:01:55.045820, 0.0, 0.0, 90.0, 0.0, 8934.052734375
0:01:55.159335, 0.0, 0.0, 90.0, 0.0, 8934.7626953125
0:01:55.253447, 0.0, 0.0, 90.0, 0.0, 8935.353515625
0:01:55.347317, 0.0, 0.0, 90.0, 0.0, 8935.9453125
0:01:55.457153, 0.0, 0.0, 90.0, 0.0, 8936.6376953125
0:01:55.568601, 0.0, 0.0, 90.0, 0.0, 8937.3427734375
0:01:55.663991, 0.0, 0.0, 90.0, 0.0, 8937.9404296875
0:01:55.761025, 0.0, 0.0, 90.0, 0.0, 8938.5498046875
0:01:55.846864, 0.0, 0.0, 90.0, 0.0, 8939.0966796875
0:01:55.958474, 0.0, 0.0, 90.0, 0.0, 8939.7939453125
0:01:56.069439, 0.0, 0.0, 90.0, 0.0, 8940.4912109375
0:01:56.156322, 0.0, 0.0, 90.0, 0.0, 8941.0380859375
