Time, Frequency, Amplitude, Offset, PhaseShift, Phase
0:00:00.056736, 0.0, 0.0, 90.0, 1.5414283107572988e-44, 50590.26953125
0:00:00.152439, 0.0, 0.0, 90.0, 1.5414283107572988e-44, 50590.87109375
0:00:00.248139, 0.0, 0.0, 90.0, 1.5414283107572988e-44, 50591.4765625
0:00:00.361727, 0.0, 0.0, 90.0, 1.5414283107572988e-44, 50592.19140625
0:00:00.455952, 0.0, 0.0, 90.0, 1.5414283107572988e-44, 50592.78125
0:00:00.568610, 0.0, 0.0, 90.0, 1.5414283107572988e-44, 50593.48828125
0:00:00.669224, 0.0, 0.0, 90.0, 1.5414283107572988e-44, 50594.125
0:00:00.769895, 0.0, 0.0, 90.0, 1.5414283107572988e-44, 50594.75390625
0:00:00.869048, 0.0, 0.0, 90.0, 1.5414283107572988e-44, 50595.3828125
0:00:00.950726, 0.0, 0.0, 90.0, 1.5414283107572988e-44, 50595.890625
0:00:01.065437, 0.0, 0.0, 90.0, 1.5414283107572988e-44, 50596.61328125
0:00:01.150778, 0.0, 0.0, 90.0, 1.5414283107572988e-44, 50597.15234375
0:00:01.263423, 0.0, 0.0, 90.0, 1.5414283107572988e-44, 50597.85546875
0:00:01.348615, 0.0, 0.0, 90.0, 1.5414283107572988e-44, 50598.390625
0:00:01.463300, 0.0, 0.0, 90.0, 1.5414283107572988e-44, 50599.109375
0:00:01.561640, 0.0, 0.0, 90.0, 1.5414283107572988e-44, 50599.73046875
0:00:01.670653, 0.0, 0.0, 90.0, 1.5414283107572988e-44, 50600.4140625
0:00:01.753994, 0.0, 0.0, 90.0, 1.5414283107572988e-44, 50600.93359375
0:00:01.850134, 0.0, 0.0, 90.0, 1.5414283107572988e-44, 50601.54296875
0:00:01.977121, 0.0, 0.0, 90.0, 1.5414283107572988e-44, 50602.34375
0:00:02.064436, 0.0, 0.0, 90.0, 1.5414283107572988e-44, 50602.88671875
0:00:02.178123, 0.0, 0.0, 90.0, 1.5414283107572988e-44, 50603.6015625
0:00:02.275815, 0.0, 0.0, 90.0, 1.5414283107572988e-44, 50604.21875
0:00:02.365101, 0.0, 0.0, 90.0, 1.5414283107572988e-44, 50604.77734375
0:00:02.480794, 0.0, 0.0, 90.0, 1.5414283107572988e-44, 50605.50390625
0:00:02.579923, 0.0, 0.0, 90.0, 1.5414283107572988e-44, 50606.12890625
0:00:02.678986, 0.0, 0.0, 90.0, 1.5414283107572988e-44, 50606.75390625
0:00:02.770904, 0.0, 0.0, 90.0, 1.5414283107572988e-44, 50607.33203125
0:00:02.887461, 0.0, 0.0, 90.0, 1.5414283107572988e-44, 50608.0703125
0:00:02.971777, 0.0, 0.0, 90.0, 1.5414283107572988e-44, 50608.60546875
0:00:03.066970, 0.0, 0.0, 90.0, 1.5414283107572988e-44, 50609.19921875
0:00:03.176097, 0.0, 0.0, 90.0, 1.5414283107572988e-44, 50609.8828125
0:00:03.288716, 0.0, 0.0, 90.0, 1.5414283107572988e-44, 50610.58984375
0:00:03.387366, 0.0, 0.0, 90.0, 1.5414283107572988e-44, 50611.20703125
0:00:03.493128, 0.0, 0.0, 90.0, 1.5414283107572988e-44, 50611.87109375
0:00:03.591356, 0.0, 0.0, 90.0, 1.5414283107572988e-44, 50612.4921875
0:00:03.674702, 0.0, 0.0, 90.0, 1.5414283107572988e-44, 50613.01171875
0:00:03.790423, 0.0, 0.0, 90.0, 1.5414283107572988e-44, 50613.73828125
0:00:03.884003, 0.0, 0.0, 90.0, 1.5414283107572988e-44, 50614.33203125
0:00:03.999632, 0.0, 0.0, 90.0, 1.5414283107572988e-44, 50615.05859375
0:00:04.089167, 0.0, 0.0, 90.0, 1.5414283107572988e-44, 50615.62109375
0:00:04.201831, 0.0, 0.0, 90.0, 1.5414283107572988e-44, 50616.328125
0:00:04.284786, 0.0, 0.0, 90.0, 1.5414283107572988e-44, 50616.84765625
0:00:04.382426, 0.0, 0.0, 90.0, 1.5414283107572988e-44, 50617.45703125
0:00:04.508246, 0.0, 0.0, 90.0, 1.5414283107572988e-44, 50618.24609375
0:00:04.593619, 0.0, 0.0, 90.0, 1.5414283107572988e-44, 50618.78515625
0:00:04.690802, 0.0, 0.0, 90.0, 1.5414283107572988e-44, 50619.3984375
0:00:04.799472, 0.0, 0.0, 90.0, 1.5414283107572988e-44, 50620.078125
0:00:04.886895, 0.0, 0.0, 90.0, 1.5414283107572988e-44, 50620.625
0:00:05.001519, 0.0, 0.0, 90.0, 1.5414283107572988e-44, 50621.34375
0:00:05.121163, 0.0, 0.0, 90.0, 1.5414283107572988e-44, 50622.09375
0:00:05.202048, 0.0, 0.0, 90.0, 1.5414283107572988e-44, 50622.6015625
0:00:05.307988, 0.0, 0.0, 90.0, 1.5414283107572988e-44, 50623.265625
0:00:05.391375, 0.0, 0.0, 90.0, 1.5414283107572988e-44, 50623.7890625
0:00:05.504100, 0.0, 0.0, 90.0, 1.5414283107572988e-44, 50624.5
0:00:05.599727, 0.0, 0.0, 90.0, 1.5414283107572988e-44, 50625.1015625
0:00:05.714291, 0.0, 0.0, 90.0, 1.5414283107572988e-44, 50625.81640625
0:00:05.828024, 0.0, 0.0, 90.0, 1.5414283107572988e-44, 50626.53125
0:00:05.913227, 0.0, 0.0, 90.0, 1.5414283107572988e-44, 50627.0625
0:00:06.000084, 0.0, 0.0, 90.0, 1.5414283107572988e-44, 50627.609375
0:00:06.100037, 0.0, 0.0, 90.0, 1.5414283107572988e-44, 50628.23828125
0:00:06.210140, 0.0, 0.0, 90.0, 1.5414283107572988e-44, 50628.93359375
0:00:06.297507, 0.0, 0.0, 90.0, 1.5414283107572988e-44, 50629.48046875
0:00:06.411178, 0.0, 0.0, 90.0, 1.5414283107572988e-44, 50630.1953125
0:00:06.509773, 0.0, 0.0, 90.0, 1.5414283107572988e-44, 50630.8125
0:00:06.627890, 0.0, 0.0, 90.0, 1.5414283107572988e-44, 50631.5625
0:00:06.712147, 0.0, 0.0, 90.0, 1.5414283107572988e-44, 50632.09375
0:00:06.821196, 0.0, 0.0, 90.0, 1.5414283107572988e-44, 50632.77734375
0:00:06.918510, 0.0, 0.0, 90.0, 1.5414283107572988e-44, 50633.39453125
0:00:07.034267, 0.0, 0.0, 90.0, 1.5414283107572988e-44, 50634.11328125
0:00:07.121624, 0.0, 0.0, 90.0, 1.5414283107572988e-44, 50634.6640625
0:00:07.236315, 0.0, 0.0, 90.0, 1.5414283107572988e-44, 50635.390625
0:00:07.332946, 0.0, 0.0, 90.0, 1.5414283107572988e-44, 50635.9921875
0:00:07.429596, 0.0, 0.0, 90.0, 1.5414283107572988e-44, 50636.59375
0:00:07.542250, 0.0, 0.0, 90.0, 1.5414283107572988e-44, 50637.30078125
0:00:07.641644, 0.0, 0.0, 90.0, 1.5414283107572988e-44, 50637.9296875
0:00:07.730554, 0.0, 0.0, 90.0, 1.5414283107572988e-44, 50638.48828125
0:00:07.844264, 0.0, 0.0, 90.0, 1.5414283107572988e-44, 50639.203125
0:00:07.956046, 0.0, 0.0, 90.0, 1.5414283107572988e-44, 50639.90234375
0:00:08.042167, 0.0, 0.0, 90.0, 1.5414283107572988e-44, 50640.44140625
0:00:08.155088, 0.0, 0.0, 90.0, 1.5414283107572988e-44, 50641.1484375
0:00:08.253572, 0.0, 0.0, 90.0, 1.5414283107572988e-44, 50641.76953125
0:00:08.352381, 0.0, 0.0, 90.0, 1.5414283107572988e-44, 50642.390625
0:00:08.443713, 0.0, 0.0, 90.0, 1.5414283107572988e-44, 50642.953125
0:00:08.561456, 0.0, 0.0, 90.0, 1.5414283107572988e-44, 50643.6953125
0:00:08.651512, 0.0, 0.0, 90.0, 1.5414283107572988e-44, 50644.265625
0:00:08.737846, 0.0, 0.0, 90.0, 1.5414283107572988e-44, 50644.8046875
0:00:08.851601, 0.0, 0.0, 90.0, 1.5414283107572988e-44, 50645.51953125
0:00:08.967302, 0.0, 0.0, 90.0, 1.5414283107572988e-44, 50646.25
0:00:09.062631, 0.0, 0.0, 90.0, 1.5414283107572988e-44, 50646.84375
0:00:09.162271, 0.0, 0.0, 90.0, 1.5414283107572988e-44, 50647.47265625
0:00:09.246801, 0.0, 0.0, 90.0, 1.5414283107572988e-44, 50647.99609375
0:00:09.370360, 0.0, 0.0, 90.0, 1.5414283107572988e-44, 50648.77734375
0:00:09.464657, 0.0, 0.0, 90.0, 1.5414283107572988e-44, 50649.375
0:00:09.559398, 0.0, 0.0, 90.0, 1.5414283107572988e-44, 50649.96875
0:00:09.665391, 0.0, 0.0, 90.0, 1.5414283107572988e-44, 50650.6328125
0:00:09.754778, 0.0, 0.0, 90.0, 1.5414283107572988e-44, 50651.19140625
0:00:09.851055, 0.0, 0.0, 90.0, 1.5414283107572988e-44, 50651.79296875
0:00:09.972808, 0.0, 0.0, 90.0, 1.5414283107572988e-44, 50652.55859375
0:00:10.067661, 0.0, 0.0, 90.0, 1.5414283107572988e-44, 50653.15234375
0:00:10.182643, 0.0, 0.0, 90.0, 1.5414283107572988e-44, 50653.875
0:00:10.269907, 0.0, 0.0, 90.0, 1.5414283107572988e-44, 50654.4296875
0:00:10.383916, 0.0, 0.0, 90.0, 1.5414283107572988e-44, 50655.1484375
0:00:10.483714, 0.0, 0.0, 90.0, 1.5414283107572988e-44, 50655.76953125
0:00:10.574025, 0.0, 0.0, 90.0, 1.5414283107572988e-44, 50656.33984375
0:00:10.683838, 0.0, 0.0, 90.0, 1.5414283107572988e-44, 50657.0234375
0:00:10.775616, 0.0, 0.0, 90.0, 1.5414283107572988e-44, 50657.60546875
0:00:10.873186, 0.0, 0.0, 90.0, 1.5414283107572988e-44, 50658.21484375
0:00:10.985832, 0.0, 0.0, 90.0, 1.5414283107572988e-44, 50658.921875
0:00:11.082625, 0.0, 0.0, 90.0, 1.5414283107572988e-44, 50659.53125
0:00:11.178791, 0.0, 0.0, 90.0, 1.5414283107572988e-44, 50660.1328125
0:00:11.294501, 0.0, 0.0, 90.0, 1.5414283107572988e-44, 50660.86328125
0:00:11.399745, 0.0, 0.0, 90.0, 1.5414283107572988e-44, 50661.51953125
0:00:11.485395, 0.0, 0.0, 90.0, 1.5414283107572988e-44, 50662.05859375
0:00:11.577410, 0.0, 0.0, 90.0, 1.5414283107572988e-44, 50662.6328125
0:00:11.703090, 0.0, 0.0, 90.0, 1.5414283107572988e-44, 50663.42578125
0:00:11.797747, 0.0, 0.0, 90.0, 1.5414283107572988e-44, 50664.0234375
0:00:11.882026, 0.0, 0.0, 90.0, 1.5414283107572988e-44, 50664.55078125
0:00:11.982683, 0.0, 0.0, 90.0, 1.5414283107572988e-44, 50665.1875
0:00:12.104732, 0.0, 0.0, 90.0, 1.5414283107572988e-44, 50665.953125
0:00:12.203587, 0.0, 0.0, 90.0, 1.5414283107572988e-44, 50666.5703125
0:00:12.295328, 0.0, 0.0, 90.0, 1.5414283107572988e-44, 50667.15234375
0:00:12.380678, 0.0, 0.0, 90.0, 1.5414283107572988e-44, 50667.68359375
0:00:12.494460, 0.0, 0.0, 90.0, 1.5414283107572988e-44, 50668.39453125
0:00:12.609185, 0.0, 0.0, 90.0, 1.5414283107572988e-44, 50669.12109375
0:00:12.696550, 0.0, 0.0, 90.0, 1.5414283107572988e-44, 50669.66796875
0:00:12.807302, 0.0, 0.0, 90.0, 1.5414283107572988e-44, 50670.3671875
0:00:12.915001, 0.0, 0.0, 90.0, 1.5414283107572988e-44, 50671.0390625
0:00:13.011082, 0.0, 0.0, 90.0, 1.5414283107572988e-44, 50671.6484375
0:00:13.098471, 0.0, 0.0, 90.0, 1.5414283107572988e-44, 50672.19921875
0:00:13.204366, 0.0, 0.0, 90.0, 1.5414283107572988e-44, 50672.86328125
0:00:13.323625, 0.0, 0.0, 90.0, 1.5414283107572988e-44, 50673.609375
0:00:13.417652, 0.0, 0.0, 90.0, 1.5414283107572988e-44, 50674.19921875
0:00:13.513237, 0.0, 0.0, 90.0, 1.5414283107572988e-44, 50674.80078125
0:00:13.625905, 0.0, 0.0, 90.0, 1.5414283107572988e-44, 50675.50390625
0:00:13.714318, 0.0, 0.0, 90.0, 1.5414283107572988e-44, 50676.0625
0:00:13.802701, 0.0, 0.0, 90.0, 1.5414283107572988e-44, 50676.61328125
0:00:13.923386, 0.0, 0.0, 90.0, 1.5414283107572988e-44, 50677.37109375
0:00:14.005151, 0.0, 0.0, 90.0, 1.5414283107572988e-44, 50677.88671875
0:00:14.120767, 0.0, 0.0, 90.0, 1.5414283107572988e-44, 50678.6171875
0:00:14.206330, 0.0, 0.0, 90.0, 1.5414283107572988e-44, 50679.15234375
0:00:14.323157, 0.0, 0.0, 90.0, 1.5414283107572988e-44, 50679.88671875
0:00:14.421101, 0.0, 0.0, 90.0, 1.5414283107572988e-44, 50680.5
0:00:14.520588, 0.0, 0.0, 90.0, 1.5414283107572988e-44, 50681.1171875
0:00:14.629909, 0.0, 0.0, 90.0, 1.5414283107572988e-44, 50681.80859375
0:00:14.714324, 0.0, 0.0, 90.0, 1.5414283107572988e-44, 50682.34375
0:00:14.835166, 0.0, 0.0, 90.0, 1.5414283107572988e-44, 50683.10546875
0:00:14.924238, 0.0, 0.0, 90.0, 1.5414283107572988e-44, 50683.66015625
0:00:15.038503, 0.0, 0.0, 90.0, 1.5414283107572988e-44, 50684.3828125
0:00:15.125896, 0.0, 0.0, 90.0, 1.5414283107572988e-44, 50684.93359375
0:00:15.238712, 0.0, 0.0, 90.0, 1.5414283107572988e-44, 50685.6328125
0:00:15.324517, 0.0, 0.0, 90.0, 1.5414283107572988e-44, 50686.17578125
0:00:15.447525, 0.0, 0.0, 90.0, 1.5414283107572988e-44, 50686.9453125
0:00:15.531696, 0.0, 0.0, 90.0, 1.5414283107572988e-44, 50687.48046875
0:00:15.645279, 0.0, 0.0, 90.0, 1.5414283107572988e-44, 50688.19140625
0:00:15.743433, 0.0, 0.0, 90.0, 1.5414283107572988e-44, 50688.80859375
0:00:15.843847, 0.0, 0.0, 90.0, 1.5414283107572988e-44, 50689.44140625
0:00:15.951058, 0.0, 0.0, 90.0, 1.5414283107572988e-44, 50690.11328125
0:00:16.028541, 0.0, 0.0, 90.0, 1.5414283107572988e-44, 50690.6015625
0:00:16.135644, 0.0, 0.0, 90.0, 1.5414283107572988e-44, 50691.26953125
0:00:16.249609, 0.0, 0.0, 90.0, 1.5414283107572988e-44, 50691.984375
0:00:16.336667, 0.0, 0.0, 90.0, 1.5414283107572988e-44, 50692.53125
0:00:16.448221, 0.0, 0.0, 90.0, 1.5414283107572988e-44, 50693.234375
0:00:16.543969, 0.0, 0.0, 90.0, 1.5414283107572988e-44, 50693.83984375
0:00:16.645710, 0.0, 0.0, 90.0, 1.5414283107572988e-44, 50694.47265625
0:00:16.754277, 0.0, 0.0, 90.0, 1.5414283107572988e-44, 50695.15625
0:00:16.851496, 0.0, 0.0, 90.0, 1.5414283107572988e-44, 50695.765625
0:00:16.961448, 0.0, 0.0, 90.0, 1.5414283107572988e-44, 50696.45703125
0:00:17.044812, 0.0, 0.0, 90.0, 1.5414283107572988e-44, 50696.984375
0:00:17.170325, 0.0, 0.0, 90.0, 1.5414283107572988e-44, 50697.765625
0:00:17.257567, 0.0, 0.0, 90.0, 1.5414283107572988e-44, 50698.31640625
0:00:17.353798, 0.0, 0.0, 90.0, 1.5414283107572988e-44, 50698.91796875
0:00:17.475887, 0.0, 0.0, 90.0, 1.5414283107572988e-44, 50699.68359375
0:00:17.578247, 0.0, 0.0, 90.0, 1.5414283107572988e-44, 50700.33203125
0:00:17.663596, 0.0, 0.0, 90.0, 1.5414283107572988e-44, 50700.8671875
0:00:17.772553, 0.0, 0.0, 90.0, 1.5414283107572988e-44, 50701.546875
0:00:17.857891, 0.0, 0.0, 90.0, 1.5414283107572988e-44, 50702.0859375
0:00:17.968358, 0.0, 0.0, 90.0, 1.5414283107572988e-44, 50702.77734375
0:00:18.061469, 0.0, 0.0, 90.0, 1.5414283107572988e-44, 50703.359375
0:00:18.177281, 0.0, 0.0, 90.0, 1.5414283107572988e-44, 50704.0859375
0:00:18.274721, 0.0, 0.0, 90.0, 1.5414283107572988e-44, 50704.703125
0:00:18.375337, 0.0, 0.0, 90.0, 1.5414283107572988e-44, 50705.33203125
0:00:18.462629, 0.0, 0.0, 90.0, 1.5414283107572988e-44, 50705.8828125
0:00:18.576149, 0.0, 0.0, 90.0, 1.5414283107572988e-44, 50706.59375
0:00:18.659396, 0.0, 0.0, 90.0, 1.5414283107572988e-44, 50707.12109375
0:00:18.776159, 0.0, 0.0, 90.0, 1.5414283107572988e-44, 50707.85546875
0:00:18.885680, 0.0, 0.0, 90.0, 1.5414283107572988e-44, 50708.5390625
0:00:18.986042, 0.0, 0.0, 90.0, 1.5414283107572988e-44, 50709.171875
0:00:19.078469, 0.0, 0.0, 90.0, 1.5414283107572988e-44, 50709.74609375
0:00:19.164825, 0.0, 0.0, 90.0, 1.5414283107572988e-44, 50710.29296875
0:00:19.265258, 0.0, 0.0, 90.0, 1.5414283107572988e-44, 50710.921875
0:00:19.368600, 0.0, 0.0, 90.0, 1.5414283107572988e-44, 50711.57421875
0:00:19.474549, 0.0, 0.0, 90.0, 1.5414283107572988e-44, 50712.23828125
0:00:19.587254, 0.0, 0.0, 90.0, 1.5414283107572988e-44, 50712.9375
0:00:19.696514, 0.0, 0.0, 90.0, 1.5414283107572988e-44, 50713.62109375
0:00:19.797340, 0.0, 0.0, 90.0, 1.5414283107572988e-44, 50714.26171875
0:00:19.895762, 0.0, 0.0, 90.0, 1.5414283107572988e-44, 50714.875
0:00:19.987290, 0.0, 0.0, 90.0, 1.5414283107572988e-44, 50715.4453125
0:00:20.096772, 0.0, 0.0, 90.0, 1.5414283107572988e-44, 50716.1328125
0:00:20.204938, 0.0, 0.0, 90.0, 1.5414283107572988e-44, 50716.8125
0:00:20.298258, 0.0, 0.0, 90.0, 1.5414283107572988e-44, 50717.40234375
0:00:20.395838, 0.0, 0.0, 90.0, 1.5414283107572988e-44, 50718.015625
0:00:20.501937, 0.0, 0.0, 90.0, 1.5414283107572988e-44, 50718.6796875
0:00:20.590821, 0.0, 0.0, 90.0, 1.5414283107572988e-44, 50719.23046875
0:00:20.702345, 0.0, 0.0, 90.0, 1.5414283107572988e-44, 50719.93359375
0:00:20.788566, 0.0, 0.0, 90.0, 1.5414283107572988e-44, 50720.4765625
0:00:20.882752, 0.0, 0.0, 90.0, 1.5414283107572988e-44, 50721.06640625
0:00:20.997616, 0.0, 0.0, 90.0, 1.5414283107572988e-44, 50721.7890625
0:00:21.093768, 0.0, 0.0, 90.0, 1.5414283107572988e-44, 50722.390625
0:00:21.197895, 0.0, 0.0, 90.0, 1.5414283107572988e-44, 50723.04296875
0:00:21.312852, 0.0, 0.0, 90.0, 1.5414283107572988e-44, 50723.765625
0:00:21.399373, 0.0, 0.0, 90.0, 1.5414283107572988e-44, 50724.3125
0:00:21.511747, 0.0, 0.0, 90.0, 1.5414283107572988e-44, 50725.015625
0:00:21.598288, 0.0, 0.0, 90.0, 1.5414283107572988e-44, 50725.5625
0:00:21.725747, 0.0, 0.0, 90.0, 1.5414283107572988e-44, 50726.3671875
0:00:21.816797, 0.0, 0.0, 90.0, 1.5414283107572988e-44, 50726.93359375
0:00:21.901726, 0.0, 0.0, 90.0, 1.5414283107572988e-44, 50727.47265625
0:00:22.026285, 0.0, 0.0, 90.0, 1.5414283107572988e-44, 50728.25
0:00:22.096429, 0.0, 0.0, 90.0, 1.5414283107572988e-44, 50728.69140625
0:00:22.196709, 0.0, 0.0, 90.0, 1.5414283107572988e-44, 50729.328125
0:00:22.311487, 0.0, 0.0, 90.0, 1.5414283107572988e-44, 50730.05078125
0:00:22.406977, 0.0, 0.0, 90.0, 1.5414283107572988e-44, 50730.6484375
0:00:22.534611, 0.0, 0.0, 90.0, 1.5414283107572988e-44, 50731.44921875
0:00:22.629250, 0.0, 0.0, 90.0, 1.5414283107572988e-44, 50732.046875
0:00:22.724136, 0.0, 0.0, 90.0, 1.5414283107572988e-44, 50732.640625
0:00:22.809554, 0.0, 0.0, 90.0, 1.5414283107572988e-44, 50733.171875
0:00:22.906541, 0.0, 0.0, 90.0, 1.5414283107572988e-44, 50733.78125
0:00:23.028129, 0.0, 0.0, 90.0, 1.5414283107572988e-44, 50734.54296875
0:00:23.124662, 0.0, 0.0, 90.0, 1.5414283107572988e-44, 50735.14453125
0:00:23.223148, 0.0, 0.0, 90.0, 1.5414283107572988e-44, 50735.765625
0:00:23.337971, 0.0, 0.0, 90.0, 1.5414283107572988e-44, 50736.48828125
0:00:23.418590, 0.0, 0.0, 90.0, 1.5414283107572988e-44, 50736.99609375
0:00:23.528581, 0.0, 0.0, 90.0, 1.5414283107572988e-44, 50737.6875
0:00:23.617076, 0.0, 0.0, 90.0, 1.5414283107572988e-44, 50738.2421875
0:00:23.729604, 0.0, 0.0, 90.0, 1.5414283107572988e-44, 50738.953125
0:00:23.823793, 0.0, 0.0, 90.0, 1.5414283107572988e-44, 50739.5390625
0:00:23.938685, 0.0, 0.0, 90.0, 1.5414283107572988e-44, 50740.265625
0:00:24.037969, 0.0, 0.0, 90.0, 1.5414283107572988e-44, 50740.89453125
0:00:24.116704, 0.0, 0.0, 90.0, 1.5414283107572988e-44, 50741.3828125
0:00:24.232324, 0.0, 0.0, 90.0, 1.5414283107572988e-44, 50742.109375
0:00:24.318588, 0.0, 0.0, 90.0, 1.5414283107572988e-44, 50742.6484375
0:00:24.439914, 0.0, 0.0, 90.0, 1.5414283107572988e-44, 50743.40625
0:00:24.526899, 0.0, 0.0, 90.0, 1.5414283107572988e-44, 50743.95703125
0:00:24.641545, 0.0, 0.0, 90.0, 1.5414283107572988e-44, 50744.6796875
0:00:24.726857, 0.0, 0.0, 90.0, 1.5414283107572988e-44, 50745.21484375
0:00:24.847654, 0.0, 0.0, 90.0, 1.5414283107572988e-44, 50745.97265625
0:00:24.933368, 0.0, 0.0, 90.0, 1.5414283107572988e-44, 50746.5078125
0:00:25.049709, 0.0, 0.0, 90.0, 1.5414283107572988e-44, 50747.2421875
0:00:25.133937, 0.0, 0.0, 90.0, 1.5414283107572988e-44, 50747.765625
0:00:25.248724, 0.0, 0.0, 90.0, 1.5414283107572988e-44, 50748.48828125
0:00:25.338148, 0.0, 0.0, 90.0, 1.5414283107572988e-44, 50749.05078125
0:00:25.456446, 0.0, 0.0, 90.0, 1.5414283107572988e-44, 50749.7890625
0:00:25.555150, 0.0, 0.0, 90.0, 1.5414283107572988e-44, 50750.41015625
0:00:25.642329, 0.0, 0.0, 90.0, 1.5414283107572988e-44, 50750.95703125
0:00:25.740267, 0.0, 0.0, 90.0, 1.5414283107572988e-44, 50751.57421875
0:00:25.870202, 0.0, 0.0, 90.0, 1.5414283107572988e-44, 50752.390625
0:00:25.967385, 0.0, 0.0, 90.0, 1.5414283107572988e-44, 50753.0
0:00:26.061267, 0.0, 0.0, 90.0, 1.5414283107572988e-44, 50753.58984375
0:00:26.145531, 0.0, 0.0, 90.0, 1.5414283107572988e-44, 50754.125
0:00:26.261166, 0.0, 0.0, 90.0, 1.5414283107572988e-44, 50754.84765625
0:00:26.358596, 0.0, 0.0, 90.0, 1.5414283107572988e-44, 50755.4609375
0:00:26.467850, 0.0, 0.0, 90.0, 1.5414283107572988e-44, 50756.14453125
0:00:26.554336, 0.0, 0.0, 90.0, 1.5414283107572988e-44, 50756.69140625
0:00:26.665681, 0.0, 0.0, 90.0, 1.5414283107572988e-44, 50757.38671875
0:00:26.745443, 0.0, 0.0, 90.0, 1.5414283107572988e-44, 50757.890625
0:00:26.858250, 0.0, 0.0, 90.0, 1.5414283107572988e-44, 50758.6015625
0:00:26.957967, 0.0, 0.0, 90.0, 1.5414283107572988e-44, 50759.23046875
0:00:27.056429, 0.0, 0.0, 90.0, 1.5414283107572988e-44, 50759.84765625
0:00:27.169280, 0.0, 0.0, 90.0, 1.5414283107572988e-44, 50760.5546875
0:00:27.257465, 0.0, 0.0, 90.0, 1.5414283107572988e-44, 50761.11328125
0:00:27.371180, 0.0, 0.0, 90.0, 1.5414283107572988e-44, 50761.8203125
0:00:27.454615, 0.0, 0.0, 90.0, 1.5414283107572988e-44, 50762.34765625
0:00:27.568327, 0.0, 0.0, 90.0, 1.5414283107572988e-44, 50763.0625
0:00:27.657709, 0.0, 0.0, 90.0, 1.5414283107572988e-44, 50763.625
0:00:27.779678, 0.0, 0.0, 90.0, 1.5414283107572988e-44, 50764.39453125
0:00:27.888138, 0.0, 0.0, 90.0, 1.5414283107572988e-44, 50765.07421875
0:00:27.981438, 0.0, 0.0, 90.0, 1.5414283107572988e-44, 50765.66796875
0:00:28.079025, 0.0, 0.0, 90.0, 1.5414283107572988e-44, 50766.28125
0:00:28.189378, 0.0, 0.0, 90.0, 1.5414283107572988e-44, 50766.96484375
0:00:28.270626, 0.0, 0.0, 90.0, 1.5414283107572988e-44, 50767.4765625
0:00:28.380618, 0.0, 0.0, 90.0, 1.5414283107572988e-44, 50768.171875
0:00:28.468987, 0.0, 0.0, 90.0, 1.5414283107572988e-44, 50768.72265625
0:00:28.579018, 0.0, 0.0, 90.0, 1.5414283107572988e-44, 50769.41015625
0:00:28.678500, 0.0, 0.0, 90.0, 1.5414283107572988e-44, 50770.04296875
0:00:28.770335, 0.0, 0.0, 90.0, 1.5414283107572988e-44, 50770.62109375
0:00:28.880576, 0.0, 0.0, 90.0, 1.5414283107572988e-44, 50771.30859375
0:00:28.979332, 0.0, 0.0, 90.0, 1.5414283107572988e-44, 50771.93359375
0:00:29.078714, 0.0, 0.0, 90.0, 1.5414283107572988e-44, 50772.55859375
0:00:29.195188, 0.0, 0.0, 90.0, 1.5414283107572988e-44, 50773.29296875
0:00:29.280566, 0.0, 0.0, 90.0, 1.5414283107572988e-44, 50773.828125
0:00:29.373705, 0.0, 0.0, 90.0, 1.5414283107572988e-44, 50774.4140625
0:00:29.492355, 0.0, 0.0, 90.0, 1.5414283107572988e-44, 50775.16015625
0:00:29.588589, 0.0, 0.0, 90.0, 1.5414283107572988e-44, 50775.76171875
0:00:29.700227, 0.0, 0.0, 90.0, 1.5414283107572988e-44, 50776.4609375
0:00:29.788646, 0.0, 0.0, 90.0, 1.5414283107572988e-44, 50777.01953125
0:00:29.896757, 0.0, 0.0, 90.0, 1.5414283107572988e-44, 50777.69921875
0:00:30.006831, 0.0, 0.0, 90.0, 1.5414283107572988e-44, 50778.38671875
0:00:30.111903, 0.0, 0.0, 90.0, 1.5414283107572988e-44, 50779.046875
0:00:30.205848, 0.0, 0.0, 90.0, 1.5414283107572988e-44, 50779.6328125
0:00:30.290318, 0.0, 0.0, 90.0, 1.5414283107572988e-44, 50780.1640625
0:00:30.406003, 0.0, 0.0, 90.0, 1.5414283107572988e-44, 50780.88671875
0:00:30.493475, 0.0, 0.0, 90.0, 1.5414283107572988e-44, 50781.44140625
0:00:30.619257, 0.0, 0.0, 90.0, 1.5414283107572988e-44, 50782.23046875
0:00:30.704555, 0.0, 0.0, 90.0, 1.5414283107572988e-44, 50782.765625
0:00:30.814295, 0.0, 0.0, 90.0, 1.5414283107572988e-44, 50783.45703125
0:00:30.894668, 0.0, 0.0, 90.0, 1.5414283107572988e-44, 50783.95703125
0:00:31.010379, 0.0, 0.0, 90.0, 1.5414283107572988e-44, 50784.68359375
0:00:31.109179, 0.0, 0.0, 90.0, 1.5414283107572988e-44, 50785.3046875
0:00:31.224615, 0.0, 0.0, 90.0, 1.5414283107572988e-44, 50786.03515625
0:00:31.305359, 0.0, 0.0, 90.0, 1.5414283107572988e-44, 50786.5390625
0:00:31.417044, 0.0, 0.0, 90.0, 1.5414283107572988e-44, 50787.2421875
0:00:31.502608, 0.0, 0.0, 90.0, 1.5414283107572988e-44, 50787.78125
0:00:31.601234, 0.0, 0.0, 90.0, 1.5414283107572988e-44, 50788.40234375
0:00:31.703386, 0.0, 0.0, 90.0, 1.5414283107572988e-44, 50789.04296875
0:00:31.815995, 0.0, 0.0, 90.0, 1.5414283107572988e-44, 50789.75390625
0:00:31.901342, 0.0, 0.0, 90.0, 1.5414283107572988e-44, 50790.2890625
0:00:31.999022, 0.0, 0.0, 90.0, 1.5414283107572988e-44, 50790.90625
0:00:32.099510, 0.0, 0.0, 90.0, 1.5414283107572988e-44, 50791.53515625
0:00:32.200020, 0.0, 0.0, 90.0, 1.5414283107572988e-44, 50792.16796875
0:00:32.314809, 0.0, 0.0, 90.0, 1.5414283107572988e-44, 50792.890625
0:00:32.403046, 0.0, 0.0, 90.0, 1.5414283107572988e-44, 50793.44140625
0:00:32.527741, 0.0, 0.0, 90.0, 1.5414283107572988e-44, 50794.2265625
0:00:32.631610, 0.0, 0.0, 90.0, 1.5414283107572988e-44, 50794.875
0:00:32.717018, 0.0, 0.0, 90.0, 1.5414283107572988e-44, 50795.41015625
0:00:32.832738, 0.0, 0.0, 90.0, 1.5414283107572988e-44, 50796.13671875
0:00:32.917128, 0.0, 0.0, 90.0, 1.5414283107572988e-44, 50796.6640625
0:00:33.031831, 0.0, 0.0, 90.0, 1.5414283107572988e-44, 50797.38671875
0:00:33.115546, 0.0, 0.0, 90.0, 1.5414283107572988e-44, 50797.9140625
0:00:33.211397, 0.0, 0.0, 90.0, 1.5414283107572988e-44, 50798.515625
0:00:33.338220, 0.0, 0.0, 90.0, 1.5414283107572988e-44, 50799.31640625
0:00:33.422821, 0.0, 0.0, 90.0, 1.5414283107572988e-44, 50799.84375
0:00:33.534639, 0.0, 0.0, 90.0, 1.5414283107572988e-44, 50800.55078125
0:00:33.631684, 0.0, 0.0, 90.0, 1.5414283107572988e-44, 50801.16796875
0:00:33.741736, 0.0, 0.0, 90.0, 1.5414283107572988e-44, 50801.85546875
0:00:33.823503, 0.0, 0.0, 90.0, 1.5414283107572988e-44, 50802.37109375
0:00:33.933384, 0.0, 0.0, 90.0, 1.5414283107572988e-44, 50803.0546875
0:00:34.030815, 0.0, 0.0, 90.0, 1.5414283107572988e-44, 50803.671875
0:00:34.133798, 0.0, 0.0, 90.0, 1.5414283107572988e-44, 50804.31640625
0:00:34.230812, 0.0, 0.0, 90.0, 1.5414283107572988e-44, 50804.92578125
0:00:34.351805, 0.0, 0.0, 90.0, 1.5414283107572988e-44, 50805.6875
0:00:34.449975, 0.0, 0.0, 90.0, 1.5414283107572988e-44, 50806.3125
0:00:34.541861, 0.0, 0.0, 90.0, 1.5414283107572988e-44, 50806.8828125
0:00:34.650819, 0.0, 0.0, 90.0, 1.5414283107572988e-44, 50807.57421875
0:00:34.748382, 0.0, 0.0, 90.0, 1.5414283107572988e-44, 50808.18359375
0:00:34.834710, 0.0, 0.0, 90.0, 1.5414283107572988e-44, 50808.7265625
0:00:34.947404, 0.0, 0.0, 90.0, 1.5414283107572988e-44, 50809.42578125
0:00:35.033671, 0.0, 0.0, 90.0, 1.5414283107572988e-44, 50809.97265625
0:00:35.156555, 0.0, 0.0, 90.0, 1.5414283107572988e-44, 50810.7421875
0:00:35.241890, 0.0, 0.0, 90.0, 1.5414283107572988e-44, 50811.27734375
0:00:35.338921, 0.0, 0.0, 90.0, 1.5414283107572988e-44, 50811.8828125
0:00:35.446974, 0.0, 0.0, 90.0, 1.5414283107572988e-44, 50812.55859375
0:00:35.561726, 0.0, 0.0, 90.0, 1.5414283107572988e-44, 50813.27734375
0:00:35.672730, 0.0, 0.0, 90.0, 1.5414283107572988e-44, 50813.97265625
0:00:35.742894, 0.0, 0.0, 90.0, 1.5414283107572988e-44, 50814.41796875
0:00:35.841435, 0.0, 0.0, 90.0, 1.5414283107572988e-44, 50815.03125
0:00:35.944853, 0.0, 0.0, 90.0, 1.5414283107572988e-44, 50815.68359375
0:00:36.061493, 0.0, 0.0, 90.0, 1.5414283107572988e-44, 50816.4140625
0:00:36.161863, 0.0, 0.0, 90.0, 1.5414283107572988e-44, 50817.046875
0:00:36.253272, 0.0, 0.0, 90.0, 1.5414283107572988e-44, 50817.6171875
0:00:36.366133, 0.0, 0.0, 90.0, 1.5414283107572988e-44, 50818.32421875
0:00:36.481323, 0.0, 0.0, 90.0, 1.5414283107572988e-44, 50819.046875
0:00:36.553467, 0.0, 0.0, 90.0, 1.5414283107572988e-44, 50819.5
0:00:36.681042, 0.0, 0.0, 90.0, 1.5414283107572988e-44, 50820.3046875
0:00:36.768727, 0.0, 0.0, 90.0, 1.5414283107572988e-44, 50820.85546875
0:00:36.857692, 0.0, 0.0, 90.0, 1.5414283107572988e-44, 50821.4140625
0:00:36.972477, 0.0, 0.0, 90.0, 1.5414283107572988e-44, 50822.13671875
0:00:37.059825, 0.0, 0.0, 90.0, 1.5414283107572988e-44, 50822.6796875
0:00:37.173007, 0.0, 0.0, 90.0, 1.5414283107572988e-44, 50823.38671875
0:00:37.255840, 0.0, 0.0, 90.0, 1.5414283107572988e-44, 50823.9140625
0:00:37.371542, 0.0, 0.0, 90.0, 1.5414283107572988e-44, 50824.6328125
0:00:37.467947, 0.0, 0.0, 90.0, 1.5414283107572988e-44, 50825.2421875
0:00:37.582711, 0.0, 0.0, 90.0, 1.5414283107572988e-44, 50825.96484375
0:00:37.670163, 0.0, 0.0, 90.0, 1.5414283107572988e-44, 50826.5078125
0:00:37.783817, 0.0, 0.0, 90.0, 1.5414283107572988e-44, 50827.2265625
0:00:37.871195, 0.0, 0.0, 90.0, 1.5414283107572988e-44, 50827.7734375
0:00:37.971741, 0.0, 0.0, 90.0, 1.5414283107572988e-44, 50828.41015625
0:00:38.082464, 0.0, 0.0, 90.0, 1.5414283107572988e-44, 50829.109375
0:00:38.171949, 0.0, 0.0, 90.0, 1.5414283107572988e-44, 50829.66796875
0:00:38.284761, 0.0, 0.0, 90.0, 1.5414283107572988e-44, 50830.37890625
0:00:38.396014, 0.0, 0.0, 90.0, 1.5414283107572988e-44, 50831.08203125
0:00:38.479508, 0.0, 0.0, 90.0, 1.5414283107572988e-44, 50831.60546875
0:00:38.593097, 0.0, 0.0, 90.0, 1.5414283107572988e-44, 50832.3203125
0:00:38.678516, 0.0, 0.0, 90.0, 1.5414283107572988e-44, 50832.8515625
0:00:38.785907, 0.0, 0.0, 90.0, 1.5414283107572988e-44, 50833.53125
0:00:38.882984, 0.0, 0.0, 90.0, 1.5414283107572988e-44, 50834.14453125
0:00:38.992998, 0.0, 0.0, 90.0, 1.5414283107572988e-44, 50834.83203125
0:00:39.091458, 0.0, 0.0, 90.0, 1.5414283107572988e-44, 50835.45703125
0:00:39.191849, 0.0, 0.0, 90.0, 1.5414283107572988e-44, 50836.0859375
0:00:39.284662, 0.0, 0.0, 90.0, 1.5414283107572988e-44, 50836.66796875
0:00:39.400041, 0.0, 0.0, 90.0, 1.5414283107572988e-44, 50837.390625
0:00:39.513272, 0.0, 0.0, 90.0, 1.5414283107572988e-44, 50838.1015625
0:00:39.597660, 0.0, 0.0, 90.0, 1.5414283107572988e-44, 50838.62890625
0:00:39.704865, 0.0, 0.0, 90.0, 1.5414283107572988e-44, 50839.296875
0:00:39.816572, 0.0, 0.0, 90.0, 1.5414283107572988e-44, 50839.99609375
0:00:39.912976, 0.0, 0.0, 90.0, 1.5414283107572988e-44, 50840.6015625
0:00:40.013429, 0.0, 0.0, 90.0, 1.5414283107572988e-44, 50841.23046875
0:00:40.112768, 0.0, 0.0, 90.0, 1.5414283107572988e-44, 50841.86328125
0:00:40.204553, 0.0, 0.0, 90.0, 1.5414283107572988e-44, 50842.44140625
0:00:40.316304, 0.0, 0.0, 90.0, 1.5414283107572988e-44, 50843.13671875
0:00:40.403633, 0.0, 0.0, 90.0, 1.5414283107572988e-44, 50843.6875
0:00:40.523609, 0.0, 0.0, 90.0, 1.5414283107572988e-44, 50844.4375
0:00:40.623927, 0.0, 0.0, 90.0, 1.5414283107572988e-44, 50845.06640625
0:00:40.714536, 0.0, 0.0, 90.0, 1.5414283107572988e-44, 50845.63671875
0:00:40.800788, 0.0, 0.0, 90.0, 1.5414283107572988e-44, 50846.17578125
0:00:40.913460, 0.0, 0.0, 90.0, 1.5414283107572988e-44, 50846.88671875
0:00:41.022705, 0.0, 0.0, 90.0, 1.5414283107572988e-44, 50847.5703125
0:00:41.119636, 0.0, 0.0, 90.0, 1.5414283107572988e-44, 50848.1875
0:00:41.231771, 0.0, 0.0, 90.0, 1.5414283107572988e-44, 50848.88671875
0:00:41.314785, 0.0, 0.0, 90.0, 1.5414283107572988e-44, 50849.4140625
0:00:41.427475, 0.0, 0.0, 90.0, 1.5414283107572988e-44, 50850.12109375
0:00:41.525726, 0.0, 0.0, 90.0, 1.5414283107572988e-44, 50850.734375
0:00:41.623597, 0.0, 0.0, 90.0, 1.5414283107572988e-44, 50851.3515625
0:00:41.745569, 0.0, 0.0, 90.0, 1.5414283107572988e-44, 50852.1171875
0:00:41.815123, 0.0, 0.0, 90.0, 1.5414283107572988e-44, 50852.5546875
0:00:41.933285, 0.0, 0.0, 90.0, 1.5414283107572988e-44, 50853.29296875
0:00:42.043345, 0.0, 0.0, 90.0, 1.5414283107572988e-44, 50853.984375
0:00:42.141071, 0.0, 0.0, 90.0, 1.5414283107572988e-44, 50854.6015625
0:00:42.248195, 0.0, 0.0, 90.0, 1.5414283107572988e-44, 50855.26953125
0:00:42.332562, 0.0, 0.0, 90.0, 1.5414283107572988e-44, 50855.796875
0:00:42.427113, 0.0, 0.0, 90.0, 1.5414283107572988e-44, 50856.390625
0:00:42.523578, 0.0, 0.0, 90.0, 1.5414283107572988e-44, 50856.99609375
0:00:42.623084, 0.0, 0.0, 90.0, 1.5414283107572988e-44, 50857.62109375
0:00:42.740438, 0.0, 0.0, 90.0, 1.5414283107572988e-44, 50858.359375
0:00:42.855183, 0.0, 0.0, 90.0, 1.5414283107572988e-44, 50859.078125
0:00:42.953028, 0.0, 0.0, 90.0, 1.5414283107572988e-44, 50859.6953125
0:00:43.054052, 0.0, 0.0, 90.0, 1.5414283107572988e-44, 50860.328125
0:00:43.145447, 0.0, 0.0, 90.0, 1.5414283107572988e-44, 50860.90625
0:00:43.255496, 0.0, 0.0, 90.0, 1.5414283107572988e-44, 50861.59765625
0:00:43.354609, 0.0, 0.0, 90.0, 1.5414283107572988e-44, 50862.21875
0:00:43.445511, 0.0, 0.0, 90.0, 1.5414283107572988e-44, 50862.7890625
0:00:43.553459, 0.0, 0.0, 90.0, 1.5414283107572988e-44, 50863.46484375
0:00:43.649100, 0.0, 0.0, 90.0, 1.5414283107572988e-44, 50864.06640625
0:00:43.743084, 0.0, 0.0, 90.0, 1.5414283107572988e-44, 50864.65625
0:00:43.838914, 0.0, 0.0, 90.0, 1.5414283107572988e-44, 50865.26171875
0:00:43.949575, 0.0, 0.0, 90.0, 1.5414283107572988e-44, 50865.9609375
0:00:44.034938, 0.0, 0.0, 90.0, 1.5414283107572988e-44, 50866.4921875
0:00:44.143855, 0.0, 0.0, 90.0, 1.5414283107572988e-44, 50867.17578125
0:00:44.240598, 0.0, 0.0, 90.0, 1.5414283107572988e-44, 50867.78515625
0:00:44.354335, 0.0, 0.0, 90.0, 1.5414283107572988e-44, 50868.5
0:00:44.455851, 0.0, 0.0, 90.0, 1.5414283107572988e-44, 50869.13671875
0:00:44.546333, 0.0, 0.0, 90.0, 1.5414283107572988e-44, 50869.70703125
0:00:44.655528, 0.0, 0.0, 90.0, 1.5414283107572988e-44, 50870.390625
0:00:44.751443, 0.0, 0.0, 90.0, 1.5414283107572988e-44, 50870.9921875
0:00:44.858459, 0.0, 0.0, 90.0, 1.5414283107572988e-44, 50871.66015625
0:00:44.945757, 0.0, 0.0, 90.0, 1.5414283107572988e-44, 50872.21484375
0:00:45.074448, 0.0, 0.0, 90.0, 1.5414283107572988e-44, 50873.01953125
0:00:45.166623, 0.0, 0.0, 90.0, 1.5414283107572988e-44, 50873.6015625
0:00:45.276766, 0.0, 0.0, 90.0, 1.5414283107572988e-44, 50874.29296875
0:00:45.375877, 0.0, 0.0, 90.0, 1.5414283107572988e-44, 50874.91796875
0:00:45.467465, 0.0, 0.0, 90.0, 1.5414283107572988e-44, 50875.49609375
0:00:45.574468, 0.0, 0.0, 90.0, 1.5414283107572988e-44, 50876.1640625
0:00:45.672310, 0.0, 0.0, 90.0, 1.5414283107572988e-44, 50876.78125
0:00:45.779334, 0.0, 0.0, 90.0, 1.5414283107572988e-44, 50877.44921875
0:00:45.872310, 0.0, 0.0, 90.0, 1.5414283107572988e-44, 50878.03515625
0:00:45.959652, 0.0, 0.0, 90.0, 1.5414283107572988e-44, 50878.58203125
0:00:46.067731, 0.0, 0.0, 90.0, 1.5414283107572988e-44, 50879.265625
0:00:46.179369, 0.0, 0.0, 90.0, 1.5414283107572988e-44, 50879.9609375
0:00:46.274875, 0.0, 0.0, 90.0, 1.5414283107572988e-44, 50880.5625
0:00:46.386501, 0.0, 0.0, 90.0, 1.5414283107572988e-44, 50881.265625
0:00:46.473859, 0.0, 0.0, 90.0, 1.5414283107572988e-44, 50881.81640625
0:00:46.578141, 0.0, 0.0, 90.0, 1.5414283107572988e-44, 50882.47265625
0:00:46.693077, 0.0, 0.0, 90.0, 1.5414283107572988e-44, 50883.1875
0:00:46.778388, 0.0, 0.0, 90.0, 1.5414283107572988e-44, 50883.7265625
0:00:46.874687, 0.0, 0.0, 90.0, 1.5414283107572988e-44, 50884.328125
0:00:46.989441, 0.0, 0.0, 90.0, 1.5414283107572988e-44, 50885.046875
0:00:47.074885, 0.0, 0.0, 90.0, 1.5414283107572988e-44, 50885.58984375
0:00:47.204800, 0.0, 0.0, 90.0, 1.5414283107572988e-44, 50886.40625
0:00:47.292142, 0.0, 0.0, 90.0, 1.5414283107572988e-44, 50886.953125
0:00:47.406376, 0.0, 0.0, 90.0, 1.5414283107572988e-44, 50887.66796875
0:00:47.505476, 0.0, 0.0, 90.0, 1.5414283107572988e-44, 50888.30078125
0:00:47.597332, 0.0, 0.0, 90.0, 1.5414283107572988e-44, 50888.87109375
0:00:47.681786, 0.0, 0.0, 90.0, 1.5414283107572988e-44, 50889.40234375
0:00:47.793502, 0.0, 0.0, 90.0, 1.5414283107572988e-44, 50890.10546875
0:00:47.906139, 0.0, 0.0, 90.0, 1.5414283107572988e-44, 50890.8125
0:00:47.994632, 0.0, 0.0, 90.0, 1.5414283107572988e-44, 50891.3671875
0:00:48.108371, 0.0, 0.0, 90.0, 1.5414283107572988e-44, 50892.08203125
0:00:48.190831, 0.0, 0.0, 90.0, 1.5414283107572988e-44, 50892.59375
0:00:48.309704, 0.0, 0.0, 90.0, 1.5414283107572988e-44, 50893.33984375
0:00:48.407229, 0.0, 0.0, 90.0, 1.5414283107572988e-44, 50893.95703125
0:00:48.490520, 0.0, 0.0, 90.0, 1.5414283107572988e-44, 50894.4765625
0:00:48.587738, 0.0, 0.0, 90.0, 1.5414283107572988e-44, 50895.08984375
0:00:48.714040, 0.0, 0.0, 90.0, 1.5414283107572988e-44, 50895.8828125
0:00:48.810764, 0.0, 0.0, 90.0, 1.5414283107572988e-44, 50896.484375
0:00:48.908254, 0.0, 0.0, 90.0, 1.5414283107572988e-44, 50897.1015625
0:00:49.006767, 0.0, 0.0, 90.0, 1.5414283107572988e-44, 50897.72265625
0:00:49.126905, 0.0, 0.0, 90.0, 1.5414283107572988e-44, 50898.4765625
0:00:49.217648, 0.0, 0.0, 90.0, 1.5414283107572988e-44, 50899.046875
0:00:49.329386, 0.0, 0.0, 90.0, 1.5414283107572988e-44, 50899.75
0:00:49.411159, 0.0, 0.0, 90.0, 1.5414283107572988e-44, 50900.265625
0:00:49.522709, 0.0, 0.0, 90.0, 1.5414283107572988e-44, 50900.96484375
0:00:49.609095, 0.0, 0.0, 90.0, 1.5414283107572988e-44, 50901.51171875
0:00:49.707525, 0.0, 0.0, 90.0, 1.5414283107572988e-44, 50902.125
0:00:49.806802, 0.0, 0.0, 90.0, 1.5414283107572988e-44, 50902.75
0:00:49.919349, 0.0, 0.0, 90.0, 1.5414283107572988e-44, 50903.4609375
0:00:50.003642, 0.0, 0.0, 90.0, 1.5414283107572988e-44, 50903.9921875
0:00:50.120624, 0.0, 0.0, 90.0, 1.5414283107572988e-44, 50904.72265625
0:00:50.216670, 0.0, 0.0, 90.0, 1.5414283107572988e-44, 50905.33203125
0:00:50.329752, 0.0, 0.0, 90.0, 1.5414283107572988e-44, 50906.0390625
0:00:50.426888, 0.0, 0.0, 90.0, 1.5414283107572988e-44, 50906.6484375
0:00:50.523127, 0.0, 0.0, 90.0, 1.5414283107572988e-44, 50907.2578125
0:00:50.612504, 0.0, 0.0, 90.0, 1.5414283107572988e-44, 50907.81640625
0:00:50.747631, 0.0, 0.0, 90.0, 1.5414283107572988e-44, 50908.65625
0:00:50.838004, 0.0, 0.0, 90.0, 1.5414283107572988e-44, 50909.234375
0:00:50.917799, 0.0, 0.0, 90.0, 1.5414283107572988e-44, 50909.73828125
0:00:51.034625, 0.0, 0.0, 90.0, 1.5414283107572988e-44, 50910.46484375
0:00:51.150258, 0.0, 0.0, 90.0, 1.5414283107572988e-44, 50911.19140625
0:00:51.249910, 0.0, 0.0, 90.0, 1.5414283107572988e-44, 50911.8203125
0:00:51.348516, 0.0, 0.0, 90.0, 1.5414283107572988e-44, 50912.43359375
0:00:51.440753, 0.0, 0.0, 90.0, 1.5414283107572988e-44, 50913.015625
0:00:51.538322, 0.0, 0.0, 90.0, 1.5414283107572988e-44, 50913.625
0:00:51.643406, 0.0, 0.0, 90.0, 1.5414283107572988e-44, 50914.2890625
0:00:51.758974, 0.0, 0.0, 90.0, 1.5414283107572988e-44, 50915.01171875
0:00:51.837725, 0.0, 0.0, 90.0, 1.5414283107572988e-44, 50915.5078125
0:00:51.948785, 0.0, 0.0, 90.0, 1.5414283107572988e-44, 50916.20703125
0:00:52.047301, 0.0, 0.0, 90.0, 1.5414283107572988e-44, 50916.83203125
0:00:52.144381, 0.0, 0.0, 90.0, 1.5414283107572988e-44, 50917.4375
0:00:52.232727, 0.0, 0.0, 90.0, 1.5414283107572988e-44, 50917.99609375
0:00:52.357680, 0.0, 0.0, 90.0, 1.5414283107572988e-44, 50918.7734375
0:00:52.444066, 0.0, 0.0, 90.0, 1.5414283107572988e-44, 50919.3203125
0:00:52.552252, 0.0, 0.0, 90.0, 1.5414283107572988e-44, 50919.99609375
0:00:52.648138, 0.0, 0.0, 90.0, 1.5414283107572988e-44, 50920.6015625
0:00:52.739909, 0.0, 0.0, 90.0, 1.5414283107572988e-44, 50921.17578125
0:00:52.840952, 0.0, 0.0, 90.0, 1.5414283107572988e-44, 50921.8125
0:00:52.957773, 0.0, 0.0, 90.0, 1.5414283107572988e-44, 50922.546875
0:00:53.044240, 0.0, 0.0, 90.0, 1.5414283107572988e-44, 50923.08984375
0:00:53.157057, 0.0, 0.0, 90.0, 1.5414283107572988e-44, 50923.79296875
0:00:53.243319, 0.0, 0.0, 90.0, 1.5414283107572988e-44, 50924.33984375
0:00:53.348305, 0.0, 0.0, 90.0, 1.5414283107572988e-44, 50924.99609375
0:00:53.462863, 0.0, 0.0, 90.0, 1.5414283107572988e-44, 50925.71875
0:00:53.551357, 0.0, 0.0, 90.0, 1.5414283107572988e-44, 50926.2734375
0:00:53.657932, 0.0, 0.0, 90.0, 1.5414283107572988e-44, 50926.94140625
0:00:53.761279, 0.0, 0.0, 90.0, 1.5414283107572988e-44, 50927.58984375
0:00:53.858698, 0.0, 0.0, 90.0, 1.5414283107572988e-44, 50928.20703125
0:00:53.960124, 0.0, 0.0, 90.0, 1.5414283107572988e-44, 50928.83984375
0:00:54.071815, 0.0, 0.0, 90.0, 1.5414283107572988e-44, 50929.54296875
0:00:54.159257, 0.0, 0.0, 90.0, 1.5414283107572988e-44, 50930.08984375
0:00:54.279281, 0.0, 0.0, 90.0, 1.5414283107572988e-44, 50930.8515625
0:00:54.377823, 0.0, 0.0, 90.0, 1.5414283107572988e-44, 50931.46484375
0:00:54.458500, 0.0, 0.0, 90.0, 1.5414283107572988e-44, 50931.97265625
0:00:54.555714, 0.0, 0.0, 90.0, 1.5414283107572988e-44, 50932.58203125
0:00:54.668365, 0.0, 0.0, 90.0, 1.5414283107572988e-44, 50933.2890625
0:00:54.778424, 0.0, 0.0, 90.0, 1.5414283107572988e-44, 50933.98046875
0:00:54.875956, 0.0, 0.0, 90.0, 1.5414283107572988e-44, 50934.59765625
0:00:54.959388, 0.0, 0.0, 90.0, 1.5414283107572988e-44, 50935.12109375
0:00:55.068626, 0.0, 0.0, 90.0, 1.5414283107572988e-44, 50935.8046875
0:00:55.168384, 0.0, 0.0, 90.0, 1.5414283107572988e-44, 50936.43359375
0:00:55.267804, 0.0, 0.0, 90.0, 1.5414283107572988e-44, 50937.0625
0:00:55.369365, 0.0, 0.0, 90.0, 1.5414283107572988e-44, 50937.6953125
0:00:55.485254, 0.0, 0.0, 90.0, 1.5414283107572988e-44, 50938.421875
0:00:55.570889, 0.0, 0.0, 90.0, 1.5414283107572988e-44, 50938.96484375
0:00:55.666241, 0.0, 0.0, 90.0, 1.5414283107572988e-44, 50939.56640625
0:00:55.782913, 0.0, 0.0, 90.0, 1.5414283107572988e-44, 50940.29296875
0:00:55.875558, 0.0, 0.0, 90.0, 1.5414283107572988e-44, 50940.87890625
0:00:55.988757, 0.0, 0.0, 90.0, 1.5414283107572988e-44, 50941.5859375
0:00:56.099013, 0.0, 0.0, 90.0, 1.5414283107572988e-44, 50942.28515625
0:00:56.183172, 0.0, 0.0, 90.0, 1.5414283107572988e-44, 50942.8125
0:00:56.276894, 0.0, 0.0, 90.0, 1.5414283107572988e-44, 50943.40234375
0:00:56.391031, 0.0, 0.0, 90.0, 1.5414283107572988e-44, 50944.109375
0:00:56.488269, 0.0, 0.0, 90.0, 1.5414283107572988e-44, 50944.7265625
0:00:56.584700, 0.0, 0.0, 90.0, 1.5414283107572988e-44, 50945.33984375
0:00:56.692773, 0.0, 0.0, 90.0, 1.5414283107572988e-44, 50946.01953125
0:00:56.800990, 0.0, 0.0, 90.0, 1.5414283107572988e-44, 50946.6953125
0:00:56.889246, 0.0, 0.0, 90.0, 1.5414283107572988e-44, 50947.25390625
0:00:57.003988, 0.0, 0.0, 90.0, 1.5414283107572988e-44, 50947.96875
0:00:57.084560, 0.0, 0.0, 90.0, 1.5414283107572988e-44, 50948.48046875
0:00:57.204002, 0.0, 0.0, 90.0, 1.5414283107572988e-44, 50949.2265625
0:00:57.283426, 0.0, 0.0, 90.0, 1.5414283107572988e-44, 50949.7265625
0:00:57.394079, 0.0, 0.0, 90.0, 1.5414283107572988e-44, 50950.41796875
0:00:57.504872, 0.0, 0.0, 90.0, 1.5414283107572988e-44, 50951.1171875
0:00:57.592195, 0.0, 0.0, 90.0, 1.5414283107572988e-44, 50951.6640625
0:00:57.702817, 0.0, 0.0, 90.0, 1.5414283107572988e-44, 50952.359375
0:00:57.813558, 0.0, 0.0, 90.0, 1.5414283107572988e-44, 50953.0546875
0:00:57.911132, 0.0, 0.0, 90.0, 1.5414283107572988e-44, 50953.6640625
0:00:58.008476, 0.0, 0.0, 90.0, 1.5414283107572988e-44, 50954.28125
0:00:58.119400, 0.0, 0.0, 90.0, 1.5414283107572988e-44, 50954.97265625
0:00:58.201746, 0.0, 0.0, 90.0, 1.5414283107572988e-44, 50955.48828125
0:00:58.315502, 0.0, 0.0, 90.0, 1.5414283107572988e-44, 50956.203125
0:00:58.402835, 0.0, 0.0, 90.0, 1.5414283107572988e-44, 50956.75390625
0:00:58.517570, 0.0, 0.0, 90.0, 1.5414283107572988e-44, 50957.47265625
0:00:58.621731, 0.0, 0.0, 90.0, 1.5414283107572988e-44, 50958.1328125
0:00:58.733368, 0.0, 0.0, 90.0, 1.5414283107572988e-44, 50958.83203125
0:00:58.811599, 0.0, 0.0, 90.0, 1.5414283107572988e-44, 50959.3203125
0:00:58.925806, 0.0, 0.0, 90.0, 1.5414283107572988e-44, 50960.04296875
0:00:59.014566, 0.0, 0.0, 90.0, 1.5414283107572988e-44, 50960.6015625
0:00:59.123890, 0.0, 0.0, 90.0, 1.5414283107572988e-44, 50961.28515625
0:00:59.209188, 0.0, 0.0, 90.0, 1.5414283107572988e-44, 50961.82421875
0:00:59.320201, 0.0, 0.0, 90.0, 1.5414283107572988e-44, 50962.51953125
0:00:59.411866, 0.0, 0.0, 90.0, 1.5414283107572988e-44, 50963.09765625
0:00:59.524607, 0.0, 0.0, 90.0, 1.5414283107572988e-44, 50963.80078125
0:00:59.609076, 0.0, 0.0, 90.0, 1.5414283107572988e-44, 50964.3359375
0:00:59.730946, 0.0, 0.0, 90.0, 1.5414283107572988e-44, 50965.1015625
0:00:59.812703, 0.0, 0.0, 90.0, 1.5414283107572988e-44, 50965.6171875
0:00:59.928437, 0.0, 0.0, 90.0, 1.5414283107572988e-44, 50966.34765625
0:01:00.021129, 0.0, 0.0, 90.0, 1.5414283107572988e-44, 50966.92578125
0:01:00.137797, 0.0, 0.0, 90.0, 1.5414283107572988e-44, 50967.66015625
0:01:00.215585, 0.0, 0.0, 90.0, 1.5414283107572988e-44, 50968.1484375
0:01:00.321576, 0.0, 0.0, 90.0, 1.5414283107572988e-44, 50968.8125
0:01:00.429601, 0.0, 0.0, 90.0, 1.5414283107572988e-44, 50969.48828125
0:01:00.527375, 0.0, 0.0, 90.0, 1.5414283107572988e-44, 50970.10546875
0:01:00.633754, 0.0, 0.0, 90.0, 1.5414283107572988e-44, 50970.76953125
0:01:00.730728, 0.0, 0.0, 90.0, 1.5414283107572988e-44, 50971.38671875
0:01:00.846564, 0.0, 0.0, 90.0, 1.5414283107572988e-44, 50972.11328125
0:01:00.931924, 0.0, 0.0, 90.0, 1.5414283107572988e-44, 50972.6484375
0:01:01.030081, 0.0, 0.0, 90.0, 1.5414283107572988e-44, 50973.265625
0:01:01.130774, 0.0, 0.0, 90.0, 1.5414283107572988e-44, 50973.90234375
0:01:01.239612, 0.0, 0.0, 90.0, 1.5414283107572988e-44, 50974.5859375
0:01:01.335474, 0.0, 0.0, 90.0, 1.5414283107572988e-44, 50975.1875
0:01:01.452120, 0.0, 0.0, 90.0, 1.5414283107572988e-44, 50975.921875
0:01:01.550368, 0.0, 0.0, 90.0, 1.5414283107572988e-44, 50976.5390625
0:01:01.642554, 0.0, 0.0, 90.0, 1.5414283107572988e-44, 50977.1171875
0:01:01.751262, 0.0, 0.0, 90.0, 1.5414283107572988e-44, 50977.80078125
0:01:01.850733, 0.0, 0.0, 90.0, 1.5414283107572988e-44, 50978.4296875
0:01:01.964445, 0.0, 0.0, 90.0, 1.5414283107572988e-44, 50979.1484375
0:01:02.049742, 0.0, 0.0, 90.0, 1.5414283107572988e-44, 50979.68359375
0:01:02.136125, 0.0, 0.0, 90.0, 1.5414283107572988e-44, 50980.23046875
0:01:02.250898, 0.0, 0.0, 90.0, 1.5414283107572988e-44, 50980.94921875
0:01:02.361893, 0.0, 0.0, 90.0, 1.5414283107572988e-44, 50981.65234375
0:01:02.460488, 0.0, 0.0, 90.0, 1.5414283107572988e-44, 50982.26953125
0:01:02.545791, 0.0, 0.0, 90.0, 1.5414283107572988e-44, 50982.80859375
0:01:02.658426, 0.0, 0.0, 90.0, 1.5414283107572988e-44, 50983.51171875
0:01:02.776202, 0.0, 0.0, 90.0, 1.5414283107572988e-44, 50984.25390625
0:01:02.844024, 0.0, 0.0, 90.0, 1.5414283107572988e-44, 50984.6796875
0:01:02.955260, 0.0, 0.0, 90.0, 1.5414283107572988e-44, 50985.3828125
0:01:03.053200, 0.0, 0.0, 90.0, 1.5414283107572988e-44, 50986.0
0:01:03.151795, 0.0, 0.0, 90.0, 1.5414283107572988e-44, 50986.6171875
0:01:03.264595, 0.0, 0.0, 90.0, 1.5414283107572988e-44, 50987.32421875
0:01:03.361069, 0.0, 0.0, 90.0, 1.5414283107572988e-44, 50987.93359375
0:01:03.455901, 0.0, 0.0, 90.0, 1.5414283107572988e-44, 50988.53125
0:01:03.572593, 0.0, 0.0, 90.0, 1.5414283107572988e-44, 50989.265625
0:01:03.659948, 0.0, 0.0, 90.0, 1.5414283107572988e-44, 50989.81640625
0:01:03.754451, 0.0, 0.0, 90.0, 1.5414283107572988e-44, 50990.4140625
0:01:03.851987, 0.0, 0.0, 90.0, 1.5414283107572988e-44, 50991.02734375
0:01:03.963849, 0.0, 0.0, 90.0, 1.5414283107572988e-44, 50991.73046875
0:01:04.063324, 0.0, 0.0, 90.0, 1.5414283107572988e-44, 50992.35546875
0:01:04.162868, 0.0, 0.0, 90.0, 1.5414283107572988e-44, 50992.98046875
0:01:04.261497, 0.0, 0.0, 90.0, 1.5414283107572988e-44, 50993.60546875
0:01:04.369587, 0.0, 0.0, 90.0, 1.5414283107572988e-44, 50994.28515625
0:01:04.482145, 0.0, 0.0, 90.0, 1.5414283107572988e-44, 50994.9921875
0:01:04.568648, 0.0, 0.0, 90.0, 1.5414283107572988e-44, 50995.53125
0:01:04.682276, 0.0, 0.0, 90.0, 1.5414283107572988e-44, 50996.24609375
0:01:04.764006, 0.0, 0.0, 90.0, 1.5414283107572988e-44, 50996.7578125
0:01:04.873508, 0.0, 0.0, 90.0, 1.5414283107572988e-44, 50997.44921875
0:01:04.988108, 0.0, 0.0, 90.0, 1.5414283107572988e-44, 50998.1640625
0:01:05.071539, 0.0, 0.0, 90.0, 1.5414283107572988e-44, 50998.69140625
0:01:05.193241, 0.0, 0.0, 90.0, 1.5414283107572988e-44, 50999.45703125
0:01:05.291794, 0.0, 0.0, 90.0, 1.5414283107572988e-44, 51000.07421875
0:01:05.377296, 0.0, 0.0, 90.0, 1.5414283107572988e-44, 51000.61328125
0:01:05.502630, 0.0, 0.0, 90.0, 1.5414283107572988e-44, 51001.3984375
0:01:05.584901, 0.0, 0.0, 90.0, 1.5414283107572988e-44, 51001.91796875
0:01:05.679019, 0.0, 0.0, 90.0, 1.5414283107572988e-44, 51002.50390625
0:01:05.792745, 0.0, 0.0, 90.0, 1.5414283107572988e-44, 51003.21875
0:01:05.891302, 0.0, 0.0, 90.0, 1.5414283107572988e-44, 51003.8359375
0:01:05.990770, 0.0, 0.0, 90.0, 1.5414283107572988e-44, 51004.46484375
0:01:06.095795, 0.0, 0.0, 90.0, 1.5414283107572988e-44, 51005.12109375
0:01:06.193513, 0.0, 0.0, 90.0, 1.5414283107572988e-44, 51005.734375
0:01:06.292909, 0.0, 0.0, 90.0, 1.5414283107572988e-44, 51006.359375
0:01:06.380275, 0.0, 0.0, 90.0, 1.5414283107572988e-44, 51006.9140625
0:01:06.494103, 0.0, 0.0, 90.0, 1.5414283107572988e-44, 51007.62890625
0:01:06.606807, 0.0, 0.0, 90.0, 1.5414283107572988e-44, 51008.33984375
0:01:06.693143, 0.0, 0.0, 90.0, 1.5414283107572988e-44, 51008.87890625
0:01:06.802232, 0.0, 0.0, 90.0, 1.5414283107572988e-44, 51009.5625
0:01:06.912163, 0.0, 0.0, 90.0, 1.5414283107572988e-44, 51010.25
0:01:07.005606, 0.0, 0.0, 90.0, 1.5414283107572988e-44, 51010.83984375
0:01:07.103408, 0.0, 0.0, 90.0, 1.5414283107572988e-44, 51011.45703125
0:01:07.202652, 0.0, 0.0, 90.0, 1.5414283107572988e-44, 51012.078125
0:01:07.292013, 0.0, 0.0, 90.0, 1.5414283107572988e-44, 51012.64453125
0:01:07.405696, 0.0, 0.0, 90.0, 1.5414283107572988e-44, 51013.3515625
0:01:07.520798, 0.0, 0.0, 90.0, 1.5414283107572988e-44, 51014.07421875
0:01:07.605961, 0.0, 0.0, 90.0, 1.5414283107572988e-44, 51014.61328125
0:01:07.715958, 0.0, 0.0, 90.0, 1.5414283107572988e-44, 51015.3046875
0:01:07.825889, 0.0, 0.0, 90.0, 1.5414283107572988e-44, 51015.99609375
0:01:07.914303, 0.0, 0.0, 90.0, 1.5414283107572988e-44, 51016.55078125
0:01:08.003780, 0.0, 0.0, 90.0, 1.5414283107572988e-44, 51017.1171875
0:01:08.116660, 0.0, 0.0, 90.0, 1.5414283107572988e-44, 51017.82421875
0:01:08.235754, 0.0, 0.0, 90.0, 1.5414283107572988e-44, 51018.5703125
0:01:08.323146, 0.0, 0.0, 90.0, 1.5414283107572988e-44, 51019.12109375
0:01:08.435854, 0.0, 0.0, 90.0, 1.5414283107572988e-44, 51019.82421875
0:01:08.522198, 0.0, 0.0, 90.0, 1.5414283107572988e-44, 51020.375
0:01:08.619658, 0.0, 0.0, 90.0, 1.5414283107572988e-44, 51020.98828125
0:01:08.734419, 0.0, 0.0, 90.0, 1.5414283107572988e-44, 51021.7109375
0:01:08.833647, 0.0, 0.0, 90.0, 1.5414283107572988e-44, 51022.33984375
0:01:08.921009, 0.0, 0.0, 90.0, 1.5414283107572988e-44, 51022.88671875
0:01:09.034655, 0.0, 0.0, 90.0, 1.5414283107572988e-44, 51023.6015625
0:01:09.115341, 0.0, 0.0, 90.0, 1.5414283107572988e-44, 51024.109375
0:01:09.229958, 0.0, 0.0, 90.0, 1.5414283107572988e-44, 51024.82421875
0:01:09.319289, 0.0, 0.0, 90.0, 1.5414283107572988e-44, 51025.38671875
0:01:09.435109, 0.0, 0.0, 90.0, 1.5414283107572988e-44, 51026.109375
0:01:09.527255, 0.0, 0.0, 90.0, 1.5414283107572988e-44, 51026.6875
0:01:09.643890, 0.0, 0.0, 90.0, 1.5414283107572988e-44, 51027.421875
0:01:09.731259, 0.0, 0.0, 90.0, 1.5414283107572988e-44, 51027.96875
0:01:09.844963, 0.0, 0.0, 90.0, 1.5414283107572988e-44, 51028.6875
0:01:09.925694, 0.0, 0.0, 90.0, 1.5414283107572988e-44, 51029.1953125
0:01:10.044444, 0.0, 0.0, 90.0, 1.5414283107572988e-44, 51029.9375
0:01:10.133190, 0.0, 0.0, 90.0, 1.5414283107572988e-44, 51030.49609375
0:01:10.244931, 0.0, 0.0, 90.0, 1.5414283107572988e-44, 51031.19921875
0:01:10.334334, 0.0, 0.0, 90.0, 1.5414283107572988e-44, 51031.765625
0:01:10.423694, 0.0, 0.0, 90.0, 1.5414283107572988e-44, 51032.32421875
0:01:10.536455, 0.0, 0.0, 90.0, 1.5414283107572988e-44, 51033.03515625
0:01:10.644426, 0.0, 0.0, 90.0, 1.5414283107572988e-44, 51033.71484375
0:01:10.736022, 0.0, 0.0, 90.0, 1.5414283107572988e-44, 51034.29296875
0:01:10.848706, 0.0, 0.0, 90.0, 1.5414283107572988e-44, 51035.0
0:01:10.963269, 0.0, 0.0, 90.0, 1.5414283107572988e-44, 51035.71875
0:01:11.034431, 0.0, 0.0, 90.0, 1.5414283107572988e-44, 51036.171875
0:01:11.132909, 0.0, 0.0, 90.0, 1.5414283107572988e-44, 51036.78515625
0:01:11.244634, 0.0, 0.0, 90.0, 1.5414283107572988e-44, 51037.48828125
0:01:11.335063, 0.0, 0.0, 90.0, 1.5414283107572988e-44, 51038.0546875
0:01:11.448854, 0.0, 0.0, 90.0, 1.5414283107572988e-44, 51038.76953125
0:01:11.564511, 0.0, 0.0, 90.0, 1.5414283107572988e-44, 51039.49609375
0:01:11.641800, 0.0, 0.0, 90.0, 1.5414283107572988e-44, 51039.984375
0:01:11.752506, 0.0, 0.0, 90.0, 1.5414283107572988e-44, 51040.671875
0:01:11.866157, 0.0, 0.0, 90.0, 1.5414283107572988e-44, 51041.390625
0:01:11.953529, 0.0, 0.0, 90.0, 1.5414283107572988e-44, 51041.9453125
0:01:12.045300, 0.0, 0.0, 90.0, 1.5414283107572988e-44, 51042.515625
0:01:12.155488, 0.0, 0.0, 90.0, 1.5414283107572988e-44, 51043.2109375
0:01:12.249454, 0.0, 0.0, 90.0, 1.5414283107572988e-44, 51043.80078125
0:01:12.370972, 0.0, 0.0, 90.0, 1.5414283107572988e-44, 51044.5625
0:01:12.454272, 0.0, 0.0, 90.0, 1.5414283107572988e-44, 51045.08984375
0:01:12.554158, 0.0, 0.0, 90.0, 1.5414283107572988e-44, 51045.71875
0:01:12.655772, 0.0, 0.0, 90.0, 1.5414283107572988e-44, 51046.35546875
0:01:12.775590, 0.0, 0.0, 90.0, 1.5414283107572988e-44, 51047.109375
0:01:12.868622, 0.0, 0.0, 90.0, 1.5414283107572988e-44, 51047.69140625
0:01:12.965052, 0.0, 0.0, 90.0, 1.5414283107572988e-44, 51048.30078125
0:01:13.058151, 0.0, 0.0, 90.0, 1.5414283107572988e-44, 51048.8828125
0:01:13.186093, 0.0, 0.0, 90.0, 1.5414283107572988e-44, 51049.6875
0:01:13.283844, 0.0, 0.0, 90.0, 1.5414283107572988e-44, 51050.30078125
0:01:13.355941, 0.0, 0.0, 90.0, 1.5414283107572988e-44, 51050.75390625
0:01:13.483015, 0.0, 0.0, 90.0, 1.5414283107572988e-44, 51051.55078125
0:01:13.567089, 0.0, 0.0, 90.0, 1.5414283107572988e-44, 51052.0859375
0:01:13.689571, 0.0, 0.0, 90.0, 1.5414283107572988e-44, 51052.84765625
0:01:13.774983, 0.0, 0.0, 90.0, 1.5414283107572988e-44, 51053.38671875
0:01:13.892995, 0.0, 0.0, 90.0, 1.5414283107572988e-44, 51054.12890625
0:01:13.970597, 0.0, 0.0, 90.0, 1.5414283107572988e-44, 51054.6171875
0:01:14.077734, 0.0, 0.0, 90.0, 1.5414283107572988e-44, 51055.2890625
0:01:14.165974, 0.0, 0.0, 90.0, 1.5414283107572988e-44, 51055.84375
0:01:14.278699, 0.0, 0.0, 90.0, 1.5414283107572988e-44, 51056.55078125
0:01:14.368999, 0.0, 0.0, 90.0, 1.5414283107572988e-44, 51057.1171875
0:01:14.484691, 0.0, 0.0, 90.0, 1.5414283107572988e-44, 51057.84765625
0:01:14.572115, 0.0, 0.0, 90.0, 1.5414283107572988e-44, 51058.3984375
0:01:14.678057, 0.0, 0.0, 90.0, 1.5414283107572988e-44, 51059.0625
0:01:14.790727, 0.0, 0.0, 90.0, 1.5414283107572988e-44, 51059.76953125
0:01:14.875954, 0.0, 0.0, 90.0, 1.5414283107572988e-44, 51060.3046875
0:01:14.974690, 0.0, 0.0, 90.0, 1.5414283107572988e-44, 51060.921875
0:01:15.104252, 0.0, 0.0, 90.0, 1.5414283107572988e-44, 51061.7421875
0:01:15.189190, 0.0, 0.0, 90.0, 1.5414283107572988e-44, 51062.27734375
0:01:15.286734, 0.0, 0.0, 90.0, 1.5414283107572988e-44, 51062.890625
0:01:15.403093, 0.0, 0.0, 90.0, 1.5414283107572988e-44, 51063.625
0:01:15.489376, 0.0, 0.0, 90.0, 1.5414283107572988e-44, 51064.16796875
0:01:15.584547, 0.0, 0.0, 90.0, 1.5414283107572988e-44, 51064.765625
0:01:15.702845, 0.0, 0.0, 90.0, 1.5414283107572988e-44, 51065.51171875
0:01:15.788235, 0.0, 0.0, 90.0, 1.5414283107572988e-44, 51066.046875
0:01:15.883262, 0.0, 0.0, 90.0, 1.5414283107572988e-44, 51066.640625
0:01:16.000141, 0.0, 0.0, 90.0, 1.5414283107572988e-44, 51067.375
0:01:16.093104, 0.0, 0.0, 90.0, 1.5414283107572988e-44, 51067.9609375
0:01:16.205850, 0.0, 0.0, 90.0, 1.5414283107572988e-44, 51068.66796875
0:01:16.287532, 0.0, 0.0, 90.0, 1.5414283107572988e-44, 51069.18359375
0:01:16.393587, 0.0, 0.0, 90.0, 1.5414283107572988e-44, 51069.84765625
0:01:16.506216, 0.0, 0.0, 90.0, 1.5414283107572988e-44, 51070.5546875
0:01:16.595717, 0.0, 0.0, 90.0, 1.5414283107572988e-44, 51071.1171875
0:01:16.703712, 0.0, 0.0, 90.0, 1.5414283107572988e-44, 51071.79296875
0:01:16.818515, 0.0, 0.0, 90.0, 1.5414283107572988e-44, 51072.515625
0:01:16.916401, 0.0, 0.0, 90.0, 1.5414283107572988e-44, 51073.1328125
0:01:17.016723, 0.0, 0.0, 90.0, 1.5414283107572988e-44, 51073.76953125
0:01:17.106169, 0.0, 0.0, 90.0, 1.5414283107572988e-44, 51074.328125
0:01:17.219717, 0.0, 0.0, 90.0, 1.5414283107572988e-44, 51075.04296875
0:01:17.307027, 0.0, 0.0, 90.0, 1.5414283107572988e-44, 51075.58984375
0:01:17.414018, 0.0, 0.0, 90.0, 1.5414283107572988e-44, 51076.26953125
0:01:17.502385, 0.0, 0.0, 90.0, 1.5414283107572988e-44, 51076.8203125
0:01:17.616222, 0.0, 0.0, 90.0, 1.5414283107572988e-44, 51077.53515625
0:01:17.703721, 0.0, 0.0, 90.0, 1.5414283107572988e-44, 51078.08203125
0:01:17.814389, 0.0, 0.0, 90.0, 1.5414283107572988e-44, 51078.78125
0:01:17.922566, 0.0, 0.0, 90.0, 1.5414283107572988e-44, 51079.46484375
0:01:18.030674, 0.0, 0.0, 90.0, 1.5414283107572988e-44, 51080.14453125
0:01:18.108491, 0.0, 0.0, 90.0, 1.5414283107572988e-44, 51080.6328125
0:01:18.223288, 0.0, 0.0, 90.0, 1.5414283107572988e-44, 51081.3515625
0:01:18.309488, 0.0, 0.0, 90.0, 1.5414283107572988e-44, 51081.8984375
0:01:18.426073, 0.0, 0.0, 90.0, 1.5414283107572988e-44, 51082.6328125
0:01:18.540757, 0.0, 0.0, 90.0, 1.5414283107572988e-44, 51083.34765625
0:01:18.633656, 0.0, 0.0, 90.0, 1.5414283107572988e-44, 51083.9296875
0:01:18.720904, 0.0, 0.0, 90.0, 1.5414283107572988e-44, 51084.48046875
0:01:18.816127, 0.0, 0.0, 90.0, 1.5414283107572988e-44, 51085.078125
