Time, Frequency, Amplitude, Offset, PhaseShift, Phase
0:00:00.056531, 0.0, 0.0, 90.0, 1.8105016946792603, 50590.26953125
0:00:00.152290, 0.0, 0.0, 90.0, 1.6420888900756836, 50590.87109375
0:00:00.247942, 0.0, 0.0, 90.0, 1.489380121231079, 50591.4765625
0:00:00.361529, 0.0, 0.0, 90.0, 1.3266878128051758, 50592.19140625
0:00:00.455638, 0.0, 0.0, 90.0, 1.2057887315750122, 50592.78125
0:00:00.568346, 0.0, 0.0, 90.0, 1.075197696685791, 50593.48828125
0:00:00.669001, 0.0, 0.0, 90.0, 0.9705691337585449, 50594.125
0:00:00.769664, 0.0, 0.0, 90.0, 0.8766453266143799, 50594.75390625
0:00:00.868718, 0.0, 0.0, 90.0, 0.7918217778205872, 50595.3828125
0:00:00.950494, 0.0, 0.0, 90.0, 0.7293857336044312, 50595.890625
0:00:01.065281, 0.0, 0.0, 90.0, 0.6490497589111328, 50596.61328125
0:00:01.150520, 0.0, 0.0, 90.0, 0.5948148965835571, 50597.15234375
0:00:01.263161, 0.0, 0.0, 90.0, 0.5309417843818665, 50597.85546875
0:00:01.348367, 0.0, 0.0, 90.0, 0.4865729510784149, 50598.390625
0:00:01.463040, 0.0, 0.0, 90.0, 0.4334281384944916, 50599.109375
0:00:01.561476, 0.0, 0.0, 90.0, 0.3919028043746948, 50599.73046875
0:00:01.670411, 0.0, 0.0, 90.0, 0.3508983552455902, 50600.4140625
0:00:01.753694, 0.0, 0.0, 90.0, 0.3225720524787903, 50600.93359375
0:00:01.849877, 0.0, 0.0, 90.0, 0.292265385389328, 50601.54296875
0:00:01.976811, 0.0, 0.0, 90.0, 0.25686249136924744, 50602.34375
0:00:02.064239, 0.0, 0.0, 90.0, 0.23515550792217255, 50602.88671875
0:00:02.177857, 0.0, 0.0, 90.0, 0.20947006344795227, 50603.6015625
0:00:02.275611, 0.0, 0.0, 90.0, 0.18959179520606995, 50604.21875
0:00:02.364863, 0.0, 0.0, 90.0, 0.17321333289146423, 50604.77734375
0:00:02.480548, 0.0, 0.0, 90.0, 0.15397702157497406, 50605.50390625
0:00:02.579639, 0.0, 0.0, 90.0, 0.13922171294689178, 50606.12890625
0:00:02.678711, 0.0, 0.0, 90.0, 0.12588036060333252, 50606.75390625
0:00:02.770597, 0.0, 0.0, 90.0, 0.11463860422372818, 50607.33203125
0:00:02.887185, 0.0, 0.0, 90.0, 0.10180272161960602, 50608.0703125
0:00:02.971585, 0.0, 0.0, 90.0, 0.09339221566915512, 50608.60546875
0:00:03.066661, 0.0, 0.0, 90.0, 0.08479319512844086, 50609.19921875
0:00:03.175814, 0.0, 0.0, 90.0, 0.07591958343982697, 50609.8828125
0:00:03.288534, 0.0, 0.0, 90.0, 0.06769722700119019, 50610.58984375
0:00:03.387250, 0.0, 0.0, 90.0, 0.06127185747027397, 50611.20703125
0:00:03.492937, 0.0, 0.0, 90.0, 0.05503053590655327, 50611.87109375
0:00:03.591112, 0.0, 0.0, 90.0, 0.04975824058055878, 50612.4921875
0:00:03.674444, 0.0, 0.0, 90.0, 0.0457414947450161, 50613.01171875
0:00:03.790148, 0.0, 0.0, 90.0, 0.040661778301000595, 50613.73828125
0:00:03.883703, 0.0, 0.0, 90.0, 0.0369543582201004, 50614.33203125
0:00:03.999494, 0.0, 0.0, 90.0, 0.0328843779861927, 50615.05859375
0:00:04.088849, 0.0, 0.0, 90.0, 0.03001246228814125, 50615.62109375
0:00:04.201684, 0.0, 0.0, 90.0, 0.02676198072731495, 50616.328125
0:00:04.284537, 0.0, 0.0, 90.0, 0.024601615965366364, 50616.84765625
0:00:04.382163, 0.0, 0.0, 90.0, 0.022290216758847237, 50617.45703125
0:00:04.507988, 0.0, 0.0, 90.0, 0.01961055025458336, 50618.24609375
0:00:04.593438, 0.0, 0.0, 90.0, 0.017971882596611977, 50618.78515625
0:00:04.690546, 0.0, 0.0, 90.0, 0.016283787786960602, 50619.3984375
0:00:04.799225, 0.0, 0.0, 90.0, 0.014579998329281807, 50620.078125
0:00:04.886580, 0.0, 0.0, 90.0, 0.013347840867936611, 50620.625
0:00:05.001304, 0.0, 0.0, 90.0, 0.011877734214067459, 50621.34375
0:00:05.120974, 0.0, 0.0, 90.0, 0.01051519438624382, 50622.09375
0:00:05.201646, 0.0, 0.0, 90.0, 0.009686212986707687, 50622.6015625
0:00:05.307678, 0.0, 0.0, 90.0, 0.008699492551386356, 50623.265625
0:00:05.391105, 0.0, 0.0, 90.0, 0.007997208274900913, 50623.7890625
0:00:05.503807, 0.0, 0.0, 90.0, 0.007131045684218407, 50624.5
0:00:05.599541, 0.0, 0.0, 90.0, 0.006467799190431833, 50625.1015625
0:00:05.714127, 0.0, 0.0, 90.0, 0.005760607775300741, 50625.81640625
0:00:05.827800, 0.0, 0.0, 90.0, 0.0051314132288098335, 50626.53125
0:00:05.912985, 0.0, 0.0, 90.0, 0.004707472864538431, 50627.0625
0:00:05.999607, 0.0, 0.0, 90.0, 0.004309680312871933, 50627.609375
0:00:06.099792, 0.0, 0.0, 90.0, 0.0038926242850720882, 50628.23828125
0:00:06.209891, 0.0, 0.0, 90.0, 0.0034781708382070065, 50628.93359375
0:00:06.297233, 0.0, 0.0, 90.0, 0.0031842573080211878, 50629.48046875
0:00:06.410898, 0.0, 0.0, 90.0, 0.0028364642057567835, 50630.1953125
0:00:06.509613, 0.0, 0.0, 90.0, 0.0025673285126686096, 50630.8125
0:00:06.627721, 0.0, 0.0, 90.0, 0.0022749232593923807, 50631.5625
0:00:06.711841, 0.0, 0.0, 90.0, 0.0020891018211841583, 50632.09375
0:00:06.820985, 0.0, 0.0, 90.0, 0.001870491192676127, 50632.77734375
0:00:06.918256, 0.0, 0.0, 90.0, 0.0016930110286921263, 50633.39453125
0:00:07.034070, 0.0, 0.0, 90.0, 0.0015065395273268223, 50634.11328125
0:00:07.121431, 0.0, 0.0, 90.0, 0.0013778129359707236, 50634.6640625
0:00:07.236077, 0.0, 0.0, 90.0, 0.0012260592775419354, 50635.390625
0:00:07.332743, 0.0, 0.0, 90.0, 0.0011120111448690295, 50635.9921875
0:00:07.429485, 0.0, 0.0, 90.0, 0.0010085566900670528, 50636.59375
0:00:07.542140, 0.0, 0.0, 90.0, 0.0008993122028186917, 50637.30078125
0:00:07.641534, 0.0, 0.0, 90.0, 0.0008123067091219127, 50637.9296875
0:00:07.730357, 0.0, 0.0, 90.0, 0.0007421331247314811, 50638.48828125
0:00:07.844102, 0.0, 0.0, 90.0, 0.000661076745018363, 50639.203125
0:00:07.955881, 0.0, 0.0, 90.0, 0.0005900863907299936, 50639.90234375
0:00:08.041978, 0.0, 0.0, 90.0, 0.0005407744902186096, 50640.44140625
0:00:08.154977, 0.0, 0.0, 90.0, 0.0004822062619496137, 50641.1484375
0:00:08.253385, 0.0, 0.0, 90.0, 0.0004360076563898474, 50641.76953125
0:00:08.352219, 0.0, 0.0, 90.0, 0.00039423603448085487, 50642.390625
0:00:08.443603, 0.0, 0.0, 90.0, 0.0003597782924771309, 50642.953125
0:00:08.561305, 0.0, 0.0, 90.0, 0.0003191654977854341, 50643.6953125
0:00:08.651327, 0.0, 0.0, 90.0, 0.00029099281528033316, 50644.265625
0:00:08.737682, 0.0, 0.0, 90.0, 0.000266677321633324, 50644.8046875
0:00:08.851489, 0.0, 0.0, 90.0, 0.0002375488547841087, 50645.51953125
0:00:08.967142, 0.0, 0.0, 90.0, 0.0002111668436555192, 50646.25
0:00:09.062444, 0.0, 0.0, 90.0, 0.00019172258907929063, 50646.84375
0:00:09.162102, 0.0, 0.0, 90.0, 0.00017317406309302896, 50647.47265625
0:00:09.246689, 0.0, 0.0, 90.0, 0.00015903044550213963, 50647.99609375
0:00:09.370248, 0.0, 0.0, 90.0, 0.0001401975896442309, 50648.77734375
0:00:09.464492, 0.0, 0.0, 90.0, 0.00012729063746519387, 50649.375
0:00:09.559206, 0.0, 0.0, 90.0, 0.00011557045218069106, 50649.96875
0:00:09.665228, 0.0, 0.0, 90.0, 0.00010379702143836766, 50650.6328125
0:00:09.754603, 0.0, 0.0, 90.0, 9.483040048507974e-05, 50651.19140625
0:00:09.850756, 0.0, 0.0, 90.0, 8.601047011325136e-05, 50651.79296875
0:00:09.972619, 0.0, 0.0, 90.0, 7.601265679113567e-05, 50652.55859375
0:00:10.067441, 0.0, 0.0, 90.0, 6.90094311721623e-05, 50653.15234375
0:00:10.182461, 0.0, 0.0, 90.0, 6.140879122540355e-05, 50653.875
0:00:10.269731, 0.0, 0.0, 90.0, 5.616164344246499e-05, 50654.4296875
0:00:10.383811, 0.0, 0.0, 90.0, 5.002752004656941e-05, 50655.1484375
0:00:10.483607, 0.0, 0.0, 90.0, 4.5234646677272394e-05, 50655.76953125
0:00:10.573915, 0.0, 0.0, 90.0, 4.123796315980144e-05, 50656.33984375
0:00:10.683733, 0.0, 0.0, 90.0, 3.692291647894308e-05, 50657.0234375
0:00:10.775354, 0.0, 0.0, 90.0, 3.359181573614478e-05, 50657.60546875
0:00:10.873028, 0.0, 0.0, 90.0, 3.0436185625148937e-05, 50658.21484375
0:00:10.985653, 0.0, 0.0, 90.0, 2.713981484703254e-05, 50658.921875
0:00:11.082562, 0.0, 0.0, 90.0, 2.458997187204659e-05, 50659.53125
0:00:11.178688, 0.0, 0.0, 90.0, 2.2302612705971114e-05, 50660.1328125
0:00:11.294171, 0.0, 0.0, 90.0, 1.9825823983410373e-05, 50660.86328125
0:00:11.399636, 0.0, 0.0, 90.0, 1.7824402675614692e-05, 50661.51953125
0:00:11.485286, 0.0, 0.0, 90.0, 1.6334850442945026e-05, 50662.05859375
0:00:11.577253, 0.0, 0.0, 90.0, 1.487660665588919e-05, 50662.6328125
0:00:11.702977, 0.0, 0.0, 90.0, 1.308801529376069e-05, 50663.42578125
0:00:11.797587, 0.0, 0.0, 90.0, 1.1882273611263372e-05, 50664.0234375
0:00:11.881882, 0.0, 0.0, 90.0, 1.0911803656199481e-05, 50664.55078125
0:00:11.982581, 0.0, 0.0, 90.0, 9.845707609201781e-06, 50665.1875
0:00:12.104577, 0.0, 0.0, 90.0, 8.69727591634728e-06, 50665.953125
0:00:12.203283, 0.0, 0.0, 90.0, 7.872040441725403e-06, 50666.5703125
0:00:12.295086, 0.0, 0.0, 90.0, 7.1647395998297725e-06, 50667.15234375
0:00:12.380449, 0.0, 0.0, 90.0, 6.572812253580196e-06, 50667.68359375
0:00:12.494168, 0.0, 0.0, 90.0, 5.8549121604301035e-06, 50668.39453125
0:00:12.608903, 0.0, 0.0, 90.0, 5.210079052631045e-06, 50669.12109375
0:00:12.696314, 0.0, 0.0, 90.0, 4.769814950122964e-06, 50669.66796875
0:00:12.807147, 0.0, 0.0, 90.0, 4.261988124198979e-06, 50670.3671875
0:00:12.914895, 0.0, 0.0, 90.0, 3.8238636079768185e-06, 50671.0390625
0:00:13.010883, 0.0, 0.0, 90.0, 3.4646479889488546e-06, 50671.6484375
0:00:13.098230, 0.0, 0.0, 90.0, 3.1686104193795472e-06, 50672.19921875
0:00:13.204148, 0.0, 0.0, 90.0, 2.8458016458898783e-06, 50672.86328125
0:00:13.323452, 0.0, 0.0, 90.0, 2.5217525490006665e-06, 50673.609375
0:00:13.417500, 0.0, 0.0, 90.0, 2.2918461581866723e-06, 50674.19921875
0:00:13.512921, 0.0, 0.0, 90.0, 2.078685383821721e-06, 50674.80078125
0:00:13.625713, 0.0, 0.0, 90.0, 1.8554557073002798e-06, 50675.50390625
0:00:13.714097, 0.0, 0.0, 90.0, 1.6951611314652837e-06, 50676.0625
0:00:13.802508, 0.0, 0.0, 90.0, 1.5503177337450325e-06, 50676.61328125
0:00:13.923189, 0.0, 0.0, 90.0, 1.3709545783058275e-06, 50677.37109375
0:00:14.004933, 0.0, 0.0, 90.0, 1.26156203350547e-06, 50677.88671875
0:00:14.120580, 0.0, 0.0, 90.0, 1.1214633559575304e-06, 50678.6171875
0:00:14.205908, 0.0, 0.0, 90.0, 1.028814040182624e-06, 50679.15234375
0:00:14.322954, 0.0, 0.0, 90.0, 9.136205108006834e-07, 50679.88671875
0:00:14.420996, 0.0, 0.0, 90.0, 8.269305453723064e-07, 50680.5
0:00:14.520479, 0.0, 0.0, 90.0, 7.480488193323254e-07, 50681.1171875
0:00:14.629750, 0.0, 0.0, 90.0, 6.690941063425271e-07, 50681.80859375
0:00:14.714169, 0.0, 0.0, 90.0, 6.1381643945424e-07, 50682.34375
0:00:14.835009, 0.0, 0.0, 90.0, 5.427856422102195e-07, 50683.10546875
0:00:14.924134, 0.0, 0.0, 90.0, 4.964077220392937e-07, 50683.66015625
0:00:15.038338, 0.0, 0.0, 90.0, 4.417300374370825e-07, 50684.3828125
0:00:15.125732, 0.0, 0.0, 90.0, 4.0398504097538535e-07, 50684.93359375
0:00:15.238355, 0.0, 0.0, 90.0, 3.6060268371329585e-07, 50685.6328125
0:00:15.324375, 0.0, 0.0, 90.0, 3.304691347238986e-07, 50686.17578125
0:00:15.447327, 0.0, 0.0, 90.0, 2.9162313808228646e-07, 50686.9453125
0:00:15.531540, 0.0, 0.0, 90.0, 2.675307371191593e-07, 50687.48046875
0:00:15.645121, 0.0, 0.0, 90.0, 2.385549464634096e-07, 50688.19140625
0:00:15.743254, 0.0, 0.0, 90.0, 2.1591984022961697e-07, 50688.80859375
0:00:15.843690, 0.0, 0.0, 90.0, 1.948240111460109e-07, 50689.44140625
0:00:15.950880, 0.0, 0.0, 90.0, 1.7479867153724626e-07, 50690.11328125
0:00:16.028355, 0.0, 0.0, 90.0, 1.615146061340056e-07, 50690.6015625
0:00:16.135335, 0.0, 0.0, 90.0, 1.4491180877485021e-07, 50691.26953125
0:00:16.249505, 0.0, 0.0, 90.0, 1.2908333246741677e-07, 50691.984375
0:00:16.336488, 0.0, 0.0, 90.0, 1.1817523670742958e-07, 50692.53125
0:00:16.448119, 0.0, 0.0, 90.0, 1.054850926607287e-07, 50693.234375
0:00:16.543784, 0.0, 0.0, 90.0, 9.56753325453974e-08, 50693.83984375
0:00:16.645606, 0.0, 0.0, 90.0, 8.636544635010068e-08, 50694.47265625
0:00:16.754125, 0.0, 0.0, 90.0, 7.732811724281419e-08, 50695.15625
0:00:16.851313, 0.0, 0.0, 90.0, 7.00628959293681e-08, 50695.765625
0:00:16.961250, 0.0, 0.0, 90.0, 6.266773766583356e-08, 50696.45703125
0:00:17.044428, 0.0, 0.0, 90.0, 5.7549605969597906e-08, 50696.984375
0:00:17.170130, 0.0, 0.0, 90.0, 5.068324426815707e-08, 50697.765625
0:00:17.257363, 0.0, 0.0, 90.0, 4.635245787198983e-08, 50698.31640625
0:00:17.353571, 0.0, 0.0, 90.0, 4.2041339298748426e-08, 50698.91796875
0:00:17.475671, 0.0, 0.0, 90.0, 3.7153814247403716e-08, 50699.68359375
0:00:17.578033, 0.0, 0.0, 90.0, 3.345479626659653e-08, 50700.33203125
0:00:17.663411, 0.0, 0.0, 90.0, 3.069093779117793e-08, 50700.8671875
0:00:17.772369, 0.0, 0.0, 90.0, 2.747916028056352e-08, 50701.546875
0:00:17.857685, 0.0, 0.0, 90.0, 2.5183013008245325e-08, 50702.0859375
0:00:17.968202, 0.0, 0.0, 90.0, 2.252496145160876e-08, 50702.77734375
0:00:18.061221, 0.0, 0.0, 90.0, 2.0493073904503945e-08, 50703.359375
0:00:18.176998, 0.0, 0.0, 90.0, 1.8217205521864344e-08, 50704.0859375
0:00:18.274530, 0.0, 0.0, 90.0, 1.6488680643078624e-08, 50704.703125
0:00:18.375231, 0.0, 0.0, 90.0, 1.4899511846522273e-08, 50705.33203125
0:00:18.462470, 0.0, 0.0, 90.0, 1.3626419992363026e-08, 50705.8828125
0:00:18.575950, 0.0, 0.0, 90.0, 1.215064493464979e-08, 50706.59375
0:00:18.659158, 0.0, 0.0, 90.0, 1.1158220125651042e-08, 50707.12109375
0:00:18.776005, 0.0, 0.0, 90.0, 9.90886483975828e-09, 50707.85546875
0:00:18.885575, 0.0, 0.0, 90.0, 8.871968937285146e-09, 50708.5390625
0:00:18.985889, 0.0, 0.0, 90.0, 8.005158314006167e-09, 50709.171875
0:00:19.078217, 0.0, 0.0, 90.0, 7.2904065007151075e-09, 50709.74609375
0:00:19.164671, 0.0, 0.0, 90.0, 6.674349961599546e-09, 50710.29296875
0:00:19.264997, 0.0, 0.0, 90.0, 6.028544330405339e-09, 50710.921875
0:00:19.368409, 0.0, 0.0, 90.0, 5.425549343129887e-09, 50711.57421875
0:00:19.474371, 0.0, 0.0, 90.0, 4.872795056343193e-09, 50712.23828125
0:00:19.586986, 0.0, 0.0, 90.0, 4.349511417700569e-09, 50712.9375
0:00:19.696327, 0.0, 0.0, 90.0, 3.8943888114317815e-09, 50713.62109375
0:00:19.797187, 0.0, 0.0, 90.0, 3.510275847773414e-09, 50714.26171875
0:00:19.895603, 0.0, 0.0, 90.0, 3.1772433572996306e-09, 50714.875
0:00:19.987087, 0.0, 0.0, 90.0, 2.896519912809481e-09, 50715.4453125
0:00:20.096589, 0.0, 0.0, 90.0, 2.5907886946896497e-09, 50716.1328125
0:00:20.204673, 0.0, 0.0, 90.0, 2.3220763090137098e-09, 50716.8125
0:00:20.298040, 0.0, 0.0, 90.0, 2.1104102909674793e-09, 50717.40234375
0:00:20.395614, 0.0, 0.0, 90.0, 1.910188007769875e-09, 50718.015625
0:00:20.501751, 0.0, 0.0, 90.0, 1.7155982190431018e-09, 50718.6796875
0:00:20.590701, 0.0, 0.0, 90.0, 1.569003593715479e-09, 50719.23046875
0:00:20.701922, 0.0, 0.0, 90.0, 1.4005173687436923e-09, 50719.93359375
0:00:20.788305, 0.0, 0.0, 90.0, 1.2821675943186506e-09, 50720.4765625
0:00:20.882476, 0.0, 0.0, 90.0, 1.1653256137833523e-09, 50721.06640625
0:00:20.997447, 0.0, 0.0, 90.0, 1.0369677339028271e-09, 50721.7890625
0:00:21.093541, 0.0, 0.0, 90.0, 9.40509004010437e-10, 50722.390625
0:00:21.197635, 0.0, 0.0, 90.0, 8.464361989091174e-10, 50723.04296875
0:00:21.312685, 0.0, 0.0, 90.0, 7.532128809550898e-10, 50723.765625
0:00:21.399213, 0.0, 0.0, 90.0, 6.895624626857e-10, 50724.3125
0:00:21.511518, 0.0, 0.0, 90.0, 6.15514417212637e-10, 50725.015625
0:00:21.598105, 0.0, 0.0, 90.0, 5.634984145963529e-10, 50725.5625
0:00:21.725562, 0.0, 0.0, 90.0, 4.947303677838022e-10, 50726.3671875
0:00:21.816693, 0.0, 0.0, 90.0, 4.515265661364509e-10, 50726.93359375
0:00:21.901551, 0.0, 0.0, 90.0, 4.137967746231652e-10, 50727.47265625
0:00:22.025993, 0.0, 0.0, 90.0, 3.648003843448322e-10, 50728.25
0:00:22.096168, 0.0, 0.0, 90.0, 3.3969338453232467e-10, 50728.69140625
0:00:22.196462, 0.0, 0.0, 90.0, 3.06509234659913e-10, 50729.328125
0:00:22.311256, 0.0, 0.0, 90.0, 2.7275084968358954e-10, 50730.05078125
0:00:22.406821, 0.0, 0.0, 90.0, 2.4763380235270915e-10, 50730.6484375
0:00:22.534455, 0.0, 0.0, 90.0, 2.1750201639747502e-10, 50731.44921875
0:00:22.629095, 0.0, 0.0, 90.0, 1.97478228214365e-10, 50732.046875
0:00:22.723827, 0.0, 0.0, 90.0, 1.792955645063543e-10, 50732.640625
0:00:22.809284, 0.0, 0.0, 90.0, 1.6448276074498835e-10, 50733.171875
0:00:22.906336, 0.0, 0.0, 90.0, 1.490311762886165e-10, 50733.78125
0:00:23.027815, 0.0, 0.0, 90.0, 1.3170593782252382e-10, 50734.54296875
0:00:23.124456, 0.0, 0.0, 90.0, 1.1945464062357303e-10, 50735.14453125
0:00:23.222898, 0.0, 0.0, 90.0, 1.0800579181013958e-10, 50735.765625
0:00:23.337816, 0.0, 0.0, 90.0, 9.611033496836896e-11, 50736.48828125
0:00:23.418338, 0.0, 0.0, 90.0, 8.853248689710824e-11, 50736.99609375
0:00:23.528326, 0.0, 0.0, 90.0, 7.918710132059914e-11, 50737.6875
0:00:23.616789, 0.0, 0.0, 90.0, 7.242102056936872e-11, 50738.2421875
0:00:23.729369, 0.0, 0.0, 90.0, 6.457764184508719e-11, 50738.953125
0:00:23.823581, 0.0, 0.0, 90.0, 5.869202346353575e-11, 50739.5390625
0:00:23.938500, 0.0, 0.0, 90.0, 5.22276250025655e-11, 50740.265625
0:00:24.037814, 0.0, 0.0, 90.0, 4.717345958304975e-11, 50740.89453125
0:00:24.116479, 0.0, 0.0, 90.0, 4.3588722908882716e-11, 50741.3828125
0:00:24.232126, 0.0, 0.0, 90.0, 3.874795276304077e-11, 50742.109375
0:00:24.318345, 0.0, 0.0, 90.0, 3.5510042822872734e-11, 50742.6484375
0:00:24.439811, 0.0, 0.0, 90.0, 3.14012323088253e-11, 50743.40625
0:00:24.526708, 0.0, 0.0, 90.0, 2.8718147651596304e-11, 50743.95703125
0:00:24.641290, 0.0, 0.0, 90.0, 2.5555156948908753e-11, 50744.6796875
0:00:24.726566, 0.0, 0.0, 90.0, 2.344392388553551e-11, 50745.21484375
0:00:24.847387, 0.0, 0.0, 90.0, 2.0731923122685458e-11, 50745.97265625
0:00:24.933262, 0.0, 0.0, 90.0, 1.90190398152712e-11, 50746.5078125
0:00:25.049519, 0.0, 0.0, 90.0, 1.688938572330656e-11, 50747.2421875
0:00:25.133731, 0.0, 0.0, 90.0, 1.5509980452743655e-11, 50747.765625
0:00:25.248496, 0.0, 0.0, 90.0, 1.3801680284752926e-11, 50748.48828125
0:00:25.337870, 0.0, 0.0, 90.0, 1.2596326759428678e-11, 50749.05078125
0:00:25.456275, 0.0, 0.0, 90.0, 1.1173430236599557e-11, 50749.7890625
0:00:25.554990, 0.0, 0.0, 90.0, 1.0102679977308515e-11, 50750.41015625
0:00:25.642096, 0.0, 0.0, 90.0, 9.248959237373455e-12, 50750.95703125
0:00:25.739940, 0.0, 0.0, 90.0, 8.374783505571415e-12, 50751.57421875
0:00:25.870044, 0.0, 0.0, 90.0, 7.337693820608227e-12, 50752.390625
0:00:25.967229, 0.0, 0.0, 90.0, 6.6483021345098425e-12, 50753.0
0:00:26.061109, 0.0, 0.0, 90.0, 6.042000667144665e-12, 50753.58984375
0:00:26.145321, 0.0, 0.0, 90.0, 5.542842226868849e-12, 50754.125
0:00:26.260899, 0.0, 0.0, 90.0, 4.932331886670083e-12, 50754.84765625
0:00:26.358355, 0.0, 0.0, 90.0, 4.464383723812304e-12, 50755.4609375
0:00:26.467695, 0.0, 0.0, 90.0, 3.9972539167543175e-12, 50756.14453125
0:00:26.554177, 0.0, 0.0, 90.0, 3.659468561512114e-12, 50756.69140625
0:00:26.665430, 0.0, 0.0, 90.0, 3.2698498856481573e-12, 50757.38671875
0:00:26.745180, 0.0, 0.0, 90.0, 3.0151616880330634e-12, 50757.890625
0:00:26.857893, 0.0, 0.0, 90.0, 2.6886038968082504e-12, 50758.6015625
0:00:26.957810, 0.0, 0.0, 90.0, 2.428490351522039e-12, 50759.23046875
0:00:27.056129, 0.0, 0.0, 90.0, 2.198064863803695e-12, 50759.84765625
0:00:27.169165, 0.0, 0.0, 90.0, 1.9600048580675766e-12, 50760.5546875
0:00:27.257217, 0.0, 0.0, 90.0, 1.7906838121681257e-12, 50761.11328125
0:00:27.370866, 0.0, 0.0, 90.0, 1.596746714883912e-12, 50761.8203125
0:00:27.454370, 0.0, 0.0, 90.0, 1.4663388775773556e-12, 50762.34765625
0:00:27.568084, 0.0, 0.0, 90.0, 1.3061730516628067e-12, 50763.0625
0:00:27.657455, 0.0, 0.0, 90.0, 1.193336553705071e-12, 50763.625
0:00:27.779463, 0.0, 0.0, 90.0, 1.054165869179835e-12, 50764.39453125
0:00:27.888032, 0.0, 0.0, 90.0, 9.448295010955343e-13, 50765.07421875
0:00:27.981204, 0.0, 0.0, 90.0, 8.586828080178743e-13, 50765.66796875
0:00:28.078847, 0.0, 0.0, 90.0, 7.772164530885084e-13, 50766.28125
0:00:28.189267, 0.0, 0.0, 90.0, 6.958969533434056e-13, 50766.96484375
0:00:28.270431, 0.0, 0.0, 90.0, 6.403644975394585e-13, 50767.4765625
0:00:28.380349, 0.0, 0.0, 90.0, 5.721785350208675e-13, 50768.171875
0:00:28.468812, 0.0, 0.0, 90.0, 5.232858417414388e-13, 50768.72265625
0:00:28.578756, 0.0, 0.0, 90.0, 4.680429763377625e-13, 50769.41015625
0:00:28.678235, 0.0, 0.0, 90.0, 4.227559329082059e-13, 50770.04296875
0:00:28.770033, 0.0, 0.0, 90.0, 3.849996493485164e-13, 50770.62109375
0:00:28.880338, 0.0, 0.0, 90.0, 3.4435881880387487e-13, 50771.30859375
0:00:28.979055, 0.0, 0.0, 90.0, 3.113638903998184e-13, 50771.93359375
0:00:29.078609, 0.0, 0.0, 90.0, 2.815264839826914e-13, 50772.55859375
0:00:29.194931, 0.0, 0.0, 90.0, 2.5000363107832713e-13, 50773.29296875
0:00:29.280266, 0.0, 0.0, 90.0, 2.2934819733470835e-13, 50773.828125
0:00:29.373459, 0.0, 0.0, 90.0, 2.0865289205619642e-13, 50774.4140625
0:00:29.492127, 0.0, 0.0, 90.0, 1.8490797001197157e-13, 50775.16015625
0:00:29.588388, 0.0, 0.0, 90.0, 1.677078208294283e-13, 50775.76171875
0:00:29.699963, 0.0, 0.0, 90.0, 1.496983553827061e-13, 50776.4609375
0:00:29.788407, 0.0, 0.0, 90.0, 1.3676622226226065e-13, 50777.01953125
0:00:29.896600, 0.0, 0.0, 90.0, 1.2258077853547628e-13, 50777.69921875
0:00:30.006672, 0.0, 0.0, 90.0, 1.0964222151715886e-13, 50778.38671875
0:00:30.111749, 0.0, 0.0, 90.0, 9.857455021515527e-14, 50779.046875
0:00:30.205569, 0.0, 0.0, 90.0, 8.959045121438927e-14, 50779.6328125
0:00:30.289999, 0.0, 0.0, 90.0, 8.218878594194734e-14, 50780.1640625
0:00:30.405770, 0.0, 0.0, 90.0, 7.31365854922221e-14, 50780.88671875
0:00:30.493202, 0.0, 0.0, 90.0, 6.688733903770575e-14, 50781.44140625
0:00:30.619079, 0.0, 0.0, 90.0, 5.88455201450469e-14, 50782.23046875
0:00:30.704284, 0.0, 0.0, 90.0, 5.3984011813730526e-14, 50782.765625
0:00:30.813938, 0.0, 0.0, 90.0, 4.828598390810117e-14, 50783.45703125
0:00:30.894448, 0.0, 0.0, 90.0, 4.4525089859656294e-14, 50783.95703125
0:00:31.010220, 0.0, 0.0, 90.0, 3.9580328354020186e-14, 50784.68359375
0:00:31.109078, 0.0, 0.0, 90.0, 3.5787884022355984e-14, 50785.3046875
0:00:31.224407, 0.0, 0.0, 90.0, 3.1813303890109584e-14, 50786.03515625
0:00:31.305139, 0.0, 0.0, 90.0, 2.933500068292433e-14, 50786.5390625
0:00:31.416929, 0.0, 0.0, 90.0, 2.6184693722639506e-14, 50787.2421875
0:00:31.502330, 0.0, 0.0, 90.0, 2.399671444625745e-14, 50787.78125
0:00:31.600968, 0.0, 0.0, 90.0, 2.1697667127633727e-14, 50788.40234375
0:00:31.703012, 0.0, 0.0, 90.0, 1.9558080537594204e-14, 50789.04296875
0:00:31.815745, 0.0, 0.0, 90.0, 1.743991032859306e-14, 50789.75390625
0:00:31.901075, 0.0, 0.0, 90.0, 1.5999014111689296e-14, 50790.2890625
0:00:31.998794, 0.0, 0.0, 90.0, 1.4480743129119747e-14, 50790.90625
0:00:32.099295, 0.0, 0.0, 90.0, 1.3079414362281074e-14, 50791.53515625
0:00:32.199815, 0.0, 0.0, 90.0, 1.1801527942010507e-14, 50792.16796875
0:00:32.314672, 0.0, 0.0, 90.0, 1.0501685580714161e-14, 50792.890625
0:00:32.402796, 0.0, 0.0, 90.0, 9.604336335294113e-15, 50793.44140625
0:00:32.527388, 0.0, 0.0, 90.0, 8.45844136512829e-15, 50794.2265625
0:00:32.631425, 0.0, 0.0, 90.0, 7.612392670158698e-15, 50794.875
0:00:32.716850, 0.0, 0.0, 90.0, 6.9834673186905914e-15, 50795.41015625
0:00:32.832595, 0.0, 0.0, 90.0, 6.207914211305661e-15, 50796.13671875
0:00:32.916848, 0.0, 0.0, 90.0, 5.700908241166496e-15, 50796.6640625
0:00:33.031593, 0.0, 0.0, 90.0, 5.072966718466625e-15, 50797.38671875
0:00:33.115313, 0.0, 0.0, 90.0, 4.658652834294919e-15, 50797.9140625
0:00:33.211104, 0.0, 0.0, 90.0, 4.225359482874086e-15, 50798.515625
0:00:33.337980, 0.0, 0.0, 90.0, 3.7135300836167815e-15, 50799.31640625
0:00:33.422669, 0.0, 0.0, 90.0, 3.4102317256440133e-15, 50799.84375
0:00:33.534306, 0.0, 0.0, 90.0, 3.0440204190304056e-15, 50800.55078125
0:00:33.631529, 0.0, 0.0, 90.0, 2.7552262297299464e-15, 50801.16796875
0:00:33.741501, 0.0, 0.0, 90.0, 2.4644084787184967e-15, 50801.85546875
0:00:33.823255, 0.0, 0.0, 90.0, 2.267765968365148e-15, 50802.37109375
0:00:33.933161, 0.0, 0.0, 90.0, 2.0304851465431433e-15, 50803.0546875
0:00:34.030616, 0.0, 0.0, 90.0, 1.83784761972265e-15, 50803.671875
0:00:34.133577, 0.0, 0.0, 90.0, 1.655726853975266e-15, 50804.31640625
0:00:34.230624, 0.0, 0.0, 90.0, 1.5001870409039062e-15, 50804.92578125
0:00:34.351650, 0.0, 0.0, 90.0, 1.326592508803584e-15, 50805.6875
0:00:34.449872, 0.0, 0.0, 90.0, 1.1994843095188804e-15, 50806.3125
0:00:34.541650, 0.0, 0.0, 90.0, 1.093504500070488e-15, 50806.8828125
0:00:34.650574, 0.0, 0.0, 90.0, 9.780723323263296e-16, 50807.57421875
0:00:34.748087, 0.0, 0.0, 90.0, 8.861917039223403e-16, 50808.18359375
0:00:34.834463, 0.0, 0.0, 90.0, 8.113012858908513e-16, 50808.7265625
0:00:34.947145, 0.0, 0.0, 90.0, 7.241789180076222e-16, 50809.42578125
0:00:35.033406, 0.0, 0.0, 90.0, 6.629735348488881e-16, 50809.97265625
0:00:35.156350, 0.0, 0.0, 90.0, 5.850742440305151e-16, 50810.7421875
0:00:35.241653, 0.0, 0.0, 90.0, 5.367362442526395e-16, 50811.27734375
0:00:35.338673, 0.0, 0.0, 90.0, 4.863140140289263e-16, 50811.8828125
0:00:35.446698, 0.0, 0.0, 90.0, 4.3587981946483314e-16, 50812.55859375
0:00:35.561503, 0.0, 0.0, 90.0, 3.878728242808768e-16, 50813.27734375
0:00:35.672567, 0.0, 0.0, 90.0, 3.46570306632675e-16, 50813.97265625
0:00:35.742648, 0.0, 0.0, 90.0, 3.223901100269657e-16, 50814.41796875
0:00:35.841180, 0.0, 0.0, 90.0, 2.9180380324117213e-16, 50815.03125
0:00:35.944601, 0.0, 0.0, 90.0, 2.6261523316724615e-16, 50815.68359375
0:00:36.061229, 0.0, 0.0, 90.0, 2.3345135939768856e-16, 50816.4140625
0:00:36.161613, 0.0, 0.0, 90.0, 2.1064268118715137e-16, 50817.046875
0:00:36.253084, 0.0, 0.0, 90.0, 1.9204928890840481e-16, 50817.6171875
0:00:36.365975, 0.0, 0.0, 90.0, 1.7124969343941602e-16, 50818.32421875
0:00:36.481215, 0.0, 0.0, 90.0, 1.5238742113947543e-16, 50819.046875
0:00:36.553339, 0.0, 0.0, 90.0, 1.4160555198876524e-16, 50819.5
0:00:36.680880, 0.0, 0.0, 90.0, 1.243225990887599e-16, 50820.3046875
0:00:36.768626, 0.0, 0.0, 90.0, 1.1369886040139024e-16, 50820.85546875
0:00:36.857428, 0.0, 0.0, 90.0, 1.0387685825093148e-16, 50821.4140625
0:00:36.972268, 0.0, 0.0, 90.0, 9.243595114514315e-17, 50822.13671875
0:00:37.059635, 0.0, 0.0, 90.0, 8.46247125672375e-17, 50822.6796875
0:00:37.172903, 0.0, 0.0, 90.0, 7.545948520570095e-17, 50823.38671875
0:00:37.255635, 0.0, 0.0, 90.0, 6.929664553504607e-17, 50823.9140625
0:00:37.371272, 0.0, 0.0, 90.0, 6.166417723112538e-17, 50824.6328125
0:00:37.467751, 0.0, 0.0, 90.0, 5.587063069058357e-17, 50825.2421875
0:00:37.582505, 0.0, 0.0, 90.0, 4.971708853001379e-17, 50825.96484375
0:00:37.669867, 0.0, 0.0, 90.0, 4.5515590044673196e-17, 50826.5078125
0:00:37.783625, 0.0, 0.0, 90.0, 4.054438676446221e-17, 50827.2265625
0:00:37.870907, 0.0, 0.0, 90.0, 3.7118290694051275e-17, 50827.7734375
0:00:37.971551, 0.0, 0.0, 90.0, 3.349178861355344e-17, 50828.41015625
0:00:38.082329, 0.0, 0.0, 90.0, 2.99259949725721e-17, 50829.109375
0:00:38.171728, 0.0, 0.0, 90.0, 2.7340691598874367e-17, 50829.66796875
0:00:38.284423, 0.0, 0.0, 90.0, 2.4379624888312168e-17, 50830.37890625
0:00:38.395829, 0.0, 0.0, 90.0, 2.1761639608612463e-17, 50831.08203125
0:00:38.479113, 0.0, 0.0, 90.0, 2.000488500420092e-17, 50831.60546875
0:00:38.592840, 0.0, 0.0, 90.0, 1.7819935392617624e-17, 50832.3203125
0:00:38.678250, 0.0, 0.0, 90.0, 1.6347658127030417e-17, 50832.8515625
0:00:38.785808, 0.0, 0.0, 90.0, 1.465202886116409e-17, 50833.53125
0:00:38.882844, 0.0, 0.0, 90.0, 1.3275765757998363e-17, 50834.14453125
0:00:38.992842, 0.0, 0.0, 90.0, 1.1874316659541621e-17, 50834.83203125
0:00:39.091151, 0.0, 0.0, 90.0, 1.0736572740366784e-17, 50835.45703125
0:00:39.191592, 0.0, 0.0, 90.0, 9.697709991616536e-18, 50836.0859375
0:00:39.284378, 0.0, 0.0, 90.0, 8.822436271069063e-18, 50836.66796875
0:00:39.399935, 0.0, 0.0, 90.0, 7.850765403476498e-18, 50837.390625
0:00:39.512955, 0.0, 0.0, 90.0, 6.993283510724428e-18, 50838.1015625
0:00:39.597386, 0.0, 0.0, 90.0, 6.4220950318315544e-18, 50838.62890625
0:00:39.704694, 0.0, 0.0, 90.0, 5.7619093636534885e-18, 50839.296875
0:00:39.816390, 0.0, 0.0, 90.0, 5.143128221036764e-18, 50839.99609375
0:00:39.912787, 0.0, 0.0, 90.0, 4.6599699572930095e-18, 50840.6015625
0:00:40.013200, 0.0, 0.0, 90.0, 4.208943110853571e-18, 50841.23046875
0:00:40.112576, 0.0, 0.0, 90.0, 3.801693143972276e-18, 50841.86328125
0:00:40.204299, 0.0, 0.0, 90.0, 3.4621644538406973e-18, 50842.44140625
0:00:40.316066, 0.0, 0.0, 90.0, 3.093562226334258e-18, 50843.13671875
0:00:40.403382, 0.0, 0.0, 90.0, 2.8292323188947223e-18, 50843.6875
0:00:40.523374, 0.0, 0.0, 90.0, 2.504440058170929e-18, 50844.4375
0:00:40.623667, 0.0, 0.0, 90.0, 2.262080688186261e-18, 50845.06640625
0:00:40.714364, 0.0, 0.0, 90.0, 2.0622156542199734e-18, 50845.63671875
0:00:40.800591, 0.0, 0.0, 90.0, 1.8898957346517015e-18, 50846.17578125
0:00:40.913237, 0.0, 0.0, 90.0, 1.6852152687494364e-18, 50846.88671875
0:00:41.022577, 0.0, 0.0, 90.0, 1.5088734936453552e-18, 50847.5703125
0:00:41.119442, 0.0, 0.0, 90.0, 1.3656802578063006e-18, 50848.1875
0:00:41.231467, 0.0, 0.0, 90.0, 1.2202808278759905e-18, 50848.88671875
0:00:41.314597, 0.0, 0.0, 90.0, 1.1206193159410343e-18, 50849.4140625
0:00:41.427284, 0.0, 0.0, 90.0, 9.9924917261266e-19, 50850.12109375
0:00:41.525590, 0.0, 0.0, 90.0, 9.0444682978857e-19, 50850.734375
0:00:41.623473, 0.0, 0.0, 90.0, 8.186395591381114e-19, 50851.3515625
0:00:41.745363, 0.0, 0.0, 90.0, 7.2316497696995725e-19, 50852.1171875
0:00:41.814882, 0.0, 0.0, 90.0, 6.734112004982349e-19, 50852.5546875
0:00:41.933043, 0.0, 0.0, 90.0, 5.973411898260208e-19, 50853.29296875
0:00:42.043164, 0.0, 0.0, 90.0, 5.342820581050182e-19, 50853.984375
0:00:42.140823, 0.0, 0.0, 90.0, 4.835871051925753e-19, 50854.6015625
0:00:42.248051, 0.0, 0.0, 90.0, 4.33881667087899e-19, 50855.26953125
0:00:42.332349, 0.0, 0.0, 90.0, 3.9844276810428966e-19, 50855.796875
0:00:42.426928, 0.0, 0.0, 90.0, 3.6175141427569844e-19, 50856.390625
0:00:42.523348, 0.0, 0.0, 90.0, 3.277676035377523e-19, 50856.99609375
0:00:42.622834, 0.0, 0.0, 90.0, 2.9636237326307532e-19, 50857.62109375
0:00:42.740002, 0.0, 0.0, 90.0, 2.631474786032855e-19, 50858.359375
0:00:42.855025, 0.0, 0.0, 90.0, 2.3416487939701736e-19, 50859.078125
0:00:42.952845, 0.0, 0.0, 90.0, 2.1194334432502797e-19, 50859.6953125
0:00:43.053947, 0.0, 0.0, 90.0, 1.9123602798780225e-19, 50860.328125
0:00:43.145165, 0.0, 0.0, 90.0, 1.7415768224481738e-19, 50860.90625
0:00:43.255281, 0.0, 0.0, 90.0, 1.557734768085527e-19, 50861.59765625
0:00:43.354454, 0.0, 0.0, 90.0, 1.408478169109488e-19, 50862.21875
0:00:43.445288, 0.0, 0.0, 90.0, 1.284032852606977e-19, 50862.7890625
0:00:43.553135, 0.0, 0.0, 90.0, 1.150857420220793e-19, 50863.46484375
0:00:43.648870, 0.0, 0.0, 90.0, 1.0438181163814146e-19, 50864.06640625
0:00:43.742897, 0.0, 0.0, 90.0, 9.486965464643645e-20, 50864.65625
0:00:43.838694, 0.0, 0.0, 90.0, 8.604709486696218e-20, 50865.26171875
0:00:43.949361, 0.0, 0.0, 90.0, 7.688544919747798e-20, 50865.9609375
0:00:44.034681, 0.0, 0.0, 90.0, 7.053319969390797e-20, 50866.4921875
0:00:44.143626, 0.0, 0.0, 90.0, 6.315257081847847e-20, 50867.17578125
0:00:44.240358, 0.0, 0.0, 90.0, 5.721919135993853e-20, 50867.78515625
0:00:44.354135, 0.0, 0.0, 90.0, 5.096912451141296e-20, 50868.5
0:00:44.455664, 0.0, 0.0, 90.0, 4.5989380901570094e-20, 50869.13671875
0:00:44.546104, 0.0, 0.0, 90.0, 4.192601446994247e-20, 50869.70703125
0:00:44.655308, 0.0, 0.0, 90.0, 3.7538974849562255e-20, 50870.390625
0:00:44.751109, 0.0, 0.0, 90.0, 3.404753918802969e-20, 50870.9921875
0:00:44.858170, 0.0, 0.0, 90.0, 3.0547964198516576e-20, 50871.66015625
0:00:44.945513, 0.0, 0.0, 90.0, 2.7937757001514284e-20, 50872.21484375
0:00:45.074219, 0.0, 0.0, 90.0, 2.452861127064654e-20, 50873.01953125
0:00:45.166333, 0.0, 0.0, 90.0, 2.2314647820864157e-20, 50873.6015625
0:00:45.276591, 0.0, 0.0, 90.0, 1.995909754584169e-20, 50874.29296875
0:00:45.375772, 0.0, 0.0, 90.0, 1.8046707668407376e-20, 50874.91796875
0:00:45.467182, 0.0, 0.0, 90.0, 1.643518696733075e-20, 50875.49609375
0:00:45.574156, 0.0, 0.0, 90.0, 1.4745664103842657e-20, 50876.1640625
0:00:45.672090, 0.0, 0.0, 90.0, 1.334653333414896e-20, 50876.78125
0:00:45.779180, 0.0, 0.0, 90.0, 1.1974634901184156e-20, 50877.44921875
0:00:45.872053, 0.0, 0.0, 90.0, 1.0894589860576356e-20, 50878.03515625
0:00:45.959378, 0.0, 0.0, 90.0, 9.973971766134648e-21, 50878.58203125
0:00:46.067577, 0.0, 0.0, 90.0, 8.930289552942937e-21, 50879.265625
0:00:46.179135, 0.0, 0.0, 90.0, 7.979468057033106e-21, 50879.9609375
0:00:46.274686, 0.0, 0.0, 90.0, 7.237319026511115e-21, 50880.5625
0:00:46.386277, 0.0, 0.0, 90.0, 6.4601254876742924e-21, 50881.265625
0:00:46.473580, 0.0, 0.0, 90.0, 5.9142359626936614e-21, 50881.81640625
0:00:46.577864, 0.0, 0.0, 90.0, 5.3171088995551924e-21, 50882.47265625
0:00:46.692971, 0.0, 0.0, 90.0, 4.736355408121942e-21, 50883.1875
0:00:46.778233, 0.0, 0.0, 90.0, 4.340518788859774e-21, 50883.7265625
0:00:46.874406, 0.0, 0.0, 90.0, 3.9368187031201675e-21, 50884.328125
0:00:46.989136, 0.0, 0.0, 90.0, 3.50320965666759e-21, 50885.046875
0:00:47.074649, 0.0, 0.0, 90.0, 3.2104866745357692e-21, 50885.58984375
0:00:47.204641, 0.0, 0.0, 90.0, 2.8128468580837856e-21, 50886.40625
0:00:47.291983, 0.0, 0.0, 90.0, 2.5751548127001825e-21, 50886.953125
0:00:47.406272, 0.0, 0.0, 90.0, 2.2938893725735364e-21, 50887.66796875
0:00:47.505238, 0.0, 0.0, 90.0, 2.071936578996707e-21, 50888.30078125
0:00:47.597084, 0.0, 0.0, 90.0, 1.8888717755262404e-21, 50888.87109375
0:00:47.681511, 0.0, 0.0, 90.0, 1.7328195889344585e-21, 50889.40234375
0:00:47.793215, 0.0, 0.0, 90.0, 1.5467422203302613e-21, 50890.10546875
0:00:47.905887, 0.0, 0.0, 90.0, 1.3792234040556764e-21, 50890.8125
0:00:47.994366, 0.0, 0.0, 90.0, 1.2613767229803834e-21, 50891.3671875
0:00:48.108199, 0.0, 0.0, 90.0, 1.1236081359828644e-21, 50892.08203125
0:00:48.190647, 0.0, 0.0, 90.0, 1.0339672838588317e-21, 50892.59375
0:00:48.309552, 0.0, 0.0, 90.0, 9.162097629984903e-22, 50893.33984375
0:00:48.407071, 0.0, 0.0, 90.0, 8.292865303820567e-22, 50893.95703125
0:00:48.490288, 0.0, 0.0, 90.0, 7.623390229342469e-22, 50894.4765625
0:00:48.587466, 0.0, 0.0, 90.0, 6.900109539983014e-22, 50895.08984375
0:00:48.713877, 0.0, 0.0, 90.0, 6.070520187987549e-22, 50895.8828125
0:00:48.810653, 0.0, 0.0, 90.0, 5.505757878979763e-22, 50896.484375
0:00:48.908119, 0.0, 0.0, 90.0, 4.985437342799488e-22, 50897.1015625
0:00:49.006527, 0.0, 0.0, 90.0, 4.507750636469701e-22, 50897.72265625
0:00:49.126749, 0.0, 0.0, 90.0, 3.9902149686114736e-22, 50898.4765625
0:00:49.217484, 0.0, 0.0, 90.0, 3.6376615442534234e-22, 50899.046875
0:00:49.329231, 0.0, 0.0, 90.0, 3.24702393487522e-22, 50899.75
0:00:49.410998, 0.0, 0.0, 90.0, 2.9879339932612864e-22, 50900.265625
0:00:49.522462, 0.0, 0.0, 90.0, 2.6698155464847093e-22, 50900.96484375
0:00:49.608843, 0.0, 0.0, 90.0, 2.4442046092528656e-22, 50901.51171875
0:00:49.707405, 0.0, 0.0, 90.0, 2.2123070185862623e-22, 50902.125
0:00:49.806586, 0.0, 0.0, 90.0, 2.0003336562483898e-22, 50902.75
0:00:49.919029, 0.0, 0.0, 90.0, 1.7836944025371885e-22, 50903.4609375
0:00:50.003374, 0.0, 0.0, 90.0, 1.6363313989095584e-22, 50903.9921875
0:00:50.120469, 0.0, 0.0, 90.0, 1.4546138184039154e-22, 50904.72265625
0:00:50.216513, 0.0, 0.0, 90.0, 1.3179667013128075e-22, 50905.33203125
0:00:50.329648, 0.0, 0.0, 90.0, 1.1752264225897726e-22, 50906.0390625
0:00:50.426645, 0.0, 0.0, 90.0, 1.0648251495774747e-22, 50906.6484375
0:00:50.522865, 0.0, 0.0, 90.0, 9.647815571418563e-23, 50907.2578125
0:00:50.612219, 0.0, 0.0, 90.0, 8.814378345254047e-23, 50907.81640625
0:00:50.747386, 0.0, 0.0, 90.0, 7.694753111183658e-23, 50908.65625
0:00:50.837747, 0.0, 0.0, 90.0, 7.007535355878563e-23, 50909.234375
0:00:50.917530, 0.0, 0.0, 90.0, 6.461678319345453e-23, 50909.73828125
0:00:51.034473, 0.0, 0.0, 90.0, 5.744085632657004e-23, 50910.46484375
0:00:51.150059, 0.0, 0.0, 90.0, 5.106183674613982e-23, 50911.19140625
0:00:51.249753, 0.0, 0.0, 90.0, 4.6121772032036e-23, 50911.8203125
0:00:51.348385, 0.0, 0.0, 90.0, 4.1745449408908465e-23, 50912.43359375
0:00:51.440505, 0.0, 0.0, 90.0, 3.7979146612901096e-23, 50913.015625
0:00:51.538001, 0.0, 0.0, 90.0, 3.4411365396858026e-23, 50913.625
0:00:51.643248, 0.0, 0.0, 90.0, 3.0905541316311014e-23, 50914.2890625
0:00:51.758738, 0.0, 0.0, 90.0, 2.75017201062527e-23, 50915.01171875
0:00:51.837598, 0.0, 0.0, 90.0, 2.5385733256629413e-23, 50915.5078125
0:00:51.948571, 0.0, 0.0, 90.0, 2.2682636678295388e-23, 50916.20703125
0:00:52.047178, 0.0, 0.0, 90.0, 2.050928859680986e-23, 50916.83203125
0:00:52.144169, 0.0, 0.0, 90.0, 1.8582596810003407e-23, 50917.4375
0:00:52.232502, 0.0, 0.0, 90.0, 1.6977156005073728e-23, 50917.99609375
0:00:52.357512, 0.0, 0.0, 90.0, 1.4967152618066884e-23, 50918.7734375
0:00:52.443945, 0.0, 0.0, 90.0, 1.3702307242131807e-23, 50919.3203125
0:00:52.552119, 0.0, 0.0, 90.0, 1.2281152233270808e-23, 50919.99609375
0:00:52.648018, 0.0, 0.0, 90.0, 1.1139046514439974e-23, 50920.6015625
0:00:52.739703, 0.0, 0.0, 90.0, 1.014850858563378e-23, 50921.17578125
0:00:52.840794, 0.0, 0.0, 90.0, 9.160804245199139e-24, 50921.8125
0:00:52.957649, 0.0, 0.0, 90.0, 8.135067342801982e-24, 50922.546875
0:00:53.044122, 0.0, 0.0, 90.0, 7.447619240112563e-24, 50923.08984375
0:00:53.156897, 0.0, 0.0, 90.0, 6.647862588068638e-24, 50923.79296875
0:00:53.243199, 0.0, 0.0, 90.0, 6.086089493911789e-24, 50924.33984375
0:00:53.348176, 0.0, 0.0, 90.0, 5.471703321681224e-24, 50924.99609375
0:00:53.462658, 0.0, 0.0, 90.0, 4.869054610859442e-24, 50925.71875
0:00:53.551196, 0.0, 0.0, 90.0, 4.453021991220364e-24, 50926.2734375
0:00:53.657831, 0.0, 0.0, 90.0, 3.995276773495915e-24, 50926.94140625
0:00:53.760989, 0.0, 0.0, 90.0, 3.5975587430629e-24, 50927.58984375
0:00:53.858536, 0.0, 0.0, 90.0, 3.256248606088167e-24, 50928.20703125
0:00:53.959878, 0.0, 0.0, 90.0, 2.9396018108847157e-24, 50928.83984375
0:00:54.071618, 0.0, 0.0, 90.0, 2.6239239340881024e-24, 50929.54296875
0:00:54.159102, 0.0, 0.0, 90.0, 2.4021962356596906e-24, 50930.08984375
0:00:54.279171, 0.0, 0.0, 90.0, 2.1242188103844946e-24, 50930.8515625
0:00:54.377745, 0.0, 0.0, 90.0, 1.9226863455601934e-24, 50931.46484375
0:00:54.458198, 0.0, 0.0, 90.0, 1.7711084975590127e-24, 50931.97265625
0:00:54.555530, 0.0, 0.0, 90.0, 1.6046848789672515e-24, 50932.58203125
0:00:54.668055, 0.0, 0.0, 90.0, 1.4308752543275191e-24, 50933.2890625
0:00:54.778147, 0.0, 0.0, 90.0, 1.2798310707287205e-24, 50933.98046875
0:00:54.875740, 0.0, 0.0, 90.0, 1.1583742000639805e-24, 50934.59765625
0:00:54.959141, 0.0, 0.0, 90.0, 1.0648585854469425e-24, 50935.12109375
0:00:55.068202, 0.0, 0.0, 90.0, 9.534312923311825e-25, 50935.8046875
0:00:55.168123, 0.0, 0.0, 90.0, 8.611778551624982e-25, 50936.43359375
0:00:55.267599, 0.0, 0.0, 90.0, 7.778617683157087e-25, 50937.0625
0:00:55.369237, 0.0, 0.0, 90.0, 7.018630566181361e-25, 50937.6953125
0:00:55.484924, 0.0, 0.0, 90.0, 6.238540808150275e-25, 50938.421875
0:00:55.570783, 0.0, 0.0, 90.0, 5.717221092858838e-25, 50938.96484375
0:00:55.665980, 0.0, 0.0, 90.0, 5.185477566781037e-25, 50939.56640625
0:00:55.782762, 0.0, 0.0, 90.0, 4.609601710398712e-25, 50940.29296875
0:00:55.875450, 0.0, 0.0, 90.0, 4.193707338633274e-25, 50940.87890625
0:00:55.988604, 0.0, 0.0, 90.0, 3.73949873225835e-25, 50941.5859375
0:00:56.098852, 0.0, 0.0, 90.0, 3.34129259414023e-25, 50942.28515625
0:00:56.182915, 0.0, 0.0, 90.0, 3.0683864104980536e-25, 50942.8125
0:00:56.276690, 0.0, 0.0, 90.0, 2.7887302892165473e-25, 50943.40234375
0:00:56.390927, 0.0, 0.0, 90.0, 2.486685309368737e-25, 50944.109375
0:00:56.488109, 0.0, 0.0, 90.0, 2.250706444257055e-25, 50944.7265625
0:00:56.584500, 0.0, 0.0, 90.0, 2.0392127123077855e-25, 50945.33984375
0:00:56.692578, 0.0, 0.0, 90.0, 1.8276662252854792e-25, 50946.01953125
0:00:56.800842, 0.0, 0.0, 90.0, 1.6381070173249126e-25, 50946.6953125
0:00:56.889040, 0.0, 0.0, 90.0, 1.4965973271013578e-25, 50947.25390625
0:00:57.003807, 0.0, 0.0, 90.0, 1.3331349937401831e-25, 50947.96875
0:00:57.084363, 0.0, 0.0, 90.0, 1.2280247015382067e-25, 50948.48046875
0:00:57.203897, 0.0, 0.0, 90.0, 1.0886099300560795e-25, 50949.2265625
0:00:57.283109, 0.0, 0.0, 90.0, 1.0038097863053913e-25, 50949.7265625
0:00:57.393887, 0.0, 0.0, 90.0, 8.969364516100042e-26, 50950.41796875
0:00:57.504672, 0.0, 0.0, 90.0, 8.014416959153314e-26, 50951.1171875
0:00:57.591961, 0.0, 0.0, 90.0, 7.33713364970241e-26, 50951.6640625
0:00:57.702593, 0.0, 0.0, 90.0, 6.555945033082255e-26, 50952.359375
0:00:57.813249, 0.0, 0.0, 90.0, 5.857960904142704e-26, 50953.0546875
0:00:57.911025, 0.0, 0.0, 90.0, 5.307661397421841e-26, 50953.6640625
0:00:58.008221, 0.0, 0.0, 90.0, 4.80404766514809e-26, 50954.28125
0:00:58.119277, 0.0, 0.0, 90.0, 4.292571516469372e-26, 50954.97265625
0:00:58.201565, 0.0, 0.0, 90.0, 3.9500209943287914e-26, 50955.48828125
0:00:58.315165, 0.0, 0.0, 90.0, 3.5186000526856154e-26, 50956.203125
0:00:58.402603, 0.0, 0.0, 90.0, 3.2179525276054527e-26, 50956.75390625
0:00:58.517382, 0.0, 0.0, 90.0, 2.866491266872577e-26, 50957.47265625
0:00:58.621543, 0.0, 0.0, 90.0, 2.5771155164221328e-26, 50958.1328125
0:00:58.733173, 0.0, 0.0, 90.0, 2.3027384461553896e-26, 50958.83203125
0:00:58.811105, 0.0, 0.0, 90.0, 2.1277521491938586e-26, 50959.3203125
0:00:58.925618, 0.0, 0.0, 90.0, 1.8934094617182907e-26, 50960.04296875
0:00:59.014495, 0.0, 0.0, 90.0, 1.7298414641366472e-26, 50960.6015625
0:00:59.123655, 0.0, 0.0, 90.0, 1.5488545857659878e-26, 50961.28515625
0:00:59.208901, 0.0, 0.0, 90.0, 1.4194314772055833e-26, 50961.82421875
0:00:59.319946, 0.0, 0.0, 90.0, 1.2682771766362844e-26, 50962.51953125
0:00:59.411616, 0.0, 0.0, 90.0, 1.1550309551623594e-26, 50963.09765625
0:00:59.524302, 0.0, 0.0, 90.0, 1.0309989867394815e-26, 50963.80078125
0:00:59.608988, 0.0, 0.0, 90.0, 9.458222697586271e-27, 50964.3359375
0:00:59.730726, 0.0, 0.0, 90.0, 8.355031536513797e-27, 50965.1015625
0:00:59.812459, 0.0, 0.0, 90.0, 7.688341612129e-27, 50965.6171875
0:00:59.928127, 0.0, 0.0, 90.0, 6.834538349183251e-27, 50966.34765625
0:01:00.020855, 0.0, 0.0, 90.0, 6.224179179369859e-27, 50966.92578125
0:01:00.137615, 0.0, 0.0, 90.0, 5.5272629400658715e-27, 50967.66015625
0:01:00.215310, 0.0, 0.0, 90.0, 5.1072106858472156e-27, 50968.1484375
0:01:00.321264, 0.0, 0.0, 90.0, 4.5869469040182475e-27, 50968.8125
0:01:00.429390, 0.0, 0.0, 90.0, 4.111204844713679e-27, 50969.48828125
0:01:00.527082, 0.0, 0.0, 90.0, 3.721059971415424e-27, 50970.10546875
0:01:00.633492, 0.0, 0.0, 90.0, 3.3420219361064495e-27, 50970.76953125
0:01:00.730571, 0.0, 0.0, 90.0, 3.0249555115829955e-27, 50971.38671875
0:01:00.846261, 0.0, 0.0, 90.0, 2.6890116995236412e-27, 50972.11328125
0:01:00.931748, 0.0, 0.0, 90.0, 2.4668597248914567e-27, 50972.6484375
0:01:01.029916, 0.0, 0.0, 90.0, 2.232762362372205e-27, 50973.265625
0:01:01.130628, 0.0, 0.0, 90.0, 2.0146188257332736e-27, 50973.90234375
0:01:01.239408, 0.0, 0.0, 90.0, 1.8038082673575967e-27, 50974.5859375
0:01:01.335249, 0.0, 0.0, 90.0, 1.6360181691146697e-27, 50975.1875
0:01:01.451878, 0.0, 0.0, 90.0, 1.4528206313166448e-27, 50975.921875
0:01:01.550057, 0.0, 0.0, 90.0, 1.3149524547651985e-27, 50976.5390625
0:01:01.642411, 0.0, 0.0, 90.0, 1.1975205134466395e-27, 50977.1171875
0:01:01.751102, 0.0, 0.0, 90.0, 1.0722136371784755e-27, 50977.80078125
0:01:01.850562, 0.0, 0.0, 90.0, 9.684804503683541e-28, 50978.4296875
0:01:01.964143, 0.0, 0.0, 90.0, 8.627031778117573e-28, 50979.1484375
0:01:02.049518, 0.0, 0.0, 90.0, 7.914312031765424e-28, 50979.68359375
0:01:02.135869, 0.0, 0.0, 90.0, 7.245511191865082e-28, 50980.23046875
0:01:02.250691, 0.0, 0.0, 90.0, 6.454164392568352e-28, 50980.94921875
0:01:02.361713, 0.0, 0.0, 90.0, 5.760943242455666e-28, 50981.65234375
0:01:02.460198, 0.0, 0.0, 90.0, 5.214387435397901e-28, 50982.26953125
0:01:02.545597, 0.0, 0.0, 90.0, 4.778670822569566e-28, 50982.80859375
0:01:02.658119, 0.0, 0.0, 90.0, 4.265499566650296e-28, 50983.51171875
0:01:02.776031, 0.0, 0.0, 90.0, 3.7839739878709813e-28, 50984.25390625
0:01:02.843761, 0.0, 0.0, 90.0, 3.5308523856575695e-28, 50984.6796875
0:01:02.955048, 0.0, 0.0, 90.0, 3.1516950389885405e-28, 50985.3828125
0:01:03.052945, 0.0, 0.0, 90.0, 2.8527158410930535e-28, 50986.0
0:01:03.151619, 0.0, 0.0, 90.0, 2.582037942989094e-28, 50986.6171875
0:01:03.264301, 0.0, 0.0, 90.0, 2.302391952099095e-28, 50987.32421875
0:01:03.360847, 0.0, 0.0, 90.0, 2.0860751118641663e-28, 50987.93359375
0:01:03.455714, 0.0, 0.0, 90.0, 1.893893905321677e-28, 50988.53125
0:01:03.572342, 0.0, 0.0, 90.0, 1.6818396295361635e-28, 50989.265625
0:01:03.659677, 0.0, 0.0, 90.0, 1.5397217681918052e-28, 50989.81640625
0:01:03.754175, 0.0, 0.0, 90.0, 1.3979500927549504e-28, 50990.4140625
0:01:03.851716, 0.0, 0.0, 90.0, 1.2666409113703578e-28, 50991.02734375
0:01:03.963691, 0.0, 0.0, 90.0, 1.1306190997824712e-28, 50991.73046875
0:01:04.063120, 0.0, 0.0, 90.0, 1.0212047326000234e-28, 50992.35546875
0:01:04.162630, 0.0, 0.0, 90.0, 9.233575006635653e-29, 50992.98046875
0:01:04.261187, 0.0, 0.0, 90.0, 8.348855753257627e-29, 50993.60546875
0:01:04.369276, 0.0, 0.0, 90.0, 7.482886029741319e-29, 50994.28515625
0:01:04.481909, 0.0, 0.0, 90.0, 6.672422209075359e-29, 50994.9921875
0:01:04.568326, 0.0, 0.0, 90.0, 6.114806508570707e-29, 50995.53125
0:01:04.682022, 0.0, 0.0, 90.0, 5.446942753958931e-29, 50996.24609375
0:01:04.763773, 0.0, 0.0, 90.0, 5.012282634075714e-29, 50996.7578125
0:01:04.873246, 0.0, 0.0, 90.0, 4.483220349629372e-29, 50997.44921875
0:01:04.987940, 0.0, 0.0, 90.0, 3.9935637955514083e-29, 50998.1640625
0:01:05.071226, 0.0, 0.0, 90.0, 3.667405753910107e-29, 50998.69140625
0:01:05.193024, 0.0, 0.0, 90.0, 3.241056924516582e-29, 50999.45703125
0:01:05.291613, 0.0, 0.0, 90.0, 2.9334907272228017e-29, 51000.07421875
0:01:05.377037, 0.0, 0.0, 90.0, 2.6883327851441204e-29, 51000.61328125
0:01:05.502235, 0.0, 0.0, 90.0, 2.3676127872567288e-29, 51001.3984375
0:01:05.584709, 0.0, 0.0, 90.0, 2.1764845528186778e-29, 51001.91796875
0:01:05.678778, 0.0, 0.0, 90.0, 1.978119335688038e-29, 51002.50390625
0:01:05.792535, 0.0, 0.0, 90.0, 1.762061894142494e-29, 51003.21875
0:01:05.891080, 0.0, 0.0, 90.0, 1.5948699596476384e-29, 51003.8359375
0:01:05.990581, 0.0, 0.0, 90.0, 1.4405315010456908e-29, 51004.46484375
0:01:06.095563, 0.0, 0.0, 90.0, 1.2951179221766552e-29, 51005.12109375
0:01:06.193322, 0.0, 0.0, 90.0, 1.1722453972840724e-29, 51005.734375
0:01:06.292663, 0.0, 0.0, 90.0, 1.0599261409387087e-29, 51006.359375
0:01:06.380013, 0.0, 0.0, 90.0, 9.693595109988143e-30, 51006.9140625
0:01:06.493948, 0.0, 0.0, 90.0, 8.634852738880486e-30, 51007.62890625
0:01:06.606459, 0.0, 0.0, 90.0, 7.699676076982115e-30, 51008.33984375
0:01:06.692965, 0.0, 0.0, 90.0, 7.056286829455024e-30, 51008.87890625
0:01:06.802076, 0.0, 0.0, 90.0, 6.31800039318379e-30, 51009.5625
0:01:06.911917, 0.0, 0.0, 90.0, 5.65104408259503e-30, 51010.25
0:01:07.005315, 0.0, 0.0, 90.0, 5.136314102358659e-30, 51010.83984375
0:01:07.103252, 0.0, 0.0, 90.0, 4.648958658406046e-30, 51011.45703125
0:01:07.202496, 0.0, 0.0, 90.0, 4.203565917749539e-30, 51012.078125
0:01:07.291742, 0.0, 0.0, 90.0, 3.836476899501871e-30, 51012.64453125
0:01:07.405456, 0.0, 0.0, 90.0, 3.420962404056824e-30, 51013.3515625
0:01:07.520692, 0.0, 0.0, 90.0, 3.0441803534318238e-30, 51014.07421875
0:01:07.605804, 0.0, 0.0, 90.0, 2.7898101467613415e-30, 51014.61328125
0:01:07.715774, 0.0, 0.0, 90.0, 2.495321164253227e-30, 51015.3046875
0:01:07.825645, 0.0, 0.0, 90.0, 2.231918082832834e-30, 51015.99609375
0:01:07.914144, 0.0, 0.0, 90.0, 2.0412135905983676e-30, 51016.55078125
0:01:08.003525, 0.0, 0.0, 90.0, 1.8629584298950417e-30, 51017.1171875
0:01:08.116404, 0.0, 0.0, 90.0, 1.6611935702543662e-30, 51017.82421875
0:01:08.235500, 0.0, 0.0, 90.0, 1.472036404743774e-30, 51018.5703125
0:01:08.322888, 0.0, 0.0, 90.0, 1.346246566183185e-30, 51019.12109375
0:01:08.435630, 0.0, 0.0, 90.0, 1.2016809795348777e-30, 51019.82421875
0:01:08.521987, 0.0, 0.0, 90.0, 1.1001372636125414e-30, 51020.375
0:01:08.619395, 0.0, 0.0, 90.0, 9.967599645820184e-31, 51020.98828125
0:01:08.734173, 0.0, 0.0, 90.0, 8.869795127236962e-31, 51021.7109375
0:01:08.833435, 0.0, 0.0, 90.0, 8.011672025995444e-31, 51022.33984375
0:01:08.920757, 0.0, 0.0, 90.0, 7.334651226814491e-31, 51022.88671875
0:01:09.034481, 0.0, 0.0, 90.0, 6.533533959214969e-31, 51023.6015625
0:01:09.115079, 0.0, 0.0, 90.0, 6.018395189063157e-31, 51024.109375
0:01:09.229723, 0.0, 0.0, 90.0, 5.3610610990720355e-31, 51024.82421875
0:01:09.319026, 0.0, 0.0, 90.0, 4.892896023574562e-31, 51025.38671875
0:01:09.434955, 0.0, 0.0, 90.0, 4.349494137449319e-31, 51026.109375
0:01:09.527137, 0.0, 0.0, 90.0, 3.961122088683403e-31, 51026.6875
0:01:09.643682, 0.0, 0.0, 90.0, 3.517594904581425e-31, 51027.421875
0:01:09.731006, 0.0, 0.0, 90.0, 3.22034294611159e-31, 51027.96875
0:01:09.844772, 0.0, 0.0, 90.0, 2.868617403930299e-31, 51028.6875
0:01:09.925439, 0.0, 0.0, 90.0, 2.6424403007897127e-31, 51029.1953125
0:01:10.044275, 0.0, 0.0, 90.0, 2.3441593145651677e-31, 51029.9375
0:01:10.133003, 0.0, 0.0, 90.0, 2.141469293850621e-31, 51030.49609375
0:01:10.244778, 0.0, 0.0, 90.0, 1.911493228067047e-31, 51031.19921875
0:01:10.334137, 0.0, 0.0, 90.0, 1.7445663299324825e-31, 51031.765625
0:01:10.423460, 0.0, 0.0, 90.0, 1.59385326047768e-31, 51032.32421875
0:01:10.536133, 0.0, 0.0, 90.0, 1.4212185144238277e-31, 51033.03515625
0:01:10.644222, 0.0, 0.0, 90.0, 1.2738094069408813e-31, 51033.71484375
0:01:10.735795, 0.0, 0.0, 90.0, 1.1600692788519273e-31, 51034.29296875
0:01:10.848462, 0.0, 0.0, 90.0, 1.0344297389990343e-31, 51035.0
0:01:10.963131, 0.0, 0.0, 90.0, 9.2145044962865e-32, 51035.71875
0:01:11.034155, 0.0, 0.0, 90.0, 8.562550643939092e-32, 51036.171875
0:01:11.132653, 0.0, 0.0, 90.0, 7.750165910338634e-32, 51036.78515625
0:01:11.244315, 0.0, 0.0, 90.0, 6.917855371997387e-32, 51037.48828125
0:01:11.334803, 0.0, 0.0, 90.0, 6.313732972532113e-32, 51038.0546875
0:01:11.448697, 0.0, 0.0, 90.0, 5.624100412010623e-32, 51038.76953125
0:01:11.564303, 0.0, 0.0, 90.0, 4.999528525071269e-32, 51039.49609375
0:01:11.641582, 0.0, 0.0, 90.0, 4.6195823022626126e-32, 51039.984375
0:01:11.752240, 0.0, 0.0, 90.0, 4.132005759577553e-32, 51040.671875
0:01:11.865966, 0.0, 0.0, 90.0, 3.68070879291551e-32, 51041.390625
0:01:11.953269, 0.0, 0.0, 90.0, 3.3662135078134625e-32, 51041.9453125
0:01:12.045032, 0.0, 0.0, 90.0, 3.06879345365146e-32, 51042.515625
0:01:12.155264, 0.0, 0.0, 90.0, 2.7419995589039343e-32, 51043.2109375
0:01:12.249155, 0.0, 0.0, 90.0, 2.492125312496816e-32, 51043.80078125
0:01:12.370720, 0.0, 0.0, 90.0, 2.203861330770162e-32, 51044.5625
0:01:12.454018, 0.0, 0.0, 90.0, 2.023869929645841e-32, 51045.08984375
0:01:12.553874, 0.0, 0.0, 90.0, 1.8280632805887632e-32, 51045.71875
0:01:12.655596, 0.0, 0.0, 90.0, 1.649459403608794e-32, 51046.35546875
0:01:12.775272, 0.0, 0.0, 90.0, 1.4601144469981863e-32, 51047.109375
0:01:12.868343, 0.0, 0.0, 90.0, 1.3283819378893174e-32, 51047.69140625
0:01:12.964768, 0.0, 0.0, 90.0, 1.2035930739107558e-32, 51048.30078125
0:01:13.057889, 0.0, 0.0, 90.0, 1.0950041383912576e-32, 51048.8828125
0:01:13.185935, 0.0, 0.0, 90.0, 9.613846669757312e-33, 51049.6875
0:01:13.283623, 0.0, 0.0, 90.0, 8.701746072807744e-33, 51050.30078125
0:01:13.355742, 0.0, 0.0, 90.0, 8.08607135567297e-33, 51050.75390625
0:01:13.482911, 0.0, 0.0, 90.0, 7.106576728854883e-33, 51051.55078125
0:01:13.566844, 0.0, 0.0, 90.0, 6.519462116341276e-33, 51052.0859375
0:01:13.689318, 0.0, 0.0, 90.0, 5.759289388789688e-33, 51052.84765625
0:01:13.774715, 0.0, 0.0, 90.0, 5.2780287772515967e-33, 51053.38671875
0:01:13.892644, 0.0, 0.0, 90.0, 4.682195670074734e-33, 51054.12890625
0:01:13.970327, 0.0, 0.0, 90.0, 4.3263658158991504e-33, 51054.6171875
0:01:14.077429, 0.0, 0.0, 90.0, 3.8816480176502624e-33, 51055.2890625
0:01:14.165749, 0.0, 0.0, 90.0, 3.5499837559336925e-33, 51055.84375
0:01:14.278490, 0.0, 0.0, 90.0, 3.165508573796508e-33, 51056.55078125
0:01:14.368763, 0.0, 0.0, 90.0, 2.8888499171877364e-33, 51057.1171875
0:01:14.484495, 0.0, 0.0, 90.0, 2.5680380397231486e-33, 51057.84765625
0:01:14.571927, 0.0, 0.0, 90.0, 2.3486039174803443e-33, 51058.3984375
0:01:14.677841, 0.0, 0.0, 90.0, 2.1093553685864918e-33, 51059.0625
0:01:14.790539, 0.0, 0.0, 90.0, 1.8809050210018882e-33, 51059.76953125
0:01:14.875708, 0.0, 0.0, 90.0, 1.7255127493468437e-33, 51060.3046875
0:01:14.974347, 0.0, 0.0, 90.0, 1.561766937290276e-33, 51060.921875
0:01:15.104146, 0.0, 0.0, 90.0, 1.3682921384174434e-33, 51061.7421875
0:01:15.188976, 0.0, 0.0, 90.0, 1.2552497139801604e-33, 51062.27734375
0:01:15.286629, 0.0, 0.0, 90.0, 1.1361597384498813e-33, 51062.890625
0:01:15.402898, 0.0, 0.0, 90.0, 1.0089470051199241e-33, 51063.625
0:01:15.489163, 0.0, 0.0, 90.0, 9.246409176209343e-34, 51064.16796875
0:01:15.584348, 0.0, 0.0, 90.0, 8.394926986221757e-34, 51064.765625
0:01:15.702637, 0.0, 0.0, 90.0, 7.438654066633172e-34, 51065.51171875
0:01:15.787968, 0.0, 0.0, 90.0, 6.82408266114924e-34, 51066.046875
0:01:15.882997, 0.0, 0.0, 90.0, 6.195760726825573e-34, 51066.640625
0:01:15.999968, 0.0, 0.0, 90.0, 5.5020087565542215e-34, 51067.375
0:01:16.092891, 0.0, 0.0, 90.0, 5.005619073543567e-34, 51067.9609375
0:01:16.205750, 0.0, 0.0, 90.0, 4.463465466909981e-34, 51068.66796875
0:01:16.287240, 0.0, 0.0, 90.0, 4.107311800774944e-34, 51069.18359375
0:01:16.393380, 0.0, 0.0, 90.0, 3.6888828775739906e-34, 51069.84765625
0:01:16.506037, 0.0, 0.0, 90.0, 3.289343367989034e-34, 51070.5546875
0:01:16.595551, 0.0, 0.0, 90.0, 3.005186664543199e-34, 51071.1171875
0:01:16.703424, 0.0, 0.0, 90.0, 2.6934822969035914e-34, 51071.79296875
0:01:16.818235, 0.0, 0.0, 90.0, 2.3968295374955383e-34, 51072.515625
0:01:16.916185, 0.0, 0.0, 90.0, 2.169408114809889e-34, 51073.1328125
0:01:17.016538, 0.0, 0.0, 90.0, 1.9574777332049098e-34, 51073.76953125
0:01:17.106008, 0.0, 0.0, 90.0, 1.7883712766077338e-34, 51074.328125
0:01:17.219478, 0.0, 0.0, 90.0, 1.5930439491475281e-34, 51075.04296875
0:01:17.306778, 0.0, 0.0, 90.0, 1.4584280350480387e-34, 51075.58984375
0:01:17.413767, 0.0, 0.0, 90.0, 1.3071622307007352e-34, 51076.26953125
0:01:17.502128, 0.0, 0.0, 90.0, 1.1954663901436168e-34, 51076.8203125
0:01:17.615958, 0.0, 0.0, 90.0, 1.0648967480048485e-34, 51077.53515625
0:01:17.703394, 0.0, 0.0, 90.0, 9.749073749083733e-35, 51078.08203125
0:01:17.814189, 0.0, 0.0, 90.0, 8.711084686658806e-35, 51078.78125
0:01:17.922245, 0.0, 0.0, 90.0, 7.799576635289323e-35, 51079.46484375
0:01:18.030325, 0.0, 0.0, 90.0, 6.990601767436535e-35, 51080.14453125
0:01:18.108306, 0.0, 0.0, 90.0, 6.459280042780414e-35, 51080.6328125
0:01:18.223116, 0.0, 0.0, 90.0, 5.753798039379173e-35, 51081.3515625
0:01:18.309246, 0.0, 0.0, 90.0, 5.267555489927755e-35, 51081.8984375
0:01:18.425906, 0.0, 0.0, 90.0, 4.677736563120472e-35, 51082.6328125
0:01:18.540497, 0.0, 0.0, 90.0, 4.166830443232123e-35, 51083.34765625
0:01:18.633254, 0.0, 0.0, 90.0, 3.790956941007081e-35, 51083.9296875
0:01:18.720631, 0.0, 0.0, 90.0, 3.4670267433527006e-35, 51084.48046875
0:01:18.815865, 0.0, 0.0, 90.0, 3.1478432929059863e-35, 51085.078125
