Time, Frequency, Amplitude, Offset, PhaseShift, Phase
0:00:00.081834, 0.0, 8.612356900706241e-19, 90.0, 2.3438711956315563e-20, 104362.921875
0:00:00.192067, 0.0, 7.695272612314239e-19, 90.0, 2.094284793871452e-20, 104363.6171875
0:00:00.287084, 0.0, 6.986340570252964e-19, 90.0, 1.9013473393741593e-20, 104364.2109375
0:00:00.396262, 0.0, 6.255300058369677e-19, 90.0, 1.7023931152728235e-20, 104364.890625
0:00:00.479854, 0.0, 5.744412115553731e-19, 90.0, 1.563353747825463e-20, 104365.421875
0:00:00.595718, 0.0, 5.106452170049505e-19, 90.0, 1.3897316068661368e-20, 104366.15625
0:00:00.683203, 0.0, 4.67494461471721e-19, 90.0, 1.2722960321319018e-20, 104366.703125
0:00:00.784641, 0.0, 4.213961770726295e-19, 90.0, 1.1468385826017498e-20, 104367.34375
0:00:00.910649, 0.0, 3.7073273457164607e-19, 90.0, 1.0089570256738934e-20, 104368.140625
0:00:00.994083, 0.0, 3.408052624612951e-19, 90.0, 9.275088159058302e-21, 104368.671875
0:00:01.086473, 0.0, 3.100526776899225e-19, 90.0, 8.43815020801013e-21, 104369.2578125
0:00:01.202437, 0.0, 2.7562019901784874e-19, 90.0, 7.50106281832552e-21, 104369.984375
0:00:01.302704, 0.0, 2.489548687494655e-19, 90.0, 6.775360060929773e-21, 104370.609375
0:00:01.402049, 0.0, 2.2486884272738744e-19, 90.0, 6.1198533528113106e-21, 104371.2421875
0:00:01.496066, 0.0, 2.0436596924843303e-19, 90.0, 5.561863080197824e-21, 104371.828125
0:00:01.612877, 0.0, 1.8148268968640122e-19, 90.0, 4.939090186895943e-21, 104372.5703125
0:00:01.702503, 0.0, 1.6580474779577155e-19, 90.0, 4.512412009247765e-21, 104373.1328125
0:00:01.813860, 0.0, 1.4799681582781784e-19, 90.0, 4.027765353545169e-21, 104373.8359375
0:00:01.905939, 0.0, 1.3478197223212673e-19, 90.0, 3.6681207133596805e-21, 104374.4140625
0:00:02.019834, 0.0, 1.2006097491264435e-19, 90.0, 3.2674853964130682e-21, 104375.1328125
0:00:02.105394, 0.0, 1.101409984919051e-19, 90.0, 2.997511092816806e-21, 104375.671875
0:00:02.203070, 0.0, 9.969152308155533e-20, 90.0, 2.7131265597797885e-21, 104376.2890625
0:00:02.304529, 0.0, 8.986006791105632e-20, 90.0, 2.445561298548552e-21, 104376.9296875
0:00:02.420437, 0.0, 7.988094807651952e-20, 90.0, 2.1739772643217575e-21, 104377.65625
0:00:02.507062, 0.0, 7.320605935996262e-20, 90.0, 1.9923186275029526e-21, 104378.1953125
0:00:02.599630, 0.0, 6.66011514156974e-20, 90.0, 1.8125645659666153e-21, 104378.78125
0:00:02.707756, 0.0, 5.969301069109761e-20, 90.0, 1.6245578834019628e-21, 104379.4609375
0:00:02.821573, 0.0, 5.317329911875109e-20, 90.0, 1.4471223913511532e-21, 104380.1796875
0:00:02.925769, 0.0, 4.785487674685604e-20, 90.0, 1.3023804254127742e-21, 104380.8359375
0:00:03.023297, 0.0, 4.3314201252391176e-20, 90.0, 1.1788050743090896e-21, 104381.453125
0:00:03.117048, 0.0, 3.9364349203965113e-20, 90.0, 1.0713090561038631e-21, 104382.046875
0:00:03.203516, 0.0, 3.6075084885193605e-20, 90.0, 9.817909886020063e-22, 104382.59375
0:00:03.302020, 0.0, 3.2618077385484293e-20, 90.0, 8.877077767307482e-22, 104383.21875
0:00:03.414886, 0.0, 2.908539578442345e-20, 90.0, 7.915650951605605e-22, 104383.9296875
0:00:03.528757, 0.0, 2.5908694268031644e-20, 90.0, 7.051104333000537e-22, 104384.640625
0:00:03.616278, 0.0, 2.3694845524935767e-20, 90.0, 6.448600898803061e-22, 104385.1953125
0:00:03.712707, 0.0, 2.149130261216699e-20, 90.0, 5.848902527766806e-22, 104385.796875
0:00:03.805714, 0.0, 1.9551589925124283e-20, 90.0, 5.321005897670533e-22, 104386.3828125
0:00:03.915045, 0.0, 1.7505702467229285e-20, 90.0, 4.764213481942632e-22, 104387.0703125
0:00:04.038271, 0.0, 1.5432526127055707e-20, 90.0, 4.199994161673128e-22, 104387.859375
0:00:04.135535, 0.0, 1.398295188028048e-20, 90.0, 3.805489493028659e-22, 104388.4609375
0:00:04.219037, 0.0, 1.2840950688675032e-20, 90.0, 3.4946914230170432e-22, 104388.9921875
0:00:04.333223, 0.0, 1.1437819725237817e-20, 90.0, 3.112826451775877e-22, 104389.7109375
0:00:04.450180, 0.0, 1.0157071102780102e-20, 90.0, 2.7642680714773556e-22, 104390.4453125
0:00:04.535700, 0.0, 9.308341789035214e-21, 90.0, 2.5332842972833603e-22, 104390.984375
0:00:04.647872, 0.0, 8.317321254059867e-21, 90.0, 2.263576161667407e-22, 104391.6875
0:00:04.730988, 0.0, 7.63798948247789e-21, 90.0, 2.0786948071697207e-22, 104392.21875
0:00:04.844971, 0.0, 6.803761678846822e-21, 90.0, 1.851657988074472e-22, 104392.9375
0:00:04.944638, 0.0, 6.1454345594893665e-21, 90.0, 1.6724929090226344e-22, 104393.5703125
0:00:05.042909, 0.0, 5.562329177085952e-21, 90.0, 1.5137995908766236e-22, 104394.1875
0:00:05.144714, 0.0, 5.013714560507227e-21, 90.0, 1.3644929601962738e-22, 104394.828125
0:00:05.260974, 0.0, 4.4569279003084904e-21, 90.0, 1.21296224663418e-22, 104395.5625
0:00:05.346058, 0.0, 4.084504773687478e-21, 90.0, 1.1116064945232533e-22, 104396.1015625
0:00:05.458130, 0.0, 3.6458898305005344e-21, 90.0, 9.922365041073167e-23, 104396.8046875
0:00:05.553432, 0.0, 3.3101974812653547e-21, 90.0, 9.008770711696057e-23, 104397.40625
0:00:05.674593, 0.0, 2.9241426362537316e-21, 90.0, 7.958114008847331e-23, 104398.171875
0:00:05.743905, 0.0, 2.725733592030728e-21, 90.0, 7.418139981400997e-23, 104398.609375
0:00:05.843761, 0.0, 2.4619591040607787e-21, 90.0, 6.700272140028807e-23, 104399.2421875
0:00:05.945158, 0.0, 2.222397824363262e-21, 90.0, 6.048301321057711e-23, 104399.875
0:00:06.055428, 0.0, 1.9857506599585038e-21, 90.0, 5.404261394083345e-23, 104400.5703125
0:00:06.153167, 0.0, 1.7991850811172835e-21, 90.0, 4.896519276591255e-23, 104401.1875
0:00:06.253764, 0.0, 1.623400820091508e-21, 90.0, 4.4181186826966795e-23, 104401.828125
0:00:06.345770, 0.0, 1.4784228774573849e-21, 90.0, 4.023558225808993e-23, 104402.40625
0:00:06.460786, 0.0, 1.315592091148573e-21, 90.0, 3.5804108791356585e-23, 104403.1328125
0:00:06.574681, 0.0, 1.1718983383375027e-21, 90.0, 3.1893453916024633e-23, 104403.8515625
0:00:06.667336, 0.0, 1.0666078994926273e-21, 90.0, 2.902795454313276e-23, 104404.4375
0:00:06.754914, 0.0, 9.754661669212084e-22, 90.0, 2.6547513955297364e-23, 104404.9921875
0:00:06.863793, 0.0, 8.734020555827165e-22, 90.0, 2.376981953432202e-23, 104405.6796875
0:00:06.979851, 0.0, 7.76406697415519e-22, 90.0, 2.1130071642120862e-23, 104406.40625
0:00:07.075513, 0.0, 7.041853582046064e-22, 90.0, 1.916455212155943e-23, 104407.015625
0:00:07.175381, 0.0, 6.367134917576525e-22, 90.0, 1.7328290615762083e-23, 104407.6328125
0:00:07.266491, 0.0, 5.799074791331681e-22, 90.0, 1.578230310181529e-23, 104408.21875
0:00:07.364571, 0.0, 5.250973729513143e-22, 90.0, 1.4290634972080206e-23, 104408.8359375
0:00:07.458550, 0.0, 4.77213389786654e-22, 90.0, 1.2987462000204062e-23, 104409.4296875
0:00:07.565813, 0.0, 4.281566923111795e-22, 90.0, 1.1652374871546296e-23, 104410.09375
0:00:07.682786, 0.0, 3.8021596164844125e-22, 90.0, 1.0347657310017729e-23, 104410.828125
0:00:07.774319, 0.0, 3.4629623014493506e-22, 90.0, 9.424525178979954e-24, 104411.40625
0:00:07.861781, 0.0, 3.170327217355033e-22, 90.0, 8.628112508313262e-24, 104411.953125
0:00:07.976780, 0.0, 2.8211589529134673e-22, 90.0, 7.677843562135884e-24, 104412.6796875
0:00:08.087078, 0.0, 2.5207619823827544e-22, 90.0, 6.860306774149183e-24, 104413.375
0:00:08.175635, 0.0, 2.3030030510571186e-22, 90.0, 6.267671469227824e-24, 104413.9296875
0:00:08.288617, 0.0, 2.0535648541730001e-22, 90.0, 5.588819978253051e-24, 104414.640625
0:00:08.384748, 0.0, 1.8625900856078971e-22, 90.0, 5.069078181987282e-24, 104415.2421875
0:00:08.476729, 0.0, 1.696251380003974e-22, 90.0, 4.61638364620851e-24, 104415.8203125
0:00:08.588776, 0.0, 1.5140896392542553e-22, 90.0, 4.1206267713355335e-24, 104416.5234375
0:00:08.703669, 0.0, 1.3473334053504167e-22, 90.0, 3.666796275853243e-24, 104417.25
0:00:08.788104, 0.0, 1.237295387007755e-22, 90.0, 3.367325349139169e-24, 104417.78125
0:00:08.885383, 0.0, 1.1198954662620812e-22, 90.0, 3.0478191303695183e-24, 104418.3984375
0:00:09.000608, 0.0, 9.964470649661519e-23, 90.0, 2.7118517510906205e-24, 104419.1171875
0:00:09.087203, 0.0, 9.122420955678162e-23, 90.0, 2.482686080402106e-24, 104419.6640625
0:00:09.186460, 0.0, 8.248342877854107e-23, 90.0, 2.2448040883565785e-24, 104420.2890625
0:00:09.287953, 0.0, 7.434789995210953e-23, 90.0, 2.023393709227292e-24, 104420.9375
0:00:09.393098, 0.0, 6.684288555911581e-23, 90.0, 1.8191432241540516e-24, 104421.6015625
0:00:09.508190, 0.0, 5.948093266900572e-23, 90.0, 1.6187860634709165e-24, 104422.328125
0:00:09.605179, 0.0, 5.389384108499601e-23, 90.0, 1.4667322365210481e-24, 104422.9375
0:00:09.704761, 0.0, 4.8679161268010274e-23, 90.0, 1.3248137930890724e-24, 104423.5625
0:00:09.791334, 0.0, 4.456551670454685e-23, 90.0, 1.2128600339266906e-24, 104424.109375
0:00:09.906628, 0.0, 3.9657107400847743e-23, 90.0, 1.0792766948192801e-24, 104424.8359375
0:00:10.009045, 0.0, 3.5746209556356984e-23, 90.0, 9.72840820473693e-25, 104425.4765625
0:00:10.195094, 0.0, 2.9559479554739814e-23, 90.0, 8.0446763076229115e-25, 104426.6484375
0:00:10.290097, 0.0, 2.683629384459343e-23, 90.0, 7.303555292233612e-25, 104427.2421875
0:00:10.403023, 0.0, 2.392972952841937e-23, 90.0, 6.512527977751637e-25, 104427.953125
0:00:10.515929, 0.0, 2.1338056397504193e-23, 90.0, 5.807199553784478e-25, 104428.671875
0:00:10.605487, 0.0, 1.9494557881762347e-23, 90.0, 5.305487469330375e-25, 104429.234375
0:00:10.718944, 0.0, 1.7383266332246936e-23, 90.0, 4.730894991033232e-25, 104429.953125
0:00:10.807248, 0.0, 1.588159386851184e-23, 90.0, 4.322211794017645e-25, 104430.5078125
0:00:10.916949, 0.0, 1.4205286533022535e-23, 90.0, 3.866000960057657e-25, 104431.1953125
0:00:10.997805, 0.0, 1.3085265764094268e-23, 90.0, 3.561184859761225e-25, 104431.703125
0:00:11.107977, 0.0, 1.170392693170249e-23, 90.0, 3.1852504836687903e-25, 104432.390625
0:00:11.214221, 0.0, 1.0500751545893971e-23, 90.0, 2.8578036896347978e-25, 104433.0625
0:00:11.302774, 0.0, 9.60351298520917e-24, 90.0, 2.6136179593994556e-25, 104433.6171875
0:00:11.416731, 0.0, 8.554619070939251e-24, 90.0, 2.32815902660295e-25, 104434.328125
0:00:11.504172, 0.0, 7.82363452375159e-24, 90.0, 2.1292198927007564e-25, 104434.890625
0:00:11.617124, 0.0, 6.976270904938482e-24, 90.0, 1.8986081167134554e-25, 104435.59375
0:00:11.706610, 0.0, 6.3670470384716835e-24, 90.0, 1.7328064409897511e-25, 104436.15625
0:00:11.821556, 0.0, 5.665768231961477e-24, 90.0, 1.541951775511392e-25, 104436.890625
0:00:11.936427, 0.0, 5.041756378965405e-24, 90.0, 1.3721254300568632e-25, 104437.609375
0:00:12.026025, 0.0, 4.606213651418401e-24, 90.0, 1.2535915602169033e-25, 104438.1640625
0:00:12.115453, 0.0, 4.203953754323576e-24, 90.0, 1.1441154159425943e-25, 104438.734375
0:00:12.229322, 0.0, 3.74478267051294e-24, 90.0, 1.0191509122406441e-25, 104439.453125
0:00:12.341134, 0.0, 3.342652935467477e-24, 90.0, 9.097103283368283e-26, 104440.1640625
0:00:12.427677, 0.0, 3.0633165000678114e-24, 90.0, 8.336882959387451e-26, 104440.7109375
0:00:12.542650, 0.0, 2.723120826336929e-24, 90.0, 7.4110332764869e-26, 104441.4375
0:00:12.630192, 0.0, 2.4930106919296387e-24, 90.0, 6.784783104627973e-26, 104441.984375
0:00:12.715680, 0.0, 2.284693431674758e-24, 90.0, 6.217843563187605e-26, 104442.5234375
0:00:12.827666, 0.0, 2.0393428990090503e-24, 90.0, 5.550116564046355e-26, 104443.234375
0:00:12.938004, 0.0, 1.8240682800005727e-24, 90.0, 4.964242511987936e-26, 104443.9296875
0:00:13.035734, 0.0, 1.650969714859284e-24, 90.0, 4.493151111275876e-26, 104444.5546875
0:00:13.133423, 0.0, 1.494296121233215e-24, 90.0, 4.066760390498648e-26, 104445.171875
0:00:13.221125, 0.0, 1.3666171101785443e-24, 90.0, 3.7192788714028544e-26, 104445.71875
0:00:13.341160, 0.0, 1.2097569509483906e-24, 90.0, 3.292380629566682e-26, 104446.46875
0:00:13.427510, 0.0, 1.1086701451858808e-24, 90.0, 3.0172706274003027e-26, 104447.015625
0:00:13.548090, 0.0, 9.803927831346e-25, 90.0, 2.668160850092326e-26, 104447.7734375
0:00:13.646832, 0.0, 8.864560154017871e-25, 90.0, 2.4125096737120579e-26, 104448.390625
0:00:13.738863, 0.0, 8.0729096394207715e-25, 90.0, 2.1970602049165332e-26, 104448.96875
0:00:13.848271, 0.0, 7.228171744130692e-25, 90.0, 1.9671628719014022e-26, 104449.6484375
0:00:13.946584, 0.0, 6.53560117315322e-25, 90.0, 1.7786782712200454e-26, 104450.265625
0:00:14.038633, 0.0, 5.951938273560232e-25, 90.0, 1.6198332701596216e-26, 104450.84375
0:00:14.153652, 0.0, 5.296413596768071e-25, 90.0, 1.4414306816255387e-26, 104451.5703125
0:00:14.241268, 0.0, 4.843860365698946e-25, 90.0, 1.3182673076075794e-26, 104452.125
0:00:14.356748, 0.0, 4.310361624107028e-25, 90.0, 1.1730745305881367e-26, 104452.8515625
0:00:14.456934, 0.0, 3.89323958755784e-25, 90.0, 1.0595539026157355e-26, 104453.484375
0:00:14.549553, 0.0, 3.5419095365802155e-25, 90.0, 9.639387223735001e-27, 104454.0703125
0:00:14.636982, 0.0, 3.239270199344128e-25, 90.0, 8.815747875578245e-27, 104454.625
0:00:14.752930, 0.0, 2.8795188116842363e-25, 90.0, 7.836676736445705e-27, 104455.359375
0:00:14.871159, 0.0, 2.5544625127120963e-25, 90.0, 6.952028549882628e-27, 104456.1015625
0:00:14.956261, 0.0, 2.3434212664476807e-25, 90.0, 6.377675410751533e-27, 104456.640625
0:00:15.071149, 0.0, 2.083173835143973e-25, 90.0, 5.669405044053405e-27, 104457.3671875
0:00:15.169486, 0.0, 1.8855375543305584e-25, 90.0, 5.131533640300871e-27, 104457.9765625
0:00:15.262602, 0.0, 1.7154086067631675e-25, 90.0, 4.6685239038586465e-27, 104458.5546875
0:00:15.359047, 0.0, 1.5542422284147353e-25, 90.0, 4.2299064553480754e-27, 104459.171875
0:00:15.479830, 0.0, 1.3758582212527558e-25, 90.0, 3.744429975732596e-27, 104459.9296875
0:00:15.574675, 0.0, 1.2478758931800277e-25, 90.0, 3.396123234174231e-27, 104460.5390625
0:00:15.653548, 0.0, 1.1518641254436441e-25, 90.0, 3.134824807492432e-27, 104461.0390625
0:00:15.765443, 0.0, 1.0281590874806858e-25, 90.0, 2.7981587717039324e-27, 104461.75
0:00:15.876801, 0.0, 9.186798000887076e-26, 90.0, 2.5002083574364884e-27, 104462.4453125
0:00:15.974264, 0.0, 8.315114712486427e-26, 90.0, 2.2629778920837074e-27, 104463.0625
0:00:16.060045, 0.0, 7.628083424177803e-26, 90.0, 2.076000524176828e-27, 104463.6015625
0:00:16.157108, 0.0, 6.904298613256868e-26, 90.0, 1.879020453917785e-27, 104464.21875
0:00:16.287815, 0.0, 6.049077865872049e-26, 90.0, 1.646270279394632e-27, 104465.03125
0:00:16.374004, 0.0, 5.537898464479162e-26, 90.0, 1.5071517891232893e-27, 104465.578125
0:00:16.489049, 0.0, 4.927964154811502e-26, 90.0, 1.3411567538850284e-27, 104466.3046875
0:00:16.574318, 0.0, 4.520832117180565e-26, 90.0, 1.2303548264000225e-27, 104466.84375
0:00:16.688152, 0.0, 4.0270119697856156e-26, 90.0, 1.0959605459857646e-27, 104467.5703125
0:00:16.788956, 0.0, 3.6335093531851177e-26, 90.0, 9.888679595736485e-28, 104468.203125
0:00:16.880536, 0.0, 3.309068119200017e-26, 90.0, 9.005705234888074e-28, 104468.78125
0:00:16.965973, 0.0, 3.035690221388422e-26, 90.0, 8.261701164001786e-28, 104469.3203125
0:00:17.073253, 0.0, 2.7208561422635075e-26, 90.0, 7.404873228078376e-28, 104470.0
0:00:17.182231, 0.0, 2.4361622504706708e-26, 90.0, 6.630072092933877e-28, 104470.6875
0:00:17.293229, 0.0, 2.1767918722561975e-26, 90.0, 5.924189397884303e-28, 104471.390625
0:00:17.379492, 0.0, 1.994898111993325e-26, 90.0, 5.429161365006133e-28, 104471.9296875
0:00:17.478219, 0.0, 1.8037540331703628e-26, 90.0, 4.908958538859905e-28, 104472.5546875
0:00:17.599441, 0.0, 1.5933896357256027e-26, 90.0, 4.336446492459147e-28, 104473.3203125
0:00:17.692613, 0.0, 1.4496530158185123e-26, 90.0, 3.94526412069985e-28, 104473.90625
0:00:17.789507, 0.0, 1.3134691227813309e-26, 90.0, 3.574636477013269e-28, 104474.515625
0:00:17.900849, 0.0, 1.1736245761802537e-26, 90.0, 3.194046479206859e-28, 104475.2109375
0:00:17.987866, 0.0, 1.0744516640703507e-26, 90.0, 2.9241449716117303e-28, 104475.75
0:00:18.105862, 0.0, 9.531605250699292e-27, 90.0, 2.5940482828635356e-28, 104476.4921875
0:00:18.193459, 0.0, 8.717037032580599e-27, 90.0, 2.3723617092024124e-28, 104477.046875
0:00:18.306380, 0.0, 7.77292768491451e-27, 90.0, 2.1154197842030655e-28, 104477.765625
0:00:18.394871, 0.0, 7.101439883852256e-27, 90.0, 1.9326728658637786e-28, 104478.328125
0:00:18.508583, 0.0, 6.325821672928851e-27, 90.0, 1.7215866106165627e-28, 104479.0546875
0:00:18.596143, 0.0, 5.791256320518852e-27, 90.0, 1.5761034274356307e-28, 104479.6015625
0:00:18.710065, 0.0, 5.158719682209852e-27, 90.0, 1.4039571886221157e-28, 104480.3203125
0:00:18.804430, 0.0, 4.683583905651777e-27, 90.0, 1.2746479651141478e-28, 104480.921875
0:00:18.893695, 0.0, 4.2786729274699046e-27, 90.0, 1.164450587038685e-28, 104481.4765625
0:00:19.000863, 0.0, 3.834912475635842e-27, 90.0, 1.0436800943097794e-28, 104482.15625
0:00:19.111690, 0.0, 3.4266253422614586e-27, 90.0, 9.325638670949116e-29, 104482.859375
0:00:19.192526, 0.0, 3.1597058964439706e-27, 90.0, 8.599212201553385e-29, 104483.359375
0:00:19.309541, 0.0, 2.8059223879027518e-27, 90.0, 7.636381442602767e-29, 104484.09375
0:00:19.403192, 0.0, 2.550048342909319e-27, 90.0, 6.940014526667167e-29, 104484.6875
0:00:19.512506, 0.0, 2.2808537960485264e-27, 90.0, 6.207396192500231e-29, 104485.375
0:00:19.606897, 0.0, 2.0730253475987387e-27, 90.0, 5.641785475313942e-29, 104485.96875
0:00:19.718885, 0.0, 1.8504036386531182e-27, 90.0, 5.0359149981995605e-29, 104486.6796875
0:00:19.811667, 0.0, 1.6833943124096458e-27, 90.0, 4.581394929471065e-29, 104487.265625
0:00:19.921037, 0.0, 1.5056876008830689e-27, 90.0, 4.097762624073834e-29, 104487.953125
0:00:20.020149, 0.0, 1.3614180183824682e-27, 90.0, 3.705129906695792e-29, 104488.578125
0:00:20.111895, 0.0, 1.2398298239474244e-27, 90.0, 3.3742253505212377e-29, 104489.1640625
0:00:20.221338, 0.0, 1.1100968717775669e-27, 90.0, 3.0211542434664477e-29, 104489.8515625
0:00:20.318927, 0.0, 1.0047661260785762e-27, 90.0, 2.7344940157189905e-29, 104490.46875
0:00:20.418416, 0.0, 9.075456639683947e-28, 90.0, 2.469906600230257e-29, 104491.1015625
0:00:20.510412, 0.0, 8.264928059623606e-28, 90.0, 2.2493194617334805e-29, 104491.6875
0:00:20.623329, 0.0, 7.369816006783181e-28, 90.0, 2.0057126455764154e-29, 104492.3984375
0:00:20.731626, 0.0, 6.605451486007317e-28, 90.0, 1.7976891907012275e-29, 104493.0703125
0:00:20.817059, 0.0, 6.053477075051018e-28, 90.0, 1.647468159671792e-29, 104493.609375
0:00:20.928522, 0.0, 5.4089376561426085e-28, 90.0, 1.4720550621901103e-29, 104494.3046875
0:00:21.019267, 0.0, 4.933090441063077e-28, 90.0, 1.3425522225374206e-29, 104494.875
0:00:21.130555, 0.0, 4.403252187405079e-28, 90.0, 1.1983555154203563e-29, 104495.578125
0:00:21.229286, 0.0, 3.985499686133016e-28, 90.0, 1.0846632064415937e-29, 104496.1953125
0:00:21.350343, 0.0, 3.5206870866698507e-28, 90.0, 9.581633881010175e-30, 104496.9609375
0:00:21.444487, 0.0, 3.1997084725021143e-28, 90.0, 8.708083215750273e-30, 104497.5546875
0:00:21.541222, 0.0, 2.8991199193968487e-28, 90.0, 7.890024911645796e-30, 104498.1640625
0:00:21.626615, 0.0, 2.6595985122269704e-28, 90.0, 7.238161572363402e-30, 104498.6953125
0:00:21.740445, 0.0, 2.3691049616664535e-28, 90.0, 6.447576357989056e-30, 104499.4140625
0:00:21.831401, 0.0, 2.1597840619545116e-28, 90.0, 5.877903959874348e-30, 104499.984375
0:00:21.943333, 0.0, 1.9278410687451756e-28, 90.0, 5.246666126590125e-30, 104500.6875
0:00:22.050499, 0.0, 1.7278921052544865e-28, 90.0, 4.702500263176396e-30, 104501.3671875
0:00:22.149934, 0.0, 1.5623315838858037e-28, 90.0, 4.251923310314118e-30, 104501.9921875
0:00:22.242937, 0.0, 1.4213222155950617e-28, 90.0, 3.868162960985348e-30, 104502.578125
0:00:22.352061, 0.0, 1.2725982941708336e-28, 90.0, 3.4634073421554115e-30, 104503.265625
0:00:22.445560, 0.0, 1.1565960428723662e-28, 90.0, 3.1477047303155217e-30, 104503.859375
0:00:22.539727, 0.0, 1.0511972396239658e-28, 90.0, 2.860859094195098e-30, 104504.453125
0:00:22.651708, 0.0, 9.37349020597674e-29, 90.0, 2.5510183435443407e-30, 104505.171875
0:00:22.766714, 0.0, 8.341120135265374e-29, 90.0, 2.2700561977091047e-30, 104505.890625
0:00:22.847196, 0.0, 7.691464242718457e-29, 90.0, 2.0932505625996648e-30, 104506.3984375
0:00:22.965667, 0.0, 6.823201458862113e-29, 90.0, 1.8569508074064072e-30, 104507.140625
0:00:23.060208, 0.0, 6.195039546347664e-29, 90.0, 1.6859949964239474e-30, 104507.7421875
0:00:23.161823, 0.0, 5.583930539784549e-29, 90.0, 1.519680037138534e-30, 104508.3828125
0:00:23.260549, 0.0, 5.048898173437161e-29, 90.0, 1.3740696711112159e-30, 104509.0078125
0:00:23.361077, 0.0, 4.555615153459227e-29, 90.0, 1.239821539439398e-30, 104509.640625
0:00:23.452706, 0.0, 4.153106026585124e-29, 90.0, 1.1302777851235574e-30, 104510.2109375
0:00:23.566763, 0.0, 3.6995043856988584e-29, 90.0, 1.006829061112066e-30, 104510.9375
0:00:23.655278, 0.0, 3.37990052439955e-29, 90.0, 9.198481215241006e-31, 104511.5
0:00:23.760704, 0.0, 3.03561436623015e-29, 90.0, 8.261497489387003e-31, 104512.171875
0:00:23.866920, 0.0, 2.726392471037304e-29, 90.0, 7.419942745921454e-31, 104512.84375
0:00:23.986911, 0.0, 2.4136220499219246e-29, 90.0, 6.568731551462771e-31, 104513.59375
0:00:24.073344, 0.0, 2.2096653164949318e-29, 90.0, 6.0136584170270835e-31, 104514.140625
0:00:24.165617, 0.0, 2.0124040484269458e-29, 90.0, 5.4768068556223625e-31, 104514.71875
0:00:24.261212, 0.0, 1.8252102782166903e-29, 90.0, 4.967354186744348e-31, 104515.328125
0:00:24.378253, 0.0, 1.6206787750719195e-29, 90.0, 4.410717174624326e-31, 104516.0625
0:00:24.465828, 0.0, 1.4821995972456162e-29, 90.0, 4.033842401004933e-31, 104516.6171875
0:00:24.575371, 0.0, 1.3271184519088643e-29, 90.0, 3.611784680825243e-31, 104517.3046875
0:00:24.671977, 0.0, 1.202448267015456e-29, 90.0, 3.2724918721948594e-31, 104517.9140625
0:00:24.781877, 0.0, 1.0755260982566068e-29, 90.0, 2.9270700360192882e-31, 104518.6015625
0:00:24.863603, 0.0, 9.897065847030731e-30, 90.0, 2.6935103581577974e-31, 104519.109375
0:00:24.974918, 0.0, 8.843179678185192e-30, 90.0, 2.4066927928424714e-31, 104519.8046875
0:00:25.060365, 0.0, 8.104239478975805e-30, 90.0, 2.205588514007184e-31, 104520.34375
0:00:25.182697, 0.0, 7.158975006677321e-30, 90.0, 1.9483322806263368e-31, 104521.109375
0:00:25.292967, 0.0, 6.396680649943085e-30, 90.0, 1.7408721038361533e-31, 104521.8046875
0:00:25.393054, 0.0, 5.777823311240819e-30, 90.0, 1.5724484487446868e-31, 104522.4296875
0:00:25.491645, 0.0, 5.22959870093257e-30, 90.0, 1.4232478878710873e-31, 104523.046875
0:00:25.573451, 0.0, 4.812374190345495e-30, 90.0, 1.3096992478118822e-31, 104523.5625
0:00:25.671699, 0.0, 4.351269321998157e-30, 90.0, 1.1842085255438033e-31, 104524.1875
0:00:25.789625, 0.0, 3.860086092281074e-30, 90.0, 1.050531778166033e-31, 104524.9296875
0:00:25.878211, 0.0, 3.530249148287801e-30, 90.0, 9.607658573620996e-32, 104525.484375
0:00:25.991314, 0.0, 3.1479142504286122e-30, 90.0, 8.567125080205317e-32, 104526.1953125
0:00:26.076556, 0.0, 2.8848758543756183e-30, 90.0, 7.851260187750877e-32, 104526.7421875
0:00:26.201740, 0.0, 2.5406455933135887e-30, 90.0, 6.91442880596474e-32, 104527.53125
0:00:26.271522, 0.0, 2.3657882695609757e-30, 90.0, 6.438550489185476e-32, 104527.9765625
0:00:26.392942, 0.0, 2.0898760474568722e-30, 90.0, 5.687648812110427e-32, 104528.7421875
0:00:26.489454, 0.0, 1.8954472129608084e-30, 90.0, 5.158506495306703e-32, 104529.3515625
0:00:26.606817, 0.0, 1.6832118019593925e-30, 90.0, 4.580902954522393e-32, 104530.09375
0:00:26.699529, 0.0, 1.5297774395725493e-30, 90.0, 4.163327688175976e-32, 104530.6875
0:00:26.806846, 0.0, 1.3725336291331094e-30, 90.0, 3.735384561655307e-32, 104531.359375
0:00:26.903213, 0.0, 1.2435757862772802e-30, 90.0, 3.3844230908020506e-32, 104531.96875
0:00:27.001960, 0.0, 1.1255932990762085e-30, 90.0, 3.063330637529601e-32, 104532.5859375
0:00:27.094253, 0.0, 1.0244450194534887e-30, 90.0, 2.788052782706862e-32, 104533.171875
0:00:27.209436, 0.0, 9.116164637237104e-31, 90.0, 2.480986621902012e-32, 104533.8984375
0:00:27.288094, 0.0, 8.414765025615577e-31, 90.0, 2.2900989758927436e-32, 104534.3984375
0:00:27.401959, 0.0, 7.495649284091813e-31, 90.0, 2.039959508572721e-32, 104535.1171875
0:00:27.512214, 0.0, 6.704416983587226e-31, 90.0, 1.8246237841182572e-32, 104535.8046875
0:00:27.606395, 0.0, 6.09303625915393e-31, 90.0, 1.658235056684858e-32, 104536.3984375
0:00:27.693888, 0.0, 5.572386301287723e-31, 90.0, 1.5165386166480377e-32, 104536.953125
0:00:27.802620, 0.0, 4.9893359311047245e-31, 90.0, 1.3578601035984756e-32, 104537.640625
0:00:27.914953, 0.0, 4.453485420689164e-31, 90.0, 1.212026952004318e-32, 104538.3359375
0:00:28.014662, 0.0, 4.022625833909387e-31, 90.0, 1.0947673497479638e-32, 104538.9609375
0:00:28.114032, 0.0, 3.6371920508227862e-31, 90.0, 9.898706419843985e-33, 104539.5859375
0:00:28.212483, 0.0, 3.28864669105821e-31, 90.0, 8.95013170255634e-33, 104540.2109375
0:00:28.305129, 0.0, 2.9918275496083477e-31, 90.0, 8.142331984671264e-33, 104540.796875
0:00:28.424098, 0.0, 2.65137123666952e-31, 90.0, 7.215771337838643e-33, 104541.5390625
0:00:28.522371, 0.0, 2.3997641940398547e-31, 90.0, 6.53101649112589e-33, 104542.1640625
0:00:28.622945, 0.0, 2.165304322604504e-31, 90.0, 5.892928402798797e-33, 104542.796875
0:00:28.723271, 0.0, 1.953774701921209e-31, 90.0, 5.317245472846936e-33, 104543.4375
0:00:28.810766, 0.0, 1.7886780484908747e-31, 90.0, 4.8679307570023635e-33, 104543.9765625
0:00:28.927593, 0.0, 1.5884063723042747e-31, 90.0, 4.3228863526207164e-33, 104544.703125
0:00:29.007485, 0.0, 1.464688648165541e-31, 90.0, 3.986185832294842e-33, 104545.2109375
0:00:29.101710, 0.0, 1.3311767050957562e-31, 90.0, 3.622829875538119e-33, 104545.8046875
0:00:29.217637, 0.0, 1.1833397176691105e-31, 90.0, 3.2204875466104204e-33, 104546.5390625
0:00:29.327469, 0.0, 1.058441209454976e-31, 90.0, 2.8805733349319936e-33, 104547.234375
0:00:29.407963, 0.0, 9.749972735939173e-32, 90.0, 2.6534788466126666e-33, 104547.7421875
0:00:29.505216, 0.0, 8.834036941733253e-32, 90.0, 2.4042046166032462e-33, 104548.3515625
0:00:29.601981, 0.0, 8.004163203181261e-32, 90.0, 2.1783526625469368e-33, 104548.9609375
0:00:29.715790, 0.0, 7.129919254863131e-32, 90.0, 1.940425075429821e-33, 104549.6796875
0:00:29.832637, 0.0, 6.331567572822789e-32, 90.0, 1.723151842411614e-33, 104550.4140625
0:00:29.923210, 0.0, 5.772692889656542e-32, 90.0, 1.571052791648795e-33, 104550.984375
0:00:30.009769, 0.0, 5.290335248015546e-32, 90.0, 1.4397778988172815e-33, 104551.5234375
0:00:30.113993, 0.0, 4.756270254744167e-32, 90.0, 1.2944306855674942e-33, 104552.1875
0:00:30.230893, 0.0, 4.22372400017405e-32, 90.0, 1.1494968238859141e-33, 104552.921875
0:00:30.316424, 0.0, 3.8747738001550506e-32, 90.0, 1.0545291862959584e-33, 104553.4609375
0:00:30.414098, 0.0, 3.507163802811098e-32, 90.0, 9.544832294394582e-34, 104554.0703125
0:00:30.524064, 0.0, 3.136971538251977e-32, 90.0, 8.537344555308608e-34, 104554.7578125
0:00:30.632279, 0.0, 2.8116158608426827e-32, 90.0, 7.651882313387604e-34, 104555.4375
0:00:30.730132, 0.0, 2.5447995082307505e-32, 90.0, 6.92573491266904e-34, 104556.0546875
0:00:30.819621, 0.0, 2.3225376241244478e-32, 90.0, 6.3208438868351225e-34, 104556.6171875
0:00:30.933483, 0.0, 2.0688593310612748e-32, 90.0, 5.630452177368192e-34, 104557.3359375
0:00:31.046323, 0.0, 1.8447791041310438e-32, 90.0, 5.02061213664632e-34, 104558.046875
0:00:31.133763, 0.0, 1.687153393209437e-32, 90.0, 4.591629707815631e-34, 104558.59375
0:00:31.261503, 0.0, 1.4827632844026548e-32, 90.0, 4.0353770566343895e-34, 104559.3984375
0:00:31.345981, 0.0, 1.3602650181034642e-32, 90.0, 3.7019951497154286e-34, 104559.9375
0:00:31.441305, 0.0, 1.234982740371145e-32, 90.0, 3.3610361255972123e-34, 104560.5390625
0:00:31.549540, 0.0, 1.1057559444078475e-32, 90.0, 3.0093419911556075e-34, 104561.21875
0:00:31.655786, 0.0, 9.931132431511418e-33, 90.0, 2.7027820184220304e-34, 104561.8828125
0:00:31.742318, 0.0, 9.091927912676186e-33, 90.0, 2.474390583308212e-34, 104562.4296875
0:00:31.848551, 0.0, 8.165747097455674e-33, 90.0, 2.222328089882191e-34, 104563.1015625
0:00:31.934075, 0.0, 7.483413769105615e-33, 90.0, 2.0366291402222996e-34, 104563.640625
0:00:32.055268, 0.0, 6.617568140176935e-33, 90.0, 1.8009870630980676e-34, 104564.3984375
0:00:32.153821, 0.0, 5.983502446581562e-33, 90.0, 1.628424607191726e-34, 104565.015625
0:00:32.246635, 0.0, 5.443544994003098e-33, 90.0, 1.4814739232201462e-34, 104565.6015625
0:00:32.334155, 0.0, 4.983557891479013e-33, 90.0, 1.3562873334830487e-34, 104566.140625
0:00:32.445456, 0.0, 4.448318212009178e-33, 90.0, 1.2106205097477576e-34, 104566.84375
0:00:32.540106, 0.0, 4.0428935164884326e-33, 90.0, 1.1002831457675563e-34, 104567.4375
0:00:32.655067, 0.0, 3.597616623738935e-33, 90.0, 9.79099894896726e-35, 104568.1640625
0:00:32.755151, 0.0, 3.246247403282737e-33, 90.0, 8.834739460319988e-35, 104568.796875
0:00:32.854825, 0.0, 2.935206638938367e-33, 90.0, 7.988234295046684e-35, 104569.4140625
0:00:32.943320, 0.0, 2.681642772903407e-33, 90.0, 7.29815425229484e-35, 104569.96875
0:00:33.051508, 0.0, 2.4034919731530602e-33, 90.0, 6.541159423211177e-35, 104570.65625
0:00:33.158799, 0.0, 2.1541988250314312e-33, 90.0, 5.862702310441829e-35, 104571.34375
0:00:33.254812, 0.0, 1.9538404047085802e-33, 90.0, 5.317422164341544e-35, 104571.9453125
0:00:33.347495, 0.0, 1.7774857627005126e-33, 90.0, 4.837468624461395e-35, 104572.5390625
0:00:33.463393, 0.0, 1.5800928942195955e-33, 90.0, 4.3002593835437706e-35, 104573.265625
0:00:33.556329, 0.0, 1.4375557553167466e-33, 90.0, 3.912341655997608e-35, 104573.8515625
0:00:33.654804, 0.0, 1.3011543295832054e-33, 90.0, 3.5411222045262973e-35, 104574.46875
0:00:33.745288, 0.0, 1.1863029295426023e-33, 90.0, 3.228551196788884e-35, 104575.0390625
0:00:33.864339, 0.0, 1.0512140167201511e-33, 90.0, 2.860903859132194e-35, 104575.7890625
0:00:33.959457, 0.0, 9.54393597995208e-34, 90.0, 2.5974048617808775e-35, 104576.390625
0:00:34.051040, 0.0, 8.691930327636393e-34, 90.0, 2.3655295610245282e-35, 104576.96875
0:00:34.161291, 0.0, 7.77428984621659e-34, 90.0, 2.1157912518147104e-35, 104577.671875
0:00:34.275270, 0.0, 6.925183440514611e-34, 90.0, 1.8847048753675434e-35, 104578.3828125
0:00:34.359888, 0.0, 6.353048299450326e-34, 90.0, 1.7289969306738928e-35, 104578.921875
0:00:34.475618, 0.0, 5.647524855281443e-34, 90.0, 1.536987131813802e-35, 104579.65625
0:00:34.566566, 0.0, 5.148540819504325e-34, 90.0, 1.401187400771651e-35, 104580.2265625
0:00:34.681509, 0.0, 4.581499793411924e-34, 90.0, 1.2468657415910978e-35, 104580.953125
0:00:34.769004, 0.0, 4.1900284913419275e-34, 90.0, 1.140325804075622e-35, 104581.5078125
0:00:34.854435, 0.0, 3.8438543589856392e-34, 90.0, 1.0461136339756546e-35, 104582.0390625
0:00:34.982665, 0.0, 3.3712397379865863e-34, 90.0, 9.17490559972325e-36, 104582.8515625
0:00:35.069273, 0.0, 3.0895437666603044e-34, 90.0, 8.408263595261153e-36, 104583.390625
0:00:35.161542, 0.0, 2.8107943372282517e-34, 90.0, 7.649639977557351e-36, 104583.9765625
0:00:35.275518, 0.0, 2.5037653146980476e-34, 90.0, 6.814053191819456e-36, 104584.703125
0:00:35.376827, 0.0, 2.2591761643606233e-34, 90.0, 6.148397947214531e-36, 104585.3359375
0:00:35.474972, 0.0, 2.0456515185423415e-34, 90.0, 5.567286603865616e-36, 104585.9609375
0:00:35.575521, 0.0, 1.8457870583944503e-34, 90.0, 5.023351058572751e-36, 104586.6015625
0:00:35.667308, 0.0, 1.6809488860699573e-34, 90.0, 4.574740399559474e-36, 104587.1796875
0:00:35.775526, 0.0, 1.506606773042444e-34, 90.0, 4.100264416546261e-36, 104587.859375
0:00:35.867521, 0.0, 1.3720711002077226e-34, 90.0, 3.734122391815267e-36, 104588.4375
0:00:35.981317, 0.0, 1.2222099197741557e-34, 90.0, 3.3262716263350494e-36, 104589.1640625
0:00:36.068932, 0.0, 1.1177779225800238e-34, 90.0, 3.0420576261491894e-36, 104589.71875
0:00:36.186589, 0.0, 9.91600083456271e-35, 90.0, 2.6986617471404207e-36, 104590.4609375
0:00:36.284608, 0.0, 8.975127809324858e-35, 90.0, 2.442601066245495e-36, 104591.078125
0:00:36.385178, 0.0, 8.098116614143423e-35, 90.0, 2.2039206117308757e-36, 104591.7109375
0:00:36.477333, 0.0, 7.374875347700779e-35, 90.0, 2.007088803604158e-36, 104592.296875
0:00:36.589242, 0.0, 6.582910135652004e-35, 90.0, 1.791553584614404e-36, 104593.0078125
0:00:36.676802, 0.0, 6.026639002577161e-35, 90.0, 1.6401631279303625e-36, 104593.5546875
0:00:36.794775, 0.0, 5.340311013815221e-35, 90.0, 1.4533773518086543e-36, 104594.296875
0:00:36.883307, 0.0, 4.883283057607213e-35, 90.0, 1.3289962167700475e-36, 104594.8515625
0:00:36.986448, 0.0, 4.399366816067847e-35, 90.0, 1.1972973890468593e-36, 104595.5
0:00:37.099334, 0.0, 3.922883509998769e-35, 90.0, 1.067621453365995e-36, 104596.2109375
0:00:37.185032, 0.0, 3.595093064660572e-35, 90.0, 9.784125958910851e-37, 104596.75
0:00:37.296930, 0.0, 3.209026970305695e-35, 90.0, 8.733438199761715e-37, 104597.4609375
0:00:37.385414, 0.0, 2.9317994272365355e-35, 90.0, 7.978956685793805e-37, 104598.0234375
0:00:37.497330, 0.0, 2.6169540560395844e-35, 90.0, 7.122097875476603e-37, 104598.734375
0:00:37.585861, 0.0, 2.3933455283600445e-35, 90.0, 6.513541978389621e-37, 104599.2890625
0:00:37.692161, 0.0, 2.1473298570827686e-35, 90.0, 5.844004711043784e-37, 104599.96875
0:00:37.806024, 0.0, 1.912792761867465e-35, 90.0, 5.205706758518955e-37, 104600.6796875
0:00:37.905657, 0.0, 1.7276881313606787e-35, 90.0, 4.701940633217446e-37, 104601.3125
0:00:38.007289, 0.0, 1.558891045591185e-35, 90.0, 4.242555536047016e-37, 104601.9453125
0:00:38.097047, 0.0, 1.4226380202797165e-35, 90.0, 3.871739676470051e-37, 104602.5078125
0:00:38.211785, 0.0, 1.2659458573545852e-35, 90.0, 3.4452987698842657e-37, 104603.2421875
0:00:38.299343, 0.0, 1.1577707457821276e-35, 90.0, 3.150897845540599e-37, 104603.796875
0:00:38.396146, 0.0, 1.0490069543300009e-35, 90.0, 2.8548949567925164e-37, 104604.40625
0:00:38.508190, 0.0, 9.363571582072451e-36, 90.0, 2.5483164124822357e-37, 104605.1171875
0:00:38.618630, 0.0, 8.375252321716424e-36, 90.0, 2.2793431137605758e-37, 104605.8125
0:00:38.713040, 0.0, 7.603993431177947e-36, 90.0, 2.069443177308747e-37, 104606.4140625
0:00:38.821211, 0.0, 6.815333866511972e-36, 90.0, 1.854807860982395e-37, 104607.09375
0:00:38.909643, 0.0, 6.22619983161588e-36, 90.0, 1.6944736448757695e-37, 104607.65625
0:00:39.024567, 0.0, 5.540469204057855e-36, 90.0, 1.5078505090590247e-37, 104608.3828125
0:00:39.108038, 0.0, 5.093213836077722e-36, 90.0, 1.386129016084931e-37, 104608.9140625
0:00:39.206401, 0.0, 4.605140818647024e-36, 90.0, 1.2532989257166872e-37, 104609.5390625
0:00:39.318342, 0.0, 4.110613129019565e-36, 90.0, 1.1187121675935659e-37, 104610.25
0:00:39.431186, 0.0, 3.6654237009705796e-36, 90.0, 9.975528755633593e-38, 104610.9609375
0:00:39.528861, 0.0, 3.3210459713642156e-36, 90.0, 9.038297182700454e-38, 104611.5703125
0:00:39.628318, 0.0, 2.9997393990406988e-36, 90.0, 8.163854991356781e-38, 104612.203125
0:00:39.727007, 0.0, 2.7123179724050395e-36, 90.0, 7.381631130911553e-38, 104612.8203125
0:00:39.820670, 0.0, 2.4650168194209958e-36, 90.0, 6.70859588628713e-38, 104613.40625
0:00:39.931532, 0.0, 2.2048427333827277e-36, 90.0, 6.000526498496428e-38, 104614.109375
0:00:40.020064, 0.0, 2.0143642555478308e-36, 90.0, 5.482135749797963e-38, 104614.671875
0:00:40.135048, 0.0, 1.792509606478705e-36, 90.0, 4.878353235799857e-38, 104615.3984375
0:00:40.221786, 0.0, 1.6410348476790497e-36, 90.0, 4.4661116865530754e-38, 104615.9453125
0:00:40.334331, 0.0, 1.4633067060983302e-36, 90.0, 3.9824207312072996e-38, 104616.65625
