Time, Frequency, Amplitude, Offset, PhaseShift, Phase
0:00:00.040008, 0.0, 0.0, 90.0, 0.0, 7637.43603515625
0:00:00.148018, 0.0, 0.0, 90.0, 0.0, 7638.11474609375
0:00:00.232023, 0.0, 0.0, 90.0, 0.0, 7638.64208984375
0:00:00.345499, 0.0, 0.0, 90.0, 0.0, 7639.3583984375
0:00:00.439415, 0.0, 0.0, 90.0, 0.0, 7639.94873046875
0:00:00.553878, 0.0, 0.0, 90.0, 0.0, 7640.66455078125
0:00:00.654183, 0.0, 0.0, 90.0, 0.0, 7641.298828125
0:00:00.759046, 0.0, 0.0, 90.0, 0.0, 7641.958984375
0:00:00.857208, 0.0, 0.0, 90.0, 0.0, 7642.57470703125
0:00:00.962047, 0.0, 0.0, 90.0, 0.0, 7643.23388671875
0:00:01.048403, 0.0, 0.0, 90.0, 0.0, 7643.77392578125
0:00:01.165012, 0.0, 0.0, 90.0, 0.0, 7644.5087890625
0:00:01.255332, 0.0, 0.0, 90.0, 0.0, 7645.07421875
0:00:01.368888, 0.0, 0.0, 90.0, 0.0, 7645.79052734375
0:00:01.453287, 0.0, 0.0, 90.0, 0.0, 7646.31787109375
0:00:01.558156, 0.0, 0.0, 90.0, 0.0, 7646.9833984375
0:00:01.672697, 0.0, 0.0, 90.0, 0.0, 7647.69921875
0:00:01.759999, 0.0, 0.0, 90.0, 0.0, 7648.251953125
0:00:01.871196, 0.0, 0.0, 90.0, 0.0, 7648.94873046875
0:00:01.957418, 0.0, 0.0, 90.0, 0.0, 7649.4892578125
0:00:02.053001, 0.0, 0.0, 90.0, 0.0, 7650.09228515625
0:00:02.169492, 0.0, 0.0, 90.0, 0.0, 7650.8271484375
0:00:02.262544, 0.0, 0.0, 90.0, 0.0, 7651.41162109375
0:00:02.376053, 0.0, 0.0, 90.0, 0.0, 7652.12158203125
0:00:02.465335, 0.0, 0.0, 90.0, 0.0, 7652.68701171875
0:00:02.572197, 0.0, 0.0, 90.0, 0.0, 7653.359375
0:00:02.686904, 0.0, 0.0, 90.0, 0.0, 7654.07568359375
0:00:02.785930, 0.0, 0.0, 90.0, 0.0, 7654.70361328125
0:00:02.866504, 0.0, 0.0, 90.0, 0.0, 7655.2060546875
0:00:02.986191, 0.0, 0.0, 90.0, 0.0, 7655.9599609375
0:00:03.077815, 0.0, 0.0, 90.0, 0.0, 7656.5380859375
0:00:03.188206, 0.0, 0.0, 90.0, 0.0, 7657.228515625
0:00:03.282351, 0.0, 0.0, 90.0, 0.0, 7657.8193359375
0:00:03.366543, 0.0, 0.0, 90.0, 0.0, 7658.353515625
0:00:03.476445, 0.0, 0.0, 90.0, 0.0, 7659.04443359375
0:00:03.575243, 0.0, 0.0, 90.0, 0.0, 7659.66650390625
0:00:03.669038, 0.0, 0.0, 90.0, 0.0, 7660.25732421875
0:00:03.795608, 0.0, 0.0, 90.0, 0.0, 7661.048828125
0:00:03.881921, 0.0, 0.0, 90.0, 0.0, 7661.59521484375
0:00:03.995370, 0.0, 0.0, 90.0, 0.0, 7662.3046875
0:00:04.080681, 0.0, 0.0, 90.0, 0.0, 7662.8447265625
0:00:04.195171, 0.0, 0.0, 90.0, 0.0, 7663.560546875
0:00:04.295493, 0.0, 0.0, 90.0, 0.0, 7664.19482421875
0:00:04.383784, 0.0, 0.0, 90.0, 0.0, 7664.74755859375
0:00:04.472055, 0.0, 0.0, 90.0, 0.0, 7665.30029296875
0:00:04.586617, 0.0, 0.0, 90.0, 0.0, 7666.02294921875
0:00:04.694516, 0.0, 0.0, 90.0, 0.0, 7666.701171875
0:00:04.777694, 0.0, 0.0, 90.0, 0.0, 7667.22216796875
0:00:04.905203, 0.0, 0.0, 90.0, 0.0, 7668.02587890625
0:00:05.003361, 0.0, 0.0, 90.0, 0.0, 7668.64111328125
0:00:05.102623, 0.0, 0.0, 90.0, 0.0, 7669.26953125
0:00:05.186882, 0.0, 0.0, 90.0, 0.0, 7669.796875
0:00:05.286044, 0.0, 0.0, 90.0, 0.0, 7670.41845703125
0:00:05.396492, 0.0, 0.0, 90.0, 0.0, 7671.11572265625
0:00:05.486834, 0.0, 0.0, 90.0, 0.0, 7671.68115234375
0:00:05.600335, 0.0, 0.0, 90.0, 0.0, 7672.3974609375
0:00:05.714934, 0.0, 0.0, 90.0, 0.0, 7673.11962890625
0:00:05.809080, 0.0, 0.0, 90.0, 0.0, 7673.71044921875
0:00:05.906470, 0.0, 0.0, 90.0, 0.0, 7674.31982421875
0:00:06.017937, 0.0, 0.0, 90.0, 0.0, 7675.02294921875
0:00:06.098535, 0.0, 0.0, 90.0, 0.0, 7675.53173828125
0:00:06.209662, 0.0, 0.0, 90.0, 0.0, 7676.22900390625
0:00:06.302716, 0.0, 0.0, 90.0, 0.0, 7676.8134765625
0:00:06.413343, 0.0, 0.0, 90.0, 0.0, 7677.5107421875
0:00:06.498644, 0.0, 0.0, 90.0, 0.0, 7678.044921875
0:00:06.615207, 0.0, 0.0, 90.0, 0.0, 7678.77978515625
0:00:06.702448, 0.0, 0.0, 90.0, 0.0, 7679.326171875
0:00:06.808356, 0.0, 0.0, 90.0, 0.0, 7679.9921875
0:00:06.920848, 0.0, 0.0, 90.0, 0.0, 7680.7021484375
0:00:07.029705, 0.0, 0.0, 90.0, 0.0, 7681.38671875
0:00:07.127084, 0.0, 0.0, 90.0, 0.0, 7681.99609375
0:00:07.216309, 0.0, 0.0, 90.0, 0.0, 7682.5615234375
0:00:07.316944, 0.0, 0.0, 90.0, 0.0, 7683.189453125
0:00:07.409391, 0.0, 0.0, 90.0, 0.0, 7683.7734375
0:00:07.525948, 0.0, 0.0, 90.0, 0.0, 7684.50830078125
0:00:07.621537, 0.0, 0.0, 90.0, 0.0, 7685.10498046875
0:00:07.718249, 0.0, 0.0, 90.0, 0.0, 7685.71435546875
0:00:07.838912, 0.0, 0.0, 90.0, 0.0, 7686.47412109375
0:00:07.937268, 0.0, 0.0, 90.0, 0.0, 7687.08984375
0:00:08.016963, 0.0, 0.0, 90.0, 0.0, 7687.59228515625
0:00:08.138559, 0.0, 0.0, 90.0, 0.0, 7688.3583984375
0:00:08.237973, 0.0, 0.0, 90.0, 0.0, 7688.98046875
0:00:08.327256, 0.0, 0.0, 90.0, 0.0, 7689.5458984375
0:00:08.435178, 0.0, 0.0, 90.0, 0.0, 7690.22412109375
0:00:08.520424, 0.0, 0.0, 90.0, 0.0, 7690.75830078125
0:00:08.637070, 0.0, 0.0, 90.0, 0.0, 7691.4931640625
0:00:08.727370, 0.0, 0.0, 90.0, 0.0, 7692.05859375
0:00:08.840910, 0.0, 0.0, 90.0, 0.0, 7692.7744140625
0:00:08.942441, 0.0, 0.0, 90.0, 0.0, 7693.4150390625
0:00:09.039126, 0.0, 0.0, 90.0, 0.0, 7694.01806640625
0:00:09.139266, 0.0, 0.0, 90.0, 0.0, 7694.65283203125
0:00:09.237998, 0.0, 0.0, 90.0, 0.0, 7695.2685546875
0:00:09.338382, 0.0, 0.0, 90.0, 0.0, 7695.90283203125
0:00:09.429804, 0.0, 0.0, 90.0, 0.0, 7696.48046875
0:00:09.548461, 0.0, 0.0, 90.0, 0.0, 7697.2216796875
0:00:09.633765, 0.0, 0.0, 90.0, 0.0, 7697.76171875
0:00:09.749416, 0.0, 0.0, 90.0, 0.0, 7698.48388671875
0:00:09.834600, 0.0, 0.0, 90.0, 0.0, 7699.02392578125
0:00:09.951223, 0.0, 0.0, 90.0, 0.0, 7699.75244140625
0:00:10.039478, 0.0, 0.0, 90.0, 0.0, 7700.3115234375
0:00:10.138581, 0.0, 0.0, 90.0, 0.0, 7700.93359375
0:00:10.251127, 0.0, 0.0, 90.0, 0.0, 7701.64306640625
0:00:10.347500, 0.0, 0.0, 90.0, 0.0, 7702.24609375
0:00:10.441757, 0.0, 0.0, 90.0, 0.0, 7702.8427734375
0:00:10.541355, 0.0, 0.0, 90.0, 0.0, 7703.46484375
0:00:10.656917, 0.0, 0.0, 90.0, 0.0, 7704.193359375
0:00:10.743300, 0.0, 0.0, 90.0, 0.0, 7704.7333984375
0:00:10.855765, 0.0, 0.0, 90.0, 0.0, 7705.443359375
0:00:10.941959, 0.0, 0.0, 90.0, 0.0, 7705.9833984375
0:00:11.054487, 0.0, 0.0, 90.0, 0.0, 7706.693359375
0:00:11.168021, 0.0, 0.0, 90.0, 0.0, 7707.4033203125
0:00:11.262548, 0.0, 0.0, 90.0, 0.0, 7708.0
0:00:11.358599, 0.0, 0.0, 90.0, 0.0, 7708.60302734375
0:00:11.447799, 0.0, 0.0, 90.0, 0.0, 7709.16845703125
0:00:11.548489, 0.0, 0.0, 90.0, 0.0, 7709.79638671875
0:00:11.669266, 0.0, 0.0, 90.0, 0.0, 7710.55615234375
0:00:11.767666, 0.0, 0.0, 90.0, 0.0, 7711.17822265625
0:00:11.853049, 0.0, 0.0, 90.0, 0.0, 7711.7119140625
0:00:11.948778, 0.0, 0.0, 90.0, 0.0, 7712.31494140625
0:00:12.059736, 0.0, 0.0, 90.0, 0.0, 7713.01220703125
0:00:12.173383, 0.0, 0.0, 90.0, 0.0, 7713.728515625
0:00:12.259637, 0.0, 0.0, 90.0, 0.0, 7714.2685546875
0:00:12.369468, 0.0, 0.0, 90.0, 0.0, 7714.95947265625
0:00:12.468861, 0.0, 0.0, 90.0, 0.0, 7715.587890625
0:00:12.556246, 0.0, 0.0, 90.0, 0.0, 7716.13427734375
0:00:12.668833, 0.0, 0.0, 90.0, 0.0, 7716.84375
0:00:12.755131, 0.0, 0.0, 90.0, 0.0, 7717.3837890625
0:00:12.868588, 0.0, 0.0, 90.0, 0.0, 7718.099609375
0:00:12.956817, 0.0, 0.0, 90.0, 0.0, 7718.65234375
0:00:13.066678, 0.0, 0.0, 90.0, 0.0, 7719.34326171875
0:00:13.173564, 0.0, 0.0, 90.0, 0.0, 7720.015625
0:00:13.267833, 0.0, 0.0, 90.0, 0.0, 7720.61279296875
0:00:13.363492, 0.0, 0.0, 90.0, 0.0, 7721.20947265625
0:00:13.489674, 0.0, 0.0, 90.0, 0.0, 7722.0068359375
0:00:13.578946, 0.0, 0.0, 90.0, 0.0, 7722.56591796875
0:00:13.666274, 0.0, 0.0, 90.0, 0.0, 7723.1123046875
0:00:13.777773, 0.0, 0.0, 90.0, 0.0, 7723.8154296875
0:00:13.891299, 0.0, 0.0, 90.0, 0.0, 7724.53125
0:00:13.978498, 0.0, 0.0, 90.0, 0.0, 7725.07763671875
0:00:14.085427, 0.0, 0.0, 90.0, 0.0, 7725.75
0:00:14.171622, 0.0, 0.0, 90.0, 0.0, 7726.2900390625
0:00:14.269104, 0.0, 0.0, 90.0, 0.0, 7726.90576171875
0:00:14.391136, 0.0, 0.0, 90.0, 0.0, 7727.671875
0:00:14.489517, 0.0, 0.0, 90.0, 0.0, 7728.2939453125
0:00:14.599455, 0.0, 0.0, 90.0, 0.0, 7728.98486328125
0:00:14.686681, 0.0, 0.0, 90.0, 0.0, 7729.53125
0:00:14.799271, 0.0, 0.0, 90.0, 0.0, 7730.2412109375
0:00:14.880939, 0.0, 0.0, 90.0, 0.0, 7730.75
0:00:14.998496, 0.0, 0.0, 90.0, 0.0, 7731.4912109375
0:00:15.099137, 0.0, 0.0, 90.0, 0.0, 7732.12548828125
0:00:15.196533, 0.0, 0.0, 90.0, 0.0, 7732.73486328125
0:00:15.279759, 0.0, 0.0, 90.0, 0.0, 7733.2626953125
0:00:15.383301, 0.0, 0.0, 90.0, 0.0, 7733.90966796875
0:00:15.508962, 0.0, 0.0, 90.0, 0.0, 7734.701171875
0:00:15.595310, 0.0, 0.0, 90.0, 0.0, 7735.24755859375
0:00:15.709860, 0.0, 0.0, 90.0, 0.0, 7735.96337890625
0:00:15.799144, 0.0, 0.0, 90.0, 0.0, 7736.52880859375
0:00:15.911634, 0.0, 0.0, 90.0, 0.0, 7737.23193359375
0:00:15.990295, 0.0, 0.0, 90.0, 0.0, 7737.72802734375
0:00:16.099153, 0.0, 0.0, 90.0, 0.0, 7738.41259765625
0:00:16.194764, 0.0, 0.0, 90.0, 0.0, 7739.015625
0:00:16.290536, 0.0, 0.0, 90.0, 0.0, 7739.61865234375
0:00:16.394757, 0.0, 0.0, 90.0, 0.0, 7740.27197265625
0:00:16.509440, 0.0, 0.0, 90.0, 0.0, 7740.994140625
0:00:16.594688, 0.0, 0.0, 90.0, 0.0, 7741.52783203125
0:00:16.715325, 0.0, 0.0, 90.0, 0.0, 7742.2880859375
0:00:16.800580, 0.0, 0.0, 90.0, 0.0, 7742.82177734375
0:00:16.900494, 0.0, 0.0, 90.0, 0.0, 7743.44970703125
0:00:17.002593, 0.0, 0.0, 90.0, 0.0, 7744.09033203125
0:00:17.114174, 0.0, 0.0, 90.0, 0.0, 7744.79345703125
0:00:17.225650, 0.0, 0.0, 90.0, 0.0, 7745.4970703125
0:00:17.311930, 0.0, 0.0, 90.0, 0.0, 7746.037109375
0:00:17.422063, 0.0, 0.0, 90.0, 0.0, 7746.728515625
0:00:17.510382, 0.0, 0.0, 90.0, 0.0, 7747.28125
0:00:17.624849, 0.0, 0.0, 90.0, 0.0, 7748.00341796875
0:00:17.712076, 0.0, 0.0, 90.0, 0.0, 7748.5498046875
0:00:17.811185, 0.0, 0.0, 90.0, 0.0, 7749.177734375
0:00:17.931322, 0.0, 0.0, 90.0, 0.0, 7749.931640625
0:00:18.031544, 0.0, 0.0, 90.0, 0.0, 7750.56005859375
0:00:18.115786, 0.0, 0.0, 90.0, 0.0, 7751.09375
0:00:18.230342, 0.0, 0.0, 90.0, 0.0, 7751.8095703125
0:00:18.324681, 0.0, 0.0, 90.0, 0.0, 7752.40625
0:00:18.410833, 0.0, 0.0, 90.0, 0.0, 7752.9462890625
0:00:18.537621, 0.0, 0.0, 90.0, 0.0, 7753.744140625
0:00:18.623936, 0.0, 0.0, 90.0, 0.0, 7754.2841796875
0:00:18.735379, 0.0, 0.0, 90.0, 0.0, 7754.9873046875
0:00:18.833372, 0.0, 0.0, 90.0, 0.0, 7755.60302734375
0:00:18.931674, 0.0, 0.0, 90.0, 0.0, 7756.21875
0:00:19.043189, 0.0, 0.0, 90.0, 0.0, 7756.921875
0:00:19.128452, 0.0, 0.0, 90.0, 0.0, 7757.4560546875
0:00:19.241042, 0.0, 0.0, 90.0, 0.0, 7758.166015625
0:00:19.334681, 0.0, 0.0, 90.0, 0.0, 7758.75634765625
0:00:19.442630, 0.0, 0.0, 90.0, 0.0, 7759.4345703125
0:00:19.541354, 0.0, 0.0, 90.0, 0.0, 7760.056640625
0:00:19.643736, 0.0, 0.0, 90.0, 0.0, 7760.697265625
0:00:19.738749, 0.0, 0.0, 90.0, 0.0, 7761.2939453125
0:00:19.824037, 0.0, 0.0, 90.0, 0.0, 7761.833984375
0:00:19.941539, 0.0, 0.0, 90.0, 0.0, 7762.56884765625
0:00:20.032808, 0.0, 0.0, 90.0, 0.0, 7763.14697265625
0:00:20.134625, 0.0, 0.0, 90.0, 0.0, 7763.78173828125
0:00:20.246177, 0.0, 0.0, 90.0, 0.0, 7764.48486328125
0:00:20.332350, 0.0, 0.0, 90.0, 0.0, 7765.025390625
0:00:20.447081, 0.0, 0.0, 90.0, 0.0, 7765.74755859375
0:00:20.542057, 0.0, 0.0, 90.0, 0.0, 7766.34423828125
0:00:20.645255, 0.0, 0.0, 90.0, 0.0, 7766.9912109375
0:00:20.740593, 0.0, 0.0, 90.0, 0.0, 7767.59423828125
0:00:20.852067, 0.0, 0.0, 90.0, 0.0, 7768.29736328125
0:00:20.962986, 0.0, 0.0, 90.0, 0.0, 7768.99462890625
0:00:21.043540, 0.0, 0.0, 90.0, 0.0, 7769.49755859375
0:00:21.143014, 0.0, 0.0, 90.0, 0.0, 7770.1259765625
0:00:21.252803, 0.0, 0.0, 90.0, 0.0, 7770.81689453125
0:00:21.361644, 0.0, 0.0, 90.0, 0.0, 7771.50146484375
0:00:21.458513, 0.0, 0.0, 90.0, 0.0, 7772.11083984375
0:00:21.565535, 0.0, 0.0, 90.0, 0.0, 7772.783203125
0:00:21.649466, 0.0, 0.0, 90.0, 0.0, 7773.310546875
0:00:21.762034, 0.0, 0.0, 90.0, 0.0, 7774.0205078125
0:00:21.859576, 0.0, 0.0, 90.0, 0.0, 7774.6298828125
0:00:21.971378, 0.0, 0.0, 90.0, 0.0, 7775.33349609375
0:00:22.056646, 0.0, 0.0, 90.0, 0.0, 7775.8671875
0:00:22.172198, 0.0, 0.0, 90.0, 0.0, 7776.595703125
0:00:22.257513, 0.0, 0.0, 90.0, 0.0, 7777.1357421875
0:00:22.370071, 0.0, 0.0, 90.0, 0.0, 7777.83935546875
0:00:22.456375, 0.0, 0.0, 90.0, 0.0, 7778.3857421875
0:00:22.564234, 0.0, 0.0, 90.0, 0.0, 7779.06396484375
0:00:22.657040, 0.0, 0.0, 90.0, 0.0, 7779.64208984375
0:00:22.782571, 0.0, 0.0, 90.0, 0.0, 7780.43359375
0:00:22.882036, 0.0, 0.0, 90.0, 0.0, 7781.0615234375
0:00:22.973678, 0.0, 0.0, 90.0, 0.0, 7781.63916015625
0:00:23.062060, 0.0, 0.0, 90.0, 0.0, 7782.1923828125
0:00:23.176611, 0.0, 0.0, 90.0, 0.0, 7782.9150390625
0:00:23.264887, 0.0, 0.0, 90.0, 0.0, 7783.4677734375
0:00:23.380574, 0.0, 0.0, 90.0, 0.0, 7784.19677734375
0:00:23.468893, 0.0, 0.0, 90.0, 0.0, 7784.74951171875
0:00:23.583510, 0.0, 0.0, 90.0, 0.0, 7785.4716796875
0:00:23.666765, 0.0, 0.0, 90.0, 0.0, 7785.99267578125
0:00:23.777354, 0.0, 0.0, 90.0, 0.0, 7786.68994140625
0:00:23.892912, 0.0, 0.0, 90.0, 0.0, 7787.4189453125
0:00:23.990108, 0.0, 0.0, 90.0, 0.0, 7788.0283203125
0:00:24.075358, 0.0, 0.0, 90.0, 0.0, 7788.56201171875
0:00:24.170096, 0.0, 0.0, 90.0, 0.0, 7789.15869140625
0:00:24.283592, 0.0, 0.0, 90.0, 0.0, 7789.875
0:00:24.374356, 0.0, 0.0, 90.0, 0.0, 7790.44677734375
0:00:24.480230, 0.0, 0.0, 90.0, 0.0, 7791.1123046875
0:00:24.584416, 0.0, 0.0, 90.0, 0.0, 7791.765625
0:00:24.699004, 0.0, 0.0, 90.0, 0.0, 7792.48779296875
0:00:24.783225, 0.0, 0.0, 90.0, 0.0, 7793.01513671875
0:00:24.883138, 0.0, 0.0, 90.0, 0.0, 7793.64306640625
0:00:24.976541, 0.0, 0.0, 90.0, 0.0, 7794.22705078125
0:00:25.089100, 0.0, 0.0, 90.0, 0.0, 7794.9365234375
0:00:25.175385, 0.0, 0.0, 90.0, 0.0, 7795.4765625
0:00:25.289964, 0.0, 0.0, 90.0, 0.0, 7796.19873046875
0:00:25.395732, 0.0, 0.0, 90.0, 0.0, 7796.8642578125
0:00:25.482074, 0.0, 0.0, 90.0, 0.0, 7797.404296875
0:00:25.587874, 0.0, 0.0, 90.0, 0.0, 7798.06982421875
0:00:25.702416, 0.0, 0.0, 90.0, 0.0, 7798.7919921875
0:00:25.789704, 0.0, 0.0, 90.0, 0.0, 7799.33837890625
0:00:25.904230, 0.0, 0.0, 90.0, 0.0, 7800.060546875
0:00:25.992416, 0.0, 0.0, 90.0, 0.0, 7800.61328125
0:00:26.111146, 0.0, 0.0, 90.0, 0.0, 7801.361328125
0:00:26.196358, 0.0, 0.0, 90.0, 0.0, 7801.8955078125
0:00:26.293760, 0.0, 0.0, 90.0, 0.0, 7802.51123046875
0:00:26.405302, 0.0, 0.0, 90.0, 0.0, 7803.21435546875
0:00:26.514516, 0.0, 0.0, 90.0, 0.0, 7803.89892578125
0:00:26.609629, 0.0, 0.0, 90.0, 0.0, 7804.49560546875
0:00:26.717668, 0.0, 0.0, 90.0, 0.0, 7805.173828125
0:00:26.807811, 0.0, 0.0, 90.0, 0.0, 7805.74560546875
0:00:26.897121, 0.0, 0.0, 90.0, 0.0, 7806.3046875
0:00:27.020727, 0.0, 0.0, 90.0, 0.0, 7807.08349609375
0:00:27.107068, 0.0, 0.0, 90.0, 0.0, 7807.62353515625
0:00:27.203580, 0.0, 0.0, 90.0, 0.0, 7808.23291015625
0:00:27.299890, 0.0, 0.0, 90.0, 0.0, 7808.8359375
0:00:27.417548, 0.0, 0.0, 90.0, 0.0, 7809.5771484375
0:00:27.511370, 0.0, 0.0, 90.0, 0.0, 7810.16748046875
0:00:27.623922, 0.0, 0.0, 90.0, 0.0, 7810.87109375
0:00:27.716101, 0.0, 0.0, 90.0, 0.0, 7811.455078125
0:00:27.827568, 0.0, 0.0, 90.0, 0.0, 7812.15234375
0:00:27.910242, 0.0, 0.0, 90.0, 0.0, 7812.673828125
0:00:28.018083, 0.0, 0.0, 90.0, 0.0, 7813.35205078125
0:00:28.106296, 0.0, 0.0, 90.0, 0.0, 7813.90478515625
0:00:28.232968, 0.0, 0.0, 90.0, 0.0, 7814.70263671875
0:00:28.331268, 0.0, 0.0, 90.0, 0.0, 7815.31787109375
0:00:28.418537, 0.0, 0.0, 90.0, 0.0, 7815.87060546875
0:00:28.514919, 0.0, 0.0, 90.0, 0.0, 7816.47412109375
0:00:28.635891, 0.0, 0.0, 90.0, 0.0, 7817.24072265625
0:00:28.734257, 0.0, 0.0, 90.0, 0.0, 7817.8564453125
0:00:28.825682, 0.0, 0.0, 90.0, 0.0, 7818.427734375
0:00:28.935632, 0.0, 0.0, 90.0, 0.0, 7819.11865234375
0:00:29.033413, 0.0, 0.0, 90.0, 0.0, 7819.73388671875
0:00:29.128125, 0.0, 0.0, 90.0, 0.0, 7820.33056640625
0:00:29.236933, 0.0, 0.0, 90.0, 0.0, 7821.01513671875
0:00:29.318892, 0.0, 0.0, 90.0, 0.0, 7821.5302734375
0:00:29.442600, 0.0, 0.0, 90.0, 0.0, 7822.30908203125
0:00:29.539062, 0.0, 0.0, 90.0, 0.0, 7822.91796875
0:00:29.650547, 0.0, 0.0, 90.0, 0.0, 7823.61474609375
0:00:29.732159, 0.0, 0.0, 90.0, 0.0, 7824.1298828125
0:00:29.847680, 0.0, 0.0, 90.0, 0.0, 7824.8583984375
0:00:29.939167, 0.0, 0.0, 90.0, 0.0, 7825.43017578125
0:00:30.034453, 0.0, 0.0, 90.0, 0.0, 7826.033203125
0:00:30.131827, 0.0, 0.0, 90.0, 0.0, 7826.642578125
0:00:30.238724, 0.0, 0.0, 90.0, 0.0, 7827.314453125
0:00:30.355317, 0.0, 0.0, 90.0, 0.0, 7828.04931640625
0:00:30.444579, 0.0, 0.0, 90.0, 0.0, 7828.6083984375
0:00:30.550560, 0.0, 0.0, 90.0, 0.0, 7829.27392578125
0:00:30.664229, 0.0, 0.0, 90.0, 0.0, 7829.98974609375
0:00:30.758682, 0.0, 0.0, 90.0, 0.0, 7830.58056640625
0:00:30.854098, 0.0, 0.0, 90.0, 0.0, 7831.18359375
0:00:30.939435, 0.0, 0.0, 90.0, 0.0, 7831.71728515625
0:00:31.060102, 0.0, 0.0, 90.0, 0.0, 7832.47705078125
0:00:31.146304, 0.0, 0.0, 90.0, 0.0, 7833.017578125
0:00:31.261813, 0.0, 0.0, 90.0, 0.0, 7833.74609375
0:00:31.348164, 0.0, 0.0, 90.0, 0.0, 7834.2861328125
0:00:31.446295, 0.0, 0.0, 90.0, 0.0, 7834.908203125
0:00:31.556775, 0.0, 0.0, 90.0, 0.0, 7835.5986328125
0:00:31.670315, 0.0, 0.0, 90.0, 0.0, 7836.314453125
0:00:31.765652, 0.0, 0.0, 90.0, 0.0, 7836.91162109375
0:00:31.862838, 0.0, 0.0, 90.0, 0.0, 7837.52734375
0:00:31.972723, 0.0, 0.0, 90.0, 0.0, 7838.21826171875
0:00:32.058948, 0.0, 0.0, 90.0, 0.0, 7838.75830078125
0:00:32.165798, 0.0, 0.0, 90.0, 0.0, 7839.4306640625
0:00:32.249993, 0.0, 0.0, 90.0, 0.0, 7839.9580078125
0:00:32.367749, 0.0, 0.0, 90.0, 0.0, 7840.69921875
0:00:32.473624, 0.0, 0.0, 90.0, 0.0, 7841.365234375
0:00:32.559889, 0.0, 0.0, 90.0, 0.0, 7841.9052734375
0:00:32.676424, 0.0, 0.0, 90.0, 0.0, 7842.64013671875
0:00:32.769213, 0.0, 0.0, 90.0, 0.0, 7843.224609375
0:00:32.881682, 0.0, 0.0, 90.0, 0.0, 7843.93408203125
0:00:32.965908, 0.0, 0.0, 90.0, 0.0, 7844.46142578125
0:00:33.057335, 0.0, 0.0, 90.0, 0.0, 7845.033203125
0:00:33.165406, 0.0, 0.0, 90.0, 0.0, 7845.71142578125
0:00:33.260131, 0.0, 0.0, 90.0, 0.0, 7846.30810546875
0:00:33.370598, 0.0, 0.0, 90.0, 0.0, 7847.00537109375
0:00:33.466959, 0.0, 0.0, 90.0, 0.0, 7847.6083984375
0:00:33.566163, 0.0, 0.0, 90.0, 0.0, 7848.23681640625
0:00:33.682717, 0.0, 0.0, 90.0, 0.0, 7848.96533203125
0:00:33.769076, 0.0, 0.0, 90.0, 0.0, 7849.51171875
0:00:33.895719, 0.0, 0.0, 90.0, 0.0, 7850.3095703125
0:00:33.991323, 0.0, 0.0, 90.0, 0.0, 7850.90625
0:00:34.075488, 0.0, 0.0, 90.0, 0.0, 7851.43994140625
0:00:34.195509, 0.0, 0.0, 90.0, 0.0, 7852.193359375
0:00:34.279101, 0.0, 0.0, 90.0, 0.0, 7852.71484375
0:00:34.393641, 0.0, 0.0, 90.0, 0.0, 7853.43701171875
0:00:34.479918, 0.0, 0.0, 90.0, 0.0, 7853.9775390625
0:00:34.603960, 0.0, 0.0, 90.0, 0.0, 7854.7626953125
0:00:34.681542, 0.0, 0.0, 90.0, 0.0, 7855.24609375
0:00:34.790487, 0.0, 0.0, 90.0, 0.0, 7855.9306640625
0:00:34.905965, 0.0, 0.0, 90.0, 0.0, 7856.6591796875
0:00:34.996305, 0.0, 0.0, 90.0, 0.0, 7857.224609375
0:00:35.082508, 0.0, 0.0, 90.0, 0.0, 7857.77099609375
0:00:35.196265, 0.0, 0.0, 90.0, 0.0, 7858.48046875
0:00:35.296215, 0.0, 0.0, 90.0, 0.0, 7859.11474609375
0:00:35.394663, 0.0, 0.0, 90.0, 0.0, 7859.73046875
0:00:35.493011, 0.0, 0.0, 90.0, 0.0, 7860.35205078125
0:00:35.599902, 0.0, 0.0, 90.0, 0.0, 7861.02392578125
0:00:35.687201, 0.0, 0.0, 90.0, 0.0, 7861.5703125
0:00:35.796100, 0.0, 0.0, 90.0, 0.0, 7862.2548828125
0:00:35.890034, 0.0, 0.0, 90.0, 0.0, 7862.84521484375
0:00:36.005631, 0.0, 0.0, 90.0, 0.0, 7863.57373046875
0:00:36.097214, 0.0, 0.0, 90.0, 0.0, 7864.1455078125
0:00:36.211749, 0.0, 0.0, 90.0, 0.0, 7864.86767578125
0:00:36.296927, 0.0, 0.0, 90.0, 0.0, 7865.40185546875
0:00:36.414369, 0.0, 0.0, 90.0, 0.0, 7866.14306640625
0:00:36.500683, 0.0, 0.0, 90.0, 0.0, 7866.68310546875
0:00:36.611211, 0.0, 0.0, 90.0, 0.0, 7867.38037109375
0:00:36.707929, 0.0, 0.0, 90.0, 0.0, 7867.98974609375
0:00:36.808217, 0.0, 0.0, 90.0, 0.0, 7868.6181640625
0:00:36.915150, 0.0, 0.0, 90.0, 0.0, 7869.29052734375
0:00:37.002382, 0.0, 0.0, 90.0, 0.0, 7869.8369140625
0:00:37.110201, 0.0, 0.0, 90.0, 0.0, 7870.51513671875
0:00:37.200489, 0.0, 0.0, 90.0, 0.0, 7871.0869140625
0:00:37.311930, 0.0, 0.0, 90.0, 0.0, 7871.78369140625
0:00:37.427510, 0.0, 0.0, 90.0, 0.0, 7872.51220703125
0:00:37.519201, 0.0, 0.0, 90.0, 0.0, 7873.09033203125
0:00:37.627724, 0.0, 0.0, 90.0, 0.0, 7873.7685546875
0:00:37.716956, 0.0, 0.0, 90.0, 0.0, 7874.333984375
0:00:37.805325, 0.0, 0.0, 90.0, 0.0, 7874.88671875
0:00:37.917831, 0.0, 0.0, 90.0, 0.0, 7875.59619140625
0:00:38.007174, 0.0, 0.0, 90.0, 0.0, 7876.1552734375
0:00:38.113978, 0.0, 0.0, 90.0, 0.0, 7876.82763671875
0:00:38.226640, 0.0, 0.0, 90.0, 0.0, 7877.53759765625
0:00:38.326982, 0.0, 0.0, 90.0, 0.0, 7878.16552734375
0:00:38.415214, 0.0, 0.0, 90.0, 0.0, 7878.724609375
0:00:38.529792, 0.0, 0.0, 90.0, 0.0, 7879.4404296875
0:00:38.640339, 0.0, 0.0, 90.0, 0.0, 7880.1376953125
0:00:38.735140, 0.0, 0.0, 90.0, 0.0, 7880.734375
0:00:38.819387, 0.0, 0.0, 90.0, 0.0, 7881.26220703125
0:00:38.916798, 0.0, 0.0, 90.0, 0.0, 7881.8779296875
0:00:39.032492, 0.0, 0.0, 90.0, 0.0, 7882.6064453125
0:00:39.144933, 0.0, 0.0, 90.0, 0.0, 7883.31005859375
0:00:39.228232, 0.0, 0.0, 90.0, 0.0, 7883.837890625
0:00:39.344230, 0.0, 0.0, 90.0, 0.0, 7884.56689453125
0:00:39.429527, 0.0, 0.0, 90.0, 0.0, 7885.1005859375
0:00:39.545073, 0.0, 0.0, 90.0, 0.0, 7885.8291015625
0:00:39.635488, 0.0, 0.0, 90.0, 0.0, 7886.39453125
0:00:39.725812, 0.0, 0.0, 90.0, 0.0, 7886.96630859375
0:00:39.828674, 0.0, 0.0, 90.0, 0.0, 7887.61328125
0:00:39.935520, 0.0, 0.0, 90.0, 0.0, 7888.28515625
0:00:40.047078, 0.0, 0.0, 90.0, 0.0, 7888.982421875
0:00:40.142702, 0.0, 0.0, 90.0, 0.0, 7889.58544921875
0:00:40.239524, 0.0, 0.0, 90.0, 0.0, 7890.19482421875
0:00:40.355563, 0.0, 0.0, 90.0, 0.0, 7890.923828125
0:00:40.439821, 0.0, 0.0, 90.0, 0.0, 7891.45166015625
0:00:40.556433, 0.0, 0.0, 90.0, 0.0, 7892.1865234375
0:00:40.668939, 0.0, 0.0, 90.0, 0.0, 7892.89599609375
0:00:40.756114, 0.0, 0.0, 90.0, 0.0, 7893.4423828125
0:00:40.841389, 0.0, 0.0, 90.0, 0.0, 7893.97607421875
0:00:40.951530, 0.0, 0.0, 90.0, 0.0, 7894.6728515625
0:00:41.068065, 0.0, 0.0, 90.0, 0.0, 7895.4013671875
0:00:41.162721, 0.0, 0.0, 90.0, 0.0, 7895.998046875
0:00:41.277440, 0.0, 0.0, 90.0, 0.0, 7896.72021484375
0:00:41.363598, 0.0, 0.0, 90.0, 0.0, 7897.26025390625
0:00:41.448781, 0.0, 0.0, 90.0, 0.0, 7897.79443359375
0:00:41.562391, 0.0, 0.0, 90.0, 0.0, 7898.5107421875
0:00:41.660570, 0.0, 0.0, 90.0, 0.0, 7899.12646484375
0:00:41.785077, 0.0, 0.0, 90.0, 0.0, 7899.9111328125
0:00:41.867857, 0.0, 0.0, 90.0, 0.0, 7900.4326171875
0:00:41.976696, 0.0, 0.0, 90.0, 0.0, 7901.1171875
0:00:42.081689, 0.0, 0.0, 90.0, 0.0, 7901.77685546875
0:00:42.174577, 0.0, 0.0, 90.0, 0.0, 7902.36083984375
0:00:42.259860, 0.0, 0.0, 90.0, 0.0, 7902.89501953125
0:00:42.374388, 0.0, 0.0, 90.0, 0.0, 7903.6171875
0:00:42.482884, 0.0, 0.0, 90.0, 0.0, 7904.30224609375
0:00:42.578925, 0.0, 0.0, 90.0, 0.0, 7904.9052734375
0:00:42.680033, 0.0, 0.0, 90.0, 0.0, 7905.53955078125
0:00:42.778429, 0.0, 0.0, 90.0, 0.0, 7906.16162109375
0:00:42.880704, 0.0, 0.0, 90.0, 0.0, 7906.80224609375
0:00:42.968902, 0.0, 0.0, 90.0, 0.0, 7907.35498046875
0:00:43.083453, 0.0, 0.0, 90.0, 0.0, 7908.07763671875
0:00:43.188717, 0.0, 0.0, 90.0, 0.0, 7908.7373046875
0:00:43.304306, 0.0, 0.0, 90.0, 0.0, 7909.4658203125
0:00:43.389573, 0.0, 0.0, 90.0, 0.0, 7909.99951171875
0:00:43.485884, 0.0, 0.0, 90.0, 0.0, 7910.6025390625
0:00:43.603295, 0.0, 0.0, 90.0, 0.0, 7911.34375
0:00:43.699023, 0.0, 0.0, 90.0, 0.0, 7911.94677734375
0:00:43.787317, 0.0, 0.0, 90.0, 0.0, 7912.49951171875
0:00:43.888799, 0.0, 0.0, 90.0, 0.0, 7913.14013671875
0:00:44.010041, 0.0, 0.0, 90.0, 0.0, 7913.89990234375
0:00:44.112388, 0.0, 0.0, 90.0, 0.0, 7914.54052734375
0:00:44.210247, 0.0, 0.0, 90.0, 0.0, 7915.16259765625
0:00:44.297446, 0.0, 0.0, 90.0, 0.0, 7915.708984375
0:00:44.410317, 0.0, 0.0, 90.0, 0.0, 7916.4189453125
0:00:44.497575, 0.0, 0.0, 90.0, 0.0, 7916.96533203125
0:00:44.604192, 0.0, 0.0, 90.0, 0.0, 7917.630859375
0:00:44.719831, 0.0, 0.0, 90.0, 0.0, 7918.359375
0:00:44.802718, 0.0, 0.0, 90.0, 0.0, 7918.88671875
0:00:44.899812, 0.0, 0.0, 90.0, 0.0, 7919.49609375
0:00:45.025918, 0.0, 0.0, 90.0, 0.0, 7920.28759765625
0:00:45.113048, 0.0, 0.0, 90.0, 0.0, 7920.833984375
0:00:45.209238, 0.0, 0.0, 90.0, 0.0, 7921.443359375
0:00:45.296557, 0.0, 0.0, 90.0, 0.0, 7921.98974609375
0:00:45.412250, 0.0, 0.0, 90.0, 0.0, 7922.71826171875
0:00:45.510413, 0.0, 0.0, 90.0, 0.0, 7923.333984375
0:00:45.609576, 0.0, 0.0, 90.0, 0.0, 7923.9619140625
0:00:45.720098, 0.0, 0.0, 90.0, 0.0, 7924.65283203125
0:00:45.809447, 0.0, 0.0, 90.0, 0.0, 7925.21826171875
0:00:45.923910, 0.0, 0.0, 90.0, 0.0, 7925.93408203125
0:00:46.019771, 0.0, 0.0, 90.0, 0.0, 7926.537109375
0:00:46.124041, 0.0, 0.0, 90.0, 0.0, 7927.19677734375
0:00:46.219409, 0.0, 0.0, 90.0, 0.0, 7927.79345703125
0:00:46.313733, 0.0, 0.0, 90.0, 0.0, 7928.3837890625
0:00:46.411087, 0.0, 0.0, 90.0, 0.0, 7928.99951171875
0:00:46.531266, 0.0, 0.0, 90.0, 0.0, 7929.75341796875
0:00:46.618573, 0.0, 0.0, 90.0, 0.0, 7930.2998046875
0:00:46.727391, 0.0, 0.0, 90.0, 0.0, 7930.98486328125
0:00:46.826632, 0.0, 0.0, 90.0, 0.0, 7931.61328125
0:00:46.941643, 0.0, 0.0, 90.0, 0.0, 7932.3291015625
0:00:47.029638, 0.0, 0.0, 90.0, 0.0, 7932.88818359375
0:00:47.143125, 0.0, 0.0, 90.0, 0.0, 7933.60400390625
0:00:47.250014, 0.0, 0.0, 90.0, 0.0, 7934.27587890625
0:00:47.331748, 0.0, 0.0, 90.0, 0.0, 7934.78466796875
0:00:47.442516, 0.0, 0.0, 90.0, 0.0, 7935.48193359375
0:00:47.556348, 0.0, 0.0, 90.0, 0.0, 7936.19775390625
0:00:47.647815, 0.0, 0.0, 90.0, 0.0, 7936.7763671875
0:00:47.734018, 0.0, 0.0, 90.0, 0.0, 7937.31689453125
0:00:47.850619, 0.0, 0.0, 90.0, 0.0, 7938.0517578125
0:00:47.935865, 0.0, 0.0, 90.0, 0.0, 7938.5859375
0:00:48.052776, 0.0, 0.0, 90.0, 0.0, 7939.32080078125
0:00:48.137755, 0.0, 0.0, 90.0, 0.0, 7939.85498046875
0:00:48.241594, 0.0, 0.0, 90.0, 0.0, 7940.50830078125
0:00:48.354495, 0.0, 0.0, 90.0, 0.0, 7941.21826171875
0:00:48.458121, 0.0, 0.0, 90.0, 0.0, 7941.87158203125
0:00:48.538619, 0.0, 0.0, 90.0, 0.0, 7942.38037109375
0:00:48.652563, 0.0, 0.0, 90.0, 0.0, 7943.09033203125
0:00:48.745047, 0.0, 0.0, 90.0, 0.0, 7943.6748046875
0:00:48.857847, 0.0, 0.0, 90.0, 0.0, 7944.384765625
0:00:48.970183, 0.0, 0.0, 90.0, 0.0, 7945.087890625
0:00:49.058480, 0.0, 0.0, 90.0, 0.0, 7945.64697265625
0:00:49.163332, 0.0, 0.0, 90.0, 0.0, 7946.306640625
0:00:49.251698, 0.0, 0.0, 90.0, 0.0, 7946.859375
0:00:49.361038, 0.0, 0.0, 90.0, 0.0, 7947.54443359375
0:00:49.473814, 0.0, 0.0, 90.0, 0.0, 7948.25390625
0:00:49.556323, 0.0, 0.0, 90.0, 0.0, 7948.775390625
0:00:49.663049, 0.0, 0.0, 90.0, 0.0, 7949.447265625
0:00:49.777661, 0.0, 0.0, 90.0, 0.0, 7950.16943359375
0:00:49.862877, 0.0, 0.0, 90.0, 0.0, 7950.703125
0:00:49.976363, 0.0, 0.0, 90.0, 0.0, 7951.41943359375
0:00:50.062554, 0.0, 0.0, 90.0, 0.0, 7951.95947265625
0:00:50.179054, 0.0, 0.0, 90.0, 0.0, 7952.6943359375
0:00:50.264402, 0.0, 0.0, 90.0, 0.0, 7953.22802734375
0:00:50.389423, 0.0, 0.0, 90.0, 0.0, 7954.01318359375
0:00:50.466652, 0.0, 0.0, 90.0, 0.0, 7954.49658203125
0:00:50.581222, 0.0, 0.0, 90.0, 0.0, 7955.21875
0:00:50.696049, 0.0, 0.0, 90.0, 0.0, 7955.94091796875
0:00:50.784657, 0.0, 0.0, 90.0, 0.0, 7956.49365234375
0:00:50.882037, 0.0, 0.0, 90.0, 0.0, 7957.109375
0:00:50.979176, 0.0, 0.0, 90.0, 0.0, 7957.72509765625
0:00:51.086005, 0.0, 0.0, 90.0, 0.0, 7958.39697265625
0:00:51.202487, 0.0, 0.0, 90.0, 0.0, 7959.12548828125
0:00:51.286035, 0.0, 0.0, 90.0, 0.0, 7959.6533203125
0:00:51.410510, 0.0, 0.0, 90.0, 0.0, 7960.43212890625
0:00:51.489638, 0.0, 0.0, 90.0, 0.0, 7960.93505859375
0:00:51.606177, 0.0, 0.0, 90.0, 0.0, 7961.66357421875
0:00:51.702467, 0.0, 0.0, 90.0, 0.0, 7962.2666015625
0:00:51.805523, 0.0, 0.0, 90.0, 0.0, 7962.919921875
0:00:51.886500, 0.0, 0.0, 90.0, 0.0, 7963.4287109375
0:00:52.003917, 0.0, 0.0, 90.0, 0.0, 7964.16357421875
0:00:52.090174, 0.0, 0.0, 90.0, 0.0, 7964.7099609375
0:00:52.204793, 0.0, 0.0, 90.0, 0.0, 7965.42626953125
0:00:52.301359, 0.0, 0.0, 90.0, 0.0, 7966.03564453125
0:00:52.391720, 0.0, 0.0, 90.0, 0.0, 7966.60107421875
0:00:52.520504, 0.0, 0.0, 90.0, 0.0, 7967.4111328125
0:00:52.604811, 0.0, 0.0, 90.0, 0.0, 7967.94482421875
0:00:52.698795, 0.0, 0.0, 90.0, 0.0, 7968.53515625
0:00:52.813476, 0.0, 0.0, 90.0, 0.0, 7969.25732421875
0:00:52.910481, 0.0, 0.0, 90.0, 0.0, 7969.86669921875
0:00:53.022123, 0.0, 0.0, 90.0, 0.0, 7970.5703125
0:00:53.108350, 0.0, 0.0, 90.0, 0.0, 7971.1103515625
0:00:53.195632, 0.0, 0.0, 90.0, 0.0, 7971.6572265625
0:00:53.322428, 0.0, 0.0, 90.0, 0.0, 7972.455078125
0:00:53.417021, 0.0, 0.0, 90.0, 0.0, 7973.04541015625
0:00:53.527400, 0.0, 0.0, 90.0, 0.0, 7973.7421875
0:00:53.614537, 0.0, 0.0, 90.0, 0.0, 7974.294921875
0:00:53.707351, 0.0, 0.0, 90.0, 0.0, 7974.87939453125
0:00:53.803660, 0.0, 0.0, 90.0, 0.0, 7975.482421875
0:00:53.922657, 0.0, 0.0, 90.0, 0.0, 7976.22998046875
0:00:54.009873, 0.0, 0.0, 90.0, 0.0, 7976.77685546875
0:00:54.125632, 0.0, 0.0, 90.0, 0.0, 7977.50537109375
0:00:54.209531, 0.0, 0.0, 90.0, 0.0, 7978.03271484375
0:00:54.324094, 0.0, 0.0, 90.0, 0.0, 7978.7548828125
0:00:54.410367, 0.0, 0.0, 90.0, 0.0, 7979.294921875
0:00:54.519874, 0.0, 0.0, 90.0, 0.0, 7979.986328125
0:00:54.635490, 0.0, 0.0, 90.0, 0.0, 7980.71484375
0:00:54.717775, 0.0, 0.0, 90.0, 0.0, 7981.2294921875
0:00:54.814826, 0.0, 0.0, 90.0, 0.0, 7981.83935546875
0:00:54.913343, 0.0, 0.0, 90.0, 0.0, 7982.4609375
0:00:55.013354, 0.0, 0.0, 90.0, 0.0, 7983.0888671875
0:00:55.136679, 0.0, 0.0, 90.0, 0.0, 7983.861328125
0:00:55.232264, 0.0, 0.0, 90.0, 0.0, 7984.46435546875
0:00:55.332521, 0.0, 0.0, 90.0, 0.0, 7985.09228515625
0:00:55.432984, 0.0, 0.0, 90.0, 0.0, 7985.7265625
0:00:55.544508, 0.0, 0.0, 90.0, 0.0, 7986.4296875
0:00:55.628677, 0.0, 0.0, 90.0, 0.0, 7986.95703125
0:00:55.724536, 0.0, 0.0, 90.0, 0.0, 7987.56005859375
0:00:55.824806, 0.0, 0.0, 90.0, 0.0, 7988.1884765625
0:00:55.934677, 0.0, 0.0, 90.0, 0.0, 7988.87939453125
0:00:56.048381, 0.0, 0.0, 90.0, 0.0, 7989.59521484375
0:00:56.144406, 0.0, 0.0, 90.0, 0.0, 7990.19873046875
0:00:56.243825, 0.0, 0.0, 90.0, 0.0, 7990.82666015625
0:00:56.333083, 0.0, 0.0, 90.0, 0.0, 7991.3857421875
0:00:56.446671, 0.0, 0.0, 90.0, 0.0, 7992.1015625
0:00:56.528857, 0.0, 0.0, 90.0, 0.0, 7992.6162109375
0:00:56.647669, 0.0, 0.0, 90.0, 0.0, 7993.3642578125
0:00:56.744945, 0.0, 0.0, 90.0, 0.0, 7993.9736328125
0:00:56.842815, 0.0, 0.0, 90.0, 0.0, 7994.58935546875
0:00:56.943148, 0.0, 0.0, 90.0, 0.0, 7995.2236328125
0:00:57.057389, 0.0, 0.0, 90.0, 0.0, 7995.93994140625
0:00:57.153806, 0.0, 0.0, 90.0, 0.0, 7996.54296875
0:00:57.254301, 0.0, 0.0, 90.0, 0.0, 7997.17724609375
0:00:57.355404, 0.0, 0.0, 90.0, 0.0, 7997.8115234375
0:00:57.448831, 0.0, 0.0, 90.0, 0.0, 7998.40185546875
0:00:57.558685, 0.0, 0.0, 90.0, 0.0, 7999.0927734375
0:00:57.643946, 0.0, 0.0, 90.0, 0.0, 7999.62646484375
0:00:57.759504, 0.0, 0.0, 90.0, 0.0, 8000.35498046875
0:00:57.845789, 0.0, 0.0, 90.0, 0.0, 8000.8955078125
0:00:57.972129, 0.0, 0.0, 90.0, 0.0, 8001.693359375
0:00:58.059414, 0.0, 0.0, 90.0, 0.0, 8002.23974609375
0:00:58.173979, 0.0, 0.0, 90.0, 0.0, 8002.9619140625
0:00:58.255654, 0.0, 0.0, 90.0, 0.0, 8003.470703125
0:00:58.367163, 0.0, 0.0, 90.0, 0.0, 8004.173828125
0:00:58.454387, 0.0, 0.0, 90.0, 0.0, 8004.72021484375
0:00:58.553539, 0.0, 0.0, 90.0, 0.0, 8005.34814453125
0:00:58.665016, 0.0, 0.0, 90.0, 0.0, 8006.04541015625
0:00:58.776895, 0.0, 0.0, 90.0, 0.0, 8006.7490234375
0:00:58.857525, 0.0, 0.0, 90.0, 0.0, 8007.2578125
0:00:58.979368, 0.0, 0.0, 90.0, 0.0, 8008.0244140625
0:00:59.074212, 0.0, 0.0, 90.0, 0.0, 8008.62109375
0:00:59.162533, 0.0, 0.0, 90.0, 0.0, 8009.173828125
0:00:59.271433, 0.0, 0.0, 90.0, 0.0, 8009.85888671875
0:00:59.385893, 0.0, 0.0, 90.0, 0.0, 8010.58154296875
0:00:59.484357, 0.0, 0.0, 90.0, 0.0, 8011.20361328125
0:00:59.576010, 0.0, 0.0, 90.0, 0.0, 8011.775390625
0:00:59.681898, 0.0, 0.0, 90.0, 0.0, 8012.44091796875
0:00:59.761531, 0.0, 0.0, 90.0, 0.0, 8012.943359375
0:00:59.874128, 0.0, 0.0, 90.0, 0.0, 8013.6533203125
0:00:59.973733, 0.0, 0.0, 90.0, 0.0, 8014.27490234375
0:01:00.074083, 0.0, 0.0, 90.0, 0.0, 8014.9091796875
0:01:00.185000, 0.0, 0.0, 90.0, 0.0, 8015.6064453125
0:01:00.266584, 0.0, 0.0, 90.0, 0.0, 8016.12158203125
0:01:00.380132, 0.0, 0.0, 90.0, 0.0, 8016.8310546875
0:01:00.488031, 0.0, 0.0, 90.0, 0.0, 8017.50927734375
0:01:00.585401, 0.0, 0.0, 90.0, 0.0, 8018.125
0:01:00.696390, 0.0, 0.0, 90.0, 0.0, 8018.822265625
0:01:00.777975, 0.0, 0.0, 90.0, 0.0, 8019.3310546875
0:01:00.890546, 0.0, 0.0, 90.0, 0.0, 8020.041015625
0:01:00.977825, 0.0, 0.0, 90.0, 0.0, 8020.59375
0:01:01.089376, 0.0, 0.0, 90.0, 0.0, 8021.29052734375
0:01:01.185401, 0.0, 0.0, 90.0, 0.0, 8021.8935546875
0:01:01.279840, 0.0, 0.0, 90.0, 0.0, 8022.490234375
0:01:01.388719, 0.0, 0.0, 90.0, 0.0, 8023.1748046875
0:01:01.479032, 0.0, 0.0, 90.0, 0.0, 8023.740234375
0:01:01.604687, 0.0, 0.0, 90.0, 0.0, 8024.53173828125
0:01:01.690990, 0.0, 0.0, 90.0, 0.0, 8025.07177734375
0:01:01.798837, 0.0, 0.0, 90.0, 0.0, 8025.75
0:01:01.885061, 0.0, 0.0, 90.0, 0.0, 8026.29638671875
0:01:01.984449, 0.0, 0.0, 90.0, 0.0, 8026.91845703125
0:01:02.096934, 0.0, 0.0, 90.0, 0.0, 8027.6279296875
0:01:02.210431, 0.0, 0.0, 90.0, 0.0, 8028.33740234375
0:01:02.294569, 0.0, 0.0, 90.0, 0.0, 8028.87109375
0:01:02.395213, 0.0, 0.0, 90.0, 0.0, 8029.4990234375
0:01:02.494567, 0.0, 0.0, 90.0, 0.0, 8030.126953125
0:01:02.607024, 0.0, 0.0, 90.0, 0.0, 8030.830078125
0:01:02.716591, 0.0, 0.0, 90.0, 0.0, 8031.52099609375
0:01:02.798127, 0.0, 0.0, 90.0, 0.0, 8032.0361328125
0:01:02.911714, 0.0, 0.0, 90.0, 0.0, 8032.74560546875
0:01:03.000000, 0.0, 0.0, 90.0, 0.0, 8033.3046875
0:01:03.115426, 0.0, 0.0, 90.0, 0.0, 8034.02685546875
0:01:03.207745, 0.0, 0.0, 90.0, 0.0, 8034.611328125
0:01:03.306082, 0.0, 0.0, 90.0, 0.0, 8035.2265625
0:01:03.424570, 0.0, 0.0, 90.0, 0.0, 8035.97412109375
0:01:03.511927, 0.0, 0.0, 90.0, 0.0, 8036.5205078125
0:01:03.622420, 0.0, 0.0, 90.0, 0.0, 8037.21728515625
0:01:03.707711, 0.0, 0.0, 90.0, 0.0, 8037.75146484375
0:01:03.815576, 0.0, 0.0, 90.0, 0.0, 8038.4296875
0:01:03.912138, 0.0, 0.0, 90.0, 0.0, 8039.0390625
0:01:04.028698, 0.0, 0.0, 90.0, 0.0, 8039.77392578125
0:01:04.123904, 0.0, 0.0, 90.0, 0.0, 8040.37109375
0:01:04.240424, 0.0, 0.0, 90.0, 0.0, 8041.099609375
0:01:04.336565, 0.0, 0.0, 90.0, 0.0, 8041.708984375
0:01:04.425751, 0.0, 0.0, 90.0, 0.0, 8042.26806640625
0:01:04.519725, 0.0, 0.0, 90.0, 0.0, 8042.8583984375
0:01:04.634243, 0.0, 0.0, 90.0, 0.0, 8043.58056640625
0:01:04.720451, 0.0, 0.0, 90.0, 0.0, 8044.12060546875
0:01:04.839728, 0.0, 0.0, 90.0, 0.0, 8044.86865234375
0:01:04.929017, 0.0, 0.0, 90.0, 0.0, 8045.43408203125
0:01:05.041573, 0.0, 0.0, 90.0, 0.0, 8046.13720703125
0:01:05.134019, 0.0, 0.0, 90.0, 0.0, 8046.7216796875
0:01:05.242930, 0.0, 0.0, 90.0, 0.0, 8047.40625
0:01:05.330189, 0.0, 0.0, 90.0, 0.0, 8047.953125
0:01:05.426620, 0.0, 0.0, 90.0, 0.0, 8048.5625
0:01:05.526966, 0.0, 0.0, 90.0, 0.0, 8049.1904296875
0:01:05.653408, 0.0, 0.0, 90.0, 0.0, 8049.98779296875
0:01:05.739738, 0.0, 0.0, 90.0, 0.0, 8050.52783203125
0:01:05.851229, 0.0, 0.0, 90.0, 0.0, 8051.23095703125
0:01:05.936478, 0.0, 0.0, 90.0, 0.0, 8051.7646484375
0:01:06.037857, 0.0, 0.0, 90.0, 0.0, 8052.4052734375
0:01:06.151540, 0.0, 0.0, 90.0, 0.0, 8053.11474609375
0:01:06.238652, 0.0, 0.0, 90.0, 0.0, 8053.66796875
0:01:06.338433, 0.0, 0.0, 90.0, 0.0, 8054.2900390625
0:01:06.457509, 0.0, 0.0, 90.0, 0.0, 8055.0439453125
0:01:06.556645, 0.0, 0.0, 90.0, 0.0, 8055.666015625
0:01:06.650593, 0.0, 0.0, 90.0, 0.0, 8056.25634765625
0:01:06.768088, 0.0, 0.0, 90.0, 0.0, 8056.99755859375
0:01:06.867169, 0.0, 0.0, 90.0, 0.0, 8057.61962890625
0:01:06.950462, 0.0, 0.0, 90.0, 0.0, 8058.140625
0:01:07.046495, 0.0, 0.0, 90.0, 0.0, 8058.744140625
0:01:07.172973, 0.0, 0.0, 90.0, 0.0, 8059.54150390625
0:01:07.261216, 0.0, 0.0, 90.0, 0.0, 8060.09423828125
0:01:07.352999, 0.0, 0.0, 90.0, 0.0, 8060.67236328125
0:01:07.462945, 0.0, 0.0, 90.0, 0.0, 8061.36376953125
0:01:07.575506, 0.0, 0.0, 90.0, 0.0, 8062.07373046875
0:01:07.661855, 0.0, 0.0, 90.0, 0.0, 8062.61376953125
0:01:07.754953, 0.0, 0.0, 90.0, 0.0, 8063.1982421875
0:01:07.869731, 0.0, 0.0, 90.0, 0.0, 8063.9208984375
0:01:07.967803, 0.0, 0.0, 90.0, 0.0, 8064.53662109375
0:01:08.065026, 0.0, 0.0, 90.0, 0.0, 8065.15234375
0:01:08.171932, 0.0, 0.0, 90.0, 0.0, 8065.82421875
0:01:08.259098, 0.0, 0.0, 90.0, 0.0, 8066.37060546875
0:01:08.383573, 0.0, 0.0, 90.0, 0.0, 8067.15576171875
0:01:08.469757, 0.0, 0.0, 90.0, 0.0, 8067.69580078125
0:01:08.564934, 0.0, 0.0, 90.0, 0.0, 8068.29248046875
0:01:08.676438, 0.0, 0.0, 90.0, 0.0, 8068.99609375
0:01:08.787945, 0.0, 0.0, 90.0, 0.0, 8069.693359375
0:01:08.872189, 0.0, 0.0, 90.0, 0.0, 8070.2275390625
0:01:08.986784, 0.0, 0.0, 90.0, 0.0, 8070.943359375
0:01:09.074996, 0.0, 0.0, 90.0, 0.0, 8071.50244140625
0:01:09.187674, 0.0, 0.0, 90.0, 0.0, 8072.2119140625
0:01:09.270887, 0.0, 0.0, 90.0, 0.0, 8072.73291015625
0:01:09.394250, 0.0, 0.0, 90.0, 0.0, 8073.50537109375
0:01:09.480521, 0.0, 0.0, 90.0, 0.0, 8074.0517578125
0:01:09.596094, 0.0, 0.0, 90.0, 0.0, 8074.77392578125
0:01:09.682292, 0.0, 0.0, 90.0, 0.0, 8075.3203125
0:01:09.787620, 0.0, 0.0, 90.0, 0.0, 8075.97998046875
0:01:09.902142, 0.0, 0.0, 90.0, 0.0, 8076.7021484375
0:01:09.990401, 0.0, 0.0, 90.0, 0.0, 8077.2548828125
0:01:10.082630, 0.0, 0.0, 90.0, 0.0, 8077.8330078125
0:01:10.178943, 0.0, 0.0, 90.0, 0.0, 8078.4423828125
0:01:10.305250, 0.0, 0.0, 90.0, 0.0, 8079.234375
0:01:10.391538, 0.0, 0.0, 90.0, 0.0, 8079.78076171875
0:01:10.506005, 0.0, 0.0, 90.0, 0.0, 8080.49658203125
0:01:10.586633, 0.0, 0.0, 90.0, 0.0, 8081.005859375
0:01:10.702136, 0.0, 0.0, 90.0, 0.0, 8081.734375
0:01:10.800630, 0.0, 0.0, 90.0, 0.0, 8082.35009765625
0:01:10.898426, 0.0, 0.0, 90.0, 0.0, 8082.9658203125
0:01:10.991076, 0.0, 0.0, 90.0, 0.0, 8083.5498046875
0:01:11.098972, 0.0, 0.0, 90.0, 0.0, 8084.22802734375
0:01:11.218305, 0.0, 0.0, 90.0, 0.0, 8084.97607421875
0:01:11.308492, 0.0, 0.0, 90.0, 0.0, 8085.5478515625
0:01:11.402527, 0.0, 0.0, 90.0, 0.0, 8086.13818359375
0:01:11.518088, 0.0, 0.0, 90.0, 0.0, 8086.8603515625
0:01:11.606332, 0.0, 0.0, 90.0, 0.0, 8087.419921875
0:01:11.712261, 0.0, 0.0, 90.0, 0.0, 8088.08544921875
0:01:11.825795, 0.0, 0.0, 90.0, 0.0, 8088.794921875
0:01:11.910997, 0.0, 0.0, 90.0, 0.0, 8089.3349609375
0:01:12.024607, 0.0, 0.0, 90.0, 0.0, 8090.04443359375
0:01:12.119648, 0.0, 0.0, 90.0, 0.0, 8090.6474609375
0:01:12.214456, 0.0, 0.0, 90.0, 0.0, 8091.23779296875
0:01:12.325959, 0.0, 0.0, 90.0, 0.0, 8091.94140625
0:01:12.412212, 0.0, 0.0, 90.0, 0.0, 8092.4814453125
0:01:12.522336, 0.0, 0.0, 90.0, 0.0, 8093.17822265625
0:01:12.619438, 0.0, 0.0, 90.0, 0.0, 8093.78759765625
0:01:12.709658, 0.0, 0.0, 90.0, 0.0, 8094.35302734375
0:01:12.822170, 0.0, 0.0, 90.0, 0.0, 8095.06298828125
0:01:12.930011, 0.0, 0.0, 90.0, 0.0, 8095.7412109375
0:01:13.032496, 0.0, 0.0, 90.0, 0.0, 8096.3818359375
0:01:13.118788, 0.0, 0.0, 90.0, 0.0, 8096.92822265625
0:01:13.212518, 0.0, 0.0, 90.0, 0.0, 8097.5185546875
0:01:13.309953, 0.0, 0.0, 90.0, 0.0, 8098.1279296875
0:01:13.423577, 0.0, 0.0, 90.0, 0.0, 8098.84423828125
0:01:13.522084, 0.0, 0.0, 90.0, 0.0, 8099.4599609375
0:01:13.613918, 0.0, 0.0, 90.0, 0.0, 8100.0380859375
0:01:13.738665, 0.0, 0.0, 90.0, 0.0, 8100.8232421875
0:01:13.822055, 0.0, 0.0, 90.0, 0.0, 8101.3505859375
0:01:13.916070, 0.0, 0.0, 90.0, 0.0, 8101.94091796875
0:01:14.023054, 0.0, 0.0, 90.0, 0.0, 8102.61328125
0:01:14.130903, 0.0, 0.0, 90.0, 0.0, 8103.29150390625
0:01:14.219151, 0.0, 0.0, 90.0, 0.0, 8103.84423828125
0:01:14.330034, 0.0, 0.0, 90.0, 0.0, 8104.54150390625
0:01:14.429230, 0.0, 0.0, 90.0, 0.0, 8105.1630859375
0:01:14.521955, 0.0, 0.0, 90.0, 0.0, 8105.7470703125
0:01:14.637635, 0.0, 0.0, 90.0, 0.0, 8106.4755859375
0:01:14.723928, 0.0, 0.0, 90.0, 0.0, 8107.015625
0:01:14.833860, 0.0, 0.0, 90.0, 0.0, 8107.70654296875
0:01:14.949354, 0.0, 0.0, 90.0, 0.0, 8108.435546875
0:01:15.033669, 0.0, 0.0, 90.0, 0.0, 8108.962890625
0:01:15.146156, 0.0, 0.0, 90.0, 0.0, 8109.6728515625
0:01:15.231455, 0.0, 0.0, 90.0, 0.0, 8110.20703125
0:01:15.359886, 0.0, 0.0, 90.0, 0.0, 8111.01708984375
0:01:15.446142, 0.0, 0.0, 90.0, 0.0, 8111.55712890625
0:01:15.560687, 0.0, 0.0, 90.0, 0.0, 8112.279296875
0:01:15.647666, 0.0, 0.0, 90.0, 0.0, 8112.826171875
0:01:15.762208, 0.0, 0.0, 90.0, 0.0, 8113.548828125
0:01:15.859592, 0.0, 0.0, 90.0, 0.0, 8114.158203125
0:01:15.946842, 0.0, 0.0, 90.0, 0.0, 8114.7109375
0:01:16.053806, 0.0, 0.0, 90.0, 0.0, 8115.38330078125
0:01:16.139733, 0.0, 0.0, 90.0, 0.0, 8115.92333984375
0:01:16.265671, 0.0, 0.0, 90.0, 0.0, 8116.71484375
0:01:16.361001, 0.0, 0.0, 90.0, 0.0, 8117.31201171875
0:01:16.460450, 0.0, 0.0, 90.0, 0.0, 8117.9404296875
0:01:16.545669, 0.0, 0.0, 90.0, 0.0, 8118.47412109375
0:01:16.665472, 0.0, 0.0, 90.0, 0.0, 8119.228515625
0:01:16.759699, 0.0, 0.0, 90.0, 0.0, 8119.8193359375
0:01:16.853693, 0.0, 0.0, 90.0, 0.0, 8120.40966796875
0:01:16.968172, 0.0, 0.0, 90.0, 0.0, 8121.1318359375
0:01:17.053642, 0.0, 0.0, 90.0, 0.0, 8121.66552734375
0:01:17.170133, 0.0, 0.0, 90.0, 0.0, 8122.400390625
0:01:17.254351, 0.0, 0.0, 90.0, 0.0, 8122.927734375
0:01:17.381692, 0.0, 0.0, 90.0, 0.0, 8123.73193359375
0:01:17.471008, 0.0, 0.0, 90.0, 0.0, 8124.291015625
0:01:17.582550, 0.0, 0.0, 90.0, 0.0, 8124.994140625
0:01:17.663171, 0.0, 0.0, 90.0, 0.0, 8125.49658203125
0:01:17.775689, 0.0, 0.0, 90.0, 0.0, 8126.20654296875
0:01:17.872122, 0.0, 0.0, 90.0, 0.0, 8126.81640625
0:01:17.971156, 0.0, 0.0, 90.0, 0.0, 8127.4384765625
0:01:18.064588, 0.0, 0.0, 90.0, 0.0, 8128.0224609375
0:01:18.174438, 0.0, 0.0, 90.0, 0.0, 8128.71337890625
0:01:18.289011, 0.0, 0.0, 90.0, 0.0, 8129.43603515625
0:01:18.376190, 0.0, 0.0, 90.0, 0.0, 8129.982421875
0:01:18.463092, 0.0, 0.0, 90.0, 0.0, 8130.52880859375
0:01:18.575722, 0.0, 0.0, 90.0, 0.0, 8131.23828125
0:01:18.672737, 0.0, 0.0, 90.0, 0.0, 8131.84765625
0:01:18.770249, 0.0, 0.0, 90.0, 0.0, 8132.46337890625
0:01:18.885869, 0.0, 0.0, 90.0, 0.0, 8133.185546875
0:01:18.998320, 0.0, 0.0, 90.0, 0.0, 8133.8955078125
0:01:19.085712, 0.0, 0.0, 90.0, 0.0, 8134.44189453125
0:01:19.181858, 0.0, 0.0, 90.0, 0.0, 8135.044921875
0:01:19.308306, 0.0, 0.0, 90.0, 0.0, 8135.84228515625
0:01:19.392548, 0.0, 0.0, 90.0, 0.0, 8136.3701171875
0:01:19.486922, 0.0, 0.0, 90.0, 0.0, 8136.96728515625
0:01:19.602401, 0.0, 0.0, 90.0, 0.0, 8137.69580078125
0:01:19.691752, 0.0, 0.0, 90.0, 0.0, 8138.2548828125
0:01:19.812705, 0.0, 0.0, 90.0, 0.0, 8139.0146484375
0:01:19.914920, 0.0, 0.0, 90.0, 0.0, 8139.6552734375
0:01:20.001088, 0.0, 0.0, 90.0, 0.0, 8140.20166015625
0:01:20.097496, 0.0, 0.0, 90.0, 0.0, 8140.8046875
0:01:20.209529, 0.0, 0.0, 90.0, 0.0, 8141.5078125
0:01:20.295514, 0.0, 0.0, 90.0, 0.0, 8142.04833984375
0:01:20.405043, 0.0, 0.0, 90.0, 0.0, 8142.7392578125
0:01:20.511901, 0.0, 0.0, 90.0, 0.0, 8143.4111328125
0:01:20.611357, 0.0, 0.0, 90.0, 0.0, 8144.03271484375
0:01:20.717176, 0.0, 0.0, 90.0, 0.0, 8144.69873046875
0:01:20.814248, 0.0, 0.0, 90.0, 0.0, 8145.314453125
0:01:20.913274, 0.0, 0.0, 90.0, 0.0, 8145.9365234375
0:01:21.011759, 0.0, 0.0, 90.0, 0.0, 8146.55224609375
0:01:21.100058, 0.0, 0.0, 90.0, 0.0, 8147.111328125
0:01:21.211608, 0.0, 0.0, 90.0, 0.0, 8147.80859375
0:01:21.324336, 0.0, 0.0, 90.0, 0.0, 8148.51806640625
0:01:21.436339, 0.0, 0.0, 90.0, 0.0, 8149.22119140625
0:01:21.518606, 0.0, 0.0, 90.0, 0.0, 8149.736328125
0:01:21.633155, 0.0, 0.0, 90.0, 0.0, 8150.45849609375
0:01:21.739035, 0.0, 0.0, 90.0, 0.0, 8151.12451171875
0:01:21.825285, 0.0, 0.0, 90.0, 0.0, 8151.6708984375
0:01:21.914596, 0.0, 0.0, 90.0, 0.0, 8152.22998046875
0:01:22.042030, 0.0, 0.0, 90.0, 0.0, 8153.02783203125
0:01:22.127356, 0.0, 0.0, 90.0, 0.0, 8153.56787109375
0:01:22.236893, 0.0, 0.0, 90.0, 0.0, 8154.25244140625
0:01:22.330042, 0.0, 0.0, 90.0, 0.0, 8154.84326171875
0:01:22.443651, 0.0, 0.0, 90.0, 0.0, 8155.55322265625
0:01:22.528905, 0.0, 0.0, 90.0, 0.0, 8156.09326171875
0:01:22.641443, 0.0, 0.0, 90.0, 0.0, 8156.79638671875
0:01:22.729870, 0.0, 0.0, 90.0, 0.0, 8157.35595703125
0:01:22.843422, 0.0, 0.0, 90.0, 0.0, 8158.07177734375
0:01:22.940259, 0.0, 0.0, 90.0, 0.0, 8158.6748046875
0:01:23.053925, 0.0, 0.0, 90.0, 0.0, 8159.390625
0:01:23.142235, 0.0, 0.0, 90.0, 0.0, 8159.94970703125
0:01:23.254782, 0.0, 0.0, 90.0, 0.0, 8160.65283203125
0:01:23.343088, 0.0, 0.0, 90.0, 0.0, 8161.2119140625
0:01:23.449959, 0.0, 0.0, 90.0, 0.0, 8161.88427734375
0:01:23.535381, 0.0, 0.0, 90.0, 0.0, 8162.41796875
0:01:23.652731, 0.0, 0.0, 90.0, 0.0, 8163.1591796875
0:01:23.750906, 0.0, 0.0, 90.0, 0.0, 8163.77490234375
0:01:23.833552, 0.0, 0.0, 90.0, 0.0, 8164.296875
0:01:23.952320, 0.0, 0.0, 90.0, 0.0, 8165.04443359375
0:01:24.037617, 0.0, 0.0, 90.0, 0.0, 8165.578125
0:01:24.145532, 0.0, 0.0, 90.0, 0.0, 8166.2568359375
0:01:24.257079, 0.0, 0.0, 90.0, 0.0, 8166.96044921875
0:01:24.353610, 0.0, 0.0, 90.0, 0.0, 8167.5634765625
0:01:24.470148, 0.0, 0.0, 90.0, 0.0, 8168.29833984375
0:01:24.556462, 0.0, 0.0, 90.0, 0.0, 8168.83837890625
0:01:24.653911, 0.0, 0.0, 90.0, 0.0, 8169.4541015625
0:01:24.762446, 0.0, 0.0, 90.0, 0.0, 8170.13232421875
0:01:24.845113, 0.0, 0.0, 90.0, 0.0, 8170.65380859375
0:01:24.959798, 0.0, 0.0, 90.0, 0.0, 8171.37646484375
0:01:25.072342, 0.0, 0.0, 90.0, 0.0, 8172.0859375
0:01:25.159642, 0.0, 0.0, 90.0, 0.0, 8172.63232421875
0:01:25.273138, 0.0, 0.0, 90.0, 0.0, 8173.34814453125
0:01:25.359430, 0.0, 0.0, 90.0, 0.0, 8173.88818359375
0:01:25.466480, 0.0, 0.0, 90.0, 0.0, 8174.56005859375
0:01:25.581951, 0.0, 0.0, 90.0, 0.0, 8175.28857421875
0:01:25.668162, 0.0, 0.0, 90.0, 0.0, 8175.82861328125
0:01:25.756427, 0.0, 0.0, 90.0, 0.0, 8176.38134765625
0:01:25.863296, 0.0, 0.0, 90.0, 0.0, 8177.0537109375
