0:00:40.884261: amp 90
0:00:43.608595: freq 0.95
0:00:47.272702: freq 0.4
0:00:49.883370: freq 0.25
0:00:51.551031: phb 6.2138832130867625
0:00:51.724501: phb 6.231171528792327
0:00:51.741079: phb 0
0:00:51.776822: phb 0.11142473968854011
0:00:51.780824: phb 0.16938286498178926
0:00:51.794361: phb 0.274971118597983
0:00:51.809351: phb 0.3428589886797372
0:00:51.825356: phb 0.3796017498685235
0:00:51.866359: phb 0.43136482594941317
0:00:51.876349: phb 0.4934403832776496
0:00:51.891355: phb 0.5203806507628423
0:00:51.908349: phb 0.5477196644378002
0:00:51.925354: phb 0.5646391376369476
0:00:51.941349: phb 0.6244978748145409
0:00:51.960351: phb 0.6638764768548053
0:00:51.975347: phb 0.7348317175424506
0:00:51.991349: phb 0.762063931475161
0:00:52.010351: phb 0.8194962244928145
0:00:52.024350: phb 0.8481531254830701
0:00:52.039349: phb 0.8924561544486315
0:00:52.060362: phb 0.9251950414021715
0:00:52.079518: phb 0.9544993568322687
0:00:52.100766: phb 1.0010412679184053
0:00:52.133764: phb 1.0584073839506618
0:00:52.145766: phb 1.1143176026333803
0:00:52.160764: phb 1.1534006883575518
0:00:52.177767: phb 1.193888273574823
0:00:52.196765: phb 1.2222589385368463
0:00:52.233767: phb 1.312494952148211
0:00:52.253777: phb 1.3338565852509086
0:00:52.260767: phb 1.377228864276469
0:00:52.277766: phb 1.4029474474139485
0:00:52.294934: phb 1.4246240915730608
0:00:52.311767: phb 1.4464419582497867
0:00:52.329764: phb 1.4904143007928683
0:00:52.344771: phb 1.5125296574521732
0:00:52.410779: phb 1.534702212099265
0:00:52.444766: phb 1.556908288486579
0:00:52.543289: phb 1.5789489366346794
0:00:52.616163: phb 1.6006799978101698
0:00:52.876650: phb 1.622380882184962
0:00:53.409326: phb 1.6006799978101698
0:00:53.458457: phb 1.5789489366346794
0:00:53.674797: phb 1.5574992148985023
0:00:53.712356: phb 1.5369563151328813
0:02:07.585924: phb 0.08184798737469559
0:02:07.824579: phb 0.052371187224666625
0:02:07.880576: phb 0.004166388642860566
0:02:07.895574: phb 6.235806735098985
0:02:07.912576: phb 6.198565864688328
0:02:07.933574: phb 6.1195665297038175
0:02:07.945579: phb 6.075441449604325
0:02:07.960575: phb 6.033506262206288
0:02:07.977576: phb 6.009608392657691
0:02:07.995588: phb 5.933977431020559
0:02:08.010577: phb 5.899743114223119
0:02:08.028577: phb 5.852621978716143
0:02:08.048575: phb 5.814671129058486
0:02:08.096572: phb 5.794226283264817
0:02:08.110575: phb 5.763330826275439
0:02:08.144576: phb 5.743733114773047
0:02:08.161576: phb 5.7196071351073
0:02:08.179575: phb 5.700005448975213
0:02:08.196584: phb 5.686985690127695
0:02:08.210582: phb 5.620569977324276
0:02:08.230580: phb 5.571247537169755
0:02:08.245582: phb 5.519809784421067
0:02:08.261577: phb 5.4652402449492525
0:02:08.277579: phb 5.407981317734029
0:02:08.294581: phb 5.327051562290125
0:02:08.315574: phb 5.274518619972441
0:02:08.327575: phb 5.191186433598885
0:02:08.346582: phb 5.143883642676867
0:02:08.362575: phb 5.070370767232689
0:02:08.377576: phb 5.06115989400946
0:02:08.402574: phb 5.028004501723286
0:02:08.415577: phb 4.995928222971102
0:02:08.425573: phb 4.946430253834002
0:02:08.442581: phb 4.891106741104386
0:02:08.497639: phb 4.8622012962134455
0:02:08.541636: phb 4.837517637931289
0:02:08.577210: phb 4.8102350082005385
0:02:08.598567: phb 4.785875846174696
0:02:08.613187: phb 4.761429020185948
0:02:08.627769: phb 4.736336534216694
0:02:08.659346: phb 4.6667065746368515
0:02:08.680730: phb 4.643924642265174
0:02:08.699105: phb 4.603531438538544
0:02:08.711612: phb 4.581985549538342
0:02:08.727264: phb 4.563760355315227
0:02:08.760904: phb 4.5429077226159125
0:02:09.092295: phb 4.563760355315227
0:02:09.109868: phb 4.584744486027041
0:02:09.144400: phb 4.605842238849724
0:02:09.165397: phb 4.627035134655874
0:02:09.178936: phb 4.669634370700268
0:02:09.241939: phb 4.691001596028318
0:02:09.277936: phb 4.712388857988065
0:02:09.309937: phb 4.73377612005977
0:02:09.392938: phb 4.75514334572306
0:02:52.284115: freq 0.4
0:02:55.579998: phb 0
0:02:55.805445: phb 0.016770435951216116
0:02:55.823778: phb 0.052013778387259096
0:02:55.842340: phb 0.0865521737617555
0:02:55.865497: phb 0.14035258755716185
0:02:55.891367: phb 0.1843632360699716
0:02:55.922827: phb 0.2139594405700242
0:02:55.941243: phb 0.22247756487242343
0:02:55.958243: phb 0.24683065519306685
0:02:55.974601: phb 0.27757641588010995
0:02:56.007693: phb 0.2896166737555125
0:02:56.024915: phb 0.35153003802140903
0:02:56.049967: phb 0.379495963673971
0:02:56.074663: phb 0.3963212996053123
0:02:56.090696: phb 0.4146169195653704
0:02:56.106587: phb 0.44622371098971125
0:02:56.121682: phb 0.4785522896694898
0:02:56.156789: phb 0.4998261091777356
0:02:56.171888: phb 0.5532205995719451
0:02:56.206971: phb 0.5863365585097686
0:02:56.222959: phb 0.6538423855774963
0:02:56.240964: phb 0.68809462576776
0:02:56.259060: phb 0.7225741908609687
0:02:56.273613: phb 0.7919077486815783
0:02:56.291612: phb 0.8449309169504098
0:02:56.306680: phb 0.9105414705104802
0:02:56.328690: phb 0.9439706551109233
0:02:56.341760: phb 0.9900405287237314
0:02:56.356098: phb 1.0097052055417215
0:02:56.373156: phb 1.1463449289013752
0:02:56.391152: phb 1.198398097315755
0:02:56.406155: phb 1.2357138366351206
0:02:56.423148: phb 1.3067601848447172
0:02:56.441147: phb 1.3505890296357832
0:02:56.456149: phb 1.377228864276469
0:02:56.473619: phb 1.3992065705963013
0:02:56.488687: phb 1.4213509083601727
0:02:56.513950: phb 1.4464419582497867
0:02:56.556253: phb 1.4683794626150641
0:02:56.588831: phb 1.5125296574521732
0:02:56.638829: phb 1.534702212099265
0:02:56.720325: phb 1.556908288486579
0:02:56.739642: phb 1.579130102973758
0:02:57.023264: phb 1.557210173811533
0:02:57.082953: phb 1.5354862308929103
0:02:57.105897: phb 1.513793589467745
0:03:14.070666: freq 0.45
0:03:14.287666: freq 0.55
0:03:14.307672: freq 0.6
0:03:14.339665: freq 0.7
0:03:14.354666: freq 0.75
0:03:14.372661: freq 0.8
0:03:14.389662: freq 0.85
0:03:14.407666: freq 0.9
0:03:14.421673: freq 0.95
0:03:14.439773: freq 1.05
0:03:14.456664: freq 1.1
0:03:14.472662: freq 1.15
0:03:14.488663: freq 1.2
0:03:14.505667: freq 1.25
0:03:14.523663: freq 1.3
0:03:14.537664: freq 1.35
0:03:14.556210: freq 1.4
0:03:14.572207: freq 1.45
0:03:14.605223: freq 1.5
0:03:14.621817: freq 1.55
0:03:14.638840: freq 1.65
0:03:14.671994: freq 1.75
0:03:14.688738: freq 1.8
0:03:14.706777: freq 1.85
0:03:14.738030: freq 1.9
0:03:14.755084: freq 1.95
0:03:14.772129: freq 2
0:03:18.306528: freq 1.95
0:03:18.454510: freq 1.85
0:03:18.488516: freq 1.8
0:03:18.521525: freq 1.75
0:03:18.544509: freq 1.7
0:03:18.572510: freq 1.65
0:03:18.589540: freq 1.6
0:03:18.605786: freq 1.55
0:03:18.621786: freq 1.5
0:03:18.638951: freq 1.45
0:03:18.672050: freq 1.35
0:03:18.689043: freq 1.25
0:03:18.706041: freq 1.15
0:03:18.723041: freq 1.1
0:03:18.739041: freq 1.05
0:03:18.756042: freq 0.95
0:03:18.772043: freq 0.85
0:03:18.788046: freq 0.75
0:03:18.805044: freq 0.7
0:03:18.823148: freq 0.65
0:03:18.837832: freq 0.6
0:03:18.855803: freq 0.55
0:03:18.872143: freq 0.5
0:03:18.906412: freq 0.45
0:03:20.738282: freq 0.4
0:03:20.755781: freq 0.35
0:03:20.803695: freq 0.3
0:03:20.839913: freq 0.25
0:03:20.905905: freq 0.2
0:03:21.005185: freq 0.15
0:03:21.055023: freq 0.1
0:03:21.138844: freq 0.05
0:03:21.205763: freq 0
0:03:21.621573: freq 0.05
0:03:22.072217: freq 0.1
0:03:22.122122: freq 0.15
0:03:24.763452: amp 89
0:03:26.147055: amp 90
0:03:26.288719: amp 86
0:03:26.324698: amp 85
0:03:26.340441: amp 84
0:03:26.357627: amp 82
0:03:26.382717: amp 79
0:03:26.389649: amp 78
0:03:26.407314: amp 76
0:03:26.423372: amp 73
0:03:26.440400: amp 72
0:03:26.457318: amp 70
0:03:26.472317: amp 68
0:03:26.489501: amp 65
0:03:26.505315: amp 64
0:03:26.521987: amp 61
0:03:26.540003: amp 59
0:03:26.554972: amp 56
0:03:26.571976: amp 55
0:03:26.588978: amp 53
0:03:26.605976: amp 51
0:03:26.621922: amp 49
0:03:26.639558: amp 47
0:03:26.662427: amp 46
0:03:26.671431: amp 45
0:03:26.689634: amp 43
0:03:26.723120: amp 42
0:03:26.738768: amp 41
0:03:26.755767: amp 40
0:03:26.771978: amp 39
0:03:26.789639: amp 38
0:03:26.854639: amp 37
0:03:26.987484: amp 36
0:03:27.006485: amp 35
0:03:27.039483: amp 34
0:03:27.056024: amp 33
0:03:27.071020: amp 31
0:03:27.089024: amp 29
0:03:27.107022: amp 28
0:03:27.123778: amp 26
0:03:27.143882: amp 24
0:03:27.154789: amp 23
0:03:27.171453: amp 22
0:03:27.188383: amp 21
0:03:27.203794: amp 20
0:03:27.221303: amp 19
0:03:27.238920: amp 18
0:03:27.255852: amp 17
0:03:27.288974: amp 16
0:03:27.330750: amp 15
0:03:32.483286: freq 0.05
0:03:32.591284: freq 0.15
0:03:32.623283: freq 0.2
0:03:32.671290: freq 0.25
0:03:32.706287: freq 0.3
0:03:32.756287: freq 0.35
0:03:32.822288: freq 0.4
0:03:32.889287: freq 0.45
