0:01:36.657048: freq 1
0:01:38.375817: amp 83
0:01:39.719460: freq 0
0:01:39.735078: amp 0
0:01:39.735078: off 90
0:01:39.735078: phb 0
0:13:54.359266: amp 3
0:13:54.359266: amp 4
0:13:54.390407: amp 5
0:13:54.406094: amp 6
0:13:54.421573: amp 7
0:13:54.437233: amp 8
0:13:54.468597: amp 9
0:13:54.484206: amp 10
0:13:54.515301: amp 11
0:13:54.515301: amp 12
0:13:54.562334: amp 13
0:13:54.577906: amp 14
0:13:54.593447: amp 15
0:13:54.609075: amp 16
0:13:54.624755: amp 17
0:13:54.656082: amp 18
0:13:54.671663: amp 19
0:13:54.718647: amp 20
0:13:54.734211: amp 21
0:13:54.765461: amp 22
0:13:54.812377: amp 23
0:13:54.859210: amp 24
0:13:54.921657: amp 25
0:13:54.984204: amp 26
0:13:55.140469: amp 27
0:13:55.718529: amp 28
0:13:55.937342: amp 29
0:13:56.062336: amp 30
0:13:56.187389: amp 31
0:13:56.640506: amp 32
0:13:56.765301: amp 33
0:13:56.921689: amp 34
0:13:57.187383: amp 35
0:13:57.500598: amp 36
0:13:57.844267: amp 37
0:15:23.133150: off 91
0:15:23.164334: off 95
0:15:23.164334: off 108
0:15:23.180017: off 117
0:15:23.211128: off 132
0:15:23.211128: off 138
0:15:23.226904: off 149
0:15:23.258153: off 154
0:15:23.273606: off 158
0:15:23.273606: off 163
0:15:23.304852: off 166
0:15:23.320487: off 169
0:15:23.336104: off 175
0:15:23.351910: off 180
0:15:29.774215: off 179
0:15:29.789899: off 177
0:15:29.805480: off 173
0:15:29.821209: off 167
0:15:29.836866: off 155
0:15:29.852486: off 149
0:15:29.867930: off 146
0:15:29.883664: off 143
0:15:29.930588: off 140
0:15:29.930588: off 138
0:15:29.946149: off 136
0:15:29.977411: off 133
0:15:29.977411: off 132
0:15:29.993116: off 129
0:15:30.024337: off 125
0:15:30.024337: off 124
0:15:30.055460: off 122
0:15:30.071179: off 119
0:15:30.102462: off 116
0:15:30.102462: off 115
0:15:30.118037: off 110
0:15:30.133670: off 108
0:15:30.149180: off 105
0:15:30.164975: off 104
0:15:30.180432: off 102
0:15:30.196788: off 101
0:15:30.227595: off 100
0:15:30.227595: off 99
0:15:30.243216: off 98
0:15:30.274627: off 97
0:15:30.290105: off 96
0:15:30.305882: off 95
0:15:30.321478: off 94
0:15:30.336969: off 93
0:15:30.368371: off 91
0:15:30.383997: off 90
0:15:30.415262: off 88
0:15:30.446361: off 87
0:15:30.477755: off 86
0:15:30.493381: off 85
0:15:30.993227: off 86
0:15:31.133996: off 87
0:15:31.227755: off 88
0:15:31.305748: off 89
0:15:31.415296: off 90
0:15:31.759006: off 91
0:15:32.102802: off 90
0:17:19.310742: amp 3
0:17:19.576370: amp 0
0:17:20.404411: amp 5
0:17:20.810706: amp 50
0:17:33.763854: freq 0
0:17:33.763854: amp 0
0:17:33.763854: off 90
0:17:33.763854: phb 0
0:17:59.498213: amp 1
0:17:59.529452: amp 2
0:17:59.529452: amp 3
0:17:59.545041: amp 4
0:17:59.576160: amp 5
0:17:59.654443: amp 6
0:17:59.685690: amp 7
0:17:59.701352: amp 8
0:17:59.732568: amp 9
0:17:59.779437: amp 10
0:17:59.779437: amp 11
0:17:59.826183: amp 12
0:17:59.873182: amp 13
0:17:59.904355: amp 14
0:17:59.920073: amp 16
0:17:59.935534: amp 17
0:17:59.951319: amp 18
0:17:59.966788: amp 20
0:17:59.982410: amp 24
0:17:59.998061: amp 27
0:18:00.029407: amp 30
0:18:00.029407: amp 31
0:18:00.060645: amp 32
0:18:00.107414: amp 33
0:18:00.138815: amp 35
0:18:00.154443: amp 37
0:18:00.170104: amp 38
0:18:00.185533: amp 39
0:18:00.201261: amp 40
0:18:00.232554: amp 41
0:18:00.232554: amp 42
0:18:00.248187: amp 45
0:18:00.279278: amp 47
0:18:00.279278: amp 50
0:18:00.529437: amp 49
0:18:00.591905: amp 48
0:18:00.670358: amp 47
0:18:00.764145: amp 46
0:18:00.889092: amp 45
0:18:00.935960: amp 44
0:18:00.982893: amp 43
0:18:01.232903: amp 44
0:18:01.529769: amp 45
0:18:01.701520: amp 46
0:18:01.920447: amp 47
0:18:02.107906: amp 48
0:18:03.451621: amp 49
0:18:04.358502: amp 50
0:20:04.880729: amp 51
0:20:04.943378: amp 48
0:20:04.943378: amp 47
0:20:04.958910: amp 46
0:20:04.990224: amp 45
0:20:05.005883: amp 44
0:20:05.021509: amp 43
0:20:05.068220: amp 42
0:20:05.177749: amp 41
0:20:05.349458: amp 40
0:20:05.802619: amp 39
0:20:05.990260: amp 38
0:20:06.209017: amp 37
0:20:06.521462: amp 36
0:20:06.787193: amp 35
0:20:07.099621: amp 34
0:20:07.411980: amp 33
0:20:07.802753: amp 32
0:20:09.068427: amp 33
0:20:09.146555: amp 34
0:20:09.208863: amp 35
0:20:09.240253: amp 36
0:20:09.286968: amp 37
0:20:09.318375: amp 38
0:20:09.333999: amp 39
0:20:09.365081: amp 40
0:20:09.396517: amp 41
0:20:09.427694: amp 42
0:20:09.458903: amp 43
0:20:09.474538: amp 44
0:20:09.490088: amp 45
0:20:09.537133: amp 46
0:20:09.568232: amp 47
0:20:09.584015: amp 48
0:20:09.646518: amp 49
0:20:09.709007: amp 50
0:20:09.865250: amp 51
0:20:10.380784: amp 50
0:20:19.693602: off 87
0:20:19.865579: off 81
0:20:19.865579: off 80
0:20:19.912455: off 79
0:20:19.912455: off 78
0:20:19.912455: off 77
0:20:19.943746: off 76
0:20:19.974854: off 75
0:20:19.990460: off 74
0:20:20.006266: off 73
0:20:20.021826: off 72
0:20:20.037519: off 71
0:20:20.052990: off 70
0:20:20.068570: off 69
0:20:20.084379: off 68
0:20:20.100005: off 67
0:20:20.115624: off 66
0:20:20.146735: off 64
0:20:20.178198: off 63
0:20:20.178198: off 61
0:20:20.209383: off 60
0:20:20.225020: off 59
0:20:20.240620: off 58
0:20:20.256101: off 57
0:20:20.271874: off 56
0:20:20.287446: off 55
0:20:20.318756: off 54
0:20:20.334381: off 53
0:20:20.349848: off 52
0:20:20.412449: off 51
0:20:20.459225: off 50
0:20:20.490625: off 49
0:20:20.537520: off 48
0:20:20.584371: off 47
0:20:20.646819: off 46
0:20:20.693709: off 45
0:20:20.740474: off 44
0:20:20.787498: off 43
0:20:20.849998: off 42
0:20:21.037509: off 41
0:29:09.788936: freq 0.55
0:29:10.542086: freq 0.6
0:29:10.590334: freq 0.65
0:29:10.668985: freq 0.7
0:29:10.715787: freq 0.75
0:29:10.763574: freq 0.8
0:29:10.842240: freq 0.85
0:29:11.187629: freq 0.9
0:29:11.878477: freq 0.95
0:29:12.396778: freq 0.9
0:29:12.569794: freq 0.85
0:29:12.648962: freq 0.8
0:29:12.749578: freq 0.75
0:29:12.836491: freq 0.7
0:29:12.915097: freq 0.65
0:29:12.993479: freq 0.6
0:29:13.040335: freq 0.55
0:29:13.119150: freq 0.5
0:29:13.166387: freq 0.45
0:29:13.244671: freq 0.4
0:29:13.355362: freq 0.35
0:29:13.810901: amp 56
0:29:14.030659: amp 53
0:29:14.062498: amp 52
0:29:14.078292: amp 51
0:29:14.093805: amp 50
0:29:14.109424: amp 49
0:29:14.125113: amp 48
0:29:14.152971: amp 47
0:29:14.172444: amp 46
0:29:14.187971: amp 45
0:29:14.219279: amp 44
0:29:14.234921: amp 42
0:29:14.266793: amp 41
0:29:14.282467: amp 40
0:29:14.298063: amp 39
0:29:14.313876: amp 38
0:29:14.345125: amp 37
0:29:14.376924: amp 36
0:29:14.408301: amp 35
0:29:14.423768: amp 34
0:29:14.471326: amp 33
0:29:14.502613: amp 32
0:29:14.518379: amp 31
0:29:14.549468: amp 30
0:29:14.581369: amp 29
0:29:14.614289: amp 28
0:29:14.628993: amp 27
0:29:14.660828: amp 26
0:29:14.676622: amp 25
0:29:14.707930: amp 24
0:29:14.770424: amp 23
0:29:14.801738: amp 22
0:29:14.832824: amp 21
0:29:14.880429: amp 20
0:29:14.927280: amp 19
0:29:28.713902: off 46
0:29:28.917791: off 52
0:29:28.933426: off 53
0:29:28.964638: off 54
0:29:28.980641: off 56
0:29:29.003054: off 57
0:29:29.012280: off 58
0:29:29.027938: off 59
0:29:29.043581: off 60
0:29:29.059174: off 62
0:29:29.074977: off 63
0:29:29.103335: off 65
0:29:29.106473: off 67
0:29:29.122121: off 68
0:29:29.137830: off 70
0:29:29.169130: off 71
0:29:29.184815: off 72
0:29:29.203578: off 73
0:29:29.216277: off 75
0:29:29.231950: off 77
0:29:29.247675: off 78
0:29:29.263226: off 79
0:29:29.278918: off 80
0:29:29.303646: off 81
0:29:29.310187: off 82
0:29:29.325855: off 83
0:29:29.357225: off 84
0:29:29.372843: off 85
0:29:29.404165: off 86
0:29:29.451205: off 87
0:29:29.482506: off 88
0:29:29.513783: off 89
0:29:29.529610: off 90
0:29:29.546276: off 91
0:29:29.561470: off 92
0:29:29.577241: off 93
0:29:29.592773: off 94
0:29:29.609000: off 95
0:29:29.624758: off 96
0:29:29.640405: off 98
0:29:29.655962: off 99
0:29:29.687175: off 100
0:29:29.702903: off 102
0:29:29.719137: off 103
0:29:29.734957: off 104
0:29:29.750591: off 106
0:29:29.766026: off 108
0:29:29.781869: off 109
0:29:29.797307: off 111
0:29:29.813613: off 112
0:29:29.829391: off 113
0:29:29.845064: off 115
0:29:29.860539: off 116
0:29:29.876163: off 117
0:29:29.891865: off 119
0:29:29.908028: off 120
0:29:29.939339: off 121
0:29:29.955106: off 122
0:29:29.970682: off 124
0:29:30.001915: off 125
0:29:30.017745: off 126
0:29:30.034716: off 128
0:29:30.064938: off 129
0:29:30.080644: off 130
0:29:30.096264: off 131
0:29:30.112100: off 132
0:29:30.127920: off 134
0:29:30.159083: off 135
0:29:30.190439: off 136
0:29:30.238029: off 137
0:29:30.253663: off 138
0:29:30.316431: off 139
0:29:30.363520: off 140
0:29:30.394772: off 141
0:29:30.410666: off 142
0:29:30.441947: off 143
0:29:30.457745: off 144
0:29:30.507152: off 145
0:29:30.567288: off 146
0:29:30.615210: off 147
0:29:30.662289: off 148
0:29:30.725117: off 149
0:29:31.071016: off 148
0:29:31.134306: off 147
0:29:31.165551: off 146
0:29:31.196608: off 145
0:29:31.243959: off 144
0:29:31.275231: off 143
0:29:31.322513: off 142
0:29:31.385073: off 141
0:29:31.448276: off 140
0:29:31.667933: off 139
0:29:31.872191: off 138
0:29:31.998772: off 137
0:29:32.061712: off 136
0:29:32.092965: off 135
0:29:32.124200: off 134
0:29:32.186809: off 133
0:29:32.202412: off 132
0:29:32.234002: off 130
0:29:32.249453: off 129
0:29:32.265187: off 128
0:29:32.280804: off 126
0:29:32.296476: off 125
0:29:32.328150: off 123
0:29:32.328150: off 122
0:29:32.343897: off 121
0:29:32.359511: off 120
0:29:32.390855: off 119
0:29:32.412924: off 118
0:29:32.438216: off 117
0:29:32.469438: off 116
0:29:32.485159: off 115
0:29:32.516669: off 114
0:29:32.548150: off 113
0:29:32.579289: off 112
0:29:32.626564: off 111
0:29:32.673661: off 110
0:29:32.713721: off 109
0:29:32.846446: off 108
0:29:33.129576: off 107
0:29:33.255257: off 106
0:29:36.647586: off 102
0:29:36.788626: off 96
0:29:36.819735: off 94
0:29:36.835784: off 93
0:29:36.851613: off 92
0:29:36.867168: off 91
0:29:36.898488: off 90
0:29:36.945930: off 89
0:29:36.980326: off 88
0:29:37.009369: off 87
0:29:37.056910: off 86
0:29:37.119213: off 85
0:29:37.150959: off 84
0:29:37.197773: off 83
0:29:37.229217: off 82
0:29:37.261728: off 81
0:29:37.276793: off 80
0:29:37.308064: off 79
0:29:37.328009: off 78
0:29:37.355411: off 77
0:29:37.386639: off 76
0:29:37.417916: off 75
0:29:37.449664: off 74
0:29:37.480811: off 73
0:29:37.528929: off 72
0:29:37.574959: off 71
0:29:37.606166: off 70
0:29:37.669178: off 69
0:29:37.716250: off 68
0:29:37.763600: off 67
0:29:37.829645: off 66
0:29:37.968011: off 65
0:29:38.061546: off 64
0:29:38.233935: off 63
0:29:38.595074: off 62
0:29:38.736495: off 61
0:29:38.846348: off 60
0:29:38.909069: off 59
0:29:39.459860: off 58
0:29:48.257568: amp 25
0:29:48.383570: amp 29
0:29:48.383570: amp 30
0:29:48.399185: amp 31
0:29:48.430454: amp 32
0:29:48.445972: amp 33
0:29:48.464667: amp 34
0:29:48.477823: amp 35
0:29:48.509286: amp 36
0:29:48.524901: amp 37
0:29:48.564766: amp 38
0:29:48.588065: amp 39
0:29:48.635052: amp 40
0:29:48.666600: amp 41
0:29:48.682258: amp 42
0:29:48.713694: amp 43
0:29:48.765758: amp 44
0:29:48.776403: amp 45
0:29:48.823491: amp 46
0:29:48.854685: amp 47
0:29:48.870986: amp 48
0:29:48.918089: amp 49
0:29:48.949262: amp 50
0:29:48.966960: amp 51
0:29:49.012072: amp 52
0:29:49.043328: amp 53
0:29:49.067342: amp 54
0:29:49.090723: amp 55
0:29:49.106305: amp 56
0:29:49.153043: amp 57
0:29:49.168947: amp 58
0:29:49.184790: amp 59
0:29:49.200414: amp 60
0:29:49.216044: amp 61
0:29:49.247102: amp 62
0:29:49.267972: amp 63
0:29:49.279077: amp 64
0:29:49.294771: amp 65
0:29:49.310435: amp 68
0:29:49.326083: amp 70
0:29:49.341706: amp 71
0:29:49.368413: amp 72
0:29:49.373515: amp 73
0:29:49.389248: amp 74
0:29:49.420598: amp 75
0:29:49.451860: amp 76
0:29:49.468605: amp 78
0:29:49.483318: amp 80
0:29:49.498980: amp 81
0:29:49.514770: amp 82
0:29:49.530223: amp 83
0:29:49.545852: amp 84
0:29:49.577326: amp 85
0:29:49.608624: amp 86
0:29:49.624405: amp 87
0:29:49.671464: amp 88
0:29:49.702756: amp 89
0:29:49.734187: amp 90
0:29:54.159951: amp 89
0:29:54.159951: amp 88
0:29:54.159951: amp 87
0:29:54.159951: amp 86
0:29:54.159951: amp 85
0:29:54.159951: amp 84
0:29:54.159951: amp 83
0:29:54.159951: amp 82
0:29:54.159951: amp 81
0:29:54.159951: amp 80
0:29:54.159951: amp 79
0:29:54.159951: amp 77
0:29:54.159951: amp 76
0:29:54.159951: amp 75
0:29:54.159951: amp 73
0:29:54.159951: amp 72
0:29:54.159951: amp 69
0:29:54.159951: amp 67
0:29:54.159951: amp 66
0:29:54.159951: amp 63
0:29:54.159951: amp 62
0:29:54.159951: amp 61
0:29:54.175633: amp 60
0:29:54.693768: amp 61
0:29:55.717018: off 59
0:29:55.826908: off 65
0:29:55.826908: off 67
0:29:55.842361: off 69
0:29:55.857959: off 71
0:29:55.889270: off 78
0:29:55.889270: off 83
0:29:55.920669: off 87
0:29:55.936322: off 92
0:29:55.951905: off 95
0:29:55.967596: off 99
0:29:55.983236: off 102
0:29:55.999389: off 104
0:29:56.015195: off 106
0:29:56.030770: off 108
0:29:56.046430: off 109
0:29:56.062089: off 110
0:29:56.077730: off 111
0:29:56.093899: off 112
0:29:56.109760: off 113
0:29:56.140843: off 114
0:29:56.189320: off 115
0:29:56.203949: off 116
0:29:56.219617: off 117
0:29:56.250937: off 118
0:29:56.289437: off 119
0:29:56.298168: off 120
0:29:56.329641: off 121
0:29:56.360900: off 122
0:29:56.392488: off 123
0:29:56.408250: off 124
0:29:56.423791: off 125
0:29:56.470800: off 126
0:29:56.684638: off 125
0:29:56.722190: off 124
0:29:56.910400: off 123
0:30:00.157693: freq 0.4
0:30:00.236326: freq 0.45
0:30:00.251980: freq 0.5
0:30:00.269611: freq 0.55
0:30:00.303708: freq 0.6
0:30:00.314916: freq 0.65
0:30:00.336239: freq 0.7
0:30:00.354883: freq 0.75
0:30:00.378646: freq 0.8
0:30:00.410116: freq 0.85
0:30:00.425860: freq 0.9
0:30:00.600625: freq 0.95
0:30:01.241419: freq 0.9
0:30:01.273325: freq 0.85
0:30:01.286837: freq 0.8
0:30:01.339623: freq 0.75
0:30:01.368821: freq 0.7
0:30:01.417179: freq 0.65
0:30:01.448956: freq 0.6
0:30:01.467250: freq 0.55
0:30:01.539928: freq 0.5
0:30:03.378290: amp 58
0:30:03.420842: amp 57
0:30:03.436516: amp 56
0:30:03.452198: amp 55
0:30:03.483997: amp 54
0:30:03.500025: amp 53
0:30:03.537943: amp 52
0:30:03.568003: amp 51
0:30:03.601252: amp 50
0:30:03.648185: amp 49
0:30:03.730295: amp 48
0:30:04.284373: off 132
0:30:04.347902: off 125
0:30:04.363423: off 122
0:30:04.379037: off 120
0:30:04.394670: off 117
0:30:04.410292: off 116
0:30:04.432381: off 115
0:30:04.442017: off 114
0:30:04.457661: off 113
0:30:04.489014: off 112
0:30:04.504576: off 111
0:30:04.536135: off 110
0:30:04.551982: off 109
0:30:04.567610: off 108
0:30:04.598858: off 107
0:30:04.614438: off 106
0:30:04.646308: off 105
0:30:04.662086: off 104
0:30:04.677775: off 102
0:30:04.709044: off 100
0:30:04.733159: off 99
0:30:04.740768: off 97
0:30:04.756546: off 94
0:30:04.772045: off 91
0:30:04.803430: off 89
0:30:04.819093: off 86
0:30:04.850796: off 82
0:30:04.850796: off 80
0:30:04.866245: off 79
0:30:04.882046: off 74
0:30:04.897665: off 72
0:30:04.913103: off 70
0:30:04.933933: off 67
0:30:04.945062: off 66
0:30:04.960884: off 63
0:30:04.976549: off 61
0:30:04.991954: off 59
0:30:05.039182: off 58
0:30:05.086099: off 57
0:30:05.234796: off 56
0:30:05.495164: off 57
0:30:05.542296: off 58
0:30:05.604828: off 59
0:30:05.667389: off 60
0:30:05.736501: off 61
0:30:05.808426: off 62
0:30:15.273030: freq 0
0:30:15.273030: amp 0
0:30:15.273030: off 90
0:30:15.273030: phb 0
0:30:15.587444: freq 0
0:30:15.587444: amp 0
0:30:15.587444: off 90
0:30:15.587444: phb 0
0:32:20.319184: freq 0.05
0:32:20.397496: freq 0.1
0:32:20.429161: freq 0.15
0:32:20.522833: freq 0.2
0:32:20.569758: freq 0.25
0:32:20.648443: freq 0.3
0:32:20.712755: freq 0.35
0:32:20.805709: freq 0.4
0:32:20.868759: freq 0.45
0:32:20.932926: freq 0.5
0:32:20.979325: freq 0.55
0:32:21.042413: freq 0.6
0:32:21.120890: freq 0.65
0:32:21.168451: freq 0.7
0:32:21.199877: freq 0.75
0:32:21.231445: freq 0.75
0:32:21.262832: freq 0.8
0:32:21.314926: freq 0.85
0:32:21.419707: freq 0.9
0:32:21.718292: freq 0.85
0:32:21.816791: freq 0.8
0:32:21.891067: freq 0.75
0:32:21.985171: freq 0.7
0:32:22.032520: freq 0.65
0:32:22.096065: freq 0.6
0:32:22.161121: freq 0.55
0:32:22.222326: freq 0.5
0:32:22.302945: freq 0.45
0:32:22.366021: freq 0.4
0:32:22.429463: freq 0.35
0:32:22.460932: freq 0.3
0:32:22.517891: freq 0.25
0:32:22.587436: freq 0.2
0:32:22.666471: freq 0.15
0:32:22.745151: freq 0.1
0:32:32.485427: freq 0.15
0:32:32.546519: freq 0.2
0:32:32.669707: freq 0.25
0:32:32.740416: freq 0.3
0:32:32.805335: freq 0.35
0:32:32.855565: freq 0.4
0:32:32.885538: freq 0.45
0:32:32.955240: freq 0.5
0:32:33.070019: freq 0.55
0:33:55.596964: freq 0.6
0:33:55.675324: freq 0.55
0:33:55.847734: freq 0.5
0:33:56.036440: freq 0.45
0:33:56.303739: freq 0.4
0:33:56.538767: freq 0.35
0:33:56.884513: freq 0.4
0:33:57.009971: freq 0.45
0:33:57.136106: freq 0.5
0:33:57.355916: freq 0.55
0:33:58.266213: freq 0.5
0:34:06.354419: amp 2
0:34:06.573508: amp 6
0:34:06.589249: amp 7
0:34:06.604883: amp 9
0:34:06.620691: amp 11
0:34:06.636319: amp 12
0:34:06.651944: amp 14
0:34:06.667423: amp 15
0:34:06.685710: amp 17
0:34:06.698903: amp 18
0:34:06.714739: amp 20
0:34:06.730182: amp 21
0:34:06.745826: amp 22
0:34:06.761428: amp 23
0:34:06.793332: amp 25
0:34:06.809100: amp 27
0:34:06.856205: amp 28
0:34:06.871510: amp 29
0:34:06.886700: amp 30
0:34:06.917958: amp 31
0:34:06.949389: amp 33
0:34:06.964996: amp 34
0:34:06.987146: amp 36
0:34:07.011993: amp 37
0:34:07.043424: amp 38
0:34:07.074620: amp 39
0:34:07.106104: amp 40
0:34:07.121756: amp 41
0:34:07.137537: amp 42
0:34:07.168753: amp 43
0:34:07.187415: amp 44
0:34:07.216259: amp 45
0:34:07.231897: amp 46
0:34:07.247685: amp 47
0:34:07.263316: amp 50
0:34:07.287637: amp 52
0:34:07.294841: amp 54
0:34:07.310518: amp 55
0:34:10.781032: freq 0.45
0:34:11.520740: freq 0.4
0:34:11.850526: freq 0.35
