0:20:47.747455: amp 42
0:21:06.781705: freq 0.6
0:21:06.865399: freq 0.65
0:21:06.935652: freq 0.7
0:21:07.147627: freq 0.75
0:21:07.240742: freq 0.8
0:21:07.343238: freq 0.85
0:21:07.536983: freq 0.9
0:21:07.564054: freq 0.95
0:21:07.849860: freq 0.9
0:21:07.897901: freq 0.85
0:21:08.070971: freq 0.8
0:21:08.071570: freq 0.75
0:21:08.071951: freq 0.7
0:21:08.097549: freq 0.65
0:21:08.330999: freq 0.6
0:21:08.591303: freq 0.55
0:21:08.864008: freq 0.5
0:21:14.192908: freq 0.85
0:21:21.612509: freq 0.9
0:21:21.895256: freq 0.95
0:21:27.866493: amp 43
0:21:27.992898: amp 44
0:21:28.373189: amp 45
0:21:28.475564: amp 46
0:21:28.625265: amp 47
0:21:28.677060: amp 48
0:21:28.677384: amp 49
0:21:28.709292: amp 50
0:21:28.725883: amp 51
0:21:28.779675: amp 52
0:21:28.792668: amp 53
0:21:28.808589: amp 54
0:21:28.842954: amp 55
0:21:28.880648: amp 56
0:21:28.892681: amp 57
0:21:28.926487: amp 58
0:21:28.961614: amp 59
0:21:28.982417: amp 60
0:21:29.009744: amp 61
0:21:29.026184: amp 62
0:21:29.060005: amp 63
0:21:29.093218: amp 64
0:21:29.125361: amp 65
0:21:29.161171: amp 66
0:21:29.184709: amp 67
0:21:29.211198: amp 68
0:21:29.242533: amp 69
0:21:29.286097: amp 70
0:21:29.309260: amp 71
0:21:29.343354: amp 72
0:21:29.387019: amp 73
0:21:29.426612: amp 74
0:21:29.509074: amp 73
0:21:29.525624: amp 72
0:21:29.559557: amp 71
0:21:29.590082: amp 70
0:21:29.609706: amp 69
0:21:29.625897: amp 67
0:21:29.643191: amp 66
0:21:29.659192: amp 65
0:21:29.690540: amp 64
0:21:29.725290: amp 63
0:21:29.792112: amp 62
0:21:30.224766: amp 63
0:21:30.258187: amp 64
0:21:30.307071: amp 65
0:21:30.458979: amp 66
0:21:30.705441: amp 67
0:21:30.912839: amp 68
0:21:31.012691: amp 69
0:21:31.142580: amp 70
0:21:31.276106: amp 71
0:21:31.475184: amp 72
0:21:53.061366: amp 71
0:21:53.061746: amp 68
0:21:53.061985: amp 67
0:21:53.062194: amp 65
0:21:53.089407: amp 64
0:21:53.089698: amp 63
0:21:53.103282: amp 62
0:21:53.121013: amp 61
0:21:53.138250: amp 60
0:21:53.153369: amp 59
0:21:53.321885: amp 58
0:21:53.322226: amp 57
0:21:53.322488: amp 56
0:21:53.322727: amp 55
0:21:53.322960: amp 54
0:21:53.323229: amp 52
0:21:53.323773: amp 51
0:21:53.324080: amp 50
0:21:53.324319: amp 49
0:21:53.376524: amp 48
0:21:53.377620: amp 47
0:21:53.377926: amp 46
0:21:53.385775: amp 45
0:21:53.403363: amp 44
0:21:53.583349: amp 43
0:21:53.583640: amp 42
0:21:53.583843: amp 41
0:21:53.675299: amp 40
0:21:53.675668: amp 39
0:21:53.675886: amp 38
0:21:53.855827: amp 37
0:21:53.856394: amp 36
0:21:53.856663: amp 35
0:21:53.957838: amp 34
0:21:54.114324: amp 33
0:21:54.114594: amp 32
0:21:54.669353: amp 33
0:22:01.072070: phb 6.171980502780423
0:22:01.427596: phb 6.187763126222597
0:22:01.433555: phb 6.2353653620079905
0:22:01.451627: phb 6.251292325679737
0:22:01.471588: phb 0.015951276868835493
0:22:01.484253: phb 0.06372266853644787
0:22:01.500906: phb 0.07959173455299241
0:22:01.520660: phb 0.1533758086157261
0:22:01.535269: phb 0.198324948555599
0:22:01.552666: phb 0.22785714604248425
0:22:01.573535: phb 0.2569904454358577
0:22:01.585107: phb 0.3139042890831464
0:22:01.601368: phb 0.34161521143301893
0:22:01.617111: phb 0.3687919910699662
0:22:01.775673: phb 0.4085015968412841
0:22:01.877432: phb 0.43424448960628337
0:22:01.878405: phb 0.4593871681714181
0:22:01.879078: phb 0.4959555748610265
0:22:01.879823: phb 0.5244577885944968
0:22:01.881388: phb 0.5469702552431919
0:22:01.882307: phb 0.5796127391946457
0:22:01.882626: phb 0.6109178088815038
0:22:01.882876: phb 0.6310555175392033
0:22:01.883179: phb 0.6601862569657959
0:22:01.883535: phb 0.6970736699492478
0:22:01.883782: phb 0.7233256534569069
0:22:01.884003: phb 0.7401778785592462
0:22:01.981363: phb 0.7565268282377203
0:22:01.993968: phb 0.7952897167242302
0:22:06.152952: phb 0.060819746402972635
0:22:07.529536: phb 0.07714086890233861
0:22:07.530045: phb 0.10779362890527869
0:22:07.530401: phb 0.12495832451482543
0:22:07.530761: phb 0.17370465887842895
0:22:07.531132: phb 0.23486611291689047
0:22:07.531498: phb 0.30341284750240083
0:22:07.531976: phb 0.36780473524597074
0:22:07.533397: phb 0.4311916628749002
0:22:07.533892: phb 0.5139057728915666
0:22:07.534258: phb 0.5821776684931818
0:22:07.534922: phb 0.6282422913225585
0:22:07.550105: phb 0.7068654619857729
0:22:07.573731: phb 0.7284066027443662
0:22:07.583979: phb 0.7787028797991137
0:22:07.598598: phb 0.8342376471025834
0:22:07.616843: phb 0.8774708489666708
0:22:07.789254: phb 0.9084893627860442
0:22:07.789901: phb 0.9825960584258536
0:22:07.790373: phb 1.0069605966068889
0:22:07.790937: phb 1.0532115943712963
0:22:10.977521: phb 1.080589647126456
0:22:11.455427: phb 1.1109437427815263
0:22:11.456095: phb 1.1662428659667488
0:22:11.456540: phb 1.248770306312074
0:22:11.456810: phb 1.3580714518753527
0:22:11.457014: phb 1.4292847928568273
0:22:11.457207: phb 1.5166209478087005
0:22:11.457377: phb 1.5753918566922678
0:22:11.467949: phb 1.60479011794822
0:22:11.481255: phb 1.6795081987618687
0:22:11.500123: phb 1.723516100574426
0:22:11.524149: phb 1.7669361550560614
0:22:11.532929: phb 1.795482039942665
0:22:11.551052: phb 1.8273270045302636
0:22:11.662359: phb 1.8554633402615062
0:22:11.662826: phb 1.9014629148534967
0:22:11.663189: phb 1.9287238663843067
0:22:11.663575: phb 1.960862361701212
0:22:11.663900: phb 1.9931555200108084
0:22:11.664193: phb 2.0192511578177945
0:22:11.666987: phb 2.057930286068846
0:22:11.684401: phb 2.0975530584725206
0:22:11.699793: phb 2.14607256954313
0:22:11.736570: phb 2.200074153103228
0:22:11.736992: phb 2.2421562492912805
0:22:11.748459: phb 2.3267710470037852
0:22:11.765389: phb 2.3702585282480038
0:22:11.870054: phb 2.453590191874286
0:22:11.870683: phb 2.494969192088237
0:22:11.871757: phb 2.5358746002722747
0:22:11.872395: phb 2.5838456410357256
0:22:11.872794: phb 2.6106710361918215
0:22:11.882776: phb 2.6421047974661716
0:22:11.900511: phb 2.667171495482505
0:22:11.916396: phb 2.6799524739171416
0:22:11.933162: phb 2.712068727239183
0:22:11.950381: phb 2.7309676882923144
0:22:11.965765: phb 2.7627374900509323
0:22:12.140174: phb 2.7760223516181965
0:22:12.140802: phb 2.799098321627885
0:22:12.141313: phb 2.8433507737910695
0:22:12.141840: phb 2.8839536057565294
0:22:12.142353: phb 2.8976909575502034
0:22:12.144925: phb 2.9284680482364474
0:22:12.145247: phb 2.9701630141230444
0:22:12.145641: phb 2.9842041285077405
0:22:12.145932: phb 2.9983068016827703
0:22:12.148119: phb 3.0266822540625453
0:22:12.166287: phb 3.0409415953130723
0:22:12.181581: phb 3.0552434327290245
0:22:12.216586: phb 3.0839465026041997
0:22:12.380412: phb 3.0983374134342614
0:22:12.380916: phb 3.127165801809843
0:22:12.381260: phb 3.141592653589793
0:22:12.381612: phb 3.156019505369743
0:22:12.381915: phb 3.170439034439886
0:22:12.415914: phb 3.2136045393289914
0:22:12.443768: phb 3.2279418744505617
0:22:12.483007: phb 3.242243711866515
0:22:12.694043: phb 3.256503053117041
0:22:12.694505: phb 3.284878505496817
0:22:12.694842: phb 3.2967787144884415
0:22:12.699264: phb 3.3106306129718126
0:22:12.765912: phb 3.3381328712598504
0:22:12.799904: phb 3.3517751572250862
0:22:12.849518: phb 3.3653384998257367
0:22:12.970046: phb 3.3788174066355303
0:22:12.970436: phb 3.405511901445685
0:22:12.982374: phb 3.415023636237974
0:22:13.204254: phb 3.449538030796513
0:22:13.204760: phb 3.4702328653048315
0:22:13.205113: phb 3.4824001282874923
0:22:13.234117: phb 3.5064223941835935
0:22:13.265810: phb 3.518271086509636
0:22:13.458441: phb 3.5531525668702897
0:22:13.458882: phb 3.575837168020837
0:22:13.459243: phb 3.5870036656254385
0:22:13.459599: phb 3.608984463454135
0:22:13.515758: phb 3.630487260324511
0:22:13.561426: phb 3.6410589848709187
0:22:13.601523: phb 3.6618396175079435
0:22:13.616352: phb 3.682137036045993
0:22:13.657848: phb 3.6921050950709127
0:22:13.716303: phb 3.711679122722407
0:22:13.766625: phb 3.7307748411282127
0:22:13.816447: phb 3.7493944667584103
0:22:13.900384: phb 3.7675439723168407
0:22:13.932884: phb 3.7852302298377953
0:22:13.965135: phb 3.8109040400408096
0:22:14.000165: phb 3.819237407438326
0:22:14.015792: phb 3.842336869135629
0:22:19.240244: phb 5.157111643741804
0:22:25.907241: amp 32
0:22:25.977563: amp 31
0:22:26.175367: amp 30
0:22:26.384327: amp 29
0:22:26.694808: amp 28
0:22:27.177462: amp 27
0:22:27.431759: amp 26
0:22:29.244217: amp 25
0:22:30.213865: amp 26
0:22:33.811159: off 88
0:22:33.926842: off 87
0:22:34.061163: off 86
0:22:35.560415: off 87
0:22:36.242838: off 88
0:22:43.857986: amp 28
0:22:43.874085: amp 31
0:22:43.891768: amp 33
0:22:43.907427: amp 34
0:22:43.923197: amp 35
0:22:43.941675: amp 37
0:22:43.974021: amp 39
0:22:43.991046: amp 41
0:22:44.007974: amp 42
0:22:44.023870: amp 44
0:22:44.041408: amp 46
0:22:44.058504: amp 47
0:22:44.074454: amp 49
0:22:44.110419: amp 50
0:22:44.141822: amp 51
0:22:44.172991: amp 52
0:22:44.208964: amp 53
0:22:44.240716: amp 54
0:22:44.273238: amp 55
0:22:44.290329: amp 56
0:22:44.324117: amp 57
0:22:44.390687: amp 58
0:22:44.439757: amp 59
0:22:44.474571: amp 60
0:22:44.491765: amp 61
0:22:44.520059: amp 62
0:22:44.524310: amp 63
0:22:44.541124: amp 64
0:22:44.557493: amp 65
0:22:44.591383: amp 66
0:22:44.624812: amp 67
0:22:44.640502: amp 68
0:22:44.674720: amp 70
0:22:44.691807: amp 71
0:22:44.724613: amp 72
0:22:44.757949: amp 73
0:22:44.791952: amp 74
0:22:44.816269: amp 75
0:22:44.823955: amp 76
0:22:44.855637: amp 77
0:22:44.874878: amp 78
0:22:44.925632: amp 79
0:22:44.925887: amp 80
0:22:44.958563: amp 81
0:22:45.018757: amp 82
0:22:45.023180: amp 83
0:22:45.041460: amp 84
0:22:45.057912: amp 85
0:22:45.073727: amp 86
0:22:45.108240: amp 87
0:22:45.142040: amp 88
0:22:45.157273: amp 89
0:22:45.191607: amp 90
0:22:57.838132: amp 71
0:22:58.345653: amp 70
0:22:58.371546: amp 69
0:22:58.588954: amp 68
0:22:58.589219: amp 67
0:22:58.638524: amp 66
0:22:58.671497: amp 65
0:22:58.733890: amp 64
0:22:58.739562: amp 63
0:22:58.754442: amp 62
0:22:58.770787: amp 61
0:22:58.804850: amp 60
0:22:58.838551: amp 59
0:22:58.854269: amp 58
0:22:58.872772: amp 57
0:22:58.902950: amp 55
0:22:58.938145: amp 54
0:22:58.954010: amp 52
0:22:58.971346: amp 51
0:22:58.988279: amp 49
0:22:59.004378: amp 47
0:22:59.039118: amp 44
0:22:59.054528: amp 41
0:22:59.071006: amp 38
0:22:59.167822: amp 35
0:22:59.168157: amp 32
0:22:59.168351: amp 29
0:22:59.168546: amp 25
0:22:59.168694: amp 21
0:22:59.170665: amp 17
0:22:59.186308: amp 13
0:22:59.204864: amp 8
0:22:59.236757: amp 4
0:22:59.238694: amp 1
0:22:59.253005: amp 0
0:23:14.238643: amp 11
0:23:14.617108: amp 12
0:23:14.669700: amp 13
0:23:14.683720: amp 14
0:23:14.783608: amp 15
0:23:14.902629: amp 16
0:23:14.983440: amp 17
0:23:15.034332: amp 18
0:23:15.174842: amp 19
0:23:15.317418: amp 20
0:23:15.400129: amp 21
0:23:15.481249: amp 22
0:23:15.535073: amp 23
0:23:15.600307: amp 24
0:23:15.717253: amp 25
0:23:15.850408: amp 26
0:23:16.701710: amp 27
0:23:16.932806: amp 28
0:23:17.849984: amp 27
0:23:18.015130: amp 26
0:23:18.699273: amp 27
0:27:42.607563: amp 28
0:27:42.607805: amp 31
0:27:42.608000: amp 32
0:27:42.608169: amp 34
0:27:42.608323: amp 35
0:27:42.608490: amp 36
0:27:42.653976: amp 37
0:27:42.670014: amp 38
0:27:42.705003: amp 40
0:27:42.865333: amp 41
0:27:42.865759: amp 42
0:27:42.866012: amp 43
0:27:42.866230: amp 44
0:27:42.866429: amp 45
0:27:42.866630: amp 47
0:27:42.870251: amp 50
0:27:42.891978: amp 52
0:27:42.903278: amp 55
0:27:42.919822: amp 56
0:27:42.936413: amp 57
0:27:42.953961: amp 58
0:27:43.144220: amp 59
0:27:43.144529: amp 61
0:27:43.144774: amp 63
0:27:43.144976: amp 64
0:27:43.145173: amp 66
0:27:43.145368: amp 68
0:27:43.145562: amp 71
0:27:43.153690: amp 72
0:27:43.169618: amp 73
0:27:43.204265: amp 74
0:27:43.204527: amp 75
0:27:43.237531: amp 76
0:27:43.377366: amp 77
0:27:43.377689: amp 78
0:27:43.377919: amp 79
0:27:43.378130: amp 80
0:27:43.378311: amp 81
0:27:43.397948: amp 82
0:27:43.403493: amp 84
0:27:43.419390: amp 85
0:27:43.437120: amp 86
0:27:43.453676: amp 87
0:27:43.469848: amp 89
0:27:43.621383: amp 90
0:30:37.793084: amp 49
0:30:57.834970: freq 1.1
0:31:01.394580: freq 1.35
0:31:07.797789: freq 0.9
0:31:16.038159: off 42
0:34:31.503385: off 180
0:35:03.669135: amp 89
0:36:52.010326: off 91
0:36:59.813304: amp 46
0:37:16.149929: amp 77
0:37:17.575082: off 159
0:38:13.123222: phb 5.1861702969970755
0:38:13.450525: phb 5.171396279850155
0:38:13.467092: phb 5.103623919368628
0:38:13.494033: phb 4.997192855504296
0:38:13.501009: phb 4.82718427470866
0:38:13.518382: phb 4.740982410113094
0:38:13.535533: phb 4.607566297149321
0:38:13.551732: phb 4.504142469340424
0:38:13.567899: phb 4.444207720084478
0:38:13.594690: phb 4.390931593109296
0:38:13.599914: phb 4.2887359644538305
0:38:13.618625: phb 4.214728217417528
0:38:13.634597: phb 4.18643716234319
0:38:13.651374: phb 4.10450631102385
0:38:13.666890: phb 4.075390016276639
0:38:13.687456: phb 4.029518568377558
0:38:13.701016: phb 4.003535212106415
0:38:13.717402: phb 3.9868314024935643
0:38:13.734903: phb 3.9626727438043616
0:38:13.766183: phb 3.947147510438845
0:38:13.920102: phb 3.9712871938394696
0:38:13.933839: phb 3.989759338998306
0:38:13.952462: phb 4.040481416456981
0:38:13.968336: phb 4.070825634506858
0:38:13.991635: phb 4.094955765579941
0:38:14.001871: phb 4.132361097107004
0:38:14.017676: phb 4.148474529356565
0:38:14.034010: phb 4.223627579418192
0:38:14.051450: phb 4.281062456658582
0:38:14.066641: phb 4.36892471980451
0:38:14.101786: phb 4.604393165496199
0:38:14.102163: phb 4.685051446525747
0:38:14.117787: phb 4.903098400980204
0:38:14.132191: phb 5.128726824978033
0:38:14.149343: phb 5.319249101906666
0:38:14.168424: phb 5.381662904703888
0:38:14.203934: phb 5.524277048462769
0:38:14.204359: phb 5.570124066229233
0:38:14.217957: phb 5.627329553387912
0:38:14.233423: phb 5.708445472117715
0:38:14.250810: phb 5.74635024898338
0:38:14.267433: phb 5.782497503388145
0:38:14.283315: phb 5.791561131288575
0:38:14.301644: phb 5.858784279998926
0:38:14.317052: phb 5.880776806625835
0:38:14.333723: phb 5.926585726507601
0:38:14.350559: phb 5.965211086675706
0:38:14.366194: phb 5.991830169031848
0:38:14.384128: phb 6.048319194262695
0:38:14.406170: phb 6.066804061200879
0:38:14.434557: phb 6.087802848732781
0:38:14.449958: phb 6.105146921905492
0:38:14.467684: phb 6.124388532837315
0:38:14.483274: phb 6.1720500863240515
0:38:14.507734: phb 6.188473317144799
0:38:14.534667: phb 6.228954806657028
0:38:14.551751: phb 6.242495294568975
0:38:14.583292: phb 6.269614898116047
0:38:14.618044: phb 0
0:38:14.684259: phb 0.013211850073058886
0:38:14.717246: phb 0.026417880649549436
0:38:48.344817: off 92
0:38:49.435447: off 100
0:38:49.892741: off 101
0:38:49.908533: off 102
0:38:49.942423: off 103
0:38:49.958476: off 104
0:38:49.974334: off 106
0:38:49.992411: off 107
0:38:50.007918: off 109
0:38:50.041541: off 111
0:38:50.042701: off 112
0:38:50.058945: off 113
0:38:50.075047: off 114
0:38:50.091886: off 115
0:38:50.108960: off 117
0:38:50.142027: off 118
0:38:50.158697: off 120
0:38:50.175015: off 121
0:38:50.192049: off 122
0:38:50.209035: off 124
0:38:50.243328: off 125
0:38:50.257162: off 127
0:38:50.274833: off 128
0:38:50.291588: off 129
0:38:50.308677: off 131
0:38:50.324911: off 132
0:38:50.345696: off 134
0:38:50.375825: off 135
0:38:50.391864: off 137
0:38:50.407547: off 138
0:38:50.426014: off 139
0:38:50.446744: off 140
0:38:50.458954: off 141
0:38:50.473918: off 142
0:38:50.491139: off 143
0:38:50.508851: off 144
0:38:50.525541: off 145
0:38:50.543688: off 146
0:38:50.558285: off 147
0:38:50.574017: off 148
0:38:50.592358: off 149
0:38:50.657977: off 146
0:38:50.674571: off 144
0:38:50.691545: off 140
0:38:50.708221: off 139
0:38:50.725744: off 137
0:38:50.749994: off 136
0:38:50.774912: off 135
0:38:50.791231: off 134
0:38:50.857879: off 133
0:38:51.175294: off 134
0:38:51.924835: off 133
0:38:51.991002: off 132
0:38:52.063286: off 131
0:38:52.174133: off 130
0:38:52.323118: off 129
0:38:52.801112: off 128
0:38:53.375348: off 129
0:38:54.917968: off 128
0:38:58.599933: amp 76
0:38:58.673797: amp 77
0:38:58.977151: amp 78
0:38:59.688511: amp 79
0:38:59.923020: amp 80
0:39:02.288192: amp 81
0:39:02.455077: amp 82
0:39:02.655111: amp 83
0:39:02.939635: amp 84
0:39:03.171695: amp 85
0:39:03.404907: amp 86
0:39:03.721950: amp 87
0:39:04.260164: amp 88
0:39:05.137638: amp 89
0:39:05.990575: amp 90
0:39:29.982672: phb 1.4080529385593368
0:39:36.371728: off 180
0:39:56.979286: phb 2.211434602795161
0:40:01.932710: phb 1.27953374272483
0:40:10.950044: freq 1.1
0:40:13.182644: freq 1.05
0:41:05.180872: phb 4.577191037147888
0:41:05.409110: phb 4.691558787449883
0:41:05.440937: phb 4.765226739542844
0:41:05.460829: phb 4.864609198011269
0:41:05.476733: phb 5.275966626337336
0:41:05.492208: phb 5.351433131100347
0:41:05.510199: phb 5.419295203194932
0:41:05.541903: phb 5.480121246977176
0:41:05.544693: phb 5.53456152640262
0:41:05.576371: phb 5.682945266863758
0:41:05.593367: phb 5.838434149000524
0:41:05.610604: phb 5.886000952012598
0:41:05.642594: phb 5.972512347530923
0:41:05.642992: phb 6.0132795781230035
0:41:05.676361: phb 6.035104936193191
0:41:05.710711: phb 6.053722393479246
0:41:05.744696: phb 6.083766290288127
0:41:05.777221: phb 6.101649733548757
0:41:05.794639: phb 6.121077114960129
0:41:05.845161: phb 6.136774964452895
0:41:05.962614: phb 6.15260572018492
0:41:06.208526: phb 6.175855190912475
0:41:06.250425: phb 6.190696272382536
0:41:06.293673: phb 6.205104731821647
0:41:49.602535: freq 0.05
0:41:49.782497: freq 0.1
0:41:50.149442: freq 0.15
0:41:50.365886: freq 0.1
0:41:50.513099: freq 0.05
0:41:50.647835: freq 0
0:41:52.799900: freq 0.05
0:41:59.098600: freq 0
0:42:12.723093: amp 25
0:42:13.480150: off 49
0:42:31.404832: amp 27
0:42:31.421993: amp 28
0:42:31.438842: amp 31
0:42:31.471990: amp 32
0:42:31.487817: amp 33
0:42:31.522659: amp 34
0:42:33.455503: freq 0.4
0:42:33.507660: freq 0.85
0:42:33.539825: freq 0.9
0:42:38.122016: freq 0
0:42:38.122821: amp 0
0:42:38.123161: off 90
0:42:38.123402: phb 0
