0:01:36.092771: freq 0.3
0:01:45.786211: freq 0.45
0:01:45.908892: freq 0.35
0:01:45.924916: freq 0.25
0:01:45.946210: freq 0.15
0:01:45.965743: freq 0
0:01:52.009586: off 93
0:01:52.193143: off 92
0:01:52.209654: off 89
0:01:52.227038: off 82
0:01:52.243011: off 75
0:01:52.259123: off 67
0:01:52.283019: off 55
0:01:52.291035: off 47
0:01:52.311402: off 41
0:01:52.326386: off 31
0:01:52.374685: off 24
0:01:52.382691: off 23
0:01:52.576833: off 22
0:01:52.604539: off 16
0:01:52.613937: off 11
0:01:52.657713: off 2
0:01:52.660145: off 0
0:06:44.397995: freq 0
0:06:44.397995: amp 0
0:06:44.402562: off 90
0:06:44.402562: phb 0
