0:00:30.578547: freq 0
0:00:30.578547: amp 0
0:00:30.578547: off 90
0:00:30.578547: phb 0
0:01:17.989664: amp 1
0:01:18.005201: amp 3
0:01:18.020928: amp 4
0:01:18.037324: amp 6
0:01:18.053208: amp 7
0:01:18.084187: amp 8
0:01:18.099750: amp 9
0:01:18.115467: amp 10
0:01:18.146674: amp 11
0:01:18.162257: amp 12
0:01:18.177757: amp 13
0:01:18.193535: amp 14
0:01:18.240404: amp 15
0:01:18.271533: amp 16
0:01:18.349792: amp 17
0:01:18.396684: amp 18
0:01:18.443390: amp 19
0:01:18.490364: amp 20
0:01:18.538169: amp 21
0:01:18.585058: amp 22
0:01:18.679278: amp 23
0:01:18.882572: amp 24
0:01:18.960699: amp 25
0:01:19.070428: amp 26
0:01:19.352406: amp 27
0:01:19.477424: amp 28
0:01:19.540282: amp 29
0:01:19.587233: amp 30
0:01:19.619146: amp 31
0:01:19.634756: amp 32
0:01:19.667715: amp 33
0:01:19.714662: amp 34
0:01:19.778073: amp 35
0:01:19.920950: amp 36
0:01:20.014973: amp 37
0:01:20.062000: amp 38
0:01:20.171366: amp 39
0:01:20.218674: amp 40
0:01:20.266139: amp 41
0:01:20.313844: amp 42
0:01:20.470044: amp 43
0:01:20.533108: amp 44
0:01:20.579953: amp 45
0:01:31.677521: off 88
0:01:31.807515: off 93
0:01:31.835969: off 99
0:01:31.852121: off 104
0:01:31.869213: off 107
0:01:31.883720: off 111
0:01:31.899962: off 114
0:01:31.915956: off 116
0:01:31.931775: off 118
0:01:31.947212: off 119
0:01:31.962958: off 120
0:01:31.978588: off 121
0:01:31.994092: off 123
0:01:32.025340: off 125
0:01:32.041366: off 126
0:01:32.057255: off 128
0:01:32.088672: off 129
0:01:32.088672: off 133
0:01:32.120095: off 137
0:01:32.135924: off 142
0:01:32.151718: off 146
0:01:32.167215: off 148
0:01:32.182812: off 151
0:01:32.199076: off 155
0:01:32.215643: off 158
0:01:32.230853: off 160
0:01:32.246526: off 170
0:01:35.920099: freq 0
0:01:35.922284: amp 0
0:01:35.922284: off 90
0:01:35.922284: phb 0
0:01:36.545490: amp 3
0:01:36.670918: amp 4
0:01:36.674045: amp 5
0:01:36.687053: amp 6
0:01:36.702850: amp 8
0:01:36.718483: amp 9
0:01:36.750244: amp 10
0:01:36.750244: amp 11
0:01:36.766167: amp 12
0:01:36.797610: amp 13
0:01:36.797610: amp 14
0:01:36.828832: amp 15
0:01:36.860117: amp 16
0:01:37.375951: off 85
0:01:37.501015: off 81
0:01:37.516630: off 79
0:01:37.532231: off 76
0:01:37.547848: off 73
0:01:37.563489: off 70
0:01:37.578929: off 65
0:01:37.594678: off 60
0:01:37.625959: off 54
0:01:37.625959: off 51
0:01:37.657215: off 45
0:01:37.657215: off 38
0:01:37.688522: off 33
0:01:37.704136: off 25
0:01:37.719980: off 20
0:01:37.735295: off 12
0:01:37.750988: off 3
0:01:37.766615: off 0
0:01:38.345146: amp 12
0:01:38.454498: amp 16
0:01:38.470021: amp 18
0:01:38.485792: amp 21
0:01:38.501290: amp 22
0:01:38.517054: amp 24
0:01:38.532542: amp 26
0:01:38.548148: amp 28
0:01:38.579546: amp 30
0:01:38.595198: amp 31
0:01:38.626274: amp 32
0:01:38.642047: amp 33
0:01:38.657608: amp 34
0:01:38.688942: amp 35
0:01:38.688942: amp 36
0:01:38.735751: amp 37
0:01:38.829545: amp 38
0:01:38.970120: amp 39
0:01:39.142046: amp 38
0:01:39.204398: amp 37
0:01:39.235796: amp 36
0:01:39.251292: amp 35
0:01:39.266918: amp 33
0:01:39.282697: amp 31
0:01:39.298320: amp 29
0:01:39.313848: amp 26
0:01:39.329541: amp 22
0:01:39.345204: amp 18
0:01:39.360815: amp 16
0:01:39.376356: amp 13
0:01:39.391917: amp 10
0:01:39.423187: amp 7
0:01:39.438897: amp 5
0:01:39.454561: amp 2
0:01:39.470020: amp 0
0:01:40.813887: off 2
0:01:40.954418: off 8
0:01:40.954418: off 10
0:01:40.970177: off 13
0:01:41.001366: off 25
0:01:41.001366: off 29
0:01:41.017048: off 37
0:01:41.032699: off 41
0:01:41.048271: off 49
0:01:41.063950: off 58
0:01:41.079508: off 68
0:01:41.095012: off 78
0:01:41.110728: off 83
0:01:41.126266: off 94
0:01:41.142060: off 105
0:01:41.157699: off 117
0:01:41.188872: off 122
0:01:41.188872: off 132
0:01:41.204394: off 142
0:01:41.235779: off 151
0:01:41.251266: off 161
0:01:41.266885: off 166
0:01:41.282540: off 177
0:01:41.298320: off 180
0:01:46.313771: off 178
0:01:46.470181: off 174
0:01:46.470181: off 172
0:01:46.485740: off 171
0:01:46.501362: off 168
0:01:46.516984: off 164
0:01:46.532669: off 160
0:01:46.548288: off 158
0:01:46.563914: off 153
0:01:46.579541: off 148
0:01:46.595194: off 143
0:01:46.610875: off 140
0:01:46.626368: off 135
0:01:46.641891: off 129
0:01:46.657665: off 123
0:01:46.673295: off 117
0:01:46.688869: off 114
0:01:46.720175: off 108
0:01:46.735665: off 101
0:01:46.751270: off 95
0:01:46.766949: off 92
0:01:46.782665: off 86
0:01:46.798295: off 81
0:01:46.813791: off 76
0:01:46.829542: off 74
0:01:46.845118: off 69
0:01:46.860729: off 65
0:01:46.876377: off 60
0:01:46.891890: off 56
0:01:46.907519: off 51
0:01:46.938762: off 45
0:01:46.938762: off 40
0:01:46.954389: off 34
0:01:46.985639: off 31
0:01:47.001277: off 25
0:01:47.016890: off 19
0:01:47.048156: off 14
0:01:47.048156: off 8
0:01:47.063912: off 5
0:01:47.079628: off 0
0:01:48.110785: amp 4
0:01:48.126274: amp 6
0:01:48.157620: amp 10
0:01:48.157620: amp 15
0:01:48.173287: amp 18
0:01:48.188874: amp 20
0:01:48.204399: amp 23
0:01:48.235794: amp 30
0:02:12.564449: amp 32
0:02:12.642576: amp 36
0:02:12.658204: amp 40
0:02:12.673823: amp 42
0:02:12.689311: amp 48
0:02:12.720555: amp 54
0:02:12.720555: amp 61
0:02:12.736323: amp 65
0:02:12.767577: amp 73
0:02:12.783076: amp 83
0:02:12.798784: amp 90
0:02:20.017537: freq 0
0:02:20.017537: amp 0
0:02:20.017537: off 90
0:02:20.017537: phb 0
0:02:27.595703: off 88
0:02:27.673828: off 83
0:02:27.689446: off 82
0:02:27.720654: off 80
0:02:27.720654: off 77
0:02:27.736316: off 76
0:02:27.751949: off 73
0:02:27.783170: off 69
0:02:27.798680: off 64
0:02:27.814448: off 62
0:02:27.830020: off 57
0:02:27.845560: off 52
0:02:27.861195: off 46
0:02:27.876955: off 41
0:02:27.892572: off 37
0:02:27.908200: off 31
0:02:27.923685: off 25
0:02:27.939306: off 19
0:02:27.955060: off 17
0:02:27.970554: off 12
0:02:28.001953: off 8
0:02:28.001953: off 3
0:02:28.017424: off 2
0:02:28.048676: off 0
0:02:31.001929: amp 3
0:02:31.080134: amp 6
0:02:31.095701: amp 7
0:02:31.111327: amp 8
0:02:31.142621: amp 9
0:02:31.205116: amp 10
0:02:31.220702: amp 11
0:02:31.267602: amp 12
0:02:31.298747: amp 13
0:02:31.329951: amp 14
0:02:31.345576: amp 15
0:02:31.361195: amp 16
0:02:31.376824: amp 17
0:02:31.392582: amp 18
0:02:31.408202: amp 19
0:02:31.439449: amp 20
0:02:31.470707: amp 21
0:02:31.501956: amp 22
0:02:31.533216: amp 23
0:02:31.533216: amp 24
0:02:31.564460: amp 26
0:02:31.580076: amp 28
0:02:31.595706: amp 30
0:02:31.611331: amp 32
0:02:31.626920: amp 35
0:02:31.642420: amp 37
0:02:31.673829: amp 38
0:02:31.705038: amp 39
0:02:31.705038: amp 40
0:02:31.767451: amp 41
0:02:31.783174: amp 42
0:02:31.829923: amp 43
0:02:31.876800: amp 44
0:02:31.970706: amp 45
0:02:45.252220: amp 39
0:02:45.361572: amp 37
0:02:45.408439: amp 36
0:02:45.455334: amp 35
0:02:45.486617: amp 34
0:02:45.517694: amp 33
0:02:45.564699: amp 32
0:02:45.596143: amp 31
0:02:45.845798: amp 32
0:02:46.408470: off 5
0:02:46.424069: off 6
0:02:46.439741: off 9
0:02:46.455279: off 13
0:02:46.470793: off 15
0:02:46.486439: off 18
0:02:46.502188: off 21
0:02:46.517816: off 24
0:02:46.549015: off 27
0:02:46.549015: off 28
0:02:46.564554: off 30
0:02:46.595800: off 32
0:02:46.611492: off 33
0:02:46.642864: off 34
0:02:46.658389: off 35
0:02:46.720979: off 36
0:02:46.767822: off 37
0:02:46.814746: off 38
0:02:46.830692: off 39
0:02:46.845909: off 42
0:02:46.861559: off 43
0:02:46.877248: off 47
0:02:46.892863: off 50
0:02:46.908771: off 52
0:02:46.924062: off 53
0:02:46.939656: off 54
0:02:46.955275: off 55
0:02:46.970798: off 57
0:02:47.002043: off 58
0:02:47.017665: off 59
0:02:47.048978: off 60
0:02:47.205317: off 59
0:02:47.236573: off 58
0:02:47.252045: off 57
0:02:47.267665: off 56
0:02:47.283439: off 55
0:02:47.314698: off 53
0:02:47.330325: off 51
0:02:47.330325: off 46
0:02:47.361564: off 43
0:02:47.377194: off 36
0:02:47.392826: off 29
0:02:47.408301: off 22
0:02:47.424071: off 14
0:02:47.439692: off 9
0:02:47.455168: off 2
0:02:47.470795: off 0
0:02:48.049137: amp 26
0:02:48.158446: amp 28
0:02:48.173972: amp 29
0:02:48.189689: amp 30
0:02:48.220943: amp 31
0:02:48.236420: amp 32
0:02:48.267802: amp 33
0:02:48.298944: amp 34
0:02:48.330181: amp 35
0:02:48.392834: amp 36
0:02:48.439689: amp 37
0:02:48.486628: amp 38
0:02:48.517696: amp 39
0:02:48.533300: amp 40
0:02:48.549014: amp 41
0:02:48.580366: amp 42
0:02:48.595832: amp 43
0:02:48.611417: amp 44
0:02:48.627063: amp 45
0:02:48.673922: amp 46
0:02:48.689565: amp 47
0:02:48.720952: amp 48
0:02:48.783311: amp 49
0:02:48.861437: amp 50
0:02:48.970996: amp 51
0:02:49.048947: amp 52
0:02:49.127220: amp 53
0:02:49.205326: amp 54
0:02:49.408493: amp 55
0:02:49.517692: amp 56
0:02:49.611447: amp 57
0:02:49.674064: amp 58
0:02:49.720996: amp 59
0:02:49.845849: amp 60
0:02:49.908297: amp 61
0:02:50.017825: amp 62
0:02:55.705317: amp 61
0:02:55.752222: amp 59
0:02:55.767687: amp 57
0:02:55.798924: amp 56
0:02:55.830185: amp 55
0:02:55.845815: amp 53
0:02:55.861577: amp 52
0:02:55.877194: amp 50
0:02:55.892726: amp 38
0:02:55.892726: amp 35
0:02:56.720799: freq 0
0:02:56.720799: amp 0
0:02:56.720799: off 90
0:02:56.720799: phb 0
0:03:00.924682: amp 1
0:03:00.940304: amp 3
0:03:00.955801: amp 6
0:03:00.971425: amp 9
0:03:00.987097: amp 11
0:03:01.002795: amp 12
0:03:01.018421: amp 14
0:03:01.034045: amp 17
0:03:01.065254: amp 18
0:03:01.080781: amp 21
0:03:01.096399: amp 22
0:03:01.112022: amp 24
0:03:01.127796: amp 26
0:03:01.143324: amp 27
0:03:01.158996: amp 28
0:03:01.174623: amp 29
0:03:01.190154: amp 30
0:03:01.237230: amp 31
0:03:01.315349: amp 33
0:03:07.816967: amp 29
0:03:07.911438: amp 32
0:03:07.927462: amp 35
0:03:07.943705: amp 39
0:03:07.959564: amp 41
0:03:07.976768: amp 45
0:03:07.992787: amp 51
0:03:08.007990: amp 59
0:03:18.891405: freq 0
0:03:18.891405: amp 0
0:03:18.902445: off 90
0:03:18.902445: phb 0
0:03:30.390989: amp 3
0:03:30.406606: amp 4
0:03:30.437785: amp 5
0:03:30.437785: amp 6
0:03:30.453444: amp 7
0:03:30.484687: amp 8
0:03:30.531410: amp 9
0:03:30.547231: amp 10
0:03:30.578379: amp 11
0:03:30.594058: amp 12
0:03:30.609687: amp 13
0:03:30.625263: amp 15
0:03:30.656606: amp 16
0:03:30.672187: amp 17
0:03:30.687723: amp 18
0:03:30.703909: amp 19
0:03:30.719733: amp 20
0:03:30.735340: amp 22
0:03:30.750912: amp 24
0:03:30.766607: amp 26
0:03:30.782076: amp 27
0:03:30.813296: amp 28
0:03:30.813296: amp 30
0:03:30.860202: amp 31
0:03:30.875857: amp 32
0:03:30.891542: amp 33
0:03:30.907253: amp 34
0:03:30.953952: amp 35
0:03:30.953952: amp 36
0:03:30.985963: amp 37
0:03:31.017293: amp 38
0:03:31.032970: amp 39
0:03:31.064015: amp 40
0:03:31.064015: amp 42
0:03:31.079701: amp 43
0:03:31.095337: amp 44
0:03:31.126641: amp 45
0:03:31.142269: amp 46
0:03:31.189186: amp 47
0:03:31.298514: amp 48
0:03:31.360989: amp 49
0:03:31.407944: amp 50
0:03:31.470391: amp 51
0:03:34.721813: amp 50
0:03:34.800129: amp 47
0:03:34.831299: amp 46
0:03:34.862535: amp 44
0:03:34.862535: amp 42
0:03:34.893785: amp 41
0:03:34.895301: amp 39
0:03:34.910184: amp 37
0:03:34.942946: amp 35
0:03:34.957778: amp 32
0:03:34.973509: amp 30
0:03:34.989634: amp 27
0:03:35.005461: amp 24
0:03:35.021304: amp 21
0:03:35.037080: amp 17
0:03:35.052709: amp 15
0:03:35.068328: amp 10
0:03:35.083853: amp 4
0:03:35.100691: amp 0
0:03:35.663861: freq 0
0:03:35.663861: amp 0
0:03:35.675292: off 90
0:03:35.675292: phb 0
0:04:04.258837: off 91
0:04:04.336975: off 106
0:04:04.352499: off 123
0:04:04.368039: off 132
0:04:04.383792: off 152
0:04:04.399383: off 175
0:04:04.414955: off 180
0:04:04.899369: amp 2
0:04:04.961918: amp 6
0:04:04.977545: amp 8
0:04:04.993118: amp 15
0:04:05.008667: amp 24
0:04:05.039993: amp 37
0:04:05.055531: amp 51
0:04:05.071304: amp 59
0:04:05.102493: amp 75
0:04:05.102493: amp 90
0:04:05.790046: freq 0.1
0:04:05.821284: freq 0.25
0:04:05.852416: freq 0.35
0:04:05.868160: freq 0.5
0:04:05.883754: freq 0.65
0:04:05.899263: freq 0.75
0:04:05.914919: freq 0.9
0:04:05.930550: freq 1
0:04:30.524457: freq 0
0:04:44.760433: freq 0.95
0:04:45.010386: freq 0.9
0:04:45.119616: freq 0.85
0:04:45.197900: freq 0.8
0:04:45.307147: freq 0.75
0:04:45.323059: freq 0.7
0:04:45.354258: freq 0.65
0:04:45.385391: freq 0.6
0:04:45.401007: freq 0.55
0:04:45.432279: freq 0.5
0:04:45.447891: freq 0.45
0:04:45.479179: freq 0.4
0:04:45.510384: freq 0.35
0:04:45.525970: freq 0.3
0:04:45.557257: freq 0.25
0:04:45.588502: freq 0.2
0:04:45.604140: freq 0.15
0:04:45.651054: freq 0.1
0:04:45.666672: freq 0.05
0:04:45.682262: freq 0
0:04:47.354138: freq 0
0:04:47.354138: amp 0
0:04:47.354138: off 90
0:04:47.354138: phb 0
0:04:53.057164: off 94
0:04:53.104133: off 102
0:04:53.119612: off 108
0:04:53.150868: off 121
0:04:53.166594: off 136
0:04:53.182117: off 154
0:04:53.197886: off 172
0:04:53.213357: off 180
0:04:53.744804: amp 3
0:04:53.760378: amp 6
0:04:53.775858: amp 13
0:04:53.807299: amp 22
0:04:53.822887: amp 31
0:04:53.822887: amp 36
0:04:53.838425: amp 47
0:04:53.854009: amp 59
0:04:53.885292: amp 70
0:04:53.885292: amp 83
0:04:53.916682: amp 89
0:04:53.932118: amp 90
0:04:54.916859: freq 1
0:04:54.916859: freq 0.95
0:04:54.916859: freq 0.9
0:04:54.916859: freq 0.85
0:04:54.916859: freq 0.8
0:04:54.916859: freq 0.75
0:04:54.916859: freq 0.7
0:04:54.916859: freq 0.65
0:04:54.916859: freq 0.6
0:04:54.916859: freq 0.5
0:04:54.916859: freq 0.45
0:04:54.916859: freq 0.4
0:04:54.916859: freq 0.35
0:04:54.916859: freq 0.25
0:04:54.916859: freq 0.15
0:04:54.916859: freq 0.05
0:04:54.916859: freq 0
0:04:54.994635: freq 0
0:04:54.994635: freq 0
0:04:54.994635: freq 0
0:05:00.776057: freq 0.85
0:05:00.885249: freq 0.8
0:05:00.932224: freq 0.75
0:05:00.963549: freq 0.7
0:05:00.994804: freq 0.65
0:05:01.010263: freq 0.6
0:05:01.025884: freq 0.55
0:05:01.041636: freq 0.5
0:05:01.057115: freq 0.45
0:05:01.088357: freq 0.4
0:05:01.104010: freq 0.35
0:05:01.119711: freq 0.3
0:05:01.135239: freq 0.25
0:05:01.150955: freq 0.2
0:05:01.197894: freq 0.15
0:05:01.213523: freq 0.1
0:05:01.244801: freq 0.05
0:05:01.276062: freq 0
0:05:14.188311: freq 0
0:05:14.188311: amp 0
0:05:14.188311: off 90
0:05:14.188311: phb 0
0:05:36.532988: off 96
0:05:36.548707: off 97
0:05:36.580330: off 99
0:05:36.611700: off 100
0:05:36.642950: off 101
0:05:36.658595: off 103
0:05:36.674428: off 105
0:05:36.690225: off 107
0:05:36.705870: off 109
0:05:36.721842: off 110
0:05:36.737667: off 112
0:05:36.753966: off 120
0:05:36.769805: off 131
0:05:36.785352: off 138
0:05:36.800852: off 140
0:05:36.832212: off 141
0:05:36.847848: off 143
0:05:36.863461: off 144
0:05:36.879108: off 146
0:05:36.895266: off 147
0:05:36.910996: off 148
0:05:36.926631: off 149
0:05:36.942161: off 151
0:05:36.957788: off 152
0:05:36.989155: off 154
0:05:37.004782: off 155
0:05:37.020759: off 156
0:05:37.036402: off 157
0:05:37.052224: off 159
0:05:37.083515: off 161
0:05:37.114874: off 162
0:05:38.271866: off 174
0:05:41.591003: phb 0.013845729294689664
0:05:41.669092: phb 0.027686785425956695
0:05:41.684563: phb 0.05610587298905947
0:05:41.731634: phb 0.08646496992006314
0:05:41.731634: phb 0.11845743976206408
0:05:41.748049: phb 0.20597693243310233
0:05:41.763160: phb 0.43081197513280034
0:05:41.794446: phb 0.6665754667117578
0:05:41.810214: phb 1.0959384603045925
0:05:41.825827: phb 1.3972672959975838
0:05:41.841467: phb 1.581498811273711
0:05:41.856924: phb 1.6344602141965294
0:05:41.872551: phb 1.7393215620344618
0:05:41.888198: phb 1.8405811288122635
0:05:41.903955: phb 1.9335633688099005
0:05:41.919584: phb 1.9921071289038685
0:05:41.950684: phb 2.0325404189250955
0:05:41.950684: phb 2.1935530574943893
0:05:42.858621: phb 2.1020449882610603
0:05:42.905441: phb 2.113233639412259
0:05:42.921087: phb 2.124272390100837
0:05:42.936569: phb 2.163554370769508
0:05:42.967964: phb 2.201998240356605
0:05:42.967964: phb 2.2374335052885463
0:05:42.984077: phb 2.247317161720846
0:05:43.000318: phb 2.319134167849439
0:05:43.015822: phb 2.397826137498995
0:05:43.047420: phb 2.5156534146502554
0:05:43.048510: phb 2.561873571648452
0:05:43.079384: phb 2.6310796964298397
0:05:43.095254: phb 2.696610700859278
0:05:43.112065: phb 2.774346051370281
0:05:43.127236: phb 2.8122792712846394
0:05:43.142873: phb 2.8756576981430015
0:05:43.158628: phb 2.953917093727057
0:05:43.174119: phb 3.0396780346668364
0:05:43.189773: phb 3.1015265921890864
0:05:43.205399: phb 3.141593112356738
0:05:43.221314: phb 3.2315469459328843
0:05:43.236800: phb 3.3005896641347503
0:05:43.253043: phb 3.3681398946091248
0:05:43.268208: phb 3.442817918679808
0:05:43.283853: phb 3.4789508210531532
0:05:43.299478: phb 3.548485672077216
0:05:43.315255: phb 3.6220085060945766
0:05:43.346761: phb 3.68297884866421
0:05:43.362200: phb 3.7119001912776044
0:05:45.584920: phb 3.6475376522441487
0:05:45.759906: phb 3.665432823387662
0:05:45.775687: phb 3.6903997517029987
0:05:45.790378: phb 3.7312019605157762
0:05:45.806058: phb 3.771110859644782
0:05:45.821835: phb 3.7894387793096134
0:05:45.837464: phb 3.846441697185789
0:05:45.853007: phb 3.9107672159247366
0:05:45.874510: phb 3.9740644878966527
0:05:45.885771: phb 4.027916013602409
0:05:45.900881: phb 4.12668478815284
0:05:45.916512: phb 4.245577124840746
0:05:45.963397: phb 4.350377785091719
0:05:45.963397: phb 4.393164759328845
0:05:45.965022: phb 4.501346759050758
0:05:45.995068: phb 4.600430325376521
0:05:46.026483: phb 4.681495711112084
0:05:46.026483: phb 4.747744790728163
0:05:46.042047: phb 4.779881079455586
0:05:46.057671: phb 4.852097877058503
0:05:46.073305: phb 4.903831566013943
0:05:46.088828: phb 4.964550826207496
0:05:46.104495: phb 5.0168030094670355
0:05:46.120128: phb 5.049244708437581
0:05:46.135714: phb 5.119309611531281
0:05:46.151328: phb 5.191366328751566
0:05:46.166953: phb 5.266533243727448
0:05:46.182577: phb 5.288505788205943
0:05:46.198222: phb 5.361475901261717
0:05:46.229994: phb 5.424684435025092
0:05:46.245737: phb 5.492620730594988
0:05:46.261253: phb 5.525494801377898
0:05:46.276909: phb 5.582743938729005
0:05:46.292501: phb 5.624887463614297
0:05:46.308156: phb 5.667101849741153
0:05:46.323912: phb 5.708200716223521
0:05:46.340512: phb 5.736416361932837
0:05:46.355700: phb 5.786089715227936
0:05:46.371523: phb 5.827928068603639
0:05:46.403322: phb 5.86571096841022
0:05:46.418505: phb 5.892362062317891
0:05:46.434169: phb 5.9081172729877345
0:05:46.449865: phb 5.932119010176967
0:05:46.466246: phb 5.948359567816448
0:05:46.482261: phb 5.981392482294335
0:05:46.512925: phb 6.015117988266866
0:05:46.528756: phb 6.047399867874867
0:05:46.544325: phb 6.071872780835376
0:05:46.561286: phb 6.087996834511119
0:05:46.575973: phb 6.113752808416742
0:05:46.591727: phb 6.132277341425096
0:05:46.608036: phb 6.168547212897807
0:05:46.623043: phb 6.197041712643805
0:05:46.638857: phb 6.235245879087252
0:05:46.655345: phb 6.2735905400135055
0:05:46.670384: phb 0.038361856398679096
0:05:46.686189: phb 0.0670655794788317
0:05:46.717439: phb 0.10515809175709527
0:05:46.732915: phb 0.12409658160267299
0:05:46.889319: phb 0.1348117398237755
0:05:48.311230: phb 0.36907297990278937
0:05:48.389309: phb 0.35261253850219226
0:05:48.404946: phb 0.3348901431585518
0:05:48.436189: phb 0.3110150467309736
0:05:48.451654: phb 0.29637996625689833
0:05:48.467717: phb 0.26671995545409255
0:05:48.483374: phb 0.23657005218250646
0:05:48.499115: phb 0.20597693243310233
0:05:48.514608: phb 0.1905279390052516
0:05:48.545858: phb 0.15936029862371767
0:05:48.577211: phb 0.1278773423554375
0:05:48.592900: phb 0.11203502901536115
0:05:48.624147: phb 0.08018962499188224
0:05:48.639766: phb 0.06420076775156554
0:05:48.686687: phb 0.04817897541681019
0:05:48.717741: phb 0.03213386282022888
0:05:48.749148: phb 0.016070712327968684
0:05:48.795961: phb 6.283184571446192
0:05:48.827324: phb 6.267114594851618
0:05:48.842941: phb 6.234219137979756
0:05:48.858528: phb 6.217938842388965
0:05:48.874146: phb 6.201691620691625
0:05:48.905397: phb 6.185487400730517
0:05:50.202953: off 178
0:05:50.359244: off 180
0:05:51.031122: amp 1
0:05:51.031122: amp 2
0:05:51.062204: amp 4
0:05:51.062204: amp 7
0:05:51.093516: amp 12
0:05:51.109208: amp 14
0:05:51.124784: amp 19
0:05:51.140406: amp 24
0:05:51.156053: amp 29
0:05:51.171663: amp 35
0:05:51.187347: amp 38
0:05:51.203667: amp 44
0:05:51.218850: amp 51
0:05:51.234498: amp 58
0:05:51.250222: amp 64
0:05:51.265844: amp 67
0:05:51.281486: amp 73
0:05:51.312709: amp 78
0:05:51.312709: amp 83
0:05:51.344076: amp 86
0:05:51.359516: amp 90
0:06:19.244985: freq 0
0:06:19.244985: amp 0
0:06:19.244985: off 90
0:06:19.244985: phb 0
0:06:42.838693: off 94
0:06:42.901151: off 100
0:06:42.916781: off 108
0:06:42.932273: off 117
0:06:42.963713: off 123
0:06:42.963713: off 137
0:06:42.979271: off 151
0:06:43.010459: off 168
0:06:43.026163: off 176
0:06:43.041795: off 180
0:06:43.713603: amp 3
0:06:43.713603: amp 5
0:06:43.744844: amp 9
0:06:43.744844: amp 13
0:06:43.776032: amp 17
0:06:43.807398: amp 25
0:06:43.823093: amp 31
0:06:43.838626: amp 37
0:06:43.854204: amp 43
0:06:43.869905: amp 46
0:06:43.885476: amp 53
0:06:43.901113: amp 60
0:06:43.916800: amp 67
0:06:43.932414: amp 70
0:06:43.948039: amp 77
0:06:43.963522: amp 85
0:06:43.979237: amp 90
0:06:44.557405: freq 0.05
0:06:44.588524: freq 0.1
0:06:44.604120: freq 0.15
0:06:44.619744: freq 0.25
0:06:44.651174: freq 0.35
0:06:44.666663: freq 0.45
0:06:44.682241: freq 0.55
0:06:44.713684: freq 0.65
0:06:44.729245: freq 0.75
0:06:44.760486: freq 0.8
0:06:44.776123: freq 0.9
0:06:44.791679: freq 0.95
0:06:44.807378: freq 1
0:07:05.557402: freq 0
0:07:05.557402: amp 0
0:07:05.557402: off 90
0:07:05.557402: phb 0
0:07:21.651200: off 80
0:07:21.697983: off 86
0:07:21.729147: off 92
0:07:21.729147: off 109
0:07:21.744772: off 131
0:07:21.776104: off 160
0:07:21.776104: off 176
0:07:21.807350: off 180
0:07:22.386042: amp 1
0:07:22.464191: amp 6
0:07:22.495289: amp 12
0:07:22.495289: amp 16
0:07:22.511012: amp 25
0:07:22.526549: amp 34
0:07:22.542228: amp 45
0:07:22.573383: amp 52
0:07:22.589208: amp 66
0:07:22.604739: amp 84
0:07:22.620418: amp 90
0:07:23.198585: freq 0.9
0:07:23.276702: freq 1
0:07:23.323490: freq 1
0:07:24.104830: freq 1
0:07:24.260967: freq 1
0:07:24.307923: freq 1
0:07:24.354662: freq 1
0:07:24.417237: freq 1
0:07:24.745417: freq 1
0:07:24.823389: freq 1
0:07:24.854814: freq 1
0:07:38.729799: phb 0.21340403677185513
0:07:38.948546: phb 0.23368011380438922
0:07:38.964107: phb 0.2549877732634071
0:07:38.979756: phb 0.37925265107615785
0:07:39.010912: phb 0.6574730516404041
0:07:39.026693: phb 0.8401629817558283
0:07:39.042324: phb 1.1648546797801111
0:07:39.057875: phb 1.3940290431274034
0:07:39.089124: phb 1.5562884082765405
0:07:39.089124: phb 1.6137393611973214
0:07:39.104815: phb 1.6862086275978476
0:07:39.120263: phb 1.7387079283188083
0:07:39.135983: phb 1.7772479485525305
0:07:39.151553: phb 1.8312367319399465
0:07:39.182936: phb 1.8520576256867731
0:07:39.495437: phb 2.733757646673417
0:07:39.526714: phb 2.7792104486625924
0:07:39.542201: phb 2.8545279527387075
0:07:39.557947: phb 2.9404165654775727
0:07:39.573565: phb 3.0006656634123785
0:07:39.589196: phb 3.0539301148457096
0:07:39.604823: phb 3.0713977029828743
0:07:39.620392: phb 3.1064520916717475
0:07:39.635910: phb 3.141593052403562
0:07:39.651628: phb 3.184750854765515
0:07:39.667246: phb 3.201977858337673
0:07:39.682874: phb 3.2431264259477666
0:07:41.557934: phb 3.0835029452145024
0:07:41.620430: phb 3.1125229438903483
0:07:41.635978: phb 3.1270550601259743
0:07:41.651724: phb 3.1415933191250502
0:07:41.667131: phb 3.1706623632892383
0:07:41.682756: phb 3.2163246939728145
0:07:41.698461: phb 3.2476067169082325
0:07:41.714109: phb 3.297112090617715
0:07:41.745360: phb 3.327562277546033
0:07:41.745360: phb 3.360999462754002
0:07:41.745360: phb 3.3950031894498873
0:07:41.776535: phb 3.4594821516870153
0:07:41.792268: phb 3.52336066062797
0:07:41.807906: phb 3.5499381627323174
0:07:41.823581: phb 3.628465432006862
0:07:41.839187: phb 3.6866142256224426
0:07:41.854818: phb 3.777361967424784
0:07:41.870473: phb 3.8941977500875895
0:07:41.886027: phb 3.9413645148715943
0:07:41.901638: phb 4.055553831016076
0:07:41.917180: phb 4.166794296383553
0:07:41.932854: phb 4.265691625481817
0:07:41.948521: phb 4.326505364926305
0:07:41.979810: phb 4.416967339693172
0:07:41.979810: phb 4.515254849230969
0:07:42.011059: phb 4.6061974622067625
0:07:42.026543: phb 4.689259993252719
0:07:42.042239: phb 4.72781497484125
0:07:42.057883: phb 4.7871735683438805
0:07:42.073555: phb 4.851921318895423
0:07:42.089008: phb 4.914304149363738
0:07:42.104854: phb 4.941468645446893
0:07:42.120308: phb 4.997111434965608
0:07:42.136050: phb 5.052081259834395
0:07:42.151537: phb 5.103905309850743
0:07:42.167230: phb 5.130582460794949
0:07:42.198544: phb 5.182070565556651
0:07:42.198544: phb 5.223026982176584
0:07:42.214014: phb 5.274565813049228
0:07:42.229821: phb 5.329062276478821
0:07:42.261057: phb 5.348597883793681
0:07:42.276662: phb 5.401981733549223
0:07:43.261084: phb 5.6630830319827785
0:07:43.339176: phb 5.678450448024336
0:07:43.354788: phb 5.711048144666514
0:07:43.370257: phb 5.728796209964907
0:07:43.386076: phb 5.759190720336691
0:07:43.401703: phb 5.798814049537932
0:07:43.417328: phb 5.82071717667139
0:07:43.432948: phb 5.841921527473676
0:07:43.448513: phb 5.867159017701296
0:07:43.464036: phb 5.886728822441414
0:07:43.479748: phb 5.916086560515959
0:07:43.511091: phb 5.938027588662829
0:07:43.526614: phb 5.948335317492993
0:07:43.542313: phb 5.986180109964424
0:07:43.557898: phb 6.009981716469154
0:07:43.573476: phb 6.044001633217301
0:07:43.589188: phb 6.067347307345539
0:07:43.604809: phb 6.092438137006935
0:07:43.620443: phb 6.125305817841773
0:07:43.636074: phb 6.157820067169553
0:07:43.682767: phb 6.19087321159899
0:07:43.682767: phb 6.212750964609154
0:07:43.698427: phb 6.223387191686052
0:07:43.729820: phb 6.243687616747157
0:07:43.776682: phb 6.273402824601357
0:07:43.792297: phb 6.2831848593519535
0:07:43.807923: phb 0.009782482578229335
0:07:43.870268: phb 0.028503879686199725
0:07:43.979787: phb 0.04703808948077252
0:07:44.448566: phb 0.037289493152685864
0:07:44.510985: phb 0.018651443637126303
0:07:44.620431: phb 6.283184880235668
0:07:44.698543: phb 6.273858987694357
0:07:44.854789: phb 6.255211982326842
0:07:45.495430: phb 6.264706178898338
0:07:45.589183: phb 6.28318488805405
0:07:45.636048: phb 0.009155541517986988
0:07:45.714100: phb 0.0272114807557599
0:07:45.823549: phb 0.04492634745193265
0:07:47.526538: phb 0.035629446901008666
0:07:47.698414: phb 0.01782058289939396
0:07:47.823601: phb 6.2831848992587425
0:07:48.932873: phb 0.008910794979023553
0:07:49.104844: phb 0.026726726884624935
0:07:51.807974: phb 0.018479128281248338
0:07:52.698583: phb 6.28318487212043
0:07:52.932958: phb 6.2734975958134305
0:07:54.495454: phb 6.283184863690712
0:07:54.651709: phb 0.009687711366155727
0:08:01.730113: phb 0.049209781367865316
0:08:04.574290: freq 0
0:08:04.574290: amp 0
0:08:04.574290: off 90
0:08:04.574290: phb 0
0:08:05.668115: freq 0
0:08:05.668115: amp 0
0:08:05.668115: off 90
0:08:05.668115: phb 0
0:08:34.762656: off 86
0:08:35.918906: off 91
0:08:35.965742: off 89
0:08:36.137617: off 84
0:08:36.153277: off 83
0:08:36.168894: off 82
0:08:36.184895: off 79
0:08:36.200631: off 75
0:08:36.216330: off 73
0:08:36.231953: off 69
0:08:36.247577: off 65
0:08:36.263157: off 61
0:08:36.278677: off 59
0:08:36.294322: off 54
0:08:36.310030: off 50
0:08:36.325630: off 45
0:08:36.341255: off 43
0:08:36.372504: off 38
0:08:36.388142: off 34
0:08:36.403845: off 28
0:08:36.419497: off 24
0:08:36.435030: off 21
0:08:36.450636: off 15
0:08:36.466319: off 8
0:08:36.481806: off 1
0:08:36.497520: off 0
0:08:55.060509: freq 0
0:08:55.060509: amp 0
0:08:55.060509: off 90
0:08:55.060509: phb 0
0:10:00.142692: freq 0
0:10:00.142692: amp 0
0:10:00.142692: off 90
0:10:00.142692: phb 0
0:11:16.086406: off 97
0:11:16.101981: off 105
0:11:16.133326: off 120
0:11:16.148883: off 140
0:11:16.180218: off 168
0:11:16.180218: off 180
0:11:16.633301: amp 4
0:11:16.789402: amp 9
0:11:16.805169: amp 14
0:11:16.820790: amp 16
0:11:16.836410: amp 22
0:11:16.851980: amp 30
0:11:16.867659: amp 38
0:11:16.883290: amp 43
0:11:16.914491: amp 53
0:11:16.914491: amp 66
0:11:16.930169: amp 79
0:11:16.945742: amp 90
0:11:23.164401: freq 0
0:11:23.164401: amp 0
0:11:23.164401: off 90
0:11:23.164401: phb 0
0:11:34.164482: amp 4
0:11:35.742654: amp 1
0:11:35.820746: amp 6
0:11:35.836409: amp 8
0:11:35.851927: amp 14
0:11:35.867681: amp 21
0:11:35.883313: amp 28
0:11:35.898932: amp 32
0:11:35.914471: amp 41
0:11:35.945803: amp 50
0:11:35.945803: amp 60
0:11:35.961377: amp 71
0:11:35.992564: amp 76
0:11:35.992564: amp 87
0:11:36.023956: amp 90
0:11:36.648946: off 86
0:11:36.805173: off 81
0:11:36.820648: off 78
0:11:36.836436: off 76
0:11:36.852036: off 71
0:11:36.867602: off 66
0:11:36.883287: off 61
0:11:36.898982: off 58
0:11:36.914493: off 52
0:11:36.930001: off 47
0:11:36.945735: off 42
0:11:36.961413: off 37
0:11:36.976988: off 35
0:11:36.992677: off 28
0:11:37.008251: off 22
0:11:37.023881: off 15
0:11:37.055104: off 11
0:11:37.070720: off 2
0:11:37.086429: off 0
0:11:40.492710: freq 0
0:11:40.492710: amp 0
0:11:40.492710: off 90
0:11:40.492710: phb 0
0:12:57.058087: freq 0
0:12:57.058087: amp 0
0:12:57.073650: off 90
0:12:57.073650: phb 0
0:13:24.699341: amp 2
0:13:24.715051: amp 4
0:13:24.730571: amp 7
0:13:24.746163: amp 10
0:13:24.777454: amp 14
0:13:24.793078: amp 16
0:13:24.808671: amp 21
0:13:24.824412: amp 27
0:13:24.840011: amp 33
0:13:24.855615: amp 37
0:13:24.871209: amp 46
0:13:24.886848: amp 57
0:13:24.902451: amp 70
0:13:24.918080: amp 85
0:13:24.936841: amp 90
0:13:25.465978: off 81
0:13:25.544045: off 74
0:13:25.559672: off 73
0:13:25.575278: off 67
0:13:25.590814: off 60
0:13:25.622216: off 49
0:13:25.622216: off 42
0:13:25.637859: off 29
0:13:25.653500: off 12
0:13:25.669061: off 0
0:13:27.653344: freq 0
0:13:27.653344: amp 0
0:13:27.653344: off 90
0:13:27.653344: phb 0
0:13:38.138578: amp 1
0:13:38.154170: amp 4
0:13:38.169803: amp 8
0:13:38.185419: amp 16
0:13:38.201094: amp 24
0:13:38.216778: amp 33
0:13:38.232359: amp 38
0:13:38.248394: amp 51
0:13:38.263942: amp 68
0:13:38.279740: amp 86
0:13:42.139163: amp 83
0:13:42.217287: amp 85
0:13:42.232913: amp 87
0:13:42.248458: amp 90
0:13:43.795240: phb 0.07374008357401149
0:13:43.888991: phb 0.1045783298482241
0:13:43.905275: phb 0.12067345640252376
0:13:43.921097: phb 0.17165672032471999
0:13:43.952301: phb 0.22276201959152614
0:13:43.952301: phb 0.29637996625689833
0:13:43.967790: phb 0.35027013019118847
0:13:43.983533: phb 0.4331836337549271
0:13:44.014864: phb 0.5214625006336564
0:13:44.014864: phb 0.6646530290391122
0:13:44.030288: phb 0.759670025221101
0:13:44.046029: phb 0.9664319378500752
0:13:44.061660: phb 1.1844811881340345
0:13:44.077161: phb 1.3679660333235262
0:13:44.092817: phb 1.5094769457618586
0:13:44.124290: phb 1.5683388098891407
0:13:44.139963: phb 1.651674243092822
0:13:44.155663: phb 1.714709086378078
0:13:44.171958: phb 1.7536038125384688
0:13:44.187072: phb 1.7768326233847542
0:13:44.203474: phb 1.8223291003458837
0:13:44.453157: phb 2.396831733046809
0:13:44.469008: phb 2.458922667990547
0:13:44.484764: phb 2.4986978870532983
0:13:44.500383: phb 2.5848030944395552
0:13:44.515899: phb 2.6890447361436496
0:13:44.531639: phb 2.7718281697791225
0:13:44.547275: phb 2.849587910084034
0:13:44.562892: phb 2.896153842483055
0:13:44.578517: phb 2.978939939592859
0:13:47.188737: freq 0
0:13:47.188737: amp 0
0:13:47.188737: off 90
0:13:47.188737: phb 0
0:13:48.611034: phb 1.7707534485242211
0:13:49.454696: phb 1.9671124846958186
0:13:49.532908: phb 1.9934066823454875
0:13:49.548336: phb 2.0123819942998584
0:13:49.564136: phb 2.0316180653140674
0:13:49.579583: phb 2.0765462935802153
0:13:49.595309: phb 2.1327596735335623
0:13:49.610914: phb 2.175596842453573
0:13:49.626739: phb 2.206319919324851
0:13:49.642371: phb 2.225776578438532
0:13:49.658286: phb 2.247474224143103
0:13:49.658286: phb 2.2860759737784258
0:13:49.689727: phb 2.3254861108812626
0:13:49.705365: phb 2.3352236884226647
0:13:49.720958: phb 2.363510858783662
0:13:49.736688: phb 2.3727199281624016
0:13:49.752165: phb 2.390624499219405
0:13:49.768115: phb 2.4256941804956718
0:13:49.799491: phb 2.441949200091285
0:13:49.940215: phb 2.4312479152205766
0:13:49.956418: phb 2.41419746241153
0:13:49.972060: phb 2.3713170988708208
0:13:49.987859: phb 2.3457590890541775
0:13:50.003440: phb 2.2944591823009044
0:13:50.019113: phb 2.252823105886305
0:13:50.034739: phb 2.183309133588761
0:13:50.050352: phb 2.106929307845485
0:13:50.066287: phb 2.0640580632775434
0:13:50.081959: phb 1.9902469106094434
0:13:50.098373: phb 1.9299017817520832
0:13:50.113378: phb 1.876024420109765
0:13:50.129012: phb 1.851350786717273
0:13:50.144664: phb 1.7895024138419304
0:13:50.161442: phb 1.763763689308893
0:13:50.192358: phb 1.7388867311251304
0:13:50.201540: phb 1.7267668336524014
0:13:50.224017: phb 1.7148571598150366
0:13:50.255662: phb 1.6814888210432342
0:13:50.303557: phb 1.6492335918673497
0:13:50.334849: phb 1.6274149949908414
0:13:50.366057: phb 1.6071390725149926
0:13:50.397332: phb 1.5780981682715172
0:13:50.444215: phb 1.5596156078787273
0:13:50.476150: phb 1.5415435915818636
0:13:50.507530: phb 1.5153290375432036
0:13:50.554356: phb 1.5064322742224288
0:13:50.694920: phb 1.489395020326616
0:13:50.898112: phb 1.4735502836884873
0:13:51.366888: phb 1.4829304864372717
0:13:51.382360: phb 1.5000637662985512
0:13:51.398155: phb 1.5344438189035663
0:13:51.413568: phb 1.5864200616880177
0:13:51.430142: phb 1.6864713330857655
0:13:51.445167: phb 1.8638832347357033
0:13:51.460819: phb 2.2989204683003166
0:13:51.476469: phb 2.456475607061556
0:13:52.539134: phb 2.999330669359973
0:13:52.617269: phb 3.0110449456253803
0:13:52.663972: phb 3.0345809965359027
0:13:52.679728: phb 3.0475106280893405
0:13:52.711013: phb 3.0717615615595752
0:13:52.711013: phb 3.0833705563750864
0:13:52.742234: phb 3.1066347567515296
0:13:52.851645: phb 3.0949963475344036
0:13:52.867190: phb 3.072563696675159
0:13:52.882720: phb 3.049666514418001
0:13:52.898495: phb 2.9928966323674007
0:13:52.914128: phb 2.9260526350153357
0:13:52.929722: phb 2.8687871453649136
0:13:52.945738: phb 2.844026474002424
0:13:52.962413: phb 2.7832772922465865
0:13:52.977571: phb 2.6970820649551204
0:13:52.993224: phb 2.590124546621943
0:13:53.024474: phb 2.5238603922893144
0:13:53.040097: phb 2.3867336931859233
0:13:53.055972: phb 2.2080526180126854
0:13:53.071893: phb 2.050876279978955
0:13:53.087558: phb 1.9310084061844144
0:13:53.103181: phb 1.8814268582371947
0:13:53.118779: phb 1.7963486320383386
0:13:53.134400: phb 1.7340780123297166
0:13:54.853706: phb 1.4246768732581292
0:13:55.651857: phb 1.4719930314093879
0:13:55.761288: phb 1.4507452829555483
0:13:55.792573: phb 1.4296049197984695
0:13:55.854896: phb 1.4190819565188892
0:13:56.073726: phb 1.432539327801496
0:13:56.105028: phb 1.4428805165428975
0:13:56.136674: phb 1.4636425576388385
0:13:56.168448: phb 1.4853931850213453
0:13:56.199694: phb 1.4965132154053478
0:13:56.230990: phb 1.5170472714711245
0:13:56.246502: phb 1.537625848785609
0:13:56.293389: phb 1.5479272503094115
0:13:56.309621: phb 1.5788508992116066
0:13:56.325258: phb 1.5891576507003335
0:13:56.372146: phb 1.6097591556284725
0:13:56.403959: phb 1.6200476635682248
0:14:01.984015: freq 0
0:14:01.984015: amp 0
0:14:01.994433: off 90
0:14:01.994433: phb 0
0:14:02.328275: freq 0
0:14:02.328275: amp 0
0:14:02.328275: off 90
0:14:02.328275: phb 0
0:14:03.921846: freq 0
0:14:04.329019: amp 0
0:14:04.329019: off 90
0:14:04.329019: phb 0
0:14:33.656918: phb 6.035103945300004
0:14:33.735065: phb 6.051035560002753
0:14:33.750666: phb 6.083253055499198
0:14:33.766448: phb 6.129809258168567
0:14:33.782066: phb 6.196022459474496
0:14:33.798432: phb 6.229872023940852
0:14:33.813490: phb 0.036204031320881576
0:14:33.829816: phb 0.14387752068827203
0:14:33.860708: phb 0.23958302583860355
0:14:33.860708: phb 0.2747280254888385
0:14:33.876813: phb 0.3552221440908873
0:14:33.891935: phb 0.42948440304503854
0:14:33.923481: phb 0.494521409382096
0:14:34.001791: phb 0.5260977262406861
0:14:34.001791: phb 0.6200569282345083
0:14:34.001791: phb 0.6967512411698157
0:14:34.001791: phb 0.7947859913817796
0:14:34.080586: phb 0.8427896284994205
0:14:34.080586: phb 0.9514707750567905
0:14:34.080586: phb 1.035891691944368
0:14:34.080586: phb 1.1039133409719237
0:14:34.080586: phb 1.169018721290116
0:14:34.088259: phb 1.2049589646397703
0:14:34.096283: phb 1.2805623588425425
0:14:34.111926: phb 1.370166970232286
0:14:34.127580: phb 1.51144710631108
0:14:34.174586: phb 1.5812134367972883
0:14:34.174586: phb 1.6909714344787001
0:14:34.190051: phb 1.7635055897737542
0:14:34.190051: phb 1.8440191600127263
0:14:34.221498: phb 1.9124447844007595
0:14:34.237115: phb 1.942215833277303
0:14:34.252724: phb 1.9824040082989565
0:14:34.268178: phb 2.0204592646530797
0:14:34.299604: phb 2.0527085614606366
0:14:34.315180: phb 2.0839050535381807
0:14:34.331024: phb 2.0991069198101413
0:14:34.346855: phb 2.114043072406442
0:14:34.378087: phb 2.1379211614857625
0:14:34.393654: phb 2.154765002376618
0:14:34.409763: phb 2.1719425850533165
0:14:34.425300: phb 2.2072948096446923
0:14:34.456626: phb 2.22546766722604
0:14:34.456626: phb 2.2889707075392134
0:14:34.487981: phb 2.3348504826921794
0:14:34.504011: phb 2.381434382738278
0:14:34.519801: phb 2.4151478064865075
0:14:34.535432: phb 2.483457101672079
0:14:34.551084: phb 2.576706627893421
0:14:34.566543: phb 2.668109114570816
0:14:34.582145: phb 2.743673199648005
0:14:34.597805: phb 2.7621322524188336
0:14:34.613511: phb 2.8446698002810344
0:14:34.629147: phb 2.9279213392652115
0:14:34.645477: phb 3.0094181038068597
0:14:34.660620: phb 3.0507335904794077
0:14:34.676290: phb 3.13157122518019
0:14:34.691892: phb 3.228934874960821
0:14:34.723162: phb 3.311718953760253
0:14:34.728927: phb 3.3485475158188107
0:14:34.754731: phb 3.411601016420839
0:14:34.770917: phb 3.4810410411915376
0:14:34.786846: phb 3.539154748034385
0:14:34.802634: phb 3.594566883988348
0:14:34.818219: phb 3.6213682435435137
0:14:34.833861: phb 3.6627010081570557
0:14:35.763259: phb 4.281716399174589
0:14:35.773638: phb 4.31871806446918
0:14:35.789791: phb 4.407532222684111
0:14:35.805779: phb 4.503430500279824
0:14:35.821441: phb 4.590277945677359
0:14:35.837223: phb 4.629798017114337
0:14:35.852793: phb 4.725781039106233
0:14:35.868286: phb 4.817957286796959
0:14:35.884196: phb 4.889555564091813
0:14:35.899828: phb 4.9570036602392085
0:14:35.915548: phb 4.983295487395809
0:14:35.931263: phb 5.052169357833529
0:14:35.946704: phb 5.1116096761126295
0:14:35.962516: phb 5.184101916619696
0:14:35.993657: phb 5.218216661664632
0:14:35.993657: phb 5.292151505275938
0:14:36.009258: phb 5.363267511790965
0:14:36.025578: phb 5.435777880622841
0:14:36.056220: phb 5.472326987321782
0:14:36.072022: phb 5.527248603057777
0:14:36.087744: phb 5.581993183822326
0:14:36.103490: phb 5.636236966579479
0:14:36.119183: phb 5.646549692894269
0:14:37.634798: amp 5
0:14:37.681670: amp 8
0:14:37.712923: amp 16
0:14:37.712923: amp 21
0:14:37.728479: amp 32
0:14:37.744196: amp 47
0:14:37.759743: amp 64
0:14:37.775252: amp 74
0:14:37.806721: amp 90
0:14:38.431721: off 95
0:14:38.525279: off 101
0:14:38.525279: off 117
0:14:38.541002: off 138
0:14:38.572245: off 150
0:14:38.587977: off 179
0:14:38.603586: off 180
0:14:39.197326: freq 0.05
0:14:39.197326: freq 0.1
0:14:39.228563: freq 0.25
0:14:39.228563: freq 0.3
0:14:39.244104: freq 0.45
0:14:39.259747: freq 0.6
0:14:39.291069: freq 0.7
0:14:39.291069: freq 0.9
0:14:39.306615: freq 1
0:15:13.510411: freq 0
0:15:13.510411: amp 0
0:15:13.510411: off 90
0:15:13.510411: phb 0
0:15:36.322782: off 91
0:15:36.416541: off 97
0:15:36.432272: off 100
0:15:36.447881: off 106
0:15:36.463546: off 113
0:15:36.479273: off 121
0:15:36.494845: off 128
0:15:36.510449: off 132
0:15:36.525907: off 141
0:15:36.541654: off 150
0:15:36.557289: off 160
0:15:36.572909: off 165
0:15:36.604230: off 176
0:15:36.604230: off 180
0:15:38.010447: amp 4
0:15:38.026065: amp 8
0:15:38.041720: amp 11
0:15:38.057339: amp 16
0:15:38.072914: amp 21
0:15:38.088595: amp 24
0:15:38.104135: amp 30
0:15:38.119775: amp 37
0:15:38.151125: amp 43
0:15:38.151125: amp 50
0:15:38.182289: amp 54
0:15:38.197843: amp 62
0:15:38.213596: amp 70
0:15:38.229218: amp 78
0:15:38.244821: amp 82
0:15:38.260285: amp 90
0:15:43.400933: freq 0
0:15:43.400933: amp 0
0:15:43.400933: off 90
0:15:43.400933: phb 0
0:17:40.979037: freq 0
0:17:41.385437: amp 0
0:17:41.385437: off 90
0:17:41.385437: phb 0
