0:00:05.047162: Player 0 connected. (A)
0:00:09.922263: Player 1 connected. (B)
0:00:12.078562: Player 2 connected. (c)
0:00:18.172172: Player 3 connected. (D)
0:06:39.760567: Player 2 disconnected. (c)
0:06:41.385534: Player 2 connected. (c)
0:07:30.776576: Player 2 disconnected. (c)
0:07:37.464109: Player 2 connected. (c)
0:14:16.992403: Player 2 disconnected. (c)
0:14:23.653819: Player 2 connected. (c)
0:18:21.248464: Player 3 disconnected. (D)
0:18:24.859068: Player 2 disconnected. (c)
0:18:26.890275: Player 0 disconnected. (A)
0:18:30.562640: Player 1 disconnected. (B)
0:25:21.442190: Teacher sent feedback: Check relatie
0:25:22.832902: Teacher sent feedback: Check relatie
0:25:23.004778: Teacher sent feedback: Check relatie
0:25:24.035998: Teacher sent feedback: Check relatie
0:25:24.520402: Teacher sent feedback: Check relatie
0:25:28.410852: Teacher sent feedback: Check relatie
0:25:32.301615: Teacher sent feedback: Check relatie
0:25:52.910985: Player 0 connected. (D)
0:26:07.207713: Teacher sent feedback: Check phase
0:26:13.489488: Teacher sent feedback: Check relatie
0:26:16.989382: Teacher sent feedback: Check amplitude
0:26:18.661321: Teacher sent feedback: Check frequency
0:26:20.802437: Teacher sent feedback: Check phase
0:27:07.413303: Teacher sent feedback: Om te ondenken wat relatie is. Zet omvang op dat en snelheid op dat
0:27:17.382112: Teacher sent feedback: Om te ondenken wat relatie is. Zet omvang op dat en snelheid op dat
0:27:49.179024: Teacher sent feedback: Check phase
0:28:40.694371: Teacher sent feedback: Check phase
0:28:44.756952: Teacher sent feedback: Check frequency
0:28:47.631791: Teacher sent feedback: Check amplitude
0:28:51.725655: Teacher sent feedback: Check phase
0:28:53.006905: Teacher sent feedback: Check phase
0:28:55.350652: Teacher sent feedback: Check amplitude
0:29:01.616267: Teacher sent feedback: Check amplitude
0:29:04.960074: Teacher sent feedback: Check frequency
0:32:10.011207: Player 1 connected. (c)
0:37:53.005166: Player 1 disconnected. (c)
0:37:56.661598: Player 0 disconnected. (D)
