Time, Frequency, Amplitude, Offset, PhaseShift, Phase
0:00:00.057174, 0.0, 0.0, 90.0, 0.0, 0.0
0:00:00.146937, 0.0, 0.0, 90.0, 0.0, 0.0
0:00:00.237865, 0.0, 0.0, 90.0, 0.0, 0.0
0:00:00.331028, 0.0, 0.0, 90.0, 0.0, 0.0
0:00:00.422987, 0.0, 0.0, 90.0, 0.0, 0.0
0:00:00.514155, 0.0, 0.0, 90.0, 0.0, 0.0
0:00:00.607488, 0.0, 0.0, 90.0, 0.0, 0.0
0:00:00.701335, 0.0, 0.0, 90.0, 0.0, 0.0
0:00:00.778140, 0.0, 0.0, 90.0, 0.0, 0.0
0:00:00.886178, 0.0, 0.0, 90.0, 0.0, 0.0
0:00:00.980454, 0.0, 0.0, 90.0, 0.0, 0.0
0:00:01.074517, 0.0, 0.0, 90.0, 0.0, 0.0
0:00:01.167218, 0.0, 0.0, 90.0, 0.0, 0.0
0:00:01.260529, 0.0, 0.0, 90.0, 0.0, 0.0
0:00:01.354210, 0.0, 0.0, 90.0, 0.0, 0.0
0:00:01.448216, 0.0, 0.0, 90.0, 0.0, 0.0
0:00:01.526049, 0.0, 0.0, 90.0, 0.0, 0.0
0:00:01.635531, 0.0, 0.0, 90.0, 0.0, 0.0
0:00:01.744664, 0.0, 0.0, 90.0, 0.0, 0.0
0:00:01.851927, 0.0, 0.0, 90.0, 0.0, 0.0
0:00:01.946079, 0.0, 0.0, 90.0, 0.0, 0.0
0:00:02.039007, 0.0, 0.0, 90.0, 0.0, 0.0
0:00:02.133168, 0.0, 0.0, 90.0, 0.0, 0.0
0:00:02.211727, 0.0, 0.0, 90.0, 0.0, 0.0
0:00:02.320726, 0.0, 0.0, 90.0, 0.0, 0.0
0:00:02.415613, 0.0, 0.0, 90.0, 0.0, 0.0
0:00:02.494109, 0.0, 0.0, 90.0, 0.0, 0.0
0:00:02.588124, 0.0, 0.0, 90.0, 0.0, 0.0
0:00:02.683377, 0.0, 0.0, 90.0, 0.0, 0.0
0:00:02.777921, 0.0, 0.0, 90.0, 0.0, 0.0
0:00:02.872169, 0.0, 0.0, 90.0, 0.0, 0.0
0:00:02.966047, 0.0, 0.0, 90.0, 0.0, 0.0
0:00:03.044293, 0.0, 0.0, 90.0, 0.0, 0.0
0:00:03.152783, 0.0, 0.0, 90.0, 0.0, 0.0
0:00:03.246259, 0.0, 0.0, 90.0, 0.0, 0.0
0:00:03.339143, 0.0, 0.0, 90.0, 0.0, 0.0
0:00:03.447945, 0.0, 0.0, 90.0, 0.0, 0.0
0:00:03.543858, 0.0, 0.0, 90.0, 0.0, 0.0
0:00:03.636321, 0.0, 0.0, 90.0, 0.0, 0.0
0:00:03.731649, 0.0, 0.0, 90.0, 0.0, 0.0
0:00:03.825224, 0.0, 0.0, 90.0, 0.0, 0.0
0:00:03.919785, 0.0, 0.0, 90.0, 0.0, 0.0
0:00:04.012609, 0.0, 0.0, 90.0, 0.0, 0.0
0:00:04.120764, 0.0, 0.0, 90.0, 0.0, 0.0
0:00:04.197169, 0.0, 0.0, 90.0, 0.0, 0.0
0:00:04.306228, 0.0, 0.0, 90.0, 0.0, 0.0
0:00:04.406057, 0.0, 0.0, 90.0, 0.0, 0.0
0:00:04.492499, 0.0, 0.0, 90.0, 0.0, 0.0
0:00:04.588852, 0.0, 0.0, 90.0, 0.0, 0.0
0:00:04.679428, 0.0, 0.0, 90.0, 0.0, 0.0
0:00:04.774710, 0.0, 0.0, 90.0, 0.0, 0.0
0:00:04.868332, 0.0, 0.0, 90.0, 0.0, 0.0
0:00:04.962733, 0.0, 0.0, 90.0, 0.0, 0.0
0:00:05.167658, 0.0, 0.0, 90.0, 0.0, 0.0
0:00:05.261163, 0.0, 0.0, 90.0, 0.0, 0.0
0:00:05.355023, 0.0, 0.0, 90.0, 0.0, 0.0
0:00:05.454164, 0.0, 0.0, 90.0, 0.0, 0.0
0:00:05.549004, 0.0, 0.0, 90.0, 0.0, 0.0
0:00:05.643449, 0.0, 0.0, 90.0, 0.0, 0.0
0:00:05.738161, 0.0, 0.0, 90.0, 0.0, 0.0
0:00:05.833157, 0.0, 0.0, 90.0, 0.0, 0.0
0:00:05.944230, 0.0, 0.0, 90.0, 0.0, 0.0
0:00:06.054435, 0.0, 0.0, 90.0, 0.0, 0.0
0:00:06.133211, 0.0, 0.0, 90.0, 0.0, 0.0
0:00:06.227349, 0.0, 0.0, 90.0, 0.0, 0.0
0:00:06.322958, 0.0, 0.0, 90.0, 0.0, 0.0
0:00:06.402022, 0.0, 0.0, 90.0, 0.0, 0.0
0:00:06.496660, 0.0, 0.0, 90.0, 0.0, 0.0
0:00:06.591093, 0.0, 0.0, 90.0, 0.0, 0.0
0:00:06.700964, 0.0, 0.0, 90.0, 0.0, 0.0
0:00:06.779029, 0.0, 0.0, 90.0, 0.0, 0.0
0:00:06.873969, 0.0, 0.0, 90.0, 0.0, 0.0
0:00:06.967941, 0.0, 0.0, 90.0, 0.0, 0.0
0:00:07.062103, 0.0, 0.0, 90.0, 0.0, 0.0
0:00:07.156236, 0.0, 0.0, 90.0, 0.0, 0.0
0:00:07.250675, 0.0, 0.0, 90.0, 0.0, 0.0
0:00:07.344942, 0.0, 0.0, 90.0, 0.0, 0.0
0:00:07.439864, 0.0, 0.0, 90.0, 0.0, 0.0
0:00:07.534696, 0.0, 0.0, 90.0, 0.0, 0.0
0:00:07.629001, 0.0, 0.0, 90.0, 0.0, 0.0
0:00:07.723367, 0.0, 0.0, 90.0, 0.0, 0.0
0:00:07.817279, 0.0, 0.0, 90.0, 0.0, 0.0
0:00:07.911695, 0.0, 0.0, 90.0, 0.0, 0.0
0:00:08.005763, 0.0, 0.0, 90.0, 0.0, 0.0
0:00:08.100289, 0.0, 0.0, 90.0, 0.0, 0.0
0:00:08.194951, 0.0, 0.0, 90.0, 0.0, 0.0
0:00:08.288758, 0.0, 0.0, 90.0, 0.0, 0.0
0:00:08.383516, 0.0, 0.0, 90.0, 0.0, 0.0
0:00:08.478217, 0.0, 0.0, 90.0, 0.0, 0.0
0:00:08.572194, 0.0, 0.0, 90.0, 0.0, 0.0
0:00:08.650958, 0.0, 0.0, 90.0, 0.0, 0.0
0:00:08.744999, 0.0, 0.0, 90.0, 0.0, 0.0
0:00:08.838569, 0.0, 0.0, 90.0, 0.0, 0.0
0:00:08.932928, 0.0, 0.0, 90.0, 0.0, 0.0
0:00:09.026974, 0.0, 0.0, 90.0, 0.0, 0.0
0:00:09.121292, 0.0, 0.0, 90.0, 0.0, 0.0
0:00:09.215617, 0.0, 0.0, 90.0, 0.0, 0.0
0:00:09.309616, 0.0, 0.0, 90.0, 0.0, 0.0
0:00:09.404525, 0.0, 0.0, 90.0, 0.0, 0.0
0:00:09.499790, 0.0, 0.0, 90.0, 0.0, 0.0
0:00:09.595041, 0.0, 0.0, 90.0, 0.0, 0.0
0:00:09.689236, 0.0, 0.0, 90.0, 0.0, 0.0
0:00:09.783633, 0.0, 0.0, 90.0, 0.0, 0.0
0:00:09.878434, 0.0, 0.0, 90.0, 0.0, 0.0
0:00:09.972850, 0.0, 0.0, 90.0, 0.0, 0.0
0:00:10.067869, 0.0, 0.0, 90.0, 0.0, 0.0
0:00:10.257258, 0.0, 0.0, 90.0, 0.0, 0.0
0:00:10.351390, 0.0, 0.0, 90.0, 0.0, 0.0
0:00:10.446035, 0.0, 0.0, 90.0, 0.0, 0.0
0:00:10.540337, 0.0, 0.0, 90.0, 0.0, 0.0
0:00:10.634669, 0.0, 0.0, 90.0, 0.0, 0.0
0:00:10.729539, 0.0, 0.0, 90.0, 0.0, 0.0
0:00:10.808866, 0.0, 0.0, 90.0, 0.0, 0.0
0:00:10.904322, 0.0, 0.0, 90.0, 0.0, 0.0
0:00:10.998541, 0.0, 0.0, 90.0, 0.0, 0.0
0:00:11.093072, 0.0, 0.0, 90.0, 0.0, 0.0
0:00:11.187221, 0.0, 0.0, 90.0, 0.0, 0.0
0:00:11.281096, 0.0, 0.0, 90.0, 0.0, 0.0
0:00:11.375020, 0.0, 0.0, 90.0, 0.0, 0.0
0:00:11.470845, 0.0, 0.0, 90.0, 0.0, 0.0
0:00:11.565426, 0.0, 0.0, 90.0, 0.0, 0.0
0:00:11.659635, 0.0, 0.0, 90.0, 0.0, 0.0
0:00:11.753589, 0.0, 0.0, 90.0, 0.0, 0.0
0:00:11.847922, 0.0, 0.0, 90.0, 0.0, 0.0
0:00:11.941841, 0.0, 0.0, 90.0, 0.0, 0.0
0:00:12.036991, 0.0, 0.0, 90.0, 0.0, 0.0
0:00:12.131128, 0.0, 0.0, 90.0, 0.0, 0.0
0:00:12.225281, 0.0, 0.0, 90.0, 0.0, 0.0
0:00:12.319704, 0.0, 0.0, 90.0, 0.0, 0.0
0:00:12.414436, 0.0, 0.0, 90.0, 0.0, 0.0
0:00:12.509579, 0.0, 0.0, 90.0, 0.0, 0.0
0:00:12.603759, 0.0, 0.0, 90.0, 0.0, 0.0
0:00:12.697672, 0.0, 0.0, 90.0, 0.0, 0.0
0:00:12.775941, 0.0, 0.0, 90.0, 0.0, 0.0
0:00:12.870734, 0.0, 0.0, 90.0, 0.0, 0.0
0:00:12.965489, 0.0, 0.0, 90.0, 0.0, 0.0
0:00:13.059312, 0.0, 0.0, 90.0, 0.0, 0.0
0:00:13.153457, 0.0, 0.0, 90.0, 0.0, 0.0
0:00:13.263301, 0.0, 0.0, 90.0, 0.0, 0.0
0:00:13.342668, 0.0, 0.0, 90.0, 0.0, 0.0
0:00:13.437714, 0.0, 0.0, 90.0, 0.0, 0.0
0:00:13.533150, 0.0, 0.0, 90.0, 0.0, 0.0
0:00:13.627563, 0.0, 0.0, 90.0, 0.0, 0.0
0:00:13.722687, 0.0, 0.0, 90.0, 0.0, 0.0
0:00:13.817231, 0.0, 0.0, 90.0, 0.0, 0.0
0:00:13.911910, 0.0, 0.0, 90.0, 0.0, 0.0
0:00:14.005955, 0.0, 0.0, 90.0, 0.0, 0.0
0:00:14.099694, 0.0, 0.0, 90.0, 0.0, 0.0
0:00:14.180027, 0.0, 0.0, 90.0, 0.0, 0.0
0:00:14.287781, 0.0, 0.0, 90.0, 0.0, 0.0
0:00:14.381932, 0.0, 0.0, 90.0, 0.0, 0.0
0:00:14.476426, 0.0, 0.0, 90.0, 0.0, 0.0
0:00:14.571097, 0.0, 0.0, 90.0, 0.0, 0.0
0:00:14.665163, 0.0, 0.0, 90.0, 0.0, 0.0
0:00:14.759761, 0.0, 0.0, 90.0, 0.0, 0.0
0:00:14.838649, 0.0, 0.0, 90.0, 0.0, 0.0
0:00:14.933671, 0.0, 0.0, 90.0, 0.0, 0.0
0:00:15.027816, 0.0, 0.0, 90.0, 0.0, 0.0
0:00:15.122323, 0.0, 0.0, 90.0, 0.0, 0.0
0:00:15.311059, 0.0, 0.0, 90.0, 0.0, 0.0
0:00:15.405039, 0.0, 0.0, 90.0, 0.0, 0.0
0:00:15.499570, 0.0, 0.0, 90.0, 0.0, 0.0
0:00:15.594676, 0.0, 0.0, 90.0, 0.0, 0.0
0:00:15.688460, 0.0, 0.0, 90.0, 0.0, 0.0
0:00:15.782938, 0.0, 0.0, 90.0, 0.0, 0.0
0:00:15.877030, 0.0, 0.0, 90.0, 0.0, 0.0
0:00:15.971240, 0.0, 0.0, 90.0, 0.0, 0.0
0:00:16.065612, 0.0, 0.0, 90.0, 0.0, 0.0
0:00:16.160211, 0.0, 0.0, 90.0, 0.0, 0.0
0:00:16.254233, 0.0, 0.0, 90.0, 0.0, 0.0
0:00:16.348456, 0.0, 0.0, 90.0, 0.0, 0.0
0:00:16.442594, 0.0, 0.0, 90.0, 0.0, 0.0
0:00:16.536950, 0.0, 0.0, 90.0, 0.0, 0.0
0:00:16.631200, 0.0, 0.0, 90.0, 0.0, 0.0
0:00:16.725543, 0.0, 0.0, 90.0, 0.0, 0.0
0:00:16.820236, 0.0, 0.0, 90.0, 0.0, 0.0
0:00:16.914168, 0.0, 0.0, 90.0, 0.0, 0.0
0:00:17.008489, 0.0, 0.0, 90.0, 0.0, 0.0
0:00:17.103022, 0.0, 0.0, 90.0, 0.0, 0.0
0:00:17.197712, 0.0, 0.0, 90.0, 0.0, 0.0
0:00:17.291183, 0.0, 0.0, 90.0, 0.0, 0.0
0:00:17.370889, 0.0, 0.0, 90.0, 0.0, 0.0
0:00:17.465067, 0.0, 0.0, 90.0, 0.0, 0.0
0:00:17.560804, 0.0, 0.0, 90.0, 0.0, 0.0
0:00:17.655205, 0.0, 0.0, 90.0, 0.0, 0.0
0:00:17.749229, 0.0, 0.0, 90.0, 0.0, 0.0
0:00:17.843649, 0.0, 0.0, 90.0, 0.0, 0.0
0:00:17.937570, 0.0, 0.0, 90.0, 0.0, 0.0
0:00:18.032005, 0.0, 0.0, 90.0, 0.0, 0.0
0:00:18.126298, 0.0, 0.0, 90.0, 0.0, 0.0
0:00:18.221671, 0.0, 0.0, 90.0, 0.0, 0.0
0:00:18.299561, 0.0, 0.0, 90.0, 0.0, 0.0
0:00:18.411082, 0.0, 0.0, 90.0, 0.0, 0.0
0:00:18.522029, 0.0, 0.0, 90.0, 0.0, 0.0
0:00:18.600573, 0.0, 0.0, 90.0, 0.0, 0.0
0:00:18.694559, 0.0, 0.0, 90.0, 0.0, 0.0
0:00:18.805061, 0.0, 0.0, 90.0, 0.0, 0.0
0:00:18.915389, 0.0, 0.0, 90.0, 0.0, 0.0
0:00:19.009745, 0.0, 0.0, 90.0, 0.0, 0.0
0:00:19.104103, 0.0, 0.0, 90.0, 0.0, 0.0
0:00:19.182409, 0.0, 0.0, 90.0, 0.0, 0.0
0:00:19.276875, 0.0, 0.0, 90.0, 0.0, 0.0
0:00:19.371098, 0.0, 0.0, 90.0, 0.0, 0.0
0:00:19.465481, 0.0, 0.0, 90.0, 0.0, 0.0
0:00:19.560238, 0.0, 0.0, 90.0, 0.0, 0.0
0:00:19.654763, 0.0, 0.0, 90.0, 0.0, 0.0
0:00:19.749863, 0.0, 0.0, 90.0, 0.0, 0.0
0:00:19.845690, 0.0, 0.0, 90.0, 0.0, 0.0
0:00:19.940421, 0.0, 0.0, 90.0, 0.0, 0.0
0:00:20.035850, 0.0, 0.0, 90.0, 0.0, 0.0
0:00:20.130380, 0.0, 0.0, 90.0, 0.0, 0.0
0:00:20.319791, 0.0, 0.0, 90.0, 0.0, 0.0
0:00:20.414798, 0.0, 0.0, 90.0, 0.0, 0.0
0:00:20.510335, 0.0, 0.0, 90.0, 0.0, 0.0
0:00:20.604599, 0.0, 0.0, 90.0, 0.0, 0.0
0:00:20.699144, 0.0, 0.0, 90.0, 0.0, 0.0
0:00:20.793773, 0.0, 0.0, 90.0, 0.0, 0.0
0:00:20.889300, 0.0, 0.0, 90.0, 0.0, 0.0
0:00:20.983621, 0.0, 0.0, 90.0, 0.0, 0.0
0:00:21.077642, 0.0, 0.0, 90.0, 0.0, 0.0
0:00:21.171950, 0.0, 0.0, 90.0, 0.0, 0.0
0:00:21.265893, 0.0, 0.0, 90.0, 0.0, 0.0
0:00:21.360270, 0.0, 0.0, 90.0, 0.0, 0.0
0:00:21.454166, 0.0, 0.0, 90.0, 0.0, 0.0
0:00:21.548394, 0.0, 0.0, 90.0, 0.0, 0.0
0:00:21.643014, 0.0, 0.0, 90.0, 0.0, 0.0
0:00:21.737653, 0.0, 0.0, 90.0, 0.0, 0.0
0:00:21.832186, 0.0, 0.0, 90.0, 0.0, 0.0
0:00:21.926839, 0.0, 0.0, 90.0, 0.0, 0.0
0:00:22.020791, 0.0, 0.0, 90.0, 0.0, 0.0
0:00:22.115409, 0.0, 0.0, 90.0, 0.0, 0.0
0:00:22.209814, 0.0, 0.0, 90.0, 0.0, 0.0
0:00:22.303790, 0.0, 0.0, 90.0, 0.0, 0.0
0:00:22.397800, 0.0, 0.0, 90.0, 0.0, 0.0
0:00:22.492069, 0.0, 0.0, 90.0, 0.0, 0.0
0:00:22.586212, 0.0, 0.0, 90.0, 0.0, 0.0
0:00:22.680647, 0.0, 0.0, 90.0, 0.0, 0.0
0:00:22.774763, 0.0, 0.0, 90.0, 0.0, 0.0
0:00:22.869017, 0.0, 0.0, 90.0, 0.0, 0.0
0:00:22.963012, 0.0, 0.0, 90.0, 0.0, 0.0
0:00:23.057341, 0.0, 0.0, 90.0, 0.0, 0.0
0:00:23.151451, 0.0, 0.0, 90.0, 0.0, 0.0
0:00:23.245738, 0.0, 0.0, 90.0, 0.0, 0.0
0:00:23.340156, 0.0, 0.0, 90.0, 0.0, 0.0
0:00:23.434898, 0.0, 0.0, 90.0, 0.0, 0.0
0:00:23.528244, 0.0, 0.0, 90.0, 0.0, 0.0
0:00:23.638408, 0.0, 0.0, 90.0, 0.0, 0.0
0:00:23.716974, 0.0, 0.0, 90.0, 0.0, 0.0
0:00:23.810891, 0.0, 0.0, 90.0, 0.0, 0.0
0:00:23.905320, 0.0, 0.0, 90.0, 0.0, 0.0
0:00:23.999575, 0.0, 0.0, 90.0, 0.0, 0.0
0:00:24.093675, 0.0, 0.0, 90.0, 0.0, 0.0
0:00:24.188221, 0.0, 0.0, 90.0, 0.0, 0.0
0:00:24.282383, 0.0, 0.0, 90.0, 0.0, 0.0
0:00:24.376758, 0.0, 0.0, 90.0, 0.0, 0.0
0:00:24.471058, 0.0, 0.0, 90.0, 0.0, 0.0
0:00:24.565168, 0.0, 0.0, 90.0, 0.0, 0.0
0:00:24.659718, 0.0, 0.0, 90.0, 0.0, 0.0
0:00:24.753643, 0.0, 0.0, 90.0, 0.0, 0.0
0:00:24.847396, 0.0, 0.0, 90.0, 0.0, 0.0
0:00:24.941734, 0.0, 0.0, 90.0, 0.0, 0.0
0:00:25.035955, 0.0, 0.0, 90.0, 0.0, 0.0
0:00:25.130165, 0.0, 0.0, 90.0, 0.0, 0.0
0:00:25.224794, 0.0, 0.0, 90.0, 0.0, 0.0
0:00:25.319271, 0.0, 0.0, 90.0, 0.0, 0.0
0:00:25.413183, 0.0, 0.0, 90.0, 0.0, 0.0
0:00:25.507453, 0.0, 0.0, 90.0, 0.0, 0.0
0:00:25.601531, 0.0, 0.0, 90.0, 0.0, 0.0
0:00:25.695864, 0.0, 0.0, 90.0, 0.0, 0.0
0:00:25.790351, 0.0, 0.0, 90.0, 0.0, 0.0
0:00:25.884537, 0.0, 0.0, 90.0, 0.0, 0.0
0:00:25.978731, 0.0, 0.0, 90.0, 0.0, 0.0
0:00:26.057392, 0.0, 0.0, 90.0, 0.0, 0.0
0:00:26.167190, 0.0, 0.0, 90.0, 0.0, 0.0
0:00:26.246137, 0.0, 0.0, 90.0, 0.0, 0.0
0:00:26.340743, 0.0, 0.0, 90.0, 0.0, 0.0
0:00:26.434646, 0.0, 0.0, 90.0, 0.0, 0.0
0:00:26.528634, 0.0, 0.0, 90.0, 0.0, 0.0
0:00:26.623212, 0.0, 0.0, 90.0, 0.0, 0.0
0:00:26.717048, 0.0, 0.0, 90.0, 0.0, 0.0
0:00:26.811208, 0.0, 0.0, 90.0, 0.0, 0.0
0:00:26.905235, 0.0, 0.0, 90.0, 0.0, 0.0
0:00:26.999128, 0.0, 0.0, 90.0, 0.0, 0.0
0:00:27.093162, 0.0, 0.0, 90.0, 0.0, 0.0
0:00:27.187495, 0.0, 0.0, 90.0, 0.0, 0.0
0:00:27.281517, 0.0, 0.0, 90.0, 0.0, 0.0
0:00:27.375914, 0.0, 0.0, 90.0, 0.0, 0.0
0:00:27.469167, 0.0, 0.0, 90.0, 0.0, 0.0
0:00:27.563583, 0.0, 0.0, 90.0, 0.0, 0.0
0:00:27.657568, 0.0, 0.0, 90.0, 0.0, 0.0
0:00:27.752335, 0.0, 0.0, 90.0, 0.0, 0.0
0:00:27.846672, 0.0, 0.0, 90.0, 0.0, 0.0
0:00:27.940909, 0.0, 0.0, 90.0, 0.0, 0.0
0:00:28.035074, 0.0, 0.0, 90.0, 0.0, 0.0
0:00:28.129205, 0.0, 0.0, 90.0, 0.0, 0.0
0:00:28.225155, 0.0, 0.0, 90.0, 0.0, 0.0
0:00:28.317666, 0.0, 0.0, 90.0, 0.0, 0.0
0:00:28.411711, 0.0, 0.0, 90.0, 0.0, 0.0
0:00:28.505926, 0.0, 0.0, 90.0, 0.0, 0.0
0:00:28.600059, 0.0, 0.0, 90.0, 0.0, 0.0
0:00:28.694289, 0.0, 0.0, 90.0, 0.0, 0.0
0:00:28.788229, 0.0, 0.0, 90.0, 0.0, 0.0
0:00:28.882563, 0.0, 0.0, 90.0, 0.0, 0.0
0:00:28.976731, 0.0, 0.0, 90.0, 0.0, 0.0
0:00:29.070969, 0.0, 0.0, 90.0, 0.0, 0.0
0:00:29.165145, 0.0, 0.0, 90.0, 0.0, 0.0
0:00:29.259746, 0.0, 0.0, 90.0, 0.0, 0.0
0:00:29.354205, 0.0, 0.0, 90.0, 0.0, 0.0
0:00:29.432780, 0.0, 0.0, 90.0, 0.0, 0.0
0:00:29.526698, 0.0, 0.0, 90.0, 0.0, 0.0
0:00:29.620865, 0.0, 0.0, 90.0, 0.0, 0.0
0:00:29.715019, 0.0, 0.0, 90.0, 0.0, 0.0
0:00:29.809239, 0.0, 0.0, 90.0, 0.0, 0.0
0:00:29.903254, 0.0, 0.0, 90.0, 0.0, 0.0
0:00:29.997560, 0.0, 0.0, 90.0, 0.0, 0.0
0:00:30.091632, 0.0, 0.0, 90.0, 0.0, 0.0
0:00:30.185931, 0.0, 0.0, 90.0, 0.0, 0.0
0:00:30.279975, 0.0, 0.0, 90.0, 0.0, 0.0
0:00:30.358482, 0.0, 0.0, 90.0, 0.0, 0.0
0:00:30.468281, 0.0, 0.0, 90.0, 0.0, 0.0
0:00:30.562402, 0.0, 0.0, 90.0, 0.0, 0.0
0:00:30.656974, 0.0, 0.0, 90.0, 0.0, 0.0
0:00:30.751441, 0.0, 0.0, 90.0, 0.0, 0.0
0:00:30.845317, 0.0, 0.0, 90.0, 0.0, 0.0
0:00:30.939480, 0.0, 0.0, 90.0, 0.0, 0.0
0:00:31.033446, 0.0, 0.0, 90.0, 0.0, 0.0
0:00:31.127409, 0.0, 0.0, 90.0, 0.0, 0.0
0:00:31.221522, 0.0, 0.0, 90.0, 0.0, 0.0
0:00:31.315711, 0.0, 0.0, 90.0, 0.0, 0.0
0:00:31.409857, 0.0, 0.0, 90.0, 0.0, 0.0
0:00:31.504122, 0.0, 0.0, 90.0, 0.0, 0.0
0:00:31.598137, 0.0, 0.0, 90.0, 0.0, 0.0
0:00:31.692354, 0.0, 0.0, 90.0, 0.0, 0.0
0:00:31.786532, 0.0, 0.0, 90.0, 0.0, 0.0
0:00:31.880807, 0.0, 0.0, 90.0, 0.0, 0.0
0:00:31.975145, 0.0, 0.0, 90.0, 0.0, 0.0
0:00:32.069171, 0.0, 0.0, 90.0, 0.0, 0.0
0:00:32.163881, 0.0, 0.0, 90.0, 0.0, 0.0
0:00:32.258228, 0.0, 0.0, 90.0, 0.0, 0.0
0:00:32.352762, 0.0, 0.0, 90.0, 0.0, 0.0
0:00:32.446748, 0.0, 0.0, 90.0, 0.0, 0.0
0:00:32.541284, 0.0, 0.0, 90.0, 0.0, 0.0
0:00:32.635062, 0.0, 0.0, 90.0, 0.0, 0.0
0:00:32.729651, 0.0, 0.0, 90.0, 0.0, 0.0
0:00:32.823841, 0.0, 0.0, 90.0, 0.0, 0.0
0:00:32.918009, 0.0, 0.0, 90.0, 0.0, 0.0
0:00:33.012256, 0.0, 0.0, 90.0, 0.0, 0.0
0:00:33.106427, 0.0, 0.0, 90.0, 0.0, 0.0
0:00:33.200543, 0.0, 0.0, 90.0, 0.0, 0.0
0:00:33.294898, 0.0, 0.0, 90.0, 0.0, 0.0
0:00:33.388954, 0.0, 0.0, 90.0, 0.0, 0.0
0:00:33.483309, 0.0, 0.0, 90.0, 0.0, 0.0
0:00:33.577291, 0.0, 0.0, 90.0, 0.0, 0.0
0:00:33.671998, 0.0, 0.0, 90.0, 0.0, 0.0
0:00:33.766273, 0.0, 0.0, 90.0, 0.0, 0.0
0:00:33.860534, 0.0, 0.0, 90.0, 0.0, 0.0
0:00:33.954349, 0.0, 0.0, 90.0, 0.0, 0.0
0:00:34.048438, 0.0, 0.0, 90.0, 0.0, 0.0
0:00:34.142264, 0.0, 0.0, 90.0, 0.0, 0.0
0:00:34.236241, 0.0, 0.0, 90.0, 0.0, 0.0
0:00:34.330386, 0.0, 0.0, 90.0, 0.0, 0.0
0:00:34.424467, 0.0, 0.0, 90.0, 0.0, 0.0
0:00:34.518539, 0.0, 0.0, 90.0, 0.0, 0.0
0:00:34.612840, 0.0, 0.0, 90.0, 0.0, 0.0
0:00:34.706725, 0.0, 0.0, 90.0, 0.0, 0.0
0:00:34.801041, 0.0, 0.0, 90.0, 0.0, 0.0
0:00:34.895104, 0.0, 0.0, 90.0, 0.0, 0.0
0:00:34.989442, 0.0, 0.0, 90.0, 0.0, 0.0
0:00:35.083587, 0.0, 0.0, 90.0, 0.0, 0.0
0:00:35.177201, 0.0, 0.0, 90.0, 0.0, 0.0
0:00:35.271540, 0.0, 0.0, 90.0, 0.0, 0.0
0:00:35.366263, 0.0, 0.0, 90.0, 0.0, 0.0
0:00:35.554820, 0.0, 0.0, 90.0, 0.0, 0.0
0:00:35.649304, 0.0, 0.0, 90.0, 0.0, 0.0
0:00:35.743223, 0.0, 0.0, 90.0, 0.0, 0.0
0:00:35.837362, 0.0, 0.0, 90.0, 0.0, 0.0
0:00:35.931575, 0.0, 0.0, 90.0, 0.0, 0.0
0:00:36.025588, 0.0, 0.0, 90.0, 0.0, 0.0
0:00:36.104063, 0.0, 0.0, 90.0, 0.0, 0.0
0:00:36.198478, 0.0, 0.0, 90.0, 0.0, 0.0
0:00:36.292694, 0.0, 0.0, 90.0, 0.0, 0.0
0:00:36.386920, 0.0, 0.0, 90.0, 0.0, 0.0
0:00:36.480950, 0.0, 0.0, 90.0, 0.0, 0.0
0:00:36.575670, 0.0, 0.0, 90.0, 0.0, 0.0
0:00:36.670081, 0.0, 0.0, 90.0, 0.0, 0.0
0:00:36.764639, 0.0, 0.0, 90.0, 0.0, 0.0
0:00:36.858602, 0.0, 0.0, 90.0, 0.0, 0.0
0:00:36.952795, 0.0, 0.0, 90.0, 0.0, 0.0
0:00:37.046641, 0.0, 0.0, 90.0, 0.0, 0.0
0:00:37.141169, 0.0, 0.0, 90.0, 0.0, 0.0
0:00:37.235196, 0.0, 0.0, 90.0, 0.0, 0.0
0:00:37.329222, 0.0, 0.0, 90.0, 0.0, 0.0
0:00:37.423258, 0.0, 0.0, 90.0, 0.0, 0.0
0:00:37.517631, 0.0, 0.0, 90.0, 0.0, 0.0
0:00:37.611608, 0.0, 0.0, 90.0, 0.0, 0.0
0:00:37.705832, 0.0, 0.0, 90.0, 0.0, 0.0
0:00:37.799689, 0.0, 0.0, 90.0, 0.0, 0.0
0:00:37.893996, 0.0, 0.0, 90.0, 0.0, 0.0
0:00:37.988182, 0.0, 0.0, 90.0, 0.0, 0.0
0:00:38.082329, 0.0, 0.0, 90.0, 0.0, 0.0
0:00:38.176759, 0.0, 0.0, 90.0, 0.0, 0.0
0:00:38.271196, 0.0, 0.0, 90.0, 0.0, 0.0
0:00:38.365657, 0.0, 0.0, 90.0, 0.0, 0.0
0:00:38.459640, 0.0, 0.0, 90.0, 0.0, 0.0
0:00:38.537929, 0.0, 0.0, 90.0, 0.0, 0.0
0:00:38.647157, 0.0, 0.0, 90.0, 0.0, 0.0
0:00:38.741387, 0.0, 0.0, 90.0, 0.0, 0.0
0:00:38.835412, 0.0, 0.0, 90.0, 0.0, 0.0
0:00:38.929607, 0.0, 0.0, 90.0, 0.0, 0.0
0:00:39.023881, 0.0, 0.0, 90.0, 0.0, 0.0
0:00:39.117275, 0.0, 0.0, 90.0, 0.0, 0.0
0:00:39.211693, 0.0, 0.0, 90.0, 0.0, 0.0
0:00:39.305628, 0.0, 0.0, 90.0, 0.0, 0.0
0:00:39.400052, 0.0, 0.0, 90.0, 0.0, 0.0
0:00:39.494007, 0.0, 0.0, 90.0, 0.0, 0.0
0:00:39.587724, 0.0, 0.0, 90.0, 0.0, 0.0
0:00:39.682147, 0.0, 0.0, 90.0, 0.0, 0.0
0:00:39.761007, 0.0, 0.0, 90.0, 0.0, 0.0
0:00:39.854922, 0.0, 0.0, 90.0, 0.0, 0.0
0:00:39.949569, 0.0, 0.0, 90.0, 0.0, 0.0
0:00:40.043856, 0.0, 0.0, 90.0, 0.0, 0.0
0:00:40.138082, 0.0, 0.0, 90.0, 0.0, 0.0
0:00:40.232104, 0.0, 0.0, 90.0, 0.0, 0.0
0:00:40.326473, 0.0, 0.0, 90.0, 0.0, 0.0
0:00:40.420916, 0.0, 0.0, 90.0, 0.0, 0.0
0:00:40.609076, 0.0, 0.0, 90.0, 0.0, 0.0
0:00:40.703458, 0.0, 0.0, 90.0, 0.0, 0.0
0:00:40.797522, 0.0, 0.0, 90.0, 0.0, 0.0
0:00:40.891114, 0.0, 0.0, 90.0, 0.0, 0.0
0:00:40.985576, 0.0, 0.0, 90.0, 0.0, 0.0
0:00:41.079933, 0.0, 0.0, 90.0, 0.0, 0.0
0:00:41.173739, 0.0, 0.0, 90.0, 0.0, 0.0
0:00:41.268392, 0.0, 0.0, 90.0, 0.0, 0.0
0:00:41.362807, 0.0, 0.0, 90.0, 0.0, 0.0
0:00:41.456775, 0.0, 0.0, 90.0, 0.0, 0.0
0:00:41.550782, 0.0, 0.0, 90.0, 0.0, 0.0
0:00:41.644990, 0.0, 0.0, 90.0, 0.0, 0.0
0:00:41.738977, 0.0, 0.0, 90.0, 0.0, 0.0
0:00:41.833250, 0.0, 0.0, 90.0, 0.0, 0.0
0:00:41.927396, 0.0, 0.0, 90.0, 0.0, 0.0
0:00:42.021623, 0.0, 0.0, 90.0, 0.0, 0.0
0:00:42.115595, 0.0, 0.0, 90.0, 0.0, 0.0
0:00:42.210318, 0.0, 0.0, 90.0, 0.0, 0.0
0:00:42.304341, 0.0, 0.0, 90.0, 0.0, 0.0
0:00:42.398769, 0.0, 0.0, 90.0, 0.0, 0.0
0:00:42.493315, 0.0, 0.0, 90.0, 0.0, 0.0
0:00:42.587360, 0.0, 0.0, 90.0, 0.0, 0.0
0:00:42.681376, 0.0, 0.0, 90.0, 0.0, 0.0
0:00:42.775891, 0.0, 0.0, 90.0, 0.0, 0.0
0:00:42.854192, 0.0, 0.0, 90.0, 0.0, 0.0
0:00:42.948315, 0.0, 0.0, 90.0, 0.0, 0.0
0:00:43.042985, 0.0, 0.0, 90.0, 0.0, 0.0
0:00:43.137014, 0.0, 0.0, 90.0, 0.0, 0.0
0:00:43.231387, 0.0, 0.0, 90.0, 0.0, 0.0
0:00:43.325511, 0.0, 0.0, 90.0, 0.0, 0.0
0:00:43.419635, 0.0, 0.0, 90.0, 0.0, 0.0
0:00:43.514104, 0.0, 0.0, 90.0, 0.0, 0.0
0:00:43.623907, 0.0, 0.0, 90.0, 0.0, 0.0
0:00:43.702745, 0.0, 0.0, 90.0, 0.0, 0.0
0:00:43.796718, 0.0, 0.0, 90.0, 0.0, 0.0
0:00:43.890994, 0.0, 0.0, 90.0, 0.0, 0.0
0:00:43.985197, 0.0, 0.0, 90.0, 0.0, 0.0
0:00:44.079520, 0.0, 0.0, 90.0, 0.0, 0.0
0:00:44.173500, 0.0, 0.0, 90.0, 0.0, 0.0
0:00:44.267421, 0.0, 0.0, 90.0, 0.0, 0.0
0:00:44.361834, 0.0, 0.0, 90.0, 0.0, 0.0
0:00:44.455914, 0.0, 0.0, 90.0, 0.0, 0.0
0:00:44.565953, 0.0, 0.0, 90.0, 0.0, 0.0
0:00:44.644796, 0.0, 0.0, 90.0, 0.0, 0.0
0:00:44.739104, 0.0, 0.0, 90.0, 0.0, 0.0
0:00:44.832622, 0.0, 0.0, 90.0, 0.0, 0.0
0:00:44.926860, 0.0, 0.0, 90.0, 0.0, 0.0
0:00:45.021070, 0.0, 0.0, 90.0, 0.0, 0.0
0:00:45.115161, 0.0, 0.0, 90.0, 0.0, 0.0
0:00:45.209360, 0.0, 0.0, 90.0, 0.0, 0.0
0:00:45.303536, 0.0, 0.0, 90.0, 0.0, 0.0
0:00:45.398134, 0.0, 0.0, 90.0, 0.0, 0.0
0:00:45.492625, 0.0, 0.0, 90.0, 0.0, 0.0
0:00:45.586882, 0.0, 0.0, 90.0, 0.0, 0.0
0:00:45.680864, 0.0, 0.0, 90.0, 0.0, 0.0
0:00:45.774947, 0.0, 0.0, 90.0, 0.0, 0.0
0:00:45.868784, 0.0, 0.0, 90.0, 0.0, 0.0
0:00:45.962872, 0.0, 0.0, 90.0, 0.0, 0.0
0:00:46.056881, 0.0, 0.0, 90.0, 0.0, 0.0
0:00:46.135791, 0.0, 0.0, 90.0, 0.0, 0.0
0:00:46.229884, 0.0, 0.0, 90.0, 0.0, 0.0
0:00:46.324100, 0.0, 0.0, 90.0, 0.0, 0.0
0:00:46.418125, 0.0, 0.0, 90.0, 0.0, 0.0
0:00:46.512487, 0.0, 0.0, 90.0, 0.0, 0.0
0:00:46.605875, 0.0, 0.0, 90.0, 0.0, 0.0
0:00:46.700396, 0.0, 0.0, 90.0, 0.0, 0.0
0:00:46.794528, 0.0, 0.0, 90.0, 0.0, 0.0
0:00:46.888933, 0.0, 0.0, 90.0, 0.0, 0.0
0:00:46.983461, 0.0, 0.0, 90.0, 0.0, 0.0
0:00:47.077947, 0.0, 0.0, 90.0, 0.0, 0.0
0:00:47.171722, 0.0, 0.0, 90.0, 0.0, 0.0
0:00:47.266258, 0.0, 0.0, 90.0, 0.0, 0.0
0:00:47.360456, 0.0, 0.0, 90.0, 0.0, 0.0
0:00:47.453809, 0.0, 0.0, 90.0, 0.0, 0.0
0:00:47.548253, 0.0, 0.0, 90.0, 0.0, 0.0
0:00:47.642515, 0.0, 0.0, 90.0, 0.0, 0.0
0:00:47.736792, 0.0, 0.0, 90.0, 0.0, 0.0
0:00:47.831073, 0.0, 0.0, 90.0, 0.0, 0.0
0:00:47.925285, 0.0, 0.0, 90.0, 0.0, 0.0
0:00:48.019567, 0.0, 0.0, 90.0, 0.0, 0.0
0:00:48.113544, 0.0, 0.0, 90.0, 0.0, 0.0
0:00:48.208368, 0.0, 0.0, 90.0, 0.0, 0.0
0:00:48.302805, 0.0, 0.0, 90.0, 0.0, 0.0
0:00:48.397083, 0.0, 0.0, 90.0, 0.0, 0.0
0:00:48.491310, 0.0, 0.0, 90.0, 0.0, 0.0
0:00:48.585774, 0.0, 0.0, 90.0, 0.0, 0.0
0:00:48.680202, 0.0, 0.0, 90.0, 0.0, 0.0
0:00:48.774121, 0.0, 0.0, 90.0, 0.0, 0.0
0:00:48.868113, 0.0, 0.0, 90.0, 0.0, 0.0
0:00:48.962232, 0.0, 0.0, 90.0, 0.0, 0.0
0:00:49.056553, 0.0, 0.0, 90.0, 0.0, 0.0
0:00:49.150765, 0.0, 0.0, 90.0, 0.0, 0.0
0:00:49.229326, 0.0, 0.0, 90.0, 0.0, 0.0
0:00:49.323376, 0.0, 0.0, 90.0, 0.0, 0.0
0:00:49.417724, 0.0, 0.0, 90.0, 0.0, 0.0
0:00:49.512107, 0.0, 0.0, 90.0, 0.0, 0.0
0:00:49.606542, 0.0, 0.0, 90.0, 0.0, 0.0
0:00:49.700829, 0.0, 0.0, 90.0, 0.0, 0.0
0:00:49.794739, 0.0, 0.0, 90.0, 0.0, 0.0
0:00:49.889172, 0.0, 0.0, 90.0, 0.0, 0.0
0:00:49.982645, 0.0, 0.0, 90.0, 0.0, 0.0
0:00:50.076510, 0.0, 0.0, 90.0, 0.0, 0.0
0:00:50.170643, 0.0, 0.0, 90.0, 0.0, 0.0
0:00:50.264610, 0.0, 0.0, 90.0, 0.0, 0.0
0:00:50.359029, 0.0, 0.0, 90.0, 0.0, 0.0
0:00:50.453162, 0.0, 0.0, 90.0, 0.0, 0.0
0:00:50.546752, 0.0, 0.0, 90.0, 0.0, 0.0
0:00:50.735360, 0.0, 0.0, 90.0, 0.0, 0.0
0:00:50.829526, 0.0, 0.0, 90.0, 0.0, 0.0
0:00:50.939317, 0.0, 0.0, 90.0, 0.0, 0.0
0:00:51.017619, 0.0, 0.0, 90.0, 0.0, 0.0
0:00:51.112329, 0.0, 0.0, 90.0, 0.0, 0.0
0:00:51.206307, 0.0, 0.0, 90.0, 0.0, 0.0
0:00:51.300811, 0.0, 0.0, 90.0, 0.0, 0.0
0:00:51.394931, 0.0, 0.0, 90.0, 0.0, 0.0
0:00:51.489104, 0.0, 0.0, 90.0, 0.0, 0.0
0:00:51.582978, 0.0, 0.0, 90.0, 0.0, 0.0
0:00:51.677187, 0.0, 0.0, 90.0, 0.0, 0.0
0:00:51.771371, 0.0, 0.0, 90.0, 0.0, 0.0
0:00:51.865560, 0.0, 0.0, 90.0, 0.0, 0.0
0:00:51.959674, 0.0, 0.0, 90.0, 0.0, 0.0
0:00:52.053919, 0.0, 0.0, 90.0, 0.0, 0.0
0:00:52.147955, 0.0, 0.0, 90.0, 0.0, 0.0
0:00:52.242254, 0.0, 0.0, 90.0, 0.0, 0.0
0:00:52.336653, 0.0, 0.0, 90.0, 0.0, 0.0
0:00:52.431029, 0.0, 0.0, 90.0, 0.0, 0.0
0:00:52.525166, 0.0, 0.0, 90.0, 0.0, 0.0
0:00:52.619656, 0.0, 0.0, 90.0, 0.0, 0.0
0:00:52.698408, 0.0, 0.0, 90.0, 0.0, 0.0
0:00:52.792749, 0.0, 0.0, 90.0, 0.0, 0.0
0:00:52.886665, 0.0, 0.0, 90.0, 0.0, 0.0
0:00:52.981298, 0.0, 0.0, 90.0, 0.0, 0.0
0:00:53.075312, 0.0, 0.0, 90.0, 0.0, 0.0
0:00:53.169263, 0.0, 0.0, 90.0, 0.0, 0.0
0:00:53.263899, 0.0, 0.0, 90.0, 0.0, 0.0
0:00:53.357853, 0.0, 0.0, 90.0, 0.0, 0.0
0:00:53.452240, 0.0, 0.0, 90.0, 0.0, 0.0
0:00:53.546248, 0.0, 0.0, 90.0, 0.0, 0.0
0:00:53.640666, 0.0, 0.0, 90.0, 0.0, 0.0
0:00:53.734610, 0.0, 0.0, 90.0, 0.0, 0.0
0:00:53.829091, 0.0, 0.0, 90.0, 0.0, 0.0
0:00:53.923568, 0.0, 0.0, 90.0, 0.0, 0.0
0:00:54.018205, 0.0, 0.0, 90.0, 0.0, 0.0
0:00:54.112246, 0.0, 0.0, 90.0, 0.0, 0.0
0:00:54.206308, 0.0, 0.0, 90.0, 0.0, 0.0
0:00:54.300289, 0.0, 0.0, 90.0, 0.0, 0.0
0:00:54.394745, 0.0, 0.0, 90.0, 0.0, 0.0
0:00:54.488609, 0.0, 0.0, 90.0, 0.0, 0.0
0:00:54.582723, 0.0, 0.0, 90.0, 0.0, 0.0
0:00:54.676759, 0.0, 0.0, 90.0, 0.0, 0.0
0:00:54.771158, 0.0, 0.0, 90.0, 0.0, 0.0
0:00:54.865238, 0.0, 0.0, 90.0, 0.0, 0.0
0:00:54.958916, 0.0, 0.0, 90.0, 0.0, 0.0
0:00:55.052997, 0.0, 0.0, 90.0, 0.0, 0.0
0:00:55.147305, 0.0, 0.0, 90.0, 0.0, 0.0
0:00:55.241306, 0.0, 0.0, 90.0, 0.0, 0.0
0:00:55.335768, 0.0, 0.0, 90.0, 0.0, 0.0
0:00:55.429030, 0.0, 0.0, 90.0, 0.0, 0.0
0:00:55.523850, 0.0, 0.0, 90.0, 0.0, 0.0
0:00:55.617778, 0.0, 0.0, 90.0, 0.0, 0.0
0:00:55.712165, 0.0, 0.0, 90.0, 0.0, 0.0
0:00:55.806665, 0.0, 0.0, 90.0, 0.0, 0.0
0:00:55.901125, 0.0, 0.0, 90.0, 0.0, 0.0
0:00:55.979365, 0.0, 0.0, 90.0, 0.0, 0.0
0:00:56.073597, 0.0, 0.0, 90.0, 0.0, 0.0
0:00:56.167584, 0.0, 0.0, 90.0, 0.0, 0.0
0:00:56.261691, 0.0, 0.0, 90.0, 0.0, 0.0
0:00:56.355848, 0.0, 0.0, 90.0, 0.0, 0.0
0:00:56.450038, 0.0, 0.0, 90.0, 0.0, 0.0
0:00:56.544060, 0.0, 0.0, 90.0, 0.0, 0.0
0:00:56.638380, 0.0, 0.0, 90.0, 0.0, 0.0
0:00:56.732458, 0.0, 0.0, 90.0, 0.0, 0.0
0:00:56.827091, 0.0, 0.0, 90.0, 0.0, 0.0
0:00:56.921657, 0.0, 0.0, 90.0, 0.0, 0.0
0:00:57.016181, 0.0, 0.0, 90.0, 0.0, 0.0
0:00:57.110245, 0.0, 0.0, 90.0, 0.0, 0.0
0:00:57.204315, 0.0, 0.0, 90.0, 0.0, 0.0
0:00:57.298203, 0.0, 0.0, 90.0, 0.0, 0.0
0:00:57.392439, 0.0, 0.0, 90.0, 0.0, 0.0
0:00:57.486523, 0.0, 0.0, 90.0, 0.0, 0.0
0:00:57.580494, 0.0, 0.0, 90.0, 0.0, 0.0
0:00:57.674473, 0.0, 0.0, 90.0, 0.0, 0.0
0:00:57.768801, 0.0, 0.0, 90.0, 0.0, 0.0
0:00:57.862800, 0.0, 0.0, 90.0, 0.0, 0.0
0:00:57.957037, 0.0, 0.0, 90.0, 0.0, 0.0
0:00:58.050337, 0.0, 0.0, 90.0, 0.0, 0.0
0:00:58.144724, 0.0, 0.0, 90.0, 0.0, 0.0
0:00:58.238787, 0.0, 0.0, 90.0, 0.0, 0.0
0:00:58.333030, 0.0, 0.0, 90.0, 0.0, 0.0
0:00:58.427456, 0.0, 0.0, 90.0, 0.0, 0.0
0:00:58.521641, 0.0, 0.0, 90.0, 0.0, 0.0
0:00:58.615405, 0.0, 0.0, 90.0, 0.0, 0.0
0:00:58.709975, 0.0, 0.0, 90.0, 0.0, 0.0
0:00:58.803748, 0.0, 0.0, 90.0, 0.0, 0.0
0:00:58.898320, 0.0, 0.0, 90.0, 0.0, 0.0
0:00:58.992418, 0.0, 0.0, 90.0, 0.0, 0.0
0:00:59.086596, 0.0, 0.0, 90.0, 0.0, 0.0
0:00:59.180570, 0.0, 0.0, 90.0, 0.0, 0.0
0:00:59.274904, 0.0, 0.0, 90.0, 0.0, 0.0
0:00:59.369514, 0.0, 0.0, 90.0, 0.0, 0.0
0:00:59.447820, 0.0, 0.0, 90.0, 0.0, 0.0
0:00:59.542109, 0.0, 0.0, 90.0, 0.0, 0.0
0:00:59.636597, 0.0, 0.0, 90.0, 0.0, 0.0
0:00:59.731345, 0.0, 0.0, 90.0, 0.0, 0.0
0:00:59.825323, 0.0, 0.0, 90.0, 0.0, 0.0
0:00:59.919572, 0.0, 0.0, 90.0, 0.0, 0.0
0:01:00.014566, 0.0, 0.0, 90.0, 0.0, 0.0
0:01:00.108903, 0.0, 0.0, 90.0, 0.0, 0.0
0:01:00.202827, 0.0, 0.0, 90.0, 0.0, 0.0
0:01:00.296917, 0.0, 0.0, 90.0, 0.0, 0.0
0:01:00.391102, 0.0, 0.0, 90.0, 0.0, 0.0
0:01:00.500792, 0.0, 0.0, 90.0, 0.0, 0.0
0:01:00.594775, 0.0, 0.0, 90.0, 0.0, 0.0
0:01:00.688910, 0.0, 0.0, 90.0, 0.0, 0.0
0:01:00.798665, 0.0, 0.0, 90.0, 0.0, 0.0
0:01:00.877446, 0.0, 0.0, 90.0, 0.0, 0.0
0:01:00.971890, 0.0, 0.0, 90.0, 0.0, 0.0
0:01:01.066135, 0.0, 0.0, 90.0, 0.0, 0.0
0:01:01.160213, 0.0, 0.0, 90.0, 0.0, 0.0
0:01:01.254438, 0.0, 0.0, 90.0, 0.0, 0.0
0:01:01.348522, 0.0, 0.0, 90.0, 0.0, 0.0
0:01:01.442154, 0.0, 0.0, 90.0, 0.0, 0.0
0:01:01.536535, 0.0, 0.0, 90.0, 0.0, 0.0
0:01:01.630808, 0.0, 0.0, 90.0, 0.0, 0.0
0:01:01.724689, 0.0, 0.0, 90.0, 0.0, 0.0
0:01:01.819180, 0.0, 0.0, 90.0, 0.0, 0.0
0:01:01.913695, 0.0, 0.0, 90.0, 0.0, 0.0
0:01:02.007665, 0.0, 0.0, 90.0, 0.0, 0.0
0:01:02.101692, 0.0, 0.0, 90.0, 0.0, 0.0
0:01:02.195911, 0.0, 0.0, 90.0, 0.0, 0.0
0:01:02.289953, 0.0, 0.0, 90.0, 0.0, 0.0
0:01:02.384049, 0.0, 0.0, 90.0, 0.0, 0.0
0:01:02.478476, 0.0, 0.0, 90.0, 0.0, 0.0
0:01:02.557407, 0.0, 0.0, 90.0, 0.0, 0.0
0:01:02.651530, 0.0, 0.0, 90.0, 0.0, 0.0
0:01:02.745282, 0.0, 0.0, 90.0, 0.0, 0.0
0:01:02.840118, 0.0, 0.0, 90.0, 0.0, 0.0
0:01:02.934052, 0.0, 0.0, 90.0, 0.0, 0.0
0:01:03.028160, 0.0, 0.0, 90.0, 0.0, 0.0
0:01:03.122285, 0.0, 0.0, 90.0, 0.0, 0.0
0:01:03.216263, 0.0, 0.0, 90.0, 0.0, 0.0
0:01:03.310083, 0.0, 0.0, 90.0, 0.0, 0.0
0:01:03.404262, 0.0, 0.0, 90.0, 0.0, 0.0
0:01:03.498459, 0.0, 0.0, 90.0, 0.0, 0.0
0:01:03.592650, 0.0, 0.0, 90.0, 0.0, 0.0
0:01:03.686784, 0.0, 0.0, 90.0, 0.0, 0.0
0:01:03.780290, 0.0, 0.0, 90.0, 0.0, 0.0
0:01:03.874726, 0.0, 0.0, 90.0, 0.0, 0.0
0:01:03.968761, 0.0, 0.0, 90.0, 0.0, 0.0
0:01:04.063142, 0.0, 0.0, 90.0, 0.0, 0.0
0:01:04.157622, 0.0, 0.0, 90.0, 0.0, 0.0
0:01:04.251648, 0.0, 0.0, 90.0, 0.0, 0.0
0:01:04.346366, 0.0, 0.0, 90.0, 0.0, 0.0
0:01:04.440826, 0.0, 0.0, 90.0, 0.0, 0.0
0:01:04.535151, 0.0, 0.0, 90.0, 0.0, 0.0
0:01:04.629198, 0.0, 0.0, 90.0, 0.0, 0.0
0:01:04.723532, 0.0, 0.0, 90.0, 0.0, 0.0
0:01:04.817298, 0.0, 0.0, 90.0, 0.0, 0.0
0:01:04.911263, 0.0, 0.0, 90.0, 0.0, 0.0
0:01:05.005259, 0.0, 0.0, 90.0, 0.0, 0.0
0:01:05.099477, 0.0, 0.0, 90.0, 0.0, 0.0
0:01:05.193725, 0.0, 0.0, 90.0, 0.0, 0.0
0:01:05.287557, 0.0, 0.0, 90.0, 0.0, 0.0
0:01:05.367480, 0.0, 0.0, 90.0, 0.0, 0.0
0:01:05.477479, 0.0, 0.0, 90.0, 0.0, 0.0
0:01:05.572017, 0.0, 0.0, 90.0, 0.0, 0.0
0:01:05.666288, 0.0, 0.0, 90.0, 0.0, 0.0
0:01:05.760320, 0.0, 0.0, 90.0, 0.0, 0.0
0:01:05.839035, 0.0, 0.0, 90.0, 0.0, 0.0
0:01:05.933336, 0.0, 0.0, 90.0, 0.0, 0.0
0:01:06.027725, 0.0, 0.0, 90.0, 0.0, 0.0
0:01:06.121499, 0.0, 0.0, 90.0, 0.0, 0.0
0:01:06.216080, 0.0, 0.0, 90.0, 0.0, 0.0
0:01:06.310218, 0.0, 0.0, 90.0, 0.0, 0.0
0:01:06.404340, 0.0, 0.0, 90.0, 0.0, 0.0
0:01:06.498632, 0.0, 0.0, 90.0, 0.0, 0.0
0:01:06.592874, 0.0, 0.0, 90.0, 0.0, 0.0
0:01:06.687301, 0.0, 0.0, 90.0, 0.0, 0.0
0:01:06.781390, 0.0, 0.0, 90.0, 0.0, 0.0
0:01:06.875698, 0.0, 0.0, 90.0, 0.0, 0.0
0:01:06.969725, 0.0, 0.0, 90.0, 0.0, 0.0
0:01:07.063906, 0.0, 0.0, 90.0, 0.0, 0.0
0:01:07.158021, 0.0, 0.0, 90.0, 0.0, 0.0
0:01:07.252669, 0.0, 0.0, 90.0, 0.0, 0.0
0:01:07.347096, 0.0, 0.0, 90.0, 0.0, 0.0
0:01:07.441194, 0.0, 0.0, 90.0, 0.0, 0.0
0:01:07.535181, 0.0, 0.0, 90.0, 0.0, 0.0
0:01:07.629259, 0.0, 0.0, 90.0, 0.0, 0.0
0:01:07.723126, 0.0, 0.0, 90.0, 0.0, 0.0
0:01:07.817681, 0.0, 0.0, 90.0, 0.0, 0.0
0:01:07.911737, 0.0, 0.0, 90.0, 0.0, 0.0
0:01:08.006209, 0.0, 0.0, 90.0, 0.0, 0.0
0:01:08.100315, 0.0, 0.0, 90.0, 0.0, 0.0
0:01:08.194546, 0.0, 0.0, 90.0, 0.0, 0.0
0:01:08.288709, 0.0, 0.0, 90.0, 0.0, 0.0
0:01:08.382840, 0.0, 0.0, 90.0, 0.0, 0.0
0:01:08.476836, 0.0, 0.0, 90.0, 0.0, 0.0
0:01:08.570817, 0.0, 0.0, 90.0, 0.0, 0.0
0:01:08.665082, 0.0, 0.0, 90.0, 0.0, 0.0
0:01:08.759155, 0.0, 0.0, 90.0, 0.0, 0.0
0:01:08.853682, 0.0, 0.0, 90.0, 0.0, 0.0
0:01:08.947773, 0.0, 0.0, 90.0, 0.0, 0.0
0:01:09.025933, 0.0, 0.0, 90.0, 0.0, 0.0
0:01:09.119972, 0.0, 0.0, 90.0, 0.0, 0.0
0:01:09.213984, 0.0, 0.0, 90.0, 0.0, 0.0
0:01:09.308007, 0.0, 0.0, 90.0, 0.0, 0.0
0:01:09.402241, 0.0, 0.0, 90.0, 0.0, 0.0
0:01:09.496316, 0.0, 0.0, 90.0, 0.0, 0.0
0:01:09.590574, 0.0, 0.0, 90.0, 0.0, 0.0
0:01:09.684605, 0.0, 0.0, 90.0, 0.0, 0.0
0:01:09.778898, 0.0, 0.0, 90.0, 0.0, 0.0
0:01:09.873017, 0.0, 0.0, 90.0, 0.0, 0.0
0:01:09.966564, 0.0, 0.0, 90.0, 0.0, 0.0
0:01:10.060674, 0.0, 0.0, 90.0, 0.0, 0.0
0:01:10.154575, 0.0, 0.0, 90.0, 0.0, 0.0
0:01:10.248881, 0.0, 0.0, 90.0, 0.0, 0.0
0:01:10.343282, 0.0, 0.0, 90.0, 0.0, 0.0
0:01:10.436546, 0.0, 0.0, 90.0, 0.0, 0.0
0:01:10.546557, 0.0, 0.0, 90.0, 0.0, 0.0
0:01:10.624843, 0.0, 0.0, 90.0, 0.0, 0.0
0:01:10.718928, 0.0, 0.0, 90.0, 0.0, 0.0
0:01:10.813787, 0.0, 0.0, 90.0, 0.0, 0.0
0:01:10.908421, 0.0, 0.0, 90.0, 0.0, 0.0
0:01:11.002821, 0.0, 0.0, 90.0, 0.0, 0.0
0:01:11.096943, 0.0, 0.0, 90.0, 0.0, 0.0
0:01:11.191067, 0.0, 0.0, 90.0, 0.0, 0.0
0:01:11.285508, 0.0, 0.0, 90.0, 0.0, 0.0
0:01:11.379634, 0.0, 0.0, 90.0, 0.0, 0.0
0:01:11.473802, 0.0, 0.0, 90.0, 0.0, 0.0
0:01:11.567939, 0.0, 0.0, 90.0, 0.0, 0.0
0:01:11.662378, 0.0, 0.0, 90.0, 0.0, 0.0
0:01:11.756700, 0.0, 0.0, 90.0, 0.0, 0.0
0:01:11.851224, 0.0, 0.0, 90.0, 0.0, 0.0
0:01:11.945578, 0.0, 0.0, 90.0, 0.0, 0.0
0:01:12.039550, 0.0, 0.0, 90.0, 0.0, 0.0
0:01:12.134028, 0.0, 0.0, 90.0, 0.0, 0.0
0:01:12.228093, 0.0, 0.0, 90.0, 0.0, 0.0
0:01:12.337867, 0.0, 0.0, 90.0, 0.0, 0.0
0:01:12.400734, 0.0, 0.0, 90.0, 0.0, 0.0
0:01:12.495042, 0.0, 0.0, 90.0, 0.0, 0.0
0:01:12.588950, 0.0, 0.0, 90.0, 0.0, 0.0
0:01:12.683182, 0.0, 0.0, 90.0, 0.0, 0.0
0:01:12.777239, 0.0, 0.0, 90.0, 0.0, 0.0
0:01:12.871411, 0.0, 0.0, 90.0, 0.0, 0.0
0:01:12.965535, 0.0, 0.0, 90.0, 0.0, 0.0
0:01:13.059531, 0.0, 0.0, 90.0, 0.0, 0.0
0:01:13.154007, 0.0, 0.0, 90.0, 0.0, 0.0
0:01:13.248428, 0.0, 0.0, 90.0, 0.0, 0.0
0:01:13.342940, 0.0, 0.0, 90.0, 0.0, 0.0
0:01:13.436748, 0.0, 0.0, 90.0, 0.0, 0.0
0:01:13.530919, 0.0, 0.0, 90.0, 0.0, 0.0
0:01:13.624943, 0.0, 0.0, 90.0, 0.0, 0.0
0:01:13.719700, 0.0, 0.0, 90.0, 0.0, 0.0
0:01:13.813767, 0.0, 0.0, 90.0, 0.0, 0.0
0:01:13.923746, 0.0, 0.0, 90.0, 0.0, 0.0
0:01:14.017914, 0.0, 0.0, 90.0, 0.0, 0.0
0:01:14.127795, 0.0, 0.0, 90.0, 0.0, 0.0
0:01:14.206241, 0.0, 0.0, 90.0, 0.0, 0.0
0:01:14.300573, 0.0, 0.0, 90.0, 0.0, 0.0
0:01:14.394844, 0.0, 0.0, 90.0, 0.0, 0.0
0:01:14.489105, 0.0, 0.0, 90.0, 0.0, 0.0
0:01:14.583339, 0.0, 0.0, 90.0, 0.0, 0.0
0:01:14.677751, 0.0, 0.0, 90.0, 0.0, 0.0
0:01:14.772394, 0.0, 0.0, 90.0, 0.0, 0.0
0:01:14.866804, 0.0, 0.0, 90.0, 0.0, 0.0
0:01:14.960954, 0.0, 0.0, 90.0, 0.0, 0.0
0:01:15.054993, 0.0, 0.0, 90.0, 0.0, 0.0
0:01:15.149118, 0.0, 0.0, 90.0, 0.0, 0.0
0:01:15.242993, 0.0, 0.0, 90.0, 0.0, 0.0
0:01:15.337667, 0.0, 0.0, 90.0, 0.0, 0.0
0:01:15.431804, 0.0, 0.0, 90.0, 0.0, 0.0
0:01:15.510758, 0.0, 0.0, 90.0, 0.0, 0.0
0:01:15.605044, 0.0, 0.0, 90.0, 0.0, 0.0
0:01:15.699103, 0.0, 0.0, 90.0, 0.0, 0.0
0:01:15.793738, 0.0, 0.0, 90.0, 0.0, 0.0
0:01:15.887846, 0.0, 0.0, 90.0, 0.0, 0.0
0:01:15.981898, 0.0, 0.0, 90.0, 0.0, 0.0
0:01:16.076442, 0.0, 0.0, 90.0, 0.0, 0.0
0:01:16.170442, 0.0, 0.0, 90.0, 0.0, 0.0
0:01:16.265031, 0.0, 0.0, 90.0, 0.0, 0.0
0:01:16.359140, 0.0, 0.0, 90.0, 0.0, 0.0
0:01:16.453228, 0.0, 0.0, 90.0, 0.0, 0.0
0:01:16.546997, 0.0, 0.0, 90.0, 0.0, 0.0
0:01:16.641130, 0.0, 0.0, 90.0, 0.0, 0.0
0:01:16.735205, 0.0, 0.0, 90.0, 0.0, 0.0
0:01:16.829520, 0.0, 0.0, 90.0, 0.0, 0.0
0:01:16.923518, 0.0, 0.0, 90.0, 0.0, 0.0
0:01:17.017803, 0.0, 0.0, 90.0, 0.0, 0.0
0:01:17.111640, 0.0, 0.0, 90.0, 0.0, 0.0
0:01:17.205831, 0.0, 0.0, 90.0, 0.0, 0.0
0:01:17.299719, 0.0, 0.0, 90.0, 0.0, 0.0
0:01:17.393982, 0.0, 0.0, 90.0, 0.0, 0.0
0:01:17.487371, 0.0, 0.0, 90.0, 0.0, 0.0
0:01:17.582104, 0.0, 0.0, 90.0, 0.0, 0.0
0:01:17.676203, 0.0, 0.0, 90.0, 0.0, 0.0
0:01:17.770619, 0.0, 0.0, 90.0, 0.0, 0.0
0:01:17.865184, 0.0, 0.0, 90.0, 0.0, 0.0
0:01:17.959511, 0.0, 0.0, 90.0, 0.0, 0.0
0:01:18.053481, 0.0, 0.0, 90.0, 0.0, 0.0
0:01:18.147571, 0.0, 0.0, 90.0, 0.0, 0.0
0:01:18.241817, 0.0, 0.0, 90.0, 0.0, 0.0
0:01:18.336333, 0.0, 0.0, 90.0, 0.0, 0.0
0:01:18.430595, 0.0, 0.0, 90.0, 0.0, 0.0
0:01:18.524554, 0.0, 0.0, 90.0, 0.0, 0.0
0:01:18.618893, 0.0, 0.0, 90.0, 0.0, 0.0
0:01:18.744235, 0.0, 0.0, 90.0, 0.0, 0.0
0:01:18.837728, 0.0, 0.0, 90.0, 0.0, 0.0
0:01:18.931840, 0.0, 0.0, 90.0, 0.0, 0.0
0:01:19.010523, 0.0, 0.0, 90.0, 0.0, 0.0
0:01:19.104873, 0.0, 0.0, 90.0, 0.0, 0.0
0:01:19.199045, 0.0, 0.0, 90.0, 0.0, 0.0
0:01:19.292677, 0.0, 0.0, 90.0, 0.0, 0.0
0:01:19.387016, 0.0, 0.0, 90.0, 0.0, 0.0
0:01:19.481300, 0.0, 0.0, 90.0, 0.0, 0.0
0:01:19.575442, 0.0, 0.0, 90.0, 0.0, 0.0
0:01:19.670033, 0.0, 0.0, 90.0, 0.0, 0.0
0:01:19.764434, 0.0, 0.0, 90.0, 0.0, 0.0
0:01:19.858356, 0.0, 0.0, 90.0, 0.0, 0.0
0:01:19.952335, 0.0, 0.0, 90.0, 0.0, 0.0
0:01:20.046424, 0.0, 0.0, 90.0, 0.0, 0.0
0:01:20.140535, 0.0, 0.0, 90.0, 0.0, 0.0
0:01:20.234949, 0.0, 0.0, 90.0, 0.0, 0.0
0:01:20.328966, 0.0, 0.0, 90.0, 0.0, 0.0
0:01:20.423352, 0.0, 0.0, 90.0, 0.0, 0.0
0:01:20.517438, 0.0, 0.0, 90.0, 0.0, 0.0
0:01:20.611486, 0.0, 0.0, 90.0, 0.0, 0.0
0:01:20.705509, 0.0, 0.0, 90.0, 0.0, 0.0
0:01:20.799966, 0.0, 0.0, 90.0, 0.0, 0.0
0:01:20.894266, 0.0, 0.0, 90.0, 0.0, 0.0
0:01:20.973003, 0.0, 0.0, 90.0, 0.0, 0.0
0:01:21.083200, 0.0, 0.0, 90.0, 0.0, 0.0
0:01:21.177165, 0.0, 0.0, 90.0, 0.0, 0.0
0:01:21.271403, 0.0, 0.0, 90.0, 0.0, 0.0
0:01:21.365185, 0.0, 0.0, 90.0, 0.0, 0.0
0:01:21.459141, 0.0, 0.0, 90.0, 0.0, 0.0
0:01:21.553325, 0.0, 0.0, 90.0, 0.0, 0.0
0:01:21.647418, 0.0, 0.0, 90.0, 0.0, 0.0
0:01:21.741782, 0.0, 0.0, 90.0, 0.0, 0.0
0:01:21.836043, 0.0, 0.0, 90.0, 0.0, 0.0
0:01:21.929988, 0.0, 0.0, 90.0, 0.0, 0.0
0:01:22.024382, 0.0, 0.0, 90.0, 0.0, 0.0
0:01:22.118853, 0.0, 0.0, 90.0, 0.0, 0.0
0:01:22.213135, 0.0, 0.0, 90.0, 0.0, 0.0
0:01:22.307190, 0.0, 0.0, 90.0, 0.0, 0.0
0:01:22.416489, 0.0, 0.0, 90.0, 0.0, 0.0
0:01:22.510547, 0.0, 0.0, 90.0, 0.0, 0.0
0:01:22.604710, 0.0, 0.0, 90.0, 0.0, 0.0
0:01:22.699412, 0.0, 0.0, 90.0, 0.0, 0.0
0:01:22.793758, 0.0, 0.0, 90.0, 0.0, 0.0
0:01:22.888060, 0.0, 0.0, 90.0, 0.0, 0.0
0:01:22.981856, 0.0, 0.0, 90.0, 0.0, 0.0
0:01:23.076410, 0.0, 0.0, 90.0, 0.0, 0.0
0:01:23.170331, 0.0, 0.0, 90.0, 0.0, 0.0
0:01:23.264818, 0.0, 0.0, 90.0, 0.0, 0.0
0:01:23.359370, 0.0, 0.0, 90.0, 0.0, 0.0
0:01:23.453462, 0.0, 0.0, 90.0, 0.0, 0.0
0:01:23.547931, 0.0, 0.0, 90.0, 0.0, 0.0
0:01:23.642012, 0.0, 0.0, 90.0, 0.0, 0.0
0:01:23.736032, 0.0, 0.0, 90.0, 0.0, 0.0
0:01:23.830495, 0.0, 0.0, 90.0, 0.0, 0.0
0:01:23.924515, 0.0, 0.0, 90.0, 0.0, 0.0
0:01:24.018879, 0.0, 0.0, 90.0, 0.0, 0.0
0:01:24.113163, 0.0, 0.0, 90.0, 0.0, 0.0
0:01:24.207325, 0.0, 0.0, 90.0, 0.0, 0.0
0:01:24.301989, 0.0, 0.0, 90.0, 0.0, 0.0
0:01:24.396304, 0.0, 0.0, 90.0, 0.0, 0.0
0:01:24.489774, 0.0, 0.0, 90.0, 0.0, 0.0
0:01:24.584207, 0.0, 0.0, 90.0, 0.0, 0.0
0:01:24.678298, 0.0, 0.0, 90.0, 0.0, 0.0
0:01:24.772125, 0.0, 0.0, 90.0, 0.0, 0.0
0:01:24.866298, 0.0, 0.0, 90.0, 0.0, 0.0
0:01:24.960324, 0.0, 0.0, 90.0, 0.0, 0.0
0:01:25.054333, 0.0, 0.0, 90.0, 0.0, 0.0
0:01:25.148668, 0.0, 0.0, 90.0, 0.0, 0.0
0:01:25.242755, 0.0, 0.0, 90.0, 0.0, 0.0
0:01:25.337092, 0.0, 0.0, 90.0, 0.0, 0.0
0:01:25.431171, 0.0, 0.0, 90.0, 0.0, 0.0
0:01:25.525381, 0.0, 0.0, 90.0, 0.0, 0.0
0:01:25.619786, 0.0, 0.0, 90.0, 0.0, 0.0
0:01:25.682464, 0.0, 0.0, 90.0, 0.0, 0.0
0:01:25.792628, 0.0, 0.0, 90.0, 0.0, 0.0
0:01:25.886611, 0.0, 0.0, 90.0, 0.0, 0.0
0:01:25.981062, 0.0, 0.0, 90.0, 0.0, 0.0
0:01:26.059217, 0.0, 0.0, 90.0, 0.0, 0.0
0:01:26.169319, 0.0, 0.0, 90.0, 0.0, 0.0
0:01:26.263570, 0.0, 0.0, 90.0, 0.0, 0.0
0:01:26.357560, 0.0, 0.0, 90.0, 0.0, 0.0
0:01:26.451953, 0.0, 0.0, 90.0, 0.0, 0.0
0:01:26.545992, 0.0, 0.0, 90.0, 0.0, 0.0
0:01:26.640418, 0.0, 0.0, 90.0, 0.0, 0.0
0:01:26.734588, 0.0, 0.0, 90.0, 0.0, 0.0
0:01:26.828961, 0.0, 0.0, 90.0, 0.0, 0.0
0:01:26.923364, 0.0, 0.0, 90.0, 0.0, 0.0
0:01:27.017408, 0.0, 0.0, 90.0, 0.0, 0.0
0:01:27.112042, 0.0, 0.0, 90.0, 0.0, 0.0
0:01:27.206324, 0.0, 0.0, 90.0, 0.0, 0.0
0:01:27.300854, 0.0, 0.0, 90.0, 0.0, 0.0
0:01:27.394667, 0.0, 0.0, 90.0, 0.0, 0.0
0:01:27.489189, 0.0, 0.0, 90.0, 0.0, 0.0
0:01:27.583304, 0.0, 0.0, 90.0, 0.0, 0.0
0:01:27.677224, 0.0, 0.0, 90.0, 0.0, 0.0
0:01:27.771644, 0.0, 0.0, 90.0, 0.0, 0.0
0:01:27.865816, 0.0, 0.0, 90.0, 0.0, 0.0
0:01:27.960292, 0.0, 0.0, 90.0, 0.0, 0.0
0:01:28.054429, 0.0, 0.0, 90.0, 0.0, 0.0
0:01:28.148757, 0.0, 0.0, 90.0, 0.0, 0.0
0:01:28.242792, 0.0, 0.0, 90.0, 0.0, 0.0
0:01:28.336949, 0.0, 0.0, 90.0, 0.0, 0.0
0:01:28.431177, 0.0, 0.0, 90.0, 0.0, 0.0
0:01:28.525243, 0.0, 0.0, 90.0, 0.0, 0.0
0:01:28.620124, 0.0, 0.0, 90.0, 0.0, 0.0
0:01:28.714493, 0.0, 0.0, 90.0, 0.0, 0.0
0:01:28.808940, 0.0, 0.0, 90.0, 0.0, 0.0
0:01:28.903376, 0.0, 0.0, 90.0, 0.0, 0.0
0:01:28.997460, 0.0, 0.0, 90.0, 0.0, 0.0
0:01:29.092020, 0.0, 0.0, 90.0, 0.0, 0.0
0:01:29.186373, 0.0, 0.0, 90.0, 0.0, 0.0
0:01:29.280294, 0.0, 0.0, 90.0, 0.0, 0.0
0:01:29.374548, 0.0, 0.0, 90.0, 0.0, 0.0
0:01:29.468644, 0.0, 0.0, 90.0, 0.0, 0.0
0:01:29.562626, 0.0, 0.0, 90.0, 0.0, 0.0
0:01:29.656614, 0.0, 0.0, 90.0, 0.0, 0.0
0:01:29.750652, 0.0, 0.0, 90.0, 0.0, 0.0
0:01:29.844974, 0.0, 0.0, 90.0, 0.0, 0.0
0:01:29.939061, 0.0, 0.0, 90.0, 0.0, 0.0
0:01:30.032753, 0.0, 0.0, 90.0, 0.0, 0.0
0:01:30.126913, 0.0, 0.0, 90.0, 0.0, 0.0
0:01:30.221016, 0.0, 0.0, 90.0, 0.0, 0.0
0:01:30.315740, 0.0, 0.0, 90.0, 0.0, 0.0
0:01:30.410033, 0.0, 0.0, 90.0, 0.0, 0.0
0:01:30.504278, 0.0, 0.0, 90.0, 0.0, 0.0
0:01:30.598592, 0.0, 0.0, 90.0, 0.0, 0.0
0:01:30.692978, 0.0, 0.0, 90.0, 0.0, 0.0
0:01:30.787309, 0.0, 0.0, 90.0, 0.0, 0.0
0:01:30.881233, 0.0, 0.0, 90.0, 0.0, 0.0
0:01:30.975457, 0.0, 0.0, 90.0, 0.0, 0.0
0:01:31.069896, 0.0, 0.0, 90.0, 0.0, 0.0
0:01:31.148207, 0.0, 0.0, 90.0, 0.0, 0.0
0:01:31.258444, 0.0, 0.0, 90.0, 0.0, 0.0
0:01:31.352128, 0.0, 0.0, 90.0, 0.0, 0.0
0:01:31.446077, 0.0, 0.0, 90.0, 0.0, 0.0
0:01:31.540833, 0.0, 0.0, 90.0, 0.0, 0.0
0:01:31.634691, 0.0, 0.0, 90.0, 0.0, 0.0
0:01:31.729044, 0.0, 0.0, 90.0, 0.0, 0.0
0:01:31.807407, 0.0, 0.0, 90.0, 0.0, 0.0
0:01:31.901835, 0.0, 0.0, 90.0, 0.0, 0.0
0:01:31.996408, 0.0, 0.0, 90.0, 0.0, 0.0
0:01:32.090732, 0.0, 0.0, 90.0, 0.0, 0.0
0:01:32.184708, 0.0, 0.0, 90.0, 0.0, 0.0
0:01:32.278693, 0.0, 0.0, 90.0, 0.0, 0.0
0:01:32.372826, 0.0, 0.0, 90.0, 0.0, 0.0
0:01:32.467004, 0.0, 0.0, 90.0, 0.0, 0.0
0:01:32.561051, 0.0, 0.0, 90.0, 0.0, 0.0
0:01:32.654736, 0.0, 0.0, 90.0, 0.0, 0.0
0:01:32.749401, 0.0, 0.0, 90.0, 0.0, 0.0
0:01:32.843662, 0.0, 0.0, 90.0, 0.0, 0.0
0:01:32.937967, 0.0, 0.0, 90.0, 0.0, 0.0
0:01:33.032020, 0.0, 0.0, 90.0, 0.0, 0.0
0:01:33.126306, 0.0, 0.0, 90.0, 0.0, 0.0
0:01:33.220672, 0.0, 0.0, 90.0, 0.0, 0.0
0:01:33.314832, 0.0, 0.0, 90.0, 0.0, 0.0
0:01:33.409385, 0.0, 0.0, 90.0, 0.0, 0.0
0:01:33.503938, 0.0, 0.0, 90.0, 0.0, 0.0
0:01:33.598248, 0.0, 0.0, 90.0, 0.0, 0.0
0:01:33.692162, 0.0, 0.0, 90.0, 0.0, 0.0
0:01:33.786359, 0.0, 0.0, 90.0, 0.0, 0.0
0:01:33.880444, 0.0, 0.0, 90.0, 0.0, 0.0
0:01:33.974440, 0.0, 0.0, 90.0, 0.0, 0.0
0:01:34.068872, 0.0, 0.0, 90.0, 0.0, 0.0
0:01:34.163269, 0.0, 0.0, 90.0, 0.0, 0.0
0:01:34.257144, 0.0, 0.0, 90.0, 0.0, 0.0
0:01:34.351140, 0.0, 0.0, 90.0, 0.0, 0.0
0:01:34.445324, 0.0, 0.0, 90.0, 0.0, 0.0
0:01:34.539791, 0.0, 0.0, 90.0, 0.0, 0.0
0:01:34.633767, 0.0, 0.0, 90.0, 0.0, 0.0
0:01:34.712640, 0.0, 0.0, 90.0, 0.0, 0.0
0:01:34.822769, 0.0, 0.0, 90.0, 0.0, 0.0
0:01:34.901361, 0.0, 0.0, 90.0, 0.0, 0.0
0:01:34.995336, 0.0, 0.0, 90.0, 0.0, 0.0
0:01:35.089324, 0.0, 0.0, 90.0, 0.0, 0.0
0:01:35.183507, 0.0, 0.0, 90.0, 0.0, 0.0
0:01:35.277507, 0.0, 0.0, 90.0, 0.0, 0.0
0:01:35.371846, 0.0, 0.0, 90.0, 0.0, 0.0
0:01:35.466108, 0.0, 0.0, 90.0, 0.0, 0.0
0:01:35.560170, 0.0, 0.0, 90.0, 0.0, 0.0
0:01:35.654477, 0.0, 0.0, 90.0, 0.0, 0.0
0:01:35.748683, 0.0, 0.0, 90.0, 0.0, 0.0
0:01:35.842783, 0.0, 0.0, 90.0, 0.0, 0.0
0:01:35.937440, 0.0, 0.0, 90.0, 0.0, 0.0
0:01:36.031624, 0.0, 0.0, 90.0, 0.0, 0.0
0:01:36.126341, 0.0, 0.0, 90.0, 0.0, 0.0
0:01:36.204945, 0.0, 0.0, 90.0, 0.0, 0.0
0:01:36.314914, 0.0, 0.0, 90.0, 0.0, 0.0
0:01:36.409440, 0.0, 0.0, 90.0, 0.0, 0.0
0:01:36.503865, 0.0, 0.0, 90.0, 0.0, 0.0
0:01:36.597781, 0.0, 0.0, 90.0, 0.0, 0.0
0:01:36.692006, 0.0, 0.0, 90.0, 0.0, 0.0
0:01:36.786109, 0.0, 0.0, 90.0, 0.0, 0.0
0:01:36.879620, 0.0, 0.0, 90.0, 0.0, 0.0
0:01:36.973641, 0.0, 0.0, 90.0, 0.0, 0.0
0:01:37.068016, 0.0, 0.0, 90.0, 0.0, 0.0
0:01:37.162208, 0.0, 0.0, 90.0, 0.0, 0.0
0:01:37.256418, 0.0, 0.0, 90.0, 0.0, 0.0
0:01:37.350486, 0.0, 0.0, 90.0, 0.0, 0.0
0:01:37.444718, 0.0, 0.0, 90.0, 0.0, 0.0
0:01:37.539080, 0.0, 0.0, 90.0, 0.0, 0.0
0:01:37.633483, 0.0, 0.0, 90.0, 0.0, 0.0
0:01:37.727828, 0.0, 0.0, 90.0, 0.0, 0.0
0:01:37.821762, 0.0, 0.0, 90.0, 0.0, 0.0
0:01:37.916488, 0.0, 0.0, 90.0, 0.0, 0.0
0:01:37.994791, 0.0, 0.0, 90.0, 0.0, 0.0
0:01:38.088829, 0.0, 0.0, 90.0, 0.0, 0.0
0:01:38.182803, 0.0, 0.0, 90.0, 0.0, 0.0
0:01:38.276777, 0.0, 0.0, 90.0, 0.0, 0.0
0:01:38.371377, 0.0, 0.0, 90.0, 0.0, 0.0
0:01:38.465160, 0.0, 0.0, 90.0, 0.0, 0.0
0:01:38.559336, 0.0, 0.0, 90.0, 0.0, 0.0
0:01:38.653694, 0.0, 0.0, 90.0, 0.0, 0.0
0:01:38.747798, 0.0, 0.0, 90.0, 0.0, 0.0
0:01:38.841921, 0.0, 0.0, 90.0, 0.0, 0.0
0:01:38.936634, 0.0, 0.0, 90.0, 0.0, 0.0
0:01:39.030930, 0.0, 0.0, 90.0, 0.0, 0.0
0:01:39.125275, 0.0, 0.0, 90.0, 0.0, 0.0
0:01:39.219468, 0.0, 0.0, 90.0, 0.0, 0.0
0:01:39.313892, 0.0, 0.0, 90.0, 0.0, 0.0
0:01:39.408036, 0.0, 0.0, 90.0, 0.0, 0.0
0:01:39.501818, 0.0, 0.0, 90.0, 0.0, 0.0
0:01:39.595987, 0.0, 0.0, 90.0, 0.0, 0.0
0:01:39.690180, 0.0, 0.0, 90.0, 0.0, 0.0
0:01:39.784296, 0.0, 0.0, 90.0, 0.0, 0.0
0:01:39.878690, 0.0, 0.0, 90.0, 0.0, 0.0
0:01:39.972788, 0.0, 0.0, 90.0, 0.0, 0.0
0:01:40.066993, 0.0, 0.0, 90.0, 0.0, 0.0
0:01:40.176969, 0.0, 0.0, 90.0, 0.0, 0.0
0:01:40.255842, 0.0, 0.0, 90.0, 0.0, 0.0
0:01:40.350132, 0.0, 0.0, 90.0, 0.0, 0.0
0:01:40.444381, 0.0, 0.0, 90.0, 0.0, 0.0
0:01:40.538415, 0.0, 0.0, 90.0, 0.0, 0.0
0:01:40.632698, 0.0, 0.0, 90.0, 0.0, 0.0
0:01:40.726776, 0.0, 0.0, 90.0, 0.0, 0.0
0:01:40.821431, 0.0, 0.0, 90.0, 0.0, 0.0
0:01:40.915793, 0.0, 0.0, 90.0, 0.0, 0.0
0:01:41.010141, 0.0, 0.0, 90.0, 0.0, 0.0
0:01:41.088439, 0.0, 0.0, 90.0, 0.0, 0.0
0:01:41.182375, 0.0, 0.0, 90.0, 0.0, 0.0
0:01:41.276540, 0.0, 0.0, 90.0, 0.0, 0.0
0:01:41.371185, 0.0, 0.0, 90.0, 0.0, 0.0
0:01:41.465352, 0.0, 0.0, 90.0, 0.0, 0.0
0:01:41.559334, 0.0, 0.0, 90.0, 0.0, 0.0
0:01:41.653673, 0.0, 0.0, 90.0, 0.0, 0.0
0:01:41.747735, 0.0, 0.0, 90.0, 0.0, 0.0
0:01:41.842336, 0.0, 0.0, 90.0, 0.0, 0.0
0:01:41.936736, 0.0, 0.0, 90.0, 0.0, 0.0
0:01:42.031054, 0.0, 0.0, 90.0, 0.0, 0.0
0:01:42.125434, 0.0, 0.0, 90.0, 0.0, 0.0
0:01:42.219798, 0.0, 0.0, 90.0, 0.0, 0.0
0:01:42.313919, 0.0, 0.0, 90.0, 0.0, 0.0
0:01:42.407936, 0.0, 0.0, 90.0, 0.0, 0.0
0:01:42.501965, 0.0, 0.0, 90.0, 0.0, 0.0
0:01:42.596184, 0.0, 0.0, 90.0, 0.0, 0.0
0:01:42.690243, 0.0, 0.0, 90.0, 0.0, 0.0
0:01:42.800231, 0.0, 0.0, 90.0, 0.0, 0.0
0:01:42.878602, 0.0, 0.0, 90.0, 0.0, 0.0
0:01:42.972945, 0.0, 0.0, 90.0, 0.0, 0.0
0:01:43.067158, 0.0, 0.0, 90.0, 0.0, 0.0
0:01:43.161351, 0.0, 0.0, 90.0, 0.0, 0.0
0:01:43.255681, 0.0, 0.0, 90.0, 0.0, 0.0
0:01:43.349675, 0.0, 0.0, 90.0, 0.0, 0.0
0:01:43.444360, 0.0, 0.0, 90.0, 0.0, 0.0
0:01:43.538646, 0.0, 0.0, 90.0, 0.0, 0.0
0:01:43.633013, 0.0, 0.0, 90.0, 0.0, 0.0
0:01:43.726784, 0.0, 0.0, 90.0, 0.0, 0.0
0:01:43.820804, 0.0, 0.0, 90.0, 0.0, 0.0
0:01:43.914722, 0.0, 0.0, 90.0, 0.0, 0.0
0:01:44.008694, 0.0, 0.0, 90.0, 0.0, 0.0
0:01:44.102922, 0.0, 0.0, 90.0, 0.0, 0.0
0:01:44.196954, 0.0, 0.0, 90.0, 0.0, 0.0
0:01:44.291140, 0.0, 0.0, 90.0, 0.0, 0.0
0:01:44.369781, 0.0, 0.0, 90.0, 0.0, 0.0
0:01:44.463961, 0.0, 0.0, 90.0, 0.0, 0.0
0:01:44.557892, 0.0, 0.0, 90.0, 0.0, 0.0
0:01:44.652279, 0.0, 0.0, 90.0, 0.0, 0.0
0:01:44.746615, 0.0, 0.0, 90.0, 0.0, 0.0
0:01:44.841410, 0.0, 0.0, 90.0, 0.0, 0.0
0:01:44.935216, 0.0, 0.0, 90.0, 0.0, 0.0
0:01:45.029023, 0.0, 0.0, 90.0, 0.0, 0.0
0:01:45.123580, 0.0, 0.0, 90.0, 0.0, 0.0
0:01:45.217355, 0.0, 0.0, 90.0, 0.0, 0.0
0:01:45.311520, 0.0, 0.0, 90.0, 0.0, 0.0
0:01:45.405602, 0.0, 0.0, 90.0, 0.0, 0.0
0:01:45.499601, 0.0, 0.0, 90.0, 0.0, 0.0
0:01:45.594003, 0.0, 0.0, 90.0, 0.0, 0.0
0:01:45.688235, 0.0, 0.0, 90.0, 0.0, 0.0
0:01:45.782566, 0.0, 0.0, 90.0, 0.0, 0.0
0:01:45.876804, 0.0, 0.0, 90.0, 0.0, 0.0
0:01:45.970874, 0.0, 0.0, 90.0, 0.0, 0.0
0:01:46.049382, 0.0, 0.0, 90.0, 0.0, 0.0
0:01:46.174867, 0.0, 0.0, 90.0, 0.0, 0.0
0:01:46.253630, 0.0, 0.0, 90.0, 0.0, 0.0
0:01:46.332373, 0.0, 0.0, 90.0, 0.0, 0.0
0:01:46.442582, 0.0, 0.0, 90.0, 0.0, 0.0
0:01:46.537181, 0.0, 0.0, 90.0, 0.0, 0.0
0:01:46.631235, 0.0, 0.0, 90.0, 0.0, 0.0
0:01:46.725604, 0.0, 0.0, 90.0, 0.0, 0.0
0:01:46.819581, 0.0, 0.0, 90.0, 0.0, 0.0
0:01:46.913637, 0.0, 0.0, 90.0, 0.0, 0.0
0:01:47.007706, 0.0, 0.0, 90.0, 0.0, 0.0
0:01:47.102456, 0.0, 0.0, 90.0, 0.0, 0.0
0:01:47.196508, 0.0, 0.0, 90.0, 0.0, 0.0
0:01:47.290895, 0.0, 0.0, 90.0, 0.0, 0.0
0:01:47.384987, 0.0, 0.0, 90.0, 0.0, 0.0
0:01:47.463521, 0.0, 0.0, 90.0, 0.0, 0.0
0:01:47.557660, 0.0, 0.0, 90.0, 0.0, 0.0
0:01:47.651995, 0.0, 0.0, 90.0, 0.0, 0.0
0:01:47.746555, 0.0, 0.0, 90.0, 0.0, 0.0
0:01:47.856235, 0.0, 0.0, 90.0, 0.0, 0.0
0:01:47.934429, 0.0, 0.0, 90.0, 0.0, 0.0
0:01:48.028773, 0.0, 0.0, 90.0, 0.0, 0.0
0:01:48.122699, 0.0, 0.0, 90.0, 0.0, 0.0
0:01:48.216906, 0.0, 0.0, 90.0, 0.0, 0.0
0:01:48.310988, 0.0, 0.0, 90.0, 0.0, 0.0
0:01:48.405321, 0.0, 0.0, 90.0, 0.0, 0.0
0:01:48.499632, 0.0, 0.0, 90.0, 0.0, 0.0
0:01:48.593695, 0.0, 0.0, 90.0, 0.0, 0.0
0:01:48.687735, 0.0, 0.0, 90.0, 0.0, 0.0
0:01:48.782045, 0.0, 0.0, 90.0, 0.0, 0.0
0:01:48.876207, 0.0, 0.0, 90.0, 0.0, 0.0
0:01:48.970237, 0.0, 0.0, 90.0, 0.0, 0.0
0:01:49.064654, 0.0, 0.0, 90.0, 0.0, 0.0
0:01:49.158974, 0.0, 0.0, 90.0, 0.0, 0.0
0:01:49.253709, 0.0, 0.0, 90.0, 0.0, 0.0
0:01:49.347671, 0.0, 0.0, 90.0, 0.0, 0.0
0:01:49.442139, 0.0, 0.0, 90.0, 0.0, 0.0
0:01:49.536304, 0.0, 0.0, 90.0, 0.0, 0.0
0:01:49.630208, 0.0, 0.0, 90.0, 0.0, 0.0
0:01:49.724336, 0.0, 0.0, 90.0, 0.0, 0.0
0:01:49.818827, 0.0, 0.0, 90.0, 0.0, 0.0
0:01:49.912873, 0.0, 0.0, 90.0, 0.0, 0.0
0:01:50.007209, 0.0, 0.0, 90.0, 0.0, 0.0
0:01:50.101489, 0.0, 0.0, 90.0, 0.0, 0.0
0:01:50.195414, 0.0, 0.0, 90.0, 0.0, 0.0
0:01:50.289570, 0.0, 0.0, 90.0, 0.0, 0.0
0:01:50.383672, 0.0, 0.0, 90.0, 0.0, 0.0
0:01:50.477862, 0.0, 0.0, 90.0, 0.0, 0.0
0:01:50.572066, 0.0, 0.0, 90.0, 0.0, 0.0
0:01:50.665428, 0.0, 0.0, 90.0, 0.0, 0.0
0:01:50.760043, 0.0, 0.0, 90.0, 0.0, 0.0
0:01:50.854355, 0.0, 0.0, 90.0, 0.0, 0.0
0:01:50.933901, 0.0, 0.0, 90.0, 0.0, 0.0
0:01:51.027651, 0.0, 0.0, 90.0, 0.0, 0.0
0:01:51.123001, 0.0, 0.0, 90.0, 0.0, 0.0
0:01:51.217198, 0.0, 0.0, 90.0, 0.0, 0.0
0:01:51.311451, 0.0, 0.0, 90.0, 0.0, 0.0
0:01:51.390765, 0.0, 0.0, 90.0, 0.0, 0.0
0:01:51.500640, 0.0, 0.0, 90.0, 0.0, 0.0
0:01:51.595670, 0.0, 0.0, 90.0, 0.0, 0.0
0:01:51.690761, 0.0, 0.0, 90.0, 0.0, 0.0
0:01:51.784820, 0.0, 0.0, 90.0, 0.0, 0.0
0:01:51.879065, 0.0, 0.0, 90.0, 0.0, 0.0
0:01:51.973335, 0.0, 0.0, 90.0, 0.0, 0.0
0:01:52.067329, 0.0, 0.0, 90.0, 0.0, 0.0
0:01:52.161982, 0.0, 0.0, 90.0, 0.0, 0.0
0:01:52.256340, 0.0, 0.0, 90.0, 0.0, 0.0
0:01:52.350545, 0.0, 0.0, 90.0, 0.0, 0.0
0:01:52.445083, 0.0, 0.0, 90.0, 0.0, 0.0
0:01:52.539442, 0.0, 0.0, 90.0, 0.0, 0.0
0:01:52.633768, 0.0, 0.0, 90.0, 0.0, 0.0
0:01:52.727968, 0.0, 0.0, 90.0, 0.0, 0.0
0:01:52.822890, 0.0, 0.0, 90.0, 0.0, 0.0
0:01:52.917133, 0.0, 0.0, 90.0, 0.0, 0.0
0:01:52.996954, 0.0, 0.0, 90.0, 0.0, 0.0
0:01:53.106522, 0.0, 0.0, 90.0, 0.0, 0.0
0:01:53.200811, 0.0, 0.0, 90.0, 0.0, 0.0
0:01:53.295046, 0.0, 0.0, 90.0, 0.0, 0.0
0:01:53.389288, 0.0, 0.0, 90.0, 0.0, 0.0
0:01:53.483616, 0.0, 0.0, 90.0, 0.0, 0.0
0:01:53.578018, 0.0, 0.0, 90.0, 0.0, 0.0
0:01:53.672337, 0.0, 0.0, 90.0, 0.0, 0.0
0:01:53.766832, 0.0, 0.0, 90.0, 0.0, 0.0
0:01:53.862292, 0.0, 0.0, 90.0, 0.0, 0.0
0:01:53.955894, 0.0, 0.0, 90.0, 0.0, 0.0
0:01:54.050307, 0.0, 0.0, 90.0, 0.0, 0.0
0:01:54.144836, 0.0, 0.0, 90.0, 0.0, 0.0
0:01:54.238768, 0.0, 0.0, 90.0, 0.0, 0.0
0:01:54.332755, 0.0, 0.0, 90.0, 0.0, 0.0
0:01:54.426776, 0.0, 0.0, 90.0, 0.0, 0.0
0:01:54.521225, 0.0, 0.0, 90.0, 0.0, 0.0
0:01:54.615442, 0.0, 0.0, 90.0, 0.0, 0.0
0:01:54.726036, 0.0, 0.0, 90.0, 0.0, 0.0
0:01:54.804927, 0.0, 0.0, 90.0, 0.0, 0.0
0:01:54.899449, 0.0, 0.0, 90.0, 0.0, 0.0
0:01:54.993615, 0.0, 0.0, 90.0, 0.0, 0.0
0:01:55.087659, 0.0, 0.0, 90.0, 0.0, 0.0
0:01:55.182309, 0.0, 0.0, 90.0, 0.0, 0.0
0:01:55.276344, 0.0, 0.0, 90.0, 0.0, 0.0
0:01:55.370834, 0.0, 0.0, 90.0, 0.0, 0.0
0:01:55.465459, 0.0, 0.0, 90.0, 0.0, 0.0
0:01:55.559307, 0.0, 0.0, 90.0, 0.0, 0.0
0:01:55.654126, 0.0, 0.0, 90.0, 0.0, 0.0
0:01:55.748063, 0.0, 0.0, 90.0, 0.0, 0.0
0:01:55.842613, 0.0, 0.0, 90.0, 0.0, 0.0
0:01:55.937072, 0.0, 0.0, 90.0, 0.0, 0.0
0:01:56.031279, 0.0, 0.0, 90.0, 0.0, 0.0
0:01:56.124966, 0.0, 0.0, 90.0, 0.0, 0.0
0:01:56.219109, 0.0, 0.0, 90.0, 0.0, 0.0
0:01:56.313218, 0.0, 0.0, 90.0, 0.0, 0.0
0:01:56.501695, 0.0, 0.0, 90.0, 0.0, 0.0
0:01:56.595374, 0.0, 0.0, 90.0, 0.0, 0.0
0:01:56.689402, 0.0, 0.0, 90.0, 0.0, 0.0
0:01:56.783680, 0.0, 0.0, 90.0, 0.0, 0.0
0:01:56.878220, 0.0, 0.0, 90.0, 0.0, 0.0
0:01:56.972594, 0.0, 0.0, 90.0, 0.0, 0.0
0:01:57.066759, 0.0, 0.0, 90.0, 0.0, 0.0
0:01:57.161241, 0.0, 0.0, 90.0, 0.0, 0.0
0:01:57.255640, 0.0, 0.0, 90.0, 0.0, 0.0
0:01:57.349708, 0.0, 0.0, 90.0, 0.0, 0.0
0:01:57.443680, 0.0, 0.0, 90.0, 0.0, 0.0
0:01:57.537708, 0.0, 0.0, 90.0, 0.0, 0.0
0:01:57.631927, 0.0, 0.0, 90.0, 0.0, 0.0
0:01:57.726177, 0.0, 0.0, 90.0, 0.0, 0.0
0:01:57.821165, 0.0, 0.0, 90.0, 0.0, 0.0
0:01:57.916406, 0.0, 0.0, 90.0, 0.0, 0.0
0:01:57.994953, 0.0, 0.0, 90.0, 0.0, 0.0
0:01:58.089096, 0.0, 0.0, 90.0, 0.0, 0.0
0:01:58.182689, 0.0, 0.0, 90.0, 0.0, 0.0
0:01:58.277286, 0.0, 0.0, 90.0, 0.0, 0.0
0:01:58.371813, 0.0, 0.0, 90.0, 0.0, 0.0
0:01:58.466444, 0.0, 0.0, 90.0, 0.0, 0.0
0:01:58.560847, 0.0, 0.0, 90.0, 0.0, 0.0
0:01:58.655667, 0.0, 0.0, 90.0, 0.0, 0.0
0:01:58.749642, 0.0, 0.0, 90.0, 0.0, 0.0
0:01:58.843690, 0.0, 0.0, 90.0, 0.0, 0.0
0:01:58.938074, 0.0, 0.0, 90.0, 0.0, 0.0
0:01:59.032404, 0.0, 0.0, 90.0, 0.0, 0.0
0:01:59.126643, 0.0, 0.0, 90.0, 0.0, 0.0
0:01:59.220817, 0.0, 0.0, 90.0, 0.0, 0.0
0:01:59.314850, 0.0, 0.0, 90.0, 0.0, 0.0
0:01:59.409645, 0.0, 0.0, 90.0, 0.0, 0.0
0:01:59.504169, 0.0, 0.0, 90.0, 0.0, 0.0
0:01:59.598345, 0.0, 0.0, 90.0, 0.0, 0.0
0:01:59.692805, 0.0, 0.0, 90.0, 0.0, 0.0
0:01:59.787524, 0.0, 0.0, 90.0, 0.0, 0.0
0:01:59.882086, 0.0, 0.0, 90.0, 0.0, 0.0
0:01:59.977499, 0.0, 0.0, 90.0, 0.0, 0.0
0:02:00.073323, 0.0, 0.0, 90.0, 0.0, 0.0
0:02:00.151638, 0.0, 0.0, 90.0, 0.0, 0.0
0:02:00.245872, 0.0, 0.0, 90.0, 0.0, 0.0
0:02:00.339833, 0.0, 0.0, 90.0, 0.0, 0.0
0:02:00.434206, 0.0, 0.0, 90.0, 0.0, 0.0
0:02:00.528277, 0.0, 0.0, 90.0, 0.0, 0.0
0:02:00.623108, 0.0, 0.0, 90.0, 0.0, 0.0
0:02:00.717449, 0.0, 0.0, 90.0, 0.0, 0.0
0:02:00.811871, 0.0, 0.0, 90.0, 0.0, 0.0
0:02:00.906894, 0.0, 0.0, 90.0, 0.0, 0.0
0:02:01.000939, 0.0, 0.0, 90.0, 0.0, 0.0
0:02:01.111062, 0.0, 0.0, 90.0, 0.0, 0.0
0:02:01.189975, 0.0, 0.0, 90.0, 0.0, 0.0
0:02:01.284210, 0.0, 0.0, 90.0, 0.0, 0.0
0:02:01.378416, 0.0, 0.0, 90.0, 0.0, 0.0
0:02:01.484198, 0.0, 0.0, 90.0, 0.0, 0.0
0:02:01.568646, 0.0, 0.0, 90.0, 0.0, 0.0
0:02:01.662377, 0.0, 0.0, 90.0, 0.0, 0.0
0:02:01.757572, 0.0, 0.0, 90.0, 0.0, 0.0
0:02:01.851830, 0.0, 0.0, 90.0, 0.0, 0.0
0:02:01.946429, 0.0, 0.0, 90.0, 0.0, 0.0
0:02:02.040267, 0.0, 0.0, 90.0, 0.0, 0.0
0:02:02.134867, 0.0, 0.0, 90.0, 0.0, 0.0
0:02:02.213567, 0.0, 0.0, 90.0, 0.0, 0.0
0:02:02.307574, 0.0, 0.0, 90.0, 0.0, 0.0
0:02:02.401895, 0.0, 0.0, 90.0, 0.0, 0.0
0:02:02.496111, 0.0, 0.0, 90.0, 0.0, 0.0
0:02:02.590406, 0.0, 0.0, 90.0, 0.0, 0.0
0:02:02.685446, 0.0, 0.0, 90.0, 0.0, 0.0
0:02:02.779252, 0.0, 0.0, 90.0, 0.0, 0.0
0:02:02.873553, 0.0, 0.0, 90.0, 0.0, 0.0
0:02:02.983687, 0.0, 0.0, 90.0, 0.0, 0.0
0:02:03.061604, 0.0, 0.0, 90.0, 0.0, 0.0
0:02:03.155934, 0.0, 0.0, 90.0, 0.0, 0.0
0:02:03.250165, 0.0, 0.0, 90.0, 0.0, 0.0
0:02:03.344524, 0.0, 0.0, 90.0, 0.0, 0.0
0:02:03.439383, 0.0, 0.0, 90.0, 0.0, 0.0
0:02:03.533369, 0.0, 0.0, 90.0, 0.0, 0.0
0:02:03.628852, 0.0, 0.0, 90.0, 0.0, 0.0
0:02:03.723835, 0.0, 0.0, 90.0, 0.0, 0.0
0:02:03.817968, 0.0, 0.0, 90.0, 0.0, 0.0
0:02:03.912436, 0.0, 0.0, 90.0, 0.0, 0.0
0:02:04.006412, 0.0, 0.0, 90.0, 0.0, 0.0
0:02:04.101551, 0.0, 0.0, 90.0, 0.0, 0.0
0:02:04.195941, 0.0, 0.0, 90.0, 0.0, 0.0
0:02:04.290136, 0.0, 0.0, 90.0, 0.0, 0.0
0:02:04.384264, 0.0, 0.0, 90.0, 0.0, 0.0
0:02:04.478760, 0.0, 0.0, 90.0, 0.0, 0.0
0:02:04.573115, 0.0, 0.0, 90.0, 0.0, 0.0
0:02:04.651396, 0.0, 0.0, 90.0, 0.0, 0.0
0:02:04.745459, 0.0, 0.0, 90.0, 0.0, 0.0
0:02:04.840246, 0.0, 0.0, 90.0, 0.0, 0.0
0:02:04.934798, 0.0, 0.0, 90.0, 0.0, 0.0
0:02:05.029089, 0.0, 0.0, 90.0, 0.0, 0.0
0:02:05.123093, 0.0, 0.0, 90.0, 0.0, 0.0
0:02:05.217247, 0.0, 0.0, 90.0, 0.0, 0.0
0:02:05.311784, 0.0, 0.0, 90.0, 0.0, 0.0
0:02:05.405735, 0.0, 0.0, 90.0, 0.0, 0.0
0:02:05.500298, 0.0, 0.0, 90.0, 0.0, 0.0
0:02:05.594720, 0.0, 0.0, 90.0, 0.0, 0.0
0:02:05.689240, 0.0, 0.0, 90.0, 0.0, 0.0
0:02:05.783751, 0.0, 0.0, 90.0, 0.0, 0.0
0:02:05.878085, 0.0, 0.0, 90.0, 0.0, 0.0
0:02:05.972404, 0.0, 0.0, 90.0, 0.0, 0.0
0:02:06.050575, 0.0, 0.0, 90.0, 0.0, 0.0
0:02:06.160893, 0.0, 0.0, 90.0, 0.0, 0.0
0:02:06.254882, 0.0, 0.0, 90.0, 0.0, 0.0
0:02:06.349639, 0.0, 0.0, 90.0, 0.0, 0.0
0:02:06.444287, 0.0, 0.0, 90.0, 0.0, 0.0
0:02:06.538854, 0.0, 0.0, 90.0, 0.0, 0.0
0:02:06.633398, 0.0, 0.0, 90.0, 0.0, 0.0
0:02:06.728607, 0.0, 0.0, 90.0, 0.0, 0.0
0:02:06.807232, 0.0, 0.0, 90.0, 0.0, 0.0
0:02:06.902307, 0.0, 0.0, 90.0, 0.0, 0.0
0:02:06.997337, 0.0, 0.0, 90.0, 0.0, 0.0
0:02:07.091620, 0.0, 0.0, 90.0, 0.0, 0.0
0:02:07.185977, 0.0, 0.0, 90.0, 0.0, 0.0
0:02:07.280336, 0.0, 0.0, 90.0, 0.0, 0.0
0:02:07.375357, 0.0, 0.0, 90.0, 0.0, 0.0
0:02:07.469130, 0.0, 0.0, 90.0, 0.0, 0.0
0:02:07.563823, 0.0, 0.0, 90.0, 0.0, 0.0
0:02:07.658108, 0.0, 0.0, 90.0, 0.0, 0.0
0:02:07.752418, 0.0, 0.0, 90.0, 0.0, 0.0
0:02:07.847489, 0.0, 0.0, 90.0, 0.0, 0.0
0:02:07.941630, 0.0, 0.0, 90.0, 0.0, 0.0
0:02:08.035737, 0.0, 0.0, 90.0, 0.0, 0.0
0:02:08.130561, 0.0, 0.0, 90.0, 0.0, 0.0
0:02:08.224702, 0.0, 0.0, 90.0, 0.0, 0.0
0:02:08.318779, 0.0, 0.0, 90.0, 0.0, 0.0
0:02:08.413824, 0.0, 0.0, 90.0, 0.0, 0.0
0:02:08.508192, 0.0, 0.0, 90.0, 0.0, 0.0
0:02:08.602607, 0.0, 0.0, 90.0, 0.0, 0.0
0:02:08.697590, 0.0, 0.0, 90.0, 0.0, 0.0
0:02:08.791868, 0.0, 0.0, 90.0, 0.0, 0.0
0:02:08.870134, 0.0, 0.0, 90.0, 0.0, 0.0
0:02:08.964334, 0.0, 0.0, 90.0, 0.0, 0.0
0:02:09.058311, 0.0, 0.0, 90.0, 0.0, 0.0
0:02:09.152489, 0.0, 0.0, 90.0, 0.0, 0.0
0:02:09.246929, 0.0, 0.0, 90.0, 0.0, 0.0
0:02:09.340949, 0.0, 0.0, 90.0, 0.0, 0.0
0:02:09.435134, 0.0, 0.0, 90.0, 0.0, 0.0
0:02:09.529393, 0.0, 0.0, 90.0, 0.0, 0.0
0:02:09.623618, 0.0, 0.0, 90.0, 0.0, 0.0
0:02:09.717680, 0.0, 0.0, 90.0, 0.0, 0.0
0:02:09.796571, 0.0, 0.0, 90.0, 0.0, 0.0
0:02:09.906743, 0.0, 0.0, 90.0, 0.0, 0.0
0:02:10.001674, 0.0, 0.0, 90.0, 0.0, 0.0
0:02:10.095666, 0.0, 0.0, 90.0, 0.0, 0.0
0:02:10.190156, 0.0, 0.0, 90.0, 0.0, 0.0
0:02:10.284747, 0.0, 0.0, 90.0, 0.0, 0.0
0:02:10.379391, 0.0, 0.0, 90.0, 0.0, 0.0
0:02:10.474636, 0.0, 0.0, 90.0, 0.0, 0.0
0:02:10.568616, 0.0, 0.0, 90.0, 0.0, 0.0
0:02:10.663966, 0.0, 0.0, 90.0, 0.0, 0.0
0:02:10.758244, 0.0, 0.0, 90.0, 0.0, 0.0
0:02:10.852282, 0.0, 0.0, 90.0, 0.0, 0.0
0:02:10.946732, 0.0, 0.0, 90.0, 0.0, 0.0
0:02:11.040923, 0.0, 0.0, 90.0, 0.0, 0.0
0:02:11.119857, 0.0, 0.0, 90.0, 0.0, 0.0
0:02:11.214492, 0.0, 0.0, 90.0, 0.0, 0.0
0:02:11.308856, 0.0, 0.0, 90.0, 0.0, 0.0
0:02:11.403085, 0.0, 0.0, 90.0, 0.0, 0.0
0:02:11.497205, 0.0, 0.0, 90.0, 0.0, 0.0
0:02:11.591436, 0.0, 0.0, 90.0, 0.0, 0.0
0:02:11.685761, 0.0, 0.0, 90.0, 0.0, 0.0
0:02:11.779534, 0.0, 0.0, 90.0, 0.0, 0.0
0:02:11.873859, 0.0, 0.0, 90.0, 0.0, 0.0
0:02:11.968108, 0.0, 0.0, 90.0, 0.0, 0.0
0:02:12.062492, 0.0, 0.0, 90.0, 0.0, 0.0
0:02:12.156699, 0.0, 0.0, 90.0, 0.0, 0.0
0:02:12.249710, 0.0, 0.0, 90.0, 0.0, 0.0
0:02:12.343848, 0.0, 0.0, 90.0, 0.0, 0.0
0:02:12.454557, 0.0, 0.0, 90.0, 0.0, 0.0
0:02:12.533073, 0.0, 0.0, 90.0, 0.0, 0.0
0:02:12.627855, 0.0, 0.0, 90.0, 0.0, 0.0
0:02:12.722819, 0.0, 0.0, 90.0, 0.0, 0.0
0:02:12.801608, 0.0, 0.0, 90.0, 0.0, 0.0
0:02:12.911831, 0.0, 0.0, 90.0, 0.0, 0.0
0:02:13.005953, 0.0, 0.0, 90.0, 0.0, 0.0
0:02:13.100130, 0.0, 0.0, 90.0, 0.0, 0.0
0:02:13.194502, 0.0, 0.0, 90.0, 0.0, 0.0
0:02:13.288492, 0.0, 0.0, 90.0, 0.0, 0.0
0:02:13.382818, 0.0, 0.0, 90.0, 0.0, 0.0
0:02:13.476825, 0.0, 0.0, 90.0, 0.0, 0.0
0:02:13.570844, 0.0, 0.0, 90.0, 0.0, 0.0
0:02:13.664856, 0.0, 0.0, 90.0, 0.0, 0.0
0:02:13.759048, 0.0, 0.0, 90.0, 0.0, 0.0
0:02:13.854069, 0.0, 0.0, 90.0, 0.0, 0.0
0:02:13.932663, 0.0, 0.0, 90.0, 0.0, 0.0
0:02:14.026779, 0.0, 0.0, 90.0, 0.0, 0.0
0:02:14.120962, 0.0, 0.0, 90.0, 0.0, 0.0
0:02:14.215741, 0.0, 0.0, 90.0, 0.0, 0.0
0:02:14.309822, 0.0, 0.0, 90.0, 0.0, 0.0
0:02:14.404305, 0.0, 0.0, 90.0, 0.0, 0.0
0:02:14.498686, 0.0, 0.0, 90.0, 0.0, 0.0
0:02:14.592583, 0.0, 0.0, 90.0, 0.0, 0.0
0:02:14.688496, 0.0, 0.0, 90.0, 0.0, 0.0
0:02:14.783203, 0.0, 0.0, 90.0, 0.0, 0.0
0:02:14.877229, 0.0, 0.0, 90.0, 0.0, 0.0
0:02:14.971906, 0.0, 0.0, 90.0, 0.0, 0.0
0:02:15.066029, 0.0, 0.0, 90.0, 0.0, 0.0
0:02:15.160432, 0.0, 0.0, 90.0, 0.0, 0.0
0:02:15.254865, 0.0, 0.0, 90.0, 0.0, 0.0
0:02:15.348905, 0.0, 0.0, 90.0, 0.0, 0.0
0:02:15.443194, 0.0, 0.0, 90.0, 0.0, 0.0
0:02:15.537400, 0.0, 0.0, 90.0, 0.0, 0.0
0:02:15.631974, 0.0, 0.0, 90.0, 0.0, 0.0
0:02:15.726813, 0.0, 0.0, 90.0, 0.0, 0.0
0:02:15.821532, 0.0, 0.0, 90.0, 0.0, 0.0
0:02:15.915614, 0.0, 0.0, 90.0, 0.0, 0.0
0:02:16.009567, 0.0, 0.0, 90.0, 0.0, 0.0
0:02:16.103472, 0.0, 0.0, 90.0, 0.0, 0.0
0:02:16.197773, 0.0, 0.0, 90.0, 0.0, 0.0
0:02:16.291844, 0.0, 0.0, 90.0, 0.0, 0.0
0:02:16.386028, 0.0, 0.0, 90.0, 0.0, 0.0
0:02:16.480159, 0.0, 0.0, 90.0, 0.0, 0.0
0:02:16.574439, 0.0, 0.0, 90.0, 0.0, 0.0
0:02:16.652950, 0.0, 0.0, 90.0, 0.0, 0.0
0:02:16.762897, 0.0, 0.0, 90.0, 0.0, 0.0
0:02:16.857281, 0.0, 0.0, 90.0, 0.0, 0.0
0:02:16.951637, 0.0, 0.0, 90.0, 0.0, 0.0
0:02:17.045681, 0.0, 0.0, 90.0, 0.0, 0.0
0:02:17.140061, 0.0, 0.0, 90.0, 0.0, 0.0
0:02:17.234160, 0.0, 0.0, 90.0, 0.0, 0.0
0:02:17.328365, 0.0, 0.0, 90.0, 0.0, 0.0
0:02:17.422750, 0.0, 0.0, 90.0, 0.0, 0.0
0:02:17.517137, 0.0, 0.0, 90.0, 0.0, 0.0
0:02:17.611650, 0.0, 0.0, 90.0, 0.0, 0.0
0:02:17.705642, 0.0, 0.0, 90.0, 0.0, 0.0
0:02:17.799613, 0.0, 0.0, 90.0, 0.0, 0.0
0:02:17.893667, 0.0, 0.0, 90.0, 0.0, 0.0
0:02:17.987897, 0.0, 0.0, 90.0, 0.0, 0.0
0:02:18.081209, 0.0, 0.0, 90.0, 0.0, 0.0
0:02:18.175642, 0.0, 0.0, 90.0, 0.0, 0.0
0:02:18.269613, 0.0, 0.0, 90.0, 0.0, 0.0
0:02:18.364064, 0.0, 0.0, 90.0, 0.0, 0.0
0:02:18.458100, 0.0, 0.0, 90.0, 0.0, 0.0
0:02:18.552382, 0.0, 0.0, 90.0, 0.0, 0.0
0:02:18.646444, 0.0, 0.0, 90.0, 0.0, 0.0
0:02:18.740549, 0.0, 0.0, 90.0, 0.0, 0.0
0:02:18.834756, 0.0, 0.0, 90.0, 0.0, 0.0
0:02:18.928790, 0.0, 0.0, 90.0, 0.0, 0.0
0:02:19.023080, 0.0, 0.0, 90.0, 0.0, 0.0
0:02:19.116863, 0.0, 0.0, 90.0, 0.0, 0.0
0:02:19.210954, 0.0, 0.0, 90.0, 0.0, 0.0
0:02:19.304841, 0.0, 0.0, 90.0, 0.0, 0.0
0:02:19.398985, 0.0, 0.0, 90.0, 0.0, 0.0
0:02:19.492911, 0.0, 0.0, 90.0, 0.0, 0.0
0:02:19.587101, 0.0, 0.0, 90.0, 0.0, 0.0
0:02:19.681009, 0.0, 0.0, 90.0, 0.0, 0.0
0:02:19.775274, 0.0, 0.0, 90.0, 0.0, 0.0
0:02:19.869335, 0.0, 0.0, 90.0, 0.0, 0.0
0:02:19.947864, 0.0, 0.0, 90.0, 0.0, 0.0
0:02:20.057768, 0.0, 0.0, 90.0, 0.0, 0.0
0:02:20.136792, 0.0, 0.0, 90.0, 0.0, 0.0
0:02:20.230892, 0.0, 0.0, 90.0, 0.0, 0.0
0:02:20.324770, 0.0, 0.0, 90.0, 0.0, 0.0
0:02:20.419235, 0.0, 0.0, 90.0, 0.0, 0.0
0:02:20.514293, 0.0, 0.0, 90.0, 0.0, 0.0
0:02:20.608214, 0.0, 0.0, 90.0, 0.0, 0.0
0:02:20.702640, 0.0, 0.0, 90.0, 0.0, 0.0
0:02:20.796740, 0.0, 0.0, 90.0, 0.0, 0.0
0:02:20.890867, 0.0, 0.0, 90.0, 0.0, 0.0
0:02:20.984863, 0.0, 0.0, 90.0, 0.0, 0.0
0:02:21.079273, 0.0, 0.0, 90.0, 0.0, 0.0
0:02:21.174341, 0.0, 0.0, 90.0, 0.0, 0.0
0:02:21.268665, 0.0, 0.0, 90.0, 0.0, 0.0
0:02:21.363846, 0.0, 0.0, 90.0, 0.0, 0.0
0:02:21.458208, 0.0, 0.0, 90.0, 0.0, 0.0
0:02:21.552681, 0.0, 0.0, 90.0, 0.0, 0.0
0:02:21.647654, 0.0, 0.0, 90.0, 0.0, 0.0
0:02:21.757143, 0.0, 0.0, 90.0, 0.0, 0.0
0:02:21.836078, 0.0, 0.0, 90.0, 0.0, 0.0
0:02:21.930427, 0.0, 0.0, 90.0, 0.0, 0.0
0:02:22.024658, 0.0, 0.0, 90.0, 0.0, 0.0
0:02:22.119447, 0.0, 0.0, 90.0, 0.0, 0.0
0:02:22.197972, 0.0, 0.0, 90.0, 0.0, 0.0
0:02:22.292033, 0.0, 0.0, 90.0, 0.0, 0.0
0:02:22.386810, 0.0, 0.0, 90.0, 0.0, 0.0
0:02:22.481112, 0.0, 0.0, 90.0, 0.0, 0.0
0:02:22.575142, 0.0, 0.0, 90.0, 0.0, 0.0
0:02:22.669445, 0.0, 0.0, 90.0, 0.0, 0.0
0:02:22.765351, 0.0, 0.0, 90.0, 0.0, 0.0
0:02:22.859479, 0.0, 0.0, 90.0, 0.0, 0.0
0:02:22.954539, 0.0, 0.0, 90.0, 0.0, 0.0
0:02:23.049859, 0.0, 0.0, 90.0, 0.0, 0.0
0:02:23.145071, 0.0, 0.0, 90.0, 0.0, 0.0
0:02:23.239305, 0.0, 0.0, 90.0, 0.0, 0.0
0:02:23.333581, 0.0, 0.0, 90.0, 0.0, 0.0
0:02:23.428601, 0.0, 0.0, 90.0, 0.0, 0.0
0:02:23.522488, 0.0, 0.0, 90.0, 0.0, 0.0
0:02:23.616650, 0.0, 0.0, 90.0, 0.0, 0.0
0:02:23.710537, 0.0, 0.0, 90.0, 0.0, 0.0
0:02:23.804714, 0.0, 0.0, 90.0, 0.0, 0.0
0:02:23.898772, 0.0, 0.0, 90.0, 0.0, 0.0
0:02:23.992991, 0.0, 0.0, 90.0, 0.0, 0.0
0:02:24.087424, 0.0, 0.0, 90.0, 0.0, 0.0
0:02:24.181582, 0.0, 0.0, 90.0, 0.0, 0.0
0:02:24.275654, 0.0, 0.0, 90.0, 0.0, 0.0
0:02:24.354198, 0.0, 0.0, 90.0, 0.0, 0.0
0:02:24.448832, 0.0, 0.0, 90.0, 0.0, 0.0
0:02:24.542926, 0.0, 0.0, 90.0, 0.0, 0.0
0:02:24.637765, 0.0, 0.0, 90.0, 0.0, 0.0
0:02:24.732230, 0.0, 0.0, 90.0, 0.0, 0.0
0:02:24.826197, 0.0, 0.0, 90.0, 0.0, 0.0
0:02:24.920175, 0.0, 0.0, 90.0, 0.0, 0.0
0:02:25.015194, 0.0, 0.0, 90.0, 0.0, 0.0
0:02:25.110837, 0.0, 0.0, 90.0, 0.0, 0.0
0:02:25.204916, 0.0, 0.0, 90.0, 0.0, 0.0
0:02:25.300286, 0.0, 0.0, 90.0, 0.0, 0.0
0:02:25.395188, 0.0, 0.0, 90.0, 0.0, 0.0
0:02:25.491076, 0.0, 0.0, 90.0, 0.0, 0.0
0:02:25.586196, 0.0, 0.0, 90.0, 0.0, 0.0
0:02:25.681700, 0.0, 0.0, 90.0, 0.0, 0.0
0:02:25.760994, 0.0, 0.0, 90.0, 0.0, 0.0
0:02:25.855679, 0.0, 0.0, 90.0, 0.0, 0.0
0:02:25.949879, 0.0, 0.0, 90.0, 0.0, 0.0
0:02:26.044553, 0.0, 0.0, 90.0, 0.0, 0.0
0:02:26.138280, 0.0, 0.0, 90.0, 0.0, 0.0
0:02:26.232971, 0.0, 0.0, 90.0, 0.0, 0.0
0:02:26.327646, 0.0, 0.0, 90.0, 0.0, 0.0
0:02:26.437546, 0.0, 0.0, 90.0, 0.0, 0.0
0:02:26.516674, 0.0, 0.0, 90.0, 0.0, 0.0
0:02:26.610989, 0.0, 0.0, 90.0, 0.0, 0.0
0:02:26.704731, 0.0, 0.0, 90.0, 0.0, 0.0
0:02:26.783276, 0.0, 0.0, 90.0, 0.0, 0.0
0:02:26.891876, 0.0, 0.0, 90.0, 0.0, 0.0
0:02:26.985937, 0.0, 0.0, 90.0, 0.0, 0.0
0:02:27.064698, 0.0, 0.0, 90.0, 0.0, 0.0
0:02:27.175233, 0.0, 0.0, 90.0, 0.0, 0.0
0:02:27.270367, 0.0, 0.0, 90.0, 0.0, 0.0
0:02:27.363556, 0.0, 0.0, 90.0, 0.0, 0.0
0:02:27.456818, 0.0, 0.0, 90.0, 0.0, 0.0
0:02:27.549964, 0.0, 0.0, 90.0, 0.0, 0.0
0:02:27.644083, 0.0, 0.0, 90.0, 0.0, 0.0
0:02:27.740064, 0.0, 0.0, 90.0, 0.0, 0.0
0:02:27.835249, 0.0, 0.0, 90.0, 0.0, 0.0
0:02:27.929991, 0.0, 0.0, 90.0, 0.0, 0.0
0:02:28.024674, 0.0, 0.0, 90.0, 0.0, 0.0
0:02:28.119591, 0.0, 0.0, 90.0, 0.0, 0.0
0:02:28.198597, 0.0, 0.0, 90.0, 0.0, 0.0
0:02:28.293143, 0.0, 0.0, 90.0, 0.0, 0.0
0:02:28.387718, 0.0, 0.0, 90.0, 0.0, 0.0
0:02:28.482355, 0.0, 0.0, 90.0, 0.0, 0.0
0:02:28.560010, 0.0, 0.0, 90.0, 0.0, 0.0
0:02:28.670351, 0.0, 0.0, 90.0, 0.0, 0.0
0:02:28.749284, 0.0, 0.0, 90.0, 0.0, 0.0
0:02:28.850828, 0.0, 0.0, 90.0, 0.0, 0.0
0:02:28.954645, 0.0, 0.0, 90.0, 0.0, 0.0
0:02:29.048133, 0.0, 0.0, 90.0, 0.0, 0.0
0:02:29.140442, 0.0, 0.0, 90.0, 0.0, 0.0
0:02:29.235159, 0.0, 0.0, 90.0, 0.0, 0.0
0:02:29.329867, 0.0, 0.0, 90.0, 0.0, 0.0
0:02:29.408332, 0.0, 0.0, 90.0, 0.0, 0.0
0:02:29.517165, 0.0, 0.0, 90.0, 0.0, 0.0
0:02:29.611348, 0.0, 0.0, 90.0, 0.0, 0.0
0:02:29.705304, 0.0, 0.0, 90.0, 0.0, 0.0
0:02:29.799879, 0.0, 0.0, 90.0, 0.0, 0.0
0:02:29.895366, 0.0, 0.0, 90.0, 0.0, 0.0
0:02:29.990112, 0.0, 0.0, 90.0, 0.0, 0.0
0:02:30.082085, 0.0, 0.0, 90.0, 0.0, 0.0
0:02:30.176867, 0.0, 0.0, 90.0, 0.0, 0.0
0:02:30.271393, 0.0, 0.0, 90.0, 0.0, 0.0
0:02:30.365702, 0.0, 0.0, 90.0, 0.0, 0.0
0:02:30.460551, 0.0, 0.0, 90.0, 0.0, 0.0
0:02:30.555372, 0.0, 0.0, 90.0, 0.0, 0.0
0:02:30.649284, 0.0, 0.0, 90.0, 0.0, 0.0
0:02:30.744532, 0.0, 0.0, 90.0, 0.0, 0.0
0:02:30.822779, 0.0, 0.0, 90.0, 0.0, 0.0
0:02:30.932637, 0.0, 0.0, 90.0, 0.0, 0.0
0:02:31.010790, 0.0, 0.0, 90.0, 0.0, 0.0
0:02:31.105449, 0.0, 0.0, 90.0, 0.0, 0.0
0:02:31.199846, 0.0, 0.0, 90.0, 0.0, 0.0
0:02:31.293964, 0.0, 0.0, 90.0, 0.0, 0.0
0:02:31.387958, 0.0, 0.0, 90.0, 0.0, 0.0
0:02:31.482266, 0.0, 0.0, 90.0, 0.0, 0.0
0:02:31.576350, 0.0, 0.0, 90.0, 0.0, 0.0
0:02:31.670531, 0.0, 0.0, 90.0, 0.0, 0.0
0:02:31.763877, 0.0, 0.0, 90.0, 0.0, 0.0
0:02:31.858465, 0.0, 0.0, 90.0, 0.0, 0.0
0:02:31.953751, 0.0, 0.0, 90.0, 0.0, 0.0
0:02:32.048149, 0.0, 0.0, 90.0, 0.0, 0.0
0:02:32.142879, 0.0, 0.0, 90.0, 0.0, 0.0
0:02:32.236676, 0.0, 0.0, 90.0, 0.0, 0.0
0:02:32.330590, 0.0, 0.0, 90.0, 0.0, 0.0
0:02:32.424681, 0.0, 0.0, 90.0, 0.0, 0.0
0:02:32.518833, 0.0, 0.0, 90.0, 0.0, 0.0
0:02:32.613231, 0.0, 0.0, 90.0, 0.0, 0.0
0:02:32.707359, 0.0, 0.0, 90.0, 0.0, 0.0
0:02:32.801619, 0.0, 0.0, 90.0, 0.0, 0.0
0:02:32.896381, 0.0, 0.0, 90.0, 0.0, 0.0
0:02:32.990545, 0.0, 0.0, 90.0, 0.0, 0.0
0:02:33.084369, 0.0, 0.0, 90.0, 0.0, 0.0
0:02:33.178690, 0.0, 0.0, 90.0, 0.0, 0.0
0:02:33.273231, 0.0, 0.0, 90.0, 0.0, 0.0
0:02:33.367362, 0.0, 0.0, 90.0, 0.0, 0.0
0:02:33.462395, 0.0, 0.0, 90.0, 0.0, 0.0
0:02:33.556614, 0.0, 0.0, 90.0, 0.0, 0.0
0:02:33.650508, 0.0, 0.0, 90.0, 0.0, 0.0
0:02:33.744844, 0.0, 0.0, 90.0, 0.0, 0.0
0:02:33.823144, 0.0, 0.0, 90.0, 0.0, 0.0
0:02:33.917962, 0.0, 0.0, 90.0, 0.0, 0.0
0:02:34.012177, 0.0, 0.0, 90.0, 0.0, 0.0
0:02:34.106243, 0.0, 0.0, 90.0, 0.0, 0.0
0:02:34.200429, 0.0, 0.0, 90.0, 0.0, 0.0
0:02:34.294510, 0.0, 0.0, 90.0, 0.0, 0.0
0:02:34.388697, 0.0, 0.0, 90.0, 0.0, 0.0
0:02:34.482792, 0.0, 0.0, 90.0, 0.0, 0.0
0:02:34.577241, 0.0, 0.0, 90.0, 0.0, 0.0
0:02:34.671980, 0.0, 0.0, 90.0, 0.0, 0.0
0:02:34.766704, 0.0, 0.0, 90.0, 0.0, 0.0
0:02:34.860723, 0.0, 0.0, 90.0, 0.0, 0.0
0:02:34.955226, 0.0, 0.0, 90.0, 0.0, 0.0
0:02:35.049886, 0.0, 0.0, 90.0, 0.0, 0.0
0:02:35.144336, 0.0, 0.0, 90.0, 0.0, 0.0
0:02:35.238258, 0.0, 0.0, 90.0, 0.0, 0.0
0:02:35.332254, 0.0, 0.0, 90.0, 0.0, 0.0
0:02:35.426375, 0.0, 0.0, 90.0, 0.0, 0.0
0:02:35.520350, 0.0, 0.0, 90.0, 0.0, 0.0
0:02:35.630977, 0.0, 0.0, 90.0, 0.0, 0.0
0:02:35.724912, 0.0, 0.0, 90.0, 0.0, 0.0
0:02:35.818969, 0.0, 0.0, 90.0, 0.0, 0.0
0:02:35.897634, 0.0, 0.0, 90.0, 0.0, 0.0
0:02:36.007385, 0.0, 0.0, 90.0, 0.0, 0.0
0:02:36.117239, 0.0, 0.0, 90.0, 0.0, 0.0
0:02:36.195724, 0.0, 0.0, 90.0, 0.0, 0.0
0:02:36.290265, 0.0, 0.0, 90.0, 0.0, 0.0
0:02:36.384285, 0.0, 0.0, 90.0, 0.0, 0.0
0:02:36.478999, 0.0, 0.0, 90.0, 0.0, 0.0
0:02:36.572933, 0.0, 0.0, 90.0, 0.0, 0.0
0:02:36.651817, 0.0, 0.0, 90.0, 0.0, 0.0
0:02:36.761859, 0.0, 0.0, 90.0, 0.0, 0.0
0:02:36.840121, 0.0, 0.0, 90.0, 0.0, 0.0
