0:00:08.499955: amp 40
0:03:41.963364: amp 39
0:03:42.025871: amp 36
0:03:42.041441: amp 29
0:03:42.057110: amp 25
0:03:42.072731: amp 20
0:03:42.088357: amp 14
0:03:42.103863: amp 5
0:03:42.119475: amp 0
0:04:11.775869: amp 45
0:04:15.604047: freq 0.5
0:04:15.666363: freq 0.55
0:04:15.666363: freq 0.6
0:04:15.697686: freq 0.65
0:04:15.713431: freq 0.75
0:04:15.744614: freq 0.8
0:04:15.760244: freq 1
0:04:15.791489: freq 1
0:04:23.119606: phb 0.05933620346754212
0:04:23.119606: phb 0.1990110611173192
0:04:23.135174: phb 0.27139562776243237
0:04:23.150864: phb 0.3940878715447417
0:04:23.182120: phb 0.5041653494591222
0:04:23.197685: phb 1.0093016524391265
0:04:23.213406: phb 1.770479470524183
0:04:23.228984: phb 2.112575929649036
0:04:23.244576: phb 2.2142964884907546
0:04:23.260181: phb 2.375647041687721
0:04:24.244636: phb 2.166659618770514
0:04:24.275813: phb 2.173083079307409
0:04:24.322701: phb 2.2239237838059833
0:04:24.322701: phb 2.3698916967280637
0:04:24.338362: phb 2.494069856568973
0:04:24.963238: phb 2.4553438038055364
0:04:25.010237: phb 2.4785742832522466
0:04:25.025858: phb 2.54051833991331
0:04:25.041461: phb 2.5804287011273437
0:04:25.056990: phb 2.6971725044686243
0:04:25.072601: phb 2.8901490801709624
0:04:25.088230: phb 3.0696443556864117
0:04:25.103984: phb 3.1592904709670604
0:04:25.135108: phb 3.316770270329792
0:04:25.135108: phb 3.4338607992473533
0:04:25.150713: phb 3.512911590923896
0:04:25.182068: phb 3.558174263330399
0:04:25.197731: phb 3.5728772372036044
0:04:25.213218: phb 3.6016948401294235
0:04:25.228859: phb 3.6297111391621253
0:04:25.416504: phb 3.615444426958116
0:04:25.431983: phb 3.575048525169095
0:04:25.447743: phb 3.530217531088288
0:04:25.463373: phb 3.497812627934777
0:04:25.478993: phb 3.447471533230768
0:04:25.510113: phb 3.4121635335234695
0:04:25.525816: phb 3.395017068504452
0:04:25.541395: phb 3.3782101019067423
0:04:25.838331: phb 3.375020373386621
0:04:31.088325: phb 3.1776125946806886
0:04:31.135096: phb 3.1596092922598937
0:04:31.166456: phb 3.105572712498898
0:04:31.166456: phb 3.0517455579865205
0:04:31.197789: phb 2.920945341499314
0:04:31.213216: phb 2.7576081179674987
0:04:31.228837: phb 2.5962305310439815
0:04:31.244461: phb 2.5000211977239077
0:04:31.260084: phb 2.3079555707253556
0:04:31.291432: phb 2.1193456983849517
0:04:31.291432: phb 1.9791631112906354
0:04:31.307130: phb 1.895271471267758
0:04:31.322612: phb 1.7957366905636347
0:04:31.353835: phb 1.6892853008270738
0:04:31.369614: phb 1.5938681976826303
0:04:31.369614: phb 1.519370620161117
0:04:31.385096: phb 1.4923859950198493
0:04:31.416337: phb 1.425982972559398
0:04:31.432065: phb 1.3879300289593899
0:04:31.447738: phb 1.3643213958600573
0:04:31.463327: phb 1.3196346818459306
0:04:31.478990: phb 1.3073298633313608
0:04:31.494473: phb 1.2899578572073684
0:04:31.510110: phb 1.2816638416196262
0:04:31.572754: phb 1.2508536269007942
0:04:31.588384: phb 1.24369755782657
0:04:31.603863: phb 1.2158985698082945
0:04:31.619485: phb 1.2094793763257128
0:04:31.838409: phb 1.2132858760638623
0:04:31.853989: phb 1.250731989726024
0:04:31.885113: phb 1.2742501882129178
0:04:31.900735: phb 1.2975832790223654
0:04:31.916463: phb 1.3309385357177248
0:04:32.775872: phb 1.2422423018644828
0:04:32.853862: phb 1.2696378006548408
0:04:32.869573: phb 1.3153102541986512
0:04:32.900810: phb 1.3915801270238894
0:04:32.916363: phb 1.4499593729553275
0:04:32.931963: phb 1.4640598113530634
0:04:32.931963: phb 1.5065980828552497
0:04:32.963360: phb 1.535097202452809
0:04:32.978935: phb 1.549370144918652
0:04:32.994465: phb 1.577939032103996
0:04:33.244614: phb 1.592220711140039
0:04:38.525759: phb 1.638871835791407
0:04:38.525759: phb 1.6704649967180423
0:04:38.541454: phb 1.7885961281161742
0:04:38.556983: phb 2.011101616245627
0:04:38.572612: phb 2.301035003022572
0:04:38.588357: phb 2.549033559627253
0:04:38.604044: phb 2.653474168017461
0:04:38.619614: phb 2.8357137739488185
0:04:38.635115: phb 2.964167394798462
0:04:38.650729: phb 3.050343020993439
0:04:38.666379: phb 3.077166179426606
0:04:38.697777: phb 3.116120844967215
0:04:38.713362: phb 3.154171000367854
0:04:38.744628: phb 3.179310635890787
0:04:38.760112: phb 3.191865148222288
0:04:38.853970: phb 3.204402673485271
0:04:38.885291: phb 3.229416923613738
0:04:38.900897: phb 3.241883669857945
0:04:38.916362: phb 3.2557439233921524
0:04:38.947746: phb 3.309919810028035
0:04:38.963219: phb 3.3352148018019143
0:04:38.979002: phb 3.347771470697737
0:04:38.994477: phb 3.372683504224828
0:04:39.010086: phb 3.385033424613871
0:04:39.541494: phb 3.3698046875804293
0:04:39.572626: phb 3.354859530114053
0:04:39.603989: phb 3.340197924758136
0:04:39.650809: phb 3.3096880435753264
0:04:39.697700: phb 3.2942423381817676
0:04:39.697700: phb 3.2695444969746488
0:04:39.713359: phb 3.24408935505878
0:04:39.728992: phb 3.2307409007794874
0:04:39.744575: phb 3.218787357367916
0:06:55.755890: phb 5.936350424291211
0:06:55.771494: phb 5.986340190582206
0:06:55.787134: phb 6.07916761466762
0:06:55.818567: phb 6.146119328722889
0:06:55.834137: phb 6.168745858461855
0:06:55.849624: phb 6.237241417830323
0:06:55.865423: phb 0.09169671999261114
0:06:55.881007: phb 0.2814792862637788
0:06:55.896654: phb 0.3679815609201945
0:06:55.912297: phb 0.5385068507221846
0:06:55.927868: phb 0.7197980784676005
0:06:55.943388: phb 0.859089457285875
0:06:55.959013: phb 0.8946384108192684
0:06:55.974764: phb 0.9658047353595327
0:06:55.990393: phb 1.01750110811256
0:06:56.021644: phb 1.0708010695722108
0:06:56.037117: phb 1.1143163716587772
0:06:56.068511: phb 1.1422222200062058
0:06:56.099760: phb 1.1486471503604865
0:06:56.130967: phb 1.1748410401638663
0:06:56.162241: phb 1.1888772365480496
0:06:56.177846: phb 1.2137662722272868
0:06:56.209146: phb 1.2327294778627138
0:06:56.412113: phb 1.2555808025092443
0:06:56.443389: phb 1.267910661994597
0:06:56.521608: phb 1.2829642419253573
0:06:56.865241: phb 1.3029964707284176
0:06:56.959013: phb 1.3286544282399222
0:06:57.615391: phb 1.3452860663781432
0:06:57.881051: phb 1.3589085945619346
0:06:58.256023: phb 1.3722957739480433
0:06:58.334194: phb 1.3944849610709866
0:06:58.474640: phb 1.4056476280492507
0:06:58.646594: phb 1.4296945040794646
0:06:58.834101: phb 1.4422947813336455
0:06:59.459142: phb 1.4656298472660263
0:06:59.912318: phb 1.4766311750579884
0:07:00.865290: phb 1.4559190769768464
0:07:00.896613: phb 1.4342876761092462
0:07:00.912116: phb 1.398368021532221
0:07:00.927762: phb 1.3635861861443956
0:07:00.943516: phb 1.3393853313444317
0:07:00.959111: phb 1.3149032732489871
0:07:00.974726: phb 1.2760655354970445
0:07:00.990342: phb 1.2435001837950759
0:07:01.005865: phb 1.1980499654717778
0:07:01.021578: phb 1.1824767694854403
0:07:01.037231: phb 1.1345382696251307
0:07:01.052867: phb 1.0906206095302449
0:07:01.084177: phb 1.0508698275690829
0:07:01.099639: phb 1.0162321426180236
0:07:01.115259: phb 0.9810197896408321
0:07:01.131023: phb 0.9272943320075612
0:07:01.162301: phb 0.8809956578642144
0:07:01.162301: phb 0.8264703445571868
0:07:01.177851: phb 0.7716998231880958
0:07:01.193471: phb 0.7439475409484272
0:07:01.208993: phb 0.6788267056611326
0:07:01.240241: phb 0.6395220932975305
0:07:01.256010: phb 0.6210173128008557
0:07:01.256010: phb 0.5805812341292783
0:07:01.287137: phb 0.5438320242218695
0:07:01.302822: phb 0.5256976658147465
0:07:01.318510: phb 0.5025501154089066
0:07:01.349765: phb 0.47262956956876306
0:07:01.412260: phb 0.4606353757645006
0:07:01.443518: phb 0.44269186282015077
0:07:01.459084: phb 0.4127932797386196
0:07:01.505889: phb 0.3953013050934576
0:07:01.521561: phb 0.37054390912403845
0:07:01.552904: phb 0.34530104371656273
0:07:01.599760: phb 0.33250268424361995
0:07:01.631010: phb 0.3195901956260584
0:07:01.646643: phb 0.2934355545385385
0:07:01.662138: phb 0.2668609816936031
0:07:01.709144: phb 0.23989343919543787
0:07:01.740337: phb 0.2262736770282719
0:07:01.755889: phb 0.21256671335145588
0:07:01.755889: phb 0.19877817253794708
0:07:01.834147: phb 0.17097603905381673
0:07:01.881049: phb 0.15697078919116295
0:07:01.927903: phb 0.14290446803721693
0:07:02.005965: phb 0.1287796850115343
0:07:02.177942: phb 0.10038129125661135
0:07:02.474672: phb 0.08611737359792643
0:07:02.568570: phb 0.07181824195222083
0:07:02.740390: phb 0.057490945372349306
0:07:02.896655: phb 0.04313866799482311
0:07:04.131013: phb 0.014387928688178578
0:07:04.349723: phb 0
0:07:04.380885: phb 6.268797378491408
0:07:04.568526: phb 6.254416720514972
0:07:15.412231: freq 0.95
0:07:15.537114: freq 0.8
0:07:15.568575: freq 0.75
0:07:15.599778: freq 0.7
0:07:15.646608: freq 0.65
0:07:15.693423: freq 0.6
0:07:15.709096: freq 0.55
0:07:15.740400: freq 0.5
0:07:15.802889: freq 0.45
0:07:15.865406: freq 0.4
0:07:16.131011: freq 0.45
0:07:16.537317: freq 0.5
0:07:16.849704: freq 0.55
0:07:18.771638: freq 0.5
0:07:22.224786: amp 46
0:07:22.224786: amp 47
0:07:22.255929: amp 48
0:07:22.287114: amp 49
0:07:22.318551: amp 50
0:07:22.349794: amp 51
0:07:22.381073: amp 52
0:07:22.396497: amp 53
0:07:22.427943: amp 54
0:07:22.459145: amp 55
0:07:22.521601: amp 56
0:07:22.552913: amp 57
0:07:22.584163: amp 58
0:07:22.631013: amp 59
0:07:22.662218: amp 60
0:07:22.709096: amp 61
0:07:22.709096: amp 62
0:07:22.740243: amp 63
0:07:22.740243: amp 64
0:07:22.787264: amp 65
0:07:22.896637: amp 66
0:07:23.006054: amp 67
0:07:23.115352: amp 68
0:07:23.302896: amp 69
0:07:23.552901: amp 70
0:07:24.474778: amp 71
0:07:26.615398: amp 72
0:07:48.709137: off 108
0:07:48.818387: off 114
0:07:48.818387: off 116
0:07:48.834011: off 118
0:07:48.849760: off 122
0:07:48.865385: off 125
0:07:48.880966: off 129
0:07:48.912116: off 134
0:07:48.927895: off 137
0:07:48.927895: off 140
0:07:48.943520: off 141
0:07:48.974773: off 143
0:07:48.974773: off 144
0:07:49.005886: off 148
0:07:49.037138: off 149
0:07:49.037138: off 153
0:07:49.052893: off 158
0:07:49.068526: off 163
0:07:49.084150: off 167
0:07:49.099638: off 170
0:07:49.115244: off 176
0:07:49.130866: off 180
0:08:13.474771: off 171
0:08:13.615393: off 162
0:08:13.631018: off 157
0:08:13.631018: off 153
0:08:13.646583: off 143
0:08:13.662137: off 133
0:08:13.677891: off 128
0:08:13.708991: off 117
0:08:13.708991: off 107
0:08:13.724747: off 97
0:08:13.755886: off 87
0:08:13.755886: off 83
0:08:13.787173: off 73
0:08:13.802900: off 63
0:08:13.818511: off 54
0:08:13.834135: off 50
0:08:13.849637: off 42
0:08:13.881023: off 34
0:08:13.896583: off 26
0:08:13.912263: off 23
0:08:13.912263: off 17
0:08:13.927947: off 11
0:08:13.959098: off 6
0:08:13.974767: off 3
0:08:13.990387: off 0
0:08:20.037116: amp 80
0:08:20.209180: amp 77
0:08:20.209180: amp 76
0:08:20.224717: amp 74
0:08:20.271493: amp 72
0:08:20.287266: amp 71
0:08:20.302896: amp 70
0:08:20.334008: amp 69
0:08:20.365332: amp 68
0:08:20.381013: amp 67
0:08:20.427953: amp 66
0:08:20.521644: amp 65
0:08:20.615407: amp 64
0:08:20.693390: amp 63
0:08:20.755963: amp 62
0:08:20.834140: amp 61
0:08:20.896610: amp 60
0:08:20.959142: amp 59
0:08:21.006017: amp 58
0:08:21.037262: amp 57
0:08:21.068386: amp 56
0:08:21.115390: amp 55
0:08:21.224774: amp 54
0:08:21.287260: amp 53
0:08:21.334139: amp 52
0:08:21.381030: amp 51
0:08:21.459144: amp 50
0:08:21.552944: amp 49
0:08:21.599763: amp 48
0:08:21.662140: amp 47
0:11:53.971308: freq 0.5
0:11:54.611988: freq 0.55
0:11:55.127545: freq 0.6
0:11:55.252617: freq 0.65
0:12:05.596360: off 2
0:12:06.658830: off 6
0:12:06.736813: off 7
0:12:06.893140: off 8
0:12:07.065099: off 9
0:12:07.190038: off 10
0:12:07.330694: off 11
0:12:25.659327: off 7
0:12:27.581211: off 0
0:12:28.971890: amp 0
0:12:32.159342: freq 0
1:14:41.969672: freq 0.45
1:35:57.667605: freq 0.35
1:35:58.292469: freq 0.4
1:35:58.370753: freq 0.35
1:35:58.370753: freq 0.3
1:35:58.386242: freq 0.25
1:35:58.417602: freq 0.2
1:35:58.464557: freq 0.1
1:35:58.464557: freq 0.05
1:35:58.495718: freq 0
1:35:58.495718: freq 0
