0:00:02.493775: amp 32
0:00:03.243761: amp 51
0:00:03.273217: amp 52
0:00:03.304204: amp 53
0:00:03.333866: amp 54
0:00:03.336463: amp 55
0:00:03.348549: amp 56
0:00:03.373526: amp 57
0:00:03.390497: amp 58
0:00:03.433220: amp 59
0:00:03.492236: amp 60
0:00:03.558899: amp 61
0:00:03.604685: amp 62
0:00:03.634375: amp 63
0:00:03.687879: amp 64
0:00:03.708854: amp 65
0:00:04.127581: amp 66
0:00:04.142397: amp 67
0:00:04.157972: amp 68
0:00:04.224767: amp 69
0:00:09.258790: freq 0.05
0:00:09.304324: freq 0.1
0:00:09.332745: freq 0.15
0:00:09.371301: freq 0.2
0:00:09.425476: freq 0.25
0:00:09.698794: freq 0.3
0:00:09.708933: freq 0.35
0:00:09.732719: freq 0.4
0:00:09.746075: freq 0.45
0:00:09.849263: freq 0.65
0:00:09.876819: freq 0.7
0:00:09.983642: freq 0.75
0:00:10.014373: freq 0.8
0:00:10.030207: freq 0.85
0:00:10.064957: freq 0.9
0:00:10.127194: freq 0.95
0:00:10.150351: freq 1
0:00:10.233684: freq 1.05
0:00:12.610260: off 93
0:00:12.696307: off 94
0:00:12.708906: off 95
0:00:12.728422: off 96
0:00:12.733888: off 98
0:00:12.746399: off 100
0:00:12.754620: off 101
0:00:12.763384: off 102
0:00:12.771501: off 103
0:00:12.779795: off 104
0:00:12.792168: off 105
0:00:12.808735: off 106
0:00:12.858625: off 107
0:00:12.904607: off 108
0:00:12.930037: off 109
0:00:12.933649: off 110
0:00:12.942312: off 111
0:00:12.950657: off 112
0:00:12.959409: off 113
0:00:12.967397: off 114
0:00:12.971235: off 115
0:00:12.987969: off 116
0:00:12.996513: off 117
0:00:13.000325: off 118
0:00:13.017067: off 119
0:00:13.033645: off 120
0:00:13.054537: off 121
0:00:13.158775: off 122
0:00:13.183777: off 123
0:00:13.204774: off 124
0:00:13.221346: off 125
0:00:13.233963: off 126
0:00:13.242268: off 127
0:00:13.258772: off 128
0:00:13.279616: off 129
0:00:13.300448: off 130
0:00:13.417132: off 131
0:00:13.446228: off 132
0:00:13.458767: off 133
0:00:13.483827: off 134
0:00:13.496310: off 135
0:00:13.512950: off 136
0:00:13.521704: off 137
0:00:13.536844: off 138
0:00:13.542126: off 139
0:00:13.550600: off 140
0:00:13.567104: off 141
0:00:13.596235: off 142
0:00:13.637697: off 143
0:00:13.700371: off 144
0:00:13.721303: off 145
0:00:13.746242: off 146
0:00:14.188078: off 147
0:00:14.217120: off 148
0:00:14.246132: off 149
0:00:14.292216: off 150
0:00:14.646727: off 149
0:00:14.665289: off 148
0:00:14.698071: off 146
0:00:14.718976: off 142
0:00:14.747891: off 137
0:00:14.763838: off 133
0:00:14.789043: off 125
0:00:14.798177: off 123
0:00:14.859753: off 108
0:00:14.860732: off 106
0:00:14.870791: off 105
0:00:14.875573: off 104
0:00:14.883917: off 103
0:00:14.900460: off 102
0:00:14.917141: off 101
0:00:15.640022: phb 0.19122202462801233
0:00:15.671492: phb 0.20774611066022433
0:00:15.680040: phb 0.2222552363816652
0:00:15.688603: phb 0.2617692192373423
0:00:15.696981: phb 0.2968602448086542
0:00:15.700844: phb 0.379680365662804
0:00:15.709174: phb 0.4454113409225869
0:00:15.717558: phb 0.5239502040474205
0:00:15.725873: phb 0.6236436681762362
0:00:15.734498: phb 0.6941991040322393
0:00:15.742860: phb 0.7775335436735867
0:00:15.759858: phb 0.8500384603414994
0:00:15.760750: phb 0.9593712583044348
0:00:15.761527: phb 1.0525823072028848
0:00:15.769644: phb 1.0830037713765726
0:00:15.778024: phb 1.1479420444733344
0:00:15.786461: phb 1.2152629947073499
0:00:15.802538: phb 1.2729010438925201
0:00:15.811027: phb 1.305650770276939
0:00:15.819489: phb 1.341328148856447
0:00:15.821828: phb 1.358598177800016
0:00:15.829735: phb 1.3894762100722307
0:00:15.838354: phb 1.408160733211782
0:00:15.846763: phb 1.4375622091611258
0:00:15.860842: phb 1.4528527934222628
0:00:15.861481: phb 1.4811718762801436
0:00:15.867648: phb 1.4945924947864144
0:00:15.875923: phb 1.5354773612434665
0:00:15.884169: phb 1.5754012361655243
0:00:15.892593: phb 1.6013060201607683
0:00:15.896366: phb 1.6392785000901515
0:00:15.904967: phb 1.6520271317451558
0:00:15.913210: phb 1.6994563686176156
0:00:15.921712: phb 1.7361474031538893
0:00:15.925797: phb 1.7461372239957187
0:00:15.934320: phb 1.7793061550900549
0:00:15.942484: phb 1.811233804260241
0:00:15.961131: phb 1.8308426445924086
0:00:15.961838: phb 1.8529436647694097
0:00:15.993348: phb 1.8638903186302194
0:00:15.998346: phb 1.92036043411653
0:00:16.008791: phb 1.9508011557343532
0:00:16.024209: phb 1.9706952971538563
0:00:16.033025: phb 1.9902604448207626
0:00:16.040885: phb 2.0094900893722847
0:00:16.044880: phb 2.01897739695141
0:00:16.060868: phb 2.060906073256769
0:00:16.069681: phb 2.0840894445008527
0:00:16.078603: phb 2.1214638929942504
0:00:16.086323: phb 2.167545272220525
0:00:16.094528: phb 2.198726316752927
0:00:16.102766: phb 2.227463845395502
0:00:16.111345: phb 2.2564167220797424
0:00:16.119803: phb 2.2788100046464823
0:00:16.122150: phb 2.3078156286959435
0:00:16.127856: phb 2.3369029275519955
0:00:16.136212: phb 2.3660229019683916
0:00:16.144431: phb 2.4173573969548303
0:00:16.163375: phb 2.45450950551775
0:00:16.164034: phb 2.521041251843426
0:00:16.169371: phb 2.5870969251170446
0:00:16.177791: phb 2.6656027509048443
0:00:16.185848: phb 2.7489888343872466
0:00:16.194175: phb 2.8144331212597464
0:00:16.196551: phb 2.892503338938902
0:00:16.205370: phb 2.9488435776573945
0:00:16.213859: phb 3.0412762437679968
0:00:16.223222: phb 3.0922986159936956
0:00:16.231982: phb 3.1708954578097135
0:00:16.234131: phb 3.209220393017951
0:00:16.240172: phb 3.237132258266039
0:00:16.248624: phb 3.272480887385847
0:00:16.263475: phb 3.298648969807255
0:00:16.265204: phb 3.35076283676835
0:00:16.273599: phb 3.36835784806377
0:00:16.281839: phb 3.4008285534650233
0:00:16.290162: phb 3.4596350094702726
0:00:16.298503: phb 3.4732332124086764
0:00:16.306694: phb 3.4973309933751753
0:00:16.308996: phb 3.5179114604793584
0:00:17.054122: phb 1.1309233954160014
0:00:17.075578: phb 1.1157930535069356
0:00:17.964987: phb 5.0217244329975035
0:00:18.688843: phb 3.8620260560694613
0:00:19.239926: phb 1.0873490352443707
0:00:19.796837: phb 2.7812536888828094
0:00:20.305438: phb 5.320172869822161
