0:00:33.705201: off 85
0:00:33.720837: off 82
0:00:33.752128: off 80
0:00:33.752128: off 73
0:00:33.767703: off 64
0:00:33.783400: off 54
0:00:33.814567: off 49
0:00:33.814567: off 39
0:00:33.830196: off 30
0:00:33.845822: off 22
0:00:33.877068: off 18
0:00:33.892703: off 10
0:00:33.908318: off 3
0:00:33.923947: off 0
0:01:15.818102: amp 1
0:01:15.833727: amp 3
0:01:15.849351: amp 5
0:01:15.864975: amp 7
0:01:15.880594: amp 9
0:01:15.896223: amp 12
0:01:15.927478: amp 15
0:01:15.927478: amp 17
0:01:15.943083: amp 18
0:01:15.958724: amp 20
0:01:15.974349: amp 22
0:01:16.005589: amp 24
0:01:16.021203: amp 25
0:01:16.036847: amp 26
0:01:16.052464: amp 27
0:01:16.068102: amp 28
0:01:16.083719: amp 29
0:01:16.114971: amp 30
0:01:16.130596: amp 31
0:01:16.161846: amp 32
0:01:16.193096: amp 33
0:01:16.255611: amp 34
0:01:16.286846: amp 35
0:01:16.318095: amp 36
0:01:16.333734: amp 37
0:01:16.364969: amp 38
0:01:16.396255: amp 39
0:01:16.427854: amp 40
0:01:16.474738: amp 41
0:01:16.505975: amp 42
0:01:16.552955: amp 43
0:01:16.568584: amp 44
0:01:16.631091: amp 45
0:01:16.693586: amp 46
0:01:16.787324: amp 47
0:01:16.834193: amp 48
0:01:31.537313: phb 6.179951545069945
0:01:31.615451: phb 6.19415975736262
0:01:31.631070: phb 6.206669606794918
0:01:31.646697: phb 6.233407306160665
0:01:31.662320: phb 0.036204031320881576
0:01:31.677950: phb 0.0764512493049845
0:01:31.693576: phb 0.2593968464800937
0:01:31.709964: phb 0.5112159657354487
0:01:31.725123: phb 0.7819930361291285
0:01:31.740908: phb 0.8890032698483519
0:01:31.756523: phb 1.0852371852923186
0:01:31.772148: phb 1.2276950019739055
0:01:31.803430: phb 1.3596284597296457
0:01:31.819034: phb 1.4410734432755425
0:01:31.834646: phb 1.460191899038146
0:01:31.850272: phb 1.508835314389478
0:01:31.865897: phb 1.5533873676490486
0:01:31.881543: phb 1.5677157811110827
0:01:31.897158: phb 1.5816474499337394
0:01:31.928416: phb 1.6225488659942398
0:01:31.975281: phb 1.6361995003254108
0:01:31.990899: phb 1.6498270168194142
0:01:32.053415: phb 1.6769878449728244
0:01:32.084666: phb 1.68890991238513
0:01:32.100276: phb 1.7154709584547292
0:01:32.131543: phb 1.7418292628834036
0:01:32.162797: phb 1.7653863403977141
0:01:32.381550: phb 1.7374123858950963
0:01:32.397178: phb 1.7117146543775839
0:01:32.412812: phb 1.7004819294834157
0:01:32.428397: phb 1.674176518151136
0:01:32.444027: phb 1.647727981104341
0:01:34.194034: freq 0.25
0:01:34.225658: freq 0.3
0:01:34.272537: freq 0.35
0:01:34.319438: freq 0.4
0:01:34.444412: freq 0.45
0:01:34.569413: freq 0.5
0:01:43.554794: phb 1.7327185758634565
0:01:43.773557: phb 1.7179271668324336
0:01:43.789164: phb 1.6917845616901304
0:01:43.804792: phb 1.6652891936690137
0:01:43.836049: phb 1.634798792898875
0:01:43.851687: phb 1.5850010304654578
0:01:43.867300: phb 1.5065106600813079
0:01:43.882923: phb 1.3861359743020574
0:01:43.898550: phb 1.244005861389334
0:01:43.914185: phb 1.1708391468040924
0:01:43.929796: phb 1.0010391802340954
0:01:43.945437: phb 0.8019423485896315
0:01:43.961047: phb 0.5582905609566096
0:01:43.976675: phb 0.41862153421422377
0:01:43.992304: phb 0.1163664257213796
0:01:44.007915: phb 6.178904520160057
0:01:44.023552: phb 5.977669231894818
0:01:44.039172: phb 5.858422181665292
0:01:44.054797: phb 5.7859191949188675
0:01:44.086763: phb 5.692379637013993
0:01:44.101916: phb 5.605544761474416
0:01:44.117785: phb 5.532301605714601
0:01:44.133347: phb 5.5000144672922895
0:01:44.148973: phb 5.442371812189852
0:01:44.164604: phb 5.4076478812840545
0:01:44.180261: phb 5.375591620582026
0:01:44.195852: phb 5.350638351514197
0:01:44.211490: phb 5.32630024011411
0:01:44.227095: phb 5.289444511472928
0:01:44.242705: phb 5.254949760856478
0:01:44.258355: phb 5.222672001734451
0:01:44.289591: phb 5.197447961521681
0:01:44.289591: phb 5.15483962663622
0:01:44.305222: phb 5.120560857438723
0:01:44.320851: phb 5.096611153489146
0:01:44.352097: phb 5.080809505317744
0:01:44.367736: phb 5.050522390323677
0:01:44.383351: phb 5.030366734935101
0:01:44.398958: phb 5.011421857059321
0:02:15.338660: phb 5.122536118456318
0:02:15.510534: phb 5.1305632052155214
0:02:15.557388: phb 5.172340964234777
0:02:15.573026: phb 5.218026273108338
0:02:15.588665: phb 5.323339128138206
0:02:15.619886: phb 5.436503273856145
0:02:15.619886: phb 5.554936081423027
0:02:15.635509: phb 5.644877715967021
0:02:15.666752: phb 5.843124484827085
0:02:15.682395: phb 6.096443896108781
0:02:15.698029: phb 0.09930827454343877
0:02:15.713509: phb 0.2596976837917928
0:02:15.729314: phb 0.5001208031518423
0:02:15.744885: phb 0.657101937769615
0:02:15.761306: phb 0.7584058998407808
0:02:15.776442: phb 0.8235631722794713
0:02:15.792224: phb 0.8460114897385951
0:02:15.808640: phb 0.883989309667969
0:02:15.823785: phb 0.9125956658609206
0:02:15.840915: phb 0.948668318612249
0:02:15.871247: phb 0.9779716365930912
0:02:15.980752: phb 0.9867291806164477
0:02:16.027627: phb 1.0158120378797815
0:02:16.043447: phb 1.024778669821656
0:02:16.059233: phb 1.0445032168742763
0:02:16.074862: phb 1.0586898363922075
0:02:16.106097: phb 1.1005617314699423
0:02:16.121719: phb 1.1231068452921955
0:02:16.137366: phb 1.15360168307663
0:02:16.168592: phb 1.179279997328843
0:02:16.199829: phb 1.2009420745793047
0:02:56.769796: freq 0
0:02:56.769796: amp 0
0:02:56.769796: off 90
0:02:56.769796: phb 0
