0:00:37.844156: amp 3
0:00:37.859784: amp 6
0:00:37.875358: amp 7
0:00:37.890961: amp 8
0:00:37.906650: amp 10
0:00:37.922239: amp 14
0:00:37.937861: amp 18
0:00:37.953484: amp 20
0:00:37.969112: amp 24
0:00:37.984587: amp 28
0:00:38.000214: amp 32
0:00:38.031525: amp 33
0:00:38.047284: amp 36
0:00:38.062900: amp 39
0:00:38.078344: amp 42
0:00:38.094159: amp 46
0:00:38.109766: amp 47
0:00:38.125320: amp 51
0:00:38.141042: amp 54
0:00:38.156618: amp 57
0:00:38.172244: amp 59
0:00:38.250367: amp 61
0:00:38.250367: amp 63
0:00:38.250367: amp 64
0:00:38.250367: amp 65
0:00:38.281561: amp 67
0:00:38.281561: amp 69
0:00:38.312910: amp 70
0:00:38.328480: amp 71
0:00:38.343974: amp 72
0:00:43.031612: amp 69
0:00:44.328451: amp 73
0:00:44.531612: amp 69
0:00:44.531612: amp 67
0:00:44.531612: amp 65
0:00:44.531612: amp 63
0:00:44.547204: amp 61
0:00:44.625312: amp 58
0:00:44.625312: amp 57
0:00:44.625312: amp 53
0:00:44.625312: amp 49
0:00:44.625312: amp 45
0:00:44.641039: amp 44
0:00:44.656654: amp 40
0:00:44.672238: amp 37
0:00:44.687855: amp 34
0:00:44.703489: amp 31
0:00:44.719108: amp 29
0:00:44.734736: amp 26
0:00:44.750369: amp 23
0:00:44.781563: amp 20
0:00:44.797204: amp 19
0:00:44.812823: amp 17
0:00:44.828545: amp 16
0:00:44.844119: amp 15
0:00:44.859729: amp 14
0:00:44.906462: amp 13
0:00:44.906462: amp 12
0:00:44.922236: amp 11
0:00:44.953497: amp 10
0:00:45.000352: amp 9
0:00:45.187863: amp 8
0:00:52.406617: off 92
0:00:52.500366: off 88
0:00:52.500366: off 83
0:00:52.515959: off 80
0:00:52.531483: off 74
0:00:52.594117: off 67
0:00:52.594117: off 61
0:00:52.594117: off 54
0:00:52.609743: off 51
0:00:52.625302: off 45
0:00:52.640907: off 39
0:00:52.687863: off 34
0:00:52.687863: off 30
0:00:52.687863: off 27
0:00:52.703538: off 23
0:00:52.719105: off 20
0:00:52.781599: off 18
0:00:52.781599: off 14
0:00:52.781599: off 11
0:00:52.797192: off 8
0:00:52.797192: off 5
0:00:52.828447: off 4
0:00:52.844132: off 2
0:00:52.859744: off 1
0:00:52.922287: off 0
0:00:53.125411: off 1
0:01:03.469122: off 0
0:01:03.594075: off 1
0:01:03.656616: off 2
0:01:03.656616: off 4
0:01:03.656616: off 6
0:01:03.656616: off 9
0:01:03.672267: off 15
0:01:03.687863: off 17
0:01:03.703528: off 24
0:01:03.719153: off 33
0:01:03.734735: off 37
0:01:03.750358: off 45
0:01:03.765985: off 53
0:01:03.781574: off 58
0:01:03.797202: off 62
0:01:03.844115: off 81
0:01:03.844115: off 83
0:01:03.859648: off 90
0:01:03.875406: off 97
0:01:03.890901: off 104
0:01:03.937873: off 107
0:01:03.937873: off 112
0:01:03.937873: off 117
0:01:03.953339: off 122
0:01:03.969110: off 124
0:01:03.984729: off 127
0:01:04.000360: off 131
0:01:04.015994: off 134
0:01:04.031619: off 137
0:01:04.047234: off 138
0:01:04.078485: off 139
0:01:04.094072: off 141
0:01:04.156611: off 143
0:01:04.156611: off 145
0:01:04.156611: off 146
0:01:04.156611: off 148
0:01:04.172193: off 150
0:01:04.187717: off 151
0:01:04.219087: off 152
0:01:04.219087: off 153
0:01:04.234744: off 154
0:01:04.312760: off 152
0:01:11.922240: off 156
0:01:12.109696: off 146
0:01:12.109696: off 143
0:01:12.125360: off 136
0:01:12.140990: off 126
0:01:12.156613: off 116
0:01:12.172235: off 104
0:01:12.187862: off 99
0:01:12.203493: off 89
0:01:12.219147: off 80
0:01:12.234735: off 73
0:01:12.250398: off 70
0:01:12.265990: off 65
0:01:12.281614: off 60
0:01:12.297235: off 55
0:01:12.375364: off 50
0:01:12.375364: off 48
0:01:12.375364: off 44
0:01:12.375364: off 41
0:01:12.390932: off 39
0:01:12.500330: off 38
0:01:12.500330: off 36
0:01:12.500330: off 35
0:01:12.500330: off 33
0:01:12.500330: off 31
0:01:12.500330: off 30
0:01:12.516036: off 28
0:01:12.578497: off 27
0:01:12.578497: off 26
0:01:12.578497: off 25
0:01:12.594102: off 24
0:01:12.609699: off 23
0:01:12.672236: off 22
0:01:12.672236: off 21
0:01:12.703534: off 20
0:01:12.719154: off 19
0:01:12.734733: off 18
0:01:12.797184: off 17
0:01:12.797184: off 16
0:01:12.859739: off 15
0:01:12.953493: off 14
0:01:12.953493: off 13
0:01:12.953493: off 12
0:01:12.969159: off 11
0:01:13.047219: off 10
0:01:13.047219: off 9
0:01:13.094126: off 8
0:01:13.203536: off 7
0:01:30.828436: amp 5
0:01:30.906596: amp 7
0:01:30.922087: amp 8
0:01:31.000367: amp 9
0:01:31.015970: amp 10
0:01:31.015970: amp 11
0:01:31.031612: amp 12
0:01:31.047242: amp 14
0:01:31.062857: amp 16
0:01:31.078493: amp 18
0:01:31.109687: amp 20
0:01:31.125369: amp 22
0:01:31.140987: amp 23
0:01:31.156635: amp 26
0:01:31.172284: amp 28
0:01:31.187822: amp 30
0:01:31.281588: amp 32
0:01:31.281588: amp 33
0:01:31.281588: amp 34
0:01:31.281588: amp 35
0:01:31.328500: amp 36
0:01:31.328500: amp 37
0:01:31.375375: amp 38
0:01:31.390937: amp 39
0:01:38.875362: off 8
0:01:39.062863: off 3
0:01:39.062863: off 0
0:02:10.875358: amp 44
0:02:12.062823: amp 48
0:02:12.250346: amp 45
0:02:12.250346: amp 44
0:02:12.250346: amp 42
0:02:12.265992: amp 40
0:02:12.281583: amp 37
0:02:12.297277: amp 34
0:02:12.312907: amp 30
0:02:12.328523: amp 29
0:02:12.344104: amp 27
0:02:12.390964: amp 24
0:02:12.390964: amp 20
0:02:12.437833: amp 18
0:02:12.437833: amp 9
0:02:12.484786: amp 6
0:02:12.484786: amp 4
0:02:12.500361: amp 2
0:02:12.516035: amp 1
0:02:12.531613: amp 0
0:02:48.844072: off 4
0:02:48.844072: off 7
0:02:48.844072: off 9
0:02:48.859748: off 13
0:02:48.875365: off 18
0:02:48.890984: off 26
0:02:48.906616: off 30
0:02:48.922245: off 38
0:02:48.937865: off 46
0:02:48.969064: off 55
0:02:48.984640: off 63
0:02:49.031621: off 67
0:02:49.031621: off 76
0:02:49.031621: off 85
0:02:49.047089: off 93
0:02:49.062868: off 97
0:02:49.078539: off 104
0:02:49.094153: off 111
0:02:49.109741: off 117
0:02:49.125368: off 122
0:02:49.140978: off 125
0:02:49.156613: off 130
0:02:49.172232: off 136
0:02:49.203441: off 141
0:02:49.203441: off 143
0:02:49.234695: off 149
0:02:49.250215: off 154
0:02:49.265984: off 156
0:02:49.281616: off 158
0:02:49.312865: off 162
0:02:49.312865: off 167
0:02:49.328387: off 171
0:02:49.344118: off 175
0:02:49.359781: off 176
0:02:49.375360: off 178
0:02:49.390981: off 180
0:03:33.000729: amp 3
0:03:33.078889: amp 1
0:03:33.188243: amp 2
0:03:33.203851: amp 3
0:03:33.250769: amp 4
0:03:33.250769: amp 7
0:03:33.250769: amp 11
0:03:33.266319: amp 14
0:03:33.297544: amp 16
0:03:33.313078: amp 20
0:03:33.328886: amp 23
0:03:33.344473: amp 26
0:03:33.375734: amp 27
0:03:33.375734: amp 30
0:03:33.391298: amp 31
0:03:33.407000: amp 33
0:03:33.422599: amp 34
0:03:33.469475: amp 35
0:03:33.469475: amp 36
0:03:33.500704: amp 37
0:03:33.500704: amp 39
0:03:33.516345: amp 40
0:03:33.531979: amp 41
0:03:33.563181: amp 43
0:03:33.578849: amp 44
0:03:33.594490: amp 45
0:03:33.610064: amp 47
0:03:33.625718: amp 48
0:03:33.641399: amp 50
0:03:35.156978: phb 6.232091356959071
0:03:35.250724: phb 6.244849522633418
0:03:35.250724: phb 6.283184706587643
0:03:35.250724: phb 0.05312800627246727
0:03:35.281937: phb 0.08066613284971696
0:03:35.297546: phb 0.15539063341147574
0:03:35.297546: phb 0.21643624598166175
0:03:35.313173: phb 0.2654127636389278
0:03:35.328712: phb 0.4075821996940312
0:03:35.344435: phb 0.5635857775410542
0:03:35.360119: phb 0.6545044733841092
0:03:35.453826: phb 0.8539361643271666
0:03:35.453826: phb 1.0526037567020712
0:03:35.453826: phb 1.221490615415389
0:03:35.453826: phb 1.2934646628799213
0:03:35.453826: phb 1.4237671169413626
0:03:35.453826: phb 1.4994288350844607
0:03:35.469476: phb 1.554547746991261
0:03:35.485082: phb 1.6069011494087608
0:03:35.500727: phb 1.6198648335723145
0:03:35.516301: phb 1.6564258177283395
0:03:35.531980: phb 1.7170113481509894
0:03:35.547546: phb 1.851350786717273
0:03:35.578800: phb 1.9335633688099005
0:03:35.594478: phb 2.015383610589314
0:04:05.813276: phb 2.2578006951046055
0:04:05.969441: phb 2.227958413334435
0:04:05.969441: phb 2.184034925561204
0:04:05.969441: phb 2.171704342385241
0:04:05.969441: phb 2.128583438839525
0:04:05.969441: phb 2.0856103848071874
0:04:05.969441: phb 2.0674882347971644
0:04:05.985060: phb 2.049813014755253
0:04:06.000680: phb 2.0198662356703614
0:04:06.016390: phb 1.9861776105558107
0:04:06.031938: phb 1.956405740740464
0:04:06.047561: phb 1.917614826461675
0:04:06.063222: phb 1.8965730162218029
0:04:06.078709: phb 1.8484011042725392
0:04:06.110023: phb 1.7926407681001164
0:04:06.125689: phb 1.748510487928764
0:04:06.141357: phb 1.720497294917733
0:04:06.156941: phb 1.6733959454945462
0:04:06.172601: phb 1.611874406107967
0:04:06.188179: phb 1.5228926537465666
0:04:06.203811: phb 1.4497393173504527
0:04:06.219475: phb 1.4090278283605076
0:04:06.235070: phb 1.3507964492958435
0:04:06.250724: phb 1.30408062942225
0:04:06.266309: phb 1.2675105875299804
0:04:06.281975: phb 1.2377056866403071
0:04:06.297599: phb 1.2107994031342724
0:04:06.328854: phb 1.1686778762927879
0:04:06.344412: phb 1.1303965004262202
0:04:06.359958: phb 1.1176200612389853
0:04:06.375578: phb 1.0770155112960749
0:04:06.391401: phb 1.0563274160096767
0:04:36.781930: phb 1.3006010327222048
0:04:36.906923: phb 1.2970317535854967
0:04:36.922608: phb 1.2675105875299804
0:04:36.938271: phb 1.2156567591626464
0:04:36.953852: phb 1.1686778762927879
0:04:36.969478: phb 1.104236405849903
0:04:36.985062: phb 1.035398296385674
0:04:37.000765: phb 0.9842928830609596
0:04:37.016206: phb 0.8857407037428683
0:04:37.031972: phb 0.7476465392506889
0:04:37.047561: phb 0.5906346894950313
0:04:37.063218: phb 0.5298551535678278
0:04:37.078810: phb 0.37913935241072955
0:04:37.094476: phb 0.2359918110855834
0:04:37.125726: phb 0.09930827454343877
0:04:37.125726: phb 6.251051444359358
0:04:37.156927: phb 6.190024389547816
0:04:37.172565: phb 6.042608425616385
0:04:37.188122: phb 5.927117808120124
0:04:37.203885: phb 5.8208209811334735
0:04:37.219470: phb 5.731324997144381
0:04:37.235050: phb 5.700060352244986
0:04:37.250696: phb 5.6247545877493
0:04:37.266342: phb 5.556304756648763
0:04:37.281966: phb 5.515363819065026
0:04:37.297597: phb 5.491646101532079
0:04:37.313227: phb 5.460802431136286
0:04:37.328844: phb 5.4453562896469965
0:04:37.344478: phb 5.422813800989171
0:04:37.453861: phb 5.415808506499356
0:04:37.453861: phb 5.393931077204309
0:04:37.453861: phb 5.372479225493236
0:04:37.453861: phb 5.349278192187855
0:04:37.469324: phb 5.319826451201863
0:04:37.485145: phb 5.299398724943917
0:04:37.500732: phb 5.276241602881364
0:04:37.532022: phb 5.247643214054919
0:04:37.547544: phb 5.228401481781511
0:04:37.563234: phb 5.200722713441309
0:04:37.656934: phb 5.173504686906067
0:04:37.672551: phb 5.155781342500252
0:04:37.672551: phb 5.1336027407844655
0:04:37.672551: phb 5.116678826813363
0:04:37.719460: phb 5.098556468635909
0:04:48.516356: phb 4.915035992144856
0:04:48.703826: phb 4.940587802959254
0:04:48.703826: phb 5.020289745601476
0:04:48.703826: phb 5.0931731963066555
0:04:48.703826: phb 5.132085528940322
0:04:48.719366: phb 5.160143282876518
0:04:48.735106: phb 5.17868394027682
0:04:48.797587: phb 5.201797095132375
0:04:48.813275: phb 5.219447979063714
0:04:48.828894: phb 5.248549570375422
0:04:48.844433: phb 5.266481178954226
0:04:48.859956: phb 5.291756202816313
0:04:48.875574: phb 5.352779536587484
0:04:48.891352: phb 5.428147259471222
0:04:48.922544: phb 5.489406353014082
0:04:48.938124: phb 5.544513982407669
0:04:48.953853: phb 5.781438834799724
0:04:48.969471: phb 5.853700904134548
0:04:48.984991: phb 5.998289408865074
0:04:49.000724: phb 6.109243159104428
0:04:49.016351: phb 6.244156614632363
0:04:49.032021: phb 0.0764512493049845
0:04:49.047452: phb 0.2797209861871981
0:04:49.078705: phb 0.4697307364072912
0:04:49.078705: phb 0.6349846641206749
0:04:49.110154: phb 0.6965107355504156
0:04:49.110154: phb 0.7934341524354509
0:04:49.141204: phb 0.8613756440124353
0:04:49.141204: phb 0.9062791705751775
0:04:49.172556: phb 0.9588067423084992
0:04:49.188197: phb 0.9805029690906872
0:04:49.203888: phb 1.0280824232630519
0:04:49.219520: phb 1.0729599066485573
0:04:49.235099: phb 1.099709495724231
0:04:49.250726: phb 1.1305156076768805
0:04:49.266347: phb 1.1503192078350002
0:04:49.281970: phb 1.1737887491025736
0:04:49.297554: phb 1.1921081904451873
0:04:49.313218: phb 1.2198321501557674
0:04:49.360094: phb 1.2501796938100909
0:04:49.360094: phb 1.2694270687821763
0:04:49.375576: phb 1.2972265706147907
0:04:49.453849: phb 1.311904435157158
0:04:49.453849: phb 1.3237600830852683
0:04:49.453849: phb 1.3376747120889128
0:04:49.485102: phb 1.3603187238306051
0:04:56.672563: phb 1.2125338226335391
0:04:56.750690: phb 1.2185179330467832
0:04:56.766343: phb 1.2558939657473334
0:04:56.953861: phb 1.2406489397303757
0:04:56.953861: phb 1.1991113045184427
0:04:56.969437: phb 1.1713352560677197
0:04:56.985109: phb 1.0959384603045925
0:04:57.000776: phb 0.9949099364971943
0:04:57.016202: phb 0.823366462381051
0:04:57.031933: phb 0.7270487756043387
0:04:57.047577: phb 0.49726451294260016
0:04:57.063269: phb 0.28257469461346124
0:04:57.078709: phb 0.11661230396209729
0:04:57.094418: phb 6.264397413339393
0:04:57.110022: phb 6.191226051472391
0:04:57.125717: phb 6.051968730781292
0:04:57.156832: phb 5.946923709304519
0:04:57.156832: phb 5.8422903122288625
0:04:57.188080: phb 5.814090701700326
0:04:57.203861: phb 5.709174865913104
0:04:57.219422: phb 5.627647638013864
0:04:57.235096: phb 5.5750088691267115
0:04:57.250734: phb 5.526719092241018
0:04:57.266333: phb 5.517556091512341
0:04:57.281907: phb 5.491006532155881
0:04:57.297592: phb 5.46581270636013
0:04:57.328848: phb 5.449734115438672
0:04:57.422606: phb 5.4342059955406805
0:04:57.422606: phb 5.41920699399906
0:04:57.516341: phb 5.397656263297885
0:04:57.531996: phb 5.383892259800971
0:04:57.610084: phb 5.349278192187855
0:04:57.610084: phb 5.328418805360875
0:04:57.625729: phb 5.305213670586496
0:04:57.656996: phb 5.285012075073785
0:04:57.688177: phb 5.265282068918955
0:04:57.719532: phb 5.246022397479051
0:04:57.735101: phb 5.237257288398219
0:04:57.782020: phb 5.223396856587155
0:04:57.875729: phb 5.209643735747817
0:04:57.875729: phb 5.182476029789768
0:04:57.891314: phb 5.169067313471239
0:04:57.922656: phb 5.155781342500252
0:05:11.485083: phb 4.764257233867546
0:05:11.516396: phb 4.799148718525771
0:05:11.531972: phb 4.817403235566894
0:05:11.547555: phb 4.853153391966806
0:05:11.578893: phb 4.892880750738106
0:05:11.594434: phb 4.910105362837267
0:05:11.610097: phb 4.944194849627389
0:05:11.672601: phb 4.965371836421026
0:05:11.672601: phb 4.987091888582363
0:05:11.672601: phb 5.026513090803821
0:05:11.688195: phb 5.0664095014049035
0:05:11.703804: phb 5.130555205529417
0:05:11.719523: phb 5.154899371808552
0:05:11.735084: phb 5.204862019394534
0:05:11.750681: phb 5.276715934665868
0:05:11.766345: phb 5.367884659253362
0:05:11.781970: phb 5.438973990879787
0:05:11.797607: phb 5.585684943315824
0:05:11.813228: phb 5.763633997792417
0:05:11.828853: phb 5.9365293500144585
0:05:11.844480: phb 6.046857071550274
0:05:11.860094: phb 6.283183969422736
0:05:11.875722: phb 0.2843196450311331
0:05:11.907053: phb 0.5068655152457135
0:05:11.907053: phb 0.685778972795132
0:05:11.938173: phb 0.7820944961588724
0:05:11.938173: phb 0.9047608708919935
0:05:11.969437: phb 0.999392247488139
0:05:11.985062: phb 1.0669587585868208
0:05:12.000664: phb 1.0967487991912226
0:05:12.016394: phb 1.1320184557385327
0:05:12.031937: phb 1.1787728745543935
0:05:12.047598: phb 1.2090327918271284
0:05:12.063225: phb 1.2277123828713097
0:05:12.078831: phb 1.250585672339471
0:05:12.094473: phb 1.2817875675298958
0:05:12.109950: phb 1.2896106544859711
0:05:12.125724: phb 1.3196140828825218
0:05:12.156983: phb 1.3391576885013123
0:05:12.172451: phb 1.3578255764010465
0:05:12.203812: phb 1.3731639039559815
0:05:12.219438: phb 1.388195010150212
0:05:12.250728: phb 1.4050062223525657
0:05:12.797594: phb 1.3927194295031387
0:05:12.813208: phb 1.3804856197384192
0:05:12.844513: phb 1.363197874107767
0:05:12.860100: phb 1.332495604962269
0:05:12.906919: phb 1.3006010327222048
0:05:12.906919: phb 1.284204727275992
0:05:12.922443: phb 1.2675105875299804
0:05:12.969334: phb 1.2505204297956283
0:05:13.000767: phb 1.2203896986436098
0:05:13.032015: phb 1.2027921458841073
0:05:13.047565: phb 1.1849139689449402
0:05:13.063220: phb 1.1667617754372455
0:05:13.110143: phb 1.1540231896741513
0:05:17.297608: freq 1
0:05:17.422620: freq 0.95
0:05:17.453804: freq 0.9
0:05:17.485110: freq 0.85
0:05:17.500733: freq 0.8
0:05:17.516395: freq 0.75
0:05:17.531831: freq 0.7
0:05:17.578860: freq 0.65
0:05:17.578860: freq 0.6
0:05:17.594426: freq 0.55
0:05:17.609952: freq 0.5
0:05:17.672606: freq 0.45
0:05:17.672606: freq 0.4
0:05:17.688192: freq 0.35
0:05:17.719389: freq 0.3
0:05:17.735123: freq 0.25
0:05:17.750725: freq 0.2
0:05:17.844528: freq 0.15
0:05:17.844528: freq 0.1
0:05:17.844528: freq 0.05
0:05:17.860047: freq 0
