Time, Frequency, Amplitude, Offset, PhaseShift, Phase
0:00:00.076016, 0.0, 1.5414283107572988e-44, 90.00016021728516, 1.5414283107572988e-44, 132381.234375
0:00:00.180218, 0.0, 1.5414283107572988e-44, 90.00016021728516, 1.5414283107572988e-44, 132381.890625
0:00:00.295233, 0.0, 1.5414283107572988e-44, 90.00016021728516, 1.5414283107572988e-44, 132382.625
0:00:00.380816, 0.0, 1.5414283107572988e-44, 90.00016021728516, 1.5414283107572988e-44, 132383.15625
0:00:00.478607, 0.0, 1.5414283107572988e-44, 90.00016021728516, 1.5414283107572988e-44, 132383.78125
0:00:00.597566, 0.0, 1.5414283107572988e-44, 90.00016021728516, 1.5414283107572988e-44, 132384.53125
0:00:00.685242, 0.0, 1.5414283107572988e-44, 90.00016021728516, 1.5414283107572988e-44, 132385.078125
0:00:00.798118, 0.0, 1.5414283107572988e-44, 90.00016021728516, 1.5414283107572988e-44, 132385.78125
0:00:00.887730, 0.0, 1.5414283107572988e-44, 90.00016021728516, 1.5414283107572988e-44, 132386.34375
0:00:01.000692, 0.0, 1.5414283107572988e-44, 90.00016021728516, 1.5414283107572988e-44, 132387.0625
0:00:01.110374, 0.0, 1.5414283107572988e-44, 90.00016021728516, 1.5414283107572988e-44, 132387.75
0:00:01.207665, 0.0, 1.5414283107572988e-44, 90.00016021728516, 1.5414283107572988e-44, 132388.359375
0:00:01.303314, 0.0, 1.5414283107572988e-44, 90.00016021728516, 1.5414283107572988e-44, 132388.953125
0:00:01.395870, 0.0, 1.5414283107572988e-44, 90.00016021728516, 1.5414283107572988e-44, 132389.53125
0:00:01.505215, 0.0, 1.5414283107572988e-44, 90.00016021728516, 1.5414283107572988e-44, 132390.21875
0:00:01.619269, 0.0, 1.5414283107572988e-44, 90.00016021728516, 1.5414283107572988e-44, 132390.9375
0:00:01.718406, 0.0, 1.5414283107572988e-44, 90.00016021728516, 1.5414283107572988e-44, 132391.5625
0:00:01.819921, 0.0, 1.5414283107572988e-44, 90.00016021728516, 1.5414283107572988e-44, 132392.203125
0:00:01.919362, 0.0, 1.5414283107572988e-44, 90.00016021728516, 1.5414283107572988e-44, 132392.828125
0:00:02.019968, 0.0, 1.5414283107572988e-44, 90.00016021728516, 1.5414283107572988e-44, 132393.453125
0:00:02.119787, 0.0, 1.5414283107572988e-44, 90.00016021728516, 1.5414283107572988e-44, 132394.078125
0:00:02.218453, 0.0, 1.5414283107572988e-44, 90.00016021728516, 1.5414283107572988e-44, 132394.703125
0:00:02.310487, 0.0, 1.5414283107572988e-44, 90.00016021728516, 1.5414283107572988e-44, 132395.28125
0:00:02.422526, 0.0, 1.5414283107572988e-44, 90.00016021728516, 1.5414283107572988e-44, 132395.96875
0:00:02.509106, 0.0, 1.5414283107572988e-44, 90.00016021728516, 1.5414283107572988e-44, 132396.515625
0:00:02.630390, 0.0, 1.5414283107572988e-44, 90.00016021728516, 1.5414283107572988e-44, 132397.28125
0:00:02.728725, 0.0, 1.5414283107572988e-44, 90.00016021728516, 1.5414283107572988e-44, 132397.90625
0:00:02.821511, 0.0, 1.5414283107572988e-44, 90.00016021728516, 1.5414283107572988e-44, 132398.484375
0:00:02.910130, 0.0, 1.5414283107572988e-44, 90.00016021728516, 1.5414283107572988e-44, 132399.03125
0:00:03.030404, 0.0, 1.5414283107572988e-44, 90.00016021728516, 1.5414283107572988e-44, 132399.78125
0:00:03.129133, 0.0, 1.5414283107572988e-44, 90.00016021728516, 1.5414283107572988e-44, 132400.40625
0:00:03.210943, 0.0, 1.5414283107572988e-44, 90.00016021728516, 1.5414283107572988e-44, 132400.921875
0:00:03.317236, 0.0, 1.5414283107572988e-44, 90.00016021728516, 1.5414283107572988e-44, 132401.59375
0:00:03.430286, 0.0, 1.5414283107572988e-44, 90.00016021728516, 1.5414283107572988e-44, 132402.3125
0:00:03.516795, 0.0, 1.5414283107572988e-44, 90.00016021728516, 1.5414283107572988e-44, 132402.84375
0:00:03.630799, 0.0, 1.5414283107572988e-44, 90.00016021728516, 1.5414283107572988e-44, 132403.578125
0:00:03.724020, 0.0, 1.5414283107572988e-44, 90.00016021728516, 1.5414283107572988e-44, 132404.15625
0:00:03.819485, 0.0, 1.5414283107572988e-44, 90.00016021728516, 1.5414283107572988e-44, 132404.75
0:00:03.932414, 0.0, 1.5414283107572988e-44, 90.00016021728516, 1.5414283107572988e-44, 132405.4375
0:00:04.023681, 0.0, 1.5414283107572988e-44, 90.00016021728516, 1.5414283107572988e-44, 132406.0
0:00:04.145871, 0.0, 1.5414283107572988e-44, 90.00016021728516, 1.5414283107572988e-44, 132406.765625
0:00:04.226680, 0.0, 1.5414283107572988e-44, 90.00016021728516, 1.5414283107572988e-44, 132407.265625
0:00:04.338662, 0.0, 1.5414283107572988e-44, 90.00016021728516, 1.5414283107572988e-44, 132407.96875
0:00:04.430327, 0.0, 1.5414283107572988e-44, 90.00016021728516, 1.5414283107572988e-44, 132408.546875
0:00:04.543337, 0.0, 1.5414283107572988e-44, 90.00016021728516, 1.5414283107572988e-44, 132409.265625
0:00:04.629082, 0.0, 1.5414283107572988e-44, 90.00016021728516, 1.5414283107572988e-44, 132409.796875
0:00:04.744723, 0.0, 1.5414283107572988e-44, 90.00016021728516, 1.5414283107572988e-44, 132410.515625
0:00:04.828837, 0.0, 1.5414283107572988e-44, 90.00016021728516, 1.5414283107572988e-44, 132411.046875
0:00:04.930262, 0.0, 1.5414283107572988e-44, 90.00016021728516, 1.5414283107572988e-44, 132411.6875
0:00:05.044307, 0.0, 1.5414283107572988e-44, 90.00016021728516, 1.5414283107572988e-44, 132412.40625
0:00:05.142783, 0.0, 1.5414283107572988e-44, 90.00016021728516, 1.5414283107572988e-44, 132413.015625
0:00:05.240118, 0.0, 1.5414283107572988e-44, 90.00016021728516, 1.5414283107572988e-44, 132413.625
0:00:05.339682, 0.0, 1.5414283107572988e-44, 90.00016021728516, 1.5414283107572988e-44, 132414.25
0:00:05.432640, 0.0, 1.5414283107572988e-44, 90.00016021728516, 1.5414283107572988e-44, 132414.828125
0:00:05.542507, 0.0, 1.5414283107572988e-44, 90.00016021728516, 1.5414283107572988e-44, 132415.53125
0:00:05.650818, 0.0, 1.5414283107572988e-44, 90.00016021728516, 1.5414283107572988e-44, 132416.21875
0:00:05.749423, 0.0, 1.5414283107572988e-44, 90.00016021728516, 1.5414283107572988e-44, 132416.828125
0:00:05.841430, 0.0, 1.5414283107572988e-44, 90.00016021728516, 1.5414283107572988e-44, 132417.40625
0:00:05.951944, 0.0, 1.5414283107572988e-44, 90.00016021728516, 1.5414283107572988e-44, 132418.09375
0:00:06.050382, 0.0, 1.5414283107572988e-44, 90.00016021728516, 1.5414283107572988e-44, 132418.71875
0:00:06.144214, 0.0, 1.5414283107572988e-44, 90.00016021728516, 1.5414283107572988e-44, 132419.3125
0:00:06.253393, 0.0, 1.5414283107572988e-44, 90.00016021728516, 1.5414283107572988e-44, 132419.984375
0:00:06.341972, 0.0, 1.5414283107572988e-44, 90.00016021728516, 1.5414283107572988e-44, 132420.546875
0:00:06.455926, 0.0, 1.5414283107572988e-44, 90.00016021728516, 1.5414283107572988e-44, 132421.265625
0:00:06.564144, 0.0, 1.5414283107572988e-44, 90.00016021728516, 1.5414283107572988e-44, 132421.9375
0:00:06.661975, 0.0, 1.5414283107572988e-44, 90.00016021728516, 1.5414283107572988e-44, 132422.5625
0:00:06.759563, 0.0, 1.5414283107572988e-44, 90.00016021728516, 1.5414283107572988e-44, 132423.15625
0:00:06.857214, 0.0, 1.5414283107572988e-44, 90.00016021728516, 1.5414283107572988e-44, 132423.765625
0:00:06.943724, 0.0, 1.5414283107572988e-44, 90.00016021728516, 1.5414283107572988e-44, 132424.3125
0:00:07.057650, 0.0, 1.5414283107572988e-44, 90.00016021728516, 1.5414283107572988e-44, 132425.015625
0:00:07.145181, 0.0, 1.5414283107572988e-44, 90.00016021728516, 1.5414283107572988e-44, 132425.5625
0:00:07.255075, 0.0, 1.5414283107572988e-44, 90.00016021728516, 1.5414283107572988e-44, 132426.234375
0:00:07.372278, 0.0, 1.5414283107572988e-44, 90.00016021728516, 1.5414283107572988e-44, 132426.96875
0:00:07.458678, 0.0, 1.5414283107572988e-44, 90.00016021728516, 1.5414283107572988e-44, 132427.5
0:00:07.564026, 0.0, 1.5414283107572988e-44, 90.00016021728516, 1.5414283107572988e-44, 132428.171875
0:00:07.648425, 0.0, 1.5414283107572988e-44, 90.00016021728516, 1.5414283107572988e-44, 132428.703125
0:00:07.761533, 0.0, 1.5414283107572988e-44, 90.00016021728516, 1.5414283107572988e-44, 132429.40625
0:00:07.876518, 0.0, 1.5414283107572988e-44, 90.00016021728516, 1.5414283107572988e-44, 132430.140625
0:00:07.965094, 0.0, 1.5414283107572988e-44, 90.00016021728516, 1.5414283107572988e-44, 132430.703125
0:00:08.060773, 0.0, 1.5414283107572988e-44, 90.00016021728516, 1.5414283107572988e-44, 132431.3125
0:00:08.175679, 0.0, 1.5414283107572988e-44, 90.00016021728516, 1.5414283107572988e-44, 132432.03125
0:00:08.285513, 0.0, 1.5414283107572988e-44, 90.00016021728516, 1.5414283107572988e-44, 132432.734375
0:00:08.378861, 0.0, 1.5414283107572988e-44, 90.00016021728516, 1.5414283107572988e-44, 132433.3125
0:00:08.467367, 0.0, 1.5414283107572988e-44, 90.00016021728516, 1.5414283107572988e-44, 132433.859375
0:00:08.580301, 0.0, 1.5414283107572988e-44, 90.00016021728516, 1.5414283107572988e-44, 132434.578125
0:00:08.666882, 0.0, 1.5414283107572988e-44, 90.00016021728516, 1.5414283107572988e-44, 132435.125
0:00:08.782091, 0.0, 1.5414283107572988e-44, 90.00016021728516, 1.5414283107572988e-44, 132435.828125
0:00:08.881643, 0.0, 1.5414283107572988e-44, 90.00016021728516, 1.5414283107572988e-44, 132436.453125
0:00:08.970307, 0.0, 1.5414283107572988e-44, 90.00016021728516, 1.5414283107572988e-44, 132437.015625
0:00:09.076429, 0.0, 1.5414283107572988e-44, 90.00016021728516, 1.5414283107572988e-44, 132437.671875
0:00:09.194631, 0.0, 1.5414283107572988e-44, 90.00016021728516, 1.5414283107572988e-44, 132438.40625
0:00:09.293141, 0.0, 1.5414283107572988e-44, 90.00016021728516, 1.5414283107572988e-44, 132439.015625
0:00:09.392296, 0.0, 1.5414283107572988e-44, 90.00016021728516, 1.5414283107572988e-44, 132439.640625
0:00:09.486118, 0.0, 1.5414283107572988e-44, 90.00016021728516, 1.5414283107572988e-44, 132440.21875
0:00:09.600885, 0.0, 1.5414283107572988e-44, 90.00016021728516, 1.5414283107572988e-44, 132440.9375
0:00:09.686470, 0.0, 1.5414283107572988e-44, 90.00016021728516, 1.5414283107572988e-44, 132441.484375
0:00:09.801360, 0.0, 1.5414283107572988e-44, 90.00016021728516, 1.5414283107572988e-44, 132442.203125
0:00:09.883269, 0.0, 1.5414283107572988e-44, 90.00016021728516, 1.5414283107572988e-44, 132442.71875
0:00:09.997219, 0.0, 1.5414283107572988e-44, 90.00016021728516, 1.5414283107572988e-44, 132443.453125
0:00:10.094345, 0.0, 1.5414283107572988e-44, 90.00016021728516, 1.5414283107572988e-44, 132444.0625
0:00:10.205921, 0.0, 1.5414283107572988e-44, 90.00016021728516, 1.5414283107572988e-44, 132444.765625
0:00:10.292533, 0.0, 1.5414283107572988e-44, 90.00016021728516, 1.5414283107572988e-44, 132445.296875
0:00:10.388709, 0.0, 1.5414283107572988e-44, 90.00016021728516, 1.5414283107572988e-44, 132445.90625
0:00:10.499151, 0.0, 1.5414283107572988e-44, 90.00016021728516, 1.5414283107572988e-44, 132446.59375
0:00:10.611973, 0.0, 1.5414283107572988e-44, 90.00016021728516, 1.5414283107572988e-44, 132447.3125
0:00:10.696433, 0.0, 1.5414283107572988e-44, 90.00016021728516, 1.5414283107572988e-44, 132447.84375
0:00:10.793769, 0.0, 1.5414283107572988e-44, 90.00016021728516, 1.5414283107572988e-44, 132448.453125
0:00:10.891378, 0.0, 1.5414283107572988e-44, 90.00016021728516, 1.5414283107572988e-44, 132449.0625
0:00:11.009523, 0.0, 1.5414283107572988e-44, 90.00016021728516, 1.5414283107572988e-44, 132449.796875
0:00:11.116052, 0.0, 1.5414283107572988e-44, 90.00016021728516, 1.5414283107572988e-44, 132450.453125
0:00:11.211799, 0.0, 1.5414283107572988e-44, 90.00016021728516, 1.5414283107572988e-44, 132451.046875
0:00:11.294657, 0.0, 1.5414283107572988e-44, 90.00016021728516, 1.5414283107572988e-44, 132451.5625
0:00:11.407836, 0.0, 1.5414283107572988e-44, 90.00016021728516, 1.5414283107572988e-44, 132452.28125
0:00:11.514769, 0.0, 1.5414283107572988e-44, 90.00016021728516, 1.5414283107572988e-44, 132452.953125
0:00:11.601313, 0.0, 1.5414283107572988e-44, 90.00016021728516, 1.5414283107572988e-44, 132453.5
0:00:11.701990, 0.0, 1.5414283107572988e-44, 90.00016021728516, 1.5414283107572988e-44, 132454.125
0:00:11.803758, 0.0, 1.5414283107572988e-44, 90.00016021728516, 1.5414283107572988e-44, 132454.75
0:00:11.919791, 0.0, 1.5414283107572988e-44, 90.00016021728516, 1.5414283107572988e-44, 132455.484375
0:00:12.005214, 0.0, 1.5414283107572988e-44, 90.00016021728516, 1.5414283107572988e-44, 132456.03125
0:00:12.117122, 0.0, 1.5414283107572988e-44, 90.00016021728516, 1.5414283107572988e-44, 132456.734375
0:00:12.214458, 0.0, 1.5414283107572988e-44, 90.00016021728516, 1.5414283107572988e-44, 132457.359375
0:00:12.312234, 0.0, 1.5414283107572988e-44, 90.00016021728516, 1.5414283107572988e-44, 132457.984375
0:00:12.418503, 0.0, 1.5414283107572988e-44, 90.00016021728516, 1.5414283107572988e-44, 132458.65625
0:00:12.505096, 0.0, 1.5414283107572988e-44, 90.00016021728516, 1.5414283107572988e-44, 132459.203125
0:00:12.617135, 0.0, 1.5414283107572988e-44, 90.00016021728516, 1.5414283107572988e-44, 132459.90625
0:00:12.712899, 0.0, 1.5414283107572988e-44, 90.00016021728516, 1.5414283107572988e-44, 132460.5
0:00:12.828786, 0.0, 1.5414283107572988e-44, 90.00016021728516, 1.5414283107572988e-44, 132461.234375
0:00:12.917335, 0.0, 1.5414283107572988e-44, 90.00016021728516, 1.5414283107572988e-44, 132461.78125
0:00:13.027347, 0.0, 1.5414283107572988e-44, 90.00016021728516, 1.5414283107572988e-44, 132462.46875
0:00:13.121735, 0.0, 1.5414283107572988e-44, 90.00016021728516, 1.5414283107572988e-44, 132463.0625
0:00:13.217630, 0.0, 1.5414283107572988e-44, 90.00016021728516, 1.5414283107572988e-44, 132463.65625
0:00:13.315357, 0.0, 1.5414283107572988e-44, 90.00016021728516, 1.5414283107572988e-44, 132464.28125
0:00:13.440410, 0.0, 1.5414283107572988e-44, 90.00016021728516, 1.5414283107572988e-44, 132465.0625
0:00:13.519407, 0.0, 1.5414283107572988e-44, 90.00016021728516, 1.5414283107572988e-44, 132465.5625
0:00:13.633267, 0.0, 1.5414283107572988e-44, 90.00016021728516, 1.5414283107572988e-44, 132466.265625
0:00:13.728163, 0.0, 1.5414283107572988e-44, 90.00016021728516, 1.5414283107572988e-44, 132466.859375
0:00:13.840888, 0.0, 1.5414283107572988e-44, 90.00016021728516, 1.5414283107572988e-44, 132467.5625
0:00:13.947168, 0.0, 1.5414283107572988e-44, 90.00016021728516, 1.5414283107572988e-44, 132468.234375
0:00:14.033842, 0.0, 1.5414283107572988e-44, 90.00016021728516, 1.5414283107572988e-44, 132468.78125
0:00:14.127043, 0.0, 1.5414283107572988e-44, 90.00016021728516, 1.5414283107572988e-44, 132469.375
0:00:14.239996, 0.0, 1.5414283107572988e-44, 90.00016021728516, 1.5414283107572988e-44, 132470.09375
0:00:14.349258, 0.0, 1.5414283107572988e-44, 90.00016021728516, 1.5414283107572988e-44, 132470.765625
0:00:14.433840, 0.0, 1.5414283107572988e-44, 90.00016021728516, 1.5414283107572988e-44, 132471.296875
0:00:14.536653, 0.0, 1.5414283107572988e-44, 90.00016021728516, 1.5414283107572988e-44, 132471.9375
0:00:14.646136, 0.0, 1.5414283107572988e-44, 90.00016021728516, 1.5414283107572988e-44, 132472.625
0:00:14.742651, 0.0, 1.5414283107572988e-44, 90.00016021728516, 1.5414283107572988e-44, 132473.21875
0:00:14.852604, 0.0, 1.5414283107572988e-44, 90.00016021728516, 1.5414283107572988e-44, 132473.90625
0:00:14.938008, 0.0, 1.5414283107572988e-44, 90.00016021728516, 1.5414283107572988e-44, 132474.4375
0:00:15.059745, 0.0, 1.5414283107572988e-44, 90.00016021728516, 1.5414283107572988e-44, 132475.203125
0:00:15.146320, 0.0, 1.5414283107572988e-44, 90.00016021728516, 1.5414283107572988e-44, 132475.75
0:00:15.240711, 0.0, 1.5414283107572988e-44, 90.00016021728516, 1.5414283107572988e-44, 132476.328125
0:00:15.353800, 0.0, 1.5414283107572988e-44, 90.00016021728516, 1.5414283107572988e-44, 132477.03125
0:00:15.445758, 0.0, 1.5414283107572988e-44, 90.00016021728516, 1.5414283107572988e-44, 132477.59375
0:00:15.558653, 0.0, 1.5414283107572988e-44, 90.00016021728516, 1.5414283107572988e-44, 132478.296875
0:00:15.654326, 0.0, 1.5414283107572988e-44, 90.00016021728516, 1.5414283107572988e-44, 132478.890625
0:00:15.753601, 0.0, 1.5414283107572988e-44, 90.00016021728516, 1.5414283107572988e-44, 132479.515625
0:00:15.855064, 0.0, 1.5414283107572988e-44, 90.00016021728516, 1.5414283107572988e-44, 132480.15625
0:00:15.954442, 0.0, 1.5414283107572988e-44, 90.00016021728516, 1.5414283107572988e-44, 132480.765625
0:00:16.044094, 0.0, 1.5414283107572988e-44, 90.00016021728516, 1.5414283107572988e-44, 132481.328125
0:00:16.159963, 0.0, 1.5414283107572988e-44, 90.00016021728516, 1.5414283107572988e-44, 132482.0625
0:00:16.266261, 0.0, 1.5414283107572988e-44, 90.00016021728516, 1.5414283107572988e-44, 132482.71875
0:00:16.353864, 0.0, 1.5414283107572988e-44, 90.00016021728516, 1.5414283107572988e-44, 132483.265625
0:00:16.454305, 0.0, 1.5414283107572988e-44, 90.00016021728516, 1.5414283107572988e-44, 132483.890625
0:00:16.570337, 0.0, 1.5414283107572988e-44, 90.00016021728516, 1.5414283107572988e-44, 132484.625
0:00:16.657895, 0.0, 1.5414283107572988e-44, 90.00016021728516, 1.5414283107572988e-44, 132485.15625
0:00:16.764160, 0.0, 1.5414283107572988e-44, 90.00016021728516, 1.5414283107572988e-44, 132485.84375
0:00:16.880085, 0.0, 1.5414283107572988e-44, 90.00016021728516, 1.5414283107572988e-44, 132486.578125
0:00:16.966571, 0.0, 1.5414283107572988e-44, 90.00016021728516, 1.5414283107572988e-44, 132487.109375
0:00:17.081460, 0.0, 1.5414283107572988e-44, 90.00016021728516, 1.5414283107572988e-44, 132487.84375
0:00:17.160415, 0.0, 1.5414283107572988e-44, 90.00016021728516, 1.5414283107572988e-44, 132488.34375
0:00:17.267800, 0.0, 1.5414283107572988e-44, 90.00016021728516, 1.5414283107572988e-44, 132489.03125
0:00:17.383723, 0.0, 1.5414283107572988e-44, 90.00016021728516, 1.5414283107572988e-44, 132489.75
0:00:17.469471, 0.0, 1.5414283107572988e-44, 90.00016021728516, 1.5414283107572988e-44, 132490.28125
0:00:17.576518, 0.0, 1.5414283107572988e-44, 90.00016021728516, 1.5414283107572988e-44, 132490.953125
0:00:17.664077, 0.0, 1.5414283107572988e-44, 90.00016021728516, 1.5414283107572988e-44, 132491.515625
0:00:17.763723, 0.0, 1.5414283107572988e-44, 90.00016021728516, 1.5414283107572988e-44, 132492.125
0:00:17.885156, 0.0, 1.5414283107572988e-44, 90.00016021728516, 1.5414283107572988e-44, 132492.890625
0:00:17.983684, 0.0, 1.5414283107572988e-44, 90.00016021728516, 1.5414283107572988e-44, 132493.5
0:00:18.075760, 0.0, 1.5414283107572988e-44, 90.00016021728516, 1.5414283107572988e-44, 132494.078125
0:00:18.186124, 0.0, 1.5414283107572988e-44, 90.00016021728516, 1.5414283107572988e-44, 132494.75
0:00:18.284202, 0.0, 1.5414283107572988e-44, 90.00016021728516, 1.5414283107572988e-44, 132495.359375
0:00:18.382862, 0.0, 1.5414283107572988e-44, 90.00016021728516, 1.5414283107572988e-44, 132495.984375
0:00:18.495909, 0.0, 1.5414283107572988e-44, 90.00016021728516, 1.5414283107572988e-44, 132496.703125
0:00:18.580297, 0.0, 1.5414283107572988e-44, 90.00016021728516, 1.5414283107572988e-44, 132497.234375
0:00:18.688631, 0.0, 1.5414283107572988e-44, 90.00016021728516, 1.5414283107572988e-44, 132497.90625
0:00:18.787584, 0.0, 1.5414283107572988e-44, 90.00016021728516, 1.5414283107572988e-44, 132498.53125
0:00:18.896885, 0.0, 1.5414283107572988e-44, 90.00016021728516, 1.5414283107572988e-44, 132499.21875
0:00:18.984378, 0.0, 1.5414283107572988e-44, 90.00016021728516, 1.5414283107572988e-44, 132499.765625
0:00:19.077423, 0.0, 1.5414283107572988e-44, 90.00016021728516, 1.5414283107572988e-44, 132500.359375
0:00:19.191409, 0.0, 1.5414283107572988e-44, 90.00016021728516, 1.5414283107572988e-44, 132501.078125
0:00:19.296770, 0.0, 1.5414283107572988e-44, 90.00016021728516, 1.5414283107572988e-44, 132501.71875
0:00:19.405213, 0.0, 1.5414283107572988e-44, 90.00016021728516, 1.5414283107572988e-44, 132502.390625
0:00:19.505224, 0.0, 1.5414283107572988e-44, 90.00016021728516, 1.5414283107572988e-44, 132503.015625
0:00:19.600404, 0.0, 1.5414283107572988e-44, 90.00016021728516, 1.5414283107572988e-44, 132503.609375
0:00:19.705537, 0.0, 1.5414283107572988e-44, 90.00016021728516, 1.5414283107572988e-44, 132504.265625
0:00:19.793162, 0.0, 1.5414283107572988e-44, 90.00016021728516, 1.5414283107572988e-44, 132504.8125
0:00:19.908130, 0.0, 1.5414283107572988e-44, 90.00016021728516, 1.5414283107572988e-44, 132505.53125
0:00:19.994697, 0.0, 1.5414283107572988e-44, 90.00016021728516, 1.5414283107572988e-44, 132506.078125
0:00:20.096975, 0.0, 1.5414283107572988e-44, 90.00016021728516, 1.5414283107572988e-44, 132506.71875
0:00:20.206216, 0.0, 1.5414283107572988e-44, 90.00016021728516, 1.5414283107572988e-44, 132507.40625
0:00:20.299529, 0.0, 1.5414283107572988e-44, 90.00016021728516, 1.5414283107572988e-44, 132507.984375
0:00:20.395212, 0.0, 1.5414283107572988e-44, 90.00016021728516, 1.5414283107572988e-44, 132508.59375
0:00:20.510273, 0.0, 1.5414283107572988e-44, 90.00016021728516, 1.5414283107572988e-44, 132509.3125
0:00:20.605937, 0.0, 1.5414283107572988e-44, 90.00016021728516, 1.5414283107572988e-44, 132509.90625
0:00:20.705832, 0.0, 1.5414283107572988e-44, 90.00016021728516, 1.5414283107572988e-44, 132510.53125
0:00:20.793299, 0.0, 1.5414283107572988e-44, 90.00016021728516, 1.5414283107572988e-44, 132511.078125
0:00:20.907239, 0.0, 1.5414283107572988e-44, 90.00016021728516, 1.5414283107572988e-44, 132511.796875
0:00:21.018126, 0.0, 1.5414283107572988e-44, 90.00016021728516, 1.5414283107572988e-44, 132512.5
0:00:21.106794, 0.0, 1.5414283107572988e-44, 90.00016021728516, 1.5414283107572988e-44, 132513.0625
0:00:21.224850, 0.0, 1.5414283107572988e-44, 90.00016021728516, 1.5414283107572988e-44, 132513.796875
0:00:21.325362, 0.0, 1.5414283107572988e-44, 90.00016021728516, 1.5414283107572988e-44, 132514.4375
0:00:21.418438, 0.0, 1.5414283107572988e-44, 90.00016021728516, 1.5414283107572988e-44, 132515.015625
0:00:21.527658, 0.0, 1.5414283107572988e-44, 90.00016021728516, 1.5414283107572988e-44, 132515.703125
0:00:21.625841, 0.0, 1.5414283107572988e-44, 90.00016021728516, 1.5414283107572988e-44, 132516.328125
0:00:21.717897, 0.0, 1.5414283107572988e-44, 90.00016021728516, 1.5414283107572988e-44, 132516.90625
0:00:21.826114, 0.0, 1.5414283107572988e-44, 90.00016021728516, 1.5414283107572988e-44, 132517.578125
0:00:21.925828, 0.0, 1.5414283107572988e-44, 90.00016021728516, 1.5414283107572988e-44, 132518.203125
0:00:22.026431, 0.0, 1.5414283107572988e-44, 90.00016021728516, 1.5414283107572988e-44, 132518.84375
0:00:22.118271, 0.0, 1.5414283107572988e-44, 90.00016021728516, 1.5414283107572988e-44, 132519.40625
0:00:22.227667, 0.0, 1.5414283107572988e-44, 90.00016021728516, 1.5414283107572988e-44, 132520.09375
0:00:22.325990, 0.0, 1.5414283107572988e-44, 90.00016021728516, 1.5414283107572988e-44, 132520.703125
0:00:22.419832, 0.0, 1.5414283107572988e-44, 90.00016021728516, 1.5414283107572988e-44, 132521.296875
0:00:22.531099, 0.0, 1.5414283107572988e-44, 90.00016021728516, 1.5414283107572988e-44, 132522.0
0:00:22.619634, 0.0, 1.5414283107572988e-44, 90.00016021728516, 1.5414283107572988e-44, 132522.546875
0:00:22.717018, 0.0, 1.5414283107572988e-44, 90.00016021728516, 1.5414283107572988e-44, 132523.171875
0:00:22.818167, 0.0, 1.5414283107572988e-44, 90.00016021728516, 1.5414283107572988e-44, 132523.8125
0:00:22.923612, 0.0, 1.5414283107572988e-44, 90.00016021728516, 1.5414283107572988e-44, 132524.46875
0:00:23.036415, 0.0, 1.5414283107572988e-44, 90.00016021728516, 1.5414283107572988e-44, 132525.171875
0:00:23.134007, 0.0, 1.5414283107572988e-44, 90.00016021728516, 1.5414283107572988e-44, 132525.78125
0:00:23.220530, 0.0, 1.5414283107572988e-44, 90.00016021728516, 1.5414283107572988e-44, 132526.3125
0:00:23.346369, 0.0, 1.5414283107572988e-44, 90.00016021728516, 1.5414283107572988e-44, 132527.109375
0:00:23.436130, 0.0, 1.5414283107572988e-44, 90.00016021728516, 1.5414283107572988e-44, 132527.65625
0:00:23.550054, 0.0, 1.5414283107572988e-44, 90.00016021728516, 1.5414283107572988e-44, 132528.359375
0:00:23.631851, 0.0, 1.5414283107572988e-44, 90.00016021728516, 1.5414283107572988e-44, 132528.875
0:00:23.749179, 0.0, 1.5414283107572988e-44, 90.00016021728516, 1.5414283107572988e-44, 132529.59375
0:00:23.831783, 0.0, 1.5414283107572988e-44, 90.00016021728516, 1.5414283107572988e-44, 132530.109375
0:00:23.953268, 0.0, 1.5414283107572988e-44, 90.00016021728516, 1.5414283107572988e-44, 132530.875
0:00:24.038771, 0.0, 1.5414283107572988e-44, 90.00016021728516, 1.5414283107572988e-44, 132531.40625
0:00:24.136279, 0.0, 1.5414283107572988e-44, 90.00016021728516, 1.5414283107572988e-44, 132532.015625
0:00:24.234815, 0.0, 1.5414283107572988e-44, 90.00016021728516, 1.5414283107572988e-44, 132532.640625
0:00:24.333452, 0.0, 1.5414283107572988e-44, 90.00016021728516, 1.5414283107572988e-44, 132533.25
0:00:24.448476, 0.0, 1.5414283107572988e-44, 90.00016021728516, 1.5414283107572988e-44, 132533.96875
0:00:24.535966, 0.0, 1.5414283107572988e-44, 90.00016021728516, 1.5414283107572988e-44, 132534.515625
0:00:24.655217, 0.0, 1.5414283107572988e-44, 90.00016021728516, 1.5414283107572988e-44, 132535.25
0:00:24.743838, 0.0, 1.5414283107572988e-44, 90.00016021728516, 1.5414283107572988e-44, 132535.8125
0:00:24.856775, 0.0, 1.5414283107572988e-44, 90.00016021728516, 1.5414283107572988e-44, 132536.515625
0:00:24.944406, 0.0, 1.5414283107572988e-44, 90.00016021728516, 1.5414283107572988e-44, 132537.0625
0:00:25.058366, 0.0, 1.5414283107572988e-44, 90.00016021728516, 1.5414283107572988e-44, 132537.78125
0:00:25.156530, 0.0, 1.5414283107572988e-44, 90.00016021728516, 1.5414283107572988e-44, 132538.390625
0:00:25.257183, 0.0, 1.5414283107572988e-44, 90.00016021728516, 1.5414283107572988e-44, 132539.03125
0:00:25.349241, 0.0, 1.5414283107572988e-44, 90.00016021728516, 1.5414283107572988e-44, 132539.609375
0:00:25.462105, 0.0, 1.5414283107572988e-44, 90.00016021728516, 1.5414283107572988e-44, 132540.3125
0:00:25.558945, 0.0, 1.5414283107572988e-44, 90.00016021728516, 1.5414283107572988e-44, 132540.90625
0:00:25.650903, 0.0, 1.5414283107572988e-44, 90.00016021728516, 1.5414283107572988e-44, 132541.484375
0:00:25.767821, 0.0, 1.5414283107572988e-44, 90.00016021728516, 1.5414283107572988e-44, 132542.21875
0:00:25.861586, 0.0, 1.5414283107572988e-44, 90.00016021728516, 1.5414283107572988e-44, 132542.796875
0:00:25.948098, 0.0, 1.5414283107572988e-44, 90.00016021728516, 1.5414283107572988e-44, 132543.34375
0:00:26.069206, 0.0, 1.5414283107572988e-44, 90.00016021728516, 1.5414283107572988e-44, 132544.09375
0:00:26.167885, 0.0, 1.5414283107572988e-44, 90.00016021728516, 1.5414283107572988e-44, 132544.703125
0:00:26.258419, 0.0, 1.5414283107572988e-44, 90.00016021728516, 1.5414283107572988e-44, 132545.28125
0:00:26.355827, 0.0, 1.5414283107572988e-44, 90.00016021728516, 1.5414283107572988e-44, 132545.890625
0:00:26.468775, 0.0, 1.5414283107572988e-44, 90.00016021728516, 1.5414283107572988e-44, 132546.609375
0:00:26.557417, 0.0, 1.5414283107572988e-44, 90.00016021728516, 1.5414283107572988e-44, 132547.15625
0:00:26.668688, 0.0, 1.5414283107572988e-44, 90.00016021728516, 1.5414283107572988e-44, 132547.859375
0:00:26.768247, 0.0, 1.5414283107572988e-44, 90.00016021728516, 1.5414283107572988e-44, 132548.484375
0:00:26.877618, 0.0, 1.5414283107572988e-44, 90.00016021728516, 1.5414283107572988e-44, 132549.171875
0:00:26.965119, 0.0, 1.5414283107572988e-44, 90.00016021728516, 1.5414283107572988e-44, 132549.71875
0:00:27.050608, 0.0, 1.5414283107572988e-44, 90.00016021728516, 1.5414283107572988e-44, 132550.265625
0:00:27.165643, 0.0, 1.5414283107572988e-44, 90.00016021728516, 1.5414283107572988e-44, 132550.984375
0:00:27.253213, 0.0, 1.5414283107572988e-44, 90.00016021728516, 1.5414283107572988e-44, 132551.53125
0:00:27.368260, 0.0, 1.5414283107572988e-44, 90.00016021728516, 1.5414283107572988e-44, 132552.25
0:00:27.465880, 0.0, 1.5414283107572988e-44, 90.00016021728516, 1.5414283107572988e-44, 132552.859375
0:00:27.582063, 0.0, 1.5414283107572988e-44, 90.00016021728516, 1.5414283107572988e-44, 132553.578125
0:00:27.658367, 0.0, 1.5414283107572988e-44, 90.00016021728516, 1.5414283107572988e-44, 132554.0625
0:00:27.770679, 0.0, 1.5414283107572988e-44, 90.00016021728516, 1.5414283107572988e-44, 132554.765625
0:00:27.868819, 0.0, 1.5414283107572988e-44, 90.00016021728516, 1.5414283107572988e-44, 132555.375
0:00:27.990085, 0.0, 1.5414283107572988e-44, 90.00016021728516, 1.5414283107572988e-44, 132556.140625
0:00:28.088609, 0.0, 1.5414283107572988e-44, 90.00016021728516, 1.5414283107572988e-44, 132556.75
0:00:28.180374, 0.0, 1.5414283107572988e-44, 90.00016021728516, 1.5414283107572988e-44, 132557.328125
0:00:28.289661, 0.0, 1.5414283107572988e-44, 90.00016021728516, 1.5414283107572988e-44, 132558.0
0:00:28.387930, 0.0, 1.5414283107572988e-44, 90.00016021728516, 1.5414283107572988e-44, 132558.625
0:00:28.488544, 0.0, 1.5414283107572988e-44, 90.00016021728516, 1.5414283107572988e-44, 132559.265625
0:00:28.580262, 0.0, 1.5414283107572988e-44, 90.00016021728516, 1.5414283107572988e-44, 132559.828125
0:00:28.665816, 0.0, 1.5414283107572988e-44, 90.00016021728516, 1.5414283107572988e-44, 132560.375
0:00:28.771038, 0.0, 1.5414283107572988e-44, 90.00016021728516, 1.5414283107572988e-44, 132561.03125
0:00:28.885997, 0.0, 1.5414283107572988e-44, 90.00016021728516, 1.5414283107572988e-44, 132561.765625
0:00:28.972497, 0.0, 1.5414283107572988e-44, 90.00016021728516, 1.5414283107572988e-44, 132562.3125
0:00:29.086369, 0.0, 1.5414283107572988e-44, 90.00016021728516, 1.5414283107572988e-44, 132563.03125
0:00:29.193611, 0.0, 1.5414283107572988e-44, 90.00016021728516, 1.5414283107572988e-44, 132563.703125
0:00:29.284000, 0.0, 1.5414283107572988e-44, 90.00016021728516, 1.5414283107572988e-44, 132564.265625
0:00:29.380645, 0.0, 1.5414283107572988e-44, 90.00016021728516, 1.5414283107572988e-44, 132564.859375
0:00:29.503816, 0.0, 1.5414283107572988e-44, 90.00016021728516, 1.5414283107572988e-44, 132565.625
0:00:29.601678, 0.0, 1.5414283107572988e-44, 90.00016021728516, 1.5414283107572988e-44, 132566.21875
0:00:29.698497, 0.0, 1.5414283107572988e-44, 90.00016021728516, 1.5414283107572988e-44, 132566.828125
0:00:29.791535, 0.0, 1.5414283107572988e-44, 90.00016021728516, 1.5414283107572988e-44, 132567.40625
0:00:29.900851, 0.0, 1.5414283107572988e-44, 90.00016021728516, 1.5414283107572988e-44, 132568.078125
0:00:29.999514, 0.0, 1.5414283107572988e-44, 90.00016021728516, 1.5414283107572988e-44, 132568.6875
0:00:30.098939, 0.0, 1.5414283107572988e-44, 90.00016021728516, 1.5414283107572988e-44, 132569.3125
0:00:30.185480, 0.0, 1.5414283107572988e-44, 90.00016021728516, 1.5414283107572988e-44, 132569.859375
0:00:30.298395, 0.0, 1.5414283107572988e-44, 90.00016021728516, 1.5414283107572988e-44, 132570.578125
0:00:30.399049, 0.0, 1.5414283107572988e-44, 90.00016021728516, 1.5414283107572988e-44, 132571.203125
0:00:30.490972, 0.0, 1.5414283107572988e-44, 90.00016021728516, 1.5414283107572988e-44, 132571.78125
0:00:30.603927, 0.0, 1.5414283107572988e-44, 90.00016021728516, 1.5414283107572988e-44, 132572.46875
0:00:30.713164, 0.0, 1.5414283107572988e-44, 90.00016021728516, 1.5414283107572988e-44, 132573.15625
0:00:30.811710, 0.0, 1.5414283107572988e-44, 90.00016021728516, 1.5414283107572988e-44, 132573.78125
0:00:30.910308, 0.0, 1.5414283107572988e-44, 90.00016021728516, 1.5414283107572988e-44, 132574.390625
0:00:31.000378, 0.0, 1.5414283107572988e-44, 90.00016021728516, 1.5414283107572988e-44, 132574.9375
0:00:31.111637, 0.0, 1.5414283107572988e-44, 90.00016021728516, 1.5414283107572988e-44, 132575.625
0:00:31.203663, 0.0, 1.5414283107572988e-44, 90.00016021728516, 1.5414283107572988e-44, 132576.203125
0:00:31.311937, 0.0, 1.5414283107572988e-44, 90.00016021728516, 1.5414283107572988e-44, 132576.875
0:00:31.399510, 0.0, 1.5414283107572988e-44, 90.00016021728516, 1.5414283107572988e-44, 132577.421875
0:00:31.509914, 0.0, 1.5414283107572988e-44, 90.00016021728516, 1.5414283107572988e-44, 132578.09375
0:00:31.609576, 0.0, 1.5414283107572988e-44, 90.00016021728516, 1.5414283107572988e-44, 132578.71875
0:00:31.702296, 0.0, 1.5414283107572988e-44, 90.00016021728516, 1.5414283107572988e-44, 132579.296875
0:00:31.816311, 0.0, 1.5414283107572988e-44, 90.00016021728516, 1.5414283107572988e-44, 132580.015625
0:00:31.902882, 0.0, 1.5414283107572988e-44, 90.00016021728516, 1.5414283107572988e-44, 132580.5625
0:00:32.000744, 0.0, 1.5414283107572988e-44, 90.00016021728516, 1.5414283107572988e-44, 132581.171875
0:00:32.126303, 0.0, 1.5414283107572988e-44, 90.00016021728516, 1.5414283107572988e-44, 132581.96875
0:00:32.212895, 0.0, 1.5414283107572988e-44, 90.00016021728516, 1.5414283107572988e-44, 132582.515625
0:00:32.324729, 0.0, 1.5414283107572988e-44, 90.00016021728516, 1.5414283107572988e-44, 132583.21875
0:00:32.421863, 0.0, 1.5414283107572988e-44, 90.00016021728516, 1.5414283107572988e-44, 132583.828125
0:00:32.520539, 0.0, 1.5414283107572988e-44, 90.00016021728516, 1.5414283107572988e-44, 132584.453125
0:00:32.620947, 0.0, 1.5414283107572988e-44, 90.00016021728516, 1.5414283107572988e-44, 132585.078125
0:00:32.720614, 0.0, 1.5414283107572988e-44, 90.00016021728516, 1.5414283107572988e-44, 132585.703125
0:00:32.834512, 0.0, 1.5414283107572988e-44, 90.00016021728516, 1.5414283107572988e-44, 132586.421875
0:00:32.913410, 0.0, 1.5414283107572988e-44, 90.00016021728516, 1.5414283107572988e-44, 132586.921875
0:00:33.023518, 0.0, 1.5414283107572988e-44, 90.00016021728516, 1.5414283107572988e-44, 132587.625
0:00:33.130798, 0.0, 1.5414283107572988e-44, 90.00016021728516, 1.5414283107572988e-44, 132588.296875
0:00:33.230327, 0.0, 1.5414283107572988e-44, 90.00016021728516, 1.5414283107572988e-44, 132588.90625
0:00:33.331104, 0.0, 1.5414283107572988e-44, 90.00016021728516, 1.5414283107572988e-44, 132589.546875
0:00:33.416609, 0.0, 1.5414283107572988e-44, 90.00016021728516, 1.5414283107572988e-44, 132590.078125
0:00:33.531655, 0.0, 1.5414283107572988e-44, 90.00016021728516, 1.5414283107572988e-44, 132590.796875
0:00:33.642068, 0.0, 1.5414283107572988e-44, 90.00016021728516, 1.5414283107572988e-44, 132591.484375
0:00:33.738265, 0.0, 1.5414283107572988e-44, 90.00016021728516, 1.5414283107572988e-44, 132592.078125
0:00:33.823903, 0.0, 1.5414283107572988e-44, 90.00016021728516, 1.5414283107572988e-44, 132592.609375
0:00:33.921488, 0.0, 1.5414283107572988e-44, 90.00016021728516, 1.5414283107572988e-44, 132593.21875
0:00:34.040262, 0.0, 1.5414283107572988e-44, 90.00016021728516, 1.5414283107572988e-44, 132593.953125
0:00:34.141063, 0.0, 1.5414283107572988e-44, 90.00016021728516, 1.5414283107572988e-44, 132594.59375
0:00:34.251402, 0.0, 1.5414283107572988e-44, 90.00016021728516, 1.5414283107572988e-44, 132595.265625
0:00:34.348170, 0.0, 1.5414283107572988e-44, 90.00016021728516, 1.5414283107572988e-44, 132595.875
0:00:34.436801, 0.0, 1.5414283107572988e-44, 90.00016021728516, 1.5414283107572988e-44, 132596.4375
0:00:34.544054, 0.0, 1.5414283107572988e-44, 90.00016021728516, 1.5414283107572988e-44, 132597.109375
0:00:34.631617, 0.0, 1.5414283107572988e-44, 90.00016021728516, 1.5414283107572988e-44, 132597.671875
0:00:34.751888, 0.0, 1.5414283107572988e-44, 90.00016021728516, 1.5414283107572988e-44, 132598.4375
0:00:34.850457, 0.0, 1.5414283107572988e-44, 90.00016021728516, 1.5414283107572988e-44, 132599.046875
0:00:34.941419, 0.0, 1.5414283107572988e-44, 90.00016021728516, 1.5414283107572988e-44, 132599.609375
0:00:35.050817, 0.0, 1.5414283107572988e-44, 90.00016021728516, 1.5414283107572988e-44, 132600.28125
0:00:35.153827, 0.0, 1.5414283107572988e-44, 90.00016021728516, 1.5414283107572988e-44, 132600.921875
0:00:35.245578, 0.0, 1.5414283107572988e-44, 90.00016021728516, 1.5414283107572988e-44, 132601.5
0:00:35.342161, 0.0, 1.5414283107572988e-44, 90.00016021728516, 1.5414283107572988e-44, 132602.109375
0:00:35.441541, 0.0, 1.5414283107572988e-44, 90.00016021728516, 1.5414283107572988e-44, 132602.75
0:00:35.541874, 0.0, 1.5414283107572988e-44, 90.00016021728516, 1.5414283107572988e-44, 132603.375
0:00:35.656003, 0.0, 1.5414283107572988e-44, 90.00016021728516, 1.5414283107572988e-44, 132604.09375
0:00:35.748500, 0.0, 1.5414283107572988e-44, 90.00016021728516, 1.5414283107572988e-44, 132604.671875
0:00:35.859491, 0.0, 1.5414283107572988e-44, 90.00016021728516, 1.5414283107572988e-44, 132605.359375
0:00:35.956371, 0.0, 1.5414283107572988e-44, 90.00016021728516, 1.5414283107572988e-44, 132605.96875
0:00:36.041898, 0.0, 1.5414283107572988e-44, 90.00016021728516, 1.5414283107572988e-44, 132606.5
0:00:36.168377, 0.0, 1.5414283107572988e-44, 90.00016021728516, 1.5414283107572988e-44, 132607.296875
0:00:36.255004, 0.0, 1.5414283107572988e-44, 90.00016021728516, 1.5414283107572988e-44, 132607.84375
0:00:36.366902, 0.0, 1.5414283107572988e-44, 90.00016021728516, 1.5414283107572988e-44, 132608.546875
0:00:36.452500, 0.0, 1.5414283107572988e-44, 90.00016021728516, 1.5414283107572988e-44, 132609.078125
0:00:36.561736, 0.0, 1.5414283107572988e-44, 90.00016021728516, 1.5414283107572988e-44, 132609.765625
0:00:36.662074, 0.0, 1.5414283107572988e-44, 90.00016021728516, 1.5414283107572988e-44, 132610.390625
0:00:36.749475, 0.0, 1.5414283107572988e-44, 90.00016021728516, 1.5414283107572988e-44, 132610.921875
0:00:36.866547, 0.0, 1.5414283107572988e-44, 90.00016021728516, 1.5414283107572988e-44, 132611.65625
0:00:36.954056, 0.0, 1.5414283107572988e-44, 90.00016021728516, 1.5414283107572988e-44, 132612.21875
0:00:37.049690, 0.0, 1.5414283107572988e-44, 90.00016021728516, 1.5414283107572988e-44, 132612.8125
0:00:37.166651, 0.0, 1.5414283107572988e-44, 90.00016021728516, 1.5414283107572988e-44, 132613.546875
0:00:37.260889, 0.0, 1.5414283107572988e-44, 90.00016021728516, 1.5414283107572988e-44, 132614.140625
0:00:37.372777, 0.0, 1.5414283107572988e-44, 90.00016021728516, 1.5414283107572988e-44, 132614.84375
0:00:37.454711, 0.0, 1.5414283107572988e-44, 90.00016021728516, 1.5414283107572988e-44, 132615.359375
0:00:37.576469, 0.0, 1.5414283107572988e-44, 90.00016021728516, 1.5414283107572988e-44, 132616.109375
0:00:37.659947, 0.0, 1.5414283107572988e-44, 90.00016021728516, 1.5414283107572988e-44, 132616.609375
0:00:37.773988, 0.0, 1.5414283107572988e-44, 90.00016021728516, 1.5414283107572988e-44, 132617.328125
0:00:37.867325, 0.0, 1.5414283107572988e-44, 90.00016021728516, 1.5414283107572988e-44, 132617.90625
0:00:37.967680, 0.0, 1.5414283107572988e-44, 90.00016021728516, 1.5414283107572988e-44, 132618.53125
0:00:38.058727, 0.0, 1.5414283107572988e-44, 90.00016021728516, 1.5414283107572988e-44, 132619.109375
0:00:38.171704, 0.0, 1.5414283107572988e-44, 90.00016021728516, 1.5414283107572988e-44, 132619.828125
0:00:38.269613, 0.0, 1.5414283107572988e-44, 90.00016021728516, 1.5414283107572988e-44, 132620.4375
0:00:38.377886, 0.0, 1.5414283107572988e-44, 90.00016021728516, 1.5414283107572988e-44, 132621.109375
0:00:38.473606, 0.0, 1.5414283107572988e-44, 90.00016021728516, 1.5414283107572988e-44, 132621.703125
0:00:38.563321, 0.0, 1.5414283107572988e-44, 90.00016021728516, 1.5414283107572988e-44, 132622.265625
0:00:38.677275, 0.0, 1.5414283107572988e-44, 90.00016021728516, 1.5414283107572988e-44, 132622.984375
0:00:38.785585, 0.0, 1.5414283107572988e-44, 90.00016021728516, 1.5414283107572988e-44, 132623.65625
0:00:38.882381, 0.0, 1.5414283107572988e-44, 90.00016021728516, 1.5414283107572988e-44, 132624.265625
0:00:38.975403, 0.0, 1.5414283107572988e-44, 90.00016021728516, 1.5414283107572988e-44, 132624.84375
0:00:39.088401, 0.0, 1.5414283107572988e-44, 90.00016021728516, 1.5414283107572988e-44, 132625.5625
0:00:39.178032, 0.0, 1.5414283107572988e-44, 90.00016021728516, 1.5414283107572988e-44, 132626.125
0:00:39.284287, 0.0, 1.5414283107572988e-44, 90.00016021728516, 1.5414283107572988e-44, 132626.796875
0:00:39.372850, 0.0, 1.5414283107572988e-44, 90.00016021728516, 1.5414283107572988e-44, 132627.34375
0:00:39.487792, 0.0, 1.5414283107572988e-44, 90.00016021728516, 1.5414283107572988e-44, 132628.078125
0:00:39.574218, 0.0, 1.5414283107572988e-44, 90.00016021728516, 1.5414283107572988e-44, 132628.640625
0:00:39.689218, 0.0, 1.5414283107572988e-44, 90.00016021728516, 1.5414283107572988e-44, 132629.359375
0:00:39.774711, 0.0, 1.5414283107572988e-44, 90.00016021728516, 1.5414283107572988e-44, 132629.875
0:00:39.873439, 0.0, 1.5414283107572988e-44, 90.00016021728516, 1.5414283107572988e-44, 132630.484375
0:00:39.990684, 0.0, 1.5414283107572988e-44, 90.00016021728516, 1.5414283107572988e-44, 132631.203125
0:00:40.090404, 0.0, 1.5414283107572988e-44, 90.00016021728516, 1.5414283107572988e-44, 132631.828125
0:00:40.175966, 0.0, 1.5414283107572988e-44, 90.00016021728516, 1.5414283107572988e-44, 132632.359375
0:00:40.300814, 0.0, 1.5414283107572988e-44, 90.00016021728516, 1.5414283107572988e-44, 132633.140625
0:00:40.390346, 0.0, 1.5414283107572988e-44, 90.00016021728516, 1.5414283107572988e-44, 132633.703125
0:00:40.503359, 0.0, 1.5414283107572988e-44, 90.00016021728516, 1.5414283107572988e-44, 132634.40625
0:00:40.591941, 0.0, 1.5414283107572988e-44, 90.00016021728516, 1.5414283107572988e-44, 132634.953125
0:00:40.679580, 0.0, 1.5414283107572988e-44, 90.00016021728516, 1.5414283107572988e-44, 132635.515625
0:00:40.793591, 0.0, 1.5414283107572988e-44, 90.00016021728516, 1.5414283107572988e-44, 132636.234375
0:00:40.882159, 0.0, 1.5414283107572988e-44, 90.00016021728516, 1.5414283107572988e-44, 132636.78125
0:00:40.996055, 0.0, 1.5414283107572988e-44, 90.00016021728516, 1.5414283107572988e-44, 132637.5
0:00:41.106970, 0.0, 1.5414283107572988e-44, 90.00016021728516, 1.5414283107572988e-44, 132638.203125
0:00:41.187959, 0.0, 1.5414283107572988e-44, 90.00016021728516, 1.5414283107572988e-44, 132638.71875
0:00:41.314073, 0.0, 1.5414283107572988e-44, 90.00016021728516, 1.5414283107572988e-44, 132639.515625
0:00:41.386525, 0.0, 1.5414283107572988e-44, 90.00016021728516, 1.5414283107572988e-44, 132639.96875
0:00:41.510601, 0.0, 1.5414283107572988e-44, 90.00016021728516, 1.5414283107572988e-44, 132640.75
0:00:41.599149, 0.0, 1.5414283107572988e-44, 90.00016021728516, 1.5414283107572988e-44, 132641.3125
0:00:41.706375, 0.0, 1.5414283107572988e-44, 90.00016021728516, 1.5414283107572988e-44, 132641.984375
0:00:41.790968, 0.0, 1.5414283107572988e-44, 90.00016021728516, 1.5414283107572988e-44, 132642.515625
0:00:41.907975, 0.0, 1.5414283107572988e-44, 90.00016021728516, 1.5414283107572988e-44, 132643.265625
0:00:41.992410, 0.0, 1.5414283107572988e-44, 90.00016021728516, 1.5414283107572988e-44, 132643.796875
0:00:42.118835, 0.0, 1.5414283107572988e-44, 90.00016021728516, 1.5414283107572988e-44, 132644.59375
0:00:42.204378, 0.0, 1.5414283107572988e-44, 90.00016021728516, 1.5414283107572988e-44, 132645.125
0:00:42.303837, 0.0, 1.5414283107572988e-44, 90.00016021728516, 1.5414283107572988e-44, 132645.75
0:00:42.395578, 0.0, 1.5414283107572988e-44, 90.00016021728516, 1.5414283107572988e-44, 132646.328125
0:00:42.510556, 0.0, 1.5414283107572988e-44, 90.00016021728516, 1.5414283107572988e-44, 132647.046875
0:00:42.596092, 0.0, 1.5414283107572988e-44, 90.00016021728516, 1.5414283107572988e-44, 132647.59375
0:00:42.720021, 0.0, 1.5414283107572988e-44, 90.00016021728516, 1.5414283107572988e-44, 132648.359375
0:00:42.808557, 0.0, 1.5414283107572988e-44, 90.00016021728516, 1.5414283107572988e-44, 132648.921875
0:00:42.904201, 0.0, 1.5414283107572988e-44, 90.00016021728516, 1.5414283107572988e-44, 132649.53125
0:00:43.000563, 0.0, 1.5414283107572988e-44, 90.00016021728516, 1.5414283107572988e-44, 132650.125
0:00:43.118532, 0.0, 1.5414283107572988e-44, 90.00016021728516, 1.5414283107572988e-44, 132650.859375
0:00:43.211556, 0.0, 1.5414283107572988e-44, 90.00016021728516, 1.5414283107572988e-44, 132651.453125
0:00:43.325616, 0.0, 1.5414283107572988e-44, 90.00016021728516, 1.5414283107572988e-44, 132652.171875
0:00:43.410975, 0.0, 1.5414283107572988e-44, 90.00016021728516, 1.5414283107572988e-44, 132652.703125
0:00:43.518305, 0.0, 1.5414283107572988e-44, 90.00016021728516, 1.5414283107572988e-44, 132653.375
0:00:43.613692, 0.0, 1.5414283107572988e-44, 90.00016021728516, 1.5414283107572988e-44, 132653.96875
0:00:43.723602, 0.0, 1.5414283107572988e-44, 90.00016021728516, 1.5414283107572988e-44, 132654.65625
0:00:43.809223, 0.0, 1.5414283107572988e-44, 90.00016021728516, 1.5414283107572988e-44, 132655.1875
0:00:43.919174, 0.0, 1.5414283107572988e-44, 90.00016021728516, 1.5414283107572988e-44, 132655.875
0:00:44.029066, 0.0, 1.5414283107572988e-44, 90.00016021728516, 1.5414283107572988e-44, 132656.5625
0:00:44.115542, 0.0, 1.5414283107572988e-44, 90.00016021728516, 1.5414283107572988e-44, 132657.109375
0:00:44.214196, 0.0, 1.5414283107572988e-44, 90.00016021728516, 1.5414283107572988e-44, 132657.71875
0:00:44.335627, 0.0, 1.5414283107572988e-44, 90.00016021728516, 1.5414283107572988e-44, 132658.484375
0:00:44.435201, 0.0, 1.5414283107572988e-44, 90.00016021728516, 1.5414283107572988e-44, 132659.109375
0:00:44.523792, 0.0, 1.5414283107572988e-44, 90.00016021728516, 1.5414283107572988e-44, 132659.65625
0:00:44.637748, 0.0, 1.5414283107572988e-44, 90.00016021728516, 1.5414283107572988e-44, 132660.375
0:00:44.722333, 0.0, 1.5414283107572988e-44, 90.00016021728516, 1.5414283107572988e-44, 132660.90625
0:00:44.829663, 0.0, 1.5414283107572988e-44, 90.00016021728516, 1.5414283107572988e-44, 132661.578125
0:00:44.917167, 0.0, 1.5414283107572988e-44, 90.00016021728516, 1.5414283107572988e-44, 132662.140625
0:00:45.043015, 0.0, 1.5414283107572988e-44, 90.00016021728516, 1.5414283107572988e-44, 132662.921875
0:00:45.130639, 0.0, 1.5414283107572988e-44, 90.00016021728516, 1.5414283107572988e-44, 132663.46875
0:00:45.244585, 0.0, 1.5414283107572988e-44, 90.00016021728516, 1.5414283107572988e-44, 132664.171875
0:00:45.332253, 0.0, 1.5414283107572988e-44, 90.00016021728516, 1.5414283107572988e-44, 132664.71875
0:00:45.447285, 0.0, 1.5414283107572988e-44, 90.00016021728516, 1.5414283107572988e-44, 132665.4375
0:00:45.534856, 0.0, 1.5414283107572988e-44, 90.00016021728516, 1.5414283107572988e-44, 132665.984375
0:00:45.634347, 0.0, 1.5414283107572988e-44, 90.00016021728516, 1.5414283107572988e-44, 132666.625
0:00:45.745193, 0.0, 1.5414283107572988e-44, 90.00016021728516, 1.5414283107572988e-44, 132667.328125
0:00:45.827080, 0.0, 1.5414283107572988e-44, 90.00016021728516, 1.5414283107572988e-44, 132667.828125
0:00:45.937300, 0.0, 1.5414283107572988e-44, 90.00016021728516, 1.5414283107572988e-44, 132668.515625
0:00:46.048328, 0.0, 1.5414283107572988e-44, 90.00016021728516, 1.5414283107572988e-44, 132669.21875
0:00:46.146996, 0.0, 1.5414283107572988e-44, 90.00016021728516, 1.5414283107572988e-44, 132669.84375
0:00:46.231517, 0.0, 1.5414283107572988e-44, 90.00016021728516, 1.5414283107572988e-44, 132670.390625
0:00:46.347454, 0.0, 1.5414283107572988e-44, 90.00016021728516, 1.5414283107572988e-44, 132671.125
0:00:46.433023, 0.0, 1.5414283107572988e-44, 90.00016021728516, 1.5414283107572988e-44, 132671.65625
0:00:46.546135, 0.0, 1.5414283107572988e-44, 90.00016021728516, 1.5414283107572988e-44, 132672.375
0:00:46.643535, 0.0, 1.5414283107572988e-44, 90.00016021728516, 1.5414283107572988e-44, 132672.984375
0:00:46.755874, 0.0, 1.5414283107572988e-44, 90.00016021728516, 1.5414283107572988e-44, 132673.671875
0:00:46.854471, 0.0, 1.5414283107572988e-44, 90.00016021728516, 1.5414283107572988e-44, 132674.28125
0:00:46.947579, 0.0, 1.5414283107572988e-44, 90.00016021728516, 1.5414283107572988e-44, 132674.859375
0:00:47.055800, 0.0, 1.5414283107572988e-44, 90.00016021728516, 1.5414283107572988e-44, 132675.546875
0:00:47.147920, 0.0, 1.5414283107572988e-44, 90.00016021728516, 1.5414283107572988e-44, 132676.109375
0:00:47.261883, 0.0, 1.5414283107572988e-44, 90.00016021728516, 1.5414283107572988e-44, 132676.8125
0:00:47.349455, 0.0, 1.5414283107572988e-44, 90.00016021728516, 1.5414283107572988e-44, 132677.375
0:00:47.446681, 0.0, 1.5414283107572988e-44, 90.00016021728516, 1.5414283107572988e-44, 132677.984375
0:00:47.555005, 0.0, 1.5414283107572988e-44, 90.00016021728516, 1.5414283107572988e-44, 132678.671875
0:00:47.668995, 0.0, 1.5414283107572988e-44, 90.00016021728516, 1.5414283107572988e-44, 132679.375
0:00:47.764730, 0.0, 1.5414283107572988e-44, 90.00016021728516, 1.5414283107572988e-44, 132679.96875
0:00:47.868954, 0.0, 1.5414283107572988e-44, 90.00016021728516, 1.5414283107572988e-44, 132680.625
0:00:47.968528, 0.0, 1.5414283107572988e-44, 90.00016021728516, 1.5414283107572988e-44, 132681.234375
0:00:48.066208, 0.0, 1.5414283107572988e-44, 90.00016021728516, 1.5414283107572988e-44, 132681.84375
0:00:48.157988, 0.0, 1.5414283107572988e-44, 90.00016021728516, 1.5414283107572988e-44, 132682.421875
0:00:48.272997, 0.0, 1.5414283107572988e-44, 90.00016021728516, 1.5414283107572988e-44, 132683.140625
0:00:48.359596, 0.0, 1.5414283107572988e-44, 90.00016021728516, 1.5414283107572988e-44, 132683.6875
0:00:48.466919, 0.0, 1.5414283107572988e-44, 90.00016021728516, 1.5414283107572988e-44, 132684.34375
0:00:48.555438, 0.0, 1.5414283107572988e-44, 90.00016021728516, 1.5414283107572988e-44, 132684.890625
0:00:48.673056, 0.0, 1.5414283107572988e-44, 90.00016021728516, 1.5414283107572988e-44, 132685.640625
0:00:48.756678, 0.0, 1.5414283107572988e-44, 90.00016021728516, 1.5414283107572988e-44, 132686.171875
0:00:48.866159, 0.0, 1.5414283107572988e-44, 90.00016021728516, 1.5414283107572988e-44, 132686.859375
0:00:48.966259, 0.0, 1.5414283107572988e-44, 90.00016021728516, 1.5414283107572988e-44, 132687.484375
0:00:49.066063, 0.0, 1.5414283107572988e-44, 90.00016021728516, 1.5414283107572988e-44, 132688.109375
0:00:49.175930, 0.0, 1.5414283107572988e-44, 90.00016021728516, 1.5414283107572988e-44, 132688.796875
0:00:49.264530, 0.0, 1.5414283107572988e-44, 90.00016021728516, 1.5414283107572988e-44, 132689.359375
0:00:49.377463, 0.0, 1.5414283107572988e-44, 90.00016021728516, 1.5414283107572988e-44, 132690.0625
0:00:49.487933, 0.0, 1.5414283107572988e-44, 90.00016021728516, 1.5414283107572988e-44, 132690.75
0:00:49.586615, 0.0, 1.5414283107572988e-44, 90.00016021728516, 1.5414283107572988e-44, 132691.375
0:00:49.681407, 0.0, 1.5414283107572988e-44, 90.00016021728516, 1.5414283107572988e-44, 132691.96875
0:00:49.768985, 0.0, 1.5414283107572988e-44, 90.00016021728516, 1.5414283107572988e-44, 132692.515625
0:00:49.866656, 0.0, 1.5414283107572988e-44, 90.00016021728516, 1.5414283107572988e-44, 132693.140625
0:00:49.967130, 0.0, 1.5414283107572988e-44, 90.00016021728516, 1.5414283107572988e-44, 132693.765625
0:00:50.086082, 0.0, 1.5414283107572988e-44, 90.00016021728516, 1.5414283107572988e-44, 132694.5
0:00:50.179029, 0.0, 1.5414283107572988e-44, 90.00016021728516, 1.5414283107572988e-44, 132695.078125
0:00:50.294030, 0.0, 1.5414283107572988e-44, 90.00016021728516, 1.5414283107572988e-44, 132695.796875
0:00:50.377523, 0.0, 1.5414283107572988e-44, 90.00016021728516, 1.5414283107572988e-44, 132696.3125
0:00:50.493511, 0.0, 1.5414283107572988e-44, 90.00016021728516, 1.5414283107572988e-44, 132697.03125
0:00:50.580153, 0.0, 1.5414283107572988e-44, 90.00016021728516, 1.5414283107572988e-44, 132697.5625
0:00:50.676217, 0.0, 1.5414283107572988e-44, 90.00016021728516, 1.5414283107572988e-44, 132698.171875
0:00:50.792168, 0.0, 1.5414283107572988e-44, 90.00016021728516, 1.5414283107572988e-44, 132698.890625
0:00:50.887461, 0.0, 1.5414283107572988e-44, 90.00016021728516, 1.5414283107572988e-44, 132699.484375
0:00:50.986936, 0.0, 1.5414283107572988e-44, 90.00016021728516, 1.5414283107572988e-44, 132700.109375
0:00:51.102001, 0.0, 1.5414283107572988e-44, 90.00016021728516, 1.5414283107572988e-44, 132700.84375
0:00:51.182800, 0.0, 1.5414283107572988e-44, 90.00016021728516, 1.5414283107572988e-44, 132701.359375
0:00:51.278426, 0.0, 1.5414283107572988e-44, 90.00016021728516, 1.5414283107572988e-44, 132701.96875
0:00:51.397845, 0.0, 1.5414283107572988e-44, 90.00016021728516, 1.5414283107572988e-44, 132702.703125
0:00:51.507258, 0.0, 1.5414283107572988e-44, 90.00016021728516, 1.5414283107572988e-44, 132703.390625
0:00:51.608235, 0.0, 1.5414283107572988e-44, 90.00016021728516, 1.5414283107572988e-44, 132704.015625
0:00:51.693534, 0.0, 1.5414283107572988e-44, 90.00016021728516, 1.5414283107572988e-44, 132704.546875
0:00:51.802879, 0.0, 1.5414283107572988e-44, 90.00016021728516, 1.5414283107572988e-44, 132705.234375
0:00:51.899600, 0.0, 1.5414283107572988e-44, 90.00016021728516, 1.5414283107572988e-44, 132705.859375
0:00:51.995067, 0.0, 1.5414283107572988e-44, 90.00016021728516, 1.5414283107572988e-44, 132706.453125
0:00:52.110105, 0.0, 1.5414283107572988e-44, 90.00016021728516, 1.5414283107572988e-44, 132707.171875
0:00:52.206495, 0.0, 1.5414283107572988e-44, 90.00016021728516, 1.5414283107572988e-44, 132707.78125
0:00:52.293042, 0.0, 1.5414283107572988e-44, 90.00016021728516, 1.5414283107572988e-44, 132708.3125
0:00:52.406752, 0.0, 1.5414283107572988e-44, 90.00016021728516, 1.5414283107572988e-44, 132709.03125
0:00:52.507563, 0.0, 1.5414283107572988e-44, 90.00016021728516, 1.5414283107572988e-44, 132709.671875
0:00:52.597088, 0.0, 1.5414283107572988e-44, 90.00016021728516, 1.5414283107572988e-44, 132710.21875
0:00:52.692072, 0.0, 1.5414283107572988e-44, 90.00016021728516, 1.5414283107572988e-44, 132710.8125
0:00:52.800362, 0.0, 1.5414283107572988e-44, 90.00016021728516, 1.5414283107572988e-44, 132711.484375
0:00:52.915292, 0.0, 1.5414283107572988e-44, 90.00016021728516, 1.5414283107572988e-44, 132712.203125
0:00:52.999850, 0.0, 1.5414283107572988e-44, 90.00016021728516, 1.5414283107572988e-44, 132712.734375
0:00:53.098694, 0.0, 1.5414283107572988e-44, 90.00016021728516, 1.5414283107572988e-44, 132713.359375
0:00:53.214770, 0.0, 1.5414283107572988e-44, 90.00016021728516, 1.5414283107572988e-44, 132714.078125
0:00:53.328726, 0.0, 1.5414283107572988e-44, 90.00016021728516, 1.5414283107572988e-44, 132714.78125
0:00:53.422779, 0.0, 1.5414283107572988e-44, 90.00016021728516, 1.5414283107572988e-44, 132715.359375
0:00:53.508261, 0.0, 1.5414283107572988e-44, 90.00016021728516, 1.5414283107572988e-44, 132715.90625
0:00:53.629366, 0.0, 1.5414283107572988e-44, 90.00016021728516, 1.5414283107572988e-44, 132716.65625
0:00:53.727876, 0.0, 1.5414283107572988e-44, 90.00016021728516, 1.5414283107572988e-44, 132717.28125
0:00:53.828644, 0.0, 1.5414283107572988e-44, 90.00016021728516, 1.5414283107572988e-44, 132717.90625
0:00:53.918218, 0.0, 1.5414283107572988e-44, 90.00016021728516, 1.5414283107572988e-44, 132718.46875
0:00:54.031093, 0.0, 1.5414283107572988e-44, 90.00016021728516, 1.5414283107572988e-44, 132719.171875
0:00:54.114290, 0.0, 1.5414283107572988e-44, 90.00016021728516, 1.5414283107572988e-44, 132719.6875
0:00:54.227290, 0.0, 1.5414283107572988e-44, 90.00016021728516, 1.5414283107572988e-44, 132720.390625
0:00:54.326101, 0.0, 1.5414283107572988e-44, 90.00016021728516, 1.5414283107572988e-44, 132721.015625
0:00:54.432509, 0.0, 1.5414283107572988e-44, 90.00016021728516, 1.5414283107572988e-44, 132721.671875
0:00:54.519041, 0.0, 1.5414283107572988e-44, 90.00016021728516, 1.5414283107572988e-44, 132722.21875
0:00:54.617872, 0.0, 1.5414283107572988e-44, 90.00016021728516, 1.5414283107572988e-44, 132722.828125
0:00:54.731849, 0.0, 1.5414283107572988e-44, 90.00016021728516, 1.5414283107572988e-44, 132723.546875
0:00:54.839265, 0.0, 1.5414283107572988e-44, 90.00016021728516, 1.5414283107572988e-44, 132724.21875
0:00:54.937883, 0.0, 1.5414283107572988e-44, 90.00016021728516, 1.5414283107572988e-44, 132724.84375
0:00:55.030746, 0.0, 1.5414283107572988e-44, 90.00016021728516, 1.5414283107572988e-44, 132725.4375
0:00:55.132742, 0.0, 1.5414283107572988e-44, 90.00016021728516, 1.5414283107572988e-44, 132726.078125
0:00:55.228855, 0.0, 1.5414283107572988e-44, 90.00016021728516, 1.5414283107572988e-44, 132726.671875
0:00:55.330245, 0.0, 1.5414283107572988e-44, 90.00016021728516, 1.5414283107572988e-44, 132727.3125
0:00:55.438515, 0.0, 1.5414283107572988e-44, 90.00016021728516, 1.5414283107572988e-44, 132728.0
0:00:55.536498, 0.0, 1.5414283107572988e-44, 90.00016021728516, 1.5414283107572988e-44, 132728.609375
0:00:55.627933, 0.0, 1.5414283107572988e-44, 90.00016021728516, 1.5414283107572988e-44, 132729.1875
0:00:55.721634, 0.0, 1.5414283107572988e-44, 90.00016021728516, 1.5414283107572988e-44, 132729.765625
0:00:55.821025, 0.0, 1.5414283107572988e-44, 90.00016021728516, 1.5414283107572988e-44, 132730.390625
0:00:55.945323, 0.0, 1.5414283107572988e-44, 90.00016021728516, 1.5414283107572988e-44, 132731.15625
0:00:56.030712, 0.0, 1.5414283107572988e-44, 90.00016021728516, 1.5414283107572988e-44, 132731.6875
0:00:56.138927, 0.0, 1.5414283107572988e-44, 90.00016021728516, 1.5414283107572988e-44, 132732.359375
0:00:56.239175, 0.0, 1.5414283107572988e-44, 90.00016021728516, 1.5414283107572988e-44, 132732.984375
0:00:56.342821, 0.0, 1.5414283107572988e-44, 90.00016021728516, 1.5414283107572988e-44, 132733.625
0:00:56.439504, 0.0, 1.5414283107572988e-44, 90.00016021728516, 1.5414283107572988e-44, 132734.234375
0:00:56.561829, 0.0, 1.5414283107572988e-44, 90.00016021728516, 1.5414283107572988e-44, 132734.984375
0:00:56.659640, 0.0, 1.5414283107572988e-44, 90.00016021728516, 1.5414283107572988e-44, 132735.59375
0:00:56.753329, 0.0, 1.5414283107572988e-44, 90.00016021728516, 1.5414283107572988e-44, 132736.171875
0:00:56.867286, 0.0, 1.5414283107572988e-44, 90.00016021728516, 1.5414283107572988e-44, 132736.875
0:00:56.955783, 0.0, 1.5414283107572988e-44, 90.00016021728516, 1.5414283107572988e-44, 132737.421875
0:00:57.070819, 0.0, 1.5414283107572988e-44, 90.00016021728516, 1.5414283107572988e-44, 132738.140625
0:00:57.155441, 0.0, 1.5414283107572988e-44, 90.00016021728516, 1.5414283107572988e-44, 132738.671875
0:00:57.263652, 0.0, 1.5414283107572988e-44, 90.00016021728516, 1.5414283107572988e-44, 132739.359375
0:00:57.359859, 0.0, 1.5414283107572988e-44, 90.00016021728516, 1.5414283107572988e-44, 132739.953125
0:00:57.453647, 0.0, 1.5414283107572988e-44, 90.00016021728516, 1.5414283107572988e-44, 132740.53125
0:00:57.560904, 0.0, 1.5414283107572988e-44, 90.00016021728516, 1.5414283107572988e-44, 132741.203125
0:00:57.659676, 0.0, 1.5414283107572988e-44, 90.00016021728516, 1.5414283107572988e-44, 132741.8125
0:00:57.751511, 0.0, 1.5414283107572988e-44, 90.00016021728516, 1.5414283107572988e-44, 132742.390625
0:00:57.864550, 0.0, 1.5414283107572988e-44, 90.00016021728516, 1.5414283107572988e-44, 132743.09375
0:00:57.961335, 0.0, 1.5414283107572988e-44, 90.00016021728516, 1.5414283107572988e-44, 132743.703125
0:00:58.060083, 0.0, 1.5414283107572988e-44, 90.00016021728516, 1.5414283107572988e-44, 132744.3125
0:00:58.160771, 0.0, 1.5414283107572988e-44, 90.00016021728516, 1.5414283107572988e-44, 132744.9375
0:00:58.269772, 0.0, 1.5414283107572988e-44, 90.00016021728516, 1.5414283107572988e-44, 132745.625
0:00:58.362954, 0.0, 1.5414283107572988e-44, 90.00016021728516, 1.5414283107572988e-44, 132746.203125
0:00:58.476115, 0.0, 1.5414283107572988e-44, 90.00016021728516, 1.5414283107572988e-44, 132746.921875
0:00:58.593279, 0.0, 1.5414283107572988e-44, 90.00016021728516, 1.5414283107572988e-44, 132747.65625
0:00:58.690343, 0.0, 1.5414283107572988e-44, 90.00016021728516, 1.5414283107572988e-44, 132748.28125
0:00:58.782037, 0.0, 1.5414283107572988e-44, 90.00016021728516, 1.5414283107572988e-44, 132748.859375
0:00:58.861827, 0.0, 1.5414283107572988e-44, 90.00016021728516, 1.5414283107572988e-44, 132749.359375
0:00:58.969194, 0.0, 1.5414283107572988e-44, 90.00016021728516, 1.5414283107572988e-44, 132750.03125
0:00:59.065151, 0.0, 1.5414283107572988e-44, 90.00016021728516, 1.5414283107572988e-44, 132750.625
0:00:59.161431, 0.0, 1.5414283107572988e-44, 90.00016021728516, 1.5414283107572988e-44, 132751.234375
0:00:59.282023, 0.0, 1.5414283107572988e-44, 90.00016021728516, 1.5414283107572988e-44, 132751.984375
0:00:59.380873, 0.0, 1.5414283107572988e-44, 90.00016021728516, 1.5414283107572988e-44, 132752.59375
0:00:59.472617, 0.0, 1.5414283107572988e-44, 90.00016021728516, 1.5414283107572988e-44, 132753.171875
0:00:59.587723, 0.0, 1.5414283107572988e-44, 90.00016021728516, 1.5414283107572988e-44, 132753.90625
0:00:59.674298, 0.0, 1.5414283107572988e-44, 90.00016021728516, 1.5414283107572988e-44, 132754.453125
0:00:59.788177, 0.0, 1.5414283107572988e-44, 90.00016021728516, 1.5414283107572988e-44, 132755.171875
0:00:59.873699, 0.0, 1.5414283107572988e-44, 90.00016021728516, 1.5414283107572988e-44, 132755.71875
0:00:59.986749, 0.0, 1.5414283107572988e-44, 90.00016021728516, 1.5414283107572988e-44, 132756.4375
0:01:00.095243, 0.0, 1.5414283107572988e-44, 90.00016021728516, 1.5414283107572988e-44, 132757.109375
0:01:00.192742, 0.0, 1.5414283107572988e-44, 90.00016021728516, 1.5414283107572988e-44, 132757.734375
0:01:00.289528, 0.0, 1.5414283107572988e-44, 90.00016021728516, 1.5414283107572988e-44, 132758.34375
0:01:00.376251, 0.0, 1.5414283107572988e-44, 90.00016021728516, 1.5414283107572988e-44, 132758.890625
0:01:00.491091, 0.0, 1.5414283107572988e-44, 90.00016021728516, 1.5414283107572988e-44, 132759.609375
0:01:00.581495, 0.0, 1.5414283107572988e-44, 90.00016021728516, 1.5414283107572988e-44, 132760.171875
0:01:00.694506, 0.0, 1.5414283107572988e-44, 90.00016021728516, 1.5414283107572988e-44, 132760.890625
0:01:00.809662, 0.0, 1.5414283107572988e-44, 90.00016021728516, 1.5414283107572988e-44, 132761.625
0:01:00.893125, 0.0, 1.5414283107572988e-44, 90.00016021728516, 1.5414283107572988e-44, 132762.140625
0:01:01.016875, 0.0, 1.5414283107572988e-44, 90.00016021728516, 1.5414283107572988e-44, 132762.921875
0:01:01.103499, 0.0, 1.5414283107572988e-44, 90.00016021728516, 1.5414283107572988e-44, 132763.46875
0:01:01.204116, 0.0, 1.5414283107572988e-44, 90.00016021728516, 1.5414283107572988e-44, 132764.09375
0:01:01.315090, 0.0, 1.5414283107572988e-44, 90.00016021728516, 1.5414283107572988e-44, 132764.796875
0:01:01.411507, 0.0, 1.5414283107572988e-44, 90.00016021728516, 1.5414283107572988e-44, 132765.390625
0:01:01.509926, 0.0, 1.5414283107572988e-44, 90.00016021728516, 1.5414283107572988e-44, 132766.0
0:01:01.622745, 0.0, 1.5414283107572988e-44, 90.00016021728516, 1.5414283107572988e-44, 132766.71875
0:01:01.709159, 0.0, 1.5414283107572988e-44, 90.00016021728516, 1.5414283107572988e-44, 132767.265625
0:01:01.815465, 0.0, 1.5414283107572988e-44, 90.00016021728516, 1.5414283107572988e-44, 132767.921875
0:01:01.900681, 0.0, 1.5414283107572988e-44, 90.00016021728516, 1.5414283107572988e-44, 132768.453125
0:01:02.002280, 0.0, 1.5414283107572988e-44, 90.00016021728516, 1.5414283107572988e-44, 132769.09375
0:01:02.123461, 0.0, 1.5414283107572988e-44, 90.00016021728516, 1.5414283107572988e-44, 132769.859375
0:01:02.222473, 0.0, 1.5414283107572988e-44, 90.00016021728516, 1.5414283107572988e-44, 132770.484375
0:01:02.321179, 0.0, 1.5414283107572988e-44, 90.00016021728516, 1.5414283107572988e-44, 132771.09375
0:01:02.414330, 0.0, 1.5414283107572988e-44, 90.00016021728516, 1.5414283107572988e-44, 132771.6875
0:01:02.524244, 0.0, 1.5414283107572988e-44, 90.00016021728516, 1.5414283107572988e-44, 132772.375
0:01:02.628987, 0.0, 1.5414283107572988e-44, 90.00016021728516, 1.5414283107572988e-44, 132773.015625
0:01:02.710948, 0.0, 1.5414283107572988e-44, 90.00016021728516, 1.5414283107572988e-44, 132773.53125
0:01:02.808801, 0.0, 1.5414283107572988e-44, 90.00016021728516, 1.5414283107572988e-44, 132774.140625
0:01:02.908547, 0.0, 1.5414283107572988e-44, 90.00016021728516, 1.5414283107572988e-44, 132774.765625
0:01:03.022878, 0.0, 1.5414283107572988e-44, 90.00016021728516, 1.5414283107572988e-44, 132775.484375
0:01:03.109117, 0.0, 1.5414283107572988e-44, 90.00016021728516, 1.5414283107572988e-44, 132776.015625
0:01:03.222125, 0.0, 1.5414283107572988e-44, 90.00016021728516, 1.5414283107572988e-44, 132776.71875
0:01:03.332965, 0.0, 1.5414283107572988e-44, 90.00016021728516, 1.5414283107572988e-44, 132777.40625
0:01:03.432092, 0.0, 1.5414283107572988e-44, 90.00016021728516, 1.5414283107572988e-44, 132778.03125
0:01:03.519806, 0.0, 1.5414283107572988e-44, 90.00016021728516, 1.5414283107572988e-44, 132778.578125
0:01:03.632729, 0.0, 1.5414283107572988e-44, 90.00016021728516, 1.5414283107572988e-44, 132779.296875
0:01:03.718275, 0.0, 1.5414283107572988e-44, 90.00016021728516, 1.5414283107572988e-44, 132779.84375
0:01:03.822597, 0.0, 1.5414283107572988e-44, 90.00016021728516, 1.5414283107572988e-44, 132780.5
0:01:03.931043, 0.0, 1.5414283107572988e-44, 90.00016021728516, 1.5414283107572988e-44, 132781.1875
0:01:04.026969, 0.0, 1.5414283107572988e-44, 90.00016021728516, 1.5414283107572988e-44, 132781.78125
0:01:04.135246, 0.0, 1.5414283107572988e-44, 90.00016021728516, 1.5414283107572988e-44, 132782.453125
0:01:04.249252, 0.0, 1.5414283107572988e-44, 90.00016021728516, 1.5414283107572988e-44, 132783.171875
0:01:04.332811, 0.0, 1.5414283107572988e-44, 90.00016021728516, 1.5414283107572988e-44, 132783.703125
0:01:04.429794, 0.0, 1.5414283107572988e-44, 90.00016021728516, 1.5414283107572988e-44, 132784.3125
0:01:04.545803, 0.0, 1.5414283107572988e-44, 90.00016021728516, 1.5414283107572988e-44, 132785.03125
0:01:04.641328, 0.0, 1.5414283107572988e-44, 90.00016021728516, 1.5414283107572988e-44, 132785.625
0:01:04.733337, 0.0, 1.5414283107572988e-44, 90.00016021728516, 1.5414283107572988e-44, 132786.203125
0:01:04.843523, 0.0, 1.5414283107572988e-44, 90.00016021728516, 1.5414283107572988e-44, 132786.890625
0:01:04.942893, 0.0, 1.5414283107572988e-44, 90.00016021728516, 1.5414283107572988e-44, 132787.53125
