Time, Frequency, Amplitude, Offset, PhaseShift, Phase
0:00:00.076317, 0.0, 1.401298464324817e-44, 90.0, 1.401298464324817e-44, 132381.234375
0:00:00.180550, 0.0, 1.401298464324817e-44, 90.0, 1.401298464324817e-44, 132381.890625
0:00:00.295555, 0.0, 1.401298464324817e-44, 90.0, 1.401298464324817e-44, 132382.625
0:00:00.381068, 0.0, 1.401298464324817e-44, 90.0, 1.401298464324817e-44, 132383.15625
0:00:00.478849, 0.0, 1.401298464324817e-44, 90.0, 1.401298464324817e-44, 132383.78125
0:00:00.597824, 0.0, 1.401298464324817e-44, 90.0, 1.401298464324817e-44, 132384.53125
0:00:00.685490, 0.0, 1.401298464324817e-44, 90.0, 1.401298464324817e-44, 132385.078125
0:00:00.798349, 0.0, 1.401298464324817e-44, 90.0, 1.401298464324817e-44, 132385.78125
0:00:00.887995, 0.0, 1.401298464324817e-44, 90.0, 1.401298464324817e-44, 132386.34375
0:00:01.000907, 0.0, 1.401298464324817e-44, 90.0, 1.401298464324817e-44, 132387.0625
0:00:01.110577, 0.0, 1.401298464324817e-44, 90.0, 1.401298464324817e-44, 132387.75
0:00:01.207899, 0.0, 1.401298464324817e-44, 90.0, 1.401298464324817e-44, 132388.359375
0:00:01.303493, 0.0, 1.401298464324817e-44, 90.0, 1.401298464324817e-44, 132388.953125
0:00:01.396108, 0.0, 1.401298464324817e-44, 90.0, 1.401298464324817e-44, 132389.53125
0:00:01.505427, 0.0, 1.401298464324817e-44, 90.0, 1.401298464324817e-44, 132390.21875
0:00:01.619559, 0.0, 1.401298464324817e-44, 90.0, 1.401298464324817e-44, 132390.9375
0:00:01.718641, 0.0, 1.401298464324817e-44, 90.0, 1.401298464324817e-44, 132391.5625
0:00:01.820153, 0.0, 1.401298464324817e-44, 90.0, 1.401298464324817e-44, 132392.203125
0:00:01.919585, 0.0, 1.401298464324817e-44, 90.0, 1.401298464324817e-44, 132392.828125
0:00:02.020128, 0.0, 1.401298464324817e-44, 90.0, 1.401298464324817e-44, 132393.453125
0:00:02.119979, 0.0, 1.401298464324817e-44, 90.0, 1.401298464324817e-44, 132394.078125
0:00:02.218730, 0.0, 1.401298464324817e-44, 90.0, 1.401298464324817e-44, 132394.703125
0:00:02.310780, 0.0, 1.401298464324817e-44, 90.0, 1.401298464324817e-44, 132395.28125
0:00:02.422750, 0.0, 1.401298464324817e-44, 90.0, 1.401298464324817e-44, 132395.96875
0:00:02.509263, 0.0, 1.401298464324817e-44, 90.0, 1.401298464324817e-44, 132396.515625
0:00:02.630560, 0.0, 1.401298464324817e-44, 90.0, 1.401298464324817e-44, 132397.28125
0:00:02.728954, 0.0, 1.401298464324817e-44, 90.0, 1.401298464324817e-44, 132397.90625
0:00:02.821749, 0.0, 1.401298464324817e-44, 90.0, 1.401298464324817e-44, 132398.484375
0:00:02.910289, 0.0, 1.401298464324817e-44, 90.0, 1.401298464324817e-44, 132399.03125
0:00:03.030621, 0.0, 1.401298464324817e-44, 90.0, 1.401298464324817e-44, 132399.78125
0:00:03.129353, 0.0, 1.401298464324817e-44, 90.0, 1.401298464324817e-44, 132400.40625
0:00:03.211208, 0.0, 1.401298464324817e-44, 90.0, 1.401298464324817e-44, 132400.921875
0:00:03.317517, 0.0, 1.401298464324817e-44, 90.0, 1.401298464324817e-44, 132401.59375
0:00:03.430499, 0.0, 1.401298464324817e-44, 90.0, 1.401298464324817e-44, 132402.3125
0:00:03.517052, 0.0, 1.401298464324817e-44, 90.0, 1.401298464324817e-44, 132402.84375
0:00:03.631038, 0.0, 1.401298464324817e-44, 90.0, 1.401298464324817e-44, 132403.578125
0:00:03.724199, 0.0, 1.401298464324817e-44, 90.0, 1.401298464324817e-44, 132404.15625
0:00:03.819761, 0.0, 1.401298464324817e-44, 90.0, 1.401298464324817e-44, 132404.75
0:00:03.932744, 0.0, 1.401298464324817e-44, 90.0, 1.401298464324817e-44, 132405.4375
0:00:04.023910, 0.0, 1.401298464324817e-44, 90.0, 1.401298464324817e-44, 132406.0
0:00:04.146065, 0.0, 1.401298464324817e-44, 90.0, 1.401298464324817e-44, 132406.765625
0:00:04.226927, 0.0, 1.401298464324817e-44, 90.0, 1.401298464324817e-44, 132407.265625
0:00:04.338903, 0.0, 1.401298464324817e-44, 90.0, 1.401298464324817e-44, 132407.96875
0:00:04.430543, 0.0, 1.401298464324817e-44, 90.0, 1.401298464324817e-44, 132408.546875
0:00:04.543492, 0.0, 1.401298464324817e-44, 90.0, 1.401298464324817e-44, 132409.265625
0:00:04.629198, 0.0, 1.401298464324817e-44, 90.0, 1.401298464324817e-44, 132409.796875
0:00:04.744835, 0.0, 1.401298464324817e-44, 90.0, 1.401298464324817e-44, 132410.515625
0:00:04.829071, 0.0, 1.401298464324817e-44, 90.0, 1.401298464324817e-44, 132411.046875
0:00:04.930603, 0.0, 1.401298464324817e-44, 90.0, 1.401298464324817e-44, 132411.6875
0:00:05.044573, 0.0, 1.401298464324817e-44, 90.0, 1.401298464324817e-44, 132412.40625
0:00:05.143025, 0.0, 1.401298464324817e-44, 90.0, 1.401298464324817e-44, 132413.015625
0:00:05.240377, 0.0, 1.401298464324817e-44, 90.0, 1.401298464324817e-44, 132413.625
0:00:05.339883, 0.0, 1.401298464324817e-44, 90.0, 1.401298464324817e-44, 132414.25
0:00:05.432833, 0.0, 1.401298464324817e-44, 90.0, 1.401298464324817e-44, 132414.828125
0:00:05.542797, 0.0, 1.401298464324817e-44, 90.0, 1.401298464324817e-44, 132415.53125
0:00:05.651004, 0.0, 1.401298464324817e-44, 90.0, 1.401298464324817e-44, 132416.21875
0:00:05.749722, 0.0, 1.401298464324817e-44, 90.0, 1.401298464324817e-44, 132416.828125
0:00:05.841841, 0.0, 1.401298464324817e-44, 90.0, 1.401298464324817e-44, 132417.40625
0:00:05.952296, 0.0, 1.401298464324817e-44, 90.0, 1.401298464324817e-44, 132418.09375
0:00:06.050596, 0.0, 1.401298464324817e-44, 90.0, 1.401298464324817e-44, 132418.71875
0:00:06.144392, 0.0, 1.401298464324817e-44, 90.0, 1.401298464324817e-44, 132419.3125
0:00:06.253627, 0.0, 1.401298464324817e-44, 90.0, 1.401298464324817e-44, 132419.984375
0:00:06.342216, 0.0, 1.401298464324817e-44, 90.0, 1.401298464324817e-44, 132420.546875
0:00:06.456113, 0.0, 1.401298464324817e-44, 90.0, 1.401298464324817e-44, 132421.265625
0:00:06.564360, 0.0, 1.401298464324817e-44, 90.0, 1.401298464324817e-44, 132421.9375
0:00:06.662048, 0.0, 1.401298464324817e-44, 90.0, 1.401298464324817e-44, 132422.5625
0:00:06.759716, 0.0, 1.401298464324817e-44, 90.0, 1.401298464324817e-44, 132423.15625
0:00:06.857342, 0.0, 1.401298464324817e-44, 90.0, 1.401298464324817e-44, 132423.765625
0:00:06.943913, 0.0, 1.401298464324817e-44, 90.0, 1.401298464324817e-44, 132424.3125
0:00:07.057886, 0.0, 1.401298464324817e-44, 90.0, 1.401298464324817e-44, 132425.015625
0:00:07.145449, 0.0, 1.401298464324817e-44, 90.0, 1.401298464324817e-44, 132425.5625
0:00:07.255411, 0.0, 1.401298464324817e-44, 90.0, 1.401298464324817e-44, 132426.234375
0:00:07.372386, 0.0, 1.401298464324817e-44, 90.0, 1.401298464324817e-44, 132426.96875
0:00:07.458910, 0.0, 1.401298464324817e-44, 90.0, 1.401298464324817e-44, 132427.5
0:00:07.564156, 0.0, 1.401298464324817e-44, 90.0, 1.401298464324817e-44, 132428.171875
0:00:07.648754, 0.0, 1.401298464324817e-44, 90.0, 1.401298464324817e-44, 132428.703125
0:00:07.761914, 0.0, 1.401298464324817e-44, 90.0, 1.401298464324817e-44, 132429.40625
0:00:07.876789, 0.0, 1.401298464324817e-44, 90.0, 1.401298464324817e-44, 132430.140625
0:00:07.965368, 0.0, 1.401298464324817e-44, 90.0, 1.401298464324817e-44, 132430.703125
0:00:08.061021, 0.0, 1.401298464324817e-44, 90.0, 1.401298464324817e-44, 132431.3125
0:00:08.175920, 0.0, 1.401298464324817e-44, 90.0, 1.401298464324817e-44, 132432.03125
0:00:08.285775, 0.0, 1.401298464324817e-44, 90.0, 1.401298464324817e-44, 132432.734375
0:00:08.379108, 0.0, 1.401298464324817e-44, 90.0, 1.401298464324817e-44, 132433.3125
0:00:08.467630, 0.0, 1.401298464324817e-44, 90.0, 1.401298464324817e-44, 132433.859375
0:00:08.580623, 0.0, 1.401298464324817e-44, 90.0, 1.401298464324817e-44, 132434.578125
0:00:08.667147, 0.0, 1.401298464324817e-44, 90.0, 1.401298464324817e-44, 132435.125
0:00:08.782272, 0.0, 1.401298464324817e-44, 90.0, 1.401298464324817e-44, 132435.828125
0:00:08.881921, 0.0, 1.401298464324817e-44, 90.0, 1.401298464324817e-44, 132436.453125
0:00:08.970559, 0.0, 1.401298464324817e-44, 90.0, 1.401298464324817e-44, 132437.015625
0:00:09.076757, 0.0, 1.401298464324817e-44, 90.0, 1.401298464324817e-44, 132437.671875
0:00:09.194809, 0.0, 1.401298464324817e-44, 90.0, 1.401298464324817e-44, 132438.40625
0:00:09.293396, 0.0, 1.401298464324817e-44, 90.0, 1.401298464324817e-44, 132439.015625
0:00:09.392562, 0.0, 1.401298464324817e-44, 90.0, 1.401298464324817e-44, 132439.640625
0:00:09.486298, 0.0, 1.401298464324817e-44, 90.0, 1.401298464324817e-44, 132440.21875
0:00:09.601108, 0.0, 1.401298464324817e-44, 90.0, 1.401298464324817e-44, 132440.9375
0:00:09.686657, 0.0, 1.401298464324817e-44, 90.0, 1.401298464324817e-44, 132441.484375
0:00:09.801643, 0.0, 1.401298464324817e-44, 90.0, 1.401298464324817e-44, 132442.203125
0:00:09.883672, 0.0, 1.401298464324817e-44, 90.0, 1.401298464324817e-44, 132442.71875
0:00:09.997465, 0.0, 1.401298464324817e-44, 90.0, 1.401298464324817e-44, 132443.453125
0:00:10.094657, 0.0, 1.401298464324817e-44, 90.0, 1.401298464324817e-44, 132444.0625
0:00:10.206177, 0.0, 1.401298464324817e-44, 90.0, 1.401298464324817e-44, 132444.765625
0:00:10.292811, 0.0, 1.401298464324817e-44, 90.0, 1.401298464324817e-44, 132445.296875
0:00:10.388953, 0.0, 1.401298464324817e-44, 90.0, 1.401298464324817e-44, 132445.90625
0:00:10.499284, 0.0, 1.401298464324817e-44, 90.0, 1.401298464324817e-44, 132446.59375
0:00:10.612135, 0.0, 1.401298464324817e-44, 90.0, 1.401298464324817e-44, 132447.3125
0:00:10.696672, 0.0, 1.401298464324817e-44, 90.0, 1.401298464324817e-44, 132447.84375
0:00:10.793993, 0.0, 1.401298464324817e-44, 90.0, 1.401298464324817e-44, 132448.453125
0:00:10.891692, 0.0, 1.401298464324817e-44, 90.0, 1.401298464324817e-44, 132449.0625
0:00:11.009905, 0.0, 1.401298464324817e-44, 90.0, 1.401298464324817e-44, 132449.796875
0:00:11.116268, 0.0, 1.401298464324817e-44, 90.0, 1.401298464324817e-44, 132450.453125
0:00:11.211970, 0.0, 1.401298464324817e-44, 90.0, 1.401298464324817e-44, 132451.046875
0:00:11.294860, 0.0, 1.401298464324817e-44, 90.0, 1.401298464324817e-44, 132451.5625
0:00:11.407992, 0.0, 1.401298464324817e-44, 90.0, 1.401298464324817e-44, 132452.28125
0:00:11.514999, 0.0, 1.401298464324817e-44, 90.0, 1.401298464324817e-44, 132452.953125
0:00:11.601574, 0.0, 1.401298464324817e-44, 90.0, 1.401298464324817e-44, 132453.5
0:00:11.702253, 0.0, 1.401298464324817e-44, 90.0, 1.401298464324817e-44, 132454.125
0:00:11.803967, 0.0, 1.401298464324817e-44, 90.0, 1.401298464324817e-44, 132454.75
0:00:11.919910, 0.0, 1.401298464324817e-44, 90.0, 1.401298464324817e-44, 132455.484375
0:00:12.005456, 0.0, 1.401298464324817e-44, 90.0, 1.401298464324817e-44, 132456.03125
0:00:12.117331, 0.0, 1.401298464324817e-44, 90.0, 1.401298464324817e-44, 132456.734375
0:00:12.214768, 0.0, 1.401298464324817e-44, 90.0, 1.401298464324817e-44, 132457.359375
0:00:12.312479, 0.0, 1.401298464324817e-44, 90.0, 1.401298464324817e-44, 132457.984375
0:00:12.418803, 0.0, 1.401298464324817e-44, 90.0, 1.401298464324817e-44, 132458.65625
0:00:12.505349, 0.0, 1.401298464324817e-44, 90.0, 1.401298464324817e-44, 132459.203125
0:00:12.617359, 0.0, 1.401298464324817e-44, 90.0, 1.401298464324817e-44, 132459.90625
0:00:12.713070, 0.0, 1.401298464324817e-44, 90.0, 1.401298464324817e-44, 132460.5
0:00:12.829056, 0.0, 1.401298464324817e-44, 90.0, 1.401298464324817e-44, 132461.234375
0:00:12.917656, 0.0, 1.401298464324817e-44, 90.0, 1.401298464324817e-44, 132461.78125
0:00:13.027606, 0.0, 1.401298464324817e-44, 90.0, 1.401298464324817e-44, 132462.46875
0:00:13.121945, 0.0, 1.401298464324817e-44, 90.0, 1.401298464324817e-44, 132463.0625
0:00:13.217944, 0.0, 1.401298464324817e-44, 90.0, 1.401298464324817e-44, 132463.65625
0:00:13.315597, 0.0, 1.401298464324817e-44, 90.0, 1.401298464324817e-44, 132464.28125
0:00:13.440692, 0.0, 1.401298464324817e-44, 90.0, 1.401298464324817e-44, 132465.0625
0:00:13.519629, 0.0, 1.401298464324817e-44, 90.0, 1.401298464324817e-44, 132465.5625
0:00:13.633474, 0.0, 1.401298464324817e-44, 90.0, 1.401298464324817e-44, 132466.265625
0:00:13.728320, 0.0, 1.401298464324817e-44, 90.0, 1.401298464324817e-44, 132466.859375
0:00:13.841098, 0.0, 1.401298464324817e-44, 90.0, 1.401298464324817e-44, 132467.5625
0:00:13.947425, 0.0, 1.401298464324817e-44, 90.0, 1.401298464324817e-44, 132468.234375
0:00:14.034092, 0.0, 1.401298464324817e-44, 90.0, 1.401298464324817e-44, 132468.78125
0:00:14.127254, 0.0, 1.401298464324817e-44, 90.0, 1.401298464324817e-44, 132469.375
0:00:14.240156, 0.0, 1.401298464324817e-44, 90.0, 1.401298464324817e-44, 132470.09375
0:00:14.349434, 0.0, 1.401298464324817e-44, 90.0, 1.401298464324817e-44, 132470.765625
0:00:14.434096, 0.0, 1.401298464324817e-44, 90.0, 1.401298464324817e-44, 132471.296875
0:00:14.536877, 0.0, 1.401298464324817e-44, 90.0, 1.401298464324817e-44, 132471.9375
0:00:14.646394, 0.0, 1.401298464324817e-44, 90.0, 1.401298464324817e-44, 132472.625
0:00:14.742853, 0.0, 1.401298464324817e-44, 90.0, 1.401298464324817e-44, 132473.21875
0:00:14.852736, 0.0, 1.401298464324817e-44, 90.0, 1.401298464324817e-44, 132473.90625
0:00:14.938272, 0.0, 1.401298464324817e-44, 90.0, 1.401298464324817e-44, 132474.4375
0:00:15.059990, 0.0, 1.401298464324817e-44, 90.0, 1.401298464324817e-44, 132475.203125
0:00:15.146607, 0.0, 1.401298464324817e-44, 90.0, 1.401298464324817e-44, 132475.75
0:00:15.240966, 0.0, 1.401298464324817e-44, 90.0, 1.401298464324817e-44, 132476.328125
0:00:15.353914, 0.0, 1.401298464324817e-44, 90.0, 1.401298464324817e-44, 132477.03125
0:00:15.445977, 0.0, 1.401298464324817e-44, 90.0, 1.401298464324817e-44, 132477.59375
0:00:15.558900, 0.0, 1.401298464324817e-44, 90.0, 1.401298464324817e-44, 132478.296875
0:00:15.654529, 0.0, 1.401298464324817e-44, 90.0, 1.401298464324817e-44, 132478.890625
0:00:15.753740, 0.0, 1.401298464324817e-44, 90.0, 1.401298464324817e-44, 132479.515625
0:00:15.855336, 0.0, 1.401298464324817e-44, 90.0, 1.401298464324817e-44, 132480.15625
0:00:15.954688, 0.0, 1.401298464324817e-44, 90.0, 1.401298464324817e-44, 132480.765625
0:00:16.044303, 0.0, 1.401298464324817e-44, 90.0, 1.401298464324817e-44, 132481.328125
0:00:16.160196, 0.0, 1.401298464324817e-44, 90.0, 1.401298464324817e-44, 132482.0625
0:00:16.266430, 0.0, 1.401298464324817e-44, 90.0, 1.401298464324817e-44, 132482.71875
0:00:16.354120, 0.0, 1.401298464324817e-44, 90.0, 1.401298464324817e-44, 132483.265625
0:00:16.454505, 0.0, 1.401298464324817e-44, 90.0, 1.401298464324817e-44, 132483.890625
0:00:16.570510, 0.0, 1.401298464324817e-44, 90.0, 1.401298464324817e-44, 132484.625
0:00:16.658145, 0.0, 1.401298464324817e-44, 90.0, 1.401298464324817e-44, 132485.15625
0:00:16.764348, 0.0, 1.401298464324817e-44, 90.0, 1.401298464324817e-44, 132485.84375
0:00:16.880362, 0.0, 1.401298464324817e-44, 90.0, 1.401298464324817e-44, 132486.578125
0:00:16.966862, 0.0, 1.401298464324817e-44, 90.0, 1.401298464324817e-44, 132487.109375
0:00:17.081710, 0.0, 1.401298464324817e-44, 90.0, 1.401298464324817e-44, 132487.84375
0:00:17.160705, 0.0, 1.401298464324817e-44, 90.0, 1.401298464324817e-44, 132488.34375
0:00:17.267988, 0.0, 1.401298464324817e-44, 90.0, 1.401298464324817e-44, 132489.03125
0:00:17.383910, 0.0, 1.401298464324817e-44, 90.0, 1.401298464324817e-44, 132489.75
0:00:17.469617, 0.0, 1.401298464324817e-44, 90.0, 1.401298464324817e-44, 132490.28125
0:00:17.576844, 0.0, 1.401298464324817e-44, 90.0, 1.401298464324817e-44, 132490.953125
0:00:17.664354, 0.0, 1.401298464324817e-44, 90.0, 1.401298464324817e-44, 132491.515625
0:00:17.764000, 0.0, 1.401298464324817e-44, 90.0, 1.401298464324817e-44, 132492.125
0:00:17.885415, 0.0, 1.401298464324817e-44, 90.0, 1.401298464324817e-44, 132492.890625
0:00:17.983889, 0.0, 1.401298464324817e-44, 90.0, 1.401298464324817e-44, 132493.5
0:00:18.076023, 0.0, 1.401298464324817e-44, 90.0, 1.401298464324817e-44, 132494.078125
0:00:18.186315, 0.0, 1.401298464324817e-44, 90.0, 1.401298464324817e-44, 132494.75
0:00:18.284439, 0.0, 1.401298464324817e-44, 90.0, 1.401298464324817e-44, 132495.359375
0:00:18.383125, 0.0, 1.401298464324817e-44, 90.0, 1.401298464324817e-44, 132495.984375
0:00:18.496027, 0.0, 1.401298464324817e-44, 90.0, 1.401298464324817e-44, 132496.703125
0:00:18.580544, 0.0, 1.401298464324817e-44, 90.0, 1.401298464324817e-44, 132497.234375
0:00:18.689366, 0.0, 1.401298464324817e-44, 90.0, 1.401298464324817e-44, 132497.90625
0:00:18.787880, 0.0, 1.401298464324817e-44, 90.0, 1.401298464324817e-44, 132498.53125
0:00:18.897121, 0.0, 1.401298464324817e-44, 90.0, 1.401298464324817e-44, 132499.21875
0:00:18.984718, 0.0, 1.401298464324817e-44, 90.0, 1.401298464324817e-44, 132499.765625
0:00:19.077734, 0.0, 1.401298464324817e-44, 90.0, 1.401298464324817e-44, 132500.359375
0:00:19.191705, 0.0, 1.401298464324817e-44, 90.0, 1.401298464324817e-44, 132501.078125
0:00:19.297005, 0.0, 1.401298464324817e-44, 90.0, 1.401298464324817e-44, 132501.71875
0:00:19.405400, 0.0, 1.401298464324817e-44, 90.0, 1.401298464324817e-44, 132502.390625
0:00:19.505471, 0.0, 1.401298464324817e-44, 90.0, 1.401298464324817e-44, 132503.015625
0:00:19.600645, 0.0, 1.401298464324817e-44, 90.0, 1.401298464324817e-44, 132503.609375
0:00:19.705871, 0.0, 1.401298464324817e-44, 90.0, 1.401298464324817e-44, 132504.265625
0:00:19.793411, 0.0, 1.401298464324817e-44, 90.0, 1.401298464324817e-44, 132504.8125
0:00:19.908389, 0.0, 1.401298464324817e-44, 90.0, 1.401298464324817e-44, 132505.53125
0:00:19.994916, 0.0, 1.401298464324817e-44, 90.0, 1.401298464324817e-44, 132506.078125
0:00:20.097197, 0.0, 1.401298464324817e-44, 90.0, 1.401298464324817e-44, 132506.71875
0:00:20.206441, 0.0, 1.401298464324817e-44, 90.0, 1.401298464324817e-44, 132507.40625
0:00:20.299782, 0.0, 1.401298464324817e-44, 90.0, 1.401298464324817e-44, 132507.984375
0:00:20.395477, 0.0, 1.401298464324817e-44, 90.0, 1.401298464324817e-44, 132508.59375
0:00:20.510511, 0.0, 1.401298464324817e-44, 90.0, 1.401298464324817e-44, 132509.3125
0:00:20.606256, 0.0, 1.401298464324817e-44, 90.0, 1.401298464324817e-44, 132509.90625
0:00:20.706032, 0.0, 1.401298464324817e-44, 90.0, 1.401298464324817e-44, 132510.53125
0:00:20.793574, 0.0, 1.401298464324817e-44, 90.0, 1.401298464324817e-44, 132511.078125
0:00:20.907488, 0.0, 1.401298464324817e-44, 90.0, 1.401298464324817e-44, 132511.796875
0:00:21.018391, 0.0, 1.401298464324817e-44, 90.0, 1.401298464324817e-44, 132512.5
0:00:21.107043, 0.0, 1.401298464324817e-44, 90.0, 1.401298464324817e-44, 132513.0625
0:00:21.225108, 0.0, 1.401298464324817e-44, 90.0, 1.401298464324817e-44, 132513.796875
0:00:21.325676, 0.0, 1.401298464324817e-44, 90.0, 1.401298464324817e-44, 132514.4375
0:00:21.418672, 0.0, 1.401298464324817e-44, 90.0, 1.401298464324817e-44, 132515.015625
0:00:21.527925, 0.0, 1.401298464324817e-44, 90.0, 1.401298464324817e-44, 132515.703125
0:00:21.626093, 0.0, 1.401298464324817e-44, 90.0, 1.401298464324817e-44, 132516.328125
0:00:21.718097, 0.0, 1.401298464324817e-44, 90.0, 1.401298464324817e-44, 132516.90625
0:00:21.826365, 0.0, 1.401298464324817e-44, 90.0, 1.401298464324817e-44, 132517.578125
0:00:21.926067, 0.0, 1.401298464324817e-44, 90.0, 1.401298464324817e-44, 132518.203125
0:00:22.026755, 0.0, 1.401298464324817e-44, 90.0, 1.401298464324817e-44, 132518.84375
0:00:22.118527, 0.0, 1.401298464324817e-44, 90.0, 1.401298464324817e-44, 132519.40625
0:00:22.227931, 0.0, 1.401298464324817e-44, 90.0, 1.401298464324817e-44, 132520.09375
0:00:22.326083, 0.0, 1.401298464324817e-44, 90.0, 1.401298464324817e-44, 132520.703125
0:00:22.420073, 0.0, 1.401298464324817e-44, 90.0, 1.401298464324817e-44, 132521.296875
0:00:22.531308, 0.0, 1.401298464324817e-44, 90.0, 1.401298464324817e-44, 132522.0
0:00:22.619883, 0.0, 1.401298464324817e-44, 90.0, 1.401298464324817e-44, 132522.546875
0:00:22.717274, 0.0, 1.401298464324817e-44, 90.0, 1.401298464324817e-44, 132523.171875
0:00:22.818461, 0.0, 1.401298464324817e-44, 90.0, 1.401298464324817e-44, 132523.8125
0:00:22.923807, 0.0, 1.401298464324817e-44, 90.0, 1.401298464324817e-44, 132524.46875
0:00:23.036737, 0.0, 1.401298464324817e-44, 90.0, 1.401298464324817e-44, 132525.171875
0:00:23.134244, 0.0, 1.401298464324817e-44, 90.0, 1.401298464324817e-44, 132525.78125
0:00:23.220793, 0.0, 1.401298464324817e-44, 90.0, 1.401298464324817e-44, 132526.3125
0:00:23.346678, 0.0, 1.401298464324817e-44, 90.0, 1.401298464324817e-44, 132527.109375
0:00:23.436267, 0.0, 1.401298464324817e-44, 90.0, 1.401298464324817e-44, 132527.65625
0:00:23.550173, 0.0, 1.401298464324817e-44, 90.0, 1.401298464324817e-44, 132528.359375
0:00:23.632085, 0.0, 1.401298464324817e-44, 90.0, 1.401298464324817e-44, 132528.875
0:00:23.749421, 0.0, 1.401298464324817e-44, 90.0, 1.401298464324817e-44, 132529.59375
0:00:23.832023, 0.0, 1.401298464324817e-44, 90.0, 1.401298464324817e-44, 132530.109375
0:00:23.953480, 0.0, 1.401298464324817e-44, 90.0, 1.401298464324817e-44, 132530.875
0:00:24.039033, 0.0, 1.401298464324817e-44, 90.0, 1.401298464324817e-44, 132531.40625
0:00:24.136533, 0.0, 1.401298464324817e-44, 90.0, 1.401298464324817e-44, 132532.015625
0:00:24.235067, 0.0, 1.401298464324817e-44, 90.0, 1.401298464324817e-44, 132532.640625
0:00:24.333785, 0.0, 1.401298464324817e-44, 90.0, 1.401298464324817e-44, 132533.25
0:00:24.448698, 0.0, 1.401298464324817e-44, 90.0, 1.401298464324817e-44, 132533.96875
0:00:24.536344, 0.0, 1.401298464324817e-44, 90.0, 1.401298464324817e-44, 132534.515625
0:00:24.655538, 0.0, 1.401298464324817e-44, 90.0, 1.401298464324817e-44, 132535.25
0:00:24.744091, 0.0, 1.401298464324817e-44, 90.0, 1.401298464324817e-44, 132535.8125
0:00:24.857043, 0.0, 1.401298464324817e-44, 90.0, 1.401298464324817e-44, 132536.515625
0:00:24.944693, 0.0, 1.401298464324817e-44, 90.0, 1.401298464324817e-44, 132537.0625
0:00:25.058609, 0.0, 1.401298464324817e-44, 90.0, 1.401298464324817e-44, 132537.78125
0:00:25.156804, 0.0, 1.401298464324817e-44, 90.0, 1.401298464324817e-44, 132538.390625
0:00:25.257419, 0.0, 1.401298464324817e-44, 90.0, 1.401298464324817e-44, 132539.03125
0:00:25.349407, 0.0, 1.401298464324817e-44, 90.0, 1.401298464324817e-44, 132539.609375
0:00:25.462359, 0.0, 1.401298464324817e-44, 90.0, 1.401298464324817e-44, 132540.3125
0:00:25.559128, 0.0, 1.401298464324817e-44, 90.0, 1.401298464324817e-44, 132540.90625
0:00:25.651181, 0.0, 1.401298464324817e-44, 90.0, 1.401298464324817e-44, 132541.484375
0:00:25.768080, 0.0, 1.401298464324817e-44, 90.0, 1.401298464324817e-44, 132542.21875
0:00:25.861774, 0.0, 1.401298464324817e-44, 90.0, 1.401298464324817e-44, 132542.796875
0:00:25.948342, 0.0, 1.401298464324817e-44, 90.0, 1.401298464324817e-44, 132543.34375
0:00:26.069426, 0.0, 1.401298464324817e-44, 90.0, 1.401298464324817e-44, 132544.09375
0:00:26.168158, 0.0, 1.401298464324817e-44, 90.0, 1.401298464324817e-44, 132544.703125
0:00:26.258692, 0.0, 1.401298464324817e-44, 90.0, 1.401298464324817e-44, 132545.28125
0:00:26.356070, 0.0, 1.401298464324817e-44, 90.0, 1.401298464324817e-44, 132545.890625
0:00:26.469035, 0.0, 1.401298464324817e-44, 90.0, 1.401298464324817e-44, 132546.609375
0:00:26.557705, 0.0, 1.401298464324817e-44, 90.0, 1.401298464324817e-44, 132547.15625
0:00:26.668926, 0.0, 1.401298464324817e-44, 90.0, 1.401298464324817e-44, 132547.859375
0:00:26.768478, 0.0, 1.401298464324817e-44, 90.0, 1.401298464324817e-44, 132548.484375
0:00:26.877788, 0.0, 1.401298464324817e-44, 90.0, 1.401298464324817e-44, 132549.171875
0:00:26.965361, 0.0, 1.401298464324817e-44, 90.0, 1.401298464324817e-44, 132549.71875
0:00:27.050945, 0.0, 1.401298464324817e-44, 90.0, 1.401298464324817e-44, 132550.265625
0:00:27.165950, 0.0, 1.401298464324817e-44, 90.0, 1.401298464324817e-44, 132550.984375
0:00:27.253472, 0.0, 1.401298464324817e-44, 90.0, 1.401298464324817e-44, 132551.53125
0:00:27.368491, 0.0, 1.401298464324817e-44, 90.0, 1.401298464324817e-44, 132552.25
0:00:27.466147, 0.0, 1.401298464324817e-44, 90.0, 1.401298464324817e-44, 132552.859375
0:00:27.582187, 0.0, 1.401298464324817e-44, 90.0, 1.401298464324817e-44, 132553.578125
0:00:27.658598, 0.0, 1.401298464324817e-44, 90.0, 1.401298464324817e-44, 132554.0625
0:00:27.770949, 0.0, 1.401298464324817e-44, 90.0, 1.401298464324817e-44, 132554.765625
0:00:27.869114, 0.0, 1.401298464324817e-44, 90.0, 1.401298464324817e-44, 132555.375
0:00:27.990223, 0.0, 1.401298464324817e-44, 90.0, 1.401298464324817e-44, 132556.140625
0:00:28.088931, 0.0, 1.401298464324817e-44, 90.0, 1.401298464324817e-44, 132556.75
0:00:28.180636, 0.0, 1.401298464324817e-44, 90.0, 1.401298464324817e-44, 132557.328125
0:00:28.290083, 0.0, 1.401298464324817e-44, 90.0, 1.401298464324817e-44, 132558.0
0:00:28.388191, 0.0, 1.401298464324817e-44, 90.0, 1.401298464324817e-44, 132558.625
0:00:28.488805, 0.0, 1.401298464324817e-44, 90.0, 1.401298464324817e-44, 132559.265625
0:00:28.580507, 0.0, 1.401298464324817e-44, 90.0, 1.401298464324817e-44, 132559.828125
0:00:28.666127, 0.0, 1.401298464324817e-44, 90.0, 1.401298464324817e-44, 132560.375
0:00:28.771307, 0.0, 1.401298464324817e-44, 90.0, 1.401298464324817e-44, 132561.03125
0:00:28.886262, 0.0, 1.401298464324817e-44, 90.0, 1.401298464324817e-44, 132561.765625
0:00:28.972821, 0.0, 1.401298464324817e-44, 90.0, 1.401298464324817e-44, 132562.3125
0:00:29.086592, 0.0, 1.401298464324817e-44, 90.0, 1.401298464324817e-44, 132563.03125
0:00:29.193933, 0.0, 1.401298464324817e-44, 90.0, 1.401298464324817e-44, 132563.703125
0:00:29.284255, 0.0, 1.401298464324817e-44, 90.0, 1.401298464324817e-44, 132564.265625
0:00:29.381082, 0.0, 1.401298464324817e-44, 90.0, 1.401298464324817e-44, 132564.859375
0:00:29.504076, 0.0, 1.401298464324817e-44, 90.0, 1.401298464324817e-44, 132565.625
0:00:29.602064, 0.0, 1.401298464324817e-44, 90.0, 1.401298464324817e-44, 132566.21875
0:00:29.698816, 0.0, 1.401298464324817e-44, 90.0, 1.401298464324817e-44, 132566.828125
0:00:29.791843, 0.0, 1.401298464324817e-44, 90.0, 1.401298464324817e-44, 132567.40625
0:00:29.901097, 0.0, 1.401298464324817e-44, 90.0, 1.401298464324817e-44, 132568.078125
0:00:29.999835, 0.0, 1.401298464324817e-44, 90.0, 1.401298464324817e-44, 132568.6875
0:00:30.099181, 0.0, 1.401298464324817e-44, 90.0, 1.401298464324817e-44, 132569.3125
0:00:30.185837, 0.0, 1.401298464324817e-44, 90.0, 1.401298464324817e-44, 132569.859375
0:00:30.298637, 0.0, 1.401298464324817e-44, 90.0, 1.401298464324817e-44, 132570.578125
0:00:30.399284, 0.0, 1.401298464324817e-44, 90.0, 1.401298464324817e-44, 132571.203125
0:00:30.491245, 0.0, 1.401298464324817e-44, 90.0, 1.401298464324817e-44, 132571.78125
0:00:30.604146, 0.0, 1.401298464324817e-44, 90.0, 1.401298464324817e-44, 132572.46875
0:00:30.713393, 0.0, 1.401298464324817e-44, 90.0, 1.401298464324817e-44, 132573.15625
0:00:30.811978, 0.0, 1.401298464324817e-44, 90.0, 1.401298464324817e-44, 132573.78125
0:00:30.910569, 0.0, 1.401298464324817e-44, 90.0, 1.401298464324817e-44, 132574.390625
0:00:31.000641, 0.0, 1.401298464324817e-44, 90.0, 1.401298464324817e-44, 132574.9375
0:00:31.111958, 0.0, 1.401298464324817e-44, 90.0, 1.401298464324817e-44, 132575.625
0:00:31.203979, 0.0, 1.401298464324817e-44, 90.0, 1.401298464324817e-44, 132576.203125
0:00:31.312173, 0.0, 1.401298464324817e-44, 90.0, 1.401298464324817e-44, 132576.875
0:00:31.399825, 0.0, 1.401298464324817e-44, 90.0, 1.401298464324817e-44, 132577.421875
0:00:31.510149, 0.0, 1.401298464324817e-44, 90.0, 1.401298464324817e-44, 132578.09375
0:00:31.609838, 0.0, 1.401298464324817e-44, 90.0, 1.401298464324817e-44, 132578.71875
0:00:31.702521, 0.0, 1.401298464324817e-44, 90.0, 1.401298464324817e-44, 132579.296875
0:00:31.816496, 0.0, 1.401298464324817e-44, 90.0, 1.401298464324817e-44, 132580.015625
0:00:31.903134, 0.0, 1.401298464324817e-44, 90.0, 1.401298464324817e-44, 132580.5625
0:00:32.001050, 0.0, 1.401298464324817e-44, 90.0, 1.401298464324817e-44, 132581.171875
0:00:32.126493, 0.0, 1.401298464324817e-44, 90.0, 1.401298464324817e-44, 132581.96875
0:00:32.213137, 0.0, 1.401298464324817e-44, 90.0, 1.401298464324817e-44, 132582.515625
0:00:32.324984, 0.0, 1.401298464324817e-44, 90.0, 1.401298464324817e-44, 132583.21875
0:00:32.422120, 0.0, 1.401298464324817e-44, 90.0, 1.401298464324817e-44, 132583.828125
0:00:32.520848, 0.0, 1.401298464324817e-44, 90.0, 1.401298464324817e-44, 132584.453125
0:00:32.621176, 0.0, 1.401298464324817e-44, 90.0, 1.401298464324817e-44, 132585.078125
0:00:32.720846, 0.0, 1.401298464324817e-44, 90.0, 1.401298464324817e-44, 132585.703125
0:00:32.834842, 0.0, 1.401298464324817e-44, 90.0, 1.401298464324817e-44, 132586.421875
0:00:32.913676, 0.0, 1.401298464324817e-44, 90.0, 1.401298464324817e-44, 132586.921875
0:00:33.023766, 0.0, 1.401298464324817e-44, 90.0, 1.401298464324817e-44, 132587.625
0:00:33.131023, 0.0, 1.401298464324817e-44, 90.0, 1.401298464324817e-44, 132588.296875
0:00:33.230609, 0.0, 1.401298464324817e-44, 90.0, 1.401298464324817e-44, 132588.90625
0:00:33.331359, 0.0, 1.401298464324817e-44, 90.0, 1.401298464324817e-44, 132589.546875
0:00:33.416878, 0.0, 1.401298464324817e-44, 90.0, 1.401298464324817e-44, 132590.078125
0:00:33.531970, 0.0, 1.401298464324817e-44, 90.0, 1.401298464324817e-44, 132590.796875
0:00:33.642318, 0.0, 1.401298464324817e-44, 90.0, 1.401298464324817e-44, 132591.484375
0:00:33.738508, 0.0, 1.401298464324817e-44, 90.0, 1.401298464324817e-44, 132592.078125
0:00:33.824154, 0.0, 1.401298464324817e-44, 90.0, 1.401298464324817e-44, 132592.609375
0:00:33.921921, 0.0, 1.401298464324817e-44, 90.0, 1.401298464324817e-44, 132593.21875
0:00:34.040410, 0.0, 1.401298464324817e-44, 90.0, 1.401298464324817e-44, 132593.953125
0:00:34.141326, 0.0, 1.401298464324817e-44, 90.0, 1.401298464324817e-44, 132594.59375
0:00:34.251660, 0.0, 1.401298464324817e-44, 90.0, 1.401298464324817e-44, 132595.265625
0:00:34.348421, 0.0, 1.401298464324817e-44, 90.0, 1.401298464324817e-44, 132595.875
0:00:34.437033, 0.0, 1.401298464324817e-44, 90.0, 1.401298464324817e-44, 132596.4375
0:00:34.544315, 0.0, 1.401298464324817e-44, 90.0, 1.401298464324817e-44, 132597.109375
0:00:34.631903, 0.0, 1.401298464324817e-44, 90.0, 1.401298464324817e-44, 132597.671875
0:00:34.752138, 0.0, 1.401298464324817e-44, 90.0, 1.401298464324817e-44, 132598.4375
0:00:34.850713, 0.0, 1.401298464324817e-44, 90.0, 1.401298464324817e-44, 132599.046875
0:00:34.941679, 0.0, 1.401298464324817e-44, 90.0, 1.401298464324817e-44, 132599.609375
0:00:35.051048, 0.0, 1.401298464324817e-44, 90.0, 1.401298464324817e-44, 132600.28125
0:00:35.154133, 0.0, 1.401298464324817e-44, 90.0, 1.401298464324817e-44, 132600.921875
0:00:35.245870, 0.0, 1.401298464324817e-44, 90.0, 1.401298464324817e-44, 132601.5
0:00:35.342424, 0.0, 1.401298464324817e-44, 90.0, 1.401298464324817e-44, 132602.109375
0:00:35.441963, 0.0, 1.401298464324817e-44, 90.0, 1.401298464324817e-44, 132602.75
0:00:35.542144, 0.0, 1.401298464324817e-44, 90.0, 1.401298464324817e-44, 132603.375
0:00:35.656162, 0.0, 1.401298464324817e-44, 90.0, 1.401298464324817e-44, 132604.09375
0:00:35.748857, 0.0, 1.401298464324817e-44, 90.0, 1.401298464324817e-44, 132604.671875
0:00:35.859784, 0.0, 1.401298464324817e-44, 90.0, 1.401298464324817e-44, 132605.359375
0:00:35.956609, 0.0, 1.401298464324817e-44, 90.0, 1.401298464324817e-44, 132605.96875
0:00:36.042146, 0.0, 1.401298464324817e-44, 90.0, 1.401298464324817e-44, 132606.5
0:00:36.168622, 0.0, 1.401298464324817e-44, 90.0, 1.401298464324817e-44, 132607.296875
0:00:36.255249, 0.0, 1.401298464324817e-44, 90.0, 1.401298464324817e-44, 132607.84375
0:00:36.367134, 0.0, 1.401298464324817e-44, 90.0, 1.401298464324817e-44, 132608.546875
0:00:36.452798, 0.0, 1.401298464324817e-44, 90.0, 1.401298464324817e-44, 132609.078125
0:00:36.562137, 0.0, 1.401298464324817e-44, 90.0, 1.401298464324817e-44, 132609.765625
0:00:36.662317, 0.0, 1.401298464324817e-44, 90.0, 1.401298464324817e-44, 132610.390625
0:00:36.749791, 0.0, 1.401298464324817e-44, 90.0, 1.401298464324817e-44, 132610.921875
0:00:36.866870, 0.0, 1.401298464324817e-44, 90.0, 1.401298464324817e-44, 132611.65625
0:00:36.954309, 0.0, 1.401298464324817e-44, 90.0, 1.401298464324817e-44, 132612.21875
0:00:37.050013, 0.0, 1.401298464324817e-44, 90.0, 1.401298464324817e-44, 132612.8125
0:00:37.166911, 0.0, 1.401298464324817e-44, 90.0, 1.401298464324817e-44, 132613.546875
0:00:37.261142, 0.0, 1.401298464324817e-44, 90.0, 1.401298464324817e-44, 132614.140625
0:00:37.373043, 0.0, 1.401298464324817e-44, 90.0, 1.401298464324817e-44, 132614.84375
0:00:37.455035, 0.0, 1.401298464324817e-44, 90.0, 1.401298464324817e-44, 132615.359375
0:00:37.576716, 0.0, 1.401298464324817e-44, 90.0, 1.401298464324817e-44, 132616.109375
0:00:37.660207, 0.0, 1.401298464324817e-44, 90.0, 1.401298464324817e-44, 132616.609375
0:00:37.774222, 0.0, 1.401298464324817e-44, 90.0, 1.401298464324817e-44, 132617.328125
0:00:37.867539, 0.0, 1.401298464324817e-44, 90.0, 1.401298464324817e-44, 132617.90625
0:00:37.967946, 0.0, 1.401298464324817e-44, 90.0, 1.401298464324817e-44, 132618.53125
0:00:38.059097, 0.0, 1.401298464324817e-44, 90.0, 1.401298464324817e-44, 132619.109375
0:00:38.172015, 0.0, 1.401298464324817e-44, 90.0, 1.401298464324817e-44, 132619.828125
0:00:38.269898, 0.0, 1.401298464324817e-44, 90.0, 1.401298464324817e-44, 132620.4375
0:00:38.378154, 0.0, 1.401298464324817e-44, 90.0, 1.401298464324817e-44, 132621.109375
0:00:38.473943, 0.0, 1.401298464324817e-44, 90.0, 1.401298464324817e-44, 132621.703125
0:00:38.563584, 0.0, 1.401298464324817e-44, 90.0, 1.401298464324817e-44, 132622.265625
0:00:38.677523, 0.0, 1.401298464324817e-44, 90.0, 1.401298464324817e-44, 132622.984375
0:00:38.785964, 0.0, 1.401298464324817e-44, 90.0, 1.401298464324817e-44, 132623.65625
0:00:38.882613, 0.0, 1.401298464324817e-44, 90.0, 1.401298464324817e-44, 132624.265625
0:00:38.975650, 0.0, 1.401298464324817e-44, 90.0, 1.401298464324817e-44, 132624.84375
0:00:39.088653, 0.0, 1.401298464324817e-44, 90.0, 1.401298464324817e-44, 132625.5625
0:00:39.178303, 0.0, 1.401298464324817e-44, 90.0, 1.401298464324817e-44, 132626.125
0:00:39.284544, 0.0, 1.401298464324817e-44, 90.0, 1.401298464324817e-44, 132626.796875
0:00:39.373084, 0.0, 1.401298464324817e-44, 90.0, 1.401298464324817e-44, 132627.34375
0:00:39.488050, 0.0, 1.401298464324817e-44, 90.0, 1.401298464324817e-44, 132628.078125
0:00:39.574473, 0.0, 1.401298464324817e-44, 90.0, 1.401298464324817e-44, 132628.640625
0:00:39.689452, 0.0, 1.401298464324817e-44, 90.0, 1.401298464324817e-44, 132629.359375
0:00:39.775032, 0.0, 1.401298464324817e-44, 90.0, 1.401298464324817e-44, 132629.875
0:00:39.873702, 0.0, 1.401298464324817e-44, 90.0, 1.401298464324817e-44, 132630.484375
0:00:39.991028, 0.0, 1.401298464324817e-44, 90.0, 1.401298464324817e-44, 132631.203125
0:00:40.090665, 0.0, 1.401298464324817e-44, 90.0, 1.401298464324817e-44, 132631.828125
0:00:40.176219, 0.0, 1.401298464324817e-44, 90.0, 1.401298464324817e-44, 132632.359375
0:00:40.301055, 0.0, 1.401298464324817e-44, 90.0, 1.401298464324817e-44, 132633.140625
0:00:40.390586, 0.0, 1.401298464324817e-44, 90.0, 1.401298464324817e-44, 132633.703125
0:00:40.503569, 0.0, 1.401298464324817e-44, 90.0, 1.401298464324817e-44, 132634.40625
0:00:40.592202, 0.0, 1.401298464324817e-44, 90.0, 1.401298464324817e-44, 132634.953125
0:00:40.679911, 0.0, 1.401298464324817e-44, 90.0, 1.401298464324817e-44, 132635.515625
0:00:40.793829, 0.0, 1.401298464324817e-44, 90.0, 1.401298464324817e-44, 132636.234375
0:00:40.882397, 0.0, 1.401298464324817e-44, 90.0, 1.401298464324817e-44, 132636.78125
0:00:40.996314, 0.0, 1.401298464324817e-44, 90.0, 1.401298464324817e-44, 132637.5
0:00:41.107247, 0.0, 1.401298464324817e-44, 90.0, 1.401298464324817e-44, 132638.203125
0:00:41.188192, 0.0, 1.401298464324817e-44, 90.0, 1.401298464324817e-44, 132638.71875
0:00:41.314338, 0.0, 1.401298464324817e-44, 90.0, 1.401298464324817e-44, 132639.515625
0:00:41.386747, 0.0, 1.401298464324817e-44, 90.0, 1.401298464324817e-44, 132639.96875
0:00:41.510908, 0.0, 1.401298464324817e-44, 90.0, 1.401298464324817e-44, 132640.75
0:00:41.599402, 0.0, 1.401298464324817e-44, 90.0, 1.401298464324817e-44, 132641.3125
0:00:41.706628, 0.0, 1.401298464324817e-44, 90.0, 1.401298464324817e-44, 132641.984375
0:00:41.791212, 0.0, 1.401298464324817e-44, 90.0, 1.401298464324817e-44, 132642.515625
0:00:41.908215, 0.0, 1.401298464324817e-44, 90.0, 1.401298464324817e-44, 132643.265625
0:00:41.992678, 0.0, 1.401298464324817e-44, 90.0, 1.401298464324817e-44, 132643.796875
0:00:42.119079, 0.0, 1.401298464324817e-44, 90.0, 1.401298464324817e-44, 132644.59375
0:00:42.204605, 0.0, 1.401298464324817e-44, 90.0, 1.401298464324817e-44, 132645.125
0:00:42.304089, 0.0, 1.401298464324817e-44, 90.0, 1.401298464324817e-44, 132645.75
0:00:42.395845, 0.0, 1.401298464324817e-44, 90.0, 1.401298464324817e-44, 132646.328125
0:00:42.510835, 0.0, 1.401298464324817e-44, 90.0, 1.401298464324817e-44, 132647.046875
0:00:42.596362, 0.0, 1.401298464324817e-44, 90.0, 1.401298464324817e-44, 132647.59375
0:00:42.720275, 0.0, 1.401298464324817e-44, 90.0, 1.401298464324817e-44, 132648.359375
0:00:42.808846, 0.0, 1.401298464324817e-44, 90.0, 1.401298464324817e-44, 132648.921875
0:00:42.904454, 0.0, 1.401298464324817e-44, 90.0, 1.401298464324817e-44, 132649.53125
0:00:43.000871, 0.0, 1.401298464324817e-44, 90.0, 1.401298464324817e-44, 132650.125
0:00:43.118846, 0.0, 1.401298464324817e-44, 90.0, 1.401298464324817e-44, 132650.859375
0:00:43.211786, 0.0, 1.401298464324817e-44, 90.0, 1.401298464324817e-44, 132651.453125
0:00:43.325787, 0.0, 1.401298464324817e-44, 90.0, 1.401298464324817e-44, 132652.171875
0:00:43.411244, 0.0, 1.401298464324817e-44, 90.0, 1.401298464324817e-44, 132652.703125
0:00:43.518545, 0.0, 1.401298464324817e-44, 90.0, 1.401298464324817e-44, 132653.375
0:00:43.613943, 0.0, 1.401298464324817e-44, 90.0, 1.401298464324817e-44, 132653.96875
0:00:43.723932, 0.0, 1.401298464324817e-44, 90.0, 1.401298464324817e-44, 132654.65625
0:00:43.809488, 0.0, 1.401298464324817e-44, 90.0, 1.401298464324817e-44, 132655.1875
0:00:43.919440, 0.0, 1.401298464324817e-44, 90.0, 1.401298464324817e-44, 132655.875
0:00:44.029367, 0.0, 1.401298464324817e-44, 90.0, 1.401298464324817e-44, 132656.5625
0:00:44.115847, 0.0, 1.401298464324817e-44, 90.0, 1.401298464324817e-44, 132657.109375
0:00:44.214463, 0.0, 1.401298464324817e-44, 90.0, 1.401298464324817e-44, 132657.71875
0:00:44.335942, 0.0, 1.401298464324817e-44, 90.0, 1.401298464324817e-44, 132658.484375
0:00:44.435449, 0.0, 1.401298464324817e-44, 90.0, 1.401298464324817e-44, 132659.109375
0:00:44.524104, 0.0, 1.401298464324817e-44, 90.0, 1.401298464324817e-44, 132659.65625
0:00:44.638073, 0.0, 1.401298464324817e-44, 90.0, 1.401298464324817e-44, 132660.375
0:00:44.722593, 0.0, 1.401298464324817e-44, 90.0, 1.401298464324817e-44, 132660.90625
0:00:44.829948, 0.0, 1.401298464324817e-44, 90.0, 1.401298464324817e-44, 132661.578125
0:00:44.917431, 0.0, 1.401298464324817e-44, 90.0, 1.401298464324817e-44, 132662.140625
0:00:45.043291, 0.0, 1.401298464324817e-44, 90.0, 1.401298464324817e-44, 132662.921875
0:00:45.130959, 0.0, 1.401298464324817e-44, 90.0, 1.401298464324817e-44, 132663.46875
0:00:45.244936, 0.0, 1.401298464324817e-44, 90.0, 1.401298464324817e-44, 132664.171875
0:00:45.332501, 0.0, 1.401298464324817e-44, 90.0, 1.401298464324817e-44, 132664.71875
0:00:45.447394, 0.0, 1.401298464324817e-44, 90.0, 1.401298464324817e-44, 132665.4375
0:00:45.534957, 0.0, 1.401298464324817e-44, 90.0, 1.401298464324817e-44, 132665.984375
0:00:45.634564, 0.0, 1.401298464324817e-44, 90.0, 1.401298464324817e-44, 132666.625
0:00:45.745463, 0.0, 1.401298464324817e-44, 90.0, 1.401298464324817e-44, 132667.328125
0:00:45.827312, 0.0, 1.401298464324817e-44, 90.0, 1.401298464324817e-44, 132667.828125
0:00:45.937578, 0.0, 1.401298464324817e-44, 90.0, 1.401298464324817e-44, 132668.515625
0:00:46.048517, 0.0, 1.401298464324817e-44, 90.0, 1.401298464324817e-44, 132669.21875
0:00:46.147269, 0.0, 1.401298464324817e-44, 90.0, 1.401298464324817e-44, 132669.84375
0:00:46.231788, 0.0, 1.401298464324817e-44, 90.0, 1.401298464324817e-44, 132670.390625
0:00:46.347709, 0.0, 1.401298464324817e-44, 90.0, 1.401298464324817e-44, 132671.125
0:00:46.433284, 0.0, 1.401298464324817e-44, 90.0, 1.401298464324817e-44, 132671.65625
0:00:46.546383, 0.0, 1.401298464324817e-44, 90.0, 1.401298464324817e-44, 132672.375
0:00:46.643796, 0.0, 1.401298464324817e-44, 90.0, 1.401298464324817e-44, 132672.984375
0:00:46.756139, 0.0, 1.401298464324817e-44, 90.0, 1.401298464324817e-44, 132673.671875
0:00:46.854738, 0.0, 1.401298464324817e-44, 90.0, 1.401298464324817e-44, 132674.28125
0:00:46.947877, 0.0, 1.401298464324817e-44, 90.0, 1.401298464324817e-44, 132674.859375
0:00:47.056115, 0.0, 1.401298464324817e-44, 90.0, 1.401298464324817e-44, 132675.546875
0:00:47.148159, 0.0, 1.401298464324817e-44, 90.0, 1.401298464324817e-44, 132676.109375
0:00:47.262150, 0.0, 1.401298464324817e-44, 90.0, 1.401298464324817e-44, 132676.8125
0:00:47.349665, 0.0, 1.401298464324817e-44, 90.0, 1.401298464324817e-44, 132677.375
0:00:47.446991, 0.0, 1.401298464324817e-44, 90.0, 1.401298464324817e-44, 132677.984375
0:00:47.555275, 0.0, 1.401298464324817e-44, 90.0, 1.401298464324817e-44, 132678.671875
0:00:47.669252, 0.0, 1.401298464324817e-44, 90.0, 1.401298464324817e-44, 132679.375
0:00:47.764970, 0.0, 1.401298464324817e-44, 90.0, 1.401298464324817e-44, 132679.96875
0:00:47.869154, 0.0, 1.401298464324817e-44, 90.0, 1.401298464324817e-44, 132680.625
0:00:47.968723, 0.0, 1.401298464324817e-44, 90.0, 1.401298464324817e-44, 132681.234375
0:00:48.066431, 0.0, 1.401298464324817e-44, 90.0, 1.401298464324817e-44, 132681.84375
0:00:48.158244, 0.0, 1.401298464324817e-44, 90.0, 1.401298464324817e-44, 132682.421875
0:00:48.273248, 0.0, 1.401298464324817e-44, 90.0, 1.401298464324817e-44, 132683.140625
0:00:48.359941, 0.0, 1.401298464324817e-44, 90.0, 1.401298464324817e-44, 132683.6875
0:00:48.467148, 0.0, 1.401298464324817e-44, 90.0, 1.401298464324817e-44, 132684.34375
0:00:48.555705, 0.0, 1.401298464324817e-44, 90.0, 1.401298464324817e-44, 132684.890625
0:00:48.673279, 0.0, 1.401298464324817e-44, 90.0, 1.401298464324817e-44, 132685.640625
0:00:48.756988, 0.0, 1.401298464324817e-44, 90.0, 1.401298464324817e-44, 132686.171875
0:00:48.866396, 0.0, 1.401298464324817e-44, 90.0, 1.401298464324817e-44, 132686.859375
0:00:48.966502, 0.0, 1.401298464324817e-44, 90.0, 1.401298464324817e-44, 132687.484375
0:00:49.066248, 0.0, 1.401298464324817e-44, 90.0, 1.401298464324817e-44, 132688.109375
0:00:49.176161, 0.0, 1.401298464324817e-44, 90.0, 1.401298464324817e-44, 132688.796875
0:00:49.264758, 0.0, 1.401298464324817e-44, 90.0, 1.401298464324817e-44, 132689.359375
0:00:49.377740, 0.0, 1.401298464324817e-44, 90.0, 1.401298464324817e-44, 132690.0625
0:00:49.488168, 0.0, 1.401298464324817e-44, 90.0, 1.401298464324817e-44, 132690.75
0:00:49.586947, 0.0, 1.401298464324817e-44, 90.0, 1.401298464324817e-44, 132691.375
0:00:49.681642, 0.0, 1.401298464324817e-44, 90.0, 1.401298464324817e-44, 132691.96875
0:00:49.769257, 0.0, 1.401298464324817e-44, 90.0, 1.401298464324817e-44, 132692.515625
0:00:49.867030, 0.0, 1.401298464324817e-44, 90.0, 1.401298464324817e-44, 132693.140625
0:00:49.967384, 0.0, 1.401298464324817e-44, 90.0, 1.401298464324817e-44, 132693.765625
0:00:50.086316, 0.0, 1.401298464324817e-44, 90.0, 1.401298464324817e-44, 132694.5
0:00:50.179300, 0.0, 1.401298464324817e-44, 90.0, 1.401298464324817e-44, 132695.078125
0:00:50.294272, 0.0, 1.401298464324817e-44, 90.0, 1.401298464324817e-44, 132695.796875
0:00:50.377817, 0.0, 1.401298464324817e-44, 90.0, 1.401298464324817e-44, 132696.3125
0:00:50.493748, 0.0, 1.401298464324817e-44, 90.0, 1.401298464324817e-44, 132697.03125
0:00:50.580390, 0.0, 1.401298464324817e-44, 90.0, 1.401298464324817e-44, 132697.5625
0:00:50.676461, 0.0, 1.401298464324817e-44, 90.0, 1.401298464324817e-44, 132698.171875
0:00:50.792401, 0.0, 1.401298464324817e-44, 90.0, 1.401298464324817e-44, 132698.890625
0:00:50.887690, 0.0, 1.401298464324817e-44, 90.0, 1.401298464324817e-44, 132699.484375
0:00:50.987152, 0.0, 1.401298464324817e-44, 90.0, 1.401298464324817e-44, 132700.109375
0:00:51.102147, 0.0, 1.401298464324817e-44, 90.0, 1.401298464324817e-44, 132700.84375
0:00:51.183018, 0.0, 1.401298464324817e-44, 90.0, 1.401298464324817e-44, 132701.359375
0:00:51.278686, 0.0, 1.401298464324817e-44, 90.0, 1.401298464324817e-44, 132701.96875
0:00:51.398150, 0.0, 1.401298464324817e-44, 90.0, 1.401298464324817e-44, 132702.703125
0:00:51.507387, 0.0, 1.401298464324817e-44, 90.0, 1.401298464324817e-44, 132703.390625
0:00:51.608359, 0.0, 1.401298464324817e-44, 90.0, 1.401298464324817e-44, 132704.015625
0:00:51.693811, 0.0, 1.401298464324817e-44, 90.0, 1.401298464324817e-44, 132704.546875
0:00:51.803151, 0.0, 1.401298464324817e-44, 90.0, 1.401298464324817e-44, 132705.234375
0:00:51.899842, 0.0, 1.401298464324817e-44, 90.0, 1.401298464324817e-44, 132705.859375
0:00:51.995315, 0.0, 1.401298464324817e-44, 90.0, 1.401298464324817e-44, 132706.453125
0:00:52.110326, 0.0, 1.401298464324817e-44, 90.0, 1.401298464324817e-44, 132707.171875
0:00:52.206672, 0.0, 1.401298464324817e-44, 90.0, 1.401298464324817e-44, 132707.78125
0:00:52.293312, 0.0, 1.401298464324817e-44, 90.0, 1.401298464324817e-44, 132708.3125
0:00:52.406879, 0.0, 1.401298464324817e-44, 90.0, 1.401298464324817e-44, 132709.03125
0:00:52.507755, 0.0, 1.401298464324817e-44, 90.0, 1.401298464324817e-44, 132709.671875
0:00:52.597323, 0.0, 1.401298464324817e-44, 90.0, 1.401298464324817e-44, 132710.21875
0:00:52.692337, 0.0, 1.401298464324817e-44, 90.0, 1.401298464324817e-44, 132710.8125
0:00:52.800594, 0.0, 1.401298464324817e-44, 90.0, 1.401298464324817e-44, 132711.484375
0:00:52.915538, 0.0, 1.401298464324817e-44, 90.0, 1.401298464324817e-44, 132712.203125
0:00:53.000162, 0.0, 1.401298464324817e-44, 90.0, 1.401298464324817e-44, 132712.734375
0:00:53.098906, 0.0, 1.401298464324817e-44, 90.0, 1.401298464324817e-44, 132713.359375
0:00:53.215028, 0.0, 1.401298464324817e-44, 90.0, 1.401298464324817e-44, 132714.078125
0:00:53.328931, 0.0, 1.401298464324817e-44, 90.0, 1.401298464324817e-44, 132714.78125
0:00:53.423036, 0.0, 1.401298464324817e-44, 90.0, 1.401298464324817e-44, 132715.359375
0:00:53.508478, 0.0, 1.401298464324817e-44, 90.0, 1.401298464324817e-44, 132715.90625
0:00:53.629601, 0.0, 1.401298464324817e-44, 90.0, 1.401298464324817e-44, 132716.65625
0:00:53.728173, 0.0, 1.401298464324817e-44, 90.0, 1.401298464324817e-44, 132717.28125
0:00:53.828825, 0.0, 1.401298464324817e-44, 90.0, 1.401298464324817e-44, 132717.90625
0:00:53.918395, 0.0, 1.401298464324817e-44, 90.0, 1.401298464324817e-44, 132718.46875
0:00:54.031313, 0.0, 1.401298464324817e-44, 90.0, 1.401298464324817e-44, 132719.171875
0:00:54.114531, 0.0, 1.401298464324817e-44, 90.0, 1.401298464324817e-44, 132719.6875
0:00:54.227450, 0.0, 1.401298464324817e-44, 90.0, 1.401298464324817e-44, 132720.390625
0:00:54.326373, 0.0, 1.401298464324817e-44, 90.0, 1.401298464324817e-44, 132721.015625
0:00:54.432701, 0.0, 1.401298464324817e-44, 90.0, 1.401298464324817e-44, 132721.671875
0:00:54.519209, 0.0, 1.401298464324817e-44, 90.0, 1.401298464324817e-44, 132722.21875
0:00:54.618219, 0.0, 1.401298464324817e-44, 90.0, 1.401298464324817e-44, 132722.828125
0:00:54.732140, 0.0, 1.401298464324817e-44, 90.0, 1.401298464324817e-44, 132723.546875
0:00:54.839473, 0.0, 1.401298464324817e-44, 90.0, 1.401298464324817e-44, 132724.21875
0:00:54.938188, 0.0, 1.401298464324817e-44, 90.0, 1.401298464324817e-44, 132724.84375
0:00:55.031028, 0.0, 1.401298464324817e-44, 90.0, 1.401298464324817e-44, 132725.4375
0:00:55.132923, 0.0, 1.401298464324817e-44, 90.0, 1.401298464324817e-44, 132726.078125
0:00:55.229045, 0.0, 1.401298464324817e-44, 90.0, 1.401298464324817e-44, 132726.671875
0:00:55.330464, 0.0, 1.401298464324817e-44, 90.0, 1.401298464324817e-44, 132727.3125
0:00:55.438770, 0.0, 1.401298464324817e-44, 90.0, 1.401298464324817e-44, 132728.0
0:00:55.536624, 0.0, 1.401298464324817e-44, 90.0, 1.401298464324817e-44, 132728.609375
0:00:55.628219, 0.0, 1.401298464324817e-44, 90.0, 1.401298464324817e-44, 132729.1875
0:00:55.721861, 0.0, 1.401298464324817e-44, 90.0, 1.401298464324817e-44, 132729.765625
0:00:55.821295, 0.0, 1.401298464324817e-44, 90.0, 1.401298464324817e-44, 132730.390625
0:00:55.945607, 0.0, 1.401298464324817e-44, 90.0, 1.401298464324817e-44, 132731.15625
0:00:56.030975, 0.0, 1.401298464324817e-44, 90.0, 1.401298464324817e-44, 132731.6875
0:00:56.139248, 0.0, 1.401298464324817e-44, 90.0, 1.401298464324817e-44, 132732.359375
0:00:56.239391, 0.0, 1.401298464324817e-44, 90.0, 1.401298464324817e-44, 132732.984375
0:00:56.343084, 0.0, 1.401298464324817e-44, 90.0, 1.401298464324817e-44, 132733.625
0:00:56.439688, 0.0, 1.401298464324817e-44, 90.0, 1.401298464324817e-44, 132734.234375
0:00:56.562185, 0.0, 1.401298464324817e-44, 90.0, 1.401298464324817e-44, 132734.984375
0:00:56.659930, 0.0, 1.401298464324817e-44, 90.0, 1.401298464324817e-44, 132735.59375
0:00:56.753571, 0.0, 1.401298464324817e-44, 90.0, 1.401298464324817e-44, 132736.171875
0:00:56.867517, 0.0, 1.401298464324817e-44, 90.0, 1.401298464324817e-44, 132736.875
0:00:56.956051, 0.0, 1.401298464324817e-44, 90.0, 1.401298464324817e-44, 132737.421875
0:00:57.071077, 0.0, 1.401298464324817e-44, 90.0, 1.401298464324817e-44, 132738.140625
0:00:57.155595, 0.0, 1.401298464324817e-44, 90.0, 1.401298464324817e-44, 132738.671875
0:00:57.263907, 0.0, 1.401298464324817e-44, 90.0, 1.401298464324817e-44, 132739.359375
0:00:57.360087, 0.0, 1.401298464324817e-44, 90.0, 1.401298464324817e-44, 132739.953125
0:00:57.453844, 0.0, 1.401298464324817e-44, 90.0, 1.401298464324817e-44, 132740.53125
0:00:57.561125, 0.0, 1.401298464324817e-44, 90.0, 1.401298464324817e-44, 132741.203125
0:00:57.659873, 0.0, 1.401298464324817e-44, 90.0, 1.401298464324817e-44, 132741.8125
0:00:57.751751, 0.0, 1.401298464324817e-44, 90.0, 1.401298464324817e-44, 132742.390625
0:00:57.864774, 0.0, 1.401298464324817e-44, 90.0, 1.401298464324817e-44, 132743.09375
0:00:57.961526, 0.0, 1.401298464324817e-44, 90.0, 1.401298464324817e-44, 132743.703125
0:00:58.060295, 0.0, 1.401298464324817e-44, 90.0, 1.401298464324817e-44, 132744.3125
0:00:58.160878, 0.0, 1.401298464324817e-44, 90.0, 1.401298464324817e-44, 132744.9375
0:00:58.270046, 0.0, 1.401298464324817e-44, 90.0, 1.401298464324817e-44, 132745.625
0:00:58.363206, 0.0, 1.401298464324817e-44, 90.0, 1.401298464324817e-44, 132746.203125
0:00:58.476508, 0.0, 1.401298464324817e-44, 90.0, 1.401298464324817e-44, 132746.921875
0:00:58.593388, 0.0, 1.401298464324817e-44, 90.0, 1.401298464324817e-44, 132747.65625
0:00:58.690476, 0.0, 1.401298464324817e-44, 90.0, 1.401298464324817e-44, 132748.28125
0:00:58.782250, 0.0, 1.401298464324817e-44, 90.0, 1.401298464324817e-44, 132748.859375
0:00:58.862093, 0.0, 1.401298464324817e-44, 90.0, 1.401298464324817e-44, 132749.359375
0:00:58.969447, 0.0, 1.401298464324817e-44, 90.0, 1.401298464324817e-44, 132750.03125
0:00:59.065409, 0.0, 1.401298464324817e-44, 90.0, 1.401298464324817e-44, 132750.625
0:00:59.161696, 0.0, 1.401298464324817e-44, 90.0, 1.401298464324817e-44, 132751.234375
0:00:59.282367, 0.0, 1.401298464324817e-44, 90.0, 1.401298464324817e-44, 132751.984375
0:00:59.381115, 0.0, 1.401298464324817e-44, 90.0, 1.401298464324817e-44, 132752.59375
0:00:59.472827, 0.0, 1.401298464324817e-44, 90.0, 1.401298464324817e-44, 132753.171875
0:00:59.587884, 0.0, 1.401298464324817e-44, 90.0, 1.401298464324817e-44, 132753.90625
0:00:59.674502, 0.0, 1.401298464324817e-44, 90.0, 1.401298464324817e-44, 132754.453125
0:00:59.788381, 0.0, 1.401298464324817e-44, 90.0, 1.401298464324817e-44, 132755.171875
0:00:59.874127, 0.0, 1.401298464324817e-44, 90.0, 1.401298464324817e-44, 132755.71875
0:00:59.987036, 0.0, 1.401298464324817e-44, 90.0, 1.401298464324817e-44, 132756.4375
0:01:00.095370, 0.0, 1.401298464324817e-44, 90.0, 1.401298464324817e-44, 132757.109375
0:01:00.193067, 0.0, 1.401298464324817e-44, 90.0, 1.401298464324817e-44, 132757.734375
0:01:00.289799, 0.0, 1.401298464324817e-44, 90.0, 1.401298464324817e-44, 132758.34375
0:01:00.376476, 0.0, 1.401298464324817e-44, 90.0, 1.401298464324817e-44, 132758.890625
0:01:00.491201, 0.0, 1.401298464324817e-44, 90.0, 1.401298464324817e-44, 132759.609375
0:01:00.581767, 0.0, 1.401298464324817e-44, 90.0, 1.401298464324817e-44, 132760.171875
0:01:00.694782, 0.0, 1.401298464324817e-44, 90.0, 1.401298464324817e-44, 132760.890625
0:01:00.809821, 0.0, 1.401298464324817e-44, 90.0, 1.401298464324817e-44, 132761.625
0:01:00.893373, 0.0, 1.401298464324817e-44, 90.0, 1.401298464324817e-44, 132762.140625
0:01:01.017110, 0.0, 1.401298464324817e-44, 90.0, 1.401298464324817e-44, 132762.921875
0:01:01.103721, 0.0, 1.401298464324817e-44, 90.0, 1.401298464324817e-44, 132763.46875
0:01:01.204354, 0.0, 1.401298464324817e-44, 90.0, 1.401298464324817e-44, 132764.09375
0:01:01.315308, 0.0, 1.401298464324817e-44, 90.0, 1.401298464324817e-44, 132764.796875
0:01:01.411770, 0.0, 1.401298464324817e-44, 90.0, 1.401298464324817e-44, 132765.390625
0:01:01.510087, 0.0, 1.401298464324817e-44, 90.0, 1.401298464324817e-44, 132766.0
0:01:01.623012, 0.0, 1.401298464324817e-44, 90.0, 1.401298464324817e-44, 132766.71875
0:01:01.709430, 0.0, 1.401298464324817e-44, 90.0, 1.401298464324817e-44, 132767.265625
0:01:01.815719, 0.0, 1.401298464324817e-44, 90.0, 1.401298464324817e-44, 132767.921875
0:01:01.900924, 0.0, 1.401298464324817e-44, 90.0, 1.401298464324817e-44, 132768.453125
0:01:02.002514, 0.0, 1.401298464324817e-44, 90.0, 1.401298464324817e-44, 132769.09375
0:01:02.123637, 0.0, 1.401298464324817e-44, 90.0, 1.401298464324817e-44, 132769.859375
0:01:02.222699, 0.0, 1.401298464324817e-44, 90.0, 1.401298464324817e-44, 132770.484375
0:01:02.321385, 0.0, 1.401298464324817e-44, 90.0, 1.401298464324817e-44, 132771.09375
0:01:02.414530, 0.0, 1.401298464324817e-44, 90.0, 1.401298464324817e-44, 132771.6875
0:01:02.524467, 0.0, 1.401298464324817e-44, 90.0, 1.401298464324817e-44, 132772.375
0:01:02.629092, 0.0, 1.401298464324817e-44, 90.0, 1.401298464324817e-44, 132773.015625
0:01:02.711205, 0.0, 1.401298464324817e-44, 90.0, 1.401298464324817e-44, 132773.53125
0:01:02.809109, 0.0, 1.401298464324817e-44, 90.0, 1.401298464324817e-44, 132774.140625
0:01:02.908770, 0.0, 1.401298464324817e-44, 90.0, 1.401298464324817e-44, 132774.765625
0:01:03.022950, 0.0, 1.401298464324817e-44, 90.0, 1.401298464324817e-44, 132775.484375
0:01:03.109377, 0.0, 1.401298464324817e-44, 90.0, 1.401298464324817e-44, 132776.015625
0:01:03.222362, 0.0, 1.401298464324817e-44, 90.0, 1.401298464324817e-44, 132776.71875
0:01:03.333036, 0.0, 1.401298464324817e-44, 90.0, 1.401298464324817e-44, 132777.40625
0:01:03.432287, 0.0, 1.401298464324817e-44, 90.0, 1.401298464324817e-44, 132778.03125
0:01:03.519996, 0.0, 1.401298464324817e-44, 90.0, 1.401298464324817e-44, 132778.578125
0:01:03.632921, 0.0, 1.401298464324817e-44, 90.0, 1.401298464324817e-44, 132779.296875
0:01:03.718521, 0.0, 1.401298464324817e-44, 90.0, 1.401298464324817e-44, 132779.84375
0:01:03.822757, 0.0, 1.401298464324817e-44, 90.0, 1.401298464324817e-44, 132780.5
0:01:03.931244, 0.0, 1.401298464324817e-44, 90.0, 1.401298464324817e-44, 132781.1875
0:01:04.027134, 0.0, 1.401298464324817e-44, 90.0, 1.401298464324817e-44, 132781.78125
0:01:04.135467, 0.0, 1.401298464324817e-44, 90.0, 1.401298464324817e-44, 132782.453125
0:01:04.249453, 0.0, 1.401298464324817e-44, 90.0, 1.401298464324817e-44, 132783.171875
0:01:04.333012, 0.0, 1.401298464324817e-44, 90.0, 1.401298464324817e-44, 132783.703125
0:01:04.430090, 0.0, 1.401298464324817e-44, 90.0, 1.401298464324817e-44, 132784.3125
0:01:04.546198, 0.0, 1.401298464324817e-44, 90.0, 1.401298464324817e-44, 132785.03125
0:01:04.641550, 0.0, 1.401298464324817e-44, 90.0, 1.401298464324817e-44, 132785.625
0:01:04.733548, 0.0, 1.401298464324817e-44, 90.0, 1.401298464324817e-44, 132786.203125
0:01:04.843772, 0.0, 1.401298464324817e-44, 90.0, 1.401298464324817e-44, 132786.890625
0:01:04.943016, 0.0, 1.401298464324817e-44, 90.0, 1.401298464324817e-44, 132787.53125
