0:00:41.328846: phb 6.183792364378659
0:00:41.370360: phb 6.137585144500905
0:00:41.388456: phb 6.080705402694266
0:00:41.389073: phb 5.989769736660718
0:00:41.391561: phb 5.911818053890391
0:00:41.399455: phb 5.846880997846187
0:00:41.404216: phb 5.781712803735193
0:00:41.412220: phb 5.692769656852662
0:00:41.424832: phb 5.567399134570478
0:00:41.432844: phb 5.490280062767627
0:00:41.441573: phb 5.435550980058703
0:00:41.449734: phb 5.367735854873979
0:00:41.453839: phb 5.312288715038251
0:00:41.462153: phb 5.246695206353061
0:00:41.470671: phb 5.203646087503395
0:00:41.492796: phb 5.1630673769745785
0:00:41.493303: phb 5.124876410785889
0:00:41.493726: phb 5.088968699431395
0:00:41.495471: phb 5.055231713284569
0:00:41.503858: phb 5.042369509476638
0:00:41.508357: phb 5.011273858553301
0:00:41.524761: phb 4.963773077910305
0:00:41.528754: phb 4.936801501016818
0:00:41.537006: phb 4.897247202025643
0:00:41.545176: phb 4.876316336611077
0:00:41.549788: phb 4.836271223259723
0:00:41.558452: phb 4.817136074416376
0:00:41.566112: phb 4.790819808381113
0:00:41.570785: phb 4.772780157838994
0:00:41.585243: phb 4.756018873433532
0:00:41.587123: phb 4.722267303640715
0:00:41.591407: phb 4.705738423511786
0:01:40.617797: phb 1.4195196772351255
0:01:40.795497: phb 1.3951832744612718
0:01:40.799645: phb 1.3660729952364457
0:01:40.816113: phb 1.3416217716525551
0:01:40.820643: phb 1.3110713009778265
0:01:40.828371: phb 1.2866549353229675
0:01:40.832676: phb 1.2547899057096483
0:01:40.847113: phb 1.2305707214118455
0:01:40.847333: phb 1.19755101520636
0:01:40.853536: phb 1.1736965220282602
0:01:40.861821: phb 1.151567885368162
0:01:40.870549: phb 1.1279858719184108
0:01:40.874401: phb 1.0931861015945765
0:01:40.882306: phb 1.0414759881695206
0:01:40.890510: phb 1.0195249708079257
0:01:40.895105: phb 0.9842654259981749
0:01:40.903181: phb 0.9632237930575576
0:01:40.911973: phb 0.9278512812342798
0:01:40.924472: phb 0.907824971338752
0:01:40.936830: phb 0.8725659359100412
0:01:40.961709: phb 0.8370897167803812
0:01:40.995074: phb 0.8106159253110428
0:01:41.027897: phb 0.7926350374343855
0:01:41.036355: phb 0.7744526167330311
0:01:41.046502: phb 0.7555987972469389
0:01:41.048717: phb 0.6982082864018275
0:01:41.057312: phb 0.6606136704162676
0:01:41.061436: phb 0.6340591454206633
0:01:41.069692: phb 0.5755186307550065
0:01:41.077927: phb 0.5161987371718723
0:01:41.082371: phb 0.4450068014944145
0:01:41.090690: phb 0.3772266241226128
0:01:41.099199: phb 0.2895712059354641
0:01:41.106875: phb 0.24736801885018794
0:01:41.111371: phb 0.16870708822552916
0:01:41.120233: phb 0.1182175948581623
0:01:41.128417: phb 0.04532290381929327
0:01:41.132649: phb 6.2720987671581945
0:01:41.147022: phb 6.207405149500482
0:01:41.147209: phb 6.125267490366591
0:01:41.153359: phb 6.063831447290198
0:01:41.161991: phb 5.9942485170670095
0:01:41.170565: phb 5.9367867036741915
0:01:41.174122: phb 5.863760817372748
0:01:41.182711: phb 5.811903305571015
0:01:41.191101: phb 5.761451265153308
0:01:41.194862: phb 5.70390754640163
0:01:41.203121: phb 5.648055629085146
0:01:41.207865: phb 5.594152709082725
0:01:41.216190: phb 5.5489003778209165
0:01:41.224850: phb 5.511321181678744
0:01:41.233061: phb 5.46287388911355
0:01:41.236548: phb 5.421351018704429
0:01:41.249051: phb 5.368866841735765
0:01:41.253199: phb 5.3358483360283016
0:01:41.766311: phb 3.2339182623269713
0:01:41.774467: phb 3.2024902094593886
0:01:41.787192: phb 3.169413945325177
0:01:41.795479: phb 3.151225770084918
0:01:41.799869: phb 3.1415927491438724
0:01:41.845935: phb 3.1527274082499046
0:01:41.870818: phb 3.176953790883144
0:01:41.887069: phb 3.2066011510787935
0:01:41.911624: phb 3.2236386601438
0:01:41.964730: phb 3.2378109759719083
0:01:42.065882: phb 3.235999898170222
0:01:42.107420: phb 3.217199560727401
0:01:42.141418: phb 3.1972928715235174
0:01:42.163735: phb 3.159510261512342
0:01:42.165603: phb 3.1242951762397677
0:01:42.169900: phb 3.0897399179382146
0:01:42.178586: phb 3.0250757688916945
0:01:42.203477: phb 2.7869103865913822
0:01:42.211213: phb 2.6948800740762375
0:01:42.219923: phb 2.6244138527920016
0:01:42.228298: phb 2.548802477521951
0:01:42.232848: phb 2.489559228146911
0:01:42.241314: phb 2.4327611716346706
0:01:42.248923: phb 2.3698866130009186
0:01:42.269613: phb 2.332842827027756
0:01:42.270133: phb 2.3051382597494885
0:01:42.270791: phb 2.2790354197893157
0:01:42.274316: phb 2.254432403617926
0:01:42.282467: phb 2.242661818238126
0:01:42.291151: phb 2.220124695494638
0:01:42.295017: phb 2.1896231664159043
0:01:42.324210: phb 2.1694447540411805
0:01:42.336892: phb 2.1549366799230785
0:01:42.373849: phb 2.130727127375282
0:01:42.374511: phb 2.1142159409336956
0:01:42.375026: phb 2.0992828897847384
0:01:42.378335: phb 2.07557391237338
0:01:42.387414: phb 2.060276433000523
0:01:42.395860: phb 2.0368083556985135
0:01:42.399831: phb 2.021189740558231
0:01:42.407868: phb 2.0053328356431988
0:01:42.416317: phb 1.9660317716247475
0:01:42.420212: phb 1.93315040432519
0:01:42.428270: phb 1.9163915531899547
0:01:42.437082: phb 1.8852797461201911
0:01:42.441094: phb 1.8162562886401312
0:01:42.449868: phb 1.7593969268415084
0:01:42.465894: phb 1.7057935684675483
0:01:42.466228: phb 1.6588987188872664
0:01:42.470015: phb 1.6050593500035806
0:01:42.478100: phb 1.5510214134315201
0:01:42.482875: phb 1.5150405020357824
0:01:42.491253: phb 1.4702775209809438
0:01:42.499362: phb 1.4347477500832735
0:01:42.503539: phb 1.4171053218823928
0:01:42.511705: phb 1.3821187611804842
0:01:42.524570: phb 1.3436368284989613
0:01:42.532556: phb 1.3219045393256448
0:01:42.541027: phb 1.299596567130976
0:01:42.549033: phb 1.2820037844361634
0:01:42.566423: phb 1.2092482947151368
0:01:42.566748: phb 1.160483410032322
0:01:42.573977: phb 1.118195727272745
0:01:42.583586: phb 1.0926722814231
0:01:42.590890: phb 1.0500337121386198
0:01:42.595649: phb 1.0287829591304478
0:01:42.603569: phb 0.9920107637760764
0:01:42.608216: phb 0.9617474871012611
0:01:42.616018: phb 0.9216149291583234
0:01:42.624876: phb 0.8798289912605021
0:01:42.629200: phb 0.8364419692442232
0:01:42.637899: phb 0.799475011717095
0:01:42.645193: phb 0.7355563372091106
0:01:42.653032: phb 0.6678409406765986
0:01:42.666760: phb 0.5966544507027289
0:01:42.667113: phb 0.524141443052916
0:01:42.674115: phb 0.46815809667375796
0:01:42.678404: phb 0.39879700162259896
0:01:42.686730: phb 0.3251375297567788
0:01:42.694787: phb 0.2607936802122681
0:01:42.699418: phb 0.20765093149922845
0:01:42.707493: phb 0.12934066928288387
0:01:42.715735: phb 0.04332873230097269
0:01:42.719937: phb 6.239856299748533
0:01:42.728083: phb 6.164686551649102
0:01:42.737442: phb 6.049426450274728
0:01:42.740602: phb 5.966781032242935
0:01:42.748974: phb 5.890548807069929
0:01:42.753705: phb 5.814612430391008
0:01:42.768531: phb 5.707666039192893
0:01:42.769808: phb 5.628242672029921
0:01:42.778124: phb 5.562405313484744
0:01:42.782840: phb 5.5083460968161315
0:01:42.790775: phb 5.448715487233351
0:01:42.798819: phb 5.399887939751672
0:01:42.802984: phb 5.353098379448237
0:01:42.811533: phb 5.314748450257406
0:01:42.816458: phb 5.283547128601606
0:01:42.832795: phb 5.252763655309767
0:01:42.841120: phb 5.20295667053995
0:01:42.845014: phb 5.173022078371316
0:01:42.871098: phb 5.1436797042489975
0:01:42.871373: phb 5.123613769854806
0:01:42.874348: phb 5.094874179886556
0:01:42.886664: phb 5.064130815633302
0:01:42.895001: phb 5.0361581533071975
0:01:42.903683: phb 5.015355480277366
0:01:42.907922: phb 4.972940733521681
0:01:42.915691: phb 4.924812269526496
0:01:42.924661: phb 4.88149161580659
0:01:42.928282: phb 4.834799293249812
0:01:42.937119: phb 4.780364463974201
0:01:42.945368: phb 4.736508480952116
0:01:42.949148: phb 4.671501204743377
0:01:42.969615: phb 4.628663674293355
0:01:42.970090: phb 4.56502754240868
0:01:42.970607: phb 4.533622114004182
0:01:42.978183: phb 4.492305799238141
0:01:42.986363: phb 4.471921899861058
0:01:42.991085: phb 4.431771735799575
0:01:42.999031: phb 4.392529335834185
0:01:43.007586: phb 4.3470857675181165
0:01:43.016021: phb 4.3202683733474325
0:01:43.019670: phb 4.291829143225802
0:01:43.029081: phb 4.2644514511615395
0:01:43.033317: phb 4.227773826537727
0:01:43.041771: phb 4.200069288682946
0:01:43.049498: phb 4.171928133850731
0:01:43.054686: phb 4.154398192568506
0:01:43.069682: phb 4.126057136389217
0:01:43.070302: phb 4.109119718595128
0:01:43.083028: phb 4.080699972212484
0:01:43.095809: phb 4.052027785099356
0:01:43.103755: phb 4.031139741627096
0:01:43.116838: phb 4.001923524380544
0:01:43.133377: phb 3.950342616242462
0:01:43.145784: phb 3.921108355161085
0:01:43.154190: phb 3.891884414669791
0:01:43.158065: phb 3.876555400632637
0:01:43.172449: phb 3.8470111694110787
0:01:43.174404: phb 3.817606142724387
0:01:43.179052: phb 3.784207934378543
0:01:43.187636: phb 3.754383724284267
0:01:43.195961: phb 3.736743363645225
0:01:43.199872: phb 3.6978804432093995
0:01:43.208936: phb 3.6793689243858982
0:01:43.220154: phb 3.601147348913911
0:01:43.229011: phb 3.550340297008287
0:01:43.236794: phb 3.5079176627749824
0:01:43.241109: phb 3.4640677710765853
0:01:43.249088: phb 3.407410688710229
0:01:43.258100: phb 3.36077375838698
0:01:43.271571: phb 3.317412831687551
0:01:43.271900: phb 3.267814050130114
0:01:43.278760: phb 3.2175835026662707
0:01:43.282927: phb 3.1806333915496916
0:01:43.291058: phb 3.1546118646470527
0:01:43.299527: phb 3.1025521635887756
0:01:43.303593: phb 3.0748513075648924
0:01:43.311749: phb 3.0218547651632073
0:01:43.320170: phb 2.969524936515498
0:01:43.332430: phb 2.886314128128429
0:01:43.341485: phb 2.8481391249407455
0:01:43.349558: phb 2.798589458466466
0:01:43.353404: phb 2.740823314546917
0:01:43.376438: phb 2.6939150242283305
0:01:43.377010: phb 2.614995546716031
0:01:43.377546: phb 2.572640837712786
0:01:43.383541: phb 2.5423049112120895
0:01:43.387687: phb 2.489559228146911
0:01:43.396369: phb 2.4378513833875135
0:01:43.404154: phb 2.4201826455807223
0:01:43.408157: phb 2.3707706436141223
0:01:43.416349: phb 2.3384644638910044
0:01:43.424646: phb 2.3228594378324594
0:01:43.429382: phb 2.292158127971789
0:01:43.436872: phb 2.26106121420493
0:01:43.449303: phb 2.2438340564212687
0:01:43.453694: phb 2.212559975414912
0:01:43.457195: phb 2.1815657008120306
0:01:43.474172: phb 2.1509057120440946
0:01:43.474458: phb 2.120633055292754
0:01:43.477922: phb 2.0907943357754823
0:01:43.487024: phb 2.0802140735839894
0:01:43.495470: phb 2.0514839904102318
0:01:43.499301: phb 2.032582314881872
0:01:43.507353: phb 2.004281489783935
0:01:43.515860: phb 1.9849593569442383
0:01:43.520314: phb 1.9669232793348554
0:01:43.536450: phb 1.9398017700413324
0:01:43.549131: phb 1.9167867679208186
0:01:43.561892: phb 1.897201855834424
0:01:43.586887: phb 1.8711535621352484
0:01:43.628704: phb 1.8458021615435332
0:01:43.653476: phb 1.8404054579793554
0:01:43.757402: phb 1.849957631191486
0:01:43.808262: phb 1.8594577813119892
0:01:43.887442: phb 1.8782976720161348
0:01:43.903707: phb 1.9032892501971497
0:01:43.919951: phb 1.9219758585820141
0:01:43.924587: phb 1.9289044610509263
0:01:43.937246: phb 1.9476331400516222
0:01:43.966158: phb 1.9738735217158052
0:01:43.994905: phb 1.9831353348862677
0:01:44.028366: phb 2.005640241446082
0:01:44.081743: phb 2.0235185419321926
0:01:44.107446: phb 2.051090390431797
0:01:44.140746: phb 2.074134340310704
0:01:44.316468: phb 2.0920094069471937
0:01:44.453806: phb 2.1095249728203767
0:01:44.741654: phb 2.1008114601133663
0:01:44.815827: phb 2.1059882637435194
0:01:44.845576: phb 2.1254815162698
0:01:44.858235: phb 2.1542103019525487
0:01:44.862212: phb 2.1780230820601525
0:01:44.874618: phb 2.208256547480357
0:01:44.890162: phb 2.235037963771012
0:01:44.890857: phb 2.266732014623147
0:01:44.899320: phb 2.296704095485902
0:01:44.907648: phb 2.3297513578603453
0:01:44.911832: phb 2.3545371246107014
0:01:44.920292: phb 2.388480534381761
0:01:44.928196: phb 2.424667090725191
0:01:44.932774: phb 2.4790442060142728
0:01:44.941430: phb 2.534638840056599
0:01:44.949044: phb 2.5774967736122987
0:01:44.953735: phb 2.6244138527920016
0:01:44.961951: phb 2.670814183449429
0:01:44.969951: phb 2.730428303523105
0:01:44.989971: phb 2.7850440425482628
0:01:44.990339: phb 2.8625541141705315
0:01:44.990936: phb 2.92234840392918
0:01:44.999579: phb 2.9624860411499063
0:01:45.003304: phb 3.0169029959564413
0:01:45.012470: phb 3.0720717679843523
0:01:45.016459: phb 3.1555183210719306
0:01:45.024381: phb 3.2111138035431863
0:01:45.032573: phb 3.279969227904623
0:01:45.041102: phb 3.339526623773738
0:01:45.045427: phb 3.4206314455211406
0:01:45.054338: phb 3.4727485604552313
0:01:45.058569: phb 3.5280753035469123
0:01:45.067168: phb 3.600409925649767
0:01:45.074178: phb 3.6241884502890938
0:01:45.094183: phb 3.7056891641363228
0:01:45.094815: phb 3.7419504360373543
0:01:45.095242: phb 3.7996310112661886
0:01:45.103681: phb 3.85603194869725
0:01:45.107700: phb 3.8923541963510764
0:01:45.115883: phb 3.9377784245500242
0:01:45.124069: phb 3.973843530192071
0:01:45.128973: phb 4.045518260146239
0:01:45.136948: phb 4.09553969168843
0:01:45.141645: phb 4.119602450910818
0:01:45.149109: phb 4.174023386460806
0:01:45.157571: phb 4.240079952017685
0:01:45.166296: phb 4.320685054932184
0:01:45.170049: phb 4.403977588832012
0:01:45.192512: phb 4.472346718831991
0:01:45.192892: phb 4.566257703679056
0:01:45.193159: phb 4.637750836783645
0:01:45.199312: phb 4.72497059219942
0:01:45.207842: phb 4.774886419846404
0:01:45.211865: phb 4.83138586011205
0:01:45.219876: phb 4.866872371364609
0:01:45.224720: phb 4.915078920150483
0:01:45.232828: phb 4.937552778721954
0:01:45.245541: phb 4.975098647796155
0:01:45.428953: phb 5.3358483360283016
0:01:45.436641: phb 5.358821504327543
0:01:45.440803: phb 5.368866841735765
0:01:45.449212: phb 5.392322311652204
0:01:45.457618: phb 5.402974646877322
0:01:45.470332: phb 5.42513407540221
0:01:45.478601: phb 5.4497050322582234
0:01:45.495891: phb 5.4615678399296845
0:01:45.496195: phb 5.486233382968561
0:01:45.499269: phb 5.499053614046046
0:01:45.507355: phb 5.518917431218459
0:01:45.511623: phb 5.545340404806989
0:01:45.520670: phb 5.573698251173776
0:01:45.528966: phb 5.603507046042046
0:01:45.532358: phb 5.646787968912665
0:01:45.537365: phb 5.696293550149735
0:01:45.545525: phb 5.733250227500348
0:01:45.553590: phb 5.7873584766378015
0:01:45.561820: phb 5.844826726685441
0:01:45.565912: phb 5.934207607106812
0:01:45.574695: phb 5.9933980257467985
0:01:45.602267: phb 6.057715094665524
0:01:45.602779: phb 6.127496271065433
0:01:45.603159: phb 6.193733357861107
0:01:45.603829: phb 6.227187023219365
0:01:45.608178: phb 0.011210609111166668
0:01:45.616590: phb 0.033621631007555663
0:01:45.624245: phb 0.07831852462354347
0:01:45.632535: phb 0.10056191409985492
0:01:45.637416: phb 0.14472881675150118
0:01:45.645631: phb 0.16661126044765165
0:01:45.653325: phb 0.2035737827294123
0:01:45.657498: phb 0.2527093016647835
0:01:45.665698: phb 0.3029007289581724
0:01:45.670148: phb 0.3671923997410196
0:01:45.678597: phb 0.4266497303006934
0:01:45.699355: phb 0.48823262925162614
0:01:45.699707: phb 0.5586272907621681
0:01:45.699931: phb 0.6399275959628138
0:01:45.707581: phb 0.6989603650578288
0:01:45.712036: phb 0.753673338212194
0:01:45.719956: phb 0.8133263276947084
0:01:45.728620: phb 0.8718569146705976
0:01:45.732909: phb 0.9257349475996016
0:01:45.740760: phb 0.9649182816055497
0:01:45.749054: phb 1.013683743608656
0:01:45.757489: phb 1.0500337121386198
0:01:45.762926: phb 1.1013107960232076
0:01:45.771147: phb 1.1179667432593303
0:01:45.776254: phb 1.1425355133636441
0:01:45.782884: phb 1.1903292211119287
0:01:45.797590: phb 1.2135271471476659
0:01:45.797918: phb 1.2530160306556026
0:01:45.803737: phb 1.2751760565009542
0:01:45.811973: phb 1.2920517842374073
0:01:45.821225: phb 1.3284263876247817
0:01:45.824476: phb 1.345632490721561
0:01:45.833349: phb 1.3580365729045794
0:01:45.841222: phb 1.375158689006712
0:01:45.845775: phb 1.392398442345571
0:01:45.853859: phb 1.409745374148779
0:01:45.861714: phb 1.4469140634043798
0:01:45.866319: phb 1.4642253044246967
0:01:45.874351: phb 1.499031314629779
0:01:45.883480: phb 1.5165048550639257
0:01:45.897457: phb 1.5515416808062703
0:01:45.897878: phb 1.5778552395593468
0:01:45.903283: phb 1.6129182787510472
0:01:45.907730: phb 1.6478773679850192
0:01:45.915916: phb 1.6826494263877574
0:01:45.924954: phb 1.699939727884279
0:01:45.928695: phb 1.7342775388467428
0:01:45.938156: phb 1.7513074417847614
0:01:45.941823: phb 1.7766513898608933
0:01:45.950033: phb 1.7934022570312087
0:01:45.957734: phb 1.8100264323235569
0:01:45.962353: phb 1.8265175201444093
0:01:45.970459: phb 1.8474833093802447
0:01:45.979430: phb 1.8639290114175686
0:01:45.983398: phb 1.8802136853859694
0:01:45.999993: phb 1.8963299545423078
0:01:46.008846: phb 1.9122733879673393
0:01:46.029742: phb 1.949771703647682
0:01:46.041757: phb 1.9653658883560323
0:01:46.062842: phb 1.9917776331419577
0:01:46.075272: phb 2.014090227375292
0:01:46.083913: phb 2.029232071500834
0:01:46.099737: phb 2.051848769728547
0:01:46.103564: phb 2.089558884576869
0:01:46.112112: phb 2.112705061852986
0:01:46.120483: phb 2.1361201381042694
0:01:46.124079: phb 2.1836723300777554
0:01:46.132800: phb 2.2077606526038527
0:01:46.141321: phb 2.2359041776218427
0:01:46.145088: phb 2.2800288884899382
0:01:46.154219: phb 2.329948086292307
0:01:46.158275: phb 2.3806092774146466
0:01:46.166899: phb 2.4318166453581718
0:01:46.174434: phb 2.4859238468347464
0:01:46.178769: phb 2.544927855176762
0:01:46.199350: phb 2.5859599371760367
0:01:46.199750: phb 2.639102008331266
0:01:46.199981: phb 2.681346201867954
0:01:46.207511: phb 2.74096564579826
0:01:46.216031: phb 2.7675314040903904
0:01:46.220459: phb 2.803829298926014
0:01:46.228607: phb 2.828382569141223
0:01:46.237561: phb 2.865445614691036
0:01:46.241360: phb 2.903304276301583
0:01:46.249909: phb 2.94187192862974
0:01:46.257569: phb 2.9613911910425337
0:01:46.262070: phb 2.987864291267739
0:01:46.270168: phb 3.0081002108346957
0:01:46.278742: phb 3.048888473549687
0:01:46.282879: phb 3.0678907889316154
0:01:46.298748: phb 3.1099589770277274
0:01:46.299156: phb 3.1308180212819714
0:01:46.307380: phb 3.1742594983717534
0:01:46.311283: phb 3.2193820829024973
0:01:46.320571: phb 3.2324535381755513
0:01:46.324250: phb 3.2805436199901132
0:01:46.332985: phb 3.3302422744159466
0:01:46.341449: phb 3.3813736310890325
0:01:46.349170: phb 3.4337232539076696
0:01:46.353559: phb 3.4870384134172063
0:01:46.362298: phb 3.5297871352254475
0:01:46.366392: phb 3.584407886008197
0:01:46.374276: phb 3.639153505067456
0:01:46.382779: phb 3.6604103490704496
0:01:46.403434: phb 3.714202043052354
0:01:46.404083: phb 3.740880963011525
0:01:46.404473: phb 3.7744373156882878
0:01:46.411859: phb 3.8122694147621092
0:01:46.415819: phb 3.83629572582639
0:01:46.427196: phb 3.8697772696455113
0:01:46.431545: phb 3.8872393340270444
0:01:46.440252: phb 3.903387323746852
0:01:46.443561: phb 3.920329588055107
0:01:46.452396: phb 3.9534344101294447
0:01:46.464641: phb 4.004235746913053
0:01:46.473500: phb 4.0194001208959165
0:01:46.481052: phb 4.037604867055624
0:01:46.485048: phb 4.052117711799956
0:01:46.502046: phb 4.070728260062962
0:01:46.502340: phb 4.084568565123628
0:01:46.506054: phb 4.103537441920708
0:01:46.514829: phb 4.116688276603557
0:01:46.523000: phb 4.135967097103282
0:01:46.535950: phb 4.148416750357368
0:01:46.564351: phb 4.169991280828722
0:01:46.569215: phb 4.18951958241209
0:01:46.610445: phb 4.214999070787654
0:01:46.743562: phb 4.205023443638136
0:01:46.785905: phb 4.195156490439894
0:01:46.823083: phb 4.169991280828722
0:01:46.835922: phb 4.158128474381896
0:01:46.856266: phb 4.138824340752029
0:01:46.908410: phb 4.123077901086976
0:01:46.910276: phb 4.110175876884919
0:01:46.931652: phb 4.091296719652788
0:01:46.981218: phb 4.070728260062962
0:01:46.989678: phb 4.052117711799956
0:01:47.010335: phb 4.037604867055624
0:01:47.022992: phb 4.022545440689363
0:01:47.052392: phb 3.9722137037102354
0:01:47.064954: phb 3.955309496190688
0:01:47.085997: phb 3.928706267167407
0:01:47.110798: phb 3.9108499694971997
0:01:47.111363: phb 3.8923541963510764
0:01:47.114656: phb 3.8731976956931553
0:01:47.119095: phb 3.8645319922730046
0:01:47.127370: phb 3.844739680447672
0:01:47.135168: phb 3.8242602710316347
0:01:47.139689: phb 3.80307544717359
0:01:47.148264: phb 3.781168142917752
0:01:47.156058: phb 3.758523322947105
0:01:47.164943: phb 3.73512661778331
0:01:47.168861: phb 3.6956351204251585
0:01:47.177741: phb 3.671087582863699
0:01:47.189540: phb 3.632905412645442
0:01:47.210170: phb 3.6065460001041014
0:01:47.210456: phb 3.5794712618295064
0:01:47.210790: phb 3.5516913694521377
0:01:47.218390: phb 3.5119895309777216
0:01:47.223306: phb 3.483566373015522
0:01:47.231064: phb 3.424993693670995
0:01:47.239557: phb 3.394910891067
0:01:47.244058: phb 3.364353438223492
0:01:47.252437: phb 3.3333659647334173
0:01:47.260471: phb 3.317727948737037
0:01:47.272988: phb 3.286196432196782
0:01:47.281458: phb 3.254371549927288
0:01:47.285485: phb 3.222316883636638
0:01:47.293978: phb 3.190095158602535
0:01:47.308432: phb 3.157771124890294
0:01:47.322965: phb 3.125414490817068
0:01:47.326978: phb 3.093090456460168
0:01:47.355961: phb 3.0608687301448465
0:01:47.409745: phb 3.0448164609172603
0:01:47.468693: phb 3.012868240584768
0:01:48.376091: freq 0
0:01:48.376499: amp 0
0:01:48.376713: off 90
0:01:48.376854: phb 0
0:01:50.112480: phb 2.9498196398434877
0:02:16.183579: phb 3.0799468249268553
0:02:16.299572: phb 3.1415928007511535
0:02:16.307325: phb 3.1570223277652083
0:02:16.316325: phb 3.1878532047901573
0:02:16.320206: phb 3.249192058402831
0:02:16.328858: phb 3.279589236627574
0:02:16.336306: phb 3.3457017007258787
0:02:16.340587: phb 3.4059382219035594
0:02:16.349136: phb 3.449886820143803
0:02:16.353759: phb 3.478527517916841
0:02:16.373080: phb 3.5456619594721404
0:02:16.373479: phb 3.5999325279249272
0:02:16.378712: phb 3.665817182787376
0:02:16.382695: phb 3.7152962714467703
0:02:16.390842: phb 3.76180404681079
0:02:16.399389: phb 3.794778963375986
0:02:16.403419: phb 3.844739680447672
0:02:16.411348: phb 3.902132708448261
0:02:16.420027: phb 3.937224000105373
0:02:16.423955: phb 3.969970134627856
0:02:16.432477: phb 4.017902837916001
0:02:16.440932: phb 4.057065037757987
0:02:16.445049: phb 4.101619727461872
0:02:16.453772: phb 4.1555474350050705
0:02:16.474738: phb 4.194997450182269
0:02:16.475128: phb 4.232469678707003
0:02:16.482661: phb 4.263755477916923
0:02:16.486864: phb 4.289940078784095
0:02:16.495274: phb 4.315613664885307
0:02:16.503830: phb 4.340759386564538
0:02:16.507987: phb 4.36536123233859
0:02:16.515710: phb 4.389409172587116
0:02:16.523970: phb 4.421780990982717
0:02:16.532999: phb 4.444645494595635
0:02:16.537041: phb 4.480406367226366
0:02:16.545313: phb 4.5024028035070875
0:02:16.553715: phb 4.520348432448279
0:02:16.575540: phb 4.559421692572286
0:02:16.587163: phb 4.577391762048716
0:02:16.591338: phb 4.586411231827127
0:02:16.607803: phb 4.606438472611105
0:02:16.619943: phb 4.624286633474405
0:02:16.653721: phb 4.642191927158514
0:02:16.712492: phb 4.623489879257783
0:02:16.724682: phb 4.6054825538661435
0:02:16.732930: phb 4.585257216343136
0:02:16.741069: phb 4.56708031923984
0:02:16.745158: phb 4.545973624171932
0:02:16.753500: phb 4.514949740244863
0:02:16.758064: phb 4.49652945261301
0:02:16.777803: phb 4.4554081745610645
0:02:16.778185: phb 4.41909182778081
0:02:16.778479: phb 4.395403684919207
0:02:16.786514: phb 4.371133176191586
0:02:16.795113: phb 4.335364887883948
0:02:16.799503: phb 4.310476727190785
0:02:16.808088: phb 4.292964750015513
0:02:16.815731: phb 4.28430881176561
0:02:16.824176: phb 4.258965638747094
0:02:16.837079: phb 4.241916453248707
0:02:16.845392: phb 4.2162072321574895
0:02:16.849570: phb 4.206950524470759
0:02:16.857509: phb 4.18032657989463
0:02:16.862377: phb 4.158516979916464
0:02:16.879779: phb 4.120464745656354
0:02:16.880109: phb 4.092568535658726
0:02:16.882792: phb 4.052027785099356
0:02:16.890906: phb 4.039238180495102
0:02:16.899644: phb 3.9961192554812968
0:02:16.907729: phb 3.9514136395715402
0:02:16.920314: phb 3.896268629622429
0:02:16.924469: phb 3.8466688131231126
0:02:16.932461: phb 3.8103398317123864
0:02:16.940780: phb 3.7646346241154864
0:02:16.945291: phb 3.7240147806362724
0:02:16.953407: phb 3.68109959481283
0:02:16.961329: phb 3.634985156026187
0:02:16.966476: phb 3.5888021206710006
0:02:16.980613: phb 3.5404804566762036
0:02:16.982811: phb 3.505901473255722
0:02:16.987096: phb 3.455677681717807
0:02:16.995261: phb 3.4224131179340183
0:02:17.003593: phb 3.3968714243277374
0:02:17.012161: phb 3.3709837078201415
0:02:17.015854: phb 3.3579197085566483
0:02:17.032865: phb 3.326606745357088
0:02:17.036740: phb 3.3006549826453617
0:02:17.057594: phb 3.2744863769669674
0:02:17.065808: phb 3.2481334346913147
0:02:17.081681: phb 3.22163012914067
0:02:17.087050: phb 3.1950147047943043
0:02:17.093893: phb 3.1683223046579334
0:02:17.107637: phb 3.114129356060159
0:02:17.120380: phb 3.0730235654194566
0:02:17.128462: phb 3.015160432782511
0:02:17.136620: phb 2.9600111710533046
0:02:17.145413: phb 2.8993684936307247
0:02:17.148790: phb 2.845361933697708
0:02:17.157506: phb 2.7930774056487877
0:02:17.161852: phb 2.730428303523105
0:02:17.181688: phb 2.6826344266793334
0:02:17.182144: phb 2.636994766427418
0:02:17.182606: phb 2.5935449201090197
0:02:17.191409: phb 2.5522817832356486
0:02:17.199245: phb 2.5227520750933774
0:02:17.203506: phb 2.5037296732564918
0:02:17.211795: phb 2.46724014817431
0:02:17.220094: phb 2.4497548535895444
0:02:17.228494: phb 2.4162493074833677
0:02:17.232567: phb 2.385497567605991
0:02:17.240722: phb 2.3698866130009186
0:02:17.245422: phb 2.354735877476458
0:02:17.253480: phb 2.332495930532968
0:02:17.261643: phb 2.3182370933702114
0:02:17.286784: phb 2.2890809657399616
0:02:17.287476: phb 2.2535471410358716
0:02:17.303344: phb 2.2408668047777653
0:02:17.315809: phb 2.2249166154497373
0:02:17.383859: phb 2.206786358215817
0:02:17.432872: phb 2.214729872647684
0:02:17.440502: phb 2.2303355717391775
0:02:17.449233: phb 2.257800625298545
0:02:17.453527: phb 2.2653208461105514
0:02:17.461373: phb 2.292778497582362
0:02:17.470073: phb 2.307220978447275
0:02:17.483601: phb 2.3481624564200114
0:02:17.483935: phb 2.3750405042684783
0:02:17.490420: phb 2.4089496951184293
0:02:17.495319: phb 2.4480866722074586
0:02:17.503475: phb 2.515878811166995
0:02:17.511725: phb 2.5630283729018006
0:02:17.520081: phb 2.6215210165151053
0:02:17.523803: phb 2.681346201867954
0:02:17.532848: phb 2.765648102742545
0:02:17.541315: phb 2.807409231734281
0:02:17.545031: phb 2.866648495653372
0:02:17.553080: phb 2.93845098463194
0:02:17.557917: phb 2.9955869162769853
0:02:17.565742: phb 3.0515877144554064
0:02:17.584097: phb 3.1058312127585004
0:02:17.584398: phb 3.15037935585754
0:02:17.586681: phb 3.2019655957099054
0:02:17.595116: phb 3.2515004277080592
0:02:17.603405: phb 3.2988744573808866
0:02:17.607455: phb 3.323201433040171
0:20:46.220036: freq 0.9
0:20:46.823914: freq 0.95
0:20:47.744908: freq 1
0:20:48.003408: freq 0.95
0:20:49.160755: amp 42
0:22:16.148716: phb 3.1761396691400274
0:22:16.355555: phb 3.2647218614599334
0:22:16.359847: phb 3.3679812410495105
0:22:16.368759: phb 3.494834043436635
0:22:16.376604: phb 3.671087582863699
0:22:16.380801: phb 3.845705044192256
0:22:16.397628: phb 4.1603259428492025
0:22:16.401487: phb 4.279569631390007
0:22:16.413776: phb 4.396672627569019
0:22:16.419332: phb 4.48604741886846
0:22:16.427195: phb 4.563449271166138
0:22:16.430396: phb 4.6312684689863035
0:22:16.438856: phb 4.674360489608856
0:22:16.447622: phb 4.723881897698341
0:22:16.451394: phb 4.761361619380947
0:22:16.459957: phb 4.815680397579002
0:22:16.468405: phb 4.870279472578009
0:22:16.472058: phb 4.915078920150483
0:22:16.480655: phb 4.97236249372322
0:22:16.488823: phb 5.024445727943913
0:22:16.493558: phb 5.081197218995844
0:22:16.501494: phb 5.1294822652697425
0:22:16.515405: phb 5.225322847139811
0:22:16.522404: phb 5.264937486739883
0:22:16.527083: phb 5.304274630337936
0:22:16.535026: phb 5.325931726002019
0:22:16.543285: phb 5.364153099648544
0:22:16.551450: phb 5.401827032352597
0:22:16.563929: phb 5.438860292899436
0:22:16.572668: phb 5.475170091797981
0:22:16.576400: phb 5.493030906315979
0:22:16.584718: phb 5.540287850301676
0:22:16.592867: phb 5.576545018603692
0:22:16.597566: phb 5.608151916937104
0:22:16.605496: phb 5.632148639975019
0:22:16.616222: phb 5.6699023422265515
0:22:16.618325: phb 5.70809093855577
0:22:16.626668: phb 5.7391943421793465
0:22:16.635017: phb 5.7777464917582
0:22:16.643328: phb 5.8085129046780795
0:22:16.647330: phb 5.863865367885857
0:22:16.655674: phb 5.8966629095876835
0:22:16.660266: phb 5.944972739489495
0:22:16.667885: phb 5.984542937384565
0:22:16.676727: phb 6.04078404945976
0:22:16.685262: phb 6.096526936846544
0:22:16.688991: phb 6.13147607222192
0:22:16.697385: phb 6.160129938275912
0:22:16.708476: phb 6.178486577825648
0:22:16.710761: phb 6.195838737482572
0:22:16.718434: phb 6.2132437863827645
0:22:16.726359: phb 6.231593984919255
0:22:16.751563: phb 6.248773887452614
0:22:16.884699: phb 6.274272564938486
0:22:17.197883: phb 6.283185222178315
0:22:17.234927: phb 0.00891257225206279
0:22:17.268405: phb 0.026732904723850585
0:22:17.933292: phb 0.0178238137817646
