0:00:44.476822: freq 0.45
0:01:18.617277: freq 1
0:01:19.273701: amp 89
0:01:21.211027: freq 0
0:01:21.211027: amp 0
0:01:21.226734: off 90
0:01:21.226734: phb 0
0:08:59.128905: freq 0.5
0:09:00.504008: amp 44
0:09:33.800668: off 94
0:09:33.941486: off 100
0:09:33.957081: off 104
0:09:33.972653: off 106
0:09:33.988164: off 111
0:09:34.003923: off 113
0:09:34.035207: off 121
0:09:34.081946: off 126
0:09:34.097701: off 142
0:09:34.113264: off 146
0:09:34.128953: off 151
0:09:34.160192: off 153
0:09:34.160192: off 156
0:09:34.191409: off 159
0:09:34.207076: off 162
0:09:34.222626: off 163
0:09:34.253970: off 166
0:09:34.285047: off 169
0:09:34.285047: off 171
0:09:34.332068: off 173
0:09:34.347584: off 175
0:09:34.347584: off 176
0:09:34.410200: off 177
0:09:34.441391: off 179
0:09:34.503996: off 180
0:09:48.207074: amp 47
0:09:48.394571: amp 44
0:09:48.425881: amp 43
0:09:48.457117: amp 42
0:09:48.472745: amp 39
0:09:48.503979: amp 38
0:09:48.519446: amp 37
0:09:48.550826: amp 35
0:09:48.550826: amp 34
0:09:48.597540: amp 31
0:09:48.628951: amp 30
0:09:48.644580: amp 27
0:09:48.675823: amp 26
0:09:48.707008: amp 25
0:09:48.707008: amp 24
0:09:48.753958: amp 23
0:09:48.879414: amp 22
0:10:08.020547: amp 62
0:10:08.098822: amp 64
0:10:08.114299: amp 65
0:10:08.145606: amp 67
0:10:08.176949: amp 68
0:10:08.176949: amp 69
0:10:08.208049: amp 70
0:10:08.255053: amp 71
0:10:08.301777: amp 73
0:10:08.333173: amp 74
0:11:04.006635: amp 71
0:11:04.116125: amp 69
0:11:04.131720: amp 67
0:11:04.147342: amp 66
0:11:04.178582: amp 64
0:11:04.194166: amp 62
0:11:04.225453: amp 59
0:11:04.256640: amp 57
0:11:04.256640: amp 56
0:11:04.256640: amp 55
0:11:04.303567: amp 54
0:11:13.898873: amp 77
0:11:13.977050: amp 80
0:11:13.992730: amp 83
0:11:14.008146: amp 85
0:11:14.039500: amp 89
0:11:14.055018: amp 90
0:11:17.117549: amp 86
0:11:17.195674: amp 84
0:11:17.211446: amp 82
0:11:17.258350: amp 79
0:11:17.258350: amp 77
0:11:17.289422: amp 74
0:11:17.305146: amp 70
0:11:17.320745: amp 69
0:11:17.336452: amp 66
0:11:17.352009: amp 65
0:11:17.383169: amp 62
0:11:17.398767: amp 60
0:11:17.430173: amp 59
0:11:17.461426: amp 58
0:11:17.695852: amp 72
0:11:17.742683: amp 69
0:11:17.773880: amp 67
0:11:17.789554: amp 66
0:11:17.805137: amp 63
0:11:17.836438: amp 58
0:11:17.867696: amp 54
0:11:17.883143: amp 50
0:11:17.898874: amp 48
0:11:17.914552: amp 47
0:11:17.914552: amp 45
0:11:17.945669: amp 43
0:11:17.961458: amp 40
0:11:17.992714: amp 38
0:11:18.008294: amp 37
0:11:18.039391: amp 36
0:11:18.086431: amp 35
0:11:18.086431: amp 34
0:11:18.117644: amp 33
0:11:18.164580: amp 32
0:11:18.195646: amp 31
0:11:18.212588: amp 30
0:11:18.289821: amp 28
0:11:18.289821: amp 26
0:11:18.320981: amp 25
0:11:18.320981: amp 24
0:11:18.370301: amp 23
0:11:18.400077: amp 22
0:11:18.478410: amp 21
0:11:40.776628: amp 58
0:12:38.193623: freq 0.65
0:12:38.443532: freq 0.7
0:12:38.537355: freq 0.75
0:12:38.787316: freq 0.8
0:12:39.834243: freq 0.85
0:12:40.006115: freq 0.9
0:12:40.084058: freq 0.95
0:12:40.193536: freq 1
0:14:00.039731: freq 0
0:14:00.039731: amp 0
0:14:00.039731: off 90
0:14:00.039731: phb 0
0:14:16.821339: freq 0.85
0:14:18.102618: amp 73
0:14:22.055737: amp 43
0:14:27.305826: amp 27
0:14:27.336884: amp 24
0:14:27.368324: amp 23
0:14:27.399528: amp 21
0:14:27.399528: amp 20
0:14:27.415117: amp 19
0:14:27.462022: amp 18
0:14:27.555828: amp 17
0:14:27.696452: amp 18
0:14:39.994704: off 49
0:14:41.213461: amp 33
0:14:45.541711: off 171
0:15:41.659569: freq 0.9
0:15:41.940813: freq 0.95
0:15:42.003321: freq 1
0:15:42.878313: freq 0.95
0:15:43.018940: freq 0.9
0:15:43.050208: freq 0.85
0:15:43.081512: freq 0.8
0:15:43.097054: freq 0.75
0:15:43.112562: freq 0.7
0:15:43.143951: freq 0.65
0:15:43.175192: freq 0.6
0:15:43.206456: freq 0.55
0:15:43.237540: freq 0.45
0:15:43.284518: freq 0.4
0:15:43.300195: freq 0.3
0:15:43.331432: freq 0.25
0:15:43.331432: freq 0.25
0:15:43.362705: freq 0.2
0:15:43.393948: freq 0.15
0:15:43.440812: freq 0.1
0:15:43.505972: freq 0.05
0:15:43.581640: freq 0
0:15:53.853164: freq 0.05
0:15:53.993739: freq 0.1
0:15:54.087529: freq 0.15
0:15:54.150446: freq 0.2
0:15:54.244204: freq 0.25
0:15:54.291109: freq 0.3
0:15:54.337962: freq 0.35
0:15:54.447253: freq 0.4
0:15:54.603565: freq 0.45
0:15:54.806628: freq 0.5
0:16:05.735343: amp 32
0:16:05.922870: amp 34
0:16:05.938507: amp 35
0:16:05.985413: amp 36
0:16:06.079133: amp 37
0:16:06.110338: amp 38
0:16:06.157204: amp 39
0:16:06.188567: amp 40
0:16:06.219753: amp 41
0:16:06.250876: amp 42
0:16:06.282247: amp 43
0:16:06.313767: amp 44
0:16:06.408496: amp 45
0:16:06.580361: amp 46
0:16:06.627457: amp 47
0:16:06.658885: amp 48
0:16:06.706157: amp 49
0:16:06.847396: amp 50
0:16:06.957456: amp 51
0:16:07.004253: amp 52
0:16:07.113722: amp 53
0:16:07.191725: amp 54
0:16:07.238746: amp 55
0:16:07.285734: amp 56
0:16:07.332747: amp 57
0:16:07.410829: amp 58
0:16:07.442086: amp 59
0:16:07.473931: amp 60
0:16:07.505388: amp 61
0:16:07.536643: amp 62
0:16:07.552197: amp 63
0:16:07.583689: amp 64
0:16:07.583689: amp 65
0:16:07.630719: amp 66
0:16:07.677458: amp 67
0:16:07.740095: amp 69
0:16:07.786911: amp 70
0:16:07.802586: amp 71
0:16:07.865054: amp 72
0:16:07.911918: amp 73
0:16:07.958844: amp 74
0:16:08.006550: amp 75
0:16:08.053842: amp 76
0:16:08.085218: amp 77
0:16:08.163346: amp 78
0:16:08.163346: amp 79
0:16:08.210228: amp 80
0:16:08.256971: amp 81
0:16:08.288348: amp 82
0:16:08.335197: amp 83
0:16:08.366470: amp 84
0:16:08.382102: amp 85
0:16:08.397681: amp 86
0:16:08.444637: amp 87
0:16:08.460217: amp 88
0:16:08.506966: amp 89
0:16:08.663344: amp 90
0:16:09.742472: amp 89
0:16:09.758144: amp 88
0:16:09.820745: amp 87
0:16:09.836453: amp 86
0:16:09.867762: amp 85
0:16:09.898976: amp 84
0:16:09.930122: amp 83
0:16:09.961552: amp 82
0:16:09.992699: amp 81
0:16:09.992699: amp 80
0:16:10.008216: amp 79
0:16:10.039625: amp 78
0:16:10.070730: amp 77
0:16:10.086504: amp 76
0:16:10.117890: amp 75
0:16:10.120641: amp 74
0:16:10.149596: amp 73
0:16:10.165070: amp 72
0:16:10.196565: amp 71
0:16:10.212327: amp 69
0:16:10.243839: amp 68
0:16:10.243839: amp 67
0:16:10.259400: amp 65
0:16:10.290967: amp 63
0:16:10.290967: amp 61
0:16:10.306751: amp 60
0:16:10.339038: amp 58
0:16:10.354194: amp 56
0:16:10.354194: amp 54
0:16:10.401597: amp 51
0:16:10.417138: amp 49
0:16:10.417138: amp 48
0:16:10.432910: amp 47
0:16:10.448535: amp 45
0:16:10.479662: amp 43
0:16:10.495261: amp 42
0:16:10.511043: amp 40
0:16:10.526668: amp 39
0:16:10.542299: amp 38
0:16:10.557942: amp 36
0:16:10.590105: amp 35
0:16:10.590105: amp 34
0:16:10.623223: amp 33
0:16:10.636918: amp 32
0:16:10.669664: amp 31
0:16:10.684779: amp 30
0:16:10.700419: amp 29
0:16:10.716270: amp 28
0:16:10.747535: amp 27
0:16:10.763189: amp 26
0:16:10.794570: amp 25
0:16:10.810205: amp 24
0:16:10.841464: amp 23
0:16:10.872647: amp 22
0:16:10.888321: amp 21
0:16:10.935758: amp 20
0:16:10.935758: amp 19
0:16:10.982678: amp 18
0:16:11.013928: amp 17
0:16:11.045051: amp 16
0:16:11.092081: amp 15
0:16:11.092081: amp 14
0:16:11.139047: amp 13
0:16:11.170445: amp 12
0:16:11.217487: amp 11
0:16:11.248777: amp 10
0:16:11.264525: amp 9
0:16:11.312042: amp 8
0:16:11.343287: amp 7
0:16:11.437057: amp 6
0:16:11.437057: amp 5
0:16:11.500140: amp 4
0:16:11.594270: amp 3
0:16:11.641832: amp 2
0:16:11.722300: amp 1
0:16:12.018443: amp 2
0:16:12.144019: amp 3
0:16:14.693138: amp 4
0:16:14.849429: amp 5
0:16:14.974386: amp 6
0:16:15.130630: amp 7
0:16:15.333811: amp 8
0:16:15.458783: amp 9
0:16:15.552584: amp 10
0:16:15.755509: amp 11
0:16:17.474389: amp 12
0:16:17.583805: amp 13
0:16:17.708814: amp 14
0:16:17.849377: amp 15
0:16:18.115005: amp 16
0:16:18.661726: amp 17
0:16:18.911886: amp 18
0:16:19.146254: amp 19
0:16:19.489973: amp 20
0:16:19.943094: amp 21
0:16:20.161730: amp 22
0:16:20.521284: amp 23
0:16:21.130661: amp 22
0:17:06.537379: off 179
0:17:06.677881: off 173
0:17:06.709284: off 170
0:17:06.724929: off 166
0:17:06.740471: off 163
0:17:06.756000: off 161
0:17:06.771641: off 157
0:17:06.787385: off 151
0:17:06.803019: off 145
0:17:06.834263: off 139
0:17:06.865393: off 131
0:17:06.881168: off 125
0:17:06.928060: off 111
0:17:06.928060: off 109
0:17:06.959282: off 106
0:17:06.974902: off 104
0:17:07.006168: off 102
0:17:07.037257: off 98
0:17:07.068653: off 90
0:17:07.084290: off 87
0:17:07.115544: off 86
0:17:07.131102: off 84
0:17:07.162366: off 82
0:17:07.209289: off 79
0:17:07.240540: off 77
0:20:45.704489: phb 6.2583970104221125
0:20:45.735741: phb 0.00826376584256345
0:20:45.766990: phb 0.23860906205673532
0:20:45.813919: phb 0.6760788735773342
0:20:45.813919: phb 0.750528377069885
0:20:45.829421: phb 0.9043974136818249
0:20:45.845009: phb 0.9765818443680985
0:20:45.876175: phb 1.0778409160956843
0:20:45.891928: phb 1.2065180676425635
0:20:45.938852: phb 1.3686267458511288
0:20:45.969948: phb 1.3968156681820316
0:20:45.985772: phb 1.5325632465062615
0:20:46.001297: phb 1.5655050277651836
0:20:46.063805: phb 1.727959025256244
0:20:46.079433: phb 1.8144144670707647
0:20:46.126359: phb 1.9071972759972304
0:20:46.173078: phb 2.215618660954612
0:20:46.204379: phb 2.3974079329016744
0:20:46.220095: phb 2.4289824901078165
0:20:46.266984: phb 2.6118391256673625
0:20:46.266984: phb 2.8146338028650244
0:20:46.298234: phb 2.9407958934732124
0:20:46.313770: phb 3.1140766633418417
0:20:46.329388: phb 3.2069204466895767
0:20:46.344942: phb 3.327538740631117
0:20:46.376349: phb 3.3889472007952635
0:20:46.376349: phb 3.437871789804216
0:20:46.391815: phb 3.482572033684039
0:20:46.423049: phb 3.564903982531876
0:20:46.454436: phb 3.743368855430667
0:20:46.485727: phb 3.9003310978447066
0:20:46.502303: phb 3.9529600351899807
0:20:46.548431: phb 4.052904658190751
0:20:46.563991: phb 4.102385505997213
0:20:46.579534: phb 4.154681305394069
0:20:46.595166: phb 4.186092861929491
0:20:46.657947: phb 4.2523514915961815
0:20:46.673678: phb 4.385921579779682
0:20:46.705038: phb 4.583849935359773
0:20:46.720496: phb 4.626508071672316
0:20:46.720496: phb 4.640617469124514
0:20:46.751959: phb 4.66783253514711
0:20:46.767520: phb 4.70609977912284
0:20:46.829904: phb 4.7310211391912045
0:20:46.876896: phb 4.743054228955004
0:20:46.892550: phb 4.767548455959913
0:20:46.923770: phb 4.791975503636119
0:20:46.954997: phb 4.849252493471188
0:20:46.970655: phb 4.860986428531244
0:20:47.001907: phb 4.882331476757491
0:20:47.439344: phb 4.870814153802092
0:20:47.455023: phb 4.859253230931348
0:20:47.705076: phb 4.836016354398343
0:20:49.501910: freq 0.05
0:20:49.548605: freq 0.1
0:20:49.720499: freq 0.15
0:20:49.830052: freq 0.2
0:20:50.174482: freq 0.25
0:20:50.299603: freq 0.3
0:20:50.658782: freq 0.35
0:20:50.830791: freq 0.4
0:20:51.080846: freq 0.45
0:20:51.346429: freq 0.5
0:20:53.190101: amp 23
0:20:53.190101: amp 24
0:20:53.205630: amp 26
0:20:53.237041: amp 29
0:20:53.237041: amp 31
0:20:53.283932: amp 32
0:20:53.330783: amp 33
0:20:53.440112: amp 34
0:20:53.471244: amp 35
0:20:53.518289: amp 36
0:20:53.580788: amp 37
0:20:53.658761: amp 38
0:20:53.987051: amp 39
0:20:54.065228: amp 40
0:20:54.612095: amp 41
0:20:54.705640: amp 42
0:20:55.143228: amp 43
0:20:55.252541: amp 44
0:20:55.674508: amp 45
0:20:56.065555: amp 44
0:20:56.127917: amp 43
0:20:56.190330: amp 42
0:20:56.253054: amp 41
0:20:56.315565: amp 40
0:20:56.440559: amp 39
0:20:56.659230: amp 38
0:20:56.784278: amp 37
0:20:56.940360: amp 38
0:20:57.049830: amp 39
0:20:57.096648: amp 40
0:20:57.127860: amp 41
0:20:57.147252: amp 42
0:20:57.191330: amp 43
0:20:57.425770: amp 44
0:20:57.488205: amp 45
0:20:57.519459: amp 46
0:20:57.738209: amp 47
0:20:57.894461: amp 46
0:20:58.003792: amp 45
0:20:58.035089: amp 44
0:20:58.081797: amp 43
0:20:58.348070: amp 44
0:20:58.441820: amp 45
0:20:58.598211: amp 46
0:20:59.426350: amp 47
0:20:59.896046: amp 48
0:21:00.192910: amp 49
0:21:00.427243: amp 50
0:21:00.692698: amp 51
0:21:01.317899: amp 50
0:21:23.223478: off 76
0:21:23.254613: off 75
0:21:23.276958: off 74
0:21:23.317620: off 73
0:21:23.317620: off 72
0:21:23.380354: off 71
0:21:23.427547: off 70
0:21:23.477691: off 69
0:21:23.490225: off 68
0:21:23.552955: off 67
0:21:23.584542: off 65
0:21:23.600387: off 63
0:21:23.631617: off 62
0:21:23.647270: off 60
0:21:23.647270: off 59
0:21:23.678231: off 58
0:21:23.678231: off 56
0:21:23.694075: off 54
0:21:23.725314: off 52
0:21:23.740877: off 50
0:21:23.756410: off 49
0:21:23.803896: off 47
0:21:23.803896: off 46
0:21:23.835191: off 45
0:21:23.898160: off 44
0:21:23.979015: off 43
0:21:24.149094: off 42
0:21:24.227125: off 41
0:21:24.289992: off 40
0:21:24.321263: off 39
0:21:24.384252: off 38
0:21:24.588330: off 37
0:21:24.982448: off 38
0:21:24.995992: off 39
0:21:25.074676: off 40
0:21:25.182661: off 41
0:21:25.247879: off 42
0:21:25.923005: off 41
0:21:26.048384: off 40
0:21:45.939343: freq 0.55
0:21:45.955440: freq 0.6
0:21:46.002526: freq 0.6
0:21:46.065542: freq 0.65
0:21:46.332255: freq 0.7
0:21:46.614854: freq 0.75
0:21:56.081761: freq 0.8
0:21:56.097579: freq 0.9
0:21:56.113153: freq 1
0:21:56.191651: freq 1
0:22:02.989153: amp 51
0:22:03.005229: amp 53
0:22:03.036702: amp 54
0:22:03.083386: amp 55
0:22:03.319511: amp 56
0:22:03.679998: amp 57
0:22:03.852490: amp 58
0:22:04.103270: amp 59
0:22:04.324533: amp 60
0:22:54.392267: amp 59
0:22:54.454549: amp 58
0:22:54.517481: amp 57
0:22:54.548511: amp 56
0:22:54.611564: amp 55
0:22:54.721521: amp 54
0:22:54.909310: amp 53
0:22:55.145045: amp 52
0:22:55.772827: amp 53
0:22:55.882579: amp 54
0:22:56.039357: amp 55
0:23:19.499681: phb 4.942995895058658
0:23:19.765771: phb 4.926450147326939
0:23:19.781489: phb 4.909784521097298
0:23:19.828427: phb 4.893008603401325
0:23:19.906944: phb 4.876127727747892
0:23:19.954637: phb 4.8591521707003285
0:23:19.954637: phb 4.842092559845942
0:23:20.001670: phb 4.824955123364896
0:23:20.001670: phb 4.807751035004527
0:23:20.017207: phb 4.790491725451207
0:23:20.080626: phb 4.772147359068372
0:23:20.096148: phb 4.755098068694507
0:23:20.127490: phb 4.738025464139667
0:23:20.148005: phb 4.720936335049064
0:23:22.736079: freq 0.95
0:23:22.754425: freq 0.9
0:23:22.908984: freq 0.85
0:23:22.940288: freq 0.8
0:23:23.034653: freq 0.7
0:23:23.054130: freq 0.65
0:23:23.286307: freq 0.6
0:23:23.380799: freq 0.55
0:23:26.881649: freq 0.6
0:23:32.632959: freq 0.8
0:24:04.142332: phb 4.667374947660052
0:24:04.472059: phb 4.490308366412027
0:24:04.472059: phb 3.802637092610193
0:24:04.485261: phb 3.4409596695921003
0:24:04.503518: phb 3.1990015503561646
0:24:04.566187: phb 2.154260088382107
0:24:05.461406: phb 1.382308482667182
0:24:05.508645: phb 1.3893807063236152
0:24:05.540013: phb 1.4204245145785985
0:24:05.555568: phb 1.4892163751061145
0:24:05.588997: phb 1.590660437726512
0:24:05.633913: phb 1.6891216871414687
0:24:05.649674: phb 1.7395459623958034
0:24:05.696779: phb 1.8176870043193198
0:24:05.712548: phb 1.8977543471122318
0:24:05.743903: phb 1.9305716851622723
0:24:05.791358: phb 1.982696535190534
0:24:05.822827: phb 1.9662768053912931
0:24:05.869688: phb 1.949627323720135
0:24:05.901022: phb 1.9327542113372684
0:24:05.916873: phb 1.9156643053103422
0:24:05.932326: phb 1.880850571796954
0:24:05.963688: phb 1.8631437225620244
0:24:06.105317: phb 1.8452444849167928
0:24:06.121144: phb 1.817971750173217
0:24:06.152417: phb 1.7611238569317667
0:24:06.168025: phb 1.7433743487905715
0:24:06.215211: phb 1.725512696305797
0:24:06.262031: phb 1.7075509807075495
0:24:06.513457: phb 1.6873822983545792
0:24:06.529116: phb 1.6695723403113496
0:24:06.560212: phb 1.6516992992578712
0:24:06.575872: phb 1.633775954997332
0:24:07.282850: phb 1.6158103595195348
0:24:07.361613: phb 1.5978156427107493
0:24:07.580915: phb 1.5798050577214606
0:24:07.612835: phb 1.561786977318982
0:24:07.659633: phb 1.543774744336289
0:24:08.507474: phb 1.561786977318982
0:24:08.507474: phb 1.5798050577214606
0:24:08.538775: phb 1.6158103595195348
0:24:08.585845: phb 1.633775954997332
0:24:08.617386: phb 1.6516992992578712
0:24:08.916137: phb 1.633775954997332
0:24:09.057390: phb 1.6158103595195348
0:24:09.072918: phb 1.5978156427107493
0:24:09.104859: phb 1.5798050577214606
0:24:09.151801: phb 1.561786977318982
0:24:09.246000: phb 1.543774744336289
0:24:09.921773: phb 1.561786977318982
0:24:10.580859: phb 1.5798050577214606
0:24:41.299771: freq 0.95
0:24:48.506097: freq 1
0:25:32.202594: amp 54
0:25:32.249439: amp 53
0:25:32.296854: amp 52
0:25:32.296854: amp 51
0:25:32.343762: amp 49
0:25:32.375176: amp 48
0:25:32.406637: amp 47
0:25:32.437832: amp 48
0:25:32.658042: amp 47
0:25:32.721132: amp 46
0:25:32.775549: amp 45
0:25:32.846446: amp 44
0:25:32.956083: amp 43
0:25:33.050251: amp 42
0:25:33.276674: amp 41
0:25:33.505609: amp 40
0:25:44.619076: amp 4
0:25:44.743964: amp 0
0:25:44.963584: amp 5
0:25:46.094898: amp 50
0:26:05.530904: freq 0.95
0:26:05.640986: freq 0.9
0:26:05.880417: freq 0.85
0:26:11.198560: off 42
0:26:11.229952: off 45
0:26:11.245678: off 46
0:26:11.276917: off 47
0:26:11.748796: off 46
0:26:11.764352: off 45
0:26:11.799779: off 43
0:26:11.811516: off 41
0:26:11.827313: off 40
0:26:11.827313: off 38
0:26:11.842966: off 37
0:26:11.874034: off 36
0:26:11.900220: off 34
0:26:11.905760: off 33
0:26:11.921493: off 32
0:26:11.937116: off 30
0:26:11.937116: off 28
0:26:11.968330: off 27
0:26:12.000363: off 25
0:26:12.015566: off 22
0:26:12.047023: off 19
0:26:12.078136: off 17
0:26:12.100525: off 13
0:26:12.134098: off 11
0:26:12.134098: off 9
0:26:12.134098: off 8
0:26:12.157519: off 7
0:26:12.173728: off 6
0:26:12.200733: off 5
0:26:12.740213: off 4
0:26:12.849238: off 3
0:26:13.084206: off 4
0:26:20.637177: freq 1
0:26:21.485871: off 5
0:26:21.549162: off 6
0:26:21.549162: off 7
0:26:21.549162: off 9
0:26:21.564768: off 10
0:26:21.580339: off 11
0:26:21.643328: off 12
0:26:21.658913: off 13
0:26:21.705721: off 14
0:26:21.725996: off 15
0:26:21.753413: off 16
0:26:21.769015: off 17
0:26:21.863265: off 18
0:26:21.863265: off 19
0:26:21.863265: off 20
0:26:21.863265: off 21
0:26:21.863265: off 22
0:26:21.910112: off 23
0:26:21.910112: off 24
0:26:21.910112: off 25
0:26:21.973030: off 26
0:26:21.973030: off 27
0:26:21.973030: off 28
0:26:21.988653: off 29
0:26:21.988653: off 30
0:26:22.019862: off 31
0:26:22.051984: off 32
0:26:22.146175: off 33
0:26:22.146175: off 34
0:26:22.240128: off 35
0:26:22.240128: off 36
0:26:22.240128: off 37
0:26:22.271441: off 38
0:26:22.271441: off 40
0:26:22.302819: off 42
0:26:22.327494: off 45
0:26:22.327494: off 49
0:26:22.349755: off 50
0:26:22.365400: off 51
0:26:22.380980: off 52
0:26:22.396611: off 53
0:26:22.506232: off 54
0:26:23.638773: off 55
0:26:23.795662: off 56
0:26:24.132942: off 57
0:26:30.799829: off 30
0:26:43.709916: amp 49
0:26:43.725601: amp 48
0:26:43.741277: amp 47
0:26:43.804067: amp 45
0:26:43.804067: amp 43
0:26:43.819777: amp 42
0:26:43.976635: amp 41
0:26:43.995399: amp 40
0:26:44.070770: amp 39
0:26:44.196447: amp 38
0:26:44.196447: amp 37
0:26:44.369083: amp 36
0:26:44.463570: amp 35
0:26:44.558039: amp 34
0:26:44.668057: amp 33
0:26:44.745890: amp 32
0:26:49.424261: amp 31
0:27:40.146679: amp 32
0:27:40.194584: amp 33
0:27:40.194584: amp 35
0:27:40.210277: amp 38
0:27:40.226036: amp 39
0:27:40.241875: amp 40
0:27:40.351805: amp 41
0:27:40.398817: amp 42
0:27:40.398817: amp 43
0:27:40.461987: amp 44
0:27:40.587734: amp 45
0:27:41.240219: amp 46
0:27:41.734494: amp 45
0:27:41.876405: amp 44
0:27:42.001683: amp 43
0:27:42.111704: amp 42
0:27:42.205272: amp 41
0:27:42.267962: amp 40
0:27:42.283756: amp 39
0:27:42.911406: amp 40
0:27:42.989786: amp 41
0:27:43.084159: amp 42
0:27:43.178236: amp 41
0:27:43.460981: amp 40
0:28:01.536147: freq 0
0:28:01.536147: amp 0
0:28:01.536147: off 90
0:28:01.536147: phb 0
0:28:02.776806: freq 1
0:28:04.049776: amp 48
0:28:06.169472: amp 47
0:28:06.232476: amp 46
0:28:06.279613: amp 45
0:28:06.373579: amp 44
0:28:06.419897: amp 43
0:28:06.466935: amp 42
0:28:06.561434: amp 41
0:28:06.671348: amp 40
0:28:06.821401: amp 39
0:28:07.298861: amp 40
0:28:07.393107: amp 41
0:28:08.036346: amp 40
0:28:18.166388: off 88
0:28:18.166388: off 84
0:28:18.166388: off 81
0:28:18.166388: off 77
0:28:18.174502: off 75
0:28:18.174502: off 73
0:28:18.174502: off 72
0:28:18.174502: off 71
0:28:18.174502: off 70
0:28:18.174502: off 68
0:28:18.174502: off 67
0:28:18.174502: off 65
0:28:18.174502: off 64
0:28:18.174502: off 62
0:28:18.174502: off 61
0:28:18.174502: off 60
0:28:18.174502: off 59
0:28:18.174502: off 57
0:28:18.174502: off 55
0:28:18.174502: off 54
0:28:18.174502: off 53
0:28:18.174502: off 52
0:28:18.174502: off 51
0:28:18.174502: off 50
0:28:18.174502: off 49
0:28:18.174502: off 48
0:28:18.174502: off 47
0:28:18.185151: off 46
0:28:18.243847: off 45
0:28:18.366164: off 44
0:28:18.915019: off 43
0:28:19.224454: off 42
0:28:19.517129: off 41
0:28:20.008409: off 40
0:28:20.277806: off 39
0:28:35.232363: phb 6.259933707051085
0:28:35.463852: phb 0.0577862971290776
0:28:35.463852: phb 0.20079664135559697
0:28:35.479504: phb 0.5224028818744824
0:28:35.510920: phb 0.6760788735773342
0:28:35.533233: phb 0.8089232114279928
0:28:35.542251: phb 0.854253882987904
0:28:35.557917: phb 0.9594424802866491
0:28:35.557917: phb 1.0328519325134828
0:28:35.589262: phb 1.1102066961153323
0:28:35.636485: phb 1.1452525155293736
0:28:35.636485: phb 1.177454805563446
0:28:35.667955: phb 1.2184032458292964
0:28:35.699205: phb 1.237767690786369
0:28:35.733934: phb 1.2490457508056285
0:28:35.762267: phb 1.267561364317055
0:28:35.793617: phb 1.2900674014813445
0:28:35.793617: phb 1.3075861159216078
0:28:35.809319: phb 1.318785022480576
0:28:35.856820: phb 1.3552617252626509
0:28:35.903780: phb 1.3779557586275528
0:28:35.919206: phb 1.4028040334645175
0:28:35.935419: phb 1.4141937315501443
0:28:35.966885: phb 1.4370957880288806
0:28:36.044944: phb 1.4486004308715912
0:28:36.060787: phb 1.4614077509428716
0:28:36.155392: phb 1.4499992978914953
0:28:36.170933: phb 1.4386233942206883
0:28:36.235236: phb 1.4177168744208188
0:28:36.249436: phb 1.3993125120824568
0:28:36.437895: phb 1.410180662218235
0:28:36.484800: phb 1.4320287737104769
0:28:36.516120: phb 1.4430048771424786
0:28:36.924335: phb 1.4650466655251912
0:28:36.972071: phb 1.4761082268323058
0:28:37.113149: phb 1.4982975410776618
0:28:37.867144: phb 1.5199919133560342
0:28:37.945561: phb 1.5312685373676789
0:28:38.086849: phb 1.5538480859780104
0:28:38.086849: phb 1.565146303019654
0:28:38.243960: phb 1.587743145590803
0:28:39.029039: phb 1.5764459626472067
0:28:39.107593: phb 1.5538480859780104
0:28:39.123061: phb 1.5425552280553314
0:28:39.232921: phb 1.5199919133560342
0:28:41.511042: phb 5.373436638824943
0:28:43.002625: phb 1.5503896477811632
0:29:00.401856: freq 0.65
0:29:00.465248: freq 0.6
0:29:00.528501: freq 0.55
0:29:00.575358: freq 0.5
0:29:00.711338: freq 0.45
0:29:01.124746: amp 48
0:29:01.187424: amp 46
0:29:01.203098: amp 42
0:29:01.203098: amp 38
0:29:01.250772: amp 31
0:29:01.282019: amp 30
0:29:01.282019: amp 29
0:29:01.297532: amp 28
0:29:03.180970: freq 0
0:29:03.180970: amp 0
0:29:03.180970: off 90
0:29:03.180970: phb 0
0:29:08.272896: amp 1
0:29:08.476849: amp 3
0:29:08.492586: amp 4
0:29:08.523899: amp 6
0:29:08.555635: amp 7
0:29:08.571164: amp 9
0:29:08.602574: amp 12
0:29:08.633997: amp 13
0:29:08.633997: amp 14
0:29:08.665292: amp 15
0:29:08.733218: amp 16
0:29:09.245910: freq 0.05
0:29:09.340195: freq 0.15
0:29:09.340195: freq 0.2
0:29:09.496851: freq 0.25
