0:00:55.789287: amp 57
0:00:56.914294: freq 0.65
0:00:57.039251: freq 0.6
0:00:57.117437: freq 0.55
0:00:57.132899: freq 0.55
0:00:57.195533: freq 0.5
0:00:57.289299: freq 0.45
0:00:57.367348: freq 0.4
0:00:57.492355: freq 0.35
0:00:57.570416: freq 0.3
0:00:57.664342: freq 0.25
0:00:57.664342: freq 0.25
0:00:57.679882: freq 0.2
0:00:57.742349: freq 0.15
0:00:57.804905: freq 0.1
0:00:57.851784: freq 0.05
0:00:57.914277: freq 0
0:01:39.586785: freq 0.75
0:02:00.993888: freq 0.35
0:02:03.556390: amp 54
0:02:03.618835: amp 56
0:02:03.634427: amp 57
0:02:03.650108: amp 58
0:02:03.665673: amp 59
0:02:03.681210: amp 60
0:02:03.696985: amp 61
0:02:03.712573: amp 62
0:02:03.745460: amp 64
0:02:03.759653: amp 66
0:02:03.759653: amp 67
0:02:03.775338: amp 69
0:02:03.806683: amp 71
0:02:03.806683: amp 72
0:02:03.837973: amp 73
0:02:03.853536: amp 74
0:02:03.884816: amp 75
0:02:25.556762: freq 0
0:02:25.572364: amp 0
0:02:25.572364: off 90
0:02:25.572364: phb 0
