0:00:46.508047: freq 0.6
0:00:47.258037: amp 50
0:00:52.976659: amp 49
0:00:53.132977: amp 51
0:00:53.148699: amp 53
0:00:53.179778: amp 54
0:00:53.179778: amp 56
0:00:53.195508: amp 58
0:00:53.226806: amp 59
0:00:53.242342: amp 61
0:00:53.242342: amp 62
0:00:53.257993: amp 64
0:00:53.304790: amp 66
0:00:53.304790: amp 68
0:00:53.336152: amp 70
0:00:53.351753: amp 72
0:00:53.367252: amp 73
0:00:53.382924: amp 74
0:00:53.429854: amp 75
0:00:53.429854: amp 76
0:00:53.476777: amp 77
0:00:53.539122: amp 78
0:00:54.007869: amp 77
0:00:54.101780: amp 76
0:00:54.164278: amp 75
0:00:54.179903: amp 74
0:00:54.211022: amp 73
0:00:54.242348: amp 72
0:00:54.258007: amp 70
0:00:54.273634: amp 69
0:00:54.304773: amp 67
0:00:54.320399: amp 66
0:00:54.320399: amp 65
0:00:54.336114: amp 64
0:00:54.351783: amp 62
0:00:54.382893: amp 61
0:00:54.382893: amp 60
0:00:54.398524: amp 58
0:00:54.429899: amp 56
0:00:54.445521: amp 55
0:00:54.461089: amp 54
0:00:54.476788: amp 52
0:00:54.523513: amp 50
0:00:54.554902: amp 49
0:00:54.570558: amp 48
0:00:54.617381: amp 46
0:00:54.633034: amp 45
0:00:54.679756: amp 44
0:00:54.711125: amp 43
0:00:54.758003: amp 42
0:00:54.804900: amp 41
0:00:54.836153: amp 40
0:00:54.882899: amp 39
0:00:54.929911: amp 38
0:00:54.976784: amp 37
0:00:55.023652: amp 36
0:00:55.133045: amp 35
0:01:39.586785: freq 0.7
0:02:25.587997: freq 0
0:02:25.587997: amp 0
0:02:25.587997: off 90
0:02:25.587997: phb 0
