0:01:13.273523: freq 0.3
0:01:13.898603: amp 29
0:01:22.398707: freq 0
0:01:22.398707: amp 0
0:01:22.398707: off 90
0:01:22.398707: phb 0
0:08:59.019605: freq 0.4
0:09:00.300840: amp 37
0:09:14.378958: phb 6.213731492039839
0:09:14.394530: phb 0.015503091825746043
0:09:14.425863: phb 0.17097603905381673
0:09:14.425863: phb 0.22946308330208823
0:09:14.441290: phb 0.3016187817624667
0:09:14.457035: phb 0.4168064957506524
0:09:14.472640: phb 0.46054126072264717
0:09:14.488163: phb 0.5725893219237643
0:09:14.503974: phb 0.6640458891345498
0:09:14.519582: phb 0.7614792630942427
0:09:14.550764: phb 0.8469308553548385
0:09:14.566452: phb 0.9513221883381829
0:09:14.566452: phb 0.9883083521126925
0:09:14.597568: phb 1.0773068107125572
0:09:14.597568: phb 1.1667794075544178
0:09:14.660205: phb 1.2088983439287897
0:09:14.675691: phb 1.403456578631823
0:09:14.722695: phb 1.5907928218701937
0:09:14.753917: phb 1.8376119894006728
0:09:14.753917: phb 1.9570365641997982
0:09:14.769415: phb 1.9958956816100022
0:09:14.800770: phb 2.0831851230235676
0:09:14.816458: phb 2.147171329020346
0:09:14.832080: phb 2.2427589142932796
0:09:14.878807: phb 2.318555599866854
0:09:14.894585: phb 2.410991910165962
0:09:14.941487: phb 2.487352087043521
0:09:14.956942: phb 2.530376750813391
0:09:14.972719: phb 2.5899377782240816
0:09:15.003997: phb 2.632763001129757
0:09:15.066440: phb 2.7067327410598545
0:09:15.066440: phb 2.7632300850183555
0:09:15.097692: phb 2.843094045578806
0:09:15.113278: phb 2.943122910266756
0:09:15.128955: phb 2.991381624348793
0:09:15.160144: phb 3.012583392607649
0:09:20.769472: amp 36
0:09:20.863197: amp 40
0:09:20.894546: amp 43
0:09:20.925877: amp 49
0:09:20.941495: amp 53
0:09:20.941495: amp 55
0:09:20.956942: amp 60
0:09:20.972727: amp 62
0:09:20.988339: amp 65
0:09:21.019530: amp 66
0:09:21.066491: amp 69
0:09:21.082101: amp 71
0:09:21.113354: amp 72
0:09:21.207103: amp 71
0:09:21.863319: amp 70
0:09:23.285174: phb 3.271695350085808
0:09:23.332077: phb 3.2532755825562956
0:09:23.378901: phb 3.1602826475843626
0:09:23.394415: phb 3.0484059011522007
0:09:23.410205: phb 2.920945341499314
0:09:23.425696: phb 2.84577201883605
0:09:23.425696: phb 2.698775863101184
0:09:23.457071: phb 2.3777729691249854
0:09:23.472697: phb 1.8825131202661691
0:09:23.488169: phb 1.4633683362212033
0:09:23.550822: phb 1.0427210086970626
0:09:23.566393: phb 0.8877420144005242
0:09:23.566393: phb 0.7907447046080017
0:09:23.582026: phb 0.7378144272148736
0:09:23.597680: phb 0.600372203481762
0:09:23.628945: phb 0.4924853394719229
0:09:23.644528: phb 0.3595946347903193
0:09:23.675669: phb 0.15970210415976194
0:09:23.706942: phb 0.06360792816125753
0:09:23.722693: phb 0.01242210006951455
0:09:23.738266: phb 0
0:09:23.753975: phb 6.258948018491966
0:09:23.769601: phb 6.235317345337512
0:09:23.847709: phb 6.213124775948959
0:09:23.925866: phb 6.201495860903039
0:09:23.956946: phb 6.179512101705501
0:09:23.972706: phb 6.169392997565242
0:09:23.988337: phb 6.148414117396673
0:09:24.050675: phb 6.117130836385353
0:09:24.128992: phb 6.095477613660498
0:09:24.347727: phb 6.1206963077808645
0:09:24.394569: phb 6.143558934796548
0:09:24.425666: phb 6.1541760935509595
0:09:24.457079: phb 6.175495112441802
0:09:24.503942: phb 6.187224297892706
0:09:24.660252: phb 6.2084581040805045
0:09:24.722698: phb 6.240430317909369
0:09:24.785210: phb 6.272490205137518
0:09:24.832118: phb 0
0:09:24.847659: phb 0.010695102042067329
0:09:24.925821: phb 0.03207454666177487
0:09:24.957102: phb 0.05342470454904046
0:09:25.003928: phb 0.06408323369969436
0:09:25.691447: phb 0.05342470454904046
0:09:25.753975: phb 0.04275498927021745
0:09:26.331945: phb 0.021386779195314818
0:09:26.628993: phb 0
0:09:26.691472: phb 6.272135699889181
0:09:26.832116: phb 6.249300001356754
0:09:26.894533: phb 6.237502494965115
0:09:26.988272: phb 6.211452312138032
0:09:29.800838: freq 0.45
0:09:29.878916: freq 0.35
0:09:29.878916: freq 0.3
0:09:29.925853: freq 0.25
0:09:29.988201: freq 0.2
0:09:30.269417: freq 0.25
0:09:30.316299: freq 0.3
0:09:30.316299: freq 0.3
0:09:30.988198: amp 68
0:09:31.050816: amp 65
0:09:31.081944: amp 63
0:09:31.113316: amp 58
0:09:31.144525: amp 55
0:09:31.160259: amp 49
0:09:31.175697: amp 45
0:09:31.191307: amp 43
0:09:31.191307: amp 38
0:09:31.222709: amp 33
0:09:31.238279: amp 29
0:09:31.253907: amp 26
0:09:31.300829: amp 20
0:09:31.300829: amp 15
0:09:31.347696: amp 9
0:09:31.378798: amp 5
0:09:31.394578: amp 3
0:09:31.394578: amp 2
0:09:31.425833: amp 1
0:09:31.456946: amp 0
0:09:40.347706: off 82
0:09:40.472567: off 91
0:09:40.519582: off 103
0:09:40.550828: off 111
0:09:40.582104: off 128
0:09:40.597666: off 143
0:09:40.628816: off 149
0:09:40.628816: off 152
0:09:40.644445: off 157
0:09:40.675807: off 161
0:09:40.707019: off 164
0:09:40.722734: off 168
0:09:40.769538: off 170
0:09:40.800821: off 171
0:09:40.800821: off 173
0:09:40.832010: off 174
0:09:40.847699: off 176
0:09:40.878799: off 177
0:09:40.878799: off 178
0:09:40.925821: off 179
0:09:40.941449: off 180
0:09:42.706948: off 179
0:09:44.722703: off 178
0:09:55.004541: freq 0.35
0:09:55.520216: freq 0.4
0:09:56.223333: freq 0.45
0:09:56.457760: freq 0.5
0:09:56.957583: freq 0.55
0:09:57.613945: freq 0.6
0:09:58.473237: amp 2
0:09:58.504640: amp 5
0:09:58.535793: amp 6
0:09:58.551334: amp 8
0:09:58.582718: amp 11
0:09:58.582718: amp 15
0:09:58.598275: amp 16
0:09:58.613986: amp 17
0:09:58.645072: amp 19
0:09:58.660843: amp 21
0:09:58.676455: amp 23
0:09:58.707718: amp 25
0:09:58.738830: amp 26
0:09:58.754593: amp 27
0:09:58.817121: amp 28
0:09:58.942120: amp 29
0:09:59.614433: amp 30
0:09:59.676870: amp 31
0:10:00.036369: amp 32
0:10:00.364477: amp 33
0:10:00.520615: amp 34
0:10:00.614457: amp 35
0:10:00.723812: amp 36
0:10:00.911174: amp 37
0:10:00.989299: amp 38
0:10:01.114437: amp 39
0:10:01.192422: amp 40
0:10:01.301985: amp 41
0:10:01.411295: amp 42
0:10:01.520733: amp 43
0:10:01.661300: amp 44
0:10:01.942421: amp 45
0:10:02.020637: amp 46
0:10:02.114454: amp 47
0:10:02.239299: amp 48
0:10:02.364433: amp 49
0:10:03.536344: freq 0.65
0:10:03.676933: freq 0.7
0:10:04.395593: freq 0.75
0:10:05.067559: freq 0.8
0:10:12.692550: phb 3.0282586519484864
0:10:17.458219: phb 2.2269749327089756
0:10:29.395681: phb 1.5631036683921686
0:10:33.442424: phb 2.2142964884907546
0:10:43.270551: phb 2.3729530234224905
0:10:59.802772: amp 47
0:10:59.865186: amp 45
0:10:59.896564: amp 43
0:10:59.896564: amp 42
0:10:59.912131: amp 40
0:10:59.943446: amp 38
0:10:59.974701: amp 37
0:10:59.974701: amp 36
0:11:00.021527: amp 35
0:11:00.084067: amp 34
0:11:06.523164: freq 0.6
0:11:19.931496: amp 32
0:11:19.994001: amp 36
0:11:20.025254: amp 40
0:11:20.040878: amp 43
0:11:20.056440: amp 47
0:11:20.087724: amp 52
0:11:20.103244: amp 55
0:11:20.119029: amp 57
0:11:20.119029: amp 60
0:11:20.134648: amp 62
0:11:20.181523: amp 65
0:11:20.181523: amp 68
0:11:20.196961: amp 71
0:11:20.212704: amp 72
0:11:20.244000: amp 73
0:11:20.244000: amp 74
0:11:20.259627: amp 75
0:11:20.290719: amp 76
0:11:20.322124: amp 77
0:11:20.369005: amp 78
0:11:20.431760: amp 79
0:11:20.728649: amp 80
0:11:22.962977: amp 81
0:12:52.912256: phb 3.108547339401966
0:12:52.959127: phb 3.078683166977726
0:12:53.006018: phb 3.05024449028243
0:12:53.037259: phb 3.035126009749613
0:12:53.052822: phb 3.0200575999389914
0:12:53.068436: phb 3.0050430748348185
0:12:53.084058: phb 2.9900902424599454
0:12:57.022301: phb 4.879300167573768
0:12:57.037863: phb 4.870401261994831
0:12:57.068984: phb 4.859667087726803
0:14:00.352315: freq 0
0:14:00.352315: amp 0
0:14:00.352315: off 90
0:14:00.352315: phb 0
0:14:13.930272: phb 1.3940870972713724
0:14:13.992871: phb 1.412411894674581
0:14:14.008533: phb 1.427939713876273
0:14:14.024186: phb 1.4431158405650426
0:14:14.774017: phb 1.3021685587944392
0:14:14.883396: phb 1.3204766723604469
0:14:14.914747: phb 1.3393853313444317
0:14:14.914747: phb 1.3833665159935378
0:14:14.930428: phb 1.420257739592685
0:14:14.977340: phb 1.478666521996224
0:14:16.758753: freq 0.9
0:14:17.930773: amp 71
0:14:53.371218: amp 37
0:16:27.068137: freq 0
0:16:27.068137: amp 0
0:16:27.068137: off 90
0:16:27.083843: phb 0
0:21:04.395855: amp 1
0:21:04.552250: amp 2
0:21:04.630325: amp 3
0:21:04.677724: amp 4
0:21:04.802723: amp 5
0:21:04.880889: amp 6
0:21:04.974599: amp 7
0:21:05.052752: amp 8
0:21:05.083920: amp 9
0:21:05.130844: amp 10
0:21:05.162108: amp 11
0:21:05.208873: amp 12
0:21:05.224596: amp 13
0:21:05.255850: amp 14
0:21:05.349648: amp 15
0:21:05.412097: amp 16
0:21:05.458921: amp 17
0:21:05.490249: amp 18
0:21:05.505755: amp 20
0:21:05.521380: amp 21
0:21:05.536972: amp 24
0:21:05.552767: amp 27
0:21:05.583794: amp 30
0:21:05.599600: amp 31
0:21:05.630845: amp 32
0:21:05.677738: amp 33
0:21:05.708990: amp 34
0:21:05.708990: amp 35
0:21:05.755852: amp 36
0:21:05.787081: amp 37
0:21:05.834001: amp 38
0:21:05.849449: amp 39
0:21:06.005901: amp 40
0:21:06.271472: amp 41
0:21:06.333931: amp 42
0:21:06.380844: amp 43
0:21:06.458975: amp 44
0:21:06.708997: amp 45
0:21:06.833974: amp 46
0:21:07.536950: amp 47
0:21:07.708979: amp 48
0:21:07.833988: amp 49
0:21:08.677770: amp 50
0:21:28.437231: off 88
0:21:28.452701: off 87
0:21:28.452701: off 86
0:21:28.499985: off 85
0:21:28.515781: off 84
0:21:28.531375: off 83
0:21:28.546883: off 81
0:21:28.562709: off 79
0:21:28.578327: off 73
0:21:28.609855: off 69
0:21:28.609855: off 68
0:21:28.656703: off 67
0:21:28.766950: off 66
0:21:28.782599: off 65
0:21:28.798447: off 63
0:21:28.829744: off 61
0:21:28.862145: off 60
0:21:28.862145: off 57
0:21:28.877400: off 55
0:21:28.895362: off 52
0:21:28.909065: off 50
0:21:28.924739: off 49
0:21:28.956149: off 48
0:21:29.081551: off 47
0:21:29.238473: off 46
0:21:29.285532: off 45
0:21:29.301592: off 43
0:21:29.333025: off 41
0:21:29.333025: off 40
0:21:29.364246: off 39
0:21:29.411729: off 38
0:21:29.900490: off 39
0:21:29.978834: off 40
0:21:30.151714: off 41
0:21:30.213832: off 42
0:21:30.291942: off 43
0:21:30.386327: off 44
0:21:30.621780: off 43
0:21:30.684314: off 42
0:21:30.747280: off 41
0:21:30.857640: off 40
0:21:31.100110: off 39
0:21:31.601880: off 40
0:21:31.736563: off 41
0:22:07.276632: amp 51
0:22:07.292125: amp 52
0:22:07.323774: amp 54
0:22:07.323774: amp 55
0:22:07.339556: amp 56
0:22:07.355175: amp 57
0:22:07.370815: amp 58
0:22:07.402019: amp 59
0:22:07.449553: amp 60
0:22:07.544287: amp 61
0:22:07.622852: amp 62
0:22:08.250492: amp 63
0:22:08.375517: amp 64
0:22:08.594931: amp 63
0:22:08.673550: amp 62
0:22:08.814690: amp 61
0:22:09.300953: amp 60
0:22:59.558298: amp 59
0:22:59.605512: amp 58
0:22:59.636819: amp 56
0:22:59.652358: amp 54
0:22:59.667980: amp 53
0:22:59.684212: amp 52
0:22:59.715582: amp 51
0:22:59.731203: amp 50
0:22:59.840980: amp 49
0:22:59.935353: amp 48
0:22:59.966599: amp 47
0:23:00.082991: amp 46
0:23:00.218197: amp 47
0:23:00.312148: amp 48
0:23:00.437542: amp 49
0:23:00.562458: amp 50
0:23:01.395468: amp 51
0:23:01.631091: amp 52
0:23:01.962306: amp 53
0:23:03.170645: amp 54
0:23:03.469167: amp 55
0:25:37.715541: amp 54
0:25:37.731122: amp 52
0:25:37.762184: amp 51
0:25:37.762184: amp 50
0:25:37.809742: amp 49
0:25:37.856806: amp 48
0:25:37.887861: amp 47
0:25:37.935529: amp 46
0:25:38.030166: amp 45
0:25:38.092732: amp 44
0:25:38.491940: amp 45
0:25:38.783943: amp 44
0:25:38.878530: amp 43
0:25:39.050921: amp 42
0:25:39.318566: amp 41
0:25:40.137551: amp 42
0:25:40.216389: amp 43
0:25:40.325981: amp 44
0:25:40.467304: amp 46
0:25:40.514274: amp 47
0:25:40.561316: amp 48
0:25:40.671545: amp 49
0:25:40.718959: amp 50
0:25:40.734557: amp 51
0:25:40.860548: amp 52
0:25:41.410056: amp 51
0:25:41.614180: amp 50
0:26:49.412622: amp 35
0:26:49.973634: amp 3
0:26:50.270969: amp 30
0:26:53.441746: off 4
0:26:54.196047: off 0
0:26:54.823486: off 3
0:26:55.216579: off 30
0:29:03.730904: freq 0
0:29:03.730904: amp 0
0:29:03.730904: off 90
0:29:03.730904: phb 0
0:29:10.518266: amp 3
0:29:10.644582: amp 5
0:29:10.676049: amp 8
0:29:10.707217: amp 12
0:29:10.722920: amp 14
0:29:10.739915: amp 16
0:29:10.754562: amp 17
0:29:10.802339: amp 18
0:29:10.880618: amp 19
