Time, Frequency, Amplitude, Offset, PhaseShift, Phase
0:00:00.065786, 0.0, 0.0, 90.0, 0.0, 0.0
0:00:00.158447, 0.0, 0.0, 90.0, 0.0, 0.0
0:00:00.251199, 0.0, 0.0, 90.0, 0.0, 0.0
0:00:00.344065, 0.0, 0.0, 90.0, 0.0, 0.0
0:00:00.436481, 0.0, 0.0, 90.0, 0.0, 0.0
0:00:00.529285, 0.0, 0.0, 90.0, 0.0, 0.0
0:00:00.621988, 0.0, 0.0, 90.0, 0.0, 0.0
0:00:00.731413, 0.0, 0.0, 90.0, 0.0, 0.0
0:00:00.809190, 0.0, 0.0, 90.0, 0.0, 0.0
0:00:00.918018, 0.0, 0.0, 90.0, 0.0, 0.0
0:00:00.996006, 0.0, 0.0, 90.0, 0.0, 0.0
0:00:01.104584, 0.0, 0.0, 90.0, 0.0, 0.0
0:00:01.195243, 0.0, 0.0, 90.0, 0.0, 0.0
0:00:01.281506, 0.0, 0.0, 90.0, 0.0, 0.0
0:00:01.381168, 0.0, 0.0, 90.0, 0.0, 0.0
0:00:01.474312, 0.0, 0.0, 90.0, 0.0, 0.0
0:00:01.566611, 0.0, 0.0, 90.0, 0.0, 0.0
0:00:01.674905, 0.0, 0.0, 90.0, 0.0, 0.0
0:00:01.750631, 0.0, 0.0, 90.0, 0.0, 0.0
0:00:01.843265, 0.0, 0.0, 90.0, 0.0, 0.0
0:00:01.935116, 0.0, 0.0, 90.0, 0.0, 0.0
0:00:02.043616, 0.0, 0.0, 90.0, 0.0, 0.0
0:00:02.135446, 0.0, 0.0, 90.0, 0.0, 0.0
0:00:02.229312, 0.0, 0.0, 90.0, 0.0, 0.0
0:00:02.320365, 0.0, 0.0, 90.0, 0.0, 0.0
0:00:02.412933, 0.0, 0.0, 90.0, 0.0, 0.0
0:00:02.505976, 0.0, 0.0, 90.0, 0.0, 0.0
0:00:02.598609, 0.0, 0.0, 90.0, 0.0, 0.0
0:00:02.690442, 0.0, 0.0, 90.0, 0.0, 0.0
0:00:02.780736, 0.0, 0.0, 90.0, 0.0, 0.0
0:00:02.872783, 0.0, 0.0, 90.0, 0.0, 0.0
0:00:02.965752, 0.0, 0.0, 90.0, 0.0, 0.0
0:00:03.073266, 0.0, 0.0, 90.0, 0.0, 0.0
0:00:03.165751, 0.0, 0.0, 90.0, 0.0, 0.0
0:00:03.257190, 0.0, 0.0, 90.0, 0.0, 0.0
0:00:03.349434, 0.0, 0.0, 90.0, 0.0, 0.0
0:00:03.442040, 0.0, 0.0, 90.0, 0.0, 0.0
0:00:03.535014, 0.0, 0.0, 90.0, 0.0, 0.0
0:00:03.625792, 0.0, 0.0, 90.0, 0.0, 0.0
0:00:03.717812, 0.0, 0.0, 90.0, 0.0, 0.0
0:00:03.811308, 0.0, 0.0, 90.0, 0.0, 0.0
0:00:03.905392, 0.0, 0.0, 90.0, 0.0, 0.0
0:00:03.997494, 0.0, 0.0, 90.0, 0.0, 0.0
0:00:04.107189, 0.0, 0.0, 90.0, 0.0, 0.0
0:00:04.184563, 0.0, 0.0, 90.0, 0.0, 0.0
0:00:04.292003, 0.0, 0.0, 90.0, 0.0, 0.0
0:00:04.382578, 0.0, 0.0, 90.0, 0.0, 0.0
0:00:04.473645, 0.0, 0.0, 90.0, 0.0, 0.0
0:00:04.565884, 0.0, 0.0, 90.0, 0.0, 0.0
0:00:04.659019, 0.0, 0.0, 90.0, 0.0, 0.0
0:00:04.750637, 0.0, 0.0, 90.0, 0.0, 0.0
0:00:04.843792, 0.0, 0.0, 90.0, 0.0, 0.0
0:00:04.935168, 0.0, 0.0, 90.0, 0.0, 0.0
0:00:05.027407, 0.0, 0.0, 90.0, 0.0, 0.0
0:00:05.134784, 0.0, 0.0, 90.0, 0.0, 0.0
0:00:05.225988, 0.0, 0.0, 90.0, 0.0, 0.0
0:00:05.318547, 0.0, 0.0, 90.0, 0.0, 0.0
0:00:05.412691, 0.0, 0.0, 90.0, 0.0, 0.0
0:00:05.505941, 0.0, 0.0, 90.0, 0.0, 0.0
0:00:05.599007, 0.0, 0.0, 90.0, 0.0, 0.0
0:00:05.691399, 0.0, 0.0, 90.0, 0.0, 0.0
0:00:05.783034, 0.0, 0.0, 90.0, 0.0, 0.0
0:00:05.889902, 0.0, 0.0, 90.0, 0.0, 0.0
0:00:05.982016, 0.0, 0.0, 90.0, 0.0, 0.0
0:00:06.074177, 0.0, 0.0, 90.0, 0.0, 0.0
0:00:06.182377, 0.0, 0.0, 90.0, 0.0, 0.0
0:00:06.259792, 0.0, 0.0, 90.0, 0.0, 0.0
0:00:06.352670, 0.0, 0.0, 90.0, 0.0, 0.0
0:00:06.444059, 0.0, 0.0, 90.0, 0.0, 0.0
0:00:06.536903, 0.0, 0.0, 90.0, 0.0, 0.0
0:00:06.629584, 0.0, 0.0, 90.0, 0.0, 0.0
0:00:06.720815, 0.0, 0.0, 90.0, 0.0, 0.0
0:00:06.813890, 0.0, 0.0, 90.0, 0.0, 0.0
0:00:06.907459, 0.0, 0.0, 90.0, 0.0, 0.0
0:00:07.001285, 0.0, 0.0, 90.0, 0.0, 0.0
0:00:07.092583, 0.0, 0.0, 90.0, 0.0, 0.0
0:00:07.183945, 0.0, 0.0, 90.0, 0.0, 0.0
0:00:07.292108, 0.0, 0.0, 90.0, 0.0, 0.0
0:00:07.384584, 0.0, 0.0, 90.0, 0.0, 0.0
0:00:07.476819, 0.0, 0.0, 90.0, 0.0, 0.0
0:00:07.568506, 0.0, 0.0, 90.0, 0.0, 0.0
0:00:07.675650, 0.0, 0.0, 90.0, 0.0, 0.0
0:00:07.752541, 0.0, 0.0, 90.0, 0.0, 0.0
0:00:07.844620, 0.0, 0.0, 90.0, 0.0, 0.0
0:00:07.935738, 0.0, 0.0, 90.0, 0.0, 0.0
0:00:08.028618, 0.0, 0.0, 90.0, 0.0, 0.0
0:00:08.137406, 0.0, 0.0, 90.0, 0.0, 0.0
0:00:08.244261, 0.0, 0.0, 90.0, 0.0, 0.0
0:00:08.336728, 0.0, 0.0, 90.0, 0.0, 0.0
0:00:08.427747, 0.0, 0.0, 90.0, 0.0, 0.0
0:00:08.520105, 0.0, 0.0, 90.0, 0.0, 0.0
0:00:08.595746, 0.0, 0.0, 90.0, 0.0, 0.0
0:00:08.687943, 0.0, 0.0, 90.0, 0.0, 0.0
0:00:08.795027, 0.0, 0.0, 90.0, 0.0, 0.0
0:00:08.888135, 0.0, 0.0, 90.0, 0.0, 0.0
0:00:08.993375, 0.0, 0.0, 90.0, 0.0, 0.0
0:00:09.085084, 0.0, 0.0, 90.0, 0.0, 0.0
0:00:09.177951, 0.0, 0.0, 90.0, 0.0, 0.0
0:00:09.268768, 0.0, 0.0, 90.0, 0.0, 0.0
0:00:09.360495, 0.0, 0.0, 90.0, 0.0, 0.0
0:00:09.453145, 0.0, 0.0, 90.0, 0.0, 0.0
0:00:09.545372, 0.0, 0.0, 90.0, 0.0, 0.0
0:00:09.638545, 0.0, 0.0, 90.0, 0.0, 0.0
0:00:09.716422, 0.0, 0.0, 90.0, 0.0, 0.0
0:00:09.810092, 0.0, 0.0, 90.0, 0.0, 0.0
0:00:09.902362, 0.0, 0.0, 90.0, 0.0, 0.0
0:00:09.995759, 0.032245323061943054, 0.0, 90.0, 0.0, 0.008226958103477955
0:00:10.103143, 0.06714573502540588, 0.0, 90.0, 0.0, 0.0402660146355629
0:00:10.197133, 0.09629800915718079, 0.0, 90.0, 0.0, 0.0873614028096199
0:00:10.303890, 0.12410737574100494, 0.0, 90.0, 0.0, 0.1513320803642273
0:00:10.396155, 0.1506357192993164, 0.0, 90.0, 0.0, 0.23140066862106323
0:00:10.489515, 0.1762057989835739, 0.0, 90.0, 0.0, 0.32790955901145935
0:00:10.566490, 0.19706515967845917, 0.0, 90.0, 0.0, 0.42203962802886963
0:00:10.659975, 0.22023272514343262, 0.0, 90.0, 0.0, 0.5443410277366638
0:00:10.750289, 0.2423330843448639, 0.0, 90.0, 0.0, 0.6800533533096313
0:00:10.842485, 0.2636350989341736, 0.0, 90.0, 0.0, 0.830195963382721
0:00:10.949755, 0.28394562005996704, 0.0, 90.0, 0.0, 0.9927981495857239
0:00:11.041415, 0.3033107817173004, 0.0, 90.0, 0.0, 1.167279839515686
0:00:11.132532, 0.32196521759033203, 0.0, 90.0, 0.0, 1.3550909757614136
0:00:11.224814, 0.33956077694892883, 0.0, 90.0, 0.0, 1.5518105030059814
0:00:11.332201, 0.3563373386859894, 0.0, 90.0, 0.0, 1.758821725845337
0:00:11.409335, 0.3700232207775116, 0.0, 90.0, 0.0, 1.9430965185165405
0:00:11.503940, 0.38554054498672485, 0.0, 90.0, 0.0, 2.17033052444458
0:00:11.596721, 0.4001769721508026, 0.0, 90.0, 0.0, 2.4042351245880127
0:00:11.689623, 0.41427627205848694, 0.0, 90.0, 0.0, 2.6492881774902344
0:00:11.794946, 0.4275752305984497, 0.0, 90.0, 0.0, 2.9000003337860107
0:00:11.872084, 0.4386875629425049, 0.0, 90.0, 0.0, 3.12541127204895
0:00:11.964655, 0.45085030794143677, 0.0, 90.0, 0.0, 3.3904011249542236
0:00:12.071072, 0.46410977840423584, 0.0, 90.0, 0.0, 3.7031843662261963
0:00:12.178001, 0.47520244121551514, 0.0, 90.0, 0.0, 3.9860198497772217
0:00:12.253588, 0.4842633605003357, 0.0, 90.0, 0.0, 4.232812404632568
0:00:12.345455, 0.4944083094596863, 0.0, 90.0, 0.0, 4.527557373046875
0:00:12.438661, 0.5039775371551514, 0.0, 90.0, 0.0, 4.825138568878174
0:00:12.529241, 0.5119733810424805, 0.0, 90.0, 0.0, 5.089712619781494
0:00:12.620645, 0.520815372467041, 0.0, 90.0, 0.0, 5.400832653045654
0:00:12.728259, 0.5302659869194031, 0.0, 90.0, 0.0, 5.757081031799316
0:00:12.821170, 0.5382477641105652, 0.0, 90.0, 0.0, 6.07900857925415
0:00:12.904909, 0.5447674989700317, 0.0, 90.0, 0.0, 6.357734203338623
0:00:12.997477, 0.5520673394203186, 0.0, 90.0, 0.0, 6.688231468200684
0:00:13.098661, 0.5590237379074097, 0.0, 90.0, 0.0, 7.023043632507324
0:00:13.189846, 0.5655855536460876, 0.0, 90.0, 0.0, 7.3584184646606445
0:00:13.287061, 0.5719063878059387, 0.0, 90.0, 0.0, 7.701218128204346
0:00:13.375099, 0.5770694613456726, 0.0, 90.0, 0.0, 7.996992588043213
0:00:13.468178, 0.5828503370285034, 0.0, 90.0, 0.0, 8.346578598022461
0:00:13.559632, 0.5883592963218689, 0.0, 90.0, 0.0, 8.699581146240234
0:00:13.667028, 0.5943006873130798, 0.0, 90.0, 0.0, 9.104327201843262
0:00:13.776098, 0.5992203950881958, 0.0, 90.0, 0.0, 9.460335731506348
0:00:13.853955, 0.6033312678337097, 0.0, 90.0, 0.0, 9.773730278015137
0:00:13.946999, 0.6078771352767944, 0.0, 90.0, 0.0, 10.138836860656738
0:00:14.037839, 0.6122092604637146, 0.0, 90.0, 0.0, 10.506629943847656
0:00:14.146946, 0.6162953972816467, 0.0, 90.0, 0.0, 10.873113632202148
0:00:14.223932, 0.6197097897529602, 0.0, 90.0, 0.0, 11.195260047912598
0:00:14.316555, 0.6234468817710876, 0.0, 90.0, 0.0, 11.566130638122559
0:00:14.409918, 0.6270468831062317, 0.0, 90.0, 0.0, 11.943122863769531
0:00:14.502566, 0.6304775476455688, 0.0, 90.0, 0.0, 12.322240829467773
0:00:14.610191, 0.633746862411499, 0.0, 90.0, 0.0, 12.703387260437012
0:00:14.703305, 0.6368306279182434, 0.0, 90.0, 0.0, 13.082468032836914
0:00:14.780952, 0.6394073367118835, 0.0, 90.0, 0.0, 13.415142059326172
0:00:14.873799, 0.6422567367553711, 0.0, 90.0, 0.0, 13.801566123962402
0:00:14.971831, 0.644944429397583, 0.0, 90.0, 0.5703712105751038, 14.185623168945312
0:00:15.072429, 0.6475334763526917, 0.0, 90.0, 0.9443854093551636, 14.575319290161133
0:00:15.164674, 0.6500006318092346, 0.0, 90.0, 1.2456401586532593, 14.966546058654785
0:00:15.256502, 0.6523517966270447, 0.0, 90.0, 1.5191363096237183, 15.35922908782959
0:00:15.364083, 0.6545695662498474, 0.0, 90.0, 1.7649507522583008, 15.749191284179688
0:00:15.441625, 0.6564227342605591, 0.0, 90.0, 1.9613207578659058, 16.090957641601562
0:00:15.533366, 0.6584720015525818, 0.0, 90.0, 2.168872117996216, 16.487436294555664
0:00:15.625499, 0.6604248285293579, 0.0, 90.0, 2.357299327850342, 16.88512420654297
0:00:15.733016, 0.6622859239578247, 0.0, 90.0, 2.5283641815185547, 17.28396987915039
0:00:15.811895, 0.6638060808181763, 0.0, 90.0, 2.661940336227417, 17.62552261352539
0:00:15.904884, 0.6655080914497375, 0.0, 90.0, 2.804939031600952, 18.0263614654541
0:00:15.997603, 0.6671299934387207, 0.0, 90.0, 2.9347572326660156, 18.42820930480957
0:00:16.092811, 0.6686757206916809, 0.0, 90.0, 3.0526134967803955, 18.831016540527344
0:00:16.200126, 0.6701337099075317, 0.0, 90.0, 3.158541202545166, 19.230525970458984
0:00:16.294177, 0.6715381145477295, 0.0, 90.0, 3.2557806968688965, 19.635103225708008
0:00:16.371136, 0.6726990938186646, 0.0, 90.0, 3.332603693008423, 19.985567092895508
0:00:16.464721, 0.6739829182624817, 0.0, 90.0, 3.4138009548187256, 20.39166259765625
0:00:16.572680, 0.6753675937652588, 0.0, 90.0, 3.4969592094421387, 20.853670120239258
0:00:16.665796, 0.6765141487121582, 0.0, 90.0, 3.5623528957366943, 21.257097244262695
0:00:16.762937, 0.6776185631752014, 0.0, 90.0, 3.622382640838623, 21.665447235107422
0:00:16.846313, 0.6785207390785217, 0.0, 90.0, 3.669255495071411, 22.01476287841797
0:00:16.944360, 0.6795307993888855, 0.0, 90.0, 3.7194347381591797, 22.424299240112305
0:00:17.035799, 0.6804933547973633, 0.0, 90.0, 3.7649898529052734, 22.83443260192871
0:00:17.144558, 0.6814106106758118, 0.0, 90.0, 3.8063459396362305, 23.245136260986328
0:00:17.212694, 0.6821599006652832, 0.0, 90.0, 3.8386387825012207, 23.596372604370117
0:00:17.312143, 0.682998776435852, 0.0, 90.0, 3.8732099533081055, 24.0080623626709
0:00:17.404981, 0.6837981343269348, 0.0, 90.0, 3.9045956134796143, 24.420246124267578
0:00:17.505083, 0.6845600605010986, 0.0, 90.0, 3.933088541030884, 24.832902908325195
0:00:17.589572, 0.6851898431777954, 0.0, 90.0, 3.955598831176758, 25.190038681030273
0:00:17.695679, 0.6859779953956604, 0.0, 90.0, 3.9824397563934326, 25.659542083740234
0:00:17.788067, 0.6866306066513062, 0.0, 90.0, 4.003546714782715, 26.069171905517578
0:00:17.879443, 0.6871760487556458, 0.0, 90.0, 4.0204081535339355, 26.427371978759766
0:00:17.971747, 0.6877791285514832, 0.0, 90.0, 4.038229465484619, 26.842021942138672
0:00:18.062963, 0.6883537769317627, 0.0, 90.0, 4.054409027099609, 27.257030487060547
0:00:18.170023, 0.688901424407959, 0.0, 90.0, 4.069097518920898, 27.67237663269043
0:00:18.262313, 0.6894233822822571, 0.0, 90.0, 4.082432270050049, 28.088048934936523
0:00:18.353960, 0.689915657043457, 0.0, 90.0, 4.094418525695801, 28.499698638916016
0:00:18.445821, 0.69038987159729, 0.0, 90.0, 4.10542106628418, 28.915969848632812
0:00:18.554513, 0.6908417344093323, 0.0, 90.0, 4.1154093742370605, 29.33251953125
0:00:18.631408, 0.6912152767181396, 0.0, 90.0, 4.123300075531006, 29.6928768157959
0:00:18.724505, 0.6916283369064331, 0.0, 90.0, 4.1316399574279785, 30.109914779663086
0:00:18.816401, 0.6920221447944641, 0.0, 90.0, 4.139212608337402, 30.52720069885254
0:00:18.923163, 0.69239342212677, 0.0, 90.0, 4.146017551422119, 30.940364837646484
0:00:18.998662, 0.6927037239074707, 0.0, 90.0, 4.151453971862793, 31.301517486572266
0:00:19.092180, 0.6930468678474426, 0.0, 90.0, 4.157200336456299, 31.719432830810547
0:00:19.198647, 0.6933737993240356, 0.0, 90.0, 4.162417411804199, 32.13755798339844
0:00:19.306926, 0.6937264800071716, 0.0, 90.0, 4.167760372161865, 32.6125373840332
0:00:19.383556, 0.6939793825149536, 0.0, 90.0, 4.171410083770752, 32.97001266479492
0:00:19.476436, 0.6942625641822815, 0.0, 90.0, 4.175317764282227, 33.38868713378906
0:00:19.568753, 0.6945322751998901, 0.0, 90.0, 4.1788649559021, 33.80752944946289
0:00:19.676054, 0.6947894096374512, 0.0, 90.0, 4.18208646774292, 34.22652816772461
0:00:19.768953, 0.6950344443321228, 0.0, 90.0, 4.1850104331970215, 34.64567947387695
0:00:19.845079, 0.6952369213104248, 0.0, 90.0, 4.187320232391357, 35.0081901550293
0:00:19.951573, 0.6954607963562012, 0.0, 90.0, 4.189762115478516, 35.4276008605957
0:00:20.027302, 0.6956436634063721, 0.0, 90.0, 4.191668510437012, 35.785953521728516
0:00:20.134843, 0.6958776712417603, 0.0, 90.0, 4.193991184234619, 36.266822814941406
0:00:20.227970, 0.6960715055465698, 0.0, 90.0, 4.195817947387695, 36.686614990234375
0:00:20.322676, 0.6962543725967407, 0.0, 90.0, 4.197460651397705, 37.102149963378906
0:00:20.413618, 0.6964071393013, 0.0, 90.0, 4.198772430419922, 37.46528625488281
0:00:20.505663, 0.6965759992599487, 0.0, 90.0, 4.200158596038818, 37.88539123535156
0:00:20.612230, 0.6967369914054871, 0.0, 90.0, 4.201417446136475, 38.305599212646484
0:00:20.688993, 0.6968700885772705, 0.0, 90.0, 4.202412128448486, 38.668983459472656
0:00:20.782603, 0.697017252445221, 0.0, 90.0, 4.203463077545166, 39.089359283447266
0:00:20.875596, 0.6971574425697327, 0.0, 90.0, 4.204416751861572, 39.509830474853516
0:00:20.968265, 0.6972910761833191, 0.0, 90.0, 4.205282211303711, 39.930381774902344
0:00:21.077206, 0.6974184513092041, 0.0, 90.0, 4.206068515777588, 40.35101318359375
0:00:21.156564, 0.6975224614143372, 0.0, 90.0, 4.2066826820373535, 40.710357666015625
0:00:21.248771, 0.697638988494873, 0.0, 90.0, 4.207339763641357, 41.13112258911133
0:00:21.341844, 0.6977500319480896, 0.0, 90.0, 4.207935810089111, 41.55195617675781
0:00:21.435308, 0.6978558301925659, 0.0, 90.0, 4.2084784507751465, 41.97285079956055
0:00:21.543381, 0.6979566216468811, 0.0, 90.0, 4.208970069885254, 42.39381790161133
0:00:21.651410, 0.6980654001235962, 0.0, 90.0, 4.209474563598633, 42.871864318847656
0:00:21.744591, 0.6981563568115234, 0.0, 90.0, 4.209874629974365, 43.29295349121094
0:00:21.822827, 0.69823157787323, 0.0, 90.0, 4.210190773010254, 43.65705871582031
0:00:21.916406, 0.6983147859573364, 0.0, 90.0, 4.210525035858154, 44.078243255615234
0:00:22.010441, 0.6983940601348877, 0.0, 90.0, 4.21082878112793, 44.49947738647461
0:00:22.119918, 0.6984695792198181, 0.0, 90.0, 4.211103916168213, 44.920753479003906
0:00:22.214972, 0.6985414624214172, 0.0, 90.0, 4.211353778839111, 45.34208297729492
0:00:22.293410, 0.6986003518104553, 0.0, 90.0, 4.211549282073975, 45.70199966430664
0:00:22.372344, 0.6986573934555054, 0.0, 90.0, 4.211731433868408, 46.06633377075195
0:00:22.464552, 0.698720395565033, 0.0, 90.0, 4.211923122406006, 46.487770080566406
0:00:22.572819, 0.6987885236740112, 0.0, 90.0, 4.212120532989502, 46.9663200378418
0:00:22.680080, 0.6988454461097717, 0.0, 90.0, 4.212277412414551, 47.38783645629883
0:00:22.756751, 0.6988925337791443, 0.0, 90.0, 4.212401390075684, 47.752296447753906
0:00:22.850548, 0.698944628238678, 0.0, 90.0, 4.212532043457031, 48.17387008666992
0:00:22.944335, 0.6989942789077759, 0.0, 90.0, 4.212651252746582, 48.59547805786133
0:00:23.052347, 0.6990415453910828, 0.0, 90.0, 4.212758541107178, 49.01711654663086
0:00:23.145455, 0.6990866661071777, 0.0, 90.0, 4.212856292724609, 49.438777923583984
0:00:23.224362, 0.6991235017776489, 0.0, 90.0, 4.212932109832764, 49.79896926879883
0:00:23.315936, 0.6991647481918335, 0.0, 90.0, 4.213014125823975, 50.220680236816406
0:00:23.409016, 0.6992039680480957, 0.0, 90.0, 4.213087558746338, 50.64241409301758
0:00:23.519375, 0.6992413997650146, 0.0, 90.0, 4.2131547927856445, 51.06417465209961
0:00:23.612201, 0.6992770433425903, 0.0, 90.0, 4.2132158279418945, 51.485958099365234
0:00:23.689406, 0.6993065476417542, 0.0, 90.0, 4.213264465332031, 51.85063552856445
0:00:23.781333, 0.6993391513824463, 0.0, 90.0, 4.213315486907959, 52.27245330810547
0:00:23.874831, 0.6993702054023743, 0.0, 90.0, 4.213361740112305, 52.694297790527344
0:00:23.982599, 0.6993995308876038, 0.0, 90.0, 4.213403224945068, 53.111759185791016
0:00:24.058835, 0.6994240283966064, 0.0, 90.0, 4.213437080383301, 53.476505279541016
0:00:24.165379, 0.699454665184021, 0.0, 90.0, 4.21347713470459, 53.955528259277344
0:00:24.272345, 0.6994803547859192, 0.0, 90.0, 4.2135090827941895, 54.3774299621582
0:00:24.366724, 0.6995047926902771, 0.0, 90.0, 4.213537693023682, 54.79935836791992
0:00:24.445060, 0.699524998664856, 0.0, 90.0, 4.213560104370117, 55.164154052734375
0:00:24.537502, 0.6995473504066467, 0.0, 90.0, 4.213583946228027, 55.58610916137695
0:00:24.628737, 0.6995686888694763, 0.0, 90.0, 4.2136054039001465, 56.0080680847168
0:00:24.736351, 0.6995890140533447, 0.0, 90.0, 4.213624954223633, 56.43004608154297
0:00:24.813813, 0.6996057629585266, 0.0, 90.0, 4.213640213012695, 56.79488754272461
0:00:24.905018, 0.6996243000030518, 0.0, 90.0, 4.213656902313232, 57.21688461303711
0:00:25.011946, 0.6996419429779053, 0.0, 90.0, 4.2136712074279785, 57.63889694213867
0:00:25.119224, 0.6996609568595886, 0.0, 90.0, 4.213686943054199, 58.11806106567383
0:00:25.196123, 0.6996747851371765, 0.0, 90.0, 4.21369743347168, 58.482940673828125
0:00:25.289803, 0.6996901035308838, 0.0, 90.0, 4.213708400726318, 58.90497970581055
0:00:25.398131, 0.699704647064209, 0.0, 90.0, 4.213718891143799, 59.3270263671875
0:00:25.474962, 0.6997167468070984, 0.0, 90.0, 4.213727951049805, 59.691925048828125
0:00:25.566785, 0.6997300386428833, 0.0, 90.0, 4.213735580444336, 60.11399459838867
0:00:25.659859, 0.6997426748275757, 0.0, 90.0, 4.213742733001709, 60.53606414794922
0:00:25.745827, 0.6997531652450562, 0.0, 90.0, 4.213748931884766, 60.90098571777344
0:00:25.859460, 0.6997663378715515, 0.0, 90.0, 4.213756561279297, 61.380226135253906
0:00:25.937778, 0.6997758746147156, 0.0, 90.0, 4.213762283325195, 61.74516296386719
0:00:26.044014, 0.699786365032196, 0.0, 90.0, 4.213767051696777, 62.16726303100586
0:00:26.150615, 0.6997977495193481, 0.0, 90.0, 4.213771343231201, 62.64652633666992
0:00:26.226750, 0.6998060345649719, 0.0, 90.0, 4.213774681091309, 63.011470794677734
0:00:26.320390, 0.6998152136802673, 0.0, 90.0, 4.213778018951416, 63.433589935302734
0:00:26.412484, 0.6998239755630493, 0.0, 90.0, 4.213781356811523, 63.855712890625
0:00:26.504016, 0.6998312473297119, 0.0, 90.0, 4.213784217834473, 64.22067260742188
0:00:26.598368, 0.6998392343521118, 0.0, 90.0, 4.21378755569458, 64.642822265625
0:00:26.689073, 0.6998468041419983, 0.0, 90.0, 4.2137908935546875, 65.06497192382812
0:00:26.795783, 0.6998539566993713, 0.0, 90.0, 4.213794231414795, 65.48712158203125
0:00:26.872159, 0.6998599767684937, 0.0, 90.0, 4.213797092437744, 65.85210418701172
0:00:26.965220, 0.6998665928840637, 0.0, 90.0, 4.213800430297852, 66.27425384521484
0:00:27.072748, 0.699873685836792, 0.0, 90.0, 4.213801860809326, 66.75357055664062
0:00:27.163876, 0.6998788118362427, 0.0, 90.0, 4.213802337646484, 67.1185531616211
0:00:27.256585, 0.6998845338821411, 0.0, 90.0, 4.213802814483643, 67.54070281982422
0:00:27.349565, 0.6998898386955261, 0.0, 90.0, 4.213803291320801, 67.96285247802734
0:00:27.457719, 0.6998951435089111, 0.0, 90.0, 4.213803768157959, 68.38501739501953
0:00:27.550855, 0.6999000310897827, 0.0, 90.0, 4.213803768157959, 68.80718231201172
0:00:27.627763, 0.6999041438102722, 0.0, 90.0, 4.213804244995117, 69.17218017578125
0:00:27.719216, 0.6999086141586304, 0.0, 90.0, 4.213804244995117, 69.59434509277344
0:00:27.828014, 0.699912965297699, 0.0, 90.0, 4.213804244995117, 70.01651763916016
0:00:27.905282, 0.6999164819717407, 0.0, 90.0, 4.213804244995117, 70.38152313232422
0:00:27.998731, 0.6999204754829407, 0.0, 90.0, 4.213804244995117, 70.80369567871094
0:00:28.090999, 0.6999241709709167, 0.0, 90.0, 4.213804721832275, 71.22586059570312
0:00:28.198277, 0.6999277472496033, 0.0, 90.0, 4.213804721832275, 71.64805603027344
0:00:28.307348, 0.6999316811561584, 0.0, 90.0, 4.213804721832275, 72.13182830810547
0:00:28.383999, 0.6999344229698181, 0.0, 90.0, 4.213804721832275, 72.49685668945312
0:00:28.475621, 0.6999375224113464, 0.0, 90.0, 4.213804721832275, 72.91905975341797
0:00:28.581309, 0.6999405026435852, 0.0, 90.0, 4.213804721832275, 73.34126281738281
0:00:28.659514, 0.6999428868293762, 0.0, 90.0, 4.213804721832275, 73.70629119873047
0:00:28.753276, 0.6999455690383911, 0.0, 90.0, 4.213804721832275, 74.12849426269531
0:00:28.858815, 0.6999481320381165, 0.0, 90.0, 4.213804721832275, 74.55069732666016
0:00:28.951223, 0.6999505758285522, 0.0, 90.0, 4.213804721832275, 74.972900390625
0:00:29.027913, 0.6999526023864746, 0.0, 90.0, 4.213804721832275, 75.33792877197266
0:00:29.135985, 0.6999551057815552, 0.0, 90.0, 4.213804721832275, 75.81730651855469
0:00:29.243009, 0.6999572515487671, 0.0, 90.0, 4.213804721832275, 76.23951721191406
0:00:29.335577, 0.6999593377113342, 0.0, 90.0, 4.213804721832275, 76.66612243652344
0:00:29.412474, 0.6999609470367432, 0.0, 90.0, 4.213804721832275, 77.0311508178711
0:00:29.505734, 0.6999627351760864, 0.0, 90.0, 4.213804721832275, 77.45335388183594
0:00:29.612654, 0.6999644637107849, 0.0, 90.0, 4.213804721832275, 77.87555694580078
0:00:29.687785, 0.6999659538269043, 0.0, 90.0, 4.213804721832275, 78.24058532714844
0:00:29.779393, 0.6999676823616028, 0.0, 90.0, 4.213804721832275, 78.66278839111328
0:00:29.870574, 0.6999689340591431, 0.0, 90.0, 4.213804721832275, 79.02781677246094
0:00:29.978387, 0.699970543384552, 0.0, 90.0, 4.213804721832275, 79.50719451904297
0:00:30.072198, 0.6999718546867371, 0.0, 90.0, 4.213804721832275, 79.92940521240234
0:00:30.165747, 0.6999731659889221, 0.0, 90.0, 4.213804721832275, 80.35161590576172
0:00:30.273705, 0.6999744772911072, 0.0, 90.0, 4.213804721832275, 80.7782211303711
0:00:30.367683, 0.6999757289886475, 0.0, 90.0, 4.213804721832275, 81.20043182373047
0:00:30.445686, 0.6999768018722534, 0.0, 90.0, 4.213804721832275, 81.56547546386719
0:00:30.520479, 0.6999777555465698, 0.0, 90.0, 4.213804721832275, 81.9305191040039
0:00:30.630891, 0.6999788880348206, 0.0, 90.0, 4.213804721832275, 82.409912109375
0:00:30.739887, 0.6999797821044922, 0.0, 90.0, 4.213804721832275, 82.8321304321289
0:00:30.817094, 0.6999805569648743, 0.0, 90.0, 4.213804721832275, 83.19717407226562
0:00:30.908926, 0.6999814510345459, 0.0, 90.0, 4.213804721832275, 83.61940002441406
0:00:31.002871, 0.6999822854995728, 0.0, 90.0, 4.213804721832275, 84.0416259765625
0:00:31.110476, 0.6999831199645996, 0.0, 90.0, 4.213804721832275, 84.46385192871094
0:00:31.187213, 0.6999838352203369, 0.0, 90.0, 4.213804721832275, 84.82890319824219
0:00:31.277951, 0.6999846696853638, 0.0, 90.0, 4.213804721832275, 85.25112915039062
0:00:31.400137, 0.6999856233596802, 0.0, 90.0, 4.213804721832275, 85.73052978515625
0:00:31.491069, 0.699986457824707, 0.0, 90.0, 4.213804721832275, 86.15715026855469
0:00:31.568054, 0.69998699426651, 0.0, 90.0, 4.213804721832275, 86.52220153808594
0:00:31.661687, 0.6999874711036682, 0.0, 90.0, 4.213804721832275, 86.94442749023438
0:00:31.753362, 0.6999878883361816, 0.0, 90.0, 4.213804721832275, 87.3050765991211
0:00:31.861027, 0.6999884247779846, 0.0, 90.0, 4.213804721832275, 87.78887176513672
0:00:31.938557, 0.699988842010498, 0.0, 90.0, 4.213804721832275, 88.15392303466797
0:00:32.047997, 0.6999892592430115, 0.0, 90.0, 4.213804721832275, 88.5761489868164
0:00:32.141701, 0.6999896764755249, 0.0, 90.0, 4.213804721832275, 88.99837493896484
0:00:32.218951, 0.6999900341033936, 0.0, 90.0, 4.213804721832275, 89.3634262084961
0:00:32.310956, 0.699990451335907, 0.0, 90.0, 4.213804721832275, 89.78565216064453
0:00:32.405504, 0.6999908685684204, 0.0, 90.0, 4.213804721832275, 90.20787811279297
0:00:32.512848, 0.6999912858009338, 0.0, 90.0, 4.213804721832275, 90.6301040649414
0:00:32.604165, 0.6999917030334473, 0.0, 90.0, 4.213804721832275, 91.05232238769531
0:00:32.695633, 0.6999921202659607, 0.0, 90.0, 4.213804721832275, 91.47454071044922
0:00:32.788884, 0.6999925374984741, 0.0, 90.0, 4.213804721832275, 91.89675903320312
0:00:32.897802, 0.6999929547309875, 0.0, 90.0, 4.213804721832275, 92.32337951660156
0:00:32.974874, 0.6999933123588562, 0.0, 90.0, 4.213804721832275, 92.68843078613281
0:00:33.066952, 0.6999937295913696, 0.0, 90.0, 4.213804721832275, 93.11065673828125
0:00:33.158714, 0.6999941468238831, 0.0, 90.0, 4.213804721832275, 93.53288269042969
0:00:33.266473, 0.6999945640563965, 0.0, 90.0, 4.213804721832275, 93.95510864257812
0:00:33.337073, 0.6999949216842651, 0.0, 90.0, 4.213804721832275, 94.32015991210938
0:00:33.437805, 0.6999953389167786, 0.0, 90.0, 4.213804721832275, 94.74238586425781
0:00:33.528913, 0.6999955177307129, 0.0, 90.0, 4.213804721832275, 95.16461181640625
0:00:33.622314, 0.6999956965446472, 0.0, 90.0, 4.213804721832275, 95.5296630859375
0:00:33.716286, 0.699995756149292, 0.0, 90.0, 4.213804721832275, 95.95188903808594
0:00:33.804743, 0.6999958157539368, 0.0, 90.0, 4.213804721832275, 96.37410736083984
0:00:33.916256, 0.6999958753585815, 0.0, 90.0, 4.213804721832275, 96.85790252685547
0:00:34.024168, 0.6999959349632263, 0.0, 90.0, 4.213804721832275, 97.2801284790039
0:00:34.099693, 0.6999959945678711, 0.0, 90.0, 4.213804721832275, 97.64517974853516
0:00:34.191168, 0.6999960541725159, 0.0, 90.0, 4.213804721832275, 98.0674057006836
0:00:34.281686, 0.6999961137771606, 0.0, 90.0, 4.213804721832275, 98.43245697021484
0:00:34.374616, 0.6999961733818054, 0.0, 90.0, 4.213804721832275, 98.85468292236328
0:00:34.466287, 0.6999962329864502, 0.0, 90.0, 4.213804721832275, 99.27690124511719
0:00:34.574237, 0.699996292591095, 0.0, 90.0, 4.213804721832275, 99.70352172851562
0:00:34.680403, 0.699996292591095, 0.0, 90.0, 4.213804721832275, 100.18292236328125
0:00:34.757198, 0.699996292591095, 0.0, 90.0, 4.213804721832275, 100.5479736328125
0:00:34.864951, 0.699996292591095, 0.0, 90.0, 4.213804721832275, 100.97019958496094
0:00:34.958797, 0.6999963521957397, 0.0, 90.0, 4.213804721832275, 101.39241790771484
0:00:35.050263, 0.6999964118003845, 0.0, 90.0, 4.213804721832275, 101.81903839111328
0:00:35.126454, 0.6999964118003845, 0.0, 90.0, 4.213804721832275, 102.18408966064453
0:00:35.234664, 0.6999964118003845, 0.0, 90.0, 4.213804721832275, 102.60631561279297
0:00:35.313402, 0.6999964118003845, 0.0, 90.0, 4.213804721832275, 102.97136688232422
0:00:35.405927, 0.6999964118003845, 0.0, 90.0, 4.213804721832275, 103.39359283447266
0:00:35.498044, 0.6999964118003845, 0.0, 90.0, 4.213804721832275, 103.8158187866211
0:00:35.605156, 0.6999964714050293, 0.0, 90.0, 4.213804721832275, 104.238037109375
0:00:35.683118, 0.6999965310096741, 0.0, 90.0, 4.213804721832275, 104.60308074951172
0:00:35.791031, 0.6999965310096741, 0.0, 90.0, 4.213804721832275, 105.08687591552734
0:00:35.881627, 0.6999965310096741, 0.0, 90.0, 4.213804721832275, 105.50910186767578
0:00:35.990232, 0.6999965310096741, 0.0, 90.0, 4.213804721832275, 105.93132781982422
0:00:36.069297, 0.6999965310096741, 0.0, 90.0, 4.213804721832275, 106.29637145996094
0:00:36.161829, 0.6999965310096741, 0.0, 90.0, 4.213804721832275, 106.71859741210938
0:00:36.252496, 0.6999965310096741, 0.0, 90.0, 4.213804721832275, 107.14081573486328
0:00:36.344948, 0.6999965310096741, 0.0, 90.0, 4.213804721832275, 107.505859375
0:00:36.437978, 0.6999965310096741, 0.0, 90.0, 4.213804721832275, 107.93247985839844
0:00:36.529741, 0.6999965310096741, 0.0, 90.0, 4.213804721832275, 108.35470581054688
0:00:36.623812, 0.6999965310096741, 0.0, 90.0, 4.213804721832275, 108.77693176269531
0:00:36.731289, 0.6999965310096741, 0.0, 90.0, 4.213804721832275, 109.19915771484375
0:00:36.808897, 0.6999965310096741, 0.0, 90.0, 4.213804721832275, 109.56420135498047
0:00:36.902690, 0.6999965310096741, 0.0, 90.0, 4.213804721832275, 109.9864273071289
0:00:37.010992, 0.6999965310096741, 0.0, 90.0, 4.213804721832275, 110.47022247314453
0:00:37.104246, 0.6999965310096741, 0.0, 90.0, 4.213804721832275, 110.89244842529297
0:00:37.195860, 0.6999965310096741, 0.0, 90.0, 4.213804721832275, 111.25749969482422
0:00:37.289497, 0.6999965310096741, 0.0, 90.0, 4.213804721832275, 111.67972564697266
0:00:37.380363, 0.6999965310096741, 0.0, 90.0, 4.213804721832275, 112.10194396972656
0:00:37.471524, 0.6999965310096741, 0.0, 90.0, 4.213804721832275, 112.46698760986328
0:00:37.565210, 0.6999965310096741, 0.0, 90.0, 4.213804721832275, 112.89360809326172
0:00:37.656876, 0.6999965310096741, 0.0, 90.0, 4.213804721832275, 113.31583404541016
0:00:37.764316, 0.6999965310096741, 0.0, 90.0, 4.213804721832275, 113.7380599975586
0:00:37.841717, 0.6999965310096741, 0.0, 90.0, 4.213804721832275, 114.10311126708984
0:00:37.934895, 0.6999965310096741, 0.0, 90.0, 4.213804721832275, 114.52533721923828
0:00:38.041036, 0.6999965310096741, 0.0, 90.0, 4.213804721832275, 115.0091323852539
0:00:38.149138, 0.6999965310096741, 0.0, 90.0, 4.213804721832275, 115.43135833740234
0:00:38.226212, 0.6999965310096741, 0.0, 90.0, 4.213804721832275, 115.7964096069336
0:00:38.317102, 0.6999965310096741, 0.0, 90.0, 4.213804721832275, 116.21863555908203
0:00:38.425767, 0.6999965310096741, 0.0, 90.0, 4.213804721832275, 116.64086151123047
0:00:38.519496, 0.6999965310096741, 0.0, 90.0, 4.213804721832275, 117.0630874633789
0:00:38.597010, 0.6999965310096741, 0.0, 90.0, 4.213804721832275, 117.42813110351562
0:00:38.689540, 0.6999965310096741, 0.0, 90.0, 4.213804721832275, 117.85034942626953
0:00:38.782710, 0.6999965310096741, 0.0, 90.0, 4.213804721832275, 118.27696990966797
0:00:38.891033, 0.6999965310096741, 0.0, 90.0, 4.213804721832275, 118.6991958618164
0:00:38.966871, 0.6999965310096741, 0.0, 90.0, 4.213804721832275, 119.06424713134766
0:00:39.058245, 0.6999965310096741, 0.0, 90.0, 4.213804721832275, 119.4864730834961
0:00:39.179042, 0.6999965310096741, 0.0, 90.0, 4.213804721832275, 119.97026824951172
0:00:39.256019, 0.6999965310096741, 0.0, 90.0, 4.213804721832275, 120.33531951904297
0:00:39.347583, 0.6999965310096741, 0.0, 90.0, 4.213804721832275, 120.7575454711914
0:00:39.455859, 0.6999965310096741, 0.0, 90.0, 4.213804721832275, 121.17977142333984
0:00:39.549537, 0.6999965310096741, 0.0, 90.0, 4.213804721832275, 121.60198974609375
0:00:39.625661, 0.6999965310096741, 0.0, 90.0, 4.213804721832275, 121.96703338623047
0:00:39.719110, 0.6999965310096741, 0.0, 90.0, 4.213804721832275, 122.38925170898438
0:00:39.828157, 0.6999965310096741, 0.0, 90.0, 4.213804721832275, 122.81587219238281
0:00:39.904520, 0.6999965310096741, 0.0, 90.0, 4.213804721832275, 123.17652130126953
0:00:39.997488, 0.6999965310096741, 0.0, 90.0, 4.213804721832275, 123.59873962402344
0:00:40.091455, 0.6999965310096741, 0.0, 90.0, 4.213804721832275, 124.02536010742188
0:00:40.186870, 0.6999965310096741, 0.0, 90.0, 4.213804721832275, 124.44758605957031
0:00:40.306847, 0.6999965310096741, 0.0, 90.0, 4.213804721832275, 124.92698669433594
0:00:40.384259, 0.6999965310096741, 0.0, 90.0, 4.213804721832275, 125.29203033447266
0:00:40.478235, 0.6999965310096741, 0.0, 90.0, 4.213804721832275, 125.7186508178711
0:00:40.570258, 0.6999965310096741, 0.0, 90.0, 4.213804721832275, 126.14087677001953
0:00:40.678375, 0.6999965310096741, 0.0, 90.0, 4.213804721832275, 126.56310272216797
0:00:40.755181, 0.6999965310096741, 0.0, 90.0, 4.213804721832275, 126.92815399169922
0:00:40.847550, 0.6999965310096741, 0.0, 90.0, 4.213804721832275, 127.35037994384766
0:00:40.955442, 0.6999965310096741, 0.0, 90.0, 4.213804721832275, 127.77259826660156
0:00:41.032030, 0.6999965310096741, 0.0, 90.0, 4.213804721832275, 128.13763427734375
0:00:41.123713, 0.6999965310096741, 0.0, 90.0, 4.213804721832275, 128.56423950195312
0:00:41.230446, 0.6999965310096741, 0.0, 90.0, 4.213804721832275, 128.9864501953125
0:00:41.308305, 0.6999965310096741, 0.0, 90.0, 4.213804721832275, 129.3514862060547
0:00:41.416458, 0.6999965310096741, 0.0, 90.0, 4.213804721832275, 129.83087158203125
0:00:41.509148, 0.6999965310096741, 0.0, 90.0, 4.213804721832275, 130.25747680664062
0:00:41.601439, 0.6999965310096741, 0.0, 90.0, 4.213804721832275, 130.6796875
0:00:41.709047, 0.6999965310096741, 0.0, 90.0, 4.213804721832275, 131.10189819335938
0:00:41.786347, 0.6999965310096741, 0.0, 90.0, 4.213804721832275, 131.46693420410156
0:00:41.879359, 0.6999965310096741, 0.0, 90.0, 4.213804721832275, 131.89353942871094
0:00:41.987906, 0.6999965310096741, 0.0, 90.0, 4.213804721832275, 132.3157501220703
0:00:42.079864, 0.6999965310096741, 0.0, 90.0, 4.213804721832275, 132.7379608154297
0:00:42.156565, 0.6999965310096741, 0.0, 90.0, 4.213804721832275, 133.10299682617188
0:00:42.262905, 0.6999965310096741, 0.0, 90.0, 4.213804721832275, 133.52960205078125
0:00:42.354843, 0.6999965310096741, 0.0, 90.0, 4.213804721832275, 133.95181274414062
0:00:42.446871, 0.6999965310096741, 0.0, 90.0, 4.213804721832275, 134.37841796875
0:00:42.553061, 0.6999965310096741, 0.0, 90.0, 4.213804721832275, 134.80062866210938
0:00:42.620992, 0.6999965310096741, 0.0, 90.0, 4.213804721832275, 135.16566467285156
0:00:42.722895, 0.6999965310096741, 2.579998731613159, 90.0, 4.213804721832275, 135.58787536621094
0:00:42.815511, 0.6999965310096741, 10.715777397155762, 90.0, 4.213804721832275, 136.0144805908203
0:00:42.924231, 0.6999965310096741, 18.02124786376953, 90.0, 4.213804721832275, 136.4366912841797
0:00:43.001265, 0.6999965310096741, 23.860164642333984, 90.0, 4.213804721832275, 136.80612182617188
0:00:43.092785, 0.6999965310096741, 29.95447540283203, 90.0, 4.213804721832275, 137.22833251953125
0:00:43.200779, 0.6999965310096741, 35.542640686035156, 90.0, 4.213804721832275, 137.65493774414062
0:00:43.293338, 0.6999965310096741, 40.56049728393555, 90.0, 4.213804721832275, 138.0771484375
0:00:43.385020, 0.6999965310096741, 45.16160202026367, 90.0, 4.213804721832275, 138.50375366210938
0:00:43.477038, 0.6999965310096741, 49.29314041137695, 90.0, 4.213804721832275, 138.92596435546875
0:00:43.584670, 0.6999965310096741, 53.081539154052734, 90.0, 4.213804721832275, 139.35256958007812
0:00:43.663043, 0.6999965310096741, 56.041847229003906, 90.0, 4.213804721832275, 139.7176055908203
0:00:43.756971, 0.6999965310096741, 59.17085266113281, 90.0, 4.213804721832275, 140.1398162841797
0:00:43.849862, 0.6999965310096741, 62.03997802734375, 90.0, 4.213804721832275, 140.56642150878906
0:00:43.940752, 0.6999965310096741, 64.28203582763672, 90.0, 4.213804721832275, 140.93145751953125
0:00:44.032840, 0.6999965310096741, 66.67549133300781, 90.0, 4.213804721832275, 141.35806274414062
0:00:44.124627, 0.6999965310096741, 68.8246841430664, 90.0, 4.213804721832275, 141.7802734375
0:00:44.231804, 0.6999965310096741, 70.79537200927734, 90.0, 4.213804721832275, 142.20687866210938
0:00:44.309751, 0.6999965310096741, 72.33529663085938, 90.0, 4.213804721832275, 142.57191467285156
0:00:44.402358, 0.6999965310096741, 73.9792251586914, 90.0, 4.213804721832275, 142.99851989746094
0:00:44.510940, 0.6999965310096741, 75.64450073242188, 90.0, 4.213804721832275, 143.4779052734375
0:00:44.602465, 0.6999965310096741, 76.79563903808594, 90.0, 4.213804721832275, 143.8429412841797
0:00:44.695744, 0.6999965310096741, 78.0245132446289, 90.0, 4.213804721832275, 144.26954650878906
0:00:44.801408, 0.6999965310096741, 79.13898468017578, 90.0, 4.213804721832275, 144.69615173339844
0:00:44.894876, 0.6999965310096741, 80.1397476196289, 90.0, 4.213804721832275, 145.1183624267578
0:00:44.970996, 0.6999965310096741, 80.93038940429688, 90.0, 4.213804721832275, 145.4833984375
0:00:45.062656, 0.6999965310096741, 81.77445220947266, 90.0, 4.213804721832275, 145.91000366210938
0:00:45.153882, 0.6999965310096741, 82.43402099609375, 90.0, 4.213804721832275, 146.27503967285156
0:00:45.246937, 0.6999965310096741, 83.13115692138672, 90.0, 4.213804721832275, 146.69725036621094
0:00:45.353709, 0.6999965310096741, 83.85139465332031, 90.0, 4.213804721832275, 147.1810302734375
0:00:45.460273, 0.6999965310096741, 84.42361450195312, 90.0, 4.213804721832275, 147.60763549804688
0:00:45.531739, 0.6999965310096741, 84.87076568603516, 90.0, 4.213804721832275, 147.97267150878906
0:00:45.628320, 0.6999965310096741, 85.34339141845703, 90.0, 4.213804721832275, 148.39488220214844
0:00:45.735943, 0.6999965310096741, 85.77676391601562, 90.0, 4.213804721832275, 148.8214874267578
0:00:45.813493, 0.6999965310096741, 86.11540985107422, 90.0, 4.213804721832275, 149.1865234375
0:00:45.905155, 0.6999965310096741, 86.47694396972656, 90.0, 4.213804721832275, 149.61312866210938
0:00:46.014635, 0.6999965310096741, 86.80155944824219, 90.0, 4.213804721832275, 150.03533935546875
0:00:46.090952, 0.6999965310096741, 87.05803680419922, 90.0, 4.213804721832275, 150.40037536621094
0:00:46.183480, 0.6999965310096741, 87.33183288574219, 90.0, 4.213804721832275, 150.8269805908203
0:00:46.290328, 0.6999965310096741, 87.61161041259766, 90.0, 4.213804721832275, 151.31076049804688
0:00:46.381801, 0.6999965310096741, 87.80313110351562, 90.0, 4.213804721832275, 151.67579650878906
0:00:46.473997, 0.6999965310096741, 88.00556182861328, 90.0, 4.213804721832275, 152.09800720214844
0:00:46.580931, 0.6999965310096741, 88.1911849975586, 90.0, 4.213804721832275, 152.5246124267578
0:00:46.656807, 0.6999965310096741, 88.33621978759766, 90.0, 4.213804721832275, 152.8896484375
0:00:46.749045, 0.6999965310096741, 88.4910659790039, 90.0, 4.213804721832275, 153.31625366210938
0:00:46.856713, 0.6999965310096741, 88.63009643554688, 90.0, 4.213804721832275, 153.73846435546875
0:00:46.950255, 0.6999965310096741, 88.75758361816406, 90.0, 4.213804721832275, 154.16506958007812
0:00:47.056667, 0.6999965310096741, 88.88672637939453, 90.0, 4.213804721832275, 154.6444549560547
0:00:47.133746, 0.6999965310096741, 88.97599792480469, 90.0, 4.213804721832275, 155.00949096679688
0:00:47.242324, 0.6999965310096741, 89.0712890625, 90.0, 4.213804721832275, 155.43609619140625
0:00:47.320401, 0.6999965310096741, 89.14575958251953, 90.0, 4.213804721832275, 155.80113220214844
0:00:47.412590, 0.6999965310096741, 89.22525024414062, 90.0, 4.213804721832275, 156.2277374267578
0:00:47.504567, 0.6999965310096741, 89.29663848876953, 90.0, 4.213804721832275, 156.6499481201172
0:00:47.611576, 0.6999965310096741, 89.36209869384766, 90.0, 4.213804721832275, 157.07655334472656
0:00:47.687744, 0.6999965310096741, 89.41325378417969, 90.0, 4.213804721832275, 157.44158935546875
0:00:47.793434, 0.6999965310096741, 89.46731567382812, 90.0, 4.213804721832275, 157.86380004882812
0:00:47.878635, 0.6999965310096741, 89.51689147949219, 90.0, 4.213804721832275, 158.2904052734375
0:00:47.976168, 0.6999965310096741, 89.28497314453125, 90.0, 4.213804721832275, 158.71261596679688
0:00:48.061560, 0.6999965310096741, 86.90938568115234, 90.0, 4.213804721832275, 159.08204650878906
0:00:48.161714, 0.6999965310096741, 80.283447265625, 90.0, 4.213804721832275, 159.50425720214844
0:00:48.253988, 0.6999965310096741, 72.9051284790039, 90.0, 4.213804721832275, 159.9308624267578
0:00:48.347041, 0.6999965310096741, 66.18744659423828, 90.0, 4.213804721832275, 160.3530731201172
0:00:48.454538, 0.6999965310096741, 60.08875274658203, 90.0, 4.213804721832275, 160.77528381347656
0:00:48.530821, 0.6999965310096741, 55.27035140991211, 90.0, 4.213804721832275, 161.14031982421875
0:00:48.622818, 0.6999965310096741, 50.12659454345703, 90.0, 4.213804721832275, 161.56692504882812
0:00:48.730953, 0.6999965310096741, 45.46154022216797, 90.0, 4.213804721832275, 161.9935302734375
0:00:48.822185, 0.6999965310096741, 41.272586822509766, 90.0, 4.213804721832275, 162.41574096679688
0:00:48.914371, 0.6999965310096741, 37.46961212158203, 90.0, 4.213804721832275, 162.83795166015625
0:00:49.020995, 0.6999965310096741, 33.982486724853516, 90.0, 4.213804721832275, 163.26455688476562
0:00:49.098672, 0.6999965310096741, 31.257591247558594, 90.0, 4.213804721832275, 163.6295928955078
0:00:49.189789, 0.6999965310096741, 28.37734031677246, 90.0, 4.213804721832275, 164.0518035888672
0:00:49.283332, 0.6999965310096741, 25.73638916015625, 90.0, 4.213804721832275, 164.47840881347656
0:00:49.392625, 0.6999965310096741, 23.364967346191406, 90.0, 4.213804721832275, 164.90061950683594
0:00:49.468909, 0.6999965310096741, 21.469600677490234, 90.0, 4.213804721832275, 165.27005004882812
0:00:49.561252, 0.6999965310096741, 19.491331100463867, 90.0, 4.213804721832275, 165.6922607421875
0:00:49.668039, 0.6999965310096741, 17.695344924926758, 90.0, 4.213804721832275, 166.11447143554688
0:00:49.761845, 0.6999965310096741, 16.048519134521484, 90.0, 4.213804721832275, 166.54107666015625
0:00:49.852292, 0.6999965310096741, 14.569764137268066, 90.0, 4.213804721832275, 166.96328735351562
0:00:49.945797, 0.6999965310096741, 13.213822364807129, 90.0, 4.213804721832275, 167.389892578125
0:00:50.055393, 0.6999965310096741, 11.99626350402832, 90.0, 4.213804721832275, 167.81210327148438
0:00:50.149205, 0.6999965310096741, 10.879827499389648, 90.0, 4.213804721832275, 168.23870849609375
0:00:50.227635, 0.6999965310096741, 10.007426261901855, 90.0, 4.213804721832275, 168.60374450683594
0:00:50.318638, 0.6999965310096741, 9.085286140441895, 90.0, 4.213804721832275, 169.0259552001953
0:00:50.425874, 0.6999965310096741, 8.239758491516113, 90.0, 4.213804721832275, 169.4525604248047
0:00:50.502381, 0.6999965310096741, 7.579051971435547, 90.0, 4.213804721832275, 169.81759643554688
0:00:50.594849, 0.6999965310096741, 6.873704433441162, 90.0, 4.213804721832275, 170.24420166015625
0:00:50.701474, 0.6999965310096741, 6.240342617034912, 90.0, 4.213804721832275, 170.66641235351562
0:00:50.778272, 0.6999965310096741, 5.739958763122559, 90.0, 4.213804721832275, 171.0314483642578
0:00:50.885163, 0.6999965310096741, 5.138091564178467, 90.0, 4.213804721832275, 171.51522827148438
0:00:50.978571, 0.6999965310096741, 4.664653778076172, 90.0, 4.213804721832275, 171.93743896484375
0:00:51.088496, 0.6999965310096741, 4.230536460876465, 90.0, 4.213804721832275, 172.36404418945312
0:00:51.164275, 0.6999965310096741, 3.891298532485962, 90.0, 4.213804721832275, 172.7290802001953
0:00:51.255666, 0.6999965310096741, 3.5291531085968018, 90.0, 4.213804721832275, 173.1556854248047
0:00:51.363743, 0.6999965310096741, 3.2039670944213867, 90.0, 4.213804721832275, 173.57789611816406
0:00:51.440178, 0.6999965310096741, 2.947047472000122, 90.0, 4.213804721832275, 173.94293212890625
0:00:51.530831, 0.6999965310096741, 2.6727793216705322, 90.0, 4.213804721832275, 174.36953735351562
0:00:51.623514, 0.6999965310096741, 2.4584543704986572, 90.0, 4.213804721832275, 174.7345733642578
0:00:51.729689, 0.6999965310096741, 2.200671672821045, 90.0, 4.213804721832275, 175.21835327148438
0:00:51.823112, 0.6999965310096741, 1.9958713054656982, 90.0, 4.213804721832275, 175.64495849609375
0:00:51.929522, 0.6999965310096741, 1.8119663000106812, 90.0, 4.213804721832275, 176.06716918945312
0:00:52.024048, 0.6999965310096741, 1.643334984779358, 90.0, 4.213804721832275, 176.4937744140625
0:00:52.100523, 0.6999965310096741, 1.511564016342163, 90.0, 4.213804721832275, 176.8588104248047
0:00:52.193781, 0.6999965310096741, 1.372284173965454, 90.0, 4.213804721832275, 177.28102111816406
0:00:52.288966, 0.6999965310096741, 1.2445719242095947, 90.0, 4.213804721832275, 177.70762634277344
0:00:52.397153, 0.6999965310096741, 1.12989342212677, 90.0, 4.213804721832275, 178.1298370361328
0:00:52.473612, 0.6999965310096741, 1.0392894744873047, 90.0, 4.213804721832275, 178.494873046875
0:00:52.566180, 0.6999965310096741, 0.9425675272941589, 90.0, 4.213804721832275, 178.92147827148438
0:00:52.674328, 0.6999965310096741, 0.8557167053222656, 90.0, 4.213804721832275, 179.34368896484375
0:00:52.752352, 0.6999965310096741, 0.7870985269546509, 90.0, 4.213804721832275, 179.70872497558594
0:00:52.844427, 0.6999965310096741, 0.7138469219207764, 90.0, 4.213804721832275, 180.1353302001953
0:00:52.937074, 0.6999965310096741, 0.6480710506439209, 90.0, 4.213804721832275, 180.5575408935547
0:00:53.020313, 0.6999965310096741, 0.5961034297943115, 90.0, 4.213804721832275, 180.92257690429688
0:00:53.135121, 0.6999965310096741, 0.5335986614227295, 90.0, 4.213804721832275, 181.40635681152344
0:00:53.228030, 0.6999965310096741, 0.4839405119419098, 90.0, 4.213804721832275, 181.8329620361328
0:00:53.335684, 0.6999965310096741, 0.43934887647628784, 90.0, 4.213804721832275, 182.2551727294922
0:00:53.412539, 0.6999965310096741, 0.4041183590888977, 90.0, 4.213804721832275, 182.62020874023438
0:00:53.505623, 0.6999965310096741, 0.3665089011192322, 90.0, 4.213804721832275, 183.04681396484375
0:00:53.613073, 0.6999965310096741, 0.3324006497859955, 90.0, 4.213804721832275, 183.47341918945312
0:00:53.707686, 0.6999965310096741, 0.3017723560333252, 90.0, 4.213804721832275, 183.8956298828125
0:00:53.784377, 0.6999965310096741, 0.27757465839385986, 90.0, 4.213804721832275, 184.2606658935547
0:00:53.877827, 0.6999965310096741, 0.25174203515052795, 90.0, 4.213804721832275, 184.68727111816406
0:00:53.970840, 0.6999965310096741, 0.22854581475257874, 90.0, 4.213804721832275, 185.10948181152344
0:00:54.064882, 0.6999965310096741, 0.21021981537342072, 90.0, 4.213804721832275, 185.47451782226562
0:00:54.173811, 0.6999965310096741, 0.18817709386348724, 90.0, 4.213804721832275, 185.9582977294922
0:00:54.250462, 0.6999965310096741, 0.17308805882930756, 90.0, 4.213804721832275, 186.32333374023438
0:00:54.357076, 0.6999965310096741, 0.15698003768920898, 90.0, 4.213804721832275, 186.74993896484375
0:00:54.433498, 0.6999965310096741, 0.14439254999160767, 90.0, 4.213804721832275, 187.11497497558594
0:00:54.527939, 0.6999965310096741, 0.13095501065254211, 90.0, 4.213804721832275, 187.5415802001953
0:00:54.620122, 0.6999965310096741, 0.11888844519853592, 90.0, 4.213804721832275, 187.9637908935547
0:00:54.743549, 0.6999965310096741, 0.10642232745885849, 90.0, 4.213804721832275, 188.44757080078125
0:00:54.820526, 0.6999965310096741, 0.0978885293006897, 90.0, 4.213804721832275, 188.81260681152344
0:00:54.913628, 0.6999965310096741, 0.08877848833799362, 90.0, 4.213804721832275, 189.2392120361328
0:00:55.005590, 0.6999965310096741, 0.08059819787740707, 90.0, 4.213804721832275, 189.6614227294922
0:00:55.096852, 0.6999965310096741, 0.0741351917386055, 90.0, 4.213804721832275, 190.02645874023438
0:00:55.188046, 0.6999965310096741, 0.06723577529191971, 90.0, 4.213804721832275, 190.45306396484375
0:00:55.295890, 0.6999965310096741, 0.0610404796898365, 90.0, 4.213804721832275, 190.87527465820312
0:00:55.373189, 0.6999965310096741, 0.0560888797044754, 90.0, 4.213804721832275, 191.2447052001953
0:00:55.465859, 0.6999965310096741, 0.050920698791742325, 90.0, 4.213804721832275, 191.6669158935547
0:00:55.572171, 0.6999965310096741, 0.04558151960372925, 90.0, 4.213804721832275, 192.15069580078125
0:00:55.680104, 0.6999965310096741, 0.04138151556253433, 90.0, 4.213804721832275, 192.57290649414062
0:00:55.757658, 0.6999965310096741, 0.038063209503889084, 90.0, 4.213804721832275, 192.9379425048828
0:00:55.850448, 0.6999965310096741, 0.03452083840966225, 90.0, 4.213804721832275, 193.3645477294922
0:00:55.957767, 0.6999965310096741, 0.031308237463235855, 90.0, 4.213804721832275, 193.79115295410156
0:00:56.052342, 0.6999965310096741, 0.028423408046364784, 90.0, 4.213804721832275, 194.21336364746094
0:00:56.129915, 0.6999965310096741, 0.02614418976008892, 90.0, 4.213804721832275, 194.57839965820312
0:00:56.222834, 0.6999965310096741, 0.02371107041835785, 90.0, 4.213804721832275, 195.0050048828125
0:00:56.330949, 0.6999965310096741, 0.02152620069682598, 90.0, 4.213804721832275, 195.42721557617188
0:00:56.407948, 0.6999965310096741, 0.019779998809099197, 90.0, 4.213804721832275, 195.79664611816406
0:00:56.501670, 0.6999965310096741, 0.01795741356909275, 90.0, 4.213804721832275, 196.21885681152344
0:00:56.592959, 0.6999965310096741, 0.016286199912428856, 90.0, 4.213804721832275, 196.6454620361328
0:00:56.685198, 0.6999965310096741, 0.014980287291109562, 90.0, 4.213804721832275, 197.010498046875
0:00:56.791926, 0.6999965310096741, 0.013409562408924103, 90.0, 4.213804721832275, 197.49427795410156
0:00:56.882284, 0.6999965310096741, 0.012173967435956001, 90.0, 4.213804721832275, 197.91648864746094
0:00:56.974662, 0.6999965310096741, 0.011197760701179504, 90.0, 4.213804721832275, 198.28152465820312
0:00:57.081531, 0.6999965310096741, 0.010023613460361958, 90.0, 4.213804721832275, 198.7653045654297
0:00:57.172936, 0.6999965310096741, 0.009219840168952942, 90.0, 4.213804721832275, 199.13034057617188
0:00:57.249650, 0.6999965310096741, 0.008471926674246788, 90.0, 4.213804721832275, 199.49977111816406
0:00:57.343260, 0.6999965310096741, 0.0076912990771234035, 90.0, 4.213804721832275, 199.92198181152344
0:00:57.435026, 0.6999965310096741, 0.006975504569709301, 90.0, 4.213804721832275, 200.3485870361328
0:00:57.543125, 0.6999965310096741, 0.006332762073725462, 90.0, 4.213804721832275, 200.7707977294922
0:00:57.620925, 0.6999965310096741, 0.005819066893309355, 90.0, 4.213804721832275, 201.14022827148438
0:00:57.743264, 0.6999965310096741, 0.00517206359654665, 90.0, 4.213804721832275, 201.65480041503906
0:00:57.834648, 0.6999965906143188, 0.004728454630821943, 90.0, 4.213805198669434, 202.0462188720703
0:00:57.911475, 0.6999966502189636, 0.004322893917560577, 90.0, 4.213805675506592, 202.43763732910156
0:00:58.002612, 0.6999967098236084, 0.003952118568122387, 90.0, 4.213805675506592, 202.8290557861328
0:00:58.094006, 0.6999967098236084, 0.0036131555680185556, 90.0, 4.213805675506592, 203.22048950195312
0:00:58.186321, 0.6999967098236084, 0.0032898809295147657, 90.0, 4.213805675506592, 203.62954711914062
0:00:58.279102, 0.6999967694282532, 0.0029894355684518814, 90.0, 4.21380615234375, 204.0474090576172
0:00:58.388404, 0.699996829032898, 0.002702664118260145, 90.0, 4.21380615234375, 204.48724365234375
0:00:58.465099, 0.6999968886375427, 0.002483132528141141, 90.0, 4.21380615234375, 204.85670471191406
0:00:58.571716, 0.6999968886375427, 0.0022449297830462456, 90.0, 4.21380615234375, 205.29653930664062
0:00:58.680115, 0.6999969482421875, 0.002017218852415681, 90.0, 4.213806629180908, 205.7627410888672
0:00:58.772678, 0.6999970078468323, 0.0018439526902511716, 90.0, 4.213807106018066, 206.1541748046875
0:00:58.849433, 0.699997067451477, 0.001685574185103178, 90.0, 4.213807106018066, 206.5456085205078
0:00:58.941959, 0.699997067451477, 0.0015407990431413054, 90.0, 4.213807106018066, 206.93704223632812
0:00:59.033624, 0.699997067451477, 0.001408458687365055, 90.0, 4.213807106018066, 207.32847595214844
0:00:59.142499, 0.699997067451477, 0.0012655979953706264, 90.0, 4.213807106018066, 207.794677734375
0:00:59.221566, 0.699997067451477, 0.0011568947229534388, 90.0, 4.213807106018066, 208.1861114501953
0:00:59.313006, 0.699997067451477, 0.0010586051503196359, 90.0, 4.213807106018066, 208.57315063476562
0:00:59.419847, 0.6999971270561218, 0.0009512272081337869, 90.0, 4.213807582855225, 209.0393524169922
0:00:59.512032, 0.6999971866607666, 0.0008695228607393801, 90.0, 4.213807582855225, 209.4307861328125
0:00:59.618807, 0.6999971866607666, 0.0007813242264091969, 90.0, 4.213807582855225, 209.89698791503906
0:00:59.709863, 0.6999971866607666, 0.000714213470928371, 90.0, 4.213807582855225, 210.28842163085938
0:00:59.787111, 0.6999971866607666, 0.0006528671365231276, 90.0, 4.213807582855225, 210.6798553466797
0:00:59.879089, 0.6999971866607666, 0.0005967900506220758, 90.0, 4.213807582855225, 211.0712890625
0:00:59.970370, 0.6999971866607666, 0.00054553133668378, 90.0, 4.213807582855225, 211.4627227783203
0:01:00.078988, 0.6999971866607666, 0.0004901977372355759, 90.0, 4.213807582855225, 211.92892456054688
0:01:00.170567, 0.6999971866607666, 0.00044809430255554616, 90.0, 4.213807582855225, 212.3203582763672
0:01:00.248629, 0.6999971866607666, 0.00040960716432891786, 90.0, 4.213807582855225, 212.7117919921875
0:01:00.339729, 0.6999971866607666, 0.00037480698665603995, 90.0, 4.213807582855225, 213.0988311767578
0:01:00.447417, 0.6999971866607666, 0.00033678903128020465, 90.0, 4.213807582855225, 213.56503295898438
0:01:00.539703, 0.6999971866607666, 0.0003078619483858347, 90.0, 4.213807582855225, 213.9564666748047
0:01:00.647982, 0.6999971866607666, 0.00027663534274324775, 90.0, 4.213807582855225, 214.42266845703125
0:01:00.725429, 0.6999971866607666, 0.0002528749464545399, 90.0, 4.213807582855225, 214.81410217285156
0:01:00.816671, 0.6999971866607666, 0.00023115533986128867, 90.0, 4.213807582855225, 215.20553588867188
0:01:00.926927, 0.6999971866607666, 0.00020770911942236125, 90.0, 4.213807582855225, 215.67173767089844
0:01:01.018366, 0.6999971866607666, 0.0001898688351502642, 90.0, 4.213807582855225, 216.06317138671875
0:01:01.109596, 0.6999971866607666, 0.0001737376005621627, 90.0, 4.213807582855225, 216.45021057128906
0:01:01.186400, 0.6999971866607666, 0.0001588146697031334, 90.0, 4.213807582855225, 216.84164428710938
0:01:01.277541, 0.6999971866607666, 0.00014517351519316435, 90.0, 4.213807582855225, 217.2330780029297
0:01:01.372139, 0.6999971866607666, 0.00013270445924717933, 90.0, 4.213807582855225, 217.62451171875
0:01:01.495452, 0.6999971866607666, 0.000117217015940696, 90.0, 4.213807582855225, 218.1654815673828
0:01:01.558651, 0.6999971866607666, 0.00010911319259321317, 90.0, 4.213807582855225, 218.47775268554688
0:01:01.652886, 0.6999971866607666, 9.97410825220868e-05, 90.0, 4.213807582855225, 218.8691864013672
0:01:01.760291, 0.6999971866607666, 8.962428546510637e-05, 90.0, 4.213807582855225, 219.33538818359375
0:01:01.866811, 0.6999971866607666, 8.053364581428468e-05, 90.0, 4.213807582855225, 219.8015899658203
0:01:01.958407, 0.6999971866607666, 7.36165457055904e-05, 90.0, 4.213807582855225, 220.19302368164062
0:01:02.036234, 0.6999971866607666, 6.736208888469264e-05, 90.0, 4.213807582855225, 220.58006286621094
0:01:02.132743, 0.6999971866607666, 6.157612369861454e-05, 90.0, 4.213807582855225, 220.97149658203125
0:01:02.241246, 0.6999971866607666, 5.533042349270545e-05, 90.0, 4.213807582855225, 221.4376983642578
0:01:02.332734, 0.6999971866607666, 5.057805174146779e-05, 90.0, 4.213807582855225, 221.82913208007812
0:01:02.423889, 0.6999971866607666, 4.6233864850364625e-05, 90.0, 4.213807582855225, 222.22056579589844
0:01:02.501827, 0.6999971866607666, 4.2262807255610824e-05, 90.0, 4.213807582855225, 222.61199951171875
0:01:02.593966, 0.6999971866607666, 3.867216582875699e-05, 90.0, 4.213807582855225, 222.99903869628906
0:01:02.701139, 0.6999971866607666, 3.474951518001035e-05, 90.0, 4.213807582855225, 223.46524047851562
0:01:02.794054, 0.6999971866607666, 3.176485552103259e-05, 90.0, 4.213807582855225, 223.85667419433594
0:01:02.871080, 0.6999971866607666, 2.9036551495664753e-05, 90.0, 4.213807582855225, 224.24810791015625
0:01:02.978800, 0.6999971866607666, 2.6091356630786322e-05, 90.0, 4.213807582855225, 224.7143096923828
0:01:03.071967, 0.6999971866607666, 2.3850350771681406e-05, 90.0, 4.213807582855225, 225.10574340820312
0:01:03.179699, 0.6999971866607666, 2.143119490938261e-05, 90.0, 4.213807582855225, 225.5719451904297
0:01:03.270906, 0.6999971866607666, 1.9610404706327245e-05, 90.0, 4.213807582855225, 225.958984375
0:01:03.348295, 0.6999971866607666, 1.7925996871781535e-05, 90.0, 4.213807582855225, 226.3504180908203
0:01:03.440211, 0.6999971866607666, 1.6386318748118356e-05, 90.0, 4.213807582855225, 226.74185180664062
0:01:03.532277, 0.6999971866607666, 1.497888661106117e-05, 90.0, 4.213807582855225, 227.13328552246094
0:01:03.622710, 0.6999971866607666, 1.3706282516068313e-05, 90.0, 4.213807582855225, 227.52032470703125
0:01:03.730496, 0.6999971866607666, 1.230347879754845e-05, 90.0, 4.213807582855225, 227.9909210205078
0:01:03.837260, 0.6999971866607666, 1.1066788829339202e-05, 90.0, 4.213807582855225, 228.45272827148438
0:01:03.914288, 0.6999971866607666, 1.0116223165823612e-05, 90.0, 4.213807582855225, 228.8441619873047
0:01:04.006424, 0.6999971866607666, 9.247332855011337e-06, 90.0, 4.213807582855225, 229.235595703125
0:01:04.100712, 0.6999971866607666, 8.453072950942442e-06, 90.0, 4.213807582855225, 229.6270294189453
0:01:04.202925, 0.6999971866607666, 7.603407993883593e-06, 90.0, 4.213807582855225, 230.08883666992188
0:01:04.269463, 0.6999971866607666, 7.07052276993636e-06, 90.0, 4.213807582855225, 230.40550231933594
0:01:04.380619, 0.6999971866607666, 6.353336175379809e-06, 90.0, 4.213807582855225, 230.8717041015625
0:01:04.486410, 0.6999971866607666, 5.708913704438601e-06, 90.0, 4.213807582855225, 231.33790588378906
0:01:04.579659, 0.6999971866607666, 5.218571004661499e-06, 90.0, 4.213807582855225, 231.72933959960938
0:01:04.670359, 0.6999971866607666, 4.7703442760393955e-06, 90.0, 4.213807582855225, 232.1207733154297
0:01:04.747244, 0.6999971866607666, 4.365056156530045e-06, 90.0, 4.213807582855225, 232.5078125
0:01:04.854738, 0.6999971866607666, 3.922305495507317e-06, 90.0, 4.213807582855225, 232.97401428222656
0:01:04.946445, 0.6999971866607666, 3.5854159250447992e-06, 90.0, 4.213807582855225, 233.36544799804688
0:01:05.053704, 0.6999971866607666, 3.2217449188465253e-06, 90.0, 4.213807582855225, 233.83164978027344
0:01:05.146888, 0.6999971866607666, 2.9450268357322784e-06, 90.0, 4.213807582855225, 234.22308349609375
0:01:05.239494, 0.6999971866607666, 2.6948180220642826e-06, 90.0, 4.213807582855225, 234.61012268066406
0:01:05.316565, 0.6999971866607666, 2.463350483594695e-06, 90.0, 4.213807582855225, 235.00155639648438
0:01:05.409508, 0.6999971866607666, 2.2517642719321884e-06, 90.0, 4.213807582855225, 235.3929901123047
0:01:05.516187, 0.6999971866607666, 2.02336650545476e-06, 90.0, 4.213807582855225, 235.85919189453125
0:01:05.608409, 0.6999971866607666, 1.84957821147691e-06, 90.0, 4.213807582855225, 236.25062561035156
0:01:05.685959, 0.6999971866607666, 1.6907165445445571e-06, 90.0, 4.213807582855225, 236.64205932617188
0:01:05.778421, 0.6999971866607666, 1.5454995718755526e-06, 90.0, 4.213807582855225, 237.0334930419922
0:01:05.884561, 0.6999971866607666, 1.3887387240174576e-06, 90.0, 4.213807582855225, 237.49969482421875
0:01:05.976471, 0.6999971866607666, 1.2707516816590214e-06, 90.0, 4.213807582855225, 237.88673400878906
0:01:06.083537, 0.6999971866607666, 1.1418550229791435e-06, 90.0, 4.213807582855225, 238.35293579101562
0:01:06.176051, 0.6999971866607666, 1.0437770470161922e-06, 90.0, 4.213807582855225, 238.74436950683594
0:01:06.255206, 0.6999971866607666, 9.541233794152504e-07, 90.0, 4.213807582855225, 239.13580322265625
0:01:06.346998, 0.6999971866607666, 8.721703466108011e-07, 90.0, 4.213807582855225, 239.52723693847656
0:01:06.437101, 0.6999971866607666, 7.972590196914098e-07, 90.0, 4.213807582855225, 239.91867065429688
0:01:06.546923, 0.6999971866607666, 7.163925488384848e-07, 90.0, 4.213807582855225, 240.38487243652344
0:01:06.639519, 0.6999971866607666, 6.548610826939694e-07, 90.0, 4.213807582855225, 240.77630615234375
0:01:06.716839, 0.6999971866607666, 5.99224165398482e-07, 90.0, 4.213807582855225, 241.16334533691406
0:01:06.810829, 0.6999971866607666, 5.471974873216823e-07, 90.0, 4.213807582855225, 241.55917358398438
0:01:06.918260, 0.6999971866607666, 4.921956815451267e-07, 90.0, 4.213807582855225, 242.02098083496094
0:01:07.009991, 0.6999971866607666, 4.4991921299697424e-07, 90.0, 4.213807582855225, 242.41241455078125
0:01:07.116465, 0.6999971866607666, 4.0428363945466117e-07, 90.0, 4.213807582855225, 242.8786163330078
0:01:07.192188, 0.6999971866607666, 3.695594159580651e-07, 90.0, 4.213807582855225, 243.27005004882812
0:01:07.285934, 0.6999971866607666, 3.378176813839673e-07, 90.0, 4.213807582855225, 243.66148376464844
0:01:07.393980, 0.6999971866607666, 3.0386175353669387e-07, 90.0, 4.213807582855225, 244.123291015625
0:01:07.486531, 0.6999971866607666, 2.7776198407991615e-07, 90.0, 4.213807582855225, 244.5147247314453
0:01:07.564874, 0.6999971866607666, 2.5390400537617097e-07, 90.0, 4.213807582855225, 244.90615844726562
0:01:07.657037, 0.6999971866607666, 2.3209601351936726e-07, 90.0, 4.213807582855225, 245.29759216308594
0:01:07.766270, 0.6999971866607666, 2.0855436844158248e-07, 90.0, 4.213807582855225, 245.7637939453125
0:01:07.857834, 0.6999971866607666, 1.9064150080794207e-07, 90.0, 4.213807582855225, 246.1552276611328
0:01:07.936045, 0.6999971866607666, 1.7444462230287172e-07, 90.0, 4.213807582855225, 246.54226684570312
0:01:08.029926, 0.6999971866607666, 1.5946096709740232e-07, 90.0, 4.213807582855225, 246.93370056152344
0:01:08.122616, 0.6999971866607666, 1.4576475848571135e-07, 90.0, 4.213807582855225, 247.32513427734375
0:01:08.229480, 0.6999971866607666, 1.3097975681830576e-07, 90.0, 4.213807582855225, 247.7913360595703
0:01:08.335729, 0.6999971866607666, 1.1769440533271336e-07, 90.0, 4.213807582855225, 248.25753784179688
0:01:08.413386, 0.6999971866607666, 1.076951008371907e-07, 90.0, 4.213807582855225, 248.6445770263672
0:01:08.506107, 0.6999971866607666, 9.844477943943275e-08, 90.0, 4.213807582855225, 249.0360107421875
0:01:08.596974, 0.6999971866607666, 8.998929246217813e-08, 90.0, 4.213807582855225, 249.4274444580078
0:01:08.688710, 0.6999971866607666, 8.22600512151439e-08, 90.0, 4.213807582855225, 249.81887817382812
0:01:08.796668, 0.6999971866607666, 7.391637524278849e-08, 90.0, 4.213807582855225, 250.2850799560547
0:01:08.889809, 0.6999971866607666, 6.756764037163521e-08, 90.0, 4.213807582855225, 250.676513671875
0:01:08.966256, 0.6999971866607666, 6.176420441761366e-08, 90.0, 4.213807582855225, 251.0679473876953
0:01:09.061136, 0.6999971866607666, 5.651672196904656e-08, 90.0, 4.213807582855225, 251.45498657226562
0:01:09.169441, 0.6999971866607666, 5.078403830793832e-08, 90.0, 4.213807582855225, 251.9211883544922
0:01:09.246817, 0.6999971866607666, 4.642202000582074e-08, 90.0, 4.213807582855225, 252.3126220703125
0:01:09.353659, 0.6999971866607666, 4.1713406062626746e-08, 90.0, 4.213807582855225, 252.77882385253906
0:01:09.445978, 0.6999971866607666, 3.813061155710784e-08, 90.0, 4.213807582855225, 253.17025756835938
0:01:09.537390, 0.6999971866607666, 3.485554600501928e-08, 90.0, 4.213807582855225, 253.5616912841797
0:01:09.643335, 0.6999971866607666, 3.13201233836935e-08, 90.0, 4.213807582855225, 254.02789306640625
0:01:09.734334, 0.6999971866607666, 2.8659167483624515e-08, 90.0, 4.213807582855225, 254.41493225097656
0:01:09.825484, 0.6999971866607666, 2.6197609415135048e-08, 90.0, 4.213807582855225, 254.80636596679688
0:01:09.932687, 0.6999971866607666, 2.354037142993093e-08, 90.0, 4.213807582855225, 255.27256774902344
0:01:10.009544, 0.6999971866607666, 2.15184741136909e-08, 90.0, 4.213807582855225, 255.66400146484375
0:01:10.102093, 0.6999971866607666, 1.9670238771141157e-08, 90.0, 4.213807582855225, 256.0554504394531
0:01:10.194365, 0.6999971866607666, 1.7999058243844956e-08, 90.0, 4.213807582855225, 256.4424743652344
0:01:10.304345, 0.6999971866607666, 1.6156899818042803e-08, 90.0, 4.213807582855225, 256.9130859375
0:01:10.383897, 0.6999971866607666, 1.4769173439788119e-08, 90.0, 4.213807582855225, 257.30450439453125
0:01:10.476882, 0.6999971866607666, 1.3514386054680472e-08, 90.0, 4.213807582855225, 257.6915283203125
0:01:10.568251, 0.6999971866607666, 1.2353587486302331e-08, 90.0, 4.213807582855225, 258.0829772949219
0:01:10.677423, 0.6999971866607666, 1.110055691810885e-08, 90.0, 4.213807582855225, 258.5491638183594
0:01:10.768540, 0.6999971866607666, 1.0147091167311828e-08, 90.0, 4.213807582855225, 258.94061279296875
0:01:10.845151, 0.6999971866607666, 9.275520795881675e-09, 90.0, 4.213807582855225, 259.3320617675781
0:01:10.936989, 0.6999971866607666, 8.478839852443798e-09, 90.0, 4.213807582855225, 259.7234802246094
0:01:11.027988, 0.6999971866607666, 7.750585950816458e-09, 90.0, 4.213807582855225, 260.1148986816406
0:01:11.137034, 0.6999971866607666, 6.964438803436224e-09, 90.0, 4.213807582855225, 260.5810852050781
0:01:11.229306, 0.6999971866607666, 6.366258187284757e-09, 90.0, 4.213807582855225, 260.9725036621094
0:01:11.322131, 0.6999971866607666, 5.720524942631755e-09, 90.0, 4.213807582855225, 261.4386901855469
0:01:11.412525, 0.6999971866607666, 5.229184640853646e-09, 90.0, 4.213807582855225, 261.8301086425781
0:01:11.502443, 0.6999971866607666, 4.780031037654453e-09, 90.0, 4.213807582855225, 262.2215576171875
0:01:11.594905, 0.6999971866607666, 4.369457240471775e-09, 90.0, 4.213807582855225, 262.6130065917969
0:01:11.702174, 0.6999971866607666, 3.926248215435635e-09, 90.0, 4.213807582855225, 263.0792236328125
0:01:11.793617, 0.6999971866607666, 3.5890084237877318e-09, 90.0, 4.213807582855225, 263.4706726074219
0:01:11.901357, 0.6999971866607666, 3.224963185388674e-09, 90.0, 4.213807582855225, 263.9368896484375
0:01:11.977944, 0.6999971866607666, 2.9479594321202285e-09, 90.0, 4.213807582855225, 264.3283386230469
0:01:12.069648, 0.6999971866607666, 2.694756862098302e-09, 90.0, 4.213807582855225, 264.7197570800781
0:01:12.161403, 0.6999971866607666, 2.463302228861153e-09, 90.0, 4.213807582855225, 265.1111755371094
0:01:12.252948, 0.6999971866607666, 2.2517274711475466e-09, 90.0, 4.213807582855225, 265.5025939941406
0:01:12.360880, 0.6999971866607666, 2.023333278700079e-09, 90.0, 4.213807582855225, 265.9687805175781
0:01:12.453239, 0.6999971866607666, 1.8495475151425467e-09, 90.0, 4.213807582855225, 266.3601989746094
0:01:12.531325, 0.6999971866607666, 1.6924101009507808e-09, 90.0, 4.213807582855225, 266.7472229003906
0:01:12.623858, 0.6999971866607666, 1.5470477121581894e-09, 90.0, 4.213807582855225, 267.1386413574219
0:01:12.732135, 0.6999971866607666, 1.3901299000806944e-09, 90.0, 4.213807582855225, 267.6048278808594
0:01:12.824384, 0.6999971866607666, 1.270730520808172e-09, 90.0, 4.213807582855225, 267.9962463378906
0:01:12.917424, 0.6999971866607666, 1.1418396228535244e-09, 90.0, 4.213807582855225, 268.4624328613281
0:01:13.009287, 0.6999971866607666, 1.0437661845941193e-09, 90.0, 4.213807582855225, 268.8538513183594
0:01:13.099806, 0.6999971866607666, 9.541163414894527e-10, 90.0, 4.213807582855225, 269.2452697753906
0:01:13.191338, 0.6999971866607666, 8.721666722166788e-10, 90.0, 4.213807582855225, 269.6366882324219
0:01:13.297500, 0.6999971866607666, 7.837022142354044e-10, 90.0, 4.213807582855225, 270.1028747558594
0:01:13.388162, 0.6999971866607666, 7.163894477635324e-10, 90.0, 4.213807582855225, 270.4942932128906
0:01:13.480889, 0.6999971866607666, 6.55525023152137e-10, 90.0, 4.213807582855225, 270.8813171386719
0:01:13.558925, 0.6999971866607666, 5.99221450237053e-10, 90.0, 4.213807582855225, 271.2727355957031
0:01:13.665145, 0.6999971866607666, 5.384420687093439e-10, 90.0, 4.213807582855225, 271.7389221191406
0:01:13.756689, 0.6999971866607666, 4.921933971502312e-10, 90.0, 4.213807582855225, 272.13037109375
0:01:13.865190, 0.6999971866607666, 4.4226858286755544e-10, 90.0, 4.213807582855225, 272.5965881347656
0:01:13.957395, 0.6999971866607666, 4.042805534787419e-10, 90.0, 4.213807582855225, 272.988037109375
0:01:14.049125, 0.6999971866607666, 3.69556607537902e-10, 90.0, 4.213807582855225, 273.37945556640625
0:01:14.125607, 0.6999971866607666, 3.3781510921926383e-10, 90.0, 4.213807582855225, 273.7708740234375
0:01:14.218474, 0.6999971866607666, 3.0879995782662206e-10, 90.0, 4.213807582855225, 274.16229248046875
0:01:14.326407, 0.6999971866607666, 2.7747817932244345e-10, 90.0, 4.213807582855225, 274.62847900390625
0:01:14.420198, 0.6999971866607666, 2.536453824752982e-10, 90.0, 4.213807582855225, 275.0198974609375
0:01:14.497393, 0.6999971866607666, 2.3185960096316904e-10, 90.0, 4.213807582855225, 275.41131591796875
0:01:14.604334, 0.6999971866607666, 2.0834194092156366e-10, 90.0, 4.213807582855225, 275.87750244140625
0:01:14.696121, 0.6999971866607666, 1.9044729682171635e-10, 90.0, 4.213807582855225, 276.2689208984375
0:01:14.788029, 0.6999971866607666, 1.740896593549479e-10, 90.0, 4.213807582855225, 276.66033935546875
0:01:14.894220, 0.6999971866607666, 1.5643164541501164e-10, 90.0, 4.213807582855225, 277.12652587890625
0:01:14.986839, 0.6999971866607666, 1.4299561534869554e-10, 90.0, 4.213807582855225, 277.5179443359375
0:01:15.064249, 0.6999971866607666, 1.3084675010155422e-10, 90.0, 4.213807582855225, 277.90496826171875
0:01:15.156543, 0.6999971866607666, 1.196078375231835e-10, 90.0, 4.213807582855225, 278.2964172363281
0:01:15.263689, 0.6999971866607666, 1.0747594481053113e-10, 90.0, 4.213807582855225, 278.7626037597656
0:01:15.353872, 0.6999971866607666, 9.824445423856076e-11, 90.0, 4.213807582855225, 279.154052734375
0:01:15.461645, 0.6999971866607666, 8.827947400869007e-11, 90.0, 4.213807582855225, 279.6202392578125
0:01:15.553516, 0.6999971866607666, 8.06970948397101e-11, 90.0, 4.213807582855225, 280.01165771484375
0:01:15.630557, 0.6999971866607666, 7.376595861918744e-11, 90.0, 4.213807582855225, 280.403076171875
0:01:15.721276, 0.6999971866607666, 6.74301448011505e-11, 90.0, 4.213807582855225, 280.79449462890625
0:01:15.812688, 0.6999971866607666, 6.170128991067614e-11, 90.0, 4.213807582855225, 281.1815185546875
0:01:15.895521, 0.6999971866607666, 5.64015500970072e-11, 90.0, 4.213807582855225, 281.5729675292969
0:01:16.014224, 0.6999971866607666, 5.062899752217298e-11, 90.0, 4.213807582855225, 282.0435791015625
0:01:16.105539, 0.6999971866607666, 4.6327566782800034e-11, 90.0, 4.213807582855225, 282.43060302734375
0:01:16.198076, 0.6999971866607666, 4.1586060983700435e-11, 90.0, 4.213807582855225, 282.9012145996094
0:01:16.290144, 0.6999971866607666, 3.805291498570895e-11, 90.0, 4.213807582855225, 283.2882385253906
0:01:16.384019, 0.6999971866607666, 3.478441493176554e-11, 90.0, 4.213807582855225, 283.6796875
0:01:16.491570, 0.6999971866607666, 3.125621289568059e-11, 90.0, 4.213807582855225, 284.1458740234375
0:01:16.584928, 0.6999971866607666, 2.8571502802554605e-11, 90.0, 4.213807582855225, 284.5373229980469
0:01:16.662067, 0.6999971866607666, 2.611739643998412e-11, 90.0, 4.213807582855225, 284.92877197265625
0:01:16.753879, 0.6999971866607666, 2.3874154389535995e-11, 90.0, 4.213807582855225, 285.3201904296875
0:01:16.861922, 0.6999971866607666, 2.145258450048093e-11, 90.0, 4.213807582855225, 285.786376953125
0:01:16.955441, 0.6999971866607666, 1.9609943877063607e-11, 90.0, 4.213807582855225, 286.1778259277344
0:01:17.047439, 0.6999971866607666, 1.792557421942398e-11, 90.0, 4.213807582855225, 286.56927490234375
0:01:17.123601, 0.6999971866607666, 1.6385932541385095e-11, 90.0, 4.213807582855225, 286.960693359375
0:01:17.216010, 0.6999971866607666, 1.4978532303366876e-11, 90.0, 4.213807582855225, 287.35211181640625
0:01:17.321828, 0.6999971866607666, 1.3459250207403795e-11, 90.0, 4.213807582855225, 287.81829833984375
0:01:17.414047, 0.6999971866607666, 1.2303225278842422e-11, 90.0, 4.213807582855225, 288.209716796875
0:01:17.523796, 0.6999971866607666, 1.1055301639417703e-11, 90.0, 4.213807582855225, 288.6759033203125
0:01:17.601594, 0.6999971866607666, 1.0105753907307946e-11, 90.0, 4.213807582855225, 289.06732177734375
0:01:17.692662, 0.6999971866607666, 9.237763332059501e-12, 90.0, 4.213807582855225, 289.458740234375
0:01:17.785451, 0.6999971866607666, 8.45292412454679e-12, 90.0, 4.213807582855225, 289.84576416015625
0:01:17.893376, 0.6999971866607666, 7.595537913906991e-12, 90.0, 4.213807582855225, 290.31195068359375
0:01:17.984218, 0.6999971866607666, 6.943130098635564e-12, 90.0, 4.213807582855225, 290.7033996582031
0:01:18.061152, 0.6999971866607666, 6.346759923170353e-12, 90.0, 4.213807582855225, 291.0948486328125
0:01:18.152804, 0.6999971866607666, 5.80163217814289e-12, 90.0, 4.213807582855225, 291.48626708984375
0:01:18.260800, 0.6999971866607666, 5.213168872281182e-12, 90.0, 4.213807582855225, 291.95245361328125
0:01:18.351831, 0.6999971866607666, 4.770258407033046e-12, 90.0, 4.213807582855225, 292.3394775390625
0:01:18.459441, 0.6999971866607666, 4.286394589964049e-12, 90.0, 4.213807582855225, 292.8056945800781
0:01:18.551459, 0.6999971866607666, 3.918220782550552e-12, 90.0, 4.213807582855225, 293.1971435546875
0:01:18.628119, 0.6999971866607666, 3.5816709841041128e-12, 90.0, 4.213807582855225, 293.5885925292969
0:01:18.720075, 0.6999971866607666, 3.2740388091617723e-12, 90.0, 4.213807582855225, 293.9800109863281
0:01:18.811299, 0.6999971866607666, 2.9928290748437725e-12, 90.0, 4.213807582855225, 294.3714294433594
0:01:18.918869, 0.6999971866607666, 2.6920033042998615e-12, 90.0, 4.213807582855225, 294.8332214355469
0:01:19.027783, 0.6999971866607666, 2.418951757648946e-12, 90.0, 4.213807582855225, 295.2994079589844
0:01:19.133341, 0.6999971866607666, 2.1735894334407035e-12, 90.0, 4.213807582855225, 295.765625
0:01:19.210642, 0.6999971866607666, 1.9868919877430447e-12, 90.0, 4.213807582855225, 296.1570739746094
0:01:19.302354, 0.6999971866607666, 1.8162366142299158e-12, 90.0, 4.213807582855225, 296.5484924316406
0:01:19.393431, 0.6999971866607666, 1.6602386783068357e-12, 90.0, 4.213807582855225, 296.9399108886719
0:01:19.485379, 0.6999971866607666, 1.517639529671766e-12, 90.0, 4.213807582855225, 297.3313293457031
0:01:19.593862, 0.6999971866607666, 1.363704505222274e-12, 90.0, 4.213807582855225, 297.7975158691406
0:01:19.686029, 0.6999971866607666, 1.2465750003423648e-12, 90.0, 4.213807582855225, 298.1889343261719
0:01:19.763180, 0.6999971866607666, 1.1395058074209485e-12, 90.0, 4.213807582855225, 298.5803527832031
0:01:19.870818, 0.6999971866607666, 1.0239250853444348e-12, 90.0, 4.213807582855225, 299.0465393066406
0:01:19.980447, 0.6999971866607666, 9.200677329387896e-13, 90.0, 4.213807582855225, 299.5127258300781
0:01:20.088790, 0.6999971866607666, 8.267447056814481e-13, 90.0, 4.213807582855225, 299.9789123535156
0:01:20.196291, 0.6999971866607666, 7.428875765415344e-13, 90.0, 4.213807582855225, 300.4450988769531
0:01:20.287993, 0.6999971866607666, 6.790804355470692e-13, 90.0, 4.213807582855225, 300.8365173339844
0:01:20.364956, 0.6999971866607666, 6.213858637707514e-13, 90.0, 4.213807582855225, 301.2235412597656
0:01:20.473316, 0.6999971866607666, 5.583566378350446e-13, 90.0, 4.213807582855225, 301.68975830078125
0:01:20.566102, 0.6999971866607666, 5.103973884160173e-13, 90.0, 4.213807582855225, 302.0812072753906
0:01:20.658325, 0.6999971866607666, 4.66558974614173e-13, 90.0, 4.213807582855225, 302.4726257324219
0:01:20.735013, 0.6999971866607666, 4.264859136422078e-13, 90.0, 4.213807582855225, 302.8640441894531
0:01:20.828731, 0.6999971866607666, 3.898547337819608e-13, 90.0, 4.213807582855225, 303.2554626464844
0:01:20.916090, 0.6999971866607666, 3.56732736883289e-13, 90.0, 4.213807582855225, 303.6424865722656
0:01:21.030923, 0.6999971866607666, 3.205491427848983e-13, 90.0, 4.213807582855225, 304.1086730957031
0:01:21.108714, 0.6999971866607666, 2.930160183500091e-13, 90.0, 4.213807582855225, 304.5001220703125
0:01:21.203363, 0.6999971866607666, 2.678486501605376e-13, 90.0, 4.213807582855225, 304.89154052734375
0:01:21.312503, 0.6999971866607666, 2.406806037021786e-13, 90.0, 4.213807582855225, 305.35772705078125
0:01:21.390144, 0.6999971866607666, 2.2000837837741344e-13, 90.0, 4.213807582855225, 305.7491455078125
0:01:21.482094, 0.6999971866607666, 2.013165025308017e-13, 90.0, 4.213807582855225, 306.13616943359375
0:01:21.590688, 0.6999971866607666, 1.8071227023477854e-13, 90.0, 4.213807582855225, 306.6067810058594
0:01:21.684464, 0.6999971866607666, 1.6535899169042856e-13, 90.0, 4.213807582855225, 306.9938049316406
0:01:21.777468, 0.6999971866607666, 1.511557128379068e-13, 90.0, 4.213807582855225, 307.38525390625
0:01:21.855051, 0.6999971866607666, 1.3817240537492004e-13, 90.0, 4.213807582855225, 307.7767028808594
0:01:21.963199, 0.6999971866607666, 1.241571136265801e-13, 90.0, 4.213807582855225, 308.242919921875
0:01:22.071246, 0.6999971866607666, 1.1156342776680317e-13, 90.0, 4.213807582855225, 308.7091369628906
0:01:22.164163, 0.6999971866607666, 1.019808423905616e-13, 90.0, 4.213807582855225, 309.1005859375
0:01:22.243786, 0.6999971866607666, 9.322134942235313e-14, 90.0, 4.213807582855225, 309.4920349121094
0:01:22.336891, 0.6999971866607666, 8.521449604975695e-14, 90.0, 4.213807582855225, 309.8834533691406
0:01:22.428658, 0.6999971866607666, 7.78953588914319e-14, 90.0, 4.213807582855225, 310.2748718261719
0:01:22.535945, 0.6999971866607666, 6.99943846372425e-14, 90.0, 4.213807582855225, 310.7410583496094
0:01:22.613584, 0.6999971866607666, 6.398251069586469e-14, 90.0, 4.213807582855225, 311.1324768066406
0:01:22.706405, 0.6999971866607666, 5.854657172477476e-14, 90.0, 4.213807582855225, 311.5195007324219
0:01:22.815619, 0.6999971866607666, 5.260800001465234e-14, 90.0, 4.213807582855225, 311.9857177734375
0:01:22.909367, 0.6999971866607666, 4.80893096340123e-14, 90.0, 4.213807582855225, 312.3771667480469
0:01:22.987860, 0.6999971866607666, 4.3958746690463124e-14, 90.0, 4.213807582855225, 312.76861572265625
0:01:23.080975, 0.6999971866607666, 4.018309732807708e-14, 90.0, 4.213807582855225, 313.1600341796875
0:01:23.188712, 0.6999971866607666, 3.610730353489737e-14, 90.0, 4.213807582855225, 313.626220703125
0:01:23.282137, 0.6999971866607666, 3.300591950358006e-14, 90.0, 4.213807582855225, 314.0176696777344
0:01:23.372838, 0.6999971866607666, 3.0171015425600745e-14, 90.0, 4.213807582855225, 314.4090881347656
0:01:23.450825, 0.6999971866607666, 2.760769043930189e-14, 90.0, 4.213807582855225, 314.7961120605469
0:01:23.558402, 0.6999971866607666, 2.4782112194071844e-14, 90.0, 4.213807582855225, 315.2667236328125
0:01:23.652324, 0.6999971866607666, 2.2653559055203255e-14, 90.0, 4.213807582855225, 315.65814208984375
0:01:23.760070, 0.6999971866607666, 2.0376524428812777e-14, 90.0, 4.213807582855225, 316.11993408203125
0:01:23.837633, 0.6999971866607666, 1.8626310414296583e-14, 90.0, 4.213807582855225, 316.5113830566406
0:01:23.931321, 0.6999971866607666, 1.70264837114336e-14, 90.0, 4.213807582855225, 316.9028015136719
0:01:24.041232, 0.6999971866607666, 1.5299478399672176e-14, 90.0, 4.213807582855225, 317.3689880371094
0:01:24.132985, 0.6999971866607666, 1.3985349980687439e-14, 90.0, 4.213807582855225, 317.76043701171875
0:01:24.208904, 0.6999971866607666, 1.278413698280233e-14, 90.0, 4.213807582855225, 318.15185546875
0:01:24.301299, 0.6999971866607666, 1.168609768009048e-14, 90.0, 4.213807582855225, 318.54327392578125
0:01:24.393389, 0.6999971866607666, 1.068237126089066e-14, 90.0, 4.213807582855225, 318.9346923828125
0:01:24.501582, 0.6999971866607666, 9.598851796960642e-15, 90.0, 4.213807582855225, 319.40087890625
0:01:24.593913, 0.6999971866607666, 8.774399054014247e-15, 90.0, 4.213807582855225, 319.79229736328125
0:01:24.671985, 0.6999971866607666, 8.020758265458311e-15, 90.0, 4.213807582855225, 320.1837158203125
0:01:24.763857, 0.6999971866607666, 7.331849428797443e-15, 90.0, 4.213807582855225, 320.57513427734375
0:01:24.872807, 0.6999971866607666, 6.594884601390577e-15, 90.0, 4.213807582855225, 321.03692626953125
0:01:24.964773, 0.6999971866607666, 6.02842623571658e-15, 90.0, 4.213807582855225, 321.4283752441406
0:01:25.057853, 0.6999971866607666, 5.5106231365987645e-15, 90.0, 4.213807582855225, 321.81982421875
0:01:25.149670, 0.6999971866607666, 4.9516618595409154e-15, 90.0, 4.213807582855225, 322.2860412597656
0:01:25.242442, 0.6999971866607666, 4.526359840460953e-15, 90.0, 4.213807582855225, 322.6774597167969
0:01:25.334401, 0.6999971866607666, 4.137587811297227e-15, 90.0, 4.213807582855225, 323.0688781738281
0:01:25.444078, 0.6999971866607666, 3.71790966747056e-15, 90.0, 4.213807582855225, 323.5350646972656
0:01:25.520691, 0.6999971866607666, 3.4020362583628543e-15, 90.0, 4.213807582855225, 323.9220886230469
0:01:25.614137, 0.6999971866607666, 3.10982323232904e-15, 90.0, 4.213807582855225, 324.31353759765625
0:01:25.706644, 0.6999971866607666, 2.842709486588265e-15, 90.0, 4.213807582855225, 324.7049865722656
0:01:25.814954, 0.6999971866607666, 2.554371848046376e-15, 90.0, 4.213807582855225, 325.1711730957031
0:01:25.907244, 0.6999971866607666, 2.3349750681144615e-15, 90.0, 4.213807582855225, 325.5625915527344
0:01:25.985132, 0.6999971866607666, 2.1344226536765872e-15, 90.0, 4.213807582855225, 325.9540100097656
0:01:26.076891, 0.6999971866607666, 1.9510955012540764e-15, 90.0, 4.213807582855225, 326.3454284667969
0:01:26.184974, 0.6999971866607666, 1.7531947234575816e-15, 90.0, 4.213807582855225, 326.8116149902344
0:01:26.278487, 0.6999971866607666, 1.6026116413144355e-15, 90.0, 4.213807582855225, 327.2030334472656
0:01:26.384453, 0.6999971866607666, 1.4400577601650995e-15, 90.0, 4.213807582855225, 327.6692199707031
0:01:26.461875, 0.6999971866607666, 1.3177107330769123e-15, 90.0, 4.213807582855225, 328.0562438964844
0:01:26.554445, 0.6999971866607666, 1.2045278613241877e-15, 90.0, 4.213807582855225, 328.44769287109375
0:01:26.661832, 0.6999971866607666, 1.0823486526386752e-15, 90.0, 4.213807582855225, 328.9139099121094
0:01:26.754295, 0.6999971866607666, 9.893818103589506e-16, 90.0, 4.213807582855225, 329.30535888671875
0:01:26.832593, 0.6999971866607666, 9.044002653103476e-16, 90.0, 4.213807582855225, 329.6968078613281
0:01:26.927135, 0.6999971866607666, 8.267207266022278e-16, 90.0, 4.213807582855225, 330.0882263183594
0:01:27.018939, 0.6999971866607666, 7.557130546613933e-16, 90.0, 4.213807582855225, 330.4796447753906
0:01:27.127699, 0.6999971866607666, 6.790605963413786e-16, 90.0, 4.213807582855225, 330.9458312988281
0:01:27.205787, 0.6999971866607666, 6.207336428956515e-16, 90.0, 4.213807582855225, 331.3372802734375
0:01:27.298341, 0.6999971866607666, 5.67418318701032e-16, 90.0, 4.213807582855225, 331.72869873046875
0:01:27.406247, 0.6999971866607666, 5.098647063361481e-16, 90.0, 4.213807582855225, 332.19488525390625
0:01:27.498364, 0.6999971866607666, 4.660720441719167e-16, 90.0, 4.213807582855225, 332.5863037109375
0:01:27.589247, 0.6999971866607666, 4.260407906286456e-16, 90.0, 4.213807582855225, 332.97772216796875
0:01:27.697184, 0.6999971866607666, 3.828272343025401e-16, 90.0, 4.213807582855225, 333.44390869140625
0:01:27.772970, 0.6999971866607666, 3.499459182159406e-16, 90.0, 4.213807582855225, 333.8353271484375
0:01:27.864780, 0.6999971866607666, 3.1988879526394416e-16, 90.0, 4.213807582855225, 334.22674560546875
0:01:27.956960, 0.6999971866607666, 2.924133228560604e-16, 90.0, 4.213807582855225, 334.6181640625
0:01:28.048291, 0.6999971866607666, 2.675699259224306e-16, 90.0, 4.213807582855225, 335.00518798828125
0:01:28.155473, 0.6999971866607666, 2.404294021056267e-16, 90.0, 4.213807582855225, 335.4714050292969
0:01:28.245060, 0.6999971866607666, 2.19778063872187e-16, 90.0, 4.213807582855225, 335.86285400390625
0:01:28.353402, 0.6999971866607666, 1.9748586400123813e-16, 90.0, 4.213807582855225, 336.32904052734375
0:01:28.428627, 0.6999971866607666, 1.8052365865555634e-16, 90.0, 4.213807582855225, 336.720458984375
0:01:28.520979, 0.6999971866607666, 1.6501834997915195e-16, 90.0, 4.213807582855225, 337.11187744140625
0:01:28.612638, 0.6999971866607666, 1.5099840621998658e-16, 90.0, 4.213807582855225, 337.4989013671875
0:01:28.719761, 0.6999971866607666, 1.356821182397179e-16, 90.0, 4.213807582855225, 337.9651184082031
0:01:28.813071, 0.6999971866607666, 1.240278845626746e-16, 90.0, 4.213807582855225, 338.3565673828125
0:01:28.891521, 0.6999971866607666, 1.1337469824549806e-16, 90.0, 4.213807582855225, 338.7480163574219
0:01:28.984054, 0.6999971866607666, 1.036368633767278e-16, 90.0, 4.213807582855225, 339.1394348144531
0:01:29.091699, 0.6999971866607666, 9.312491980350592e-17, 90.0, 4.213807582855225, 339.6056213378906
0:01:29.185318, 0.6999971866607666, 8.512635459535905e-17, 90.0, 4.213807582855225, 339.9970397949219
0:01:29.263448, 0.6999971866607666, 7.781479266443954e-17, 90.0, 4.213807582855225, 340.3884582519531
0:01:29.371537, 0.6999971866607666, 6.992199407813616e-17, 90.0, 4.213807582855225, 340.8546447753906
0:01:29.480277, 0.6999971866607666, 6.28297673584412e-17, 90.0, 4.213807582855225, 341.3208312988281
0:01:29.586755, 0.6999971866607666, 5.645691645642646e-17, 90.0, 4.213807582855225, 341.7870178222656
0:01:29.678204, 0.6999971866607666, 5.1607791799738496e-17, 90.0, 4.213807582855225, 342.1784362792969
0:01:29.772349, 0.6999971866607666, 4.7175162507638336e-17, 90.0, 4.213807582855225, 342.5698547363281
0:01:29.849963, 0.6999971866607666, 4.312325467299428e-17, 90.0, 4.213807582855225, 342.9612731933594
0:01:29.942431, 0.6999971866607666, 3.945950961259686e-17, 90.0, 4.213807582855225, 343.3482971191406
0:01:30.051760, 0.6999971866607666, 3.542092600325981e-17, 90.0, 4.213807582855225, 343.81890869140625
0:01:30.144738, 0.6999971866607666, 3.2411570142897993e-17, 90.0, 4.213807582855225, 344.2059326171875
0:01:30.221688, 0.6999971866607666, 2.9627627616901774e-17, 90.0, 4.213807582855225, 344.5973815917969
0:01:30.313534, 0.6999971866607666, 2.7082806462382385e-17, 90.0, 4.213807582855225, 344.98883056640625
0:01:30.421987, 0.6999971866607666, 2.4335782661485632e-17, 90.0, 4.213807582855225, 345.45501708984375
0:01:30.513658, 0.6999971866607666, 2.2245563428013136e-17, 90.0, 4.213807582855225, 345.846435546875
0:01:30.590522, 0.6999971866607666, 2.03555831141438e-17, 90.0, 4.213807582855225, 346.23345947265625
0:01:30.684731, 0.6999971866607666, 1.860716979902924e-17, 90.0, 4.213807582855225, 346.6249084472656
0:01:30.776691, 0.6999971866607666, 1.7008934432846134e-17, 90.0, 4.213807582855225, 347.016357421875
0:01:30.900084, 0.6999971866607666, 1.5023887905537304e-17, 90.0, 4.213807582855225, 347.55731201171875
0:01:30.994337, 0.6999971866607666, 1.373347291506478e-17, 90.0, 4.213807582855225, 347.94873046875
0:01:31.070741, 0.6999971866607666, 1.2553895163590687e-17, 90.0, 4.213807582855225, 348.34014892578125
0:01:31.163631, 0.6999971866607666, 1.1475632147903313e-17, 90.0, 4.213807582855225, 348.7315673828125
0:01:31.270954, 0.6999971866607666, 1.0311652541240132e-17, 90.0, 4.213807582855225, 349.19775390625
0:01:31.364056, 0.6999971866607666, 9.425977851670417e-18, 90.0, 4.213807582855225, 349.58917236328125
0:01:31.455873, 0.6999971866607666, 8.616373999953528e-18, 90.0, 4.213807582855225, 349.9805908203125
0:01:31.531994, 0.6999971866607666, 7.87630708643091e-18, 90.0, 4.213807582855225, 350.37200927734375
0:01:31.623549, 0.6999971866607666, 7.2071369960296e-18, 90.0, 4.213807582855225, 350.759033203125
0:01:31.714776, 0.6999971866607666, 6.581388097523035e-18, 90.0, 4.213807582855225, 351.1548767089844
0:01:31.838917, 0.6999971866607666, 5.8132983727986516e-18, 90.0, 4.213807582855225, 351.6958312988281
0:01:31.932864, 0.6999971866607666, 5.313989821185105e-18, 90.0, 4.213807582855225, 352.0872497558594
0:01:32.010826, 0.6999971866607666, 4.857567275609983e-18, 90.0, 4.213807582855225, 352.4786682128906
0:01:32.103571, 0.6999971866607666, 4.4448690836241076e-18, 90.0, 4.213807582855225, 352.8656921386719
0:01:32.194796, 0.6999971866607666, 4.0630834583099514e-18, 90.0, 4.213807582855225, 353.25714111328125
0:01:32.301896, 0.6999971866607666, 3.647237016912699e-18, 90.0, 4.213807582855225, 353.7277526855469
0:01:32.394138, 0.6999971866607666, 3.3339727587957513e-18, 90.0, 4.213807582855225, 354.1191711425781
0:01:32.472228, 0.6999971866607666, 3.0507190268925335e-18, 90.0, 4.213807582855225, 354.5061950683594
0:01:32.566527, 0.6999971866607666, 2.7858448346099377e-18, 90.0, 4.213807582855225, 354.90203857421875
0:01:32.673377, 0.6999971866607666, 2.503274974278148e-18, 90.0, 4.213807582855225, 355.36822509765625
0:01:32.767664, 0.6999971866607666, 2.2905971194185672e-18, 90.0, 4.213807582855225, 355.7552490234375
0:01:32.844340, 0.6999971866607666, 2.0917193255133616e-18, 90.0, 4.213807582855225, 356.1510925292969
0:01:32.934413, 0.6999971866607666, 1.91206003916506e-18, 90.0, 4.213807582855225, 356.5425109863281
0:01:33.042935, 0.6999971866607666, 1.7198682427535438e-18, 90.0, 4.213807582855225, 357.0043029785156
0:01:33.166238, 0.6999971866607666, 1.5175988015417177e-18, 90.0, 4.213807582855225, 357.5496826171875
