0:00:07.816953: freq 0.8
0:00:08.256800: amp 67
0:00:13.561812: freq 0.75
0:00:13.656175: freq 0.7
0:00:13.797572: freq 0.65
0:00:13.970176: freq 0.6
0:00:14.378263: amp 65
0:00:14.534907: amp 63
0:00:14.582570: amp 62
0:00:14.613684: amp 61
0:00:14.629444: amp 60
0:00:14.644934: amp 59
0:00:14.676917: amp 58
0:00:14.692441: amp 57
0:00:14.723785: amp 56
0:00:14.755288: amp 55
0:00:14.802288: amp 54
0:00:14.865321: amp 53
0:00:14.927998: amp 52
0:00:14.990964: amp 51
0:00:15.037822: amp 50
0:00:17.407910: amp 43
0:00:17.564869: amp 42
0:00:17.580657: amp 41
0:00:17.596142: amp 40
0:00:17.643155: amp 39
0:00:17.662402: amp 38
0:00:17.662402: amp 37
0:00:17.675018: amp 36
0:00:17.690681: amp 34
0:00:17.706429: amp 33
0:00:17.722054: amp 31
0:00:17.753304: amp 30
0:00:17.769006: amp 28
0:00:17.800449: amp 27
0:00:17.815934: amp 26
0:00:17.831637: amp 25
0:00:17.847304: amp 24
0:00:17.863477: amp 23
0:00:17.879094: amp 21
0:00:17.894749: amp 20
0:00:17.926139: amp 19
0:00:17.941706: amp 18
0:00:17.973449: amp 17
0:00:18.036137: amp 16
0:00:18.067489: amp 15
0:00:18.164913: amp 14
0:00:18.466245: amp 13
0:00:18.820633: amp 12
0:00:19.337508: amp 13
0:00:19.370658: amp 16
0:00:19.370658: amp 17
0:00:19.400607: amp 19
0:00:19.416229: amp 21
0:00:19.431860: amp 23
0:00:19.447357: amp 24
0:00:19.478765: amp 25
0:00:19.478765: amp 26
0:00:19.494547: amp 28
0:00:19.510171: amp 31
0:00:19.525807: amp 33
0:00:19.541429: amp 37
0:00:19.572732: amp 41
0:00:19.572732: amp 44
0:00:19.588396: amp 46
0:00:19.619766: amp 49
0:00:19.619766: amp 53
0:00:19.635351: amp 57
0:00:19.672028: amp 61
0:00:19.682640: amp 65
0:00:19.698285: amp 66
0:00:19.714057: amp 67
0:00:19.729627: amp 69
0:00:19.745321: amp 70
0:00:19.776754: amp 72
0:00:19.776754: amp 74
0:00:19.792539: amp 75
0:00:19.886464: amp 76
0:00:19.902224: amp 77
0:00:19.902224: amp 78
0:00:20.027543: amp 79
0:00:20.027543: amp 80
0:00:20.027543: amp 81
0:00:20.027543: amp 84
0:00:20.043288: amp 85
0:00:20.074047: amp 86
0:00:20.074047: amp 87
0:00:20.089704: amp 88
0:00:20.121107: amp 89
0:00:20.174662: amp 90
0:00:23.810013: amp 89
0:00:23.856730: amp 88
0:00:23.885663: amp 87
0:00:23.903962: amp 86
0:00:23.919588: amp 85
0:00:23.950802: amp 84
0:00:23.950802: amp 83
0:00:23.998158: amp 82
0:00:24.013861: amp 81
0:00:24.029572: amp 80
0:00:24.060678: amp 79
0:00:24.076448: amp 78
0:00:24.107964: amp 76
0:00:24.107964: amp 75
0:00:24.154738: amp 74
0:00:24.154738: amp 72
0:00:24.170446: amp 71
0:00:24.202408: amp 69
0:00:24.233618: amp 68
0:00:24.249145: amp 66
0:00:24.264776: amp 63
0:00:24.280537: amp 62
0:00:24.296358: amp 60
0:00:24.312082: amp 59
0:00:24.343253: amp 58
0:00:24.374528: amp 57
0:00:24.421796: amp 56
0:00:24.531560: amp 55
0:00:24.594312: amp 54
0:00:32.880661: off 102
0:00:33.053416: off 98
0:00:33.068990: off 97
0:00:33.100161: off 96
0:00:33.132117: off 95
0:00:33.147924: off 94
0:00:33.163458: off 93
0:00:33.430860: off 89
0:00:33.556450: off 85
0:00:33.603336: off 84
0:00:33.603336: off 83
0:00:33.619136: off 81
0:00:33.650422: off 79
0:00:33.681764: off 77
0:00:33.697441: off 75
0:00:33.713060: off 72
0:00:33.729255: off 70
0:00:33.745060: off 68
0:00:33.760549: off 65
0:00:33.776313: off 62
0:00:33.791912: off 60
0:00:33.807407: off 57
0:00:33.823668: off 53
0:00:33.839337: off 50
0:00:33.854957: off 48
0:00:33.870725: off 45
0:00:33.901974: off 42
0:00:33.901974: off 39
0:00:33.933645: off 38
0:00:33.949448: off 36
0:00:33.964934: off 34
0:00:33.980619: off 33
0:00:33.996322: off 31
0:00:34.018053: off 30
0:00:34.028214: off 29
0:00:34.043880: off 28
0:00:34.059486: off 27
0:00:34.122203: off 26
0:00:34.200447: off 25
0:00:34.247644: off 24
0:00:34.294527: off 23
0:00:38.344737: off 34
0:00:38.454986: off 40
0:00:38.470693: off 43
0:00:38.486266: off 46
0:00:38.517558: off 48
0:00:38.529684: off 53
0:00:38.533199: off 57
0:00:38.564618: off 62
0:00:38.580092: off 64
0:00:38.595879: off 69
0:00:38.611407: off 73
0:00:38.630355: off 78
0:00:38.642897: off 80
0:00:38.658697: off 86
0:00:38.674324: off 93
0:00:38.689903: off 99
0:00:38.705575: off 102
0:00:38.721060: off 108
0:00:38.736725: off 115
0:00:38.752527: off 123
0:00:38.768131: off 132
0:00:38.783780: off 137
0:00:38.815029: off 144
0:00:38.815029: off 149
0:00:38.846646: off 153
0:00:38.862455: off 156
0:00:38.878014: off 157
0:00:38.893706: off 159
0:00:38.909191: off 160
0:00:38.924810: off 161
0:00:38.940864: off 162
0:00:42.677540: off 144
0:00:42.803257: off 140
0:00:42.818890: off 139
0:00:42.850428: off 138
0:00:42.850428: off 136
0:00:42.881803: off 132
0:00:42.897480: off 128
0:00:42.912958: off 123
0:00:42.928602: off 118
0:00:42.944389: off 116
0:00:42.960180: off 113
0:00:42.975816: off 110
0:00:42.991441: off 108
0:00:43.006918: off 107
0:00:43.043702: off 104
0:00:43.043702: off 102
0:00:43.054226: off 100
0:00:43.085658: off 98
0:00:43.101217: off 97
0:00:43.305075: off 99
0:00:43.320708: off 100
0:00:43.352454: off 102
0:00:43.352454: off 103
0:00:43.383880: off 104
0:00:43.399360: off 105
0:00:43.399360: off 106
0:00:43.430751: off 107
0:00:43.603254: off 106
0:01:09.871779: off 115
0:01:09.997216: off 112
0:01:10.044751: off 111
0:01:10.060423: off 110
0:01:10.091796: off 109
0:01:10.130554: off 108
0:01:10.139215: off 107
0:01:10.154886: off 106
0:01:10.201851: off 105
0:01:10.201851: off 104
0:01:10.248848: off 103
0:01:10.264569: off 102
0:01:10.295882: off 101
0:01:10.311454: off 100
0:01:10.327123: off 99
0:01:10.343269: off 98
0:01:10.359070: off 97
0:01:10.374570: off 96
0:01:10.405964: off 95
0:01:10.421522: off 94
0:01:10.437629: off 93
0:01:10.453373: off 92
0:01:10.469056: off 91
0:01:10.500307: off 90
0:01:10.500307: off 89
0:01:10.515914: off 88
0:01:10.547483: off 87
0:01:10.578884: off 85
0:01:10.594540: off 84
0:01:10.610115: off 83
0:01:10.625638: off 82
0:01:10.641836: off 81
0:01:10.657609: off 80
0:01:10.673111: off 79
0:01:10.688809: off 78
0:01:10.704505: off 77
0:01:10.720004: off 75
0:01:10.751857: off 74
0:01:10.767487: off 73
0:01:10.798689: off 72
0:01:10.798689: off 71
0:01:10.814268: off 70
0:01:10.845741: off 69
0:01:10.845741: off 68
0:01:10.877124: off 67
0:01:10.892642: off 66
0:01:10.908412: off 65
0:01:10.924054: off 64
0:01:10.939799: off 63
0:01:10.955544: off 62
0:01:11.002412: off 61
0:01:11.002412: off 60
0:01:11.018040: off 59
0:01:11.034258: off 58
0:01:11.065687: off 57
0:01:11.096934: off 56
0:01:11.096934: off 55
0:01:11.128157: off 54
0:01:11.159768: off 53
0:01:11.175416: off 52
0:01:11.206625: off 51
0:01:11.222275: off 50
0:01:11.238065: off 49
0:01:11.269439: off 48
0:01:11.300604: off 47
0:01:11.347800: off 46
0:01:11.379092: off 45
0:01:11.394801: off 44
0:01:11.441961: off 43
0:01:11.457690: off 42
0:01:11.473239: off 41
0:01:11.504644: off 40
0:01:11.520256: off 39
0:01:11.551209: off 38
0:01:11.582423: off 37
0:01:11.635970: off 36
0:01:11.692609: off 35
0:01:11.739724: off 34
0:01:11.786780: off 33
0:01:11.927470: off 32
0:01:11.975118: off 31
0:01:12.021852: off 30
0:01:12.052824: off 29
0:01:12.084077: off 28
0:01:12.099681: off 27
0:01:12.162437: off 26
0:01:12.178113: off 25
0:01:12.193627: off 24
0:01:12.241214: off 23
0:01:12.288254: off 22
0:01:12.338310: off 21
0:01:12.397900: off 20
0:01:12.476446: off 19
0:01:33.006601: freq 0.65
0:01:33.084919: freq 0.7
0:01:33.307858: freq 0.75
0:01:33.634574: freq 0.8
0:01:33.948218: freq 0.85
0:01:44.495610: phb 3.682012168494766
0:01:44.544703: phb 3.6415285810230316
0:01:44.574125: phb 3.6345482341364885
0:01:44.589629: phb 3.59559466118429
0:01:44.605252: phb 3.576494596335243
0:01:44.621015: phb 3.5446123351329386
0:01:44.636626: phb 3.4945832527535807
0:01:44.652469: phb 3.4678476907325906
0:01:44.668264: phb 3.4053728466539557
0:01:44.683767: phb 3.3472757428163735
0:01:44.699464: phb 3.287403647725269
0:01:44.715118: phb 3.259918910127478
0:01:44.745905: phb 3.2044468424444417
0:01:44.745905: phb 3.134600184211914
0:01:44.761643: phb 3.0926810510937495
0:01:44.777202: phb 3.0509331488210543
0:01:44.792959: phb 3.0370797012827926
0:01:44.824219: phb 2.9957816594543183
0:01:44.846449: phb 2.9549782644806992
0:01:44.855487: phb 2.9147937061744957
0:01:44.871131: phb 2.90155638622168
0:01:44.886866: phb 2.8623697108653747
0:01:44.902462: phb 2.836718004190263
0:01:44.918161: phb 2.8114743365862194
0:01:44.933778: phb 2.7990116356713
0:01:44.949920: phb 2.76704567253649
0:01:44.965586: phb 2.7551553193112377
0:01:44.981280: phb 2.720173612131451
0:01:44.996915: phb 2.708747960857367
0:01:45.047008: phb 2.6862552619743623
0:01:45.047008: phb 2.6751905558706706
0:01:45.075258: phb 2.6534269512829303
0:01:45.090982: phb 2.6427295706810137
0:01:45.122268: phb 2.6217042961639363
0:01:45.137846: phb 2.601173141712625
0:01:45.169676: phb 2.5811360453875816
0:01:45.200778: phb 2.5713015513734363
0:01:45.216547: phb 2.542532036718208
0:01:45.247707: phb 2.523957808080364
0:01:45.263502: phb 2.514849739881298
0:01:45.279076: phb 2.496989265725718
0:01:45.326005: phb 2.4795954047417417
0:01:45.357300: phb 2.4475425116471397
0:01:45.388737: phb 2.43124102959029
0:01:45.796064: phb 2.236468669064217
0:01:45.849432: phb 2.2046922599027274
0:01:45.906086: phb 2.1810832176283577
0:01:45.921583: phb 2.1662057370000443
0:01:45.968911: phb 2.1424555452338243
0:01:46.204038: phb 2.191045245727895
0:01:46.219552: phb 2.233857470426384
0:01:46.235129: phb 2.2979271408888287
0:01:46.251431: phb 2.3225936792281483
0:01:46.267083: phb 2.382050658290439
0:01:46.282856: phb 2.4523879539584317
0:01:46.298512: phb 2.499352717849074
0:01:46.314143: phb 2.527233971932681
0:01:46.329715: phb 2.576841615275319
0:01:46.351479: phb 2.6331989581574056
0:01:46.376864: phb 2.6567999561182534
0:01:46.376864: phb 2.693328253016889
0:01:46.408178: phb 2.718421376215241
0:01:46.423878: phb 2.744094667323137
0:01:46.452070: phb 2.757144143638598
0:01:46.455181: phb 2.770332873309789
0:01:46.470976: phb 2.8019069977927114
0:01:46.486544: phb 2.828892032992873
0:01:46.502085: phb 2.8702584746218576
0:01:46.517818: phb 2.9018493296313705
0:01:46.533425: phb 2.932993198084176
0:01:46.552224: phb 2.9636395087415166
0:01:46.564760: phb 3.0076480246359
0:01:46.580430: phb 3.064820939795318
0:01:46.596180: phb 3.0926810510937495
0:01:46.627441: phb 3.1209059492658726
0:01:46.627441: phb 3.161998001745818
0:01:46.659056: phb 3.189176004686686
0:01:46.690386: phb 3.2297988391231374
0:01:46.690386: phb 3.2432815918361872
0:01:46.706112: phb 3.256727964234194
0:01:46.737314: phb 3.2834898280845435
0:01:46.878708: phb 3.2701320371975635
0:01:46.878708: phb 3.2432815918361872
0:01:46.909819: phb 3.2162838590297045
0:01:46.925494: phb 3.148489306615621
0:01:46.925494: phb 3.0509331488210543
0:01:46.957261: phb 2.9497371981266878
0:01:46.973068: phb 2.8508057258047366
0:01:46.988702: phb 2.8065684545808156
0:01:47.004258: phb 2.724066341698027
0:01:47.019942: phb 2.6504286494502356
0:01:47.035410: phb 2.5554384071340452
0:01:47.054160: phb 2.4942000214908124
0:01:47.067287: phb 2.4658449540548157
0:01:47.083076: phb 2.4281421833184647
0:01:47.098711: phb 2.3829740642266426
0:01:47.129826: phb 2.3738917408748623
0:01:47.271107: phb 2.35619392314243
0:01:55.746314: phb 3.760327558359556
0:01:55.793544: phb 3.7422072150219186
0:01:55.793544: phb 3.7242099261071604
0:01:55.809346: phb 3.699516179678792
0:01:55.840449: phb 3.65229745702303
0:01:55.856091: phb 3.629758848407806
0:01:55.871859: phb 3.576071461974851
0:01:56.940173: phb 3.5129923241515537
0:01:57.033508: phb 3.499256592066835
0:01:57.049106: phb 3.4751777132568287
0:01:57.064625: phb 3.440748354584563
0:01:57.096455: phb 3.3556535974343973
0:01:57.096455: phb 3.283490287130633
0:01:57.112279: phb 3.2134686603070213
0:01:57.143364: phb 3.180333461451781
0:01:57.143364: phb 3.1186958810376195
0:01:57.174712: phb 3.0590739246973175
0:01:57.190527: phb 3.0057443396935226
0:01:57.190527: phb 2.9636395087415166
0:01:57.221968: phb 2.888404284368838
0:01:57.237504: phb 2.828140846616842
0:01:57.253076: phb 2.7835677784932935
0:01:57.268828: phb 2.7599138268485883
0:01:57.287618: phb 2.702733025234107
0:01:57.300184: phb 2.6806698254141272
0:01:57.315940: phb 2.6484629378755065
0:01:57.331508: phb 2.617333302643607
0:01:57.362727: phb 2.6071968014839917
0:01:57.378477: phb 2.5775085456238473
0:01:57.394302: phb 2.5488948520822596
0:01:57.394302: phb 2.5304101526675966
0:01:57.410097: phb 2.5213427625713183
0:01:57.441352: phb 2.5035558294684654
0:01:57.441352: phb 2.486225583244481
0:01:57.488710: phb 2.469345054519702
0:01:57.692892: phb 2.326127989275285
0:01:57.708684: phb 2.303213774663227
0:01:57.739955: phb 2.271779915912399
0:01:57.755439: phb 2.2395388793931934
0:01:57.771133: phb 2.2154001563413446
0:01:57.789948: phb 2.191045245727895
0:01:57.802601: phb 2.175642744970798
0:01:57.818367: phb 2.1603255367874965
0:01:57.833985: phb 2.13583204805128
0:01:57.865273: phb 2.1112153167499352
0:01:57.896891: phb 2.096094256914562
0:01:57.896891: phb 2.0768121318995094
0:01:57.912692: phb 2.066217553630884
0:01:57.943943: phb 2.041778603057661
0:03:05.993505: freq 0.65
0:03:06.056697: freq 0.6
0:03:06.120740: freq 0.55
0:03:06.199542: freq 0.5
0:03:06.262854: freq 0.45
0:03:06.325734: freq 0.4
0:03:06.404589: freq 0.35
0:03:06.546421: freq 0.3
0:03:25.569228: amp 63
0:03:28.901732: amp 86
0:03:34.796308: amp 56
0:03:36.617235: amp 34
0:03:39.474857: amp 55
0:03:52.952666: amp 34
0:03:54.082764: amp 7
0:03:56.503649: amp 44
0:04:01.089108: amp 61
0:04:36.145112: freq 0
0:04:36.145112: amp 0
0:04:36.145112: off 90
0:04:36.145112: phb 0
0:09:00.290160: freq 0.05
0:09:00.619806: freq 0.1
0:09:00.777292: freq 0.15
0:09:01.310506: freq 0.2
0:09:06.053188: phb 3.0648214258850635
0:09:06.100130: phb 3.1071235027545003
0:09:06.131377: phb 3.12982920787345
0:09:06.587302: phb 0.6383191602791359
0:09:06.634225: phb 0.6281700933280239
0:09:06.697525: phb 0.6937016075762915
0:09:06.713117: phb 0.7520764922208941
0:09:06.729199: phb 0.8994834320736232
0:09:06.729199: phb 0.9571573331922107
0:09:06.744853: phb 1.0114665291096456
0:09:06.761054: phb 1.13263849243973
0:09:06.777744: phb 1.2453688477563598
0:09:06.796207: phb 1.2917241167089053
0:09:08.020229: phb 1.8594706920710258
0:09:08.067519: phb 1.8515248631889116
0:09:08.083711: phb 1.8381260381793176
0:09:08.115731: phb 1.7956845547191327
0:09:08.146792: phb 1.7732809566221452
0:09:08.162826: phb 1.7500583771304066
0:09:08.162826: phb 1.7260001500339588
0:09:09.641512: phb 1.5298831184149921
0:09:09.767438: phb 1.5649480610150683
0:09:09.767438: phb 1.5883376509091556
0:09:09.783215: phb 1.646673741740403
0:09:09.814903: phb 1.681453525932672
0:09:09.814903: phb 1.7310852501509086
0:09:34.939409: freq 0.55
0:09:35.064659: freq 0.6
0:09:35.709755: freq 0.55
0:09:36.071463: freq 0.6
0:09:36.322373: freq 0.55
0:09:36.574148: freq 0.6
0:09:36.605461: freq 0.65
0:09:36.652291: freq 0.7
0:09:36.683725: freq 0.75
0:09:36.746212: freq 0.8
0:09:36.793596: freq 0.85
0:09:36.856592: freq 0.9
0:09:36.966615: freq 0.95
0:09:37.391770: freq 0.9
0:09:37.454468: freq 0.85
0:09:37.501393: freq 0.8
0:09:37.689994: freq 0.85
0:09:37.988725: freq 0.9
0:09:38.019966: freq 0.95
0:09:39.649274: amp 3
0:09:39.762756: amp 5
0:09:39.778565: amp 6
0:09:39.794140: amp 8
0:09:39.825442: amp 9
0:09:39.849626: amp 10
0:09:39.856825: amp 12
0:09:39.872655: amp 14
0:09:39.903881: amp 17
0:09:39.903881: amp 19
0:09:39.919351: amp 21
0:09:39.951963: amp 23
0:09:39.951963: amp 25
0:09:39.966997: amp 27
0:09:39.998433: amp 28
0:09:40.014073: amp 29
0:09:40.029552: amp 30
0:09:40.092337: amp 31
0:09:40.296414: amp 32
0:09:40.327588: amp 33
0:09:40.327588: amp 35
0:09:40.375053: amp 37
0:09:40.390640: amp 38
0:09:40.406176: amp 39
0:09:40.421924: amp 40
0:09:40.453310: amp 41
0:09:40.471531: amp 42
0:09:40.485371: amp 43
0:09:40.552174: amp 44
0:09:40.627491: amp 45
0:09:40.674911: amp 46
0:09:51.055389: amp 47
0:09:51.277994: amp 48
0:09:51.306918: amp 49
0:09:51.401477: amp 50
0:09:51.495671: amp 51
0:09:51.605629: amp 52
0:09:51.795127: amp 53
0:09:52.329755: amp 54
0:09:52.596645: amp 55
0:09:55.206391: phb 1.3988581759929244
0:09:55.253462: phb 1.4221987983781725
0:09:55.284638: phb 1.4668774863196334
0:09:55.289337: phb 1.502579323422391
0:09:55.300532: phb 1.6026322999522866
0:09:56.918900: phb 1.6843986409773402
0:09:57.061348: phb 1.702889775569562
0:09:57.108881: phb 1.7462775608852807
0:09:57.124528: phb 1.7902269542902012
0:09:57.140330: phb 1.8309509740595793
0:09:57.156280: phb 1.8576262745030991
0:09:57.156280: phb 1.901279928460947
0:10:02.877993: phb 1.722896244479527
0:10:02.894267: phb 1.7086034276455018
0:10:02.926241: phb 1.665403555267407
0:10:02.942358: phb 1.6363945982761783
0:10:02.942358: phb 1.5633885745208043
0:10:02.973661: phb 1.4870233347107242
0:10:18.778788: off 92
0:10:19.002265: off 96
0:10:19.031637: off 97
0:10:19.063538: off 98
0:10:19.110259: off 99
0:10:19.126272: off 100
0:10:19.174695: off 101
0:10:19.237040: off 102
0:10:19.269121: off 103
0:10:19.315453: off 104
0:10:19.363247: off 105
0:10:19.457822: off 106
0:10:19.536000: off 107
0:10:19.599122: off 108
0:10:19.646105: off 109
0:10:19.724643: off 110
0:10:19.772285: off 111
0:10:19.803614: off 112
0:10:19.850761: off 113
0:10:19.929119: off 114
0:10:19.976775: off 115
0:10:20.055918: off 116
0:10:20.103817: off 117
0:10:20.166880: off 118
0:10:20.229390: off 119
0:10:20.277567: off 120
0:10:20.325036: off 121
0:10:20.373003: off 122
0:10:20.435865: off 123
0:10:20.483174: off 124
0:10:20.530322: off 125
0:10:20.594966: off 126
0:10:20.656802: off 127
0:10:20.703851: off 128
0:10:20.734946: off 129
0:10:20.797739: off 130
0:10:20.876409: off 131
0:10:20.954607: off 132
0:10:21.033288: off 133
0:10:33.558710: amp 60
0:10:33.622009: amp 58
0:10:33.653237: amp 57
0:10:33.684907: amp 56
0:10:33.700556: amp 55
0:10:33.716318: amp 54
0:10:33.747574: amp 53
0:10:33.763189: amp 52
0:10:33.784181: amp 51
0:10:33.794769: amp 50
0:10:33.826130: amp 49
0:10:33.857376: amp 48
0:10:33.872938: amp 47
0:10:33.884606: amp 46
0:10:33.920132: amp 45
0:10:33.951381: amp 44
0:10:33.985252: amp 43
0:10:33.998789: amp 42
0:10:34.014588: amp 41
0:10:34.045790: amp 40
0:10:34.085660: amp 39
0:10:34.124710: amp 38
0:10:34.155804: amp 37
0:10:34.187168: amp 36
0:10:34.218580: amp 35
0:10:34.249709: amp 34
0:10:34.281080: amp 33
0:10:34.313177: amp 32
0:10:34.375546: amp 31
0:10:34.407176: amp 30
0:10:34.469541: amp 29
0:10:34.548023: amp 28
0:10:34.673547: amp 27
0:10:34.767691: amp 26
0:10:34.925005: amp 25
0:10:35.066191: amp 24
0:10:35.223883: amp 23
0:10:35.333864: amp 22
0:10:35.584444: amp 23
0:10:35.616504: amp 24
0:10:35.632119: amp 26
0:10:35.647623: amp 27
0:10:35.678850: amp 29
0:10:35.678850: amp 31
0:10:35.710377: amp 33
0:10:35.726042: amp 36
0:10:35.726042: amp 37
0:10:35.757261: amp 41
0:10:35.772918: amp 44
0:10:35.772918: amp 46
0:10:35.804162: amp 49
0:10:35.804162: amp 53
0:10:35.835438: amp 56
0:10:35.851216: amp 60
0:10:35.866831: amp 62
0:10:35.882318: amp 66
0:10:35.898502: amp 70
0:10:35.914291: amp 73
0:10:35.929768: amp 75
0:10:35.945420: amp 79
0:10:35.961164: amp 82
0:10:35.976794: amp 85
0:10:35.992615: amp 88
0:10:36.023912: amp 89
0:10:36.023912: amp 90
0:10:37.923675: amp 89
0:10:38.112137: amp 88
0:10:38.237457: amp 87
0:10:38.330833: amp 86
0:10:38.377547: amp 85
0:10:38.409353: amp 84
0:10:38.487605: amp 83
0:10:38.581720: amp 82
0:10:43.069399: off 132
0:10:43.242672: off 128
0:10:43.258293: off 126
0:10:43.289705: off 125
0:10:43.289705: off 123
0:10:43.317431: off 119
0:10:43.336724: off 117
0:10:43.352444: off 114
0:10:43.368101: off 112
0:10:43.383726: off 110
0:10:43.399352: off 107
0:10:43.417611: off 105
0:10:43.430627: off 102
0:10:43.446350: off 101
0:10:43.462040: off 99
0:10:43.493295: off 97
0:10:43.493295: off 95
0:10:43.517967: off 94
0:10:43.540873: off 92
0:10:43.540873: off 91
0:10:43.572168: off 90
0:10:43.619479: off 89
0:10:43.619479: off 87
0:10:43.619479: off 86
0:10:43.635129: off 85
0:10:43.697771: off 84
0:10:43.729067: off 83
0:10:43.791690: off 82
0:10:43.919107: off 81
0:10:44.105859: off 80
0:10:45.864680: phb 1.9899380021398532
0:10:45.943222: phb 1.9756871002116456
0:10:45.943222: phb 1.9594857961885617
0:10:45.958826: phb 1.9037196568775845
0:10:45.989957: phb 1.8308271998844918
0:10:45.989957: phb 1.715085178520115
0:10:46.005658: phb 1.679608527619087
0:10:46.037000: phb 1.6107745056980012
0:10:46.052644: phb 1.547543728659155
0:10:46.068290: phb 1.5022008509709859
0:10:46.083919: phb 1.4567880595538603
0:10:46.115291: phb 1.3462988377984884
0:10:46.131487: phb 1.2585239938184463
0:10:46.147145: phb 1.1972049361066985
0:10:46.162778: phb 1.1429630890903855
0:10:46.194121: phb 1.0846444547564733
0:10:46.209783: phb 1.000755100511623
0:10:46.241538: phb 0.9146723374707082
0:10:46.241538: phb 0.8717214115329563
0:10:46.257203: phb 0.8136919034151333
0:10:46.288580: phb 0.7761387287289527
0:10:46.304157: phb 0.7576269606291745
0:10:46.319826: phb 0.7391345891462328
0:10:46.335999: phb 0.7206734525720205
0:10:46.367419: phb 0.70225640095949
0:10:46.445874: phb 0.685729248238197
0:10:46.445874: phb 0.6677611891425579
0:10:46.461421: phb 0.6498702799558048
0:10:46.492791: phb 0.6320655315963338
0:10:46.508428: phb 0.6143577623461974
0:10:46.540202: phb 0.596758774247693
0:10:46.571629: phb 0.5792765981499294
0:10:46.587211: phb 0.5447019540466358
0:10:46.587211: phb 0.5276268182098908
0:10:46.618499: phb 0.510703547833885
0:10:46.634167: phb 0.4881655061516541
0:10:46.649966: phb 0.444679517538479
0:10:46.665600: phb 0.39707926900621504
0:10:46.681217: phb 0.3816039287511407
0:10:46.696858: phb 0.3364013967112926
0:10:46.712350: phb 0.29639366515777915
0:10:46.728417: phb 0.26822993188027777
0:10:46.744218: phb 0.24361778231035638
0:10:46.791105: phb 0.2301347014912369
0:10:46.791105: phb 0.2168734662139866
0:10:46.791105: phb 0.1910124384975739
0:10:46.806710: phb 0.16780545243873815
0:10:46.838363: phb 0.15549121911020264
0:10:46.838363: phb 0.1343211152134675
0:10:46.869769: phb 0.12368949367673113
0:10:46.869769: phb 0.10125643509853799
0:10:46.932670: phb 0.058135275842901374
0:10:51.343325: off 81
0:10:51.468909: off 76
0:10:51.484475: off 73
0:10:51.500135: off 72
0:10:51.515640: off 68
0:10:51.531298: off 63
0:10:51.547122: off 58
0:10:51.578536: off 55
0:10:51.578536: off 49
0:10:51.594017: off 45
0:10:51.625397: off 41
0:10:51.625397: off 39
0:10:51.657307: off 34
0:10:51.673093: off 30
0:10:51.673093: off 27
0:10:51.704221: off 23
0:10:51.719972: off 19
0:10:51.719972: off 17
0:10:51.751302: off 14
0:10:51.767053: off 11
0:10:51.782603: off 9
0:10:51.798222: off 6
0:10:51.813918: off 4
0:10:51.829609: off 1
0:10:51.845268: off 0
0:11:06.586801: amp 80
0:11:06.616254: amp 79
0:11:06.663002: amp 78
0:11:06.678708: amp 77
0:11:06.694549: amp 76
0:11:06.725839: amp 75
0:11:06.725839: amp 74
0:11:06.741446: amp 72
0:11:06.772802: amp 70
0:11:06.787962: amp 69
0:11:06.819257: amp 67
0:11:06.819257: amp 66
0:11:06.834878: amp 65
0:11:06.866249: amp 63
0:11:06.881832: amp 62
0:11:06.897509: amp 60
0:11:06.913298: amp 59
0:11:06.928918: amp 58
0:11:06.944560: amp 57
0:11:06.975700: amp 55
0:11:06.991526: amp 54
0:11:07.022949: amp 53
0:11:07.022949: amp 51
0:11:07.069825: amp 50
0:11:07.069825: amp 49
0:11:07.088928: amp 48
0:11:07.117355: amp 47
0:11:07.179826: amp 46
0:11:07.227290: amp 45
0:11:07.368127: amp 44
0:11:09.032086: freq 0.9
0:11:09.110275: freq 0.85
0:11:09.172821: freq 0.8
0:11:09.329925: freq 0.75
0:11:09.396960: freq 0.8
0:11:09.439395: freq 0.85
0:11:09.470643: freq 0.9
0:11:09.502017: freq 0.95
0:11:09.502017: freq 1
0:11:13.803653: phb 6.17470140246549
0:11:13.850892: phb 6.197680115515045
0:11:13.850892: phb 6.219052951401517
0:11:13.881999: phb 6.238170193634915
0:11:13.897766: phb 0.008694897408507771
0:11:13.913965: phb 0.0754865425232876
0:11:13.929763: phb 0.12135187758826753
0:11:13.929763: phb 0.19739508447988305
0:11:13.945285: phb 0.2504428553078257
0:11:13.960967: phb 0.3844483277167866
0:11:13.976505: phb 0.5247953883714975
0:11:14.007884: phb 0.6939866719080354
0:11:14.010997: phb 0.75340834073481
0:11:19.487078: off 4
0:11:19.487078: off 5
0:11:19.502640: off 6
0:11:19.534364: off 8
0:11:19.534364: off 10
0:11:19.565781: off 11
0:11:19.581346: off 12
0:11:19.596910: off 14
0:11:19.612661: off 15
0:11:19.628897: off 17
0:11:19.644409: off 18
0:11:19.660199: off 20
0:11:19.691404: off 21
0:11:19.691404: off 23
0:11:19.707073: off 25
0:11:19.738504: off 27
0:11:19.738504: off 29
0:11:19.754269: off 31
0:11:19.785427: off 33
0:11:19.785427: off 36
0:11:19.816750: off 37
0:11:19.832929: off 39
0:11:19.848674: off 40
0:11:19.864345: off 41
0:11:19.879844: off 43
0:11:19.879844: off 44
0:11:28.561142: phb 1.1257791068049985
0:11:28.576939: phb 1.1511452410187533
0:11:28.592439: phb 1.1770962848095048
0:11:28.608041: phb 1.286410504611145
0:11:28.623686: phb 1.40315375466802
0:11:28.639438: phb 1.5866679492511886
0:11:28.655667: phb 1.6850507063610456
0:11:28.671326: phb 1.9999732663284697
0:11:28.702563: phb 2.256525010552476
0:11:28.702563: phb 2.4575407868329253
0:11:28.718337: phb 2.6113762495307236
0:11:28.754156: phb 2.6738303269595742
0:11:28.765772: phb 2.7779820311160934
0:11:28.781436: phb 2.8538099196244953
0:11:28.797051: phb 2.929993528125583
0:11:28.812807: phb 2.9661116594762253
0:11:28.828392: phb 3.06982086023991
0:11:28.854217: phb 3.1475807910324156
0:11:28.859733: phb 3.2352409159307896
0:11:33.361907: freq 0.95
0:11:33.786617: freq 0.9
0:11:33.990566: freq 0.85
0:11:34.209995: freq 0.8
0:11:34.414542: freq 0.75
0:11:34.603076: freq 0.7
0:11:34.963780: freq 0.65
0:11:55.098556: freq 0.7
0:11:55.302434: freq 0.75
0:11:55.475720: freq 0.8
0:12:05.662034: amp 45
0:12:05.803444: amp 47
0:12:05.834684: amp 48
0:12:05.882146: amp 49
0:12:06.006874: amp 50
0:12:06.305216: amp 51
0:12:06.461809: amp 52
0:12:07.529246: freq 0.95
0:12:07.591877: freq 1
0:12:14.231553: amp 53
0:12:14.466554: amp 55
0:12:14.466554: amp 56
0:12:14.482146: amp 57
0:12:14.544882: amp 58
0:12:14.560546: amp 59
0:12:14.576115: amp 60
0:12:14.607610: amp 61
0:12:14.639027: amp 62
0:12:14.670235: amp 63
0:12:14.685851: amp 64
0:12:14.717182: amp 65
0:12:14.748616: amp 66
0:12:14.795433: amp 67
0:12:14.811500: amp 68
0:12:14.858537: amp 69
0:12:14.921634: amp 70
0:12:14.968484: amp 71
0:12:15.015789: amp 72
0:12:15.062847: amp 73
0:12:15.141251: amp 74
0:12:15.219467: amp 75
0:12:15.250896: amp 76
0:12:15.281999: amp 77
0:12:15.344980: amp 78
0:12:15.407494: amp 79
0:12:15.454358: amp 80
0:12:15.517063: amp 81
0:12:15.563963: amp 82
0:12:15.608512: amp 83
0:12:15.657944: amp 84
0:12:15.704947: amp 85
0:12:15.721226: amp 86
0:12:15.752638: amp 87
0:12:15.783905: amp 88
0:12:15.831015: amp 89
0:12:15.909743: amp 90
0:12:24.207085: off 49
0:12:24.222656: off 51
0:12:24.238881: off 53
0:12:24.254667: off 54
0:12:24.270163: off 56
0:12:24.285872: off 59
0:12:24.301521: off 60
0:12:24.332744: off 62
0:12:24.335368: off 65
0:12:24.348380: off 68
0:12:24.379790: off 71
0:12:24.395371: off 73
0:12:24.411021: off 76
0:12:24.426638: off 79
0:12:24.435657: off 82
0:12:24.458436: off 84
0:12:24.489681: off 87
0:12:24.489681: off 90
0:12:24.505439: off 93
0:12:24.521065: off 96
0:12:24.536890: off 97
0:12:24.552555: off 100
0:12:24.568156: off 103
0:12:24.583913: off 105
0:12:24.635832: off 107
0:12:25.102076: phb 3.431440731703454
0:12:25.227549: phb 3.453140269843572
0:12:25.238092: phb 3.4731468347133645
0:12:25.243752: phb 3.5464851633531658
0:12:25.275166: phb 3.6355351669189906
0:12:25.290806: phb 3.7121757650723843
0:12:25.306277: phb 3.7533202559470373
0:12:25.306277: phb 3.7922195599495057
0:12:25.321894: phb 3.8465198338217745
0:12:25.338833: phb 3.9269910731982005
0:12:25.353442: phb 4.011298431995568
0:12:25.384713: phb 4.0631310942590995
0:12:25.384713: phb 4.131867562703966
0:12:25.400338: phb 4.206941700678751
0:12:25.431606: phb 4.288432835909326
0:12:25.439268: phb 4.370936649645515
0:12:25.447492: phb 4.4288973522564365
0:12:25.478905: phb 4.5007902894910705
0:12:25.478905: phb 4.568562306439892
0:12:25.494536: phb 4.615916047581381
0:12:25.525658: phb 4.631818490873469
0:12:25.557514: phb 4.683825697792598
0:12:25.557514: phb 4.695816610372039
0:13:00.821756: phb 1.1429630890903855
0:13:00.900754: phb 1.1164934521753305
0:13:00.947630: phb 1.1371117253964231
0:13:00.978812: phb 1.1659038113136488
0:13:11.264936: freq 0.4
0:13:11.496252: freq 0.35
0:13:11.574766: freq 0.3
0:13:11.669443: freq 0.25
0:13:11.889468: freq 0.3
0:13:11.951830: freq 0.35
0:13:11.983224: freq 0.4
0:13:12.030092: freq 0.45
0:13:13.475183: off 132
0:13:13.788376: off 109
0:13:13.945141: off 103
0:13:13.945141: off 100
0:13:13.960661: off 97
0:13:13.992644: off 95
0:13:13.992644: off 91
0:13:14.023890: off 87
0:13:14.039501: off 83
0:13:14.039501: off 81
0:13:14.055091: off 77
0:13:14.086646: off 75
0:13:14.102383: off 72
0:13:14.118114: off 71
0:13:14.149361: off 69
0:13:14.149361: off 68
0:13:14.174379: off 67
0:13:14.196732: off 66
0:13:14.620497: off 65
0:13:14.683311: off 64
0:13:14.730331: off 63
0:13:14.793445: off 62
0:13:14.824517: off 61
0:13:15.091608: off 60
0:13:15.468266: off 59
0:13:15.625863: off 58
0:13:15.719801: off 57
0:13:15.814231: off 56
0:13:15.939679: off 55
0:13:16.112770: off 54
0:13:16.426535: off 53
0:13:16.724889: off 52
0:13:17.400271: off 53
0:13:17.416021: off 55
0:13:17.431742: off 60
0:13:17.447197: off 67
0:13:17.478597: off 71
0:13:17.485123: off 79
0:13:17.494669: off 87
0:13:17.510326: off 97
0:13:17.526063: off 108
0:13:17.541557: off 114
0:13:17.573004: off 125
0:13:17.585149: off 137
0:13:17.588859: off 149
0:13:17.620328: off 155
0:13:17.651574: off 167
0:13:17.651574: off 178
0:13:17.667183: off 180
0:13:21.637656: off 178
0:13:21.653195: off 177
0:13:21.684569: off 176
0:13:21.700647: off 175
0:13:21.716311: off 174
0:13:21.731972: off 173
0:13:21.747628: off 172
0:13:21.763233: off 171
0:13:21.779007: off 170
0:13:21.799141: off 169
0:13:21.826623: off 168
0:13:21.826623: off 167
0:13:21.842246: off 166
0:13:21.873305: off 165
0:13:21.873305: off 164
0:13:21.904884: off 163
0:13:21.920671: off 162
0:13:21.936254: off 161
0:13:21.951803: off 160
0:13:21.967421: off 159
0:13:21.983222: off 158
0:13:22.014639: off 157
0:13:22.030402: off 156
0:13:22.045941: off 155
0:13:22.077311: off 154
0:13:22.100701: off 153
0:13:22.124668: off 152
0:13:22.124668: off 151
0:13:22.187111: off 150
0:13:52.365066: freq 0
0:13:52.365066: amp 0
0:13:52.365066: off 90
0:13:52.365066: phb 0
0:14:24.318422: amp 47
0:15:24.864747: freq 0.8
0:15:25.037420: freq 0.75
0:15:25.179350: freq 0.7
0:15:25.369315: freq 0.65
0:15:26.106673: amp 49
0:15:30.416332: off 95
0:15:30.557309: off 91
0:15:30.572922: off 90
0:15:30.588688: off 89
0:15:30.604302: off 87
0:15:30.620001: off 86
0:15:30.635470: off 85
0:15:30.651086: off 84
0:15:30.673009: off 83
0:15:30.682723: off 81
0:15:30.698557: off 79
0:15:30.714183: off 77
0:15:30.729654: off 76
0:15:30.745269: off 74
0:15:30.760928: off 72
0:15:30.776736: off 70
0:15:30.808121: off 68
0:15:30.839326: off 67
0:15:30.855072: off 66
0:15:30.886942: off 65
0:15:30.949665: off 64
0:15:30.981190: off 63
0:15:31.216016: off 62
0:15:31.294457: off 61
0:15:31.529924: off 60
0:15:32.079094: off 59
0:15:32.141653: off 58
0:15:32.179776: off 57
0:15:32.204652: off 56
0:15:32.220446: off 55
0:15:32.235996: off 54
0:15:32.251457: off 53
0:15:32.280368: off 51
0:15:32.283471: off 49
0:15:32.299193: off 48
0:15:32.330439: off 46
0:15:32.330439: off 45
0:15:32.346130: off 44
0:15:32.377437: off 43
0:15:32.380535: off 42
0:15:32.409489: off 41
0:15:32.424999: off 40
0:15:32.424999: off 39
0:15:32.456378: off 38
0:15:32.472067: off 37
0:15:32.487787: off 36
0:15:32.519069: off 35
0:15:32.582331: off 34
0:15:32.680942: off 33
0:15:33.131304: off 34
0:15:33.147027: off 36
0:15:33.178318: off 39
0:15:33.181874: off 41
0:15:33.210330: off 44
0:15:33.226033: off 47
0:15:33.226033: off 49
0:15:33.241657: off 53
0:15:33.272746: off 58
0:15:33.288969: off 60
0:15:33.304808: off 66
0:15:33.320442: off 71
0:15:33.335998: off 77
0:15:33.351518: off 81
0:15:33.383248: off 87
0:15:33.383248: off 94
0:15:33.398992: off 101
0:15:33.430238: off 108
0:15:33.430238: off 114
0:15:33.445773: off 117
0:15:33.461577: off 121
0:15:33.482375: off 126
0:15:33.493064: off 128
0:15:33.524519: off 132
0:15:33.524519: off 135
0:15:33.555720: off 138
0:15:33.571407: off 139
0:15:33.587597: off 141
0:15:33.603432: off 142
0:15:33.619058: off 143
0:15:33.634510: off 144
0:15:33.681377: off 145
0:15:34.027033: off 144
0:15:34.277920: off 143
0:15:34.371905: off 142
0:15:34.485419: off 141
0:15:34.686256: off 140
0:15:47.041470: amp 47
0:15:47.197937: amp 49
0:15:47.197937: amp 50
0:15:47.245414: amp 52
0:15:47.245414: amp 53
0:15:47.276497: amp 54
0:15:47.276497: amp 55
0:15:47.292103: amp 56
0:15:47.323455: amp 57
0:15:47.370912: amp 58
0:15:47.402144: amp 59
0:15:47.465172: amp 60
0:15:52.426248: amp 63
0:15:52.583800: amp 61
0:15:52.583800: amp 60
0:15:52.599349: amp 59
0:15:52.630755: amp 57
0:15:52.640306: amp 56
0:15:52.646833: amp 54
0:15:52.662670: amp 52
0:15:52.678305: amp 50
0:15:52.693772: amp 48
0:15:52.725016: amp 46
0:15:52.756506: amp 44
0:15:52.787746: amp 43
0:15:52.787746: amp 42
0:15:52.803276: amp 40
0:15:52.818902: amp 39
0:15:52.928690: amp 38
0:15:52.928690: amp 37
0:15:52.960268: amp 36
0:15:52.960268: amp 35
0:15:52.960268: amp 34
0:15:52.960268: amp 33
0:15:52.976007: amp 32
0:15:52.976007: amp 31
0:15:53.007264: amp 30
0:15:53.054379: amp 29
0:15:53.101486: amp 28
0:15:53.132731: amp 27
0:15:53.164657: amp 26
0:15:53.258237: amp 25
0:15:53.367992: amp 24
0:15:53.478028: amp 23
0:15:53.603646: amp 22
0:15:53.807528: amp 21
0:15:53.916911: amp 20
0:15:53.948345: amp 19
0:15:53.995430: amp 18
0:15:54.026497: amp 17
0:15:54.058252: amp 16
0:15:54.105345: amp 15
0:15:54.136596: amp 14
0:15:54.168368: amp 13
0:15:54.199620: amp 12
0:15:54.215169: amp 11
0:15:54.246774: amp 10
0:15:54.293798: amp 9
0:15:54.309430: amp 8
0:15:54.325059: amp 7
0:15:54.356952: amp 6
0:15:54.388308: amp 5
0:15:54.435193: amp 4
0:15:54.451038: amp 3
0:15:54.482494: amp 2
0:15:54.497946: amp 1
0:15:54.529388: amp 0
0:15:55.864380: off 142
0:15:55.958540: off 139
0:15:55.989871: off 138
0:15:56.005466: off 137
0:15:56.005466: off 136
0:15:56.036871: off 133
0:15:56.053113: off 129
0:15:56.068808: off 126
0:15:56.084487: off 124
0:15:56.100319: off 120
0:15:56.115729: off 117
0:15:56.131526: off 113
0:15:56.162880: off 108
0:15:56.162880: off 106
0:15:56.178571: off 102
0:15:56.209984: off 98
0:15:56.209984: off 95
0:15:56.225622: off 93
0:15:56.257009: off 91
0:15:56.257009: off 89
0:15:56.272660: off 87
0:15:56.304108: off 86
0:15:56.319730: off 85
0:15:56.335362: off 83
0:15:56.353877: off 82
0:15:56.367032: off 81
0:15:56.382871: off 80
0:15:56.398490: off 79
0:15:56.414021: off 77
0:15:56.429643: off 76
0:15:56.461424: off 75
0:15:56.508526: off 74
0:15:56.524084: off 73
0:15:56.555907: off 72
0:15:56.587308: off 71
0:15:56.634241: off 70
0:15:56.713002: off 69
0:15:56.759864: off 68
0:15:56.806819: off 67
0:15:56.869665: off 66
0:15:56.932316: off 65
0:15:57.011086: off 64
0:15:57.058216: off 63
0:15:57.058216: off 62
0:15:57.073953: off 61
0:15:57.120757: off 60
0:15:57.136393: off 59
0:15:57.155701: off 58
0:15:57.168344: off 57
0:15:57.184106: off 56
0:15:57.199646: off 55
0:15:57.215349: off 54
0:15:57.230858: off 52
0:15:57.262411: off 51
0:15:57.278191: off 50
0:15:57.309341: off 49
0:15:57.356441: off 48
0:15:57.387710: off 47
0:15:57.434798: off 46
0:15:57.513169: off 45
0:15:58.611637: amp 1
0:15:58.831553: amp 5
0:15:58.847214: amp 8
0:15:58.863134: amp 10
0:15:58.878980: amp 14
0:15:58.894592: amp 18
0:15:58.910040: amp 22
0:15:58.925684: amp 24
0:15:58.941361: amp 28
0:15:58.961648: amp 31
0:15:58.988448: amp 34
0:15:58.988448: amp 36
0:15:59.019798: amp 37
0:15:59.035380: amp 38
0:15:59.066918: amp 39
0:16:00.888316: amp 37
0:16:01.029562: amp 40
0:16:01.045187: amp 42
0:16:01.067146: amp 43
0:16:01.092599: amp 44
0:16:01.092599: amp 45
0:16:01.123942: amp 46
0:16:01.139514: amp 48
0:16:01.139514: amp 49
0:16:01.167740: amp 50
0:16:01.186621: amp 51
0:16:01.202248: amp 52
0:16:01.217862: amp 53
0:16:01.233493: amp 54
0:16:01.296760: amp 55
0:16:01.296760: amp 56
0:16:01.343447: amp 57
0:16:01.422226: amp 58
0:16:01.782826: amp 57
0:16:01.870318: amp 56
0:16:01.986677: amp 55
0:16:02.111840: amp 54
0:16:02.174761: amp 53
0:16:02.237463: amp 52
0:16:02.347008: amp 51
0:16:17.384550: off 43
0:16:17.588459: off 38
0:16:17.604194: off 37
0:16:17.622922: off 36
0:16:17.636132: off 35
0:16:17.651792: off 34
0:16:17.667468: off 33
0:16:17.683176: off 32
0:16:17.698737: off 31
0:16:17.714370: off 30
0:16:17.746026: off 29
0:16:17.777325: off 28
0:16:18.044269: off 27
0:16:18.891595: off 26
0:16:18.926718: off 25
0:16:18.970328: off 24
0:16:19.001654: off 23
0:16:19.001654: off 21
0:16:19.001654: off 19
0:16:19.001654: off 17
0:16:19.027290: off 16
0:16:19.049066: off 13
0:16:19.049066: off 10
0:16:19.080319: off 8
0:16:19.080319: off 6
0:16:19.096002: off 4
0:16:19.127436: off 2
0:16:19.127436: off 0
0:16:21.042327: off 1
0:16:21.073743: off 5
0:16:21.073743: off 7
0:16:21.089423: off 11
0:16:21.120670: off 14
0:16:21.132690: off 18
0:16:21.152470: off 21
0:16:21.168171: off 23
0:16:21.183718: off 26
0:16:21.199427: off 28
0:16:21.214979: off 30
0:16:21.232607: off 31
0:16:21.246708: off 32
0:16:21.278011: off 33
0:16:21.293797: off 34
0:16:21.372650: off 35
0:16:21.419386: off 36
0:16:21.466558: off 37
0:16:21.497639: off 38
0:16:21.576629: off 39
0:16:21.639440: off 40
0:16:21.701988: off 41
0:16:21.780775: off 42
0:16:21.859466: off 43
0:16:21.953562: off 44
0:16:40.202535: off 48
0:16:40.202535: off 49
0:16:40.233890: off 50
0:16:40.249555: off 52
0:16:40.265053: off 53
0:16:40.280769: off 54
0:16:40.296936: off 55
0:16:40.312591: off 56
0:16:40.344009: off 57
0:16:40.375193: off 59
0:16:40.406983: off 60
0:16:40.406983: off 61
0:16:40.453890: off 62
0:16:40.453890: off 63
0:16:40.485156: off 64
0:16:40.532814: off 65
0:16:40.548346: off 66
0:16:40.579760: off 67
0:16:40.611618: off 68
0:16:40.658546: off 69
0:16:40.705863: off 70
0:16:40.752955: off 71
0:16:40.800156: off 72
0:16:40.847245: off 73
0:16:40.910018: off 74
0:16:41.004215: off 75
0:16:41.066853: off 76
0:16:41.160462: off 77
0:16:41.254894: off 78
0:16:41.398341: off 79
0:16:41.568850: off 80
0:16:41.945845: off 81
0:16:42.668085: amp 53
0:16:42.840886: amp 54
0:16:42.856659: amp 56
0:16:42.872184: amp 59
0:16:42.903446: amp 60
0:16:42.903446: amp 63
0:16:42.919128: amp 65
0:16:42.950530: amp 67
0:16:42.981626: amp 68
0:16:43.013748: amp 69
0:16:43.155026: amp 70
0:16:43.390969: amp 71
0:16:43.548037: amp 72
0:16:43.736468: amp 73
0:16:44.034743: amp 74
0:16:55.782319: off 83
0:16:55.955328: off 79
0:16:55.955328: off 78
0:16:55.986722: off 77
0:16:56.002419: off 76
0:16:56.002419: off 75
0:16:56.049188: off 74
0:16:56.064962: off 73
0:16:56.080542: off 72
0:16:56.111828: off 71
0:16:56.127399: off 70
0:16:56.159044: off 69
0:16:56.174881: off 68
0:16:56.206137: off 67
0:16:56.253296: off 66
0:16:56.269147: off 65
0:16:56.300406: off 64
0:16:56.331632: off 63
0:16:56.363477: off 62
0:16:56.379247: off 61
0:16:56.394802: off 60
0:16:56.426021: off 59
0:16:56.457688: off 58
0:16:56.473530: off 57
0:16:56.504591: off 56
0:16:56.520348: off 55
0:16:56.551985: off 54
0:16:56.551985: off 53
0:16:56.567812: off 52
0:16:56.599001: off 51
0:16:56.630283: off 50
0:16:56.661760: off 49
0:16:56.677591: off 48
0:16:56.708954: off 47
0:16:56.756344: off 46
0:16:56.756344: off 45
0:16:56.772088: off 44
0:16:56.803251: off 43
0:16:56.834693: off 42
0:16:56.851502: off 41
0:16:56.897377: off 40
0:16:56.913180: off 39
0:16:56.960382: off 38
0:16:57.054675: off 39
0:16:57.070504: off 41
0:16:57.101585: off 45
0:16:57.117220: off 51
0:16:57.117220: off 58
0:16:57.152277: off 61
0:16:57.164389: off 68
0:16:57.180053: off 75
0:16:57.195851: off 82
0:16:57.211309: off 89
0:16:57.227108: off 93
0:16:57.258544: off 102
0:16:57.258544: off 109
0:16:57.274220: off 117
0:16:57.305636: off 120
0:16:57.305636: off 127
0:16:57.321265: off 134
0:16:57.352867: off 140
0:16:57.352867: off 143
0:16:57.368553: off 147
0:16:57.399957: off 150
0:16:57.399957: off 153
0:16:57.431211: off 155
0:16:57.453303: off 156
0:16:57.462830: off 157
0:16:57.478674: off 158
0:16:57.494304: off 160
0:16:57.525550: off 161
0:16:57.541176: off 162
0:16:57.588936: off 163
0:16:57.620204: off 164
0:16:58.733119: off 163
0:16:58.733119: off 162
0:16:58.780198: off 161
0:16:58.795697: off 160
0:16:58.827066: off 159
0:16:58.842692: off 158
0:16:58.874571: off 157
0:16:58.890356: off 156
0:16:58.905976: off 155
0:16:58.921598: off 153
0:16:58.937181: off 152
0:16:58.959294: off 151
0:16:58.984679: off 150
0:16:58.984679: off 149
0:16:59.000269: off 148
0:16:59.031557: off 147
0:16:59.063260: off 145
0:16:59.079063: off 144
0:16:59.094722: off 143
0:16:59.125992: off 142
0:16:59.141594: off 141
0:16:59.159583: off 140
0:16:59.173289: off 139
0:16:59.204758: off 138
0:16:59.220187: off 137
0:16:59.236029: off 136
0:16:59.259702: off 135
0:16:59.283200: off 134
0:16:59.314441: off 133
0:16:59.345493: off 132
0:16:59.361568: off 131
0:16:59.393683: off 130
0:16:59.425164: off 129
0:16:59.460624: off 128
0:16:59.488076: off 127
0:16:59.534777: off 126
0:16:59.597856: off 125
0:16:59.833421: off 124
0:17:32.473986: off 118
0:17:32.646188: off 114
0:17:32.646188: off 113
0:17:32.677589: off 111
0:17:32.693434: off 110
0:17:32.724691: off 109
0:17:32.724691: off 108
0:17:32.740124: off 107
0:17:32.755920: off 105
0:17:32.772142: off 103
0:17:32.787981: off 101
0:17:32.803504: off 98
0:17:32.819136: off 96
0:17:32.850321: off 95
0:17:32.850321: off 93
0:17:32.865554: off 91
0:17:32.897016: off 88
0:17:32.897016: off 87
0:17:32.912603: off 85
0:17:32.943710: off 82
0:17:32.959518: off 78
0:17:32.975393: off 75
0:17:32.991236: off 74
0:17:33.006762: off 70
0:17:33.022319: off 66
0:17:33.038051: off 62
0:17:33.053736: off 60
0:17:33.069545: off 57
0:17:33.085389: off 54
0:17:33.100823: off 50
0:17:33.116470: off 49
0:17:33.147812: off 46
0:17:33.147812: off 44
0:17:33.167197: off 43
0:17:33.195112: off 42
0:17:33.210662: off 41
0:17:33.226360: off 39
0:17:33.241957: off 38
0:17:33.257536: off 36
0:17:33.289549: off 34
0:17:33.305033: off 33
0:17:33.320823: off 32
0:17:33.352074: off 31
0:17:33.368283: off 30
0:17:33.399574: off 29
0:17:33.399574: off 28
0:17:33.415388: off 27
0:17:33.446632: off 26
0:17:33.446632: off 25
0:17:33.468819: off 24
0:17:33.493725: off 23
0:17:33.525055: off 22
0:17:33.540640: off 21
0:17:33.556298: off 20
0:17:33.572134: off 19
0:17:33.603598: off 18
0:17:33.619212: off 17
0:17:56.178013: amp 52
0:17:56.288116: amp 50
0:17:56.319369: amp 49
0:17:56.366611: amp 48
0:17:56.382235: amp 47
0:17:56.460681: amp 46
0:21:06.115995: freq 0.85
0:21:06.241632: freq 0.8
0:21:06.273288: freq 0.75
0:21:06.304507: freq 0.7
0:21:06.320386: freq 0.65
0:21:06.351864: freq 0.6
0:21:06.367650: freq 0.55
0:21:06.414440: freq 0.5
0:21:06.430208: freq 0.45
0:21:06.462036: freq 0.4
0:21:06.477699: freq 0.35
0:21:06.524617: freq 0.3
0:21:06.546513: freq 0.25
0:21:06.571868: freq 0.2
0:21:06.618750: freq 0.15
0:21:06.618750: freq 0.1
0:21:06.666304: freq 0.05
0:21:06.713182: freq 0
0:22:34.675788: freq 0.15
0:22:46.633250: freq 0.5
0:23:25.019725: freq 0
0:23:54.671043: amp 49
0:23:54.749589: amp 47
0:23:54.812241: amp 46
0:23:54.859495: amp 45
0:23:54.906505: amp 44
0:23:54.953832: amp 43
0:23:55.032170: amp 42
0:23:55.472343: amp 43
0:23:55.534800: amp 44
0:23:55.566520: amp 45
0:23:55.597794: amp 46
0:23:55.613260: amp 47
0:23:55.676311: amp 48
0:23:55.723109: amp 49
0:23:55.754434: amp 50
0:24:01.219063: freq 0
0:24:01.219063: amp 0
0:24:01.219063: off 90
0:24:01.219063: phb 0
0:24:28.504365: amp 47
0:26:59.800020: phb 2.2944178018605403
0:26:59.894064: phb 2.305217904578591
0:26:59.925386: phb 2.345990743039097
0:26:59.925386: phb 2.376809651057352
0:26:59.940967: phb 2.3974079329016744
0:26:59.940967: phb 2.4275016935641163
0:26:59.959059: phb 2.467971514663653
0:26:59.972579: phb 2.5164253332106914
0:27:00.003956: phb 2.567287755627754
0:27:00.019575: phb 2.594029962731092
0:27:00.035259: phb 2.6504286494502356
0:27:00.050882: phb 2.6870084144364474
0:27:00.067034: phb 2.7401792903107105
0:27:00.082839: phb 2.7648133375706747
0:27:00.098468: phb 2.7945307644822672
0:27:00.114041: phb 2.8071310288271674
0:27:00.259328: phb 2.7899364789117613
0:27:00.286613: phb 2.7598286355238337
0:27:00.317926: phb 2.724066341698027
0:27:00.333538: phb 2.6998851067354996
0:27:00.349010: phb 2.668541111342976
0:27:00.365224: phb 2.6495616653141068
0:27:00.381037: phb 2.6303615046065016
0:27:00.396637: phb 2.6036483451301256
0:27:00.412126: phb 2.5837618698894738
0:27:00.427758: phb 2.5515862126002338
0:27:00.443521: phb 2.535111315152619
0:27:00.491224: phb 2.493620344026869
0:27:00.491224: phb 2.4726855465040276
0:27:00.506837: phb 2.4420047923222037
0:27:00.522332: phb 2.4305250598620174
0:27:00.538030: phb 2.399178901283283
0:27:00.569373: phb 2.377696546227062
0:27:00.585178: phb 2.356193813390759
0:27:00.600758: phb 2.3346925677359778
0:27:00.616327: phb 2.313210180797311
0:27:00.631989: phb 2.2917669332870085
0:27:00.647674: phb 2.24907907462283
0:27:00.663378: phb 2.2397026493907024
0:27:00.679181: phb 2.1979544088700957
0:27:00.694811: phb 2.177276925284897
0:27:00.710297: phb 2.128626979313489
0:27:00.725918: phb 2.108740295543325
0:27:00.741675: phb 2.089051401309459
0:27:00.761423: phb 2.069573224049685
0:27:00.788742: phb 2.0312887679780136
0:27:00.819994: phb 2.0056976264301665
0:27:00.835660: phb 1.9926669677229136
0:27:00.851294: phb 1.960622909339894
0:27:00.867140: phb 1.933807827902357
0:27:00.882881: phb 1.901678259458647
0:27:00.914167: phb 1.874115404331212
0:27:00.929830: phb 1.846068783808436
0:27:00.945430: phb 1.8140042959137903
0:27:00.962160: phb 1.796512897347404
0:27:00.977328: phb 1.768190990027738
0:27:00.992973: phb 1.722896244479527
0:27:01.008622: phb 1.7086034276455018
0:27:01.024380: phb 1.6942524100303136
0:27:01.055629: phb 1.6640502554047678
0:27:01.071442: phb 1.621113525939035
0:27:01.102838: phb 1.5923748146077368
0:27:01.118436: phb 1.5636017366239943
0:27:01.134107: phb 1.5204786349106179
0:27:01.149739: phb 1.491824157247612
0:27:01.165580: phb 1.4490984648206915
0:27:01.181250: phb 1.434947068624185
0:27:01.196858: phb 1.4068144125608415
0:27:01.212618: phb 1.3928422329577337
0:27:01.243892: phb 1.348265897995385
0:27:01.243892: phb 1.3310523380200876
0:27:01.262971: phb 1.3134724720550481
0:27:01.275479: phb 1.2814408953381384
0:27:01.291278: phb 1.2443282221533911
0:27:01.322510: phb 1.2058034875377988
0:27:01.322510: phb 1.1801887268543556
0:27:01.353781: phb 1.146838027524603
0:27:01.369923: phb 1.0882825471295092
0:27:01.385678: phb 1.0395216734327555
0:27:01.401358: phb 1.0303757104600213
0:27:01.416986: phb 1.0011632010522387
0:27:01.432609: phb 0.9800823490266677
0:27:01.463677: phb 0.9457721928405909
0:27:01.479435: phb 0.9335569384720892
0:27:01.510733: phb 0.9078577439430711
0:27:01.526311: phb 0.8943388324100892
0:27:01.573703: phb 0.8803487853384702
0:27:01.636376: phb 0.8508768607826878
0:27:01.651852: phb 0.8337472842184532
0:27:01.667881: phb 0.8181732755430113
0:27:01.714950: phb 0.8020627547908373
0:27:01.730408: phb 0.785397872445896
0:27:01.746186: phb 0.7503242471150063
0:27:01.777837: phb 0.7127986776791941
0:27:01.903411: phb 0.6930681846678614
0:27:01.934561: phb 0.6726702038583358
0:27:01.981226: phb 0.6895376135594472
0:28:05.898529: off 86
0:28:06.149384: off 81
0:28:06.165124: off 76
0:28:06.196305: off 67
0:28:06.212000: off 61
0:28:06.227699: off 50
0:28:06.243309: off 44
0:28:06.259487: off 39
0:28:06.275289: off 33
0:28:06.290750: off 31
0:28:06.306390: off 28
0:28:06.322161: off 27
0:28:06.337798: off 26
0:28:06.353695: off 25
0:28:06.369328: off 24
0:28:06.416324: off 23
0:28:06.794030: off 22
0:28:06.825288: off 21
0:28:06.856970: off 20
0:28:14.068588: phb 6.1878227877992265
0:28:14.672645: phb 6.207698764656299
0:28:14.704074: phb 6.224429230777111
0:28:14.782448: phb 6.241192689306185
0:28:14.844977: phb 6.257980562660273
0:28:14.892425: phb 6.274781887469182
0:28:15.441618: phb 6.274335710916147
0:28:26.804904: amp 56
0:28:26.817563: amp 58
0:28:26.849006: amp 59
0:28:26.927556: amp 60
0:28:27.273896: amp 59
0:28:30.491791: amp 58
0:28:30.523313: amp 56
0:28:30.539120: amp 55
0:28:30.554705: amp 53
0:28:30.570317: amp 50
0:28:30.585990: amp 48
0:28:30.601640: amp 47
0:28:30.617285: amp 46
0:28:30.633121: amp 44
0:28:30.648749: amp 43
0:28:30.664335: amp 41
0:28:30.679994: amp 40
0:28:30.695436: amp 39
0:30:37.651137: off 9
0:30:39.723589: off 15
0:30:42.524459: off 20
0:33:04.834360: freq 0
0:33:13.450469: amp 0
0:33:21.013592: off 0
0:35:17.278950: amp 17
0:35:17.341627: amp 19
0:35:17.365654: amp 20
0:35:17.387011: amp 21
0:35:17.389746: amp 22
0:35:17.405344: amp 24
0:35:17.436775: amp 27
0:35:17.452395: amp 28
0:35:17.468050: amp 31
0:35:17.483881: amp 33
0:35:17.499690: amp 36
0:35:17.515173: amp 37
0:35:17.530949: amp 39
0:35:17.546782: amp 41
0:35:17.594275: amp 42
0:35:17.977698: freq 0.35
0:35:18.078192: freq 0.4
0:35:18.129102: freq 0.45
0:35:18.178330: freq 0.5
0:35:18.207659: freq 0.55
0:35:18.239072: freq 0.6
0:35:18.301631: freq 0.65
0:35:18.364303: freq 0.7
0:35:25.304028: amp 0
0:35:30.017047: freq 0
0:36:47.237060: freq 0.05
0:36:47.441011: freq 0.1
0:36:47.488308: freq 0.15
0:36:47.535362: freq 0.2
0:36:47.582429: freq 0.25
0:36:47.660596: freq 0.3
0:36:47.723549: freq 0.35
0:36:47.774965: freq 0.4
0:36:47.817909: freq 0.45
0:36:47.875223: freq 0.5
0:36:47.943437: freq 0.55
0:36:48.022494: freq 0.6
0:36:52.291836: amp 11
0:36:52.401593: amp 13
0:36:52.417396: amp 14
0:36:52.433046: amp 15
0:36:52.448485: amp 16
0:36:52.464139: amp 18
0:36:52.487466: amp 19
0:36:52.495658: amp 21
0:36:52.511310: amp 24
0:36:52.542619: amp 26
0:36:52.558210: amp 28
0:36:52.573977: amp 29
0:36:52.589709: amp 31
0:36:52.605527: amp 33
0:36:52.621155: amp 34
0:36:52.636776: amp 36
0:36:52.652257: amp 37
0:36:52.668021: amp 39
0:36:52.687867: amp 40
0:36:52.699498: amp 41
0:36:52.730786: amp 42
0:36:52.746588: amp 43
0:36:52.762209: amp 44
0:36:52.793402: amp 45
0:36:52.809050: amp 46
0:36:52.824822: amp 47
0:36:52.871699: amp 48
0:36:56.278128: off 94
0:37:16.313041: amp 50
0:37:16.328658: amp 51
0:37:16.376094: amp 52
0:37:16.392273: amp 53
0:37:16.392273: amp 54
0:37:16.423593: amp 55
0:37:16.455044: amp 56
0:37:16.471162: amp 57
0:37:16.486980: amp 58
0:37:16.502525: amp 59
0:37:16.534398: amp 61
0:37:16.549905: amp 62
0:37:16.581324: amp 63
0:37:16.596944: amp 64
0:37:16.612573: amp 65
0:37:16.660063: amp 66
0:37:16.660063: amp 67
0:37:16.675796: amp 68
0:37:16.722757: amp 69
0:37:16.754422: amp 70
0:37:16.801887: amp 71
0:37:16.833075: amp 72
0:37:16.850247: amp 73
0:37:16.880559: amp 74
0:37:16.896190: amp 75
0:37:16.911655: amp 76
0:37:16.927459: amp 77
0:37:16.950496: amp 78
0:37:16.990494: amp 79
0:37:17.037409: amp 80
0:37:17.053593: amp 81
0:37:17.116139: amp 82
0:37:17.163374: amp 83
0:37:17.210270: amp 84
0:37:17.304972: amp 85
0:37:17.340110: amp 86
0:37:17.383053: amp 87
0:37:17.399043: amp 88
0:37:17.430711: amp 89
0:37:17.462537: amp 90
0:37:22.413096: amp 52
0:37:33.790225: freq 0
0:37:53.615550: amp 0
0:37:55.106601: off 10
0:38:13.846412: off 0
0:39:20.423358: off 175
0:39:24.989261: off 176
0:39:25.177618: off 172
0:39:25.193351: off 171
0:39:25.208967: off 170
0:39:25.224516: off 169
0:39:25.256143: off 168
0:39:25.303029: off 167
0:39:28.644446: off 171
0:39:28.754509: off 167
0:39:28.754509: off 166
0:39:28.770312: off 164
0:39:28.785932: off 161
0:39:28.801430: off 156
0:39:28.832781: off 154
0:39:28.832781: off 150
0:39:28.851817: off 145
0:39:28.864486: off 140
0:39:28.880259: off 137
0:39:28.911539: off 132
0:39:28.927114: off 128
0:39:28.942774: off 123
0:39:28.958599: off 120
0:39:28.974404: off 115
0:39:28.989879: off 111
0:39:29.005636: off 106
0:39:29.021267: off 102
0:39:29.036766: off 100
0:39:29.052434: off 97
0:39:29.068231: off 94
0:39:29.083749: off 91
0:39:29.099333: off 90
0:39:29.130722: off 86
0:39:29.130722: off 82
0:39:29.152757: off 78
0:39:29.178232: off 75
0:39:29.193890: off 73
0:39:29.209508: off 71
0:39:29.225137: off 68
0:39:29.240617: off 66
0:39:29.256806: off 65
0:39:29.272456: off 63
0:39:29.288225: off 62
0:39:29.319329: off 61
0:39:29.460706: off 62
0:39:29.570009: off 63
0:39:29.585617: off 65
0:39:29.601205: off 67
0:39:29.616748: off 68
0:39:29.648085: off 70
0:39:29.654658: off 72
0:39:29.680124: off 75
0:39:29.680124: off 76
0:39:29.711244: off 77
0:39:29.727001: off 79
0:39:29.742620: off 80
0:39:36.648456: amp 6
0:39:36.820932: amp 8
0:39:36.836496: amp 9
0:39:36.875441: amp 10
0:39:36.899320: amp 11
0:39:36.899320: amp 12
0:39:36.914950: amp 13
0:39:36.930562: amp 14
0:39:36.975827: amp 15
0:39:37.009350: amp 16
0:39:37.024997: amp 17
0:39:37.056246: amp 18
0:39:37.075956: amp 19
0:39:37.088126: amp 20
0:39:37.103919: amp 21
0:39:37.119485: amp 22
0:39:37.150797: amp 23
0:39:37.229006: amp 24
0:39:37.307614: amp 25
0:39:37.386035: amp 26
0:39:37.464294: amp 27
0:39:37.495837: amp 28
0:39:37.558400: amp 29
0:39:39.066247: freq 0.3
0:39:39.098089: freq 0.35
0:39:39.176244: freq 0.4
0:39:39.239089: freq 0.45
0:39:39.333037: freq 0.5
0:40:06.640011: freq 0
0:40:06.640011: amp 0
0:40:06.640011: off 90
0:40:06.640011: phb 0
0:40:40.476363: amp 52
0:41:29.403076: amp 53
0:41:30.374805: amp 52
0:41:30.626464: amp 51
0:41:30.893548: amp 49
0:41:30.893548: amp 48
0:41:30.909003: amp 47
0:41:30.924628: amp 46
0:41:30.940409: amp 44
0:41:30.956189: amp 43
0:41:30.971773: amp 40
0:41:30.987480: amp 38
0:41:31.018699: amp 36
0:41:31.018699: amp 33
0:41:31.036452: amp 32
0:41:31.050079: amp 30
0:41:31.081477: amp 27
0:41:31.096963: amp 24
0:41:31.112755: amp 23
0:41:31.137047: amp 20
0:41:31.144227: amp 17
0:41:31.160028: amp 14
0:41:31.175596: amp 13
0:41:31.191286: amp 10
0:41:31.206901: amp 6
0:41:31.222387: amp 3
0:41:31.253298: amp 0
0:42:36.397611: freq 0.55
0:42:36.554643: freq 0.6
0:42:36.711088: freq 0.65
0:42:36.820875: freq 0.7
0:42:36.947104: freq 0.75
0:42:37.056823: freq 0.8
0:42:37.150843: freq 0.85
0:42:37.307339: freq 0.9
0:42:37.542884: freq 0.95
0:42:37.762597: freq 1
0:42:39.300695: amp 4
0:42:41.637783: amp 6
0:42:41.669411: amp 7
0:42:41.685031: amp 9
0:42:41.700589: amp 11
0:42:41.716138: amp 12
0:42:41.747569: amp 15
0:42:41.747569: amp 18
0:42:41.763361: amp 21
0:42:41.778995: amp 23
0:42:41.794618: amp 28
0:42:41.825854: amp 32
0:42:41.825854: amp 35
0:42:41.857151: amp 38
0:42:41.872947: amp 39
0:42:41.888558: amp 41
0:42:41.904070: amp 42
0:42:41.919819: amp 43
0:42:41.935296: amp 44
0:42:41.966893: amp 45
0:42:41.982459: amp 47
0:42:42.013770: amp 49
0:42:42.029386: amp 52
0:42:42.048645: amp 56
0:42:42.060807: amp 59
0:42:42.076585: amp 61
0:42:42.107793: amp 64
0:42:42.123428: amp 67
0:42:42.139057: amp 70
0:42:42.155252: amp 71
0:42:42.170902: amp 74
0:42:42.186664: amp 76
0:42:42.202313: amp 79
0:42:42.217771: amp 81
0:42:42.233545: amp 82
0:42:42.249072: amp 84
0:42:42.264866: amp 86
0:42:42.280364: amp 88
0:42:42.296117: amp 89
0:42:42.311790: amp 90
0:42:44.887001: amp 88
0:42:45.106559: amp 86
0:42:45.137805: amp 84
0:42:45.156555: amp 83
0:42:45.169171: amp 81
0:42:45.184963: amp 78
0:42:45.200478: amp 77
0:42:45.216164: amp 75
0:42:45.231834: amp 73
0:42:45.247461: amp 72
0:42:45.263686: amp 71
0:42:45.279421: amp 69
0:42:45.310705: amp 68
0:42:45.357754: amp 67
0:42:45.420434: amp 66
0:42:57.536386: freq 0.95
0:42:57.818556: freq 0.9
0:43:35.840930: off 102
0:43:36.955621: off 105
0:43:37.175187: off 101
0:43:37.175187: off 100
0:43:37.190753: off 99
0:43:37.207046: off 97
0:43:37.222736: off 95
0:43:37.238387: off 93
0:43:37.269652: off 92
0:43:37.285434: off 90
0:43:37.301073: off 87
0:43:37.332740: off 85
0:43:37.348251: off 84
0:43:37.364067: off 82
0:43:37.395286: off 80
0:43:37.411568: off 79
0:43:37.427384: off 78
0:43:37.442859: off 77
0:43:37.474229: off 76
0:43:37.489802: off 75
0:43:37.508039: off 74
0:43:37.537426: off 73
0:43:37.568745: off 72
0:43:37.584372: off 71
0:43:37.616126: off 70
0:43:37.647552: off 69
0:43:37.678798: off 68
0:43:37.726385: off 67
0:43:37.788899: off 66
0:43:37.852036: off 65
0:43:37.914958: off 64
0:43:37.946244: off 63
0:43:37.993131: off 62
0:43:38.040164: off 61
0:43:38.055844: off 60
0:43:38.071421: off 59
0:43:38.118975: off 58
0:43:38.150408: off 57
0:43:38.181490: off 56
0:43:38.228761: off 55
0:43:38.260006: off 54
0:43:38.291247: off 53
0:43:38.310510: off 52
0:43:38.354066: off 51
0:43:38.385328: off 50
0:43:38.400971: off 49
0:43:38.432648: off 48
0:43:38.463758: off 47
0:43:38.495146: off 46
0:43:40.174560: phb 2.6271415274400267
0:43:40.269026: phb 2.6476508355388138
0:43:40.284654: phb 2.6813120242048525
0:43:40.315493: phb 2.7385735725913305
0:43:40.331130: phb 2.7623834807594245
0:43:40.346941: phb 2.811108750792049
0:43:40.362569: phb 2.8284998834810455
0:43:40.362569: phb 2.8547625903616134
0:43:40.378105: phb 2.871743268255966
0:43:40.393814: phb 2.9147937061744957
0:43:40.416071: phb 2.946814926019676
0:43:40.425190: phb 2.9884391732317006
0:43:40.440829: phb 3.0164230580756795
0:43:40.456634: phb 3.043865666334456
0:43:40.472252: phb 3.0843304803540987
0:43:40.487884: phb 3.1231898229248958
0:43:40.516631: phb 3.1355324870045083
0:43:40.534891: phb 3.171170186101194
0:43:40.550698: phb 3.205091363298005
0:43:40.566307: phb 3.2497406444360415
0:43:40.581905: phb 3.2596847652190557
0:43:40.597561: phb 3.289672012720312
0:43:40.617040: phb 3.3200032730810407
0:43:40.629053: phb 3.3305678085351205
0:43:40.660463: phb 3.349361356110638
0:43:41.273398: phb 3.4032154336623295
0:43:41.289174: phb 3.39299019244298
0:43:41.352004: phb 3.349361356110638
0:43:41.419250: phb 3.295447606551199
0:43:41.430928: phb 3.2849867159489325
0:43:41.462221: phb 3.263972991161466
0:43:41.477832: phb 3.2534235854072304
0:43:41.540914: phb 3.1997284894723315
0:43:41.572166: phb 3.1786129553463542
0:43:45.841427: phb 3.262944777143301
0:43:46.045292: phb 3.294853252196996
0:43:46.060950: phb 3.3421136413015993
0:43:46.092227: phb 3.3576778402199494
0:43:46.093981: phb 3.418818927616463
0:43:46.108017: phb 3.492320932071794
0:43:46.132459: phb 3.6345482341364885
0:43:46.139629: phb 3.727653941116402
0:43:46.155301: phb 3.8815675540829107
0:43:46.186578: phb 4.033147635605576
0:43:47.160080: phb 4.501879449437967
0:43:47.395230: phb 4.537717895062883
0:43:47.426527: phb 4.575048220269719
0:43:47.442747: phb 4.625990958510741
0:43:47.458563: phb 4.6891383328995495
0:43:47.474099: phb 4.720022911353744
0:43:47.489811: phb 4.779956074554068
0:43:47.489811: phb 4.808389746709912
0:43:47.505364: phb 4.852211820207817
0:43:47.521065: phb 4.934919265335265
0:43:47.536207: phb 4.9992192038149215
0:43:47.567493: phb 5.034139559130463
0:43:47.583273: phb 5.108689935750244
0:43:47.598903: phb 5.1674905092588705
0:43:47.614519: phb 5.223093588424193
0:43:47.630094: phb 5.244422953068353
0:43:47.645968: phb 5.2855169727527676
0:43:47.661633: phb 5.333978966018542
0:43:47.677415: phb 5.386252405652183
0:43:47.708663: phb 5.434878153648455
0:43:47.708663: phb 5.459344568974661
0:43:47.724225: phb 5.505362767269915
0:43:48.917592: phb 5.023090210929869
0:43:48.980411: phb 5.051183888173885
0:43:48.996010: phb 5.114888752488939
0:43:49.011737: phb 5.147931341814915
0:43:49.027385: phb 5.195641701212919
0:43:49.043692: phb 5.211041981060998
0:43:49.075127: phb 5.258850592217609
0:43:49.090762: phb 5.297959123139847
0:43:49.106402: phb 5.3326383355099445
0:43:49.141276: phb 5.382911426604342
0:43:49.153288: phb 5.421983568046968
0:43:49.184643: phb 5.447197904152301
0:43:49.200351: phb 5.48496716498615
0:43:49.215970: phb 5.537240545669943
0:43:49.231420: phb 5.60405180651732
0:43:49.247640: phb 5.676418023092111
0:43:49.263447: phb 5.787874138133849
0:43:49.279014: phb 5.851489740423065
0:43:49.294701: phb 5.974678608734411
0:43:49.310331: phb 6.077350950303043
0:43:49.325960: phb 6.184604863338471
0:43:49.341509: phb 6.250230233033252
0:43:49.357342: phb 0.07677117000396227
0:43:49.372968: phb 0.1846839273974601
0:43:49.388529: phb 0.3085057851264757
0:43:49.404180: phb 0.40211290043647296
0:43:49.435306: phb 0.44039514118423523
0:43:49.441836: phb 0.5509824671731576
0:43:49.467194: phb 0.5964997445149511
0:43:49.482873: phb 0.669970991900439
0:43:49.498504: phb 0.7010911750302657
0:43:49.513970: phb 0.7572361529370294
0:43:49.529727: phb 0.7715095086312727
0:43:49.749514: phb 0.7572361529370294
0:43:49.765310: phb 0.7274912837698322
0:43:49.780959: phb 0.679731894132718
0:43:49.796404: phb 0.6629366750591916
0:43:49.812045: phb 0.6098055843803633
0:43:49.827822: phb 0.5323215020230413
0:43:49.843730: phb 0.469111012044199
0:43:49.859548: phb 0.4245610469203582
0:43:49.875174: phb 0.36339311564482835
0:43:49.890794: phb 0.33855491325539994
0:43:49.906238: phb 0.2875758161674156
0:43:49.922050: phb 0.2614780000928367
0:43:49.942714: phb 0.2350117970343524
0:43:49.953737: phb 0.20820593865796838
0:43:50.047894: phb 0.1810918152476106
0:43:50.079281: phb 0.15370710117979916
0:43:50.157685: phb 0.1297023031693248
0:43:50.173515: phb 0.13352892137893335
0:43:50.189057: phb 0.10409893694156917
0:43:50.235946: phb 0.07448826541884378
0:43:50.251757: phb 0.04612111331160833
0:43:50.267491: phb 0.015382462097756146
0:43:50.283049: phb 6.235602298838318
0:43:50.314429: phb 6.203985431056614
0:43:50.330050: phb 6.172527826819468
0:43:50.361936: phb 6.110324098809419
0:43:50.393338: phb 6.079692192781927
0:43:50.408970: phb 6.049442576542344
0:43:50.424614: phb 6.0196210231348095
0:43:50.444750: phb 6.011392494965296
0:43:50.456364: phb 5.981233991154249
0:43:50.745314: phb 5.971638030496186
0:43:50.754820: phb 6.03422261682682
0:43:50.770578: phb 6.066311211802015
0:43:50.801812: phb 6.0988599101866985
0:43:50.817503: phb 6.131809873084042
0:43:50.833136: phb 6.165092776257941
0:43:50.865040: phb 6.198640529989408
0:43:50.896262: phb 6.232381606400474
0:43:50.974775: phb 6.26623726137023
0:43:50.990391: phb 0.016946494513829888
0:43:51.053079: phb 0.05080370077911254
0:43:51.053079: phb 0.08454323651397976
0:43:51.068847: phb 0.11809100072014002
0:43:51.147069: phb 0.15660153675299235
0:43:51.162829: phb 0.19739479957882877
0:43:51.492485: phb 0.16219864555352678
0:43:51.508110: phb 0.1682067599774069
0:43:51.523883: phb 0.1313142977772032
0:43:51.695706: phb 0.10168810171842471
0:43:51.774525: phb 0.061148081923448845
0:43:51.821555: phb 0.020404058593055448
0:43:51.962717: phb 6.261911273865327
0:43:52.057086: phb 6.219441999806543
0:43:52.527476: phb 6.167424861999515
0:43:52.551887: phb 6.121809744543127
0:43:52.888599: amp 70
0:43:53.092292: amp 68
0:43:53.139281: amp 67
0:43:53.155048: amp 66
0:43:53.202102: amp 65
0:43:53.233204: amp 64
0:43:53.253583: amp 63
0:43:53.280994: amp 62
0:43:53.296566: amp 61
0:43:53.312257: amp 60
0:43:53.343492: amp 59
0:43:53.374973: amp 58
0:43:53.390739: amp 57
0:43:53.422005: amp 56
0:43:53.454178: amp 55
0:43:53.516207: amp 54
0:43:53.626057: amp 53
0:43:53.704540: amp 52
0:43:53.767563: amp 51
0:43:53.798998: amp 50
0:43:53.830086: amp 49
0:43:53.862104: amp 48
0:43:53.909171: amp 47
0:43:53.940920: amp 46
0:43:53.972501: amp 45
0:43:54.034849: amp 44
0:43:54.082271: amp 43
0:43:54.113521: amp 42
0:43:54.160627: amp 41
0:43:57.205332: phb 5.480548059245164
0:43:57.487905: phb 5.463902666026649
0:43:57.503543: phb 5.447829846806071
0:43:57.519019: phb 5.4323077481756
0:43:57.565970: phb 5.4173169976996345
0:43:57.613052: phb 5.3714791813686364
0:43:58.021562: phb 5.402836521841115
0:43:58.084551: phb 5.43437999796939
0:43:58.116003: phb 5.4494373219995484
0:44:23.104823: amp 40
0:44:23.261842: amp 42
0:44:23.293035: amp 43
0:44:23.340681: amp 44
0:44:23.356428: amp 45
0:44:23.387741: amp 46
0:44:23.403197: amp 47
0:44:23.438784: amp 48
0:44:23.466193: amp 49
0:44:23.528682: amp 50
0:44:23.575881: amp 51
0:44:23.607129: amp 52
0:44:23.701276: amp 53
0:44:23.810893: amp 54
0:44:23.889517: amp 55
0:44:23.952629: amp 56
0:44:24.015248: amp 57
0:44:24.093702: amp 58
0:44:24.140622: amp 59
0:44:24.187500: amp 60
0:44:24.265579: amp 61
0:44:24.312625: amp 62
0:44:24.344059: amp 63
0:44:24.359879: amp 64
0:44:24.375528: amp 65
0:44:24.406691: amp 66
0:44:24.441353: amp 67
0:44:24.454031: amp 68
0:44:24.501452: amp 69
0:44:24.579896: amp 70
0:44:24.626630: amp 71
0:44:24.689363: amp 72
0:44:24.751946: amp 73
0:44:25.191313: amp 72
0:44:25.254179: amp 71
0:44:25.348278: amp 70
0:44:25.445823: amp 69
0:44:25.615617: amp 68
0:44:25.961583: amp 69
0:44:26.024130: amp 70
0:44:26.102747: amp 71
0:44:26.196785: amp 72
0:44:26.306510: amp 71
0:44:26.588383: amp 72
0:44:26.887998: amp 73
0:44:28.285488: amp 72
0:44:34.896219: off 48
0:44:35.068877: off 54
0:44:35.084632: off 55
0:44:35.084632: off 56
0:44:35.100327: off 58
0:44:35.115962: off 60
0:44:35.147024: off 61
0:44:35.163131: off 63
0:44:35.179351: off 65
0:44:35.195322: off 67
0:44:35.210640: off 69
0:44:35.226420: off 71
0:44:35.242047: off 74
0:44:35.257670: off 76
0:44:35.273505: off 77
0:44:35.289321: off 78
0:44:35.304799: off 79
0:44:35.320399: off 80
0:44:35.336201: off 81
0:44:35.366998: off 82
0:44:35.382818: off 83
0:44:35.429538: off 84
0:44:35.492931: off 85
0:44:35.508573: off 86
0:44:52.208398: off 96
0:44:52.317934: off 92
0:44:52.508364: off 93
0:44:52.522395: off 94
0:44:52.538165: off 96
0:44:52.569315: off 97
0:44:52.584910: off 98
0:44:52.608778: off 99
0:44:52.616955: off 100
0:44:52.632773: off 102
0:44:52.648400: off 103
0:44:52.663874: off 104
0:44:52.711366: off 105
0:44:52.742688: off 106
0:44:52.758433: off 107
0:44:52.809332: off 108
0:44:52.853208: off 109
0:44:52.994610: off 110
0:44:56.965107: off 112
0:44:57.106282: off 108
0:44:57.137927: off 106
0:44:57.169168: off 105
0:44:57.184667: off 104
0:44:57.200425: off 103
0:44:57.219786: off 101
0:44:57.231980: off 99
0:44:57.247819: off 98
0:44:57.263259: off 96
0:44:57.294513: off 94
0:44:57.310292: off 93
0:44:57.326155: off 91
0:44:57.341787: off 89
0:44:57.357412: off 87
0:44:57.373219: off 85
0:44:57.388854: off 83
0:44:57.404290: off 82
0:44:57.420100: off 80
0:44:57.435539: off 79
0:44:57.451347: off 77
0:44:57.466920: off 76
0:44:57.482442: off 74
0:44:57.513668: off 73
0:44:57.520415: off 71
0:44:57.545109: off 70
0:44:57.560909: off 69
0:44:57.576375: off 67
0:44:57.592142: off 66
0:44:57.607724: off 65
0:44:57.623628: off 64
0:44:57.639307: off 62
0:44:57.655082: off 61
0:44:57.670694: off 60
0:44:57.686314: off 59
0:44:57.701953: off 58
0:44:57.720599: off 56
0:44:57.733104: off 55
0:44:57.748932: off 54
0:44:57.780159: off 53
0:44:57.795762: off 51
0:44:57.811245: off 50
0:44:57.827309: off 48
0:44:57.843129: off 47
0:44:57.858750: off 46
0:44:57.874199: off 44
0:44:57.890001: off 42
0:44:57.905625: off 41
0:44:57.921138: off 40
0:44:57.936959: off 38
0:44:57.952795: off 37
0:44:57.968214: off 35
0:44:57.983707: off 34
0:44:57.999280: off 33
0:44:58.021429: off 32
0:44:58.046787: off 30
0:44:58.078036: off 28
0:44:58.093652: off 27
0:44:58.109821: off 26
0:44:58.126026: off 25
0:44:58.141778: off 24
0:44:58.157573: off 23
0:44:58.173097: off 22
0:44:58.221977: off 21
0:44:58.221977: off 20
0:44:58.236171: off 19
0:44:58.298711: off 18
0:45:23.721558: phb 5.226841676133765
0:45:23.752627: phb 5.159463400790417
0:45:23.768426: phb 5.1490161819649884
0:45:23.783865: phb 5.086331480358847
0:45:23.815550: phb 5.026894440025485
0:45:23.815550: phb 4.99844102710781
0:45:23.831318: phb 4.970843957575501
0:45:23.846813: phb 4.949239108621526
0:45:23.862661: phb 4.918223774260651
0:45:23.878272: phb 4.893188593380633
0:45:23.901452: phb 4.848386982202276
0:45:23.925320: phb 4.825308644739838
0:45:23.940890: phb 4.801264338339302
0:45:23.956686: phb 4.780246409912947
0:45:23.972340: phb 4.740953836150364
0:45:24.003846: phb 4.664806493328053
0:45:24.019610: phb 4.58920635402537
0:45:24.035119: phb 4.496747859810319
0:45:24.050847: phb 4.442916904296761
0:45:24.066588: phb 4.340120185172777
0:45:24.082245: phb 4.275761850404548
0:45:24.102595: phb 4.215047190052486
0:45:24.113757: phb 4.163447980504782
0:45:24.129431: phb 4.113050125389729
0:45:24.145022: phb 4.02890936216229
0:45:24.160836: phb 3.9269910056260895
0:45:24.192077: phb 3.833514624836054
0:45:24.207979: phb 3.7667604974134226
0:45:24.223615: phb 3.7392291239646283
0:45:24.239425: phb 3.686631423386557
0:45:24.255048: phb 3.655052407604441
0:45:24.270688: phb 3.6138363987765723
0:45:24.286297: phb 3.5966938146485297
0:45:24.317677: phb 3.5682206712879028
0:45:24.317677: phb 3.523272016730333
0:45:24.333510: phb 3.4750620322492236
0:45:24.349139: phb 3.459467382618568
0:45:24.364783: phb 3.417398759635636
0:45:24.381243: phb 3.3674843288418734
0:45:24.403047: phb 3.3366841439025823
0:45:24.412579: phb 3.313531171654424
0:45:24.444036: phb 3.2867632990311706
0:45:24.444036: phb 3.250981054890161
0:45:24.461041: phb 3.215742348287944
0:45:24.507205: phb 3.1692102770067745
0:45:24.523054: phb 3.13618762884473
0:45:24.538662: phb 3.104572835575988
0:45:32.864515: amp 77
0:45:33.068476: amp 74
0:45:33.099794: amp 73
0:45:33.115422: amp 72
0:45:33.162654: amp 71
0:45:33.240987: amp 70
0:45:33.272459: amp 69
0:45:33.351093: amp 68
0:45:33.444990: amp 67
0:45:33.507656: amp 66
0:45:33.570656: amp 65
0:45:33.601906: amp 64
0:45:33.634223: amp 63
0:45:33.649267: amp 62
0:45:33.680740: amp 60
0:45:33.696342: amp 59
0:45:33.727543: amp 57
0:45:33.743286: amp 55
0:45:33.774757: amp 54
0:45:33.790315: amp 53
0:45:33.805962: amp 52
0:45:33.821565: amp 51
0:45:33.837685: amp 50
0:45:33.853523: amp 49
0:45:33.869104: amp 48
0:45:33.900406: amp 47
0:45:34.042137: amp 48
0:45:34.120316: amp 49
0:45:34.167003: amp 50
0:45:34.537103: amp 51
0:45:34.637697: amp 52
0:45:35.108620: amp 51
0:45:35.407103: amp 50
0:45:37.557194: freq 0.85
0:45:37.682658: freq 0.8
0:45:37.792445: freq 0.75
0:45:37.870929: freq 0.7
0:45:38.310774: freq 0.65
0:45:38.483081: freq 0.6
0:45:38.812526: freq 0.55
0:45:39.254869: freq 0.5
0:45:44.621021: off 23
0:45:44.918656: off 26
0:45:44.934366: off 28
0:45:44.950009: off 29
0:45:44.972297: off 31
0:45:44.982008: off 33
0:45:44.997854: off 35
0:45:45.013311: off 36
0:45:45.044735: off 37
0:45:45.072505: off 38
0:45:45.123122: off 39
0:45:45.154456: off 41
0:45:45.185904: off 43
0:45:45.201551: off 44
0:45:45.217306: off 46
0:45:45.232991: off 47
0:45:45.272866: off 48
0:45:45.295886: off 49
0:45:45.327211: off 50
0:45:45.358446: off 51
0:45:45.374238: off 52
0:45:45.374238: off 53
0:45:45.421299: off 54
0:45:45.436929: off 55
0:45:45.473344: off 56
0:45:45.483986: off 57
0:45:45.499830: off 58
0:45:45.515452: off 59
0:45:45.531075: off 60
0:45:45.546702: off 61
0:45:45.562308: off 63
0:45:45.594222: off 64
0:45:45.594222: off 66
0:45:45.641033: off 68
0:45:45.641033: off 70
0:45:45.672178: off 72
0:45:45.704272: off 75
0:45:45.719901: off 77
0:45:45.735490: off 79
0:45:45.751074: off 80
0:45:45.774605: off 82
0:45:45.782823: off 84
0:45:45.798652: off 86
0:45:45.814284: off 87
0:45:45.829916: off 88
0:45:45.845404: off 89
0:45:45.860992: off 90
0:45:45.876707: off 91
0:45:45.892543: off 92
0:45:45.908163: off 93
0:45:45.939349: off 94
0:45:45.954869: off 95
0:45:45.970668: off 96
0:45:46.002436: off 97
0:45:46.018042: off 98
0:45:46.033675: off 99
0:45:46.075592: off 100
0:45:46.096637: off 101
0:45:46.112241: off 102
0:45:46.159140: off 103
0:45:46.206843: off 104
0:45:46.253767: off 105
0:45:46.301027: off 106
0:45:46.363505: off 107
0:45:46.881656: off 106
0:45:46.944260: off 105
0:45:47.116932: off 106
0:45:47.320859: off 105
0:45:47.367577: off 104
0:45:47.414884: off 103
0:45:47.481089: off 102
0:45:47.524556: off 101
0:45:47.587384: off 100
0:45:47.665739: off 99
0:45:47.712886: off 98
0:45:47.838388: off 97
0:45:48.042523: off 96
0:45:48.284357: off 97
0:45:48.340434: off 98
0:45:48.387659: off 99
0:45:48.465987: off 100
0:45:48.785362: off 101
0:45:49.659446: off 100
0:45:49.894998: off 99
0:45:50.961962: off 100
0:45:51.213415: off 101
0:45:52.297306: off 100
0:46:12.615986: amp 47
0:46:12.772972: amp 49
0:46:12.860402: amp 50
0:46:12.867592: amp 51
0:46:12.883238: amp 52
0:46:12.914683: amp 53
0:46:12.930249: amp 54
0:46:12.961734: amp 55
0:46:12.993200: amp 56
0:46:13.040077: amp 57
0:46:13.087503: amp 58
0:46:13.134534: amp 59
0:46:13.166221: amp 60
0:46:13.228764: amp 61
0:46:13.244563: amp 62
0:46:13.276246: amp 63
0:46:13.323358: amp 64
0:46:13.338959: amp 65
0:46:13.386178: amp 66
0:46:13.433109: amp 67
0:46:13.433109: amp 68
0:46:13.464525: amp 69
0:46:13.511617: amp 70
0:46:13.590074: amp 71
0:46:13.652593: amp 72
0:46:13.684733: amp 73
0:46:13.700354: amp 74
0:46:13.731601: amp 75
0:46:13.747173: amp 76
0:46:13.778663: amp 77
0:46:13.919777: amp 78
0:46:13.967022: amp 79
0:46:14.092763: amp 80
0:46:14.171215: amp 81
0:46:14.218270: amp 82
0:46:14.264785: amp 83
0:46:20.986164: amp 84
0:46:21.206161: amp 78
0:46:21.362946: amp 77
0:46:21.551161: amp 74
0:46:21.566761: amp 73
0:46:21.598714: amp 72
0:46:21.614497: amp 71
0:46:21.630010: amp 70
0:46:21.645814: amp 69
0:46:21.689226: amp 68
0:46:21.692871: amp 67
0:46:21.724158: amp 66
0:46:21.755522: amp 65
0:46:21.818349: amp 64
0:46:21.865407: amp 63
0:46:21.912939: amp 62
0:46:21.944178: amp 61
0:46:21.959740: amp 60
0:46:21.991312: amp 59
0:46:22.007139: amp 58
0:46:22.022768: amp 57
0:46:22.054030: amp 55
0:46:22.085288: amp 54
0:46:22.116951: amp 53
0:46:22.132636: amp 52
0:46:22.148149: amp 51
0:46:22.163881: amp 50
0:46:22.195248: amp 49
0:46:22.257963: amp 48
0:46:22.336618: amp 47
0:46:22.399423: amp 46
0:46:22.477771: amp 45
0:46:32.210198: off 102
0:46:32.430248: off 106
0:46:32.446083: off 107
0:46:32.461660: off 108
0:46:32.477212: off 110
0:46:32.524092: off 112
0:46:32.525244: off 113
0:46:32.539915: off 114
0:46:32.555631: off 115
0:46:32.586842: off 116
0:46:32.586842: off 117
0:46:32.602598: off 118
0:46:32.649977: off 119
0:46:32.665563: off 120
0:46:32.696692: off 121
0:46:32.744204: off 122
0:46:32.759780: off 123
0:46:32.797567: off 124
0:46:32.826250: off 125
0:46:32.870165: off 126
0:46:32.870165: off 127
0:46:32.933139: off 128
0:46:32.964430: off 129
0:46:32.980160: off 130
0:46:32.995863: off 131
0:46:33.027188: off 133
0:46:33.042859: off 134
0:46:33.058484: off 135
0:46:33.105534: off 136
0:46:33.105534: off 137
0:46:33.152614: off 138
0:46:33.152614: off 139
0:46:33.199496: off 140
0:46:33.230979: off 141
0:46:33.246632: off 142
0:46:33.262415: off 143
0:46:33.293697: off 144
0:46:33.309230: off 145
0:46:33.356995: off 146
0:46:33.435677: off 147
0:46:33.482716: off 148
0:46:33.498229: off 149
0:46:33.530032: off 150
0:46:33.561504: off 151
0:46:33.608239: off 152
0:46:33.608239: off 153
0:46:33.629610: off 154
0:46:33.655608: off 155
0:46:33.671178: off 156
0:46:33.702427: off 157
0:46:33.702427: off 158
0:46:33.830180: off 159
0:46:33.875344: off 160
0:46:34.048314: off 161
0:46:34.079477: off 162
0:46:34.131146: off 163
0:46:46.814886: amp 43
0:46:46.830489: amp 41
0:46:46.846115: amp 40
0:46:46.861556: amp 38
0:46:46.878663: amp 35
0:46:46.893342: amp 32
0:46:46.909184: amp 28
0:46:46.924803: amp 26
0:46:46.940448: amp 22
0:46:46.955885: amp 18
0:46:46.979255: amp 14
0:46:46.987487: amp 12
0:46:47.018831: amp 9
0:46:47.018831: amp 6
0:46:47.050038: amp 3
0:46:47.065827: amp 1
0:46:47.081623: amp 0
0:46:47.754175: off 168
0:46:47.852193: off 162
0:46:47.852193: off 160
0:46:47.867867: off 157
0:46:47.881876: off 151
0:46:47.915369: off 141
0:46:47.915369: off 136
0:46:47.930838: off 124
0:46:47.946519: off 109
0:46:47.962297: off 92
0:46:47.982052: off 75
0:46:47.993785: off 65
0:46:48.025194: off 44
0:46:48.025194: off 24
0:46:48.040892: off 6
0:46:48.071959: off 0
0:46:49.084661: phb 3.3080384319041536
0:46:49.203298: phb 3.292438330914903
0:46:49.203298: phb 3.2452204084928082
0:46:49.234551: phb 3.181571848933388
0:46:49.250349: phb 3.149592731204934
0:46:49.250349: phb 3.101614189498442
0:46:49.265876: phb 3.0538189582237405
0:46:49.281596: phb 2.9907476921471985
0:46:49.297685: phb 2.925507466959637
0:46:49.313531: phb 2.89078927940692
0:46:49.329063: phb 2.840144191236023
0:46:49.344761: phb 2.7686049205332486
0:46:49.360306: phb 2.703961464615472
0:46:49.385738: phb 2.6511319947514655
0:46:49.407625: phb 2.612902766257479
0:46:49.407625: phb 2.541542340861899
0:46:49.423252: phb 2.4710703911426273
0:46:49.454456: phb 2.396712637156785
0:46:49.454456: phb 2.356194882113471
0:46:49.470106: phb 2.195818364876032
0:46:49.501520: phb 2.039138990483728
0:46:49.501520: phb 1.9130918963177097
0:46:49.532982: phb 1.7554801393501036
0:46:49.548543: phb 1.669375536172972
0:46:49.564174: phb 1.515906385665507
0:46:49.579699: phb 1.3649613316335891
0:46:49.595553: phb 1.1801889919160016
0:46:49.611386: phb 1.0927948703502646
0:46:49.627029: phb 0.8587940874044929
0:46:49.658262: phb 0.6132066174333167
0:46:49.658262: phb 0.4097569446174118
0:46:49.673735: phb 0.3387934655058092
0:46:49.705378: phb 0.23903788950052043
0:46:49.705378: phb 0.16137495566230892
0:46:49.721050: phb 0.11065711882845365
0:46:49.752282: phb 0.07785620518597132
0:46:49.767764: phb 0.03354425411793934
0:46:49.799349: phb 6.276649258458444
0:46:49.815123: phb 6.238628653429603
0:46:49.846301: phb 6.1902857842546695
0:46:49.862054: phb 6.1779846853130325
0:46:49.877595: phb 6.165716018079139
0:46:49.909581: phb 6.129135891531061
0:46:49.956295: phb 6.1170295846247695
0:46:50.004074: phb 6.0929664792222225
0:46:50.019632: phb 6.078543654884968
0:46:50.050776: phb 6.0638417699443
0:46:50.082151: phb 6.024591389680577
0:46:50.098021: phb 6.012571059053025
0:46:50.333589: phb 6.030430854997482
0:46:50.364876: phb 6.052468368939598
0:46:50.380563: phb 6.065227098645097
0:46:50.396791: phb 6.090957270098675
0:46:50.428404: phb 6.114728974108499
0:46:50.444089: phb 6.141288372465808
0:46:50.459754: phb 6.154646141306809
0:47:02.363050: freq 0.05
0:47:02.473062: freq 0.1
0:47:02.661842: freq 0.15
0:47:02.850487: freq 0.2
0:47:03.031795: freq 0.25
0:47:03.243967: freq 0.3
0:47:03.432886: freq 0.35
0:47:03.652788: freq 0.4
0:47:03.982380: freq 0.45
0:47:04.658118: freq 0.5
0:47:05.538912: freq 0.55
0:47:06.212731: freq 0.6
0:47:06.606363: freq 0.65
0:47:12.528532: amp 1
0:47:12.544102: amp 2
0:47:12.606908: amp 3
0:47:12.662888: amp 4
0:47:12.701530: amp 5
0:47:12.763075: amp 6
0:47:12.826796: amp 7
0:47:12.921606: amp 8
0:47:12.963031: amp 9
0:47:13.001035: amp 10
0:47:32.026033: phb 0.10639249527144327
0:47:32.150214: phb 0.08715721995668574
0:47:32.165850: phb 0.028563623612316714
0:47:32.181289: phb 6.235601680892713
0:47:32.212719: phb 6.178803703489077
0:47:32.228604: phb 6.082058544607038
0:47:32.244445: phb 6.021966781988365
0:47:32.244445: phb 5.961435134252234
0:47:32.260078: phb 5.806437771940604
0:47:32.275532: phb 5.665218455439836
0:47:32.291321: phb 5.5921016346898815
0:47:32.306771: phb 5.458334192931722
0:47:32.327000: phb 5.317934422187221
0:47:32.338706: phb 5.211041981060998
0:47:32.354447: phb 5.133261171641428
0:47:32.369987: phb 4.996523760050418
0:47:32.385802: phb 4.889986190027936
0:47:32.417053: phb 4.801582623744145
0:47:32.427256: phb 4.6887723217203945
0:47:32.432899: phb 4.642735377782024
0:47:32.464351: phb 4.553437020252006
0:47:32.464351: phb 4.486672409832182
0:47:32.495546: phb 4.442540653798171
0:47:32.511238: phb 4.407515384041145
0:47:32.527426: phb 4.3865063055478295
0:47:32.542520: phb 4.342483657360579
0:47:35.667205: amp 7
0:47:35.777233: amp 9
0:47:35.792858: amp 10
0:47:35.824050: amp 11
0:47:35.871040: amp 12
0:47:35.886530: amp 13
0:47:35.917918: amp 14
0:47:35.981087: amp 15
0:47:36.027888: amp 16
0:47:36.059932: amp 17
0:47:36.075547: amp 18
0:47:36.091188: amp 19
0:47:36.106631: amp 20
0:47:36.140740: amp 21
0:47:36.153792: amp 22
0:47:36.169615: amp 23
0:47:36.200782: amp 24
0:47:36.200782: amp 27
0:47:36.216403: amp 31
0:47:36.247989: amp 35
0:47:36.247989: amp 36
0:47:36.279383: amp 38
0:47:36.295073: amp 39
0:47:36.310518: amp 40
0:47:36.341553: amp 41
0:47:36.373032: amp 42
0:47:36.404107: amp 43
0:47:36.419913: amp 49
0:47:36.451315: amp 52
0:48:09.852253: freq 0.7
0:48:09.926095: freq 0.75
0:48:10.035964: freq 0.8
0:48:10.177898: freq 0.85
0:48:15.709732: freq 0.9
0:48:15.850718: freq 0.95
0:48:15.992335: freq 1
0:50:14.342852: freq 0.35
0:50:14.389748: freq 0.3
0:50:14.407879: freq 0.25
0:50:14.437195: freq 0.2
0:50:14.468442: freq 0.15
0:50:14.484071: freq 0.1
0:50:14.515589: freq 0.05
0:50:14.562639: freq 0
