0:03:49.468735: amp 21
0:03:49.508025: amp 22
0:03:49.537074: amp 23
0:03:49.553707: amp 25
0:03:49.558028: amp 28
0:03:49.566490: amp 30
0:03:49.574655: amp 33
0:03:49.583243: amp 37
0:03:49.591263: amp 40
0:03:49.599677: amp 45
0:03:49.604118: amp 49
0:03:49.612238: amp 54
0:03:49.620593: amp 57
0:03:49.635882: amp 60
0:03:49.636064: amp 63
0:03:49.641442: amp 65
0:03:49.791609: amp 64
0:03:49.808464: amp 63
0:03:49.816678: amp 62
0:03:49.824935: amp 61
0:03:49.838207: amp 59
0:03:49.838448: amp 58
0:03:49.845946: amp 57
0:03:49.854278: amp 55
0:03:49.858595: amp 53
0:03:49.866779: amp 52
0:03:49.875217: amp 51
0:03:49.883210: amp 50
0:03:50.700338: amp 49
0:03:50.713087: amp 48
0:03:50.729610: amp 47
0:03:50.747252: amp 46
0:03:50.754560: amp 45
0:03:50.767059: amp 44
0:04:12.734946: phb 6.273842454086795
0:04:12.745634: phb 0.003116265931755537
0:04:12.749850: phb 0.015572517027963103
0:04:12.762414: phb 0.028025836995325404
0:04:12.777242: phb 0.06613805633041937
0:04:12.778011: phb 0.09355949091224074
0:04:12.783365: phb 0.12069795293689951
0:04:12.791202: phb 0.16134356787022042
0:04:12.795348: phb 0.20253045124317587
0:04:12.803751: phb 0.247368426319997
0:04:12.812182: phb 0.3026238902053107
0:04:12.820351: phb 0.3195477658002305
0:04:12.828529: phb 0.384905328565656
0:04:12.832681: phb 0.428244475994468
0:04:12.841378: phb 0.5016962462838588
0:04:12.849757: phb 0.5321353807411722
0:04:12.857994: phb 0.5925795436778399
0:04:12.877202: phb 0.7001617580576729
0:04:12.877764: phb 0.7289827860108071
0:04:12.878554: phb 0.7759524957070747
0:04:12.886541: phb 0.8317247242877037
0:04:12.894910: phb 0.8872110188396974
0:04:12.899404: phb 0.9316473003380338
0:04:12.907732: phb 0.9496366086773953
0:04:12.916160: phb 0.9747155561403265
0:04:12.924622: phb 1.0204262160277913
0:04:12.932795: phb 1.0549862400363597
0:04:12.937151: phb 1.0999816811965342
0:04:12.945471: phb 1.133247416696626
0:04:12.953750: phb 1.1495891356448638
0:04:12.962049: phb 1.1657297569523086
0:04:12.978581: phb 1.2086614492321388
0:04:12.982978: phb 1.235509745932706
0:04:12.991143: phb 1.2621747660481442
0:04:12.999497: phb 1.288618538125185
0:04:13.007618: phb 1.3033243897900295
0:04:13.016157: phb 1.3292184464248622
0:04:13.020419: phb 1.3548119988315601
0:04:13.036946: phb 1.391547419850464
0:04:13.045374: phb 1.4049944369197116
0:04:13.049600: phb 1.4278988968903124
0:04:13.057788: phb 1.452332461210864
0:04:13.065725: phb 1.4649970519820252
0:04:13.079301: phb 1.4877144718887845
0:04:13.082470: phb 1.4999165143065285
0:04:13.091143: phb 1.5224985720959192
0:04:13.095225: phb 1.5454166429257106
0:04:13.111840: phb 1.5678206602913178
0:04:13.124378: phb 1.6010848016550787
0:04:13.157923: phb 1.6226338869793822
0:04:13.724806: phb 1.6112550574596056
0:04:13.741384: phb 1.5893935403319577
0:04:13.749669: phb 1.5785882644025124
0:04:13.770564: phb 1.5575095650443371
0:04:14.441898: phb 1.568120473837411
0:04:14.695778: phb 1.5877569357651176
0:04:35.496579: phb 1.65151413600414
0:04:35.528379: phb 1.6395694365924363
0:04:35.536884: phb 1.5916268281319064
0:04:35.545684: phb 1.4599540827960027
0:04:35.553410: phb 1.358879066268107
0:04:35.557614: phb 1.1434973247690645
0:04:35.566111: phb 0.8918487917655821
0:04:35.574111: phb 0.6439278505141393
0:04:35.587030: phb 0.41657974483762994
0:04:35.591085: phb 0.2697337570539616
0:04:35.595572: phb 0.19003778300573274
0:04:36.045242: phb 5.195647244493681
0:04:36.062059: phb 5.21525462895303
0:04:36.066534: phb 5.244119898000896
0:04:36.074887: phb 5.263722363072683
0:04:36.091823: phb 5.303833473742767
0:04:36.092360: phb 5.394443054369955
0:04:36.099317: phb 5.437510382488964
0:04:36.107699: phb 5.5380780074680365
0:04:36.116192: phb 5.636445160638798
0:04:36.120430: phb 5.740404746566642
0:04:36.128873: phb 5.844424716637049
0:04:36.137139: phb 5.95662340446199
0:04:36.141405: phb 6.035434499038135
0:04:36.149608: phb 6.12786144961685
0:04:36.158100: phb 6.1911012717568825
0:04:36.165996: phb 6.223032728741992
0:04:36.192804: phb 6.2550874311498
0:04:36.307829: phb 6.239049958842583
0:04:36.324502: phb 6.205810979985383
0:04:36.332809: phb 6.153157503948307
0:04:36.340739: phb 6.114545433889319
0:04:36.345223: phb 6.069949615405045
0:04:36.353445: phb 6.0081286577637
0:04:36.361771: phb 5.93078183473777
0:04:36.370421: phb 5.87972347468924
0:04:36.374587: phb 5.826479929232974
0:04:36.392912: phb 5.8173731986320085
0:04:36.393269: phb 5.760946476251212
0:04:36.399795: phb 5.702751492021402
0:04:36.407710: phb 5.655751503104371
0:04:36.415943: phb 5.6260734629537055
0:04:36.420260: phb 5.593292809768515
0:04:36.428695: phb 5.5640811780025015
0:04:36.436853: phb 5.548684419705241
0:04:36.549591: phb 5.533701948504366
0:04:36.578649: phb 5.519128113198759
0:04:36.595415: phb 5.50494809657108
0:04:36.599536: phb 5.477736467578257
0:04:36.608031: phb 5.464681844551711
0:04:36.616281: phb 5.451983424787603
0:04:36.632859: phb 5.42760448443899
0:04:36.637230: phb 5.404522722459207
0:04:36.645448: phb 5.393443951703294
0:04:36.653623: phb 5.382658391641206
0:04:36.670544: phb 5.361936978786178
0:04:36.674704: phb 5.3485202343153695
0:04:36.796943: phb 5.358664497764483
0:04:36.803590: phb 5.3690907405732755
0:04:36.824811: phb 5.404522722459207
0:05:47.420919: freq 0
0:05:47.421757: amp 0
0:05:47.422149: off 90
0:05:47.422492: phb 0
0:05:53.574567: freq 0.2
0:05:53.658433: freq 0.25
0:05:53.683252: freq 0.3
0:05:53.687543: freq 0.35
0:05:53.704361: freq 0.45
0:05:53.712911: freq 0.5
0:05:53.717008: freq 0.6
0:05:53.731113: freq 0.7
0:05:53.733666: freq 0.8
0:05:53.741548: freq 0.9
0:05:53.750238: freq 0.95
0:05:53.754558: freq 1.05
0:05:53.770931: freq 1.1
0:05:53.912683: freq 1.05
0:05:54.266584: freq 1
0:05:54.304449: freq 0.95
0:05:54.312647: freq 0.9
0:05:54.335909: freq 0.85
0:05:55.046055: freq 0.8
0:05:55.062551: freq 0.75
0:05:55.066620: freq 0.7
0:05:55.083455: freq 0.65
0:05:55.091856: freq 0.6
0:05:55.096072: freq 0.55
0:05:55.120911: freq 0.5
0:05:55.150197: freq 0.45
0:05:55.349555: freq 0.4
0:05:55.362821: freq 0.35
0:05:55.375286: freq 0.3
0:05:55.391772: freq 0.25
0:05:55.674681: freq 0.2
0:05:55.833034: freq 0.15
0:05:55.879135: freq 0.1
0:05:55.916408: freq 0.05
0:05:56.054277: freq 0.1
0:05:56.087448: freq 0.15
0:05:56.112218: freq 0.2
0:05:56.141519: freq 0.25
0:05:57.424801: freq 0.3
0:05:57.521262: freq 0.35
0:05:57.671371: freq 0.4
0:06:12.650593: freq 0.45
0:06:13.675220: freq 0.5
0:06:18.245999: freq 0.45
0:06:18.311721: freq 0
0:07:54.925611: vote 1
0:07:55.406876: vote 0
0:08:01.408564: vote 1
0:09:31.583556: freq 0.3
0:09:31.654210: freq 0.35
0:09:31.658245: freq 0.45
0:09:31.666607: freq 0.6
0:09:31.680441: freq 0.8
0:09:31.683290: freq 1.05
0:09:31.691627: freq 1.35
0:09:31.695939: freq 1.7
0:09:31.704055: freq 2
