Time, Frequency, Amplitude, Offset, PhaseShift, Phase
0:00:00.063083, 0.49999943375587463, 1.401298464324817e-44, 90.0, 0.0, 7047.482421875
0:00:00.173105, 0.47227248549461365, 1.401298464324817e-44, 90.0, 0.0, 7047.8310546875
0:00:00.267565, 0.4519520103931427, 1.401298464324817e-44, 90.0, 0.0, 7048.08642578125
0:00:00.345744, 0.43250519037246704, 1.401298464324817e-44, 90.0, 0.0, 7048.3310546875
0:00:00.424542, 0.41410696506500244, 1.401298464324817e-44, 90.0, 0.0, 7048.56201171875
0:00:00.550102, 0.39094361662864685, 1.401298464324817e-44, 90.0, 0.0, 7048.853515625
0:00:00.628585, 0.3743133544921875, 1.401298464324817e-44, 90.0, 0.0, 7049.0625
0:00:00.707424, 0.36095598340034485, 1.401298464324817e-44, 90.0, 0.0, 7049.22998046875
0:00:00.832797, 0.3381713032722473, 1.401298464324817e-44, 90.0, 0.0, 7049.51611328125
0:00:00.911515, 0.32395169138908386, 1.401298464324817e-44, 90.0, 0.0, 7049.69482421875
0:00:01.005541, 0.310012549161911, 1.401298464324817e-44, 90.0, 0.0, 7049.8701171875
0:00:01.084071, 0.2965213358402252, 1.401298464324817e-44, 90.0, 0.0, 7050.03955078125
0:00:01.178314, 0.2836178243160248, 1.401298464324817e-44, 90.0, 0.0, 7050.20166015625
0:00:01.288231, 0.26734402775764465, 1.401298464324817e-44, 90.0, 0.0, 7050.40576171875
0:00:01.382565, 0.2558410167694092, 1.401298464324817e-44, 90.0, 0.0, 7050.55029296875
0:00:01.460757, 0.2463349848985672, 1.401298464324817e-44, 90.0, 0.0, 7050.669921875
0:00:01.586471, 0.23125730454921722, 1.401298464324817e-44, 90.0, 0.0, 7050.859375
0:00:01.665121, 0.22130700945854187, 1.401298464324817e-44, 90.0, 0.0, 7050.984375
0:00:01.758903, 0.2117844969034195, 1.401298464324817e-44, 90.0, 0.0, 7051.10400390625
0:00:01.837469, 0.20277561247348785, 1.401298464324817e-44, 90.0, 0.0, 7051.216796875
0:00:01.932099, 0.19365395605564117, 1.401298464324817e-44, 90.0, 0.0, 7051.33154296875
0:00:02.026354, 0.18503735959529877, 1.401298464324817e-44, 90.0, 0.0, 7051.43994140625
0:00:02.105013, 0.177437886595726, 1.401298464324817e-44, 90.0, 0.0, 7051.53515625
0:00:02.230581, 0.16632221639156342, 1.401298464324817e-44, 90.0, 0.0, 7051.67529296875
0:00:02.309147, 0.15932853519916534, 1.401298464324817e-44, 90.0, 0.0, 7051.76318359375
0:00:02.403452, 0.15278491377830505, 1.401298464324817e-44, 90.0, 0.0, 7051.84521484375
0:00:02.481926, 0.14643517136573792, 1.401298464324817e-44, 90.0, 0.0, 7051.92529296875
0:00:02.591839, 0.13824494183063507, 1.401298464324817e-44, 90.0, 0.0, 7052.0283203125
0:00:02.686064, 0.1324317455291748, 1.401298464324817e-44, 90.0, 0.0, 7052.1015625
0:00:02.764191, 0.12712249159812927, 1.401298464324817e-44, 90.0, 0.0, 7052.16845703125
0:00:02.874243, 0.11982874572277069, 1.401298464324817e-44, 90.0, 0.0, 7052.259765625
0:00:02.968846, 0.11490737646818161, 1.401298464324817e-44, 90.0, 0.0, 7052.3212890625
0:00:03.078570, 0.10842449963092804, 1.401298464324817e-44, 90.0, 0.0, 7052.40234375
0:00:03.156803, 0.10375931859016418, 1.401298464324817e-44, 90.0, 0.0, 7052.4609375
0:00:03.235327, 0.09995508939027786, 1.401298464324817e-44, 90.0, 0.0, 7052.5087890625
0:00:03.329560, 0.095703125, 1.401298464324817e-44, 90.0, 0.0, 7052.5625
0:00:03.439705, 0.09002896398305893, 1.401298464324817e-44, 90.0, 0.0, 7052.6337890625
0:00:03.518356, 0.08672759681940079, 1.401298464324817e-44, 90.0, 0.0, 7052.67529296875
0:00:03.643894, 0.08141917735338211, 1.401298464324817e-44, 90.0, 0.0, 7052.7421875
0:00:03.738318, 0.07791591435670853, 1.401298464324817e-44, 90.0, 0.0, 7052.7861328125
0:00:03.816113, 0.07460137456655502, 1.401298464324817e-44, 90.0, 0.0, 7052.82763671875
0:00:03.910434, 0.07139138877391815, 1.401298464324817e-44, 90.0, 0.0, 7052.86767578125
0:00:03.988881, 0.06824977695941925, 1.401298464324817e-44, 90.0, 0.0, 7052.9072265625
0:00:04.083405, 0.06541331857442856, 1.401298464324817e-44, 90.0, 0.0, 7052.94287109375
0:00:04.208976, 0.06131550297141075, 1.401298464324817e-44, 90.0, 0.0, 7052.994140625
0:00:04.287601, 0.05858733132481575, 1.401298464324817e-44, 90.0, 0.0, 7053.0283203125
0:00:04.381585, 0.056095097213983536, 1.401298464324817e-44, 90.0, 0.0, 7053.0595703125
0:00:04.459739, 0.05370888113975525, 1.401298464324817e-44, 90.0, 0.0, 7053.08935546875
0:00:04.569471, 0.05098950117826462, 1.401298464324817e-44, 90.0, 0.0, 7053.12353515625
0:00:04.647957, 0.04879549890756607, 1.401298464324817e-44, 90.0, 0.0, 7053.15087890625
0:00:04.773759, 0.046089597046375275, 1.401298464324817e-44, 90.0, 0.0, 7053.1845703125
0:00:04.852092, 0.044129036366939545, 1.401298464324817e-44, 90.0, 0.0, 7053.20947265625
0:00:04.930576, 0.04233824461698532, 1.401298464324817e-44, 90.0, 0.0, 7053.23193359375
0:00:05.056307, 0.03992931544780731, 1.401298464324817e-44, 90.0, 0.0, 7053.2626953125
0:00:05.119039, 0.038230810314416885, 1.401298464324817e-44, 90.0, 0.0, 7053.2841796875
0:00:05.213184, 0.03669814020395279, 1.401298464324817e-44, 90.0, 0.0, 7053.30322265625
0:00:05.338856, 0.034592557698488235, 1.401298464324817e-44, 90.0, 0.0, 7053.330078125
0:00:05.417209, 0.033171843737363815, 1.401298464324817e-44, 90.0, 0.0, 7053.34765625
0:00:05.511456, 0.03174455836415291, 1.401298464324817e-44, 90.0, 0.0, 7053.36572265625
0:00:05.589624, 0.030394144356250763, 1.401298464324817e-44, 90.0, 0.0, 7053.3828125
0:00:05.715240, 0.028504647314548492, 1.401298464324817e-44, 90.0, 0.0, 7053.40625
0:00:05.793819, 0.027347907423973083, 1.401298464324817e-44, 90.0, 0.0, 7053.4208984375
0:00:05.887798, 0.026171209290623665, 1.401298464324817e-44, 90.0, 0.0, 7053.435546875
0:00:05.965983, 0.025070736184716225, 1.401298464324817e-44, 90.0, 0.0, 7053.44970703125
0:00:06.075749, 0.023777101188898087, 1.401298464324817e-44, 90.0, 0.0, 7053.4658203125
0:00:06.154651, 0.02276565320789814, 1.401298464324817e-44, 90.0, 0.0, 7053.478515625
0:00:06.248909, 0.02179725281894207, 1.401298464324817e-44, 90.0, 0.0, 7053.49072265625
0:00:06.358777, 0.020546618849039078, 1.401298464324817e-44, 90.0, 0.0, 7053.50634765625
0:00:06.453137, 0.01969270221889019, 1.401298464324817e-44, 90.0, 0.0, 7053.51708984375
0:00:06.531400, 0.018893558531999588, 1.401298464324817e-44, 90.0, 0.0, 7053.52734375
0:00:06.641167, 0.017900466918945312, 1.401298464324817e-44, 90.0, 0.0, 7053.53955078125
0:00:06.719639, 0.01715652458369732, 1.401298464324817e-44, 90.0, 0.0, 7053.548828125
0:00:06.829614, 0.01617211103439331, 1.401298464324817e-44, 90.0, 0.0, 7053.56103515625
0:00:06.923725, 0.015484169125556946, 1.401298464324817e-44, 90.0, 0.0, 7053.5693359375
0:00:07.002199, 0.014825503341853619, 1.401298464324817e-44, 90.0, 0.0, 7053.57763671875
0:00:07.127137, 0.014010529033839703, 1.401298464324817e-44, 90.0, 0.0, 7053.587890625
0:00:07.205623, 0.0134076913818717, 1.401298464324817e-44, 90.0, 0.0, 7053.59521484375
0:00:07.284017, 0.012857036665081978, 1.401298464324817e-44, 90.0, 0.0, 7053.60205078125
0:00:07.393705, 0.012119321152567863, 1.401298464324817e-44, 90.0, 0.0, 7053.611328125
0:00:07.487818, 0.011615654453635216, 1.401298464324817e-44, 90.0, 0.0, 7053.61767578125
0:00:07.582443, 0.011115867644548416, 1.401298464324817e-44, 90.0, 0.0, 7053.62353515625
0:00:07.644732, 0.010659338906407356, 1.401298464324817e-44, 90.0, 0.0, 7053.62939453125
0:00:07.786353, 0.01003248430788517, 1.401298464324817e-44, 90.0, 0.0, 7053.63671875
0:00:07.849075, 0.009620455093681812, 1.401298464324817e-44, 90.0, 0.0, 7053.6416015625
0:00:07.943158, 0.009215928614139557, 1.401298464324817e-44, 90.0, 0.0, 7053.646484375
0:00:08.037616, 0.00883291382342577, 1.401298464324817e-44, 90.0, 0.0, 7053.6513671875
0:00:08.146720, 0.008343136869370937, 1.401298464324817e-44, 90.0, 0.0, 7053.65771484375
0:00:08.225320, 0.00798823032528162, 1.401298464324817e-44, 90.0, 0.0, 7053.662109375
0:00:08.350909, 0.007514618802815676, 1.401298464324817e-44, 90.0, 0.0, 7053.66796875
0:00:08.429509, 0.007235383149236441, 1.401298464324817e-44, 90.0, 0.0, 7053.67138671875
0:00:08.491990, 0.006931142415851355, 1.401298464324817e-44, 90.0, 0.0, 7053.67529296875
0:00:08.617465, 0.006536779925227165, 1.401298464324817e-44, 90.0, 0.0, 7053.6806640625
0:00:08.711511, 0.006265116389840841, 1.401298464324817e-44, 90.0, 0.0, 7053.68408203125
0:00:08.837098, 0.00588464830070734, 1.401298464324817e-44, 90.0, 0.0, 7053.6884765625
0:00:08.915558, 0.005628570448607206, 1.401298464324817e-44, 90.0, 0.0, 7053.69140625
0:00:08.994013, 0.005419418215751648, 1.401298464324817e-44, 90.0, 0.0, 7053.69384765625
0:00:09.087568, 0.005191537085920572, 1.401298464324817e-44, 90.0, 0.0, 7053.69677734375
0:00:09.197288, 0.004896155558526516, 1.401298464324817e-44, 90.0, 0.0, 7053.70068359375
0:00:09.275541, 0.004690277390182018, 1.401298464324817e-44, 90.0, 0.0, 7053.70361328125
0:00:09.354030, 0.00452060904353857, 1.401298464324817e-44, 90.0, 0.0, 7053.7060546875
0:00:09.448463, 0.004326093941926956, 1.401298464324817e-44, 90.0, 0.0, 7053.70849609375
0:00:09.558172, 0.004069601185619831, 1.401298464324817e-44, 90.0, 0.0, 7053.71142578125
0:00:09.636637, 0.003918378613889217, 1.401298464324817e-44, 90.0, 0.0, 7053.71337890625
0:00:09.762179, 0.0036785423289984465, 1.401298464324817e-44, 90.0, 0.0, 7053.71630859375
0:00:09.841020, 0.0035418514162302017, 1.401298464324817e-44, 90.0, 0.0, 7053.7177734375
0:00:09.919407, 0.0033946556504815817, 1.401298464324817e-44, 90.0, 0.0, 7053.7197265625
0:00:09.997665, 0.003253573551774025, 1.401298464324817e-44, 90.0, 0.0, 7053.7216796875
0:00:10.123559, 0.003071598708629608, 1.401298464324817e-44, 90.0, 0.0, 7053.72412109375
0:00:10.192549, 0.0029424410313367844, 1.401298464324817e-44, 90.0, 0.0, 7053.72607421875
0:00:10.327626, 0.0027694012969732285, 1.401298464324817e-44, 90.0, 0.0, 7053.72802734375
0:00:10.405886, 0.002648887922987342, 1.401298464324817e-44, 90.0, 0.0, 7053.72998046875
0:00:10.500496, 0.002537504769861698, 1.401298464324817e-44, 90.0, 0.0, 7053.73095703125
0:00:10.578673, 0.002428322331979871, 1.401298464324817e-44, 90.0, 0.0, 7053.73193359375
0:00:10.688227, 0.002293662168085575, 1.401298464324817e-44, 90.0, 0.0, 7053.7333984375
0:00:10.782798, 0.0021949727088212967, 1.401298464324817e-44, 90.0, 0.0, 7053.734375
0:00:10.861239, 0.002103751292452216, 1.401298464324817e-44, 90.0, 0.0, 7053.7353515625
0:00:10.955694, 0.002015291713178158, 1.401298464324817e-44, 90.0, 0.0, 7053.736328125
0:00:11.081235, 0.0018929078942164779, 1.401298464324817e-44, 90.0, 0.0, 7053.73779296875
0:00:11.159746, 0.0018123878398910165, 1.401298464324817e-44, 90.0, 0.0, 7053.73876953125
0:00:11.238392, 0.0017370664281770587, 1.401298464324817e-44, 90.0, 0.0, 7053.73974609375
0:00:11.363959, 0.0016390641685575247, 1.401298464324817e-44, 90.0, 0.0, 7053.7412109375
0:00:11.442537, 0.0015693416353315115, 1.401298464324817e-44, 90.0, 0.0, 7053.7421875
0:00:11.521508, 0.0015117989387363195, 1.401298464324817e-44, 90.0, 0.0, 7053.7431640625
0:00:11.646967, 0.0014185402542352676, 1.401298464324817e-44, 90.0, 0.0, 7053.74462890625
0:00:11.709727, 0.0013686090242117643, 1.401298464324817e-44, 90.0, 0.0, 7053.74560546875
0:00:11.819840, 0.0012920546578243375, 1.401298464324817e-44, 90.0, 0.0, 7053.7470703125
0:00:11.913644, 0.0012370923068374395, 1.401298464324817e-44, 90.0, 0.0, 7053.748046875
0:00:11.991818, 0.0011874967021867633, 1.401298464324817e-44, 90.0, 0.0, 7053.7490234375
0:00:12.117800, 0.0011193632381036878, 1.401298464324817e-44, 90.0, 0.0, 7053.75
0:00:12.195762, 0.0010728433262556791, 1.401298464324817e-44, 90.0, 0.0, 7053.7509765625
0:00:12.274819, 0.0010335055412724614, 1.401298464324817e-44, 90.0, 0.0, 7053.75146484375
0:00:12.353278, 0.000990553991869092, 1.401298464324817e-44, 90.0, 0.0, 7053.75244140625
0:00:12.431255, 0.0009489011717960238, 1.401298464324817e-44, 90.0, 0.0, 7053.7529296875
0:00:12.556932, 0.0008899110835045576, 1.401298464324817e-44, 90.0, 0.0, 7053.75341796875
0:00:12.635587, 0.0008520560804754496, 1.401298464324817e-44, 90.0, 0.0, 7053.75390625
0:00:12.729665, 0.0008162279264070094, 1.401298464324817e-44, 90.0, 0.0, 7053.75390625
0:00:12.855195, 0.0007701781578361988, 1.401298464324817e-44, 90.0, 0.0, 7053.75390625
0:00:12.933062, 0.0007381695904769003, 1.401298464324817e-44, 90.0, 0.0, 7053.75390625
0:00:13.011583, 0.0007071306463330984, 1.401298464324817e-44, 90.0, 0.0, 7053.75390625
0:00:13.105982, 0.0006767039303667843, 1.401298464324817e-44, 90.0, 0.0, 7053.75390625
0:00:13.215708, 0.0006381995044648647, 1.401298464324817e-44, 90.0, 0.0, 7053.75390625
0:00:13.310133, 0.0006110512767918408, 1.401298464324817e-44, 90.0, 0.0, 7053.75390625
0:00:13.388310, 0.0005859557422809303, 1.401298464324817e-44, 90.0, 0.0, 7053.75390625
0:00:13.481792, 0.0005610299413092434, 1.401298464324817e-44, 90.0, 0.0, 7053.75390625
0:00:13.591657, 0.0005274979630485177, 1.401298464324817e-44, 90.0, 0.0, 7053.75390625
0:00:13.670135, 0.0005081563722342253, 1.401298464324817e-44, 90.0, 0.0, 7053.75390625
0:00:13.795715, 0.00047681000432930887, 1.401298464324817e-44, 90.0, 0.0, 7053.75390625
0:00:13.874346, 0.0004567608702927828, 1.401298464324817e-44, 90.0, 0.0, 7053.75390625
0:00:13.968415, 0.0004373311821836978, 1.401298464324817e-44, 90.0, 0.0, 7053.75390625
0:00:14.047139, 0.000418300274759531, 1.401298464324817e-44, 90.0, 0.0, 7053.75390625
0:00:14.141262, 0.0004007111710961908, 1.401298464324817e-44, 90.0, 0.0, 7053.75390625
0:00:14.266732, 0.00037580018397420645, 1.401298464324817e-44, 90.0, 0.0, 7053.75390625
0:00:14.345463, 0.00036257371539250016, 1.401298464324817e-44, 90.0, 0.0, 7053.75390625
0:00:14.454966, 0.0003414205275475979, 1.401298464324817e-44, 90.0, 0.0, 7053.75390625
0:00:14.533751, 0.0003270643064752221, 1.401298464324817e-44, 90.0, 0.0, 7053.75390625
0:00:14.627930, 0.0003133115533273667, 1.401298464324817e-44, 90.0, 0.0, 7053.75390625
0:00:14.706055, 0.00030166920623742044, 1.401298464324817e-44, 90.0, 0.0, 7053.75390625
0:00:14.831986, 0.0002829156583175063, 1.401298464324817e-44, 90.0, 0.0, 7053.75390625
0:00:14.910721, 0.00027060421416535974, 1.401298464324817e-44, 90.0, 0.0, 7053.75390625
0:00:15.004690, 0.0002594904799479991, 1.401298464324817e-44, 90.0, 0.0, 7053.75390625
0:00:15.115173, 0.0002444763376843184, 1.401298464324817e-44, 90.0, 0.0, 7053.75390625
0:00:15.193531, 0.00023419635544996709, 1.401298464324817e-44, 90.0, 0.0, 7053.75390625
0:00:15.256170, 0.00022583828831557184, 1.401298464324817e-44, 90.0, 0.0, 7053.75390625
0:00:15.366127, 0.00021612114505842328, 1.401298464324817e-44, 90.0, 0.0, 7053.75390625
0:00:15.475832, 0.00020372103608679026, 1.401298464324817e-44, 90.0, 0.0, 7053.75390625
0:00:15.554457, 0.00019535422325134277, 1.401298464324817e-44, 90.0, 0.0, 7053.75390625
0:00:15.664285, 0.0001847090752562508, 1.401298464324817e-44, 90.0, 0.0, 7053.75390625
0:00:15.758379, 0.00017676160496193916, 1.401298464324817e-44, 90.0, 0.0, 7053.75390625
0:00:15.836844, 0.00016932895232457668, 1.401298464324817e-44, 90.0, 0.0, 7053.75390625
0:00:15.962337, 0.00015969514788594097, 1.401298464324817e-44, 90.0, 0.0, 7053.75390625
0:00:16.041014, 0.0001529801229480654, 1.401298464324817e-44, 90.0, 0.0, 7053.75390625
0:00:16.135389, 0.0001464725355617702, 1.401298464324817e-44, 90.0, 0.0, 7053.75390625
0:00:16.213440, 0.00014002693933434784, 1.401298464324817e-44, 90.0, 0.0, 7053.75390625
0:00:16.291781, 0.0001342760369880125, 1.401298464324817e-44, 90.0, 0.0, 7053.75390625
0:00:16.417802, 0.00012663616507779807, 1.401298464324817e-44, 90.0, 0.0, 7053.75390625
0:00:16.495962, 0.0001213112409459427, 1.401298464324817e-44, 90.0, 0.0, 7053.75390625
0:00:16.574666, 0.0001169228635262698, 1.401298464324817e-44, 90.0, 0.0, 7053.75390625
0:00:16.700245, 0.0001096541527658701, 1.401298464324817e-44, 90.0, 0.0, 7053.75390625
0:00:16.778082, 0.00010525806283112615, 1.401298464324817e-44, 90.0, 0.0, 7053.75390625
0:00:16.872313, 0.00010072912846226245, 1.401298464324817e-44, 90.0, 0.0, 7053.75390625
0:00:16.950984, 9.654282621340826e-05, 1.401298464324817e-44, 90.0, 0.0, 7053.75390625
0:00:17.045376, 9.238888014806435e-05, 1.401298464324817e-44, 90.0, 0.0, 7053.75390625
0:00:17.155091, 8.677828009240329e-05, 1.401298464324817e-44, 90.0, 0.0, 7053.75390625
0:00:17.249083, 8.304447692353278e-05, 1.401298464324817e-44, 90.0, 0.0, 7053.75390625
0:00:17.327502, 7.955245382618159e-05, 1.401298464324817e-44, 90.0, 0.0, 7053.75390625
0:00:17.421985, 7.616847142344341e-05, 1.401298464324817e-44, 90.0, 0.0, 7053.75390625
0:00:17.531733, 7.187137089204043e-05, 1.401298464324817e-44, 90.0, 0.0, 7053.75390625
0:00:17.626342, 6.884918548166752e-05, 1.401298464324817e-44, 90.0, 0.0, 7053.75390625
0:00:17.704519, 6.598781328648329e-05, 1.401298464324817e-44, 90.0, 0.0, 7053.75390625
0:00:17.814031, 6.220153591129929e-05, 1.401298464324817e-44, 90.0, 0.0, 7053.75390625
0:00:17.908669, 5.958602559985593e-05, 1.401298464324817e-44, 90.0, 0.0, 7053.75390625
0:00:17.987142, 5.7051354815484956e-05, 1.401298464324817e-44, 90.0, 0.0, 7053.75390625
0:00:18.098112, 5.364148455555551e-05, 1.401298464324817e-44, 90.0, 0.0, 7053.75390625
0:00:18.192176, 5.146472540218383e-05, 1.401298464324817e-44, 90.0, 0.0, 7053.75390625
0:00:18.286544, 4.9275480705546215e-05, 1.401298464324817e-44, 90.0, 0.0, 7053.75390625
0:00:18.365424, 4.720349534181878e-05, 1.401298464324817e-44, 90.0, 0.0, 7053.75390625
0:00:18.490977, 4.426904342835769e-05, 1.401298464324817e-44, 90.0, 0.0, 7053.75390625
0:00:18.585141, 4.2364277760498226e-05, 1.401298464324817e-44, 90.0, 0.0, 7053.75390625
0:00:18.663521, 4.0603648812975734e-05, 1.401298464324817e-44, 90.0, 0.0, 7053.75390625
0:00:18.742293, 3.909485894837417e-05, 1.401298464324817e-44, 90.0, 0.0, 7053.75390625
0:00:18.868108, 3.6683213693322614e-05, 1.401298464324817e-44, 90.0, 0.0, 7053.75390625
0:00:18.930736, 3.53740542777814e-05, 1.401298464324817e-44, 90.0, 0.0, 7053.75390625
0:00:19.025289, 3.385200034244917e-05, 1.401298464324817e-44, 90.0, 0.0, 7053.75390625
0:00:19.103460, 3.2478284992976114e-05, 1.401298464324817e-44, 90.0, 0.0, 7053.75390625
0:00:19.213549, 3.058345464523882e-05, 1.401298464324817e-44, 90.0, 0.0, 7053.75390625
0:00:19.307730, 2.929745096480474e-05, 1.401298464324817e-44, 90.0, 0.0, 7053.75390625
0:00:19.386402, 2.8036869480274618e-05, 1.401298464324817e-44, 90.0, 0.0, 7053.75390625
0:00:19.512029, 2.6481948225409724e-05, 1.401298464324817e-44, 90.0, 0.0, 7053.75390625
0:00:19.590527, 2.5342495064251125e-05, 1.401298464324817e-44, 90.0, 0.0, 7053.75390625
0:00:19.669288, 2.431409666314721e-05, 1.401298464324817e-44, 90.0, 0.0, 7053.75390625
0:00:19.794673, 2.2907346647116356e-05, 1.401298464324817e-44, 90.0, 0.0, 7053.75390625
0:00:19.873432, 2.2056132365833037e-05, 1.401298464324817e-44, 90.0, 0.0, 7053.75390625
0:00:19.952044, 2.112870424753055e-05, 1.401298464324817e-44, 90.0, 0.0, 7053.75390625
0:00:20.077623, 1.9855708160321228e-05, 1.401298464324817e-44, 90.0, 0.0, 7053.75390625
0:00:20.156176, 1.901108589663636e-05, 1.401298464324817e-44, 90.0, 0.0, 7053.75390625
0:00:20.250475, 1.8146514776162803e-05, 1.2611686178923354e-44, 90.0, 0.0, 7053.75390625
0:00:20.344408, 1.7383472368237562e-05, 1.2611686178923354e-44, 90.0, 0.0, 7053.75390625
0:00:20.422384, 1.6644014976918697e-05, 1.2611686178923354e-44, 90.0, 0.0, 7053.75390625
0:00:20.548564, 1.563325713505037e-05, 1.2611686178923354e-44, 90.0, 0.0, 7053.75390625
0:00:20.626802, 1.4960581211198587e-05, 1.2611686178923354e-44, 90.0, 0.0, 7053.75390625
0:00:20.705231, 1.4404661669686902e-05, 1.2611686178923354e-44, 90.0, 0.0, 7053.75390625
0:00:20.799703, 1.379191962769255e-05, 1.2611686178923354e-44, 90.0, 0.0, 7053.75390625
0:00:20.909461, 1.2967598195245955e-05, 1.2611686178923354e-44, 90.0, 0.0, 7053.75390625
0:00:21.003693, 1.2422329746186733e-05, 1.2611686178923354e-44, 90.0, 0.0, 7053.75390625
0:00:21.082328, 1.1899983292096294e-05, 1.2611686178923354e-44, 90.0, 0.0, 7053.75390625
0:00:21.208045, 1.1222912689845543e-05, 1.2611686178923354e-44, 90.0, 0.0, 7053.75390625
0:00:21.286541, 1.0756496521935333e-05, 1.2611686178923354e-44, 90.0, 0.0, 7053.75390625
0:00:21.365190, 1.0356828170188237e-05, 1.2611686178923354e-44, 90.0, 0.0, 7053.75390625
0:00:21.490692, 9.722911272547208e-06, 1.2611686178923354e-44, 90.0, 0.0, 7053.75390625
0:00:21.569624, 9.328355190518778e-06, 1.2611686178923354e-44, 90.0, 0.0, 7053.75390625
0:00:21.647906, 8.926983355195262e-06, 1.2611686178923354e-44, 90.0, 0.0, 7053.75390625
0:00:21.741908, 8.542877367290203e-06, 1.2611686178923354e-44, 90.0, 0.0, 7053.75390625
0:00:21.867559, 8.015890671231318e-06, 1.2611686178923354e-44, 90.0, 0.0, 7053.75390625
0:00:21.961958, 7.667069439776242e-06, 1.2611686178923354e-44, 90.0, 0.0, 7053.75390625
0:00:22.040623, 7.344677214859985e-06, 1.2611686178923354e-44, 90.0, 0.0, 7053.75390625
0:00:22.118924, 7.071796972013544e-06, 1.2611686178923354e-44, 90.0, 0.0, 7053.75390625
0:00:22.197191, 6.77443495078478e-06, 1.2611686178923354e-44, 90.0, 0.0, 7053.75390625
0:00:22.291639, 6.482947810582118e-06, 1.2611686178923354e-44, 90.0, 0.0, 7053.75390625
0:00:22.401398, 6.095464414102025e-06, 1.2611686178923354e-44, 90.0, 0.0, 7053.75390625
0:00:22.495768, 5.839156074216589e-06, 1.2611686178923354e-44, 90.0, 0.0, 7053.75390625
0:00:22.574352, 5.5907698879309464e-06, 1.2611686178923354e-44, 90.0, 0.0, 7053.75390625
0:00:22.683627, 5.278058779367711e-06, 1.2611686178923354e-44, 90.0, 0.0, 7053.75390625
0:00:22.777543, 5.053542281530099e-06, 1.2611686178923354e-44, 90.0, 0.0, 7053.75390625
0:00:22.856325, 4.870717930316459e-06, 1.2611686178923354e-44, 90.0, 0.0, 7053.75390625
0:00:22.981599, 4.565589733829256e-06, 1.2611686178923354e-44, 90.0, 0.0, 7053.75390625
0:00:23.060394, 4.395937139634043e-06, 1.2611686178923354e-44, 90.0, 0.0, 7053.75390625
0:00:23.138975, 4.211092345940415e-06, 1.2611686178923354e-44, 90.0, 0.0, 7053.75390625
0:00:23.248867, 3.9674382605880965e-06, 1.2611686178923354e-44, 90.0, 0.0, 7053.75390625
0:00:23.338260, 3.798668331000954e-06, 1.2611686178923354e-44, 90.0, 0.0, 7053.75390625
0:00:23.421457, 3.635223038145341e-06, 1.2611686178923354e-44, 90.0, 0.0, 7053.75390625
0:00:23.515842, 3.487702997517772e-06, 1.2611686178923354e-44, 90.0, 0.0, 7053.75390625
0:00:23.625569, 3.2859040857147193e-06, 1.2611686178923354e-44, 90.0, 0.0, 7053.75390625
0:00:23.719844, 3.1477366064791568e-06, 1.2611686178923354e-44, 90.0, 0.0, 7053.75390625
0:00:23.798323, 3.013838068000041e-06, 1.2611686178923354e-44, 90.0, 0.0, 7053.75390625
0:00:23.908179, 2.843820311682066e-06, 1.2611686178923354e-44, 90.0, 0.0, 7053.75390625
0:00:24.002410, 2.7228477392782224e-06, 1.2611686178923354e-44, 90.0, 0.0, 7053.75390625
0:00:24.081050, 2.604360133773298e-06, 1.2611686178923354e-44, 90.0, 0.0, 7053.75390625
0:00:24.175528, 2.4935739020293113e-06, 1.2611686178923354e-44, 90.0, 0.0, 7053.75390625
0:00:24.285195, 2.3541008431493538e-06, 1.2611686178923354e-44, 90.0, 0.0, 7053.75390625
0:00:24.364145, 2.2562669528269907e-06, 1.2611686178923354e-44, 90.0, 0.0, 7053.75390625
0:00:24.489739, 2.124645561707439e-06, 1.2611686178923354e-44, 90.0, 0.0, 7053.75390625
0:00:24.568494, 2.0488207610469544e-06, 1.2611686178923354e-44, 90.0, 0.0, 7053.75390625
0:00:24.647040, 1.9606650312198326e-06, 1.2611686178923354e-44, 90.0, 0.0, 7053.75390625
0:00:24.772635, 1.8434776620779303e-06, 1.2611686178923354e-44, 90.0, 0.0, 7053.75390625
0:00:24.851548, 1.77588333372114e-06, 1.2611686178923354e-44, 90.0, 0.0, 7053.75390625
0:00:24.929726, 1.7003394532366656e-06, 1.2611686178923354e-44, 90.0, 0.0, 7053.75390625
0:00:25.055373, 1.5970812228260911e-06, 1.2611686178923354e-44, 90.0, 0.0, 7053.75390625
0:00:25.133593, 1.529143332845706e-06, 1.2611686178923354e-44, 90.0, 0.0, 7053.75390625
0:00:25.227765, 1.4655933000540244e-06, 1.2611686178923354e-44, 90.0, 0.0, 7053.75390625
0:00:25.306551, 1.4032502804184332e-06, 1.2611686178923354e-44, 90.0, 0.0, 7053.75390625
0:00:25.385659, 1.344244992651511e-06, 1.2611686178923354e-44, 90.0, 0.0, 7053.75390625
0:00:25.511130, 1.2703501397481887e-06, 1.2611686178923354e-44, 90.0, 0.0, 7053.75390625
0:00:25.589521, 1.2169331284894724e-06, 1.2611686178923354e-44, 90.0, 0.0, 7053.75390625
0:00:25.668160, 1.1663582881737966e-06, 1.2611686178923354e-44, 90.0, 0.0, 7053.75390625
0:00:25.746003, 1.1156018899782794e-06, 1.2611686178923354e-44, 90.0, 0.0, 7053.75390625
0:00:25.856220, 1.066506456481875e-06, 1.2611686178923354e-44, 90.0, 0.0, 7053.75390625
0:00:25.966172, 1.0032746331489761e-06, 1.2611686178923354e-44, 90.0, 0.0, 7053.75390625
0:00:26.060703, 9.625609891372733e-07, 1.2611686178923354e-44, 90.0, 0.0, 7053.75390625
0:00:26.138884, 9.211448741552886e-07, 1.2611686178923354e-44, 90.0, 0.0, 7053.75390625
0:00:26.233155, 8.819605454846169e-07, 1.2611686178923354e-44, 90.0, 0.0, 7053.75390625
0:00:26.343071, 8.334803851539618e-07, 1.2611686178923354e-44, 90.0, 0.0, 7053.75390625
0:00:26.421540, 7.984324952303723e-07, 1.2611686178923354e-44, 90.0, 0.0, 7053.75390625
0:00:26.531442, 7.537663577750209e-07, 1.2611686178923354e-44, 90.0, 0.0, 7053.75390625
0:00:26.625817, 7.220704674182343e-07, 1.2611686178923354e-44, 90.0, 0.0, 7053.75390625
0:00:26.704410, 6.910015599714825e-07, 1.2611686178923354e-44, 90.0, 0.0, 7053.75390625
0:00:26.798870, 6.619456485168485e-07, 1.2611686178923354e-44, 90.0, 0.0, 7053.75390625
0:00:26.908607, 6.242811423362582e-07, 1.2611686178923354e-44, 90.0, 0.0, 7053.75390625
0:00:26.987308, 5.980301125418919e-07, 1.2611686178923354e-44, 90.0, 0.0, 7053.75390625
0:00:27.097280, 5.651539822792984e-07, 1.2611686178923354e-44, 90.0, 0.0, 7053.75390625
0:00:27.191318, 5.408371066550899e-07, 1.2611686178923354e-44, 90.0, 0.0, 7053.75390625
0:00:27.269936, 5.186244038668519e-07, 1.2611686178923354e-44, 90.0, 0.0, 7053.75390625
0:00:27.395413, 4.888665898761246e-07, 1.2611686178923354e-44, 90.0, 0.0, 7053.75390625
0:00:27.474014, 4.6807082298983005e-07, 1.2611686178923354e-44, 90.0, 0.0, 7053.75390625
0:00:27.567556, 4.479311428440269e-07, 1.2611686178923354e-44, 90.0, 0.0, 7053.75390625
0:00:27.677484, 4.2330654537181545e-07, 1.2611686178923354e-44, 90.0, 0.0, 7053.75390625
0:00:27.771948, 4.046787296374532e-07, 1.2611686178923354e-44, 90.0, 0.0, 7053.75390625
0:00:27.849900, 3.872666241022671e-07, 1.2611686178923354e-44, 90.0, 0.0, 7053.75390625
0:00:27.944506, 3.7060311797176837e-07, 1.2611686178923354e-44, 90.0, 0.0, 7053.75390625
0:00:28.022981, 3.5483813576320244e-07, 1.2611686178923354e-44, 90.0, 0.0, 7053.75390625
0:00:28.132195, 3.3533004284436174e-07, 1.2611686178923354e-44, 90.0, 0.0, 7053.75390625
0:00:28.226491, 3.2073705824586796e-07, 1.2611686178923354e-44, 90.0, 0.0, 7053.75390625
0:00:28.305101, 3.0725055921720923e-07, 1.2611686178923354e-44, 90.0, 0.0, 7053.75390625
0:00:28.430584, 2.8814986308134394e-07, 1.2611686178923354e-44, 90.0, 0.0, 7053.75390625
0:00:28.509239, 2.7772617272603384e-07, 1.2611686178923354e-44, 90.0, 0.0, 7053.75390625
0:00:28.602862, 2.656403808032337e-07, 1.2611686178923354e-44, 90.0, 0.0, 7053.75390625
0:00:28.681500, 2.55120767178596e-07, 1.2611686178923354e-44, 90.0, 0.0, 7053.75390625
0:00:28.760055, 2.4401893483627646e-07, 1.2611686178923354e-44, 90.0, 0.0, 7053.75390625
0:00:28.854025, 2.3363867285297601e-07, 1.2611686178923354e-44, 90.0, 0.0, 7053.75390625
0:00:28.963882, 2.2057160720123647e-07, 1.2611686178923354e-44, 90.0, 0.0, 7053.75390625
0:00:29.042051, 2.1162085772630235e-07, 1.2611686178923354e-44, 90.0, 0.0, 7053.75390625
0:00:29.152234, 1.9968230446920643e-07, 1.2611686178923354e-44, 90.0, 0.0, 7053.75390625
0:00:29.246392, 1.9118807870199817e-07, 1.2611686178923354e-44, 90.0, 0.0, 7053.75390625
0:00:29.324879, 1.8342966257023363e-07, 1.2611686178923354e-44, 90.0, 0.0, 7053.75390625
0:00:29.450466, 1.7281639941302274e-07, 1.2611686178923354e-44, 90.0, 0.0, 7053.75390625
0:00:29.513297, 1.6647977929551416e-07, 1.2611686178923354e-44, 90.0, 0.0, 7053.75390625
0:00:29.638802, 1.5700807409757545e-07, 1.2611686178923354e-44, 90.0, 0.0, 7053.75390625
0:00:29.717449, 1.50482932781415e-07, 1.2611686178923354e-44, 90.0, 0.0, 7053.75390625
0:00:29.796158, 1.441553507675053e-07, 1.2611686178923354e-44, 90.0, 0.0, 7053.75390625
0:00:29.890395, 1.382348813194767e-07, 1.2611686178923354e-44, 90.0, 0.0, 7053.75390625
0:00:30.000243, 1.300391119229971e-07, 1.2611686178923354e-44, 90.0, 0.0, 7053.75390625
0:00:30.093656, 1.2457110187824583e-07, 1.2611686178923354e-44, 90.0, 0.0, 7053.75390625
0:00:30.172057, 1.1927210152862244e-07, 1.2611686178923354e-44, 90.0, 0.0, 7053.75390625
0:00:30.297743, 1.1260086552056237e-07, 1.2611686178923354e-44, 90.0, 0.0, 7053.75390625
0:00:30.375944, 1.0786610715740608e-07, 1.2611686178923354e-44, 90.0, 0.0, 7053.75390625
0:00:30.454118, 1.0338327172121353e-07, 1.2611686178923354e-44, 90.0, 0.0, 7053.75390625
0:00:30.548126, 9.898555219933769e-08, 1.2611686178923354e-44, 90.0, 0.0, 7053.75390625
0:00:30.657878, 9.335354178574562e-08, 1.2611686178923354e-44, 90.0, 0.0, 7053.75390625
0:00:30.752432, 8.938246764955693e-08, 1.2611686178923354e-44, 90.0, 0.0, 7053.75390625
0:00:30.846585, 8.47704555440032e-08, 1.2611686178923354e-44, 90.0, 0.0, 7053.75390625
0:00:30.940958, 8.12889311418985e-08, 1.2611686178923354e-44, 90.0, 0.0, 7053.75390625
0:00:31.019453, 7.791056333417146e-08, 1.2611686178923354e-44, 90.0, 0.0, 7053.75390625
0:00:31.128651, 7.355296816058399e-08, 1.2611686178923354e-44, 90.0, 0.0, 7053.75390625
0:00:31.223051, 7.042417138336532e-08, 1.2611686178923354e-44, 90.0, 0.0, 7053.75390625
0:00:31.286122, 6.760082982282256e-08, 1.2611686178923354e-44, 90.0, 0.0, 7053.75390625
0:00:31.427095, 6.333365121236056e-08, 1.2611686178923354e-44, 90.0, 0.0, 7053.75390625
0:00:31.505575, 6.076356839912478e-08, 1.2611686178923354e-44, 90.0, 0.0, 7053.75390625
0:00:31.583518, 5.844637840368705e-08, 1.2611686178923354e-44, 90.0, 0.0, 7053.75390625
0:00:31.678080, 5.604598385389181e-08, 1.2611686178923354e-44, 90.0, 0.0, 7053.75390625
0:00:31.788018, 5.283030546365808e-08, 1.2611686178923354e-44, 90.0, 0.0, 7053.75390625
0:00:31.866146, 5.0634678672167865e-08, 1.2611686178923354e-44, 90.0, 0.0, 7053.75390625
0:00:31.960743, 4.848079271368988e-08, 1.2611686178923354e-44, 90.0, 0.0, 7053.75390625
0:00:32.086707, 4.549014676058505e-08, 1.2611686178923354e-44, 90.0, 0.0, 7053.75390625
0:00:32.164744, 4.3532772053822555e-08, 1.2611686178923354e-44, 90.0, 0.0, 7053.75390625
0:00:32.243592, 4.178747659011606e-08, 1.2611686178923354e-44, 90.0, 0.0, 7053.75390625
0:00:32.337887, 3.998948727712559e-08, 1.2611686178923354e-44, 90.0, 0.0, 7053.75390625
0:00:32.416878, 3.828838401886969e-08, 1.2611686178923354e-44, 90.0, 0.0, 7053.75390625
0:00:32.542586, 3.61469503218359e-08, 1.2611686178923354e-44, 90.0, 0.0, 7053.75390625
0:00:32.621084, 3.464468534275511e-08, 1.2611686178923354e-44, 90.0, 0.0, 7053.75390625
0:00:32.699662, 3.322184483067758e-08, 1.2611686178923354e-44, 90.0, 0.0, 7053.75390625
0:00:32.794015, 3.179239271844381e-08, 1.2611686178923354e-44, 90.0, 0.0, 7053.75390625
0:00:32.903522, 2.999882653398345e-08, 1.2611686178923354e-44, 90.0, 0.0, 7053.75390625
0:00:32.981927, 2.875209759167774e-08, 1.2611686178923354e-44, 90.0, 0.0, 7053.75390625
0:00:33.076499, 2.75430718232883e-08, 1.2611686178923354e-44, 90.0, 0.0, 7053.75390625
0:00:33.202084, 2.5830775740587342e-08, 1.2611686178923354e-44, 90.0, 0.0, 7053.75390625
0:00:33.280570, 2.475726823547575e-08, 1.2611686178923354e-44, 90.0, 0.0, 7053.75390625
0:00:33.358870, 2.3740486909673564e-08, 1.2611686178923354e-44, 90.0, 0.0, 7053.75390625
0:00:33.452768, 2.2742199234926375e-08, 1.2611686178923354e-44, 90.0, 0.0, 7053.75390625
0:00:33.562664, 2.1459257482092653e-08, 1.2611686178923354e-44, 90.0, 0.0, 7053.75390625
0:00:33.656842, 2.0546407242250098e-08, 1.2611686178923354e-44, 90.0, 0.0, 7053.75390625
0:00:33.735306, 1.968246188255307e-08, 1.2611686178923354e-44, 90.0, 0.0, 7053.75390625
0:00:33.829662, 1.8854834138437582e-08, 1.2611686178923354e-44, 90.0, 0.0, 7053.75390625
0:00:33.939173, 1.7782054939630143e-08, 1.2611686178923354e-44, 90.0, 0.0, 7053.75390625
0:00:34.017726, 1.703432062072352e-08, 1.2611686178923354e-44, 90.0, 0.0, 7053.75390625
0:00:34.127732, 1.6089659382600985e-08, 1.2611686178923354e-44, 90.0, 0.0, 7053.75390625
0:00:34.221829, 1.539734562072681e-08, 1.2611686178923354e-44, 90.0, 0.0, 7053.75390625
0:00:34.300383, 1.478004207910999e-08, 1.2611686178923354e-44, 90.0, 0.0, 7053.75390625
0:00:34.394106, 1.4158564098920579e-08, 1.2611686178923354e-44, 90.0, 0.0, 7053.75390625
0:00:34.519611, 1.3278355304180423e-08, 1.2611686178923354e-44, 90.0, 0.0, 7053.75390625
0:00:34.598080, 1.270702743028096e-08, 1.2611686178923354e-44, 90.0, 0.0, 7053.75390625
0:00:34.679401, 1.2178922759176203e-08, 1.2611686178923354e-44, 90.0, 0.0, 7053.75390625
0:00:34.770790, 1.1666811516874986e-08, 1.2611686178923354e-44, 90.0, 0.0, 7053.75390625
0:00:34.896693, 1.0952716955614505e-08, 1.2611686178923354e-44, 90.0, 0.0, 7053.75390625
0:00:34.974984, 1.0551146623072327e-08, 1.2611686178923354e-44, 90.0, 0.0, 7053.75390625
0:00:35.053471, 1.0107481074328462e-08, 1.2611686178923354e-44, 90.0, 0.0, 7053.75390625
0:00:35.163535, 9.590819693983121e-09, 1.2611686178923354e-44, 90.0, 0.0, 7053.75390625
0:00:35.242035, 9.182838489607548e-09, 1.2611686178923354e-44, 90.0, 0.0, 7053.75390625
0:00:35.367560, 8.633992187867534e-09, 1.2611686178923354e-44, 90.0, 0.0, 7053.75390625
0:00:35.446428, 8.258273176409148e-09, 1.2611686178923354e-44, 90.0, 0.0, 7053.75390625
0:00:35.525091, 7.91102117148057e-09, 1.2611686178923354e-44, 90.0, 0.0, 7053.75390625
0:00:35.619376, 7.574502802754068e-09, 1.2611686178923354e-44, 90.0, 0.0, 7053.75390625
0:00:35.713693, 7.26341786716489e-09, 1.2611686178923354e-44, 90.0, 0.0, 7053.75390625
0:00:35.839043, 6.808397845503578e-09, 1.2611686178923354e-44, 90.0, 0.0, 7053.75390625
0:00:35.901965, 6.5554046635440955e-09, 1.2611686178923354e-44, 90.0, 0.0, 7053.75390625
0:00:35.995969, 6.276550834627415e-09, 1.2611686178923354e-44, 90.0, 0.0, 7053.75390625
0:00:36.105895, 5.925466339817831e-09, 1.2611686178923354e-44, 90.0, 0.0, 7053.75390625
0:00:36.199544, 5.670511171729231e-09, 1.2611686178923354e-44, 90.0, 0.0, 7053.75390625
0:00:36.277569, 5.423753002276044e-09, 1.2611686178923354e-44, 90.0, 0.0, 7053.75390625
0:00:36.371968, 5.1903823461429965e-09, 1.2611686178923354e-44, 90.0, 0.0, 7053.75390625
0:00:36.484855, 4.870207348517397e-09, 1.2611686178923354e-44, 90.0, 0.0, 7053.75390625
0:00:36.560539, 4.69639793720944e-09, 1.2611686178923354e-44, 90.0, 0.0, 7053.75390625
0:00:36.654769, 4.494325800408205e-09, 1.2611686178923354e-44, 90.0, 0.0, 7053.75390625
0:00:36.780074, 4.221389460212777e-09, 1.2611686178923354e-44, 90.0, 0.0, 7053.75390625
0:00:36.858526, 4.041821100031484e-09, 1.2611686178923354e-44, 90.0, 0.0, 7053.75390625
0:00:36.952835, 3.875825438370839e-09, 1.2611686178923354e-44, 90.0, 0.0, 7053.75390625
0:00:37.062913, 3.6515812595894204e-09, 1.2611686178923354e-44, 90.0, 0.0, 7053.75390625
0:00:37.141552, 3.499821543684334e-09, 1.2611686178923354e-44, 90.0, 0.0, 7053.75390625
0:00:37.235636, 3.347515376006527e-09, 1.2611686178923354e-44, 90.0, 0.0, 7053.75390625
0:00:37.314342, 3.2247728931622532e-09, 1.2611686178923354e-44, 90.0, 0.0, 7053.75390625
0:00:37.439926, 3.024298811382664e-09, 1.2611686178923354e-44, 90.0, 0.0, 7053.75390625
0:00:37.502541, 2.9134075152370542e-09, 1.2611686178923354e-44, 90.0, 0.0, 7053.75390625
0:00:37.596928, 2.7894770937564317e-09, 1.2611686178923354e-44, 90.0, 0.0, 7053.75390625
0:00:37.722279, 2.6214166393145888e-09, 1.2611686178923354e-44, 90.0, 0.0, 7053.75390625
0:00:37.800739, 2.508620866592537e-09, 1.2611686178923354e-44, 90.0, 0.0, 7053.75390625
0:00:37.895347, 2.4031359124876417e-09, 1.2611686178923354e-44, 90.0, 0.0, 7053.75390625
0:00:37.973520, 2.2997361792675974e-09, 1.2611686178923354e-44, 90.0, 0.0, 7053.75390625
0:00:38.083464, 2.1733104205168274e-09, 1.2611686178923354e-44, 90.0, 0.0, 7053.75390625
0:00:38.177521, 2.0808625933455005e-09, 1.2611686178923354e-44, 90.0, 0.0, 7053.75390625
0:00:38.255790, 1.9954013996681397e-09, 1.2611686178923354e-44, 90.0, 0.0, 7053.75390625
0:00:38.381498, 1.878986077841205e-09, 1.2611686178923354e-44, 90.0, 0.0, 7053.75390625
0:00:38.459978, 1.7999766122045457e-09, 1.2611686178923354e-44, 90.0, 0.0, 7053.75390625
0:00:38.539148, 1.7234078608652226e-09, 1.2611686178923354e-44, 90.0, 0.0, 7053.75390625
0:00:38.633205, 1.6526283674878073e-09, 1.2611686178923354e-44, 90.0, 0.0, 7053.75390625
0:00:38.758757, 1.5483074822242315e-09, 1.2611686178923354e-44, 90.0, 0.0, 7053.75390625
0:00:38.837390, 1.4915361168377217e-09, 1.2611686178923354e-44, 90.0, 0.0, 7053.75390625
0:00:38.915944, 1.4288192851097392e-09, 1.2611686178923354e-44, 90.0, 0.0, 7053.75390625
0:00:38.994063, 1.3757257555369051e-09, 1.2611686178923354e-44, 90.0, 0.0, 7053.75390625
0:00:39.119981, 1.290201834258653e-09, 1.2611686178923354e-44, 90.0, 0.0, 7053.75390625
0:00:39.182862, 1.2447926023284595e-09, 1.2611686178923354e-44, 90.0, 0.0, 7053.75390625
0:00:39.308961, 1.1757700368875135e-09, 1.2611686178923354e-44, 90.0, 0.0, 7053.75390625
0:00:39.387138, 1.1257550447396625e-09, 1.2611686178923354e-44, 90.0, 0.0, 7053.75390625
0:00:39.465727, 1.0844803943754755e-09, 1.2611686178923354e-44, 90.0, 0.0, 7053.75390625
0:00:39.590946, 1.0170621012051129e-09, 1.2611686178923354e-44, 90.0, 0.0, 7053.75390625
0:00:39.669605, 9.792691102461504e-10, 1.2611686178923354e-44, 90.0, 0.0, 7053.75390625
0:00:39.748108, 9.38571442787861e-10, 1.2611686178923354e-44, 90.0, 0.0, 7053.75390625
0:00:39.873723, 8.815737584377814e-10, 1.2611686178923354e-44, 90.0, 0.0, 7053.75390625
0:00:39.952266, 8.436409348888674e-10, 1.2611686178923354e-44, 90.0, 0.0, 7053.75390625
0:00:40.045810, 8.073411938980257e-10, 1.2611686178923354e-44, 90.0, 0.0, 7053.75390625
0:00:40.124695, 7.733932938513988e-10, 1.2611686178923354e-44, 90.0, 0.0, 7053.75390625
0:00:40.250447, 7.297597526267907e-10, 1.2611686178923354e-44, 90.0, 0.0, 7053.75390625
0:00:40.328770, 6.987174172579103e-10, 1.2611686178923354e-44, 90.0, 0.0, 7053.75390625
0:00:40.407738, 6.727558510277731e-10, 1.2611686178923354e-44, 90.0, 0.0, 7053.75390625
0:00:40.533150, 6.315778455778798e-10, 1.2611686178923354e-44, 90.0, 0.0, 7053.75390625
0:00:40.611974, 6.037852440243796e-10, 1.2611686178923354e-44, 90.0, 0.0, 7053.75390625
0:00:40.706502, 5.786923717998604e-10, 1.2611686178923354e-44, 90.0, 0.0, 7053.75390625
0:00:40.784657, 5.537929559373822e-10, 1.2611686178923354e-44, 90.0, 0.0, 7053.75390625
0:00:40.911726, 5.220187060395176e-10, 1.2611686178923354e-44, 90.0, 0.0, 7053.75390625
0:00:40.989902, 5.003240044487711e-10, 1.2611686178923354e-44, 90.0, 0.0, 7053.75390625
0:00:41.068510, 4.790411956001606e-10, 1.2611686178923354e-44, 90.0, 0.0, 7053.75390625
0:00:41.162635, 4.5889825273093265e-10, 1.2611686178923354e-44, 90.0, 0.0, 7053.75390625
0:00:41.272579, 4.3278844397143246e-10, 1.2611686178923354e-44, 90.0, 0.0, 7053.75390625
0:00:41.366307, 4.1459011224098674e-10, 1.2611686178923354e-44, 90.0, 0.0, 7053.75390625
0:00:41.476047, 3.9179842703518375e-10, 1.2611686178923354e-44, 90.0, 0.0, 7053.75390625
0:00:41.554752, 3.7493991245085567e-10, 1.2611686178923354e-44, 90.0, 0.0, 7053.75390625
0:00:41.649079, 3.5954111909930475e-10, 1.2611686178923354e-44, 90.0, 0.0, 7053.75390625
0:00:41.711666, 3.4618202748859517e-10, 1.2611686178923354e-44, 90.0, 0.0, 7053.75390625
0:00:41.837048, 3.2499272717423366e-10, 1.2611686178923354e-44, 90.0, 0.0, 7053.75390625
0:00:41.931461, 3.1164526514970703e-10, 1.2611686178923354e-44, 90.0, 0.0, 7053.75390625
0:00:42.010060, 2.9838825854611173e-10, 1.2611686178923354e-44, 90.0, 0.0, 7053.75390625
0:00:42.088262, 2.859872338945024e-10, 1.2611686178923354e-44, 90.0, 0.0, 7053.75390625
0:00:42.182621, 2.738216875464161e-10, 1.2611686178923354e-44, 90.0, 0.0, 7053.75390625
0:00:42.308820, 2.5719301688376106e-10, 1.2611686178923354e-44, 90.0, 0.0, 7053.75390625
0:00:42.387166, 2.476374105775392e-10, 1.2611686178923354e-44, 90.0, 0.0, 7053.75390625
0:00:42.466044, 2.372242402515212e-10, 1.2611686178923354e-44, 90.0, 0.0, 7053.75390625
0:00:42.591582, 2.2236346097770365e-10, 1.2611686178923354e-44, 90.0, 0.0, 7053.75390625
0:00:42.654722, 2.1421012186273458e-10, 1.2611686178923354e-44, 90.0, 0.0, 7053.75390625
0:00:42.748829, 2.0509789699918457e-10, 1.2611686178923354e-44, 90.0, 0.0, 7053.75390625
0:00:42.874328, 1.9264269346397356e-10, 1.2611686178923354e-44, 90.0, 0.0, 7053.75390625
0:00:42.968502, 1.8435356019530502e-10, 1.2611686178923354e-44, 90.0, 0.0, 7053.75390625
0:00:43.047002, 1.7624107728764216e-10, 1.2611686178923354e-44, 90.0, 0.0, 7053.75390625
0:00:43.141058, 1.6874400488031682e-10, 1.2611686178923354e-44, 90.0, 0.0, 7053.75390625
0:00:43.219457, 1.6156584403681507e-10, 1.2611686178923354e-44, 90.0, 0.0, 7053.75390625
0:00:43.345180, 1.5183181101274812e-10, 1.2611686178923354e-44, 90.0, 0.0, 7053.75390625
0:00:43.423482, 1.462646254113409e-10, 1.2611686178923354e-44, 90.0, 0.0, 7053.75390625
0:00:43.501657, 1.4011433679961272e-10, 1.2611686178923354e-44, 90.0, 0.0, 7053.75390625
0:00:43.627439, 1.3193984793602453e-10, 1.2611686178923354e-44, 90.0, 0.0, 7053.75390625
0:00:43.705616, 1.2645652580633993e-10, 1.2611686178923354e-44, 90.0, 0.0, 7053.75390625
0:00:43.799910, 1.2107732871857735e-10, 1.2611686178923354e-44, 90.0, 0.0, 7053.75390625
0:00:43.878398, 1.16164015906417e-10, 1.2611686178923354e-44, 90.0, 0.0, 7053.75390625
0:00:44.003958, 1.0883137446793256e-10, 1.2611686178923354e-44, 90.0, 0.0, 7053.75390625
0:00:44.082515, 1.0430842994901823e-10, 1.2611686178923354e-44, 90.0, 0.0, 7053.75390625
0:00:44.160881, 1.0043274545346037e-10, 1.2611686178923354e-44, 90.0, 0.0, 7053.75390625
0:00:44.286420, 9.42373540313568e-11, 1.2611686178923354e-44, 90.0, 0.0, 7053.75390625
0:00:44.365247, 9.022861624519152e-11, 1.2611686178923354e-44, 90.0, 0.0, 7053.75390625
0:00:44.459311, 8.643463722535216e-11, 1.2611686178923354e-44, 90.0, 0.0, 7053.75390625
0:00:44.537995, 8.280019031525754e-11, 1.2611686178923354e-44, 90.0, 0.0, 7053.75390625
0:00:44.631496, 7.935901241706844e-11, 1.2611686178923354e-44, 90.0, 0.0, 7053.75390625
0:00:44.756977, 7.43874545294787e-11, 1.2611686178923354e-44, 90.0, 0.0, 7053.75390625
0:00:44.835785, 7.162329063170603e-11, 1.2611686178923354e-44, 90.0, 0.0, 7053.75390625
0:00:44.898271, 6.861160251059317e-11, 1.2611686178923354e-44, 90.0, 0.0, 7053.75390625
0:00:45.024128, 6.47408793241766e-11, 1.2611686178923354e-44, 90.0, 0.0, 7053.75390625
0:00:45.117649, 6.198692947823048e-11, 1.2611686178923354e-44, 90.0, 0.0, 7053.75390625
0:00:45.195999, 5.968374405806998e-11, 1.2611686178923354e-44, 90.0, 0.0, 7053.75390625
0:00:45.305858, 5.5973326668068424e-11, 1.2611686178923354e-44, 90.0, 0.0, 7053.75390625
0:00:45.400377, 5.353759102710853e-11, 1.2611686178923354e-44, 90.0, 0.0, 7053.75390625
0:00:45.494579, 5.126016972001324e-11, 1.2611686178923354e-44, 90.0, 0.0, 7053.75390625
0:00:45.573114, 4.907956333011221e-11, 1.2611686178923354e-44, 90.0, 0.0, 7053.75390625
0:00:45.636242, 4.732799915863062e-11, 1.2611686178923354e-44, 90.0, 0.0, 7053.75390625
0:00:45.761564, 4.461252200993471e-11, 1.2611686178923354e-44, 90.0, 0.0, 7053.75390625
0:00:45.840193, 4.2780241155115917e-11, 1.2611686178923354e-44, 90.0, 0.0, 7053.75390625
0:00:45.934210, 4.093953648309778e-11, 1.2611686178923354e-44, 90.0, 0.0, 7053.75390625
0:00:46.044312, 3.8590401707505606e-11, 1.2611686178923354e-44, 90.0, 0.0, 7053.75390625
0:00:46.138434, 3.694881206550704e-11, 1.2611686178923354e-44, 90.0, 0.0, 7053.75390625
0:00:46.216633, 3.559402078634477e-11, 1.2611686178923354e-44, 90.0, 0.0, 7053.75390625
0:00:46.342597, 3.338126650098694e-11, 1.2611686178923354e-44, 90.0, 0.0, 7053.75390625
0:00:46.405028, 3.220639727130603e-11, 1.2611686178923354e-44, 90.0, 0.0, 7053.75390625
0:00:46.514418, 3.042023577481956e-11, 1.2611686178923354e-44, 90.0, 0.0, 7053.75390625
0:00:46.608509, 2.914109578644464e-11, 1.2611686178923354e-44, 90.0, 0.0, 7053.75390625
0:00:46.686985, 2.7958527853977344e-11, 1.2611686178923354e-44, 90.0, 0.0, 7053.75390625
0:00:46.781409, 2.6741884748271438e-11, 1.2611686178923354e-44, 90.0, 0.0, 7053.75390625
0:00:46.891165, 2.5220254704083622e-11, 1.2611686178923354e-44, 90.0, 0.0, 7053.75390625
0:00:46.969949, 2.414744272594138e-11, 1.2611686178923354e-44, 90.0, 0.0, 7053.75390625
0:00:47.064033, 2.3155708253619345e-11, 1.2611686178923354e-44, 90.0, 0.0, 7053.75390625
0:00:47.190139, 2.16940077013561e-11, 1.2611686178923354e-44, 90.0, 0.0, 7053.75390625
0:00:47.268878, 2.0898558925064314e-11, 1.2611686178923354e-44, 90.0, 0.0, 7053.75390625
0:00:47.347279, 2.0009559981160052e-11, 1.2611686178923354e-44, 90.0, 0.0, 7053.75390625
0:00:47.457156, 1.88806557194221e-11, 1.2611686178923354e-44, 90.0, 0.0, 7053.75390625
0:00:47.551431, 1.8077471811150936e-11, 1.2611686178923354e-44, 90.0, 0.0, 7053.75390625
0:00:47.630348, 1.7405786881252716e-11, 1.2611686178923354e-44, 90.0, 0.0, 7053.75390625
0:00:47.741560, 1.6340411662651988e-11, 1.2611686178923354e-44, 90.0, 0.0, 7053.75390625
0:00:47.835412, 1.5637333442009016e-11, 1.2611686178923354e-44, 90.0, 0.0, 7053.75390625
0:00:47.913701, 1.4979805590398243e-11, 1.2611686178923354e-44, 90.0, 0.0, 7053.75390625
0:00:48.007817, 1.435725930504228e-11, 1.2611686178923354e-44, 90.0, 0.0, 7053.75390625
0:00:48.134119, 1.3471589295488418e-11, 1.2611686178923354e-44, 90.0, 0.0, 7053.75390625
0:00:48.181188, 1.3175214391702994e-11, 1.2611686178923354e-44, 90.0, 0.0, 7053.75390625
0:00:48.306333, 1.2362471289717458e-11, 1.2611686178923354e-44, 90.0, 0.0, 7053.75390625
0:00:48.384994, 1.1812341035866147e-11, 1.2611686178923354e-44, 90.0, 0.0, 7053.75390625
0:00:48.463757, 1.139077894507512e-11, 1.2611686178923354e-44, 90.0, 0.0, 7053.75390625
0:00:48.589148, 1.0677203912679012e-11, 1.2611686178923354e-44, 90.0, 0.0, 7053.75390625
0:00:48.667760, 1.0243914223828643e-11, 1.2611686178923354e-44, 90.0, 0.0, 7053.75390625
0:00:48.761461, 9.808150819301531e-12, 1.2611686178923354e-44, 90.0, 0.0, 7053.75390625
0:00:48.839706, 9.400530701086929e-12, 1.2611686178923354e-44, 90.0, 0.0, 7053.75390625
0:00:48.949635, 8.87921073472464e-12, 1.2611686178923354e-44, 90.0, 0.0, 7053.75390625
0:00:49.043839, 8.497151766928557e-12, 1.2611686178923354e-44, 90.0, 0.0, 7053.75390625
0:00:49.122136, 8.15649631169535e-12, 1.2611686178923354e-44, 90.0, 0.0, 7053.75390625
0:00:49.247791, 7.645532644484643e-12, 1.2611686178923354e-44, 90.0, 0.0, 7053.75390625
0:00:49.325983, 7.327784212751709e-12, 1.2611686178923354e-44, 90.0, 0.0, 7053.75390625
0:00:49.404462, 7.062705455196383e-12, 1.2611686178923354e-44, 90.0, 0.0, 7053.75390625
0:00:49.498819, 6.762257854370235e-12, 1.2611686178923354e-44, 90.0, 0.0, 7053.75390625
0:00:49.592944, 6.413350753242675e-12, 1.2611686178923354e-44, 90.0, 0.0, 7053.75390625
0:00:49.687349, 6.143669340624713e-12, 1.2611686178923354e-44, 90.0, 0.0, 7053.75390625
0:00:49.797042, 5.805927353469409e-12, 1.2611686178923354e-44, 90.0, 0.0, 7053.75390625
0:00:49.875961, 5.556115897226155e-12, 1.2611686178923354e-44, 90.0, 0.0, 7053.75390625
0:00:50.001339, 5.221370211194731e-12, 1.2611686178923354e-44, 90.0, 0.0, 7053.75390625
0:00:50.079881, 5.027349196662367e-12, 1.2611686178923354e-44, 90.0, 0.0, 7053.75390625
0:00:50.158448, 4.815956661241572e-12, 1.2611686178923354e-44, 90.0, 0.0, 7053.75390625
0:00:50.284156, 4.544249091603669e-12, 1.2611686178923354e-44, 90.0, 0.0, 7053.75390625
0:00:50.362784, 4.350937145292111e-12, 1.2611686178923354e-44, 90.0, 0.0, 7053.75390625
0:00:50.441654, 4.176508097697429e-12, 1.2611686178923354e-44, 90.0, 0.0, 7053.75390625
0:00:50.535449, 3.994753746544566e-12, 1.2611686178923354e-44, 90.0, 0.0, 7053.75390625
0:00:50.645393, 3.769378906226528e-12, 1.2611686178923354e-44, 90.0, 0.0, 7053.75390625
0:00:50.723689, 3.6108822095565207e-12, 1.2611686178923354e-44, 90.0, 0.0, 7053.75390625
0:00:50.818062, 3.4590481520768712e-12, 1.2611686178923354e-44, 90.0, 0.0, 7053.75390625
0:00:50.944196, 3.244013131037393e-12, 1.2611686178923354e-44, 90.0, 0.0, 7053.75390625
0:00:51.022518, 3.1044329433516094e-12, 1.2611686178923354e-44, 90.0, 0.0, 7053.75390625
0:00:51.116645, 2.9754150532301793e-12, 1.2611686178923354e-44, 90.0, 0.0, 7053.75390625
0:00:51.226538, 2.807556921322063e-12, 1.2611686178923354e-44, 90.0, 0.0, 7053.75390625
0:00:51.319990, 2.688123378405405e-12, 1.2611686178923354e-44, 90.0, 0.0, 7053.75390625
0:00:51.398581, 2.5724613411659547e-12, 1.2611686178923354e-44, 90.0, 0.0, 7053.75390625
0:00:51.477074, 2.4668077910211528e-12, 1.2611686178923354e-44, 90.0, 0.0, 7053.75390625
0:00:51.602393, 2.3252662816053427e-12, 1.2611686178923354e-44, 90.0, 0.0, 7053.75390625
0:00:51.680968, 2.2252135030431663e-12, 1.2611686178923354e-44, 90.0, 0.0, 7053.75390625
0:00:51.775047, 2.1294658744674955e-12, 1.2611686178923354e-44, 90.0, 0.0, 7053.75390625
0:00:51.853931, 2.0513911749842073e-12, 1.2611686178923354e-44, 90.0, 0.0, 7053.75390625
0:00:51.932111, 1.9631228066752104e-12, 1.2611686178923354e-44, 90.0, 0.0, 7053.75390625
0:00:52.026287, 1.880576423751723e-12, 1.2611686178923354e-44, 90.0, 0.0, 7053.75390625
0:00:52.152584, 1.7645701523225088e-12, 1.2611686178923354e-44, 90.0, 0.0, 7053.75390625
0:00:52.215251, 1.697279144487196e-12, 1.2611686178923354e-44, 90.0, 0.0, 7053.75390625
0:00:52.309426, 1.625908609137472e-12, 1.2611686178923354e-44, 90.0, 0.0, 7053.75390625
0:00:52.434959, 1.5240488992346313e-12, 1.2611686178923354e-44, 90.0, 0.0, 7053.75390625
0:00:52.513441, 1.4681620719506072e-12, 1.2611686178923354e-44, 90.0, 0.0, 7053.75390625
0:00:52.592051, 1.40570974999088e-12, 1.2611686178923354e-44, 90.0, 0.0, 7053.75390625
0:00:52.717608, 1.3203436824774095e-12, 1.2611686178923354e-44, 90.0, 0.0, 7053.75390625
0:00:52.812050, 1.2641779983946222e-12, 1.2611686178923354e-44, 90.0, 0.0, 7053.75390625
0:00:52.890389, 1.2128766957789083e-12, 1.2611686178923354e-44, 90.0, 0.0, 7053.75390625
0:00:52.968832, 1.1636581455365391e-12, 1.2611686178923354e-44, 90.0, 0.0, 7053.75390625
0:00:53.079165, 1.0968924336537955e-12, 1.2611686178923354e-44, 90.0, 0.0, 7053.75390625
0:00:53.173582, 1.0518436165465883e-12, 1.2611686178923354e-44, 90.0, 0.0, 7053.75390625
0:00:53.267854, 9.9199717450843e-13, 1.2611686178923354e-44, 90.0, 0.0, 7053.75390625
0:00:53.361680, 9.507698447985824e-13, 1.2611686178923354e-44, 90.0, 0.0, 7053.75390625
0:00:53.456254, 9.09861053687011e-13, 1.2611686178923354e-44, 90.0, 0.0, 7053.75390625
0:00:53.534432, 8.729382234423655e-13, 1.2611686178923354e-44, 90.0, 0.0, 7053.75390625
0:00:53.660659, 8.220094526931176e-13, 1.2611686178923354e-44, 90.0, 0.0, 7053.75390625
0:00:53.738832, 7.870421979069842e-13, 1.2611686178923354e-44, 90.0, 0.0, 7053.75390625
0:00:53.833124, 7.535614385094369e-13, 1.2611686178923354e-44, 90.0, 0.0, 7053.75390625
0:00:53.942820, 7.11414217466344e-13, 1.2611686178923354e-44, 90.0, 0.0, 7053.75390625
0:00:54.021351, 6.808042085811039e-13, 1.2611686178923354e-44, 90.0, 0.0, 7053.75390625
0:00:54.099734, 6.551710671383326e-13, 1.2611686178923354e-44, 90.0, 0.0, 7053.75390625
0:00:54.194097, 6.276217609860191e-13, 1.2611686178923354e-44, 90.0, 0.0, 7053.75390625
0:00:54.303943, 5.922144285380737e-13, 1.2611686178923354e-44, 90.0, 0.0, 7053.75390625
0:00:54.382548, 5.67022991060373e-13, 1.2611686178923354e-44, 90.0, 0.0, 7053.75390625
0:00:54.508181, 5.353085596321305e-13, 1.2611686178923354e-44, 90.0, 0.0, 7053.75390625
0:00:54.585936, 5.125371698236347e-13, 1.2611686178923354e-44, 90.0, 0.0, 7053.75390625
0:00:54.680247, 4.902336132525664e-13, 1.2611686178923354e-44, 90.0, 0.0, 7053.75390625
0:00:54.758975, 4.696197857673168e-13, 1.2611686178923354e-44, 90.0, 0.0, 7053.75390625
0:00:54.852944, 4.491838216484634e-13, 1.2611686178923354e-44, 90.0, 0.0, 7053.75390625
0:00:54.963331, 4.244904124386939e-13, 1.2611686178923354e-44, 90.0, 0.0, 7053.75390625
0:00:55.041533, 4.06225237909591e-13, 1.2611686178923354e-44, 90.0, 0.0, 7053.75390625
0:00:55.136182, 3.893425295706243e-13, 1.2611686178923354e-44, 90.0, 0.0, 7053.75390625
0:00:55.214995, 3.72780365603953e-13, 1.2611686178923354e-44, 90.0, 0.0, 7053.75390625
0:00:55.309354, 3.5710532295986364e-13, 1.2611686178923354e-44, 90.0, 0.0, 7053.75390625
0:00:55.434818, 3.347343019086124e-13, 1.2611686178923354e-44, 90.0, 0.0, 7053.75390625
0:00:55.513292, 3.2033167893415204e-13, 1.2611686178923354e-44, 90.0, 0.0, 7053.75390625
0:00:55.607643, 3.067051820848654e-13, 1.2611686178923354e-44, 90.0, 0.0, 7053.75390625
0:00:55.686155, 2.93508110611046e-13, 1.2611686178923354e-44, 90.0, 0.0, 7053.75390625
0:00:55.811906, 2.763832457168547e-13, 1.2611686178923354e-44, 90.0, 0.0, 7053.75390625
0:00:55.889821, 2.6516760792336114e-13, 1.2611686178923354e-44, 90.0, 0.0, 7053.75390625
0:00:55.968554, 2.5544475389105425e-13, 1.2611686178923354e-44, 90.0, 0.0, 7053.75390625
0:00:56.094248, 2.3956479703636513e-13, 1.2611686178923354e-44, 90.0, 0.0, 7053.75390625
0:00:56.156739, 2.3078072656015913e-13, 1.2611686178923354e-44, 90.0, 0.0, 7053.75390625
0:00:56.251147, 2.2096377733180766e-13, 1.2611686178923354e-44, 90.0, 0.0, 7053.75390625
0:00:56.361654, 2.0871057161177264e-13, 1.2611686178923354e-44, 90.0, 0.0, 7053.75390625
0:00:56.455621, 1.9973038251509118e-13, 1.2611686178923354e-44, 90.0, 0.0, 7053.75390625
0:00:56.534103, 1.913320169617469e-13, 1.2611686178923354e-44, 90.0, 0.0, 7053.75390625
0:00:56.659650, 1.7934594510448515e-13, 1.2611686178923354e-44, 90.0, 0.0, 7053.75390625
0:00:56.754151, 1.7154147839617412e-13, 1.2611686178923354e-44, 90.0, 0.0, 7053.75390625
0:00:56.832749, 1.6458019571740506e-13, 1.2611686178923354e-44, 90.0, 0.0, 7053.75390625
0:00:56.911482, 1.5741795616596582e-13, 1.2611686178923354e-44, 90.0, 0.0, 7053.75390625
0:00:57.005657, 1.508757853894982e-13, 1.2611686178923354e-44, 90.0, 0.0, 7053.75390625
0:00:57.115538, 1.425092005123349e-13, 1.2611686178923354e-44, 90.0, 0.0, 7053.75390625
0:00:57.194115, 1.3644703314268092e-13, 1.2611686178923354e-44, 90.0, 0.0, 7053.75390625
0:00:57.319516, 1.2888016934047009e-13, 1.2611686178923354e-44, 90.0, 0.0, 7053.75390625
0:00:57.398048, 1.2339786039771566e-13, 1.2611686178923354e-44, 90.0, 0.0, 7053.75390625
0:00:57.492322, 1.1814876334226287e-13, 1.2611686178923354e-44, 90.0, 0.0, 7053.75390625
0:00:57.570680, 1.1312295772423347e-13, 1.2611686178923354e-44, 90.0, 0.0, 7053.75390625
0:00:57.680460, 1.0674111334402214e-13, 1.2611686178923354e-44, 90.0, 0.0, 7053.75390625
0:00:57.774853, 1.0225264509894014e-13, 1.2611686178923354e-44, 90.0, 0.0, 7053.75390625
0:00:57.837562, 9.850337234253159e-14, 1.2611686178923354e-44, 90.0, 0.0, 7053.75390625
0:00:57.931705, 9.431326298279044e-14, 1.2611686178923354e-44, 90.0, 0.0, 7053.75390625
0:00:58.057652, 8.835984109103676e-14, 1.2611686178923354e-44, 90.0, 0.0, 7053.75390625
0:00:58.152331, 8.464431412724682e-14, 1.2611686178923354e-44, 90.0, 0.0, 7053.75390625
0:00:58.230816, 8.100219442679774e-14, 1.2611686178923354e-44, 90.0, 0.0, 7053.75390625
0:00:58.309636, 7.807173825610456e-14, 1.2611686178923354e-44, 90.0, 0.0, 7053.75390625
0:00:58.434910, 7.321835466481824e-14, 1.2611686178923354e-44, 90.0, 0.0, 7053.75390625
0:00:58.513463, 7.010381451776418e-14, 1.2611686178923354e-44, 90.0, 0.0, 7053.75390625
0:00:58.592201, 6.719037354491544e-14, 1.2611686178923354e-44, 90.0, 0.0, 7053.75390625
0:00:58.686270, 6.443086895176892e-14, 1.2611686178923354e-44, 90.0, 0.0, 7053.75390625
0:00:58.796154, 6.085817207167679e-14, 1.2611686178923354e-44, 90.0, 0.0, 7053.75390625
0:00:58.890590, 5.823960020842622e-14, 1.2611686178923354e-44, 90.0, 0.0, 7053.75390625
0:00:58.968551, 5.5705247137055255e-14, 1.2611686178923354e-44, 90.0, 0.0, 7053.75390625
0:00:59.063075, 5.336284189592748e-14, 1.2611686178923354e-44, 90.0, 0.0, 7053.75390625
0:00:59.188956, 5.0045461074928535e-14, 1.2611686178923354e-44, 90.0, 0.0, 7053.75390625
0:00:59.251389, 4.828391375957808e-14, 1.2611686178923354e-44, 90.0, 0.0, 7053.75390625
0:00:59.361437, 4.5560079417906324e-14, 1.2611686178923354e-44, 90.0, 0.0, 7053.75390625
0:00:59.455722, 4.364427723846549e-14, 1.2611686178923354e-44, 90.0, 0.0, 7053.75390625
0:00:59.534207, 4.189451045734545e-14, 1.2611686178923354e-44, 90.0, 0.0, 7053.75390625
0:00:59.659722, 3.9249965175800275e-14, 1.2611686178923354e-44, 90.0, 0.0, 7053.75390625
0:00:59.754001, 3.761876606663689e-14, 1.2611686178923354e-44, 90.0, 0.0, 7053.75390625
0:00:59.832506, 3.598171226574208e-14, 1.2611686178923354e-44, 90.0, 0.0, 7053.75390625
0:00:59.926950, 3.4415934593292827e-14, 1.2611686178923354e-44, 90.0, 0.0, 7053.75390625
0:01:00.005356, 3.2968778802908855e-14, 1.2611686178923354e-44, 90.0, 0.0, 7053.75390625
0:01:00.099716, 3.1550229009219555e-14, 1.2611686178923354e-44, 90.0, 0.0, 7053.75390625
0:01:00.209393, 2.977040272286735e-14, 1.2611686178923354e-44, 90.0, 0.0, 7053.75390625
0:01:00.287792, 2.8518586282647376e-14, 1.2611686178923354e-44, 90.0, 0.0, 7053.75390625
0:01:00.382382, 2.734732775790897e-14, 1.2611686178923354e-44, 90.0, 0.0, 7053.75390625
0:01:00.492397, 2.5778180588395538e-14, 1.2611686178923354e-44, 90.0, 0.0, 7053.75390625
0:01:00.570625, 2.469423252579421e-14, 1.2611686178923354e-44, 90.0, 0.0, 7053.75390625
0:01:00.665055, 2.3643789698454473e-14, 1.2611686178923354e-44, 90.0, 0.0, 7053.75390625
0:01:00.743476, 2.2684306351188586e-14, 1.2611686178923354e-44, 90.0, 0.0, 7053.75390625
0:01:00.822014, 2.1708268592001562e-14, 1.2611686178923354e-44, 90.0, 0.0, 7053.75390625
0:01:00.963241, 2.0400371794409775e-14, 1.2611686178923354e-44, 90.0, 0.0, 7053.75390625
0:01:01.026089, 1.964231288200096e-14, 1.2611686178923354e-44, 90.0, 0.0, 7053.75390625
0:01:01.151735, 1.8534137983042265e-14, 1.2611686178923354e-44, 90.0, 0.0, 7053.75390625
0:01:01.214636, 1.7845427352091055e-14, 1.2611686178923354e-44, 90.0, 0.0, 7053.75390625
0:01:01.308526, 1.707758351507556e-14, 1.2611686178923354e-44, 90.0, 0.0, 7053.75390625
0:01:01.418340, 1.6146999237904094e-14, 1.2611686178923354e-44, 90.0, 0.0, 7053.75390625
0:01:01.497134, 1.5562888705609318e-14, 1.2611686178923354e-44, 90.0, 0.0, 7053.75390625
0:01:01.622447, 1.460285648099361e-14, 1.2611686178923354e-44, 90.0, 0.0, 7053.75390625
0:01:01.685129, 1.4067417308881013e-14, 1.2611686178923354e-44, 90.0, 0.0, 7053.75390625
0:01:01.779503, 1.3475896932363656e-14, 1.2611686178923354e-44, 90.0, 0.0, 7053.75390625
0:01:01.905147, 1.2638161018738419e-14, 1.2611686178923354e-44, 90.0, 0.0, 7053.75390625
0:01:01.983511, 1.208817066762494e-14, 1.2611686178923354e-44, 90.0, 0.0, 7053.75390625
0:01:02.077308, 1.1573940353478644e-14, 1.2611686178923354e-44, 90.0, 0.0, 7053.75390625
0:01:02.155775, 1.1087273338468949e-14, 1.2611686178923354e-44, 90.0, 0.0, 7053.75390625
0:01:02.250079, 1.061563438200944e-14, 1.2611686178923354e-44, 90.0, 0.0, 7053.75390625
0:01:02.359956, 9.965879643335403e-15, 1.2611686178923354e-44, 90.0, 0.0, 7053.75390625
0:01:02.453902, 9.541943041366414e-15, 1.2611686178923354e-44, 90.0, 0.0, 7053.75390625
0:01:02.548243, 9.136048241173943e-15, 1.2611686178923354e-44, 90.0, 0.0, 7053.75390625
0:01:02.626807, 8.756360640369519e-15, 1.2611686178923354e-44, 90.0, 0.0, 7053.75390625
0:01:02.752353, 8.220408166290886e-15, 1.2611686178923354e-44, 90.0, 0.0, 7053.75390625
0:01:02.830425, 7.86669652487991e-15, 1.2611686178923354e-44, 90.0, 0.0, 7053.75390625
0:01:02.908908, 7.562855642304425e-15, 1.2611686178923354e-44, 90.0, 0.0, 7053.75390625
0:01:03.003296, 7.244837969290745e-15, 1.2611686178923354e-44, 90.0, 0.0, 7053.75390625
0:01:03.128596, 6.797929410275747e-15, 1.2611686178923354e-44, 90.0, 0.0, 7053.75390625
0:01:03.207612, 6.512076542884628e-15, 1.2611686178923354e-44, 90.0, 0.0, 7053.75390625
0:01:03.302047, 6.235060770232214e-15, 1.2611686178923354e-44, 90.0, 0.0, 7053.75390625
0:01:03.380002, 5.972876544486222e-15, 1.2611686178923354e-44, 90.0, 0.0, 7053.75390625
0:01:03.506289, 5.604430341441284e-15, 1.2611686178923354e-44, 90.0, 0.0, 7053.75390625
0:01:03.584443, 5.374256337804979e-15, 1.2611686178923354e-44, 90.0, 0.0, 7053.75390625
0:01:03.678948, 5.14564638050578e-15, 1.2611686178923354e-44, 90.0, 0.0, 7053.75390625
0:01:03.757421, 4.934309542583464e-15, 1.2611686178923354e-44, 90.0, 0.0, 7053.75390625
0:01:03.883133, 4.651186662381346e-15, 1.2611686178923354e-44, 90.0, 0.0, 7053.75390625
0:01:03.961621, 4.455608872442696e-15, 1.2611686178923354e-44, 90.0, 0.0, 7053.75390625
0:01:04.040269, 4.270438152810486e-15, 1.2611686178923354e-44, 90.0, 0.0, 7053.75390625
0:01:04.134007, 4.0908705561243635e-15, 1.2611686178923354e-44, 90.0, 0.0, 7053.75390625
0:01:04.259561, 3.844403450231149e-15, 1.2611686178923354e-44, 90.0, 0.0, 7053.75390625
0:01:04.322443, 3.701560661039131e-15, 1.2611686178923354e-44, 90.0, 0.0, 7053.75390625
0:01:04.416814, 3.549537728764771e-15, 1.2611686178923354e-44, 90.0, 0.0, 7053.75390625
0:01:04.526592, 3.3475805101838754e-15, 1.2611686178923354e-44, 90.0, 0.0, 7053.75390625
0:01:04.604470, 3.206818033910314e-15, 1.2611686178923354e-44, 90.0, 0.0, 7053.75390625
0:01:04.729948, 3.0243684076211585e-15, 1.2611686178923354e-44, 90.0, 0.0, 7053.75390625
0:01:04.808958, 2.897193610370977e-15, 1.2611686178923354e-44, 90.0, 0.0, 7053.75390625
0:01:04.903073, 2.7711184736445684e-15, 1.2611686178923354e-44, 90.0, 0.0, 7053.75390625
0:01:04.981249, 2.6518814339013437e-15, 1.2611686178923354e-44, 90.0, 0.0, 7053.75390625
0:01:05.106541, 2.5035604591229586e-15, 1.2611686178923354e-44, 90.0, 0.0, 7053.75390625
0:01:05.184502, 2.400739129655759e-15, 1.2611686178923354e-44, 90.0, 0.0, 7053.75390625
0:01:05.262986, 2.3091882088264884e-15, 1.2611686178923354e-44, 90.0, 0.0, 7053.75390625
0:01:05.372878, 2.1811265680805316e-15, 1.2611686178923354e-44, 90.0, 0.0, 7053.75390625
0:01:05.451682, 2.1000845732696083e-15, 1.2611686178923354e-44, 90.0, 0.0, 7053.75390625
0:01:05.577241, 1.9715424530843215e-15, 1.2611686178923354e-44, 90.0, 0.0, 7053.75390625
0:01:05.655024, 1.8915359560514166e-15, 1.2611686178923354e-44, 90.0, 0.0, 7053.75390625
0:01:05.734029, 1.8101460424574086e-15, 1.2611686178923354e-44, 90.0, 0.0, 7053.75390625
0:01:05.828329, 1.7340311324215451e-15, 1.2611686178923354e-44, 90.0, 0.0, 7053.75390625
0:01:05.953921, 1.6262334843892266e-15, 1.2611686178923354e-44, 90.0, 0.0, 7053.75390625
0:01:06.032516, 1.5602409357104072e-15, 1.2611686178923354e-44, 90.0, 0.0, 7053.75390625
0:01:06.127008, 1.491581821434513e-15, 1.2611686178923354e-44, 90.0, 0.0, 7053.75390625
0:01:06.236637, 1.4074341803224817e-15, 1.2611686178923354e-44, 90.0, 0.0, 7053.75390625
0:01:06.315427, 1.346874395088233e-15, 1.2611686178923354e-44, 90.0, 0.0, 7053.75390625
0:01:06.393389, 1.2981552834236522e-15, 1.2611686178923354e-44, 90.0, 0.0, 7053.75390625
0:01:06.487816, 1.2429333939438817e-15, 1.2611686178923354e-44, 90.0, 0.0, 7053.75390625
0:01:06.598250, 1.1746044107591798e-15, 1.2611686178923354e-44, 90.0, 0.0, 7053.75390625
0:01:06.676490, 1.1246394195083063e-15, 1.2611686178923354e-44, 90.0, 0.0, 7053.75390625
0:01:06.770884, 1.0779002473579324e-15, 1.2611686178923354e-44, 90.0, 0.0, 7053.75390625
0:01:06.880625, 1.015532893814243e-15, 1.2611686178923354e-44, 90.0, 0.0, 7053.75390625
0:01:06.959413, 9.728306806904832e-16, 1.2611686178923354e-44, 90.0, 0.0, 7053.75390625
0:01:07.053507, 9.309712653492413e-16, 1.2611686178923354e-44, 90.0, 0.0, 7053.75390625
0:01:07.163448, 8.797920523684788e-16, 1.2611686178923354e-44, 90.0, 0.0, 7053.75390625
0:01:07.257882, 8.410763998109713e-16, 1.2611686178923354e-44, 90.0, 0.0, 7053.75390625
0:01:07.367708, 7.924116041341332e-16, 1.2611686178923354e-44, 90.0, 0.0, 7053.75390625
0:01:07.461312, 7.587033986025562e-16, 1.2611686178923354e-44, 90.0, 0.0, 7053.75390625
0:01:07.539787, 7.286579752931437e-16, 1.2611686178923354e-44, 90.0, 0.0, 7053.75390625
0:01:07.618435, 6.973049448714074e-16, 1.2611686178923354e-44, 90.0, 0.0, 7053.75390625
0:01:07.712934, 6.693496282989041e-16, 1.2611686178923354e-44, 90.0, 0.0, 7053.75390625
0:01:07.791109, 6.40549502240633e-16, 1.2611686178923354e-44, 90.0, 0.0, 7053.75390625
0:01:07.916928, 6.013432058484284e-16, 1.2611686178923354e-44, 90.0, 0.0, 7053.75390625
0:01:08.011320, 5.757628108413486e-16, 1.2611686178923354e-44, 90.0, 0.0, 7053.75390625
0:01:08.089622, 5.521162449924095e-16, 1.2611686178923354e-44, 90.0, 0.0, 7053.75390625
0:01:08.168073, 5.283603589537153e-16, 1.2611686178923354e-44, 90.0, 0.0, 7053.75390625
0:01:08.262475, 5.058845514565593e-16, 1.2611686178923354e-44, 90.0, 0.0, 7053.75390625
0:01:08.387906, 4.74435223976632e-16, 1.2611686178923354e-44, 90.0, 0.0, 7053.75390625
0:01:08.450817, 4.57272801218043e-16, 1.2611686178923354e-44, 90.0, 0.0, 7053.75390625
0:01:08.545479, 4.3759749640274645e-16, 1.2611686178923354e-44, 90.0, 0.0, 7053.75390625
0:01:08.655296, 4.1291050939678306e-16, 1.2611686178923354e-44, 90.0, 0.0, 7053.75390625
0:01:08.749590, 3.95345296001995e-16, 1.2611686178923354e-44, 90.0, 0.0, 7053.75390625
0:01:08.859331, 3.7285016556572973e-16, 1.2611686178923354e-44, 90.0, 0.0, 7053.75390625
0:01:08.953745, 3.5698912952125813e-16, 1.2611686178923354e-44, 90.0, 0.0, 7053.75390625
0:01:09.016346, 3.438995058708638e-16, 1.2611686178923354e-44, 90.0, 0.0, 7053.75390625
0:01:09.111132, 3.2943850940908516e-16, 1.2611686178923354e-44, 90.0, 0.0, 7053.75390625
0:01:09.220938, 3.1116901458843476e-16, 1.2611686178923354e-44, 90.0, 0.0, 7053.75390625
0:01:09.298983, 2.9778017654942285e-16, 1.2611686178923354e-44, 90.0, 0.0, 7053.75390625
0:01:09.393638, 2.854046546131231e-16, 1.2611686178923354e-44, 90.0, 0.0, 7053.75390625
0:01:09.503373, 2.6916682125602135e-16, 1.2611686178923354e-44, 90.0, 0.0, 7053.75390625
0:01:09.582235, 2.5798045416832783e-16, 1.2611686178923354e-44, 90.0, 0.0, 7053.75390625
0:01:09.676832, 2.4688032562257664e-16, 1.2611686178923354e-44, 90.0, 0.0, 7053.75390625
0:01:09.802521, 2.321246940440515e-16, 1.2611686178923354e-44, 90.0, 0.0, 7053.75390625
0:01:09.880964, 2.2202348204090915e-16, 1.2611686178923354e-44, 90.0, 0.0, 7053.75390625
0:01:09.975455, 2.1268761724517026e-16, 1.2611686178923354e-44, 90.0, 0.0, 7053.75390625
0:01:10.053883, 2.0364015393308166e-16, 1.2611686178923354e-44, 90.0, 0.0, 7053.75390625
0:01:10.180022, 1.914686610579518e-16, 1.2611686178923354e-44, 90.0, 0.0, 7053.75390625
0:01:10.258707, 1.8323033920361766e-16, 1.2611686178923354e-44, 90.0, 0.0, 7053.75390625
0:01:10.352939, 1.7552576722006195e-16, 1.2611686178923354e-44, 90.0, 0.0, 7053.75390625
0:01:10.415683, 1.6908979912858696e-16, 1.2611686178923354e-44, 90.0, 0.0, 7053.75390625
0:01:10.509575, 1.6197957957620775e-16, 1.2611686178923354e-44, 90.0, 0.0, 7053.75390625
0:01:10.619296, 1.5299717898238012e-16, 1.2611686178923354e-44, 90.0, 0.0, 7053.75390625
0:01:10.698132, 1.465638711037551e-16, 1.2611686178923354e-44, 90.0, 0.0, 7053.75390625
0:01:10.792546, 1.4054449763854142e-16, 1.2611686178923354e-44, 90.0, 0.0, 7053.75390625
0:01:10.902375, 1.3248065133645187e-16, 1.2611686178923354e-44, 90.0, 0.0, 7053.75390625
0:01:10.980956, 1.2690996710526656e-16, 1.2611686178923354e-44, 90.0, 0.0, 7053.75390625
0:01:11.105720, 1.198115266048101e-16, 1.2611686178923354e-44, 90.0, 0.0, 7053.75390625
0:01:11.184191, 1.1471488965651157e-16, 1.2611686178923354e-44, 90.0, 0.0, 7053.75390625
0:01:11.263213, 1.1039641128894373e-16, 1.2611686178923354e-44, 90.0, 0.0, 7053.75390625
0:01:11.388737, 1.0369217198120554e-16, 1.2611686178923354e-44, 90.0, 0.0, 7053.75390625
0:01:11.483171, 9.917990835717368e-17, 1.2611686178923354e-44, 90.0, 0.0, 7053.75390625
0:01:11.561633, 9.500949531925283e-17, 1.2611686178923354e-44, 90.0, 0.0, 7053.75390625
0:01:11.640404, 9.161908051174498e-17, 1.2611686178923354e-44, 90.0, 0.0, 7053.75390625
0:01:11.766454, 8.596741860731317e-17, 1.2611686178923354e-44, 90.0, 0.0, 7053.75390625
0:01:11.829279, 8.281527152089e-17, 1.2611686178923354e-44, 90.0, 0.0, 7053.75390625
0:01:11.923687, 7.929240855370016e-17, 1.2611686178923354e-44, 90.0, 0.0, 7053.75390625
0:01:12.033621, 7.470496413815458e-17, 1.2611686178923354e-44, 90.0, 0.0, 7053.75390625
0:01:12.111935, 7.163682551474229e-17, 1.2611686178923354e-44, 90.0, 0.0, 7053.75390625
0:01:12.206441, 6.865967675871083e-17, 1.2611686178923354e-44, 90.0, 0.0, 7053.75390625
0:01:12.332069, 6.43584302176637e-17, 1.2611686178923354e-44, 90.0, 0.0, 7053.75390625
0:01:12.426278, 6.158928098974237e-17, 1.2611686178923354e-44, 90.0, 0.0, 7053.75390625
0:01:12.504454, 5.908999116486035e-17, 1.2611686178923354e-44, 90.0, 0.0, 7053.75390625
0:01:12.582932, 5.657642089388322e-17, 1.2611686178923354e-44, 90.0, 0.0, 7053.75390625
0:01:12.708554, 5.3113531829825924e-17, 1.2611686178923354e-44, 90.0, 0.0, 7053.75390625
0:01:12.787107, 5.114004763311936e-17, 1.2611686178923354e-44, 90.0, 0.0, 7053.75390625
0:01:12.866089, 4.896461225294165e-17, 1.2611686178923354e-44, 90.0, 0.0, 7053.75390625
0:01:12.991625, 4.6061562336182697e-17, 1.2611686178923354e-44, 90.0, 0.0, 7053.75390625
0:01:13.070454, 4.4372634887639275e-17, 1.2611686178923354e-44, 90.0, 0.0, 7053.75390625
0:01:13.148866, 4.2506809902017714e-17, 1.2611686178923354e-44, 90.0, 0.0, 7053.75390625
0:01:13.258877, 4.006783477868061e-17, 1.2611686178923354e-44, 90.0, 0.0, 7053.75390625
0:01:13.352223, 3.840264410499501e-17, 1.2611686178923354e-44, 90.0, 0.0, 7053.75390625
0:01:13.431141, 3.699454447441334e-17, 1.2611686178923354e-44, 90.0, 0.0, 7053.75390625
0:01:13.509317, 3.54027776606204e-17, 1.2611686178923354e-44, 90.0, 0.0, 7053.75390625
0:01:13.619092, 3.343963322157075e-17, 1.2611686178923354e-44, 90.0, 0.0, 7053.75390625
0:01:13.713180, 3.2017110869828606e-17, 1.2611686178923354e-44, 90.0, 0.0, 7053.75390625
0:01:13.791662, 3.065517784359475e-17, 1.2611686178923354e-44, 90.0, 0.0, 7053.75390625
0:01:13.885334, 2.93511673125743e-17, 1.2611686178923354e-44, 90.0, 0.0, 7053.75390625
0:01:14.011386, 2.7526524340929305e-17, 1.2611686178923354e-44, 90.0, 0.0, 7053.75390625
0:01:14.089866, 2.6382487231654165e-17, 1.2611686178923354e-44, 90.0, 0.0, 7053.75390625
0:01:14.184217, 2.5234426715879566e-17, 1.2611686178923354e-44, 90.0, 0.0, 7053.75390625
0:01:14.262663, 2.417334424151492e-17, 1.2611686178923354e-44, 90.0, 0.0, 7053.75390625
0:01:14.356408, 2.3145057824076774e-17, 1.2611686178923354e-44, 90.0, 0.0, 7053.75390625
0:01:14.466501, 2.1761709091783918e-17, 1.2611686178923354e-44, 90.0, 0.0, 7053.75390625
0:01:14.545107, 2.0953065596758203e-17, 1.2611686178923354e-44, 90.0, 0.0, 7053.75390625
0:01:14.639618, 2.0072009056548372e-17, 1.2611686178923354e-44, 90.0, 0.0, 7053.75390625
0:01:14.749578, 1.891064085907902e-17, 1.2611686178923354e-44, 90.0, 0.0, 7053.75390625
0:01:14.844016, 1.810620440464875e-17, 1.2611686178923354e-44, 90.0, 0.0, 7053.75390625
0:01:14.921971, 1.734486571449372e-17, 1.2611686178923354e-44, 90.0, 0.0, 7053.75390625
0:01:15.047848, 1.6299870248682003e-17, 1.2611686178923354e-44, 90.0, 0.0, 7053.75390625
0:01:15.125966, 1.5598535240161568e-17, 1.2611686178923354e-44, 90.0, 0.0, 7053.75390625
0:01:15.220419, 1.4934992459467455e-17, 1.2611686178923354e-44, 90.0, 0.0, 7053.75390625
0:01:15.298936, 1.4285078306545767e-17, 1.2611686178923354e-44, 90.0, 0.0, 7053.75390625
0:01:15.424437, 1.3444987058992011e-17, 1.2611686178923354e-44, 90.0, 0.0, 7053.75390625
0:01:15.519527, 1.2853299803749155e-17, 1.2611686178923354e-44, 90.0, 0.0, 7053.75390625
0:01:15.598004, 1.232542126095864e-17, 1.2611686178923354e-44, 90.0, 0.0, 7053.75390625
0:01:15.692077, 1.1760681895711536e-17, 1.2611686178923354e-44, 90.0, 0.0, 7053.75390625
0:01:15.770726, 1.1260406369961916e-17, 1.2611686178923354e-44, 90.0, 0.0, 7053.75390625
0:01:15.896221, 1.0608878387665136e-17, 1.2611686178923354e-44, 90.0, 0.0, 7053.75390625
0:01:15.974829, 1.0162785673579576e-17, 1.2611686178923354e-44, 90.0, 0.0, 7053.75390625
0:01:16.053345, 9.7304837146665e-18, 1.2611686178923354e-44, 90.0, 0.0, 7053.75390625
0:01:16.146890, 9.330852908407431e-18, 1.2611686178923354e-44, 90.0, 0.0, 7053.75390625
0:01:16.272341, 8.746321592643771e-18, 1.2611686178923354e-44, 90.0, 0.0, 7053.75390625
0:01:16.350957, 8.382830307347144e-18, 1.2611686178923354e-44, 90.0, 0.0, 7053.75390625
0:01:16.444950, 8.018040348488809e-18, 1.2611686178923354e-44, 90.0, 0.0, 7053.75390625
0:01:16.523287, 7.731916093064879e-18, 1.2611686178923354e-44, 90.0, 0.0, 7053.75390625
0:01:16.649335, 7.25125632836134e-18, 1.2611686178923354e-44, 90.0, 0.0, 7053.75390625
0:01:16.727518, 6.942802332301541e-18, 1.2611686178923354e-44, 90.0, 0.0, 7053.75390625
0:01:16.822121, 6.64747114306959e-18, 1.2611686178923354e-44, 90.0, 0.0, 7053.75390625
0:01:16.884977, 6.413486563196715e-18, 1.2611686178923354e-44, 90.0, 0.0, 7053.75390625
0:01:16.994818, 6.051648398354275e-18, 1.2611686178923354e-44, 90.0, 0.0, 7053.75390625
0:01:17.089089, 5.797182412924281e-18, 1.2611686178923354e-44, 90.0, 0.0, 7053.75390625
0:01:17.182792, 5.478488334471382e-18, 1.2611686178923354e-44, 90.0, 0.0, 7053.75390625
0:01:17.276997, 5.277624893505743e-18, 1.2611686178923354e-44, 90.0, 0.0, 7053.75390625
0:01:17.355432, 5.058286787149038e-18, 1.2611686178923354e-44, 90.0, 0.0, 7053.75390625
0:01:17.465306, 4.775369510959976e-18, 1.2611686178923354e-44, 90.0, 0.0, 7053.75390625
0:01:17.559975, 4.572231323309816e-18, 1.2611686178923354e-44, 90.0, 0.0, 7053.75390625
0:01:17.639434, 4.3777375866511415e-18, 1.2611686178923354e-44, 90.0, 0.0, 7053.75390625
0:01:17.765002, 4.105591029218133e-18, 1.2611686178923354e-44, 90.0, 0.0, 7053.75390625
0:01:17.843865, 3.9510352268947434e-18, 1.2611686178923354e-44, 90.0, 0.0, 7053.75390625
0:01:17.922017, 3.786833257858067e-18, 1.2611686178923354e-44, 90.0, 0.0, 7053.75390625
0:01:18.032025, 3.578655885916234e-18, 1.2611686178923354e-44, 90.0, 0.0, 7053.75390625
0:01:18.126131, 3.4264199116207496e-18, 1.2611686178923354e-44, 90.0, 0.0, 7053.75390625
0:01:18.205389, 3.282342419706876e-18, 1.2611686178923354e-44, 90.0, 0.0, 7053.75390625
0:01:18.299698, 3.1427180546206812e-18, 1.2611686178923354e-44, 90.0, 0.0, 7053.75390625
0:01:18.425356, 2.9533737240703024e-18, 1.2611686178923354e-44, 90.0, 0.0, 7053.75390625
0:01:18.503120, 2.826298929647456e-18, 1.2611686178923354e-44, 90.0, 0.0, 7053.75390625
0:01:18.581737, 2.710222742239421e-18, 1.2611686178923354e-44, 90.0, 0.0, 7053.75390625
0:01:18.707791, 2.5547138210552176e-18, 1.2611686178923354e-44, 90.0, 0.0, 7053.75390625
0:01:18.786380, 2.448541673916433e-18, 1.2611686178923354e-44, 90.0, 0.0, 7053.75390625
0:01:18.880714, 2.3431869880180042e-18, 1.2611686178923354e-44, 90.0, 0.0, 7053.75390625
0:01:18.959125, 2.2469521751681255e-18, 1.2611686178923354e-44, 90.0, 0.0, 7053.75390625
0:01:19.053637, 2.149173843295223e-18, 1.2611686178923354e-44, 90.0, 0.0, 7053.75390625
0:01:19.163602, 2.0258556896242862e-18, 1.2611686178923354e-44, 90.0, 0.0, 7053.75390625
0:01:19.241735, 1.9406715961678097e-18, 1.2611686178923354e-44, 90.0, 0.0, 7053.75390625
0:01:19.368101, 1.8321184096357914e-18, 1.2611686178923354e-44, 90.0, 0.0, 7053.75390625
0:01:19.446700, 1.7541822795016577e-18, 1.2611686178923354e-44, 90.0, 0.0, 7053.75390625
0:01:19.524859, 1.6829940820095784e-18, 1.2611686178923354e-44, 90.0, 0.0, 7053.75390625
0:01:19.619159, 1.6097569581402053e-18, 1.2611686178923354e-44, 90.0, 0.0, 7053.75390625
0:01:19.697741, 1.5412798451057686e-18, 1.2611686178923354e-44, 90.0, 0.0, 7053.75390625
0:01:19.792364, 1.4757137874420591e-18, 1.2611686178923354e-44, 90.0, 0.0, 7053.75390625
0:01:19.902206, 1.3938756395633596e-18, 1.2611686178923354e-44, 90.0, 0.0, 7053.75390625
0:01:19.980894, 1.3345833332555586e-18, 1.2611686178923354e-44, 90.0, 0.0, 7053.75390625
0:01:20.075235, 1.280424923419568e-18, 1.2611686178923354e-44, 90.0, 0.0, 7053.75390625
0:01:20.184882, 1.2075729555229149e-18, 1.2611686178923354e-44, 90.0, 0.0, 7053.75390625
0:01:20.263529, 1.1567957498383113e-18, 1.2611686178923354e-44, 90.0, 0.0, 7053.75390625
0:01:20.390295, 1.0904206061379484e-18, 1.2611686178923354e-44, 90.0, 0.0, 7053.75390625
0:01:20.468848, 1.0451026890986182e-18, 1.2611686178923354e-44, 90.0, 0.0, 7053.75390625
0:01:20.547752, 1.0083197250171867e-18, 1.2611686178923354e-44, 90.0, 0.0, 7053.75390625
0:01:20.673346, 9.456368053785309e-19, 1.2611686178923354e-44, 90.0, 0.0, 7053.75390625
0:01:20.752127, 9.063361103076411e-19, 1.2611686178923354e-44, 90.0, 0.0, 7053.75390625
0:01:20.830489, 8.726575550651212e-19, 1.2611686178923354e-44, 90.0, 0.0, 7053.75390625
0:01:20.956549, 8.196627298570512e-19, 1.2611686178923354e-44, 90.0, 0.0, 7053.75390625
0:01:21.019132, 7.896083113720675e-19, 1.2611686178923354e-44, 90.0, 0.0, 7053.75390625
0:01:21.097739, 7.556338322654067e-19, 1.2611686178923354e-44, 90.0, 0.0, 7053.75390625
0:01:21.239057, 7.108336268919581e-19, 1.2611686178923354e-44, 90.0, 0.0, 7053.75390625
0:01:21.301931, 6.854675130225601e-19, 1.2611686178923354e-44, 90.0, 0.0, 7053.75390625
0:01:21.396397, 6.559735611013694e-19, 1.2611686178923354e-44, 90.0, 0.0, 7053.75390625
0:01:21.506129, 6.164524223972342e-19, 1.2611686178923354e-44, 90.0, 0.0, 7053.75390625
0:01:21.584713, 5.935456715853212e-19, 1.2611686178923354e-44, 90.0, 0.0, 7053.75390625
0:01:21.679095, 5.688779049480711e-19, 1.2611686178923354e-44, 90.0, 0.0, 7053.75390625
0:01:21.773282, 5.362364790973278e-19, 1.2611686178923354e-44, 90.0, 0.0, 7053.75390625
0:01:21.867225, 5.139508892266539e-19, 1.2611686178923354e-44, 90.0, 0.0, 7053.75390625
0:01:21.977300, 4.854490370526439e-19, 1.2611686178923354e-44, 90.0, 0.0, 7053.75390625
0:01:22.071383, 4.64561640911126e-19, 1.2611686178923354e-44, 90.0, 0.0, 7053.75390625
0:01:22.165585, 4.443458120294245e-19, 1.2611686178923354e-44, 90.0, 0.0, 7053.75390625
0:01:22.243843, 4.2587879805902505e-19, 1.2611686178923354e-44, 90.0, 0.0, 7053.75390625
0:01:22.338498, 4.075544985936851e-19, 1.2611686178923354e-44, 90.0, 0.0, 7053.75390625
0:01:22.417101, 3.906168381783196e-19, 1.2611686178923354e-44, 90.0, 0.0, 7053.75390625
0:01:22.542870, 3.6633378807408907e-19, 1.2611686178923354e-44, 90.0, 0.0, 7053.75390625
0:01:22.622002, 3.511092187073209e-19, 1.2611686178923354e-44, 90.0, 0.0, 7053.75390625
0:01:22.715714, 3.3450791060853476e-19, 1.2611686178923354e-44, 90.0, 0.0, 7053.75390625
0:01:22.810106, 3.206057703966916e-19, 1.2611686178923354e-44, 90.0, 0.0, 7053.75390625
0:01:22.888611, 3.0712463926724377e-19, 1.2611686178923354e-44, 90.0, 0.0, 7053.75390625
0:01:23.014143, 2.883263911603051e-19, 1.2611686178923354e-44, 90.0, 0.0, 7053.75390625
0:01:23.092729, 2.7761334240258355e-19, 1.2611686178923354e-44, 90.0, 0.0, 7053.75390625
0:01:23.171351, 2.6593970430914066e-19, 1.2611686178923354e-44, 90.0, 0.0, 7053.75390625
0:01:23.281239, 2.523464385079036e-19, 1.2611686178923354e-44, 90.0, 0.0, 7053.75390625
0:01:23.359637, 2.41611934753044e-19, 1.2611686178923354e-44, 90.0, 0.0, 7053.75390625
0:01:23.469329, 2.283287324345436e-19, 1.2611686178923354e-44, 90.0, 0.0, 7053.75390625
0:01:23.563433, 2.183925613683742e-19, 1.2611686178923354e-44, 90.0, 0.0, 7053.75390625
0:01:23.641628, 2.093163350218332e-19, 1.2611686178923354e-44, 90.0, 0.0, 7053.75390625
0:01:23.735726, 2.0041248536012997e-19, 1.2611686178923354e-44, 90.0, 0.0, 7053.75390625
0:01:23.845647, 1.892981247583495e-19, 1.2611686178923354e-44, 90.0, 0.0, 7053.75390625
0:01:23.924086, 1.8161640860229924e-19, 1.2611686178923354e-44, 90.0, 0.0, 7053.75390625
0:01:24.018467, 1.7389067092802468e-19, 1.2611686178923354e-44, 90.0, 0.0, 7053.75390625
0:01:24.128981, 1.6349750842281387e-19, 1.2611686178923354e-44, 90.0, 0.0, 7053.75390625
0:01:24.207597, 1.5750258155682116e-19, 1.2611686178923354e-44, 90.0, 0.0, 7053.75390625
0:01:24.333211, 1.4771127049542512e-19, 1.2611686178923354e-44, 90.0, 0.0, 7053.75390625
0:01:24.411838, 1.4229517618776346e-19, 1.2611686178923354e-44, 90.0, 0.0, 7053.75390625
0:01:24.490401, 1.3631188154913477e-19, 1.2611686178923354e-44, 90.0, 0.0, 7053.75390625
0:01:24.584675, 1.307135619374671e-19, 1.2611686178923354e-44, 90.0, 0.0, 7053.75390625
0:01:24.694382, 1.2321372211860193e-19, 1.2611686178923354e-44, 90.0, 0.0, 7053.75390625
0:01:24.772794, 1.1821346701450716e-19, 1.2611686178923354e-44, 90.0, 0.0, 7053.75390625
0:01:24.867210, 1.1312709465382738e-19, 1.2611686178923354e-44, 90.0, 0.0, 7053.75390625
0:01:24.993248, 1.062028949931167e-19, 1.2611686178923354e-44, 90.0, 0.0, 7053.75390625
0:01:25.055705, 1.0220485967400942e-19, 1.2611686178923354e-44, 90.0, 0.0, 7053.75390625
0:01:25.150263, 9.79573001532467e-20, 1.2611686178923354e-44, 90.0, 0.0, 7053.75390625
0:01:25.228884, 9.436579825581509e-20, 1.2611686178923354e-44, 90.0, 0.0, 7053.75390625
0:01:25.338821, 8.85445599314129e-20, 1.2611686178923354e-44, 90.0, 0.0, 7053.75390625
0:01:25.432794, 8.503810254070941e-20, 1.2611686178923354e-44, 90.0, 0.0, 7053.75390625
0:01:25.541909, 8.011752173170969e-20, 1.2611686178923354e-44, 90.0, 0.0, 7053.75390625
0:01:25.636334, 7.670942128571757e-20, 1.2611686178923354e-44, 90.0, 0.0, 7053.75390625
0:01:25.714826, 7.340884785700882e-20, 1.2611686178923354e-44, 90.0, 0.0, 7053.75390625
0:01:25.793432, 7.068126502355496e-20, 1.2611686178923354e-44, 90.0, 0.0, 7053.75390625
0:01:25.918859, 6.632113139130259e-20, 1.2611686178923354e-44, 90.0, 0.0, 7053.75390625
0:01:25.996762, 6.353239535365663e-20, 1.2611686178923354e-44, 90.0, 0.0, 7053.75390625
0:01:26.091156, 6.086091863018859e-20, 1.2611686178923354e-44, 90.0, 0.0, 7053.75390625
0:01:26.200934, 5.73688141155826e-20, 1.2611686178923354e-44, 90.0, 0.0, 7053.75390625
0:01:26.279343, 5.501270646299894e-20, 1.2611686178923354e-44, 90.0, 0.0, 7053.75390625
0:01:26.373953, 5.278029139256037e-20, 1.2611686178923354e-44, 90.0, 0.0, 7053.75390625
0:01:26.452128, 5.050931548841005e-20, 1.2611686178923354e-44, 90.0, 0.0, 7053.75390625
0:01:26.545525, 4.838540001870944e-20, 1.2611686178923354e-44, 90.0, 0.0, 7053.75390625
0:01:26.655591, 4.535425159397142e-20, 1.2611686178923354e-44, 90.0, 0.0, 7053.75390625
0:01:26.751036, 4.335830031879791e-20, 1.2611686178923354e-44, 90.0, 0.0, 7053.75390625
0:01:26.829621, 4.1747149587174946e-20, 1.2611686178923354e-44, 90.0, 0.0, 7053.75390625
0:01:26.924091, 3.9950871957053494e-20, 1.2611686178923354e-44, 90.0, 0.0, 7053.75390625
0:01:27.033842, 3.769704066356804e-20, 1.2611686178923354e-44, 90.0, 0.0, 7053.75390625
0:01:27.112494, 3.611191704067209e-20, 1.2611686178923354e-44, 90.0, 0.0, 7053.75390625
0:01:27.207033, 3.464649549970051e-20, 1.2611686178923354e-44, 90.0, 0.0, 7053.75390625
0:01:27.332988, 3.247605112054379e-20, 1.2611686178923354e-44, 90.0, 0.0, 7053.75390625
0:01:27.411365, 3.115817145898782e-20, 1.2611686178923354e-44, 90.0, 0.0, 7053.75390625
0:01:27.490160, 3.001570255490711e-20, 1.2611686178923354e-44, 90.0, 0.0, 7053.75390625
0:01:27.615628, 2.814974788287514e-20, 1.2611686178923354e-44, 90.0, 0.0, 7053.75390625
0:01:27.694133, 2.6938550286531502e-20, 1.2611686178923354e-44, 90.0, 0.0, 7053.75390625
0:01:27.787823, 2.5832157443150614e-20, 1.2611686178923354e-44, 90.0, 0.0, 7053.75390625
0:01:27.865794, 2.4708038377736656e-20, 1.2611686178923354e-44, 90.0, 0.0, 7053.75390625
0:01:27.976287, 2.3302219077308644e-20, 1.2611686178923354e-44, 90.0, 0.0, 7053.75390625
0:01:28.054463, 2.2482085655833656e-20, 1.2611686178923354e-44, 90.0, 0.0, 7053.75390625
0:01:28.180296, 2.1095210730137668e-20, 1.2611686178923354e-44, 90.0, 0.0, 7053.75390625
0:01:28.258474, 2.0228831126955003e-20, 1.2611686178923354e-44, 90.0, 0.0, 7053.75390625
0:01:28.352530, 1.9368322567416904e-20, 1.2611686178923354e-44, 90.0, 0.0, 7053.75390625
0:01:28.430863, 1.8534960718489604e-20, 1.2611686178923354e-44, 90.0, 0.0, 7053.75390625
0:01:28.525330, 1.7755593407164128e-20, 1.2611686178923354e-44, 90.0, 0.0, 7053.75390625
0:01:28.634986, 1.6745358694405396e-20, 1.2611686178923354e-44, 90.0, 0.0, 7053.75390625
0:01:28.713732, 1.604121635120823e-20, 1.2611686178923354e-44, 90.0, 0.0, 7053.75390625
0:01:28.792206, 1.5445189099011158e-20, 1.2611686178923354e-44, 90.0, 0.0, 7053.75390625
0:01:28.886735, 1.4803298559257142e-20, 1.2611686178923354e-44, 90.0, 0.0, 7053.75390625
0:01:28.997571, 1.391853357449078e-20, 1.2611686178923354e-44, 90.0, 0.0, 7053.75390625
0:01:29.076249, 1.3408141326119254e-20, 1.2611686178923354e-44, 90.0, 0.0, 7053.75390625
0:01:29.201914, 1.2574600954813658e-20, 1.2611686178923354e-44, 90.0, 0.0, 7053.75390625
0:01:29.296341, 1.2033553748370087e-20, 1.2611686178923354e-44, 90.0, 0.0, 7053.75390625
0:01:29.375059, 1.1527542972305678e-20, 1.2611686178923354e-44, 90.0, 0.0, 7053.75390625
0:01:29.453519, 1.1037161386174546e-20, 1.2611686178923354e-44, 90.0, 0.0, 7053.75390625
0:01:29.547802, 1.0573065402711848e-20, 1.2611686178923354e-44, 90.0, 0.0, 7053.75390625
0:01:29.657631, 9.986752675950873e-21, 1.2611686178923354e-44, 90.0, 0.0, 7053.75390625
0:01:29.736218, 9.566819574586696e-21, 1.2611686178923354e-44, 90.0, 0.0, 7053.75390625
0:01:29.861935, 9.036278531274829e-21, 1.2611686178923354e-44, 90.0, 0.0, 7053.75390625
0:01:29.941174, 8.651886731269157e-21, 1.2611686178923354e-44, 90.0, 0.0, 7053.75390625
0:01:30.019762, 8.296553689247244e-21, 1.2611686178923354e-44, 90.0, 0.0, 7053.75390625
0:01:30.114046, 7.939577595110163e-21, 1.2611686178923354e-44, 90.0, 0.0, 7053.75390625
0:01:30.223879, 7.487837622047475e-21, 1.2611686178923354e-44, 90.0, 0.0, 7053.75390625
0:01:30.318238, 7.165658043600174e-21, 1.2611686178923354e-44, 90.0, 0.0, 7053.75390625
0:01:30.427327, 6.768276519141221e-21, 1.2611686178923354e-44, 90.0, 0.0, 7053.75390625
0:01:30.506367, 6.47705482135357e-21, 1.2611686178923354e-44, 90.0, 0.0, 7053.75390625
0:01:30.600573, 6.185668333678262e-21, 1.2611686178923354e-44, 90.0, 0.0, 7053.75390625
0:01:30.678723, 5.95886009491891e-21, 1.2611686178923354e-44, 90.0, 0.0, 7053.75390625
0:01:30.804977, 5.588424544369369e-21, 1.2611686178923354e-44, 90.0, 0.0, 7053.75390625
0:01:30.883686, 5.3589106010575304e-21, 1.2611686178923354e-44, 90.0, 0.0, 7053.75390625
0:01:30.972575, 5.133573758280371e-21, 1.2611686178923354e-44, 90.0, 0.0, 7053.75390625
0:01:31.056821, 4.92525349088772e-21, 1.2611686178923354e-44, 90.0, 0.0, 7053.75390625
0:01:31.135397, 4.7181542034715074e-21, 1.2611686178923354e-44, 90.0, 0.0, 7053.75390625
0:01:31.214105, 4.519760507326276e-21, 1.2611686178923354e-44, 90.0, 0.0, 7053.75390625
0:01:31.339532, 4.2626119460892036e-21, 1.2611686178923354e-44, 90.0, 0.0, 7053.75390625
0:01:31.418243, 4.08337345879697e-21, 1.2611686178923354e-44, 90.0, 0.0, 7053.75390625
0:01:31.512675, 3.913672590149671e-21, 1.2611686178923354e-44, 90.0, 0.0, 7053.75390625
0:01:31.638248, 3.670375669101811e-21, 1.2611686178923354e-44, 90.0, 0.0, 7053.75390625
0:01:31.701354, 3.535783124461133e-21, 1.2611686178923354e-44, 90.0, 0.0, 7053.75390625
0:01:31.795741, 3.392300811616211e-21, 1.2611686178923354e-44, 90.0, 0.0, 7053.75390625
0:01:31.921474, 3.1846615142004955e-21, 1.2611686178923354e-44, 90.0, 0.0, 7053.75390625
0:01:31.983802, 3.072575713922076e-21, 1.2611686178923354e-44, 90.0, 0.0, 7053.75390625
0:01:32.110194, 2.8962844614588458e-21, 1.2611686178923354e-44, 90.0, 0.0, 7053.75390625
0:01:32.188771, 2.7759147381513917e-21, 1.2611686178923354e-44, 90.0, 0.0, 7053.75390625
0:01:32.267001, 2.656475391084668e-21, 1.2611686178923354e-44, 90.0, 0.0, 7053.75390625
0:01:32.361231, 2.543472341210981e-21, 1.2611686178923354e-44, 90.0, 0.0, 7053.75390625
0:01:32.487476, 2.3865725772190807e-21, 1.2611686178923354e-44, 90.0, 0.0, 7053.75390625
0:01:32.565823, 2.2990647040085697e-21, 1.2611686178923354e-44, 90.0, 0.0, 7053.75390625
0:01:32.644259, 2.201265338806771e-21, 1.2611686178923354e-44, 90.0, 0.0, 7053.75390625
0:01:32.770343, 2.0728526169016242e-21, 1.2611686178923354e-44, 90.0, 0.0, 7053.75390625
0:01:32.848811, 1.9836608980008137e-21, 1.2611686178923354e-44, 90.0, 0.0, 7053.75390625
0:01:32.943251, 1.8983098336140494e-21, 1.2611686178923354e-44, 90.0, 0.0, 7053.75390625
0:01:33.052986, 1.7930466578020584e-21, 1.2611686178923354e-44, 90.0, 0.0, 7053.75390625
0:01:33.131530, 1.7158944961714075e-21, 1.2611686178923354e-44, 90.0, 0.0, 7053.75390625
0:01:33.210606, 1.6538229316678815e-21, 1.2611686178923354e-44, 90.0, 0.0, 7053.75390625
0:01:33.336110, 1.5502192667649859e-21, 1.2611686178923354e-44, 90.0, 0.0, 7053.75390625
0:01:33.414823, 1.4933777617106538e-21, 1.2611686178923354e-44, 90.0, 0.0, 7053.75390625
0:01:33.493164, 1.4305827170937315e-21, 1.2611686178923354e-44, 90.0, 0.0, 7053.75390625
0:01:33.618859, 1.3491871148817157e-21, 1.2611686178923354e-44, 90.0, 0.0, 7053.75390625
0:01:33.697189, 1.2917926751308089e-21, 1.2611686178923354e-44, 90.0, 0.0, 7053.75390625
0:01:33.775367, 1.2444267905651488e-21, 1.2611686178923354e-44, 90.0, 0.0, 7053.75390625
0:01:33.853847, 1.191490361561827e-21, 1.2611686178923354e-44, 90.0, 0.0, 7053.75390625
0:01:33.979302, 1.1208472995194336e-21, 1.2611686178923354e-44, 90.0, 0.0, 7053.75390625
0:01:34.057891, 1.0791977661302691e-21, 1.2611686178923354e-44, 90.0, 0.0, 7053.75390625
0:01:34.136443, 1.0338185488683177e-21, 1.2611686178923354e-44, 90.0, 0.0, 7053.75390625
0:01:34.247297, 9.754958533347936e-22, 1.2611686178923354e-44, 90.0, 0.0, 7053.75390625
0:01:34.341584, 9.344772067214143e-22, 1.2611686178923354e-44, 90.0, 0.0, 7053.75390625
0:01:34.451362, 8.813079312224201e-22, 1.2611686178923354e-44, 90.0, 0.0, 7053.75390625
0:01:34.545556, 8.442489372129178e-22, 1.2611686178923354e-44, 90.0, 0.0, 7053.75390625
0:01:34.623953, 8.0668174007561035e-22, 1.2611686178923354e-44, 90.0, 0.0, 7053.75390625
0:01:34.702361, 7.767062373675623e-22, 1.2611686178923354e-44, 90.0, 0.0, 7053.75390625
0:01:34.827950, 7.284214876195008e-22, 1.2611686178923354e-44, 90.0, 0.0, 7053.75390625
0:01:34.906531, 6.977924799157932e-22, 1.2611686178923354e-44, 90.0, 0.0, 7053.75390625
0:01:35.000960, 6.684513475932877e-22, 1.2611686178923354e-44, 90.0, 0.0, 7053.75390625
0:01:35.110691, 6.317057270006626e-22, 1.2611686178923354e-44, 90.0, 0.0, 7053.75390625
0:01:35.188985, 6.048329593832554e-22, 1.2611686178923354e-44, 90.0, 0.0, 7053.75390625
0:01:35.284859, 5.794006391570073e-22, 1.2611686178923354e-44, 90.0, 0.0, 7053.75390625
0:01:35.394663, 5.472690344445836e-22, 1.2611686178923354e-44, 90.0, 0.0, 7053.75390625
0:01:35.473546, 5.242569142320046e-22, 1.2611686178923354e-44, 90.0, 0.0, 7053.75390625
0:01:35.567933, 5.027256815760299e-22, 1.2611686178923354e-44, 90.0, 0.0, 7053.75390625
0:01:35.646356, 4.813397003008117e-22, 1.2611686178923354e-44, 90.0, 0.0, 7053.75390625
0:01:35.756373, 4.539542362038832e-22, 1.2611686178923354e-44, 90.0, 0.0, 7053.75390625
0:01:35.850579, 4.34643577576346e-22, 1.2611686178923354e-44, 90.0, 0.0, 7053.75390625
0:01:35.929192, 4.1870659305051317e-22, 1.2611686178923354e-44, 90.0, 0.0, 7053.75390625
0:01:36.054632, 3.9267749008313446e-22, 1.2611686178923354e-44, 90.0, 0.0, 7053.75390625
0:01:36.117513, 3.7827927657168746e-22, 1.2611686178923354e-44, 90.0, 0.0, 7053.75390625
0:01:36.243241, 3.57121951363013e-22, 1.2611686178923354e-44, 90.0, 0.0, 7053.75390625
0:01:36.312251, 3.4227998150427385e-22, 1.2611686178923354e-44, 90.0, 0.0, 7053.75390625
0:01:36.384611, 3.302342900517152e-22, 1.2611686178923354e-44, 90.0, 0.0, 7053.75390625
0:01:36.478697, 3.160253021833254e-22, 1.2611686178923354e-44, 90.0, 0.0, 7053.75390625
0:01:36.588607, 2.9850044794036576e-22, 1.2611686178923354e-44, 90.0, 0.0, 7053.75390625
0:01:36.667250, 2.856568583920559e-22, 1.2611686178923354e-44, 90.0, 0.0, 7053.75390625
0:01:36.761347, 2.735053712257763e-22, 1.2611686178923354e-44, 90.0, 0.0, 7053.75390625
0:01:36.855831, 2.6200488994380848e-22, 1.2611686178923354e-44, 90.0, 0.0, 7053.75390625
0:01:36.965608, 2.4634528153402583e-22, 1.2611686178923354e-44, 90.0, 0.0, 7053.75390625
0:01:37.044616, 2.3719207165276125e-22, 1.2611686178923354e-44, 90.0, 0.0, 7053.75390625
0:01:37.170153, 2.2256043104401573e-22, 1.2611686178923354e-44, 90.0, 0.0, 7053.75390625
0:01:37.248738, 2.142902909927173e-22, 1.2611686178923354e-44, 90.0, 0.0, 7053.75390625
0:01:37.327331, 2.052796061889208e-22, 1.2611686178923354e-44, 90.0, 0.0, 7053.75390625
0:01:37.452846, 1.9350094099733586e-22, 1.2611686178923354e-44, 90.0, 0.0, 7053.75390625
0:01:37.531482, 1.8536441505072012e-22, 1.2611686178923354e-44, 90.0, 0.0, 7053.75390625
0:01:37.609964, 1.7775159177097527e-22, 1.2611686178923354e-44, 90.0, 0.0, 7053.75390625
0:01:37.704009, 1.7019026533112324e-22, 1.2611686178923354e-44, 90.0, 0.0, 7053.75390625
0:01:37.829608, 1.595287407773016e-22, 1.2611686178923354e-44, 90.0, 0.0, 7053.75390625
0:01:37.908933, 1.5274259323913044e-22, 1.2611686178923354e-44, 90.0, 0.0, 7053.75390625
0:01:37.987107, 1.4714243811853027e-22, 1.2611686178923354e-44, 90.0, 0.0, 7053.75390625
0:01:38.113495, 1.3820676452048944e-22, 1.2611686178923354e-44, 90.0, 0.0, 7053.75390625
0:01:38.176165, 1.3334250933937736e-22, 1.2611686178923354e-44, 90.0, 0.0, 7053.75390625
0:01:38.270350, 1.2760518077369012e-22, 1.2611686178923354e-44, 90.0, 0.0, 7053.75390625
0:01:38.395799, 1.1997817061942577e-22, 1.2611686178923354e-44, 90.0, 0.0, 7053.75390625
0:01:38.458768, 1.1557896471915959e-22, 1.2611686178923354e-44, 90.0, 0.0, 7053.75390625
0:01:38.552872, 1.1066237966103877e-22, 1.2611686178923354e-44, 90.0, 0.0, 7053.75390625
0:01:38.662792, 1.0431271201717001e-22, 1.2611686178923354e-44, 90.0, 0.0, 7053.75390625
0:01:38.757155, 9.997747958087363e-23, 1.2611686178923354e-44, 90.0, 0.0, 7053.75390625
0:01:38.867029, 9.438486597052737e-23, 1.2611686178923354e-44, 90.0, 0.0, 7053.75390625
0:01:38.961273, 9.032362701471959e-23, 1.2611686178923354e-44, 90.0, 0.0, 7053.75390625
0:01:39.039706, 8.639309915546331e-23, 1.2611686178923354e-44, 90.0, 0.0, 7053.75390625
0:01:39.134119, 8.267573413457223e-23, 1.2611686178923354e-44, 90.0, 0.0, 7053.75390625
0:01:39.212669, 7.911819233307893e-23, 1.2611686178923354e-44, 90.0, 0.0, 7053.75390625
0:01:39.290848, 7.625613554917744e-23, 1.2611686178923354e-44, 90.0, 0.0, 7053.75390625
0:01:39.417137, 7.151553589268056e-23, 1.2611686178923354e-44, 90.0, 0.0, 7053.75390625
0:01:39.495302, 6.840346699980919e-23, 1.2611686178923354e-44, 90.0, 0.0, 7053.75390625
0:01:39.589411, 6.549371884102166e-23, 1.2611686178923354e-44, 90.0, 0.0, 7053.75390625
0:01:39.668223, 6.309260295037167e-23, 1.2611686178923354e-44, 90.0, 0.0, 7053.75390625
0:01:39.778035, 5.926110553371321e-23, 1.2611686178923354e-44, 90.0, 0.0, 7053.75390625
0:01:39.856623, 5.708835540879384e-23, 1.2611686178923354e-44, 90.0, 0.0, 7053.75390625
0:01:39.951086, 5.46878516742063e-23, 1.2611686178923354e-44, 90.0, 0.0, 7053.75390625
0:01:40.077029, 5.123573955497398e-23, 1.2611686178923354e-44, 90.0, 0.0, 7053.75390625
