Time, Frequency, Amplitude, Offset, PhaseShift, Phase
0:00:00.014357, 0.0, 0.0, 90.0, 0.0, 10317.623046875
0:00:00.128927, 0.0, 0.0, 90.0, 0.0, 10318.345703125
0:00:00.242431, 0.0, 0.0, 90.0, 0.0, 10319.0625
0:00:00.329727, 0.0, 0.0, 90.0, 0.0, 10319.609375
0:00:00.442333, 0.0, 0.0, 90.0, 0.0, 10320.3193359375
0:00:00.539946, 0.0, 0.0, 90.0, 0.0, 10320.935546875
0:00:00.639198, 0.0, 0.0, 90.0, 0.0, 10321.5576171875
0:00:00.723452, 0.0, 0.0, 90.0, 0.0, 10322.0859375
0:00:00.849887, 0.0, 0.0, 90.0, 0.0, 10322.8837890625
0:00:00.939213, 0.0, 0.0, 90.0, 0.0, 10323.443359375
0:00:01.052684, 0.0, 0.0, 90.0, 0.0, 10324.16015625
0:00:01.140123, 0.0, 0.0, 90.0, 0.0, 10324.70703125
0:00:01.228351, 0.0, 0.0, 90.0, 0.0, 10325.2666015625
0:00:01.346344, 0.0, 0.0, 90.0, 0.0, 10326.0078125
0:00:01.435532, 0.0, 0.0, 90.0, 0.0, 10326.5673828125
0:00:01.547107, 0.0, 0.0, 90.0, 0.0, 10327.271484375
0:00:01.643218, 0.0, 0.0, 90.0, 0.0, 10327.8740234375
0:00:01.736676, 0.0, 0.0, 90.0, 0.0, 10328.46484375
0:00:01.851183, 0.0, 0.0, 90.0, 0.0, 10329.181640625
0:00:01.938420, 0.0, 0.0, 90.0, 0.0, 10329.734375
0:00:02.048541, 0.0, 0.0, 90.0, 0.0, 10330.42578125
0:00:02.157482, 0.0, 0.0, 90.0, 0.0, 10331.1103515625
0:00:02.253870, 0.0, 0.0, 90.0, 0.0, 10331.7138671875
0:00:02.363694, 0.0, 0.0, 90.0, 0.0, 10332.4052734375
0:00:02.452959, 0.0, 0.0, 90.0, 0.0, 10332.9697265625
0:00:02.566511, 0.0, 0.0, 90.0, 0.0, 10333.6796875
0:00:02.650783, 0.0, 0.0, 90.0, 0.0, 10334.2080078125
0:00:02.759511, 0.0, 0.0, 90.0, 0.0, 10334.892578125
0:00:02.873945, 0.0, 0.0, 90.0, 0.0, 10335.615234375
0:00:02.961214, 0.0, 0.0, 90.0, 0.0, 10336.162109375
0:00:03.075758, 0.0, 0.0, 90.0, 0.0, 10336.8857421875
0:00:03.174285, 0.0, 0.0, 90.0, 0.0, 10337.5087890625
0:00:03.267611, 0.0, 0.0, 90.0, 0.0, 10338.0927734375
0:00:03.352949, 0.0, 0.0, 90.0, 0.0, 10338.6279296875
0:00:03.465422, 0.0, 0.0, 90.0, 0.0, 10339.3388671875
0:00:03.580052, 0.0, 0.0, 90.0, 0.0, 10340.0625
0:00:03.665222, 0.0, 0.0, 90.0, 0.0, 10340.59765625
0:00:03.763738, 0.0, 0.0, 90.0, 0.0, 10341.2197265625
0:00:03.868439, 0.0, 0.0, 90.0, 0.0, 10341.87890625
0:00:03.963620, 0.0, 0.0, 90.0, 0.0, 10342.4765625
0:00:04.064947, 0.0, 0.0, 90.0, 0.0, 10343.1123046875
0:00:04.184679, 0.0, 0.0, 90.0, 0.0, 10343.8671875
0:00:04.277280, 0.0, 0.0, 90.0, 0.0, 10344.4521484375
0:00:04.363504, 0.0, 0.0, 90.0, 0.0, 10344.9931640625
0:00:04.463842, 0.0, 0.0, 90.0, 0.0, 10345.62890625
0:00:04.571721, 0.0, 0.0, 90.0, 0.0, 10346.30859375
0:00:04.685387, 0.0, 0.0, 90.0, 0.0, 10347.01953125
0:00:04.770544, 0.0, 0.0, 90.0, 0.0, 10347.560546875
0:00:04.884211, 0.0, 0.0, 90.0, 0.0, 10348.2705078125
0:00:04.987473, 0.0, 0.0, 90.0, 0.0, 10348.9248046875
0:00:05.071668, 0.0, 0.0, 90.0, 0.0, 10349.453125
0:00:05.184125, 0.0, 0.0, 90.0, 0.0, 10350.1640625
0:00:05.283738, 0.0, 0.0, 90.0, 0.0, 10350.7861328125
0:00:05.384084, 0.0, 0.0, 90.0, 0.0, 10351.421875
0:00:05.490948, 0.0, 0.0, 90.0, 0.0, 10352.09375
0:00:05.597787, 0.0, 0.0, 90.0, 0.0, 10352.765625
0:00:05.685100, 0.0, 0.0, 90.0, 0.0, 10353.3125
0:00:05.784217, 0.0, 0.0, 90.0, 0.0, 10353.9345703125
0:00:05.893731, 0.0, 0.0, 90.0, 0.0, 10354.6259765625
0:00:05.978966, 0.0, 0.0, 90.0, 0.0, 10355.16015625
0:00:06.105283, 0.0, 0.0, 90.0, 0.0, 10355.95703125
0:00:06.197096, 0.0, 0.0, 90.0, 0.0, 10356.53515625
0:00:06.295462, 0.0, 0.0, 90.0, 0.0, 10357.150390625
0:00:06.405961, 0.0, 0.0, 90.0, 0.0, 10357.84765625
0:00:06.486458, 0.0, 0.0, 90.0, 0.0, 10358.3515625
0:00:06.600991, 0.0, 0.0, 90.0, 0.0, 10359.07421875
0:00:06.687276, 0.0, 0.0, 90.0, 0.0, 10359.6142578125
0:00:06.801776, 0.0, 0.0, 90.0, 0.0, 10360.337890625
0:00:06.910714, 0.0, 0.0, 90.0, 0.0, 10361.0224609375
0:00:06.996163, 0.0, 0.0, 90.0, 0.0, 10361.556640625
0:00:07.111650, 0.0, 0.0, 90.0, 0.0, 10362.28515625
0:00:07.197992, 0.0, 0.0, 90.0, 0.0, 10362.8251953125
0:00:07.322614, 0.0, 0.0, 90.0, 0.0, 10363.6103515625
0:00:07.406887, 0.0, 0.0, 90.0, 0.0, 10364.1455078125
0:00:07.506025, 0.0, 0.0, 90.0, 0.0, 10364.767578125
0:00:07.618551, 0.0, 0.0, 90.0, 0.0, 10365.4716796875
0:00:07.716975, 0.0, 0.0, 90.0, 0.0, 10366.09375
0:00:07.813123, 0.0, 0.0, 90.0, 0.0, 10366.697265625
0:00:07.928586, 0.0, 0.0, 90.0, 0.0, 10367.4267578125
0:00:08.025672, 0.0, 0.0, 90.0, 0.0, 10368.0361328125
0:00:08.114843, 0.0, 0.0, 90.0, 0.0, 10368.595703125
0:00:08.236724, 0.0, 0.0, 90.0, 0.0, 10369.3623046875
0:00:08.315280, 0.0, 0.0, 90.0, 0.0, 10369.8583984375
0:00:08.428978, 0.0, 0.0, 90.0, 0.0, 10370.57421875
0:00:08.524456, 0.0, 0.0, 90.0, 0.0, 10371.1708984375
0:00:08.624782, 0.0, 0.0, 90.0, 0.0, 10371.806640625
0:00:08.724382, 0.0, 0.0, 90.0, 0.0, 10372.4287109375
0:00:08.826309, 0.0, 0.0, 90.0, 0.0, 10373.0703125
0:00:08.943821, 0.0, 0.0, 90.0, 0.0, 10373.8115234375
0:00:09.027151, 0.0, 0.0, 90.0, 0.0, 10374.3330078125
0:00:09.126410, 0.0, 0.0, 90.0, 0.0, 10374.9609375
0:00:09.236162, 0.0, 0.0, 90.0, 0.0, 10375.65234375
0:00:09.342983, 0.0, 0.0, 90.0, 0.0, 10376.3251953125
0:00:09.428389, 0.0, 0.0, 90.0, 0.0, 10376.859375
0:00:09.544030, 0.0, 0.0, 90.0, 0.0, 10377.5888671875
0:00:09.629307, 0.0, 0.0, 90.0, 0.0, 10378.123046875
0:00:09.744797, 0.0, 0.0, 90.0, 0.0, 10378.8515625
0:00:09.838113, 0.0, 0.0, 90.0, 0.0, 10379.435546875
0:00:09.936512, 0.0, 0.0, 90.0, 0.0, 10380.0576171875
0:00:10.051463, 0.0, 0.0, 90.0, 0.0, 10380.7744140625
0:00:10.146580, 0.0, 0.0, 90.0, 0.0, 10381.3779296875
0:00:10.238131, 0.0, 0.0, 90.0, 0.0, 10381.9560546875
0:00:10.348633, 0.0, 0.0, 90.0, 0.0, 10382.6474609375
0:00:10.434930, 0.0, 0.0, 90.0, 0.0, 10383.1943359375
0:00:10.553202, 0.0, 0.0, 90.0, 0.0, 10383.935546875
0:00:10.637170, 0.0, 0.0, 90.0, 0.0, 10384.4638671875
0:00:10.755810, 0.0, 0.0, 90.0, 0.0, 10385.2119140625
0:00:10.847553, 0.0, 0.0, 90.0, 0.0, 10385.791015625
0:00:10.935690, 0.0, 0.0, 90.0, 0.0, 10386.3447265625
0:00:11.051471, 0.0, 0.0, 90.0, 0.0, 10387.0732421875
0:00:11.163875, 0.0, 0.0, 90.0, 0.0, 10387.77734375
0:00:11.250144, 0.0, 0.0, 90.0, 0.0, 10388.32421875
0:00:11.359336, 0.0, 0.0, 90.0, 0.0, 10389.0087890625
0:00:11.458850, 0.0, 0.0, 90.0, 0.0, 10389.63671875
0:00:11.557291, 0.0, 0.0, 90.0, 0.0, 10390.2529296875
0:00:11.667267, 0.0, 0.0, 90.0, 0.0, 10390.9443359375
0:00:11.750033, 0.0, 0.0, 90.0, 0.0, 10391.4658203125
0:00:11.856920, 0.0, 0.0, 90.0, 0.0, 10392.138671875
0:00:11.949154, 0.0, 0.0, 90.0, 0.0, 10392.7216796875
0:00:12.064763, 0.0, 0.0, 90.0, 0.0, 10393.4443359375
0:00:12.153016, 0.0, 0.0, 90.0, 0.0, 10394.00390625
0:00:12.266519, 0.0, 0.0, 90.0, 0.0, 10394.71484375
0:00:12.352770, 0.0, 0.0, 90.0, 0.0, 10395.26171875
0:00:12.467310, 0.0, 0.0, 90.0, 0.0, 10395.9794921875
0:00:12.576317, 0.0, 0.0, 90.0, 0.0, 10396.6650390625
0:00:12.670793, 0.0, 0.0, 90.0, 0.0, 10397.26171875
0:00:12.766155, 0.0, 0.0, 90.0, 0.0, 10397.8583984375
0:00:12.879725, 0.0, 0.0, 90.0, 0.0, 10398.5751953125
0:00:12.967859, 0.0, 0.0, 90.0, 0.0, 10399.12890625
0:00:13.067022, 0.0, 0.0, 90.0, 0.0, 10399.7578125
0:00:13.183533, 0.0, 0.0, 90.0, 0.0, 10400.486328125
0:00:13.269795, 0.0, 0.0, 90.0, 0.0, 10401.033203125
0:00:13.386301, 0.0, 0.0, 90.0, 0.0, 10401.76171875
0:00:13.480655, 0.0, 0.0, 90.0, 0.0, 10402.3583984375
0:00:13.578038, 0.0, 0.0, 90.0, 0.0, 10402.96875
0:00:13.691589, 0.0, 0.0, 90.0, 0.0, 10403.685546875
0:00:13.789070, 0.0, 0.0, 90.0, 0.0, 10404.294921875
0:00:13.881465, 0.0, 0.0, 90.0, 0.0, 10404.8798828125
0:00:13.978716, 0.0, 0.0, 90.0, 0.0, 10405.4892578125
0:00:14.093313, 0.0, 0.0, 90.0, 0.0, 10406.2119140625
0:00:14.179505, 0.0, 0.0, 90.0, 0.0, 10406.751953125
0:00:14.274790, 0.0, 0.0, 90.0, 0.0, 10407.35546875
0:00:14.381637, 0.0, 0.0, 90.0, 0.0, 10408.0283203125
0:00:14.496167, 0.0, 0.0, 90.0, 0.0, 10408.7451171875
0:00:14.592783, 0.0, 0.0, 90.0, 0.0, 10409.3544921875
0:00:14.679169, 0.0, 0.0, 90.0, 0.0, 10409.89453125
0:00:14.793611, 0.0, 0.0, 90.0, 0.0, 10410.6171875
0:00:14.880947, 0.0, 0.0, 90.0, 0.0, 10411.1640625
0:00:14.978302, 0.0, 0.0, 90.0, 0.0, 10411.7802734375
0:00:15.093840, 0.0, 0.0, 90.0, 0.0, 10412.50390625
0:00:15.181183, 0.0, 0.0, 90.0, 0.0, 10413.056640625
0:00:15.279376, 0.0, 0.0, 90.0, 0.0, 10413.671875
0:00:15.407654, 0.0, 0.0, 90.0, 0.0, 10414.482421875
0:00:15.501307, 0.0, 0.0, 90.0, 0.0, 10415.0673828125
0:00:15.585492, 0.0, 0.0, 90.0, 0.0, 10415.6015625
0:00:15.691372, 0.0, 0.0, 90.0, 0.0, 10416.2685546875
0:00:15.808072, 0.0, 0.0, 90.0, 0.0, 10416.998046875
0:00:15.896345, 0.0, 0.0, 90.0, 0.0, 10417.5576171875
0:00:16.008821, 0.0, 0.0, 90.0, 0.0, 10418.26171875
0:00:16.090461, 0.0, 0.0, 90.0, 0.0, 10418.7763671875
0:00:16.202027, 0.0, 0.0, 90.0, 0.0, 10419.48046875
0:00:16.298527, 0.0, 0.0, 90.0, 0.0, 10420.083984375
0:00:16.402322, 0.0, 0.0, 90.0, 0.0, 10420.7373046875
0:00:16.515891, 0.0, 0.0, 90.0, 0.0, 10421.453125
0:00:16.604189, 0.0, 0.0, 90.0, 0.0, 10422.005859375
0:00:16.717856, 0.0, 0.0, 90.0, 0.0, 10422.72265625
0:00:16.804967, 0.0, 0.0, 90.0, 0.0, 10423.26953125
0:00:16.919504, 0.0, 0.0, 90.0, 0.0, 10423.9912109375
0:00:17.020239, 0.0, 0.0, 90.0, 0.0, 10424.6259765625
0:00:17.117670, 0.0, 0.0, 90.0, 0.0, 10425.2353515625
0:00:17.203968, 0.0, 0.0, 90.0, 0.0, 10425.7822265625
0:00:17.312968, 0.0, 0.0, 90.0, 0.0, 10426.4677734375
0:00:17.428866, 0.0, 0.0, 90.0, 0.0, 10427.197265625
0:00:17.513867, 0.0, 0.0, 90.0, 0.0, 10427.7314453125
0:00:17.641112, 0.0, 0.0, 90.0, 0.0, 10428.5244140625
0:00:17.739723, 0.0, 0.0, 90.0, 0.0, 10429.1533203125
0:00:17.809331, 0.0, 0.0, 90.0, 0.0, 10429.5927734375
0:00:17.911524, 0.0, 0.0, 90.0, 0.0, 10430.2333984375
0:00:18.025092, 0.0, 0.0, 90.0, 0.0, 10430.9501953125
0:00:18.136654, 0.0, 0.0, 90.0, 0.0, 10431.6474609375
0:00:18.221819, 0.0, 0.0, 90.0, 0.0, 10432.1884765625
0:00:18.338360, 0.0, 0.0, 90.0, 0.0, 10432.91796875
0:00:18.425678, 0.0, 0.0, 90.0, 0.0, 10433.470703125
0:00:18.536198, 0.0, 0.0, 90.0, 0.0, 10434.162109375
0:00:18.620384, 0.0, 0.0, 90.0, 0.0, 10434.6962890625
0:00:18.725895, 0.0, 0.0, 90.0, 0.0, 10435.3564453125
0:00:18.839513, 0.0, 0.0, 90.0, 0.0, 10436.0732421875
0:00:18.925727, 0.0, 0.0, 90.0, 0.0, 10436.61328125
0:00:19.032676, 0.0, 0.0, 90.0, 0.0, 10437.28515625
0:00:19.155265, 0.0, 0.0, 90.0, 0.0, 10438.0576171875
0:00:19.240514, 0.0, 0.0, 90.0, 0.0, 10438.591796875
0:00:19.348511, 0.0, 0.0, 90.0, 0.0, 10439.2705078125
0:00:19.446105, 0.0, 0.0, 90.0, 0.0, 10439.88671875
0:00:19.558677, 0.0, 0.0, 90.0, 0.0, 10440.5966796875
0:00:19.659090, 0.0, 0.0, 90.0, 0.0, 10441.2255859375
0:00:19.739637, 0.0, 0.0, 90.0, 0.0, 10441.734375
0:00:19.838671, 0.0, 0.0, 90.0, 0.0, 10442.3564453125
0:00:19.955228, 0.0, 0.0, 90.0, 0.0, 10443.091796875
0:00:20.042753, 0.0, 0.0, 90.0, 0.0, 10443.638671875
0:00:20.154160, 0.0, 0.0, 90.0, 0.0, 10444.3427734375
0:00:20.262042, 0.0, 0.0, 90.0, 0.0, 10445.0224609375
0:00:20.354345, 0.0, 0.0, 90.0, 0.0, 10445.6005859375
0:00:20.449680, 0.0, 0.0, 90.0, 0.0, 10446.2041015625
0:00:20.560533, 0.0, 0.0, 90.0, 0.0, 10446.90234375
0:00:20.659676, 0.0, 0.0, 90.0, 0.0, 10447.5244140625
0:00:20.773233, 0.0, 0.0, 90.0, 0.0, 10448.2421875
0:00:20.860455, 0.0, 0.0, 90.0, 0.0, 10448.7900390625
0:00:20.945731, 0.0, 0.0, 90.0, 0.0, 10449.32421875
0:00:21.059250, 0.0, 0.0, 90.0, 0.0, 10450.041015625
0:00:21.171776, 0.0, 0.0, 90.0, 0.0, 10450.7509765625
0:00:21.270150, 0.0, 0.0, 90.0, 0.0, 10451.3671875
0:00:21.359387, 0.0, 0.0, 90.0, 0.0, 10451.9326171875
0:00:21.456031, 0.0, 0.0, 90.0, 0.0, 10452.5361328125
0:00:21.567573, 0.0, 0.0, 90.0, 0.0, 10453.2392578125
0:00:21.681287, 0.0, 0.0, 90.0, 0.0, 10453.9560546875
0:00:21.766374, 0.0, 0.0, 90.0, 0.0, 10454.490234375
0:00:21.879851, 0.0, 0.0, 90.0, 0.0, 10455.20703125
0:00:21.974705, 0.0, 0.0, 90.0, 0.0, 10455.7978515625
0:00:22.083437, 0.0, 0.0, 90.0, 0.0, 10456.4833984375
0:00:22.170749, 0.0, 0.0, 90.0, 0.0, 10457.037109375
0:00:22.260268, 0.0, 0.0, 90.0, 0.0, 10457.595703125
0:00:22.370614, 0.0, 0.0, 90.0, 0.0, 10458.2939453125
0:00:22.477546, 0.0, 0.0, 90.0, 0.0, 10458.966796875
0:00:22.586543, 0.0, 0.0, 90.0, 0.0, 10459.6513671875
0:00:22.692537, 0.0, 0.0, 90.0, 0.0, 10460.3173828125
0:00:22.776794, 0.0, 0.0, 90.0, 0.0, 10460.845703125
0:00:22.890318, 0.0, 0.0, 90.0, 0.0, 10461.5634765625
0:00:22.977680, 0.0, 0.0, 90.0, 0.0, 10462.1103515625
0:00:23.088145, 0.0, 0.0, 90.0, 0.0, 10462.8076171875
0:00:23.176374, 0.0, 0.0, 90.0, 0.0, 10463.3603515625
0:00:23.290942, 0.0, 0.0, 90.0, 0.0, 10464.0830078125
0:00:23.376291, 0.0, 0.0, 90.0, 0.0, 10464.6240234375
0:00:23.491803, 0.0, 0.0, 90.0, 0.0, 10465.34765625
0:00:23.597591, 0.0, 0.0, 90.0, 0.0, 10466.0126953125
0:00:23.685825, 0.0, 0.0, 90.0, 0.0, 10466.5654296875
0:00:23.801410, 0.0, 0.0, 90.0, 0.0, 10467.2939453125
0:00:23.901290, 0.0, 0.0, 90.0, 0.0, 10467.921875
0:00:23.995050, 0.0, 0.0, 90.0, 0.0, 10468.5126953125
0:00:24.084375, 0.0, 0.0, 90.0, 0.0, 10469.0712890625
0:00:24.180533, 0.0, 0.0, 90.0, 0.0, 10469.681640625
0:00:24.281913, 0.0, 0.0, 90.0, 0.0, 10470.31640625
0:00:24.388895, 0.0, 0.0, 90.0, 0.0, 10470.98828125
0:00:24.501417, 0.0, 0.0, 90.0, 0.0, 10471.69921875
0:00:24.618304, 0.0, 0.0, 90.0, 0.0, 10472.4345703125
0:00:24.704250, 0.0, 0.0, 90.0, 0.0, 10472.974609375
0:00:24.793462, 0.0, 0.0, 90.0, 0.0, 10473.533203125
0:00:24.902390, 0.0, 0.0, 90.0, 0.0, 10474.21875
0:00:25.015021, 0.0, 0.0, 90.0, 0.0, 10474.9287109375
0:00:25.104177, 0.0, 0.0, 90.0, 0.0, 10475.48828125
0:00:25.200267, 0.0, 0.0, 90.0, 0.0, 10476.091796875
0:00:25.314735, 0.0, 0.0, 90.0, 0.0, 10476.8134765625
0:00:25.427359, 0.0, 0.0, 90.0, 0.0, 10477.5244140625
0:00:25.512467, 0.0, 0.0, 90.0, 0.0, 10478.05859375
0:00:25.610853, 0.0, 0.0, 90.0, 0.0, 10478.6806640625
0:00:25.722336, 0.0, 0.0, 90.0, 0.0, 10479.37890625
0:00:25.810574, 0.0, 0.0, 90.0, 0.0, 10479.9384765625
0:00:25.911153, 0.0, 0.0, 90.0, 0.0, 10480.5673828125
0:00:26.032155, 0.0, 0.0, 90.0, 0.0, 10481.328125
0:00:26.123798, 0.0, 0.0, 90.0, 0.0, 10481.90625
0:00:26.237287, 0.0, 0.0, 90.0, 0.0, 10482.623046875
0:00:26.324692, 0.0, 0.0, 90.0, 0.0, 10483.169921875
0:00:26.421744, 0.0, 0.0, 90.0, 0.0, 10483.779296875
0:00:26.528650, 0.0, 0.0, 90.0, 0.0, 10484.4521484375
0:00:26.639168, 0.0, 0.0, 90.0, 0.0, 10485.1494140625
0:00:26.725990, 0.0, 0.0, 90.0, 0.0, 10485.6904296875
0:00:26.820755, 0.0, 0.0, 90.0, 0.0, 10486.2939453125
0:00:26.931317, 0.0, 0.0, 90.0, 0.0, 10486.984375
0:00:27.017626, 0.0, 0.0, 90.0, 0.0, 10487.53125
0:00:27.135132, 0.0, 0.0, 90.0, 0.0, 10488.2724609375
0:00:27.218350, 0.0, 0.0, 90.0, 0.0, 10488.794921875
0:00:27.332900, 0.0, 0.0, 90.0, 0.0, 10489.5107421875
0:00:27.443709, 0.0, 0.0, 90.0, 0.0, 10490.2080078125
0:00:27.541458, 0.0, 0.0, 90.0, 0.0, 10490.82421875
0:00:27.637762, 0.0, 0.0, 90.0, 0.0, 10491.43359375
0:00:27.752351, 0.0, 0.0, 90.0, 0.0, 10492.1494140625
0:00:27.844887, 0.0, 0.0, 90.0, 0.0, 10492.734375
0:00:27.960570, 0.0, 0.0, 90.0, 0.0, 10493.4638671875
0:00:28.038137, 0.0, 0.0, 90.0, 0.0, 10493.9482421875
0:00:28.145025, 0.0, 0.0, 90.0, 0.0, 10494.6220703125
0:00:28.254586, 0.0, 0.0, 90.0, 0.0, 10495.3134765625
0:00:28.352685, 0.0, 0.0, 90.0, 0.0, 10495.9296875
0:00:28.445029, 0.0, 0.0, 90.0, 0.0, 10496.5078125
0:00:28.557213, 0.0, 0.0, 90.0, 0.0, 10497.2177734375
0:00:28.673868, 0.0, 0.0, 90.0, 0.0, 10497.953125
0:00:28.763463, 0.0, 0.0, 90.0, 0.0, 10498.5126953125
0:00:28.862208, 0.0, 0.0, 90.0, 0.0, 10499.1337890625
0:00:28.962783, 0.0, 0.0, 90.0, 0.0, 10499.7685546875
0:00:29.056181, 0.0, 0.0, 90.0, 0.0, 10500.353515625
0:00:29.162801, 0.0, 0.0, 90.0, 0.0, 10501.0263671875
0:00:29.255723, 0.0, 0.0, 90.0, 0.0, 10501.611328125
0:00:29.384303, 0.0, 0.0, 90.0, 0.0, 10502.421875
0:00:29.482934, 0.0, 0.0, 90.0, 0.0, 10503.0439453125
0:00:29.582353, 0.0, 0.0, 90.0, 0.0, 10503.666015625
0:00:29.670990, 0.0, 0.0, 90.0, 0.0, 10504.2255859375
0:00:29.786358, 0.0, 0.0, 90.0, 0.0, 10504.9541015625
0:00:29.870656, 0.0, 0.0, 90.0, 0.0, 10505.482421875
0:00:29.984559, 0.0, 0.0, 90.0, 0.0, 10506.19921875
0:00:30.079565, 0.0, 0.0, 90.0, 0.0, 10506.7958984375
0:00:30.193540, 0.0, 0.0, 90.0, 0.0, 10507.5126953125
0:00:30.290853, 0.0, 0.0, 90.0, 0.0, 10508.123046875
0:00:30.471520, 0.0, 0.0, 90.0, 0.0, 10509.2607421875
0:00:30.588019, 0.0, 0.0, 90.0, 0.0, 10509.9951171875
0:00:30.699196, 0.0, 0.0, 90.0, 0.0, 10510.6923828125
0:00:30.784168, 0.0, 0.0, 90.0, 0.0, 10511.2265625
0:00:30.874572, 0.0, 0.0, 90.0, 0.0, 10511.798828125
0:00:30.987969, 0.0, 0.0, 90.0, 0.0, 10512.509765625
0:00:31.077333, 0.0, 0.0, 90.0, 0.0, 10513.0751953125
0:00:31.191738, 0.0, 0.0, 90.0, 0.0, 10513.7919921875
0:00:31.295877, 0.0, 0.0, 90.0, 0.0, 10514.4462890625
0:00:31.381827, 0.0, 0.0, 90.0, 0.0, 10514.9931640625
0:00:31.494329, 0.0, 0.0, 90.0, 0.0, 10515.697265625
0:00:31.582509, 0.0, 0.0, 90.0, 0.0, 10516.2568359375
0:00:31.711374, 0.0, 0.0, 90.0, 0.0, 10517.068359375
0:00:31.797660, 0.0, 0.0, 90.0, 0.0, 10517.609375
0:00:31.892764, 0.0, 0.0, 90.0, 0.0, 10518.2060546875
0:00:32.005354, 0.0, 0.0, 90.0, 0.0, 10518.916015625
0:00:32.094676, 0.0, 0.0, 90.0, 0.0, 10519.4755859375
0:00:32.193020, 0.0, 0.0, 90.0, 0.0, 10520.09765625
0:00:32.308794, 0.0, 0.0, 90.0, 0.0, 10520.8212890625
0:00:32.396017, 0.0, 0.0, 90.0, 0.0, 10521.3740234375
0:00:32.494018, 0.0, 0.0, 90.0, 0.0, 10521.9892578125
0:00:32.594236, 0.0, 0.0, 90.0, 0.0, 10522.6181640625
0:00:32.704124, 0.0, 0.0, 90.0, 0.0, 10523.30859375
0:00:32.809977, 0.0, 0.0, 90.0, 0.0, 10523.974609375
0:00:32.895197, 0.0, 0.0, 90.0, 0.0, 10524.5146484375
0:00:33.008681, 0.0, 0.0, 90.0, 0.0, 10525.2255859375
0:00:33.101018, 0.0, 0.0, 90.0, 0.0, 10525.8095703125
0:00:33.214675, 0.0, 0.0, 90.0, 0.0, 10526.51953125
0:00:33.314544, 0.0, 0.0, 90.0, 0.0, 10527.1484375
0:00:33.414850, 0.0, 0.0, 90.0, 0.0, 10527.7841796875
0:00:33.505374, 0.0, 0.0, 90.0, 0.0, 10528.349609375
0:00:33.612256, 0.0, 0.0, 90.0, 0.0, 10529.021484375
0:00:33.724847, 0.0, 0.0, 90.0, 0.0, 10529.7314453125
0:00:33.812080, 0.0, 0.0, 90.0, 0.0, 10530.2783203125
0:00:33.927758, 0.0, 0.0, 90.0, 0.0, 10531.0068359375
0:00:34.025159, 0.0, 0.0, 90.0, 0.0, 10531.6220703125
0:00:34.112500, 0.0, 0.0, 90.0, 0.0, 10532.1689453125
0:00:34.204230, 0.0, 0.0, 90.0, 0.0, 10532.7470703125
0:00:34.315840, 0.0, 0.0, 90.0, 0.0, 10533.4501953125
0:00:34.430872, 0.0, 0.0, 90.0, 0.0, 10534.16796875
0:00:34.527065, 0.0, 0.0, 90.0, 0.0, 10534.77734375
0:00:34.621414, 0.0, 0.0, 90.0, 0.0, 10535.3740234375
0:00:34.736021, 0.0, 0.0, 90.0, 0.0, 10536.08984375
0:00:34.835215, 0.0, 0.0, 90.0, 0.0, 10536.7177734375
0:00:34.922673, 0.0, 0.0, 90.0, 0.0, 10537.2646484375
0:00:35.020819, 0.0, 0.0, 90.0, 0.0, 10537.8857421875
0:00:35.134354, 0.0, 0.0, 90.0, 0.0, 10538.5947265625
0:00:35.247975, 0.0, 0.0, 90.0, 0.0, 10539.3115234375
0:00:35.332082, 0.0, 0.0, 90.0, 0.0, 10539.8388671875
0:00:35.450670, 0.0, 0.0, 90.0, 0.0, 10540.5869140625
0:00:35.534959, 0.0, 0.0, 90.0, 0.0, 10541.115234375
0:00:35.651391, 0.0, 0.0, 90.0, 0.0, 10541.8505859375
0:00:35.737723, 0.0, 0.0, 90.0, 0.0, 10542.390625
0:00:35.821891, 0.0, 0.0, 90.0, 0.0, 10542.9189453125
0:00:35.937407, 0.0, 0.0, 90.0, 0.0, 10543.6484375
0:00:36.033880, 0.0, 0.0, 90.0, 0.0, 10544.2578125
0:00:36.134213, 0.0, 0.0, 90.0, 0.0, 10544.8857421875
0:00:36.255229, 0.0, 0.0, 90.0, 0.0, 10545.6455078125
0:00:36.341329, 0.0, 0.0, 90.0, 0.0, 10546.1865234375
0:00:36.455998, 0.0, 0.0, 90.0, 0.0, 10546.9091796875
0:00:36.545949, 0.0, 0.0, 90.0, 0.0, 10547.474609375
0:00:36.632231, 0.0, 0.0, 90.0, 0.0, 10548.0205078125
0:00:36.746731, 0.0, 0.0, 90.0, 0.0, 10548.7373046875
0:00:36.859912, 0.0, 0.0, 90.0, 0.0, 10549.447265625
0:00:36.955740, 0.0, 0.0, 90.0, 0.0, 10550.05078125
0:00:37.051748, 0.0, 0.0, 90.0, 0.0, 10550.6611328125
0:00:37.166377, 0.0, 0.0, 90.0, 0.0, 10551.3779296875
0:00:37.247891, 0.0, 0.0, 90.0, 0.0, 10551.8935546875
0:00:37.373337, 0.0, 0.0, 90.0, 0.0, 10552.6787109375
0:00:37.460651, 0.0, 0.0, 90.0, 0.0, 10553.232421875
0:00:37.545899, 0.0, 0.0, 90.0, 0.0, 10553.7666015625
0:00:37.661714, 0.0, 0.0, 90.0, 0.0, 10554.4951171875
0:00:37.747801, 0.0, 0.0, 90.0, 0.0, 10555.03515625
0:00:37.863353, 0.0, 0.0, 90.0, 0.0, 10555.763671875
0:00:37.976891, 0.0, 0.0, 90.0, 0.0, 10556.48046875
0:00:38.055409, 0.0, 0.0, 90.0, 0.0, 10556.970703125
0:00:38.166396, 0.0, 0.0, 90.0, 0.0, 10557.6689453125
0:00:38.269831, 0.0, 0.0, 90.0, 0.0, 10558.3232421875
0:00:38.366178, 0.0, 0.0, 90.0, 0.0, 10558.92578125
0:00:38.453362, 0.0, 0.0, 90.0, 0.0, 10559.478515625
0:00:38.563257, 0.0, 0.0, 90.0, 0.0, 10560.169921875
0:00:38.671215, 0.0, 0.0, 90.0, 0.0, 10560.8486328125
0:00:38.758526, 0.0, 0.0, 90.0, 0.0, 10561.3955078125
0:00:38.880746, 0.0, 0.0, 90.0, 0.0, 10562.162109375
0:00:38.976818, 0.0, 0.0, 90.0, 0.0, 10562.771484375
0:00:39.076344, 0.0, 0.0, 90.0, 0.0, 10563.3935546875
0:00:39.185265, 0.0, 0.0, 90.0, 0.0, 10564.078125
0:00:39.291689, 0.0, 0.0, 90.0, 0.0, 10564.75
0:00:39.375948, 0.0, 0.0, 90.0, 0.0, 10565.2783203125
0:00:39.470675, 0.0, 0.0, 90.0, 0.0, 10565.8759765625
0:00:39.586301, 0.0, 0.0, 90.0, 0.0, 10566.6044921875
0:00:39.673529, 0.0, 0.0, 90.0, 0.0, 10567.150390625
0:00:39.789016, 0.0, 0.0, 90.0, 0.0, 10567.8798828125
0:00:39.883737, 0.0, 0.0, 90.0, 0.0, 10568.470703125
0:00:39.971110, 0.0, 0.0, 90.0, 0.0, 10569.0234375
0:00:40.087667, 0.0, 0.0, 90.0, 0.0, 10569.7587890625
0:00:40.185756, 0.0, 0.0, 90.0, 0.0, 10570.375
0:00:40.286142, 0.0, 0.0, 90.0, 0.0, 10571.00390625
0:00:40.399687, 0.0, 0.0, 90.0, 0.0, 10571.7197265625
0:00:40.493848, 0.0, 0.0, 90.0, 0.0, 10572.310546875
0:00:40.607261, 0.0, 0.0, 90.0, 0.0, 10573.02734375
0:00:40.693686, 0.0, 0.0, 90.0, 0.0, 10573.5673828125
0:00:40.808187, 0.0, 0.0, 90.0, 0.0, 10574.2900390625
0:00:40.907220, 0.0, 0.0, 90.0, 0.0, 10574.912109375
0:00:40.986833, 0.0, 0.0, 90.0, 0.0, 10575.4150390625
0:00:41.106659, 0.0, 0.0, 90.0, 0.0, 10576.1630859375
0:00:41.207235, 0.0, 0.0, 90.0, 0.0, 10576.7978515625
0:00:41.298408, 0.0, 0.0, 90.0, 0.0, 10577.3759765625
0:00:41.414030, 0.0, 0.0, 90.0, 0.0, 10578.0986328125
0:00:41.497277, 0.0, 0.0, 90.0, 0.0, 10578.6259765625
0:00:41.613826, 0.0, 0.0, 90.0, 0.0, 10579.3544921875
0:00:41.698108, 0.0, 0.0, 90.0, 0.0, 10579.888671875
0:00:41.811746, 0.0, 0.0, 90.0, 0.0, 10580.5986328125
0:00:41.906858, 0.0, 0.0, 90.0, 0.0, 10581.2021484375
0:00:42.021438, 0.0, 0.0, 90.0, 0.0, 10581.9189453125
0:00:42.115851, 0.0, 0.0, 90.0, 0.0, 10582.515625
0:00:42.211421, 0.0, 0.0, 90.0, 0.0, 10583.1181640625
0:00:42.307264, 0.0, 0.0, 90.0, 0.0, 10583.71484375
0:00:42.396548, 0.0, 0.0, 90.0, 0.0, 10584.28125
0:00:42.513735, 0.0, 0.0, 90.0, 0.0, 10585.015625
0:00:42.598990, 0.0, 0.0, 90.0, 0.0, 10585.5498046875
0:00:42.708201, 0.0, 0.0, 90.0, 0.0, 10586.2412109375
0:00:42.808420, 0.0, 0.0, 90.0, 0.0, 10586.8701171875
0:00:42.907523, 0.0, 0.0, 90.0, 0.0, 10587.4931640625
0:00:43.020044, 0.0, 0.0, 90.0, 0.0, 10588.203125
0:00:43.105938, 0.0, 0.0, 90.0, 0.0, 10588.7431640625
0:00:43.211764, 0.0, 0.0, 90.0, 0.0, 10589.4091796875
0:00:43.324295, 0.0, 0.0, 90.0, 0.0, 10590.1181640625
0:00:43.411543, 0.0, 0.0, 90.0, 0.0, 10590.6650390625
0:00:43.535279, 0.0, 0.0, 90.0, 0.0, 10591.4443359375
0:00:43.618584, 0.0, 0.0, 90.0, 0.0, 10591.9658203125
0:00:43.729042, 0.0, 0.0, 90.0, 0.0, 10592.6640625
0:00:43.840577, 0.0, 0.0, 90.0, 0.0, 10593.361328125
0:00:43.922200, 0.0, 0.0, 90.0, 0.0, 10593.876953125
0:00:44.019556, 0.0, 0.0, 90.0, 0.0, 10594.4931640625
0:00:44.121201, 0.0, 0.0, 90.0, 0.0, 10595.1279296875
0:00:44.241903, 0.0, 0.0, 90.0, 0.0, 10595.888671875
0:00:44.320438, 0.0, 0.0, 90.0, 0.0, 10596.3857421875
0:00:44.435027, 0.0, 0.0, 90.0, 0.0, 10597.1025390625
0:00:44.522293, 0.0, 0.0, 90.0, 0.0, 10597.6552734375
0:00:44.631882, 0.0, 0.0, 90.0, 0.0, 10598.3408203125
0:00:44.747448, 0.0, 0.0, 90.0, 0.0, 10599.0703125
0:00:44.828066, 0.0, 0.0, 90.0, 0.0, 10599.5791015625
0:00:44.938940, 0.0, 0.0, 90.0, 0.0, 10600.27734375
0:00:45.029551, 0.0, 0.0, 90.0, 0.0, 10600.849609375
0:00:45.144043, 0.0, 0.0, 90.0, 0.0, 10601.56640625
0:00:45.230408, 0.0, 0.0, 90.0, 0.0, 10602.11328125
0:00:45.341835, 0.0, 0.0, 90.0, 0.0, 10602.8115234375
0:00:45.428035, 0.0, 0.0, 90.0, 0.0, 10603.357421875
0:00:45.525838, 0.0, 0.0, 90.0, 0.0, 10603.966796875
0:00:45.639435, 0.0, 0.0, 90.0, 0.0, 10604.68359375
0:00:45.730845, 0.0, 0.0, 90.0, 0.0, 10605.26171875
0:00:45.844425, 0.0, 0.0, 90.0, 0.0, 10605.9716796875
0:00:45.931721, 0.0, 0.0, 90.0, 0.0, 10606.5244140625
0:00:46.033273, 0.0, 0.0, 90.0, 0.0, 10607.1591796875
0:00:46.160071, 0.0, 0.0, 90.0, 0.0, 10607.95703125
0:00:46.257481, 0.0, 0.0, 90.0, 0.0, 10608.5732421875
0:00:46.357837, 0.0, 0.0, 90.0, 0.0, 10609.2021484375
0:00:46.467018, 0.0, 0.0, 90.0, 0.0, 10609.8876953125
0:00:46.551923, 0.0, 0.0, 90.0, 0.0, 10610.4287109375
0:00:46.665460, 0.0, 0.0, 90.0, 0.0, 10611.1396484375
0:00:46.749624, 0.0, 0.0, 90.0, 0.0, 10611.673828125
0:00:46.863155, 0.0, 0.0, 90.0, 0.0, 10612.3837890625
0:00:46.952698, 0.0, 0.0, 90.0, 0.0, 10612.94921875
0:00:47.063151, 0.0, 0.0, 90.0, 0.0, 10613.6396484375
0:00:47.177721, 0.0, 0.0, 90.0, 0.0, 10614.36328125
0:00:47.262913, 0.0, 0.0, 90.0, 0.0, 10614.8974609375
0:00:47.358939, 0.0, 0.0, 90.0, 0.0, 10615.5009765625
0:00:47.462696, 0.0, 0.0, 90.0, 0.0, 10616.1552734375
0:00:47.573834, 0.0, 0.0, 90.0, 0.0, 10616.859375
0:00:47.680639, 0.0, 0.0, 90.0, 0.0, 10617.5322265625
0:00:47.766263, 0.0, 0.0, 90.0, 0.0, 10618.06640625
0:00:47.874737, 0.0, 0.0, 90.0, 0.0, 10618.7451171875
0:00:47.970085, 0.0, 0.0, 90.0, 0.0, 10619.34765625
0:00:48.089268, 0.0, 0.0, 90.0, 0.0, 10620.095703125
0:00:48.180972, 0.0, 0.0, 90.0, 0.0, 10620.673828125
0:00:48.292983, 0.0, 0.0, 90.0, 0.0, 10621.3779296875
0:00:48.379769, 0.0, 0.0, 90.0, 0.0, 10621.9248046875
0:00:48.489772, 0.0, 0.0, 90.0, 0.0, 10622.6162109375
0:00:48.581157, 0.0, 0.0, 90.0, 0.0, 10623.1943359375
0:00:48.698771, 0.0, 0.0, 90.0, 0.0, 10623.935546875
0:00:48.776335, 0.0, 0.0, 90.0, 0.0, 10624.419921875
0:00:48.880168, 0.0, 0.0, 90.0, 0.0, 10625.07421875
0:00:48.991982, 0.0, 0.0, 90.0, 0.0, 10625.771484375
0:00:49.088927, 0.0, 0.0, 90.0, 0.0, 10626.3876953125
0:00:49.196920, 0.0, 0.0, 90.0, 0.0, 10627.06640625
0:00:49.283066, 0.0, 0.0, 90.0, 0.0, 10627.61328125
0:00:49.398550, 0.0, 0.0, 90.0, 0.0, 10628.3359375
0:00:49.484005, 0.0, 0.0, 90.0, 0.0, 10628.8759765625
0:00:49.609577, 0.0, 0.0, 90.0, 0.0, 10629.662109375
0:00:49.681361, 0.0, 0.0, 90.0, 0.0, 10630.115234375
0:00:49.808967, 0.0, 0.0, 90.0, 0.0, 10630.919921875
0:00:49.894237, 0.0, 0.0, 90.0, 0.0, 10631.455078125
0:00:50.009691, 0.0, 0.0, 90.0, 0.0, 10632.1845703125
0:00:50.105161, 0.0, 0.0, 90.0, 0.0, 10632.7880859375
0:00:50.215760, 0.0, 0.0, 90.0, 0.0, 10633.4794921875
0:00:50.321911, 0.0, 0.0, 90.0, 0.0, 10634.15234375
0:00:50.419231, 0.0, 0.0, 90.0, 0.0, 10634.76171875
0:00:50.516662, 0.0, 0.0, 90.0, 0.0, 10635.3720703125
0:00:50.603900, 0.0, 0.0, 90.0, 0.0, 10635.9248046875
0:00:50.714369, 0.0, 0.0, 90.0, 0.0, 10636.615234375
0:00:50.832550, 0.0, 0.0, 90.0, 0.0, 10637.3564453125
0:00:50.930003, 0.0, 0.0, 90.0, 0.0, 10637.97265625
0:00:51.025385, 0.0, 0.0, 90.0, 0.0, 10638.5703125
0:00:51.110750, 0.0, 0.0, 90.0, 0.0, 10639.111328125
0:00:51.230435, 0.0, 0.0, 90.0, 0.0, 10639.8662109375
0:00:51.339388, 0.0, 0.0, 90.0, 0.0, 10640.55078125
0:00:51.439835, 0.0, 0.0, 90.0, 0.0, 10641.1796875
0:00:51.539342, 0.0, 0.0, 90.0, 0.0, 10641.80859375
0:00:51.625736, 0.0, 0.0, 90.0, 0.0, 10642.349609375
0:00:51.740981, 0.0, 0.0, 90.0, 0.0, 10643.078125
0:00:51.839941, 0.0, 0.0, 90.0, 0.0, 10643.7001953125
0:00:51.930213, 0.0, 0.0, 90.0, 0.0, 10644.265625
0:00:52.026829, 0.0, 0.0, 90.0, 0.0, 10644.8759765625
0:00:52.144068, 0.0, 0.0, 90.0, 0.0, 10645.6171875
0:00:52.229541, 0.0, 0.0, 90.0, 0.0, 10646.15234375
0:00:52.327547, 0.0, 0.0, 90.0, 0.0, 10646.7685546875
0:00:52.443585, 0.0, 0.0, 90.0, 0.0, 10647.498046875
0:00:52.538840, 0.0, 0.0, 90.0, 0.0, 10648.095703125
0:00:52.653079, 0.0, 0.0, 90.0, 0.0, 10648.818359375
0:00:52.750640, 0.0, 0.0, 90.0, 0.0, 10649.43359375
0:00:52.834661, 0.0, 0.0, 90.0, 0.0, 10649.9609375
0:00:52.951210, 0.0, 0.0, 90.0, 0.0, 10650.697265625
0:00:53.038509, 0.0, 0.0, 90.0, 0.0, 10651.2431640625
0:00:53.150649, 0.0, 0.0, 90.0, 0.0, 10651.947265625
0:00:53.235553, 0.0, 0.0, 90.0, 0.0, 10652.4814453125
0:00:53.360451, 0.0, 0.0, 90.0, 0.0, 10653.267578125
0:00:53.443671, 0.0, 0.0, 90.0, 0.0, 10653.7890625
0:00:53.557713, 0.0, 0.0, 90.0, 0.0, 10654.505859375
0:00:53.642782, 0.0, 0.0, 90.0, 0.0, 10655.046875
0:00:53.758269, 0.0, 0.0, 90.0, 0.0, 10655.7705078125
0:00:53.843307, 0.0, 0.0, 90.0, 0.0, 10656.3115234375
0:00:53.958859, 0.0, 0.0, 90.0, 0.0, 10657.03515625
0:00:54.046573, 0.0, 0.0, 90.0, 0.0, 10657.587890625
0:00:54.151123, 0.0, 0.0, 90.0, 0.0, 10658.2470703125
0:00:54.266704, 0.0, 0.0, 90.0, 0.0, 10658.9697265625
0:00:54.351991, 0.0, 0.0, 90.0, 0.0, 10659.5107421875
0:00:54.450217, 0.0, 0.0, 90.0, 0.0, 10660.126953125
0:00:54.564326, 0.0, 0.0, 90.0, 0.0, 10660.8427734375
0:00:54.676822, 0.0, 0.0, 90.0, 0.0, 10661.552734375
0:00:54.768764, 0.0, 0.0, 90.0, 0.0, 10662.1298828125
0:00:54.855906, 0.0, 0.0, 90.0, 0.0, 10662.6767578125
0:00:54.969464, 0.0, 0.0, 90.0, 0.0, 10663.39453125
0:00:55.082731, 0.0, 0.0, 90.0, 0.0, 10664.1044921875
0:00:55.165676, 0.0, 0.0, 90.0, 0.0, 10664.626953125
0:00:55.282637, 0.0, 0.0, 90.0, 0.0, 10665.3623046875
0:00:55.376066, 0.0, 0.0, 90.0, 0.0, 10665.953125
0:00:55.489518, 0.0, 0.0, 90.0, 0.0, 10666.669921875
0:00:55.577920, 0.0, 0.0, 90.0, 0.0, 10667.2236328125
0:00:55.666022, 0.0, 0.0, 90.0, 0.0, 10667.7763671875
0:00:55.781569, 0.0, 0.0, 90.0, 0.0, 10668.505859375
0:00:55.881205, 0.0, 0.0, 90.0, 0.0, 10669.1279296875
0:00:55.996868, 0.0, 0.0, 90.0, 0.0, 10669.857421875
0:00:56.081809, 0.0, 0.0, 90.0, 0.0, 10670.3916015625
0:00:56.181960, 0.0, 0.0, 90.0, 0.0, 10671.02734375
0:00:56.302992, 0.0, 0.0, 90.0, 0.0, 10671.7880859375
0:00:56.401477, 0.0, 0.0, 90.0, 0.0, 10672.4033203125
0:00:56.492851, 0.0, 0.0, 90.0, 0.0, 10672.9814453125
0:00:56.579082, 0.0, 0.0, 90.0, 0.0, 10673.5224609375
0:00:56.691978, 0.0, 0.0, 90.0, 0.0, 10674.232421875
0:00:56.806488, 0.0, 0.0, 90.0, 0.0, 10674.955078125
0:00:56.902189, 0.0, 0.0, 90.0, 0.0, 10675.5517578125
0:00:56.987196, 0.0, 0.0, 90.0, 0.0, 10676.091796875
0:00:57.099735, 0.0, 0.0, 90.0, 0.0, 10676.7958984375
0:00:57.212801, 0.0, 0.0, 90.0, 0.0, 10677.5068359375
0:00:57.291233, 0.0, 0.0, 90.0, 0.0, 10678.0029296875
0:00:57.406095, 0.0, 0.0, 90.0, 0.0, 10678.724609375
0:00:57.501667, 0.0, 0.0, 90.0, 0.0, 10679.328125
0:00:57.616660, 0.0, 0.0, 90.0, 0.0, 10680.0439453125
0:00:57.701438, 0.0, 0.0, 90.0, 0.0, 10680.5849609375
0:00:57.802294, 0.0, 0.0, 90.0, 0.0, 10681.2138671875
0:00:57.919918, 0.0, 0.0, 90.0, 0.0, 10681.9560546875
0:00:58.006641, 0.0, 0.0, 90.0, 0.0, 10682.5029296875
0:00:58.123087, 0.0, 0.0, 90.0, 0.0, 10683.23828125
0:00:58.204630, 0.0, 0.0, 90.0, 0.0, 10683.748046875
0:00:58.310530, 0.0, 0.0, 90.0, 0.0, 10684.4140625
0:00:58.424506, 0.0, 0.0, 90.0, 0.0, 10685.1298828125
0:00:58.522413, 0.0, 0.0, 90.0, 0.0, 10685.751953125
0:00:58.616356, 0.0, 0.0, 90.0, 0.0, 10686.3359375
0:00:58.730029, 0.0, 0.0, 90.0, 0.0, 10687.052734375
0:00:58.835546, 0.0, 0.0, 90.0, 0.0, 10687.7197265625
0:00:58.920725, 0.0, 0.0, 90.0, 0.0, 10688.25390625
0:00:59.034710, 0.0, 0.0, 90.0, 0.0, 10688.970703125
0:00:59.132663, 0.0, 0.0, 90.0, 0.0, 10689.5869140625
0:00:59.232759, 0.0, 0.0, 90.0, 0.0, 10690.22265625
0:00:59.324820, 0.0, 0.0, 90.0, 0.0, 10690.794921875
0:00:59.441385, 0.0, 0.0, 90.0, 0.0, 10691.5302734375
0:00:59.545256, 0.0, 0.0, 90.0, 0.0, 10692.1845703125
0:00:59.631416, 0.0, 0.0, 90.0, 0.0, 10692.7314453125
0:00:59.737099, 0.0, 0.0, 90.0, 0.0, 10693.3974609375
0:00:59.853631, 0.0, 0.0, 90.0, 0.0, 10694.126953125
0:00:59.939829, 0.0, 0.0, 90.0, 0.0, 10694.6669921875
0:01:00.055738, 0.0, 0.0, 90.0, 0.0, 10695.3955078125
0:01:00.143759, 0.0, 0.0, 90.0, 0.0, 10695.9482421875
0:01:00.258369, 0.0, 0.0, 90.0, 0.0, 10696.6708984375
0:01:00.355631, 0.0, 0.0, 90.0, 0.0, 10697.28125
0:01:00.454494, 0.0, 0.0, 90.0, 0.0, 10697.9033203125
0:01:00.551992, 0.0, 0.0, 90.0, 0.0, 10698.51953125
0:01:00.664509, 0.0, 0.0, 90.0, 0.0, 10699.2294921875
0:01:00.750662, 0.0, 0.0, 90.0, 0.0, 10699.7705078125
0:01:00.867971, 0.0, 0.0, 90.0, 0.0, 10700.505859375
0:01:00.962996, 0.0, 0.0, 90.0, 0.0, 10701.1025390625
0:01:01.055786, 0.0, 0.0, 90.0, 0.0, 10701.6875
0:01:01.168331, 0.0, 0.0, 90.0, 0.0, 10702.3974609375
0:01:01.253854, 0.0, 0.0, 90.0, 0.0, 10702.931640625
0:01:01.370590, 0.0, 0.0, 90.0, 0.0, 10703.6669921875
0:01:01.454722, 0.0, 0.0, 90.0, 0.0, 10704.2001953125
0:01:01.554115, 0.0, 0.0, 90.0, 0.0, 10704.8232421875
0:01:01.665062, 0.0, 0.0, 90.0, 0.0, 10705.5205078125
0:01:01.763580, 0.0, 0.0, 90.0, 0.0, 10706.1435546875
0:01:01.874469, 0.0, 0.0, 90.0, 0.0, 10706.841796875
0:01:01.961638, 0.0, 0.0, 90.0, 0.0, 10707.3876953125
0:01:02.077109, 0.0, 0.0, 90.0, 0.0, 10708.1162109375
0:01:02.163255, 0.0, 0.0, 90.0, 0.0, 10708.65625
0:01:02.274836, 0.0, 0.0, 90.0, 0.0, 10709.3603515625
0:01:02.391842, 0.0, 0.0, 90.0, 0.0, 10710.0966796875
0:01:02.477906, 0.0, 0.0, 90.0, 0.0, 10710.6376953125
0:01:02.591564, 0.0, 0.0, 90.0, 0.0, 10711.353515625
0:01:02.675635, 0.0, 0.0, 90.0, 0.0, 10711.875
0:01:02.773551, 0.0, 0.0, 90.0, 0.0, 10712.4970703125
0:01:02.889515, 0.0, 0.0, 90.0, 0.0, 10713.2265625
0:01:02.976572, 0.0, 0.0, 90.0, 0.0, 10713.7734375
0:01:03.091309, 0.0, 0.0, 90.0, 0.0, 10714.49609375
0:01:03.196168, 0.0, 0.0, 90.0, 0.0, 10715.15625
0:01:03.303967, 0.0, 0.0, 90.0, 0.0, 10715.8349609375
0:01:03.388704, 0.0, 0.0, 90.0, 0.0, 10716.369140625
0:01:03.495954, 0.0, 0.0, 90.0, 0.0, 10717.0419921875
0:01:03.612544, 0.0, 0.0, 90.0, 0.0, 10717.77734375
0:01:03.691947, 0.0, 0.0, 90.0, 0.0, 10718.2734375
0:01:03.798950, 0.0, 0.0, 90.0, 0.0, 10718.9521484375
0:01:03.892650, 0.0, 0.0, 90.0, 0.0, 10719.537109375
0:01:03.999225, 0.0, 0.0, 90.0, 0.0, 10720.2099609375
0:01:04.094805, 0.0, 0.0, 90.0, 0.0, 10720.8076171875
0:01:04.207538, 0.0, 0.0, 90.0, 0.0, 10721.517578125
0:01:04.304741, 0.0, 0.0, 90.0, 0.0, 10722.1328125
0:01:04.418831, 0.0, 0.0, 90.0, 0.0, 10722.849609375
0:01:04.511224, 0.0, 0.0, 90.0, 0.0, 10723.43359375
0:01:04.626184, 0.0, 0.0, 90.0, 0.0, 10724.1494140625
0:01:04.724773, 0.0, 0.0, 90.0, 0.0, 10724.771484375
0:01:04.825039, 0.0, 0.0, 90.0, 0.0, 10725.40625
0:01:04.917381, 0.0, 0.0, 90.0, 0.0, 10725.978515625
0:01:05.029675, 0.0, 0.0, 90.0, 0.0, 10726.6943359375
0:01:05.126980, 0.0, 0.0, 90.0, 0.0, 10727.3046875
0:01:05.225783, 0.0, 0.0, 90.0, 0.0, 10727.927734375
0:01:05.317726, 0.0, 0.0, 90.0, 0.0, 10728.5068359375
0:01:05.432545, 0.0, 0.0, 90.0, 0.0, 10729.2294921875
0:01:05.539672, 0.0, 0.0, 90.0, 0.0, 10729.90234375
0:01:05.637851, 0.0, 0.0, 90.0, 0.0, 10730.5185546875
0:01:05.736560, 0.0, 0.0, 90.0, 0.0, 10731.134765625
0:01:05.820533, 0.0, 0.0, 90.0, 0.0, 10731.6689453125
0:01:05.935893, 0.0, 0.0, 90.0, 0.0, 10732.3916015625
0:01:06.045831, 0.0, 0.0, 90.0, 0.0, 10733.0830078125
0:01:06.146004, 0.0, 0.0, 90.0, 0.0, 10733.7177734375
0:01:06.245676, 0.0, 0.0, 90.0, 0.0, 10734.3408203125
0:01:06.328675, 0.0, 0.0, 90.0, 0.0, 10734.8681640625
0:01:06.450765, 0.0, 0.0, 90.0, 0.0, 10735.634765625
0:01:06.532799, 0.0, 0.0, 90.0, 0.0, 10736.1494140625
0:01:06.645139, 0.0, 0.0, 90.0, 0.0, 10736.853515625
0:01:06.757825, 0.0, 0.0, 90.0, 0.0, 10737.564453125
0:01:06.839958, 0.0, 0.0, 90.0, 0.0, 10738.0859375
0:01:06.959964, 0.0, 0.0, 90.0, 0.0, 10738.833984375
0:01:07.049700, 0.0, 0.0, 90.0, 0.0, 10739.3994140625
0:01:07.145349, 0.0, 0.0, 90.0, 0.0, 10740.0029296875
0:01:07.243484, 0.0, 0.0, 90.0, 0.0, 10740.6259765625
0:01:07.358452, 0.0, 0.0, 90.0, 0.0, 10741.3427734375
0:01:07.445306, 0.0, 0.0, 90.0, 0.0, 10741.8955078125
0:01:07.565663, 0.0, 0.0, 90.0, 0.0, 10742.6494140625
0:01:07.647062, 0.0, 0.0, 90.0, 0.0, 10743.1650390625
0:01:07.756011, 0.0, 0.0, 90.0, 0.0, 10743.8505859375
0:01:07.856804, 0.0, 0.0, 90.0, 0.0, 10744.4853515625
0:01:07.956193, 0.0, 0.0, 90.0, 0.0, 10745.107421875
0:01:08.056026, 0.0, 0.0, 90.0, 0.0, 10745.7294921875
0:01:08.170815, 0.0, 0.0, 90.0, 0.0, 10746.4580078125
0:01:08.258951, 0.0, 0.0, 90.0, 0.0, 10747.0107421875
0:01:08.370579, 0.0, 0.0, 90.0, 0.0, 10747.71484375
0:01:08.467546, 0.0, 0.0, 90.0, 0.0, 10748.32421875
0:01:08.557772, 0.0, 0.0, 90.0, 0.0, 10748.8896484375
0:01:08.669736, 0.0, 0.0, 90.0, 0.0, 10749.5927734375
0:01:08.785380, 0.0, 0.0, 90.0, 0.0, 10750.322265625
0:01:08.871408, 0.0, 0.0, 90.0, 0.0, 10750.8623046875
0:01:08.985714, 0.0, 0.0, 90.0, 0.0, 10751.5859375
0:01:09.077796, 0.0, 0.0, 90.0, 0.0, 10752.1640625
0:01:09.163948, 0.0, 0.0, 90.0, 0.0, 10752.7041015625
0:01:09.276511, 0.0, 0.0, 90.0, 0.0, 10753.4140625
0:01:09.389023, 0.0, 0.0, 90.0, 0.0, 10754.1240234375
0:01:09.486869, 0.0, 0.0, 90.0, 0.0, 10754.734375
0:01:09.571804, 0.0, 0.0, 90.0, 0.0, 10755.2744140625
0:01:09.686456, 0.0, 0.0, 90.0, 0.0, 10755.9912109375
0:01:09.800322, 0.0, 0.0, 90.0, 0.0, 10756.70703125
0:01:09.886209, 0.0, 0.0, 90.0, 0.0, 10757.2470703125
0:01:10.003761, 0.0, 0.0, 90.0, 0.0, 10757.98828125
0:01:10.087282, 0.0, 0.0, 90.0, 0.0, 10758.5107421875
0:01:10.187198, 0.0, 0.0, 90.0, 0.0, 10759.1455078125
0:01:10.298279, 0.0, 0.0, 90.0, 0.0, 10759.84375
0:01:10.401559, 0.0, 0.0, 90.0, 0.0, 10760.4912109375
0:01:10.497675, 0.0, 0.0, 90.0, 0.0, 10761.0947265625
0:01:10.591454, 0.0, 0.0, 90.0, 0.0, 10761.685546875
0:01:10.696213, 0.0, 0.0, 90.0, 0.0, 10762.345703125
0:01:10.810844, 0.0, 0.0, 90.0, 0.0, 10763.0693359375
0:01:10.906339, 0.0, 0.0, 90.0, 0.0, 10763.6728515625
0:01:10.999378, 0.0, 0.0, 90.0, 0.0, 10764.2509765625
0:01:11.097651, 0.0, 0.0, 90.0, 0.0, 10764.873046875
0:01:11.210950, 0.0, 0.0, 90.0, 0.0, 10765.5771484375
0:01:11.297804, 0.0, 0.0, 90.0, 0.0, 10766.1298828125
0:01:11.418020, 0.0, 0.0, 90.0, 0.0, 10766.890625
0:01:11.516678, 0.0, 0.0, 90.0, 0.0, 10767.5068359375
0:01:11.623389, 0.0, 0.0, 90.0, 0.0, 10768.1796875
0:01:11.709495, 0.0, 0.0, 90.0, 0.0, 10768.720703125
0:01:11.807885, 0.0, 0.0, 90.0, 0.0, 10769.3427734375
0:01:11.923978, 0.0, 0.0, 90.0, 0.0, 10770.072265625
0:01:12.011753, 0.0, 0.0, 90.0, 0.0, 10770.619140625
0:01:12.117934, 0.0, 0.0, 90.0, 0.0, 10771.2919921875
0:01:12.216594, 0.0, 0.0, 90.0, 0.0, 10771.9140625
0:01:12.333120, 0.0, 0.0, 90.0, 0.0, 10772.6494140625
0:01:12.419706, 0.0, 0.0, 90.0, 0.0, 10773.1904296875
0:01:12.524318, 0.0, 0.0, 90.0, 0.0, 10773.8505859375
0:01:12.631196, 0.0, 0.0, 90.0, 0.0, 10774.5234375
0:01:12.728213, 0.0, 0.0, 90.0, 0.0, 10775.1328125
0:01:12.845096, 0.0, 0.0, 90.0, 0.0, 10775.8681640625
0:01:12.931047, 0.0, 0.0, 90.0, 0.0, 10776.408203125
0:01:13.047985, 0.0, 0.0, 90.0, 0.0, 10777.14453125
0:01:13.130953, 0.0, 0.0, 90.0, 0.0, 10777.666015625
0:01:13.255815, 0.0, 0.0, 90.0, 0.0, 10778.4521484375
0:01:13.334086, 0.0, 0.0, 90.0, 0.0, 10778.9423828125
0:01:13.448559, 0.0, 0.0, 90.0, 0.0, 10779.6650390625
0:01:13.547960, 0.0, 0.0, 90.0, 0.0, 10780.2880859375
0:01:13.635071, 0.0, 0.0, 90.0, 0.0, 10780.8408203125
0:01:13.747582, 0.0, 0.0, 90.0, 0.0, 10781.5517578125
0:01:13.860146, 0.0, 0.0, 90.0, 0.0, 10782.255859375
0:01:13.941899, 0.0, 0.0, 90.0, 0.0, 10782.771484375
0:01:14.068842, 0.0, 0.0, 90.0, 0.0, 10783.5693359375
0:01:14.150149, 0.0, 0.0, 90.0, 0.0, 10784.0849609375
0:01:14.264938, 0.0, 0.0, 90.0, 0.0, 10784.802734375
0:01:14.351449, 0.0, 0.0, 90.0, 0.0, 10785.349609375
0:01:14.468109, 0.0, 0.0, 90.0, 0.0, 10786.0791015625
0:01:14.553097, 0.0, 0.0, 90.0, 0.0, 10786.619140625
0:01:14.666087, 0.0, 0.0, 90.0, 0.0, 10787.322265625
0:01:14.774311, 0.0, 0.0, 90.0, 0.0, 10788.0078125
0:01:14.867197, 0.0, 0.0, 90.0, 0.0, 10788.591796875
0:01:14.983916, 0.0, 0.0, 90.0, 0.0, 10789.328125
0:01:15.068946, 0.0, 0.0, 90.0, 0.0, 10789.86328125
0:01:15.168247, 0.0, 0.0, 90.0, 0.0, 10790.4921875
0:01:15.281758, 0.0, 0.0, 90.0, 0.0, 10791.203125
0:01:15.379109, 0.0, 0.0, 90.0, 0.0, 10791.8125
0:01:15.470950, 0.0, 0.0, 90.0, 0.0, 10792.390625
0:01:15.582567, 0.0, 0.0, 90.0, 0.0, 10793.09375
0:01:15.670111, 0.0, 0.0, 90.0, 0.0, 10793.640625
0:01:15.783340, 0.0, 0.0, 90.0, 0.0, 10794.357421875
0:01:15.891846, 0.0, 0.0, 90.0, 0.0, 10795.0361328125
0:01:15.978733, 0.0, 0.0, 90.0, 0.0, 10795.58984375
0:01:16.092774, 0.0, 0.0, 90.0, 0.0, 10796.306640625
0:01:16.178758, 0.0, 0.0, 90.0, 0.0, 10796.84765625
0:01:16.290515, 0.0, 0.0, 90.0, 0.0, 10797.55078125
0:01:16.404877, 0.0, 0.0, 90.0, 0.0, 10798.267578125
0:01:16.492825, 0.0, 0.0, 90.0, 0.0, 10798.8203125
0:01:16.603966, 0.0, 0.0, 90.0, 0.0, 10799.5185546875
0:01:16.699846, 0.0, 0.0, 90.0, 0.0, 10800.1220703125
0:01:16.790046, 0.0, 0.0, 90.0, 0.0, 10800.693359375
0:01:16.904937, 0.0, 0.0, 90.0, 0.0, 10801.4169921875
0:01:16.992912, 0.0, 0.0, 90.0, 0.0, 10801.9697265625
0:01:17.091061, 0.0, 0.0, 90.0, 0.0, 10802.5859375
0:01:17.213134, 0.0, 0.0, 90.0, 0.0, 10803.3525390625
0:01:17.299123, 0.0, 0.0, 90.0, 0.0, 10803.8994140625
0:01:17.399555, 0.0, 0.0, 90.0, 0.0, 10804.52734375
0:01:17.514295, 0.0, 0.0, 90.0, 0.0, 10805.244140625
0:01:17.602180, 0.0, 0.0, 90.0, 0.0, 10805.802734375
0:01:17.699180, 0.0, 0.0, 90.0, 0.0, 10806.412109375
0:01:17.809096, 0.0, 0.0, 90.0, 0.0, 10807.103515625
0:01:17.925093, 0.0, 0.0, 90.0, 0.0, 10807.8330078125
0:01:18.011300, 0.0, 0.0, 90.0, 0.0, 10808.3740234375
0:01:18.111105, 0.0, 0.0, 90.0, 0.0, 10809.0029296875
0:01:18.210495, 0.0, 0.0, 90.0, 0.0, 10809.6318359375
0:01:18.332250, 0.0, 0.0, 90.0, 0.0, 10810.392578125
0:01:18.429584, 0.0, 0.0, 90.0, 0.0, 10811.0078125
0:01:18.514004, 0.0, 0.0, 90.0, 0.0, 10811.5361328125
0:01:18.627137, 0.0, 0.0, 90.0, 0.0, 10812.2529296875
0:01:18.734148, 0.0, 0.0, 90.0, 0.0, 10812.92578125
0:01:18.830689, 0.0, 0.0, 90.0, 0.0, 10813.529296875
0:01:18.944076, 0.0, 0.0, 90.0, 0.0, 10814.24609375
0:01:19.041805, 0.0, 0.0, 90.0, 0.0, 10814.861328125
0:01:19.139697, 0.0, 0.0, 90.0, 0.0, 10815.4775390625
0:01:19.231461, 0.0, 0.0, 90.0, 0.0, 10816.0556640625
0:01:19.339222, 0.0, 0.0, 90.0, 0.0, 10816.7353515625
0:01:19.436967, 0.0, 0.0, 90.0, 0.0, 10817.345703125
0:01:19.550498, 0.0, 0.0, 90.0, 0.0, 10818.0625
0:01:19.648052, 0.0, 0.0, 90.0, 0.0, 10818.671875
0:01:19.733818, 0.0, 0.0, 90.0, 0.0, 10819.212890625
0:01:19.845843, 0.0, 0.0, 90.0, 0.0, 10819.916015625
0:01:19.940978, 0.0, 0.0, 90.0, 0.0, 10820.51953125
0:01:20.060213, 0.0, 0.0, 90.0, 0.0, 10821.267578125
0:01:20.130203, 0.0, 0.0, 90.0, 0.0, 10821.70703125
0:01:20.250987, 0.0, 0.0, 90.0, 0.0, 10822.4677734375
0:01:20.351151, 0.0, 0.0, 90.0, 0.0, 10823.1025390625
0:01:20.441734, 0.0, 0.0, 90.0, 0.0, 10823.66796875
0:01:20.552178, 0.0, 0.0, 90.0, 0.0, 10824.359375
0:01:20.650585, 0.0, 0.0, 90.0, 0.0, 10824.9814453125
0:01:20.764970, 0.0, 0.0, 90.0, 0.0, 10825.7041015625
0:01:20.852156, 0.0, 0.0, 90.0, 0.0, 10826.2509765625
0:01:20.968280, 0.0, 0.0, 90.0, 0.0, 10826.98046875
0:01:21.054060, 0.0, 0.0, 90.0, 0.0, 10827.521484375
0:01:21.151251, 0.0, 0.0, 90.0, 0.0, 10828.130859375
0:01:21.263545, 0.0, 0.0, 90.0, 0.0, 10828.8408203125
0:01:21.378552, 0.0, 0.0, 90.0, 0.0, 10829.5576171875
0:01:21.463671, 0.0, 0.0, 90.0, 0.0, 10830.09765625
0:01:21.577226, 0.0, 0.0, 90.0, 0.0, 10830.814453125
0:01:21.662976, 0.0, 0.0, 90.0, 0.0, 10831.349609375
0:01:21.775565, 0.0, 0.0, 90.0, 0.0, 10832.0595703125
0:01:21.872663, 0.0, 0.0, 90.0, 0.0, 10832.67578125
0:01:21.965649, 0.0, 0.0, 90.0, 0.0, 10833.2607421875
0:01:22.082045, 0.0, 0.0, 90.0, 0.0, 10833.9833984375
0:01:22.181009, 0.0, 0.0, 90.0, 0.0, 10834.60546875
0:01:22.295052, 0.0, 0.0, 90.0, 0.0, 10835.328125
0:01:22.392662, 0.0, 0.0, 90.0, 0.0, 10835.943359375
0:01:22.490001, 0.0, 0.0, 90.0, 0.0, 10836.5595703125
0:01:22.580226, 0.0, 0.0, 90.0, 0.0, 10837.125
0:01:22.676197, 0.0, 0.0, 90.0, 0.0, 10837.728515625
0:01:22.800234, 0.0, 0.0, 90.0, 0.0, 10838.5078125
0:01:22.878869, 0.0, 0.0, 90.0, 0.0, 10839.0048828125
0:01:22.993683, 0.0, 0.0, 90.0, 0.0, 10839.7216796875
0:01:23.080587, 0.0, 0.0, 90.0, 0.0, 10840.275390625
0:01:23.209840, 0.0, 0.0, 90.0, 0.0, 10841.080078125
0:01:23.295848, 0.0, 0.0, 90.0, 0.0, 10841.626953125
0:01:23.405838, 0.0, 0.0, 90.0, 0.0, 10842.318359375
0:01:23.488546, 0.0, 0.0, 90.0, 0.0, 10842.8408203125
0:01:23.602054, 0.0, 0.0, 90.0, 0.0, 10843.556640625
0:01:23.700245, 0.0, 0.0, 90.0, 0.0, 10844.1728515625
0:01:23.798706, 0.0, 0.0, 90.0, 0.0, 10844.794921875
0:01:23.914658, 0.0, 0.0, 90.0, 0.0, 10845.517578125
0:01:24.000483, 0.0, 0.0, 90.0, 0.0, 10846.064453125
0:01:24.101034, 0.0, 0.0, 90.0, 0.0, 10846.6923828125
0:01:24.201366, 0.0, 0.0, 90.0, 0.0, 10847.3271484375
0:01:24.310182, 0.0, 0.0, 90.0, 0.0, 10848.0126953125
0:01:24.426113, 0.0, 0.0, 90.0, 0.0, 10848.7353515625
0:01:24.523280, 0.0, 0.0, 90.0, 0.0, 10849.3515625
0:01:24.607454, 0.0, 0.0, 90.0, 0.0, 10849.8798828125
0:01:24.722013, 0.0, 0.0, 90.0, 0.0, 10850.6025390625
0:01:24.812278, 0.0, 0.0, 90.0, 0.0, 10851.16796875
0:01:24.925282, 0.0, 0.0, 90.0, 0.0, 10851.87890625
0:01:25.032062, 0.0, 0.0, 90.0, 0.0, 10852.5517578125
0:01:25.128803, 0.0, 0.0, 90.0, 0.0, 10853.162109375
0:01:25.214845, 0.0, 0.0, 90.0, 0.0, 10853.7021484375
0:01:25.326837, 0.0, 0.0, 90.0, 0.0, 10854.40625
0:01:25.442356, 0.0, 0.0, 90.0, 0.0, 10855.134765625
0:01:25.541719, 0.0, 0.0, 90.0, 0.0, 10855.755859375
0:01:25.642073, 0.0, 0.0, 90.0, 0.0, 10856.3916015625
0:01:25.731059, 0.0, 0.0, 90.0, 0.0, 10856.951171875
0:01:25.831706, 0.0, 0.0, 90.0, 0.0, 10857.5869140625
0:01:25.923999, 0.0, 0.0, 90.0, 0.0, 10858.1591796875
0:01:26.036538, 0.0, 0.0, 90.0, 0.0, 10858.869140625
0:01:26.247243, 0.0, 0.0, 90.0, 0.0, 10860.201171875
0:01:26.333595, 0.0, 0.0, 90.0, 0.0, 10860.7412109375
0:01:26.442009, 0.0, 0.0, 90.0, 0.0, 10861.419921875
0:01:26.538212, 0.0, 0.0, 90.0, 0.0, 10862.029296875
0:01:26.653987, 0.0, 0.0, 90.0, 0.0, 10862.7587890625
0:01:26.749989, 0.0, 0.0, 90.0, 0.0, 10863.3623046875
0:01:26.836820, 0.0, 0.0, 90.0, 0.0, 10863.9033203125
0:01:26.962262, 0.0, 0.0, 90.0, 0.0, 10864.6953125
0:01:27.047769, 0.0, 0.0, 90.0, 0.0, 10865.236328125
0:01:27.163021, 0.0, 0.0, 90.0, 0.0, 10865.9599609375
0:01:27.256376, 0.0, 0.0, 90.0, 0.0, 10866.55078125
0:01:27.340617, 0.0, 0.0, 90.0, 0.0, 10867.078125
0:01:27.457970, 0.0, 0.0, 90.0, 0.0, 10867.8134765625
0:01:27.554569, 0.0, 0.0, 90.0, 0.0, 10868.4228515625
0:01:27.652952, 0.0, 0.0, 90.0, 0.0, 10869.044921875
0:01:27.772887, 0.0, 0.0, 90.0, 0.0, 10869.798828125
0:01:27.859036, 0.0, 0.0, 90.0, 0.0, 10870.3388671875
0:01:27.972744, 0.0, 0.0, 90.0, 0.0, 10871.0546875
0:01:28.060815, 0.0, 0.0, 90.0, 0.0, 10871.607421875
0:01:28.168562, 0.0, 0.0, 90.0, 0.0, 10872.2861328125
0:01:28.283596, 0.0, 0.0, 90.0, 0.0, 10873.009765625
0:01:28.384356, 0.0, 0.0, 90.0, 0.0, 10873.6435546875
0:01:28.480782, 0.0, 0.0, 90.0, 0.0, 10874.2470703125
0:01:28.567679, 0.0, 0.0, 90.0, 0.0, 10874.79296875
0:01:28.684803, 0.0, 0.0, 90.0, 0.0, 10875.5283203125
0:01:28.777090, 0.0, 0.0, 90.0, 0.0, 10876.1123046875
0:01:28.893923, 0.0, 0.0, 90.0, 0.0, 10876.8427734375
0:01:28.978033, 0.0, 0.0, 90.0, 0.0, 10877.376953125
0:01:29.075596, 0.0, 0.0, 90.0, 0.0, 10877.986328125
0:01:29.174355, 0.0, 0.0, 90.0, 0.0, 10878.6083984375
0:01:29.297563, 0.0, 0.0, 90.0, 0.0, 10879.3876953125
0:01:29.394868, 0.0, 0.0, 90.0, 0.0, 10879.9970703125
0:01:29.484215, 0.0, 0.0, 90.0, 0.0, 10880.5625
0:01:29.594045, 0.0, 0.0, 90.0, 0.0, 10881.25390625
0:01:29.698007, 0.0, 0.0, 90.0, 0.0, 10881.9013671875
0:01:29.794191, 0.0, 0.0, 90.0, 0.0, 10882.5107421875
0:01:29.908640, 0.0, 0.0, 90.0, 0.0, 10883.234375
0:01:30.005824, 0.0, 0.0, 90.0, 0.0, 10883.8447265625
0:01:30.100415, 0.0, 0.0, 90.0, 0.0, 10884.44140625
0:01:30.215037, 0.0, 0.0, 90.0, 0.0, 10885.158203125
0:01:30.311354, 0.0, 0.0, 90.0, 0.0, 10885.767578125
0:01:30.396863, 0.0, 0.0, 90.0, 0.0, 10886.302734375
0:01:30.508280, 0.0, 0.0, 90.0, 0.0, 10887.0068359375
0:01:30.618432, 0.0, 0.0, 90.0, 0.0, 10887.6982421875
0:01:30.699363, 0.0, 0.0, 90.0, 0.0, 10888.2080078125
0:01:30.824855, 0.0, 0.0, 90.0, 0.0, 10889.0
0:01:30.905437, 0.0, 0.0, 90.0, 0.0, 10889.5087890625
0:01:31.020083, 0.0, 0.0, 90.0, 0.0, 10890.2255859375
0:01:31.106260, 0.0, 0.0, 90.0, 0.0, 10890.7724609375
0:01:31.220830, 0.0, 0.0, 90.0, 0.0, 10891.48828125
0:01:31.305143, 0.0, 0.0, 90.0, 0.0, 10892.0224609375
0:01:31.434292, 0.0, 0.0, 90.0, 0.0, 10892.8330078125
0:01:31.521323, 0.0, 0.0, 90.0, 0.0, 10893.37890625
0:01:31.607654, 0.0, 0.0, 90.0, 0.0, 10893.9248046875
0:01:31.705030, 0.0, 0.0, 90.0, 0.0, 10894.53515625
0:01:31.818648, 0.0, 0.0, 90.0, 0.0, 10895.251953125
0:01:31.907854, 0.0, 0.0, 90.0, 0.0, 10895.810546875
0:01:32.034212, 0.0, 0.0, 90.0, 0.0, 10896.6083984375
0:01:32.114122, 0.0, 0.0, 90.0, 0.0, 10897.1044921875
0:01:32.225711, 0.0, 0.0, 90.0, 0.0, 10897.80859375
0:01:32.313873, 0.0, 0.0, 90.0, 0.0, 10898.361328125
0:01:32.413492, 0.0, 0.0, 90.0, 0.0, 10898.9892578125
0:01:32.515717, 0.0, 0.0, 90.0, 0.0, 10899.630859375
0:01:32.631267, 0.0, 0.0, 90.0, 0.0, 10900.3603515625
0:01:32.723529, 0.0, 0.0, 90.0, 0.0, 10900.9443359375
0:01:32.834724, 0.0, 0.0, 90.0, 0.0, 10901.6416015625
0:01:32.935714, 0.0, 0.0, 90.0, 0.0, 10902.2763671875
0:01:33.034765, 0.0, 0.0, 90.0, 0.0, 10902.8984375
0:01:33.139041, 0.0, 0.0, 90.0, 0.0, 10903.552734375
0:01:33.252639, 0.0, 0.0, 90.0, 0.0, 10904.26953125
0:01:33.338893, 0.0, 0.0, 90.0, 0.0, 10904.810546875
0:01:33.431895, 0.0, 0.0, 90.0, 0.0, 10905.400390625
0:01:33.545539, 0.0, 0.0, 90.0, 0.0, 10906.1103515625
0:01:33.625167, 0.0, 0.0, 90.0, 0.0, 10906.61328125
0:01:33.741340, 0.0, 0.0, 90.0, 0.0, 10907.3427734375
0:01:33.853931, 0.0, 0.0, 90.0, 0.0, 10908.0517578125
0:01:33.954367, 0.0, 0.0, 90.0, 0.0, 10908.6806640625
0:01:34.042586, 0.0, 0.0, 90.0, 0.0, 10909.240234375
0:01:34.157679, 0.0, 0.0, 90.0, 0.0, 10909.962890625
0:01:34.245032, 0.0, 0.0, 90.0, 0.0, 10910.5107421875
0:01:34.355352, 0.0, 0.0, 90.0, 0.0, 10911.2080078125
0:01:34.442790, 0.0, 0.0, 90.0, 0.0, 10911.75390625
0:01:34.557573, 0.0, 0.0, 90.0, 0.0, 10912.4765625
0:01:34.654702, 0.0, 0.0, 90.0, 0.0, 10913.0927734375
0:01:34.761978, 0.0, 0.0, 90.0, 0.0, 10913.7646484375
0:01:34.872982, 0.0, 0.0, 90.0, 0.0, 10914.4560546875
0:01:34.958904, 0.0, 0.0, 90.0, 0.0, 10915.0029296875
0:01:35.054060, 0.0, 0.0, 90.0, 0.0, 10915.599609375
0:01:35.166732, 0.0, 0.0, 90.0, 0.0, 10916.3095703125
0:01:35.252202, 0.0, 0.0, 90.0, 0.0, 10916.8447265625
0:01:35.363185, 0.0, 0.0, 90.0, 0.0, 10917.548828125
0:01:35.469506, 0.0, 0.0, 90.0, 0.0, 10918.2158203125
0:01:35.566723, 0.0, 0.0, 90.0, 0.0, 10918.8251953125
0:01:35.676762, 0.0, 0.0, 90.0, 0.0, 10919.5166015625
0:01:35.762124, 0.0, 0.0, 90.0, 0.0, 10920.056640625
0:01:35.878702, 0.0, 0.0, 90.0, 0.0, 10920.7919921875
0:01:35.987780, 0.0, 0.0, 90.0, 0.0, 10921.4775390625
0:01:36.086529, 0.0, 0.0, 90.0, 0.0, 10922.09375
0:01:36.178430, 0.0, 0.0, 90.0, 0.0, 10922.671875
0:01:36.293888, 0.0, 0.0, 90.0, 0.0, 10923.4013671875
0:01:36.387501, 0.0, 0.0, 90.0, 0.0, 10923.9912109375
0:01:36.487083, 0.0, 0.0, 90.0, 0.0, 10924.61328125
0:01:36.576963, 0.0, 0.0, 90.0, 0.0, 10925.1787109375
0:01:36.692699, 0.0, 0.0, 90.0, 0.0, 10925.908203125
0:01:36.776715, 0.0, 0.0, 90.0, 0.0, 10926.4365234375
0:01:36.891714, 0.0, 0.0, 90.0, 0.0, 10927.1591796875
0:01:36.985585, 0.0, 0.0, 90.0, 0.0, 10927.75
0:01:37.096781, 0.0, 0.0, 90.0, 0.0, 10928.4482421875
0:01:37.195653, 0.0, 0.0, 90.0, 0.0, 10929.0771484375
0:01:37.288027, 0.0, 0.0, 90.0, 0.0, 10929.6552734375
0:01:37.402382, 0.0, 0.0, 90.0, 0.0, 10930.3779296875
0:01:37.488587, 0.0, 0.0, 90.0, 0.0, 10930.9189453125
0:01:37.607443, 0.0, 0.0, 90.0, 0.0, 10931.666015625
0:01:37.688929, 0.0, 0.0, 90.0, 0.0, 10932.17578125
0:01:37.802523, 0.0, 0.0, 90.0, 0.0, 10932.8916015625
0:01:37.916975, 0.0, 0.0, 90.0, 0.0, 10933.6142578125
0:01:38.001271, 0.0, 0.0, 90.0, 0.0, 10934.1416015625
0:01:38.121922, 0.0, 0.0, 90.0, 0.0, 10934.9013671875
0:01:38.203783, 0.0, 0.0, 90.0, 0.0, 10935.4169921875
0:01:38.307723, 0.0, 0.0, 90.0, 0.0, 10936.0703125
0:01:38.421384, 0.0, 0.0, 90.0, 0.0, 10936.779296875
0:01:38.507719, 0.0, 0.0, 90.0, 0.0, 10937.326171875
0:01:38.623123, 0.0, 0.0, 90.0, 0.0, 10938.0546875
0:01:38.709331, 0.0, 0.0, 90.0, 0.0, 10938.5947265625
0:01:38.822911, 0.0, 0.0, 90.0, 0.0, 10939.3115234375
0:01:38.931043, 0.0, 0.0, 90.0, 0.0, 10939.9912109375
0:01:39.027188, 0.0, 0.0, 90.0, 0.0, 10940.5947265625
0:01:39.126916, 0.0, 0.0, 90.0, 0.0, 10941.2236328125
0:01:39.214211, 0.0, 0.0, 90.0, 0.0, 10941.7705078125
0:01:39.326879, 0.0, 0.0, 90.0, 0.0, 10942.4814453125
0:01:39.413178, 0.0, 0.0, 90.0, 0.0, 10943.021484375
0:01:39.527774, 0.0, 0.0, 90.0, 0.0, 10943.7451171875
0:01:39.627062, 0.0, 0.0, 90.0, 0.0, 10944.3740234375
0:01:39.714336, 0.0, 0.0, 90.0, 0.0, 10944.919921875
0:01:39.820226, 0.0, 0.0, 90.0, 0.0, 10945.5859375
0:01:39.930756, 0.0, 0.0, 90.0, 0.0, 10946.2841796875
0:01:40.012395, 0.0, 0.0, 90.0, 0.0, 10946.79296875
0:01:40.127467, 0.0, 0.0, 90.0, 0.0, 10947.521484375
0:01:40.216815, 0.0, 0.0, 90.0, 0.0, 10948.0810546875
0:01:40.329282, 0.0, 0.0, 90.0, 0.0, 10948.7919921875
0:01:40.416485, 0.0, 0.0, 90.0, 0.0, 10949.33984375
0:01:40.511910, 0.0, 0.0, 90.0, 0.0, 10949.9365234375
0:01:40.626437, 0.0, 0.0, 90.0, 0.0, 10950.6591796875
0:01:40.722779, 0.0, 0.0, 90.0, 0.0, 10951.26171875
0:01:40.829734, 0.0, 0.0, 90.0, 0.0, 10951.939453125
0:01:40.922786, 0.0, 0.0, 90.0, 0.0, 10952.5234375
0:01:41.036353, 0.0, 0.0, 90.0, 0.0, 10953.234375
0:01:41.134931, 0.0, 0.0, 90.0, 0.0, 10953.8564453125
0:01:41.241769, 0.0, 0.0, 90.0, 0.0, 10954.529296875
0:01:41.336117, 0.0, 0.0, 90.0, 0.0, 10955.1259765625
0:01:41.432828, 0.0, 0.0, 90.0, 0.0, 10955.7294921875
0:01:41.548239, 0.0, 0.0, 90.0, 0.0, 10956.4580078125
0:01:41.647736, 0.0, 0.0, 90.0, 0.0, 10957.0810546875
0:01:41.733917, 0.0, 0.0, 90.0, 0.0, 10957.6279296875
0:01:41.846473, 0.0, 0.0, 90.0, 0.0, 10958.3330078125
0:01:41.930761, 0.0, 0.0, 90.0, 0.0, 10958.8681640625
0:01:42.054075, 0.0, 0.0, 90.0, 0.0, 10959.6416015625
0:01:42.139331, 0.0, 0.0, 90.0, 0.0, 10960.181640625
0:01:42.248233, 0.0, 0.0, 90.0, 0.0, 10960.861328125
0:01:42.347485, 0.0, 0.0, 90.0, 0.0, 10961.490234375
0:01:42.462058, 0.0, 0.0, 90.0, 0.0, 10962.20703125
0:01:42.545392, 0.0, 0.0, 90.0, 0.0, 10962.7353515625
0:01:42.655907, 0.0, 0.0, 90.0, 0.0, 10963.4326171875
0:01:42.750739, 0.0, 0.0, 90.0, 0.0, 10964.029296875
0:01:42.839060, 0.0, 0.0, 90.0, 0.0, 10964.5830078125
0:01:42.959781, 0.0, 0.0, 90.0, 0.0, 10965.34375
0:01:43.048085, 0.0, 0.0, 90.0, 0.0, 10965.896484375
0:01:43.160536, 0.0, 0.0, 90.0, 0.0, 10966.607421875
0:01:43.253544, 0.0, 0.0, 90.0, 0.0, 10967.19140625
0:01:43.361373, 0.0, 0.0, 90.0, 0.0, 10967.87109375
0:01:43.448719, 0.0, 0.0, 90.0, 0.0, 10968.4189453125
0:01:43.546788, 0.0, 0.0, 90.0, 0.0, 10969.0341796875
0:01:43.659296, 0.0, 0.0, 90.0, 0.0, 10969.7451171875
0:01:43.772806, 0.0, 0.0, 90.0, 0.0, 10970.4619140625
0:01:43.857998, 0.0, 0.0, 90.0, 0.0, 10970.99609375
0:01:43.959618, 0.0, 0.0, 90.0, 0.0, 10971.6376953125
0:01:44.059817, 0.0, 0.0, 90.0, 0.0, 10972.2666015625
0:01:44.167986, 0.0, 0.0, 90.0, 0.0, 10972.9453125
0:01:44.269399, 0.0, 0.0, 90.0, 0.0, 10973.5859375
0:01:44.368461, 0.0, 0.0, 90.0, 0.0, 10974.2080078125
0:01:44.481945, 0.0, 0.0, 90.0, 0.0, 10974.9189453125
0:01:44.575953, 0.0, 0.0, 90.0, 0.0, 10975.515625
0:01:44.662250, 0.0, 0.0, 90.0, 0.0, 10976.0556640625
0:01:44.779808, 0.0, 0.0, 90.0, 0.0, 10976.796875
0:01:44.876325, 0.0, 0.0, 90.0, 0.0, 10977.400390625
0:01:44.962659, 0.0, 0.0, 90.0, 0.0, 10977.947265625
0:01:45.075092, 0.0, 0.0, 90.0, 0.0, 10978.6513671875
0:01:45.188547, 0.0, 0.0, 90.0, 0.0, 10979.3681640625
0:01:45.287946, 0.0, 0.0, 90.0, 0.0, 10979.990234375
0:01:45.359965, 0.0, 0.0, 90.0, 0.0, 10980.443359375
0:01:45.482616, 0.0, 0.0, 90.0, 0.0, 10981.216796875
0:01:45.570868, 0.0, 0.0, 90.0, 0.0, 10981.76953125
0:01:45.680731, 0.0, 0.0, 90.0, 0.0, 10982.4619140625
0:01:45.768967, 0.0, 0.0, 90.0, 0.0, 10983.021484375
0:01:45.881437, 0.0, 0.0, 90.0, 0.0, 10983.7255859375
0:01:45.978410, 0.0, 0.0, 90.0, 0.0, 10984.3349609375
0:01:46.085398, 0.0, 0.0, 90.0, 0.0, 10985.0078125
0:01:46.192261, 0.0, 0.0, 90.0, 0.0, 10985.6806640625
0:01:46.281520, 0.0, 0.0, 90.0, 0.0, 10986.24609375
0:01:46.378846, 0.0, 0.0, 90.0, 0.0, 10986.85546875
0:01:46.495452, 0.0, 0.0, 90.0, 0.0, 10987.5908203125
0:01:46.582688, 0.0, 0.0, 90.0, 0.0, 10988.13671875
0:01:46.695273, 0.0, 0.0, 90.0, 0.0, 10988.84765625
0:01:46.781521, 0.0, 0.0, 90.0, 0.0, 10989.388671875
0:01:46.896125, 0.0, 0.0, 90.0, 0.0, 10990.111328125
0:01:47.010651, 0.0, 0.0, 90.0, 0.0, 10990.8330078125
0:01:47.110008, 0.0, 0.0, 90.0, 0.0, 10991.455078125
0:01:47.196294, 0.0, 0.0, 90.0, 0.0, 10991.9951171875
0:01:47.310834, 0.0, 0.0, 90.0, 0.0, 10992.7177734375
0:01:47.409127, 0.0, 0.0, 90.0, 0.0, 10993.3330078125
0:01:47.494436, 0.0, 0.0, 90.0, 0.0, 10993.873046875
0:01:47.590279, 0.0, 0.0, 90.0, 0.0, 10994.4765625
0:01:47.703845, 0.0, 0.0, 90.0, 0.0, 10995.1865234375
0:01:47.800968, 0.0, 0.0, 90.0, 0.0, 10995.8017578125
0:01:47.914520, 0.0, 0.0, 90.0, 0.0, 10996.5126953125
0:01:48.010991, 0.0, 0.0, 90.0, 0.0, 10997.123046875
0:01:48.103839, 0.0, 0.0, 90.0, 0.0, 10997.7080078125
0:01:48.219324, 0.0, 0.0, 90.0, 0.0, 10998.431640625
0:01:48.308627, 0.0, 0.0, 90.0, 0.0, 10998.9970703125
0:01:48.393840, 0.0, 0.0, 90.0, 0.0, 10999.53125
0:01:48.512492, 0.0, 0.0, 90.0, 0.0, 11000.279296875
0:01:48.600678, 0.0, 0.0, 90.0, 0.0, 11000.83203125
0:01:48.699146, 0.0, 0.0, 90.0, 0.0, 11001.455078125
0:01:48.800326, 0.0, 0.0, 90.0, 0.0, 11002.08984375
0:01:48.910272, 0.0, 0.0, 90.0, 0.0, 11002.78125
0:01:49.007121, 0.0, 0.0, 90.0, 0.0, 11003.390625
0:01:49.121661, 0.0, 0.0, 90.0, 0.0, 11004.11328125
0:01:49.214160, 0.0, 0.0, 90.0, 0.0, 11004.69140625
0:01:49.311473, 0.0, 0.0, 90.0, 0.0, 11005.306640625
0:01:49.424027, 0.0, 0.0, 90.0, 0.0, 11006.01171875
0:01:49.521413, 0.0, 0.0, 90.0, 0.0, 11006.6279296875
0:01:49.622658, 0.0, 0.0, 90.0, 0.0, 11007.263671875
0:01:49.734285, 0.0, 0.0, 90.0, 0.0, 11007.9677734375
0:01:49.816178, 0.0, 0.0, 90.0, 0.0, 11008.4833984375
0:01:49.930796, 0.0, 0.0, 90.0, 0.0, 11009.2060546875
0:01:50.022445, 0.0, 0.0, 90.0, 0.0, 11009.7783203125
0:01:50.135988, 0.0, 0.0, 90.0, 0.0, 11010.4951171875
0:01:50.213592, 0.0, 0.0, 90.0, 0.0, 11010.9853515625
0:01:50.328219, 0.0, 0.0, 90.0, 0.0, 11011.7021484375
0:01:50.435034, 0.0, 0.0, 90.0, 0.0, 11012.375
0:01:50.530491, 0.0, 0.0, 90.0, 0.0, 11012.9775390625
0:01:50.615820, 0.0, 0.0, 90.0, 0.0, 11013.5107421875
0:01:50.730363, 0.0, 0.0, 90.0, 0.0, 11014.2333984375
0:01:50.840263, 0.0, 0.0, 90.0, 0.0, 11014.92578125
0:01:50.925616, 0.0, 0.0, 90.0, 0.0, 11015.4599609375
0:01:51.038165, 0.0, 0.0, 90.0, 0.0, 11016.169921875
0:01:51.123445, 0.0, 0.0, 90.0, 0.0, 11016.7041015625
0:01:51.250284, 0.0, 0.0, 90.0, 0.0, 11017.501953125
0:01:51.334567, 0.0, 0.0, 90.0, 0.0, 11018.037109375
