Time, Frequency, Amplitude, Offset, PhaseShift, Phase
0:00:00.076528, 0.0, 0.0, 90.0, 0.0, 0.0
0:00:00.170487, 0.0, 0.0, 90.0, 0.0, 0.0
0:00:00.264283, 0.0, 0.0, 90.0, 0.0, 0.0
0:00:00.359444, 0.0, 0.0, 90.0, 0.0, 0.0
0:00:00.454317, 0.0, 0.0, 90.0, 0.0, 0.0
0:00:00.548044, 0.0, 0.0, 90.0, 0.0, 0.0
0:00:00.657614, 0.0, 0.0, 90.0, 0.0, 0.0
0:00:00.751938, 0.0, 0.0, 90.0, 0.0, 0.0
0:00:00.830615, 0.0, 0.0, 90.0, 0.0, 0.0
0:00:00.940334, 0.0, 0.0, 90.0, 0.0, 0.0
0:00:01.019226, 0.0, 0.0, 90.0, 0.0, 0.0
0:00:01.113105, 0.0, 0.0, 90.0, 0.0, 0.0
0:00:01.207589, 0.0, 0.0, 90.0, 0.0, 0.0
0:00:01.301230, 0.0, 0.0, 90.0, 0.0, 0.0
0:00:01.394986, 0.0, 0.0, 90.0, 0.0, 0.0
0:00:01.488767, 0.0, 0.0, 90.0, 0.0, 0.0
0:00:01.598312, 0.0, 0.0, 90.0, 0.0, 0.0
0:00:01.677150, 0.0, 0.0, 90.0, 0.0, 0.0
0:00:01.755749, 0.0, 0.0, 90.0, 0.0, 0.0
0:00:01.849383, 0.0, 0.0, 90.0, 0.0, 0.0
0:00:01.943130, 0.0, 0.0, 90.0, 0.0, 0.0
0:00:02.038299, 0.0, 0.0, 90.0, 0.0, 0.0
0:00:02.132056, 0.0, 0.0, 90.0, 0.0, 0.0
0:00:02.242550, 0.0, 0.0, 90.0, 0.0, 0.0
0:00:02.305043, 0.0, 0.0, 90.0, 0.0, 0.0
0:00:02.398809, 0.0, 0.0, 90.0, 0.0, 0.0
0:00:02.508270, 0.0, 0.0, 90.0, 0.0, 0.0
0:00:02.601982, 0.0, 0.0, 90.0, 0.0, 0.0
0:00:02.695575, 0.0, 0.0, 90.0, 0.0, 0.0
0:00:02.790088, 0.0, 0.0, 90.0, 0.0, 0.0
0:00:02.899458, 0.0, 0.0, 90.0, 0.0, 0.0
0:00:02.993256, 0.0, 0.0, 90.0, 0.0, 0.0
0:00:03.055521, 0.0, 0.0, 90.0, 0.0, 0.0
0:00:03.165134, 0.0, 0.0, 90.0, 0.0, 0.0
0:00:03.259392, 0.0, 0.0, 90.0, 0.0, 0.0
0:00:03.353145, 0.0, 0.0, 90.0, 0.0, 0.0
0:00:03.446896, 0.0, 0.0, 90.0, 0.0, 0.0
0:00:03.556453, 0.0, 0.0, 90.0, 0.0, 0.0
0:00:03.650021, 0.0, 0.0, 90.0, 0.0, 0.0
0:00:03.743757, 0.0, 0.0, 90.0, 0.0, 0.0
0:00:03.837523, 0.0, 0.0, 90.0, 0.0, 0.0
0:00:03.915766, 0.0, 0.0, 90.0, 0.0, 0.0
0:00:04.009397, 0.0, 0.0, 90.0, 0.0, 0.0
0:00:04.103816, 0.0, 0.0, 90.0, 0.0, 0.0
0:00:04.213348, 0.0, 0.0, 90.0, 0.0, 0.0
0:00:04.275656, 0.0, 0.0, 90.0, 0.0, 0.0
0:00:04.385223, 0.0, 0.0, 90.0, 0.0, 0.0
0:00:04.479000, 0.0, 0.0, 90.0, 0.0, 0.0
0:00:04.572564, 0.0, 0.0, 90.0, 0.0, 0.0
0:00:04.666474, 0.0, 0.0, 90.0, 0.0, 0.0
0:00:04.760063, 0.0, 0.0, 90.0, 0.0, 0.0
0:00:04.869595, 0.0, 0.0, 90.0, 0.0, 0.0
0:00:04.964173, 0.0, 0.0, 90.0, 0.0, 0.0
0:00:05.058701, 0.0, 0.0, 90.0, 0.0, 0.0
0:00:05.154464, 0.0, 0.0, 90.0, 0.0, 0.0
0:00:05.248022, 0.0, 0.0, 90.0, 0.0, 0.0
0:00:05.326319, 0.0, 0.0, 90.0, 0.0, 0.0
0:00:05.435504, 0.0, 0.0, 90.0, 0.0, 0.0
0:00:05.529273, 0.0, 0.0, 90.0, 0.0, 0.0
0:00:05.623069, 0.0, 0.0, 90.0, 0.0, 0.0
0:00:05.732576, 0.0, 0.0, 90.0, 0.0, 0.0
0:00:05.826147, 0.0, 0.0, 90.0, 0.0, 0.0
0:00:05.889114, 0.0, 0.0, 90.0, 0.0, 0.0
0:00:05.998945, 0.0, 0.0, 90.0, 0.0, 0.0
0:00:06.093620, 0.0, 0.0, 90.0, 0.0, 0.0
0:00:06.188114, 0.0, 0.0, 90.0, 0.0, 0.0
0:00:06.282177, 0.0, 0.0, 90.0, 0.0, 0.0
0:00:06.375929, 0.0, 0.0, 90.0, 0.0, 0.0
0:00:06.469678, 0.0, 0.0, 90.0, 0.0, 0.0
0:00:06.563521, 0.0, 0.0, 90.0, 0.0, 0.0
0:00:06.657178, 0.0, 0.0, 90.0, 0.0, 0.0
0:00:06.750897, 0.0, 0.0, 90.0, 0.0, 0.0
0:00:06.861690, 0.0, 0.0, 90.0, 0.0, 0.0
0:00:06.924187, 0.0, 0.0, 90.0, 0.0, 0.0
0:00:07.033941, 0.0, 0.0, 90.0, 0.0, 0.0
0:00:07.128911, 0.0, 0.0, 90.0, 0.0, 0.0
0:00:07.223732, 0.0, 0.0, 90.0, 0.0, 0.0
0:00:07.317512, 0.0, 0.0, 90.0, 0.0, 0.0
0:00:07.411260, 0.0, 0.0, 90.0, 0.0, 0.0
0:00:07.475567, 0.0, 0.0, 90.0, 0.0, 0.0
0:00:07.584294, 0.0, 0.0, 90.0, 0.0, 0.0
0:00:07.678045, 0.0, 0.0, 90.0, 0.0, 0.0
0:00:07.771770, 0.0, 0.0, 90.0, 0.0, 0.0
0:00:07.866259, 0.0, 0.0, 90.0, 0.0, 0.0
0:00:07.960851, 0.0, 0.0, 90.0, 0.0, 0.0
0:00:08.055229, 0.0, 0.0, 90.0, 0.0, 0.0
0:00:08.149416, 0.0, 0.0, 90.0, 0.0, 0.0
0:00:08.244123, 0.0, 0.0, 90.0, 0.0, 0.0
0:00:08.338057, 0.0, 0.0, 90.0, 0.0, 0.0
0:00:08.447880, 0.0, 0.0, 90.0, 0.0, 0.0
0:00:08.510265, 0.0, 0.0, 90.0, 0.0, 0.0
0:00:08.604114, 0.0, 0.0, 90.0, 0.0, 0.0
0:00:08.699735, 0.0, 0.0, 90.0, 0.0, 0.0
0:00:08.793132, 0.0, 0.0, 90.0, 0.0, 0.0
0:00:08.903165, 0.0, 0.0, 90.0, 0.0, 0.0
0:00:08.997665, 0.0, 0.0, 90.0, 0.0, 0.0
0:00:09.091677, 0.0, 0.0, 90.0, 0.0, 0.0
0:00:09.201910, 0.0, 0.0, 90.0, 0.0, 0.0
0:00:09.295754, 0.0, 0.0, 90.0, 0.0, 0.0
0:00:09.390881, 0.0, 0.0, 90.0, 0.0, 0.0
0:00:09.453836, 0.0, 0.0, 90.0, 0.0, 0.0
0:00:09.579888, 0.0, 0.0, 90.0, 0.0, 0.0
0:00:09.658791, 0.0, 0.0, 90.0, 0.0, 0.0
0:00:09.752541, 0.0, 0.0, 90.0, 0.0, 0.0
0:00:09.846290, 0.0, 0.0, 90.0, 0.0, 0.0
0:00:09.940501, 0.0, 0.0, 90.0, 0.0, 0.0
0:00:10.040617, 0.0, 0.0, 90.0, 0.0, 0.0
0:00:10.107232, 0.0, 0.0, 90.0, 0.0, 0.0
0:00:10.213569, 0.0, 0.0, 90.0, 0.0, 0.0
0:00:10.308193, 0.0, 0.0, 90.0, 0.0, 0.0
0:00:10.402485, 0.0, 0.0, 90.0, 0.0, 0.0
0:00:10.496556, 0.0, 0.0, 90.0, 0.0, 0.0
0:00:10.591105, 0.0, 0.0, 90.0, 0.0, 0.0
0:00:10.685697, 0.0, 0.0, 90.0, 0.0, 0.0
0:00:10.779819, 0.0, 0.0, 90.0, 0.0, 0.0
0:00:10.890247, 0.0, 0.0, 90.0, 0.0, 0.0
0:00:10.984622, 0.0, 0.0, 90.0, 0.0, 0.0
0:00:11.062746, 0.0, 0.0, 90.0, 0.0, 0.0
0:00:11.141899, 0.0, 0.0, 90.0, 0.0, 0.0
0:00:11.251845, 0.0, 0.0, 90.0, 0.0, 0.0
0:00:11.346041, 0.0, 0.0, 90.0, 0.0, 0.0
0:00:11.439790, 0.0, 0.0, 90.0, 0.0, 0.0
0:00:11.534046, 0.0, 0.0, 90.0, 0.0, 0.0
0:00:11.643608, 0.0, 0.0, 90.0, 0.0, 0.0
0:00:11.737304, 0.0, 0.0, 90.0, 0.0, 0.0
0:00:11.816172, 0.0, 0.0, 90.0, 0.0, 0.0
0:00:11.926659, 0.0, 0.0, 90.0, 0.0, 0.0
0:00:12.020930, 0.0, 0.0, 90.0, 0.0, 0.0
0:00:12.115025, 0.0, 0.0, 90.0, 0.0, 0.0
0:00:12.208774, 0.0, 0.0, 90.0, 0.0, 0.0
0:00:12.303163, 0.0, 0.0, 90.0, 0.0, 0.0
0:00:12.382607, 0.0, 0.0, 90.0, 0.0, 0.0
0:00:12.492469, 0.0, 0.0, 90.0, 0.0, 0.0
0:00:12.570728, 0.0, 0.0, 90.0, 0.0, 0.0
0:00:12.664345, 0.0, 0.0, 90.0, 0.0, 0.0
0:00:12.758988, 0.0, 0.0, 90.0, 0.0, 0.0
0:00:12.853023, 0.0, 0.0, 90.0, 0.0, 0.0
0:00:12.947926, 0.0, 0.0, 90.0, 0.0, 0.0
0:00:13.057989, 0.0, 0.0, 90.0, 0.0, 0.0
0:00:13.152204, 0.0, 0.0, 90.0, 0.0, 0.0
0:00:13.230451, 0.0, 0.0, 90.0, 0.0, 0.0
0:00:13.324617, 0.0, 0.0, 90.0, 0.0, 0.0
0:00:13.418366, 0.0, 0.0, 90.0, 0.0, 0.0
0:00:13.512116, 0.0, 0.0, 90.0, 0.0, 0.0
0:00:13.605841, 0.0, 0.0, 90.0, 0.0, 0.0
0:00:13.715237, 0.0, 0.0, 90.0, 0.0, 0.0
0:00:13.809589, 0.0, 0.0, 90.0, 0.0, 0.0
0:00:13.903198, 0.0, 0.0, 90.0, 0.0, 0.0
0:00:13.998318, 0.0, 0.0, 90.0, 0.0, 0.0
0:00:14.077618, 0.0, 0.0, 90.0, 0.0, 0.0
0:00:14.171214, 0.0, 0.0, 90.0, 0.0, 0.0
0:00:14.265536, 0.0, 0.0, 90.0, 0.0, 0.0
0:00:14.359308, 0.0, 0.0, 90.0, 0.0, 0.0
0:00:14.454286, 0.0, 0.0, 90.0, 0.0, 0.0
0:00:14.563884, 0.0, 0.0, 90.0, 0.0, 0.0
0:00:14.626586, 0.0, 0.0, 90.0, 0.0, 0.0
0:00:14.721204, 0.0, 0.0, 90.0, 0.0, 0.0
0:00:14.846639, 0.0, 0.0, 90.0, 0.0, 0.0
0:00:14.910195, 0.0, 0.0, 90.0, 0.0, 0.0
0:00:15.010127, 0.0, 0.0, 90.0, 0.0, 0.0
0:00:15.114445, 0.0, 0.0, 90.0, 0.0, 0.0
0:00:15.192666, 0.0, 0.0, 90.0, 0.0, 0.0
0:00:15.271117, 0.0, 0.0, 90.0, 0.0, 0.0
0:00:15.364868, 0.0, 0.0, 90.0, 0.0, 0.0
0:00:15.475242, 0.0, 0.0, 90.0, 0.0, 0.0
0:00:15.568991, 0.0, 0.0, 90.0, 0.0, 0.0
0:00:15.662564, 0.0, 0.0, 90.0, 0.0, 0.0
0:00:15.772108, 0.0, 0.0, 90.0, 0.0, 0.0
0:00:15.866556, 0.0, 0.0, 90.0, 0.0, 0.0
0:00:15.929847, 0.0, 0.0, 90.0, 0.0, 0.0
0:00:16.055880, 0.0, 0.0, 90.0, 0.0, 0.0
0:00:16.149633, 0.0, 0.0, 90.0, 0.0, 0.0
0:00:16.212161, 0.0, 0.0, 90.0, 0.0, 0.0
0:00:16.305855, 0.0, 0.0, 90.0, 0.0, 0.0
0:00:16.416035, 0.0, 0.0, 90.0, 0.0, 0.0
0:00:16.509961, 0.0, 0.0, 90.0, 0.0, 0.0
0:00:16.603535, 0.0, 0.0, 90.0, 0.0, 0.0
0:00:16.697285, 0.0, 0.0, 90.0, 0.0, 0.0
0:00:16.806747, 0.0, 0.0, 90.0, 0.0, 0.0
0:00:16.869261, 0.0, 0.0, 90.0, 0.0, 0.0
0:00:16.994268, 0.0, 0.0, 90.0, 0.0, 0.0
0:00:17.088738, 0.0, 0.0, 90.0, 0.0, 0.0
0:00:17.182486, 0.0, 0.0, 90.0, 0.0, 0.0
0:00:17.244969, 0.0, 0.0, 90.0, 0.0, 0.0
0:00:17.354485, 0.0, 0.0, 90.0, 0.0, 0.0
0:00:17.448521, 0.0, 0.0, 90.0, 0.0, 0.0
0:00:17.526819, 0.0, 0.0, 90.0, 0.0, 0.0
0:00:17.636022, 0.0, 0.0, 90.0, 0.0, 0.0
0:00:17.729918, 0.0, 0.0, 90.0, 0.0, 0.0
0:00:17.808851, 0.0, 0.0, 90.0, 0.0, 0.0
0:00:17.904026, 0.0, 0.0, 90.0, 0.0, 0.0
0:00:17.999525, 0.0, 0.0, 90.0, 0.0, 0.0
0:00:18.109578, 0.0, 0.0, 90.0, 0.0, 0.0
0:00:18.203177, 0.0, 0.0, 90.0, 0.0, 0.0
0:00:18.296925, 0.0, 0.0, 90.0, 0.0, 0.0
0:00:18.390677, 0.0, 0.0, 90.0, 0.0, 0.0
0:00:18.484427, 0.0, 0.0, 90.0, 0.0, 0.0
0:00:18.578176, 0.0, 0.0, 90.0, 0.0, 0.0
0:00:18.687635, 0.0, 0.0, 90.0, 0.0, 0.0
0:00:18.781298, 0.0, 0.0, 90.0, 0.0, 0.0
0:00:18.859552, 0.0, 0.0, 90.0, 0.0, 0.0
0:00:18.953177, 0.0, 0.0, 90.0, 0.0, 0.0
0:00:19.047616, 0.0, 0.0, 90.0, 0.0, 0.0
0:00:19.141458, 0.0, 0.0, 90.0, 0.0, 0.0
0:00:19.235136, 0.0, 0.0, 90.0, 0.0, 0.0
0:00:19.329963, 0.0, 0.0, 90.0, 0.0, 0.0
0:00:19.439381, 0.0, 0.0, 90.0, 0.0, 0.0
0:00:19.501850, 0.0, 0.0, 90.0, 0.0, 0.0
0:00:19.595646, 0.0, 0.0, 89.61809539794922, 0.0, 0.0
0:00:19.705001, 0.0, 0.0, 87.39602661132812, 0.0, 0.0
0:00:19.798752, 0.0, 0.0, 83.26646423339844, 0.0, 0.0
0:00:19.892986, 0.0, 0.0, 79.25183868408203, 0.0, 0.0
0:00:20.003294, 0.0, 0.0, 75.39205169677734, 0.0, 0.0
0:00:20.064204, 0.0, 0.0, 72.73858642578125, 0.0, 0.0
0:00:20.173957, 0.0, 0.0, 69.23135375976562, 0.0, 0.0
0:00:20.254828, 0.0, 0.0, 65.92664337158203, 0.0, 0.0
0:00:20.362894, 0.0, 0.0, 62.684226989746094, 0.0, 0.0
0:00:20.457158, 0.0, 0.0, 59.691810607910156, 0.0, 0.0
0:00:20.551346, 0.0, 0.0, 57.073299407958984, 0.0, 0.0
0:00:20.645071, 0.0, 0.0, 54.2661247253418, 0.0, 0.0
0:00:20.739352, 0.0, 0.0, 51.570682525634766, 0.0, 0.0
0:00:20.818280, 0.0, 0.0, 49.806297302246094, 0.0, 0.0
0:00:20.943995, 0.0, 0.0, 46.859222412109375, 0.0, 0.0
0:00:21.006974, 0.0, 0.0, 45.232749938964844, 0.0, 0.0
0:00:21.100727, 0.0, 0.0, 43.0735969543457, 0.0, 0.0
0:00:21.194477, 0.0, 0.0, 41.12120056152344, 0.0, 0.0
0:00:21.303986, 0.0, 0.0, 39.09850311279297, 0.0, 0.0
0:00:21.397602, 0.0, 0.0, 37.23204040527344, 0.0, 0.0
0:00:21.491355, 0.0, 0.0, 35.47249221801758, 0.0, 0.0
0:00:21.585103, 0.0, 0.0, 33.813507080078125, 0.0, 0.0
0:00:21.694652, 0.0, 0.0, 32.1502685546875, 0.0, 0.0
0:00:21.788365, 0.0, 0.0, 30.631013870239258, 0.0, 0.0
0:00:21.883032, 0.0, 0.0, 29.13926887512207, 0.0, 0.0
0:00:21.968073, 0.0, 0.0, 27.734262466430664, 0.0, 0.0
0:00:22.040429, 0.0, 0.0, 26.798973083496094, 0.0, 0.0
0:00:22.134180, 0.0, 0.0, 25.5455265045166, 0.0, 0.0
0:00:22.244169, 0.0, 0.0, 24.313875198364258, 0.0, 0.0
0:00:22.337904, 0.0, 0.0, 23.223722457885742, 0.0, 0.0
0:00:22.431795, 0.0, 0.0, 22.12637710571289, 0.0, 0.0
0:00:22.525428, 0.0, 0.0, 21.070037841796875, 0.0, 0.0
0:00:22.619878, 0.0, 0.0, 20.084701538085938, 0.0, 0.0
0:00:22.714021, 0.0, 0.0, 19.164749145507812, 0.0, 0.0
0:00:22.807772, 0.0, 0.0, 18.24993896484375, 0.0, 0.0
0:00:22.901520, 0.0, 0.0, 17.352365493774414, 0.0, 0.0
0:00:23.011691, 0.0, 0.0, 16.498886108398438, 0.0, 0.0
0:00:23.074206, 0.0, 0.0, 15.934350967407227, 0.0, 0.0
0:00:23.184764, 0.0, 0.0, 15.142821311950684, 0.0, 0.0
0:00:23.278778, 0.0, 0.0, 14.412673950195312, 0.0, 0.0
0:00:23.372399, 0.0, 0.0, 13.703667640686035, 0.0, 0.0
0:00:23.466149, 0.0, 0.0, 13.062771797180176, 0.0, 0.0
0:00:23.559897, 0.0, 0.0, 12.458209037780762, 0.0, 0.0
0:00:23.653645, 0.0, 0.0, 11.869451522827148, 0.0, 0.0
0:00:23.747375, 0.0, 0.0, 11.31434154510498, 0.0, 0.0
0:00:23.856773, 0.0, 0.0, 10.752301216125488, 0.0, 0.0
0:00:23.951052, 0.0, 0.0, 10.254632949829102, 0.0, 0.0
0:00:24.014340, 0.0, 0.0, 9.898768424987793, 0.0, 0.0
0:00:24.123866, 0.0, 0.0, 9.416670799255371, 0.0, 0.0
0:00:24.233936, 0.0, 0.0, 8.877542495727539, 0.0, 0.0
0:00:24.312214, 0.0, 0.0, 8.569367408752441, 0.0, 0.0
0:00:24.405811, 0.0, 0.0, 8.151984214782715, 0.0, 0.0
0:00:24.499959, 0.0, 0.0, 7.754931926727295, 0.0, 0.0
0:00:24.594610, 0.0, 0.0, 7.392274379730225, 0.0, 0.0
0:00:24.688362, 0.0, 0.0, 7.064388275146484, 0.0, 0.0
0:00:24.782080, 0.0, 0.0, 6.744208812713623, 0.0, 0.0
0:00:24.877007, 0.0, 0.0, 6.435312747955322, 0.0, 0.0
0:00:24.970856, 0.0, 0.0, 6.128122806549072, 0.0, 0.0
0:00:25.062374, 0.0, 0.0, 5.829684257507324, 0.0, 0.0
0:00:25.172455, 0.0, 0.0, 5.542950630187988, 0.0, 0.0
0:00:25.266256, 0.0, 0.0, 5.278379917144775, 0.0, 0.0
0:00:25.328723, 0.0, 0.0, 5.08742094039917, 0.0, 0.0
0:00:25.423382, 0.0, 0.0, 4.8519206047058105, 0.0, 0.0
0:00:25.517329, 0.0, 0.0, 4.6203179359436035, 0.0, 0.0
0:00:25.610885, 0.0, 0.0, 4.417654514312744, 0.0, 0.0
0:00:25.720291, 0.0, 0.0, 4.200371742248535, 0.0, 0.0
0:00:25.815266, 0.0, 0.0, 3.993786096572876, 0.0, 0.0
0:00:25.909758, 0.0, 0.0, 3.808903932571411, 0.0, 0.0
0:00:26.004891, 0.0, 0.0, 3.639986991882324, 0.0, 0.0
0:00:26.099546, 0.0, 0.0, 3.4680044651031494, 0.0, 0.0
0:00:26.193595, 0.0, 0.0, 3.300776720046997, 0.0, 0.0
0:00:26.272214, 0.0, 0.0, 3.1813230514526367, 0.0, 0.0
0:00:26.366011, 0.0, 0.0, 3.6150448322296143, 0.0, 0.0
0:00:26.460175, 0.0, 0.0, 4.0234150886535645, 0.0, 0.0
0:00:26.569706, 0.0, 0.0, 4.423464298248291, 0.0, 0.0
0:00:26.664403, 0.0, 0.0, 4.759493827819824, 0.0, 0.0
0:00:26.758199, 0.0, 0.0, 5.108633518218994, 0.0, 0.0
0:00:26.820671, 0.0, 0.0, 5.354574203491211, 0.0, 0.0
0:00:26.914422, 0.0, 0.0, 5.65895938873291, 0.0, 0.0
0:00:27.010334, 0.0, 0.0, 5.964704990386963, 0.0, 0.0
0:00:27.119253, 0.0, 0.0, 6.255708694458008, 0.0, 0.0
0:00:27.200763, 0.0, 0.0, 6.538262367248535, 0.0, 0.0
0:00:27.309907, 0.0, 0.0, 6.424446105957031, 0.0, 0.0
0:00:27.404912, 0.0, 0.0, 9.569263458251953, 0.0, 0.0
0:00:27.498640, 0.0, 0.0, 17.559085845947266, 0.0, 0.0
0:00:27.608181, 0.0, 0.0, 25.392005920410156, 0.0, 0.0
0:00:27.701766, 0.0, 0.0, 33.22238540649414, 0.0, 0.0
0:00:27.780039, 0.0, 0.0, 38.31597137451172, 0.0, 0.0
0:00:27.858488, 0.0, 0.0, 44.531253814697266, 0.0, 0.0
0:00:27.984458, 0.0, 0.0, 52.5463752746582, 0.0, 0.0
0:00:28.048818, 0.0, 0.0, 56.90694808959961, 0.0, 0.0
0:00:28.143094, 0.0, 0.0, 62.48638153076172, 0.0, 0.0
0:00:28.253090, 0.0, 0.0, 68.20962524414062, 0.0, 0.0
0:00:28.346731, 0.0, 0.0, 73.59980773925781, 0.0, 0.0
0:00:28.440478, 0.0, 0.0, 78.83348083496094, 0.0, 0.0
0:00:28.534205, 0.0, 0.0, 83.61405944824219, 0.0, 0.0
0:00:28.644008, 0.0, 0.0, 88.26154327392578, 0.0, 0.0
0:00:28.722309, 0.0, 0.0, 92.68489074707031, 0.0, 0.0
0:00:28.832261, 0.0, 0.0, 96.76844024658203, 0.0, 0.0
0:00:28.926185, 0.0, 0.0, 100.6605224609375, 0.0, 0.0
0:00:28.988486, 0.0, 0.0, 103.45267486572266, 0.0, 0.0
0:00:29.098622, 0.0, 0.0, 107.21765899658203, 0.0, 0.0
0:00:29.193539, 0.0, 0.0, 110.79747009277344, 0.0, 0.0
0:00:29.287462, 0.0, 0.0, 113.90019989013672, 0.0, 0.0
0:00:29.381883, 0.0, 0.0, 117.02349090576172, 0.0, 0.0
0:00:29.475610, 0.0, 0.0, 120.06072235107422, 0.0, 0.0
0:00:29.569995, 0.0, 0.0, 122.92257690429688, 0.0, 0.0
0:00:29.663749, 0.0, 0.0, 125.56439971923828, 0.0, 0.0
0:00:29.773593, 0.0, 0.0, 128.26846313476562, 0.0, 0.0
0:00:29.867346, 0.0, 0.0, 130.71282958984375, 0.0, 0.0
0:00:29.961092, 0.0, 0.0, 133.06536865234375, 0.0, 0.0
0:00:30.039835, 0.0, 0.0, 134.7633514404297, 0.0, 0.0
0:00:30.133602, 0.0, 0.0, 136.9444122314453, 0.0, 0.0
0:00:30.227327, 0.0, 0.0, 139.0413360595703, 0.0, 0.0
0:00:30.337206, 0.0, 0.0, 141.09530639648438, 0.0, 0.0
0:00:30.399678, 0.0, 0.0, 142.46435546875, 0.0, 0.0
0:00:30.525238, 0.0, 0.0, 144.6132354736328, 0.0, 0.0
0:00:30.587715, 0.0, 0.0, 145.8586883544922, 0.0, 0.0
0:00:30.681520, 0.0, 0.0, 147.4387969970703, 0.0, 0.0
0:00:30.791113, 0.0, 0.0, 149.02467346191406, 0.0, 0.0
0:00:30.884683, 0.0, 0.0, 150.53306579589844, 0.0, 0.0
0:00:30.978410, 0.0, 0.0, 151.95387268066406, 0.0, 0.0
0:00:31.088348, 0.0, 0.0, 153.34695434570312, 0.0, 0.0
0:00:31.182505, 0.0, 0.0, 154.619140625, 0.0, 0.0
0:00:31.276253, 0.0, 0.0, 155.78152465820312, 0.0, 0.0
0:00:31.338753, 0.0, 0.0, 156.6339111328125, 0.0, 0.0
0:00:31.448470, 0.0, 0.0, 157.7605438232422, 0.0, 0.0
0:00:31.543114, 0.0, 0.0, 158.8544158935547, 0.0, 0.0
0:00:31.637710, 0.0, 0.0, 159.89454650878906, 0.0, 0.0
0:00:31.747233, 0.0, 0.0, 160.87380981445312, 0.0, 0.0
0:00:31.809593, 0.0, 0.0, 161.55633544921875, 0.0, 0.0
0:00:31.919131, 0.0, 0.0, 162.45458984375, 0.0, 0.0
0:00:32.012853, 0.0, 0.0, 163.26661682128906, 0.0, 0.0
0:00:32.091796, 0.0, 0.0, 164.07339477539062, 0.0, 0.0
0:00:32.202023, 0.0, 0.0, 164.84906005859375, 0.0, 0.0
0:00:32.295772, 0.0, 0.0, 165.55776977539062, 0.0, 0.0
0:00:32.394613, 0.0, 0.0, 166.2681121826172, 0.0, 0.0
0:00:32.499544, 0.0, 0.0, 166.94345092773438, 0.0, 0.0
0:00:32.562683, 0.0, 0.0, 167.39663696289062, 0.0, 0.0
0:00:32.672303, 0.0, 0.0, 168.0165252685547, 0.0, 0.0
0:00:32.766071, 0.0, 0.0, 168.5826873779297, 0.0, 0.0
0:00:32.859902, 0.0, 0.0, 169.1166229248047, 0.0, 0.0
0:00:32.953546, 0.0, 0.0, 169.65728759765625, 0.0, 0.0
0:00:33.063673, 0.0, 0.0, 170.1810760498047, 0.0, 0.0
0:00:33.126149, 0.0, 0.0, 170.5315399169922, 0.0, 0.0
0:00:33.219925, 0.0, 0.0, 170.9606170654297, 0.0, 0.0
0:00:33.313674, 0.0, 0.0, 171.38336181640625, 0.0, 0.0
0:00:33.423050, 0.0, 0.0, 171.8155517578125, 0.0, 0.0
0:00:33.516830, 0.0, 0.0, 172.2220458984375, 0.0, 0.0
0:00:33.626160, 0.0, 0.0, 172.60459899902344, 0.0, 0.0
0:00:33.719924, 0.0, 0.0, 172.95758056640625, 0.0, 0.0
0:00:33.798174, 0.0, 0.0, 173.20547485351562, 0.0, 0.0
0:00:33.891907, 0.0, 0.0, 173.5298309326172, 0.0, 0.0
0:00:33.985550, 0.0, 0.0, 173.82928466796875, 0.0, 0.0
0:00:34.079298, 0.0, 0.0, 174.13279724121094, 0.0, 0.0
0:00:34.188817, 0.0, 0.0, 174.42422485351562, 0.0, 0.0
0:00:34.282423, 0.0, 0.0, 174.6957550048828, 0.0, 0.0
0:00:34.344924, 0.0, 0.0, 174.87464904785156, 0.0, 0.0
0:00:34.438673, 0.0, 0.0, 175.11187744140625, 0.0, 0.0
0:00:34.563674, 0.0, 0.0, 175.40106201171875, 0.0, 0.0
0:00:34.626173, 0.0, 0.0, 175.5539093017578, 0.0, 0.0
0:00:34.735674, 0.0, 0.0, 175.77261352539062, 0.0, 0.0
0:00:34.829430, 0.0, 0.0, 175.97036743164062, 0.0, 0.0
0:00:34.923050, 0.0, 0.0, 176.16473388671875, 0.0, 0.0
0:00:35.017231, 0.0, 0.0, 176.3403778076172, 0.0, 0.0
0:00:35.115784, 0.0, 0.0, 176.5115203857422, 0.0, 0.0
0:00:35.209365, 0.0, 0.0, 176.67636108398438, 0.0, 0.0
0:00:35.271865, 0.0, 0.0, 176.7900848388672, 0.0, 0.0
0:00:35.365614, 0.0, 0.0, 176.9386444091797, 0.0, 0.0
0:00:35.477586, 0.0, 0.0, 177.11541748046875, 0.0, 0.0
0:00:35.585900, 0.0, 0.0, 177.251708984375, 0.0, 0.0
0:00:35.648985, 0.0, 0.0, 177.34437561035156, 0.0, 0.0
0:00:35.758558, 0.0, 0.0, 177.47499084472656, 0.0, 0.0
0:00:35.852946, 0.0, 0.0, 177.59796142578125, 0.0, 0.0
0:00:35.946737, 0.0, 0.0, 177.7161102294922, 0.0, 0.0
0:00:36.056111, 0.0, 0.0, 177.82955932617188, 0.0, 0.0
0:00:36.150628, 0.0, 0.0, 177.93002319335938, 0.0, 0.0
0:00:36.244344, 0.0, 0.0, 178.02481079101562, 0.0, 0.0
0:00:36.337954, 0.0, 0.0, 178.1190948486328, 0.0, 0.0
0:00:36.416073, 0.0, 0.0, 178.20159912109375, 0.0, 0.0
0:00:36.526998, 0.0, 0.0, 178.2874298095703, 0.0, 0.0
0:00:36.589861, 0.0, 0.0, 178.34854125976562, 0.0, 0.0
0:00:36.684473, 0.0, 0.0, 178.4273681640625, 0.0, 0.0
0:00:36.793829, 0.0, 0.0, 178.5047149658203, 0.0, 0.0
0:00:36.872374, 0.0, 0.0, 178.57176208496094, 0.0, 0.0
0:00:36.966122, 0.0, 0.0, 178.6378936767578, 0.0, 0.0
0:00:37.076434, 0.0, 0.0, 178.70423889160156, 0.0, 0.0
0:00:37.160198, 0.021696390584111214, 0.0, 178.76670837402344, 0.0, 0.004443594720214605
0:00:37.265805, 0.04255595803260803, 0.0, 178.82676696777344, 0.0, 0.022230423986911774
0:00:37.375330, 0.06279411911964417, 0.0, 178.88504028320312, 0.0, 0.05348099023103714
0:00:37.469687, 0.08183890581130981, 0.0, 178.9398651123047, 0.0, 0.09690050035715103
0:00:37.564267, 0.09888136386871338, 0.0, 178.9889373779297, 0.0, 0.1485174596309662
0:00:37.627002, 0.11089681833982468, 0.0, 179.02354431152344, 0.0, 0.1926196962594986
0:00:37.721704, 0.12724731862545013, 3.510719060897827, 179.0706329345703, 0.0, 0.26424160599708557
0:00:37.831081, 0.14281058311462402, 6.688781261444092, 179.11544799804688, 0.0, 0.345756471157074
0:00:37.924703, 0.15717850625514984, 9.480547904968262, 179.1568145751953, 0.0, 0.4338100850582123
0:00:38.018433, 0.17101307213306427, 12.039817810058594, 179.1966552734375, 0.0, 0.5313935279846191
0:00:38.128010, 0.1848706305027008, 14.478480339050293, 179.23655700683594, 0.0, 0.6428250074386597
0:00:38.221579, 0.19816678762435913, 16.69950294494629, 179.2748565673828, 0.0, 0.7641386985778809
0:00:38.315329, 0.2099437117576599, 18.568655014038086, 179.3087615966797, 0.0, 0.8847516775131226
0:00:38.393454, 0.2188647985458374, 19.926124572753906, 179.33444213867188, 0.0, 0.9847034811973572
0:00:38.488510, 0.23000942170619965, 21.546167373657227, 179.3665313720703, 0.0, 1.1217445135116577
0:00:38.582975, 0.2408304512500763, 23.041664123535156, 179.397705078125, 0.0, 1.268506646156311
0:00:38.676740, 0.25041186809539795, 24.301279067993164, 179.42529296875, 0.0, 1.4110544919967651
0:00:38.786269, 0.25984203815460205, 25.482364654541016, 179.4524383544922, 0.0, 1.563984990119934
0:00:38.880062, 0.26873722672462463, 26.543434143066406, 179.47805786132812, 0.0, 1.7208110094070435
0:00:38.973636, 0.2774771451950073, 27.53559684753418, 179.5032196044922, 0.0, 1.8880703449249268
0:00:39.052820, 0.2855457365512848, 28.407154083251953, 179.5264434814453, 0.0, 2.055283784866333
0:00:39.130367, 0.291175901889801, 28.990968704223633, 179.54266357421875, 0.0, 2.1796257495880127
0:00:39.239866, 0.2987572252750397, 29.743436813354492, 179.56448364257812, 0.0, 2.3586173057556152
0:00:39.333492, 0.3061223328113556, 30.43866539001465, 179.585693359375, 0.0, 2.545980453491211
0:00:39.397014, 0.311044842004776, 30.883865356445312, 179.59986877441406, 0.0, 2.679215431213379
0:00:39.507772, 0.31787896156311035, 31.4755802154541, 179.6195526123047, 0.0, 2.8760786056518555
0:00:39.602788, 0.32437705993652344, 32.01005935668945, 179.63827514648438, 0.0, 3.077164888381958
0:00:39.696532, 0.33007022738456726, 32.45561599731445, 179.6546630859375, 0.0, 3.2657461166381836
0:00:39.790162, 0.3358525335788727, 32.88675308227539, 179.67132568359375, 0.0, 3.470172166824341
0:00:39.884003, 0.3414114713668823, 33.28086853027344, 179.6873321533203, 0.0, 3.680232524871826
0:00:39.991420, 0.3469095230102539, 33.65109634399414, 179.70315551757812, 0.0, 3.9023678302764893
0:00:40.086943, 0.3518301248550415, 33.965694427490234, 179.7173309326172, 0.0, 4.114794731140137
0:00:40.165215, 0.35528498888015747, 34.17739486694336, 179.72727966308594, 0.0, 4.272127628326416
0:00:40.258821, 0.3599432706832886, 34.450469970703125, 179.74069213867188, 0.0, 4.496333122253418
0:00:40.352570, 0.3642417788505554, 34.68997573852539, 179.75306701660156, 0.0, 4.716577529907227
0:00:40.462116, 0.36846014857292175, 34.91352462768555, 179.7652130126953, 0.0, 4.9463114738464355
0:00:40.556417, 0.37251028418540955, 35.117374420166016, 179.77687072753906, 0.0, 5.1809868812561035
0:00:40.635291, 0.3752760589122772, 35.250606536865234, 179.7848358154297, 0.0, 5.349806785583496
0:00:40.728909, 0.37880659103393555, 35.41331481933594, 179.7949981689453, 0.0, 5.576874256134033
0:00:40.823158, 0.382135808467865, 35.55939865112305, 179.80458068847656, 0.0, 5.80364465713501
0:00:40.917747, 0.385244220495224, 35.68938064575195, 179.81353759765625, 0.0, 6.027534008026123
0:00:41.012067, 0.3883667588233948, 35.81375503540039, 179.82254028320312, 0.0, 6.265383243560791
0:00:41.106786, 0.3913384974002838, 35.92631149291992, 179.83108520507812, 0.0, 6.505127429962158
0:00:41.201986, 0.39402541518211365, 36.023189544677734, 179.8388214111328, 0.0, 6.73431396484375
0:00:41.296223, 0.39677855372428894, 36.117706298828125, 179.8467559814453, 0.0, 6.9824604988098145
0:00:41.390642, 0.3993188440799713, 36.200592041015625, 179.8540802001953, 0.0, 7.224799156188965
0:00:41.501227, 0.4018115997314453, 36.2779426574707, 179.86126708984375, 0.0, 7.476217269897461
0:00:41.563991, 0.40350762009620667, 36.328330993652344, 179.86614990234375, 0.0, 7.6556525230407715
0:00:41.689024, 0.4062362313270569, 36.40544509887695, 179.87399291992188, 0.0, 7.960655689239502
0:00:41.782794, 0.4082409143447876, 36.45909881591797, 179.8797607421875, 0.0, 8.198415756225586
0:00:41.845294, 0.4096693694591522, 36.49578857421875, 179.88388061523438, 0.0, 8.375557899475098
0:00:41.954834, 0.41165292263031006, 36.5445671081543, 179.88958740234375, 0.0, 8.633376121520996
0:00:42.050151, 0.4135204255580902, 36.58820343017578, 179.89495849609375, 0.0, 8.889823913574219
0:00:42.144404, 0.415332168340683, 36.62842559814453, 179.90017700195312, 0.0, 9.152627944946289
0:00:42.238819, 0.4170037508010864, 36.6636848449707, 179.90499877929688, 0.0, 9.408710479736328
0:00:42.348649, 0.41864264011383057, 36.69654083251953, 179.9097137451172, 0.0, 9.673686981201172
0:00:42.411726, 0.4197307527065277, 36.7174186706543, 179.912841796875, 0.0, 9.857933044433594
0:00:42.506325, 0.42110249400138855, 36.74264907836914, 179.9167938232422, 0.0, 10.100818634033203
0:00:42.600512, 0.4224820137023926, 36.76683044433594, 179.92076110839844, 0.0, 10.357743263244629
0:00:42.711144, 0.42384886741638184, 36.78961181640625, 179.92469787597656, 0.0, 10.626138687133789
0:00:42.804867, 0.4251351058483124, 36.809967041015625, 179.92840576171875, 0.0, 10.892718315124512
0:00:42.914398, 0.4263820946216583, 36.82870864868164, 179.9320068359375, 0.0, 11.165446281433105
0:00:43.008020, 0.42753222584724426, 36.84511947631836, 179.93531799316406, 0.0, 11.430910110473633
0:00:43.071325, 0.4283120036125183, 36.855777740478516, 179.93756103515625, 0.0, 11.61903190612793
0:00:43.180969, 0.4293786287307739, 36.86973190307617, 179.9406280517578, 0.0, 11.888372421264648
0:00:43.274886, 0.43032315373420715, 36.88148498535156, 179.943359375, 0.0, 12.13945484161377
0:00:43.368496, 0.4312814772129059, 36.89284133911133, 179.9461212158203, 0.0, 12.407328605651855
0:00:43.462275, 0.4321659207344055, 36.902809143066406, 179.94866943359375, 0.0, 12.667648315429688
0:00:43.572371, 0.43306034803390503, 36.91239547729492, 179.9512481689453, 0.0, 12.944806098937988
0:00:43.666273, 0.4338853359222412, 36.92079162597656, 179.95362854003906, 0.0, 13.214353561401367
0:00:43.760071, 0.43462350964546204, 36.927940368652344, 179.95574951171875, 0.0, 13.468029022216797
0:00:43.853909, 0.4353352189064026, 36.93450927734375, 179.95779418945312, 0.0, 13.72486400604248
0:00:43.932083, 0.4358657896518707, 36.939205169677734, 179.95932006835938, 0.0, 13.924598693847656
0:00:44.025781, 0.43654727935791016, 36.94497299194336, 179.96128845214844, 0.0, 14.193122863769531
0:00:44.119431, 0.4371635317802429, 36.9499397277832, 179.96307373046875, 0.0, 14.448328971862793
0:00:44.213198, 0.43779489398002625, 36.95478439331055, 179.9648895263672, 0.0, 14.723138809204102
0:00:44.322573, 0.4384129047393799, 36.959285736083984, 179.96665954589844, 0.0, 15.006598472595215
0:00:44.416382, 0.4389715790748596, 36.96315002441406, 179.96827697753906, 0.0, 15.276666641235352
0:00:44.510073, 0.43947142362594604, 36.9664421081543, 179.96971130371094, 0.0, 15.530509948730469
0:00:44.603824, 0.43998414278030396, 36.96965789794922, 179.97119140625, 0.0, 15.803982734680176
0:00:44.681948, 0.44033172726631165, 36.971744537353516, 179.97219848632812, 0.0, 15.99753475189209
0:00:44.775676, 0.44080257415771484, 36.97445297241211, 179.9735565185547, 0.0, 16.271535873413086
0:00:44.869427, 0.44125497341156006, 36.976924896240234, 179.974853515625, 0.0, 16.548593521118164
0:00:44.978822, 0.4416850805282593, 36.979156494140625, 179.97608947753906, 0.0, 16.825931549072266
0:00:45.078261, 0.4420900344848633, 36.98115539550781, 179.9772491455078, 0.0, 17.100759506225586
0:00:45.172063, 0.4424561858177185, 36.98287582397461, 179.9783172607422, 0.0, 17.3619384765625
0:00:45.266691, 0.44281262159347534, 36.98447036743164, 179.97933959960938, 0.0, 17.628894805908203
0:00:45.329159, 0.4430655837059021, 36.98555374145508, 179.9800567626953, 0.0, 17.82646369934082
0:00:45.439819, 0.4434100389480591, 36.98696517944336, 179.98104858398438, 0.0, 18.10770606994629
0:00:45.534490, 0.44371506571769714, 36.98815155029297, 179.98191833496094, 0.0, 18.369651794433594
0:00:45.615703, 0.44401511549949646, 36.989261627197266, 179.9827880859375, 0.0, 18.6401424407959
0:00:45.722699, 0.4443008005619049, 36.99026870727539, 179.98361206054688, 0.0, 18.91081428527832
0:00:45.832779, 0.44458386301994324, 36.99121856689453, 179.98443603515625, 0.0, 19.192827224731445
0:00:45.926916, 0.4448528587818146, 36.9920768737793, 179.98519897460938, 0.0, 19.475017547607422
0:00:46.020639, 0.44510602951049805, 36.99284362792969, 179.98593139648438, 0.0, 19.754579544067383
0:00:46.130929, 0.4453420042991638, 36.99352264404297, 179.9866180419922, 0.0, 20.028703689575195
0:00:46.224555, 0.4455755949020386, 36.994163513183594, 179.98728942871094, 0.0, 20.314165115356445
0:00:46.287029, 0.4457247853279114, 36.99455642700195, 179.9877166748047, 0.0, 20.504554748535156
0:00:46.381221, 0.44592681527137756, 36.99506378173828, 179.98831176757812, 0.0, 20.77345085144043
0:00:46.491337, 0.4461231827735901, 36.99552917480469, 179.98887634277344, 0.0, 21.048072814941406
0:00:46.584948, 0.4463120102882385, 36.9959602355957, 179.98941040039062, 0.0, 21.32561683654785
0:00:46.679694, 0.4464934170246124, 36.9963493347168, 179.9899444580078, 0.0, 21.606081008911133
0:00:46.789414, 0.44666588306427, 36.9967041015625, 179.99044799804688, 0.0, 21.886655807495117
0:00:46.883731, 0.446833074092865, 36.99702835083008, 179.9909210205078, 0.0, 22.17295265197754
0:00:46.962504, 0.4469398558139801, 36.99722671508789, 179.99122619628906, 0.0, 22.363876342773438
0:00:47.056048, 0.44707852602005005, 36.997474670410156, 179.99163818359375, 0.0, 22.622257232666016
0:00:47.150068, 0.4472194314002991, 36.997711181640625, 179.99205017089844, 0.0, 22.89757537841797
0:00:47.229949, 0.44735077023506165, 36.9979248046875, 179.99241638183594, 0.0, 23.1673583984375
0:00:47.337893, 0.44747984409332275, 36.99812316894531, 179.9927978515625, 0.0, 23.44565200805664
0:00:47.431643, 0.4475989043712616, 36.99829864501953, 179.9931182861328, 0.0, 23.71558952331543
0:00:47.525377, 0.44771236181259155, 36.99845886230469, 179.99343872070312, 0.0, 23.985597610473633
0:00:47.635872, 0.4478248953819275, 36.99860763549805, 179.99375915527344, 0.0, 24.26692771911621
0:00:47.699277, 0.4479057192802429, 36.99871063232422, 179.99398803710938, 0.0, 24.477970123291016
0:00:47.809349, 0.4480067193508148, 36.99883270263672, 179.99427795410156, 0.0, 24.7537899017334
0:00:47.903664, 0.4481009244918823, 36.99894332885742, 179.99453735351562, 0.0, 25.024038314819336
0:00:47.997758, 0.4481915831565857, 36.99904251098633, 179.99481201171875, 0.0, 25.297161102294922
0:00:48.092560, 0.4507395029067993, 36.9991340637207, 179.9950714111328, 0.0, 25.579301834106445
0:00:48.186745, 0.4772215485572815, 36.99921417236328, 179.9953155517578, 0.0, 25.86227035522461
0:00:48.296143, 0.5029346346855164, 36.99929428100586, 179.9955291748047, 0.0, 26.167469024658203
0:00:48.358617, 0.5201841592788696, 36.99934387207031, 179.9956817626953, 0.0, 26.390527725219727
0:00:48.468189, 0.5437825322151184, 36.99940872192383, 179.9958953857422, 0.0, 26.722299575805664
0:00:48.561773, 0.5662216544151306, 36.99946594238281, 179.99610900878906, 0.0, 27.068639755249023
0:00:48.671428, 0.5877652168273926, 36.99951934814453, 179.99630737304688, 0.0, 27.432518005371094
0:00:48.765559, 0.6078397035598755, 36.99956512451172, 179.99649047851562, 0.0, 27.802289962768555
0:00:48.859359, 0.6258029937744141, 36.99960708618164, 179.9966583251953, 0.0, 28.160892486572266
0:00:48.953109, 0.6436638236045837, 36.9996452331543, 179.99681091308594, 0.0, 28.545915603637695
0:00:49.031267, 0.656380832195282, 36.999671936035156, 179.99691772460938, 0.0, 28.838497161865234
0:00:49.125797, 0.6731139421463013, 36.999698638916016, 179.9970703125, 0.0, 29.25025749206543
0:00:49.220500, 0.6890342235565186, 36.999725341796875, 179.99722290039062, 0.0, 29.6722354888916
0:00:49.330669, 0.7043291330337524, 36.999752044677734, 179.99737548828125, 0.0, 30.108352661132812
0:00:49.424442, 0.71901535987854, 36.999778747558594, 179.99749755859375, 0.0, 30.55840301513672
0:00:49.502724, 0.7289047837257385, 36.999794006347656, 179.99757385253906, 0.0, 30.88023567199707
0:00:49.596339, 0.742107093334198, 36.999813079833984, 179.9976806640625, 0.0, 31.33636474609375
0:00:49.690405, 0.7551648020744324, 36.99982833862305, 179.99778747558594, 0.0, 31.81944465637207
0:00:49.799818, 0.7668510675430298, 36.99984359741211, 179.99789428710938, 0.0, 32.28205871582031
0:00:49.893568, 0.7784309983253479, 36.99985885620117, 179.9980010986328, 0.0, 32.771141052246094
0:00:49.987321, 0.7884714603424072, 36.99987030029297, 179.99810791015625, 0.0, 33.2230224609375
0:00:50.048282, 0.7957092523574829, 36.9998779296875, 179.99818420410156, 0.0, 33.565608978271484
0:00:50.157685, 0.805558979511261, 36.9998893737793, 179.99827575683594, 0.0, 34.057586669921875
0:00:50.251912, 0.8151220679283142, 36.999900817871094, 179.9983673095703, 0.0, 34.565731048583984
0:00:50.345664, 0.8236808180809021, 36.99991226196289, 179.99842834472656, 0.0, 35.048797607421875
0:00:50.439419, 0.8323537111282349, 36.99992370605469, 179.9984893798828, 0.0, 35.5681266784668
0:00:50.548914, 0.8404366374015808, 36.999935150146484, 179.99855041503906, 0.0, 36.082305908203125
0:00:50.644059, 0.8481302857398987, 36.99993896484375, 179.9986114501953, 0.0, 36.60137939453125
0:00:50.706170, 0.8534749746322632, 36.999942779541016, 179.9986572265625, 0.0, 36.98031997680664
0:00:50.800648, 0.8606818914413452, 36.99994659423828, 179.99871826171875, 0.0, 37.51807403564453
0:00:50.895130, 0.8669281601905823, 36.99995040893555, 179.998779296875, 0.0, 38.0113525390625
0:00:51.004431, 0.8734087347984314, 41.599143981933594, 179.99884033203125, 0.0, 38.55194854736328
0:00:51.098446, 0.8796356320381165, 46.28298568725586, 179.9989013671875, 0.0, 39.10201644897461
0:00:51.192786, 0.8851485848426819, 50.227291107177734, 179.9989471435547, 0.0, 39.6170768737793
0:00:51.271098, 0.8890776634216309, 52.925472259521484, 179.9989776611328, 0.0, 40.001243591308594
0:00:51.396052, 0.8959044218063354, 57.383338928222656, 179.99903869628906, 0.0, 40.70713806152344
0:00:51.458381, 0.899721622467041, 59.75392150878906, 179.9990692138672, 0.0, 41.124122619628906
0:00:51.567914, 0.9046051502227783, 62.65199279785156, 179.99911499023438, 0.0, 41.68478775024414
0:00:51.661537, 0.9092505574226379, 65.27206420898438, 179.99916076660156, 0.0, 42.24844741821289
0:00:51.756024, 0.9133635759353638, 67.48039245605469, 179.99920654296875, 0.0, 42.77481460571289
0:00:51.850359, 0.9173740148544312, 69.53366088867188, 179.99925231933594, 0.0, 43.315040588378906
0:00:51.944520, 0.9212377667427063, 71.41786193847656, 179.99929809570312, 0.0, 43.86338806152344
0:00:52.038272, 0.924884021282196, 73.11238098144531, 179.9993438720703, 0.0, 44.40818786621094
0:00:52.132021, 0.9285061359405518, 74.7149658203125, 179.9993896484375, 0.0, 44.978424072265625
0:00:52.225773, 0.9318495392799377, 76.12232208251953, 179.9994354248047, 0.0, 45.5333137512207
0:00:52.319611, 0.9353333711624146, 77.51703643798828, 179.99948120117188, 0.0, 46.142982482910156
0:00:52.428898, 0.9384826421737671, 78.71309661865234, 179.99949645996094, 0.0, 46.725440979003906
0:00:52.491398, 0.940467119216919, 79.43584442138672, 179.99951171875, 0.0, 47.10891342163086
0:00:52.600927, 0.943337619304657, 80.438232421875, 179.99952697753906, 0.0, 47.68859100341797
0:00:52.694522, 0.9460969567298889, 81.35429382324219, 179.99954223632812, 0.0, 48.27595138549805
0:00:52.789968, 0.9487220048904419, 82.18269348144531, 179.9995574951172, 0.0, 48.8650016784668
0:00:52.884356, 0.9510955810546875, 82.8953628540039, 179.99957275390625, 0.0, 49.42579650878906
0:00:52.978418, 0.9534534811973572, 83.56940460205078, 179.9995880126953, 0.0, 50.01192092895508
0:00:53.087796, 0.9557651877403259, 84.1975326538086, 179.99960327148438, 0.0, 50.61747360229492
0:00:53.181543, 0.9578978419303894, 84.74797058105469, 179.99961853027344, 0.0, 51.206424713134766
0:00:53.259804, 0.9593589901924133, 85.10943603515625, 179.9996337890625, 0.0, 51.62788772583008
0:00:53.353422, 0.9613582491874695, 85.58277893066406, 179.99964904785156, 0.0, 52.231082916259766
0:00:53.447258, 0.9631094932556152, 85.9771957397461, 179.99964904785156, 0.0, 52.78712844848633
0:00:53.540922, 0.9648703336715698, 86.35509490966797, 179.99964904785156, 0.0, 53.37446594238281
0:00:53.634647, 0.9665983319282532, 86.70782470703125, 179.99964904785156, 0.0, 53.9810676574707
0:00:53.744051, 0.968192994594574, 87.01724243164062, 179.99964904785156, 0.0, 54.570499420166016
0:00:53.837795, 0.9696959257125854, 87.2947006225586, 179.99964904785156, 0.0, 55.15480041503906
0:00:53.931547, 0.9711570143699646, 87.55136108398438, 179.99964904785156, 0.0, 55.75218963623047
0:00:54.009669, 0.9721721410751343, 87.72223663330078, 179.99964904785156, 0.0, 56.18553924560547
0:00:54.103422, 0.9735407829284668, 87.9426040649414, 179.99964904785156, 0.0, 56.796661376953125
0:00:54.197173, 0.9748293161392212, 88.13973236083984, 179.99964904785156, 0.0, 57.402503967285156
0:00:54.290921, 0.9759822487831116, 88.30760955810547, 179.99964904785156, 0.0, 57.97235107421875
0:00:54.400296, 0.9771750569343567, 88.47291564941406, 179.99964904785156, 0.0, 58.59196472167969
0:00:54.494166, 0.978264570236206, 88.61639404296875, 179.99964904785156, 0.0, 59.187744140625
0:00:54.572168, 0.979050874710083, 88.7155990600586, 179.99964904785156, 0.0, 59.636539459228516
0:00:54.666054, 0.9800609946250916, 88.83747100830078, 179.99964904785156, 0.0, 60.239593505859375
0:00:54.759671, 0.9810320138931274, 88.94886016845703, 179.99964904785156, 0.0, 60.849430084228516
0:00:54.853421, 0.9818916916847229, 89.04271697998047, 179.99964904785156, 0.0, 61.41667938232422
0:00:54.947171, 0.9827647805213928, 89.13353729248047, 179.99964904785156, 0.0, 62.021461486816406
0:00:55.042221, 0.983629047870636, 89.2189712524414, 179.99964904785156, 0.0, 62.651485443115234
0:00:55.152300, 0.9844104051589966, 89.29234313964844, 179.99964904785156, 0.0, 63.25113296508789
0:00:55.245946, 0.9851847290992737, 89.36148071289062, 179.99964904785156, 0.0, 63.87600326538086
0:00:55.340532, 0.9858633279800415, 89.41908264160156, 179.99964904785156, 0.0, 64.45181274414062
0:00:55.433907, 0.9865176677703857, 89.47203826904297, 179.99964904785156, 0.0, 65.03421020507812
0:00:55.543418, 0.9871743321418762, 89.52263641357422, 179.99964904785156, 0.0, 65.64798736572266
0:00:55.637214, 0.9877803325653076, 89.5670394897461, 179.99964904785156, 0.0, 66.2435531616211
0:00:55.730784, 0.9883577227592468, 89.60731506347656, 179.99964904785156, 0.0, 66.83948516845703
0:00:55.825317, 0.9889472723007202, 89.64641571044922, 179.99966430664062, 0.0, 67.47924041748047
0:00:55.903459, 0.9893308877944946, 89.67074584960938, 179.99966430664062, 0.0, 67.91424560546875
0:00:55.997234, 0.9898555874824524, 89.70259857177734, 179.99966430664062, 0.0, 68.53596496582031
0:00:56.090983, 0.9903055429458618, 89.72859954833984, 179.99966430664062, 0.0, 69.0958023071289
0:00:56.186548, 0.9907823801040649, 89.75486755371094, 179.99966430664062, 0.0, 69.71813201904297
0:00:56.296842, 0.9912446737289429, 89.77903747558594, 179.99966430664062, 0.0, 70.35321044921875
0:00:56.391222, 0.991654098033905, 89.79938507080078, 179.99966430664062, 0.0, 70.9449691772461
0:00:56.485629, 0.9920524954795837, 89.8182373046875, 179.99966430664062, 0.0, 71.54943084716797
0:00:56.579237, 0.9924471378326416, 89.83599853515625, 179.99966430664062, 0.0, 72.17906951904297
0:00:56.657538, 0.9927055835723877, 89.84712982177734, 179.99966430664062, 0.0, 72.60935974121094
0:00:56.751092, 0.9930537939071655, 89.86148834228516, 179.99966430664062, 0.0, 73.21446228027344
0:00:56.845372, 0.9933953881263733, 89.87489318847656, 179.99966430664062, 0.0, 73.83849334716797
0:00:56.939837, 0.9936946630477905, 89.88606262207031, 179.99966430664062, 0.0, 74.41278076171875
0:00:57.033850, 0.9939865469932556, 89.89644622802734, 179.99966430664062, 0.0, 74.99974060058594
0:00:57.128868, 0.9942852258682251, 89.90657043457031, 179.99966430664062, 0.0, 75.6305923461914
0:00:57.223383, 0.9945497512817383, 89.91510009765625, 179.99966430664062, 0.0, 76.21788787841797
0:00:57.302738, 0.9947362542152405, 89.92086029052734, 179.99966430664062, 0.0, 76.64908599853516
0:00:57.381986, 0.9949977397918701, 89.92859649658203, 179.99966430664062, 0.0, 77.28040313720703
0:00:57.507704, 0.995248556137085, 89.93563842773438, 179.99966430664062, 0.0, 77.91813659667969
0:00:57.601282, 0.9954753518104553, 89.94168090820312, 179.99966430664062, 0.0, 78.52474975585938
0:00:57.695614, 0.9956979155540466, 89.94731903076172, 179.99966430664062, 0.0, 79.15027618408203
0:00:57.773807, 0.9958493709564209, 89.95099639892578, 179.99966430664062, 0.0, 79.59447479248047
0:00:57.853567, 0.9960394501686096, 89.9554214477539, 179.99966430664062, 0.0, 80.17642974853516
0:00:57.963747, 0.9962285161018372, 89.95960998535156, 179.99966430664062, 0.0, 80.78353118896484
0:00:58.057602, 0.9964140057563782, 89.96351623535156, 179.99966430664062, 0.0, 81.4095230102539
0:00:58.152034, 0.9965765476226807, 89.96676635742188, 179.99966430664062, 0.0, 81.98552703857422
0:00:58.246874, 0.9967399835586548, 89.96989440917969, 179.99966430664062, 0.0, 82.59294128417969
0:00:58.340605, 0.9969019293785095, 89.97283935546875, 179.99966430664062, 0.0, 83.22550964355469
0:00:58.450000, 0.9970543384552002, 89.9754638671875, 179.99966430664062, 0.0, 83.85192108154297
0:00:58.512548, 0.9971579909324646, 89.97718048095703, 179.99966430664062, 0.0, 84.29672241210938
0:00:58.621853, 0.9972936511039734, 89.97932434082031, 179.99966430664062, 0.0, 84.90448760986328
0:00:58.715626, 0.9974267482757568, 89.98133087158203, 179.99966430664062, 0.0, 85.53113555908203
0:00:58.809376, 0.9975470900535583, 89.98304748535156, 179.99966430664062, 0.0, 86.12652587890625
0:00:58.903126, 0.9976653456687927, 89.98465728759766, 179.99966430664062, 0.0, 86.74079132080078
0:00:59.012499, 0.9977813363075256, 89.98615264892578, 179.99966430664062, 0.0, 87.37393188476562
0:00:59.074999, 0.9978594183921814, 89.98711395263672, 179.99966430664062, 0.0, 87.81906127929688
0:00:59.184551, 0.9979615807533264, 89.98832702636719, 179.99966430664062, 0.0, 88.42724609375
0:00:59.278303, 0.9980579018592834, 89.98941040039062, 179.99966430664062, 0.0, 89.02922058105469
0:00:59.371875, 0.9981515407562256, 89.99040985107422, 179.99966430664062, 0.0, 89.643798828125
0:00:59.481249, 0.998245120048523, 89.99137115478516, 179.99966430664062, 0.0, 90.289794921875
0:00:59.575138, 0.998329758644104, 89.9921875, 179.99966430664062, 0.0, 90.90448760986328
0:00:59.668749, 0.9984086751937866, 89.992919921875, 179.99966430664062, 0.0, 91.50667572021484
0:00:59.762487, 0.9984816312789917, 89.9935531616211, 179.99966430664062, 0.0, 92.09009552001953
0:00:59.856249, 0.9985541105270386, 89.9941635131836, 179.99966430664062, 0.0, 92.69865417480469
0:00:59.949998, 0.9986238479614258, 89.99471282958984, 179.99966430664062, 0.0, 93.31352996826172
0:01:00.022336, 0.9986715912818909, 89.99507904052734, 179.99966430664062, 0.0, 93.75275421142578
0:01:00.132855, 0.9987369179725647, 89.99555969238281, 179.99966430664062, 0.0, 94.38025665283203
0:01:00.227472, 0.9987972378730774, 89.9959716796875, 179.99966430664062, 0.0, 94.98896026611328
0:01:00.321364, 0.9988541007041931, 89.99634552001953, 179.99966430664062, 0.0, 95.5914306640625
0:01:00.383702, 0.998895525932312, 89.99661254882812, 179.99966430664062, 0.0, 96.0495834350586
0:01:00.493244, 0.9989487528800964, 89.99693298339844, 179.99966430664062, 0.0, 96.66465759277344
0:01:00.586858, 0.9990004301071167, 89.99723052978516, 179.99966430664062, 0.0, 97.29232788085938
0:01:00.680609, 0.9990456700325012, 89.99748229980469, 179.99966430664062, 0.0, 97.86981201171875
0:01:00.774356, 0.9990912079811096, 89.99771881103516, 179.99966430664062, 0.0, 98.47870635986328
0:01:00.868965, 0.9991359114646912, 89.99794006347656, 179.99966430664062, 0.0, 99.10646057128906
0:01:00.962666, 0.9991763830184937, 89.99813079833984, 179.99966430664062, 0.0, 99.7028579711914
0:01:01.072044, 0.999215304851532, 89.99830627441406, 179.99966430664062, 0.0, 100.30555725097656
0:01:01.167297, 0.999255359172821, 89.99847412109375, 179.99966430664062, 0.0, 100.95850372314453
0:01:01.229773, 0.9992800951004028, 89.99857330322266, 179.99966430664062, 0.0, 101.37916564941406
0:01:01.339725, 0.9993152022361755, 89.99870300292969, 179.99966430664062, 0.0, 102.0007553100586
0:01:01.434255, 0.9993469715118408, 89.99881744384766, 179.99966430664062, 0.0, 102.59097290039062
0:01:01.527884, 0.9993782043457031, 89.9989242553711, 179.99966430664062, 0.0, 103.2000503540039
0:01:01.622308, 0.9994087815284729, 89.99903106689453, 179.99966430664062, 0.0, 103.82798767089844
0:01:01.716722, 0.9994369745254517, 89.9991226196289, 179.99966430664062, 0.0, 104.43710327148438
0:01:01.826089, 0.999466598033905, 89.99921417236328, 179.99966430664062, 0.0, 105.1090316772461
0:01:01.904546, 0.9994859099388123, 89.99927520751953, 179.9996795654297, 0.0, 105.56745910644531
0:01:01.999198, 0.9995107054710388, 89.99934387207031, 179.9996795654297, 0.0, 106.18289947509766
0:01:02.093619, 0.9995343089103699, 89.99940490722656, 179.9996795654297, 0.0, 106.79834747314453
0:01:02.189764, 0.9995558261871338, 89.99945831298828, 179.9996795654297, 0.0, 107.38870239257812
0:01:02.282953, 0.9995766282081604, 89.99951171875, 179.9996795654297, 0.0, 107.98533630371094
0:01:02.393250, 0.9995970129966736, 89.99956512451172, 179.9996795654297, 0.0, 108.600830078125
0:01:02.472108, 0.9996166825294495, 89.9996109008789, 179.9996795654297, 0.0, 109.22262573242188
0:01:02.582275, 0.9996348023414612, 89.99964141845703, 179.9996795654297, 0.0, 109.8255844116211
0:01:02.644825, 0.999647319316864, 89.99966430664062, 179.9996795654297, 0.0, 110.25896453857422
0:01:02.754328, 0.9996641278266907, 89.99969482421875, 179.9996795654297, 0.0, 110.86821746826172
0:01:02.848469, 0.999680757522583, 89.99972534179688, 179.9996795654297, 0.0, 111.50260925292969
0:01:02.942301, 0.9996964335441589, 89.999755859375, 179.9996795654297, 0.0, 112.13072967529297
0:01:03.021155, 0.9997071027755737, 89.99977111816406, 179.9996795654297, 0.0, 112.57669830322266
0:01:03.115967, 0.9997212290763855, 89.99979400634766, 179.9996795654297, 0.0, 113.19226837158203
0:01:03.210480, 0.9997347593307495, 89.99981689453125, 179.9996795654297, 0.0, 113.81413269042969
0:01:03.319854, 0.9997478723526001, 89.99983978271484, 179.9996795654297, 0.0, 114.44857025146484
0:01:03.398812, 0.9997591972351074, 89.9998550415039, 179.9996795654297, 0.0, 115.02019500732422
0:01:03.508579, 0.999771237373352, 89.99987030029297, 179.9996795654297, 0.0, 115.66093444824219
0:01:03.602333, 0.9997819662094116, 89.9998779296875, 179.9996795654297, 0.0, 116.25769805908203
0:01:03.664802, 0.9997894167900085, 89.99988555908203, 179.9996795654297, 0.0, 116.69114685058594
0:01:03.775188, 0.9997995495796204, 89.99989318847656, 179.9996795654297, 0.0, 117.30677795410156
0:01:03.868784, 0.9998100399971008, 89.9999008178711, 179.9996795654297, 0.0, 117.97265625
0:01:03.978186, 0.9998196959495544, 89.99990844726562, 179.9996795654297, 0.0, 118.61970520019531
0:01:04.057285, 0.9998267889022827, 89.99991607666016, 179.99969482421875, 0.0, 119.1159896850586
0:01:04.152387, 0.9998346567153931, 89.99991607666016, 179.99969482421875, 0.0, 119.6939468383789
0:01:04.246179, 0.9998427629470825, 89.99991607666016, 179.99969482421875, 0.0, 120.3221664428711
0:01:04.356781, 0.9998507499694824, 89.99992370605469, 179.99969482421875, 0.0, 120.96923065185547
0:01:04.450945, 0.9998577237129211, 89.99992370605469, 179.99969482421875, 0.0, 121.56604766845703
0:01:04.545379, 0.9998646974563599, 89.99992370605469, 179.99969482421875, 0.0, 122.18799591064453
0:01:04.623627, 0.999869704246521, 89.99992370605469, 179.99969482421875, 0.0, 122.65288543701172
0:01:04.717254, 0.9998759627342224, 89.99992370605469, 179.99969482421875, 0.0, 123.26226806640625
0:01:04.811351, 0.9998819231987, 89.99992370605469, 179.99969482421875, 0.0, 123.87165832519531
0:01:04.905803, 0.9998878240585327, 89.99992370605469, 179.99969482421875, 0.0, 124.50618743896484
0:01:05.005641, 0.999893307685852, 89.99992370605469, 179.99969482421875, 0.0, 125.13443756103516
0:01:05.084916, 0.9998967051506042, 89.99992370605469, 179.99969482421875, 0.0, 125.5365219116211
0:01:05.179544, 0.9999017119407654, 89.99992370605469, 179.99969482421875, 0.0, 126.15850067138672
0:01:05.273927, 0.9999064207077026, 89.99992370605469, 179.99969482421875, 0.0, 126.76791381835938
0:01:05.383481, 0.9999111294746399, 89.99992370605469, 179.99969482421875, 0.0, 127.40873718261719
0:01:05.477055, 0.9999156594276428, 89.99992370605469, 179.99969482421875, 0.0, 128.04957580566406
0:01:05.570801, 0.9999197721481323, 89.99992370605469, 179.99969482421875, 0.0, 128.67153930664062
0:01:05.648931, 0.999922513961792, 89.99992370605469, 179.99969482421875, 0.0, 129.10504150390625
0:01:05.742680, 0.9999262094497681, 89.99992370605469, 179.99969482421875, 0.0, 129.7207489013672
0:01:05.836744, 0.9999299049377441, 89.99992370605469, 179.99969482421875, 0.0, 130.361572265625
0:01:05.930487, 0.9999333620071411, 89.99992370605469, 179.99969482421875, 0.0, 130.97727966308594
0:01:06.009002, 0.9999357461929321, 89.99992370605469, 179.99969482421875, 0.0, 131.4359130859375
0:01:06.103591, 0.9999389052391052, 89.99992370605469, 179.99969482421875, 0.0, 132.0579071044922
0:01:06.213340, 0.999941885471344, 89.99992370605469, 179.99969482421875, 0.0, 132.67990112304688
0:01:06.307833, 0.9999447464942932, 89.99992370605469, 179.99969482421875, 0.0, 133.31446838378906
0:01:06.418584, 0.9999474883079529, 89.99992370605469, 179.99969482421875, 0.0, 133.955322265625
0:01:06.512997, 0.999950110912323, 89.99992370605469, 179.99969482421875, 0.0, 134.5898895263672
0:01:06.591744, 0.9999518394470215, 89.99992370605469, 179.99969482421875, 0.0, 135.02340698242188
0:01:06.685538, 0.9999542236328125, 89.99992370605469, 179.99969482421875, 0.0, 135.64541625976562
0:01:06.779288, 0.999956488609314, 89.99992370605469, 179.99969482421875, 0.0, 136.26742553710938
0:01:06.889523, 0.9999586343765259, 89.99992370605469, 179.99969482421875, 0.0, 136.90200805664062
0:01:06.952057, 0.9999601244926453, 89.99992370605469, 179.99969482421875, 0.0, 137.3543701171875
0:01:07.046646, 0.9999620318412781, 89.99992370605469, 179.99969482421875, 0.0, 137.9700927734375
0:01:07.156807, 0.9999638795852661, 89.99992370605469, 179.99969482421875, 0.0, 138.59210205078125
0:01:07.250983, 0.9999656677246094, 89.99992370605469, 179.99969482421875, 0.0, 139.22039794921875
0:01:07.344731, 0.9999672174453735, 89.99992370605469, 179.99969482421875, 0.0, 139.81729125976562
0:01:07.454106, 0.999968945980072, 89.99992370605469, 179.99969482421875, 0.0, 140.48329162597656
0:01:07.501150, 0.999970018863678, 89.99992370605469, 179.99969482421875, 0.0, 140.923095703125
0:01:07.611622, 0.9999714493751526, 89.99992370605469, 179.99969482421875, 0.0, 141.5199737548828
0:01:07.721163, 0.9999728798866272, 89.99992370605469, 179.99969482421875, 0.0, 142.1356964111328
0:01:07.814745, 0.9999741315841675, 89.99992370605469, 179.99969482421875, 0.0, 142.74514770507812
0:01:07.909211, 0.9999754428863525, 89.99992370605469, 179.99969482421875, 0.0, 143.39230346679688
0:01:08.020037, 0.999976634979248, 89.99992370605469, 179.99969482421875, 0.0, 144.00804138183594
0:01:08.114637, 0.9999778270721436, 89.99992370605469, 179.99969482421875, 0.0, 144.64892578125
0:01:08.177926, 0.9999785423278809, 89.99992370605469, 179.99969482421875, 0.0, 145.08245849609375
0:01:08.287473, 0.999979555606842, 89.99992370605469, 179.99969482421875, 0.0, 145.7044677734375
0:01:08.381090, 0.9999805688858032, 89.99992370605469, 179.99969482421875, 0.0, 146.332763671875
0:01:08.459385, 0.9999812245368958, 89.99992370605469, 179.99969482421875, 0.0, 146.7725830078125
0:01:08.552966, 0.9999821186065674, 89.99992370605469, 179.99969482421875, 0.0, 147.3946075439453
0:01:08.646692, 0.9999829530715942, 89.99992370605469, 179.99969482421875, 0.0, 148.0229034423828
0:01:08.756221, 0.9999837875366211, 89.99992370605469, 179.99969482421875, 0.0, 148.65748596191406
0:01:08.818564, 0.9999843835830688, 89.99992370605469, 179.99969482421875, 0.0, 149.10986328125
0:01:08.928128, 0.9999851584434509, 89.99992370605469, 179.99969482421875, 0.0, 149.72561645507812
0:01:09.021799, 0.9999859929084778, 89.99992370605469, 179.99969482421875, 0.0, 150.38534545898438
0:01:09.131276, 0.9999866485595703, 89.99992370605469, 179.99969482421875, 0.0, 150.99481201171875
0:01:09.209382, 0.9999873042106628, 89.99992370605469, 179.99969482421875, 0.0, 151.59800720214844
0:01:09.288317, 0.999987781047821, 89.99992370605469, 179.99969482421875, 0.0, 152.03782653808594
0:01:09.383464, 0.9999883770942688, 89.99992370605469, 179.99969482421875, 0.0, 152.65985107421875
0:01:09.492876, 0.9999889731407166, 89.99992370605469, 179.99969482421875, 0.0, 153.33213806152344
0:01:09.586736, 0.9999895095825195, 89.99992370605469, 179.99969482421875, 0.0, 153.94161987304688
0:01:09.680355, 0.9999899864196777, 89.99992370605469, 179.99969482421875, 0.0, 154.5259552001953
0:01:09.789744, 0.9999905228614807, 89.99992370605469, 179.99969482421875, 0.0, 155.21710205078125
0:01:09.868005, 0.9999908208847046, 89.99992370605469, 179.99969482421875, 0.0, 155.6443634033203
0:01:09.961626, 0.999991238117218, 89.99992370605469, 179.99969482421875, 0.0, 156.2852325439453
0:01:10.066605, 0.9999916553497314, 89.99992370605469, 179.99969482421875, 0.0, 156.92611694335938
0:01:10.160854, 0.9999920725822449, 89.99992370605469, 179.99969482421875, 0.0, 157.5607147216797
0:01:10.270850, 0.9999924898147583, 89.99992370605469, 179.99969482421875, 0.0, 158.18275451660156
0:01:10.364779, 0.9999929070472717, 89.99992370605469, 179.99969482421875, 0.0, 158.79222106933594
0:01:10.427479, 0.9999931454658508, 89.99992370605469, 179.99969482421875, 0.0, 159.25088500976562
0:01:10.537854, 0.9999935030937195, 89.99992370605469, 179.99969482421875, 0.0, 159.8540802001953
0:01:10.631481, 0.9999938607215881, 89.99992370605469, 179.99969482421875, 0.0, 160.4823760986328
0:01:10.709733, 0.9999940395355225, 89.99992370605469, 179.99969482421875, 0.0, 160.928466796875
0:01:10.803356, 0.9999942779541016, 89.99992370605469, 179.99969482421875, 0.0, 161.54421997070312
0:01:10.897593, 0.9999945163726807, 89.99992370605469, 179.99969482421875, 0.0, 162.14739990234375
0:01:10.991481, 0.9999947547912598, 89.99992370605469, 179.99969482421875, 0.0, 162.75059509277344
0:01:11.085615, 0.9999949932098389, 89.99992370605469, 179.99969482421875, 0.0, 163.3663330078125
0:01:11.195441, 0.999995231628418, 89.99992370605469, 179.99969482421875, 0.0, 164.00091552734375
0:01:11.289890, 0.9999954700469971, 89.99992370605469, 179.99969482421875, 0.0, 164.59153747558594
0:01:11.368047, 0.9999956488609314, 89.99992370605469, 179.99969482421875, 0.0, 165.0816192626953
0:01:11.462640, 0.9999958276748657, 89.99992370605469, 179.99969482421875, 0.0, 165.70993041992188
0:01:11.571929, 0.9999960660934448, 89.99992370605469, 179.99969482421875, 0.0, 166.35079956054688
0:01:11.665889, 0.9999962449073792, 89.99992370605469, 179.99969482421875, 0.0, 166.96026611328125
0:01:11.744334, 0.9999964237213135, 89.99992370605469, 179.99969482421875, 0.0, 167.5446014404297
0:01:11.853755, 0.9999966025352478, 89.99992370605469, 179.99969482421875, 0.0, 168.1666259765625
0:01:11.931857, 0.9999967217445374, 89.99992370605469, 179.99969482421875, 0.0, 168.62530517578125
0:01:12.025792, 0.9999969005584717, 89.99992370605469, 179.99969482421875, 0.0, 169.22219848632812
0:01:12.119514, 0.999997079372406, 89.99992370605469, 179.99969482421875, 0.0, 169.80654907226562
0:01:12.213129, 0.9999972581863403, 89.99992370605469, 179.99969482421875, 0.0, 170.416015625
0:01:12.306869, 0.9999974370002747, 89.99992370605469, 179.99969482421875, 0.0, 171.0694580078125
0:01:12.416763, 0.999997615814209, 89.99992370605469, 179.99969482421875, 0.0, 171.68521118164062
0:01:12.510561, 0.9999977350234985, 89.99992370605469, 179.99969482421875, 0.0, 172.26954650878906
0:01:12.589216, 0.9999978542327881, 89.99992370605469, 179.99969482421875, 0.0, 172.86016845703125
0:01:12.698988, 0.9999979734420776, 89.99992370605469, 179.99969482421875, 0.0, 173.48220825195312
0:01:12.777887, 0.9999980330467224, 89.99992370605469, 179.99969482421875, 0.0, 173.9534454345703
0:01:12.855996, 0.9999980926513672, 89.99992370605469, 179.99969482421875, 0.0, 174.5440673828125
0:01:12.965691, 0.999998152256012, 89.99992370605469, 179.99969482421875, 0.0, 175.15982055664062
0:01:13.059431, 0.9999982118606567, 89.99992370605469, 179.99969482421875, 0.0, 175.78184509277344
0:01:13.153175, 0.9999982714653015, 89.99992370605469, 179.99969482421875, 0.0, 176.39132690429688
0:01:13.246948, 0.9999983310699463, 89.99992370605469, 179.99969482421875, 0.0, 176.9882354736328
0:01:13.356470, 0.9999983906745911, 89.99992370605469, 179.99969482421875, 0.0, 177.5914306640625
0:01:13.450064, 0.9999984502792358, 89.99992370605469, 179.99969482421875, 0.0, 178.2260284423828
0:01:13.512542, 0.9999985098838806, 89.99992370605469, 179.99969482421875, 0.0, 178.66586303710938
0:01:13.622966, 0.9999985694885254, 89.99992370605469, 179.99969482421875, 0.0, 179.2816162109375
0:01:13.718070, 0.9999986290931702, 89.99992370605469, 179.99969482421875, 0.0, 179.9162139892578
0:01:13.828593, 0.9999986290931702, 89.99992370605469, 179.99969482421875, 0.0, 180.56338500976562
0:01:13.922464, 0.9999986290931702, 89.99992370605469, 179.99969482421875, 0.0, 181.17913818359375
0:01:14.016077, 0.9999986290931702, 89.99992370605469, 179.99969482421875, 0.0, 181.82003784179688
0:01:14.094851, 0.9999986290931702, 89.99992370605469, 179.99969482421875, 0.0, 182.25357055664062
0:01:14.172920, 0.9999986290931702, 89.99992370605469, 179.99969482421875, 0.0, 182.86932373046875
0:01:14.282153, 0.9999986290931702, 89.99992370605469, 179.99969482421875, 0.0, 183.4976348876953
0:01:14.376590, 0.9999986290931702, 89.99992370605469, 179.99969482421875, 0.0, 184.0882568359375
0:01:14.485992, 0.9999986290931702, 89.99992370605469, 179.99969482421875, 0.0, 184.7354278564453
0:01:14.579742, 0.9999986290931702, 89.99992370605469, 179.99969482421875, 0.0, 185.34490966796875
0:01:14.657999, 0.9999986290931702, 89.99992370605469, 179.99969482421875, 0.0, 185.7721710205078
0:01:14.751789, 0.9999986290931702, 89.99992370605469, 179.99969482421875, 0.0, 186.3942108154297
0:01:14.845346, 0.9999986290931702, 89.99992370605469, 179.99969482421875, 0.0, 187.00369262695312
0:01:14.939117, 0.9999986290931702, 89.99992370605469, 179.99969482421875, 0.0, 187.625732421875
0:01:15.037378, 0.9999986886978149, 89.99992370605469, 179.99969482421875, 0.0, 188.10325622558594
0:01:15.099939, 0.9999986886978149, 89.99992370605469, 179.99969482421875, 0.0, 188.71900939941406
0:01:15.209808, 0.9999986886978149, 89.99992370605469, 179.99969482421875, 0.0, 189.34104919433594
0:01:15.305823, 0.9999986886978149, 89.99992370605469, 179.99969482421875, 0.03165971487760544, 189.93167114257812
0:01:15.405871, 0.9999986886978149, 89.99992370605469, 179.99969482421875, 0.09515467286109924, 190.58511352539062
0:01:15.480857, 0.9999986886978149, 89.99992370605469, 179.99969482421875, 0.21530357003211975, 191.03121948242188
0:01:15.606540, 0.9999986886978149, 89.99992370605469, 179.99969482421875, 0.45905572175979614, 191.7977752685547
0:01:15.669747, 0.9999986886978149, 89.99992370605469, 179.99969482421875, 0.6163110136985779, 192.24388122558594
0:01:15.779856, 0.9999986886978149, 89.99992370605469, 179.99969482421875, 0.9037386775016785, 193.0167236328125
0:01:15.857994, 0.9999986886978149, 89.99992370605469, 179.99969482421875, 1.0591682195663452, 193.45025634765625
0:01:15.967333, 0.9999986886978149, 89.99992370605469, 179.99969482421875, 1.2664977312088013, 194.06600952148438
0:01:16.061148, 0.9999986886978149, 89.99992370605469, 179.99969482421875, 1.4606387615203857, 194.69432067871094
0:01:16.170554, 0.9999986886978149, 89.99992370605469, 179.99969482421875, 1.6292922496795654, 195.29750061035156
0:01:16.264351, 0.9999986886978149, 89.99992370605469, 179.99969482421875, 1.7836925983428955, 195.90696716308594
0:01:16.357900, 0.9999986886978149, 89.99992370605469, 179.99969482421875, 1.9235706329345703, 196.5164337158203
0:01:16.451644, 0.9999986886978149, 89.99992370605469, 179.99969482421875, 2.0553791522979736, 197.15101623535156
0:01:16.529752, 0.9999986886978149, 89.99992370605469, 179.99969482421875, 2.14034104347229, 197.5971221923828
0:01:16.623524, 0.9999986886978149, 89.99992370605469, 179.99969482421875, 2.2414238452911377, 198.1751708984375
0:01:16.717276, 0.9999986886978149, 89.99992370605469, 179.99969482421875, 2.3392727375030518, 198.79092407226562
0:01:16.811027, 0.9999986886978149, 89.99992370605469, 179.99969482421875, 2.428696632385254, 199.41294860839844
0:01:16.920393, 0.9999986886978149, 89.99992370605469, 179.99969482421875, 2.5079896450042725, 200.02243041992188
0:01:17.014151, 0.9999986886978149, 89.99992370605469, 179.99969482421875, 2.577721357345581, 200.61305236816406
0:01:17.107981, 0.9999986886978149, 89.99992370605469, 179.99969482421875, 2.6443088054656982, 201.23509216308594
0:01:17.186039, 0.9999986886978149, 89.99992370605469, 179.99969482421875, 2.6947782039642334, 201.7503204345703
0:01:17.264217, 0.9999986886978149, 89.99992370605469, 179.99969482421875, 2.7406396865844727, 202.25926208496094
0:01:17.389137, 0.9999986886978149, 89.99992370605469, 179.99969482421875, 2.7993381023406982, 203.01324462890625
0:01:17.483470, 0.9999986886978149, 89.99992370605469, 179.99969482421875, 2.8198609352111816, 203.51589965820312
0:01:17.561444, 0.9999986886978149, 89.99992370605469, 179.99969482421875, 2.829880475997925, 204.04368591308594
0:01:17.686385, 0.9999986886978149, 89.99992370605469, 179.99969482421875, 2.843488931655884, 204.84165954589844
0:01:17.764499, 0.9999986886978149, 89.99992370605469, 179.99969482421875, 2.855499029159546, 205.3443145751953
0:01:17.858251, 0.9999986886978149, 89.99992370605469, 179.99969482421875, 2.86934232711792, 205.8909454345703
0:01:17.920801, 0.9999987483024597, 89.99992370605469, 179.99969482421875, 2.8847122192382812, 206.43759155273438
0:01:18.030337, 0.9999987483024597, 89.99992370605469, 179.99969482421875, 2.9016218185424805, 206.97166442871094
0:01:18.140300, 0.9999987483024597, 89.99992370605469, 179.99969482421875, 2.925760507583618, 207.7445068359375
0:01:18.218427, 0.9999987483024597, 89.99992370605469, 179.99969482421875, 2.938518524169922, 208.1968994140625
0:01:18.343335, 0.9999987483024597, 89.99992370605469, 179.99969482421875, 2.9586102962493896, 208.98231506347656
0:01:18.422024, 0.9999987483024597, 89.99992370605469, 179.99969482421875, 2.9731087684631348, 209.51638793945312
0:01:18.531525, 0.9999987483024597, 89.99992370605469, 179.99969482421875, 2.987687587738037, 210.1070098876953
0:01:18.594055, 0.9999987483024597, 89.99992370605469, 179.99969482421875, 3.001600980758667, 210.62850952148438
0:01:18.718857, 0.9999987483024597, 89.99992370605469, 179.99969482421875, 3.019446611404419, 211.36993408203125
0:01:18.812813, 0.9999987483024597, 89.99992370605469, 179.99969482421875, 3.0306451320648193, 211.88514709472656
0:01:18.890741, 0.9999987483024597, 89.99992370605469, 179.99969482421875, 3.041680335998535, 212.4380645751953
0:01:18.969030, 0.9999987483024597, 89.99992370605469, 179.99969482421875, 3.0513174533843994, 212.96585083007812
0:01:19.093864, 0.9999987483024597, 89.99992370605469, 179.99969482421875, 3.063222885131836, 213.68841552734375
0:01:19.171980, 0.9999987483024597, 89.99992370605469, 179.99969482421875, 3.0709967613220215, 214.2099151611328
0:01:19.265715, 0.9999987483024597, 89.99992370605469, 179.99969482421875, 3.0783066749572754, 214.74398803710938
0:01:19.343864, 0.9999987483024597, 89.99992370605469, 179.99969482421875, 3.0848541259765625, 215.2655029296875
0:01:19.469018, 0.9999987483024597, 89.99992370605469, 179.99969482421875, 3.0937938690185547, 216.05718994140625
0:01:19.546999, 0.9999987483024597, 89.99992370605469, 179.99969482421875, 3.0990827083587646, 216.57870483398438
0:01:19.640738, 0.9999987483024597, 89.99992370605469, 179.99969482421875, 3.104113817214966, 217.1190643310547
0:01:19.718883, 0.9999987483024597, 89.99992370605469, 179.99969482421875, 3.108773708343506, 217.66571044921875
0:01:19.844065, 0.9999987483024597, 89.99992370605469, 179.99969482421875, 3.114271640777588, 218.38198852539062
0:01:19.906365, 0.9999987483024597, 89.99992370605469, 179.99969482421875, 3.1174256801605225, 218.83438110351562
0:01:20.026509, 0.9999987483024597, 89.99992370605469, 179.99969482421875, 3.1224308013916016, 219.62608337402344
0:01:20.103915, 0.9999987483024597, 89.99992370605469, 179.99969482421875, 3.1157469749450684, 220.09732055664062
0:01:20.197305, 0.9999987483024597, 89.99992370605469, 179.99969482421875, 3.1037206649780273, 220.63768005371094
0:01:20.275429, 0.9999987483024597, 89.99992370605469, 179.99969482421875, 3.0944621562957764, 221.09007263183594
0:01:20.402129, 0.9999987483024597, 89.99992370605469, 179.99969482421875, 3.0797722339630127, 221.8817596435547
0:01:20.464657, 0.9999987483024597, 89.99992370605469, 179.99969482421875, 3.073930501937866, 222.34671020507812
0:01:20.559638, 0.9999987483024597, 89.99992370605469, 179.99969482421875, 3.0719237327575684, 222.8807830810547
0:01:20.670802, 0.9999987483024597, 89.99992370605469, 179.99969482421875, 3.0694758892059326, 223.60336303710938
0:01:20.749535, 0.9999987483024597, 89.99992370605469, 179.99969482421875, 3.0678398609161377, 224.13743591308594
0:01:20.843416, 0.9999987483024597, 89.99992370605469, 179.99969482421875, 3.068025588989258, 224.65895080566406
0:01:20.968462, 0.9999987483024597, 89.99992370605469, 179.99969482421875, 3.0682811737060547, 225.4569091796875
0:01:21.046382, 0.9999987483024597, 89.99992370605469, 179.99969482421875, 3.068429470062256, 225.97213745117188
0:01:21.125097, 0.9999987483024597, 89.99992370605469, 179.99969482421875, 3.0708370208740234, 226.4496612548828
0:01:21.251739, 0.9999987483024597, 89.99992370605469, 179.99969482421875, 3.076866865158081, 227.2350616455078
0:01:21.329844, 0.9999987483024597, 89.99992370605469, 179.99969482421875, 3.0802111625671387, 227.71885681152344
0:01:21.407804, 0.9999987483024597, 89.99992370605469, 179.99969482421875, 3.085259199142456, 228.24664306640625
0:01:21.518248, 0.9999987483024597, 89.99992370605469, 179.99969482421875, 3.091442346572876, 228.9629364013672
0:01:21.597358, 0.9999987483024597, 89.99992370605469, 179.99969482421875, 3.0955185890197754, 229.4844512939453
0:01:21.722764, 0.9999987483024597, 89.99992370605469, 179.99969482421875, 3.100956678390503, 230.25729370117188
0:01:21.800888, 0.9999987483024597, 89.99992370605469, 179.99969482421875, 3.103909730911255, 230.7222442626953
0:01:21.879014, 0.9999987483024597, 89.99992370605469, 179.99969482421875, 3.1070446968078613, 231.25631713867188
0:01:21.989268, 0.9999987483024597, 89.99992370605469, 179.99969482421875, 3.110804557800293, 231.96632385253906
0:01:22.082905, 0.9999987483024597, 89.99992370605469, 179.99969482421875, 3.113306999206543, 232.4878387451172
0:01:22.161499, 0.9999987483024597, 89.99992370605469, 179.99969482421875, 3.115687370300293, 233.0281982421875
0:01:22.240124, 0.9999987483024597, 89.99992370605469, 179.99969482421875, 3.1175947189331055, 233.4994354248047
0:01:22.365179, 0.9999987483024597, 89.99992370605469, 179.99969482421875, 3.120471239089966, 234.2848358154297
0:01:22.443305, 0.9999987483024597, 89.99992370605469, 179.99969482421875, 3.122026205062866, 234.75607299804688
0:01:22.521405, 0.9999987483024597, 89.99992370605469, 179.99969482421875, 3.1236541271209717, 235.29014587402344
0:01:22.646603, 0.9999987483024597, 89.99992370605469, 179.99969482421875, 3.1256399154663086, 236.01271057128906
0:01:22.725803, 0.9999987483024597, 89.99992370605469, 179.99969482421875, 3.126936435699463, 236.53421020507812
0:01:22.803775, 0.9999987483024597, 89.99992370605469, 179.99969482421875, 3.1281278133392334, 237.05572509765625
0:01:22.913151, 0.9999987483024597, 89.99992370605469, 179.99969482421875, 3.1295807361602783, 237.7594451904297
0:01:23.008379, 0.9999987483024597, 89.99992370605469, 179.99969482421875, 3.130580186843872, 238.29351806640625
0:01:23.085582, 0.9999987483024597, 89.99992370605469, 179.99969482421875, 3.131485939025879, 238.82131958007812
0:01:23.195765, 0.9999987483024597, 89.99992370605469, 179.99969482421875, 3.1325297355651855, 239.49362182617188
0:01:23.305874, 0.9999987483024597, 89.99992370605469, 179.99969482421875, 3.133490800857544, 240.1847686767578
0:01:23.383918, 0.9999987483024597, 89.99992370605469, 179.99969482421875, 3.134188175201416, 240.73768615722656
0:01:23.477756, 0.9999987483024597, 89.99992370605469, 179.99969482421875, 3.1347827911376953, 241.25291442871094
0:01:23.556322, 0.9847682118415833, 89.99992370605469, 179.99969482421875, 3.135369062423706, 241.8037109375
0:01:23.650477, 0.9531522393226624, 89.99992370605469, 179.99969482421875, 3.1358988285064697, 242.33766174316406
0:01:23.777215, 0.8938990235328674, 89.99992370605469, 179.99969482421875, 3.136591911315918, 243.08226013183594
0:01:23.840498, 0.8620002269744873, 89.99992370605469, 179.99969482421875, 3.1369457244873047, 243.48312377929688
0:01:23.966860, 0.8133704662322998, 89.99992370605469, 179.99969482421875, 3.137460231781006, 244.09422302246094
0:01:24.044812, 0.7791690230369568, 89.99992370605469, 179.99969482421875, 3.1378040313720703, 244.52401733398438
0:01:24.122977, 0.7464061379432678, 89.99992370605469, 179.99969482421875, 3.1381192207336426, 244.93572998046875
0:01:24.217269, 0.715020477771759, 89.99992370605469, 179.99969482421875, 3.1384081840515137, 245.3301239013672
0:01:24.342768, 0.6702269911766052, 89.99992370605469, 179.99969482421875, 3.138798952102661, 245.8930206298828
0:01:24.420890, 0.6453239917755127, 89.99992370605469, 179.99969482421875, 3.139004707336426, 246.20596313476562
0:01:24.499014, 0.6185043454170227, 82.59832763671875, 176.25930786132812, 2.8808529376983643, 246.54298400878906
0:01:24.624109, 0.5830181241035461, 73.30386352539062, 171.31024169921875, 2.5566816329956055, 246.98892211914062
0:01:24.702140, 0.5590735673904419, 67.3457260131836, 167.9708251953125, 2.34887433052063, 247.28981018066406
0:01:24.780265, 0.5382989645004272, 62.38665771484375, 165.07350158691406, 2.175912618637085, 247.55087280273438
0:01:24.905262, 0.5048337578773499, 54.79349136352539, 160.40631103515625, 1.9110794067382812, 247.97140502929688
0:01:24.967754, 0.48682016134262085, 50.91800308227539, 157.89405822753906, 1.77591073513031, 248.19776916503906
0:01:25.061938, 0.46587374806404114, 46.584476470947266, 154.9727783203125, 1.6247665882110596, 248.4609832763672
0:01:25.155772, 0.4451442360877991, 42.48579025268555, 152.08175659179688, 1.4818131923675537, 248.7214813232422
0:01:25.265065, 0.4200325906276703, 37.78358459472656, 148.57958984375, 1.317810297012329, 249.03704833984375
0:01:25.359279, 0.4023706316947937, 34.640140533447266, 146.11636352539062, 1.2081737518310547, 249.2589874267578
0:01:25.437267, 0.38486096262931824, 31.658836364746094, 143.6743927001953, 1.1041922569274902, 249.47901916503906
0:01:25.562775, 0.36185842752456665, 27.951356887817383, 140.4663543701172, 0.9748833775520325, 249.76808166503906
0:01:25.640820, 0.3471742272377014, 25.706302642822266, 138.41842651367188, 0.8965807557106018, 249.95260620117188
0:01:25.735492, 0.33223584294319153, 23.51833724975586, 136.33506774902344, 0.8202691674232483, 250.14031982421875
0:01:25.813428, 0.3184283673763275, 21.584260940551758, 134.409423828125, 0.7528126835823059, 250.31382751464844
0:01:25.938429, 0.29878562688827515, 18.977249145507812, 131.66995239257812, 0.661885678768158, 250.56065368652344
0:01:26.032174, 0.28636831045150757, 17.41661834716797, 129.9381866455078, 0.6074541807174683, 250.71669006347656
0:01:26.110302, 0.2741868495941162, 15.950992584228516, 128.2393035888672, 0.5563362836837769, 250.86978149414062
0:01:26.188514, 0.26306015253067017, 14.669760704040527, 126.6875228881836, 0.5116497278213501, 251.00961303710938
0:01:26.266520, 0.2525140643119812, 13.505568504333496, 125.21672058105469, 0.47104519605636597, 251.1421356201172
0:01:26.391544, 0.2382691353559494, 12.010811805725098, 123.23006439208984, 0.41891127824783325, 251.32113647460938
0:01:26.470529, 0.2282499223947525, 11.011512756347656, 121.8327407836914, 0.3840578496456146, 251.44703674316406
0:01:26.580269, 0.2144983559846878, 9.711868286132812, 119.91488647460938, 0.33872905373573303, 251.6198272705078
0:01:26.674879, 0.2053738534450531, 8.894566535949707, 118.64234161376953, 0.3102233111858368, 251.7344970703125
0:01:26.753025, 0.1977429836988449, 8.239712715148926, 117.57810974121094, 0.28738343715667725, 251.83038330078125
0:01:26.846958, 0.18933124840259552, 7.546299457550049, 116.40497589111328, 0.26319870352745056, 251.9360809326172
0:01:26.956150, 0.17901428043842316, 6.73891544342041, 114.96613311767578, 0.2350388914346695, 252.0657196044922
0:01:27.065525, 0.16891516745090485, 5.993000507354736, 113.55766296386719, 0.20902299880981445, 252.192626953125
0:01:27.159409, 0.1618950515985489, 5.500136375427246, 112.57860565185547, 0.19183294475078583, 252.2808380126953
0:01:27.222215, 0.1558791995048523, 5.095128536224365, 111.73960876464844, 0.17770713567733765, 252.35643005371094
0:01:27.317264, 0.1493247151374817, 4.671244144439697, 110.82548522949219, 0.16292297840118408, 252.4387969970703
0:01:27.427499, 0.14039982855319977, 4.124207496643066, 109.5807876586914, 0.14384351670742035, 252.55096435546875
0:01:27.505604, 0.1353205144405365, 3.828460454940796, 108.87239837646484, 0.13352848589420319, 252.6147918701172
0:01:27.630604, 0.12690818309783936, 3.362529993057251, 107.69918060302734, 0.1172778308391571, 252.7205047607422
0:01:27.708748, 0.1222548708319664, 3.118185043334961, 107.05020904541016, 0.10875560343265533, 252.7789764404297
0:01:27.775654, 0.11711417883634567, 2.8587646484375, 106.33325958251953, 0.09970757365226746, 252.8435821533203
0:01:27.912591, 0.11011441797018051, 2.523980140686035, 105.35704040527344, 0.08803100138902664, 252.93153381347656
0:01:28.006467, 0.10532267391681671, 2.3067562580108643, 104.68876647949219, 0.08045469969511032, 252.9917449951172
0:01:28.084466, 0.10099712014198303, 2.119267702102661, 104.08550262451172, 0.0739155039191246, 253.04611206054688
0:01:28.163065, 0.09670083224773407, 1.9409208297729492, 103.48632049560547, 0.06769514083862305, 253.10009765625
0:01:28.258258, 0.09277671575546265, 1.7850260734558105, 102.93904876708984, 0.06225786730647087, 253.14939880371094
0:01:28.368939, 0.08732070028781891, 1.5792769193649292, 102.1781234741211, 0.05508177727460861, 253.2179718017578
0:01:28.463131, 0.08356355130672455, 1.4448678493499756, 101.65412902832031, 0.05039387568831444, 253.2651824951172
0:01:28.541237, 0.08017247915267944, 1.3288116455078125, 101.18119812011719, 0.046346087008714676, 253.30780029296875
0:01:28.650633, 0.07588106393814087, 1.189110517501831, 100.58270263671875, 0.04147361218929291, 253.3617401123047
0:01:28.729124, 0.07276462763547897, 1.0924596786499023, 100.1480712890625, 0.038102634251117706, 253.40090942382812
0:01:28.822874, 0.06966936588287354, 1.0005269050598145, 99.71639251708984, 0.03489622101187706, 253.43980407714844
0:01:28.948277, 0.065438412129879, 0.8815128803253174, 99.12632751464844, 0.030745266005396843, 253.4929656982422
0:01:29.010942, 0.0626227930188179, 0.806489109992981, 98.73365020751953, 0.028128597885370255, 253.52835083007812
