Time, Frequency, Amplitude, Offset, PhaseShift, Phase
0:00:00.06, 0.0, 0.0, 90.0, 0.0, 19868.857421875
0:00:00.17, 0.0, 0.0, 90.0, 0.0, 19869.595703125
0:00:00.27, 0.0, 0.0, 90.0, 0.0, 19870.17578125
0:00:00.37, 0.0, 0.0, 90.0, 0.0, 19870.83203125
0:00:00.47, 0.0, 0.0, 90.0, 0.0, 19871.48828125
0:00:00.58, 0.0, 0.0, 90.0, 0.0, 19872.14453125
0:00:00.68, 0.0, 0.0, 90.0, 0.0, 19872.806640625
0:00:00.79, 0.0, 0.0, 90.0, 0.0, 19873.462890625
0:00:00.88, 0.0, 0.0, 90.0, 0.0, 19874.037109375
0:00:00.98, 0.0, 0.0, 90.0, 0.0, 19874.69921875
0:00:01.09, 0.0, 0.0, 90.0, 0.0, 19875.35546875
0:00:01.19, 0.0, 0.0, 90.0, 0.0, 19876.01171875
0:00:01.29, 0.0, 0.0, 90.0, 0.0, 19876.66796875
0:00:01.40, 0.0, 0.0, 90.0, 0.0, 19877.32421875
0:00:01.49, 0.0, 0.0, 90.0, 0.0, 19877.904296875
0:00:01.59, 0.0, 0.0, 90.0, 0.0, 19878.560546875
0:00:01.70, 0.0, 0.0, 90.0, 0.0, 19879.216796875
0:00:01.80, 0.0, 0.0, 90.0, 0.0, 19879.873046875
0:00:01.90, 0.0, 0.0, 90.0, 0.0, 19880.53515625
0:00:02.00, 0.0, 0.0, 90.0, 0.0, 19881.109375
0:00:02.10, 0.0, 0.0, 90.0, 0.0, 19881.765625
0:00:02.20, 0.0, 0.0, 90.0, 0.0, 19882.427734375
0:00:02.31, 0.0, 0.0, 90.0, 0.0, 19883.083984375
0:00:02.41, 0.0, 0.0, 90.0, 0.0, 19883.740234375
0:00:02.50, 0.0, 0.0, 90.0, 0.0, 19884.3203125
0:00:02.61, 0.0, 0.0, 90.0, 0.0, 19884.9765625
0:00:02.71, 0.0, 0.0, 90.0, 0.0, 19885.6328125
0:00:02.82, 0.0, 0.0, 90.0, 0.0, 19886.294921875
0:00:02.91, 0.0, 0.0, 90.0, 0.0, 19886.869140625
0:00:03.01, 0.0, 0.0, 90.0, 0.0, 19887.525390625
0:00:03.12, 0.0, 0.0, 90.0, 0.0, 19888.181640625
0:00:03.22, 0.0, 0.0, 90.0, 0.0, 19888.84375
0:00:03.32, 0.0, 0.0, 90.0, 0.0, 19889.5
0:00:03.43, 0.0, 0.0, 90.0, 0.0, 19890.15625
0:00:03.53, 0.0, 0.0, 90.0, 0.0, 19890.818359375
0:00:03.62, 0.0, 0.0, 90.0, 0.0, 19891.392578125
0:00:03.73, 0.0, 0.0, 90.0, 0.0, 19892.048828125
0:00:03.83, 0.0, 0.0, 90.0, 0.0, 19892.7109375
0:00:03.94, 0.0, 0.0, 90.0, 0.0, 19893.3671875
0:00:04.03, 0.0, 0.0, 90.0, 0.0, 19893.947265625
0:00:04.13, 0.0, 0.0, 90.0, 0.0, 19894.603515625
0:00:04.24, 0.0, 0.0, 90.0, 0.0, 19895.259765625
0:00:04.34, 0.0, 0.0, 90.0, 0.0, 19895.921875
0:00:04.44, 0.0, 0.0, 90.0, 0.0, 19896.578125
0:00:04.55, 0.0, 0.0, 90.0, 0.0, 19897.234375
0:00:04.64, 0.0, 0.0, 90.0, 0.0, 19897.814453125
0:00:04.74, 0.0, 0.0, 90.0, 0.0, 19898.470703125
0:00:04.85, 0.0, 0.0, 90.0, 0.0, 19899.126953125
0:00:04.95, 0.0, 0.0, 90.0, 0.0, 19899.7890625
0:00:05.15, 0.0, 0.0, 90.0, 0.0, 19901.01953125
0:00:05.25, 0.0, 0.0, 90.0, 0.0, 19901.681640625
0:00:05.36, 0.0, 0.0, 90.0, 0.0, 19902.337890625
0:00:05.46, 0.0, 0.0, 90.0, 0.0, 19902.994140625
0:00:05.55, 0.0, 0.0, 90.0, 0.0, 19903.57421875
0:00:05.66, 0.0, 0.0, 90.0, 0.0, 19904.23046875
0:00:05.76, 0.0, 0.0, 90.0, 0.0, 19904.892578125
0:00:05.86, 0.0, 0.0, 90.0, 0.0, 19905.548828125
0:00:05.97, 0.0, 0.0, 90.0, 0.0, 19906.205078125
0:00:06.06, 0.0, 0.0, 90.0, 0.0, 19906.78515625
0:00:06.16, 0.0, 0.0, 90.0, 0.0, 19907.44140625
0:00:06.27, 0.0, 0.0, 90.0, 0.0, 19908.09765625
0:00:06.37, 0.0, 0.0, 90.0, 0.0, 19908.759765625
0:00:06.48, 0.0, 0.0, 90.0, 0.0, 19909.416015625
0:00:06.57, 0.0, 0.0, 90.0, 0.0, 19909.99609375
0:00:06.67, 0.0, 0.0, 90.0, 0.0, 19910.65234375
0:00:06.78, 0.0, 0.0, 90.0, 0.0, 19911.30859375
0:00:06.88, 0.0, 0.0, 90.0, 0.0, 19911.970703125
0:00:06.98, 0.0, 0.0, 90.0, 0.0, 19912.626953125
0:00:07.08, 0.0, 0.0, 90.0, 0.0, 19913.20703125
0:00:07.18, 0.0, 0.0, 90.0, 0.0, 19913.86328125
0:00:07.28, 0.0, 0.0, 90.0, 0.0, 19914.51953125
0:00:07.39, 0.0, 0.0, 90.0, 0.0, 19915.181640625
0:00:07.49, 0.0, 0.0, 90.0, 0.0, 19915.837890625
0:00:07.58, 0.0, 0.0, 90.0, 0.0, 19916.412109375
0:00:07.69, 0.0, 0.0, 90.0, 0.0, 19917.07421875
0:00:07.79, 0.0, 0.0, 90.0, 0.0, 19917.73046875
0:00:07.90, 0.0, 0.0, 90.0, 0.0, 19918.38671875
0:00:08.00, 0.0, 0.0, 90.0, 0.0, 19919.048828125
0:00:08.10, 0.0, 0.0, 90.0, 0.0, 19919.705078125
0:00:08.20, 0.0, 0.0, 90.0, 0.0, 19920.28515625
0:00:08.30, 0.0, 0.0, 90.0, 0.0, 19920.94140625
0:00:08.40, 0.0, 0.0, 90.0, 0.0, 19921.59765625
0:00:08.51, 0.0, 0.0, 90.0, 0.0, 19922.259765625
0:00:08.60, 0.0, 0.0, 90.0, 0.0, 19922.833984375
0:00:08.70, 0.0, 0.0, 90.0, 0.0, 19923.490234375
0:00:08.81, 0.0, 0.0, 90.0, 0.0, 19924.15234375
0:00:08.91, 0.0, 0.0, 90.0, 0.0, 19924.80859375
0:00:09.02, 0.0, 0.0, 90.0, 0.0, 19925.46484375
0:00:09.12, 0.0, 0.0, 90.0, 0.0, 19926.126953125
0:00:09.21, 0.0, 0.0, 90.0, 0.0, 19926.701171875
0:00:09.32, 0.0, 0.0, 90.0, 0.0, 19927.357421875
0:00:09.42, 0.0, 0.0, 90.0, 0.0, 19928.01953125
0:00:09.52, 0.0, 0.0, 90.0, 0.0, 19928.67578125
0:00:09.63, 0.0, 0.0, 90.0, 0.0, 19929.33203125
0:00:09.73, 0.0, 0.0, 90.0, 0.0, 19929.994140625
0:00:09.82, 0.0, 0.0, 90.0, 0.0, 19930.568359375
0:00:09.93, 0.0, 0.0, 90.0, 0.0, 19931.23046875
0:00:10.03, 0.0, 0.0, 90.0, 0.0, 19931.88671875
0:00:10.14, 0.0, 0.0, 90.0, 0.0, 19932.54296875
0:00:10.23, 0.0, 0.0, 90.0, 0.0, 19933.123046875
0:00:10.33, 0.0, 0.0, 90.0, 0.0, 19933.779296875
0:00:10.44, 0.0, 0.0, 90.0, 0.0, 19934.435546875
0:00:10.54, 0.0, 0.0, 90.0, 0.0, 19935.09765625
0:00:10.64, 0.0, 0.0, 90.0, 0.0, 19935.75390625
0:00:10.75, 0.0, 0.0, 90.0, 0.0, 19936.41015625
0:00:10.84, 0.0, 0.0, 90.0, 0.0, 19936.990234375
0:00:10.94, 0.0, 0.0, 90.0, 0.0, 19937.646484375
0:00:11.05, 0.0, 0.0, 90.0, 0.0, 19938.30859375
0:00:11.15, 0.0, 0.0, 90.0, 0.0, 19938.96484375
0:00:11.24, 0.0, 0.0, 90.0, 0.0, 19939.544921875
0:00:11.35, 0.0, 0.0, 90.0, 0.0, 19940.201171875
0:00:11.45, 0.0, 0.0, 90.0, 0.0, 19940.857421875
0:00:11.56, 0.0, 0.0, 90.0, 0.0, 19941.51953125
0:00:11.66, 0.0, 0.0, 90.0, 0.0, 19942.17578125
0:00:11.76, 0.0, 0.0, 90.0, 0.0, 19942.83203125
0:00:11.86, 0.0, 0.0, 90.0, 0.0, 19943.412109375
0:00:11.96, 0.0, 0.0, 90.0, 0.0, 19944.068359375
0:00:12.06, 0.0, 0.0, 90.0, 0.0, 19944.724609375
0:00:12.17, 0.0, 0.0, 90.0, 0.0, 19945.38671875
0:00:12.27, 0.0, 0.0, 90.0, 0.0, 19946.04296875
0:00:12.36, 0.0, 0.0, 90.0, 0.0, 19946.623046875
0:00:12.47, 0.0, 0.0, 90.0, 0.0, 19947.279296875
0:00:12.57, 0.0, 0.0, 90.0, 0.0, 19947.935546875
0:00:12.68, 0.0, 0.0, 90.0, 0.0, 19948.59765625
0:00:12.78, 0.0, 0.0, 90.0, 0.0, 19949.25390625
0:00:12.88, 0.0, 0.0, 90.0, 0.0, 19949.91015625
0:00:12.98, 0.0, 0.0, 90.0, 0.0, 19950.490234375
0:00:13.08, 0.0, 0.0, 90.0, 0.0, 19951.146484375
0:00:13.18, 0.0, 0.0, 90.0, 0.0, 19951.802734375
0:00:13.29, 0.0, 0.0, 90.0, 0.0, 19952.458984375
0:00:13.39, 0.0, 0.0, 90.0, 0.0, 19953.12109375
0:00:13.48, 0.0, 0.0, 90.0, 0.0, 19953.701171875
0:00:13.59, 0.0, 0.0, 90.0, 0.0, 19954.357421875
0:00:13.69, 0.0, 0.0, 90.0, 0.0, 19955.013671875
0:00:13.80, 0.0, 0.0, 90.0, 0.0, 19955.67578125
0:00:13.90, 0.0, 0.0, 90.0, 0.0, 19956.33203125
0:00:14.00, 0.0, 0.0, 90.0, 0.0, 19956.98828125
0:00:14.10, 0.0, 0.0, 90.0, 0.0, 19957.568359375
0:00:14.20, 0.0, 0.0, 90.0, 0.0, 19958.224609375
0:00:14.30, 0.0, 0.0, 90.0, 0.0, 19958.880859375
0:00:14.41, 0.0, 0.0, 90.0, 0.0, 19959.54296875
0:00:14.51, 0.0, 0.0, 90.0, 0.0, 19960.19921875
0:00:14.60, 0.0, 0.0, 90.0, 0.0, 19960.779296875
0:00:14.71, 0.0, 0.0, 90.0, 0.0, 19961.435546875
0:00:14.81, 0.0, 0.0, 90.0, 0.0, 19962.091796875
0:00:14.92, 0.0, 0.0, 90.0, 0.0, 19962.75390625
0:00:15.02, 0.0, 0.0, 90.0, 0.0, 19963.41015625
0:00:15.11, 0.0, 0.0, 90.0, 0.0, 19963.984375
0:00:15.22, 0.0, 0.0, 90.0, 0.0, 19964.646484375
0:00:15.32, 0.0, 0.0, 90.0, 0.0, 19965.302734375
0:00:15.42, 0.0, 0.0, 90.0, 0.0, 19965.958984375
0:00:15.53, 0.0, 0.0, 90.0, 0.0, 19966.62109375
0:00:15.62, 0.0, 0.0, 90.0, 0.0, 19967.1953125
0:00:15.72, 0.0, 0.0, 90.0, 0.0, 19967.857421875
0:00:15.83, 0.0, 0.0, 90.0, 0.0, 19968.513671875
0:00:15.93, 0.0, 0.0, 90.0, 0.0, 19969.17578125
0:00:16.04, 0.0, 0.0, 90.0, 0.0, 19969.83203125
0:00:16.14, 0.0, 0.0, 90.0, 0.0, 19970.48828125
0:00:16.23, 0.0, 0.0, 90.0, 0.0, 19971.068359375
0:00:16.34, 0.0, 0.0, 90.0, 0.0, 19971.724609375
0:00:16.44, 0.0, 0.0, 90.0, 0.0, 19972.380859375
0:00:16.54, 0.0, 0.0, 90.0, 0.0, 19973.04296875
0:00:16.65, 0.0, 0.0, 90.0, 0.0, 19973.69921875
0:00:16.74, 0.0, 0.0, 90.0, 0.0, 19974.279296875
0:00:16.84, 0.0, 0.0, 90.0, 0.0, 19974.935546875
0:00:16.95, 0.0, 0.0, 90.0, 0.0, 19975.591796875
0:00:17.05, 0.0, 0.0, 90.0, 0.0, 19976.25390625
0:00:17.16, 0.0, 0.0, 90.0, 0.0, 19976.91015625
0:00:17.26, 0.0, 0.0, 90.0, 0.0, 19977.56640625
0:00:17.35, 0.0, 0.0, 90.0, 0.0, 19978.146484375
0:00:17.46, 0.0, 0.0, 90.0, 0.0, 19978.802734375
0:00:17.56, 0.0, 0.0, 90.0, 0.0, 19979.458984375
0:00:17.66, 0.0, 0.0, 90.0, 0.0, 19980.115234375
0:00:17.77, 0.0, 0.0, 90.0, 0.0, 19980.77734375
0:00:17.86, 0.0, 0.0, 90.0, 0.0, 19981.3515625
0:00:17.96, 0.0, 0.0, 90.0, 0.0, 19982.013671875
0:00:18.07, 0.0, 0.0, 90.0, 0.0, 19982.669921875
0:00:18.17, 0.0, 0.0, 90.0, 0.0, 19983.326171875
0:00:18.28, 0.0, 0.0, 90.0, 0.0, 19983.98828125
0:00:18.38, 0.0, 0.0, 90.0, 0.0, 19984.64453125
0:00:18.47, 0.0, 0.0, 90.0, 0.0, 19985.21875
0:00:18.58, 0.0, 0.0, 90.0, 0.0, 19985.880859375
0:00:18.68, 0.0, 0.0, 90.0, 0.0, 19986.537109375
0:00:18.78, 0.0, 0.0, 90.0, 0.0, 19987.193359375
0:00:18.89, 0.0, 0.0, 90.0, 0.0, 19987.85546875
0:00:18.98, 0.0, 0.0, 90.0, 0.0, 19988.4296875
0:00:19.08, 0.0, 0.0, 90.0, 0.0, 19989.0859375
0:00:19.19, 0.0, 0.0, 90.0, 0.0, 19989.748046875
0:00:19.29, 0.0, 0.0, 90.0, 0.0, 19990.404296875
0:00:19.39, 0.0, 0.0, 90.0, 0.0, 19991.060546875
0:00:19.50, 0.0, 0.0, 90.0, 0.0, 19991.716796875
0:00:19.59, 0.0, 0.0, 90.0, 0.0, 19992.296875
0:00:19.69, 0.0, 0.0, 90.0, 0.0, 19992.953125
0:00:19.80, 0.0, 0.0, 90.0, 0.0, 19993.609375
0:00:19.90, 0.0, 0.0, 90.0, 0.0, 19994.265625
0:00:20.01, 0.0, 0.0, 90.0, 0.0, 19994.927734375
0:00:20.10, 0.0, 0.0, 90.0, 0.0, 19995.501953125
0:00:20.20, 0.0, 0.0, 90.0, 0.0, 19996.158203125
0:00:20.31, 0.0, 0.0, 90.0, 0.0, 19996.8203125
0:00:20.41, 0.0, 0.0, 90.0, 0.0, 19997.4765625
0:00:20.50, 0.0, 0.0, 90.0, 0.0, 19998.05078125
0:00:20.61, 0.0, 0.0, 90.0, 0.0, 19998.712890625
0:00:20.71, 0.0, 0.0, 90.0, 0.0, 19999.369140625
0:00:20.81, 0.0, 0.0, 90.0, 0.0, 20000.025390625
0:00:20.92, 0.0, 0.0, 90.0, 0.0, 20000.681640625
0:00:21.02, 0.0, 0.0, 90.0, 0.0, 20001.337890625
0:00:21.13, 0.0, 0.0, 90.0, 0.0, 20002.0
0:00:21.22, 0.0, 0.0, 90.0, 0.0, 20002.57421875
0:00:21.32, 0.0, 0.0, 90.0, 0.0, 20003.23046875
0:00:21.43, 0.0, 0.0, 90.0, 0.0, 20003.892578125
0:00:21.53, 0.0, 0.0, 90.0, 0.0, 20004.548828125
0:00:21.63, 0.0, 0.0, 90.0, 0.0, 20005.205078125
0:00:21.72, 0.0, 0.0, 90.0, 0.0, 20005.78515625
0:00:21.83, 0.0, 0.0, 90.0, 0.0, 20006.44140625
0:00:21.93, 0.0, 0.0, 90.0, 0.0, 20007.09765625
0:00:22.04, 0.0, 0.0, 90.0, 0.0, 20007.75390625
0:00:22.14, 0.0, 0.0, 90.0, 0.0, 20008.41015625
0:00:22.23, 0.0, 0.0, 90.0, 0.0, 20008.990234375
0:00:22.34, 0.0, 0.0, 90.0, 0.0, 20009.646484375
0:00:22.44, 0.0, 0.0, 90.0, 0.0, 20010.302734375
0:00:22.54, 0.0, 0.0, 90.0, 0.0, 20010.958984375
0:00:22.65, 0.0, 0.0, 90.0, 0.0, 20011.62109375
0:00:22.75, 0.0, 0.0, 90.0, 0.0, 20012.27734375
0:00:22.84, 0.0, 0.0, 90.0, 0.0, 20012.857421875
0:00:22.95, 0.0, 0.0, 90.0, 0.0, 20013.513671875
0:00:23.05, 0.0, 0.0, 90.0, 0.0, 20014.169921875
0:00:23.16, 0.0, 0.0, 90.0, 0.0, 20014.83203125
0:00:23.26, 0.0, 0.0, 90.0, 0.0, 20015.48828125
0:00:23.36, 0.0, 0.0, 90.0, 0.0, 20016.14453125
0:00:23.46, 0.0, 0.0, 90.0, 0.0, 20016.724609375
0:00:23.56, 0.0, 0.0, 90.0, 0.0, 20017.380859375
0:00:23.66, 0.0, 0.0, 90.0, 0.0, 20018.037109375
0:00:23.77, 0.0, 0.0, 90.0, 0.0, 20018.693359375
0:00:23.87, 0.0, 0.0, 90.0, 0.0, 20019.35546875
0:00:23.98, 0.0, 0.0, 90.0, 0.0, 20020.01171875
0:00:24.07, 0.0, 0.0, 90.0, 0.0, 20020.5859375
0:00:24.17, 0.0, 0.0, 90.0, 0.0, 20021.2421875
0:00:24.28, 0.0, 0.0, 90.0, 0.0, 20021.904296875
0:00:24.38, 0.0, 0.0, 90.0, 0.0, 20022.560546875
0:00:24.48, 0.0, 0.0, 90.0, 0.0, 20023.216796875
0:00:24.59, 0.0, 0.0, 90.0, 0.0, 20023.873046875
0:00:24.68, 0.0, 0.0, 90.0, 0.0, 20024.453125
0:00:24.78, 0.0, 0.0, 90.0, 0.0, 20025.109375
0:00:24.89, 0.0, 0.0, 90.0, 0.0, 20025.765625
0:00:24.99, 0.0, 0.0, 90.0, 0.0, 20026.427734375
0:00:25.09, 0.0, 0.0, 90.0, 0.0, 20027.083984375
0:00:25.20, 0.0, 0.0, 90.0, 0.0, 20027.740234375
0:00:25.29, 0.0, 0.0, 90.0, 0.0, 20028.314453125
0:00:25.39, 0.0, 0.0, 90.0, 0.0, 20028.9765625
0:00:25.50, 0.0, 0.0, 90.0, 0.0, 20029.6328125
0:00:25.60, 0.0, 0.0, 90.0, 0.0, 20030.2890625
0:00:25.71, 0.0, 0.0, 90.0, 0.0, 20030.9453125
0:00:25.80, 0.0, 0.0, 90.0, 0.0, 20031.525390625
0:00:25.90, 0.0, 0.0, 90.0, 0.0, 20032.181640625
0:00:26.01, 0.0, 0.0, 90.0, 0.0, 20032.84375
0:00:26.11, 0.0, 0.0, 90.0, 0.0, 20033.5
0:00:26.21, 0.0, 0.0, 90.0, 0.0, 20034.15625
0:00:26.31, 0.0, 0.0, 90.0, 0.0, 20034.736328125
0:00:26.41, 0.0, 0.0, 90.0, 0.0, 20035.392578125
0:00:26.51, 0.0, 0.0, 90.0, 0.0, 20036.048828125
0:00:26.62, 0.0, 0.0, 90.0, 0.0, 20036.7109375
0:00:26.72, 0.0, 0.0, 90.0, 0.0, 20037.3671875
0:00:26.83, 0.0, 0.0, 90.0, 0.0, 20038.0234375
0:00:26.92, 0.0, 0.0, 90.0, 0.0, 20038.603515625
0:00:27.02, 0.0, 0.0, 90.0, 0.0, 20039.259765625
0:00:27.13, 0.0, 0.0, 90.0, 0.0, 20039.916015625
0:00:27.23, 0.0, 0.0, 90.0, 0.0, 20040.578125
0:00:27.33, 0.0, 0.0, 90.0, 0.0, 20041.234375
0:00:27.43, 0.0, 0.0, 90.0, 0.0, 20041.814453125
0:00:27.53, 0.0, 0.0, 90.0, 0.0, 20042.470703125
0:00:27.63, 0.0, 0.0, 90.0, 0.0, 20043.126953125
0:00:27.74, 0.0, 0.0, 90.0, 0.0, 20043.783203125
0:00:27.84, 0.0, 0.0, 90.0, 0.0, 20044.4453125
0:00:27.93, 0.0, 0.0, 90.0, 0.0, 20045.01953125
0:00:28.05, 0.0, 0.0, 90.0, 0.0, 20045.7578125
0:00:28.14, 0.0, 0.0, 90.0, 0.0, 20046.337890625
0:00:28.25, 0.0, 0.0, 90.0, 0.0, 20046.994140625
0:00:28.35, 0.0, 0.0, 90.0, 0.0, 20047.650390625
0:00:28.45, 0.0, 0.0, 90.0, 0.0, 20048.3125
0:00:28.55, 0.0, 0.0, 90.0, 0.0, 20048.88671875
0:00:28.65, 0.0, 0.0, 90.0, 0.0, 20049.548828125
0:00:28.75, 0.0, 0.0, 90.0, 0.0, 20050.205078125
0:00:28.86, 0.0, 0.0, 90.0, 0.0, 20050.861328125
0:00:28.95, 0.0, 0.0, 90.0, 0.0, 20051.44140625
0:00:29.05, 0.0, 0.0, 90.0, 0.0, 20052.09765625
0:00:29.16, 0.0, 0.0, 90.0, 0.0, 20052.75390625
0:00:29.26, 0.0, 0.0, 90.0, 0.0, 20053.416015625
0:00:29.37, 0.0, 0.0, 90.0, 0.0, 20054.072265625
0:00:29.47, 0.0, 0.0, 90.0, 0.0, 20054.728515625
0:00:29.56, 0.0, 0.0, 90.0, 0.0, 20055.30859375
0:00:29.67, 0.0, 0.0, 90.0, 0.0, 20055.96484375
0:00:29.77, 0.0, 0.0, 90.0, 0.0, 20056.62109375
0:00:29.87, 0.0, 0.0, 90.0, 0.0, 20057.283203125
0:00:29.98, 0.0, 0.0, 90.0, 0.0, 20057.939453125
0:00:30.07, 0.0, 0.0, 90.0, 0.0, 20058.51953125
0:00:30.17, 0.0, 0.0, 90.0, 0.0, 20059.17578125
0:00:30.28, 0.0, 0.0, 90.0, 0.0, 20059.83203125
0:00:30.38, 0.0, 0.0, 90.0, 0.0, 20060.48828125
0:00:30.49, 0.0, 0.0, 90.0, 0.0, 20061.150390625
0:00:30.59, 0.0, 0.0, 90.0, 0.0, 20061.806640625
0:00:30.68, 0.0, 0.0, 90.0, 0.0, 20062.38671875
0:00:30.79, 0.0, 0.0, 90.0, 0.0, 20063.04296875
0:00:30.89, 0.0, 0.0, 90.0, 0.0, 20063.69921875
0:00:30.99, 0.0, 0.0, 90.0, 0.0, 20064.35546875
0:00:31.08, 0.0, 0.0, 90.0, 0.0, 20064.935546875
0:00:31.19, 0.0, 0.0, 90.0, 0.0, 20065.591796875
0:00:31.29, 0.0, 0.0, 90.0, 0.0, 20066.248046875
0:00:31.40, 0.0, 0.0, 90.0, 0.0, 20066.91015625
0:00:31.50, 0.0, 0.0, 90.0, 0.0, 20067.56640625
0:00:31.59, 0.0, 0.0, 90.0, 0.0, 20068.140625
0:00:31.70, 0.0, 0.0, 90.0, 0.0, 20068.802734375
0:00:31.80, 0.0, 0.0, 90.0, 0.0, 20069.458984375
0:00:31.90, 0.0, 0.0, 90.0, 0.0, 20070.115234375
0:00:32.01, 0.0, 0.0, 90.0, 0.0, 20070.77734375
0:00:32.10, 0.0, 0.0, 90.0, 0.0, 20071.3515625
0:00:32.20, 0.0, 0.0, 90.0, 0.0, 20072.0078125
0:00:32.31, 0.0, 0.0, 90.0, 0.0, 20072.669921875
0:00:32.41, 0.0, 0.0, 90.0, 0.0, 20073.326171875
0:00:32.52, 0.0, 0.0, 90.0, 0.0, 20073.982421875
0:00:32.61, 0.0, 0.0, 90.0, 0.0, 20074.5625
0:00:32.71, 0.0, 0.0, 90.0, 0.0, 20075.21875
0:00:32.82, 0.0, 0.0, 90.0, 0.0, 20075.875
0:00:32.92, 0.0, 0.0, 90.0, 0.0, 20076.537109375
0:00:33.02, 0.0, 0.0, 90.0, 0.0, 20077.193359375
0:00:33.13, 0.0, 0.0, 90.0, 0.0, 20077.849609375
0:00:33.22, 0.0, 0.0, 90.0, 0.0, 20078.4296875
0:00:33.32, 0.0, 0.0, 90.0, 0.0, 20079.0859375
0:00:33.43, 0.0, 0.0, 90.0, 0.0, 20079.7421875
0:00:33.53, 0.0, 0.0, 90.0, 0.0, 20080.404296875
0:00:33.64, 0.0, 0.0, 90.0, 0.0, 20081.060546875
0:00:33.73, 0.0, 0.0, 90.0, 0.0, 20081.640625
0:00:33.83, 0.0, 0.0, 90.0, 0.0, 20082.296875
0:00:33.94, 0.0, 0.0, 90.0, 0.0, 20082.953125
0:00:34.04, 0.0, 0.0, 90.0, 0.0, 20083.615234375
0:00:34.14, 0.0, 0.0, 90.0, 0.0, 20084.271484375
0:00:34.25, 0.0, 0.0, 90.0, 0.0, 20084.927734375
0:00:34.34, 0.0, 0.0, 90.0, 0.0, 20085.5078125
0:00:34.44, 0.0, 0.0, 90.0, 0.0, 20086.1640625
0:00:34.55, 0.0, 0.0, 90.0, 0.0, 20086.8203125
0:00:34.65, 0.0, 0.0, 90.0, 0.0, 20087.4765625
0:00:34.74, 0.0, 0.0, 90.0, 0.0, 20088.056640625
0:00:34.85, 0.0, 0.0, 90.0, 0.0, 20088.712890625
0:00:34.95, 0.0, 0.0, 90.0, 0.0, 20089.375
0:00:35.06, 0.0, 0.0, 90.0, 0.0, 20090.03125
0:00:35.16, 0.0, 0.0, 90.0, 0.0, 20090.6875
0:00:35.25, 0.0, 0.0, 90.0, 0.0, 20091.267578125
0:00:35.36, 0.0, 0.0, 90.0, 0.0, 20091.923828125
0:00:35.46, 0.0, 0.0, 90.0, 0.0, 20092.580078125
0:00:35.56, 0.0, 0.0, 90.0, 0.0, 20093.2421875
0:00:35.67, 0.0, 0.0, 90.0, 0.0, 20093.8984375
0:00:35.77, 0.0, 0.0, 90.0, 0.0, 20094.5546875
0:00:35.86, 0.0, 0.0, 90.0, 0.0, 20095.134765625
0:00:35.97, 0.0, 0.0, 90.0, 0.0, 20095.791015625
0:00:36.07, 0.0, 0.0, 90.0, 0.0, 20096.447265625
0:00:36.18, 0.0, 0.0, 90.0, 0.0, 20097.109375
0:00:36.27, 0.0, 0.0, 90.0, 0.0, 20097.68359375
0:00:36.37, 0.0, 0.0, 90.0, 0.0, 20098.33984375
0:00:36.48, 0.0, 0.0, 90.0, 0.0, 20099.001953125
0:00:36.58, 0.0, 0.0, 90.0, 0.0, 20099.658203125
0:00:36.68, 0.0, 0.0, 90.0, 0.0, 20100.314453125
0:00:36.78, 0.0, 0.0, 90.0, 0.0, 20100.89453125
0:00:36.88, 0.0, 0.0, 90.0, 0.0, 20101.55078125
0:00:36.98, 0.0, 0.0, 90.0, 0.0, 20102.212890625
0:00:37.09, 0.0, 0.0, 90.0, 0.0, 20102.869140625
0:00:37.19, 0.0, 0.0, 90.0, 0.0, 20103.525390625
0:00:37.28, 0.0, 0.0, 90.0, 0.0, 20104.10546875
0:00:37.39, 0.0, 0.0, 90.0, 0.0, 20104.76171875
0:00:37.49, 0.0, 0.0, 90.0, 0.0, 20105.41796875
0:00:37.60, 0.0, 0.0, 90.0, 0.0, 20106.080078125
0:00:37.70, 0.0, 0.0, 90.0, 0.0, 20106.736328125
0:00:37.80, 0.0, 0.0, 90.0, 0.0, 20107.392578125
0:00:37.90, 0.0, 0.0, 90.0, 0.0, 20107.97265625
0:00:38.00, 0.0, 0.0, 90.0, 0.0, 20108.62890625
0:00:38.10, 0.0, 0.0, 90.0, 0.0, 20109.291015625
0:00:38.21, 0.0, 0.0, 90.0, 0.0, 20109.947265625
0:00:38.31, 0.0, 0.0, 90.0, 0.0, 20110.603515625
0:00:38.40, 0.0, 0.0, 90.0, 0.0, 20111.18359375
0:00:38.51, 0.0, 0.0, 90.0, 0.0, 20111.83984375
0:00:38.61, 0.0, 0.0, 90.0, 0.0, 20112.49609375
0:00:38.72, 0.0, 0.0, 90.0, 0.0, 20113.158203125
0:00:38.82, 0.0, 0.0, 90.0, 0.0, 20113.814453125
0:00:38.91, 0.0, 0.0, 90.0, 0.0, 20114.388671875
0:00:39.02, 0.0, 0.0, 90.0, 0.0, 20115.05078125
0:00:39.12, 0.0, 0.0, 90.0, 0.0, 20115.70703125
0:00:39.22, 0.0, 0.0, 90.0, 0.0, 20116.36328125
0:00:39.33, 0.0, 0.0, 90.0, 0.0, 20117.01953125
0:00:39.43, 0.0, 0.0, 90.0, 0.0, 20117.681640625
0:00:39.52, 0.0, 0.0, 90.0, 0.0, 20118.255859375
0:00:39.63, 0.0, 0.0, 90.0, 0.0, 20118.912109375
0:00:39.73, 0.0, 0.0, 90.0, 0.0, 20119.57421875
0:00:39.84, 0.0, 0.0, 90.0, 0.0, 20120.23046875
0:00:39.94, 0.0, 0.0, 90.0, 0.0, 20120.88671875
0:00:40.03, 0.0, 0.0, 90.0, 0.0, 20121.466796875
0:00:40.13, 0.0, 0.0, 90.0, 0.0, 20122.123046875
0:00:40.24, 0.0, 0.0, 90.0, 0.0, 20122.779296875
0:00:40.34, 0.0, 0.0, 90.0, 0.0, 20123.44140625
0:00:40.43, 0.0, 0.0, 90.0, 0.0, 20124.015625
0:00:40.54, 0.0, 0.0, 90.0, 0.0, 20124.677734375
0:00:40.64, 0.0, 0.0, 90.0, 0.0, 20125.333984375
0:00:40.75, 0.0, 0.0, 90.0, 0.0, 20125.990234375
0:00:40.84, 0.0, 0.0, 90.0, 0.0, 20126.5703125
0:00:40.94, 0.0, 0.0, 90.0, 0.0, 20127.2265625
0:00:41.05, 0.0, 0.0, 90.0, 0.0, 20127.8828125
0:00:41.15, 0.0, 0.0, 90.0, 0.0, 20128.544921875
0:00:41.25, 0.0, 0.0, 90.0, 0.0, 20129.201171875
0:00:41.36, 0.0, 0.0, 90.0, 0.0, 20129.857421875
0:00:41.45, 0.0, 0.0, 90.0, 0.0, 20130.4375
0:00:41.55, 0.0, 0.0, 90.0, 0.0, 20131.09375
0:00:41.66, 0.0, 0.0, 90.0, 0.0, 20131.75
0:00:41.76, 0.0, 0.0, 90.0, 0.0, 20132.412109375
0:00:41.87, 0.0, 0.0, 90.0, 0.0, 20133.068359375
0:00:41.97, 0.0, 0.0, 90.0, 0.0, 20133.724609375
0:00:42.06, 0.0, 0.0, 90.0, 0.0, 20134.3046875
0:00:42.17, 0.0, 0.0, 90.0, 0.0, 20134.9609375
0:00:42.27, 0.0, 0.0, 90.0, 0.0, 20135.6171875
0:00:42.37, 0.0, 0.0, 90.0, 0.0, 20136.279296875
0:00:42.48, 0.0, 0.0, 90.0, 0.0, 20136.935546875
0:00:42.58, 0.0, 0.0, 90.0, 0.0, 20137.591796875
0:00:42.69, 0.0, 0.0, 90.0, 0.0, 20138.248046875
0:00:42.78, 0.0, 0.0, 90.0, 0.0, 20138.828125
0:00:42.88, 0.0, 0.0, 90.0, 0.0, 20139.484375
0:00:42.99, 0.0, 0.0, 90.0, 0.0, 20140.140625
0:00:43.09, 0.0, 0.0, 90.0, 0.0, 20140.802734375
0:00:43.19, 0.0, 0.0, 90.0, 0.0, 20141.458984375
0:00:43.30, 0.0, 0.0, 90.0, 0.0, 20142.115234375
0:00:43.39, 0.0, 0.0, 90.0, 0.0, 20142.6953125
0:00:43.49, 0.0, 0.0, 90.0, 0.0, 20143.3515625
0:00:43.60, 0.0, 0.0, 90.0, 0.0, 20144.0078125
0:00:43.70, 0.0, 0.0, 90.0, 0.0, 20144.669921875
0:00:43.81, 0.0, 0.0, 90.0, 0.0, 20145.326171875
0:00:43.91, 0.0, 0.0, 90.0, 0.0, 20145.982421875
0:00:44.00, 0.0, 0.0, 90.0, 0.0, 20146.5625
0:00:44.11, 0.0, 0.0, 90.0, 0.0, 20147.21875
0:00:44.21, 0.0, 0.0, 90.0, 0.0, 20147.875
0:00:44.31, 0.0, 0.0, 90.0, 0.0, 20148.537109375
0:00:44.42, 0.0, 0.0, 90.0, 0.0, 20149.193359375
0:00:44.52, 0.0, 0.0, 90.0, 0.0, 20149.849609375
0:00:44.61, 0.0, 0.0, 90.0, 0.0, 20150.4296875
0:00:44.72, 0.0, 0.0, 90.0, 0.0, 20151.0859375
0:00:44.82, 0.0, 0.0, 90.0, 0.0, 20151.7421875
0:00:44.93, 0.0, 0.0, 90.0, 0.0, 20152.404296875
0:00:45.03, 0.0, 0.0, 90.0, 0.0, 20153.060546875
0:00:45.12, 0.0, 0.0, 90.0, 0.0, 20153.640625
0:00:45.23, 0.0, 0.0, 90.0, 0.0, 20154.296875
0:00:45.33, 0.0, 0.0, 90.0, 0.0, 20154.953125
0:00:45.43, 0.0, 0.0, 90.0, 0.0, 20155.615234375
0:00:45.54, 0.0, 0.0, 90.0, 0.0, 20156.271484375
0:00:45.63, 0.0, 0.0, 90.0, 0.0, 20156.8515625
0:00:45.73, 0.0, 0.0, 90.0, 0.0, 20157.5078125
0:00:45.84, 0.0, 0.0, 90.0, 0.0, 20158.1640625
0:00:45.94, 0.0, 0.0, 90.0, 0.0, 20158.8203125
0:00:46.05, 0.0, 0.0, 90.0, 0.0, 20159.482421875
0:00:46.15, 0.0, 0.0, 90.0, 0.0, 20160.138671875
0:00:46.24, 0.0, 0.0, 90.0, 0.0, 20160.712890625
0:00:46.35, 0.0, 0.0, 90.0, 0.0, 20161.375
0:00:46.45, 0.0, 0.0, 90.0, 0.0, 20162.03125
0:00:46.55, 0.0, 0.0, 90.0, 0.0, 20162.6875
0:00:46.66, 0.0, 0.0, 90.0, 0.0, 20163.349609375
0:00:46.75, 0.0, 0.0, 90.0, 0.0, 20163.923828125
0:00:46.85, 0.0, 0.0, 90.0, 0.0, 20164.580078125
0:00:46.96, 0.0, 0.0, 90.0, 0.0, 20165.2421875
0:00:47.06, 0.0, 0.0, 90.0, 0.0, 20165.8984375
0:00:47.17, 0.0, 0.0, 90.0, 0.0, 20166.5546875
0:00:47.27, 0.0, 0.0, 90.0, 0.0, 20167.216796875
0:00:47.36, 0.0, 0.0, 90.0, 0.0, 20167.791015625
0:00:47.47, 0.0, 0.0, 90.0, 0.0, 20168.447265625
0:00:47.57, 0.0, 0.0, 90.0, 0.0, 20169.109375
0:00:47.67, 0.0, 0.0, 90.0, 0.0, 20169.765625
0:00:47.78, 0.0, 0.0, 90.0, 0.0, 20170.421875
0:00:47.87, 0.0, 0.0, 90.0, 0.0, 20171.001953125
0:00:47.97, 0.0, 0.0, 90.0, 0.0, 20171.658203125
0:00:48.08, 0.0, 0.0, 90.0, 0.0, 20172.314453125
0:00:48.18, 0.0, 0.0, 90.0, 0.0, 20172.9765625
0:00:48.29, 0.0, 0.0, 90.0, 0.0, 20173.6328125
0:00:48.39, 0.0, 0.0, 90.0, 0.0, 20174.2890625
0:00:48.48, 0.0, 0.0, 90.0, 0.0, 20174.869140625
0:00:48.59, 0.0, 0.0, 90.0, 0.0, 20175.525390625
0:00:48.69, 0.0, 0.0, 90.0, 0.0, 20176.181640625
0:00:48.79, 0.0, 0.0, 90.0, 0.0, 20176.84375
0:00:48.90, 0.0, 0.0, 90.0, 0.0, 20177.5
0:00:49.00, 0.0, 0.0, 90.0, 0.0, 20178.15625
0:00:49.09, 0.0, 0.0, 90.0, 0.0, 20178.736328125
0:00:49.20, 0.0, 0.0, 90.0, 0.0, 20179.392578125
0:00:49.30, 0.0, 0.0, 90.0, 0.0, 20180.048828125
0:00:49.41, 0.0, 0.0, 90.0, 0.0, 20180.7109375
0:00:49.51, 0.0, 0.0, 90.0, 0.0, 20181.3671875
0:00:49.61, 0.0, 0.0, 90.0, 0.0, 20182.0234375
0:00:49.71, 0.0, 0.0, 90.0, 0.0, 20182.603515625
0:00:49.81, 0.0, 0.0, 90.0, 0.0, 20183.259765625
0:00:49.91, 0.0, 0.0, 90.0, 0.0, 20183.916015625
0:00:50.02, 0.0, 0.0, 90.0, 0.0, 20184.578125
0:00:50.12, 0.0, 0.0, 90.0, 0.0, 20185.234375
0:00:50.23, 0.0, 0.0, 90.0, 0.0, 20185.890625
0:00:50.32, 0.0, 0.0, 90.0, 0.0, 20186.470703125
0:00:50.42, 0.0, 0.0, 90.0, 0.0, 20187.126953125
0:00:50.53, 0.0, 0.0, 90.0, 0.0, 20187.783203125
0:00:50.63, 0.0, 0.0, 90.0, 0.0, 20188.439453125
0:00:50.73, 0.0, 0.0, 90.0, 0.0, 20189.1015625
0:00:50.84, 0.0, 0.0, 90.0, 0.0, 20189.7578125
0:00:50.93, 0.0, 0.0, 90.0, 0.0, 20190.337890625
0:00:51.03, 0.0, 0.0, 90.0, 0.0, 20190.994140625
0:00:51.14, 0.0, 0.0, 90.0, 0.0, 20191.650390625
0:00:51.24, 0.0, 0.0, 90.0, 0.0, 20192.306640625
0:00:51.35, 0.0, 0.0, 90.0, 0.0, 20192.96875
0:00:51.44, 0.0, 0.0, 90.0, 0.0, 20193.54296875
0:00:51.54, 0.0, 0.0, 90.0, 0.0, 20194.205078125
0:00:51.65, 0.0, 0.0, 90.0, 0.0, 20194.861328125
0:00:51.75, 0.0, 0.0, 90.0, 0.0, 20195.517578125
0:00:51.85, 0.0, 0.0, 90.0, 0.0, 20196.1796875
0:00:51.94, 0.0, 0.0, 90.0, 0.0, 20196.75390625
0:00:52.05, 0.0, 0.0, 90.0, 0.0, 20197.41015625
0:00:52.15, 0.0, 0.0, 90.0, 0.0, 20198.072265625
0:00:52.26, 0.0, 0.0, 90.0, 0.0, 20198.728515625
0:00:52.36, 0.0, 0.0, 90.0, 0.0, 20199.384765625
0:00:52.47, 0.0, 0.0, 90.0, 0.0, 20200.046875
0:00:52.56, 0.0, 0.0, 90.0, 0.0, 20200.62109375
0:00:52.66, 0.0, 0.0, 90.0, 0.0, 20201.283203125
0:00:52.77, 0.0, 0.0, 90.0, 0.0, 20201.939453125
0:00:52.87, 0.0, 0.0, 90.0, 0.0, 20202.595703125
0:00:52.97, 0.0, 0.0, 90.0, 0.0, 20203.2578125
0:00:53.06, 0.0, 0.0, 90.0, 0.0, 20203.83203125
0:00:53.17, 0.0, 0.0, 90.0, 0.0, 20204.48828125
0:00:53.27, 0.0, 0.0, 90.0, 0.0, 20205.150390625
0:00:53.38, 0.0, 0.0, 90.0, 0.0, 20205.806640625
0:00:53.48, 0.0, 0.0, 90.0, 0.0, 20206.46875
0:00:53.57, 0.0, 0.0, 90.0, 0.0, 20207.04296875
0:00:53.68, 0.0, 0.0, 90.0, 0.0, 20207.705078125
0:00:53.78, 0.0, 0.0, 90.0, 0.0, 20208.361328125
0:00:53.89, 0.0, 0.0, 90.0, 0.0, 20209.017578125
0:00:53.99, 0.0, 0.0, 90.0, 0.0, 20209.6796875
0:00:54.08, 0.0, 0.0, 90.0, 0.0, 20210.25390625
0:00:54.19, 0.0, 0.0, 90.0, 0.0, 20210.916015625
0:00:54.29, 0.0, 0.0, 90.0, 0.0, 20211.572265625
0:00:54.39, 0.0, 0.0, 90.0, 0.0, 20212.228515625
0:00:54.50, 0.0, 0.0, 90.0, 0.0, 20212.890625
0:00:54.59, 0.0, 0.0, 90.0, 0.0, 20213.46484375
0:00:54.69, 0.0, 0.0, 90.0, 0.0, 20214.126953125
0:00:54.80, 0.0, 0.0, 90.0, 0.0, 20214.783203125
0:00:54.90, 0.0, 0.0, 90.0, 0.0, 20215.439453125
0:00:55.01, 0.0, 0.0, 90.0, 0.0, 20216.1015625
0:00:55.10, 0.0, 0.0, 90.0, 0.0, 20216.67578125
0:00:55.20, 0.0, 0.0, 90.0, 0.0, 20217.33203125
0:00:55.31, 0.0, 0.0, 90.0, 0.0, 20217.994140625
0:00:55.41, 0.0, 0.0, 90.0, 0.0, 20218.650390625
0:00:55.51, 0.0, 0.0, 90.0, 0.0, 20219.306640625
0:00:55.61, 0.0, 0.0, 90.0, 0.0, 20219.88671875
0:00:55.71, 0.0, 0.0, 90.0, 0.0, 20220.54296875
0:00:55.81, 0.0, 0.0, 90.0, 0.0, 20221.205078125
0:00:55.92, 0.0, 0.0, 90.0, 0.0, 20221.861328125
0:00:56.02, 0.0, 0.0, 90.0, 0.0, 20222.517578125
0:00:56.13, 0.0, 0.0, 90.0, 0.0, 20223.173828125
0:00:56.22, 0.0, 0.0, 90.0, 0.0, 20223.75390625
0:00:56.32, 0.0, 0.0, 90.0, 0.0, 20224.41015625
0:00:56.43, 0.0, 0.0, 90.0, 0.0, 20225.072265625
0:00:56.53, 0.0, 0.0, 90.0, 0.0, 20225.728515625
0:00:56.62, 0.0, 0.0, 90.0, 0.0, 20226.30859375
0:00:56.73, 0.0, 0.0, 90.0, 0.0, 20226.96484375
0:00:56.83, 0.0, 0.0, 90.0, 0.0, 20227.62109375
0:00:56.93, 0.0, 0.0, 90.0, 0.0, 20228.283203125
0:00:57.04, 0.0, 0.0, 90.0, 0.0, 20228.939453125
0:00:57.13, 0.0, 0.0, 90.0, 0.0, 20229.51953125
0:00:57.23, 0.0, 0.0, 90.0, 0.0, 20230.17578125
0:00:57.34, 0.0, 0.0, 90.0, 0.0, 20230.83203125
0:00:57.44, 0.0, 0.0, 90.0, 0.0, 20231.494140625
0:00:57.55, 0.0, 0.0, 90.0, 0.0, 20232.150390625
0:00:57.64, 0.0, 0.0, 90.0, 0.0, 20232.73046875
0:00:57.74, 0.0, 0.0, 90.0, 0.0, 20233.38671875
0:00:57.85, 0.0, 0.0, 90.0, 0.0, 20234.04296875
0:00:57.95, 0.0, 0.0, 90.0, 0.0, 20234.69921875
0:00:58.05, 0.0, 0.0, 90.0, 0.0, 20235.361328125
0:00:58.15, 0.0, 0.0, 90.0, 0.0, 20235.935546875
0:00:58.25, 0.0, 0.0, 90.0, 0.0, 20236.591796875
0:00:58.35, 0.0, 0.0, 90.0, 0.0, 20237.25390625
0:00:58.46, 0.0, 0.0, 90.0, 0.0, 20237.91015625
0:00:58.55, 0.0, 0.0, 90.0, 0.0, 20238.490234375
0:00:58.65, 0.0, 0.0, 90.0, 0.0, 20239.146484375
0:00:58.76, 0.0, 0.0, 90.0, 0.0, 20239.802734375
0:00:58.86, 0.0, 0.0, 90.0, 0.0, 20240.46484375
0:00:58.97, 0.0, 0.0, 90.0, 0.0, 20241.12109375
0:00:59.06, 0.0, 0.0, 90.0, 0.0, 20241.6953125
0:00:59.16, 0.0, 0.0, 90.0, 0.0, 20242.357421875
0:00:59.27, 0.0, 0.0, 90.0, 0.0, 20243.013671875
0:00:59.37, 0.0, 0.0, 90.0, 0.0, 20243.669921875
0:00:59.47, 0.0, 0.0, 90.0, 0.0, 20244.33203125
0:00:59.58, 0.0, 0.0, 90.0, 0.0, 20244.98828125
0:00:59.67, 0.0, 0.0, 90.0, 0.0, 20245.568359375
0:00:59.77, 0.0, 0.0, 90.0, 0.0, 20246.224609375
0:00:59.88, 0.0, 0.0, 90.0, 0.0, 20246.880859375
0:00:59.98, 0.0, 0.0, 90.0, 0.0, 20247.54296875
0:01:00.09, 0.0, 0.0, 90.0, 0.0, 20248.19921875
0:01:00.18, 0.0, 0.0, 90.0, 0.0, 20248.779296875
0:01:00.28, 0.0, 0.0, 90.0, 0.0, 20249.435546875
0:01:00.39, 0.0, 0.0, 90.0, 0.0, 20250.091796875
0:01:00.49, 0.0, 0.0, 90.0, 0.0, 20250.75390625
0:01:00.59, 0.0, 0.0, 90.0, 0.0, 20251.41015625
0:01:00.69, 0.0, 0.0, 90.0, 0.0, 20251.984375
0:01:00.79, 0.0, 0.0, 90.0, 0.0, 20252.646484375
0:01:00.89, 0.0, 0.0, 90.0, 0.0, 20253.302734375
0:01:01.00, 0.0, 0.0, 90.0, 0.0, 20253.958984375
0:01:01.10, 0.0, 0.0, 90.0, 0.0, 20254.62109375
0:01:01.21, 0.0, 0.0, 90.0, 0.0, 20255.27734375
0:01:01.30, 0.0, 0.0, 90.0, 0.0, 20255.857421875
0:01:01.40, 0.0, 0.0, 90.0, 0.0, 20256.513671875
0:01:01.51, 0.0, 0.0, 90.0, 0.0, 20257.169921875
0:01:01.61, 0.0, 0.0, 90.0, 0.0, 20257.83203125
0:01:01.72, 0.0, 0.0, 90.0, 0.0, 20258.48828125
0:01:01.81, 0.0, 0.0, 90.0, 0.0, 20259.068359375
0:01:01.91, 0.0, 0.0, 90.0, 0.0, 20259.724609375
0:01:02.02, 0.0, 0.0, 90.0, 0.0, 20260.38671875
0:01:02.12, 0.0, 0.0, 90.0, 0.0, 20261.04296875
0:01:02.22, 0.0, 0.0, 90.0, 0.0, 20261.69921875
0:01:02.32, 0.0, 0.0, 90.0, 0.0, 20262.279296875
0:01:02.42, 0.0, 0.0, 90.0, 0.0, 20262.935546875
0:01:02.52, 0.0, 0.0, 90.0, 0.0, 20263.59765625
0:01:02.63, 0.0, 0.0, 90.0, 0.0, 20264.25390625
0:01:02.73, 0.0, 0.0, 90.0, 0.0, 20264.91015625
0:01:02.82, 0.0, 0.0, 90.0, 0.0, 20265.490234375
0:01:02.93, 0.0, 0.0, 90.0, 0.0, 20266.146484375
0:01:03.03, 0.0, 0.0, 90.0, 0.0, 20266.80859375
0:01:03.14, 0.0, 0.0, 90.0, 0.0, 20267.46484375
0:01:03.24, 0.0, 0.0, 90.0, 0.0, 20268.126953125
0:01:03.34, 0.0, 0.0, 90.0, 0.0, 20268.783203125
0:01:03.44, 0.0, 0.0, 90.0, 0.0, 20269.36328125
0:01:03.54, 0.0, 0.0, 90.0, 0.0, 20270.01953125
0:01:03.64, 0.0, 0.0, 90.0, 0.0, 20270.67578125
0:01:03.75, 0.0, 0.0, 90.0, 0.0, 20271.337890625
0:01:03.85, 0.0, 0.0, 90.0, 0.0, 20271.994140625
0:01:03.94, 0.0, 0.0, 90.0, 0.0, 20272.57421875
0:01:04.05, 0.0, 0.0, 90.0, 0.0, 20273.23046875
0:01:04.15, 0.0, 0.0, 90.0, 0.0, 20273.88671875
0:01:04.26, 0.0, 0.0, 90.0, 0.0, 20274.548828125
0:01:04.36, 0.0, 0.0, 90.0, 0.0, 20275.205078125
0:01:04.45, 0.0, 0.0, 90.0, 0.0, 20275.78515625
0:01:04.56, 0.0, 0.0, 90.0, 0.0, 20276.44140625
0:01:04.66, 0.0, 0.0, 90.0, 0.0, 20277.103515625
0:01:04.77, 0.0, 0.0, 90.0, 0.0, 20277.759765625
0:01:04.87, 0.0, 0.0, 90.0, 0.0, 20278.421875
0:01:04.97, 0.0, 0.0, 90.0, 0.0, 20279.078125
0:01:05.07, 0.0, 0.0, 90.0, 0.0, 20279.658203125
0:01:05.17, 0.0, 0.0, 90.0, 0.0, 20280.314453125
0:01:05.27, 0.0, 0.0, 90.0, 0.0, 20280.9765625
0:01:05.38, 0.0, 0.0, 90.0, 0.0, 20281.6328125
0:01:05.48, 0.0, 0.0, 90.0, 0.0, 20282.2890625
0:01:05.57, 0.0, 0.0, 90.0, 0.0, 20282.869140625
0:01:05.68, 0.0, 0.0, 90.0, 0.0, 20283.53125
0:01:05.78, 0.0, 0.0, 90.0, 0.0, 20284.1875
0:01:05.89, 0.0, 0.0, 90.0, 0.0, 20284.84375
0:01:05.99, 0.0, 0.0, 90.0, 0.0, 20285.505859375
0:01:06.10, 0.0, 0.0, 90.0, 0.0, 20286.162109375
0:01:06.19, 0.0, 0.0, 90.0, 0.0, 20286.7421875
0:01:06.29, 0.0, 0.0, 90.0, 0.0, 20287.3984375
0:01:06.39, 0.0, 0.0, 90.0, 0.0, 20288.060546875
0:01:06.50, 0.0, 0.0, 90.0, 0.0, 20288.716796875
0:01:06.60, 0.0, 0.0, 90.0, 0.0, 20289.373046875
0:01:06.69, 0.0, 0.0, 90.0, 0.0, 20289.953125
0:01:06.80, 0.0, 0.0, 90.0, 0.0, 20290.609375
0:01:06.90, 0.0, 0.0, 90.0, 0.0, 20291.271484375
0:01:07.01, 0.0, 0.0, 90.0, 0.0, 20291.927734375
0:01:07.11, 0.0, 0.0, 90.0, 0.0, 20292.58984375
0:01:07.20, 0.0, 0.0, 90.0, 0.0, 20293.1640625
0:01:07.31, 0.0, 0.0, 90.0, 0.0, 20293.826171875
0:01:07.41, 0.0, 0.0, 90.0, 0.0, 20294.482421875
0:01:07.52, 0.0, 0.0, 90.0, 0.0, 20295.14453125
0:01:07.61, 0.0, 0.0, 90.0, 0.0, 20295.71875
0:01:07.71, 0.0, 0.0, 90.0, 0.0, 20296.380859375
0:01:07.82, 0.0, 0.0, 90.0, 0.0, 20297.037109375
0:01:07.92, 0.0, 0.0, 90.0, 0.0, 20297.693359375
0:01:08.02, 0.0, 0.0, 90.0, 0.0, 20298.35546875
0:01:08.12, 0.0, 0.0, 90.0, 0.0, 20298.9296875
0:01:08.22, 0.0, 0.0, 90.0, 0.0, 20299.591796875
0:01:08.32, 0.0, 0.0, 90.0, 0.0, 20300.248046875
0:01:08.43, 0.0, 0.0, 90.0, 0.0, 20300.904296875
0:01:08.53, 0.0, 0.0, 90.0, 0.0, 20301.56640625
0:01:08.64, 0.0, 0.0, 90.0, 0.0, 20302.22265625
0:01:08.73, 0.0, 0.0, 90.0, 0.0, 20302.802734375
0:01:08.83, 0.0, 0.0, 90.0, 0.0, 20303.458984375
0:01:08.94, 0.0, 0.0, 90.0, 0.0, 20304.12109375
0:01:09.04, 0.0, 0.0, 90.0, 0.0, 20304.77734375
0:01:09.15, 0.0, 0.0, 90.0, 0.0, 20305.439453125
0:01:09.24, 0.0, 0.0, 90.0, 0.0, 20306.013671875
0:01:09.34, 0.0, 0.0, 90.0, 0.0, 20306.67578125
0:01:09.45, 0.0, 0.0, 90.0, 0.0, 20307.33203125
0:01:09.55, 0.0, 0.0, 90.0, 0.0, 20307.98828125
0:01:09.65, 0.0, 0.0, 90.0, 0.0, 20308.650390625
0:01:09.76, 0.0, 0.0, 90.0, 0.0, 20309.306640625
0:01:09.85, 0.0, 0.0, 90.0, 0.0, 20309.88671875
0:01:09.95, 0.0, 0.0, 90.0, 0.0, 20310.54296875
0:01:10.06, 0.0, 0.0, 90.0, 0.0, 20311.205078125
0:01:10.16, 0.0, 0.0, 90.0, 0.0, 20311.861328125
0:01:10.27, 0.0, 0.0, 90.0, 0.0, 20312.5234375
0:01:10.37, 0.0, 0.0, 90.0, 0.0, 20313.1796875
0:01:10.46, 0.0, 0.0, 90.0, 0.0, 20313.759765625
0:01:10.57, 0.0, 0.0, 90.0, 0.0, 20314.416015625
0:01:10.67, 0.0, 0.0, 90.0, 0.0, 20315.078125
0:01:10.78, 0.0, 0.0, 90.0, 0.0, 20315.734375
0:01:10.87, 0.0, 0.0, 90.0, 0.0, 20316.314453125
0:01:10.97, 0.0, 0.0, 90.0, 0.0, 20316.970703125
0:01:11.08, 0.0, 0.0, 90.0, 0.0, 20317.626953125
0:01:11.18, 0.0, 0.0, 90.0, 0.0, 20318.2890625
0:01:11.27, 0.0, 0.0, 90.0, 0.0, 20318.86328125
0:01:11.37, 0.0, 0.0, 90.0, 0.0, 20319.525390625
0:01:11.48, 0.0, 0.0, 90.0, 0.0, 20320.181640625
0:01:11.58, 0.0, 0.0, 90.0, 0.0, 20320.84375
0:01:11.69, 0.0, 0.0, 90.0, 0.0, 20321.5
0:01:11.79, 0.0, 0.0, 90.0, 0.0, 20322.15625
0:01:11.88, 0.0, 0.0, 90.0, 0.0, 20322.736328125
0:01:11.99, 0.0, 0.0, 90.0, 0.0, 20323.3984375
0:01:12.09, 0.0, 0.0, 90.0, 0.0, 20324.0546875
0:01:12.20, 0.0, 0.0, 90.0, 0.0, 20324.7109375
0:01:12.30, 0.0, 0.0, 90.0, 0.0, 20325.373046875
0:01:12.39, 0.0, 0.0, 90.0, 0.0, 20325.947265625
0:01:12.50, 0.0, 0.0, 90.0, 0.0, 20326.609375
0:01:12.60, 0.0, 0.0, 90.0, 0.0, 20327.265625
0:01:12.70, 0.0, 0.0, 90.0, 0.0, 20327.921875
0:01:12.81, 0.0, 0.0, 90.0, 0.0, 20328.583984375
0:01:12.91, 0.0, 0.0, 90.0, 0.0, 20329.240234375
0:01:13.00, 0.0, 0.0, 90.0, 0.0, 20329.8203125
0:01:13.11, 0.0, 0.0, 90.0, 0.0, 20330.4765625
0:01:13.21, 0.0, 0.0, 90.0, 0.0, 20331.138671875
0:01:13.32, 0.0, 0.0, 90.0, 0.0, 20331.794921875
0:01:13.42, 0.0, 0.0, 90.0, 0.0, 20332.451171875
0:01:13.51, 0.0, 0.0, 90.0, 0.0, 20333.03125
0:01:13.62, 0.0, 0.0, 90.0, 0.0, 20333.6875
0:01:13.72, 0.0, 0.0, 90.0, 0.0, 20334.349609375
0:01:13.83, 0.0, 0.0, 90.0, 0.0, 20335.005859375
0:01:13.93, 0.0, 0.0, 90.0, 0.0, 20335.662109375
0:01:14.02, 0.0, 0.0, 90.0, 0.0, 20336.2421875
0:01:14.13, 0.0, 0.0, 90.0, 0.0, 20336.904296875
0:01:14.23, 0.0, 0.0, 90.0, 0.0, 20337.560546875
0:01:14.33, 0.0, 0.0, 90.0, 0.0, 20338.216796875
0:01:14.44, 0.0, 0.0, 90.0, 0.0, 20338.87890625
0:01:14.53, 0.0, 0.0, 90.0, 0.0, 20339.458984375
0:01:14.63, 0.0, 0.0, 90.0, 0.0, 20340.115234375
0:01:14.74, 0.0, 0.0, 90.0, 0.0, 20340.771484375
0:01:14.84, 0.0, 0.0, 90.0, 0.0, 20341.43359375
0:01:14.95, 0.0, 0.0, 90.0, 0.0, 20342.08984375
0:01:15.04, 0.0, 0.0, 90.0, 0.0, 20342.669921875
0:01:15.14, 0.0, 0.0, 90.0, 0.0, 20343.326171875
0:01:15.25, 0.0, 0.0, 90.0, 0.0, 20343.98828125
0:01:15.35, 0.0, 0.0, 90.0, 0.0, 20344.64453125
0:01:15.46, 0.0, 0.0, 90.0, 0.0, 20345.306640625
0:01:15.55, 0.0, 0.0, 90.0, 0.0, 20345.88671875
0:01:15.65, 0.0, 0.0, 90.0, 0.0, 20346.54296875
0:01:15.76, 0.0, 0.0, 90.0, 0.0, 20347.19921875
0:01:15.86, 0.0, 0.0, 90.0, 0.0, 20347.861328125
0:01:15.96, 0.0, 0.0, 90.0, 0.0, 20348.517578125
0:01:16.06, 0.0, 0.0, 90.0, 0.0, 20349.09765625
0:01:16.16, 0.0, 0.0, 90.0, 0.0, 20349.75390625
0:01:16.26, 0.0, 0.0, 90.0, 0.0, 20350.41015625
0:01:16.37, 0.0, 0.0, 90.0, 0.0, 20351.072265625
0:01:16.47, 0.0, 0.0, 90.0, 0.0, 20351.728515625
0:01:16.56, 0.0, 0.0, 90.0, 0.0, 20352.30859375
0:01:16.67, 0.0, 0.0, 90.0, 0.0, 20352.96484375
0:01:16.77, 0.0, 0.0, 90.0, 0.0, 20353.626953125
0:01:16.88, 0.0, 0.0, 90.0, 0.0, 20354.283203125
0:01:16.98, 0.0, 0.0, 90.0, 0.0, 20354.939453125
0:01:17.07, 0.0, 0.0, 90.0, 0.0, 20355.51953125
0:01:17.18, 0.0, 0.0, 90.0, 0.0, 20356.17578125
0:01:17.28, 0.0, 0.0, 90.0, 0.0, 20356.837890625
0:01:17.38, 0.0, 0.0, 90.0, 0.0, 20357.494140625
0:01:17.49, 0.0, 0.0, 90.0, 0.0, 20358.15625
0:01:17.58, 0.0, 0.0, 90.0, 0.0, 20358.73046875
0:01:17.68, 0.0, 0.0, 90.0, 0.0, 20359.392578125
0:01:17.79, 0.0, 0.0, 90.0, 0.0, 20360.048828125
0:01:17.89, 0.0, 0.0, 90.0, 0.0, 20360.7109375
0:01:18.00, 0.0, 0.0, 90.0, 0.0, 20361.3671875
0:01:18.09, 0.0, 0.0, 90.0, 0.0, 20361.94140625
0:01:18.19, 0.0, 0.0, 90.0, 0.0, 20362.603515625
0:01:18.30, 0.0, 0.0, 90.0, 0.0, 20363.259765625
0:01:18.39, 0.0, 0.0, 90.0, 0.0, 20363.83984375
0:01:18.51, 0.0, 0.0, 90.0, 0.0, 20364.578125
0:01:18.60, 0.0, 0.0, 90.0, 0.0, 20365.158203125
0:01:18.70, 0.0, 0.0, 90.0, 0.0, 20365.814453125
0:01:18.81, 0.0, 0.0, 90.0, 0.0, 20366.470703125
0:01:18.91, 0.0, 0.0, 90.0, 0.0, 20367.1328125
0:01:19.01, 0.0, 0.0, 90.0, 0.0, 20367.7890625
0:01:19.11, 0.0, 0.0, 90.0, 0.0, 20368.369140625
0:01:19.21, 0.0, 0.0, 90.0, 0.0, 20369.025390625
0:01:19.31, 0.0, 0.0, 90.0, 0.0, 20369.6875
0:01:19.42, 0.0, 0.0, 90.0, 0.0, 20370.34375
0:01:19.52, 0.0, 0.0, 90.0, 0.0, 20371.0
0:01:19.61, 0.0, 0.0, 90.0, 0.0, 20371.580078125
0:01:19.72, 0.0, 0.0, 90.0, 0.0, 20372.2421875
0:01:19.82, 0.0, 0.0, 90.0, 0.0, 20372.8984375
0:01:19.93, 0.0, 0.0, 90.0, 0.0, 20373.560546875
0:01:20.03, 0.0, 0.0, 90.0, 0.0, 20374.216796875
0:01:20.12, 0.0, 0.0, 90.0, 0.0, 20374.796875
0:01:20.23, 0.0, 0.0, 90.0, 0.0, 20375.453125
0:01:20.33, 0.0, 0.0, 90.0, 0.0, 20376.109375
0:01:20.44, 0.0, 0.0, 90.0, 0.0, 20376.771484375
0:01:20.54, 0.0, 0.0, 90.0, 0.0, 20377.427734375
0:01:20.63, 0.0, 0.0, 90.0, 0.0, 20378.0078125
0:01:20.74, 0.0, 0.0, 90.0, 0.0, 20378.6640625
0:01:20.84, 0.0, 0.0, 90.0, 0.0, 20379.326171875
0:01:20.94, 0.0, 0.0, 90.0, 0.0, 20379.982421875
0:01:21.04, 0.0, 0.0, 90.0, 0.0, 20380.5625
0:01:21.14, 0.0, 0.0, 90.0, 0.0, 20381.21875
0:01:21.24, 0.0, 0.0, 90.0, 0.0, 20381.880859375
0:01:21.35, 0.0, 0.0, 90.0, 0.0, 20382.537109375
0:01:21.45, 0.0, 0.0, 90.0, 0.0, 20383.19921875
0:01:21.54, 0.0, 0.0, 90.0, 0.0, 20383.7734375
0:01:21.65, 0.0, 0.0, 90.0, 0.0, 20384.435546875
0:01:21.75, 0.0, 0.0, 90.0, 0.0, 20385.091796875
0:01:21.86, 0.0, 0.0, 90.0, 0.0, 20385.75390625
0:01:21.96, 0.0, 0.0, 90.0, 0.0, 20386.41015625
0:01:22.07, 0.0, 0.0, 90.0, 0.0, 20387.06640625
0:01:22.16, 0.0, 0.0, 90.0, 0.0, 20387.646484375
0:01:22.26, 0.0, 0.0, 90.0, 0.0, 20388.302734375
0:01:22.37, 0.0, 0.0, 90.0, 0.0, 20388.96484375
0:01:22.47, 0.0, 0.0, 90.0, 0.0, 20389.62109375
0:01:22.57, 0.0, 0.0, 90.0, 0.0, 20390.283203125
0:01:22.66, 0.0, 0.0, 90.0, 0.0, 20390.857421875
0:01:22.77, 0.0, 0.0, 90.0, 0.0, 20391.51953125
0:01:22.87, 0.0, 0.0, 90.0, 0.0, 20392.17578125
0:01:22.98, 0.0, 0.0, 90.0, 0.0, 20392.83203125
0:01:23.08, 0.0, 0.0, 90.0, 0.0, 20393.494140625
0:01:23.17, 0.0, 0.0, 90.0, 0.0, 20394.068359375
0:01:23.28, 0.0, 0.0, 90.0, 0.0, 20394.73046875
0:01:23.38, 0.0, 0.0, 90.0, 0.0, 20395.38671875
0:01:23.49, 0.0, 0.0, 90.0, 0.0, 20396.04296875
0:01:23.59, 0.0, 0.0, 90.0, 0.0, 20396.705078125
0:01:23.69, 0.0, 0.0, 90.0, 0.0, 20397.361328125
0:01:23.79, 0.0, 0.0, 90.0, 0.0, 20397.94140625
0:01:23.89, 0.0, 0.0, 90.0, 0.0, 20398.59765625
0:01:23.99, 0.0, 0.0, 90.0, 0.0, 20399.259765625
0:01:24.10, 0.0, 0.0, 90.0, 0.0, 20399.916015625
0:01:24.19, 0.0, 0.0, 90.0, 0.0, 20400.49609375
0:01:24.29, 0.0, 0.0, 90.0, 0.0, 20401.15234375
0:01:24.40, 0.0, 0.0, 90.0, 0.0, 20401.80859375
0:01:24.50, 0.0, 0.0, 90.0, 0.0, 20402.470703125
0:01:24.61, 0.0, 0.0, 90.0, 0.0, 20403.126953125
0:01:24.71, 0.0, 0.0, 90.0, 0.0, 20403.783203125
0:01:24.80, 0.0, 0.0, 90.0, 0.0, 20404.36328125
0:01:24.91, 0.0, 0.0, 90.0, 0.0, 20405.01953125
0:01:25.01, 0.0, 0.0, 90.0, 0.0, 20405.681640625
0:01:25.11, 0.0, 0.0, 90.0, 0.0, 20406.337890625
0:01:25.22, 0.0, 0.0, 90.0, 0.0, 20406.994140625
0:01:25.32, 0.0, 0.0, 90.0, 0.0, 20407.650390625
0:01:25.43, 0.0, 0.0, 90.0, 0.0, 20408.3125
0:01:25.52, 0.0, 0.0, 90.0, 0.0, 20408.88671875
0:01:25.62, 0.0, 0.0, 90.0, 0.0, 20409.548828125
0:01:25.73, 0.0, 0.0, 90.0, 0.0, 20410.205078125
0:01:25.83, 0.0, 0.0, 90.0, 0.0, 20410.861328125
0:01:25.93, 0.0, 0.0, 90.0, 0.0, 20411.517578125
0:01:26.03, 0.0, 0.0, 90.0, 0.0, 20412.09765625
0:01:26.13, 0.0, 0.0, 90.0, 0.0, 20412.75390625
0:01:26.23, 0.0, 0.0, 90.0, 0.0, 20413.41015625
0:01:26.34, 0.0, 0.0, 90.0, 0.0, 20414.072265625
0:01:26.44, 0.0, 0.0, 90.0, 0.0, 20414.728515625
0:01:26.55, 0.0, 0.0, 90.0, 0.0, 20415.384765625
0:01:26.64, 0.0, 0.0, 90.0, 0.0, 20415.96484375
0:01:26.74, 0.0, 0.0, 90.0, 0.0, 20416.62109375
0:01:26.85, 0.0, 0.0, 90.0, 0.0, 20417.27734375
0:01:26.95, 0.0, 0.0, 90.0, 0.0, 20417.939453125
0:01:27.05, 0.0, 0.0, 90.0, 0.0, 20418.595703125
0:01:27.15, 0.0, 0.0, 90.0, 0.0, 20419.17578125
0:01:27.25, 0.0, 0.0, 90.0, 0.0, 20419.83203125
0:01:27.35, 0.0, 0.0, 90.0, 0.0, 20420.48828125
0:01:27.46, 0.0, 0.0, 90.0, 0.0, 20421.14453125
0:01:27.56, 0.0, 0.0, 90.0, 0.0, 20421.806640625
0:01:27.65, 0.0, 0.0, 90.0, 0.0, 20422.380859375
0:01:27.76, 0.0, 0.0, 90.0, 0.0, 20423.037109375
0:01:27.86, 0.0, 0.0, 90.0, 0.0, 20423.69921875
0:01:27.97, 0.0, 0.0, 90.0, 0.0, 20424.35546875
0:01:28.07, 0.0, 0.0, 90.0, 0.0, 20425.01171875
0:01:28.16, 0.0, 0.0, 90.0, 0.0, 20425.591796875
0:01:28.26, 0.0, 0.0, 90.0, 0.0, 20426.248046875
0:01:28.37, 0.0, 0.0, 90.0, 0.0, 20426.904296875
0:01:28.47, 0.0, 0.0, 90.0, 0.0, 20427.560546875
0:01:28.58, 0.0, 0.0, 90.0, 0.0, 20428.22265625
0:01:28.68, 0.0, 0.0, 90.0, 0.0, 20428.87890625
0:01:28.77, 0.0, 0.0, 90.0, 0.0, 20429.453125
0:01:28.88, 0.0, 0.0, 90.0, 0.0, 20430.115234375
0:01:28.98, 0.0, 0.0, 90.0, 0.0, 20430.771484375
0:01:29.08, 0.0, 0.0, 90.0, 0.0, 20431.427734375
0:01:29.19, 0.0, 0.0, 90.0, 0.0, 20432.083984375
0:01:29.29, 0.0, 0.0, 90.0, 0.0, 20432.740234375
0:01:29.38, 0.0, 0.0, 90.0, 0.0, 20433.3203125
0:01:29.49, 0.0, 0.0, 90.0, 0.0, 20433.9765625
0:01:29.59, 0.0, 0.0, 90.0, 0.0, 20434.638671875
0:01:29.70, 0.0, 0.0, 90.0, 0.0, 20435.294921875
0:01:29.80, 0.0, 0.0, 90.0, 0.0, 20435.951171875
0:01:29.89, 0.0, 0.0, 90.0, 0.0, 20436.525390625
0:01:30.00, 0.0, 0.0, 90.0, 0.0, 20437.1875
0:01:30.10, 0.0, 0.0, 90.0, 0.0, 20437.84375
0:01:30.20, 0.0, 0.0, 90.0, 0.0, 20438.505859375
0:01:30.31, 0.0, 0.0, 90.0, 0.0, 20439.162109375
0:01:30.40, 0.0, 0.0, 90.0, 0.0, 20439.7421875
0:01:30.50, 0.0, 0.0, 90.0, 0.0, 20440.3984375
0:01:30.61, 0.0, 0.0, 90.0, 0.0, 20441.0546875
0:01:30.71, 0.0, 0.0, 90.0, 0.0, 20441.7109375
0:01:30.82, 0.0, 0.0, 90.0, 0.0, 20442.373046875
0:01:30.92, 0.0, 0.0, 90.0, 0.0, 20443.029296875
0:01:31.02, 0.0, 0.0, 90.0, 0.0, 20443.685546875
0:01:31.12, 0.0, 0.0, 90.0, 0.0, 20444.259765625
0:01:31.22, 0.0, 0.0, 90.0, 0.0, 20444.921875
0:01:31.32, 0.0, 0.0, 90.0, 0.0, 20445.578125
0:01:31.43, 0.0, 0.0, 90.0, 0.0, 20446.234375
0:01:31.53, 0.0, 0.0, 90.0, 0.0, 20446.890625
0:01:31.64, 0.0, 0.0, 90.0, 0.0, 20447.552734375
0:01:31.73, 0.0, 0.0, 90.0, 0.0, 20448.126953125
0:01:31.83, 0.0, 0.0, 90.0, 0.0, 20448.783203125
0:01:31.94, 0.0, 0.0, 90.0, 0.0, 20449.4453125
0:01:32.04, 0.0, 0.0, 90.0, 0.0, 20450.1015625
0:01:32.14, 0.0, 0.0, 90.0, 0.0, 20450.7578125
0:01:32.23, 0.0, 0.0, 90.0, 0.0, 20451.337890625
0:01:32.34, 0.0, 0.0, 90.0, 0.0, 20451.994140625
0:01:32.44, 0.0, 0.0, 90.0, 0.0, 20452.650390625
0:01:32.55, 0.0, 0.0, 90.0, 0.0, 20453.306640625
0:01:32.65, 0.0, 0.0, 90.0, 0.0, 20453.96875
0:01:32.74, 0.0, 0.0, 90.0, 0.0, 20454.54296875
0:01:32.85, 0.0, 0.0, 90.0, 0.0, 20455.19921875
0:01:32.95, 0.0, 0.0, 90.0, 0.0, 20455.861328125
0:01:33.05, 0.0, 0.0, 90.0, 0.0, 20456.517578125
0:01:33.16, 0.0, 0.0, 90.0, 0.0, 20457.173828125
0:01:33.26, 0.0, 0.0, 90.0, 0.0, 20457.830078125
0:01:33.35, 0.0, 0.0, 90.0, 0.0, 20458.41015625
0:01:33.46, 0.0, 0.0, 90.0, 0.0, 20459.06640625
0:01:33.56, 0.0, 0.0, 90.0, 0.0, 20459.72265625
0:01:33.67, 0.0, 0.0, 90.0, 0.0, 20460.37890625
0:01:33.76, 0.0, 0.0, 90.0, 0.0, 20460.958984375
0:01:33.86, 0.0, 0.0, 90.0, 0.0, 20461.62109375
0:01:33.97, 0.0, 0.0, 90.0, 0.0, 20462.27734375
0:01:34.07, 0.0, 0.0, 90.0, 0.0, 20462.93359375
0:01:34.18, 0.0, 0.0, 90.0, 0.0, 20463.58984375
0:01:34.28, 0.0, 0.0, 90.0, 0.0, 20464.251953125
0:01:34.37, 0.0, 0.0, 90.0, 0.0, 20464.83203125
0:01:34.47, 0.0, 0.0, 90.0, 0.0, 20465.48828125
0:01:34.58, 0.0, 0.0, 90.0, 0.0, 20466.14453125
0:01:34.68, 0.0, 0.0, 90.0, 0.0, 20466.80078125
0:01:34.79, 0.0, 0.0, 90.0, 0.0, 20467.462890625
0:01:34.89, 0.0, 0.0, 90.0, 0.0, 20468.119140625
0:01:34.98, 0.0, 0.0, 90.0, 0.0, 20468.693359375
0:01:35.09, 0.0, 0.0, 90.0, 0.0, 20469.349609375
0:01:35.19, 0.0, 0.0, 90.0, 0.0, 20470.01171875
0:01:35.29, 0.0, 0.0, 90.0, 0.0, 20470.66796875
0:01:35.40, 0.0, 0.0, 90.0, 0.0, 20471.32421875
0:01:35.50, 0.0, 0.0, 90.0, 0.0, 20471.98046875
0:01:35.61, 0.0, 0.0, 90.0, 0.0, 20472.642578125
0:01:35.70, 0.0, 0.0, 90.0, 0.0, 20473.216796875
0:01:35.80, 0.0, 0.0, 90.0, 0.0, 20473.873046875
0:01:35.91, 0.0, 0.0, 90.0, 0.0, 20474.53515625
0:01:36.01, 0.0, 0.0, 90.0, 0.0, 20475.19140625
0:01:36.11, 0.0, 0.0, 90.0, 0.0, 20475.84765625
0:01:36.22, 0.0, 0.0, 90.0, 0.0, 20476.50390625
0:01:36.31, 0.0, 0.0, 90.0, 0.0, 20477.083984375
0:01:36.41, 0.0, 0.0, 90.0, 0.0, 20477.740234375
0:01:36.52, 0.0, 0.0, 90.0, 0.0, 20478.40234375
0:01:36.62, 0.0, 0.0, 90.0, 0.0, 20479.05859375
0:01:36.73, 0.0, 0.0, 90.0, 0.0, 20479.71484375
0:01:36.82, 0.0, 0.0, 90.0, 0.0, 20480.294921875
0:01:36.92, 0.0, 0.0, 90.0, 0.0, 20480.951171875
0:01:37.03, 0.0, 0.0, 90.0, 0.0, 20481.607421875
0:01:37.13, 0.0, 0.0, 90.0, 0.0, 20482.26953125
0:01:37.23, 0.0, 0.0, 90.0, 0.0, 20482.92578125
0:01:37.34, 0.0, 0.0, 90.0, 0.0, 20483.58203125
0:01:37.43, 0.0, 0.0, 90.0, 0.0, 20484.162109375
0:01:37.53, 0.0, 0.0, 90.0, 0.0, 20484.818359375
0:01:37.64, 0.0, 0.0, 90.0, 0.0, 20485.474609375
0:01:37.74, 0.0, 0.0, 90.0, 0.0, 20486.130859375
0:01:37.85, 0.0, 0.0, 90.0, 0.0, 20486.79296875
0:01:37.94, 0.0, 0.0, 90.0, 0.0, 20487.3671875
0:01:38.04, 0.0, 0.0, 90.0, 0.0, 20488.029296875
0:01:38.15, 0.0, 0.0, 90.0, 0.0, 20488.685546875
0:01:38.25, 0.0, 0.0, 90.0, 0.0, 20489.341796875
0:01:38.35, 0.0, 0.0, 90.0, 0.0, 20489.998046875
0:01:38.46, 0.0, 0.0, 90.0, 0.0, 20490.66015625
0:01:38.55, 0.0, 0.0, 90.0, 0.0, 20491.234375
0:01:38.65, 0.0, 0.0, 90.0, 0.0, 20491.890625
0:01:38.76, 0.0, 0.0, 90.0, 0.0, 20492.552734375
0:01:38.86, 0.0, 0.0, 90.0, 0.0, 20493.208984375
0:01:38.95, 0.0, 0.0, 90.0, 0.0, 20493.783203125
0:01:39.06, 0.0, 0.0, 90.0, 0.0, 20494.4453125
0:01:39.16, 0.0, 0.0, 90.0, 0.0, 20495.1015625
0:01:39.27, 0.0, 0.0, 90.0, 0.0, 20495.7578125
0:01:39.37, 0.0, 0.0, 90.0, 0.0, 20496.4140625
0:01:39.47, 0.0, 0.0, 90.0, 0.0, 20497.076171875
0:01:39.56, 0.0, 0.0, 90.0, 0.0, 20497.650390625
0:01:39.67, 0.0, 0.0, 90.0, 0.0, 20498.306640625
0:01:39.77, 0.0, 0.0, 90.0, 0.0, 20498.96875
0:01:39.88, 0.0, 0.0, 90.0, 0.0, 20499.625
0:01:39.97, 0.0, 0.0, 90.0, 0.0, 20500.19921875
0:01:40.07, 0.0, 0.0, 90.0, 0.0, 20500.85546875
0:01:40.18, 0.0, 0.0, 90.0, 0.0, 20501.517578125
0:01:40.28, 0.0, 0.0, 90.0, 0.0, 20502.173828125
0:01:40.38, 0.0, 0.0, 90.0, 0.0, 20502.830078125
0:01:40.48, 0.0, 0.0, 90.0, 0.0, 20503.41015625
0:01:40.58, 0.0, 0.0, 90.0, 0.0, 20504.06640625
0:01:40.68, 0.0, 0.0, 90.0, 0.0, 20504.72265625
0:01:40.79, 0.0, 0.0, 90.0, 0.0, 20505.37890625
0:01:40.89, 0.0, 0.0, 90.0, 0.0, 20506.03515625
0:01:41.00, 0.0, 0.0, 90.0, 0.0, 20506.697265625
0:01:41.09, 0.0, 0.0, 90.0, 0.0, 20507.271484375
0:01:41.19, 0.0, 0.0, 90.0, 0.0, 20507.927734375
0:01:41.30, 0.0, 0.0, 90.0, 0.0, 20508.583984375
0:01:41.40, 0.0, 0.0, 90.0, 0.0, 20509.24609375
0:01:41.50, 0.0, 0.0, 90.0, 0.0, 20509.90234375
0:01:41.61, 0.0, 0.0, 90.0, 0.0, 20510.55859375
0:01:41.80, 0.0, 0.0, 90.0, 0.0, 20511.794921875
0:01:41.91, 0.0, 0.0, 90.0, 0.0, 20512.45703125
0:01:42.01, 0.0, 0.0, 90.0, 0.0, 20513.11328125
0:01:42.12, 0.0, 0.0, 90.0, 0.0, 20513.76953125
0:01:42.21, 0.0, 0.0, 90.0, 0.0, 20514.349609375
0:01:42.31, 0.0, 0.0, 90.0, 0.0, 20515.005859375
0:01:42.41, 0.0, 0.0, 90.0, 0.0, 20515.66796875
0:01:42.52, 0.0, 0.0, 90.0, 0.0, 20516.32421875
0:01:42.62, 0.0, 0.0, 90.0, 0.0, 20516.98046875
0:01:42.71, 0.0, 0.0, 90.0, 0.0, 20517.560546875
0:01:42.82, 0.0, 0.0, 90.0, 0.0, 20518.216796875
0:01:42.92, 0.0, 0.0, 90.0, 0.0, 20518.873046875
0:01:43.03, 0.0, 0.0, 90.0, 0.0, 20519.529296875
0:01:43.12, 0.0, 0.0, 90.0, 0.0, 20520.109375
0:01:43.22, 0.0, 0.0, 90.0, 0.0, 20520.765625
0:01:43.33, 0.0, 0.0, 90.0, 0.0, 20521.421875
0:01:43.43, 0.0, 0.0, 90.0, 0.0, 20522.078125
0:01:43.53, 0.0, 0.0, 90.0, 0.0, 20522.740234375
0:01:43.64, 0.0, 0.0, 90.0, 0.0, 20523.396484375
0:01:43.73, 0.0, 0.0, 90.0, 0.0, 20523.970703125
0:01:43.83, 0.0, 0.0, 90.0, 0.0, 20524.6328125
0:01:43.94, 0.0, 0.0, 90.0, 0.0, 20525.2890625
0:01:44.04, 0.0, 0.0, 90.0, 0.0, 20525.9453125
0:01:44.15, 0.0, 0.0, 90.0, 0.0, 20526.6015625
0:01:44.24, 0.0, 0.0, 90.0, 0.0, 20527.181640625
0:01:44.34, 0.0, 0.0, 90.0, 0.0, 20527.837890625
0:01:44.44, 0.0, 0.0, 90.0, 0.0, 20528.494140625
0:01:44.55, 0.0, 0.0, 90.0, 0.0, 20529.150390625
0:01:44.65, 0.0, 0.0, 90.0, 0.0, 20529.8125
0:01:44.76, 0.0, 0.0, 90.0, 0.0, 20530.46875
0:01:44.85, 0.0, 0.0, 90.0, 0.0, 20531.04296875
0:01:44.95, 0.0, 0.0, 90.0, 0.0, 20531.705078125
0:01:45.06, 0.0, 0.0, 90.0, 0.0, 20532.361328125
0:01:45.16, 0.0, 0.0, 90.0, 0.0, 20533.017578125
0:01:45.26, 0.0, 0.0, 90.0, 0.0, 20533.673828125
0:01:45.36, 0.0, 0.0, 90.0, 0.0, 20534.25390625
0:01:45.46, 0.0, 0.0, 90.0, 0.0, 20534.91015625
0:01:45.56, 0.0, 0.0, 90.0, 0.0, 20535.572265625
0:01:45.67, 0.0, 0.0, 90.0, 0.0, 20536.228515625
0:01:45.77, 0.0, 0.0, 90.0, 0.0, 20536.884765625
0:01:45.86, 0.0, 0.0, 90.0, 0.0, 20537.46484375
0:01:45.97, 0.0, 0.0, 90.0, 0.0, 20538.12109375
0:01:46.07, 0.0, 0.0, 90.0, 0.0, 20538.77734375
0:01:46.18, 0.0, 0.0, 90.0, 0.0, 20539.439453125
0:01:46.28, 0.0, 0.0, 90.0, 0.0, 20540.095703125
0:01:46.37, 0.0, 0.0, 90.0, 0.0, 20540.669921875
0:01:46.48, 0.0, 0.0, 90.0, 0.0, 20541.33203125
0:01:46.58, 0.0, 0.0, 90.0, 0.0, 20541.98828125
0:01:46.68, 0.0, 0.0, 90.0, 0.0, 20542.64453125
0:01:46.79, 0.0, 0.0, 90.0, 0.0, 20543.306640625
0:01:46.88, 0.0, 0.0, 90.0, 0.0, 20543.880859375
0:01:46.98, 0.0, 0.0, 90.0, 0.0, 20544.537109375
0:01:47.09, 0.0, 0.0, 90.0, 0.0, 20545.19921875
0:01:47.19, 0.0, 0.0, 90.0, 0.0, 20545.85546875
0:01:47.30, 0.0, 0.0, 90.0, 0.0, 20546.517578125
0:01:47.39, 0.0, 0.0, 90.0, 0.0, 20547.091796875
0:01:47.49, 0.0, 0.0, 90.0, 0.0, 20547.748046875
0:01:47.60, 0.0, 0.0, 90.0, 0.0, 20548.404296875
0:01:47.70, 0.0, 0.0, 90.0, 0.0, 20549.06640625
0:01:47.80, 0.0, 0.0, 90.0, 0.0, 20549.72265625
0:01:47.91, 0.0, 0.0, 90.0, 0.0, 20550.37890625
0:01:48.00, 0.0, 0.0, 90.0, 0.0, 20550.958984375
0:01:48.10, 0.0, 0.0, 90.0, 0.0, 20551.615234375
0:01:48.21, 0.0, 0.0, 90.0, 0.0, 20552.27734375
0:01:48.31, 0.0, 0.0, 90.0, 0.0, 20552.93359375
0:01:48.40, 0.0, 0.0, 90.0, 0.0, 20553.513671875
0:01:48.51, 0.0, 0.0, 90.0, 0.0, 20554.169921875
0:01:48.61, 0.0, 0.0, 90.0, 0.0, 20554.826171875
0:01:48.72, 0.0, 0.0, 90.0, 0.0, 20555.48828125
0:01:48.82, 0.0, 0.0, 90.0, 0.0, 20556.14453125
0:01:48.92, 0.0, 0.0, 90.0, 0.0, 20556.80078125
0:01:49.02, 0.0, 0.0, 90.0, 0.0, 20557.380859375
0:01:49.12, 0.0, 0.0, 90.0, 0.0, 20558.037109375
0:01:49.22, 0.0, 0.0, 90.0, 0.0, 20558.69921875
0:01:49.33, 0.0, 0.0, 90.0, 0.0, 20559.35546875
0:01:49.42, 0.0, 0.0, 90.0, 0.0, 20559.9296875
0:01:49.52, 0.0, 0.0, 90.0, 0.0, 20560.591796875
0:01:49.63, 0.0, 0.0, 90.0, 0.0, 20561.248046875
0:01:49.73, 0.0, 0.0, 90.0, 0.0, 20561.904296875
0:01:49.84, 0.0, 0.0, 90.0, 0.0, 20562.56640625
0:01:49.94, 0.0, 0.0, 90.0, 0.0, 20563.22265625
0:01:50.03, 0.0, 0.0, 90.0, 0.0, 20563.802734375
0:01:50.14, 0.0, 0.0, 90.0, 0.0, 20564.458984375
0:01:50.24, 0.0, 0.0, 90.0, 0.0, 20565.115234375
0:01:50.34, 0.0, 0.0, 90.0, 0.0, 20565.77734375
0:01:50.45, 0.0, 0.0, 90.0, 0.0, 20566.43359375
0:01:50.55, 0.0, 0.0, 90.0, 0.0, 20567.08984375
0:01:50.64, 0.0, 0.0, 90.0, 0.0, 20567.669921875
0:01:50.75, 0.0, 0.0, 90.0, 0.0, 20568.326171875
0:01:50.85, 0.0, 0.0, 90.0, 0.0, 20568.982421875
0:01:50.96, 0.0, 0.0, 90.0, 0.0, 20569.64453125
0:01:51.06, 0.0, 0.0, 90.0, 0.0, 20570.30078125
0:01:51.15, 0.0, 0.0, 90.0, 0.0, 20570.880859375
0:01:51.26, 0.0, 0.0, 90.0, 0.0, 20571.537109375
0:01:51.36, 0.0, 0.0, 90.0, 0.0, 20572.193359375
0:01:51.46, 0.0, 0.0, 90.0, 0.0, 20572.849609375
0:01:51.57, 0.0, 0.0, 90.0, 0.0, 20573.51171875
0:01:51.66, 0.0, 0.0, 90.0, 0.0, 20574.0859375
0:01:51.76, 0.0, 0.0, 90.0, 0.0, 20574.748046875
0:01:51.87, 0.0, 0.0, 90.0, 0.0, 20575.404296875
0:01:51.97, 0.0, 0.0, 90.0, 0.0, 20576.060546875
0:01:52.08, 0.0, 0.0, 90.0, 0.0, 20576.72265625
0:01:52.18, 0.0, 0.0, 90.0, 0.0, 20577.37890625
0:01:52.27, 0.0, 0.0, 90.0, 0.0, 20577.953125
0:01:52.38, 0.0, 0.0, 90.0, 0.0, 20578.615234375
0:01:52.48, 0.0, 0.0, 90.0, 0.0, 20579.271484375
0:01:52.58, 0.0, 0.0, 90.0, 0.0, 20579.927734375
0:01:52.68, 0.0, 0.0, 90.0, 0.0, 20580.5078125
0:01:52.78, 0.0, 0.0, 90.0, 0.0, 20581.1640625
0:01:52.88, 0.0, 0.0, 90.0, 0.0, 20581.826171875
0:01:52.99, 0.0, 0.0, 90.0, 0.0, 20582.482421875
0:01:53.09, 0.0, 0.0, 90.0, 0.0, 20583.138671875
0:01:53.20, 0.0, 0.0, 90.0, 0.0, 20583.80078125
0:01:53.29, 0.0, 0.0, 90.0, 0.0, 20584.375
0:01:53.39, 0.0, 0.0, 90.0, 0.0, 20585.037109375
0:01:53.50, 0.0, 0.0, 90.0, 0.0, 20585.693359375
0:01:53.60, 0.0, 0.0, 90.0, 0.0, 20586.349609375
0:01:53.71, 0.0, 0.0, 90.0, 0.0, 20587.01171875
0:01:53.80, 0.0, 0.0, 90.0, 0.0, 20587.5859375
0:01:53.90, 0.0, 0.0, 90.0, 0.0, 20588.248046875
0:01:54.00, 0.0, 0.0, 90.0, 0.0, 20588.904296875
0:01:54.11, 0.0, 0.0, 90.0, 0.0, 20589.560546875
0:01:54.21, 0.0, 0.0, 90.0, 0.0, 20590.216796875
0:01:54.32, 0.0, 0.0, 90.0, 0.0, 20590.87890625
0:01:54.42, 0.0, 0.0, 90.0, 0.0, 20591.53515625
0:01:54.51, 0.0, 0.0, 90.0, 0.0, 20592.115234375
0:01:54.62, 0.0, 0.0, 90.0, 0.0, 20592.771484375
0:01:54.72, 0.0, 0.0, 90.0, 0.0, 20593.427734375
0:01:54.83, 0.0, 0.0, 90.0, 0.0, 20594.08984375
0:01:54.93, 0.0, 0.0, 90.0, 0.0, 20594.74609375
0:01:55.02, 0.0, 0.0, 90.0, 0.0, 20595.326171875
0:01:55.13, 0.0, 0.0, 90.0, 0.0, 20595.982421875
0:01:55.23, 0.0, 0.0, 90.0, 0.0, 20596.638671875
0:01:55.33, 0.0, 0.0, 90.0, 0.0, 20597.30078125
0:01:55.44, 0.0, 0.0, 90.0, 0.0, 20597.95703125
0:01:55.54, 0.0, 0.0, 90.0, 0.0, 20598.61328125
0:01:55.63, 0.0, 0.0, 90.0, 0.0, 20599.193359375
0:01:55.74, 0.0, 0.0, 90.0, 0.0, 20599.849609375
0:01:55.84, 0.0, 0.0, 90.0, 0.0, 20600.51171875
0:01:55.95, 0.0, 0.0, 90.0, 0.0, 20601.16796875
0:01:56.05, 0.0, 0.0, 90.0, 0.0, 20601.82421875
0:01:56.14, 0.0, 0.0, 90.0, 0.0, 20602.404296875
0:01:56.25, 0.0, 0.0, 90.0, 0.0, 20603.060546875
0:01:56.35, 0.0, 0.0, 90.0, 0.0, 20603.716796875
0:01:56.45, 0.0, 0.0, 90.0, 0.0, 20604.37890625
0:01:56.56, 0.0, 0.0, 90.0, 0.0, 20605.03515625
0:01:56.65, 0.0, 0.0, 90.0, 0.0, 20605.615234375
0:01:56.75, 0.0, 0.0, 90.0, 0.0, 20606.271484375
0:01:56.86, 0.0, 0.0, 90.0, 0.0, 20606.927734375
0:01:56.96, 0.0, 0.0, 90.0, 0.0, 20607.58984375
0:01:57.07, 0.0, 0.0, 90.0, 0.0, 20608.24609375
0:01:57.17, 0.0, 0.0, 90.0, 0.0, 20608.90234375
0:01:57.26, 0.0, 0.0, 90.0, 0.0, 20609.482421875
0:01:57.37, 0.0, 0.0, 90.0, 0.0, 20610.138671875
0:01:57.47, 0.0, 0.0, 90.0, 0.0, 20610.80078125
0:01:57.57, 0.0, 0.0, 90.0, 0.0, 20611.45703125
0:01:57.67, 0.0, 0.0, 90.0, 0.0, 20612.037109375
0:01:57.77, 0.0, 0.0, 90.0, 0.0, 20612.693359375
0:01:57.87, 0.0, 0.0, 90.0, 0.0, 20613.35546875
0:01:57.98, 0.0, 0.0, 90.0, 0.0, 20614.01171875
0:01:58.08, 0.0, 0.0, 90.0, 0.0, 20614.66796875
0:01:58.17, 0.0, 0.0, 90.0, 0.0, 20615.248046875
0:01:58.28, 0.0, 0.0, 90.0, 0.0, 20615.904296875
0:01:58.38, 0.0, 0.0, 90.0, 0.0, 20616.56640625
0:01:58.49, 0.0, 0.0, 90.0, 0.0, 20617.22265625
0:01:58.59, 0.0, 0.0, 90.0, 0.0, 20617.87890625
0:01:58.69, 0.0, 0.0, 90.0, 0.0, 20618.541015625
0:01:58.80, 0.0, 0.0, 90.0, 0.0, 20619.197265625
0:01:58.89, 0.0, 0.0, 90.0, 0.0, 20619.771484375
0:01:58.99, 0.0, 0.0, 90.0, 0.0, 20620.43359375
0:01:59.10, 0.0, 0.0, 90.0, 0.0, 20621.08984375
0:01:59.20, 0.0, 0.0, 90.0, 0.0, 20621.74609375
0:01:59.31, 0.0, 0.0, 90.0, 0.0, 20622.40234375
0:01:59.41, 0.0, 0.0, 90.0, 0.0, 20623.064453125
0:01:59.50, 0.0, 0.0, 90.0, 0.0, 20623.638671875
0:01:59.61, 0.0, 0.0, 90.0, 0.0, 20624.30078125
0:01:59.71, 0.0, 0.0, 90.0, 0.0, 20624.95703125
0:01:59.81, 0.0, 0.0, 90.0, 0.0, 20625.61328125
0:01:59.92, 0.0, 0.0, 90.0, 0.0, 20626.275390625
0:02:00.02, 0.0, 0.0, 90.0, 0.0, 20626.931640625
0:02:00.11, 0.0, 0.0, 90.0, 0.0, 20627.505859375
0:02:00.22, 0.0, 0.0, 90.0, 0.0, 20628.162109375
0:02:00.32, 0.0, 0.0, 90.0, 0.0, 20628.82421875
0:02:00.43, 0.0, 0.0, 90.0, 0.0, 20629.48046875
0:02:00.53, 0.0, 0.0, 90.0, 0.0, 20630.13671875
0:02:00.63, 0.0, 0.0, 90.0, 0.0, 20630.798828125
0:02:00.73, 0.0, 0.0, 90.0, 0.0, 20631.373046875
0:02:00.83, 0.0, 0.0, 90.0, 0.0, 20632.029296875
0:02:00.93, 0.0, 0.0, 90.0, 0.0, 20632.685546875
0:02:01.04, 0.0, 0.0, 90.0, 0.0, 20633.34765625
0:02:01.14, 0.0, 0.0, 90.0, 0.0, 20634.00390625
0:02:01.25, 0.0, 0.0, 90.0, 0.0, 20634.66015625
0:02:01.34, 0.0, 0.0, 90.0, 0.0, 20635.234375
0:02:01.44, 0.0, 0.0, 90.0, 0.0, 20635.896484375
0:02:01.54, 0.0, 0.0, 90.0, 0.0, 20636.552734375
0:02:01.65, 0.0, 0.0, 90.0, 0.0, 20637.208984375
0:02:01.75, 0.0, 0.0, 90.0, 0.0, 20637.865234375
0:02:01.86, 0.0, 0.0, 90.0, 0.0, 20638.52734375
0:02:01.95, 0.0, 0.0, 90.0, 0.0, 20639.1015625
0:02:02.05, 0.0, 0.0, 90.0, 0.0, 20639.7578125
0:02:02.16, 0.0, 0.0, 90.0, 0.0, 20640.419921875
0:02:02.26, 0.0, 0.0, 90.0, 0.0, 20641.076171875
0:02:02.36, 0.0, 0.0, 90.0, 0.0, 20641.732421875
0:02:02.46, 0.0, 0.0, 90.0, 0.0, 20642.306640625
0:02:02.56, 0.0, 0.0, 90.0, 0.0, 20642.96875
0:02:02.66, 0.0, 0.0, 90.0, 0.0, 20643.625
0:02:02.77, 0.0, 0.0, 90.0, 0.0, 20644.28125
0:02:02.86, 0.0, 0.0, 90.0, 0.0, 20644.861328125
0:02:02.96, 0.0, 0.0, 90.0, 0.0, 20645.517578125
0:02:03.07, 0.0, 0.0, 90.0, 0.0, 20646.173828125
0:02:03.17, 0.0, 0.0, 90.0, 0.0, 20646.830078125
0:02:03.28, 0.0, 0.0, 90.0, 0.0, 20647.4921875
0:02:03.38, 0.0, 0.0, 90.0, 0.0, 20648.1484375
0:02:03.47, 0.0, 0.0, 90.0, 0.0, 20648.72265625
0:02:03.57, 0.0, 0.0, 90.0, 0.0, 20649.37890625
0:02:03.68, 0.0, 0.0, 90.0, 0.0, 20650.041015625
0:02:03.78, 0.0, 0.0, 90.0, 0.0, 20650.697265625
0:02:03.89, 0.0, 0.0, 90.0, 0.0, 20651.353515625
0:02:03.98, 0.0, 0.0, 90.0, 0.0, 20651.93359375
0:02:04.08, 0.0, 0.0, 90.0, 0.0, 20652.58984375
0:02:04.19, 0.0, 0.0, 90.0, 0.0, 20653.24609375
0:02:04.29, 0.0, 0.0, 90.0, 0.0, 20653.90234375
0:02:04.39, 0.0, 0.0, 90.0, 0.0, 20654.564453125
0:02:04.49, 0.0, 0.0, 90.0, 0.0, 20655.138671875
0:02:04.59, 0.0, 0.0, 90.0, 0.0, 20655.80078125
0:02:04.69, 0.0, 0.0, 90.0, 0.0, 20656.45703125
0:02:04.80, 0.0, 0.0, 90.0, 0.0, 20657.119140625
0:02:04.90, 0.0, 0.0, 90.0, 0.0, 20657.775390625
0:02:05.01, 0.0, 0.0, 90.0, 0.0, 20658.431640625
0:02:05.10, 0.0, 0.0, 90.0, 0.0, 20659.01171875
0:02:05.20, 0.0, 0.0, 90.0, 0.0, 20659.66796875
0:02:05.31, 0.0, 0.0, 90.0, 0.0, 20660.330078125
0:02:05.41, 0.0, 0.0, 90.0, 0.0, 20660.986328125
0:02:05.52, 0.0, 0.0, 90.0, 0.0, 20661.6484375
0:02:05.61, 0.0, 0.0, 90.0, 0.0, 20662.22265625
0:02:05.71, 0.0, 0.0, 90.0, 0.0, 20662.884765625
0:02:05.82, 0.0, 0.0, 90.0, 0.0, 20663.541015625
0:02:05.92, 0.0, 0.0, 90.0, 0.0, 20664.203125
0:02:06.02, 0.0, 0.0, 90.0, 0.0, 20664.859375
0:02:06.12, 0.0, 0.0, 90.0, 0.0, 20665.439453125
0:02:06.22, 0.0, 0.0, 90.0, 0.0, 20666.095703125
0:02:06.32, 0.0, 0.0, 90.0, 0.0, 20666.7578125
0:02:06.43, 0.0, 0.0, 90.0, 0.0, 20667.4140625
0:02:06.53, 0.0, 0.0, 90.0, 0.0, 20668.076171875
0:02:06.62, 0.0, 0.0, 90.0, 0.0, 20668.650390625
0:02:06.73, 0.0, 0.0, 90.0, 0.0, 20669.3125
0:02:06.83, 0.0, 0.0, 90.0, 0.0, 20669.96875
0:02:06.94, 0.0, 0.0, 90.0, 0.0, 20670.630859375
0:02:07.04, 0.0, 0.0, 90.0, 0.0, 20671.287109375
0:02:07.24, 0.0, 0.0, 90.0, 0.0, 20672.529296875
0:02:07.34, 0.0, 0.0, 90.0, 0.0, 20673.185546875
0:02:07.43, 0.0, 0.0, 90.0, 0.0, 20673.765625
0:02:07.54, 0.0, 0.0, 90.0, 0.0, 20674.427734375
0:02:07.64, 0.0, 0.0, 90.0, 0.0, 20675.083984375
0:02:07.75, 0.0, 0.0, 90.0, 0.0, 20675.74609375
0:02:07.85, 0.0, 0.0, 90.0, 0.0, 20676.40234375
0:02:07.94, 0.0, 0.0, 90.0, 0.0, 20676.982421875
0:02:08.05, 0.0, 0.0, 90.0, 0.0, 20677.64453125
0:02:08.15, 0.0, 0.0, 90.0, 0.0, 20678.30078125
0:02:08.26, 0.0, 0.0, 90.0, 0.0, 20678.962890625
0:02:08.36, 0.0, 0.0, 90.0, 0.0, 20679.619140625
0:02:08.47, 0.0, 0.0, 90.0, 0.0, 20680.28125
0:02:08.57, 0.0, 0.0, 90.0, 0.0, 20680.9375
0:02:08.66, 0.0, 0.0, 90.0, 0.0, 20681.517578125
0:02:08.77, 0.0, 0.0, 90.0, 0.0, 20682.1796875
0:02:08.87, 0.0, 0.0, 90.0, 0.0, 20682.8359375
0:02:08.97, 0.0, 0.0, 90.0, 0.0, 20683.498046875
0:02:09.07, 0.0, 0.0, 90.0, 0.0, 20684.072265625
0:02:09.17, 0.0, 0.0, 90.0, 0.0, 20684.734375
0:02:09.27, 0.0, 0.0, 90.0, 0.0, 20685.390625
0:02:09.38, 0.0, 0.0, 90.0, 0.0, 20686.046875
0:02:09.48, 0.0, 0.0, 90.0, 0.0, 20686.708984375
0:02:09.59, 0.0, 0.0, 90.0, 0.0, 20687.365234375
0:02:09.68, 0.0, 0.0, 90.0, 0.0, 20687.9453125
0:02:09.78, 0.0, 0.0, 90.0, 0.0, 20688.6015625
0:02:09.89, 0.0, 0.0, 90.0, 0.0, 20689.2578125
0:02:09.99, 0.0, 0.0, 90.0, 0.0, 20689.919921875
0:02:10.09, 0.0, 0.0, 90.0, 0.0, 20690.576171875
0:02:10.19, 0.0, 0.0, 90.0, 0.0, 20691.150390625
0:02:10.29, 0.0, 0.0, 90.0, 0.0, 20691.8125
0:02:10.39, 0.0, 0.0, 90.0, 0.0, 20692.46875
0:02:10.50, 0.0, 0.0, 90.0, 0.0, 20693.125
0:02:10.60, 0.0, 0.0, 90.0, 0.0, 20693.787109375
0:02:10.71, 0.0, 0.0, 90.0, 0.0, 20694.443359375
0:02:10.80, 0.0, 0.0, 90.0, 0.0, 20695.0234375
0:02:10.90, 0.0, 0.0, 90.0, 0.0, 20695.6796875
0:02:11.01, 0.0, 0.0, 90.0, 0.0, 20696.3359375
0:02:11.11, 0.0, 0.0, 90.0, 0.0, 20696.998046875
0:02:11.21, 0.0, 0.0, 90.0, 0.0, 20697.654296875
0:02:11.31, 0.0, 0.0, 90.0, 0.0, 20698.228515625
0:02:11.41, 0.0, 0.0, 90.0, 0.0, 20698.890625
0:02:11.51, 0.0, 0.0, 90.0, 0.0, 20699.546875
0:02:11.62, 0.0, 0.0, 90.0, 0.0, 20700.203125
0:02:11.72, 0.0, 0.0, 90.0, 0.0, 20700.859375
0:02:11.83, 0.0, 0.0, 90.0, 0.0, 20701.515625
0:02:11.93, 0.0, 0.0, 90.0, 0.0, 20702.177734375
0:02:12.02, 0.0, 0.0, 90.0, 0.0, 20702.751953125
0:02:12.13, 0.0, 0.0, 90.0, 0.0, 20703.408203125
0:02:12.23, 0.0, 0.0, 90.0, 0.0, 20704.064453125
0:02:12.33, 0.0, 0.0, 90.0, 0.0, 20704.7265625
0:02:12.44, 0.0, 0.0, 90.0, 0.0, 20705.3828125
0:02:12.54, 0.0, 0.0, 90.0, 0.0, 20706.0390625
0:02:12.63, 0.0, 0.0, 90.0, 0.0, 20706.619140625
0:02:12.74, 0.0, 0.0, 90.0, 0.0, 20707.275390625
0:02:12.84, 0.0, 0.0, 90.0, 0.0, 20707.931640625
0:02:12.95, 0.0, 0.0, 90.0, 0.0, 20708.59375
0:02:13.05, 0.0, 0.0, 90.0, 0.0, 20709.25
0:02:13.15, 0.0, 0.0, 90.0, 0.0, 20709.90625
0:02:13.25, 0.0, 0.0, 90.0, 0.0, 20710.486328125
0:02:13.35, 0.0, 0.0, 90.0, 0.0, 20711.142578125
0:02:13.45, 0.0, 0.0, 90.0, 0.0, 20711.8046875
0:02:13.56, 0.0, 0.0, 90.0, 0.0, 20712.4609375
0:02:13.65, 0.0, 0.0, 90.0, 0.0, 20713.041015625
0:02:13.75, 0.0, 0.0, 90.0, 0.0, 20713.697265625
0:02:13.86, 0.0, 0.0, 90.0, 0.0, 20714.353515625
0:02:13.96, 0.0, 0.0, 90.0, 0.0, 20715.009765625
0:02:14.07, 0.0, 0.0, 90.0, 0.0, 20715.666015625
0:02:14.17, 0.0, 0.0, 90.0, 0.0, 20716.328125
0:02:14.26, 0.0, 0.0, 90.0, 0.0, 20716.908203125
0:02:14.37, 0.0, 0.0, 90.0, 0.0, 20717.564453125
0:02:14.47, 0.0, 0.0, 90.0, 0.0, 20718.220703125
0:02:14.57, 0.0, 0.0, 90.0, 0.0, 20718.876953125
0:02:14.68, 0.0, 0.0, 90.0, 0.0, 20719.533203125
0:02:14.77, 0.0, 0.0, 90.0, 0.0, 20720.11328125
0:02:14.87, 0.0, 0.0, 90.0, 0.0, 20720.76953125
0:02:14.98, 0.0, 0.0, 90.0, 0.0, 20721.431640625
0:02:15.08, 0.0, 0.0, 90.0, 0.0, 20722.087890625
0:02:15.19, 0.0, 0.0, 90.0, 0.0, 20722.744140625
0:02:15.29, 0.0, 0.0, 90.0, 0.0, 20723.400390625
0:02:15.38, 0.0, 0.0, 90.0, 0.0, 20723.98046875
0:02:15.48, 0.0, 0.0, 90.0, 0.0, 20724.63671875
0:02:15.59, 0.0, 0.0, 90.0, 0.0, 20725.298828125
0:02:15.69, 0.0, 0.0, 90.0, 0.0, 20725.955078125
0:02:15.80, 0.0, 0.0, 90.0, 0.0, 20726.611328125
0:02:15.90, 0.0, 0.0, 90.0, 0.0, 20727.267578125
0:02:15.99, 0.0, 0.0, 90.0, 0.0, 20727.84765625
0:02:16.10, 0.0, 0.0, 90.0, 0.0, 20728.50390625
0:02:16.20, 0.0, 0.0, 90.0, 0.0, 20729.16015625
0:02:16.30, 0.0, 0.0, 90.0, 0.0, 20729.81640625
0:02:16.40, 0.0, 0.0, 90.0, 0.0, 20730.396484375
0:02:16.50, 0.0, 0.0, 90.0, 0.0, 20731.052734375
0:02:16.60, 0.0, 0.0, 90.0, 0.0, 20731.708984375
0:02:16.71, 0.0, 0.0, 90.0, 0.0, 20732.37109375
0:02:16.81, 0.0, 0.0, 90.0, 0.0, 20733.02734375
0:02:16.92, 0.0, 0.0, 90.0, 0.0, 20733.68359375
0:02:17.02, 0.0, 0.0, 90.0, 0.0, 20734.345703125
0:02:17.11, 0.0, 0.0, 90.0, 0.0, 20734.919921875
0:02:17.22, 0.0, 0.0, 90.0, 0.0, 20735.576171875
0:02:17.32, 0.0, 0.0, 90.0, 0.0, 20736.23828125
0:02:17.42, 0.0, 0.0, 90.0, 0.0, 20736.89453125
0:02:17.53, 0.0, 0.0, 90.0, 0.0, 20737.55078125
0:02:17.63, 0.0, 0.0, 90.0, 0.0, 20738.212890625
0:02:17.72, 0.0, 0.0, 90.0, 0.0, 20738.787109375
0:02:17.83, 0.0, 0.0, 90.0, 0.0, 20739.443359375
0:02:17.93, 0.0, 0.0, 90.0, 0.0, 20740.10546875
0:02:18.04, 0.0, 0.0, 90.0, 0.0, 20740.76171875
0:02:18.14, 0.0, 0.0, 90.0, 0.0, 20741.41796875
0:02:18.23, 0.0, 0.0, 90.0, 0.0, 20741.998046875
0:02:18.34, 0.0, 0.0, 90.0, 0.0, 20742.654296875
0:02:18.44, 0.0, 0.0, 90.0, 0.0, 20743.310546875
0:02:18.54, 0.0, 0.0, 90.0, 0.0, 20743.966796875
0:02:18.65, 0.0, 0.0, 90.0, 0.0, 20744.623046875
0:02:18.75, 0.0, 0.0, 90.0, 0.0, 20745.28515625
0:02:18.84, 0.0, 0.0, 90.0, 0.0, 20745.859375
0:02:18.95, 0.0, 0.0, 90.0, 0.0, 20746.515625
0:02:19.05, 0.0, 0.0, 90.0, 0.0, 20747.177734375
0:02:19.16, 0.0, 0.0, 90.0, 0.0, 20747.833984375
0:02:19.26, 0.0, 0.0, 90.0, 0.0, 20748.490234375
0:02:19.35, 0.0, 0.0, 90.0, 0.0, 20749.0703125
0:02:19.45, 0.0, 0.0, 90.0, 0.0, 20749.7265625
0:02:19.56, 0.0, 0.0, 90.0, 0.0, 20750.3828125
0:02:19.66, 0.0, 0.0, 90.0, 0.0, 20751.0390625
0:02:19.77, 0.0, 0.0, 90.0, 0.0, 20751.701171875
0:02:19.87, 0.0, 0.0, 90.0, 0.0, 20752.357421875
0:02:19.96, 0.0, 0.0, 90.0, 0.0, 20752.931640625
0:02:20.07, 0.0, 0.0, 90.0, 0.0, 20753.59375
0:02:20.17, 0.0, 0.0, 90.0, 0.0, 20754.25
0:02:20.27, 0.0, 0.0, 90.0, 0.0, 20754.90625
0:02:20.38, 0.0, 0.0, 90.0, 0.0, 20755.5625
0:02:20.48, 0.0, 0.0, 90.0, 0.0, 20756.224609375
0:02:20.57, 0.0, 0.0, 90.0, 0.0, 20756.798828125
0:02:20.68, 0.0, 0.0, 90.0, 0.0, 20757.455078125
0:02:20.78, 0.0, 0.0, 90.0, 0.0, 20758.1171875
0:02:20.89, 0.0, 0.0, 90.0, 0.0, 20758.7734375
0:02:20.99, 0.0, 0.0, 90.0, 0.0, 20759.4296875
0:02:21.10, 0.0, 0.0, 90.0, 0.0, 20760.091796875
0:02:21.19, 0.0, 0.0, 90.0, 0.0, 20760.666015625
0:02:21.29, 0.0, 0.0, 90.0, 0.0, 20761.322265625
0:02:21.39, 0.0, 0.0, 90.0, 0.0, 20761.984375
0:02:21.50, 0.0, 0.0, 90.0, 0.0, 20762.640625
0:02:21.60, 0.0, 0.0, 90.0, 0.0, 20763.296875
0:02:21.71, 0.0, 0.0, 90.0, 0.0, 20763.953125
0:02:21.80, 0.0, 0.0, 90.0, 0.0, 20764.533203125
0:02:21.90, 0.0, 0.0, 90.0, 0.0, 20765.189453125
0:02:22.01, 0.0, 0.0, 90.0, 0.0, 20765.8515625
0:02:22.11, 0.0, 0.0, 90.0, 0.0, 20766.5078125
0:02:22.21, 0.0, 0.0, 90.0, 0.0, 20767.1640625
0:02:22.32, 0.0, 0.0, 90.0, 0.0, 20767.8203125
0:02:22.41, 0.0, 0.0, 90.0, 0.0, 20768.400390625
0:02:22.51, 0.0, 0.0, 90.0, 0.0, 20769.056640625
0:02:22.62, 0.0, 0.0, 90.0, 0.0, 20769.71875
0:02:22.72, 0.0, 0.0, 90.0, 0.0, 20770.375
0:02:22.83, 0.0, 0.0, 90.0, 0.0, 20771.03125
0:02:22.93, 0.0, 0.0, 90.0, 0.0, 20771.6875
0:02:23.02, 0.0, 0.0, 90.0, 0.0, 20772.267578125
0:02:23.13, 0.0, 0.0, 90.0, 0.0, 20772.923828125
0:02:23.23, 0.0, 0.0, 90.0, 0.0, 20773.580078125
0:02:23.33, 0.0, 0.0, 90.0, 0.0, 20774.2421875
0:02:23.44, 0.0, 0.0, 90.0, 0.0, 20774.8984375
0:02:23.54, 0.0, 0.0, 90.0, 0.0, 20775.5546875
0:02:23.63, 0.0, 0.0, 90.0, 0.0, 20776.134765625
0:02:23.74, 0.0, 0.0, 90.0, 0.0, 20776.791015625
0:02:23.84, 0.0, 0.0, 90.0, 0.0, 20777.453125
0:02:23.95, 0.0, 0.0, 90.0, 0.0, 20778.109375
0:02:24.05, 0.0, 0.0, 90.0, 0.0, 20778.765625
0:02:24.14, 0.0, 0.0, 90.0, 0.0, 20779.345703125
0:02:24.25, 0.0, 0.0, 90.0, 0.0, 20780.001953125
0:02:24.35, 0.0, 0.0, 90.0, 0.0, 20780.6640625
0:02:24.46, 0.0, 0.0, 90.0, 0.0, 20781.3203125
0:02:24.56, 0.0, 0.0, 90.0, 0.0, 20781.982421875
0:02:24.66, 0.0, 0.0, 90.0, 0.0, 20782.638671875
0:02:24.76, 0.0, 0.0, 90.0, 0.0, 20783.21875
0:02:24.86, 0.0, 0.0, 90.0, 0.0, 20783.875
0:02:24.96, 0.0, 0.0, 90.0, 0.0, 20784.537109375
0:02:25.07, 0.0, 0.0, 90.0, 0.0, 20785.193359375
0:02:25.17, 0.0, 0.0, 90.0, 0.0, 20785.85546875
0:02:25.26, 0.0, 0.0, 90.0, 0.0, 20786.435546875
0:02:25.37, 0.0, 0.0, 90.0, 0.0, 20787.091796875
0:02:25.47, 0.0, 0.0, 90.0, 0.0, 20787.75390625
0:02:25.58, 0.0, 0.0, 90.0, 0.0, 20788.41015625
0:02:25.68, 0.0, 0.0, 90.0, 0.0, 20789.072265625
0:02:25.77, 0.0, 0.0, 90.0, 0.0, 20789.65234375
0:02:25.88, 0.0, 0.0, 90.0, 0.0, 20790.30859375
0:02:25.98, 0.0, 0.0, 90.0, 0.0, 20790.96484375
0:02:26.09, 0.0, 0.0, 90.0, 0.0, 20791.626953125
0:02:26.19, 0.0, 0.0, 90.0, 0.0, 20792.283203125
0:02:26.28, 0.0, 0.0, 90.0, 0.0, 20792.86328125
0:02:26.39, 0.0, 0.0, 90.0, 0.0, 20793.51953125
0:02:26.49, 0.0, 0.0, 90.0, 0.0, 20794.181640625
0:02:26.60, 0.0, 0.0, 90.0, 0.0, 20794.837890625
0:02:26.70, 0.0, 0.0, 90.0, 0.0, 20795.5
0:02:26.80, 0.0, 0.0, 90.0, 0.0, 20796.15625
0:02:26.90, 0.0, 0.0, 90.0, 0.0, 20796.736328125
0:02:27.00, 0.0, 0.0, 90.0, 0.0, 20797.3984375
0:02:27.10, 0.0, 0.0, 90.0, 0.0, 20798.0546875
0:02:27.21, 0.0, 0.0, 90.0, 0.0, 20798.7109375
0:02:27.31, 0.0, 0.0, 90.0, 0.0, 20799.373046875
0:02:27.40, 0.0, 0.0, 90.0, 0.0, 20799.953125
0:02:27.51, 0.0, 0.0, 90.0, 0.0, 20800.609375
0:02:27.61, 0.0, 0.0, 90.0, 0.0, 20801.271484375
0:02:27.72, 0.0, 0.0, 90.0, 0.0, 20801.927734375
0:02:27.82, 0.0, 0.0, 90.0, 0.0, 20802.58984375
0:02:27.93, 0.0, 0.0, 90.0, 0.0, 20803.24609375
0:02:28.02, 0.0, 0.0, 90.0, 0.0, 20803.826171875
0:02:28.12, 0.0, 0.0, 90.0, 0.0, 20804.482421875
0:02:28.23, 0.0, 0.0, 90.0, 0.0, 20805.14453125
0:02:28.33, 0.0, 0.0, 90.0, 0.0, 20805.80078125
0:02:28.43, 0.0, 0.0, 90.0, 0.0, 20806.45703125
0:02:28.53, 0.0, 0.0, 90.0, 0.0, 20807.037109375
0:02:28.63, 0.0, 0.0, 90.0, 0.0, 20807.69921875
0:02:28.73, 0.0, 0.0, 90.0, 0.0, 20808.35546875
0:02:28.84, 0.0, 0.0, 90.0, 0.0, 20809.01171875
0:02:28.94, 0.0, 0.0, 90.0, 0.0, 20809.673828125
0:02:29.03, 0.0, 0.0, 90.0, 0.0, 20810.25390625
0:02:29.14, 0.0, 0.0, 90.0, 0.0, 20810.91015625
0:02:29.24, 0.0, 0.0, 90.0, 0.0, 20811.56640625
0:02:29.35, 0.0, 0.0, 90.0, 0.0, 20812.228515625
0:02:29.45, 0.0, 0.0, 90.0, 0.0, 20812.884765625
0:02:29.54, 0.0, 0.0, 90.0, 0.0, 20813.46484375
0:02:29.65, 0.0, 0.0, 90.0, 0.0, 20814.126953125
0:02:29.75, 0.0, 0.0, 90.0, 0.0, 20814.783203125
0:02:29.86, 0.0, 0.0, 90.0, 0.0, 20815.439453125
0:02:29.96, 0.0, 0.0, 90.0, 0.0, 20816.1015625
0:02:30.05, 0.0, 0.0, 90.0, 0.0, 20816.681640625
0:02:30.16, 0.0, 0.0, 90.0, 0.0, 20817.337890625
0:02:30.26, 0.0, 0.0, 90.0, 0.0, 20817.994140625
0:02:30.36, 0.0, 0.0, 90.0, 0.0, 20818.65625
0:02:30.47, 0.0, 0.0, 90.0, 0.0, 20819.3125
0:02:30.57, 0.0, 0.0, 90.0, 0.0, 20819.96875
0:02:30.66, 0.0, 0.0, 90.0, 0.0, 20820.548828125
0:02:30.77, 0.0, 0.0, 90.0, 0.0, 20821.205078125
0:02:30.87, 0.0, 0.0, 90.0, 0.0, 20821.8671875
0:02:30.98, 0.0, 0.0, 90.0, 0.0, 20822.5234375
0:02:31.08, 0.0, 0.0, 90.0, 0.0, 20823.185546875
0:02:31.17, 0.0, 0.0, 90.0, 0.0, 20823.759765625
0:02:31.28, 0.0, 0.0, 90.0, 0.0, 20824.421875
0:02:31.38, 0.0, 0.0, 90.0, 0.0, 20825.078125
0:02:31.48, 0.0, 0.0, 90.0, 0.0, 20825.734375
0:02:31.59, 0.0, 0.0, 90.0, 0.0, 20826.396484375
0:02:31.68, 0.0, 0.0, 90.0, 0.0, 20826.970703125
0:02:31.78, 0.0, 0.0, 90.0, 0.0, 20827.6328125
0:02:31.89, 0.0, 0.0, 90.0, 0.0, 20828.2890625
0:02:31.99, 0.0, 0.0, 90.0, 0.0, 20828.951171875
0:02:32.10, 0.0, 0.0, 90.0, 0.0, 20829.607421875
0:02:32.19, 0.0, 0.0, 90.0, 0.0, 20830.1875
0:02:32.29, 0.0, 0.0, 90.0, 0.0, 20830.84375
0:02:32.40, 0.0, 0.0, 90.0, 0.0, 20831.5
0:02:32.50, 0.0, 0.0, 90.0, 0.0, 20832.162109375
0:02:32.61, 0.0, 0.0, 90.0, 0.0, 20832.818359375
0:02:32.70, 0.0, 0.0, 90.0, 0.0, 20833.3984375
0:02:32.80, 0.0, 0.0, 90.0, 0.0, 20834.0546875
0:02:32.91, 0.0, 0.0, 90.0, 0.0, 20834.716796875
0:02:33.01, 0.0, 0.0, 90.0, 0.0, 20835.373046875
0:02:33.10, 0.0, 0.0, 90.0, 0.0, 20835.953125
0:02:33.21, 0.0, 0.0, 90.0, 0.0, 20836.609375
0:02:33.31, 0.0, 0.0, 90.0, 0.0, 20837.271484375
0:02:33.41, 0.0, 0.0, 90.0, 0.0, 20837.927734375
0:02:33.52, 0.0, 0.0, 90.0, 0.0, 20838.583984375
0:02:33.62, 0.0, 0.0, 90.0, 0.0, 20839.24609375
0:02:33.71, 0.0, 0.0, 90.0, 0.0, 20839.826171875
0:02:33.82, 0.0, 0.0, 90.0, 0.0, 20840.482421875
0:02:33.92, 0.0, 0.0, 90.0, 0.0, 20841.138671875
0:02:34.03, 0.0, 0.0, 90.0, 0.0, 20841.80078125
0:02:34.13, 0.0, 0.0, 90.0, 0.0, 20842.45703125
0:02:34.22, 0.0, 0.0, 90.0, 0.0, 20843.037109375
0:02:34.33, 0.0, 0.0, 90.0, 0.0, 20843.693359375
0:02:34.43, 0.0, 0.0, 90.0, 0.0, 20844.349609375
0:02:34.54, 0.0, 0.0, 90.0, 0.0, 20845.01171875
0:02:34.64, 0.0, 0.0, 90.0, 0.0, 20845.66796875
0:02:34.73, 0.0, 0.0, 90.0, 0.0, 20846.248046875
0:02:34.83, 0.0, 0.0, 90.0, 0.0, 20846.904296875
0:02:34.94, 0.0, 0.0, 90.0, 0.0, 20847.560546875
0:02:35.04, 0.0, 0.0, 90.0, 0.0, 20848.22265625
0:02:35.15, 0.0, 0.0, 90.0, 0.0, 20848.87890625
0:02:35.24, 0.0, 0.0, 90.0, 0.0, 20849.458984375
0:02:35.34, 0.0, 0.0, 90.0, 0.0, 20850.115234375
0:02:35.45, 0.0, 0.0, 90.0, 0.0, 20850.77734375
0:02:35.55, 0.0, 0.0, 90.0, 0.0, 20851.43359375
0:02:35.66, 0.0, 0.0, 90.0, 0.0, 20852.095703125
0:02:35.75, 0.0, 0.0, 90.0, 0.0, 20852.669921875
0:02:35.85, 0.0, 0.0, 90.0, 0.0, 20853.33203125
0:02:35.96, 0.0, 0.0, 90.0, 0.0, 20853.98828125
0:02:36.06, 0.0, 0.0, 90.0, 0.0, 20854.64453125
0:02:36.15, 0.0, 0.0, 90.0, 0.0, 20855.224609375
0:02:36.26, 0.0, 0.0, 90.0, 0.0, 20855.880859375
0:02:36.36, 0.0, 0.0, 90.0, 0.0, 20856.54296875
0:02:36.46, 0.0, 0.0, 90.0, 0.0, 20857.19921875
0:02:36.57, 0.0, 0.0, 90.0, 0.0, 20857.85546875
0:02:36.67, 0.0, 0.0, 90.0, 0.0, 20858.517578125
0:02:36.76, 0.0, 0.0, 90.0, 0.0, 20859.091796875
0:02:36.87, 0.0, 0.0, 90.0, 0.0, 20859.75390625
0:02:36.97, 0.0, 0.0, 90.0, 0.0, 20860.416015625
0:02:37.08, 0.0, 0.0, 90.0, 0.0, 20861.072265625
0:02:37.18, 0.0, 0.0, 90.0, 0.0, 20861.728515625
0:02:37.27, 0.0, 0.0, 90.0, 0.0, 20862.30859375
0:02:37.38, 0.0, 0.0, 90.0, 0.0, 20862.96484375
0:02:37.48, 0.0, 0.0, 90.0, 0.0, 20863.626953125
0:02:37.59, 0.0, 0.0, 90.0, 0.0, 20864.283203125
0:02:37.69, 0.0, 0.0, 90.0, 0.0, 20864.939453125
0:02:37.78, 0.0, 0.0, 90.0, 0.0, 20865.51953125
0:02:37.89, 0.0, 0.0, 90.0, 0.0, 20866.17578125
0:02:37.99, 0.0, 0.0, 90.0, 0.0, 20866.837890625
0:02:38.09, 0.0, 0.0, 90.0, 0.0, 20867.494140625
0:02:38.19, 0.0, 0.0, 90.0, 0.0, 20868.07421875
0:02:38.29, 0.0, 0.0, 90.0, 0.0, 20868.73046875
0:02:38.39, 0.0, 0.0, 90.0, 0.0, 20869.392578125
0:02:38.50, 0.0, 0.0, 90.0, 0.0, 20870.048828125
0:02:38.59, 0.0, 0.0, 90.0, 0.0, 20870.62890625
0:02:38.69, 0.0, 0.0, 90.0, 0.0, 20871.28515625
0:02:38.80, 0.0, 0.0, 90.0, 0.0, 20871.947265625
0:02:38.90, 0.0, 0.0, 90.0, 0.0, 20872.603515625
0:02:39.01, 0.0, 0.0, 90.0, 0.0, 20873.259765625
0:02:39.11, 0.0, 0.0, 90.0, 0.0, 20873.921875
0:02:39.20, 0.0, 0.0, 90.0, 0.0, 20874.501953125
0:02:39.31, 0.0, 0.0, 90.0, 0.0, 20875.158203125
0:02:39.41, 0.0, 0.0, 90.0, 0.0, 20875.814453125
0:02:39.52, 0.0, 0.0, 90.0, 0.0, 20876.4765625
0:02:39.62, 0.0, 0.0, 90.0, 0.0, 20877.1328125
0:02:39.71, 0.0, 0.0, 90.0, 0.0, 20877.712890625
0:02:39.81, 0.0, 0.0, 90.0, 0.0, 20878.369140625
0:02:39.92, 0.0, 0.0, 90.0, 0.0, 20879.03125
0:02:40.02, 0.0, 0.0, 90.0, 0.0, 20879.6875
0:02:40.13, 0.0, 0.0, 90.0, 0.0, 20880.34375
0:02:40.22, 0.0, 0.0, 90.0, 0.0, 20880.923828125
0:02:40.32, 0.0, 0.0, 90.0, 0.0, 20881.580078125
0:02:40.43, 0.0, 0.0, 90.0, 0.0, 20882.236328125
0:02:40.53, 0.0, 0.0, 90.0, 0.0, 20882.8984375
0:02:40.63, 0.0, 0.0, 90.0, 0.0, 20883.5546875
0:02:40.74, 0.0, 0.0, 90.0, 0.0, 20884.2109375
0:02:40.83, 0.0, 0.0, 90.0, 0.0, 20884.791015625
0:02:40.93, 0.0, 0.0, 90.0, 0.0, 20885.447265625
0:02:41.04, 0.0, 0.0, 90.0, 0.0, 20886.103515625
0:02:41.14, 0.0, 0.0, 90.0, 0.0, 20886.765625
0:02:41.25, 0.0, 0.0, 90.0, 0.0, 20887.421875
