Time, Frequency, Amplitude, Offset, PhaseShift, Phase
0:00:00.109852, 0.0, 0.0, 90.0, 2.377197265625, 49660.2890625
0:00:00.196106, 0.0, 0.0, 90.0, 2.176318407058716, 49660.8359375
0:00:00.307752, 0.0, 0.0, 90.0, 1.9446086883544922, 49661.53125
0:00:00.418924, 0.0, 0.0, 90.0, 1.7357447147369385, 49662.234375
0:00:00.517979, 0.0, 0.0, 90.0, 1.5700716972351074, 49662.8515625
0:00:00.618255, 0.0, 0.0, 90.0, 1.4181327819824219, 49663.48046875
0:00:00.717446, 0.0, 0.0, 90.0, 1.2822357416152954, 49664.10546875
0:00:00.810239, 0.0, 0.0, 90.0, 1.1665067672729492, 49664.6875
0:00:00.919294, 0.0, 0.0, 90.0, 1.0444462299346924, 49665.37109375
0:00:01.020152, 0.0, 0.0, 90.0, 0.9424157738685608, 49666.0078125
0:00:01.119536, 0.0, 0.0, 90.0, 0.8512401580810547, 49666.63671875
0:00:01.218089, 0.0, 0.0, 90.0, 0.7696774005889893, 49667.2578125
0:00:01.329730, 0.0, 0.0, 90.0, 0.6877323389053345, 49667.95703125
0:00:01.417117, 0.0, 0.0, 90.0, 0.6289695501327515, 49668.51171875
0:00:01.520463, 0.0, 0.0, 90.0, 0.5666372776031494, 49669.15625
0:00:01.607832, 0.0, 0.0, 90.0, 0.518220841884613, 49669.70703125
0:00:01.721478, 0.0, 0.0, 90.0, 0.46209678053855896, 49670.41796875
0:00:01.838118, 0.0, 0.0, 90.0, 0.4103574752807617, 49671.15625
0:00:01.935738, 0.0, 0.0, 90.0, 0.3714202046394348, 49671.76953125
0:00:02.023205, 0.0, 0.0, 90.0, 0.3396826982498169, 49672.3203125
0:00:02.119325, 0.0, 0.0, 90.0, 0.30808839201927185, 49672.921875
0:00:02.238398, 0.0, 0.0, 90.0, 0.27300170063972473, 49673.66796875
0:00:02.332276, 0.0, 0.0, 90.0, 0.2481064647436142, 49674.2578125
0:00:02.440266, 0.0, 0.0, 90.0, 0.22237373888492584, 49674.93359375
0:00:02.528641, 0.0, 0.0, 90.0, 0.203163743019104, 49675.4921875
0:00:02.643331, 0.0, 0.0, 90.0, 0.18097364902496338, 49676.20703125
0:00:02.729665, 0.0, 0.0, 90.0, 0.1656811237335205, 49676.7578125
0:00:02.843287, 0.0, 0.0, 90.0, 0.14758434891700745, 49677.46875
0:00:02.938449, 0.0, 0.0, 90.0, 0.13399478793144226, 49678.0625
0:00:03.038969, 0.0, 0.0, 90.0, 0.1210278570652008, 49678.69140625
0:00:03.138223, 0.0, 0.0, 90.0, 0.10931728780269623, 49679.3203125
0:00:03.249026, 0.0, 0.0, 90.0, 0.09767874330282211, 49680.015625
0:00:03.336393, 0.0, 0.0, 90.0, 0.08942408859729767, 49680.5625
0:00:03.443368, 0.0, 0.0, 90.0, 0.08023180067539215, 49681.23046875
0:00:03.538962, 0.0, 0.0, 90.0, 0.07276958227157593, 49681.83203125
0:00:03.653821, 0.0, 0.0, 90.0, 0.0647546648979187, 49682.55859375
0:00:03.749308, 0.0, 0.0, 90.0, 0.058731187134981155, 49683.16015625
0:00:03.848440, 0.0, 0.0, 90.0, 0.05310377478599548, 49683.78125
0:00:03.948999, 0.0, 0.0, 90.0, 0.04796482250094414, 49684.41015625
0:00:04.060000, 0.0, 0.0, 90.0, 0.042813077569007874, 49685.11328125
0:00:04.156528, 0.0, 0.0, 90.0, 0.038830775767564774, 49685.71484375
0:00:04.239751, 0.0, 0.0, 90.0, 0.03565935418009758, 49686.23828125
0:00:04.353458, 0.0, 0.0, 90.0, 0.03179728984832764, 49686.9453125
0:00:04.449084, 0.0, 0.0, 90.0, 0.02883990667760372, 49687.546875
0:00:04.545407, 0.0, 0.0, 90.0, 0.02615721896290779, 49688.1484375
0:00:04.661022, 0.0, 0.0, 90.0, 0.02325233817100525, 49688.87890625
0:00:04.746426, 0.0, 0.0, 90.0, 0.02130936086177826, 49689.41796875
0:00:04.860189, 0.0, 0.0, 90.0, 0.01898193545639515, 49690.1328125
0:00:04.940804, 0.0, 0.0, 90.0, 0.0175032876431942, 49690.6328125
0:00:05.051281, 0.0, 0.0, 90.0, 0.01563943922519684, 49691.328125
0:00:05.149297, 0.0, 0.0, 90.0, 0.014155684038996696, 49691.9453125
0:00:05.274761, 0.0, 0.0, 90.0, 0.012453754432499409, 49692.734375
0:00:05.368323, 0.0, 0.0, 90.0, 0.01133039966225624, 49693.3203125
0:00:05.455681, 0.0, 0.0, 90.0, 0.01036218274384737, 49693.87109375
0:00:05.562638, 0.0, 0.0, 90.0, 0.009297028183937073, 49694.54296875
0:00:05.668657, 0.0, 0.0, 90.0, 0.008349813520908356, 49695.20703125
0:00:05.754140, 0.0, 0.0, 90.0, 0.007652042433619499, 49695.74609375
0:00:05.869736, 0.0, 0.0, 90.0, 0.0068092746660113335, 49696.46875
0:00:05.980764, 0.0, 0.0, 90.0, 0.006077951285988092, 49697.171875
0:00:06.078314, 0.0, 0.0, 90.0, 0.0055069150403141975, 49697.78125
0:00:06.161583, 0.0, 0.0, 90.0, 0.005057160276919603, 49698.30859375
0:00:06.283995, 0.0, 0.0, 90.0, 0.004467492923140526, 49699.0703125
0:00:06.369424, 0.0, 0.0, 90.0, 0.004098386038094759, 49699.60546875
0:00:06.470031, 0.0, 0.0, 90.0, 0.003697901265695691, 49700.23828125
0:00:06.561986, 0.0, 0.0, 90.0, 0.0033676892053335905, 49700.81640625
0:00:06.674577, 0.0, 0.0, 90.0, 0.0030029567424207926, 49701.5234375
0:00:06.762928, 0.0, 0.0, 90.0, 0.0027435370720922947, 49702.08203125
0:00:06.880674, 0.0, 0.0, 90.0, 0.00243617151863873, 49702.81640625
0:00:06.969184, 0.0, 0.0, 90.0, 0.0022257152013480663, 49703.375
0:00:07.084686, 0.0, 0.0, 90.0, 0.001978532876819372, 49704.1015625
0:00:07.167990, 0.0, 0.0, 90.0, 0.0018188116373494267, 49704.625
0:00:07.289661, 0.0, 0.0, 90.0, 0.0016067096730694175, 49705.39453125
0:00:07.386187, 0.0, 0.0, 90.0, 0.0014557557879015803, 49706.00390625
0:00:07.472612, 0.0, 0.0, 90.0, 0.0013341092271730304, 49706.54296875
0:00:07.582611, 0.0, 0.0, 90.0, 0.0011932936031371355, 49707.234375
0:00:07.699300, 0.0, 0.0, 90.0, 0.001059678033925593, 49707.96875
0:00:07.784725, 0.0, 0.0, 90.0, 0.0009721320238895714, 49708.50390625
0:00:07.876819, 0.0, 0.0, 90.0, 0.000884437991771847, 49709.0859375
0:00:07.990501, 0.0, 0.0, 90.0, 0.0007886503590270877, 49709.79296875
0:00:08.075809, 0.0, 0.0, 90.0, 0.0007227488094940782, 49710.33203125
0:00:08.194515, 0.0, 0.0, 90.0, 0.000640503189060837, 49711.08203125
0:00:08.277771, 0.0, 0.0, 90.0, 0.0005887978477403522, 49711.6015625
0:00:08.384881, 0.0, 0.0, 90.0, 0.0005282782949507236, 49712.26953125
0:00:08.482168, 0.0, 0.0, 90.0, 0.00047814991557970643, 49712.88671875
0:00:08.580950, 0.0, 0.0, 90.0, 0.00043278103112243116, 49713.50390625
0:00:08.697511, 0.0, 0.0, 90.0, 0.0003843224549200386, 49714.23828125
0:00:08.782835, 0.0, 0.0, 90.0, 0.0003522082697600126, 49714.77734375
0:00:08.896627, 0.0, 0.0, 90.0, 0.00031374013633467257, 49715.49609375
0:00:09.011198, 0.0, 0.0, 90.0, 0.00027947258786298335, 49716.21484375
0:00:09.108503, 0.0, 0.0, 90.0, 0.00025295501109212637, 49716.83203125
0:00:09.191213, 0.0, 0.0, 90.0, 0.00023253369727171957, 49717.3515625
0:00:09.290375, 0.0, 0.0, 90.0, 0.0002102533617289737, 49717.9765625
0:00:09.411477, 0.0, 0.0, 90.0, 0.0001859228650573641, 49718.73828125
0:00:09.504168, 0.0, 0.0, 90.0, 0.00016914735897444189, 49719.32421875
0:00:09.588703, 0.0, 0.0, 90.0, 0.00015533260011579841, 49719.84765625
0:00:09.693178, 0.0, 0.0, 90.0, 0.00013965203834231943, 49720.5078125
0:00:09.798844, 0.0, 0.0, 90.0, 0.00012542522745206952, 49721.17578125
0:00:09.911494, 0.0, 0.0, 90.0, 0.00011184124741703272, 49721.8828125
0:00:10.000853, 0.0, 0.0, 90.0, 0.00010217949602520093, 49722.44140625
0:00:10.117838, 0.0, 0.0, 90.0, 9.073816181626171e-05, 49723.171875
0:00:10.203069, 0.0, 0.0, 90.0, 8.324167720275e-05, 49723.703125
0:00:10.313034, 0.0, 0.0, 90.0, 7.43781856726855e-05, 49724.40234375
0:00:10.401504, 0.0, 0.0, 90.0, 6.802300049457699e-05, 49724.95703125
0:00:10.519177, 0.0, 0.0, 90.0, 6.034412217559293e-05, 49725.6953125
0:00:10.613760, 0.0, 0.0, 90.0, 5.484341090777889e-05, 49726.28515625
0:00:10.710683, 0.0, 0.0, 90.0, 4.9639529606793076e-05, 49726.8984375
0:00:10.808499, 0.0, 0.0, 90.0, 4.497511690715328e-05, 49727.5078125
0:00:10.918417, 0.0, 0.0, 90.0, 4.018655454274267e-05, 49728.203125
0:00:11.028066, 0.0, 0.0, 90.0, 3.598186594899744e-05, 49728.88671875
0:00:11.107714, 0.0, 0.0, 90.0, 3.3178963349200785e-05, 49729.38671875
0:00:11.221426, 0.0, 0.0, 90.0, 2.9555132641689852e-05, 49730.1015625
0:00:11.318874, 0.0, 0.0, 90.0, 2.675081486813724e-05, 49730.71875
0:00:11.423205, 0.0, 0.0, 90.0, 2.407513420621399e-05, 49731.37109375
0:00:11.511569, 0.0, 0.0, 90.0, 2.201802999479696e-05, 49731.921875
0:00:11.637328, 0.0, 0.0, 90.0, 1.937083652592264e-05, 49732.71484375
0:00:11.723701, 0.0, 0.0, 90.0, 1.7733898857841268e-05, 49733.26171875
0:00:11.822031, 0.0, 0.0, 90.0, 1.6051419152063318e-05, 49733.875
0:00:11.915500, 0.0, 0.0, 90.0, 1.4587586520065088e-05, 49734.46484375
0:00:12.022541, 0.0, 0.0, 90.0, 1.3088049854559358e-05, 49735.13671875
0:00:12.115380, 0.0, 0.0, 90.0, 1.1907136467925739e-05, 49735.72265625
0:00:12.224363, 0.0, 0.0, 90.0, 1.0661201486072969e-05, 49736.40625
0:00:12.337411, 0.0, 0.0, 90.0, 9.506486094323918e-06, 49737.109375
0:00:12.431790, 0.0, 0.0, 90.0, 8.631128366687335e-06, 49737.703125
0:00:12.525785, 0.0, 0.0, 90.0, 7.844269021006767e-06, 49738.29296875
0:00:12.621355, 0.0, 0.0, 90.0, 7.122013812477235e-06, 49738.88671875
0:00:12.733035, 0.0, 0.0, 90.0, 6.357202437357046e-06, 49739.58984375
0:00:12.844539, 0.0, 0.0, 90.0, 5.674522071785759e-06, 49740.29296875
0:00:12.926601, 0.0, 0.0, 90.0, 5.22176242157002e-06, 49740.80859375
0:00:13.023130, 0.0, 0.0, 90.0, 4.7360949793073814e-06, 49741.41015625
0:00:13.133705, 0.0, 0.0, 90.0, 4.231862931192154e-06, 49742.10546875
0:00:13.245265, 0.0, 0.0, 90.0, 3.777412075578468e-06, 49742.80859375
0:00:13.332588, 0.0, 0.0, 90.0, 3.4581898944452405e-06, 49743.3515625
0:00:13.452375, 0.0, 0.0, 90.0, 3.0611740839958657e-06, 49744.10546875
0:00:13.552817, 0.0, 0.0, 90.0, 2.762093799901777e-06, 49744.7421875
0:00:13.642528, 0.0, 0.0, 90.0, 2.520627731428249e-06, 49745.3046875
0:00:13.752851, 0.0, 0.0, 90.0, 2.2545486899616662e-06, 49745.9921875
0:00:13.846201, 0.0, 0.0, 90.0, 2.051082901743939e-06, 49746.578125
0:00:13.931469, 0.0, 0.0, 90.0, 1.8796932863551774e-06, 49747.1171875
0:00:14.031896, 0.0, 0.0, 90.0, 1.6977917312033242e-06, 49747.74609375
0:00:14.152996, 0.0, 0.0, 90.0, 1.4997641528680106e-06, 49748.51171875
0:00:14.250825, 0.0, 0.0, 90.0, 1.3588755791715812e-06, 49749.12109375
0:00:14.336773, 0.0, 0.0, 90.0, 1.2440473255992401e-06, 49749.66796875
0:00:14.447437, 0.0, 0.0, 90.0, 1.1127424386359053e-06, 49750.35546875
0:00:14.560144, 0.0, 0.0, 90.0, 9.922213166646543e-07, 49751.06640625
0:00:14.643346, 0.0, 0.0, 90.0, 9.12123141461052e-07, 49751.5859375
0:00:14.740237, 0.0, 0.0, 90.0, 8.264360644716362e-07, 49752.19140625
0:00:14.849350, 0.0, 0.0, 90.0, 7.392031307063007e-07, 49752.8828125
0:00:14.959624, 0.0, 0.0, 90.0, 6.611771823372692e-07, 49753.5703125
0:00:15.073351, 0.0, 0.0, 90.0, 5.889629051125667e-07, 49754.28515625
0:00:15.155114, 0.0, 0.0, 90.0, 5.419614694801567e-07, 49754.796875
0:00:15.270815, 0.0, 0.0, 90.0, 4.817756575903331e-07, 49755.52734375
0:00:15.377831, 0.0, 0.0, 90.0, 4.322563995629025e-07, 49756.1953125
0:00:15.473995, 0.0, 0.0, 90.0, 3.9205295365718484e-07, 49756.796875
0:00:15.571450, 0.0, 0.0, 90.0, 3.5485328453432885e-07, 49757.4140625
0:00:15.683143, 0.0, 0.0, 90.0, 3.1707151038062875e-07, 49758.109375
0:00:15.770480, 0.0, 0.0, 90.0, 2.899777200582321e-07, 49758.66015625
0:00:15.877504, 0.0, 0.0, 90.0, 2.601696280635224e-07, 49759.328125
0:00:15.971999, 0.0, 0.0, 90.0, 2.362142197398498e-07, 49759.92578125
0:00:16.069616, 0.0, 0.0, 90.0, 2.140177315368419e-07, 49760.5390625
0:00:16.176586, 0.0, 0.0, 90.0, 1.920170973335189e-07, 49761.2109375
0:00:16.263999, 0.0, 0.0, 90.0, 1.7560921605763724e-07, 49761.76171875
0:00:16.376631, 0.0, 0.0, 90.0, 1.5659014707125607e-07, 49762.46875
0:00:16.475243, 0.0, 0.0, 90.0, 1.4173190265864832e-07, 49763.08203125
0:00:16.573384, 0.0, 0.0, 90.0, 1.2815179672998056e-07, 49763.70703125
0:00:16.673642, 0.0, 0.0, 90.0, 1.1575203728853012e-07, 49764.33984375
0:00:16.783684, 0.0, 0.0, 90.0, 1.0353316781674948e-07, 49765.03125
0:00:16.872979, 0.0, 0.0, 90.0, 9.458873506673626e-08, 49765.5859375
0:00:16.984951, 0.0, 0.0, 90.0, 8.434221854258794e-08, 49766.29296875
0:00:17.083410, 0.0, 0.0, 90.0, 7.634036336412464e-08, 49766.90625
0:00:17.184589, 0.0, 0.0, 90.0, 6.888181758313294e-08, 49767.54296875
0:00:17.273917, 0.0, 0.0, 90.0, 6.286650489073509e-08, 49768.109375
0:00:17.384928, 0.0, 0.0, 90.0, 5.6172179796476485e-08, 49768.8046875
0:00:17.483434, 0.0, 0.0, 90.0, 5.07899571289272e-08, 49769.42578125
0:00:17.591395, 0.0, 0.0, 90.0, 4.552176946504005e-08, 49770.1015625
0:00:17.677771, 0.0, 0.0, 90.0, 4.171803524855022e-08, 49770.64453125
0:00:17.791104, 0.0, 0.0, 90.0, 3.716159824307397e-08, 49771.36328125
0:00:17.898106, 0.0, 0.0, 90.0, 3.3341731153768706e-08, 49772.03125
0:00:17.991251, 0.0, 0.0, 90.0, 3.0334526002206985e-08, 49772.61328125
0:00:18.103823, 0.0, 0.0, 90.0, 2.704919133122985e-08, 49773.3203125
0:00:18.190238, 0.0, 0.0, 90.0, 2.4788999297697956e-08, 49773.86328125
0:00:18.306998, 0.0, 0.0, 90.0, 2.2013466605130816e-08, 49774.6015625
0:00:18.404797, 0.0, 0.0, 90.0, 1.9945252560660265e-08, 49775.2109375
0:00:18.496865, 0.0, 0.0, 90.0, 1.8145080105114175e-08, 49775.79296875
0:00:18.606574, 0.0, 0.0, 90.0, 1.622986012250749e-08, 49776.484375
0:00:18.714952, 0.0, 0.0, 90.0, 1.4546495563649842e-08, 49777.1640625
0:00:18.810949, 0.0, 0.0, 90.0, 1.3193380610232452e-08, 49777.765625
0:00:18.897755, 0.0, 0.0, 90.0, 1.2078508859758585e-08, 49778.3125
0:00:19.007989, 0.0, 0.0, 90.0, 1.0792525095837391e-08, 49779.0078125
0:00:19.103831, 0.0, 0.0, 90.0, 9.788855948045239e-09, 49779.61328125
0:00:19.205236, 0.0, 0.0, 90.0, 8.836960496694246e-09, 49780.24609375
0:00:19.318075, 0.0, 0.0, 90.0, 7.879845220770676e-09, 49780.95703125
0:00:19.413535, 0.0, 0.0, 90.0, 7.146953695524871e-09, 49781.55859375
0:00:19.513941, 0.0, 0.0, 90.0, 6.455329160104384e-09, 49782.1875
0:00:19.606742, 0.0, 0.0, 90.0, 5.872698771725027e-09, 49782.76953125
0:00:19.715886, 0.0, 0.0, 90.0, 5.2581934362194716e-09, 49783.453125
0:00:19.813741, 0.0, 0.0, 90.0, 4.7592019214448555e-09, 49784.0703125
0:00:19.928411, 0.0, 0.0, 90.0, 4.234960382376585e-09, 49784.79296875
0:00:20.024821, 0.0, 0.0, 90.0, 3.841122975245526e-09, 49785.3984375
0:00:20.129220, 0.0, 0.0, 90.0, 3.4534044512923856e-09, 49786.0546875
0:00:20.225400, 0.0, 0.0, 90.0, 3.1321620852509113e-09, 49786.66015625
0:00:20.324004, 0.0, 0.0, 90.0, 2.832049483814103e-09, 49787.28125
0:00:20.416356, 0.0, 0.0, 90.0, 2.57913290724332e-09, 49787.859375
0:00:20.532555, 0.0, 0.0, 90.0, 2.290342138167034e-09, 49788.59375
0:00:20.618832, 0.0, 0.0, 90.0, 2.098937690320213e-09, 49789.1328125
0:00:20.725168, 0.0, 0.0, 90.0, 1.8829890979787933e-09, 49789.80859375
0:00:20.838876, 0.0, 0.0, 90.0, 1.6790460133364604e-09, 49790.51953125
0:00:20.926427, 0.0, 0.0, 90.0, 1.5355796634253238e-09, 49791.0703125
0:00:21.025580, 0.0, 0.0, 90.0, 1.3884280392062465e-09, 49791.6953125
0:00:21.139262, 0.0, 0.0, 90.0, 1.2367671331503516e-09, 49792.40625
0:00:21.224557, 0.0, 0.0, 90.0, 1.1334223559700263e-09, 49792.9453125
0:00:21.342720, 0.0, 0.0, 90.0, 1.006512873047427e-09, 49793.6796875
0:00:21.426686, 0.0, 0.0, 90.0, 9.233590558821447e-10, 49794.21484375
0:00:21.521276, 0.0, 0.0, 90.0, 8.391807249097383e-10, 49794.8046875
0:00:21.634895, 0.0, 0.0, 90.0, 7.475254859556912e-10, 49795.5234375
0:00:21.743998, 0.0, 0.0, 90.0, 6.693054444006918e-10, 49796.20703125
0:00:21.839761, 0.0, 0.0, 90.0, 6.070375313527165e-10, 49796.80859375
0:00:21.955367, 0.0, 0.0, 90.0, 5.396215141395544e-10, 49797.5390625
0:00:22.048067, 0.0, 0.0, 90.0, 4.909323503277108e-10, 49798.125
0:00:22.142430, 0.0, 0.0, 90.0, 4.4618869710078e-10, 49798.7109375
0:00:22.228802, 0.0, 0.0, 90.0, 4.0848469051724123e-10, 49799.2578125
0:00:22.355852, 0.0, 0.0, 90.0, 3.5900693529100636e-10, 49800.0546875
0:00:22.440078, 0.0, 0.0, 90.0, 3.296858064327779e-10, 49800.578125
0:00:22.537209, 0.0, 0.0, 90.0, 2.9871077833476534e-10, 49801.1875
0:00:22.663079, 0.0, 0.0, 90.0, 2.627975059787957e-10, 49801.98046875
0:00:22.746691, 0.0, 0.0, 90.0, 2.413345912000153e-10, 49802.5078125
0:00:22.863261, 0.0, 0.0, 90.0, 2.1429427676800117e-10, 49803.2421875
0:00:22.969542, 0.0, 0.0, 90.0, 1.9246525206906284e-10, 49803.90625
0:00:23.065506, 0.0, 0.0, 90.0, 1.7456214251865276e-10, 49804.5078125
0:00:23.149772, 0.0, 0.0, 90.0, 1.601403870621354e-10, 49805.0390625
0:00:23.246998, 0.0, 0.0, 90.0, 1.4509828061282093e-10, 49805.6484375
0:00:23.369090, 0.0, 0.0, 90.0, 1.2817810701726273e-10, 49806.41796875
0:00:23.453005, 0.0, 0.0, 90.0, 1.1770893981744024e-10, 49806.9453125
0:00:23.567699, 0.0, 0.0, 90.0, 1.0474492107004352e-10, 49807.66796875
0:00:23.665819, 0.0, 0.0, 90.0, 9.484463214803895e-11, 49808.28125
0:00:23.751051, 0.0, 0.0, 90.0, 8.700888620705172e-11, 49808.8125
0:00:23.876962, 0.0, 0.0, 90.0, 7.654892691943971e-11, 49809.6015625
0:00:23.961890, 0.0, 0.0, 90.0, 7.015246022978872e-11, 49810.140625
0:00:24.049494, 0.0, 0.0, 90.0, 6.422441051201488e-11, 49810.6875
0:00:24.160063, 0.0, 0.0, 90.0, 5.7386703028461383e-11, 49811.3828125
0:00:24.271074, 0.0, 0.0, 90.0, 5.127660102077769e-11, 49812.08203125
0:00:24.383365, 0.0, 0.0, 90.0, 4.5770214007756493e-11, 49812.78125
0:00:24.469802, 0.0, 0.0, 90.0, 4.190199229259228e-11, 49813.328125
0:00:24.567127, 0.0, 0.0, 90.0, 3.7965616761503895e-11, 49813.93359375
0:00:24.666510, 0.0, 0.0, 90.0, 3.4292568784621835e-11, 49814.5625
0:00:24.779085, 0.0, 0.0, 90.0, 3.0610087381477413e-11, 49815.265625
0:00:24.863453, 0.0, 0.0, 90.0, 2.808124392739142e-11, 49815.80078125
0:00:24.973607, 0.0, 0.0, 90.0, 2.514302308020966e-11, 49816.48828125
0:00:25.067688, 0.0, 0.0, 90.0, 2.2827312956552603e-11, 49817.0859375
0:00:25.178703, 0.0, 0.0, 90.0, 2.0396552502521814e-11, 49817.78125
0:00:25.277020, 0.0, 0.0, 90.0, 1.8442228646997627e-11, 49818.40234375
0:00:25.386206, 0.0, 0.0, 90.0, 1.6512527456491455e-11, 49819.0859375
0:00:25.494848, 0.0, 0.0, 90.0, 1.479985752006474e-11, 49819.76171875
0:00:25.580949, 0.0, 0.0, 90.0, 1.3549062045925542e-11, 49820.3046875
0:00:25.690889, 0.0, 0.0, 90.0, 1.2118954277606786e-11, 49820.99609375
0:00:25.780336, 0.0, 0.0, 90.0, 1.1060607291168978e-11, 49821.5625
0:00:25.898887, 0.0, 0.0, 90.0, 9.822192538477825e-12, 49822.30078125
0:00:25.984321, 0.0, 0.0, 90.0, 9.001425473054159e-12, 49822.83984375
0:00:26.101036, 0.0, 0.0, 90.0, 7.993552000873372e-12, 49823.578125
0:00:26.196227, 0.0, 0.0, 90.0, 7.250084647220101e-12, 49824.1796875
0:00:26.307483, 0.0, 0.0, 90.0, 6.478177803220797e-12, 49824.875
0:00:26.397957, 0.0, 0.0, 90.0, 5.906362204877169e-12, 49825.4453125
0:00:26.513511, 0.0, 0.0, 90.0, 5.25042813045995e-12, 49826.171875
0:00:26.596837, 0.0, 0.0, 90.0, 4.8265861793406195e-12, 49826.69140625
0:00:26.697855, 0.0, 0.0, 90.0, 4.355018515950215e-12, 49827.32421875
0:00:26.818143, 0.0, 0.0, 90.0, 3.851166347629276e-12, 49828.08203125
0:00:26.903838, 0.0, 0.0, 90.0, 3.5329955107299416e-12, 49828.61328125
0:00:27.017223, 0.0, 0.0, 90.0, 3.1471121281906322e-12, 49829.33203125
0:00:27.110886, 0.0, 0.0, 90.0, 2.860167831741922e-12, 49829.92578125
0:00:27.198038, 0.0, 0.0, 90.0, 2.61847683293015e-12, 49830.47265625
0:00:27.318347, 0.0, 0.0, 90.0, 2.3178841658533234e-12, 49831.2265625
0:00:27.421398, 0.0, 0.0, 90.0, 2.087116287088908e-12, 49831.875
0:00:27.517283, 0.0, 0.0, 90.0, 1.892999212244062e-12, 49832.4765625
0:00:27.622395, 0.0, 0.0, 90.0, 1.7019023993911087e-12, 49833.1328125
0:00:27.719814, 0.0, 0.0, 90.0, 1.5404187257359037e-12, 49833.75
0:00:27.817479, 0.0, 0.0, 90.0, 1.3942572140226983e-12, 49834.3671875
0:00:27.910061, 0.0, 0.0, 90.0, 1.2702784787585464e-12, 49834.9453125
0:00:28.037374, 0.0, 0.0, 90.0, 1.1152577342535275e-12, 49835.75390625
0:00:28.125586, 0.0, 0.0, 90.0, 1.0199610253613933e-12, 49836.3046875
0:00:28.237958, 0.0, 0.0, 90.0, 9.094966533368387e-13, 49837.015625
0:00:28.324216, 0.0, 0.0, 90.0, 8.334986346947293e-13, 49837.5546875
0:00:28.432531, 0.0, 0.0, 90.0, 7.470464134448629e-13, 49838.23046875
0:00:28.517870, 0.0, 0.0, 90.0, 6.846235817842272e-13, 49838.76953125
0:00:28.629207, 0.0, 0.0, 90.0, 6.117319649966146e-13, 49839.46875
0:00:28.744855, 0.0, 0.0, 90.0, 5.437956942383471e-13, 49840.1953125
0:00:28.833950, 0.0, 0.0, 90.0, 4.968192740886779e-13, 49840.75390625
0:00:28.947515, 0.0, 0.0, 90.0, 4.4255625639838536e-13, 49841.46875
0:00:29.043008, 0.0, 0.0, 90.0, 4.013896691152513e-13, 49842.0703125
0:00:29.140884, 0.0, 0.0, 90.0, 3.6382577723106935e-13, 49842.6796875
0:00:29.239123, 0.0, 0.0, 90.0, 3.2896951764234406e-13, 49843.30078125
0:00:29.340973, 0.0, 0.0, 90.0, 2.9653016153652345e-13, 49843.94140625
0:00:29.437306, 0.0, 0.0, 90.0, 2.689506874587605e-13, 49844.54296875
0:00:29.543770, 0.0, 0.0, 90.0, 2.413063509860286e-13, 49845.21875
0:00:29.641609, 0.0, 0.0, 90.0, 2.1841274448763937e-13, 49845.83203125
0:00:29.755968, 0.0, 0.0, 90.0, 1.945569221136964e-13, 49846.546875
0:00:29.862594, 0.0, 0.0, 90.0, 1.7455755265717576e-13, 49847.22265625
0:00:29.949176, 0.0, 0.0, 90.0, 1.5997142846502221e-13, 49847.76171875
0:00:30.045525, 0.0, 0.0, 90.0, 1.4494114730038282e-13, 49848.37109375
0:00:30.150612, 0.0, 0.0, 90.0, 1.3017551988604714e-13, 49849.0390625
0:00:30.262288, 0.0, 0.0, 90.0, 1.1631604154242053e-13, 49849.73828125
0:00:30.346547, 0.0, 0.0, 90.0, 1.0670650696592912e-13, 49850.2734375
0:00:30.454054, 0.0, 0.0, 90.0, 9.573727444492364e-14, 49850.9453125
0:00:30.566905, 0.0, 0.0, 90.0, 8.536814782638888e-14, 49851.65625
0:00:30.671575, 0.0, 0.0, 90.0, 7.675063113266739e-14, 49852.31640625
0:00:30.752118, 0.0, 0.0, 90.0, 7.06992041407846e-14, 49852.82421875
0:00:30.869969, 0.0, 0.0, 90.0, 6.278327467287848e-14, 49853.5625
0:00:30.959902, 0.0, 0.0, 90.0, 5.729393874479363e-14, 49854.12890625
0:00:31.073129, 0.0, 0.0, 90.0, 5.103581538499005e-14, 49854.84375
0:00:31.162717, 0.0, 0.0, 90.0, 4.662692757936848e-14, 49855.40234375
0:00:31.259802, 0.0, 0.0, 90.0, 4.220326413101501e-14, 49856.015625
0:00:31.358943, 0.0, 0.0, 90.0, 3.8159989626746285e-14, 49856.63671875
0:00:31.474609, 0.0, 0.0, 90.0, 3.392203645801242e-14, 49857.36328125
0:00:31.562024, 0.0, 0.0, 90.0, 3.105547706472832e-14, 49857.90625
0:00:31.671611, 0.0, 0.0, 90.0, 2.7777530709621745e-14, 49858.59375
0:00:31.769601, 0.0, 0.0, 90.0, 2.5142204534674487e-14, 49859.2109375
0:00:31.892009, 0.0, 0.0, 90.0, 2.221032873676171e-14, 49859.98046875
0:00:31.984570, 0.0, 0.0, 90.0, 2.0206821377830378e-14, 49860.5625
0:00:32.069738, 0.0, 0.0, 90.0, 1.8537263534617633e-14, 49861.09765625
0:00:32.170380, 0.0, 0.0, 90.0, 1.6726349445035302e-14, 49861.734375
0:00:32.283990, 0.0, 0.0, 90.0, 1.489942135055218e-14, 49862.453125
0:00:32.393257, 0.0, 0.0, 90.0, 1.334038013113244e-14, 49863.13671875
0:00:32.486824, 0.0, 0.0, 90.0, 1.2124665929190339e-14, 49863.73046875
0:00:32.599495, 0.0, 0.0, 90.0, 1.0811443835459164e-14, 49864.44140625
0:00:32.700465, 0.0, 0.0, 90.0, 9.765031190882463e-15, 49865.0703125
0:00:32.780843, 0.0, 0.0, 90.0, 8.995047748642203e-15, 49865.578125
0:00:32.895580, 0.0, 0.0, 90.0, 8.004332602545156e-15, 49866.30078125
0:00:32.982855, 0.0, 0.0, 90.0, 7.320409401811827e-15, 49866.85546875
0:00:33.102666, 0.0, 0.0, 90.0, 6.487338945660066e-15, 49867.6015625
0:00:33.188841, 0.0, 0.0, 90.0, 5.9391434573618195e-15, 49868.1484375
0:00:33.295771, 0.0, 0.0, 90.0, 5.328677918429699e-15, 49868.8203125
0:00:33.411470, 0.0, 0.0, 90.0, 4.736898773346956e-15, 49869.546875
0:00:33.499929, 0.0, 0.0, 90.0, 4.332158055545118e-15, 49870.1015625
0:00:33.592268, 0.0, 0.0, 90.0, 3.94533335512713e-15, 49870.6796875
0:00:33.702283, 0.0, 0.0, 90.0, 3.5288425962809802e-15, 49871.3671875
0:00:33.814714, 0.0, 0.0, 90.0, 3.1466469309197366e-15, 49872.07421875
0:00:33.901027, 0.0, 0.0, 90.0, 2.8807416894364567e-15, 49872.6171875
0:00:34.021140, 0.0, 0.0, 90.0, 2.550057697487773e-15, 49873.37109375
0:00:34.106695, 0.0, 0.0, 90.0, 2.339372863176606e-15, 49873.90234375
0:00:34.222234, 0.0, 0.0, 90.0, 2.079557153309374e-15, 49874.62890625
0:00:34.319920, 0.0, 0.0, 90.0, 1.882262215828403e-15, 49875.2421875
0:00:34.405027, 0.0, 0.0, 90.0, 1.726755966437578e-15, 49875.7734375
0:00:34.519601, 0.0, 0.0, 90.0, 1.5365774821420822e-15, 49876.49609375
0:00:34.607426, 0.0, 0.0, 90.0, 1.4052798579002588e-15, 49877.046875
0:00:34.719823, 0.0, 0.0, 90.0, 1.2543751149953928e-15, 49877.75
0:00:34.821813, 0.0, 0.0, 90.0, 1.1300531247115638e-15, 49878.39453125
0:00:34.908539, 0.0, 0.0, 90.0, 1.0356275858175489e-15, 49878.9375
0:00:35.025088, 0.0, 0.0, 90.0, 9.196652813275277e-16, 49879.66796875
0:00:35.139448, 0.0, 0.0, 90.0, 8.183758638849968e-16, 49880.390625
0:00:35.232290, 0.0, 0.0, 90.0, 7.445088734120279e-16, 49880.97265625
0:00:35.340531, 0.0, 0.0, 90.0, 6.672881618635239e-16, 49881.65234375
0:00:35.438153, 0.0, 0.0, 90.0, 6.045943829977864e-16, 49882.26171875
0:00:35.524276, 0.0, 0.0, 90.0, 5.534982851249733e-16, 49882.8046875
0:00:35.635915, 0.0, 0.0, 90.0, 4.945685618581563e-16, 49883.49609375
0:00:35.727950, 0.0, 0.0, 90.0, 4.499617422129359e-16, 49884.078125
0:00:35.844147, 0.0, 0.0, 90.0, 3.999922775693097e-16, 49884.8046875
0:00:35.927693, 0.0, 0.0, 90.0, 3.673245196645367e-16, 49885.33203125
0:00:36.037597, 0.0, 0.0, 90.0, 3.2888748800711663e-16, 49886.015625
0:00:36.132769, 0.0, 0.0, 90.0, 2.98293743213255e-16, 49886.62109375
0:00:36.231202, 0.0, 0.0, 90.0, 2.6999034903898934e-16, 49887.23828125
0:00:36.348009, 0.0, 0.0, 90.0, 2.397600078492794e-16, 49887.9765625
0:00:36.434923, 0.0, 0.0, 90.0, 2.1949925768364233e-16, 49888.51953125
0:00:36.555141, 0.0, 0.0, 90.0, 1.9430700228975195e-16, 49889.2734375
0:00:36.642087, 0.0, 0.0, 90.0, 1.7770458742330622e-16, 49889.828125
0:00:36.742444, 0.0, 0.0, 90.0, 1.6067757082226968e-16, 49890.44921875
0:00:36.847290, 0.0, 0.0, 90.0, 1.4430958555886639e-16, 49891.11328125
0:00:36.960954, 0.0, 0.0, 90.0, 1.2854770530878275e-16, 49891.83203125
0:00:37.061503, 0.0, 0.0, 90.0, 1.1611115729561128e-16, 49892.4609375
0:00:37.145759, 0.0, 0.0, 90.0, 1.0651844299350733e-16, 49892.9921875
0:00:37.242327, 0.0, 0.0, 90.0, 9.661134050162912e-17, 49893.59375
0:00:37.341697, 0.0, 0.0, 90.0, 8.726433192867791e-17, 49894.22265625
0:00:37.463322, 0.0, 0.0, 90.0, 7.708828324115666e-17, 49894.9921875
0:00:37.561119, 0.0, 0.0, 90.0, 6.984567508609956e-17, 49895.6015625
0:00:37.646450, 0.0, 0.0, 90.0, 6.400838061732105e-17, 49896.140625
0:00:37.771465, 0.0, 0.0, 90.0, 5.637219992681123e-17, 49896.9296875
0:00:37.854818, 0.0, 0.0, 90.0, 5.176823175134928e-17, 49897.45703125
0:00:37.976741, 0.0, 0.0, 90.0, 4.5780304384302416e-17, 49898.21484375
0:00:38.074438, 0.0, 0.0, 90.0, 4.139424536068899e-17, 49898.8359375
0:00:38.171917, 0.0, 0.0, 90.0, 3.7506092817550835e-17, 49899.44921875
0:00:38.271567, 0.0, 0.0, 90.0, 3.391242980737136e-17, 49900.07421875
0:00:38.384833, 0.0, 0.0, 90.0, 3.020848707792631e-17, 49900.7890625
0:00:38.470792, 0.0, 0.0, 90.0, 2.7684309042773795e-17, 49901.33203125
0:00:38.576744, 0.0, 0.0, 90.0, 2.486399207652117e-17, 49901.99609375
0:00:38.662431, 0.0, 0.0, 90.0, 2.2786248381047197e-17, 49902.5390625
0:00:38.773455, 0.0, 0.0, 90.0, 2.035994731905563e-17, 49903.23828125
0:00:38.871794, 0.0, 0.0, 90.0, 1.8409149377828947e-17, 49903.86328125
0:00:38.987470, 0.0, 0.0, 90.0, 1.6381635397871645e-17, 49904.5859375
0:00:39.076427, 0.0, 0.0, 90.0, 1.4966410433493445e-17, 49905.14453125
0:00:39.192703, 0.0, 0.0, 90.0, 1.3290534240654885e-17, 49905.87890625
0:00:39.281123, 0.0, 0.0, 90.0, 1.214233889444044e-17, 49906.43359375
0:00:39.389495, 0.0, 0.0, 90.0, 1.0882977918524382e-17, 49907.109375
0:00:39.502859, 0.0, 0.0, 90.0, 9.704293522111846e-18, 49907.8203125
0:00:39.584535, 0.0, 0.0, 90.0, 8.929996220480559e-18, 49908.3359375
0:00:39.682215, 0.0, 0.0, 90.0, 8.082784602213947e-18, 49908.953125
0:00:39.792958, 0.0, 0.0, 90.0, 7.222168522120913e-18, 49909.65234375
0:00:39.881534, 0.0, 0.0, 90.0, 6.605069037689509e-18, 49910.203125
0:00:39.994999, 0.0, 0.0, 90.0, 5.88363974413863e-18, 49910.91796875
0:00:40.092994, 0.0, 0.0, 90.0, 5.325437587272533e-18, 49911.53125
0:00:40.207290, 0.0, 0.0, 90.0, 4.738913593413233e-18, 49912.25390625
0:00:40.313811, 0.0, 0.0, 90.0, 4.256167679204836e-18, 49912.91796875
0:00:40.402458, 0.0, 0.0, 90.0, 3.8924985500765096e-18, 49913.46875
0:00:40.501691, 0.0, 0.0, 90.0, 3.5121968867812735e-18, 49914.10546875
0:00:40.611942, 0.0, 0.0, 90.0, 3.1414799720388425e-18, 49914.79296875
0:00:40.699275, 0.0, 0.0, 90.0, 2.8760174475455684e-18, 49915.33984375
0:00:40.814259, 0.0, 0.0, 90.0, 2.5592633144242592e-18, 49916.0625
0:00:40.912061, 0.0, 0.0, 90.0, 2.316429556358292e-18, 49916.6796875
0:00:41.012728, 0.0, 0.0, 90.0, 2.0901096320413334e-18, 49917.3125
0:00:41.102976, 0.0, 0.0, 90.0, 1.9075845784608417e-18, 49917.87890625
0:00:41.216525, 0.0, 0.0, 90.0, 1.6992223316521031e-18, 49918.59375
0:00:41.325958, 0.0, 0.0, 90.0, 1.5214196521886767e-18, 49919.27734375
0:00:41.421704, 0.0, 0.0, 90.0, 1.3799163463410679e-18, 49919.87890625
0:00:41.512521, 0.0, 0.0, 90.0, 1.2579743110166897e-18, 49920.453125
0:00:41.619690, 0.0, 0.0, 90.0, 1.1286556857847167e-18, 49921.12109375
0:00:41.734161, 0.0, 0.0, 90.0, 1.0043487410890494e-18, 49921.84375
0:00:41.834256, 0.0, 0.0, 90.0, 9.071695981723649e-19, 49922.4765625
0:00:41.932770, 0.0, 0.0, 90.0, 8.202372584912576e-19, 49923.1015625
0:00:42.039750, 0.0, 0.0, 90.0, 7.359261507737542e-19, 49923.7734375
0:00:42.127185, 0.0, 0.0, 90.0, 6.737372130571574e-19, 49924.31640625
0:00:42.222889, 0.0, 0.0, 90.0, 6.104525712216574e-19, 49924.92578125
0:00:42.332127, 0.0, 0.0, 90.0, 5.465716355620833e-19, 49925.60546875
0:00:42.442730, 0.0, 0.0, 90.0, 4.888802856310904e-19, 49926.29296875
0:00:42.527958, 0.0, 0.0, 90.0, 4.480301778753123e-19, 49926.8359375
0:00:42.631788, 0.0, 0.0, 90.0, 4.032163240217566e-19, 49927.484375
0:00:42.745531, 0.0, 0.0, 90.0, 3.591755738482083e-19, 49928.19921875
0:00:42.832890, 0.0, 0.0, 90.0, 3.291630313817351e-19, 49928.73828125
0:00:42.932288, 0.0, 0.0, 90.0, 2.970075741408667e-19, 49929.375
0:00:43.031744, 0.0, 0.0, 90.0, 2.6854589192535383e-19, 49930.0
0:00:43.143997, 0.0, 0.0, 90.0, 2.397078166817352e-19, 49930.69921875
0:00:43.258341, 0.0, 0.0, 90.0, 2.1330658967330364e-19, 49931.421875
0:00:43.353046, 0.0, 0.0, 90.0, 1.936653152752027e-19, 49932.015625
0:00:43.452561, 0.0, 0.0, 90.0, 1.7510900457273872e-19, 49932.63671875
0:00:43.553114, 0.0, 0.0, 90.0, 1.5800064768315465e-19, 49933.2734375
0:00:43.666929, 0.0, 0.0, 90.0, 1.40742480629819e-19, 49933.98828125
0:00:43.763002, 0.0, 0.0, 90.0, 1.277837140571984e-19, 49934.58203125
0:00:43.844589, 0.0, 0.0, 90.0, 1.174683453036588e-19, 49935.1015625
0:00:43.958426, 0.0, 0.0, 90.0, 1.046381471551534e-19, 49935.8203125
0:00:44.067972, 0.0, 0.0, 90.0, 9.368984952369148e-20, 49936.50390625
0:00:44.153248, 0.0, 0.0, 90.0, 8.586108262671431e-20, 49937.04296875
0:00:44.253678, 0.0, 0.0, 90.0, 7.755214384649865e-20, 49937.671875
0:00:44.374916, 0.0, 0.0, 90.0, 6.857817770318449e-20, 49938.43359375
0:00:44.473943, 0.0, 0.0, 90.0, 6.194347186982176e-20, 49939.0625
0:00:44.575049, 0.0, 0.0, 90.0, 5.594992794641566e-20, 49939.6953125
0:00:44.656388, 0.0, 0.0, 90.0, 5.14322713374345e-20, 49940.21484375
0:00:44.773439, 0.0, 0.0, 90.0, 4.5720524584270486e-20, 49940.94140625
0:00:44.860581, 0.0, 0.0, 90.0, 4.1813883029327515e-20, 49941.49609375
0:00:44.974232, 0.0, 0.0, 90.0, 3.724686053988313e-20, 49942.21484375
0:00:45.064365, 0.0, 0.0, 90.0, 3.4029250741674026e-20, 49942.7734375
0:00:45.175211, 0.0, 0.0, 90.0, 3.0374275656926047e-20, 49943.4765625
0:00:45.273489, 0.0, 0.0, 90.0, 2.749223299994925e-20, 49944.09375
0:00:45.360914, 0.0, 0.0, 90.0, 2.5143153151398022e-20, 49944.64453125
0:00:45.476894, 0.0, 0.0, 90.0, 2.2350888671451637e-20, 49945.375
0:00:45.588846, 0.0, 0.0, 90.0, 1.9971283919592643e-20, 49946.0703125
0:00:45.685122, 0.0, 0.0, 90.0, 1.809486185852018e-20, 49946.6796875
0:00:45.776041, 0.0, 0.0, 90.0, 1.649601382292181e-20, 49947.25
0:00:45.892209, 0.0, 0.0, 90.0, 1.4648984138576254e-20, 49947.98828125
0:00:45.976552, 0.0, 0.0, 90.0, 1.3452602284043979e-20, 49948.515625
0:00:46.070815, 0.0, 0.0, 90.0, 1.2226346607818896e-20, 49949.10546875
0:00:46.181498, 0.0, 0.0, 90.0, 1.0924612316285483e-20, 49949.8046875
0:00:46.290389, 0.0, 0.0, 90.0, 9.781413166820253e-21, 49950.484375
0:00:46.375948, 0.0, 0.0, 90.0, 8.963940617354786e-21, 49951.0234375
0:00:46.499591, 0.0, 0.0, 90.0, 7.902462711883247e-21, 49951.80078125
0:00:46.593106, 0.0, 0.0, 90.0, 7.189705250294598e-21, 49952.38671875
0:00:46.688695, 0.0, 0.0, 90.0, 6.521002830363284e-21, 49952.98828125
0:00:46.785324, 0.0, 0.0, 90.0, 5.914571197023944e-21, 49953.59375
0:00:46.901265, 0.0, 0.0, 90.0, 5.251789500041563e-21, 49954.328125
0:00:46.986691, 0.0, 0.0, 90.0, 4.8178936868727195e-21, 49954.86328125
0:00:47.109893, 0.0, 0.0, 90.0, 4.251809726615214e-21, 49955.6328125
0:00:47.207333, 0.0, 0.0, 90.0, 3.852338844095355e-21, 49956.2421875
0:00:47.303533, 0.0, 0.0, 90.0, 3.49040370525079e-21, 49956.8515625
0:00:47.395293, 0.0, 0.0, 90.0, 3.178692929482721e-21, 49957.4296875
0:00:47.506334, 0.0, 0.0, 90.0, 2.840237724300193e-21, 49958.125
0:00:47.615329, 0.0, 0.0, 90.0, 2.5430258333168515e-21, 49958.80859375
0:00:47.706647, 0.0, 0.0, 90.0, 2.3159552635966337e-21, 49959.38671875
0:00:47.817526, 0.0, 0.0, 90.0, 2.0693873844478163e-21, 49960.08203125
0:00:47.904642, 0.0, 0.0, 90.0, 1.8945192623011538e-21, 49960.62890625
0:00:48.006199, 0.0, 0.0, 90.0, 1.707661868033874e-21, 49961.26953125
0:00:48.105238, 0.0, 0.0, 90.0, 1.5440398479262383e-21, 49961.890625
0:00:48.225016, 0.0, 0.0, 90.0, 1.3669216167988469e-21, 49962.640625
0:00:48.312275, 0.0, 0.0, 90.0, 1.2514108727707708e-21, 49963.1875
0:00:48.425105, 0.0, 0.0, 90.0, 1.115877652521384e-21, 49963.89453125
0:00:48.511309, 0.0, 0.0, 90.0, 1.022632223553245e-21, 49964.43359375
0:00:48.617356, 0.0, 0.0, 90.0, 9.184572466501267e-22, 49965.09765625
0:00:48.731964, 0.0, 0.0, 90.0, 8.172973592356354e-22, 49965.81640625
0:00:48.818582, 0.0, 0.0, 90.0, 7.482313626714109e-22, 49966.36328125
0:00:48.936091, 0.0, 0.0, 90.0, 6.64454637459527e-22, 49967.1015625
0:00:49.021608, 0.0, 0.0, 90.0, 6.089337739129563e-22, 49967.64453125
0:00:49.135290, 0.0, 0.0, 90.0, 5.424209098912615e-22, 49968.359375
0:00:49.228505, 0.0, 0.0, 90.0, 4.936809179811278e-22, 49968.94140625
0:00:49.312706, 0.0, 0.0, 90.0, 4.528955722473021e-22, 49969.4765625
0:00:49.425964, 0.0, 0.0, 90.0, 4.0384112144768565e-22, 49970.18359375
0:00:49.525977, 0.0, 0.0, 90.0, 3.6476574847734047e-22, 49970.8125
0:00:49.619497, 0.0, 0.0, 90.0, 3.318563647776924e-22, 49971.39453125
0:00:49.740987, 0.0, 0.0, 90.0, 2.9316805114365933e-22, 49972.1640625
0:00:49.821683, 0.0, 0.0, 90.0, 2.7005139739480763e-22, 49972.671875
0:00:49.935432, 0.0, 0.0, 90.0, 2.405561784494071e-22, 49973.38671875
0:00:50.033108, 0.0, 0.0, 90.0, 2.17731188665321e-22, 49974.00390625
0:00:50.140703, 0.0, 0.0, 90.0, 1.9535168441163125e-22, 49974.671875
0:00:50.226608, 0.0, 0.0, 90.0, 1.788440189742998e-22, 49975.21875
0:00:50.325742, 0.0, 0.0, 90.0, 1.617099096258015e-22, 49975.83984375
0:00:50.438571, 0.0, 0.0, 90.0, 1.4419602370486807e-22, 49976.546875
0:00:50.550523, 0.0, 0.0, 90.0, 1.288440836698961e-22, 49977.2421875
0:00:50.645149, 0.0, 0.0, 90.0, 1.1686201858250897e-22, 49977.84765625
0:00:50.735764, 0.0, 0.0, 90.0, 1.0665669544562027e-22, 49978.4140625
0:00:50.839735, 0.0, 0.0, 90.0, 9.593887777760207e-23, 49979.06640625
0:00:50.934980, 0.0, 0.0, 90.0, 8.710537744400546e-23, 49979.66015625
0:00:51.040867, 0.0, 0.0, 90.0, 7.8151597910468e-23, 49980.33203125
0:00:51.154135, 0.0, 0.0, 90.0, 6.97590645120027e-23, 49981.03515625
0:00:51.241659, 0.0, 0.0, 90.0, 6.379795188472236e-23, 49981.5859375
0:00:51.354928, 0.0, 0.0, 90.0, 5.682970369518998e-23, 49982.30078125
0:00:51.443520, 0.0, 0.0, 90.0, 5.197327401425769e-23, 49982.85546875
0:00:51.551325, 0.0, 0.0, 90.0, 4.653495844152904e-23, 49983.54296875
0:00:51.665371, 0.0, 0.0, 90.0, 4.149497344972631e-23, 49984.25390625
0:00:51.763136, 0.0, 0.0, 90.0, 3.7557188070142e-23, 49984.87109375
0:00:51.869266, 0.0, 0.0, 90.0, 3.3731080151188013e-23, 49985.53515625
0:00:51.952263, 0.0, 0.0, 90.0, 3.097626111874227e-23, 49986.0625
0:00:52.067274, 0.0, 0.0, 90.0, 2.756447241354122e-23, 49986.78125
0:00:52.166354, 0.0, 0.0, 90.0, 2.4923664292283447e-23, 49987.40234375
0:00:52.250638, 0.0, 0.0, 90.0, 2.288812705549641e-23, 49987.9296875
0:00:52.348558, 0.0, 0.0, 90.0, 2.0695090583538376e-23, 49988.5546875
0:00:52.474262, 0.0, 0.0, 90.0, 1.8233115651772394e-23, 49989.33984375
0:00:52.558422, 0.0, 0.0, 90.0, 1.6726792064140114e-23, 49989.875
0:00:52.681313, 0.0, 0.0, 90.0, 1.477664428717782e-23, 49990.63671875
0:00:52.776483, 0.0, 0.0, 90.0, 1.3402465945222732e-23, 49991.2421875
0:00:52.863348, 0.0, 0.0, 90.0, 1.2269782381043858e-23, 49991.78515625
0:00:52.970838, 0.0, 0.0, 90.0, 1.1008633607310647e-23, 49992.453125
0:00:53.067827, 0.0, 0.0, 90.0, 9.964215689816952e-24, 49993.0703125
0:00:53.187867, 0.0, 0.0, 90.0, 8.830333057062142e-24, 49993.8203125
0:00:53.278426, 0.0, 0.0, 90.0, 8.050133844580457e-24, 49994.390625
0:00:53.363559, 0.0, 0.0, 90.0, 7.377436651957765e-24, 49994.9296875
0:00:53.477529, 0.0, 0.0, 90.0, 6.571653102597952e-24, 49995.64453125
0:00:53.591134, 0.0, 0.0, 90.0, 5.859927016689451e-24, 49996.35546875
0:00:53.679256, 0.0, 0.0, 90.0, 5.353699196591023e-24, 49996.9140625
0:00:53.774236, 0.0, 0.0, 90.0, 4.860761316162854e-24, 49997.5078125
0:00:53.882302, 0.0, 0.0, 90.0, 4.3565514022599815e-24, 49998.18359375
0:00:53.989753, 0.0, 0.0, 90.0, 3.9087308435841175e-24, 49998.85546875
0:00:54.076828, 0.0, 0.0, 90.0, 3.574748829988435e-24, 49999.40625
0:00:54.184869, 0.0, 0.0, 90.0, 3.2039778936473174e-24, 50000.08203125
0:00:54.292279, 0.0, 0.0, 90.0, 2.8746270852109608e-24, 50000.75
0:00:54.384174, 0.0, 0.0, 90.0, 2.6180060967923606e-24, 50001.328125
0:00:54.499043, 0.0, 0.0, 90.0, 2.329658700487582e-24, 50002.05078125
0:00:54.608826, 0.0, 0.0, 90.0, 2.0859107387508307e-24, 50002.734375
0:00:54.708035, 0.0, 0.0, 90.0, 1.8821371200947966e-24, 50003.37109375
0:00:54.806433, 0.0, 0.0, 90.0, 1.7035719460955525e-24, 50003.984375
0:00:54.898113, 0.0, 0.0, 90.0, 1.5514344012821175e-24, 50004.5625
0:00:55.007159, 0.0, 0.0, 90.0, 1.3890856436962755e-24, 50005.2421875
0:00:55.108244, 0.0, 0.0, 90.0, 1.2534040331885903e-24, 50005.875
0:00:55.207173, 0.0, 0.0, 90.0, 1.133292663405318e-24, 50006.5
0:00:55.298905, 0.0, 0.0, 90.0, 1.0320838800253383e-24, 50007.078125
0:00:55.387158, 0.0, 0.0, 90.0, 9.429241581117044e-25, 50007.63671875
0:00:55.502454, 0.0, 0.0, 90.0, 8.399372822513567e-25, 50008.3515625
0:00:55.613912, 0.0, 0.0, 90.0, 7.497381867912875e-25, 50009.0546875
0:00:55.699102, 0.0, 0.0, 90.0, 6.870904528765148e-25, 50009.59375
0:00:55.810417, 0.0, 0.0, 90.0, 6.139387894896915e-25, 50010.2890625
0:00:55.905364, 0.0, 0.0, 90.0, 5.574108412623971e-25, 50010.8828125
0:00:56.022122, 0.0, 0.0, 90.0, 4.949964622641501e-25, 50011.6171875
0:00:56.117434, 0.0, 0.0, 90.0, 4.494118883369211e-25, 50012.21484375
0:00:56.212413, 0.0, 0.0, 90.0, 4.0803744040895327e-25, 50012.8125
0:00:56.335084, 0.0, 0.0, 90.0, 3.600887982601966e-25, 50013.5859375
0:00:56.417103, 0.0, 0.0, 90.0, 3.310198655484812e-25, 50014.109375
0:00:56.534279, 0.0, 0.0, 90.0, 2.9425855293472945e-25, 50014.83984375
0:00:56.620292, 0.0, 0.0, 90.0, 2.6939244925890204e-25, 50015.38671875
0:00:56.715333, 0.0, 0.0, 90.0, 2.4458494315719057e-25, 50015.98046875
0:00:56.822614, 0.0, 0.0, 90.0, 2.1943950876520506e-25, 50016.6484375
0:00:56.929759, 0.0, 0.0, 90.0, 1.9688235165515297e-25, 50017.31640625
0:00:57.038772, 0.0, 0.0, 90.0, 1.7609856618598936e-25, 50018.0078125
0:00:57.118444, 0.0, 0.0, 90.0, 1.6254951036026916e-25, 50018.50390625
0:00:57.231867, 0.0, 0.0, 90.0, 1.4479480285573451e-25, 50019.21875
0:00:57.327583, 0.0, 0.0, 90.0, 1.313276776305925e-25, 50019.8203125
0:00:57.439103, 0.0, 0.0, 90.0, 1.172249400570203e-25, 50020.52734375
0:00:57.520811, 0.0, 0.0, 90.0, 1.0798162263746447e-25, 50021.03515625
0:00:57.629710, 0.0, 0.0, 90.0, 9.658321734353052e-26, 50021.7265625
0:00:57.744477, 0.0, 0.0, 90.0, 8.603413791060761e-26, 50022.4453125
0:00:57.832378, 0.0, 0.0, 90.0, 7.868293418710348e-26, 50022.99609375
0:00:57.949670, 0.0, 0.0, 90.0, 6.980083494345319e-26, 50023.734375
0:00:58.030270, 0.0, 0.0, 90.0, 6.429682298523392e-26, 50024.2421875
0:00:58.139367, 0.0, 0.0, 90.0, 5.75686529765072e-26, 50024.9296875
0:00:58.243440, 0.0, 0.0, 90.0, 5.181093595559788e-26, 50025.58203125
0:00:58.356151, 0.0, 0.0, 90.0, 4.619943861755434e-26, 50026.29296875
0:00:58.441291, 0.0, 0.0, 90.0, 4.2382683039062203e-26, 50026.828125
0:00:58.556987, 0.0, 0.0, 90.0, 3.7714811255082726e-26, 50027.55078125
0:00:58.642893, 0.0, 0.0, 90.0, 3.452759749383607e-26, 50028.09765625
0:00:58.759077, 0.0, 0.0, 90.0, 3.06932435378841e-26, 50028.828125
0:00:58.858581, 0.0, 0.0, 90.0, 2.7751969489791733e-26, 50029.453125
0:00:58.969787, 0.0, 0.0, 90.0, 2.477127242610974e-26, 50030.15234375
0:00:59.061432, 0.0, 0.0, 90.0, 2.2582792007983858e-26, 50030.72265625
0:00:59.172704, 0.0, 0.0, 90.0, 2.0157756548136693e-26, 50031.42578125
0:00:59.269904, 0.0, 0.0, 90.0, 1.8264088241433876e-26, 50032.03125
0:00:59.369000, 0.0, 0.0, 90.0, 1.649709836200912e-26, 50032.66015625
0:00:59.453269, 0.0, 0.0, 90.0, 1.5149763995234474e-26, 50033.1875
0:00:59.573361, 0.0, 0.0, 90.0, 1.3410689314795644e-26, 50033.94140625
0:00:59.671922, 0.0, 0.0, 90.0, 1.2125686515113125e-26, 50034.5625
0:00:59.771078, 0.0, 0.0, 90.0, 1.0975290040731741e-26, 50035.1796875
0:00:59.863283, 0.0, 0.0, 90.0, 9.974596100927577e-27, 50035.7734375
0:00:59.976920, 0.0, 0.0, 90.0, 8.894331980285066e-27, 50036.484375
0:01:00.069287, 0.0, 0.0, 90.0, 8.092501092446573e-27, 50037.0703125
0:01:00.168776, 0.0, 0.0, 90.0, 7.317011533643453e-27, 50037.6953125
0:01:00.261636, 0.0, 0.0, 90.0, 6.656717237417977e-27, 50038.28125
0:01:00.376261, 0.0, 0.0, 90.0, 5.923558463234522e-27, 50039.0
0:01:00.461595, 0.0, 0.0, 90.0, 5.428583297133325e-27, 50039.5390625
0:01:00.571036, 0.0, 0.0, 90.0, 4.86055414156762e-27, 50040.2265625
0:01:00.685009, 0.0, 0.0, 90.0, 4.334139324682268e-27, 50040.93359375
0:01:00.770025, 0.0, 0.0, 90.0, 3.971985146823759e-27, 50041.4765625
0:01:00.870591, 0.0, 0.0, 90.0, 3.583913729703631e-27, 50042.109375
0:01:00.969945, 0.0, 0.0, 90.0, 3.2405053983658205e-27, 50042.73046875
0:01:01.086392, 0.0, 0.0, 90.0, 2.8776594264712875e-27, 50043.46484375
0:01:01.171766, 0.0, 0.0, 90.0, 2.6399081896615442e-27, 50043.99609375
0:01:01.300144, 0.0, 0.0, 90.0, 2.3177395915294196e-27, 50044.80078125
0:01:01.381555, 0.0, 0.0, 90.0, 2.132782331541208e-27, 50045.31640625
0:01:01.497474, 0.0, 0.0, 90.0, 1.8959251114116494e-27, 50046.04296875
0:01:01.583518, 0.0, 0.0, 90.0, 1.7357114289769473e-27, 50046.5859375
0:01:01.698214, 0.0, 0.0, 90.0, 1.5461388704700062e-27, 50047.3046875
0:01:01.782400, 0.0, 0.0, 90.0, 1.4184034928384672e-27, 50047.83984375
0:01:01.907165, 0.0, 0.0, 90.0, 1.2504586461245087e-27, 50048.6171875
0:01:01.984565, 0.0, 0.0, 90.0, 1.1554355737843757e-27, 50049.10546875
0:01:02.099221, 0.0, 0.0, 90.0, 1.0281768638140725e-27, 50049.828125
0:01:02.196804, 0.0, 0.0, 90.0, 9.306189787776343e-28, 50050.4453125
0:01:02.296233, 0.0, 0.0, 90.0, 8.418480528159656e-28, 50051.06640625
0:01:02.403254, 0.0, 0.0, 90.0, 7.55307642619389e-28, 50051.73828125
0:01:02.516044, 0.0, 0.0, 90.0, 6.735052126789995e-28, 50052.4453125
0:01:02.599246, 0.0, 0.0, 90.0, 6.184994497610848e-28, 50052.97265625
0:01:02.698755, 0.0, 0.0, 90.0, 5.592298223910426e-28, 50053.59765625
0:01:02.810518, 0.0, 0.0, 90.0, 4.9917427115894455e-28, 50054.30078125
0:01:02.899969, 0.0, 0.0, 90.0, 4.560506293294241e-28, 50054.859375
0:01:03.010999, 0.0, 0.0, 90.0, 4.070685493503208e-28, 50055.55859375
0:01:03.109476, 0.0, 0.0, 90.0, 3.684441446862563e-28, 50056.17578125
0:01:03.216295, 0.0, 0.0, 90.0, 3.3057294714931733e-28, 50056.84765625
0:01:03.302783, 0.0, 0.0, 90.0, 3.0263781478846658e-28, 50057.39453125
0:01:03.398012, 0.0, 0.0, 90.0, 2.7477266590697e-28, 50057.98828125
0:01:03.512651, 0.0, 0.0, 90.0, 2.4450814535250717e-28, 50058.7109375
0:01:03.606113, 0.0, 0.0, 90.0, 2.2245201044339567e-28, 50059.29296875
0:01:03.722008, 0.0, 0.0, 90.0, 1.9774644593216356e-28, 50060.01953125
0:01:03.807268, 0.0, 0.0, 90.0, 1.8122227997293704e-28, 50060.55859375
0:01:03.894613, 0.0, 0.0, 90.0, 1.6590716468454822e-28, 50061.10546875
0:01:04.010243, 0.0, 0.0, 90.0, 1.4748271976038127e-28, 50061.83203125
0:01:04.123697, 0.0, 0.0, 90.0, 1.3137426577965073e-28, 50062.546875
0:01:04.205397, 0.0, 0.0, 90.0, 1.2101525435071295e-28, 50063.0546875
0:01:04.301772, 0.0, 0.0, 90.0, 1.0964549081283645e-28, 50063.6640625
0:01:04.400192, 0.0, 0.0, 90.0, 9.924185197596857e-29, 50064.28125
0:01:04.521377, 0.0, 0.0, 90.0, 8.766767504861967e-29, 50065.046875
0:01:04.620632, 0.0, 0.0, 90.0, 7.926868854261586e-29, 50065.66796875
0:01:04.706975, 0.0, 0.0, 90.0, 7.264495805550636e-29, 50066.20703125
0:01:04.820596, 0.0, 0.0, 90.0, 6.471020492553494e-29, 50066.91796875
0:01:04.918333, 0.0, 0.0, 90.0, 5.857009952158538e-29, 50067.53125
0:01:05.026302, 0.0, 0.0, 90.0, 5.249596925529324e-29, 50068.20703125
0:01:05.112646, 0.0, 0.0, 90.0, 4.805962874884924e-29, 50068.75390625
0:01:05.211643, 0.0, 0.0, 90.0, 4.3454772381536893e-29, 50069.37890625
0:01:05.331520, 0.0, 0.0, 90.0, 3.8466959891110834e-29, 50070.12890625
0:01:05.427853, 0.0, 0.0, 90.0, 3.4889210990936814e-29, 50070.73046875
0:01:05.514245, 0.0, 0.0, 90.0, 3.194092220043038e-29, 50071.27734375
0:01:05.632101, 0.0, 0.0, 90.0, 2.8333170922841453e-29, 50072.01953125
0:01:05.741102, 0.0, 0.0, 90.0, 2.536842746837266e-29, 50072.703125
0:01:05.833934, 0.0, 0.0, 90.0, 2.307947628042889e-29, 50073.2890625
0:01:05.945610, 0.0, 0.0, 90.0, 2.0622323699865508e-29, 50073.984375
0:01:06.031878, 0.0, 0.0, 90.0, 1.887962793409349e-29, 50074.53125
0:01:06.131274, 0.0, 0.0, 90.0, 1.707086825733068e-29, 50075.15234375
0:01:06.243905, 0.0, 0.0, 90.0, 1.5222034191396927e-29, 50075.859375
0:01:06.327164, 0.0, 0.0, 90.0, 1.3993175030154654e-29, 50076.37890625
0:01:06.441872, 0.0, 0.0, 90.0, 1.245178032097225e-29, 50077.1015625
0:01:06.534110, 0.0, 0.0, 90.0, 1.1328277050851803e-29, 50077.6875
0:01:06.644762, 0.0, 0.0, 90.0, 1.0132606326912906e-29, 50078.37890625
0:01:06.732139, 0.0, 0.0, 90.0, 9.266794740300625e-30, 50078.9296875
0:01:06.831253, 0.0, 0.0, 90.0, 8.378991441135873e-30, 50079.55078125
0:01:06.943936, 0.0, 0.0, 90.0, 7.471509802301067e-30, 50080.2578125
0:01:07.054605, 0.0, 0.0, 90.0, 6.682896409170564e-30, 50080.9453125
0:01:07.141631, 0.0, 0.0, 90.0, 6.111848776704942e-30, 50081.49609375
0:01:07.250627, 0.0, 0.0, 90.0, 5.4723136460157794e-30, 50082.1796875
0:01:07.346324, 0.0, 0.0, 90.0, 4.963279076968465e-30, 50082.78125
0:01:07.442234, 0.0, 0.0, 90.0, 4.501710405570066e-30, 50083.38671875
0:01:07.540878, 0.0, 0.0, 90.0, 4.074568484243974e-30, 50084.00390625
0:01:07.653601, 0.0, 0.0, 90.0, 3.6332826387305955e-30, 50084.71484375
0:01:07.737937, 0.0, 0.0, 90.0, 3.333112539044731e-30, 50085.24609375
0:01:07.852691, 0.0, 0.0, 90.0, 2.9690704021543945e-30, 50085.9609375
0:01:07.966281, 0.0, 0.0, 90.0, 2.6447861173162136e-30, 50086.67578125
0:01:08.059534, 0.0, 0.0, 90.0, 2.406171672686865e-30, 50087.2578125
0:01:08.146851, 0.0, 0.0, 90.0, 2.2005572101065684e-30, 50087.80859375
0:01:08.261498, 0.0, 0.0, 90.0, 1.958191904063068e-30, 50088.53125
0:01:08.348908, 0.0, 0.0, 90.0, 1.7927161537045935e-30, 50089.07421875
0:01:08.459658, 0.0, 0.0, 90.0, 1.6018499134474538e-30, 50089.765625
0:01:08.569313, 0.0, 0.0, 90.0, 1.432772542437608e-30, 50090.453125
0:01:08.648055, 0.0, 0.0, 90.0, 1.322534776257042e-30, 50090.94921875
0:01:08.764673, 0.0, 0.0, 90.0, 1.1756598604268833e-30, 50091.67578125
0:01:08.852018, 0.0, 0.0, 90.0, 1.0752064390248216e-30, 50092.23046875
0:01:08.955492, 0.0, 0.0, 90.0, 9.681602810660602e-31, 50092.875
0:01:09.067243, 0.0, 0.0, 90.0, 8.64195234860126e-31, 50093.578125
0:01:09.177762, 0.0, 0.0, 90.0, 7.721854834195689e-31, 50094.2734375
0:01:09.263041, 0.0, 0.0, 90.0, 7.083915460597655e-31, 50094.80859375
0:01:09.362210, 0.0, 0.0, 90.0, 6.398487525819621e-31, 50095.44140625
0:01:09.457098, 0.0, 0.0, 90.0, 5.815049712698592e-31, 50096.03125
0:01:09.570653, 0.0, 0.0, 90.0, 5.1799254129719065e-31, 50096.74609375
0:01:09.676646, 0.0, 0.0, 90.0, 4.6522243697917265e-31, 50097.41015625
0:01:09.762984, 0.0, 0.0, 90.0, 4.259100502662047e-31, 50097.95703125
0:01:09.873181, 0.0, 0.0, 90.0, 3.80951458557706e-31, 50098.6484375
0:01:09.964821, 0.0, 0.0, 90.0, 3.4693356893050265e-31, 50099.2265625
0:01:10.077352, 0.0, 0.0, 90.0, 3.096777566040723e-31, 50099.93359375
0:01:10.173669, 0.0, 0.0, 90.0, 2.8058166182376184e-31, 50100.54296875
0:01:10.264526, 0.0, 0.0, 90.0, 2.5578966311887423e-31, 50101.11328125
0:01:10.373563, 0.0, 0.0, 90.0, 2.290244325769223e-31, 50101.796875
0:01:10.472726, 0.0, 0.0, 90.0, 2.0708479442419196e-31, 50102.421875
0:01:10.569034, 0.0, 0.0, 90.0, 1.8762854090183933e-31, 50103.03125
0:01:10.682662, 0.0, 0.0, 90.0, 1.6730808744264916e-31, 50103.7421875
0:01:10.765351, 0.0, 0.0, 90.0, 1.5379804858404406e-31, 50104.26171875
0:01:10.878954, 0.0, 0.0, 90.0, 1.3699965831856167e-31, 50104.9765625
0:01:10.992650, 0.0, 0.0, 90.0, 1.2203644983358303e-31, 50105.69140625
0:01:11.072333, 0.0, 0.0, 90.0, 1.12645754603282e-31, 50106.1875
0:01:11.183996, 0.0, 0.0, 90.0, 1.005481074720204e-31, 50106.88671875
0:01:11.271257, 0.0, 0.0, 90.0, 9.195675427775028e-32, 50107.4375
0:01:11.386930, 0.0, 0.0, 90.0, 8.18288947851051e-32, 50108.16015625
0:01:11.473151, 0.0, 0.0, 90.0, 7.491328519506495e-32, 50108.70703125
0:01:11.599069, 0.0, 0.0, 90.0, 6.590658282687529e-32, 50109.5
0:01:11.683333, 0.0, 0.0, 90.0, 6.052392954227074e-32, 50110.02734375
0:01:11.783523, 0.0, 0.0, 90.0, 5.466691138986361e-32, 50110.65625
0:01:11.903274, 0.0, 0.0, 90.0, 4.8390900031049387e-32, 50111.41015625
0:01:12.003840, 0.0, 0.0, 90.0, 4.366300591606048e-32, 50112.04296875
0:01:12.095347, 0.0, 0.0, 90.0, 3.976346797641666e-32, 50112.62109375
0:01:12.204399, 0.0, 0.0, 90.0, 3.5602673478566705e-32, 50113.3046875
0:01:12.303700, 0.0, 0.0, 90.0, 3.219169743974752e-32, 50113.92578125
0:01:12.395292, 0.0, 0.0, 90.0, 2.931666160156286e-32, 50114.50390625
0:01:12.503240, 0.0, 0.0, 90.0, 2.627606620027251e-32, 50115.18359375
0:01:12.600935, 0.0, 0.0, 90.0, 2.3782879416376903e-32, 50115.80078125
0:01:12.688290, 0.0, 0.0, 90.0, 2.1773101459945513e-32, 50116.34765625
0:01:12.785638, 0.0, 0.0, 90.0, 1.9727388641209486e-32, 50116.95703125
0:01:12.913486, 0.0, 0.0, 90.0, 1.7319904211696453e-32, 50117.76171875
0:01:12.997822, 0.0, 0.0, 90.0, 1.588895877539316e-32, 50118.296875
0:01:13.095267, 0.0, 0.0, 90.0, 1.4381346128161296e-32, 50118.9140625
0:01:13.208964, 0.0, 0.0, 90.0, 1.2823797011538565e-32, 50119.62109375
0:01:13.303992, 0.0, 0.0, 90.0, 1.1642843958824646e-32, 50120.21875
0:01:13.403539, 0.0, 0.0, 90.0, 1.0516290580614875e-32, 50120.84765625
0:01:13.495254, 0.0, 0.0, 90.0, 9.577133042445255e-33, 50121.42578125
0:01:13.609957, 0.0, 0.0, 90.0, 8.522342859669216e-33, 50122.1484375
0:01:13.698302, 0.0, 0.0, 90.0, 7.794125578702747e-33, 50122.69921875
0:01:13.808585, 0.0, 0.0, 90.0, 6.9714455717042e-33, 50123.38671875
0:01:13.905022, 0.0, 0.0, 90.0, 6.316544608082486e-33, 50123.99609375
0:01:14.017806, 0.0, 0.0, 90.0, 5.632423426293223e-33, 50124.703125
0:01:14.117122, 0.0, 0.0, 90.0, 5.092668379148292e-33, 50125.32421875
0:01:14.200310, 0.0, 0.0, 90.0, 4.6767454170487496e-33, 50125.8515625
0:01:14.313906, 0.0, 0.0, 90.0, 4.170198085314548e-33, 50126.55859375
0:01:14.427682, 0.0, 0.0, 90.0, 3.71472561578159e-33, 50127.2734375
0:01:14.525200, 0.0, 0.0, 90.0, 3.3622958790157595e-33, 50127.88671875
0:01:14.624001, 0.0, 0.0, 90.0, 3.0401714886400818e-33, 50128.5078125
0:01:14.723634, 0.0, 0.0, 90.0, 2.7487960101009996e-33, 50129.12890625
0:01:14.809828, 0.0, 0.0, 90.0, 2.5165001429502763e-33, 50129.671875
0:01:14.927576, 0.0, 0.0, 90.0, 2.232402076468738e-33, 50130.4140625
0:01:15.011839, 0.0, 0.0, 90.0, 2.0500797802493317e-33, 50130.94140625
0:01:15.126539, 0.0, 0.0, 90.0, 1.82427998875484e-33, 50131.66015625
0:01:15.211843, 0.0, 0.0, 90.0, 1.6735604908153065e-33, 50132.1953125
0:01:15.326566, 0.0, 0.0, 90.0, 1.4892313134983598e-33, 50132.9140625
0:01:15.424042, 0.0, 0.0, 90.0, 1.3493321492226492e-33, 50133.5234375
0:01:15.516835, 0.0, 0.0, 90.0, 1.2275471692221177e-33, 50134.10546875
0:01:15.626087, 0.0, 0.0, 90.0, 1.0979688453466268e-33, 50134.796875
0:01:15.725352, 0.0, 0.0, 90.0, 9.927780803243636e-34, 50135.41796875
0:01:15.814854, 0.0, 0.0, 90.0, 9.060778414405349e-34, 50135.98046875
0:01:15.927470, 0.0, 0.0, 90.0, 8.087777659191586e-34, 50136.6796875
0:01:16.014729, 0.0, 0.0, 90.0, 7.396723815797356e-34, 50137.234375
0:01:16.135676, 0.0, 0.0, 90.0, 6.540908367923555e-34, 50137.99609375
0:01:16.234134, 0.0, 0.0, 90.0, 5.920279033935562e-34, 50138.61328125
0:01:16.326928, 0.0, 0.0, 90.0, 5.38593970967006e-34, 50139.1953125
0:01:16.441769, 0.0, 0.0, 90.0, 4.792726944705073e-34, 50139.9140625
0:01:16.528985, 0.0, 0.0, 90.0, 4.383206753397666e-34, 50140.46875
0:01:16.644604, 0.0, 0.0, 90.0, 3.900456019098915e-34, 50141.19140625
0:01:16.741218, 0.0, 0.0, 90.0, 3.5340000174161345e-34, 50141.80078125
0:01:16.826703, 0.0, 0.0, 90.0, 3.2420393630955336e-34, 50142.3359375
0:01:16.923850, 0.0, 0.0, 90.0, 2.9343766756418393e-34, 50142.953125
0:01:17.036556, 0.0, 0.0, 90.0, 2.616576497356005e-34, 50143.6640625
0:01:17.148559, 0.0, 0.0, 90.0, 2.3355382977709546e-34, 50144.3671875
0:01:17.234866, 0.0, 0.0, 90.0, 2.1403816695392326e-34, 50144.90625
0:01:17.328770, 0.0, 0.0, 90.0, 1.9451988681911056e-34, 50145.49609375
0:01:17.444528, 0.0, 0.0, 90.0, 1.7291811182408747e-34, 50146.2265625
0:01:17.532741, 0.0, 0.0, 90.0, 1.581422511491845e-34, 50146.77734375
0:01:17.646430, 0.0, 0.0, 90.0, 1.4086981955235249e-34, 50147.4921875
0:01:17.756977, 0.0, 0.0, 90.0, 1.2587160218237697e-34, 50148.1875
0:01:17.852163, 0.0, 0.0, 90.0, 1.1428206588217166e-34, 50148.78125
0:01:17.937400, 0.0, 0.0, 90.0, 1.0483967792045124e-34, 50149.31640625
0:01:18.033141, 0.0, 0.0, 90.0, 9.508748291244184e-35, 50149.91796875
0:01:18.150744, 0.0, 0.0, 90.0, 8.435347461500735e-35, 50150.65625
0:01:18.246584, 0.0, 0.0, 90.0, 7.650797965766718e-35, 50151.2578125
0:01:18.356585, 0.0, 0.0, 90.0, 6.843254009738442e-35, 50151.94921875
0:01:18.446073, 0.0, 0.0, 90.0, 6.252084814151711e-35, 50152.51171875
0:01:18.559594, 0.0, 0.0, 90.0, 5.569179993509061e-35, 50153.2265625
0:01:18.645075, 0.0, 0.0, 90.0, 5.103816818081013e-35, 50153.765625
0:01:18.757663, 0.0, 0.0, 90.0, 4.5557477427567806e-35, 50154.46875
0:01:18.844909, 0.0, 0.0, 90.0, 4.166485199163754e-35, 50155.0234375
0:01:18.965988, 0.0, 0.0, 90.0, 3.6843402347565356e-35, 50155.78515625
0:01:19.065401, 0.0, 0.0, 90.0, 3.3278497619393394e-35, 50156.41796875
0:01:19.157134, 0.0, 0.0, 90.0, 3.033819479918448e-35, 50156.98828125
0:01:19.272892, 0.0, 0.0, 90.0, 2.6968968554451157e-35, 50157.71484375
0:01:19.351585, 0.0, 0.0, 90.0, 2.4893997176227934e-35, 50158.20703125
0:01:19.468243, 0.0, 0.0, 90.0, 2.210656888867027e-35, 50158.94140625
0:01:19.563606, 0.0, 0.0, 90.0, 2.0070844270687942e-35, 50159.53515625
0:01:19.670594, 0.0, 0.0, 90.0, 1.8007864599361475e-35, 50160.203125
0:01:19.767786, 0.0, 0.0, 90.0, 1.6299166183197753e-35, 50160.81640625
0:01:19.866280, 0.0, 0.0, 90.0, 1.4752632034093514e-35, 50161.43359375
0:01:19.973281, 0.0, 0.0, 90.0, 1.3236254366040156e-35, 50162.10546875
0:01:20.059603, 0.0, 0.0, 90.0, 1.2117720981709862e-35, 50162.65234375
0:01:20.181341, 0.0, 0.0, 90.0, 1.0704936623181973e-35, 50163.4140625
0:01:20.268217, 0.0, 0.0, 90.0, 9.810384991727324e-36, 50163.95703125
0:01:20.376915, 0.0, 0.0, 90.0, 8.783849968067739e-36, 50164.640625
0:01:20.485918, 0.0, 0.0, 90.0, 7.856686690969611e-36, 50165.33203125
0:01:20.580896, 0.0, 0.0, 90.0, 7.13338027872188e-36, 50165.9296875
0:01:20.665181, 0.0, 0.0, 90.0, 6.550790240391858e-36, 50166.45703125
0:01:20.781511, 0.0, 0.0, 90.0, 5.822743179387378e-36, 50167.18359375
0:01:20.876940, 0.0, 0.0, 90.0, 5.2811002929068006e-36, 50167.7890625
0:01:20.975292, 0.0, 0.0, 90.0, 4.775084197949421e-36, 50168.41015625
0:01:21.067901, 0.0, 0.0, 90.0, 4.350483498927762e-36, 50168.984375
0:01:21.180508, 0.0, 0.0, 90.0, 3.879295298423487e-36, 50169.69140625
0:01:21.270910, 0.0, 0.0, 90.0, 3.5405166642235056e-36, 50170.2578125
0:01:21.392291, 0.0, 0.0, 90.0, 3.127727229697948e-36, 50171.0234375
0:01:21.478768, 0.0, 0.0, 90.0, 2.8663544393221333e-36, 50171.55859375
0:01:21.585871, 0.0, 0.0, 90.0, 2.5690931621323114e-36, 50172.23828125
0:01:21.681700, 0.0, 0.0, 90.0, 2.3301162152834166e-36, 50172.83984375
0:01:21.779516, 0.0, 0.0, 90.0, 2.1090701490593695e-36, 50173.45703125
0:01:21.875893, 0.0, 0.0, 90.0, 1.9129335643371604e-36, 50174.0625
0:01:21.999996, 0.0, 0.0, 90.0, 1.686410909823676e-36, 50174.83984375
0:01:22.092782, 0.0, 0.0, 90.0, 1.5343078312133927e-36, 50175.421875
0:01:22.179039, 0.0, 0.0, 90.0, 1.4046552131389747e-36, 50175.96875
0:01:22.294781, 0.0, 0.0, 90.0, 1.249953118240939e-36, 50176.6953125
0:01:22.380074, 0.0, 0.0, 90.0, 1.1454978644248699e-36, 50177.234375
0:01:22.506922, 0.0, 0.0, 90.0, 1.006752545716692e-36, 50178.03125
0:01:22.592328, 0.0, 0.0, 90.0, 9.235780157407961e-37, 50178.5625
0:01:22.706779, 0.0, 0.0, 90.0, 8.218585449425977e-37, 50179.28515625
0:01:22.799610, 0.0, 0.0, 90.0, 7.476884674283726e-37, 50179.87109375
0:01:22.884972, 0.0, 0.0, 90.0, 6.859169442018409e-37, 50180.40234375
0:01:22.996628, 0.0, 0.0, 90.0, 6.122577464765454e-37, 50181.10546875
0:01:23.109220, 0.0, 0.0, 90.0, 5.459487067186528e-37, 50181.81640625
0:01:23.192529, 0.0, 0.0, 90.0, 5.01876861080743e-37, 50182.3359375
0:01:23.303177, 0.0, 0.0, 90.0, 4.48441292475685e-37, 50183.03125
0:01:23.388430, 0.0, 0.0, 90.0, 4.113891225753517e-37, 50183.5625
0:01:23.497440, 0.0, 0.0, 90.0, 3.683411440681916e-37, 50184.24609375
0:01:23.615133, 0.0, 0.0, 90.0, 3.2676107614915645e-37, 50184.98828125
0:01:23.701447, 0.0, 0.0, 90.0, 2.991470886111716e-37, 50185.53125
0:01:23.798915, 0.0, 0.0, 90.0, 2.710412789433719e-37, 50186.140625
0:01:23.912675, 0.0, 0.0, 90.0, 2.4143509340462574e-37, 50186.8515625
0:01:24.010099, 0.0, 0.0, 90.0, 2.1852624011511048e-37, 50187.46484375
0:01:24.120230, 0.0, 0.0, 90.0, 1.9566285615816562e-37, 50188.14453125
0:01:24.214999, 0.0, 0.0, 90.0, 1.7746229844645546e-37, 50188.74609375
0:01:24.321413, 0.0, 0.0, 90.0, 1.5938498773727959e-37, 50189.41015625
0:01:24.418224, 0.0, 0.0, 90.0, 1.4441398578071725e-37, 50190.0234375
0:01:24.502650, 0.0, 0.0, 90.0, 1.324829719230489e-37, 50190.5546875
0:01:24.619214, 0.0, 0.0, 90.0, 1.177706272422255e-37, 50191.2890625
0:01:24.711800, 0.0, 0.0, 90.0, 1.0714287700831779e-37, 50191.875
0:01:24.828378, 0.0, 0.0, 90.0, 9.514648416949789e-38, 50192.61328125
0:01:24.911137, 0.0, 0.0, 90.0, 8.746493032566997e-38, 50193.1328125
0:01:25.008657, 0.0, 0.0, 90.0, 7.924936966305714e-38, 50193.74609375
0:01:25.117192, 0.0, 0.0, 90.0, 7.095720281599661e-38, 50194.4296875
0:01:25.229797, 0.0, 0.0, 90.0, 6.327176457282558e-38, 50195.13671875
0:01:25.310810, 0.0, 0.0, 90.0, 5.828362969169481e-38, 50195.64453125
0:01:25.429448, 0.0, 0.0, 90.0, 5.170452219130208e-38, 50196.38671875
0:01:25.515832, 0.0, 0.0, 90.0, 4.733521752759873e-38, 50196.93359375
0:01:25.629435, 0.0, 0.0, 90.0, 4.2165093212309175e-38, 50197.6484375
0:01:25.738499, 0.0, 0.0, 90.0, 3.77529984986992e-38, 50198.33203125
0:01:25.838992, 0.0, 0.0, 90.0, 3.410051965663042e-38, 50198.9609375
0:01:25.932795, 0.0, 0.0, 90.0, 3.099067402669293e-38, 50199.55078125
0:01:26.019051, 0.0, 0.0, 90.0, 2.837179853710399e-38, 50200.09765625
0:01:26.139920, 0.0, 0.0, 90.0, 2.508896541434253e-38, 50200.859375
0:01:26.238796, 0.0, 0.0, 90.0, 2.2685053313076412e-38, 50201.484375
0:01:26.329656, 0.0, 0.0, 90.0, 2.0680619174124622e-38, 50202.0546875
0:01:26.418081, 0.0, 0.0, 90.0, 1.8913559389835598e-38, 50202.60546875
0:01:26.532770, 0.0, 0.0, 90.0, 1.6830401704456504e-38, 50203.32421875
0:01:26.620074, 0.0, 0.0, 90.0, 1.540820847873014e-38, 50203.875
0:01:26.740937, 0.0, 0.0, 90.0, 1.362517249064935e-38, 50204.63671875
0:01:26.828208, 0.0, 0.0, 90.0, 1.2460980732980613e-38, 50205.19140625
0:01:26.928689, 0.0, 0.0, 90.0, 1.1255108753788999e-38, 50205.8203125
0:01:27.046398, 0.0, 0.0, 90.0, 9.983472436368157e-39, 50206.5625
0:01:27.126178, 0.0, 0.0, 90.0, 9.205784018532563e-39, 50207.0625
0:01:27.239902, 0.0, 0.0, 90.0, 8.200233260010039e-39, 50207.77734375
0:01:27.339391, 0.0, 0.0, 90.0, 7.41452380976465e-39, 50208.40234375
0:01:27.427817, 0.0, 0.0, 90.0, 6.773983275229454e-39, 50208.9609375
0:01:27.540441, 0.0, 0.0, 90.0, 6.040344674619911e-39, 50209.671875
0:01:27.645425, 0.0, 0.0, 90.0, 5.430606081629039e-39, 50210.328125
0:01:27.729938, 0.0, 0.0, 90.0, 4.9870684929994126e-39, 50210.85546875
0:01:27.845701, 0.0, 0.0, 90.0, 4.4332262944519935e-39, 50211.58203125
0:01:27.932942, 0.0, 0.0, 90.0, 4.05441468188953e-39, 50212.1328125
0:01:28.057130, 0.0, 0.0, 90.0, 3.574401294233528e-39, 50212.9140625
0:01:28.141397, 0.0, 0.0, 90.0, 3.282447765683774e-39, 50213.44140625
0:01:28.234980, 0.0, 0.0, 90.0, 2.983284556535069e-39, 50214.02734375
0:01:28.346657, 0.0, 0.0, 90.0, 2.662909892531879e-39, 50214.73046875
0:01:28.454663, 0.0, 0.0, 90.0, 2.386737787287351e-39, 50215.40625
0:01:28.540991, 0.0, 0.0, 90.0, 2.1872545430999275e-39, 50215.9453125
0:01:28.663647, 0.0, 0.0, 90.0, 1.9302031554011117e-39, 50216.71875
0:01:28.759096, 0.0, 0.0, 90.0, 1.750677203942602e-39, 50217.3203125
0:01:28.843427, 0.0, 0.0, 90.0, 1.607698517732148e-39, 50217.84765625
0:01:28.964974, 0.0, 0.0, 90.0, 1.4202580325471318e-39, 50218.609375
0:01:29.051284, 0.0, 0.0, 90.0, 1.3015834669019274e-39, 50219.15234375
0:01:29.166954, 0.0, 0.0, 90.0, 1.1570409316052869e-39, 50219.8828125
0:01:29.255319, 0.0, 0.0, 90.0, 1.0581723184548494e-39, 50220.43359375
0:01:29.370030, 0.0, 0.0, 90.0, 9.416277264754187e-40, 50221.15625
0:01:29.469484, 0.0, 0.0, 90.0, 8.505251094142693e-40, 50221.78515625
0:01:29.558861, 0.0, 0.0, 90.0, 7.770508270343262e-40, 50222.34375
0:01:29.657392, 0.0, 0.0, 90.0, 7.0259703702782e-40, 50222.96484375
0:01:29.765352, 0.0, 0.0, 90.0, 6.2972951688292954e-40, 50223.640625
0:01:29.850789, 0.0, 0.0, 90.0, 5.776993049025491e-40, 50224.171875
0:01:29.967568, 0.0, 0.0, 90.0, 5.130139664908512e-40, 50224.90625
0:01:30.053930, 0.0, 0.0, 90.0, 4.696577920046414e-40, 50225.453125
0:01:30.175811, 0.0, 0.0, 90.0, 4.149020545111491e-40, 50226.21484375
0:01:30.261241, 0.0, 0.0, 90.0, 3.806206888799068e-40, 50226.75
0:01:30.371176, 0.0, 0.0, 90.0, 3.4044265931078566e-40, 50227.44140625
0:01:30.457593, 0.0, 0.0, 90.0, 3.1167260053973284e-40, 50227.984375
0:01:30.571235, 0.0, 0.0, 90.0, 2.7762945564742573e-40, 50228.703125
0:01:30.670485, 0.0, 0.0, 90.0, 2.5102860689914773e-40, 50229.328125
0:01:30.786227, 0.0, 0.0, 90.0, 2.231511752498698e-40, 50230.05859375
0:01:30.873496, 0.0, 0.0, 90.0, 2.042953031139151e-40, 50230.60546875
0:01:30.967737, 0.0, 0.0, 90.0, 1.8548427252881874e-40, 50231.19921875
0:01:31.082466, 0.0, 0.0, 90.0, 1.6522429933161053e-40, 50231.91796875
0:01:31.175988, 0.0, 0.0, 90.0, 1.5016594603397605e-40, 50232.50390625
0:01:31.290670, 0.0, 0.0, 90.0, 1.3362642025955023e-40, 50233.22265625
0:01:31.371420, 0.0, 0.0, 90.0, 1.2309005710629193e-40, 50233.73046875
0:01:31.485253, 0.0, 0.0, 90.0, 1.0975950481516995e-40, 50234.44140625
0:01:31.576492, 0.0, 0.0, 90.0, 9.996863244493245e-41, 50235.015625
0:01:31.691150, 0.0, 0.0, 90.0, 8.895722911226804e-41, 50235.73828125
0:01:31.790368, 0.0, 0.0, 90.0, 8.043593315070882e-41, 50236.359375
0:01:31.902999, 0.0, 0.0, 90.0, 7.172406059800144e-41, 50237.0703125
0:01:32.000221, 0.0, 0.0, 90.0, 6.498661758152772e-41, 50237.6796875
0:01:32.077858, 0.0, 0.0, 90.0, 6.004844179324706e-41, 50238.16796875
0:01:32.192630, 0.0, 0.0, 90.0, 5.343571434009825e-41, 50238.890625
0:01:32.304214, 0.0, 0.0, 90.0, 4.774504127647517e-41, 50239.58984375
0:01:32.380194, 0.0, 0.0, 90.0, 4.4157717207803636e-41, 50240.07421875
0:01:32.480630, 0.0, 0.0, 90.0, 3.9883756891612943e-41, 50240.703125
0:01:32.601453, 0.0, 0.0, 90.0, 3.5267879750126996e-41, 50241.46484375
0:01:32.699997, 0.0, 0.0, 90.0, 3.1887947854175537e-41, 50242.08984375
0:01:32.816746, 0.0, 0.0, 90.0, 2.831884066554023e-41, 50242.82421875
0:01:32.902263, 0.0, 0.0, 90.0, 2.598007352858211e-41, 50243.359375
0:01:33.018154, 0.0, 0.0, 90.0, 2.309479999053731e-41, 50244.08984375
0:01:33.101279, 0.0, 0.0, 90.0, 2.1231073032985303e-41, 50244.609375
0:01:33.205669, 0.0, 0.0, 90.0, 1.9087086382568333e-41, 50245.26953125
0:01:33.321388, 0.0, 0.0, 90.0, 1.696832310450921e-41, 50245.99609375
0:01:33.411901, 0.0, 0.0, 90.0, 1.5487150627717878e-41, 50246.5625
0:01:33.528394, 0.0, 0.0, 90.0, 1.3752343128883755e-41, 50247.29296875
0:01:33.614762, 0.0, 0.0, 90.0, 1.2603278388137405e-41, 50247.83203125
0:01:33.712233, 0.0, 0.0, 90.0, 1.1406569499604011e-41, 50248.4453125
0:01:33.811484, 0.0, 0.0, 90.0, 1.0313556697430654e-41, 50249.0703125
0:01:33.925187, 0.0, 0.0, 90.0, 9.186912732113501e-42, 50249.78515625
0:01:34.012582, 0.0, 0.0, 90.0, 8.402185592091603e-42, 50250.33984375
0:01:34.120530, 0.0, 0.0, 90.0, 7.530577947281567e-42, 50251.01953125
0:01:34.216199, 0.0, 0.0, 90.0, 6.831330013583483e-42, 50251.62109375
0:01:34.311102, 0.0, 0.0, 90.0, 6.203548301565965e-42, 50252.21875
0:01:34.426898, 0.0, 0.0, 90.0, 5.521115949439779e-42, 50252.94140625
0:01:34.512227, 0.0, 0.0, 90.0, 5.0600887546769144e-42, 50253.48046875
0:01:34.626880, 0.0, 0.0, 90.0, 4.502371965875637e-42, 50254.203125
0:01:34.735153, 0.0, 0.0, 90.0, 4.035739577255473e-42, 50254.8828125
0:01:34.831017, 0.0, 0.0, 90.0, 3.661592887280747e-42, 50255.48828125
0:01:34.938079, 0.0, 0.0, 90.0, 3.286044898841696e-42, 50256.16015625
0:01:35.025331, 0.0, 0.0, 90.0, 3.0057852059767326e-42, 50256.7109375
0:01:35.121843, 0.0, 0.0, 90.0, 2.7255255131117692e-42, 50257.31640625
0:01:35.243035, 0.0, 0.0, 90.0, 2.4088320601743605e-42, 50258.07421875
0:01:35.342265, 0.0, 0.0, 90.0, 2.176216515096441e-42, 50258.703125
0:01:35.425014, 0.0, 0.0, 90.0, 1.999652908591514e-42, 50259.22265625
0:01:35.547924, 0.0, 0.0, 90.0, 1.7656360650492695e-42, 50259.9921875
0:01:35.634244, 0.0, 0.0, 90.0, 1.617098427830839e-42, 50260.53125
0:01:35.742181, 0.0, 0.0, 90.0, 1.448942612111861e-42, 50261.20703125
0:01:35.828569, 0.0, 0.0, 90.0, 1.3270296457156018e-42, 50261.75390625
0:01:35.942222, 0.0, 0.0, 90.0, 1.1840972023544704e-42, 50262.46484375
0:01:36.034142, 0.0, 0.0, 90.0, 1.0775985190657843e-42, 50263.04296875
0:01:36.142133, 0.0, 0.0, 90.0, 9.640933434554741e-43, 50263.7265625
0:01:36.242612, 0.0, 0.0, 90.0, 8.716076448100362e-43, 50264.35546875
0:01:36.335392, 0.0, 0.0, 90.0, 7.945362292721713e-43, 50264.94140625
0:01:36.448098, 0.0, 0.0, 90.0, 7.090570229483574e-43, 50265.65234375
0:01:36.532429, 0.0, 0.0, 90.0, 6.516037859110399e-43, 50266.1796875
0:01:36.631870, 0.0, 0.0, 90.0, 5.885453550164232e-43, 50266.80859375
0:01:36.753775, 0.0, 0.0, 90.0, 5.2128302872883195e-43, 50267.57421875
0:01:36.853238, 0.0, 0.0, 90.0, 4.708362840131385e-43, 50268.1953125
0:01:36.944755, 0.0, 0.0, 90.0, 4.28797330083394e-43, 50268.7734375
0:01:37.055376, 0.0, 0.0, 90.0, 3.825544807606751e-43, 50269.47265625
0:01:37.141741, 0.0, 0.0, 90.0, 3.517259145455291e-43, 50270.01171875
0:01:37.251336, 0.0, 0.0, 90.0, 3.1389085600875902e-43, 50270.703125
0:01:37.362982, 0.0, 0.0, 90.0, 2.8166099132928823e-43, 50271.41015625
0:01:37.453743, 0.0, 0.0, 90.0, 2.5783891743576634e-43, 50271.98046875
0:01:37.569368, 0.0, 0.0, 90.0, 2.2981294814927e-43, 50272.703125
0:01:37.650137, 0.0, 0.0, 90.0, 2.1159606811304738e-43, 50273.2109375
0:01:37.760793, 0.0, 0.0, 90.0, 1.891752926838503e-43, 50273.91015625
0:01:37.865910, 0.0, 0.0, 90.0, 1.6955711418330287e-43, 50274.5703125
0:01:37.951244, 0.0, 0.0, 90.0, 1.555441295400547e-43, 50275.11328125
0:01:38.063903, 0.0, 0.0, 90.0, 1.3872854796815689e-43, 50275.81640625
0:01:38.150144, 0.0, 0.0, 90.0, 1.2611686178923354e-43, 50276.36328125
0:01:38.256176, 0.0, 0.0, 90.0, 1.14906474074635e-43, 50277.02734375
0:01:38.353405, 0.0, 0.0, 90.0, 1.0509738482436128e-43, 50277.63671875
0:01:38.464156, 0.0, 0.0, 90.0, 9.388699710976274e-44, 50278.33203125
0:01:38.575893, 0.0, 0.0, 90.0, 8.267660939516421e-44, 50279.03515625
0:01:38.674577, 0.0, 0.0, 90.0, 7.42688186092153e-44, 50279.65625
0:01:38.772765, 0.0, 0.0, 90.0, 6.726232628759122e-44, 50280.26953125
0:01:38.873239, 0.0, 0.0, 90.0, 6.165713243029195e-44, 50280.90234375
0:01:38.956914, 0.0, 0.0, 90.0, 5.74532370373175e-44, 50281.421875
0:01:39.066015, 0.0, 0.0, 90.0, 5.184804318001823e-44, 50282.109375
0:01:39.179693, 0.0, 0.0, 90.0, 4.624284932271896e-44, 50282.8203125
0:01:39.267036, 0.0, 0.0, 90.0, 4.203895392974451e-44, 50283.37109375
0:01:39.383700, 0.0, 0.0, 90.0, 3.6433760072445244e-44, 50284.10546875
0:01:39.466442, 0.0, 0.0, 90.0, 3.2229864679470793e-44, 50284.6171875
0:01:39.579104, 0.0, 0.0, 90.0, 2.6624670822171524e-44, 50285.32421875
0:01:39.666476, 0.0, 0.0, 90.0, 2.382207389352189e-44, 50285.875
0:01:39.777060, 0.0, 0.0, 90.0, 2.382207389352189e-44, 50286.5625
0:01:39.872320, 0.0, 0.0, 90.0, 2.2420775429197073e-44, 50287.16796875
0:01:39.973781, 0.0, 0.0, 90.0, 2.1019476964872256e-44, 50287.8046875
0:01:40.089405, 0.0, 0.0, 90.0, 2.1019476964872256e-44, 50288.53515625
0:01:40.176898, 0.0, 0.0, 90.0, 2.1019476964872256e-44, 50289.0859375
0:01:40.280598, 0.0, 0.0, 90.0, 2.1019476964872256e-44, 50289.73046875
0:01:40.385527, 0.0, 0.0, 90.0, 2.1019476964872256e-44, 50290.39453125
0:01:40.480912, 0.0, 0.0, 90.0, 1.961817850054744e-44, 50290.98828125
0:01:40.587004, 0.0, 0.0, 90.0, 1.961817850054744e-44, 50291.6484375
0:01:40.685930, 0.0, 0.0, 90.0, 1.961817850054744e-44, 50292.26953125
0:01:40.783365, 0.0, 0.0, 90.0, 1.8216880036222622e-44, 50292.8828125
0:01:40.894081, 0.0, 0.0, 90.0, 1.8216880036222622e-44, 50293.578125
0:01:40.983428, 0.0, 0.0, 90.0, 1.8216880036222622e-44, 50294.140625
0:01:41.097175, 0.0, 0.0, 90.0, 1.8216880036222622e-44, 50294.85546875
0:01:41.200767, 0.0, 0.0, 90.0, 1.8216880036222622e-44, 50295.5078125
0:01:41.290120, 0.0, 0.0, 90.0, 1.8216880036222622e-44, 50296.06640625
0:01:41.401757, 0.0, 0.0, 90.0, 1.8216880036222622e-44, 50296.76953125
0:01:41.486073, 0.0, 0.0, 90.0, 1.8216880036222622e-44, 50297.296875
0:01:41.608573, 0.0, 0.0, 90.0, 1.6815581571897805e-44, 50298.0703125
0:01:41.696207, 0.0, 0.0, 90.0, 1.6815581571897805e-44, 50298.6171875
0:01:41.794279, 0.0, 0.0, 90.0, 1.6815581571897805e-44, 50299.234375
0:01:41.887260, 0.0, 0.0, 90.0, 1.5414283107572988e-44, 50299.82421875
0:01:41.993171, 0.0, 0.0, 90.0, 1.5414283107572988e-44, 50300.4921875
0:01:42.106892, 0.0, 0.0, 90.0, 1.5414283107572988e-44, 50301.20703125
0:01:42.191199, 0.0, 0.0, 90.0, 1.5414283107572988e-44, 50301.734375
0:01:42.306949, 0.0, 0.0, 90.0, 1.5414283107572988e-44, 50302.4609375
0:01:42.391185, 0.0, 0.0, 90.0, 1.5414283107572988e-44, 50302.984375
0:01:42.505888, 0.0, 0.0, 90.0, 1.5414283107572988e-44, 50303.70703125
0:01:42.597790, 0.0, 0.0, 90.0, 1.5414283107572988e-44, 50304.28515625
0:01:42.713414, 0.0, 0.0, 90.0, 1.5414283107572988e-44, 50305.01171875
0:01:42.796759, 0.0, 0.0, 90.0, 1.5414283107572988e-44, 50305.53125
0:01:42.895573, 0.0, 0.0, 90.0, 1.5414283107572988e-44, 50306.15234375
0:01:43.015859, 0.0, 0.0, 90.0, 1.5414283107572988e-44, 50306.91015625
0:01:43.105723, 0.0, 0.0, 90.0, 1.5414283107572988e-44, 50307.46875
0:01:43.221919, 0.0, 0.0, 90.0, 1.5414283107572988e-44, 50308.203125
0:01:43.307350, 0.0, 0.0, 90.0, 1.5414283107572988e-44, 50308.7421875
0:01:43.423951, 0.0, 0.0, 90.0, 1.5414283107572988e-44, 50309.47265625
0:01:43.502640, 0.0, 0.0, 90.0, 1.5414283107572988e-44, 50309.96875
0:01:43.611926, 0.0, 0.0, 90.0, 1.5414283107572988e-44, 50310.66015625
0:01:43.724614, 0.0, 0.0, 90.0, 1.5414283107572988e-44, 50311.359375
0:01:43.810041, 0.0, 0.0, 90.0, 1.5414283107572988e-44, 50311.8984375
0:01:43.904956, 0.0, 0.0, 90.0, 1.5414283107572988e-44, 50312.49609375
0:01:44.007190, 0.0, 0.0, 90.0, 1.5414283107572988e-44, 50313.13671875
0:01:44.121063, 0.0, 0.0, 90.0, 1.5414283107572988e-44, 50313.8515625
0:01:44.205255, 0.0, 0.0, 90.0, 1.5414283107572988e-44, 50314.38671875
0:01:44.318292, 0.0, 0.0, 90.0, 1.5414283107572988e-44, 50315.09765625
0:01:44.414610, 0.0, 0.0, 90.0, 1.5414283107572988e-44, 50315.69921875
0:01:44.516086, 0.0, 0.0, 90.0, 1.5414283107572988e-44, 50316.33984375
0:01:44.608931, 0.0, 0.0, 90.0, 1.5414283107572988e-44, 50316.92578125
0:01:44.725731, 0.0, 0.0, 90.0, 1.5414283107572988e-44, 50317.66015625
0:01:44.813048, 0.0, 0.0, 90.0, 1.5414283107572988e-44, 50318.20703125
0:01:44.926722, 0.0, 0.0, 90.0, 1.5414283107572988e-44, 50318.921875
0:01:45.025539, 0.0, 0.0, 90.0, 1.5414283107572988e-44, 50319.546875
0:01:45.125940, 0.0, 0.0, 90.0, 1.5414283107572988e-44, 50320.17578125
0:01:45.218469, 0.0, 0.0, 90.0, 1.5414283107572988e-44, 50320.76171875
0:01:45.331363, 0.0, 0.0, 90.0, 1.5414283107572988e-44, 50321.47265625
0:01:45.419551, 0.0, 0.0, 90.0, 1.5414283107572988e-44, 50322.0234375
0:01:45.535304, 0.0, 0.0, 90.0, 1.5414283107572988e-44, 50322.75
0:01:45.622738, 0.0, 0.0, 90.0, 1.5414283107572988e-44, 50323.3046875
0:01:45.736388, 0.0, 0.0, 90.0, 1.5414283107572988e-44, 50324.01953125
0:01:45.834660, 0.0, 0.0, 90.0, 1.5414283107572988e-44, 50324.64453125
0:01:45.938203, 0.0, 0.0, 90.0, 1.5414283107572988e-44, 50325.29296875
0:01:46.035784, 0.0, 0.0, 90.0, 1.5414283107572988e-44, 50325.91015625
0:01:46.148439, 0.0, 0.0, 90.0, 1.5414283107572988e-44, 50326.6171875
0:01:46.246119, 0.0, 0.0, 90.0, 1.5414283107572988e-44, 50327.23046875
0:01:46.345263, 0.0, 0.0, 90.0, 1.5414283107572988e-44, 50327.8515625
0:01:46.446776, 0.0, 0.0, 90.0, 1.5414283107572988e-44, 50328.4921875
0:01:46.535092, 0.0, 0.0, 90.0, 1.5414283107572988e-44, 50329.046875
0:01:46.634797, 0.0, 0.0, 90.0, 1.5414283107572988e-44, 50329.67578125
0:01:46.752949, 0.0, 0.0, 90.0, 1.5414283107572988e-44, 50330.4140625
0:01:46.832740, 0.0, 0.0, 90.0, 1.5414283107572988e-44, 50330.9140625
0:01:46.948325, 0.0, 0.0, 90.0, 1.5414283107572988e-44, 50331.640625
0:01:47.045794, 0.0, 0.0, 90.0, 1.5414283107572988e-44, 50332.25
0:01:47.144258, 0.0, 0.0, 90.0, 1.5414283107572988e-44, 50332.875
0:01:47.255985, 0.0, 0.0, 90.0, 1.5414283107572988e-44, 50333.57421875
0:01:47.345385, 0.0, 0.0, 90.0, 1.5414283107572988e-44, 50334.13671875
0:01:47.458954, 0.0, 0.0, 90.0, 1.5414283107572988e-44, 50334.8515625
0:01:47.543360, 0.0, 0.0, 90.0, 1.5414283107572988e-44, 50335.375
0:01:47.650264, 0.0, 0.0, 90.0, 1.5414283107572988e-44, 50336.04296875
0:01:47.746460, 0.0, 0.0, 90.0, 1.5414283107572988e-44, 50336.65234375
0:01:47.846605, 0.0, 0.0, 90.0, 1.5414283107572988e-44, 50337.28125
0:01:47.967581, 0.0, 0.0, 90.0, 1.5414283107572988e-44, 50338.04296875
0:01:48.066463, 0.0, 0.0, 90.0, 1.5414283107572988e-44, 50338.66796875
0:01:48.159694, 0.0, 0.0, 90.0, 1.5414283107572988e-44, 50339.25
0:01:48.244105, 0.0, 0.0, 90.0, 1.5414283107572988e-44, 50339.78515625
0:01:48.358982, 0.0, 0.0, 90.0, 1.5414283107572988e-44, 50340.51171875
0:01:48.444108, 0.0, 0.0, 90.0, 1.5414283107572988e-44, 50341.046875
0:01:48.548439, 0.0, 0.0, 90.0, 1.5414283107572988e-44, 50341.70703125
0:01:48.659110, 0.0, 0.0, 90.0, 1.5414283107572988e-44, 50342.3984375
0:01:48.757595, 0.0, 0.0, 90.0, 1.5414283107572988e-44, 50343.01953125
0:01:48.856899, 0.0, 0.0, 90.0, 1.5414283107572988e-44, 50343.640625
0:01:48.970226, 0.0, 0.0, 90.0, 1.5414283107572988e-44, 50344.34765625
0:01:49.052862, 0.0, 0.0, 90.0, 1.5414283107572988e-44, 50344.87109375
0:01:49.165595, 0.0, 0.0, 90.0, 1.5414283107572988e-44, 50345.578125
0:01:49.253055, 0.0, 0.0, 90.0, 1.5414283107572988e-44, 50346.12890625
0:01:49.370646, 0.0, 0.0, 90.0, 1.5414283107572988e-44, 50346.86328125
0:01:49.453860, 0.0, 0.0, 90.0, 1.5414283107572988e-44, 50347.38671875
0:01:49.567629, 0.0, 0.0, 90.0, 1.5414283107572988e-44, 50348.10546875
0:01:49.664122, 0.0, 0.0, 90.0, 1.5414283107572988e-44, 50348.70703125
0:01:49.774345, 0.0, 0.0, 90.0, 1.5414283107572988e-44, 50349.40234375
0:01:49.857429, 0.0, 0.0, 90.0, 1.5414283107572988e-44, 50349.921875
0:01:49.982010, 0.0, 0.0, 90.0, 1.5414283107572988e-44, 50350.70703125
0:01:50.060631, 0.0, 0.0, 90.0, 1.5414283107572988e-44, 50351.1953125
0:01:50.174353, 0.0, 0.0, 90.0, 1.5414283107572988e-44, 50351.90625
0:01:50.281235, 0.0, 0.0, 90.0, 1.5414283107572988e-44, 50352.578125
0:01:50.378060, 0.0, 0.0, 90.0, 1.5414283107572988e-44, 50353.1796875
0:01:50.464671, 0.0, 0.0, 90.0, 1.5414283107572988e-44, 50353.73046875
0:01:50.577287, 0.0, 0.0, 90.0, 1.5414283107572988e-44, 50354.4375
0:01:50.665603, 0.0, 0.0, 90.0, 1.5414283107572988e-44, 50354.9921875
0:01:50.780314, 0.0, 0.0, 90.0, 1.5414283107572988e-44, 50355.71484375
0:01:50.864615, 0.0, 0.0, 90.0, 1.5414283107572988e-44, 50356.2421875
0:01:50.971654, 0.0, 0.0, 90.0, 1.5414283107572988e-44, 50356.9140625
0:01:51.078736, 0.0, 0.0, 90.0, 1.5414283107572988e-44, 50357.58984375
0:01:51.191346, 0.0, 0.0, 90.0, 1.5414283107572988e-44, 50358.29296875
0:01:51.287007, 0.0, 0.0, 90.0, 1.5414283107572988e-44, 50358.89453125
0:01:51.380897, 0.0, 0.0, 90.0, 1.5414283107572988e-44, 50359.484375
0:01:51.489958, 0.0, 0.0, 90.0, 1.5414283107572988e-44, 50360.16796875
0:01:51.578316, 0.0, 0.0, 90.0, 1.5414283107572988e-44, 50360.7265625
0:01:51.676857, 0.0, 0.0, 90.0, 1.5414283107572988e-44, 50361.34375
0:01:51.776336, 0.0, 0.0, 90.0, 1.5414283107572988e-44, 50361.97265625
0:01:51.889087, 0.0, 0.0, 90.0, 1.5414283107572988e-44, 50362.68359375
0:01:51.997532, 0.0, 0.0, 90.0, 1.5414283107572988e-44, 50363.359375
0:01:52.084834, 0.0, 0.0, 90.0, 1.5414283107572988e-44, 50363.91015625
0:01:52.197595, 0.0, 0.0, 90.0, 1.5414283107572988e-44, 50364.6171875
0:01:52.294051, 0.0, 0.0, 90.0, 1.5414283107572988e-44, 50365.22265625
0:01:52.405828, 0.0, 0.0, 90.0, 1.5414283107572988e-44, 50365.92578125
0:01:52.491186, 0.0, 0.0, 90.0, 1.5414283107572988e-44, 50366.46484375
0:01:52.601638, 0.0, 0.0, 90.0, 1.5414283107572988e-44, 50367.15625
0:01:52.698779, 0.0, 0.0, 90.0, 1.5414283107572988e-44, 50367.765625
0:01:52.812485, 0.0, 0.0, 90.0, 1.5414283107572988e-44, 50368.48046875
0:01:52.907655, 0.0, 0.0, 90.0, 1.5414283107572988e-44, 50369.07421875
0:01:53.009164, 0.0, 0.0, 90.0, 1.5414283107572988e-44, 50369.71484375
0:01:53.111600, 0.0, 0.0, 90.0, 1.5414283107572988e-44, 50370.36328125
0:01:53.226339, 0.0, 0.0, 90.0, 1.5414283107572988e-44, 50371.08203125
0:01:53.312581, 0.0, 0.0, 90.0, 1.5414283107572988e-44, 50371.6328125
0:01:53.408706, 0.0, 0.0, 90.0, 1.5414283107572988e-44, 50372.234375
0:01:53.535417, 0.0, 0.0, 90.0, 1.5414283107572988e-44, 50373.03515625
0:01:53.618784, 0.0, 0.0, 90.0, 1.5414283107572988e-44, 50373.55859375
0:01:53.732539, 0.0, 0.0, 90.0, 1.5414283107572988e-44, 50374.2734375
0:01:53.827947, 0.0, 0.0, 90.0, 1.5414283107572988e-44, 50374.875
0:01:53.926450, 0.0, 0.0, 90.0, 1.5414283107572988e-44, 50375.48828125
0:01:54.035368, 0.0, 0.0, 90.0, 1.5414283107572988e-44, 50376.16796875
0:01:54.140556, 0.0, 0.0, 90.0, 1.5414283107572988e-44, 50376.82421875
0:01:54.238472, 0.0, 0.0, 90.0, 1.5414283107572988e-44, 50377.44921875
0:01:54.339395, 0.0, 0.0, 90.0, 1.5414283107572988e-44, 50378.08203125
0:01:54.439083, 0.0, 0.0, 90.0, 1.5414283107572988e-44, 50378.70703125
0:01:54.528653, 0.0, 0.0, 90.0, 1.5414283107572988e-44, 50379.26953125
0:01:54.641046, 0.0, 0.0, 90.0, 1.5414283107572988e-44, 50379.97265625
0:01:54.750730, 0.0, 0.0, 90.0, 1.5414283107572988e-44, 50380.66015625
0:01:54.837243, 0.0, 0.0, 90.0, 1.5414283107572988e-44, 50381.19921875
0:01:54.949595, 0.0, 0.0, 90.0, 1.5414283107572988e-44, 50381.90625
0:01:55.033802, 0.0, 0.0, 90.0, 1.5414283107572988e-44, 50382.4375
0:01:55.142575, 0.0, 0.0, 90.0, 1.5414283107572988e-44, 50383.11328125
0:01:55.249209, 0.0, 0.0, 90.0, 1.5414283107572988e-44, 50383.78515625
0:01:55.360380, 0.0, 0.0, 90.0, 1.5414283107572988e-44, 50384.484375
0:01:55.458735, 0.0, 0.0, 90.0, 1.5414283107572988e-44, 50385.1015625
0:01:55.544196, 0.0, 0.0, 90.0, 1.5414283107572988e-44, 50385.640625
0:01:55.639055, 0.0, 0.0, 90.0, 1.5414283107572988e-44, 50386.23828125
0:01:55.751678, 0.0, 0.0, 90.0, 1.5414283107572988e-44, 50386.94140625
0:01:55.861749, 0.0, 0.0, 90.0, 1.5414283107572988e-44, 50387.6328125
0:01:55.947096, 0.0, 0.0, 90.0, 1.5414283107572988e-44, 50388.171875
0:01:56.047615, 0.0, 0.0, 90.0, 1.5414283107572988e-44, 50388.80078125
0:01:56.148490, 0.0, 0.0, 90.0, 1.5414283107572988e-44, 50389.4375
0:01:56.263229, 0.0, 0.0, 90.0, 1.5414283107572988e-44, 50390.15234375
0:01:56.361468, 0.0, 0.0, 90.0, 1.5414283107572988e-44, 50390.76953125
0:01:56.455603, 0.0, 0.0, 90.0, 1.5414283107572988e-44, 50391.3671875
0:01:56.567057, 0.0, 0.0, 90.0, 1.5414283107572988e-44, 50392.0703125
0:01:56.652428, 0.0, 0.0, 90.0, 1.5414283107572988e-44, 50392.6015625
0:01:56.748906, 0.0, 0.0, 90.0, 1.5414283107572988e-44, 50393.203125
0:01:56.861475, 0.0, 0.0, 90.0, 1.5414283107572988e-44, 50393.91015625
0:01:56.956684, 0.0, 0.0, 90.0, 1.5414283107572988e-44, 50394.515625
0:01:57.071417, 0.0, 0.0, 90.0, 1.5414283107572988e-44, 50395.234375
0:01:57.150072, 0.0, 0.0, 90.0, 1.5414283107572988e-44, 50395.73046875
0:01:57.264826, 0.0, 0.0, 90.0, 1.5414283107572988e-44, 50396.453125
0:01:57.360331, 0.0, 0.0, 90.0, 1.5414283107572988e-44, 50397.05078125
0:01:57.459709, 0.0, 0.0, 90.0, 1.5414283107572988e-44, 50397.6796875
0:01:57.573320, 0.0, 0.0, 90.0, 1.5414283107572988e-44, 50398.39453125
0:01:57.667224, 0.0, 0.0, 90.0, 1.5414283107572988e-44, 50398.984375
0:01:57.779915, 0.0, 0.0, 90.0, 1.5414283107572988e-44, 50399.6953125
0:01:57.873413, 0.0, 0.0, 90.0, 1.5414283107572988e-44, 50400.27734375
0:01:57.959654, 0.0, 0.0, 90.0, 1.5414283107572988e-44, 50400.81640625
0:01:58.074375, 0.0, 0.0, 90.0, 1.5414283107572988e-44, 50401.53515625
0:01:58.159668, 0.0, 0.0, 90.0, 1.5414283107572988e-44, 50402.078125
0:01:58.289599, 0.0, 0.0, 90.0, 1.5414283107572988e-44, 50402.89453125
0:01:58.373936, 0.0, 0.0, 90.0, 1.5414283107572988e-44, 50403.421875
0:01:58.489403, 0.0, 0.0, 90.0, 1.5414283107572988e-44, 50404.15234375
0:01:58.567062, 0.0, 0.0, 90.0, 1.5414283107572988e-44, 50404.640625
0:01:58.679881, 0.0, 0.0, 90.0, 1.5414283107572988e-44, 50405.34375
0:01:58.793425, 0.0, 0.0, 90.0, 1.5414283107572988e-44, 50406.05859375
0:01:58.876667, 0.0, 0.0, 90.0, 1.5414283107572988e-44, 50406.578125
0:01:58.992324, 0.0, 0.0, 90.0, 1.5414283107572988e-44, 50407.3046875
0:01:59.080794, 0.0, 0.0, 90.0, 1.5414283107572988e-44, 50407.86328125
0:01:59.179904, 0.0, 0.0, 90.0, 1.5414283107572988e-44, 50408.484375
0:01:59.301070, 0.0, 0.0, 90.0, 1.5414283107572988e-44, 50409.24609375
0:01:59.394921, 0.0, 0.0, 90.0, 1.5414283107572988e-44, 50409.8359375
0:01:59.480219, 0.0, 0.0, 90.0, 1.5414283107572988e-44, 50410.375
0:01:59.580600, 0.0, 0.0, 90.0, 1.5414283107572988e-44, 50411.00390625
0:01:59.702494, 0.0, 0.0, 90.0, 1.5414283107572988e-44, 50411.76953125
0:01:59.801036, 0.0, 0.0, 90.0, 1.5414283107572988e-44, 50412.39453125
0:01:59.894564, 0.0, 0.0, 90.0, 1.5414283107572988e-44, 50412.98046875
0:01:59.980934, 0.0, 0.0, 90.0, 1.5414283107572988e-44, 50413.52734375
0:02:00.085255, 0.0, 0.0, 90.0, 1.5414283107572988e-44, 50414.1796875
0:02:00.199988, 0.0, 0.0, 90.0, 1.5414283107572988e-44, 50414.8984375
0:02:00.284942, 0.0, 0.0, 90.0, 1.5414283107572988e-44, 50415.4296875
0:02:00.400525, 0.0, 0.0, 90.0, 1.5414283107572988e-44, 50416.16015625
0:02:00.487938, 0.0, 0.0, 90.0, 1.5414283107572988e-44, 50416.70703125
0:02:00.601543, 0.0, 0.0, 90.0, 1.5414283107572988e-44, 50417.421875
0:02:00.687965, 0.0, 0.0, 90.0, 1.5414283107572988e-44, 50417.96875
0:02:00.801687, 0.0, 0.0, 90.0, 1.5414283107572988e-44, 50418.6875
0:02:00.887223, 0.0, 0.0, 90.0, 1.5414283107572988e-44, 50419.22265625
0:02:01.000913, 0.0, 0.0, 90.0, 1.5414283107572988e-44, 50419.9375
0:02:01.098349, 0.0, 0.0, 90.0, 1.5414283107572988e-44, 50420.546875
0:02:01.214072, 0.0, 0.0, 90.0, 1.5414283107572988e-44, 50421.2734375
0:02:01.310259, 0.0, 0.0, 90.0, 1.5414283107572988e-44, 50421.8828125
0:02:01.507712, 0.0, 0.0, 90.0, 1.5414283107572988e-44, 50423.12109375
0:02:01.594197, 0.0, 0.0, 90.0, 1.5414283107572988e-44, 50423.66796875
0:02:01.708033, 0.0, 0.0, 90.0, 1.5414283107572988e-44, 50424.37890625
0:02:01.821940, 0.0, 0.0, 90.0, 1.5414283107572988e-44, 50425.09375
0:02:01.909186, 0.0, 0.0, 90.0, 1.5414283107572988e-44, 50425.63671875
0:02:02.023743, 0.0, 0.0, 90.0, 1.5414283107572988e-44, 50426.36328125
0:02:02.112577, 0.0, 0.0, 90.0, 1.5414283107572988e-44, 50426.91796875
0:02:02.203567, 0.0, 0.0, 90.0, 1.5414283107572988e-44, 50427.49609375
0:02:02.315249, 0.0, 0.0, 90.0, 1.5414283107572988e-44, 50428.19921875
0:02:02.426867, 0.0, 0.0, 90.0, 1.5414283107572988e-44, 50428.89453125
0:02:02.514380, 0.0, 0.0, 90.0, 1.5414283107572988e-44, 50429.4453125
0:02:02.634932, 0.0, 0.0, 90.0, 1.5414283107572988e-44, 50430.19921875
0:02:02.724312, 0.0, 0.0, 90.0, 1.5414283107572988e-44, 50430.76171875
0:02:02.837873, 0.0, 0.0, 90.0, 1.5414283107572988e-44, 50431.47265625
0:02:02.925646, 0.0, 0.0, 90.0, 1.5414283107572988e-44, 50432.015625
0:02:03.024295, 0.0, 0.0, 90.0, 1.5414283107572988e-44, 50432.63671875
0:02:03.136708, 0.0, 0.0, 90.0, 1.5414283107572988e-44, 50433.34375
0:02:03.232587, 0.0, 0.0, 90.0, 1.5414283107572988e-44, 50433.9453125
0:02:03.333194, 0.0, 0.0, 90.0, 1.5414283107572988e-44, 50434.57421875
0:02:03.433342, 0.0, 0.0, 90.0, 1.5414283107572988e-44, 50435.2109375
0:02:03.545994, 0.0, 0.0, 90.0, 1.5414283107572988e-44, 50435.91796875
0:02:03.644279, 0.0, 0.0, 90.0, 1.5414283107572988e-44, 50436.53125
0:02:03.736730, 0.0, 0.0, 90.0, 1.5414283107572988e-44, 50437.10546875
0:02:03.833115, 0.0, 0.0, 90.0, 1.5414283107572988e-44, 50437.71484375
0:02:03.934007, 0.0, 0.0, 90.0, 1.5414283107572988e-44, 50438.34765625
0:02:04.031481, 0.0, 0.0, 90.0, 1.5414283107572988e-44, 50438.96484375
0:02:04.138527, 0.0, 0.0, 90.0, 1.5414283107572988e-44, 50439.63671875
0:02:04.248745, 0.0, 0.0, 90.0, 1.5414283107572988e-44, 50440.3203125
0:02:04.332731, 0.0, 0.0, 90.0, 1.5414283107572988e-44, 50440.85546875
0:02:04.460257, 0.0, 0.0, 90.0, 1.5414283107572988e-44, 50441.6640625
0:02:04.545589, 0.0, 0.0, 90.0, 1.5414283107572988e-44, 50442.19921875
0:02:04.633019, 0.0, 0.0, 90.0, 1.5414283107572988e-44, 50442.75
0:02:04.758543, 0.0, 0.0, 90.0, 1.5414283107572988e-44, 50443.53515625
0:02:04.847013, 0.0, 0.0, 90.0, 1.5414283107572988e-44, 50444.09375
0:02:04.962533, 0.0, 0.0, 90.0, 1.5414283107572988e-44, 50444.8203125
0:02:05.061632, 0.0, 0.0, 90.0, 1.5414283107572988e-44, 50445.4453125
0:02:05.139402, 0.0, 0.0, 90.0, 1.5414283107572988e-44, 50445.93359375
0:02:05.256142, 0.0, 0.0, 90.0, 1.5414283107572988e-44, 50446.66015625
0:02:05.352890, 0.0, 0.0, 90.0, 1.5414283107572988e-44, 50447.26953125
0:02:05.475934, 0.0, 0.0, 90.0, 1.5414283107572988e-44, 50448.0390625
0:02:05.573836, 0.0, 0.0, 90.0, 1.5414283107572988e-44, 50448.65625
0:02:05.669712, 0.0, 0.0, 90.0, 1.5414283107572988e-44, 50449.26171875
0:02:05.758003, 0.0, 0.0, 90.0, 1.5414283107572988e-44, 50449.8203125
0:02:05.862968, 0.0, 0.0, 90.0, 1.5414283107572988e-44, 50450.4765625
0:02:05.976293, 0.0, 0.0, 90.0, 1.5414283107572988e-44, 50451.1875
0:02:06.075337, 0.0, 0.0, 90.0, 1.5414283107572988e-44, 50451.80859375
0:02:06.171273, 0.0, 0.0, 90.0, 1.5414283107572988e-44, 50452.41015625
0:02:06.280928, 0.0, 0.0, 90.0, 1.5414283107572988e-44, 50453.09765625
0:02:06.357523, 0.0, 0.0, 90.0, 1.5414283107572988e-44, 50453.578125
0:02:06.453373, 0.0, 0.0, 90.0, 1.5414283107572988e-44, 50454.1796875
0:02:06.563421, 0.0, 0.0, 90.0, 1.5414283107572988e-44, 50454.87109375
0:02:06.679585, 0.0, 0.0, 90.0, 1.5414283107572988e-44, 50455.6015625
0:02:06.763729, 0.0, 0.0, 90.0, 1.5414283107572988e-44, 50456.125
0:02:06.878168, 0.0, 0.0, 90.0, 1.5414283107572988e-44, 50456.8515625
0:02:06.987064, 0.0, 0.0, 90.0, 1.5414283107572988e-44, 50457.52734375
0:02:07.083015, 0.0, 0.0, 90.0, 1.5414283107572988e-44, 50458.13671875
0:02:07.183447, 0.0, 0.0, 90.0, 1.5414283107572988e-44, 50458.76953125
0:02:07.269774, 0.0, 0.0, 90.0, 1.5414283107572988e-44, 50459.3125
0:02:07.382427, 0.0, 0.0, 90.0, 1.5414283107572988e-44, 50460.01953125
0:02:07.498130, 0.0, 0.0, 90.0, 1.5414283107572988e-44, 50460.74609375
0:02:07.593921, 0.0, 0.0, 90.0, 1.5414283107572988e-44, 50461.3515625
0:02:07.684199, 0.0, 0.0, 90.0, 1.5414283107572988e-44, 50461.91796875
0:02:07.791266, 0.0, 0.0, 90.0, 1.5414283107572988e-44, 50462.58984375
0:02:07.872999, 0.0, 0.0, 90.0, 1.5414283107572988e-44, 50463.10546875
0:02:07.997009, 0.0, 0.0, 90.0, 1.5414283107572988e-44, 50463.88671875
0:02:08.084317, 0.0, 0.0, 90.0, 1.5414283107572988e-44, 50464.4375
0:02:08.204193, 0.0, 0.0, 90.0, 1.5414283107572988e-44, 50465.1875
0:02:08.295976, 0.0, 0.0, 90.0, 1.5414283107572988e-44, 50465.7578125
0:02:08.381152, 0.0, 0.0, 90.0, 1.5414283107572988e-44, 50466.296875
0:02:08.488140, 0.0, 0.0, 90.0, 1.5414283107572988e-44, 50466.96484375
0:02:08.583851, 0.0, 0.0, 90.0, 1.5414283107572988e-44, 50467.56640625
0:02:08.697413, 0.0, 0.0, 90.0, 1.5414283107572988e-44, 50468.27734375
0:02:08.796118, 0.0, 0.0, 90.0, 1.5414283107572988e-44, 50468.8984375
0:02:08.893679, 0.0, 0.0, 90.0, 1.5414283107572988e-44, 50469.515625
0:02:08.994254, 0.0, 0.0, 90.0, 1.5414283107572988e-44, 50470.14453125
0:02:09.085800, 0.0, 0.0, 90.0, 1.5414283107572988e-44, 50470.72265625
0:02:09.203549, 0.0, 0.0, 90.0, 1.5414283107572988e-44, 50471.46875
0:02:09.309486, 0.0, 0.0, 90.0, 1.5414283107572988e-44, 50472.1328125
0:02:09.394941, 0.0, 0.0, 90.0, 1.5414283107572988e-44, 50472.671875
0:02:09.503971, 0.0, 0.0, 90.0, 1.5414283107572988e-44, 50473.35546875
0:02:09.588302, 0.0, 0.0, 90.0, 1.5414283107572988e-44, 50473.8828125
0:02:09.710302, 0.0, 0.0, 90.0, 1.5414283107572988e-44, 50474.6484375
0:02:09.825053, 0.0, 0.0, 90.0, 1.5414283107572988e-44, 50475.37109375
0:02:09.924319, 0.0, 0.0, 90.0, 1.5414283107572988e-44, 50475.99609375
0:02:10.008564, 0.0, 0.0, 90.0, 1.5414283107572988e-44, 50476.52734375
0:02:10.104750, 0.0, 0.0, 90.0, 1.5414283107572988e-44, 50477.1328125
0:02:10.224772, 0.0, 0.0, 90.0, 1.5414283107572988e-44, 50477.88671875
0:02:10.316508, 0.0, 0.0, 90.0, 1.5414283107572988e-44, 50478.46484375
0:02:10.429180, 0.0, 0.0, 90.0, 1.5414283107572988e-44, 50479.17578125
0:02:10.517556, 0.0, 0.0, 90.0, 1.5414283107572988e-44, 50479.7265625
0:02:10.613963, 0.0, 0.0, 90.0, 1.5414283107572988e-44, 50480.3359375
0:02:10.718585, 0.0, 0.0, 90.0, 1.5414283107572988e-44, 50480.99609375
0:02:10.814811, 0.0, 0.0, 90.0, 1.5414283107572988e-44, 50481.59765625
0:02:10.906378, 0.0, 0.0, 90.0, 1.5414283107572988e-44, 50482.17578125
0:02:11.019123, 0.0, 0.0, 90.0, 1.5414283107572988e-44, 50482.87890625
0:02:11.107554, 0.0, 0.0, 90.0, 1.5414283107572988e-44, 50483.4375
0:02:11.232157, 0.0, 0.0, 90.0, 1.5414283107572988e-44, 50484.22265625
0:02:11.318317, 0.0, 0.0, 90.0, 1.5414283107572988e-44, 50484.765625
0:02:11.413562, 0.0, 0.0, 90.0, 1.5414283107572988e-44, 50485.359375
0:02:11.526283, 0.0, 0.0, 90.0, 1.5414283107572988e-44, 50486.06640625
0:02:11.634598, 0.0, 0.0, 90.0, 1.5414283107572988e-44, 50486.7421875
0:02:11.734386, 0.0, 0.0, 90.0, 1.5414283107572988e-44, 50487.37890625
0:02:11.834931, 0.0, 0.0, 90.0, 1.5414283107572988e-44, 50488.01171875
0:02:11.930074, 0.0, 0.0, 90.0, 1.5414283107572988e-44, 50488.609375
0:02:12.041319, 0.0, 0.0, 90.0, 1.5414283107572988e-44, 50489.3125
0:02:12.122651, 0.0, 0.0, 90.0, 1.5414283107572988e-44, 50489.8203125
0:02:12.239319, 0.0, 0.0, 90.0, 1.5414283107572988e-44, 50490.55859375
0:02:12.331539, 0.0, 0.0, 90.0, 1.5414283107572988e-44, 50491.13671875
0:02:12.445146, 0.0, 0.0, 90.0, 1.5414283107572988e-44, 50491.85546875
0:02:12.530526, 0.0, 0.0, 90.0, 1.5414283107572988e-44, 50492.390625
0:02:12.646206, 0.0, 0.0, 90.0, 1.5414283107572988e-44, 50493.1171875
0:02:12.729015, 0.0, 0.0, 90.0, 1.5414283107572988e-44, 50493.63671875
0:02:12.845905, 0.0, 0.0, 90.0, 1.5414283107572988e-44, 50494.375
0:02:12.954654, 0.0, 0.0, 90.0, 1.5414283107572988e-44, 50495.0546875
0:02:13.038189, 0.0, 0.0, 90.0, 1.5414283107572988e-44, 50495.58203125
0:02:13.155952, 0.0, 0.0, 90.0, 1.5414283107572988e-44, 50496.3203125
0:02:13.245825, 0.0, 0.0, 90.0, 1.5414283107572988e-44, 50496.8828125
0:02:13.356769, 0.0, 0.0, 90.0, 1.5414283107572988e-44, 50497.58203125
0:02:13.443263, 0.0, 0.0, 90.0, 1.5414283107572988e-44, 50498.125
0:02:13.555887, 0.0, 0.0, 90.0, 1.5414283107572988e-44, 50498.83203125
0:02:13.641350, 0.0, 0.0, 90.0, 1.5414283107572988e-44, 50499.3671875
0:02:13.757018, 0.0, 0.0, 90.0, 1.5414283107572988e-44, 50500.09765625
0:02:13.856237, 0.0, 0.0, 90.0, 1.5414283107572988e-44, 50500.72265625
0:02:13.947046, 0.0, 0.0, 90.0, 1.5414283107572988e-44, 50501.29296875
0:02:14.053062, 0.0, 0.0, 90.0, 1.5414283107572988e-44, 50501.9609375
0:02:14.166747, 0.0, 0.0, 90.0, 1.5414283107572988e-44, 50502.671875
0:02:14.265698, 0.0, 0.0, 90.0, 1.5414283107572988e-44, 50503.296875
0:02:14.359054, 0.0, 0.0, 90.0, 1.5414283107572988e-44, 50503.88671875
0:02:14.473799, 0.0, 0.0, 90.0, 1.5414283107572988e-44, 50504.609375
0:02:14.559201, 0.0, 0.0, 90.0, 1.5414283107572988e-44, 50505.140625
0:02:14.672367, 0.0, 0.0, 90.0, 1.5414283107572988e-44, 50505.8515625
0:02:14.758440, 0.0, 0.0, 90.0, 1.5414283107572988e-44, 50506.3984375
0:02:14.867342, 0.0, 0.0, 90.0, 1.5414283107572988e-44, 50507.08203125
0:02:14.975403, 0.0, 0.0, 90.0, 1.5414283107572988e-44, 50507.76171875
0:02:15.073174, 0.0, 0.0, 90.0, 1.5414283107572988e-44, 50508.37890625
0:02:15.183292, 0.0, 0.0, 90.0, 1.5414283107572988e-44, 50509.06640625
0:02:15.267833, 0.0, 0.0, 90.0, 1.5414283107572988e-44, 50509.59375
0:02:15.373671, 0.0, 0.0, 90.0, 1.5414283107572988e-44, 50510.265625
0:02:15.486384, 0.0, 0.0, 90.0, 1.5414283107572988e-44, 50510.97265625
0:02:15.583838, 0.0, 0.0, 90.0, 1.5414283107572988e-44, 50511.5859375
0:02:15.685569, 0.0, 0.0, 90.0, 1.5414283107572988e-44, 50512.2265625
0:02:15.796609, 0.0, 0.0, 90.0, 1.5414283107572988e-44, 50512.921875
0:02:15.871660, 0.0, 0.0, 90.0, 1.5414283107572988e-44, 50513.390625
0:02:15.978904, 0.0, 0.0, 90.0, 1.5414283107572988e-44, 50514.0625
0:02:16.094306, 0.0, 0.0, 90.0, 1.5414283107572988e-44, 50514.7890625
0:02:16.179596, 0.0, 0.0, 90.0, 1.5414283107572988e-44, 50515.32421875
0:02:16.291411, 0.0, 0.0, 90.0, 1.5414283107572988e-44, 50516.02734375
0:02:16.377655, 0.0, 0.0, 90.0, 1.5414283107572988e-44, 50516.578125
0:02:16.487902, 0.0, 0.0, 90.0, 1.5414283107572988e-44, 50517.265625
0:02:16.602691, 0.0, 0.0, 90.0, 1.5414283107572988e-44, 50517.98828125
0:02:16.687999, 0.0, 0.0, 90.0, 1.5414283107572988e-44, 50518.5234375
0:02:16.805966, 0.0, 0.0, 90.0, 1.5414283107572988e-44, 50519.26171875
0:02:16.887694, 0.0, 0.0, 90.0, 1.5414283107572988e-44, 50519.7734375
0:02:17.002449, 0.0, 0.0, 90.0, 1.5414283107572988e-44, 50520.49609375
0:02:17.090945, 0.0, 0.0, 90.0, 1.5414283107572988e-44, 50521.0546875
0:02:17.206554, 0.0, 0.0, 90.0, 1.5414283107572988e-44, 50521.78125
0:02:17.319248, 0.0, 0.0, 90.0, 1.5414283107572988e-44, 50522.48828125
0:02:17.404548, 0.0, 0.0, 90.0, 1.5414283107572988e-44, 50523.03125
0:02:17.521227, 0.0, 0.0, 90.0, 1.5414283107572988e-44, 50523.7578125
0:02:17.618492, 0.0, 0.0, 90.0, 1.5414283107572988e-44, 50524.37109375
0:02:17.717473, 0.0, 0.0, 90.0, 1.5414283107572988e-44, 50524.99609375
0:02:17.811089, 0.0, 0.0, 90.0, 1.5414283107572988e-44, 50525.58984375
0:02:17.924597, 0.0, 0.0, 90.0, 1.5414283107572988e-44, 50526.30078125
0:02:18.011907, 0.0, 0.0, 90.0, 1.5414283107572988e-44, 50526.8515625
0:02:18.104938, 0.0, 0.0, 90.0, 1.5414283107572988e-44, 50527.43359375
0:02:18.218610, 0.0, 0.0, 90.0, 1.5414283107572988e-44, 50528.14453125
0:02:18.334198, 0.0, 0.0, 90.0, 1.5414283107572988e-44, 50528.87109375
0:02:18.417539, 0.0, 0.0, 90.0, 1.5414283107572988e-44, 50529.3984375
0:02:18.524520, 0.0, 0.0, 90.0, 1.5414283107572988e-44, 50530.06640625
0:02:18.623912, 0.0, 0.0, 90.0, 1.5414283107572988e-44, 50530.6875
0:02:18.710353, 0.0, 0.0, 90.0, 1.5414283107572988e-44, 50531.234375
0:02:18.836366, 0.0, 0.0, 90.0, 1.5414283107572988e-44, 50532.02734375
0:02:18.921733, 0.0, 0.0, 90.0, 1.5414283107572988e-44, 50532.55859375
0:02:19.019033, 0.0, 0.0, 90.0, 1.5414283107572988e-44, 50533.171875
0:02:19.132587, 0.0, 0.0, 90.0, 1.5414283107572988e-44, 50533.8828125
0:02:19.229785, 0.0, 0.0, 90.0, 1.5414283107572988e-44, 50534.4921875
0:02:19.326873, 0.0, 0.0, 90.0, 1.5414283107572988e-44, 50535.109375
0:02:19.427389, 0.0, 0.0, 90.0, 1.5414283107572988e-44, 50535.7421875
0:02:19.534518, 0.0, 0.0, 90.0, 1.5414283107572988e-44, 50536.4140625
0:02:19.647329, 0.0, 0.0, 90.0, 1.5414283107572988e-44, 50537.125
0:02:19.743018, 0.0, 0.0, 90.0, 1.5414283107572988e-44, 50537.7265625
0:02:19.828240, 0.0, 0.0, 90.0, 1.5414283107572988e-44, 50538.2578125
0:02:19.944099, 0.0, 0.0, 90.0, 1.5414283107572988e-44, 50538.984375
0:02:20.029259, 0.0, 0.0, 90.0, 1.5414283107572988e-44, 50539.515625
0:02:20.141901, 0.0, 0.0, 90.0, 1.5414283107572988e-44, 50540.22265625
0:02:20.238477, 0.0, 0.0, 90.0, 1.5414283107572988e-44, 50540.83203125
0:02:20.354351, 0.0, 0.0, 90.0, 1.5414283107572988e-44, 50541.55859375
0:02:20.434833, 0.0, 0.0, 90.0, 1.5414283107572988e-44, 50542.05859375
0:02:20.548464, 0.0, 0.0, 90.0, 1.5414283107572988e-44, 50542.7734375
0:02:20.657437, 0.0, 0.0, 90.0, 1.5414283107572988e-44, 50543.453125
0:02:20.744075, 0.0, 0.0, 90.0, 1.5414283107572988e-44, 50544.0
0:02:20.855597, 0.0, 0.0, 90.0, 1.5414283107572988e-44, 50544.703125
0:02:20.939966, 0.0, 0.0, 90.0, 1.5414283107572988e-44, 50545.23046875
0:02:21.049259, 0.0, 0.0, 90.0, 1.5414283107572988e-44, 50545.91015625
0:02:21.149858, 0.0, 0.0, 90.0, 1.5414283107572988e-44, 50546.54296875
0:02:21.265415, 0.0, 0.0, 90.0, 1.5414283107572988e-44, 50547.2734375
0:02:21.352704, 0.0, 0.0, 90.0, 1.5414283107572988e-44, 50547.81640625
0:02:21.464441, 0.0, 0.0, 90.0, 1.5414283107572988e-44, 50548.51953125
0:02:21.548835, 0.0, 0.0, 90.0, 1.5414283107572988e-44, 50549.046875
