0:00:39.938149: off 86
0:00:40.188200: off 85
0:00:40.235077: off 83
0:00:40.250585: off 81
0:00:40.266304: off 80
0:00:40.281900: off 79
0:00:40.297555: off 77
0:00:40.328848: off 75
0:00:40.344429: off 73
0:00:40.360055: off 72
0:00:40.375631: off 70
0:00:40.391185: off 68
0:00:40.406799: off 66
0:00:40.422608: off 64
0:00:40.438183: off 61
0:00:40.453805: off 60
0:00:40.469329: off 58
0:00:40.485009: off 55
0:00:40.500527: off 52
0:00:40.516250: off 47
0:00:40.531883: off 41
0:00:40.547512: off 33
0:00:40.563077: off 18
0:00:40.578764: off 10
0:00:40.609928: off 1
0:00:40.625629: off 0
0:00:45.610041: freq 0
0:00:45.610041: amp 0
0:00:45.610041: off 90
0:00:45.610041: phb 0
0:00:53.485021: freq 0
0:00:53.485021: amp 0
0:00:53.485021: off 90
0:00:53.485021: phb 0
0:01:02.391347: freq 0
0:01:02.391347: amp 0
0:01:02.391347: off 90
0:01:02.391347: phb 0
0:01:16.643115: off 91
0:01:16.643115: off 90
0:01:16.674410: off 89
0:01:16.689973: off 88
0:01:16.705656: off 87
0:01:16.721265: off 86
0:01:16.737641: off 84
0:01:16.752834: off 80
0:01:16.768569: off 78
0:01:16.784200: off 76
0:01:16.799805: off 74
0:01:16.815472: off 73
0:01:16.831072: off 72
0:01:16.893499: off 71
0:01:16.940545: off 70
0:01:16.987252: off 69
0:01:17.034262: off 67
0:01:17.050470: off 66
0:01:17.066108: off 63
0:01:17.081897: off 61
0:01:17.113195: off 59
0:01:17.113195: off 56
0:01:17.144420: off 54
0:01:17.159856: off 52
0:01:17.175639: off 48
0:01:17.191651: off 46
0:01:17.207468: off 41
0:01:17.223020: off 36
0:01:17.239444: off 33
0:01:17.255607: off 25
0:01:17.271353: off 22
0:01:17.286003: off 19
0:01:17.301733: off 17
0:01:17.317420: off 14
0:01:17.332939: off 10
0:01:17.348533: off 4
0:01:17.364250: off 2
0:01:17.379879: off 0
0:01:17.661202: off 2
0:01:17.692288: off 10
0:01:17.708091: off 21
0:01:17.723675: off 27
0:01:17.739239: off 37
0:01:17.754922: off 43
0:01:17.770478: off 53
0:01:17.786043: off 64
0:01:17.801805: off 67
0:01:21.676598: off 0
0:01:42.157683: amp 2
0:01:42.204568: amp 4
0:01:42.204568: amp 7
0:01:42.220094: amp 9
0:01:42.251264: amp 10
0:01:42.251264: amp 11
0:01:42.298156: amp 12
0:01:42.313924: amp 13
0:01:42.376323: amp 14
0:01:42.438916: amp 15
0:01:42.485806: amp 16
0:01:42.532680: amp 17
0:01:42.595034: amp 18
0:01:42.626429: amp 19
0:01:42.641920: amp 20
0:01:42.657677: amp 21
0:01:42.673322: amp 24
0:01:42.688960: amp 25
0:01:42.704533: amp 26
0:01:47.360774: amp 27
0:01:47.376267: amp 28
0:01:47.423302: amp 29
0:01:47.423302: amp 30
0:01:47.454537: amp 31
0:01:47.454537: amp 32
0:01:47.470044: amp 33
0:01:47.485705: amp 34
0:01:47.501308: amp 35
0:01:47.579552: amp 36
0:01:47.626413: amp 37
0:01:51.095017: amp 35
0:01:51.391918: amp 37
0:01:51.407723: amp 38
0:01:51.423337: amp 39
0:01:51.438959: amp 40
0:01:51.454540: amp 41
0:01:51.470079: amp 42
0:01:51.485737: amp 44
0:01:51.501373: amp 45
0:01:51.532703: amp 47
0:01:51.548143: amp 50
0:01:51.548143: amp 52
0:01:51.579581: amp 53
0:01:51.595162: amp 54
0:01:51.610639: amp 55
0:01:51.642022: amp 56
0:01:51.673289: amp 57
0:01:51.688790: amp 58
0:01:51.720214: amp 59
0:01:51.720214: amp 60
0:01:51.735644: amp 61
0:01:51.751368: amp 62
0:01:51.767044: amp 64
0:01:51.782631: amp 66
0:01:51.798294: amp 69
0:01:51.813869: amp 70
0:01:51.845018: amp 72
0:01:51.860638: amp 73
0:01:51.876269: amp 75
0:01:51.892045: amp 76
0:01:51.907666: amp 77
0:01:51.923283: amp 78
0:01:51.938965: amp 79
0:01:51.970166: amp 81
0:01:51.985792: amp 82
0:01:52.001415: amp 85
0:01:52.017036: amp 87
0:01:52.032664: amp 88
0:01:52.048202: amp 89
0:01:52.095123: amp 90
0:02:01.063960: amp 2
0:02:02.923772: amp 0
0:02:07.673825: amp 24
0:02:09.658205: amp 54
0:02:10.861321: amp 57
0:02:14.189425: amp 90
0:02:27.173833: amp 0
0:02:30.470699: phb 5.48344814072497
0:02:43.002196: phb 0.06790765634061355
0:02:44.642695: phb 0.8739104882993184
0:02:45.955333: phb 1.723613416933888
0:02:47.674076: phb 3.3329483904427315
0:02:50.361574: phb 5.082661667236472
0:02:55.674067: phb 5.766839311143543
0:03:04.440176: off 97
0:03:07.097741: off 75
0:03:08.476759: off 84
0:03:09.680915: off 88
0:03:10.760130: off 93
0:03:41.290003: off 0
0:03:43.899455: freq 0
0:03:43.899455: amp 0
0:03:43.899455: off 90
0:03:43.899455: phb 0
0:04:00.915041: amp 33
0:04:08.274423: amp 89
0:04:12.274420: amp 90
0:04:26.274416: amp 0
0:04:33.665431: amp 90
0:04:36.024838: off 180
0:04:42.510380: phb 2.202496565222727
0:04:42.979132: phb 2.190096857424752
0:04:42.994760: phb 2.147571385195158
0:04:43.010238: phb 2.1215958573883498
0:04:43.026017: phb 2.0595656974333667
0:04:43.041489: phb 1.959912550732808
0:04:43.057261: phb 1.9094519541626407
0:04:43.072739: phb 1.874156764614243
0:04:43.088437: phb 1.8392578545109188
0:04:43.103990: phb 1.8085301447507216
0:04:43.119633: phb 1.7429658286128775
0:04:43.135233: phb 1.7272697100925207
0:04:43.151013: phb 1.6956475380232428
0:04:43.166595: phb 1.6477609145546996
0:04:43.197784: phb 1.6317097488308872
0:04:43.213507: phb 1.599518257781016
0:04:43.229137: phb 1.551141604885414
0:04:43.244757: phb 1.5350262933924717
0:04:43.260326: phb 1.5028567137476565
0:04:43.275858: phb 1.4868218908880448
0:04:43.291639: phb 1.4548867909719225
0:04:43.307257: phb 1.4231887891153832
0:04:43.322884: phb 1.4074463951315621
0:04:43.338547: phb 1.3917866942362924
0:04:43.353982: phb 1.3607359234090495
0:04:43.369703: phb 1.3300921705032445
0:04:43.401012: phb 1.2999024464750912
0:04:43.432328: phb 1.2655795053314394
0:04:43.432328: phb 1.221490615415389
0:04:43.463457: phb 1.2015655824389762
0:04:43.479031: phb 1.1320184557385327
0:04:43.494610: phb 1.0898909441704876
0:04:43.510331: phb 1.068389753688857
0:04:43.525985: phb 1.0466163306963845
0:04:43.541612: phb 1.0109265706088955
0:04:43.557244: phb 0.9798297264639079
0:04:43.572915: phb 0.9571411114374508
0:04:43.604200: phb 0.9475976706005582
0:04:43.604200: phb 0.8880803422347877
0:04:43.619612: phb 0.8539361643271666
0:04:43.651056: phb 0.8292267787047486
0:04:43.651056: phb 0.7365069067547999
0:04:43.666487: phb 0.6574730516404041
0:04:43.713368: phb 0.5685132812577895
0:04:43.713368: phb 0.5467519043733584
0:04:43.744618: phb 0.49767921804897786
0:04:43.760237: phb 0.4901879237341886
0:04:43.791639: phb 0.4620901936419277
0:04:43.807258: phb 0.42650446332975217
0:04:43.822881: phb 0.39101126268938563
0:04:43.838361: phb 0.35570223969023107
0:04:43.869670: phb 0.3056304070571956
0:04:43.901147: phb 0.2904561408010243
0:04:43.901147: phb 0.275144380500851
0:04:43.916518: phb 0.2596976837917928
0:04:43.932104: phb 0.24412315681292068
0:04:44.026012: phb 0.22842829520594427
0:04:44.057278: phb 0.21261661259466202
0:04:44.088370: phb 0.19669625343675537
0:04:44.104134: phb 0.1806757146772011
0:04:44.151065: phb 0.16455938638154258
0:04:44.994806: phb 0.1157233034678756
0:04:45.025864: phb 0.09769642517634783
0:04:45.041490: phb 0.08149368648796146
0:04:45.057137: phb 0.06524646479062093
0:04:45.338366: phb 0.048964677281067605
0:04:45.541635: phb 0.06420076775156554
0:05:05.901064: phb 4.058155582974343
0:05:07.871156: phb 5.369843617920249
0:05:18.660410: freq 0
0:05:18.660410: amp 0
0:05:18.660410: off 90
0:05:18.660410: phb 0
0:05:35.470270: phb 6.033115061406681
0:05:41.011888: phb 6.072623591511097
0:05:41.465956: phb 6.0840062107511645
0:05:42.216590: phb 6.100556150767217
0:05:42.310297: phb 6.128222998237797
0:05:42.325931: phb 6.1416513244843145
0:05:42.388463: phb 6.154815361981143
0:05:42.498367: phb 6.170312689212206
0:05:43.628013: phb 6.193756988215005
0:05:43.831144: phb 6.214500424565782
0:05:43.862364: phb 6.225920666308239
0:05:44.254285: phb 6.214500424565782
0:05:44.301941: phb 6.203099141124658
0:05:45.052415: phb 6.204886979725002
0:05:45.131501: phb 6.227201627209426
0:05:45.443725: phb 6.239837487948695
0:05:46.245737: phb 6.2617335164671335
0:05:46.276909: phb 6.2831848161154795
0:05:46.292501: phb 0.010726883953218046
0:05:58.054072: phb 6.283184736534918
0:06:02.664211: off 180
0:06:06.776177: amp 90
0:06:33.760546: freq 0
0:06:33.760546: amp 0
0:06:33.760546: off 90
0:06:33.760546: phb 0
0:06:35.322980: freq 0
0:06:35.322980: amp 0
0:06:35.322980: off 90
0:06:35.322980: phb 0
0:06:39.447897: phb 0.04690342302206569
0:06:39.822997: phb 0.09360191321010726
0:06:39.869896: phb 0.10521999105550754
0:06:39.885470: phb 0.11681068927510269
0:06:39.948006: phb 0.13989375749249933
0:06:40.557273: phb 0.1283699451984432
0:06:40.682411: phb 0.10521999105550754
0:06:40.744926: phb 0.09360191321010726
0:06:41.963524: phb 0.09699625367788334
0:06:41.994910: phb 0.08493372404025165
0:06:42.026142: phb 0.07284636851406646
0:06:42.057407: phb 0.06073876172147884
0:06:42.166802: phb 0.03647129116998776
0:06:42.182401: phb 0.02432074080353838
0:06:42.260582: phb 6.283184750416473
0:06:42.932273: phb 0.012161890537336085
0:06:55.807410: amp 90
0:07:04.010535: off 180
0:07:05.869902: off 178
0:07:07.182410: off 173
0:07:07.198030: off 172
0:07:07.213603: off 171
0:07:07.229290: off 170
0:07:07.244910: off 169
0:07:07.260542: off 168
0:07:07.276159: off 167
0:07:07.291792: off 166
0:07:07.338698: off 165
0:07:07.338698: off 164
0:07:07.354121: off 162
0:07:07.401023: off 161
0:07:07.416721: off 160
0:07:07.432432: off 158
0:07:07.463607: off 156
0:07:07.479124: off 155
0:07:07.494860: off 154
0:07:07.510471: off 152
0:07:07.541808: off 151
0:07:07.541808: off 150
0:07:07.557367: off 148
0:07:07.572901: off 147
0:07:07.604123: off 145
0:07:07.635467: off 142
0:07:07.651194: off 139
0:07:07.666722: off 133
0:07:07.682406: off 130
0:07:07.697975: off 123
0:07:07.713600: off 118
0:07:07.729239: off 112
0:07:07.744768: off 109
0:07:07.760376: off 103
0:07:07.791626: off 97
0:07:07.791626: off 89
0:07:07.807344: off 82
0:07:07.854278: off 78
0:07:07.854278: off 71
0:07:07.854278: off 64
0:07:07.885470: off 57
0:07:07.901202: off 54
0:07:07.916620: off 48
0:07:07.932412: off 42
0:07:07.947977: off 36
0:07:07.963701: off 33
0:07:07.979236: off 26
0:07:07.994829: off 20
0:07:08.010470: off 14
0:07:08.026110: off 7
0:07:08.057346: off 4
0:07:08.072875: off 0
0:07:08.369895: off 2
0:07:08.385517: off 8
0:07:08.385517: off 13
0:07:08.416800: off 15
0:07:08.432273: off 22
0:07:08.447874: off 25
0:07:08.463660: off 34
0:07:08.479292: off 49
0:07:08.494907: off 59
0:07:08.510374: off 75
0:07:08.526085: off 83
0:07:08.541780: off 88
0:07:08.557421: off 90
0:07:08.588677: off 95
0:07:08.588677: off 102
0:07:08.619890: off 108
0:07:08.619890: off 110
0:07:08.651169: off 114
0:07:08.666804: off 117
0:07:08.682428: off 119
0:07:08.697969: off 120
0:07:08.775999: off 119
0:07:08.807365: off 117
0:07:08.807365: off 109
0:07:08.822972: off 98
0:07:08.838566: off 81
0:07:08.854309: off 72
0:07:08.869784: off 52
0:07:08.901210: off 34
0:07:08.916826: off 20
0:07:08.932352: off 14
0:07:08.947903: off 4
0:07:08.963674: off 0
0:07:09.041734: off 7
0:07:09.057352: off 24
0:07:09.088506: off 34
0:07:09.104228: off 54
0:07:09.104228: off 73
0:07:09.135536: off 81
0:07:09.151132: off 99
0:07:09.166780: off 116
0:07:09.182408: off 133
0:07:09.198002: off 149
0:07:09.229174: off 157
0:07:09.229174: off 170
0:07:09.244918: off 180
0:07:09.323082: off 174
0:07:09.338498: off 163
0:07:09.369912: off 156
0:07:09.385372: off 142
0:07:09.401198: off 126
0:07:09.401198: off 109
0:07:09.416735: off 90
0:07:09.448039: off 82
0:07:09.463662: off 67
0:07:09.479182: off 55
0:07:09.494743: off 46
0:07:09.526114: off 43
0:07:09.541779: off 37
0:07:09.541779: off 35
0:07:09.557422: off 34
0:07:09.619902: off 38
0:07:09.619902: off 47
0:07:09.635531: off 58
0:07:09.666831: off 71
0:07:09.682410: off 78
0:07:09.698056: off 91
0:07:09.713678: off 105
0:07:09.729199: off 111
0:07:09.744748: off 128
0:07:09.760471: off 132
0:07:09.776180: off 138
0:07:09.791838: off 142
0:07:09.838587: off 143
0:07:09.854242: off 140
0:07:09.854242: off 130
0:07:09.885542: off 123
0:07:09.901151: off 108
0:07:09.916646: off 92
0:07:09.932413: off 76
0:07:09.947960: off 63
0:07:09.979216: off 44
0:07:10.026159: off 41
0:07:10.026159: off 36
0:07:10.041795: off 34
0:07:10.041795: off 32
0:07:10.073060: off 31
0:07:10.135540: off 33
0:07:10.151109: off 37
0:07:10.151109: off 43
0:07:10.182272: off 47
0:07:10.198061: off 58
0:07:10.213633: off 70
0:07:10.229306: off 81
0:07:10.244891: off 85
0:07:10.276031: off 95
0:07:10.276031: off 102
0:07:10.307391: off 108
0:07:10.307391: off 111
0:07:10.338493: off 113
0:07:10.338493: off 114
0:07:10.354262: off 115
0:07:10.385468: off 114
0:07:10.400993: off 113
0:07:10.416829: off 105
0:07:10.432437: off 94
0:07:10.448048: off 83
0:07:10.463682: off 78
0:07:10.494917: off 69
0:07:10.510451: off 62
0:07:10.510451: off 56
0:07:10.526090: off 52
0:07:10.557297: off 50
0:07:10.557297: off 47
0:07:10.573033: off 45
0:07:10.588585: off 44
0:07:10.698034: off 46
0:07:10.713675: off 54
0:07:10.729215: off 62
0:07:10.744932: off 67
0:07:10.760399: off 75
0:07:10.776098: off 83
0:07:10.791784: off 90
0:07:10.807405: off 98
0:07:10.838621: off 104
0:07:10.854143: off 107
0:07:10.854143: off 111
0:07:10.885424: off 114
0:07:10.901100: off 116
0:07:10.979199: off 115
0:07:10.994885: off 114
0:07:11.010496: off 113
0:07:11.025993: off 112
0:07:11.823000: freq 0.95
0:07:11.885531: freq 0.9
0:07:11.963502: freq 0.85
0:07:12.026148: freq 0.8
0:07:12.041791: freq 0.75
0:07:12.057273: freq 0.7
0:07:12.088499: freq 0.65
0:07:12.104298: freq 0.6
0:07:12.151104: freq 0.55
0:07:12.166778: freq 0.5
0:07:12.213654: freq 0.45
0:07:12.244951: freq 0.4
0:07:12.291738: freq 0.35
0:07:12.307451: freq 0.3
0:07:12.323057: freq 0.25
0:07:12.369914: freq 0.2
0:07:12.432366: freq 0.15
0:07:12.463562: freq 0.1
0:07:12.541742: freq 0.05
0:07:12.604285: freq 0
0:07:14.432424: freq 0.05
0:07:14.479117: freq 0.1
0:07:14.510488: freq 0.15
0:07:14.557360: freq 0.2
0:07:14.557360: freq 0.25
0:07:14.604318: freq 0.3
0:07:14.619933: freq 0.35
0:07:14.666798: freq 0.4
0:07:15.010527: freq 0.35
0:07:15.072975: freq 0.3
0:07:15.104287: freq 0.25
0:07:15.151201: freq 0.2
0:07:15.182412: freq 0.15
0:07:15.244775: freq 0.1
0:07:15.307441: freq 0.05
0:07:15.385528: freq 0
0:07:16.541739: freq 0
0:07:16.557270: freq 0
0:07:17.604124: freq 0.05
0:07:17.776205: freq 0
0:07:23.198585: freq 0.45
0:07:23.448565: freq 0.45
0:07:24.917241: freq 0.05
0:07:25.698546: freq 0
0:07:26.729795: freq 0
0:07:29.011087: freq 0
0:07:33.089038: freq 0.05
0:07:36.401681: amp 4
0:07:38.214171: freq 0
0:07:41.464182: off 7
0:07:46.261047: amp 0
0:07:47.917320: off 0
0:08:00.136408: phb 6.21750347070755
0:08:00.152025: phb 6.2388777966005
0:08:01.058276: phb 6.249944525823317
0:08:01.089397: phb 6.272101756017829
0:08:01.105088: phb 0.011083551161756817
0:08:01.214409: phb 0.03323976769065658
0:08:01.245800: phb 0.04430751057908664
0:08:01.777018: phb 0.034382206367846356
0:08:01.823893: phb 0.022667207476629057
0:08:01.855194: phb 6.2831847882834655
0:08:01.870747: phb 6.271977533542646
0:08:01.948748: phb 6.249944525823317
0:08:02.058799: phb 6.2388777966005
0:08:02.543207: phb 6.249944525823317
0:08:02.574447: phb 6.261020420163266
0:08:02.730708: phb 6.283184794099113
0:08:02.793209: phb 0.011334800318505731
0:08:03.511921: phb 6.283184782333917
0:08:03.605617: phb 6.271720555874798
0:08:04.621322: phb 6.283184782333917
0:08:04.933797: phb 0.011464751304788252
0:08:07.183796: freq 0
0:08:07.183796: amp 0
0:08:07.183796: off 90
0:08:07.183796: phb 0
0:08:32.981356: off 0
0:08:46.029258: amp 89
0:08:48.622970: amp 90
0:08:55.200943: amp 38
0:08:59.295391: amp 55
0:09:23.671615: amp 60
0:09:24.077824: amp 57
0:09:24.202861: amp 54
0:09:24.312193: amp 56
0:09:24.327764: amp 57
0:09:24.327764: amp 59
0:09:24.343284: amp 62
0:09:24.374738: amp 64
0:09:24.390314: amp 67
0:09:24.390314: amp 69
0:09:24.421570: amp 71
0:09:24.421570: amp 73
0:09:24.437147: amp 74
0:09:24.468380: amp 75
0:09:24.484007: amp 77
0:09:24.499746: amp 78
0:09:24.515384: amp 79
0:09:24.530975: amp 81
0:09:24.546560: amp 83
0:09:24.562144: amp 85
0:09:24.577671: amp 88
0:09:24.609064: amp 90
0:09:47.734542: phb 5.844934606230791
0:09:53.641391: phb 1.1538486076742744
0:10:06.331788: phb 1.2934646628799213
0:10:06.363042: phb 1.255562781337485
0:10:06.378497: phb 1.2161413169139457
0:10:06.394263: phb 1.139676265018083
0:10:06.409931: phb 1.068389753688857
0:10:06.426128: phb 0.9887807071590912
0:10:06.441235: phb 0.9342704331627786
0:10:06.457790: phb 0.8983624072975915
0:10:06.472801: phb 0.8648056844677956
0:10:06.488617: phb 0.8065458512389299
0:10:06.504934: phb 0.7584189448227501
0:10:06.535862: phb 0.7227690525963562
0:10:06.551397: phb 0.6617443066817904
0:10:06.567158: phb 0.6001660193632589
0:10:06.582628: phb 0.5324454177718528
0:10:06.598400: phb 0.49331011344106424
0:10:06.613868: phb 0.43819536060180664
0:10:06.629611: phb 0.3758402706781035
0:10:06.645145: phb 0.3151138636372194
0:10:06.660872: phb 0.26074028639070185
0:10:06.692868: phb 0.21969148125637164
0:10:06.708424: phb 0.1806757146772011
0:10:06.724044: phb 0.16191836470959498
0:10:06.755352: phb 0.1278773423554375
0:10:06.786536: phb 0.11027724064343623
0:10:06.786536: phb 0.09173923641285707
0:10:06.817935: phb 0.06033233942361574
0:10:06.819518: phb 0.029745054378239304
0:10:06.849816: phb 6.283184645850287
0:10:06.865889: phb 6.269145185863844
0:10:06.881707: phb 6.241668067712118
0:10:06.912975: phb 6.215918266963755
0:10:07.054154: phb 6.197210925104651
0:10:07.507303: phb 6.211210113448927
0:10:07.522863: phb 6.223885508745709
0:10:07.601045: phb 6.2475782852697055
0:10:07.663399: phb 6.259441899287145
0:10:07.694815: phb 6.2831847636381095
0:10:07.819828: phb 0.011873105616177325
0:10:08.647860: phb 6.2831847636381095
0:10:08.663371: phb 6.2713122015634095
0:10:08.694826: phb 6.24799578195718
0:10:08.757298: phb 6.236825072591181
0:10:09.335450: phb 6.24840356870735
0:10:09.569735: phb 6.259992462776053
0:10:09.601051: phb 6.283184776246354
0:10:09.819744: phb 0.011733789190215964
0:10:09.835363: phb 0.03603344103913269
0:10:09.866691: phb 0.0480289778567078
0:10:11.335350: phb 0.03603344103913269
0:10:11.413546: phb 0.023743407892440935
0:10:21.476083: phb 4.012588503846208
0:10:22.804106: phb 2.9341743087966132
0:10:24.601070: phb 3.1171418756041005
0:10:24.851072: phb 3.094447584457206
0:10:25.788554: phb 3.2114248077053364
0:10:26.007156: phb 3.30716481896972
0:10:26.319724: phb 3.2647569404092067
0:10:26.585432: phb 3.2426207953279516
0:10:27.288551: phb 2.9185838802195376
0:10:27.913527: phb 2.962429115658819
0:10:28.194651: phb 3.1182815806903674
0:10:28.679025: phb 3.2680669254747046
0:10:29.226028: phb 3.207476689689964
0:10:29.366701: phb 3.19364145455206
0:10:29.382260: phb 3.180143824176193
0:10:29.507292: phb 3.166043431575486
0:10:29.616707: phb 3.1415931935244394
0:10:29.726024: phb 3.130070116940794
0:10:29.897906: phb 3.1078151022343223
0:10:29.991525: phb 3.0970695491840163
0:10:30.460378: phb 3.1085587296844657
0:10:30.460378: phb 3.1198049924036697
0:10:30.601073: phb 3.141593141708019
0:10:30.679196: phb 3.1521427111197773
0:10:30.710436: phb 3.1729042550293256
0:10:30.976035: phb 3.1926828589188663
0:10:31.476025: phb 3.1824773401513697
0:10:31.507319: phb 3.162043777057594
0:10:31.538522: phb 3.1415931217405606
0:10:31.569618: phb 3.1213485139919914
0:10:31.585362: phb 3.11123232200061
0:10:31.616700: phb 3.0910187833993215
0:10:31.647915: phb 3.060781863924825
0:10:31.663399: phb 3.0306922667072493
0:10:31.678995: phb 3.010740899002054
0:10:31.694706: phb 2.971164582907362
0:10:31.710427: phb 2.9398371312360627
0:10:31.741687: phb 2.908271486075051
0:10:31.741687: phb 2.886277679032349
0:10:31.772891: phb 2.8446698002810344
0:10:31.788394: phb 2.7998713931809696
0:10:31.804160: phb 2.7265671666755567
0:10:31.819659: phb 2.6411996365246555
0:10:31.835476: phb 2.579758437603991
0:10:31.851004: phb 2.450448488796662
0:10:31.866662: phb 2.3348504826921794
0:10:31.882149: phb 2.2382722009330394
0:10:31.913423: phb 2.1946824015462187
0:10:31.913423: phb 2.127755830055916
0:10:31.929102: phb 2.056019379978809
0:10:31.944729: phb 1.997850186249362
0:10:31.975871: phb 1.9479563623105147
0:10:31.991597: phb 1.9126211019871424
0:10:32.007276: phb 1.8223291003458837
0:10:32.022934: phb 1.7456116596433517
0:10:32.038458: phb 1.6684956337192989
0:10:32.054094: phb 1.6335039469903188
0:10:32.054094: phb 1.540151438739415
0:10:32.085413: phb 1.4406573300376455
0:10:32.101031: phb 1.3211794595156245
0:10:32.116688: phb 1.19993925357237
0:10:32.132304: phb 1.1438049111085835
0:10:32.147883: phb 1.0340737636739916
0:10:32.163476: phb 0.9416503137763753
0:10:32.179082: phb 0.8441859399163452
0:10:32.194722: phb 0.719399290318535
0:10:32.226031: phb 0.6686894175145753
0:10:32.241636: phb 0.5629260845981919
0:10:32.241636: phb 0.42149326214135646
0:10:32.257121: phb 0.26820377538330054
0:10:32.272805: phb 0.18992787339742914
0:10:32.304101: phb 0.05427518540646928
0:10:32.319629: phb 6.168784870732422
0:10:32.335401: phb 5.968881907159286
0:10:32.351029: phb 5.890005406971565
0:10:32.366663: phb 5.735006241404808
0:10:32.382281: phb 5.554567544891817
0:10:32.397749: phb 5.384554612745436
0:10:32.413395: phb 5.250083421792273
0:10:32.428994: phb 5.18682612109088
0:10:32.444717: phb 5.078226342539816
0:10:32.460422: phb 5.0276225258421015
0:10:32.491674: phb 4.956915048520704
0:10:32.491674: phb 4.921505772922736
0:10:32.522949: phb 4.855333382775382
0:10:32.538475: phb 4.796228719570259
0:10:32.538475: phb 4.728012699837465
0:10:32.569724: phb 4.677636977325581
0:10:32.585431: phb 4.6541469869837675
0:10:32.601034: phb 4.609444976020386
0:10:32.632277: phb 4.566520887772888
0:10:32.647910: phb 4.515195703250488
0:10:32.663369: phb 4.504414391255512
0:10:32.679031: phb 4.467087097675275
0:10:32.694721: phb 4.426169864171521
0:10:32.710291: phb 4.386214388860098
0:10:32.741654: phb 4.363088239081146
0:10:32.757285: phb 4.264670429424021
0:10:32.772852: phb 4.20027849529753
0:10:32.772852: phb 4.064597609168849
0:10:32.804090: phb 3.9702154272897245
0:10:32.819619: phb 3.9354081729125614
0:10:32.835415: phb 3.860899804380204
0:10:32.851038: phb 3.7900299560826727
0:10:32.866669: phb 3.7179071846906577
0:10:32.882252: phb 3.659459951825876
0:10:32.897934: phb 3.638971112746276
0:10:32.913498: phb 3.6061345920064167
0:10:32.929012: phb 3.573563050975982
0:10:32.944671: phb 3.548485672077216
0:10:32.991614: phb 3.5314590475533714
0:10:33.022938: phb 3.510822314012655
0:10:33.038477: phb 3.498915741717454
0:10:33.085358: phb 3.4754887534939614
0:10:33.132326: phb 3.455358949383097
0:10:33.147935: phb 3.4467008841656415
0:10:33.194793: phb 3.4179405828872116
0:10:33.225979: phb 3.4091690599295568
0:10:33.225979: phb 3.3892554456576103
0:10:33.257311: phb 3.3695133063270672
0:10:33.288392: phb 3.3587405085491695
0:10:33.319734: phb 3.3411415916061333
0:10:33.335420: phb 3.323417327210169
0:10:33.366525: phb 3.3041094350271525
0:10:33.382120: phb 3.2863179117599777
0:10:33.429175: phb 3.267301539229934
0:10:33.460407: phb 3.2485359618025584
0:10:33.569784: phb 3.230815395183437
0:10:33.632150: phb 3.212407952611542
0:10:33.976069: phb 3.1938188351900583
0:10:34.226031: phb 3.184750854765515
0:10:34.444811: phb 3.1672764452629227
0:10:35.241653: phb 3.150082631380831
0:11:22.242655: freq 0
0:11:22.258227: amp 0
0:11:22.258227: off 90
0:11:22.258227: phb 0
0:11:41.680050: phb 3.3342117049316693
0:11:42.836421: phb 3.0355785902713546
0:11:44.102029: phb 3.2325530133497433
0:11:45.508291: phb 3.085140771660874
0:11:46.601975: phb 3.1557195334969577
0:11:47.992665: phb 3.1274657736826295
0:11:49.867528: phb 3.183952052662565
0:11:51.820828: phb 3.1415933003199257
0:11:58.148934: amp 90
0:12:02.118225: off 94
0:12:02.196508: off 89
0:12:02.212114: off 88
0:12:02.227789: off 85
0:12:02.227789: off 84
0:12:02.258987: off 80
0:12:02.274580: off 76
0:12:02.274580: off 73
0:12:02.290247: off 69
0:12:02.321359: off 66
0:12:02.337121: off 62
0:12:02.352748: off 57
0:12:02.368370: off 51
0:12:02.399501: off 48
0:12:02.399501: off 42
0:12:02.415270: off 37
0:12:02.430895: off 31
0:12:02.462112: off 28
0:12:02.462112: off 21
0:12:02.477585: off 12
0:12:02.508984: off 1
0:12:02.508984: off 0
0:12:03.399621: freq 0
0:12:03.399621: amp 0
0:12:03.399621: off 90
0:12:03.399621: phb 0
0:12:04.712683: off 100
0:12:04.806335: off 95
0:12:04.806335: off 89
0:12:04.822014: off 83
0:12:04.822014: off 80
0:12:04.853238: off 73
0:12:04.868913: off 67
0:12:04.884481: off 59
0:12:04.900159: off 55
0:12:04.915736: off 45
0:12:04.931239: off 35
0:12:04.946855: off 25
0:12:04.978136: off 20
0:12:04.993827: off 11
0:12:04.993827: off 0
0:12:05.540637: amp 9
0:12:05.697059: amp 12
0:12:05.712483: amp 15
0:12:05.743893: amp 18
0:12:05.743893: amp 19
0:12:05.759540: amp 22
0:12:05.790735: amp 25
0:12:05.806405: amp 29
0:12:05.806405: amp 31
0:12:05.837651: amp 35
0:12:05.853263: amp 39
0:12:05.868918: amp 44
0:12:05.884553: amp 48
0:12:05.899979: amp 50
0:12:05.915760: amp 54
0:12:05.931445: amp 58
0:12:05.947069: amp 61
0:12:05.962667: amp 63
0:12:05.978105: amp 68
0:12:06.009370: amp 73
0:12:06.009370: amp 80
0:12:06.040749: amp 84
0:12:06.056386: amp 90
0:12:06.556238: freq 0.1
0:12:06.697049: freq 0.15
0:12:06.743932: freq 0.2
0:12:06.759483: freq 0.25
0:12:06.790797: freq 0.3
0:12:06.790797: freq 0.4
0:12:06.837644: freq 0.45
0:12:06.837644: freq 0.5
0:12:06.868836: freq 0.55
0:12:06.884533: freq 0.6
0:12:06.900093: freq 0.65
0:12:06.915790: freq 0.7
0:12:06.931399: freq 0.75
0:12:06.962640: freq 0.8
0:12:06.978137: freq 0.85
0:12:07.009467: freq 0.9
0:12:07.009467: freq 1
0:12:16.118936: freq 0
0:12:16.118936: amp 0
0:12:16.118936: off 90
0:12:16.118936: phb 0
0:12:44.589349: off 80
0:12:45.042464: off 78
0:12:45.120588: off 74
0:12:45.136177: off 70
0:12:45.151847: off 62
0:12:45.167488: off 59
0:12:45.183119: off 57
0:12:45.198777: off 55
0:12:45.214193: off 51
0:12:45.229807: off 47
0:12:45.245525: off 41
0:12:45.261085: off 37
0:12:45.292490: off 29
0:12:45.308037: off 21
0:12:45.308037: off 13
0:12:45.339302: off 4
0:12:45.354945: off 0
0:12:46.089185: amp 2
0:12:46.198762: amp 5
0:12:46.214319: amp 7
0:12:46.229988: amp 11
0:12:46.245429: amp 17
0:12:46.261240: amp 20
0:12:46.276863: amp 28
0:12:46.292420: amp 37
0:12:46.308039: amp 47
0:12:46.339288: amp 59
0:12:46.355012: amp 65
0:12:46.370603: amp 78
0:12:46.386081: amp 90
0:12:49.745590: phb 4.974501298265594
0:12:51.839396: phb 4.69259990737183
0:12:53.214186: phb 4.606982555320945
0:12:54.917422: phb 4.41749554937609
0:12:55.979833: phb 4.279841384443357
0:12:57.136259: phb 4.227384590416359
0:13:42.795335: freq 1
0:13:51.132498: freq 1
0:15:17.041706: freq 0
0:15:17.041706: amp 0
0:15:17.041706: off 90
0:15:17.041706: phb 0
0:15:44.650938: off 180
0:15:49.151125: freq 0
0:15:49.151125: amp 0
0:15:49.151125: off 90
0:15:49.151125: phb 0
0:17:49.666694: freq 0
0:17:49.666694: amp 0
0:17:50.072813: off 90
0:17:50.072813: phb 0
0:17:55.166643: freq 0
0:17:55.713438: amp 0
0:17:55.713438: off 90
0:17:55.713438: phb 0
0:17:56.495615: freq 0
0:17:56.495615: amp 0
0:17:56.495615: off 90
0:17:56.511206: phb 0
0:17:56.901735: freq 0
0:17:56.901735: amp 0
0:17:56.901735: off 90
0:17:56.901735: phb 0
0:17:57.730004: freq 0
0:17:57.730004: amp 0
0:17:57.730004: off 90
0:17:57.730004: phb 0
0:17:58.792512: freq 0
0:17:58.792512: amp 0
0:17:58.792512: off 90
0:17:58.792512: phb 0
0:17:59.495633: freq 0
0:17:59.495633: amp 0
0:17:59.495633: off 90
0:17:59.495633: phb 0
0:17:59.995638: freq 0
0:17:59.995638: amp 0
0:17:59.995638: off 90
0:17:59.995638: phb 0
0:18:00.683117: freq 0
0:18:00.683117: amp 0
0:18:00.683117: off 90
0:18:00.683117: phb 0
0:18:02.730019: freq 0
0:18:02.730019: amp 0
0:18:02.730019: off 90
0:18:02.730019: phb 0
