0:00:54.719481: freq 0
0:00:54.719481: amp 0
0:00:54.719481: off 90
0:00:54.719481: phb 0
0:00:54.875742: freq 0
0:00:54.875742: amp 0
0:00:54.875742: off 90
0:00:54.875742: phb 0
0:00:55.391308: freq 0
0:00:55.391308: amp 0
0:00:55.406948: off 90
0:00:55.406948: phb 0
0:00:59.469414: freq 0
0:00:59.469414: amp 0
0:00:59.469414: off 90
0:00:59.469414: phb 0
0:01:40.970177: freq 0.05
0:01:41.204394: freq 0.1
0:01:41.423287: freq 0.15
0:01:41.610747: freq 0.2
0:01:41.688960: freq 0.25
0:01:41.735792: freq 0.3
0:01:41.767043: freq 0.35
0:01:41.813917: freq 0.4
0:01:41.907682: freq 0.45
0:01:41.954548: freq 0.5
0:01:42.063949: freq 0.55
0:01:42.142002: freq 0.6
0:01:42.501367: freq 0.55
0:01:42.532680: freq 0.5
0:01:42.579568: freq 0.45
0:01:42.626429: freq 0.4
0:01:42.688960: freq 0.35
0:01:42.751274: freq 0.4
0:01:42.829542: freq 0.35
0:01:42.845018: freq 0.25
0:01:42.892049: freq 0.2
0:01:42.907514: freq 0.15
0:01:42.923368: freq 0.1
0:01:42.985791: freq 0.05
0:01:43.110645: freq 0
0:01:45.017093: amp 2
0:01:45.376374: amp 3
0:01:45.391896: amp 4
0:01:45.407518: amp 6
0:01:45.423183: amp 7
0:01:45.438912: amp 8
0:01:45.454506: amp 9
0:01:45.485645: amp 10
0:01:45.485645: amp 11
0:01:45.501361: amp 13
0:01:45.517152: amp 14
0:01:45.532511: amp 16
0:01:45.548140: amp 17
0:01:45.563912: amp 18
0:01:45.579493: amp 20
0:01:45.595119: amp 21
0:01:45.641903: amp 23
0:01:45.657537: amp 24
0:01:45.673295: amp 26
0:01:45.688965: amp 28
0:01:45.704536: amp 29
0:01:45.720113: amp 30
0:01:45.735787: amp 32
0:01:45.751271: amp 33
0:01:45.766953: amp 35
0:01:45.782576: amp 37
0:01:45.798252: amp 39
0:01:45.813800: amp 41
0:01:45.829491: amp 45
0:01:45.845117: amp 48
0:01:45.876361: amp 52
0:01:45.891991: amp 55
0:01:45.907517: amp 58
0:01:45.923141: amp 63
0:01:45.938772: amp 68
0:01:45.954537: amp 71
0:01:45.970110: amp 77
0:01:46.001413: amp 78
0:01:46.126428: off 156
0:01:48.329561: off 155
0:01:48.360843: off 154
0:01:48.376488: off 153
0:01:48.407625: off 152
0:01:48.423332: off 150
0:01:48.438875: off 147
0:01:48.454545: off 146
0:01:48.485658: off 145
0:01:48.579417: off 144
0:01:48.720170: off 142
0:01:48.735747: off 141
0:01:48.751463: off 139
0:01:48.766998: off 135
0:01:48.782664: off 132
0:01:48.798167: off 126
0:01:48.813776: off 114
0:01:48.829472: off 105
0:01:48.845116: off 94
0:01:48.860639: off 89
0:01:48.891892: off 85
0:01:48.907527: off 81
0:01:48.923294: off 80
0:01:48.938918: off 79
0:01:48.954552: off 78
0:01:48.985777: off 77
0:01:49.110800: off 79
0:01:49.126361: off 84
0:01:49.157664: off 91
0:01:49.173288: off 101
0:01:49.188916: off 124
0:01:49.204541: off 141
0:01:49.220168: off 165
0:01:49.235787: off 180
0:01:49.532706: off 163
0:01:49.548165: off 152
0:01:49.563916: off 135
0:01:49.579491: off 126
0:01:49.595020: off 119
0:01:49.610744: off 110
0:01:49.626314: off 107
0:01:49.657667: off 106
0:01:49.673248: off 105
0:01:49.688960: off 104
0:01:49.720042: off 105
0:01:49.735789: off 107
0:01:49.751458: off 112
0:01:49.767037: off 122
0:01:49.782666: off 137
0:01:49.813768: off 180
0:01:50.095173: off 173
0:01:50.095173: off 154
0:01:50.110786: off 145
0:01:50.142043: off 135
0:01:50.142043: off 122
0:01:50.173236: off 111
0:01:50.188789: off 102
0:01:50.204585: off 88
0:01:50.220128: off 83
0:01:50.235647: off 76
0:01:50.251360: off 73
0:01:50.282542: off 71
0:01:50.282542: off 70
0:01:50.313911: off 69
0:01:50.345203: off 68
0:01:50.423248: off 67
0:01:50.438984: off 66
0:01:50.470176: off 65
0:01:50.485792: off 63
0:01:50.501378: off 59
0:01:50.516894: off 48
0:01:50.532516: off 39
0:01:50.548167: off 28
0:01:50.563910: off 15
0:01:50.579537: off 7
0:01:50.595024: off 2
0:01:50.610642: off 0
0:01:50.798294: off 3
0:01:50.829409: off 5
0:01:50.829409: off 7
0:01:50.845173: off 10
0:01:50.860695: off 12
0:01:50.876366: off 16
0:01:50.892005: off 24
0:01:50.907542: off 30
0:01:50.938799: off 36
0:01:50.954545: off 44
0:01:50.970149: off 50
0:01:50.985795: off 57
0:01:51.001413: off 68
0:01:51.016998: off 77
0:01:51.032668: off 84
0:01:51.048286: off 96
0:01:51.079541: off 103
0:01:51.079541: off 109
0:01:51.126267: off 110
0:02:01.501369: freq 0
0:02:01.923691: amp 0
0:02:01.923691: off 90
0:02:01.923691: phb 0
0:02:07.314460: amp 1
0:02:07.408209: amp 2
0:02:07.533054: amp 3
0:02:07.595760: amp 4
0:02:07.673825: amp 5
0:02:07.736267: amp 6
0:02:07.783054: amp 7
0:02:07.845695: amp 8
0:02:08.064447: amp 9
0:02:09.595746: amp 10
0:02:09.736232: amp 11
0:02:09.830090: amp 12
0:02:09.892452: amp 13
0:02:09.986203: amp 14
0:02:10.064327: amp 15
0:02:10.111347: amp 16
0:02:10.126957: amp 17
0:02:10.158197: amp 18
0:02:10.158197: amp 19
0:02:10.189314: amp 20
0:02:10.251954: amp 21
0:02:10.329952: amp 22
0:02:10.392619: amp 23
0:02:10.408197: amp 24
0:02:10.455024: amp 25
0:02:10.486326: amp 26
0:02:10.548684: amp 27
0:02:10.548684: amp 28
0:02:10.580078: amp 29
0:02:10.595703: amp 30
0:02:10.611324: amp 31
0:02:10.626955: amp 32
0:02:10.658205: amp 33
0:02:10.673765: amp 34
0:02:10.689301: amp 36
0:02:10.736362: amp 38
0:02:10.751954: amp 39
0:02:10.767428: amp 40
0:02:10.783071: amp 42
0:02:10.798828: amp 43
0:02:10.814296: amp 45
0:02:10.830072: amp 46
0:02:10.845701: amp 47
0:02:10.861321: amp 48
0:02:10.892579: amp 49
0:02:10.955019: amp 50
0:02:10.955019: amp 51
0:02:10.986329: amp 52
0:02:11.001840: amp 53
0:02:11.017430: amp 54
0:02:11.033155: amp 55
0:02:11.048756: amp 56
0:02:11.064426: amp 57
0:02:14.048877: amp 56
0:02:14.064454: amp 57
0:02:14.111290: amp 58
0:02:14.173829: amp 59
0:02:14.205028: amp 60
0:02:14.251908: amp 61
0:02:14.298701: amp 62
0:02:14.330069: amp 63
0:02:14.361226: amp 64
0:02:14.392594: amp 65
0:02:14.423830: amp 67
0:02:14.439393: amp 68
0:02:14.486283: amp 69
0:02:14.501834: amp 70
0:02:14.517581: amp 71
0:02:14.533203: amp 72
0:02:14.548701: amp 73
0:02:14.580073: amp 74
0:02:14.595557: amp 75
0:02:14.611372: amp 76
0:02:14.626946: amp 78
0:02:14.642452: amp 79
0:02:14.658198: amp 80
0:02:14.673829: amp 81
0:02:14.689297: amp 82
0:02:14.704926: amp 83
0:02:14.736198: amp 84
0:02:14.751951: amp 85
0:02:14.767583: amp 86
0:02:14.798875: amp 87
0:02:14.814302: amp 88
0:02:14.845561: amp 89
0:02:14.861323: amp 90
0:02:26.205116: amp 89
0:02:26.236357: amp 88
0:02:26.251869: amp 87
0:02:26.298700: amp 84
0:02:26.314421: amp 81
0:02:26.330075: amp 79
0:02:26.345710: amp 78
0:02:26.361329: amp 77
0:02:26.392535: amp 76
0:02:26.408202: amp 75
0:02:26.423827: amp 74
0:02:26.439445: amp 71
0:02:26.455026: amp 70
0:02:26.470550: amp 67
0:02:26.486323: amp 65
0:02:26.517444: amp 64
0:02:26.517444: amp 63
0:02:26.580073: amp 62
0:02:26.611368: amp 61
0:02:26.626931: amp 58
0:02:26.642573: amp 55
0:02:26.658197: amp 53
0:02:26.673828: amp 49
0:02:26.689447: amp 44
0:02:26.704931: amp 38
0:02:26.720710: amp 33
0:02:26.736271: amp 28
0:02:26.767574: amp 24
0:02:26.783197: amp 19
0:02:26.798779: amp 16
0:02:26.861210: amp 10
0:02:26.861210: amp 6
0:02:26.861210: amp 4
0:02:26.876956: amp 0
0:02:27.251996: amp 6
0:02:27.267526: amp 18
0:02:27.298896: amp 35
0:02:27.314328: amp 44
0:02:27.330079: amp 47
0:02:27.345555: amp 49
0:02:28.986202: freq 0
0:02:28.986202: amp 0
0:02:28.986202: off 90
0:02:28.986202: phb 0
0:02:31.501956: off 82
0:02:31.751821: off 80
0:02:31.767451: off 75
0:02:31.783174: off 71
0:02:31.783174: off 65
0:02:31.814298: off 62
0:02:31.829923: off 54
0:02:31.845700: off 46
0:02:31.861323: off 41
0:02:31.876800: off 28
0:02:31.892429: off 19
0:02:31.908078: off 12
0:02:31.923828: off 1
0:02:31.939455: off 0
0:02:58.502671: amp 1
0:02:58.612226: amp 2
0:03:00.815351: amp 1
0:03:00.893290: amp 0
0:03:05.550711: freq 0
0:03:05.550711: amp 0
0:03:05.972613: off 90
0:03:05.972613: phb 0
0:03:28.163620: amp 1
0:03:28.226565: amp 2
0:03:28.258387: amp 3
0:03:28.305665: amp 4
0:03:28.352548: amp 5
0:03:28.384300: amp 6
0:03:28.400452: amp 7
0:03:28.432323: amp 8
0:03:28.463918: amp 9
0:03:28.495838: amp 10
0:03:28.527660: amp 11
0:03:28.543835: amp 12
0:03:28.560121: amp 13
0:03:28.591727: amp 15
0:03:28.623563: amp 16
0:03:28.623563: amp 17
0:03:28.654416: amp 18
0:03:28.670217: amp 19
0:03:28.686231: amp 21
0:03:28.686231: amp 23
0:03:28.718034: amp 24
0:03:28.733846: amp 26
0:03:28.749637: amp 27
0:03:28.765210: amp 28
0:03:28.780966: amp 31
0:03:28.796517: amp 33
0:03:28.827771: amp 34
0:03:28.859063: amp 35
0:03:28.874500: amp 36
0:03:28.890110: amp 37
0:03:28.905735: amp 39
0:03:28.937078: amp 40
0:03:28.937078: amp 42
0:03:28.968382: amp 43
0:03:28.983987: amp 44
0:03:28.999642: amp 45
0:03:29.047223: amp 46
0:03:29.078437: amp 47
0:03:29.109687: amp 48
0:03:29.125313: amp 49
0:03:29.140867: amp 50
0:03:29.156503: amp 53
0:03:29.187749: amp 56
0:03:29.187749: amp 57
0:03:29.219018: amp 58
0:03:29.265940: amp 59
0:03:29.297188: amp 62
0:03:29.312810: amp 64
0:03:29.328484: amp 65
0:03:29.343954: amp 67
0:03:37.477551: amp 66
0:03:37.493208: amp 63
0:03:37.508737: amp 59
0:03:37.524293: amp 57
0:03:37.571249: amp 56
0:03:37.649264: amp 55
0:03:37.696168: amp 54
0:03:37.711922: amp 51
0:03:37.727545: amp 47
0:03:37.743229: amp 42
0:03:37.774357: amp 39
0:03:37.774357: amp 35
0:03:37.790068: amp 28
0:03:37.805567: amp 24
0:03:37.836893: amp 18
0:03:37.836893: amp 10
0:03:37.868015: amp 6
0:03:37.883813: amp 0
0:03:40.524462: freq 0.05
0:03:40.649385: freq 0.1
0:03:40.727578: freq 0.15
0:03:40.899477: freq 0.2
0:03:40.915055: freq 0.25
0:03:40.930678: freq 0.3
0:03:42.633792: freq 0.35
0:03:42.727544: freq 0.4
0:03:42.915004: freq 0.45
0:03:42.961878: freq 0.5
0:03:42.977414: freq 0.55
0:03:43.008843: freq 0.6
0:03:43.024410: freq 0.65
0:03:43.055540: freq 0.7
0:03:43.071241: freq 0.75
0:03:43.102388: freq 0.8
0:03:43.149398: freq 0.85
0:03:43.196298: freq 0.9
0:03:43.243206: freq 0.95
0:03:43.508835: freq 1
0:03:43.930668: freq 1
0:03:46.649423: amp 4
0:03:50.274416: amp 3
0:03:50.618099: amp 4
0:03:50.680698: amp 5
0:03:50.727543: amp 6
0:03:50.774421: amp 7
0:03:50.821251: amp 8
0:03:50.899462: amp 9
0:03:50.930531: amp 10
0:03:50.961791: amp 11
0:03:50.977409: amp 12
0:03:51.008785: amp 13
0:03:51.039975: amp 14
0:03:51.071302: amp 15
0:03:51.102427: amp 16
0:03:55.383799: amp 17
0:03:55.415036: amp 18
0:03:55.430536: amp 19
0:03:55.446290: amp 22
0:03:55.461911: amp 24
0:03:55.477543: amp 26
0:03:55.571335: amp 28
0:03:55.586917: amp 30
0:03:55.602538: amp 34
0:03:55.618058: amp 46
0:03:55.633677: amp 55
0:03:55.665041: amp 71
0:03:55.680584: amp 83
0:03:55.696255: amp 90
0:03:59.727591: amp 89
0:03:59.774416: amp 88
0:03:59.790049: amp 87
0:03:59.805651: amp 86
0:03:59.821285: amp 85
0:03:59.836767: amp 84
0:03:59.852564: amp 83
0:03:59.899460: amp 82
0:03:59.946144: amp 81
0:03:59.993135: amp 80
0:04:00.039923: amp 79
0:04:00.039923: amp 77
0:04:00.055549: amp 74
0:04:00.071285: amp 73
0:04:00.086917: amp 69
0:04:00.102534: amp 67
0:04:00.118042: amp 63
0:04:00.133698: amp 61
0:04:00.164932: amp 59
0:04:00.180519: amp 57
0:04:00.196253: amp 56
0:04:00.211913: amp 55
0:04:00.227538: amp 53
0:04:00.243203: amp 52
0:04:00.274419: amp 50
0:04:00.289905: amp 49
0:04:00.305618: amp 48
0:04:00.321241: amp 45
0:04:00.336789: amp 44
0:04:00.352491: amp 43
0:04:00.399268: amp 42
0:04:00.586961: amp 40
0:04:00.602543: amp 35
0:04:00.618160: amp 33
0:04:00.633756: amp 31
0:04:00.649422: amp 29
0:04:00.665061: amp 28
0:04:00.680625: amp 27
0:04:00.727592: amp 26
0:04:00.743162: amp 25
0:04:00.758744: amp 24
0:04:00.774422: amp 23
0:04:00.805668: amp 21
0:04:00.821294: amp 20
0:04:00.821294: amp 19
0:04:00.836804: amp 17
0:04:00.852537: amp 15
0:04:00.868021: amp 13
0:04:00.883651: amp 11
0:04:00.899421: amp 9
0:04:00.930597: amp 7
0:04:00.946144: amp 5
0:04:00.961788: amp 4
0:04:00.977546: amp 2
0:04:00.993171: amp 0
0:04:04.930676: off 86
0:04:05.290054: off 85
0:04:05.305620: off 83
0:04:05.321291: off 82
0:04:05.336913: off 80
0:04:05.352546: off 78
0:04:05.383789: off 77
0:04:05.399291: off 76
0:04:05.415034: off 75
0:04:05.430589: off 73
0:04:05.461847: off 72
0:04:05.477544: off 71
0:04:05.493174: off 70
0:04:05.508787: off 69
0:04:05.524384: off 68
0:04:05.539899: off 66
0:04:05.555717: off 65
0:04:05.571338: off 63
0:04:05.586914: off 62
0:04:05.602533: off 60
0:04:05.618163: off 58
0:04:05.633746: off 54
0:04:05.649368: off 51
0:04:05.680541: off 48
0:04:05.680541: off 46
0:04:05.696224: off 45
0:04:05.711915: off 42
0:04:05.743012: off 39
0:04:05.758646: off 37
0:04:05.774298: off 33
0:04:05.790046: off 31
0:04:05.805518: off 29
0:04:05.821284: off 27
0:04:05.852416: off 25
0:04:05.868160: off 24
0:04:05.899263: off 23
0:04:05.914919: off 22
0:04:05.914919: off 20
0:04:05.930550: off 18
0:04:05.961922: off 15
0:04:05.977406: off 13
0:04:05.993208: off 12
0:04:06.008653: off 10
0:04:06.024267: off 9
0:04:06.040048: off 7
0:04:06.055658: off 4
0:04:06.086929: off 2
0:04:06.086929: off 0
0:04:06.430656: off 1
0:04:06.461864: off 4
0:04:06.477507: off 7
0:04:06.493042: off 14
0:04:06.508645: off 18
0:04:06.524366: off 20
0:04:06.539899: off 21
0:04:06.555668: off 22
0:04:06.571275: off 23
0:04:06.586910: off 24
0:04:06.602419: off 25
0:04:06.618078: off 26
0:04:06.696307: off 27
0:04:06.758735: off 28
0:04:06.789894: off 30
0:04:06.805543: off 31
0:04:06.821301: off 34
0:04:06.836913: off 38
0:04:06.852541: off 42
0:04:06.868016: off 51
0:04:06.883643: off 55
0:04:06.899285: off 60
0:04:06.914894: off 63
0:04:06.946152: off 66
0:04:06.946152: off 69
0:04:06.977416: off 72
0:04:06.993161: off 73
0:04:07.008841: off 76
0:04:07.024420: off 79
0:04:07.040024: off 82
0:04:07.055529: off 87
0:04:07.071175: off 89
0:04:07.086912: off 91
0:04:07.102541: off 94
0:04:07.118110: off 95
0:04:07.133776: off 98
0:04:07.149269: off 99
0:04:07.164889: off 102
0:04:07.196146: off 104
0:04:07.196146: off 105
0:04:07.227403: off 107
0:04:07.227403: off 109
0:04:07.258795: off 110
0:04:07.274327: off 111
0:04:07.290019: off 113
0:04:07.305663: off 115
0:04:07.336770: off 117
0:04:07.352544: off 118
0:04:07.368120: off 120
0:04:07.383648: off 123
0:04:07.399270: off 124
0:04:07.430566: off 125
0:04:07.430566: off 127
0:04:07.446166: off 128
0:04:07.477486: off 129
0:04:07.493162: off 131
0:04:07.508785: off 133
0:04:07.524412: off 135
0:04:07.540023: off 136
0:04:07.555667: off 137
0:04:07.571330: off 139
0:04:07.586960: off 141
0:04:07.602500: off 142
0:04:07.618024: off 144
0:04:07.633695: off 145
0:04:07.649368: off 146
0:04:07.680512: off 147
0:04:07.696142: off 148
0:04:07.711767: off 149
0:04:07.727557: off 150
0:04:07.743198: off 151
0:04:07.774416: off 153
0:04:07.790021: off 154
0:04:07.805665: off 155
0:04:07.821251: off 156
0:04:07.836793: off 158
0:04:07.852487: off 160
0:04:07.868171: off 161
0:04:07.883792: off 162
0:04:07.899422: off 164
0:04:07.914898: off 165
0:04:07.961878: off 166
0:04:07.961878: off 167
0:04:08.008639: off 168
0:04:08.055643: off 169
0:04:08.180712: off 166
0:04:08.196250: off 163
0:04:08.227543: off 160
0:04:08.243125: off 158
0:04:08.258793: off 156
0:04:08.274423: off 155
0:04:08.289896: off 152
0:04:08.305516: off 151
0:04:08.321286: off 149
0:04:08.336918: off 146
0:04:08.352543: off 144
0:04:08.368179: off 142
0:04:08.383672: off 139
0:04:08.399267: off 137
0:04:08.414994: off 132
0:04:08.430865: off 129
0:04:08.446293: off 126
0:04:08.461759: off 121
0:04:08.493165: off 116
0:04:08.508789: off 111
0:04:08.524454: off 99
0:04:08.540023: off 92
0:04:08.555624: off 84
0:04:08.571333: off 74
0:04:08.586794: off 68
0:04:08.602538: off 60
0:04:08.618108: off 52
0:04:08.649370: off 44
0:04:08.649370: off 37
0:04:08.664893: off 30
0:04:08.680514: off 26
0:04:08.711915: off 20
0:04:08.711915: off 16
0:04:08.743208: off 12
0:04:08.758665: off 9
0:04:08.774414: off 7
0:04:08.790038: off 5
0:04:08.805677: off 3
0:04:08.821223: off 2
0:04:08.836794: off 1
0:04:08.993050: off 3
0:04:09.008794: off 4
0:04:09.024461: off 6
0:04:09.039992: off 8
0:04:09.055615: off 9
0:04:09.071288: off 10
0:04:09.086917: off 12
0:04:09.102551: off 14
0:04:09.118164: off 16
0:04:09.133668: off 20
0:04:09.149412: off 23
0:04:09.165044: off 26
0:04:09.180650: off 31
0:04:09.211763: off 36
0:04:09.227494: off 40
0:04:09.243178: off 44
0:04:09.258802: off 47
0:04:09.274415: off 50
0:04:09.290019: off 53
0:04:09.305511: off 55
0:04:09.321248: off 59
0:04:09.336869: off 61
0:04:09.352404: off 64
0:04:09.368165: off 69
0:04:09.383651: off 74
0:04:09.399418: off 78
0:04:09.430528: off 85
0:04:09.446201: off 89
0:04:09.446201: off 93
0:04:09.477494: off 99
0:04:09.493111: off 102
0:04:09.508791: off 105
0:04:09.524267: off 109
0:04:09.540045: off 112
0:04:09.555589: off 114
0:04:09.571308: off 117
0:04:09.586912: off 119
0:04:09.602393: off 121
0:04:09.618135: off 123
0:04:09.633986: off 124
0:04:09.649410: off 126
0:04:09.680514: off 127
0:04:09.680514: off 128
0:04:09.696138: off 129
0:04:09.758640: off 130
0:04:09.868216: off 129
0:04:09.915042: off 128
0:04:10.539916: off 131
0:04:10.555671: off 134
0:04:10.571227: off 135
0:04:10.586892: off 136
0:04:10.602544: off 137
0:04:10.633805: off 138
0:04:10.665053: off 139
0:04:10.680674: off 140
0:04:10.696144: off 142
0:04:10.727537: off 143
0:04:10.758759: off 144
0:04:10.774423: off 145
0:04:10.805668: off 146
0:04:10.868210: off 147
0:04:10.899414: off 148
0:04:10.914994: off 149
0:04:10.930622: off 150
0:04:10.961815: off 151
0:04:10.977535: off 152
0:04:10.977535: off 153
0:04:11.008796: off 154
0:04:11.024435: off 155
0:04:11.040047: off 157
0:04:11.055651: off 159
0:04:11.071294: off 161
0:04:11.086771: off 164
0:04:11.102538: off 167
0:04:11.133660: off 170
0:04:11.133660: off 176
0:04:11.149423: off 180
0:04:22.211961: off 179
0:04:22.227495: off 178
0:04:22.289905: off 176
0:04:22.305642: off 175
0:04:22.336966: off 174
0:04:22.352581: off 173
0:04:22.368165: off 172
0:04:22.399458: off 171
0:04:22.415041: off 170
0:04:22.446287: off 169
0:04:22.461862: off 168
0:04:22.477491: off 166
0:04:22.493119: off 165
0:04:22.524396: off 163
0:04:22.539999: off 161
0:04:22.555622: off 160
0:04:22.571145: off 157
0:04:22.586798: off 155
0:04:22.602540: off 152
0:04:22.618162: off 149
0:04:22.633736: off 146
0:04:22.649363: off 144
0:04:22.664900: off 140
0:04:22.680540: off 138
0:04:22.696205: off 134
0:04:22.711861: off 131
0:04:22.727489: off 129
0:04:22.758683: off 125
0:04:22.758683: off 122
0:04:22.789924: off 119
0:04:22.805667: off 115
0:04:22.821296: off 112
0:04:22.836896: off 110
0:04:22.852544: off 107
0:04:22.868164: off 106
0:04:22.899470: off 104
0:04:22.914986: off 103
0:04:22.930615: off 102
0:04:22.961901: off 101
0:04:22.961901: off 100
0:04:22.993040: off 99
0:04:22.993040: off 98
0:04:23.008656: off 97
0:04:23.024363: off 96
0:04:23.055649: off 94
0:04:23.071287: off 93
0:04:23.086875: off 92
0:04:23.102541: off 91
0:04:23.118114: off 90
0:04:23.133662: off 88
0:04:23.164894: off 87
0:04:23.180532: off 85
0:04:23.196135: off 84
0:04:23.211821: off 83
0:04:23.227396: off 82
0:04:23.243056: off 81
0:04:23.289894: off 80
0:04:23.305539: off 79
0:04:23.336907: off 78
0:04:23.368202: off 77
0:04:23.399290: off 76
0:04:23.414904: off 74
0:04:23.430662: off 72
0:04:23.446163: off 71
0:04:23.461856: off 70
0:04:23.477542: off 69
0:04:23.493023: off 68
0:04:23.539996: off 67
0:04:23.555707: off 66
0:04:23.571297: off 65
0:04:23.586881: off 64
0:04:23.602494: off 63
0:04:23.618136: off 62
0:04:23.633785: off 61
0:04:23.649418: off 60
0:04:23.664975: off 59
0:04:23.680625: off 58
0:04:23.696143: off 56
0:04:23.727537: off 55
0:04:23.743249: off 54
0:04:23.789915: off 53
0:04:23.836882: off 52
0:04:23.852594: off 51
0:04:23.883795: off 50
0:04:23.915093: off 49
0:04:23.930662: off 48
0:04:23.961769: off 47
0:04:23.993213: off 46
0:04:24.024282: off 45
0:04:24.039906: off 44
0:04:24.071288: off 43
0:04:24.086783: off 42
0:04:24.118164: off 41
0:04:24.149412: off 40
0:04:24.180548: off 39
0:04:24.211870: off 38
0:04:24.211870: off 37
0:04:24.258642: off 36
0:04:24.258642: off 35
0:04:24.289905: off 34
0:04:24.305583: off 33
0:04:24.336942: off 32
0:04:24.368191: off 31
0:04:24.383791: off 30
0:04:24.430545: off 29
0:04:24.430545: off 28
0:04:24.461887: off 27
0:04:24.493206: off 26
0:04:24.508641: off 25
0:04:24.555718: off 24
0:04:24.602554: off 23
0:04:24.633794: off 22
0:04:24.696289: off 21
0:04:24.743137: off 20
0:04:24.805663: off 19
0:04:24.836932: off 18
0:04:24.868186: off 17
0:04:24.899463: off 16
0:04:24.930712: off 15
0:04:24.961941: off 14
0:04:24.977416: off 13
0:04:25.024282: off 12
0:04:25.039906: off 11
0:04:25.071340: off 9
0:04:25.102448: off 8
0:04:25.118147: off 7
0:04:25.133791: off 6
0:04:25.164901: off 4
0:04:25.196348: off 3
0:04:25.211783: off 2
0:04:25.321305: off 1
0:04:25.352394: off 0
0:04:27.727549: amp 2
0:04:28.071343: amp 3
0:04:28.102596: amp 4
0:04:28.118170: amp 5
0:04:28.133655: amp 6
0:04:28.165041: amp 9
0:04:28.180544: amp 11
0:04:28.196289: amp 12
0:04:28.211864: amp 14
0:04:28.227395: amp 15
0:04:28.243120: amp 16
0:04:28.274264: amp 17
0:04:28.305514: amp 18
0:04:28.321285: amp 19
0:04:28.336764: amp 20
0:04:28.352542: amp 21
0:04:28.368203: amp 23
0:04:28.383646: amp 24
0:04:28.399745: amp 26
0:04:28.414896: amp 27
0:04:28.430662: amp 28
0:04:28.446288: amp 30
0:04:28.493027: amp 31
0:04:28.493027: amp 32
0:04:28.524351: amp 35
0:04:28.539895: amp 37
0:04:28.555659: amp 39
0:04:28.571288: amp 41
0:04:28.586963: amp 43
0:04:28.602547: amp 44
0:04:28.618168: amp 45
0:04:28.633799: amp 46
0:04:28.649292: amp 47
0:04:28.680720: amp 48
0:04:28.696294: amp 49
0:04:28.711771: amp 50
0:04:28.727395: amp 51
0:04:28.743041: amp 52
0:04:28.774269: amp 53
0:04:28.789896: amp 55
0:04:28.789896: amp 56
0:04:28.821284: amp 57
0:04:28.836910: amp 58
0:04:28.852393: amp 59
0:04:28.868166: amp 61
0:04:28.883787: amp 63
0:04:28.899337: amp 64
0:04:28.914897: amp 65
0:04:28.930668: amp 66
0:04:28.946285: amp 67
0:04:28.961887: amp 68
0:04:28.977538: amp 69
0:04:28.993119: amp 70
0:04:29.008754: amp 71
0:04:29.024274: amp 72
0:04:29.055663: amp 73
0:04:29.071335: amp 74
0:04:29.086969: amp 76
0:04:29.102546: amp 77
0:04:29.118170: amp 79
0:04:29.133742: amp 81
0:04:29.149268: amp 82
0:04:29.164891: amp 84
0:04:29.180670: amp 85
0:04:29.196297: amp 87
0:04:29.211793: amp 88
0:04:29.243341: amp 89
0:04:29.243341: amp 90
0:04:34.727995: amp 88
0:04:34.774800: amp 87
0:04:34.806029: amp 86
0:04:34.821658: amp 85
0:04:34.837275: amp 84
0:04:34.852905: amp 83
0:04:34.868554: amp 82
0:04:34.884174: amp 81
0:04:34.899872: amp 77
0:04:34.915449: amp 75
0:04:34.931073: amp 72
0:04:34.946579: amp 69
0:04:34.962196: amp 67
0:04:34.977865: amp 65
0:04:35.024762: amp 64
0:04:35.134218: amp 65
0:04:35.149775: amp 66
0:04:35.165406: amp 67
0:04:35.181036: amp 68
0:04:35.196702: amp 69
0:04:35.243580: amp 70
0:04:35.274831: amp 71
0:04:35.305938: amp 72
0:04:35.321704: amp 73
0:04:35.337332: amp 76
0:04:35.352817: amp 79
0:04:35.368486: amp 84
0:04:35.384229: amp 89
0:04:35.399829: amp 90
0:04:36.946755: freq 0.95
0:04:36.977915: freq 0.9
0:04:37.087205: freq 0.85
0:04:37.118579: freq 0.8
0:04:37.134209: freq 0.75
0:04:37.149825: freq 0.7
0:04:37.165311: freq 0.65
0:04:37.196752: freq 0.6
0:04:37.212181: freq 0.55
0:04:37.243540: freq 0.5
0:04:37.259077: freq 0.4
0:04:37.290307: freq 0.3
0:04:37.290307: freq 0.2
0:04:37.321551: freq 0.05
0:04:37.337182: freq 0
0:04:39.384209: off 1
0:04:39.399830: off 7
0:04:39.415306: off 10
0:04:39.431029: off 13
0:04:39.446969: off 16
0:04:39.462182: off 18
0:04:39.477955: off 21
0:04:39.493584: off 28
0:04:39.509204: off 32
0:04:39.524826: off 36
0:04:39.540575: off 44
0:04:39.571557: off 49
0:04:39.587306: off 53
0:04:39.587306: off 55
0:04:39.618579: off 57
0:04:39.634198: off 60
0:04:39.649684: off 61
0:04:39.665451: off 63
0:04:39.681075: off 65
0:04:39.696705: off 66
0:04:39.712179: off 68
0:04:39.727958: off 70
0:04:39.743579: off 71
0:04:39.759208: off 73
0:04:39.774677: off 77
0:04:39.790598: off 81
0:04:39.821644: off 84
0:04:39.837178: off 88
0:04:39.852991: off 91
0:04:39.868579: off 93
0:04:39.884148: off 97
0:04:39.899776: off 99
0:04:39.915307: off 101
0:04:39.930940: off 103
0:04:39.946559: off 104
0:04:39.977899: off 106
0:04:39.977899: off 107
0:04:39.993530: off 108
0:04:40.009057: off 110
0:04:40.024700: off 111
0:04:40.040363: off 112
0:04:40.071608: off 114
0:04:40.087178: off 115
0:04:40.102903: off 116
0:04:40.118535: off 117
0:04:40.134160: off 118
0:04:40.149745: off 120
0:04:40.165397: off 122
0:04:40.180947: off 123
0:04:40.196657: off 124
0:04:40.212186: off 126
0:04:40.227901: off 127
0:04:40.243434: off 128
0:04:40.259149: off 130
0:04:40.290402: off 131
0:04:40.321567: off 132
0:04:40.321567: off 133
0:04:40.337187: off 134
0:04:40.368452: off 135
0:04:40.399828: off 136
0:04:40.415451: off 137
0:04:40.446708: off 138
0:04:40.477806: off 139
0:04:40.493429: off 140
0:04:40.509059: off 141
0:04:40.524739: off 142
0:04:40.556097: off 143
0:04:40.571579: off 144
0:04:40.634069: off 145
0:04:40.665450: off 146
0:04:40.696750: off 147
0:04:40.727954: off 148
0:04:40.743580: off 149
0:04:40.774686: off 150
0:04:40.790373: off 151
0:04:40.821557: off 152
0:04:40.837221: off 153
0:04:40.868604: off 154
0:04:40.884204: off 155
0:04:40.915819: off 157
0:04:40.947884: off 158
0:04:40.963559: off 159
0:04:40.994800: off 160
0:04:41.010380: off 161
0:04:41.026014: off 162
0:04:41.041482: off 163
0:04:41.057115: off 165
0:04:41.072890: off 166
0:04:41.088509: off 167
0:04:41.119616: off 169
0:04:41.135262: off 170
0:04:41.151012: off 171
0:04:41.166634: off 173
0:04:41.182263: off 174
0:04:41.198102: off 177
0:04:41.213521: off 178
0:04:41.229013: off 179
0:04:41.244760: off 180
0:04:54.385591: freq 0
0:04:54.385591: amp 0
0:04:54.385591: off 90
0:04:54.385591: phb 0
0:05:10.622785: freq 0.95
0:05:10.810264: freq 0.9
0:05:10.919655: freq 0.85
0:05:10.982787: freq 0.8
0:05:11.014038: freq 0.75
0:05:11.029719: freq 0.7
0:05:11.076598: freq 0.65
0:05:11.154730: freq 0.6
0:05:11.217091: freq 0.55
0:05:11.280103: freq 0.5
0:05:11.342654: freq 0.45
0:05:11.420750: freq 0.4
0:05:11.467456: freq 0.35
0:05:11.467456: freq 0.3
0:05:11.483077: freq 0.25
0:05:11.514327: freq 0.2
0:05:11.561598: freq 0.15
0:05:11.592896: freq 0.1
0:05:11.608349: freq 0.05
0:05:11.624442: freq 0
0:05:14.094759: freq 1
0:05:16.095855: freq 0.95
0:05:16.377009: freq 0.9
0:05:16.424038: freq 0.85
0:05:16.470943: freq 0.8
0:05:16.517774: freq 0.75
0:05:16.611540: freq 0.7
0:05:16.690268: freq 0.65
0:05:16.768392: freq 0.6
0:05:16.846981: freq 0.55
0:05:16.862477: freq 0.5
0:05:16.909504: freq 0.45
0:05:16.956961: freq 0.4
0:05:17.050641: freq 0.35
0:05:17.113231: freq 0.3
0:05:17.144453: freq 0.25
0:05:17.175700: freq 0.2
0:05:17.206989: freq 0.15
0:05:17.300571: freq 0.1
0:05:17.456983: freq 0.05
0:05:17.535071: freq 0
0:05:20.833319: off 94
0:05:20.848901: off 97
0:05:20.864417: off 101
0:05:20.895779: off 103
0:05:20.927119: off 104
0:05:20.942601: off 105
0:05:20.958329: off 106
0:05:20.973959: off 108
0:05:20.989423: off 110
0:05:21.005204: off 112
0:05:21.021351: off 115
0:05:21.036987: off 118
0:05:21.052750: off 124
0:05:21.068878: off 133
0:05:21.084516: off 141
0:05:21.100406: off 149
0:05:21.116213: off 151
0:05:21.131856: off 152
0:05:21.147412: off 153
0:05:21.179268: off 154
0:05:21.194894: off 157
0:05:21.210744: off 161
0:05:21.226379: off 164
0:05:21.242145: off 167
0:05:21.257662: off 170
0:05:21.273379: off 172
0:05:21.289000: off 174
0:05:21.304641: off 177
0:05:21.336459: off 178
0:05:21.336459: off 180
0:05:29.340120: amp 2
0:05:29.934012: amp 3
0:05:29.996555: amp 4
0:05:30.090242: amp 5
0:05:30.121427: amp 6
0:05:30.168250: amp 7
0:05:30.230884: amp 8
0:05:30.293310: amp 9
0:05:30.340253: amp 10
0:05:30.387126: amp 11
0:05:30.434001: amp 12
0:05:30.449471: amp 13
0:05:30.480933: amp 14
0:05:30.496407: amp 15
0:05:30.543824: amp 16
0:05:30.559586: amp 17
0:05:30.622076: amp 18
0:05:30.684613: amp 19
0:05:30.700657: amp 21
0:05:30.716319: amp 23
0:05:30.731914: amp 24
0:05:30.763364: amp 25
0:05:30.794577: amp 28
0:05:30.810044: amp 30
0:05:30.825825: amp 32
0:05:30.842068: amp 34
0:05:30.857884: amp 35
0:05:30.873508: amp 36
0:05:30.889448: amp 39
0:05:30.905243: amp 41
0:05:30.921197: amp 43
0:05:30.936936: amp 45
0:05:30.983819: amp 46
0:05:36.236310: amp 48
0:05:36.642950: amp 51
0:05:36.658595: amp 53
0:05:36.674428: amp 59
0:05:36.690225: amp 63
0:05:36.705870: amp 66
0:05:36.721842: amp 70
0:05:36.737667: amp 73
0:05:36.753966: amp 74
0:05:36.769805: amp 76
0:05:36.785352: amp 78
0:05:36.800852: amp 80
0:05:36.816479: amp 87
0:05:36.832212: amp 90
0:05:45.694857: off 177
0:05:45.710615: off 176
0:05:45.726813: off 174
0:05:45.743037: off 173
0:05:45.759906: off 171
0:05:45.775687: off 166
0:05:45.806058: off 157
0:05:45.821835: off 149
0:05:45.837464: off 137
0:05:45.853007: off 131
0:05:45.869794: off 127
0:05:45.885771: off 125
0:05:45.900881: off 124
0:05:45.916512: off 123
0:05:46.088828: off 122
0:05:46.104495: off 120
0:05:46.120128: off 108
0:05:46.135714: off 99
0:05:46.151328: off 92
0:05:46.166953: off 89
0:05:46.182577: off 88
0:05:46.276909: off 89
0:05:46.387064: off 90
0:05:46.434169: off 91
0:05:52.203356: off 89
0:05:52.219659: off 88
0:05:52.235499: off 87
0:05:52.251036: off 83
0:05:52.266572: off 82
0:05:52.282274: off 79
0:05:52.297965: off 77
0:05:52.313594: off 75
0:05:52.329874: off 72
0:05:52.345053: off 70
0:05:52.360915: off 68
0:05:52.376501: off 65
0:05:52.392059: off 63
0:05:52.407677: off 60
0:05:52.423357: off 56
0:05:52.438945: off 51
0:05:52.470092: off 45
0:05:52.485895: off 41
0:05:52.501695: off 40
0:05:52.517310: off 39
0:05:52.532947: off 37
0:05:52.548587: off 35
0:05:52.564056: off 32
0:05:52.580682: off 30
0:05:52.596755: off 28
0:05:52.611900: off 24
0:05:52.627774: off 21
0:05:52.643319: off 18
0:05:52.674527: off 14
0:05:52.674527: off 11
0:05:52.705945: off 9
0:05:52.721589: off 5
0:05:52.737317: off 3
0:05:52.752994: off 2
0:05:52.768666: off 0
0:05:54.378800: off 1
0:05:54.410080: off 2
0:05:54.425873: off 3
0:05:54.488326: off 4
0:05:54.519668: off 5
0:05:54.535898: off 6
0:05:54.551563: off 7
0:05:54.567376: off 9
0:05:54.582783: off 10
0:05:54.599385: off 12
0:05:54.615312: off 16
0:05:54.630341: off 17
0:05:54.646001: off 19
0:05:54.692855: off 20
0:05:54.724105: off 21
0:05:54.724105: off 22
0:05:54.755455: off 23
0:05:54.771124: off 24
0:05:54.771124: off 25
0:05:54.802394: off 27
0:05:54.818470: off 28
0:05:54.834227: off 29
0:05:55.256146: off 41
0:05:55.787353: off 46
0:05:55.803021: off 54
0:05:55.818663: off 56
0:05:55.834274: off 59
0:05:55.849764: off 60
0:05:55.865518: off 61
0:05:55.881427: off 62
0:05:55.912833: off 63
0:05:55.929056: off 64
0:05:55.944871: off 65
0:05:55.976133: off 66
0:05:56.007191: off 67
0:05:56.022932: off 68
0:05:56.069856: off 69
0:05:56.085427: off 72
0:05:56.101181: off 78
0:05:56.116729: off 85
0:05:56.132195: off 95
0:05:56.148023: off 99
0:05:56.163552: off 100
0:05:56.194874: off 101
0:05:56.272931: off 102
0:05:56.351151: off 103
0:05:56.647977: off 104
0:06:04.117845: off 105
0:06:04.477378: off 106
0:06:04.477378: off 109
0:06:04.492844: off 110
0:06:04.508631: off 111
0:06:04.524249: off 113
0:06:04.541425: off 114
0:06:04.556831: off 115
0:06:04.571843: off 116
0:06:04.618848: off 117
0:06:04.634456: off 120
0:06:04.650104: off 122
0:06:04.666267: off 123
0:06:04.681395: off 124
0:06:04.712978: off 126
0:06:04.728731: off 129
0:06:04.744238: off 134
0:06:04.759982: off 143
0:06:04.775622: off 150
0:06:04.791250: off 155
0:06:04.806859: off 157
0:06:04.822495: off 158
0:06:04.838016: off 159
0:06:04.853692: off 160
0:06:04.978775: off 161
0:06:05.056902: off 162
0:06:05.072459: off 164
0:06:05.088121: off 169
0:06:05.103736: off 171
0:06:05.119362: off 173
0:06:05.150678: off 174
0:06:05.166220: off 176
0:06:05.181744: off 177
0:06:05.197582: off 179
0:06:05.214057: off 180
0:06:14.229292: off 177
0:06:14.244931: off 176
0:06:14.260582: off 175
0:06:14.291723: off 174
0:06:14.322970: off 173
0:06:14.338654: off 172
0:06:14.354222: off 171
0:06:14.401153: off 170
0:06:14.432374: off 169
0:06:14.494958: off 168
0:06:16.588689: off 169
0:06:16.619896: off 170
0:06:16.682385: off 173
0:06:16.698031: off 174
0:06:16.713659: off 176
0:06:16.729308: off 178
0:06:16.744773: off 179
0:06:16.760509: off 180
0:06:18.182285: phb 5.863020562474205
0:06:18.619904: phb 5.849798353848912
0:06:18.635459: phb 5.830440082462783
0:06:18.666719: phb 5.804054630529316
0:06:18.682428: phb 5.7766165820927995
0:06:18.698054: phb 5.748107179899393
0:06:18.729148: phb 5.718513131780569
0:06:18.744926: phb 5.696690709920032
0:06:18.776152: phb 5.656036964979364
0:06:18.791843: phb 5.612870138966716
0:06:18.807432: phb 5.578316475589007
0:06:18.823057: phb 5.5671233628085055
0:06:18.838601: phb 5.542715444479003
0:06:18.869912: phb 5.518256092258033
0:06:18.885473: phb 5.493669138846961
0:06:18.901018: phb 5.455508901034454
0:06:18.916746: phb 5.442121524966201
0:06:18.948059: phb 5.430164128830482
0:06:18.963693: phb 5.390974086258921
0:06:18.979299: phb 5.3767195214745485
0:06:18.994975: phb 5.34723049911903
0:06:19.010553: phb 5.300476150917768
0:06:19.026186: phb 5.27379223196477
0:06:19.041805: phb 5.2234284520006895
0:06:19.057430: phb 5.20597117351502
0:06:19.072867: phb 5.151599514711987
0:06:19.104122: phb 5.074580208010929
0:06:19.104122: phb 5.054557496930328
0:06:19.119833: phb 4.950336946306619
0:06:19.135375: phb 4.885014570502735
0:06:19.166617: phb 4.8405891170872355
0:06:19.182243: phb 4.7956472207733425
0:06:19.182243: phb 4.682213549206196
0:06:19.213611: phb 4.659525702693485
0:06:19.229227: phb 4.6143379556372075
0:06:19.244985: phb 4.4604032727237595
0:06:19.260467: phb 4.317699144317965
0:06:19.276128: phb 4.207313174418404
0:06:19.291627: phb 4.038667446030873
0:06:19.307411: phb 3.9231001915776935
0:06:19.323056: phb 3.8451380595321187
0:06:19.338679: phb 3.7427073729476956
0:06:19.354209: phb 3.6866073104186294
0:06:19.369772: phb 3.631094589123257
0:06:19.401094: phb 3.5057628238318466
0:06:19.416677: phb 3.4414490078091298
0:06:19.432376: phb 3.3617074702345358
0:06:21.619773: phb 3.5003908285408576
0:06:21.916822: phb 3.4714991556630936
0:06:21.932270: phb 3.3967948704032658
0:06:21.963521: phb 3.3348201524030068
0:06:21.979232: phb 3.319068098699665
0:06:21.994919: phb 3.224283288471188
0:06:22.010482: phb 3.175290187785678
0:06:22.026175: phb 3.141592653589793
0:06:22.041748: phb 3.0560787176508706
0:06:22.057467: phb 3.0029393553584693
0:06:22.073086: phb 2.952017729445514
0:06:22.088497: phb 2.881335713388443
0:06:22.104153: phb 2.8322924999645007
0:06:22.119856: phb 2.8004142144539252
0:06:22.135559: phb 2.74762300306775
0:06:22.151172: phb 2.6952315562865903
0:06:22.166617: phb 2.643518907893525
0:06:22.182375: phb 2.592740473870803
0:06:22.197870: phb 2.5565456093979093
0:06:22.229149: phb 2.485192429962231
0:06:22.244846: phb 2.4502020690252837
0:06:22.260590: phb 2.370735767915887
0:06:22.276166: phb 2.305084164227125
0:06:22.291782: phb 2.2540165094200573
0:06:22.307245: phb 2.2034832689169463
0:06:22.322985: phb 2.166652169663132
0:06:22.354249: phb 2.131786695550346
0:06:22.369846: phb 2.0938595048357858
0:06:22.401020: phb 2.0262672074983183
0:06:22.401020: phb 1.871504898617998
0:06:22.416641: phb 1.5271116568480894
0:06:22.432246: phb 1.3964951251429585
0:06:22.463608: phb 1.3240210474097618
0:06:22.479145: phb 1.2929323484209096
0:06:22.494899: phb 1.272505074408998
0:06:22.510482: phb 1.2324211722337344
0:06:22.526154: phb 1.1838712321670255
0:06:22.541729: phb 1.1514816530814598
0:06:22.557272: phb 1.0596643646441206
0:06:22.572891: phb 1.0053230620188214
0:06:22.588500: phb 0.9660545914023492
0:06:22.729309: phb 0.6829220145166335
0:06:22.744911: phb 0.6534362189240419
0:06:22.760550: phb 0.601044409819086
0:06:22.791782: phb 0.5646363664090628
0:06:24.682405: phb 0.3711235474211044
0:06:24.697965: phb 0.39674200487953243
0:06:25.088525: phb 0.4109128510733108
0:06:25.119905: phb 0.43873249714661916
0:06:25.135476: phb 0.45237841140862955
0:06:25.166733: phb 0.506569938870906
0:06:25.197915: phb 0.5454647714324948
0:06:25.213649: phb 0.5580388472176274
0:06:25.229121: phb 0.5946005491622784
0:06:25.244762: phb 0.6180168050126577
0:06:25.260514: phb 0.6294401994691602
0:06:25.276209: phb 0.6625979257986654
0:06:25.291804: phb 0.6905555354786187
0:06:25.307271: phb 0.7100841581426851
0:06:25.322887: phb 0.7588640875954199
0:06:25.338599: phb 0.7886251071133448
0:06:25.354185: phb 0.8184453590060482
0:06:25.369767: phb 0.8475582849084089
0:06:25.385484: phb 0.8671277212701372
0:06:25.401017: phb 0.8974521883745337
0:06:25.416748: phb 0.9395103909913278
0:06:25.447991: phb 0.986589652715451
0:06:25.479123: phb 1.005775937005557
0:06:25.510524: phb 1.0318735135460793
0:06:25.526158: phb 1.0504683892275877
0:06:25.541803: phb 1.0623098498453802
0:06:25.557371: phb 1.111133476731366
0:06:25.588650: phb 1.1292144910394348
0:06:25.604149: phb 1.1646749152792275
0:06:25.635481: phb 1.1820432156595388
0:06:25.651098: phb 1.2067521134189823
0:06:25.666702: phb 1.2238467523341792
0:06:25.682369: phb 1.23635886915428
0:06:25.713663: phb 1.2489795754863766
0:06:25.744865: phb 1.265738118009171
0:06:25.791776: phb 1.294844286757788
0:06:25.823030: phb 1.307571387007382
0:06:25.885532: phb 1.3203863848914126
0:06:25.963524: phb 1.359323406551918
0:06:26.026154: phb 1.3724538549322431
0:06:26.244913: phb 1.3989221076279814
0:06:26.276208: phb 1.4122491962625727
0:06:26.307271: phb 1.4256345487003885
0:06:26.385528: phb 1.4525572103851594
0:06:26.447993: phb 1.479654391762673
0:06:26.510524: phb 1.4932547571210848
0:06:26.869909: phb 1.5205394111348052
0:06:26.901192: phb 1.5342111758862902
0:06:26.932407: phb 1.5478978898691118
0:06:27.041778: phb 1.5892403626381
0:06:27.072986: phb 1.6031205044067034
0:06:27.119941: phb 1.6169869299084416
0:06:28.088523: phb 1.6035754225709238
0:06:28.119973: phb 1.575417285251407
0:06:28.166836: phb 1.5613339652757077
0:06:28.198027: phb 1.5191262301352109
0:06:28.244950: phb 1.5050899953395078
0:06:28.276098: phb 1.4910796387510972
0:06:28.588622: phb 1.5050899953395078
0:06:28.619954: phb 1.5191262301352109
0:06:28.651000: phb 1.5331815833618105
0:06:28.697980: phb 1.5472531089321258
0:06:28.885539: phb 1.5895000615558736
0:06:55.619944: amp 89
0:06:55.854133: amp 88
0:06:55.869902: amp 84
0:06:55.885523: amp 82
0:06:55.901157: amp 81
0:06:55.932417: amp 80
0:06:56.010563: amp 79
0:06:56.088701: amp 78
0:06:56.119773: amp 77
0:06:56.151193: amp 76
0:06:56.182401: amp 75
0:06:56.197976: amp 74
0:06:56.229311: amp 73
0:06:56.276152: amp 72
0:06:56.276152: amp 71
0:06:56.307299: amp 69
0:06:56.323025: amp 65
0:06:56.338637: amp 61
0:06:56.354239: amp 54
0:06:56.369897: amp 53
0:06:56.401118: amp 52
0:06:56.432417: amp 51
0:06:56.494939: amp 50
0:06:56.557356: amp 49
0:06:56.729315: amp 48
0:07:10.166750: off 177
0:07:10.182272: off 175
0:07:10.198061: off 172
0:07:10.213633: off 170
0:07:10.229306: off 168
0:07:10.244891: off 165
0:07:10.276031: off 163
0:07:10.276031: off 161
0:07:10.291725: off 159
0:07:10.307391: off 157
0:07:10.338493: off 156
0:07:10.338493: off 154
0:07:10.369862: off 153
0:07:10.400993: off 152
0:07:10.416829: off 151
0:07:10.448048: off 150
0:07:10.479284: off 149
0:07:10.510451: off 148
0:07:10.541795: off 147
0:07:10.557297: off 145
0:07:10.573033: off 142
0:07:10.588585: off 137
0:07:10.619886: off 126
0:07:10.635516: off 111
0:07:10.651097: off 106
0:07:10.666777: off 101
0:07:10.682319: off 94
0:07:10.698034: off 91
0:07:10.713675: off 88
0:07:10.744932: off 82
0:07:10.744932: off 77
0:07:10.760399: off 73
0:07:10.776098: off 68
0:07:10.791784: off 64
0:07:10.807405: off 56
0:07:10.823059: off 51
0:07:10.854143: off 49
0:07:10.854143: off 44
0:07:10.885424: off 40
0:07:10.901100: off 37
0:07:10.916809: off 33
0:07:10.932271: off 31
0:07:10.947884: off 29
0:07:10.963676: off 27
0:07:10.979199: off 25
0:07:10.994885: off 24
0:07:11.025993: off 22
0:07:11.025993: off 20
0:07:11.041629: off 19
0:07:11.057253: off 18
0:07:11.073030: off 17
0:07:11.104208: off 15
0:07:11.119923: off 12
0:07:11.135543: off 10
0:07:11.151154: off 6
0:07:11.166831: off 2
0:07:11.182409: off 0
0:07:11.604236: off 5
0:07:11.619842: off 10
0:07:11.635568: off 20
0:07:11.651124: off 28
0:07:11.651124: off 36
0:07:20.151206: freq 1
0:07:20.479230: freq 1
0:07:21.932443: freq 0.95
0:07:23.214006: freq 0.95
0:07:23.292274: freq 0.95
0:07:23.323490: freq 0.95
0:07:23.464162: freq 0.95
0:07:24.042289: freq 0.9
0:07:24.135887: freq 0.9
0:07:24.276552: freq 0.9
0:07:24.323382: freq 0.9
0:07:24.401612: freq 0.95
0:07:24.417237: freq 1
0:07:24.729792: freq 0.95
0:07:24.761025: freq 0.95
0:07:24.823389: freq 0.95
0:07:24.870431: freq 0.95
0:07:24.917241: freq 1
0:07:24.932946: freq 1
0:07:25.370415: freq 0.95
0:07:25.729741: freq 0.95
0:07:26.011086: freq 0.9
0:07:26.229663: freq 0.85
0:07:26.323414: freq 0.8
0:07:26.354792: freq 0.75
0:07:26.417239: freq 0.7
0:07:26.542295: freq 0.65
0:07:26.589134: freq 0.6
0:07:26.620360: freq 0.55
0:07:26.620360: freq 0.5
0:07:26.667326: freq 0.45
0:07:26.745424: freq 0.4
0:07:26.792159: freq 0.35
0:07:26.839165: freq 0.3
0:07:26.932898: freq 0.25
0:07:27.011082: freq 0.2
0:07:27.104847: freq 0.15
0:07:27.167256: freq 0.1
0:07:27.261092: freq 0.05
0:07:27.307958: freq 0
0:07:31.948483: freq 0.05
0:07:31.995462: freq 0.1
0:07:32.026634: freq 0.15
0:07:32.057946: freq 0.15
0:07:32.089012: freq 0.2
0:07:32.120441: freq 0.25
0:07:32.167294: freq 0.3
0:07:32.167294: freq 0.35
0:07:32.245410: freq 0.4
0:07:32.276662: freq 0.45
0:07:32.323587: freq 0.5
0:07:32.323587: freq 0.55
0:07:32.354790: freq 0.6
0:07:32.370364: freq 0.65
0:07:35.901672: freq 1
0:07:44.104811: freq 0
0:07:47.214169: freq 1
0:07:49.714160: freq 0
0:08:00.948887: off 35
0:08:00.948887: off 36
0:08:00.948887: off 37
0:08:00.948887: off 38
0:08:00.948887: off 39
0:08:00.948887: off 40
0:08:00.964377: off 41
0:08:00.964377: off 42
0:08:00.964377: off 44
0:08:00.964377: off 45
0:08:00.964377: off 47
0:08:00.964377: off 48
0:08:00.964377: off 49
0:08:00.964377: off 51
0:08:00.964377: off 52
0:08:00.964377: off 53
0:08:00.964377: off 54
0:08:00.964377: off 55
0:08:00.964377: off 57
0:08:00.964377: off 59
0:08:00.964377: off 60
0:08:00.964377: off 61
0:08:00.964377: off 62
0:08:00.964377: off 63
0:08:01.026978: off 64
0:08:01.089397: off 65
0:08:01.152029: off 66
0:08:01.183147: off 67
0:08:01.198915: off 68
0:08:01.214409: off 69
0:08:01.230089: off 71
0:08:01.245800: off 72
0:08:01.276965: off 76
0:08:01.292491: off 77
0:08:01.308280: off 79
0:08:01.323911: off 81
0:08:01.339473: off 82
0:08:01.355103: off 83
0:08:01.370730: off 85
0:08:01.401969: off 86
0:08:01.417501: off 87
0:08:01.464505: off 88
0:08:01.527062: off 89
0:08:01.636445: off 90
0:08:01.714524: off 91
0:08:01.808310: off 92
0:08:02.090043: off 93
0:08:02.199463: off 94
0:08:02.386921: off 95
0:08:02.543207: off 96
0:08:07.215106: freq 0
0:08:07.230693: amp 0
0:08:07.230693: off 90
0:08:07.230693: phb 0
0:08:34.543907: off 0
0:08:59.076538: freq 0
0:08:59.076538: amp 0
0:08:59.076538: off 90
0:08:59.076538: phb 0
0:10:55.351426: phb 6.136476052661028
0:10:55.992013: phb 6.122046048701875
0:10:56.007582: phb 6.105106038966339
0:10:56.038797: phb 6.090617640587433
0:10:56.070133: phb 6.055275106644285
0:10:56.101384: phb 6.033227651131749
0:10:56.116960: phb 6.029345101283002
0:10:56.132630: phb 5.99920637532245
0:10:56.163881: phb 5.99477924402315
0:10:56.210766: phb 5.9447971432689135
0:10:56.226354: phb 5.909585688533008
0:10:56.241868: phb 5.882594141966888
0:10:56.257629: phb 5.838573709954713
0:10:56.288834: phb 5.81718381696837
0:10:56.288834: phb 5.802950945815669
0:10:56.335818: phb 5.781319191482813
0:10:56.351389: phb 5.759412608005165
0:10:56.398256: phb 5.6597550948079505
0:10:56.413754: phb 5.626164383037899
0:10:56.429404: phb 5.602300569913444
0:10:56.445086: phb 5.543842832702209
0:10:56.460762: phb 5.506326818136268
0:10:56.476349: phb 5.480908126194249
0:10:56.491969: phb 5.442121524966201
0:10:56.507588: phb 5.428406969170153
0:10:56.538865: phb 5.4164946288339415
0:10:56.538865: phb 5.379768536524208
0:10:56.585759: phb 5.354777671419388
0:10:56.632508: phb 5.340380114604147
0:10:56.648206: phb 5.32996760604166
0:10:56.679474: phb 5.290584847226973
0:10:56.695080: phb 5.275518416554087
0:10:56.741859: phb 5.250843528578027
0:10:56.741859: phb 5.235347447197254
0:10:56.788797: phb 5.170553475067636
0:10:56.820108: phb 5.136486982001601
0:10:56.835760: phb 5.119047944558154
0:10:56.882638: phb 5.101341359622968
0:10:56.913890: phb 5.065153702552277
0:10:56.945133: phb 5.009034681938805
0:10:56.976239: phb 4.989871649349818
0:10:57.007602: phb 4.950924219315008
0:10:57.007602: phb 4.89484578795953
0:10:57.023247: phb 4.853401148408107
0:10:57.054369: phb 4.813604637516467
0:10:57.070007: phb 4.748718229170228
0:10:57.101393: phb 4.726993359126455
0:10:57.116964: phb 4.705098205841552
0:10:57.148109: phb 4.658298654315605
0:10:57.163839: phb 4.635145407058535
0:10:57.179509: phb 4.633313954676866
0:10:57.195132: phb 4.607214495962678
0:10:57.210772: phb 4.583158212688822
0:10:57.241858: phb 4.579964528578252
0:10:57.288755: phb 4.5473744119467225
0:10:57.320139: phb 4.52188216551467
0:10:57.351395: phb 4.472172576815891
0:10:57.366863: phb 4.428745610367892
0:10:57.382644: phb 4.362039168823027
0:10:57.398265: phb 4.322490407192175
0:10:57.413889: phb 4.297639242873501
0:10:57.429456: phb 4.2840634167976495
0:10:57.445130: phb 4.222592970697061
0:10:57.460714: phb 4.18719116164365
0:10:57.476384: phb 4.146864420799559
0:10:57.491927: phb 4.124566114900962
0:10:57.507545: phb 4.066259042153364
0:10:57.523257: phb 4.0120699075205515
0:10:57.538832: phb 3.949894776905129
0:10:57.570138: phb 3.915406302172837
0:10:57.585761: phb 3.8387920070101593
0:10:57.601387: phb 3.7963367228212714
0:10:57.632508: phb 3.7024424960959363
0:10:57.663891: phb 3.5960338943141776
0:10:57.679458: phb 3.538162742211053
0:10:57.694988: phb 3.4138282206388935
0:10:57.726393: phb 3.280279798838308
0:10:57.741954: phb 3.141592653589793
0:10:57.757585: phb 3.0719108518557436
0:10:57.773232: phb 2.8693511588122282
0:10:57.788840: phb 2.805837842752462
0:10:57.804460: phb 2.745022564968534
0:10:57.835757: phb 2.5807428110836503
0:10:57.851257: phb 2.4443933001694265
0:10:57.867019: phb 2.367775736147117
0:10:57.882630: phb 2.243098640164848
0:10:57.898261: phb 2.1924479810222226
0:10:57.913882: phb 2.1695392418984083
0:10:57.929358: phb 2.1480699462364443
0:10:57.945004: phb 2.127928385628545
0:10:57.960627: phb 2.0586796141390313
0:10:57.976318: phb 2.043775238477722
0:10:58.007629: phb 2.016368008785807
0:10:58.023184: phb 1.9654479764851573
0:10:58.038831: phb 1.8741123915815718
0:10:58.070077: phb 1.8462786573396648
0:10:58.085608: phb 1.8180026704735226
0:10:58.101331: phb 1.744799002640195
0:10:58.148281: phb 1.7138171021817177
0:10:58.163883: phb 1.6872432720222124
0:10:58.179504: phb 1.6581546149570596
0:10:58.194983: phb 1.6057326074704306
0:10:58.226340: phb 1.5792087095699696
0:10:58.226340: phb 1.553571151191989
0:10:58.241860: phb 1.4792567345683827
0:10:58.257488: phb 1.457337599597005
0:10:58.273243: phb 1.4132591162157129
0:10:58.304518: phb 1.3671835571153927
0:10:58.335802: phb 1.3328488375031893
0:10:58.351384: phb 1.2903882911367752
0:10:58.366905: phb 1.2286284679294877
0:10:58.382627: phb 1.1888823419871766
0:10:58.413739: phb 1.1694682290106118
0:10:58.445133: phb 1.1586772901635198
0:10:58.476393: phb 1.1666838776153015
0:10:58.710800: phb 1.1926431478348078
0:10:58.726380: phb 1.2299224872418633
0:10:58.742023: phb 1.2682140605492058
0:10:58.757483: phb 1.2877175336295312
0:10:58.773200: phb 1.3074448187007999
0:10:58.804503: phb 1.3273823458015144
0:10:58.804503: phb 1.3678457152142949
0:10:58.835795: phb 1.388339866797245
0:10:58.851332: phb 1.4297844298262343
0:10:58.867022: phb 1.4506983248216492
0:10:58.882637: phb 1.4717202362526198
0:10:58.913904: phb 1.4928303585015128
0:11:01.789542: phb 1.3376617299573084
0:11:02.961415: phb 1.3665356227404184
0:11:02.976982: phb 1.381106991581544
0:11:02.992629: phb 1.4104886817577738
0:11:03.008172: phb 1.4252888581143812
0:11:03.023860: phb 1.4700499586406826
0:11:03.039475: phb 1.4850689346517256
0:11:03.055184: phb 1.500128158328253
0:11:03.086246: phb 1.5303349466213858
0:11:03.101968: phb 1.5606171587292172
0:11:03.117714: phb 1.606056732282466
0:11:03.148836: phb 1.6211792682698545
0:11:03.164484: phb 1.6362801585731432
0:11:03.195785: phb 1.651351202033463
0:11:03.711420: phb 1.6211792682698545
0:11:03.789481: phb 1.606056732282466
0:11:03.867671: phb 1.5909166595273898
0:11:04.086355: phb 1.5756931610613703
0:11:04.133326: phb 1.5607690809170238
0:11:04.601980: phb 1.5756931610613703
0:11:04.617654: phb 1.5906164262644995
0:11:04.633293: phb 1.6050204527086225
0:11:04.680028: phb 1.61969977039697
0:11:04.711462: phb 1.6343593683111808
0:11:04.789494: phb 1.6622519475168065
0:11:05.148754: phb 1.6478629801523323
0:11:05.195775: phb 1.6189921730991357
0:11:05.242528: phb 1.6045248599828
0:11:05.258245: phb 1.5900420833591857
0:11:05.305104: phb 1.5755512281733128
0:11:05.351993: phb 1.561059702647585
0:11:05.820789: phb 1.5755512281733128
0:11:05.851995: phb 1.5900420833591857
0:11:05.883337: phb 1.6045248599828
0:11:06.430122: phb 1.5900420833591857
0:11:06.445759: phb 1.5755512281733128
0:11:06.492679: phb 1.561059702647585
0:11:07.211278: phb 1.5755512281733128
0:11:21.164520: amp 1
0:11:21.195653: amp 2
0:11:21.211254: amp 3
0:11:21.242653: amp 4
0:11:21.273902: amp 5
0:11:21.289401: amp 6
0:11:21.305123: amp 7
0:11:21.320814: amp 8
0:11:21.336438: amp 9
0:11:21.352059: amp 10
0:11:21.398756: amp 11
0:11:21.445777: amp 12
0:11:21.477078: amp 13
0:11:21.492661: amp 14
0:11:21.508290: amp 15
0:11:21.523852: amp 16
0:11:23.086416: amp 15
0:11:23.101983: amp 16
0:11:23.133308: amp 17
0:11:23.195806: amp 18
0:11:23.242699: amp 19
0:11:23.289529: amp 20
0:11:23.352043: amp 21
0:11:23.367571: amp 22
0:11:23.367571: amp 23
0:11:23.398800: amp 24
0:11:23.398800: amp 26
0:11:23.430146: amp 28
0:11:23.445742: amp 30
0:11:23.461432: amp 32
0:11:23.492506: amp 34
0:11:23.492506: amp 35
0:11:23.508256: amp 36
0:11:23.523855: amp 37
0:11:23.539528: amp 38
0:11:23.711451: amp 39
0:11:23.758254: amp 40
0:11:23.805174: amp 41
0:11:23.898853: amp 42
0:11:24.086423: amp 43
0:11:24.133299: amp 44
0:11:24.195653: amp 45
0:11:24.242677: amp 46
0:11:27.352036: amp 45
0:11:27.664557: amp 44
0:11:28.070818: amp 45
0:11:28.133224: amp 46
0:11:28.227072: amp 47
0:11:28.476998: amp 48
0:11:30.180162: amp 49
0:11:30.945765: amp 50
0:12:17.947058: freq 1
0:12:21.853220: freq 1
0:12:25.400142: freq 1
0:12:55.542464: amp 51
0:12:55.558047: amp 54
0:12:55.573715: amp 56
0:12:55.589211: amp 58
0:12:55.604965: amp 62
0:12:55.620539: amp 63
0:12:55.636169: amp 65
0:12:55.651866: amp 68
0:12:55.667486: amp 69
0:12:55.683051: amp 71
0:12:55.698651: amp 73
0:12:55.714319: amp 75
0:12:55.745450: amp 76
0:12:55.761080: amp 78
0:12:55.761080: amp 80
0:12:55.792411: amp 83
0:12:55.823726: amp 85
0:12:55.823726: amp 87
0:12:55.839297: amp 88
0:12:55.979833: amp 89
0:12:56.276861: amp 90
0:15:14.604244: freq 0
0:15:14.604244: amp 0
0:15:14.604244: off 90
0:15:14.604244: phb 0
0:15:54.947946: freq 0
0:15:54.947946: amp 0
0:15:54.947946: off 90
0:15:54.947946: phb 0
0:17:35.072801: freq 1
0:17:43.838563: freq 1
0:17:53.385437: freq 1
0:17:54.572987: freq 1
0:17:57.151902: freq 1
0:17:58.792512: freq 1
0:18:00.151880: freq 1
0:18:01.245636: freq 1
0:31:16.261086: amp 1
0:31:16.511083: amp 2
0:31:16.526852: amp 3
0:31:16.558040: amp 4
0:31:16.573678: amp 5
0:31:16.589335: amp 6
0:31:16.604966: amp 7
0:31:16.636158: amp 8
0:31:16.636158: amp 9
0:31:16.683044: amp 10
0:31:16.698671: amp 11
0:31:16.714207: amp 12
0:31:16.729977: amp 13
0:31:16.776885: amp 14
0:31:16.808049: amp 15
0:31:16.901848: amp 16
0:31:17.073715: amp 17
0:31:17.198714: amp 18
0:31:17.229961: amp 19
0:31:17.276786: amp 20
0:31:17.292463: amp 21
0:31:17.339249: amp 22
0:31:17.339249: amp 23
0:31:17.386156: amp 24
0:31:17.417481: amp 25
0:31:17.448677: amp 26
0:31:17.495635: amp 27
0:31:17.542414: amp 28
0:31:17.573712: amp 29
0:31:17.651819: amp 30
0:31:17.729836: amp 31
0:31:17.839341: amp 32
0:31:17.948776: amp 33
0:31:18.292417: amp 34
0:31:19.042464: amp 35
0:31:19.245601: amp 34
0:31:19.323585: amp 33
0:31:19.339297: amp 32
0:31:19.354959: amp 31
0:31:19.401800: amp 30
0:31:19.432960: amp 29
0:31:19.448738: amp 28
0:31:19.479975: amp 27
0:31:19.495599: amp 26
0:31:19.511216: amp 25
0:31:19.526780: amp 24
0:31:19.542454: amp 23
0:31:19.557935: amp 22
0:31:19.573707: amp 21
0:31:19.605014: amp 20
0:31:19.636259: amp 19
0:31:19.636259: amp 18
0:31:19.667472: amp 17
0:31:19.667472: amp 16
0:31:19.714300: amp 15
0:31:19.729965: amp 14
0:31:19.761216: amp 13
0:31:19.776778: amp 12
0:31:19.792406: amp 11
0:31:19.823724: amp 10
0:31:19.855006: amp 9
0:31:19.870580: amp 8
0:31:19.917470: amp 7
0:31:19.948721: amp 6
0:31:19.979964: amp 5
0:31:20.011212: amp 4
0:31:20.042459: amp 3
0:31:20.073716: amp 2
0:31:20.136175: amp 1
0:31:20.198714: amp 0
0:31:22.214342: amp 1
0:31:22.214342: amp 2
0:31:22.214342: amp 3
0:31:22.214342: amp 4
0:31:22.229858: amp 5
0:31:22.261260: amp 7
0:31:22.276885: amp 8
0:31:22.292475: amp 10
0:31:22.308034: amp 11
0:31:22.323678: amp 12
0:31:22.339181: amp 14
0:31:22.370536: amp 16
0:31:22.386074: amp 17
0:31:22.386074: amp 18
0:31:22.401799: amp 20
0:31:22.432931: amp 22
0:31:22.448558: amp 23
0:31:22.464266: amp 24
0:31:22.479934: amp 26
0:31:22.495562: amp 27
0:31:22.511054: amp 29
0:31:22.542469: amp 31
0:31:22.558030: amp 32
0:31:22.573714: amp 33
0:31:22.589314: amp 35
0:31:22.620630: amp 37
0:31:22.651842: amp 38
0:31:22.651842: amp 39
0:31:22.683136: amp 40
0:31:22.698721: amp 41
0:31:22.714214: amp 42
0:31:22.729958: amp 43
0:31:22.745597: amp 44
0:31:22.761213: amp 45
0:31:22.776780: amp 46
0:31:22.792473: amp 47
0:31:22.807929: amp 48
0:31:22.823685: amp 49
0:31:22.839209: amp 50
0:31:22.854897: amp 51
0:31:22.870598: amp 53
0:31:22.886182: amp 54
0:31:22.933117: amp 55
0:31:22.948754: amp 56
0:31:22.964371: amp 57
0:31:22.979864: amp 58
0:31:22.995598: amp 59
0:31:23.011216: amp 60
0:31:23.026844: amp 61
0:31:23.042477: amp 62
0:31:23.073716: amp 63
0:31:23.089284: amp 64
0:31:23.104912: amp 65
0:31:23.151851: amp 66
0:31:23.151851: amp 67
0:31:23.182930: amp 68
0:31:23.229811: amp 69
0:31:23.261151: amp 70
0:31:23.308084: amp 71
0:31:23.370534: amp 72
0:31:23.526844: amp 73
0:31:23.667514: amp 74
0:31:23.761230: amp 75
0:31:23.886169: amp 76
0:31:24.042471: amp 77
0:31:24.276837: amp 78
0:31:24.448732: amp 79
0:31:24.636190: amp 80
0:31:24.761087: amp 81
0:31:24.839341: amp 82
0:31:24.933049: amp 83
0:31:25.026834: amp 84
0:31:25.073715: amp 85
0:31:25.167413: amp 86
0:31:25.229964: amp 87
0:31:25.292486: amp 88
0:31:25.354958: amp 89
0:31:25.495648: amp 90
0:31:27.886168: amp 89
0:31:27.933018: amp 88
0:31:27.948709: amp 87
0:31:27.964389: amp 86
0:31:27.979911: amp 85
0:31:27.995640: amp 84
0:31:28.011201: amp 82
0:31:28.042334: amp 80
0:31:28.058086: amp 78
0:31:28.073719: amp 76
0:31:28.089344: amp 74
0:31:28.104986: amp 73
0:31:28.120550: amp 71
0:31:28.136062: amp 70
0:31:28.151782: amp 68
0:31:28.167399: amp 67
0:31:28.198612: amp 65
0:31:28.214354: amp 63
0:31:28.229964: amp 60
0:31:28.245457: amp 59
0:31:28.261117: amp 57
0:31:28.276808: amp 55
0:31:28.292407: amp 53
0:31:28.308052: amp 51
0:31:28.323656: amp 50
0:31:28.339371: amp 48
0:31:28.354981: amp 46
0:31:28.370595: amp 44
0:31:28.386175: amp 43
0:31:28.417401: amp 41
0:31:28.433102: amp 38
0:31:28.448707: amp 36
0:31:28.464382: amp 35
0:31:28.480001: amp 33
0:31:28.495602: amp 31
0:31:28.511235: amp 29
0:31:28.526709: amp 26
0:31:28.542406: amp 25
0:31:28.558080: amp 23
0:31:28.573722: amp 21
0:31:28.604921: amp 19
0:31:28.604921: amp 18
0:31:28.636157: amp 16
0:31:28.636157: amp 14
0:31:28.651781: amp 13
0:31:28.667409: amp 11
0:31:28.698584: amp 10
0:31:28.714302: amp 8
0:31:28.729968: amp 7
0:31:28.745595: amp 6
0:31:28.761223: amp 5
0:31:28.776810: amp 4
0:31:28.792408: amp 3
0:31:28.808099: amp 1
0:31:28.839338: amp 0
0:31:36.339384: amp 1
0:31:36.511263: amp 2
0:31:36.558092: amp 3
0:31:36.573726: amp 4
0:31:36.605009: amp 5
0:31:36.620555: amp 6
0:31:36.636159: amp 8
0:31:36.683088: amp 11
0:31:36.714340: amp 13
0:31:36.729967: amp 14
0:31:36.745616: amp 15
0:31:36.761273: amp 17
0:31:36.776698: amp 19
0:31:36.792417: amp 20
0:31:36.808096: amp 21
0:31:36.823722: amp 23
0:31:36.839369: amp 25
0:31:36.854989: amp 27
0:31:36.870533: amp 28
0:31:36.901682: amp 29
0:31:36.901682: amp 31
0:31:36.933036: amp 33
0:31:36.948729: amp 34
0:31:36.964338: amp 35
0:31:36.979910: amp 36
0:31:36.995492: amp 37
0:31:37.011165: amp 38
0:31:37.026773: amp 39
0:31:37.042439: amp 40
0:31:37.057933: amp 41
0:31:37.073658: amp 42
0:31:37.104908: amp 43
0:31:37.136181: amp 44
0:31:37.167420: amp 45
0:31:37.198681: amp 46
0:31:37.229808: amp 47
0:31:37.261230: amp 48
0:31:37.276691: amp 49
0:31:37.323586: amp 50
0:31:37.370584: amp 51
0:31:40.245589: amp 52
0:31:40.386162: amp 51
0:31:40.386162: amp 50
0:31:40.401802: amp 49
0:31:40.448714: amp 47
0:31:40.464346: amp 46
0:31:40.479981: amp 45
0:31:40.511256: amp 44
0:31:40.511256: amp 42
0:31:40.526680: amp 40
0:31:40.542467: amp 39
0:31:40.558008: amp 38
0:31:40.573657: amp 36
0:31:40.589366: amp 34
0:31:40.604991: amp 32
0:31:40.620458: amp 31
0:31:40.651684: amp 29
0:31:40.651684: amp 28
0:31:40.667305: amp 26
0:31:40.698686: amp 25
0:31:40.714334: amp 23
0:31:40.729817: amp 21
0:31:40.745524: amp 20
0:31:40.761172: amp 19
0:31:40.776807: amp 17
0:31:40.792429: amp 16
0:31:40.823711: amp 14
0:31:40.839306: amp 13
0:31:40.839306: amp 11
0:31:40.870594: amp 9
0:31:40.886159: amp 8
0:31:40.901711: amp 7
0:31:40.917409: amp 6
0:31:40.948610: amp 5
0:31:40.964355: amp 4
0:31:40.979974: amp 3
0:31:41.011260: amp 2
0:31:41.026854: amp 1
0:31:41.042465: amp 0
0:31:49.183129: off 94
0:31:49.323759: off 92
0:31:49.355013: off 91
0:31:49.432966: off 90
0:31:49.511058: off 89
0:31:49.573707: off 88
0:31:49.667467: off 87
0:31:49.792464: off 88
0:31:49.823713: off 89
0:31:49.839279: off 91
0:31:49.854974: off 93
0:31:49.870429: off 95
0:31:49.901800: off 96
0:31:49.901800: off 98
0:31:49.933046: off 100
0:31:49.948647: off 103
0:31:49.964414: off 104
0:31:49.980034: off 106
0:31:49.995430: off 109
0:31:50.011242: off 111
0:31:50.026801: off 112
0:31:50.042431: off 114
0:31:50.058053: off 117
0:31:50.073757: off 118
0:31:50.089323: off 121
0:31:50.104924: off 122
0:31:50.120559: off 123
0:31:50.151793: off 125
0:31:50.151793: off 127
0:31:50.183016: off 128
0:31:50.198716: off 130
0:31:50.214337: off 132
0:31:50.229963: off 133
0:31:50.245592: off 135
0:31:50.261164: off 136
0:31:50.276678: off 138
0:31:50.292468: off 139
0:31:50.307931: off 141
0:31:50.354807: off 143
0:31:50.354807: off 144
0:31:50.370536: off 146
0:31:50.386167: off 147
0:31:50.417404: off 148
0:31:50.433099: off 149
0:31:50.448571: off 150
0:31:50.464341: off 152
0:31:50.495592: off 154
0:31:50.511157: off 155
0:31:50.526792: off 156
0:31:50.542426: off 157
0:31:50.557939: off 158
0:31:50.573658: off 159
0:31:50.589291: off 160
0:31:50.620601: off 161
0:31:50.620601: off 162
0:31:50.651873: off 163
0:31:50.683037: off 164
0:31:50.698672: off 165
0:31:50.745433: off 166
0:31:50.761182: off 167
0:31:50.792467: off 168
0:31:50.823558: off 169
0:31:50.854969: off 170
0:31:50.886173: off 171
0:31:50.933130: off 172
0:31:50.964348: off 173
0:31:51.011261: off 174
0:31:51.042478: off 175
0:31:51.073713: off 176
0:31:51.105010: off 177
0:31:51.151836: off 178
0:31:51.183004: off 179
0:31:51.229979: off 180
0:33:59.746091: amp 1
0:34:00.043104: amp 2
0:34:00.121168: amp 3
0:34:00.136789: amp 4
0:34:00.168057: amp 5
0:34:00.199289: amp 6
0:34:00.230600: amp 7
0:34:00.246225: amp 8
0:34:00.277515: amp 9
0:34:00.293102: amp 10
0:34:00.324350: amp 11
0:34:00.339914: amp 12
0:34:00.371246: amp 13
0:34:00.418083: amp 14
0:34:00.449344: amp 15
0:34:00.480567: amp 16
0:34:00.511845: amp 17
0:34:00.543134: amp 18
0:34:00.574353: amp 19
0:34:00.589939: amp 20
0:34:00.652311: amp 21
0:34:00.652311: amp 22
0:34:00.715006: amp 23
0:34:00.761800: amp 24
0:34:00.840011: amp 25
0:34:00.965014: amp 26
0:34:01.043102: amp 27
0:34:01.168131: amp 28
0:34:31.217586: phb 0.12165036282749712
0:34:31.264456: phb 0.10989966162003732
0:34:31.280419: phb 0.08120444413369768
0:34:31.296169: phb 0.06501446547901064
0:34:31.374870: phb 0.08120444413369768
0:34:31.390364: phb 0.097350398830475
0:34:31.406021: phb 0.11344707119391333
0:34:31.406021: phb 0.1478267475612582
0:34:31.421576: phb 0.18299782166888987
0:34:31.452891: phb 0.2554469920274949
0:34:31.468604: phb 0.27625024965156186
0:34:31.484206: phb 0.3416149519655179
0:34:31.499848: phb 0.411304282787468
0:34:31.515522: phb 0.46837837844270647
0:34:31.531097: phb 0.5104057598105635
0:34:31.546571: phb 0.5994688517006317
0:34:31.562249: phb 0.6661782902442663
0:34:31.577804: phb 0.7497958225119872
0:34:31.593538: phb 0.7937380934563154
0:34:31.609915: phb 0.8689272954188552
0:34:31.625032: phb 0.9629461190235387
0:34:31.641295: phb 1.0681979420548684
0:34:31.656803: phb 1.1596978158233442
0:34:31.673246: phb 1.2106892078006601
0:34:31.688381: phb 1.310827117168158
0:34:31.704032: phb 1.4033437418599384
0:34:31.719723: phb 1.4531357107355067
0:34:31.751016: phb 1.4977873738706828
0:34:31.766530: phb 1.5616813481670089
0:34:31.782501: phb 1.6026720570843307
0:34:31.798255: phb 1.6600185144183992
0:34:31.813879: phb 1.6987697340485115
0:34:31.829484: phb 1.7371367551207073
0:34:31.845111: phb 1.7855907184078523
0:34:31.860744: phb 1.8564008080896452
0:34:31.876404: phb 1.9125231059959962
0:34:31.892549: phb 1.9600873656153437
0:34:31.907585: phb 2.0353203303876923
0:34:31.939198: phb 2.145502689671443
0:34:31.939198: phb 2.187787060108487
0:34:31.954930: phb 2.220270990767596
0:34:31.986189: phb 2.25493153882788
0:34:32.001817: phb 2.2924739170907333
0:34:32.017477: phb 2.3276895253143124
0:34:32.033923: phb 2.3764381808701116
0:34:32.049044: phb 2.391668193813842
0:34:32.064805: phb 2.4206966448659406
0:34:32.080422: phb 2.447926975183218
0:34:32.095932: phb 2.487493324114957
0:34:32.128465: phb 2.524496900087313
0:34:32.159341: phb 2.5617771334902244
0:34:32.159341: phb 2.5944229393418112
0:34:32.190594: phb 2.6282608143202424
0:34:32.206130: phb 2.6565511232598435
0:34:32.221792: phb 2.680141726358854
0:34:32.268829: phb 2.7070096718784233
0:34:32.284935: phb 2.7296394398258568
0:34:32.300979: phb 2.75970990780545
0:34:32.316776: phb 2.778554725836179
0:36:41.130295: amp 27
0:36:41.255289: amp 28
0:36:41.317802: amp 29
0:36:41.411586: amp 30
0:36:41.645772: amp 31
0:36:41.770870: amp 32
0:36:41.927204: amp 33
0:36:42.114673: amp 34
0:36:42.770791: amp 35
0:36:42.864624: amp 36
0:36:42.895767: amp 37
0:36:42.927182: amp 38
0:36:42.974046: amp 39
0:36:43.036548: amp 40
0:36:43.099083: amp 41
0:36:43.208461: amp 42
0:36:45.567807: amp 41
0:36:45.661561: amp 40
0:36:45.770883: amp 39
0:36:52.474059: amp 40
0:36:52.489672: amp 41
0:36:52.536417: amp 42
0:36:52.567801: amp 43
0:36:52.583310: amp 44
0:36:52.599039: amp 45
0:36:52.630307: amp 46
0:36:52.645912: amp 47
0:36:52.661538: amp 48
0:36:52.692794: amp 49
0:36:52.708371: amp 50
0:36:52.755342: amp 51
0:36:57.786545: amp 52
0:36:57.989678: amp 51
0:36:57.989678: amp 50
0:36:58.036557: amp 49
0:36:58.052208: amp 48
0:36:58.067857: amp 47
0:36:58.083425: amp 46
0:36:58.099033: amp 45
0:36:58.130248: amp 44
0:36:58.145866: amp 43
0:36:58.161415: amp 42
0:36:58.208417: amp 41
0:36:58.223997: amp 40
0:36:58.270959: amp 39
0:37:04.255167: amp 38
0:37:04.333338: amp 37
0:37:04.380246: amp 36
0:37:04.411544: amp 35
0:37:04.458421: amp 34
0:37:04.489666: amp 33
0:37:04.552182: amp 32
0:37:04.599040: amp 31
0:37:55.224038: freq 0
0:37:55.224038: amp 0
0:37:55.224038: off 90
0:37:55.224038: phb 0
