0:28:37.233530: amp 3
0:28:37.264784: amp 6
0:28:37.302308: amp 7
0:28:37.327547: amp 9
0:28:37.327547: amp 12
0:28:37.343096: amp 13
0:28:37.359148: amp 14
0:28:37.374497: amp 15
0:28:37.405963: amp 16
0:28:37.421805: amp 17
0:28:37.421805: amp 18
0:28:37.484115: amp 19
0:28:37.484115: amp 21
0:28:37.502951: amp 22
0:28:37.515982: amp 23
0:28:37.578646: amp 25
0:28:37.594231: amp 26
0:28:37.672942: amp 27
0:28:37.735031: amp 28
0:28:37.781924: amp 29
0:28:37.860951: amp 30
0:28:37.939153: amp 31
0:28:38.017878: amp 32
0:28:38.064919: amp 33
0:28:53.595885: amp 34
0:28:53.851699: amp 36
0:28:53.862829: amp 37
0:28:53.956891: amp 38
0:28:54.035068: amp 39
0:28:54.113623: amp 40
0:28:54.271471: amp 41
0:28:54.428658: amp 42
0:28:54.538671: amp 43
0:28:54.758441: amp 44
0:28:54.958641: amp 45
0:28:55.119354: amp 46
0:28:55.259029: amp 47
0:28:55.371187: amp 48
0:28:55.637836: amp 49
0:28:55.905353: amp 50
0:28:56.281760: amp 51
0:28:57.898870: amp 50
0:29:32.961604: amp 52
0:29:32.977288: amp 50
0:29:33.009112: amp 48
0:29:33.009112: amp 42
0:29:33.040149: amp 36
0:29:33.055745: amp 34
0:29:33.071418: amp 28
0:29:33.071418: amp 23
0:29:33.102735: amp 18
0:29:33.102735: amp 17
0:29:33.133918: amp 14
0:29:33.149657: amp 12
0:29:33.165233: amp 10
0:29:33.187431: amp 9
0:29:33.197079: amp 8
0:29:33.212929: amp 6
0:29:33.228477: amp 3
0:29:33.275403: amp 0
0:29:44.896416: freq 0
0:29:44.896416: amp 0
0:29:44.896416: off 90
0:29:44.896416: phb 0
1:19:12.719248: phb 0.2536708453229268
1:19:12.734730: phb 1.7341612357757603
1:19:12.734730: phb 1.751595225335261
1:19:12.734730: phb 1.840268402882825
1:19:12.750561: phb 1.8977543471122318
1:19:12.766303: phb 1.9812020403033466
1:19:12.781859: phb 2.0203597294352886
1:19:12.828738: phb 2.058312146120322
1:19:12.828738: phb 2.0733851197006827
1:19:12.828738: phb 2.0976504509989584
1:19:12.859654: phb 2.1242264015849868
1:19:12.875191: phb 2.1602669836985484
1:19:13.446162: phb 2.443880700311525
1:19:13.487328: phb 2.432134852891331
1:19:13.550242: phb 2.438482057744558
1:19:13.565914: phb 2.4568632931888987
1:19:13.581657: phb 2.5133045853606717
1:19:13.612815: phb 2.5403584649234467
1:19:13.612815: phb 2.5851198197479865
1:19:13.628414: phb 2.6167970413565143
1:19:13.628414: phb 2.652014409274089
1:19:13.644137: phb 2.6920284429171413
1:19:13.659855: phb 2.777882042257843
1:19:13.675636: phb 2.8235734765447194
1:19:13.691311: phb 2.9062688647180135
1:19:13.706774: phb 2.990217103832384
1:19:13.722389: phb 3.059808216963123
1:19:13.738175: phb 3.1041772932882026
1:19:13.754313: phb 3.1363020170758813
1:19:20.175684: freq 0.05
1:19:20.473957: freq 0.1
1:19:20.770311: freq 0.15
1:19:21.055371: freq 0.2
1:19:21.291320: freq 0.25
1:19:21.558206: freq 0.3
1:19:21.730534: freq 0.35
1:19:21.888109: freq 0.4
1:19:22.076945: freq 0.45
1:19:22.092785: freq 0.45
1:19:22.186912: freq 0.5
1:19:22.406829: freq 0.55
1:19:23.034401: freq 0.6
1:20:03.485467: off 89
1:20:03.579739: off 93
1:20:03.595233: off 95
1:20:03.595233: off 98
1:20:03.610925: off 104
1:20:03.626594: off 106
1:20:03.642402: off 110
1:20:03.673583: off 113
1:20:03.673583: off 114
1:20:03.704864: off 115
1:20:04.916506: phb 1.7067937485664861
1:20:04.991811: phb 1.7273969603911596
1:20:05.023300: phb 1.7681919098109624
1:20:05.023300: phb 1.84770402451859
1:20:05.039077: phb 1.886217910222048
1:20:05.054708: phb 1.9603430277191092
1:20:05.085846: phb 2.0219961514023033
1:20:05.101555: phb 2.070864819922237
1:20:05.133522: phb 2.1020690508080593
1:20:05.133522: phb 2.1468084719107163
1:20:05.149050: phb 2.212610812599469
1:20:05.149050: phb 2.264498468119097
1:20:05.180391: phb 2.333725973878842
1:20:05.180391: phb 2.3561948045905834
1:20:05.196002: phb 2.409335437321185
1:20:05.227722: phb 2.449670682343532
1:20:05.259026: phb 2.499534177668415
1:20:05.259026: phb 2.5279546259039263
1:20:05.274998: phb 2.5555319000686247
1:20:05.306047: phb 2.589491387041117
1:20:05.306047: phb 2.6266305554422136
1:20:05.321695: phb 2.6331989581574056
1:20:05.337558: phb 2.6690953401874036
1:20:05.353132: phb 2.709634559606895
1:20:05.368821: phb 2.7599138268485883
1:20:05.415504: phb 2.7998448096053425
1:20:05.415504: phb 2.9157015184621615
1:20:05.417559: phb 2.9536534337500426
1:20:05.447330: phb 3.0063291751378824
1:20:05.462944: phb 3.0560873580567924
1:20:05.478671: phb 3.0907889134613424
1:20:05.478671: phb 3.157984639171764
1:20:05.509898: phb 3.210267762128108
1:20:07.677641: off 118
1:20:08.929523: off 115
1:20:09.075690: off 111
1:20:09.075690: off 110
1:20:09.091359: off 107
1:20:09.106885: off 104
1:20:09.154582: off 101
1:20:09.154582: off 99
1:20:09.154582: off 96
1:20:09.185658: off 94
1:20:09.201303: off 92
1:20:09.201303: off 91
1:20:09.217088: off 88
1:20:09.249040: off 86
1:20:09.264732: off 85
1:20:09.264732: off 84
1:20:09.311636: off 82
1:20:09.311636: off 80
1:20:09.330445: off 78
1:20:09.343135: off 76
1:20:09.358785: off 75
1:20:09.374656: off 72
1:20:09.405680: off 70
1:20:09.405680: off 68
1:20:09.437558: off 65
1:20:09.437558: off 62
1:20:09.468841: off 59
1:20:09.468841: off 55
1:20:09.484545: off 54
1:20:09.515797: off 49
1:20:09.530944: off 46
1:20:09.530944: off 43
1:20:09.562243: off 39
1:20:09.577867: off 37
1:20:09.593582: off 36
1:20:09.609285: off 34
1:20:09.631063: off 33
1:20:09.640723: off 31
1:20:09.656391: off 30
1:20:09.672118: off 28
1:20:09.687793: off 27
1:20:09.703422: off 24
1:20:09.734809: off 22
1:20:09.734809: off 21
1:20:09.750477: off 18
1:20:09.797472: off 16
1:20:09.797472: off 14
1:20:09.813042: off 12
1:20:09.828718: off 11
1:20:09.844868: off 9
1:20:09.860576: off 7
1:20:09.876158: off 5
1:20:09.891861: off 4
1:20:09.907477: off 3
1:20:09.932071: off 2
1:20:09.970627: off 1
1:20:10.033534: off 0
1:20:13.268535: amp 2
1:20:13.363080: amp 5
1:20:13.394294: amp 6
1:20:13.394294: amp 7
1:20:13.394294: amp 8
1:20:13.425405: amp 10
1:20:13.457083: amp 13
1:20:13.457083: amp 15
1:20:13.472821: amp 18
1:20:13.504162: amp 21
1:20:13.504162: amp 23
1:20:13.519789: amp 26
1:20:13.551215: amp 28
1:20:13.551215: amp 29
1:20:13.582728: amp 31
1:20:13.598140: amp 33
1:20:13.613867: amp 35
1:20:13.629393: amp 39
1:20:13.645104: amp 41
1:20:13.660960: amp 45
1:20:13.692132: amp 48
1:20:13.692132: off 106
1:20:13.754896: off 111
1:20:13.770715: off 112
1:20:13.802038: off 114
1:20:13.817560: off 115
1:20:13.817560: off 117
1:20:13.833073: off 118
1:20:13.880257: off 121
1:20:13.880257: off 123
1:20:13.896053: off 124
1:20:13.896053: off 127
1:20:13.927342: off 130
1:20:13.946511: off 132
1:20:13.959117: off 136
1:20:13.990414: off 140
1:20:13.990414: off 144
1:20:14.006192: off 146
1:20:14.021838: off 150
1:20:14.053287: off 154
1:20:14.068939: off 156
1:20:14.068939: off 159
1:20:14.116002: off 160
1:20:14.116002: off 162
1:20:14.116002: off 163
1:20:14.162849: off 164
1:20:18.936761: off 166
1:20:19.030989: off 162
1:20:19.046599: off 159
1:20:19.062214: off 157
1:20:19.062214: off 153
1:20:19.093506: off 150
1:20:19.109143: off 148
1:20:19.124822: off 144
1:20:19.140409: off 139
1:20:19.162743: off 137
1:20:19.171954: off 134
1:20:19.203248: off 132
1:20:19.203248: off 127
1:20:19.218881: off 126
1:20:19.250293: off 123
1:20:19.262931: off 121
1:20:19.281903: off 118
1:20:19.297638: off 115
1:20:19.313012: off 112
1:20:19.344447: off 109
1:20:19.344447: off 106
1:20:19.363205: off 104
1:20:19.375899: off 101
1:20:19.391571: off 98
1:20:19.422876: off 96
1:20:19.438504: off 91
1:20:19.438504: off 89
1:20:19.463265: off 86
1:20:19.486076: off 84
1:20:19.486076: off 81
1:20:19.501683: off 78
1:20:19.533089: off 75
1:20:19.548580: off 71
1:20:19.548580: off 70
1:20:19.579408: off 67
1:20:19.595002: off 64
1:20:19.610629: off 61
1:20:19.642057: off 58
1:20:19.642057: off 56
1:20:19.657575: off 54
1:20:19.689172: off 52
1:20:19.689172: off 48
1:20:19.704785: off 47
1:20:19.720511: off 44
1:20:19.751829: off 42
1:20:19.764528: off 40
1:20:19.767590: off 39
1:20:19.799054: off 37
1:20:19.814566: off 35
1:20:19.830231: off 34
1:20:19.845856: off 33
1:20:19.864872: off 31
1:20:19.877584: off 30
1:20:19.893241: off 28
1:20:19.908947: off 26
1:20:19.924686: off 25
1:20:19.940296: off 24
1:20:19.964960: off 23
1:20:19.972004: off 21
1:20:20.019091: off 19
1:20:20.034721: off 18
1:20:20.034721: off 17
1:20:20.066210: off 16
1:20:20.081924: off 15
1:20:20.097671: off 14
1:20:20.097671: off 13
1:20:20.159997: off 12
1:20:20.191921: off 11
1:20:20.191921: off 10
1:20:20.223260: off 9
1:20:20.223260: off 8
1:20:20.270329: off 7
1:20:20.301766: off 6
1:20:20.348543: off 5
1:20:20.366118: off 4
1:20:20.411675: off 3
1:20:20.466605: off 2
1:20:20.466605: off 1
1:20:20.505781: off 0
1:20:21.102788: off 2
1:20:21.118554: off 3
1:20:21.134037: off 5
1:20:21.134037: off 7
1:20:21.169110: off 9
1:20:21.181128: off 11
1:20:21.196862: off 12
1:20:21.196862: off 13
1:20:21.228118: off 14
1:20:21.243779: off 16
1:20:21.259365: off 17
1:20:21.275204: off 18
1:20:21.290939: off 19
1:20:21.322304: off 20
1:20:21.369691: off 21
1:20:21.652144: off 20
1:20:21.699212: off 19
1:20:21.714887: off 18
1:20:21.746077: off 17
1:20:21.770142: off 16
1:20:21.777670: off 14
1:20:21.809103: off 13
1:20:21.824700: off 11
1:20:21.855844: off 10
1:20:21.887913: off 9
1:20:21.887913: off 8
1:20:21.887913: off 7
1:20:21.919030: off 6
1:20:21.934624: off 4
1:20:21.950228: off 3
1:20:21.950228: off 2
1:20:22.012932: off 1
1:20:22.012932: off 0
1:20:23.410010: freq 0.65
1:20:23.504314: freq 0.6
1:20:23.551135: freq 0.55
1:20:23.566813: freq 0.5
1:20:23.575530: freq 0.5
1:20:23.613975: freq 0.45
1:20:23.629706: freq 0.45
1:20:23.660925: freq 0.4
1:20:23.801750: freq 0.35
1:20:24.378596: freq 0.3
1:20:25.749413: freq 0.35
1:20:26.205153: freq 0.4
1:20:26.787317: freq 0.35
1:20:26.926949: freq 0.3
1:20:27.115118: freq 0.25
1:20:27.429095: freq 0.2
1:20:27.617593: freq 0.15
1:20:27.931482: freq 0.1
1:20:28.245513: freq 0.05
1:20:28.355315: freq 0
1:20:28.935526: amp 47
1:20:28.998351: amp 45
1:20:29.029762: amp 43
1:20:29.045376: amp 40
1:20:29.061072: amp 37
1:20:29.076534: amp 35
1:20:29.095392: amp 31
1:20:29.108501: amp 27
1:20:29.124235: amp 23
1:20:29.139813: amp 22
1:20:29.155426: amp 18
1:20:29.171216: amp 15
1:20:29.195917: amp 12
1:20:29.202502: amp 9
1:20:29.218327: amp 8
1:20:29.249418: amp 5
1:20:29.265117: amp 3
1:20:29.280738: amp 0
1:35:41.930017: freq 0
1:35:41.930017: amp 0
1:35:41.930017: off 90
1:35:41.930017: phb 0
1:35:42.149666: freq 0
1:35:42.149666: amp 0
1:35:42.149666: off 90
1:35:42.149666: phb 0
1:39:36.505906: freq 0
1:39:36.505906: amp 0
1:39:36.505906: off 90
1:39:36.505906: phb 0
1:39:36.858580: freq 0
1:39:36.858580: amp 0
1:39:36.858580: off 90
1:39:36.858580: phb 0
1:49:14.493553: freq 0
1:49:14.493553: amp 0
1:49:14.493553: off 90
1:49:14.493553: phb 0
2:02:46.622600: amp 2
2:02:46.638382: amp 3
2:02:46.685702: amp 5
2:02:46.685702: amp 6
2:02:46.685702: amp 7
2:02:46.717094: amp 8
2:02:46.732546: amp 9
2:02:46.748177: amp 10
2:02:46.764250: amp 11
2:02:46.779881: amp 12
2:02:46.811160: amp 13
2:02:46.811160: amp 14
2:02:46.842554: amp 15
2:02:46.853274: amp 16
2:02:46.874098: amp 17
2:02:46.889640: amp 18
2:02:46.920943: amp 19
2:02:46.953742: amp 20
2:02:46.967750: amp 21
2:02:46.999170: amp 22
2:02:46.999170: amp 23
2:02:47.030447: amp 24
2:02:47.234416: amp 23
2:02:48.004533: freq 0.4
2:02:48.256114: freq 0.35
2:02:48.287332: freq 0.3
2:02:48.318710: freq 0.25
2:02:48.365922: freq 0.2
2:02:48.444228: freq 0.15
2:02:48.491709: freq 0.1
2:02:48.522944: freq 0.1
2:02:48.557116: freq 0.05
2:02:48.570126: freq 0.05
2:02:48.648263: freq 0.05
2:02:49.873006: off 87
2:02:50.077203: off 83
2:02:50.108608: off 82
2:02:50.124074: off 81
2:02:50.124074: off 80
2:02:50.160401: off 78
2:02:50.171406: off 76
2:02:50.171406: off 74
2:02:50.202845: off 73
2:02:50.233944: off 70
2:02:50.249731: off 65
2:02:50.249731: off 60
2:02:50.265608: off 57
2:02:50.297044: off 52
2:02:50.297044: off 47
2:02:50.328118: off 44
2:02:50.328118: off 43
2:02:50.343773: off 42
2:02:50.375386: off 40
2:02:50.406769: off 39
2:02:50.406769: off 38
2:02:50.422302: off 37
2:02:50.453685: off 36
2:02:50.547827: off 35
2:02:50.594962: off 34
2:02:50.657306: off 33
2:02:50.704436: off 32
2:02:50.751441: off 31
2:02:50.767287: off 30
2:02:50.798715: off 29
2:02:50.814179: off 28
2:02:50.845585: off 27
2:02:50.924364: off 26
2:02:50.924364: off 25
2:02:50.939964: off 24
2:02:50.971814: off 23
2:02:51.050141: off 22
2:02:51.144347: off 21
2:02:51.207423: off 20
2:02:51.286042: off 19
2:02:51.317235: off 18
2:02:51.678210: off 17
2:02:51.976339: off 16
2:02:52.117372: off 15
2:02:52.227119: off 14
2:02:52.368366: off 12
2:02:52.431039: off 11
2:04:23.994311: freq 0.2
2:04:24.169443: freq 0.25
2:04:24.280971: freq 0.3
2:04:24.439500: freq 0.35
2:04:24.580429: freq 0.4
2:04:24.739098: freq 0.45
2:04:42.418622: freq 0.1
2:04:42.575710: freq 0.15
2:04:42.686072: freq 0.2
2:04:42.780216: freq 0.25
2:04:42.874577: freq 0.3
2:04:43.000304: freq 0.35
2:04:43.157158: freq 0.4
2:04:43.455772: freq 0.45
2:04:43.911054: freq 0.5
2:04:58.609809: freq 0.45
2:04:58.846042: freq 0.4
2:04:59.144323: freq 0.35
2:04:59.379356: freq 0.3
2:04:59.504761: freq 0.25
2:04:59.536371: freq 0.2
2:05:00.120337: amp 22
2:05:00.336265: amp 20
2:05:00.351873: amp 19
2:05:00.383150: amp 18
2:05:00.398753: amp 17
2:05:00.430684: amp 16
2:05:00.446472: amp 15
2:05:00.477726: amp 14
2:05:00.493347: amp 13
2:05:00.555932: amp 12
2:05:00.555932: amp 11
2:05:00.602932: amp 10
2:05:00.621688: amp 9
2:05:00.697410: amp 8
2:05:01.183942: amp 9
2:05:01.278290: amp 10
2:05:01.325367: amp 11
2:05:01.341019: amp 12
2:05:01.341019: amp 13
2:05:01.372402: amp 14
2:05:01.403524: amp 15
2:05:01.403524: amp 19
2:05:01.423318: amp 23
2:05:01.434983: amp 27
2:05:01.450775: amp 31
2:05:01.481900: amp 32
2:05:01.481900: amp 34
2:05:01.497525: amp 35
2:05:01.544755: amp 36
2:05:01.607262: amp 37
2:05:01.654323: amp 38
2:05:01.654323: amp 39
2:05:01.701342: amp 40
2:05:01.724484: amp 41
2:05:01.763923: amp 42
2:05:01.795016: amp 43
2:05:01.810788: amp 44
2:05:01.826815: amp 45
2:05:01.842597: amp 46
2:05:01.842597: amp 47
2:05:01.873731: amp 48
2:05:01.920590: amp 50
2:05:02.125540: amp 51
2:05:02.125540: amp 52
2:05:02.125540: amp 53
2:05:02.125540: amp 54
2:05:02.125540: amp 55
2:05:02.125540: amp 56
2:05:02.125540: amp 57
2:05:02.125540: amp 58
2:05:02.156339: amp 59
2:05:02.171964: amp 61
2:05:02.187511: amp 62
2:05:02.203068: amp 63
2:05:02.234898: amp 64
2:05:02.234898: amp 66
2:05:02.250686: amp 67
2:05:02.281945: amp 68
2:05:02.281945: amp 70
2:05:02.329120: amp 71
2:05:02.360535: amp 72
2:05:02.360535: amp 73
2:05:02.407252: amp 74
2:05:02.689041: amp 73
2:05:02.704690: amp 72
2:05:02.736158: amp 69
2:05:02.736158: amp 66
2:05:02.751944: amp 64
2:05:02.783061: amp 61
2:05:02.783061: amp 60
2:05:02.798698: amp 57
2:05:02.830662: amp 55
2:05:02.830662: amp 54
2:05:02.846451: amp 52
2:05:02.908955: amp 51
2:05:02.908955: amp 50
2:05:02.956546: amp 49
2:05:02.956546: amp 48
2:05:03.003308: amp 47
2:05:03.028080: amp 46
2:05:03.112880: amp 45
2:05:03.144059: amp 44
2:05:03.206567: amp 43
2:05:03.332248: amp 42
2:05:04.570769: off 21
2:05:04.742933: off 25
2:05:04.758567: off 26
2:05:04.774242: off 28
2:05:04.774242: off 29
2:05:04.805590: off 31
2:05:04.836862: off 34
2:05:04.836862: off 38
2:05:04.852494: off 40
2:05:04.868272: off 44
2:05:04.883906: off 47
2:05:04.915008: off 50
2:05:04.933647: off 52
2:05:04.933647: off 53
2:05:04.978104: off 54
2:05:04.978104: off 55
2:05:04.978104: off 56
2:05:05.009239: off 57
2:05:05.009239: off 58
2:05:05.041031: off 59
2:05:05.056740: off 60
2:05:05.072383: off 61
2:05:05.087923: off 62
2:05:05.103547: off 64
2:05:05.135380: off 66
2:05:05.135380: off 68
2:05:05.166657: off 69
2:05:05.166657: off 71
2:05:05.197929: off 72
2:05:05.213675: off 74
2:05:05.213675: off 75
2:05:05.261084: off 76
2:05:05.339899: off 77
2:05:05.386795: off 78
2:05:05.402438: off 79
2:05:05.449891: off 80
2:05:05.465679: off 81
2:05:05.465679: off 82
2:05:05.535027: off 83
2:05:05.592194: off 84
2:05:05.607702: off 85
2:05:05.635089: off 86
2:05:05.639623: off 87
2:05:05.655294: off 88
2:05:05.702299: off 89
2:05:06.267960: off 88
2:05:06.440809: off 87
2:05:06.503474: off 86
2:05:06.537604: off 85
2:05:06.582067: off 84
2:05:06.613173: off 82
2:05:06.637797: off 81
2:05:06.637797: off 80
2:05:06.660466: off 71
2:05:06.676219: off 60
2:05:06.691693: off 48
2:05:06.707327: off 43
2:05:06.722965: off 36
2:05:06.738138: off 30
2:05:06.753784: off 29
2:05:06.769411: off 27
2:05:06.785178: off 26
2:05:06.832054: off 27
2:05:06.863940: off 28
2:05:06.926433: off 29
2:05:06.973851: off 30
2:05:07.039512: off 31
2:05:07.139516: off 32
2:05:07.350622: off 33
2:05:07.460731: off 34
2:05:07.523068: off 35
2:05:07.554893: off 36
2:05:07.602150: off 37
2:05:07.649088: off 38
2:05:07.649088: off 39
2:05:07.649088: off 41
2:05:07.664730: off 42
2:05:07.680352: off 43
2:05:07.711752: off 44
2:05:07.743041: off 45
2:05:07.790080: off 46
2:05:07.805555: off 47
2:05:08.167219: off 46
2:05:30.862798: freq 0.65
2:05:30.972873: freq 0.7
2:05:31.051401: freq 0.75
2:05:31.129835: freq 0.8
2:05:31.145453: freq 0.85
2:05:31.145453: freq 0.9
2:05:31.193154: freq 0.95
2:05:31.224896: freq 1
2:05:40.073027: freq 0.3
2:05:40.261197: freq 0.35
2:05:40.371125: freq 0.4
2:05:40.450072: freq 0.45
2:05:40.512951: freq 0.5
2:05:40.732458: freq 0.55
2:05:41.031650: freq 0.6
2:05:41.282835: freq 0.65
2:05:41.565469: freq 0.6
2:05:41.644112: freq 0.6
2:05:41.926291: freq 0.55
2:05:42.193341: freq 0.5
2:05:43.811720: freq 0.45
2:05:44.314810: freq 0.4
2:05:44.707340: freq 0.35
2:05:44.958630: freq 0.3
2:05:45.319673: freq 0.25
2:05:45.822189: freq 0.2
2:05:46.261880: freq 0.15
2:05:46.875269: freq 0.1
2:07:04.033685: amp 41
2:07:04.253703: amp 39
2:07:04.269329: amp 38
2:07:04.300885: amp 36
2:07:04.300885: amp 32
2:07:04.316630: amp 31
2:07:04.332358: amp 30
2:07:04.347867: amp 28
2:07:04.379035: amp 26
2:07:04.389625: amp 23
2:07:04.411001: amp 22
2:07:04.442220: amp 20
2:07:04.442220: amp 17
2:07:04.457873: amp 15
2:07:04.489758: amp 13
2:07:04.489758: amp 12
2:07:04.504796: amp 11
2:07:04.504796: amp 9
2:07:04.536247: amp 7
2:07:04.567438: amp 5
2:07:04.590202: amp 3
2:07:04.590202: amp 1
2:07:04.615208: amp 0
2:07:05.092031: off 53
2:07:05.258121: off 49
2:07:05.289321: off 45
2:07:05.292458: off 43
2:07:05.305143: off 38
2:07:05.336603: off 33
2:07:05.336603: off 28
2:07:05.367789: off 25
2:07:05.367789: off 19
2:07:05.383482: off 13
2:07:05.415061: off 9
2:07:05.446248: off 5
2:07:05.446248: off 4
2:07:05.462043: off 0
2:08:43.402884: freq 0
2:08:43.402884: amp 0
2:08:43.420187: off 90
2:08:43.420187: phb 0
2:16:25.443807: amp 3
2:16:25.475086: amp 4
2:16:25.506475: amp 5
2:16:25.538468: amp 6
2:16:25.569243: amp 7
2:16:25.600665: amp 8
2:16:25.631913: amp 9
2:16:25.679420: amp 10
2:16:25.773876: amp 11
2:16:25.868297: amp 12
2:16:25.939205: amp 13
2:16:25.962757: amp 14
2:16:26.072840: amp 15
2:16:26.119568: amp 16
2:16:26.182642: amp 17
2:16:26.245529: amp 18
2:16:26.669770: amp 19
2:16:26.741030: amp 20
2:16:26.858330: amp 21
2:16:26.983978: amp 22
2:16:27.093952: amp 23
2:16:27.156767: amp 24
2:16:27.392530: amp 25
2:16:46.533144: freq 0
2:16:46.533144: amp 0
2:16:46.533144: off 90
2:16:46.533144: phb 0
3:59:17.242844: phb 0.14461434943341617
3:59:17.305419: phb 0.18594508803966386
3:59:17.321155: phb 0.2522417062800006
3:59:17.321155: phb 0.30227181482957194
3:59:17.336865: phb 0.4494299676626914
3:59:17.367964: phb 0.6202489376784815
3:59:17.367964: phb 0.6960832409670403
3:59:17.402978: phb 0.8433039242494987
3:59:17.415094: phb 0.9528297377062113
3:59:17.415094: phb 1.0070471938166246
3:59:17.430955: phb 1.0599721060824607
3:59:17.509268: phb 1.1284208972694092
3:59:17.509268: phb 1.1781587961437208
3:59:17.509268: phb 1.2784483197528278
3:59:17.509268: phb 1.3551545822133668
3:59:17.540628: phb 1.413234678237378
3:59:17.540628: phb 1.5066635834712503
3:59:17.556154: phb 1.6166351846042666
3:59:17.571818: phb 1.7403245048644411
3:59:17.603749: phb 1.8053359628440415
3:59:17.603749: phb 1.9497751188243566
3:59:17.619306: phb 1.9799525497132306
3:59:17.635122: phb 2.051985655699332
3:59:17.666351: phb 2.079395596561726
3:59:17.666351: phb 2.1443670419883496
3:59:17.703732: phb 2.1809282183359375
3:59:17.713780: phb 2.22691891725911
3:59:17.745139: phb 2.2786798713397873
3:59:17.760663: phb 2.318117623660426
3:59:17.776390: phb 2.3748838851528618
3:59:17.792076: phb 2.4111851434122
3:59:17.808404: phb 2.4476812391338987
3:59:17.839666: phb 2.455863127232438
3:59:17.839666: phb 2.491722109003814
3:59:17.855309: phb 2.509526864272851
3:59:17.871099: phb 2.527233971932681
3:59:17.918653: phb 2.5448336356954133
3:59:17.918653: phb 2.5729201167302937
3:59:17.934305: phb 2.6076383730941295
3:59:17.934305: phb 2.6357167988408214
3:59:17.996916: phb 2.680746148282832
3:59:17.996916: phb 2.720173612131451
3:59:18.013229: phb 2.748251559761047
3:59:18.075897: phb 2.7599138268485883
3:59:18.075897: phb 2.815873858395289
3:59:18.075897: phb 2.831652696468704
3:59:18.091499: phb 2.8709788398027642
3:59:18.107811: phb 2.907268355495689
3:59:18.123495: phb 2.9589382243015
3:59:18.139086: phb 2.9856370244754924
3:59:18.170497: phb 3.0102771118313663
3:59:18.186135: phb 3.0350791611814243
3:59:18.186135: phb 3.0475313449291623
3:59:18.204298: phb 3.0725204579331713
3:59:18.217803: phb 3.085049171973184
3:59:18.264835: phb 3.1353038072118755
3:59:18.312096: phb 3.160458354544454
3:59:18.312096: phb 3.1855896268074284
3:59:18.343524: phb 3.2106654223074345
3:59:18.343524: phb 3.235653962250424
3:59:18.358986: phb 3.2605258304125555
3:59:18.374653: phb 3.2852507579363364
3:59:18.390238: phb 3.2995027676453232
3:59:18.406292: phb 3.3119012479890575
3:59:18.437737: phb 3.336537429658486
3:59:18.437737: phb 3.3636750200575616
3:59:18.453365: phb 3.3911797759589546
3:59:18.484623: phb 3.415571217492045
3:59:18.500060: phb 3.4433462496869556
3:59:18.516255: phb 3.475537990620164
3:59:18.532076: phb 3.504137083571846
3:59:18.547717: phb 3.5329034566726345
3:59:18.563331: phb 3.5378942722251883
3:59:18.563331: phb 3.5671355587623252
3:59:18.594594: phb 3.590316729105248
3:59:18.626150: phb 3.6201645393051436
3:59:18.626150: phb 3.6382618559889166
3:59:18.641770: phb 3.656555289302683
3:59:18.657467: phb 3.6750355360203155
3:59:18.688533: phb 3.6936944510883265
3:59:18.688533: phb 3.7315000313122084
3:59:18.720367: phb 3.7506252621305065
3:59:18.736188: phb 3.7698812339961556
3:59:18.767256: phb 3.8174321784000282
3:59:18.782910: phb 3.8372328249991083
3:59:18.782910: phb 3.8652140402044233
3:59:18.814382: phb 3.885777374277912
3:59:18.830115: phb 3.9165748678832517
3:59:18.845648: phb 3.9269914795399377
3:59:18.892681: phb 3.948493220854531
3:59:18.892681: phb 3.9595886462114716
3:59:18.892681: phb 3.9812861044923338
3:59:18.939968: phb 3.992829764480347
3:59:18.939968: phb 4.0146778567864585
3:59:18.939968: phb 4.03888110670056
3:59:18.955406: phb 4.061014715997027
3:59:18.971214: phb 4.086542849630031
3:59:18.986840: phb 4.099673022640819
3:59:19.034166: phb 4.135672740773526
3:59:19.034166: phb 4.1777002337349325
3:59:19.034166: phb 4.221928027763595
3:59:19.065413: phb 4.268346847381344
3:59:19.096613: phb 4.333558288883272
3:59:19.112547: phb 4.384825192700271
3:59:19.112547: phb 4.420041829918794
3:59:19.159594: phb 4.456022504342329
3:59:19.175162: phb 4.4742753008634955
3:59:19.190842: phb 4.511263325973085
3:59:19.238434: phb 4.548815765336494
3:59:19.238434: phb 4.567775780219403
3:59:19.269842: phb 4.603906368424576
3:59:19.285488: phb 4.643192781037329
3:59:19.301057: phb 4.662925082133877
3:59:19.316899: phb 4.682696003998558
3:59:19.332542: phb 4.742084447344439
3:59:19.332542: phb 4.781585856328654
3:59:19.379503: phb 4.823046239620974
3:59:19.395204: phb 4.8658141219216375
3:59:19.411510: phb 4.929944227484906
3:59:19.427189: phb 4.949923503277611
3:59:19.442962: phb 4.994945181233641
3:59:19.458545: phb 5.040718923405001
3:59:19.489817: phb 5.079562738358435
3:59:19.489817: phb 5.14408377244252
3:59:19.521040: phb 5.199289220512337
3:59:19.536696: phb 5.245691420575104
3:59:19.568045: phb 5.285644339489596
3:59:19.583648: phb 5.315226954060485
3:59:19.599280: phb 5.332638649135394
3:59:19.615002: phb 5.366198650853357
3:59:19.630678: phb 5.408473468188372
3:59:19.646291: phb 5.424390599445417
3:59:19.662052: phb 5.439880760057034
3:59:19.693231: phb 5.468809803968736
3:59:19.724500: phb 5.48350288338242
3:59:19.990853: phb 5.439880760057034
3:59:19.990853: phb 5.395207811772249
3:59:19.990853: phb 5.332638649135394
3:59:20.022443: phb 5.267567976289459
3:59:20.053836: phb 5.1114497047052865
3:59:20.053836: phb 5.062104828555993
3:59:20.053836: phb 4.970843957575501
3:59:20.069508: phb 4.875756421435146
3:59:20.147983: phb 4.832684458674711
3:59:20.147983: phb 4.701863100265342
3:59:20.147983: phb 4.617935418631849
3:59:20.163658: phb 4.576391688065443
3:59:20.194903: phb 4.499185765737842
3:59:20.194903: phb 4.408929104036397
3:59:20.210093: phb 4.319752041772532
3:59:20.225860: phb 4.2366947664178145
3:59:20.241560: phb 4.205290505436843
3:59:20.288411: phb 4.145660667917331
3:59:20.288411: phb 4.077017798732026
3:59:20.288411: phb 4.026660231159355
3:59:20.319781: phb 3.9812861044923338
3:59:20.319781: phb 3.9165748678832517
3:59:20.335594: phb 3.8479479400890604
3:59:20.366697: phb 3.8110090118363376
3:59:20.398063: phb 3.734943252121695
3:59:20.398063: phb 3.720869488251481
3:59:20.413881: phb 3.6674908693206976
3:59:20.445139: phb 3.6026567715496833
3:59:20.445139: phb 3.577539695578741
3:59:20.460956: phb 3.5110887442942955
3:59:20.853316: phb 2.1602669836985484
3:59:20.868813: phb 2.1424555452338243
3:59:20.900217: phb 2.1242264015849868
3:59:20.916084: phb 2.086505882633184
3:59:20.916084: phb 2.0768121318995094
3:59:20.947408: phb 2.0471010127784806
3:59:20.994365: phb 2.0267712728100493
3:59:20.994365: phb 2.006027942751911
3:59:20.994365: phb 1.9633237675117654
3:59:21.012650: phb 1.9302645997317793
3:59:21.025688: phb 1.896363403561767
3:59:21.041339: phb 1.8733185705138666
3:59:21.056978: phb 1.8499363905188007
3:59:21.072767: phb 1.8262376946276149
3:59:21.088381: phb 1.8142750764140487
3:59:21.113035: phb 1.802242045330006
3:59:21.135847: phb 1.7779708363199649
3:59:21.167077: phb 1.7657409616557624
3:59:21.198274: phb 1.7534506097207951
3:59:21.261292: phb 1.7287062841813048
3:59:21.277003: phb 1.6897291974538469
3:59:21.292544: phb 1.6773095220239451
3:59:21.999564: freq 0
3:59:21.999564: amp 0
3:59:21.999564: off 90
3:59:21.999564: phb 0
