Time, Frequency, Amplitude, Offset, PhaseShift, Phase
0:00:00.041655, 0.0, 0.0, 90.0, 0.0, 4080.642822265625
0:00:00.139181, 0.0, 0.0, 90.0, 0.0, 4081.258544921875
0:00:00.241411, 0.0, 0.0, 90.0, 0.0, 4081.8994140625
0:00:00.338816, 0.0, 0.0, 90.0, 0.0, 4082.5087890625
0:00:00.421496, 0.0, 0.0, 90.0, 0.0, 4083.0302734375
0:00:00.533019, 0.0, 0.0, 90.0, 0.0, 4083.734130859375
0:00:00.642321, 0.0, 0.0, 90.0, 0.0, 4084.419189453125
0:00:00.739342, 0.0, 0.0, 90.0, 0.0, 4085.028564453125
0:00:00.823659, 0.0, 0.0, 90.0, 0.0, 4085.562744140625
0:00:00.935176, 0.0, 0.0, 90.0, 0.0, 4086.26025390625
0:00:01.049815, 0.0, 0.0, 90.0, 0.0, 4086.98291015625
0:00:01.131391, 0.0, 0.0, 90.0, 0.0, 4087.498291015625
0:00:01.243865, 0.0, 0.0, 90.0, 0.0, 4088.201904296875
0:00:01.330180, 0.0, 0.0, 90.0, 0.0, 4088.74853515625
0:00:01.439018, 0.0, 0.0, 90.0, 0.0, 4089.433349609375
0:00:01.535834, 0.0, 0.0, 90.0, 0.0, 4090.03662109375
0:00:01.650486, 0.0, 0.0, 90.0, 0.0, 4090.759033203125
0:00:01.748522, 0.0, 0.0, 90.0, 0.0, 4091.374755859375
0:00:01.847981, 0.0, 0.0, 90.0, 0.0, 4092.003173828125
0:00:01.960512, 0.0, 0.0, 90.0, 0.0, 4092.706787109375
0:00:02.043053, 0.0, 0.0, 90.0, 0.0, 4093.228271484375
0:00:02.138518, 0.0, 0.0, 90.0, 0.0, 4093.831298828125
0:00:02.249371, 0.0, 0.0, 90.0, 0.0, 4094.52880859375
0:00:02.360885, 0.0, 0.0, 90.0, 0.0, 4095.22607421875
0:00:02.447116, 0.0, 0.0, 90.0, 0.0, 4095.766357421875
0:00:02.564660, 0.0, 0.0, 90.0, 0.0, 4096.5078125
0:00:02.646910, 0.0, 0.0, 90.0, 0.0, 4097.02294921875
0:00:02.754809, 0.0, 0.0, 90.0, 0.0, 4097.70166015625
0:00:02.866371, 0.0, 0.0, 90.0, 0.0, 4098.4052734375
0:00:02.951640, 0.0, 0.0, 90.0, 0.0, 4098.93896484375
0:00:03.069284, 0.0, 0.0, 90.0, 0.0, 4099.68017578125
0:00:03.156545, 0.0, 0.0, 90.0, 0.0, 4100.2265625
0:00:03.270053, 0.0, 0.0, 90.0, 0.0, 4100.9423828125
0:00:03.355347, 0.0, 0.0, 90.0, 0.0, 4101.47607421875
0:00:03.451414, 0.0, 0.0, 90.0, 0.0, 4102.07958984375
0:00:03.577052, 0.0, 0.0, 90.0, 0.0, 4102.87109375
0:00:03.663389, 0.0, 0.0, 90.0, 0.0, 4103.4111328125
0:00:03.757802, 0.0, 0.0, 90.0, 0.0, 4104.0078125
0:00:03.871511, 0.0, 0.0, 90.0, 0.0, 4104.7236328125
0:00:03.956710, 0.0, 0.0, 90.0, 0.0, 4105.25732421875
0:00:04.071372, 0.0, 0.0, 90.0, 0.0, 4105.9794921875
0:00:04.182360, 0.0, 0.0, 90.0, 0.0, 4106.6767578125
0:00:04.280604, 0.0, 0.0, 90.0, 0.0, 4107.29248046875
0:00:04.380887, 0.0, 0.0, 90.0, 0.0, 4107.92724609375
0:00:04.461550, 0.0, 0.0, 90.0, 0.0, 4108.4296875
0:00:04.580069, 0.0, 0.0, 90.0, 0.0, 4109.17724609375
0:00:04.661712, 0.0, 0.0, 90.0, 0.0, 4109.6923828125
0:00:04.788532, 0.0, 0.0, 90.0, 0.0, 4110.4833984375
0:00:04.873843, 0.0, 0.0, 90.0, 0.0, 4111.0234375
0:00:04.966843, 0.0, 0.0, 90.0, 0.0, 4111.607421875
0:00:05.081377, 0.0, 0.0, 90.0, 0.0, 4112.32958984375
0:00:05.178164, 0.0, 0.0, 90.0, 0.0, 4112.93310546875
0:00:05.284055, 0.0, 0.0, 90.0, 0.0, 4113.59912109375
0:00:05.380448, 0.0, 0.0, 90.0, 0.0, 4114.20849609375
0:00:05.492956, 0.0, 0.0, 90.0, 0.0, 4114.912109375
0:00:05.580202, 0.0, 0.0, 90.0, 0.0, 4115.46484375
0:00:05.682116, 0.0, 0.0, 90.0, 0.0, 4116.10546875
0:00:05.796679, 0.0, 0.0, 90.0, 0.0, 4116.8212890625
0:00:05.884009, 0.0, 0.0, 90.0, 0.0, 4117.3740234375
0:00:05.994118, 0.0, 0.0, 90.0, 0.0, 4118.06494140625
0:00:06.089959, 0.0, 0.0, 90.0, 0.0, 4118.66796875
0:00:06.176221, 0.0, 0.0, 90.0, 0.0, 4119.20849609375
0:00:06.284207, 0.0, 0.0, 90.0, 0.0, 4119.88671875
0:00:06.395717, 0.0, 0.0, 90.0, 0.0, 4120.59033203125
0:00:06.477901, 0.0, 0.0, 90.0, 0.0, 4121.10546875
0:00:06.592565, 0.0, 0.0, 90.0, 0.0, 4121.82763671875
0:00:06.702028, 0.0, 0.0, 90.0, 0.0, 4122.51318359375
0:00:06.790362, 0.0, 0.0, 90.0, 0.0, 4123.072265625
0:00:06.908000, 0.0, 0.0, 90.0, 0.0, 4123.8134765625
0:00:06.988587, 0.0, 0.0, 90.0, 0.0, 4124.31591796875
0:00:07.095671, 0.0, 0.0, 90.0, 0.0, 4124.98779296875
0:00:07.191465, 0.0, 0.0, 90.0, 0.0, 4125.5908203125
0:00:07.305958, 0.0, 0.0, 90.0, 0.0, 4126.3134765625
0:00:07.393226, 0.0, 0.0, 90.0, 0.0, 4126.85986328125
0:00:07.503863, 0.0, 0.0, 90.0, 0.0, 4127.55712890625
0:00:07.615363, 0.0, 0.0, 90.0, 0.0, 4128.2607421875
0:00:07.700691, 0.0, 0.0, 90.0, 0.0, 4128.794921875
0:00:07.812172, 0.0, 0.0, 90.0, 0.0, 4129.49853515625
0:00:07.897525, 0.0, 0.0, 90.0, 0.0, 4130.0322265625
0:00:08.012031, 0.0, 0.0, 90.0, 0.0, 4130.75439453125
0:00:08.096383, 0.0, 0.0, 90.0, 0.0, 4131.28173828125
0:00:08.212996, 0.0, 0.0, 90.0, 0.0, 4132.01708984375
0:00:08.315865, 0.0, 0.0, 90.0, 0.0, 4132.6640625
0:00:08.424834, 0.0, 0.0, 90.0, 0.0, 4133.3486328125
0:00:08.515070, 0.0, 0.0, 90.0, 0.0, 4133.9140625
0:00:08.628577, 0.0, 0.0, 90.0, 0.0, 4134.6240234375
0:00:08.714911, 0.0, 0.0, 90.0, 0.0, 4135.17041015625
0:00:08.812387, 0.0, 0.0, 90.0, 0.0, 4135.77978515625
0:00:08.922348, 0.0, 0.0, 90.0, 0.0, 4136.470703125
0:00:09.011612, 0.0, 0.0, 90.0, 0.0, 4137.0361328125
0:00:09.124263, 0.0, 0.0, 90.0, 0.0, 4137.7392578125
0:00:09.234570, 0.0, 0.0, 90.0, 0.0, 4138.43603515625
0:00:09.331858, 0.0, 0.0, 90.0, 0.0, 4139.04541015625
0:00:09.424425, 0.0, 0.0, 90.0, 0.0, 4139.62939453125
0:00:09.538042, 0.0, 0.0, 90.0, 0.0, 4140.34521484375
0:00:09.623304, 0.0, 0.0, 90.0, 0.0, 4140.87939453125
0:00:09.738931, 0.0, 0.0, 90.0, 0.0, 4141.60791015625
0:00:09.824245, 0.0, 0.0, 90.0, 0.0, 4142.14208984375
0:00:09.921724, 0.0, 0.0, 90.0, 0.0, 4142.7578125
0:00:10.025964, 0.0, 0.0, 90.0, 0.0, 4143.4111328125
0:00:10.140565, 0.0, 0.0, 90.0, 0.0, 4144.13330078125
0:00:10.226874, 0.0, 0.0, 90.0, 0.0, 4144.67333984375
0:00:10.322855, 0.0, 0.0, 90.0, 0.0, 4145.2763671875
0:00:10.441731, 0.0, 0.0, 90.0, 0.0, 4146.0234375
0:00:10.533749, 0.0, 0.0, 90.0, 0.0, 4146.60107421875
0:00:10.645282, 0.0, 0.0, 90.0, 0.0, 4147.3046875
0:00:10.732615, 0.0, 0.0, 90.0, 0.0, 4147.85107421875
0:00:10.852428, 0.0, 0.0, 90.0, 0.0, 4148.6044921875
0:00:10.946264, 0.0, 0.0, 90.0, 0.0, 4149.19482421875
0:00:11.032484, 0.0, 0.0, 90.0, 0.0, 4149.73486328125
0:00:11.131609, 0.0, 0.0, 90.0, 0.0, 4150.3564453125
0:00:11.244195, 0.0, 0.0, 90.0, 0.0, 4151.06591796875
0:00:11.330432, 0.0, 0.0, 90.0, 0.0, 4151.60595703125
0:00:11.439292, 0.0, 0.0, 90.0, 0.0, 4152.29052734375
0:00:11.544231, 0.0, 0.0, 90.0, 0.0, 4152.9501953125
0:00:11.642417, 0.0, 0.0, 90.0, 0.0, 4153.5654296875
0:00:11.756023, 0.0, 0.0, 90.0, 0.0, 4154.28125
0:00:11.845903, 0.0, 0.0, 90.0, 0.0, 4154.8466796875
0:00:11.958464, 0.0, 0.0, 90.0, 0.0, 4155.55615234375
0:00:12.042608, 0.0, 0.0, 90.0, 0.0, 4156.08349609375
0:00:12.142202, 0.0, 0.0, 90.0, 0.0, 4156.7119140625
0:00:12.242581, 0.0, 0.0, 90.0, 0.0, 4157.33984375
0:00:12.353470, 0.0, 0.0, 90.0, 0.0, 4158.037109375
0:00:12.444889, 0.0, 0.0, 90.0, 0.0, 4158.61474609375
0:00:12.553801, 0.0, 0.0, 90.0, 0.0, 4159.29931640625
0:00:12.652019, 0.0, 0.0, 90.0, 0.0, 4159.9150390625
0:00:12.751466, 0.0, 0.0, 90.0, 0.0, 4160.53662109375
0:00:12.863038, 0.0, 0.0, 90.0, 0.0, 4161.23974609375
0:00:12.949297, 0.0, 0.0, 90.0, 0.0, 4161.77978515625
0:00:13.057216, 0.0, 0.0, 90.0, 0.0, 4162.4580078125
0:00:13.170723, 0.0, 0.0, 90.0, 0.0, 4163.17431640625
0:00:13.275587, 0.0, 0.0, 90.0, 0.0, 4163.83447265625
0:00:13.373055, 0.0, 0.0, 90.0, 0.0, 4164.44384765625
0:00:13.455259, 0.0, 0.0, 90.0, 0.0, 4164.96484375
0:00:13.578659, 0.0, 0.0, 90.0, 0.0, 4165.7373046875
0:00:13.665983, 0.0, 0.0, 90.0, 0.0, 4166.2900390625
0:00:13.775039, 0.0, 0.0, 90.0, 0.0, 4166.974609375
0:00:13.858267, 0.0, 0.0, 90.0, 0.0, 4167.49560546875
0:00:13.982936, 0.0, 0.0, 90.0, 0.0, 4168.28076171875
0:00:14.063596, 0.0, 0.0, 90.0, 0.0, 4168.78955078125
0:00:14.177162, 0.0, 0.0, 90.0, 0.0, 4169.4990234375
0:00:14.257774, 0.0, 0.0, 90.0, 0.0, 4170.0078125
0:00:14.375765, 0.0, 0.0, 90.0, 0.0, 4170.7490234375
0:00:14.464070, 0.0, 0.0, 90.0, 0.0, 4171.3017578125
0:00:14.576618, 0.0, 0.0, 90.0, 0.0, 4172.01171875
0:00:14.684515, 0.0, 0.0, 90.0, 0.0, 4172.68994140625
0:00:14.777287, 0.0, 0.0, 90.0, 0.0, 4173.2744140625
0:00:14.889927, 0.0, 0.0, 90.0, 0.0, 4173.98388671875
0:00:14.974182, 0.0, 0.0, 90.0, 0.0, 4174.51123046875
0:00:15.067660, 0.0, 0.0, 90.0, 0.0, 4175.09521484375
0:00:15.183317, 0.0, 0.0, 90.0, 0.0, 4175.82373046875
0:00:15.267641, 0.0, 0.0, 90.0, 0.0, 4176.357421875
0:00:15.396002, 0.0, 0.0, 90.0, 0.0, 4177.16162109375
0:00:15.481209, 0.0, 0.0, 90.0, 0.0, 4177.6953125
0:00:15.594797, 0.0, 0.0, 90.0, 0.0, 4178.41162109375
0:00:15.685303, 0.0, 0.0, 90.0, 0.0, 4178.9833984375
0:00:15.794329, 0.0, 0.0, 90.0, 0.0, 4179.66796875
0:00:15.893786, 0.0, 0.0, 90.0, 0.0, 4180.2900390625
0:00:15.994170, 0.0, 0.0, 90.0, 0.0, 4180.92431640625
0:00:16.083498, 0.0, 0.0, 90.0, 0.0, 4181.4833984375
0:00:16.197064, 0.0, 0.0, 90.0, 0.0, 4182.19921875
0:00:16.281229, 0.0, 0.0, 90.0, 0.0, 4182.7265625
0:00:16.395776, 0.0, 0.0, 90.0, 0.0, 4183.4423828125
0:00:16.484071, 0.0, 0.0, 90.0, 0.0, 4184.00146484375
0:00:16.597659, 0.0, 0.0, 90.0, 0.0, 4184.7119140625
0:00:16.684967, 0.0, 0.0, 90.0, 0.0, 4185.2646484375
0:00:16.796503, 0.0, 0.0, 90.0, 0.0, 4185.96142578125
0:00:16.883779, 0.0, 0.0, 90.0, 0.0, 4186.51416015625
0:00:17.003507, 0.0, 0.0, 90.0, 0.0, 4187.26806640625
0:00:17.103773, 0.0, 0.0, 90.0, 0.0, 4187.89599609375
0:00:17.208709, 0.0, 0.0, 90.0, 0.0, 4188.5556640625
0:00:17.305782, 0.0, 0.0, 90.0, 0.0, 4189.16552734375
0:00:17.395142, 0.0, 0.0, 90.0, 0.0, 4189.73095703125
0:00:17.510661, 0.0, 0.0, 90.0, 0.0, 4190.45361328125
0:00:17.597040, 0.0, 0.0, 90.0, 0.0, 4191.0
0:00:17.702920, 0.0, 0.0, 90.0, 0.0, 4191.666015625
0:00:17.816625, 0.0, 0.0, 90.0, 0.0, 4192.3759765625
0:00:17.915020, 0.0, 0.0, 90.0, 0.0, 4192.998046875
0:00:18.006510, 0.0, 0.0, 90.0, 0.0, 4193.56982421875
0:00:18.118004, 0.0, 0.0, 90.0, 0.0, 4194.27392578125
0:00:18.205316, 0.0, 0.0, 90.0, 0.0, 4194.8203125
0:00:18.315201, 0.0, 0.0, 90.0, 0.0, 4195.51123046875
0:00:18.404516, 0.0, 0.0, 90.0, 0.0, 4196.07666015625
0:00:18.523970, 0.0, 0.0, 90.0, 0.0, 4196.82421875
0:00:18.617329, 0.0, 0.0, 90.0, 0.0, 4197.4150390625
0:00:18.715776, 0.0, 0.0, 90.0, 0.0, 4198.03076171875
0:00:18.826279, 0.0, 0.0, 90.0, 0.0, 4198.72802734375
0:00:18.914503, 0.0, 0.0, 90.0, 0.0, 4199.28076171875
0:00:19.015781, 0.0, 0.0, 90.0, 0.0, 4199.91552734375
0:00:19.113028, 0.0, 0.0, 90.0, 0.0, 4200.53125
0:00:19.226620, 0.0, 0.0, 90.0, 0.0, 4201.24072265625
0:00:19.312956, 0.0, 0.0, 90.0, 0.0, 4201.787109375
0:00:19.425644, 0.0, 0.0, 90.0, 0.0, 4202.49658203125
0:00:19.513820, 0.0, 0.0, 90.0, 0.0, 4203.04931640625
0:00:19.628465, 0.0, 0.0, 90.0, 0.0, 4203.771484375
0:00:19.734263, 0.0, 0.0, 90.0, 0.0, 4204.4375
0:00:19.822768, 0.0, 0.0, 90.0, 0.0, 4204.990234375
0:00:19.933284, 0.0, 0.0, 90.0, 0.0, 4205.6875
0:00:20.020679, 0.0, 0.0, 90.0, 0.0, 4206.23388671875
0:00:20.133142, 0.0, 0.0, 90.0, 0.0, 4206.94384765625
0:00:20.243123, 0.0, 0.0, 90.0, 0.0, 4207.634765625
0:00:20.330431, 0.0, 0.0, 90.0, 0.0, 4208.18115234375
0:00:20.443048, 0.0, 0.0, 90.0, 0.0, 4208.890625
0:00:20.550967, 0.0, 0.0, 90.0, 0.0, 4209.5693359375
0:00:20.647080, 0.0, 0.0, 90.0, 0.0, 4210.17236328125
0:00:20.745554, 0.0, 0.0, 90.0, 0.0, 4210.79443359375
0:00:20.834845, 0.0, 0.0, 90.0, 0.0, 4211.353515625
0:00:20.935452, 0.0, 0.0, 90.0, 0.0, 4211.98779296875
0:00:21.056526, 0.0, 0.0, 90.0, 0.0, 4212.748046875
0:00:21.154961, 0.0, 0.0, 90.0, 0.0, 4213.36376953125
0:00:21.257215, 0.0, 0.0, 90.0, 0.0, 4214.0107421875
0:00:21.337824, 0.0, 0.0, 90.0, 0.0, 4214.51318359375
0:00:21.450475, 0.0, 0.0, 90.0, 0.0, 4215.22314453125
0:00:21.533595, 0.0, 0.0, 90.0, 0.0, 4215.744140625
0:00:21.640446, 0.0, 0.0, 90.0, 0.0, 4216.41650390625
0:00:21.735831, 0.0, 0.0, 90.0, 0.0, 4217.01953125
0:00:21.846459, 0.0, 0.0, 90.0, 0.0, 4217.71044921875
0:00:21.955322, 0.0, 0.0, 90.0, 0.0, 4218.39501953125
0:00:22.050151, 0.0, 0.0, 90.0, 0.0, 4218.99169921875
0:00:22.146996, 0.0, 0.0, 90.0, 0.0, 4219.60107421875
0:00:22.265979, 0.0, 0.0, 90.0, 0.0, 4220.3486328125
0:00:22.356248, 0.0, 0.0, 90.0, 0.0, 4220.92041015625
0:00:22.460123, 0.0, 0.0, 90.0, 0.0, 4221.5732421875
0:00:22.547452, 0.0, 0.0, 90.0, 0.0, 4222.11962890625
0:00:22.661979, 0.0, 0.0, 90.0, 0.0, 4222.8359375
0:00:22.749231, 0.0, 0.0, 90.0, 0.0, 4223.388671875
0:00:22.873981, 0.0, 0.0, 90.0, 0.0, 4224.173828125
0:00:22.958192, 0.0, 0.0, 90.0, 0.0, 4224.701171875
0:00:23.053273, 0.0, 0.0, 90.0, 0.0, 4225.2978515625
0:00:23.166949, 0.0, 0.0, 90.0, 0.0, 4226.013671875
0:00:23.266868, 0.0, 0.0, 90.0, 0.0, 4226.64208984375
0:00:23.358674, 0.0, 0.0, 90.0, 0.0, 4227.22021484375
0:00:23.472286, 0.0, 0.0, 90.0, 0.0, 4227.9296875
0:00:23.556545, 0.0, 0.0, 90.0, 0.0, 4228.46337890625
0:00:23.656764, 0.0, 0.0, 90.0, 0.0, 4229.09130859375
0:00:23.775491, 0.0, 0.0, 90.0, 0.0, 4229.83837890625
0:00:23.863744, 0.0, 0.0, 90.0, 0.0, 4230.3916015625
0:00:23.968692, 0.0, 0.0, 90.0, 0.0, 4231.05126953125
0:00:24.076715, 0.0, 0.0, 90.0, 0.0, 4231.7294921875
0:00:24.173224, 0.0, 0.0, 90.0, 0.0, 4232.3388671875
0:00:24.286946, 0.0, 0.0, 90.0, 0.0, 4233.0546875
0:00:24.365593, 0.0, 0.0, 90.0, 0.0, 4233.55126953125
0:00:24.478168, 0.0, 0.0, 90.0, 0.0, 4234.2548828125
0:00:24.587102, 0.0, 0.0, 90.0, 0.0, 4234.939453125
0:00:24.687229, 0.0, 0.0, 90.0, 0.0, 4235.5673828125
0:00:24.797146, 0.0, 0.0, 90.0, 0.0, 4236.25830078125
0:00:24.884576, 0.0, 0.0, 90.0, 0.0, 4236.81103515625
0:00:24.997132, 0.0, 0.0, 90.0, 0.0, 4237.5205078125
0:00:25.082376, 0.0, 0.0, 90.0, 0.0, 4238.05419921875
0:00:25.179538, 0.0, 0.0, 90.0, 0.0, 4238.66357421875
0:00:25.277988, 0.0, 0.0, 90.0, 0.0, 4239.28564453125
0:00:25.394727, 0.0, 0.0, 90.0, 0.0, 4240.0146484375
0:00:25.483124, 0.0, 0.0, 90.0, 0.0, 4240.57373046875
0:00:25.588053, 0.0, 0.0, 90.0, 0.0, 4241.2333984375
0:00:25.700586, 0.0, 0.0, 90.0, 0.0, 4241.93701171875
0:00:25.807494, 0.0, 0.0, 90.0, 0.0, 4242.60888671875
0:00:25.908705, 0.0, 0.0, 90.0, 0.0, 4243.24951171875
0:00:26.007867, 0.0, 0.0, 90.0, 0.0, 4243.87158203125
0:00:26.108074, 0.0, 0.0, 90.0, 0.0, 4244.5
0:00:26.197367, 0.0, 0.0, 90.0, 0.0, 4245.0654296875
0:00:26.307298, 0.0, 0.0, 90.0, 0.0, 4245.75634765625
0:00:26.389870, 0.0, 0.0, 90.0, 0.0, 4246.271484375
0:00:26.507586, 0.0, 0.0, 90.0, 0.0, 4247.0126953125
0:00:26.601287, 0.0, 0.0, 90.0, 0.0, 4247.60302734375
0:00:26.716874, 0.0, 0.0, 90.0, 0.0, 4248.3251953125
0:00:26.804133, 0.0, 0.0, 90.0, 0.0, 4248.8779296875
0:00:26.917716, 0.0, 0.0, 90.0, 0.0, 4249.58740234375
0:00:27.016729, 0.0, 0.0, 90.0, 0.0, 4250.2158203125
0:00:27.117364, 0.0, 0.0, 90.0, 0.0, 4250.84375
0:00:27.224203, 0.0, 0.0, 90.0, 0.0, 4251.51611328125
0:00:27.308539, 0.0, 0.0, 90.0, 0.0, 4252.0498046875
0:00:27.428286, 0.0, 0.0, 90.0, 0.0, 4252.79736328125
0:00:27.519905, 0.0, 0.0, 90.0, 0.0, 4253.37548828125
0:00:27.602149, 0.0, 0.0, 90.0, 0.0, 4253.89013671875
0:00:27.718730, 0.0, 0.0, 90.0, 0.0, 4254.625
0:00:27.811502, 0.0, 0.0, 90.0, 0.0, 4255.20947265625
0:00:27.921367, 0.0, 0.0, 90.0, 0.0, 4255.900390625
0:00:28.008647, 0.0, 0.0, 90.0, 0.0, 4256.44677734375
0:00:28.107755, 0.0, 0.0, 90.0, 0.0, 4257.068359375
0:00:28.224383, 0.0, 0.0, 90.0, 0.0, 4257.8037109375
0:00:28.310727, 0.0, 0.0, 90.0, 0.0, 4258.34375
0:00:28.433090, 0.0, 0.0, 90.0, 0.0, 4259.1162109375
0:00:28.530178, 0.0, 0.0, 90.0, 0.0, 4259.7255859375
0:00:28.627594, 0.0, 0.0, 90.0, 0.0, 4260.3349609375
0:00:28.735600, 0.0, 0.0, 90.0, 0.0, 4261.01416015625
0:00:28.818875, 0.0, 0.0, 90.0, 0.0, 4261.54150390625
0:00:28.918057, 0.0, 0.0, 90.0, 0.0, 4262.16357421875
0:00:29.035586, 0.0, 0.0, 90.0, 0.0, 4262.9052734375
0:00:29.121917, 0.0, 0.0, 90.0, 0.0, 4263.4453125
0:00:29.225414, 0.0, 0.0, 90.0, 0.0, 4264.09814453125
0:00:29.338110, 0.0, 0.0, 90.0, 0.0, 4264.8017578125
0:00:29.423242, 0.0, 0.0, 90.0, 0.0, 4265.341796875
0:00:29.543028, 0.0, 0.0, 90.0, 0.0, 4266.095703125
0:00:29.638355, 0.0, 0.0, 90.0, 0.0, 4266.6923828125
0:00:29.738738, 0.0, 0.0, 90.0, 0.0, 4267.3203125
0:00:29.838991, 0.0, 0.0, 90.0, 0.0, 4267.95458984375
0:00:29.932573, 0.0, 0.0, 90.0, 0.0, 4268.53857421875
0:00:30.040420, 0.0, 0.0, 90.0, 0.0, 4269.21728515625
0:00:30.133250, 0.0, 0.0, 90.0, 0.0, 4269.8017578125
0:00:30.257927, 0.0, 0.0, 90.0, 0.0, 4270.5869140625
0:00:30.343164, 0.0, 0.0, 90.0, 0.0, 4271.12060546875
0:00:30.432638, 0.0, 0.0, 90.0, 0.0, 4271.68603515625
0:00:30.550204, 0.0, 0.0, 90.0, 0.0, 4272.4208984375
0:00:30.636487, 0.0, 0.0, 90.0, 0.0, 4272.96728515625
0:00:30.742345, 0.0, 0.0, 90.0, 0.0, 4273.6328125
0:00:30.853911, 0.0, 0.0, 90.0, 0.0, 4274.330078125
0:00:30.951910, 0.0, 0.0, 90.0, 0.0, 4274.94580078125
0:00:31.050243, 0.0, 0.0, 90.0, 0.0, 4275.56787109375
0:00:31.159774, 0.0, 0.0, 90.0, 0.0, 4276.25244140625
0:00:31.247177, 0.0, 0.0, 90.0, 0.0, 4276.80517578125
0:00:31.358898, 0.0, 0.0, 90.0, 0.0, 4277.50830078125
0:00:31.465769, 0.0, 0.0, 90.0, 0.0, 4278.1806640625
0:00:31.553084, 0.0, 0.0, 90.0, 0.0, 4278.72705078125
0:00:31.670668, 0.0, 0.0, 90.0, 0.0, 4279.46826171875
0:00:31.759933, 0.0, 0.0, 90.0, 0.0, 4280.02734375
0:00:31.859055, 0.0, 0.0, 90.0, 0.0, 4280.6494140625
0:00:31.964940, 0.0, 0.0, 90.0, 0.0, 4281.3154296875
0:00:32.053208, 0.0, 0.0, 90.0, 0.0, 4281.87451171875
0:00:32.167676, 0.0, 0.0, 90.0, 0.0, 4282.59033203125
0:00:32.267306, 0.0, 0.0, 90.0, 0.0, 4283.21826171875
0:00:32.353603, 0.0, 0.0, 90.0, 0.0, 4283.75830078125
0:00:32.469145, 0.0, 0.0, 90.0, 0.0, 4284.48681640625
0:00:32.575792, 0.0, 0.0, 90.0, 0.0, 4285.1591796875
0:00:32.661064, 0.0, 0.0, 90.0, 0.0, 4285.69287109375
0:00:32.775668, 0.0, 0.0, 90.0, 0.0, 4286.4150390625
0:00:32.863914, 0.0, 0.0, 90.0, 0.0, 4286.9677734375
0:00:32.974422, 0.0, 0.0, 90.0, 0.0, 4287.6650390625
0:00:33.060664, 0.0, 0.0, 90.0, 0.0, 4288.205078125
0:00:33.187317, 0.0, 0.0, 90.0, 0.0, 4289.0029296875
0:00:33.274622, 0.0, 0.0, 90.0, 0.0, 4289.54931640625
0:00:33.367544, 0.0, 0.0, 90.0, 0.0, 4290.1337890625
0:00:33.482076, 0.0, 0.0, 90.0, 0.0, 4290.8564453125
0:00:33.576631, 0.0, 0.0, 90.0, 0.0, 4291.44677734375
0:00:33.691225, 0.0, 0.0, 90.0, 0.0, 4292.1689453125
0:00:33.784934, 0.0, 0.0, 90.0, 0.0, 4292.759765625
0:00:33.881263, 0.0, 0.0, 90.0, 0.0, 4293.36279296875
0:00:33.991187, 0.0, 0.0, 90.0, 0.0, 4294.0537109375
0:00:34.079465, 0.0, 0.0, 90.0, 0.0, 4294.61279296875
0:00:34.182789, 0.0, 0.0, 90.0, 0.0, 4295.26025390625
0:00:34.280179, 0.0, 0.0, 90.0, 0.0, 4295.8759765625
0:00:34.394695, 0.0, 0.0, 90.0, 0.0, 4296.59228515625
0:00:34.480959, 0.0, 0.0, 90.0, 0.0, 4297.138671875
0:00:34.592465, 0.0, 0.0, 90.0, 0.0, 4297.83544921875
0:00:34.676768, 0.0, 0.0, 90.0, 0.0, 4298.369140625
0:00:34.783709, 0.0, 0.0, 90.0, 0.0, 4299.04150390625
0:00:34.897171, 0.0, 0.0, 90.0, 0.0, 4299.7509765625
0:00:34.982410, 0.0, 0.0, 90.0, 0.0, 4300.28466796875
0:00:35.094957, 0.0, 0.0, 90.0, 0.0, 4300.99462890625
0:00:35.191011, 0.0, 0.0, 90.0, 0.0, 4301.59814453125
0:00:35.294484, 0.0, 0.0, 90.0, 0.0, 4302.25146484375
0:00:35.390935, 0.0, 0.0, 90.0, 0.0, 4302.8544921875
0:00:35.491247, 0.0, 0.0, 90.0, 0.0, 4303.48876953125
0:00:35.588300, 0.0, 0.0, 90.0, 0.0, 4304.09814453125
0:00:35.690490, 0.0, 0.0, 90.0, 0.0, 4304.7392578125
0:00:35.806125, 0.0, 0.0, 90.0, 0.0, 4305.46826171875
0:00:35.893436, 0.0, 0.0, 90.0, 0.0, 4306.0146484375
0:00:36.006963, 0.0, 0.0, 90.0, 0.0, 4306.73046875
0:00:36.112806, 0.0, 0.0, 90.0, 0.0, 4307.396484375
0:00:36.201117, 0.0, 0.0, 90.0, 0.0, 4307.94921875
0:00:36.315668, 0.0, 0.0, 90.0, 0.0, 4308.671875
0:00:36.412786, 0.0, 0.0, 90.0, 0.0, 4309.28125
0:00:36.504967, 0.0, 0.0, 90.0, 0.0, 4309.859375
0:00:36.600315, 0.0, 0.0, 90.0, 0.0, 4310.46240234375
0:00:36.707162, 0.0, 0.0, 90.0, 0.0, 4311.134765625
0:00:36.821794, 0.0, 0.0, 90.0, 0.0, 4311.85107421875
0:00:36.921691, 0.0, 0.0, 90.0, 0.0, 4312.4794921875
0:00:37.015382, 0.0, 0.0, 90.0, 0.0, 4313.06982421875
0:00:37.126959, 0.0, 0.0, 90.0, 0.0, 4313.7734375
0:00:37.213177, 0.0, 0.0, 90.0, 0.0, 4314.3134765625
0:00:37.310588, 0.0, 0.0, 90.0, 0.0, 4314.92919921875
0:00:37.410149, 0.0, 0.0, 90.0, 0.0, 4315.55078125
0:00:37.524663, 0.0, 0.0, 90.0, 0.0, 4316.27294921875
0:00:37.613008, 0.0, 0.0, 90.0, 0.0, 4316.82568359375
0:00:37.712253, 0.0, 0.0, 90.0, 0.0, 4317.4541015625
0:00:37.822907, 0.0, 0.0, 90.0, 0.0, 4318.14501953125
0:00:37.922136, 0.0, 0.0, 90.0, 0.0, 4318.7734375
0:00:38.021252, 0.0, 0.0, 90.0, 0.0, 4319.3955078125
0:00:38.134810, 0.0, 0.0, 90.0, 0.0, 4320.11181640625
0:00:38.221150, 0.0, 0.0, 90.0, 0.0, 4320.65185546875
0:00:38.332676, 0.0, 0.0, 90.0, 0.0, 4321.35546875
0:00:38.418996, 0.0, 0.0, 90.0, 0.0, 4321.8955078125
0:00:38.531506, 0.0, 0.0, 90.0, 0.0, 4322.60498046875
0:00:38.618989, 0.0, 0.0, 90.0, 0.0, 4323.1513671875
0:00:38.732518, 0.0, 0.0, 90.0, 0.0, 4323.8671875
0:00:38.831849, 0.0, 0.0, 90.0, 0.0, 4324.4892578125
0:00:38.920213, 0.0, 0.0, 90.0, 0.0, 4325.048828125
0:00:39.027118, 0.0, 0.0, 90.0, 0.0, 4325.71435546875
0:00:39.141776, 0.0, 0.0, 90.0, 0.0, 4326.4365234375
0:00:39.242127, 0.0, 0.0, 90.0, 0.0, 4327.07080078125
0:00:39.341254, 0.0, 0.0, 90.0, 0.0, 4327.69287109375
0:00:39.421822, 0.0, 0.0, 90.0, 0.0, 4328.20166015625
0:00:39.521970, 0.0, 0.0, 90.0, 0.0, 4328.82958984375
0:00:39.644731, 0.0, 0.0, 90.0, 0.0, 4329.595703125
0:00:39.738464, 0.0, 0.0, 90.0, 0.0, 4330.1923828125
0:00:39.825737, 0.0, 0.0, 90.0, 0.0, 4330.73876953125
0:00:39.943331, 0.0, 0.0, 90.0, 0.0, 4331.47998046875
0:00:40.026524, 0.0, 0.0, 90.0, 0.0, 4332.0009765625
0:00:40.152237, 0.0, 0.0, 90.0, 0.0, 4332.79296875
0:00:40.243692, 0.0, 0.0, 90.0, 0.0, 4333.36474609375
0:00:40.327995, 0.0, 0.0, 90.0, 0.0, 4333.89892578125
0:00:40.443550, 0.0, 0.0, 90.0, 0.0, 4334.62109375
0:00:40.542826, 0.0, 0.0, 90.0, 0.0, 4335.24267578125
0:00:40.657390, 0.0, 0.0, 90.0, 0.0, 4335.96484375
0:00:40.752751, 0.0, 0.0, 90.0, 0.0, 4336.56787109375
0:00:40.851994, 0.0, 0.0, 90.0, 0.0, 4337.18994140625
0:00:40.939257, 0.0, 0.0, 90.0, 0.0, 4337.736328125
0:00:41.051758, 0.0, 0.0, 90.0, 0.0, 4338.44580078125
0:00:41.159568, 0.0, 0.0, 90.0, 0.0, 4339.1240234375
0:00:41.245891, 0.0, 0.0, 90.0, 0.0, 4339.6640625
0:00:41.361617, 0.0, 0.0, 90.0, 0.0, 4340.392578125
0:00:41.448981, 0.0, 0.0, 90.0, 0.0, 4340.93896484375
0:00:41.562461, 0.0, 0.0, 90.0, 0.0, 4341.65478515625
0:00:41.663872, 0.0, 0.0, 90.0, 0.0, 4342.29541015625
0:00:41.763020, 0.0, 0.0, 90.0, 0.0, 4342.91748046875
0:00:41.850258, 0.0, 0.0, 90.0, 0.0, 4343.4638671875
0:00:41.957202, 0.0, 0.0, 90.0, 0.0, 4344.13623046875
0:00:42.070787, 0.0, 0.0, 90.0, 0.0, 4344.8525390625
0:00:42.149266, 0.0, 0.0, 90.0, 0.0, 4345.3427734375
0:00:42.262858, 0.0, 0.0, 90.0, 0.0, 4346.05908203125
0:00:42.362206, 0.0, 0.0, 90.0, 0.0, 4346.68701171875
0:00:42.463675, 0.0, 0.0, 90.0, 0.0, 4347.3212890625
0:00:42.553861, 0.0, 0.0, 90.0, 0.0, 4347.88671875
0:00:42.673652, 0.0, 0.0, 90.0, 0.0, 4348.640625
0:00:42.772850, 0.0, 0.0, 90.0, 0.0, 4349.26904296875
0:00:42.857132, 0.0, 0.0, 90.0, 0.0, 4349.79638671875
0:00:42.984480, 0.0, 0.0, 90.0, 0.0, 4350.59423828125
0:00:43.069719, 0.0, 0.0, 90.0, 0.0, 4351.13427734375
0:00:43.177652, 0.0, 0.0, 90.0, 0.0, 4351.8125
0:00:43.263850, 0.0, 0.0, 90.0, 0.0, 4352.35302734375
0:00:43.382718, 0.0, 0.0, 90.0, 0.0, 4353.10107421875
0:00:43.471141, 0.0, 0.0, 90.0, 0.0, 4353.65380859375
0:00:43.585772, 0.0, 0.0, 90.0, 0.0, 4354.3759765625
0:00:43.669683, 0.0, 0.0, 90.0, 0.0, 4354.9033203125
0:00:43.784205, 0.0, 0.0, 90.0, 0.0, 4355.6259765625
0:00:43.869440, 0.0, 0.0, 90.0, 0.0, 4356.16015625
0:00:43.986923, 0.0, 0.0, 90.0, 0.0, 4356.9013671875
0:00:44.082308, 0.0, 0.0, 90.0, 0.0, 4357.498046875
0:00:44.194855, 0.0, 0.0, 90.0, 0.0, 4358.20751953125
0:00:44.281074, 0.0, 0.0, 90.0, 0.0, 4358.74755859375
0:00:44.388047, 0.0, 0.0, 90.0, 0.0, 4359.419921875
0:00:44.473005, 0.0, 0.0, 90.0, 0.0, 4359.95361328125
0:00:44.574191, 0.0, 0.0, 90.0, 0.0, 4360.59423828125
0:00:44.694022, 0.0, 0.0, 90.0, 0.0, 4361.341796875
0:00:44.787868, 0.0, 0.0, 90.0, 0.0, 4361.9384765625
0:00:44.884308, 0.0, 0.0, 90.0, 0.0, 4362.54150390625
0:00:44.990173, 0.0, 0.0, 90.0, 0.0, 4363.20703125
0:00:45.103869, 0.0, 0.0, 90.0, 0.0, 4363.92333984375
0:00:45.201075, 0.0, 0.0, 90.0, 0.0, 4364.53271484375
0:00:45.280770, 0.0, 0.0, 90.0, 0.0, 4365.03515625
0:00:45.387770, 0.0, 0.0, 90.0, 0.0, 4365.70751953125
0:00:45.506290, 0.0, 0.0, 90.0, 0.0, 4366.455078125
0:00:45.589497, 0.0, 0.0, 90.0, 0.0, 4366.97607421875
0:00:45.698436, 0.0, 0.0, 90.0, 0.0, 4367.6611328125
0:00:45.811019, 0.0, 0.0, 90.0, 0.0, 4368.37109375
0:00:45.896272, 0.0, 0.0, 90.0, 0.0, 4368.90478515625
0:00:45.991446, 0.0, 0.0, 90.0, 0.0, 4369.50146484375
0:00:46.103950, 0.0, 0.0, 90.0, 0.0, 4370.2109375
0:00:46.214799, 0.0, 0.0, 90.0, 0.0, 4370.908203125
0:00:46.300064, 0.0, 0.0, 90.0, 0.0, 4371.44189453125
0:00:46.415559, 0.0, 0.0, 90.0, 0.0, 4372.17041015625
0:00:46.504887, 0.0, 0.0, 90.0, 0.0, 4372.7294921875
0:00:46.598727, 0.0, 0.0, 90.0, 0.0, 4373.31982421875
0:00:46.714201, 0.0, 0.0, 90.0, 0.0, 4374.04833984375
0:00:46.814279, 0.0, 0.0, 90.0, 0.0, 4374.67626953125
0:00:46.906771, 0.0, 0.0, 90.0, 0.0, 4375.25439453125
0:00:47.021354, 0.0, 0.0, 90.0, 0.0, 4375.9765625
0:00:47.106569, 0.0, 0.0, 90.0, 0.0, 4376.5107421875
0:00:47.223207, 0.0, 0.0, 90.0, 0.0, 4377.24560546875
0:00:47.310526, 0.0, 0.0, 90.0, 0.0, 4377.79248046875
0:00:47.426042, 0.0, 0.0, 90.0, 0.0, 4378.52099609375
0:00:47.511299, 0.0, 0.0, 90.0, 0.0, 4379.0546875
0:00:47.625911, 0.0, 0.0, 90.0, 0.0, 4379.77734375
0:00:47.723350, 0.0, 0.0, 90.0, 0.0, 4380.392578125
0:00:47.833518, 0.0, 0.0, 90.0, 0.0, 4381.0830078125
0:00:47.930244, 0.0, 0.0, 90.0, 0.0, 4381.6923828125
0:00:48.019480, 0.0, 0.0, 90.0, 0.0, 4382.25146484375
0:00:48.116566, 0.0, 0.0, 90.0, 0.0, 4382.86083984375
0:00:48.214078, 0.0, 0.0, 90.0, 0.0, 4383.4765625
0:00:48.327591, 0.0, 0.0, 90.0, 0.0, 4384.1865234375
0:00:48.424807, 0.0, 0.0, 90.0, 0.0, 4384.80224609375
0:00:48.535324, 0.0, 0.0, 90.0, 0.0, 4385.4931640625
0:00:48.620616, 0.0, 0.0, 90.0, 0.0, 4386.03369140625
0:00:48.734246, 0.0, 0.0, 90.0, 0.0, 4386.7431640625
0:00:48.820616, 0.0, 0.0, 90.0, 0.0, 4387.2900390625
0:00:48.936242, 0.0, 0.0, 90.0, 0.0, 4388.0185546875
0:00:49.035078, 0.0, 0.0, 90.0, 0.0, 4388.640625
0:00:49.135344, 0.0, 0.0, 90.0, 0.0, 4389.2685546875
0:00:49.226796, 0.0, 0.0, 90.0, 0.0, 4389.84033203125
0:00:49.335794, 0.0, 0.0, 90.0, 0.0, 4390.52490234375
0:00:49.428612, 0.0, 0.0, 90.0, 0.0, 4391.109375
0:00:49.552343, 0.0, 0.0, 90.0, 0.0, 4391.88818359375
0:00:49.641642, 0.0, 0.0, 90.0, 0.0, 4392.45361328125
0:00:49.755222, 0.0, 0.0, 90.0, 0.0, 4393.1630859375
0:00:49.844468, 0.0, 0.0, 90.0, 0.0, 4393.728515625
0:00:49.957972, 0.0, 0.0, 90.0, 0.0, 4394.43798828125
0:00:50.053088, 0.0, 0.0, 90.0, 0.0, 4395.041015625
0:00:50.138366, 0.0, 0.0, 90.0, 0.0, 4395.5751953125
0:00:50.235341, 0.0, 0.0, 90.0, 0.0, 4396.1845703125
0:00:50.348943, 0.0, 0.0, 90.0, 0.0, 4396.90087890625
0:00:50.441967, 0.0, 0.0, 90.0, 0.0, 4397.4853515625
0:00:50.556549, 0.0, 0.0, 90.0, 0.0, 4398.201171875
0:00:50.654362, 0.0, 0.0, 90.0, 0.0, 4398.81640625
0:00:50.754784, 0.0, 0.0, 90.0, 0.0, 4399.45068359375
0:00:50.854935, 0.0, 0.0, 90.0, 0.0, 4400.07958984375
0:00:50.942278, 0.0, 0.0, 90.0, 0.0, 4400.63232421875
0:00:51.054949, 0.0, 0.0, 90.0, 0.0, 4401.33544921875
0:00:51.168479, 0.0, 0.0, 90.0, 0.0, 4402.05126953125
0:00:51.265938, 0.0, 0.0, 90.0, 0.0, 4402.6669921875
0:00:51.347609, 0.0, 0.0, 90.0, 0.0, 4403.17578125
0:00:51.445712, 0.0, 0.0, 90.0, 0.0, 4403.79150390625
0:00:51.556258, 0.0, 0.0, 90.0, 0.0, 4404.4892578125
0:00:51.665141, 0.0, 0.0, 90.0, 0.0, 4405.173828125
0:00:51.760046, 0.0, 0.0, 90.0, 0.0, 4405.7705078125
0:00:51.853121, 0.0, 0.0, 90.0, 0.0, 4406.35498046875
0:00:51.968722, 0.0, 0.0, 90.0, 0.0, 4407.083984375
0:00:52.066117, 0.0, 0.0, 90.0, 0.0, 4407.69970703125
0:00:52.171972, 0.0, 0.0, 90.0, 0.0, 4408.35888671875
0:00:52.258271, 0.0, 0.0, 90.0, 0.0, 4408.9052734375
0:00:52.373842, 0.0, 0.0, 90.0, 0.0, 4409.6337890625
0:00:52.459141, 0.0, 0.0, 90.0, 0.0, 4410.16748046875
0:00:52.556464, 0.0, 0.0, 90.0, 0.0, 4410.77685546875
0:00:52.659646, 0.0, 0.0, 90.0, 0.0, 4411.43017578125
0:00:52.776247, 0.0, 0.0, 90.0, 0.0, 4412.15869140625
0:00:52.868310, 0.0, 0.0, 90.0, 0.0, 4412.74267578125
0:00:52.983968, 0.0, 0.0, 90.0, 0.0, 4413.46484375
0:00:53.070160, 0.0, 0.0, 90.0, 0.0, 4414.01123046875
0:00:53.180135, 0.0, 0.0, 90.0, 0.0, 4414.7021484375
0:00:53.265308, 0.0, 0.0, 90.0, 0.0, 4415.23583984375
0:00:53.365742, 0.0, 0.0, 90.0, 0.0, 4415.86376953125
0:00:53.482257, 0.0, 0.0, 90.0, 0.0, 4416.5986328125
0:00:53.568542, 0.0, 0.0, 90.0, 0.0, 4417.138671875
0:00:53.680970, 0.0, 0.0, 90.0, 0.0, 4417.84814453125
0:00:53.793526, 0.0, 0.0, 90.0, 0.0, 4418.55810546875
0:00:53.879664, 0.0, 0.0, 90.0, 0.0, 4419.09814453125
0:00:53.977246, 0.0, 0.0, 90.0, 0.0, 4419.70751953125
0:00:54.077356, 0.0, 0.0, 90.0, 0.0, 4420.34228515625
0:00:54.189925, 0.0, 0.0, 90.0, 0.0, 4421.0458984375
0:00:54.276251, 0.0, 0.0, 90.0, 0.0, 4421.59228515625
0:00:54.389821, 0.0, 0.0, 90.0, 0.0, 4422.30224609375
0:00:54.486141, 0.0, 0.0, 90.0, 0.0, 4422.91162109375
0:00:54.590555, 0.0, 0.0, 90.0, 0.0, 4423.56494140625
0:00:54.687974, 0.0, 0.0, 90.0, 0.0, 4424.1806640625
0:00:54.788759, 0.0, 0.0, 90.0, 0.0, 4424.81494140625
0:00:54.904254, 0.0, 0.0, 90.0, 0.0, 4425.537109375
0:00:54.981864, 0.0, 0.0, 90.0, 0.0, 4426.02734375
0:00:55.104442, 0.0, 0.0, 90.0, 0.0, 4426.80029296875
0:00:55.184114, 0.0, 0.0, 90.0, 0.0, 4427.29638671875
0:00:55.293981, 0.0, 0.0, 90.0, 0.0, 4427.98779296875
0:00:55.408559, 0.0, 0.0, 90.0, 0.0, 4428.71044921875
0:00:55.501293, 0.0, 0.0, 90.0, 0.0, 4429.294921875
0:00:55.597739, 0.0, 0.0, 90.0, 0.0, 4429.89794921875
0:00:55.684971, 0.0, 0.0, 90.0, 0.0, 4430.45068359375
0:00:55.809574, 0.0, 0.0, 90.0, 0.0, 4431.2353515625
0:00:55.894812, 0.0, 0.0, 90.0, 0.0, 4431.76904296875
0:00:56.008332, 0.0, 0.0, 90.0, 0.0, 4432.478515625
0:00:56.094576, 0.0, 0.0, 90.0, 0.0, 4433.02490234375
0:00:56.206165, 0.0, 0.0, 90.0, 0.0, 4433.728515625
0:00:56.306570, 0.0, 0.0, 90.0, 0.0, 4434.35693359375
0:00:56.391837, 0.0, 0.0, 90.0, 0.0, 4434.890625
0:00:56.499968, 0.0, 0.0, 90.0, 0.0, 4435.5751953125
0:00:56.620471, 0.0, 0.0, 90.0, 0.0, 4436.3291015625
0:00:56.704635, 0.0, 0.0, 90.0, 0.0, 4436.86279296875
0:00:56.811528, 0.0, 0.0, 90.0, 0.0, 4437.52880859375
0:00:56.898760, 0.0, 0.0, 90.0, 0.0, 4438.08203125
0:00:57.007597, 0.0, 0.0, 90.0, 0.0, 4438.7666015625
0:00:57.123276, 0.0, 0.0, 90.0, 0.0, 4439.48876953125
0:00:57.207509, 0.0, 0.0, 90.0, 0.0, 4440.0224609375
0:00:57.309321, 0.0, 0.0, 90.0, 0.0, 4440.6630859375
0:00:57.426847, 0.0, 0.0, 90.0, 0.0, 4441.39794921875
0:00:57.512141, 0.0, 0.0, 90.0, 0.0, 4441.93798828125
0:00:57.628692, 0.0, 0.0, 90.0, 0.0, 4442.66650390625
0:00:57.712982, 0.0, 0.0, 90.0, 0.0, 4443.20068359375
0:00:57.825518, 0.0, 0.0, 90.0, 0.0, 4443.904296875
0:00:57.910819, 0.0, 0.0, 90.0, 0.0, 4444.44482421875
0:00:58.027410, 0.0, 0.0, 90.0, 0.0, 4445.1796875
0:00:58.124865, 0.0, 0.0, 90.0, 0.0, 4445.7890625
0:00:58.213167, 0.0, 0.0, 90.0, 0.0, 4446.341796875
0:00:58.338915, 0.0, 0.0, 90.0, 0.0, 4447.13330078125
0:00:58.431417, 0.0, 0.0, 90.0, 0.0, 4447.71728515625
0:00:58.518704, 0.0, 0.0, 90.0, 0.0, 4448.26416015625
0:00:58.633336, 0.0, 0.0, 90.0, 0.0, 4448.986328125
0:00:58.728599, 0.0, 0.0, 90.0, 0.0, 4449.58984375
0:00:58.828060, 0.0, 0.0, 90.0, 0.0, 4450.2119140625
0:00:58.941605, 0.0, 0.0, 90.0, 0.0, 4450.927734375
0:00:59.025425, 0.0, 0.0, 90.0, 0.0, 4451.455078125
0:00:59.139013, 0.0, 0.0, 90.0, 0.0, 4452.16455078125
0:00:59.220554, 0.0, 0.0, 90.0, 0.0, 4452.6796875
0:00:59.339146, 0.0, 0.0, 90.0, 0.0, 4453.42724609375
0:00:59.430937, 0.0, 0.0, 90.0, 0.0, 4453.9990234375
0:00:59.538809, 0.0, 0.0, 90.0, 0.0, 4454.67724609375
0:00:59.638191, 0.0, 0.0, 90.0, 0.0, 4455.3056640625
0:00:59.723366, 0.0, 0.0, 90.0, 0.0, 4455.83935546875
0:00:59.847785, 0.0, 0.0, 90.0, 0.0, 4456.625
0:00:59.925316, 0.0, 0.0, 90.0, 0.0, 4457.109375
0:01:00.042874, 0.0, 0.0, 90.0, 0.0, 4457.8505859375
0:01:00.135553, 0.0, 0.0, 90.0, 0.0, 4458.43505859375
0:01:00.251155, 0.0, 0.0, 90.0, 0.0, 4459.16357421875
0:01:00.336329, 0.0, 0.0, 90.0, 0.0, 4459.697265625
0:01:00.442179, 0.0, 0.0, 90.0, 0.0, 4460.36328125
0:01:00.539547, 0.0, 0.0, 90.0, 0.0, 4460.97265625
0:01:00.656069, 0.0, 0.0, 90.0, 0.0, 4461.70751953125
0:01:00.743335, 0.0, 0.0, 90.0, 0.0, 4462.25390625
0:01:00.838280, 0.0, 0.0, 90.0, 0.0, 4462.8505859375
0:01:00.954885, 0.0, 0.0, 90.0, 0.0, 4463.58544921875
0:01:01.041174, 0.0, 0.0, 90.0, 0.0, 4464.12548828125
0:01:01.151227, 0.0, 0.0, 90.0, 0.0, 4464.81640625
0:01:01.265675, 0.0, 0.0, 90.0, 0.0, 4465.53857421875
0:01:01.349014, 0.0, 0.0, 90.0, 0.0, 4466.06591796875
0:01:01.442191, 0.0, 0.0, 90.0, 0.0, 4466.64990234375
0:01:01.551713, 0.0, 0.0, 90.0, 0.0, 4467.33447265625
0:01:01.666172, 0.0, 0.0, 90.0, 0.0, 4468.056640625
0:01:01.750398, 0.0, 0.0, 90.0, 0.0, 4468.583984375
0:01:01.864928, 0.0, 0.0, 90.0, 0.0, 4469.30615234375
0:01:01.951289, 0.0, 0.0, 90.0, 0.0, 4469.8466796875
0:01:02.049803, 0.0, 0.0, 90.0, 0.0, 4470.46875
0:01:02.163341, 0.0, 0.0, 90.0, 0.0, 4471.1845703125
0:01:02.261902, 0.0, 0.0, 90.0, 0.0, 4471.80029296875
0:01:02.371405, 0.0, 0.0, 90.0, 0.0, 4472.4912109375
0:01:02.467197, 0.0, 0.0, 90.0, 0.0, 4473.09423828125
0:01:02.574086, 0.0, 0.0, 90.0, 0.0, 4473.7666015625
0:01:02.668526, 0.0, 0.0, 90.0, 0.0, 4474.357421875
0:01:02.767184, 0.0, 0.0, 90.0, 0.0, 4474.97900390625
0:01:02.854480, 0.0, 0.0, 90.0, 0.0, 4475.53173828125
0:01:02.980185, 0.0, 0.0, 90.0, 0.0, 4476.31689453125
0:01:03.069581, 0.0, 0.0, 90.0, 0.0, 4476.8828125
0:01:03.183223, 0.0, 0.0, 90.0, 0.0, 4477.5986328125
0:01:03.264896, 0.0, 0.0, 90.0, 0.0, 4478.107421875
0:01:03.359312, 0.0, 0.0, 90.0, 0.0, 4478.70458984375
0:01:03.482573, 0.0, 0.0, 90.0, 0.0, 4479.47705078125
0:01:03.569754, 0.0, 0.0, 90.0, 0.0, 4480.02978515625
0:01:03.690487, 0.0, 0.0, 90.0, 0.0, 4480.783203125
0:01:03.788918, 0.0, 0.0, 90.0, 0.0, 4481.4052734375
0:01:03.875217, 0.0, 0.0, 90.0, 0.0, 4481.9453125
0:01:03.991661, 0.0, 0.0, 90.0, 0.0, 4482.68017578125
0:01:04.090460, 0.0, 0.0, 90.0, 0.0, 4483.30224609375
0:01:04.181214, 0.0, 0.0, 90.0, 0.0, 4483.8740234375
0:01:04.267483, 0.0, 0.0, 90.0, 0.0, 4484.4140625
0:01:04.380042, 0.0, 0.0, 90.0, 0.0, 4485.12353515625
0:01:04.493644, 0.0, 0.0, 90.0, 0.0, 4485.83349609375
0:01:04.589048, 0.0, 0.0, 90.0, 0.0, 4486.4365234375
0:01:04.674386, 0.0, 0.0, 90.0, 0.0, 4486.97021484375
0:01:04.796051, 0.0, 0.0, 90.0, 0.0, 4487.73681640625
0:01:04.881349, 0.0, 0.0, 90.0, 0.0, 4488.27734375
0:01:04.990215, 0.0, 0.0, 90.0, 0.0, 4488.9619140625
0:01:05.087689, 0.0, 0.0, 90.0, 0.0, 4489.5712890625
0:01:05.194545, 0.0, 0.0, 90.0, 0.0, 4490.2431640625
0:01:05.280768, 0.0, 0.0, 90.0, 0.0, 4490.78369140625
0:01:05.406422, 0.0, 0.0, 90.0, 0.0, 4491.57470703125
0:01:05.493746, 0.0, 0.0, 90.0, 0.0, 4492.12744140625
0:01:05.590101, 0.0, 0.0, 90.0, 0.0, 4492.73046875
0:01:05.696127, 0.0, 0.0, 90.0, 0.0, 4493.396484375
0:01:05.805070, 0.0, 0.0, 90.0, 0.0, 4494.08154296875
0:01:05.892337, 0.0, 0.0, 90.0, 0.0, 4494.63427734375
0:01:05.990475, 0.0, 0.0, 90.0, 0.0, 4495.25
0:01:06.101083, 0.0, 0.0, 90.0, 0.0, 4495.947265625
0:01:06.210969, 0.0, 0.0, 90.0, 0.0, 4496.63818359375
0:01:06.293512, 0.0, 0.0, 90.0, 0.0, 4497.1533203125
0:01:06.407070, 0.0, 0.0, 90.0, 0.0, 4497.86962890625
0:01:06.519618, 0.0, 0.0, 90.0, 0.0, 4498.5791015625
0:01:06.607026, 0.0, 0.0, 90.0, 0.0, 4499.12548828125
0:01:06.719550, 0.0, 0.0, 90.0, 0.0, 4499.8349609375
0:01:06.812956, 0.0, 0.0, 90.0, 0.0, 4500.41943359375
0:01:06.911492, 0.0, 0.0, 90.0, 0.0, 4501.04150390625
0:01:06.999752, 0.0, 0.0, 90.0, 0.0, 4501.59423828125
0:01:07.100230, 0.0, 0.0, 90.0, 0.0, 4502.228515625
0:01:07.213755, 0.0, 0.0, 90.0, 0.0, 4502.93798828125
0:01:07.326423, 0.0, 0.0, 90.0, 0.0, 4503.6474609375
0:01:07.412689, 0.0, 0.0, 90.0, 0.0, 4504.1943359375
0:01:07.508792, 0.0, 0.0, 90.0, 0.0, 4504.79736328125
0:01:07.625402, 0.0, 0.0, 90.0, 0.0, 4505.52587890625
0:01:07.718500, 0.0, 0.0, 90.0, 0.0, 4506.11669921875
0:01:07.834011, 0.0, 0.0, 90.0, 0.0, 4506.83935546875
0:01:07.931513, 0.0, 0.0, 90.0, 0.0, 4507.455078125
0:01:08.015729, 0.0, 0.0, 90.0, 0.0, 4507.982421875
0:01:08.112886, 0.0, 0.0, 90.0, 0.0, 4508.591796875
0:01:08.211792, 0.0, 0.0, 90.0, 0.0, 4509.21337890625
0:01:08.331949, 0.0, 0.0, 90.0, 0.0, 4509.9736328125
0:01:08.435107, 0.0, 0.0, 90.0, 0.0, 4510.62060546875
0:01:08.530513, 0.0, 0.0, 90.0, 0.0, 4511.21728515625
0:01:08.616768, 0.0, 0.0, 90.0, 0.0, 4511.76416015625
0:01:08.732407, 0.0, 0.0, 90.0, 0.0, 4512.4931640625
0:01:08.843260, 0.0, 0.0, 90.0, 0.0, 4513.1904296875
0:01:08.941763, 0.0, 0.0, 90.0, 0.0, 4513.80615234375
0:01:09.028116, 0.0, 0.0, 90.0, 0.0, 4514.3525390625
0:01:09.135999, 0.0, 0.0, 90.0, 0.0, 4515.02490234375
0:01:09.229017, 0.0, 0.0, 90.0, 0.0, 4515.61572265625
0:01:09.344525, 0.0, 0.0, 90.0, 0.0, 4516.33837890625
0:01:09.442085, 0.0, 0.0, 90.0, 0.0, 4516.9541015625
0:01:09.541246, 0.0, 0.0, 90.0, 0.0, 4517.576171875
0:01:09.632978, 0.0, 0.0, 90.0, 0.0, 4518.15380859375
0:01:09.746574, 0.0, 0.0, 90.0, 0.0, 4518.86962890625
0:01:09.841927, 0.0, 0.0, 90.0, 0.0, 4519.466796875
0:01:09.935893, 0.0, 0.0, 90.0, 0.0, 4520.0576171875
0:01:10.049394, 0.0, 0.0, 90.0, 0.0, 4520.7734375
0:01:10.134691, 0.0, 0.0, 90.0, 0.0, 4521.30712890625
0:01:10.245970, 0.0, 0.0, 90.0, 0.0, 4522.00390625
0:01:10.341705, 0.0, 0.0, 90.0, 0.0, 4522.60693359375
0:01:10.450557, 0.0, 0.0, 90.0, 0.0, 4523.29150390625
0:01:10.535772, 0.0, 0.0, 90.0, 0.0, 4523.83154296875
0:01:10.656135, 0.0, 0.0, 90.0, 0.0, 4524.58544921875
0:01:10.743504, 0.0, 0.0, 90.0, 0.0, 4525.13818359375
0:01:10.853012, 0.0, 0.0, 90.0, 0.0, 4525.82275390625
0:01:10.941280, 0.0, 0.0, 90.0, 0.0, 4526.3818359375
0:01:11.055775, 0.0, 0.0, 90.0, 0.0, 4527.09814453125
0:01:11.142114, 0.0, 0.0, 90.0, 0.0, 4527.64453125
0:01:11.260574, 0.0, 0.0, 90.0, 0.0, 4528.3857421875
0:01:11.345802, 0.0, 0.0, 90.0, 0.0, 4528.92578125
0:01:11.472170, 0.0, 0.0, 90.0, 0.0, 4529.71728515625
0:01:11.555440, 0.0, 0.0, 90.0, 0.0, 4530.23828125
0:01:11.648431, 0.0, 0.0, 90.0, 0.0, 4530.82275390625
0:01:11.762970, 0.0, 0.0, 90.0, 0.0, 4531.544921875
0:01:11.860299, 0.0, 0.0, 90.0, 0.0, 4532.16064453125
0:01:11.962412, 0.0, 0.0, 90.0, 0.0, 4532.80126953125
0:01:12.074276, 0.0, 0.0, 90.0, 0.0, 4533.5048828125
0:01:12.172697, 0.0, 0.0, 90.0, 0.0, 4534.12060546875
0:01:12.262975, 0.0, 0.0, 90.0, 0.0, 4534.68603515625
0:01:12.383294, 0.0, 0.0, 90.0, 0.0, 4535.44580078125
0:01:12.486661, 0.0, 0.0, 90.0, 0.0, 4536.0927734375
0:01:12.582979, 0.0, 0.0, 90.0, 0.0, 4536.7021484375
0:01:12.670161, 0.0, 0.0, 90.0, 0.0, 4537.24853515625
0:01:12.777334, 0.0, 0.0, 90.0, 0.0, 4537.9208984375
0:01:12.872351, 0.0, 0.0, 90.0, 0.0, 4538.52392578125
0:01:12.983972, 0.0, 0.0, 90.0, 0.0, 4539.22119140625
0:01:13.071379, 0.0, 0.0, 90.0, 0.0, 4539.77392578125
0:01:13.186985, 0.0, 0.0, 90.0, 0.0, 4540.49609375
0:01:13.273174, 0.0, 0.0, 90.0, 0.0, 4541.04296875
0:01:13.372436, 0.0, 0.0, 90.0, 0.0, 4541.6650390625
0:01:13.472815, 0.0, 0.0, 90.0, 0.0, 4542.29931640625
0:01:13.587449, 0.0, 0.0, 90.0, 0.0, 4543.01513671875
0:01:13.693308, 0.0, 0.0, 90.0, 0.0, 4543.6806640625
0:01:13.775048, 0.0, 0.0, 90.0, 0.0, 4544.19580078125
0:01:13.887610, 0.0, 0.0, 90.0, 0.0, 4544.90576171875
0:01:13.992763, 0.0, 0.0, 90.0, 0.0, 4545.5654296875
0:01:14.083042, 0.0, 0.0, 90.0, 0.0, 4546.130859375
0:01:14.190916, 0.0, 0.0, 90.0, 0.0, 4546.80908203125
0:01:14.276286, 0.0, 0.0, 90.0, 0.0, 4547.34912109375
0:01:14.392853, 0.0, 0.0, 90.0, 0.0, 4548.07763671875
0:01:14.483140, 0.0, 0.0, 90.0, 0.0, 4548.6494140625
0:01:14.599740, 0.0, 0.0, 90.0, 0.0, 4549.38427734375
0:01:14.682860, 0.0, 0.0, 90.0, 0.0, 4549.9052734375
0:01:14.782702, 0.0, 0.0, 90.0, 0.0, 4550.53369140625
0:01:14.909429, 0.0, 0.0, 90.0, 0.0, 4551.33154296875
0:01:14.993656, 0.0, 0.0, 90.0, 0.0, 4551.85888671875
0:01:15.087248, 0.0, 0.0, 90.0, 0.0, 4552.44287109375
0:01:15.203822, 0.0, 0.0, 90.0, 0.0, 4553.177734375
0:01:15.309672, 0.0, 0.0, 90.0, 0.0, 4553.84326171875
0:01:15.397934, 0.0, 0.0, 90.0, 0.0, 4554.40234375
0:01:15.507436, 0.0, 0.0, 90.0, 0.0, 4555.0869140625
0:01:15.592692, 0.0, 0.0, 90.0, 0.0, 4555.626953125
0:01:15.689014, 0.0, 0.0, 90.0, 0.0, 4556.22998046875
0:01:15.813698, 0.0, 0.0, 90.0, 0.0, 4557.015625
0:01:15.914164, 0.0, 0.0, 90.0, 0.0, 4557.6435546875
0:01:16.005619, 0.0, 0.0, 90.0, 0.0, 4558.22119140625
0:01:16.114513, 0.0, 0.0, 90.0, 0.0, 4558.90576171875
0:01:16.211341, 0.0, 0.0, 90.0, 0.0, 4559.51513671875
0:01:16.323365, 0.0, 0.0, 90.0, 0.0, 4560.21875
0:01:16.406595, 0.0, 0.0, 90.0, 0.0, 4560.73974609375
0:01:16.516050, 0.0, 0.0, 90.0, 0.0, 4561.43115234375
0:01:16.613928, 0.0, 0.0, 90.0, 0.0, 4562.046875
0:01:16.714039, 0.0, 0.0, 90.0, 0.0, 4562.6748046875
0:01:16.803341, 0.0, 0.0, 90.0, 0.0, 4563.23388671875
0:01:16.918945, 0.0, 0.0, 90.0, 0.0, 4563.96240234375
0:01:17.006163, 0.0, 0.0, 90.0, 0.0, 4564.5087890625
0:01:17.105519, 0.0, 0.0, 90.0, 0.0, 4565.13720703125
0:01:17.230816, 0.0, 0.0, 90.0, 0.0, 4565.9228515625
0:01:17.319184, 0.0, 0.0, 90.0, 0.0, 4566.48193359375
0:01:17.433729, 0.0, 0.0, 90.0, 0.0, 4567.1982421875
0:01:17.528440, 0.0, 0.0, 90.0, 0.0, 4567.79541015625
0:01:17.624793, 0.0, 0.0, 90.0, 0.0, 4568.3984375
0:01:17.723949, 0.0, 0.0, 90.0, 0.0, 4569.02685546875
0:01:17.837446, 0.0, 0.0, 90.0, 0.0, 4569.736328125
0:01:17.933745, 0.0, 0.0, 90.0, 0.0, 4570.345703125
0:01:18.021809, 0.0, 0.0, 90.0, 0.0, 4570.8984375
0:01:18.136341, 0.0, 0.0, 90.0, 0.0, 4571.6142578125
0:01:18.228742, 0.0, 0.0, 90.0, 0.0, 4572.19873046875
0:01:18.325201, 0.0, 0.0, 90.0, 0.0, 4572.8017578125
0:01:18.436659, 0.0, 0.0, 90.0, 0.0, 4573.50537109375
0:01:18.521950, 0.0, 0.0, 90.0, 0.0, 4574.03955078125
0:01:18.625762, 0.0, 0.0, 90.0, 0.0, 4574.6923828125
0:01:18.734606, 0.0, 0.0, 90.0, 0.0, 4575.376953125
0:01:18.834515, 0.0, 0.0, 90.0, 0.0, 4576.0048828125
0:01:18.945342, 0.0, 0.0, 90.0, 0.0, 4576.7021484375
0:01:19.044581, 0.0, 0.0, 90.0, 0.0, 4577.33056640625
0:01:19.129742, 0.0, 0.0, 90.0, 0.0, 4577.8642578125
0:01:19.242335, 0.0, 0.0, 90.0, 0.0, 4578.57421875
0:01:19.355920, 0.0, 0.0, 90.0, 0.0, 4579.28369140625
0:01:19.437088, 0.0, 0.0, 90.0, 0.0, 4579.79248046875
0:01:19.543899, 0.0, 0.0, 90.0, 0.0, 4580.46484375
0:01:19.639540, 0.0, 0.0, 90.0, 0.0, 4581.0673828125
0:01:19.736297, 0.0, 0.0, 90.0, 0.0, 4581.6767578125
0:01:19.865074, 0.0, 0.0, 90.0, 0.0, 4582.4873046875
0:01:19.950325, 0.0, 0.0, 90.0, 0.0, 4583.02099609375
0:01:20.046510, 0.0, 0.0, 90.0, 0.0, 4583.630859375
0:01:20.174361, 0.0, 0.0, 90.0, 0.0, 4584.4287109375
0:01:20.259740, 0.0, 0.0, 90.0, 0.0, 4584.96875
0:01:20.355366, 0.0, 0.0, 90.0, 0.0, 4585.5654296875
0:01:20.466708, 0.0, 0.0, 90.0, 0.0, 4586.26904296875
0:01:20.574525, 0.0, 0.0, 90.0, 0.0, 4586.947265625
0:01:20.671591, 0.0, 0.0, 90.0, 0.0, 4587.556640625
0:01:20.757641, 0.0, 0.0, 90.0, 0.0, 4588.0966796875
0:01:20.871187, 0.0, 0.0, 90.0, 0.0, 4588.8125
0:01:20.957522, 0.0, 0.0, 90.0, 0.0, 4589.35302734375
0:01:21.082882, 0.0, 0.0, 90.0, 0.0, 4590.14453125
0:01:21.169252, 0.0, 0.0, 90.0, 0.0, 4590.6845703125
0:01:21.264732, 0.0, 0.0, 90.0, 0.0, 4591.28759765625
0:01:21.365171, 0.0, 0.0, 90.0, 0.0, 4591.91552734375
0:01:21.463015, 0.0, 0.0, 90.0, 0.0, 4592.53076171875
0:01:21.568384, 0.0, 0.0, 90.0, 0.0, 4593.19677734375
0:01:21.677660, 0.0, 0.0, 90.0, 0.0, 4593.88134765625
0:01:21.776243, 0.0, 0.0, 90.0, 0.0, 4594.50341796875
0:01:21.876433, 0.0, 0.0, 90.0, 0.0, 4595.13134765625
0:01:21.972493, 0.0, 0.0, 90.0, 0.0, 4595.734375
0:01:22.087109, 0.0, 0.0, 90.0, 0.0, 4596.45654296875
0:01:22.172742, 0.0, 0.0, 90.0, 0.0, 4596.990234375
0:01:22.285924, 0.0, 0.0, 90.0, 0.0, 4597.70654296875
0:01:22.386900, 0.0, 0.0, 90.0, 0.0, 4598.3408203125
0:01:22.475775, 0.0, 0.0, 90.0, 0.0, 4598.89990234375
0:01:22.591489, 0.0, 0.0, 90.0, 0.0, 4599.62841796875
0:01:22.680233, 0.0, 0.0, 90.0, 0.0, 4600.18115234375
0:01:22.796551, 0.0, 0.0, 90.0, 0.0, 4600.916015625
0:01:22.885822, 0.0, 0.0, 90.0, 0.0, 4601.47509765625
0:01:22.999358, 0.0, 0.0, 90.0, 0.0, 4602.19091796875
0:01:23.101893, 0.0, 0.0, 90.0, 0.0, 4602.837890625
0:01:23.187128, 0.0, 0.0, 90.0, 0.0, 4603.3720703125
0:01:23.286038, 0.0, 0.0, 90.0, 0.0, 4603.994140625
0:01:23.405703, 0.0, 0.0, 90.0, 0.0, 4604.748046875
0:01:23.501354, 0.0, 0.0, 90.0, 0.0, 4605.3447265625
0:01:23.593691, 0.0, 0.0, 90.0, 0.0, 4605.92919921875
0:01:23.706951, 0.0, 0.0, 90.0, 0.0, 4606.63916015625
0:01:23.800879, 0.0, 0.0, 90.0, 0.0, 4607.2294921875
0:01:23.888065, 0.0, 0.0, 90.0, 0.0, 4607.7822265625
0:01:24.014117, 0.0, 0.0, 90.0, 0.0, 4608.57373046875
0:01:24.098409, 0.0, 0.0, 90.0, 0.0, 4609.1015625
0:01:24.196691, 0.0, 0.0, 90.0, 0.0, 4609.7236328125
0:01:24.299913, 0.0, 0.0, 90.0, 0.0, 4610.37060546875
0:01:24.416422, 0.0, 0.0, 90.0, 0.0, 4611.10546875
0:01:24.505691, 0.0, 0.0, 90.0, 0.0, 4611.66455078125
0:01:24.606236, 0.0, 0.0, 90.0, 0.0, 4612.298828125
0:01:24.709551, 0.0, 0.0, 90.0, 0.0, 4612.94580078125
0:01:24.817790, 0.0, 0.0, 90.0, 0.0, 4613.62451171875
0:01:24.924791, 0.0, 0.0, 90.0, 0.0, 4614.296875
0:01:25.008869, 0.0, 0.0, 90.0, 0.0, 4614.83056640625
0:01:25.131357, 0.0, 0.0, 90.0, 0.0, 4615.59716796875
0:01:25.226368, 0.0, 0.0, 90.0, 0.0, 4616.19384765625
0:01:25.314698, 0.0, 0.0, 90.0, 0.0, 4616.7529296875
0:01:25.421578, 0.0, 0.0, 90.0, 0.0, 4617.42529296875
0:01:25.516037, 0.0, 0.0, 90.0, 0.0, 4618.015625
0:01:25.640884, 0.0, 0.0, 90.0, 0.0, 4618.80078125
0:01:25.736080, 0.0, 0.0, 90.0, 0.0, 4619.3974609375
0:01:25.822441, 0.0, 0.0, 90.0, 0.0, 4619.94384765625
0:01:25.938128, 0.0, 0.0, 90.0, 0.0, 4620.67236328125
0:01:26.026426, 0.0, 0.0, 90.0, 0.0, 4621.22509765625
0:01:26.123787, 0.0, 0.0, 90.0, 0.0, 4621.83447265625
0:01:26.241984, 0.0, 0.0, 90.0, 0.0, 4622.57568359375
0:01:26.338600, 0.0, 0.0, 90.0, 0.0, 4623.18505859375
0:01:26.436953, 0.0, 0.0, 90.0, 0.0, 4623.806640625
0:01:26.520587, 0.0, 0.0, 90.0, 0.0, 4624.33447265625
0:01:26.647543, 0.0, 0.0, 90.0, 0.0, 4625.1259765625
0:01:26.747059, 0.0, 0.0, 90.0, 0.0, 4625.75439453125
0:01:26.845740, 0.0, 0.0, 90.0, 0.0, 4626.36962890625
0:01:26.932566, 0.0, 0.0, 90.0, 0.0, 4626.92236328125
0:01:27.048033, 0.0, 0.0, 90.0, 0.0, 4627.6513671875
0:01:27.145442, 0.0, 0.0, 90.0, 0.0, 4628.2607421875
0:01:27.259039, 0.0, 0.0, 90.0, 0.0, 4628.9765625
0:01:27.347559, 0.0, 0.0, 90.0, 0.0, 4629.529296875
0:01:27.442526, 0.0, 0.0, 90.0, 0.0, 4630.1259765625
0:01:27.558122, 0.0, 0.0, 90.0, 0.0, 4630.8544921875
0:01:27.649416, 0.0, 0.0, 90.0, 0.0, 4631.4326171875
0:01:27.765061, 0.0, 0.0, 90.0, 0.0, 4632.15478515625
0:01:27.849256, 0.0, 0.0, 90.0, 0.0, 4632.6884765625
0:01:27.948995, 0.0, 0.0, 90.0, 0.0, 4633.310546875
0:01:28.038661, 0.0, 0.0, 90.0, 0.0, 4633.8759765625
0:01:28.158425, 0.0, 0.0, 90.0, 0.0, 4634.6298828125
0:01:28.257741, 0.0, 0.0, 90.0, 0.0, 4635.251953125
0:01:28.371563, 0.0, 0.0, 90.0, 0.0, 4635.9677734375
0:01:28.455126, 0.0, 0.0, 90.0, 0.0, 4636.4951171875
0:01:28.569142, 0.0, 0.0, 90.0, 0.0, 4637.21142578125
0:01:28.668533, 0.0, 0.0, 90.0, 0.0, 4637.83349609375
0:01:28.754435, 0.0, 0.0, 90.0, 0.0, 4638.3798828125
0:01:28.866166, 0.0, 0.0, 90.0, 0.0, 4639.07666015625
0:01:28.979593, 0.0, 0.0, 90.0, 0.0, 4639.79248046875
0:01:29.061581, 0.0, 0.0, 90.0, 0.0, 4640.3076171875
0:01:29.170163, 0.0, 0.0, 90.0, 0.0, 4640.9921875
0:01:29.258453, 0.0, 0.0, 90.0, 0.0, 4641.544921875
0:01:29.372193, 0.0, 0.0, 90.0, 0.0, 4642.2607421875
0:01:29.479954, 0.0, 0.0, 90.0, 0.0, 4642.93896484375
0:01:29.577504, 0.0, 0.0, 90.0, 0.0, 4643.54833984375
0:01:29.663765, 0.0, 0.0, 90.0, 0.0, 4644.0947265625
0:01:29.781327, 0.0, 0.0, 90.0, 0.0, 4644.82958984375
0:01:29.891849, 0.0, 0.0, 90.0, 0.0, 4645.5263671875
0:01:29.975017, 0.0, 0.0, 90.0, 0.0, 4646.0478515625
0:01:30.088830, 0.0, 0.0, 90.0, 0.0, 4646.763671875
0:01:30.177879, 0.0, 0.0, 90.0, 0.0, 4647.32275390625
0:01:30.278447, 0.0, 0.0, 90.0, 0.0, 4647.95703125
0:01:30.399857, 0.0, 0.0, 90.0, 0.0, 4648.7236328125
0:01:30.498203, 0.0, 0.0, 90.0, 0.0, 4649.33935546875
0:01:30.578949, 0.0, 0.0, 90.0, 0.0, 4649.84814453125
0:01:30.699574, 0.0, 0.0, 90.0, 0.0, 4650.6083984375
0:01:30.792187, 0.0, 0.0, 90.0, 0.0, 4651.1865234375
0:01:30.901039, 0.0, 0.0, 90.0, 0.0, 4651.87109375
0:01:30.988292, 0.0, 0.0, 90.0, 0.0, 4652.423828125
0:01:31.110429, 0.0, 0.0, 90.0, 0.0, 4653.18994140625
0:01:31.194594, 0.0, 0.0, 90.0, 0.0, 4653.71728515625
0:01:31.309524, 0.0, 0.0, 90.0, 0.0, 4654.43994140625
0:01:31.399156, 0.0, 0.0, 90.0, 0.0, 4655.00537109375
0:01:31.509966, 0.0, 0.0, 90.0, 0.0, 4655.70263671875
0:01:31.609152, 0.0, 0.0, 90.0, 0.0, 4656.32421875
0:01:31.696476, 0.0, 0.0, 90.0, 0.0, 4656.87060546875
0:01:31.807012, 0.0, 0.0, 90.0, 0.0, 4657.5673828125
0:01:31.895324, 0.0, 0.0, 90.0, 0.0, 4658.1201171875
0:01:32.009904, 0.0, 0.0, 90.0, 0.0, 4658.84228515625
0:01:32.099206, 0.0, 0.0, 90.0, 0.0, 4659.40771484375
0:01:32.212714, 0.0, 0.0, 90.0, 0.0, 4660.1171875
0:01:32.316160, 0.0, 0.0, 90.0, 0.0, 4660.7705078125
0:01:32.431769, 0.0, 0.0, 90.0, 0.0, 4661.4931640625
0:01:32.526791, 0.0, 0.0, 90.0, 0.0, 4662.09619140625
0:01:32.616124, 0.0, 0.0, 90.0, 0.0, 4662.6552734375
0:01:32.702333, 0.0, 0.0, 90.0, 0.0, 4663.19580078125
0:01:32.798745, 0.0, 0.0, 90.0, 0.0, 4663.80517578125
0:01:32.918694, 0.0, 0.0, 90.0, 0.0, 4664.55908203125
0:01:33.033312, 0.0, 0.0, 90.0, 0.0, 4665.28125
0:01:33.130722, 0.0, 0.0, 90.0, 0.0, 4665.890625
0:01:33.216990, 0.0, 0.0, 90.0, 0.0, 4666.43115234375
0:01:33.329469, 0.0, 0.0, 90.0, 0.0, 4667.140625
0:01:33.419796, 0.0, 0.0, 90.0, 0.0, 4667.7060546875
0:01:33.533312, 0.0, 0.0, 90.0, 0.0, 4668.42236328125
0:01:33.618626, 0.0, 0.0, 90.0, 0.0, 4668.9560546875
0:01:33.726486, 0.0, 0.0, 90.0, 0.0, 4669.63427734375
0:01:33.837179, 0.0, 0.0, 90.0, 0.0, 4670.33154296875
0:01:33.921451, 0.0, 0.0, 90.0, 0.0, 4670.86572265625
0:01:34.037963, 0.0, 0.0, 90.0, 0.0, 4671.59423828125
0:01:34.126195, 0.0, 0.0, 90.0, 0.0, 4672.1533203125
0:01:34.240682, 0.0, 0.0, 90.0, 0.0, 4672.869140625
0:01:34.339758, 0.0, 0.0, 90.0, 0.0, 4673.4912109375
0:01:34.424025, 0.0, 0.0, 90.0, 0.0, 4674.02490234375
0:01:34.536586, 0.0, 0.0, 90.0, 0.0, 4674.72802734375
0:01:34.623857, 0.0, 0.0, 90.0, 0.0, 4675.28125
0:01:34.721222, 0.0, 0.0, 90.0, 0.0, 4675.890625
0:01:34.827125, 0.0, 0.0, 90.0, 0.0, 4676.556640625
0:01:34.940661, 0.0, 0.0, 90.0, 0.0, 4677.27294921875
0:01:35.039896, 0.0, 0.0, 90.0, 0.0, 4677.89501953125
0:01:35.128216, 0.0, 0.0, 90.0, 0.0, 4678.44775390625
0:01:35.241785, 0.0, 0.0, 90.0, 0.0, 4679.16357421875
0:01:35.349374, 0.0, 0.0, 90.0, 0.0, 4679.841796875
0:01:35.437625, 0.0, 0.0, 90.0, 0.0, 4680.39453125
0:01:35.550195, 0.0, 0.0, 90.0, 0.0, 4681.10400390625
0:01:35.637488, 0.0, 0.0, 90.0, 0.0, 4681.650390625
0:01:35.751022, 0.0, 0.0, 90.0, 0.0, 4682.3662109375
0:01:35.846253, 0.0, 0.0, 90.0, 0.0, 4682.96337890625
0:01:35.961750, 0.0, 0.0, 90.0, 0.0, 4683.69189453125
