Time, Frequency, Amplitude, Offset, PhaseShift, Phase
0:00:00.041369, 0.0, 0.0, 90.0, 0.0, 4080.642822265625
0:00:00.138932, 0.0, 0.0, 90.0, 0.0, 4081.258544921875
0:00:00.241071, 0.0, 0.0, 90.0, 0.0, 4081.8994140625
0:00:00.338539, 0.0, 0.0, 90.0, 0.0, 4082.5087890625
0:00:00.421343, 0.0, 0.0, 90.0, 0.0, 4083.0302734375
0:00:00.532723, 0.0, 0.0, 90.0, 0.0, 4083.734130859375
0:00:00.641990, 0.0, 0.0, 90.0, 0.0, 4084.419189453125
0:00:00.739015, 0.0, 0.0, 90.0, 0.0, 4085.028564453125
0:00:00.823378, 0.0, 0.0, 90.0, 0.0, 4085.562744140625
0:00:00.934895, 0.0, 0.0, 90.0, 0.0, 4086.26025390625
0:00:01.049488, 0.0, 0.0, 90.0, 0.0, 4086.98291015625
0:00:01.131116, 0.0, 0.0, 90.0, 0.0, 4087.498291015625
0:00:01.243564, 0.0, 0.0, 90.0, 0.0, 4088.201904296875
0:00:01.330030, 0.0, 0.0, 90.0, 0.0, 4088.74853515625
0:00:01.438734, 0.0, 0.0, 90.0, 0.0, 4089.433349609375
0:00:01.535532, 0.0, 0.0, 90.0, 0.0, 4090.03662109375
0:00:01.650211, 0.0, 0.0, 90.0, 0.0, 4090.759033203125
0:00:01.748280, 0.0, 0.0, 90.0, 0.0, 4091.374755859375
0:00:01.847690, 0.0, 0.0, 90.0, 0.0, 4092.003173828125
0:00:01.960209, 0.0, 0.0, 90.0, 0.0, 4092.706787109375
0:00:02.042800, 0.0, 0.0, 90.0, 0.0, 4093.228271484375
0:00:02.138137, 0.0, 0.0, 90.0, 0.0, 4093.831298828125
0:00:02.249086, 0.0, 0.0, 90.0, 0.0, 4094.52880859375
0:00:02.360598, 0.0, 0.0, 90.0, 0.0, 4095.22607421875
0:00:02.446888, 0.0, 0.0, 90.0, 0.0, 4095.766357421875
0:00:02.564412, 0.0, 0.0, 90.0, 0.0, 4096.5078125
0:00:02.646619, 0.0, 0.0, 90.0, 0.0, 4097.02294921875
0:00:02.754507, 0.0, 0.0, 90.0, 0.0, 4097.70166015625
0:00:02.866019, 0.0, 0.0, 90.0, 0.0, 4098.4052734375
0:00:02.951323, 0.0, 0.0, 90.0, 0.0, 4098.93896484375
0:00:03.068929, 0.0, 0.0, 90.0, 0.0, 4099.68017578125
0:00:03.156248, 0.0, 0.0, 90.0, 0.0, 4100.2265625
0:00:03.269814, 0.0, 0.0, 90.0, 0.0, 4100.9423828125
0:00:03.354953, 0.0, 0.0, 90.0, 0.0, 4101.47607421875
0:00:03.451156, 0.0, 0.0, 90.0, 0.0, 4102.07958984375
0:00:03.576935, 0.0, 0.0, 90.0, 0.0, 4102.87109375
0:00:03.663078, 0.0, 0.0, 90.0, 0.0, 4103.4111328125
0:00:03.757539, 0.0, 0.0, 90.0, 0.0, 4104.0078125
0:00:03.871180, 0.0, 0.0, 90.0, 0.0, 4104.7236328125
0:00:03.956435, 0.0, 0.0, 90.0, 0.0, 4105.25732421875
0:00:04.071041, 0.0, 0.0, 90.0, 0.0, 4105.9794921875
0:00:04.181987, 0.0, 0.0, 90.0, 0.0, 4106.6767578125
0:00:04.280333, 0.0, 0.0, 90.0, 0.0, 4107.29248046875
0:00:04.380609, 0.0, 0.0, 90.0, 0.0, 4107.92724609375
0:00:04.461224, 0.0, 0.0, 90.0, 0.0, 4108.4296875
0:00:04.579780, 0.0, 0.0, 90.0, 0.0, 4109.17724609375
0:00:04.661440, 0.0, 0.0, 90.0, 0.0, 4109.6923828125
0:00:04.788166, 0.0, 0.0, 90.0, 0.0, 4110.4833984375
0:00:04.873516, 0.0, 0.0, 90.0, 0.0, 4111.0234375
0:00:04.966642, 0.0, 0.0, 90.0, 0.0, 4111.607421875
0:00:05.081057, 0.0, 0.0, 90.0, 0.0, 4112.32958984375
0:00:05.177862, 0.0, 0.0, 90.0, 0.0, 4112.93310546875
0:00:05.283900, 0.0, 0.0, 90.0, 0.0, 4113.59912109375
0:00:05.380139, 0.0, 0.0, 90.0, 0.0, 4114.20849609375
0:00:05.492665, 0.0, 0.0, 90.0, 0.0, 4114.912109375
0:00:05.580013, 0.0, 0.0, 90.0, 0.0, 4115.46484375
0:00:05.681829, 0.0, 0.0, 90.0, 0.0, 4116.10546875
0:00:05.796378, 0.0, 0.0, 90.0, 0.0, 4116.8212890625
0:00:05.883816, 0.0, 0.0, 90.0, 0.0, 4117.3740234375
0:00:05.993829, 0.0, 0.0, 90.0, 0.0, 4118.06494140625
0:00:06.089681, 0.0, 0.0, 90.0, 0.0, 4118.66796875
0:00:06.175939, 0.0, 0.0, 90.0, 0.0, 4119.20849609375
0:00:06.284046, 0.0, 0.0, 90.0, 0.0, 4119.88671875
0:00:06.395426, 0.0, 0.0, 90.0, 0.0, 4120.59033203125
0:00:06.477575, 0.0, 0.0, 90.0, 0.0, 4121.10546875
0:00:06.592265, 0.0, 0.0, 90.0, 0.0, 4121.82763671875
0:00:06.701711, 0.0, 0.0, 90.0, 0.0, 4122.51318359375
0:00:06.790011, 0.0, 0.0, 90.0, 0.0, 4123.072265625
0:00:06.907728, 0.0, 0.0, 90.0, 0.0, 4123.8134765625
0:00:06.988332, 0.0, 0.0, 90.0, 0.0, 4124.31591796875
0:00:07.095386, 0.0, 0.0, 90.0, 0.0, 4124.98779296875
0:00:07.191164, 0.0, 0.0, 90.0, 0.0, 4125.5908203125
0:00:07.305659, 0.0, 0.0, 90.0, 0.0, 4126.3134765625
0:00:07.393073, 0.0, 0.0, 90.0, 0.0, 4126.85986328125
0:00:07.503549, 0.0, 0.0, 90.0, 0.0, 4127.55712890625
0:00:07.615025, 0.0, 0.0, 90.0, 0.0, 4128.2607421875
0:00:07.700396, 0.0, 0.0, 90.0, 0.0, 4128.794921875
0:00:07.811871, 0.0, 0.0, 90.0, 0.0, 4129.49853515625
0:00:07.897171, 0.0, 0.0, 90.0, 0.0, 4130.0322265625
0:00:08.011721, 0.0, 0.0, 90.0, 0.0, 4130.75439453125
0:00:08.096013, 0.0, 0.0, 90.0, 0.0, 4131.28173828125
0:00:08.212789, 0.0, 0.0, 90.0, 0.0, 4132.01708984375
0:00:08.315658, 0.0, 0.0, 90.0, 0.0, 4132.6640625
0:00:08.424560, 0.0, 0.0, 90.0, 0.0, 4133.3486328125
0:00:08.514779, 0.0, 0.0, 90.0, 0.0, 4133.9140625
0:00:08.628420, 0.0, 0.0, 90.0, 0.0, 4134.6240234375
0:00:08.714650, 0.0, 0.0, 90.0, 0.0, 4135.17041015625
0:00:08.812005, 0.0, 0.0, 90.0, 0.0, 4135.77978515625
0:00:08.921988, 0.0, 0.0, 90.0, 0.0, 4136.470703125
0:00:09.011440, 0.0, 0.0, 90.0, 0.0, 4137.0361328125
0:00:09.123975, 0.0, 0.0, 90.0, 0.0, 4137.7392578125
0:00:09.234197, 0.0, 0.0, 90.0, 0.0, 4138.43603515625
0:00:09.331590, 0.0, 0.0, 90.0, 0.0, 4139.04541015625
0:00:09.424032, 0.0, 0.0, 90.0, 0.0, 4139.62939453125
0:00:09.537800, 0.0, 0.0, 90.0, 0.0, 4140.34521484375
0:00:09.623042, 0.0, 0.0, 90.0, 0.0, 4140.87939453125
0:00:09.738663, 0.0, 0.0, 90.0, 0.0, 4141.60791015625
0:00:09.823944, 0.0, 0.0, 90.0, 0.0, 4142.14208984375
0:00:09.921437, 0.0, 0.0, 90.0, 0.0, 4142.7578125
0:00:10.025684, 0.0, 0.0, 90.0, 0.0, 4143.4111328125
0:00:10.140244, 0.0, 0.0, 90.0, 0.0, 4144.13330078125
0:00:10.226573, 0.0, 0.0, 90.0, 0.0, 4144.67333984375
0:00:10.322566, 0.0, 0.0, 90.0, 0.0, 4145.2763671875
0:00:10.441423, 0.0, 0.0, 90.0, 0.0, 4146.0234375
0:00:10.533451, 0.0, 0.0, 90.0, 0.0, 4146.60107421875
0:00:10.644973, 0.0, 0.0, 90.0, 0.0, 4147.3046875
0:00:10.732378, 0.0, 0.0, 90.0, 0.0, 4147.85107421875
0:00:10.852098, 0.0, 0.0, 90.0, 0.0, 4148.6044921875
0:00:10.946081, 0.0, 0.0, 90.0, 0.0, 4149.19482421875
0:00:11.032179, 0.0, 0.0, 90.0, 0.0, 4149.73486328125
0:00:11.131364, 0.0, 0.0, 90.0, 0.0, 4150.3564453125
0:00:11.243889, 0.0, 0.0, 90.0, 0.0, 4151.06591796875
0:00:11.330083, 0.0, 0.0, 90.0, 0.0, 4151.60595703125
0:00:11.438993, 0.0, 0.0, 90.0, 0.0, 4152.29052734375
0:00:11.543924, 0.0, 0.0, 90.0, 0.0, 4152.9501953125
0:00:11.642164, 0.0, 0.0, 90.0, 0.0, 4153.5654296875
0:00:11.755765, 0.0, 0.0, 90.0, 0.0, 4154.28125
0:00:11.845667, 0.0, 0.0, 90.0, 0.0, 4154.8466796875
0:00:11.958194, 0.0, 0.0, 90.0, 0.0, 4155.55615234375
0:00:12.042398, 0.0, 0.0, 90.0, 0.0, 4156.08349609375
0:00:12.142036, 0.0, 0.0, 90.0, 0.0, 4156.7119140625
0:00:12.242209, 0.0, 0.0, 90.0, 0.0, 4157.33984375
0:00:12.353166, 0.0, 0.0, 90.0, 0.0, 4158.037109375
0:00:12.444603, 0.0, 0.0, 90.0, 0.0, 4158.61474609375
0:00:12.553501, 0.0, 0.0, 90.0, 0.0, 4159.29931640625
0:00:12.651796, 0.0, 0.0, 90.0, 0.0, 4159.9150390625
0:00:12.751113, 0.0, 0.0, 90.0, 0.0, 4160.53662109375
0:00:12.862826, 0.0, 0.0, 90.0, 0.0, 4161.23974609375
0:00:12.949025, 0.0, 0.0, 90.0, 0.0, 4161.77978515625
0:00:13.056920, 0.0, 0.0, 90.0, 0.0, 4162.4580078125
0:00:13.170431, 0.0, 0.0, 90.0, 0.0, 4163.17431640625
0:00:13.275314, 0.0, 0.0, 90.0, 0.0, 4163.83447265625
0:00:13.372758, 0.0, 0.0, 90.0, 0.0, 4164.44384765625
0:00:13.455100, 0.0, 0.0, 90.0, 0.0, 4164.96484375
0:00:13.578379, 0.0, 0.0, 90.0, 0.0, 4165.7373046875
0:00:13.665663, 0.0, 0.0, 90.0, 0.0, 4166.2900390625
0:00:13.774719, 0.0, 0.0, 90.0, 0.0, 4166.974609375
0:00:13.857966, 0.0, 0.0, 90.0, 0.0, 4167.49560546875
0:00:13.982611, 0.0, 0.0, 90.0, 0.0, 4168.28076171875
0:00:14.063268, 0.0, 0.0, 90.0, 0.0, 4168.78955078125
0:00:14.176902, 0.0, 0.0, 90.0, 0.0, 4169.4990234375
0:00:14.257466, 0.0, 0.0, 90.0, 0.0, 4170.0078125
0:00:14.375529, 0.0, 0.0, 90.0, 0.0, 4170.7490234375
0:00:14.463829, 0.0, 0.0, 90.0, 0.0, 4171.3017578125
0:00:14.576304, 0.0, 0.0, 90.0, 0.0, 4172.01171875
0:00:14.684192, 0.0, 0.0, 90.0, 0.0, 4172.68994140625
0:00:14.777109, 0.0, 0.0, 90.0, 0.0, 4173.2744140625
0:00:14.889660, 0.0, 0.0, 90.0, 0.0, 4173.98388671875
0:00:14.973902, 0.0, 0.0, 90.0, 0.0, 4174.51123046875
0:00:15.067407, 0.0, 0.0, 90.0, 0.0, 4175.09521484375
0:00:15.182984, 0.0, 0.0, 90.0, 0.0, 4175.82373046875
0:00:15.267390, 0.0, 0.0, 90.0, 0.0, 4176.357421875
0:00:15.395704, 0.0, 0.0, 90.0, 0.0, 4177.16162109375
0:00:15.480924, 0.0, 0.0, 90.0, 0.0, 4177.6953125
0:00:15.594510, 0.0, 0.0, 90.0, 0.0, 4178.41162109375
0:00:15.685115, 0.0, 0.0, 90.0, 0.0, 4178.9833984375
0:00:15.794033, 0.0, 0.0, 90.0, 0.0, 4179.66796875
0:00:15.893481, 0.0, 0.0, 90.0, 0.0, 4180.2900390625
0:00:15.993878, 0.0, 0.0, 90.0, 0.0, 4180.92431640625
0:00:16.083165, 0.0, 0.0, 90.0, 0.0, 4181.4833984375
0:00:16.196918, 0.0, 0.0, 90.0, 0.0, 4182.19921875
0:00:16.280915, 0.0, 0.0, 90.0, 0.0, 4182.7265625
0:00:16.395489, 0.0, 0.0, 90.0, 0.0, 4183.4423828125
0:00:16.483841, 0.0, 0.0, 90.0, 0.0, 4184.00146484375
0:00:16.597359, 0.0, 0.0, 90.0, 0.0, 4184.7119140625
0:00:16.684664, 0.0, 0.0, 90.0, 0.0, 4185.2646484375
0:00:16.796302, 0.0, 0.0, 90.0, 0.0, 4185.96142578125
0:00:16.883483, 0.0, 0.0, 90.0, 0.0, 4186.51416015625
0:00:17.003159, 0.0, 0.0, 90.0, 0.0, 4187.26806640625
0:00:17.103478, 0.0, 0.0, 90.0, 0.0, 4187.89599609375
0:00:17.208504, 0.0, 0.0, 90.0, 0.0, 4188.5556640625
0:00:17.305498, 0.0, 0.0, 90.0, 0.0, 4189.16552734375
0:00:17.394873, 0.0, 0.0, 90.0, 0.0, 4189.73095703125
0:00:17.510369, 0.0, 0.0, 90.0, 0.0, 4190.45361328125
0:00:17.596669, 0.0, 0.0, 90.0, 0.0, 4191.0
0:00:17.702642, 0.0, 0.0, 90.0, 0.0, 4191.666015625
0:00:17.816264, 0.0, 0.0, 90.0, 0.0, 4192.3759765625
0:00:17.914743, 0.0, 0.0, 90.0, 0.0, 4192.998046875
0:00:18.006190, 0.0, 0.0, 90.0, 0.0, 4193.56982421875
0:00:18.117706, 0.0, 0.0, 90.0, 0.0, 4194.27392578125
0:00:18.205142, 0.0, 0.0, 90.0, 0.0, 4194.8203125
0:00:18.314941, 0.0, 0.0, 90.0, 0.0, 4195.51123046875
0:00:18.404242, 0.0, 0.0, 90.0, 0.0, 4196.07666015625
0:00:18.523680, 0.0, 0.0, 90.0, 0.0, 4196.82421875
0:00:18.617105, 0.0, 0.0, 90.0, 0.0, 4197.4150390625
0:00:18.715497, 0.0, 0.0, 90.0, 0.0, 4198.03076171875
0:00:18.826019, 0.0, 0.0, 90.0, 0.0, 4198.72802734375
0:00:18.914196, 0.0, 0.0, 90.0, 0.0, 4199.28076171875
0:00:19.015505, 0.0, 0.0, 90.0, 0.0, 4199.91552734375
0:00:19.112838, 0.0, 0.0, 90.0, 0.0, 4200.53125
0:00:19.226247, 0.0, 0.0, 90.0, 0.0, 4201.24072265625
0:00:19.312672, 0.0, 0.0, 90.0, 0.0, 4201.787109375
0:00:19.425453, 0.0, 0.0, 90.0, 0.0, 4202.49658203125
0:00:19.513533, 0.0, 0.0, 90.0, 0.0, 4203.04931640625
0:00:19.628080, 0.0, 0.0, 90.0, 0.0, 4203.771484375
0:00:19.734063, 0.0, 0.0, 90.0, 0.0, 4204.4375
0:00:19.822284, 0.0, 0.0, 90.0, 0.0, 4204.990234375
0:00:19.933059, 0.0, 0.0, 90.0, 0.0, 4205.6875
0:00:20.020324, 0.0, 0.0, 90.0, 0.0, 4206.23388671875
0:00:20.132821, 0.0, 0.0, 90.0, 0.0, 4206.94384765625
0:00:20.242840, 0.0, 0.0, 90.0, 0.0, 4207.634765625
0:00:20.330077, 0.0, 0.0, 90.0, 0.0, 4208.18115234375
0:00:20.442726, 0.0, 0.0, 90.0, 0.0, 4208.890625
0:00:20.550708, 0.0, 0.0, 90.0, 0.0, 4209.5693359375
0:00:20.646797, 0.0, 0.0, 90.0, 0.0, 4210.17236328125
0:00:20.745247, 0.0, 0.0, 90.0, 0.0, 4210.79443359375
0:00:20.834554, 0.0, 0.0, 90.0, 0.0, 4211.353515625
0:00:20.935187, 0.0, 0.0, 90.0, 0.0, 4211.98779296875
0:00:21.056159, 0.0, 0.0, 90.0, 0.0, 4212.748046875
0:00:21.154697, 0.0, 0.0, 90.0, 0.0, 4213.36376953125
0:00:21.256910, 0.0, 0.0, 90.0, 0.0, 4214.0107421875
0:00:21.337537, 0.0, 0.0, 90.0, 0.0, 4214.51318359375
0:00:21.450248, 0.0, 0.0, 90.0, 0.0, 4215.22314453125
0:00:21.533264, 0.0, 0.0, 90.0, 0.0, 4215.744140625
0:00:21.640250, 0.0, 0.0, 90.0, 0.0, 4216.41650390625
0:00:21.735539, 0.0, 0.0, 90.0, 0.0, 4217.01953125
0:00:21.846147, 0.0, 0.0, 90.0, 0.0, 4217.71044921875
0:00:21.955014, 0.0, 0.0, 90.0, 0.0, 4218.39501953125
0:00:22.049846, 0.0, 0.0, 90.0, 0.0, 4218.99169921875
0:00:22.146677, 0.0, 0.0, 90.0, 0.0, 4219.60107421875
0:00:22.265684, 0.0, 0.0, 90.0, 0.0, 4220.3486328125
0:00:22.355953, 0.0, 0.0, 90.0, 0.0, 4220.92041015625
0:00:22.459855, 0.0, 0.0, 90.0, 0.0, 4221.5732421875
0:00:22.547084, 0.0, 0.0, 90.0, 0.0, 4222.11962890625
0:00:22.661677, 0.0, 0.0, 90.0, 0.0, 4222.8359375
0:00:22.748940, 0.0, 0.0, 90.0, 0.0, 4223.388671875
0:00:22.873695, 0.0, 0.0, 90.0, 0.0, 4224.173828125
0:00:22.957902, 0.0, 0.0, 90.0, 0.0, 4224.701171875
0:00:23.052985, 0.0, 0.0, 90.0, 0.0, 4225.2978515625
0:00:23.166689, 0.0, 0.0, 90.0, 0.0, 4226.013671875
0:00:23.266652, 0.0, 0.0, 90.0, 0.0, 4226.64208984375
0:00:23.358263, 0.0, 0.0, 90.0, 0.0, 4227.22021484375
0:00:23.471953, 0.0, 0.0, 90.0, 0.0, 4227.9296875
0:00:23.556184, 0.0, 0.0, 90.0, 0.0, 4228.46337890625
0:00:23.656366, 0.0, 0.0, 90.0, 0.0, 4229.09130859375
0:00:23.775117, 0.0, 0.0, 90.0, 0.0, 4229.83837890625
0:00:23.863494, 0.0, 0.0, 90.0, 0.0, 4230.3916015625
0:00:23.968405, 0.0, 0.0, 90.0, 0.0, 4231.05126953125
0:00:24.076446, 0.0, 0.0, 90.0, 0.0, 4231.7294921875
0:00:24.173085, 0.0, 0.0, 90.0, 0.0, 4232.3388671875
0:00:24.286660, 0.0, 0.0, 90.0, 0.0, 4233.0546875
0:00:24.365297, 0.0, 0.0, 90.0, 0.0, 4233.55126953125
0:00:24.477868, 0.0, 0.0, 90.0, 0.0, 4234.2548828125
0:00:24.586810, 0.0, 0.0, 90.0, 0.0, 4234.939453125
0:00:24.686926, 0.0, 0.0, 90.0, 0.0, 4235.5673828125
0:00:24.796996, 0.0, 0.0, 90.0, 0.0, 4236.25830078125
0:00:24.884325, 0.0, 0.0, 90.0, 0.0, 4236.81103515625
0:00:24.996878, 0.0, 0.0, 90.0, 0.0, 4237.5205078125
0:00:25.082194, 0.0, 0.0, 90.0, 0.0, 4238.05419921875
0:00:25.179216, 0.0, 0.0, 90.0, 0.0, 4238.66357421875
0:00:25.277712, 0.0, 0.0, 90.0, 0.0, 4239.28564453125
0:00:25.394484, 0.0, 0.0, 90.0, 0.0, 4240.0146484375
0:00:25.482850, 0.0, 0.0, 90.0, 0.0, 4240.57373046875
0:00:25.587761, 0.0, 0.0, 90.0, 0.0, 4241.2333984375
0:00:25.700296, 0.0, 0.0, 90.0, 0.0, 4241.93701171875
0:00:25.807150, 0.0, 0.0, 90.0, 0.0, 4242.60888671875
0:00:25.908397, 0.0, 0.0, 90.0, 0.0, 4243.24951171875
0:00:26.007574, 0.0, 0.0, 90.0, 0.0, 4243.87158203125
0:00:26.107779, 0.0, 0.0, 90.0, 0.0, 4244.5
0:00:26.197175, 0.0, 0.0, 90.0, 0.0, 4245.0654296875
0:00:26.307016, 0.0, 0.0, 90.0, 0.0, 4245.75634765625
0:00:26.389757, 0.0, 0.0, 90.0, 0.0, 4246.271484375
0:00:26.507273, 0.0, 0.0, 90.0, 0.0, 4247.0126953125
0:00:26.601086, 0.0, 0.0, 90.0, 0.0, 4247.60302734375
0:00:26.716578, 0.0, 0.0, 90.0, 0.0, 4248.3251953125
0:00:26.803841, 0.0, 0.0, 90.0, 0.0, 4248.8779296875
0:00:26.917406, 0.0, 0.0, 90.0, 0.0, 4249.58740234375
0:00:27.016406, 0.0, 0.0, 90.0, 0.0, 4250.2158203125
0:00:27.117096, 0.0, 0.0, 90.0, 0.0, 4250.84375
0:00:27.223981, 0.0, 0.0, 90.0, 0.0, 4251.51611328125
0:00:27.308181, 0.0, 0.0, 90.0, 0.0, 4252.0498046875
0:00:27.427973, 0.0, 0.0, 90.0, 0.0, 4252.79736328125
0:00:27.519600, 0.0, 0.0, 90.0, 0.0, 4253.37548828125
0:00:27.601847, 0.0, 0.0, 90.0, 0.0, 4253.89013671875
0:00:27.718493, 0.0, 0.0, 90.0, 0.0, 4254.625
0:00:27.811173, 0.0, 0.0, 90.0, 0.0, 4255.20947265625
0:00:27.921073, 0.0, 0.0, 90.0, 0.0, 4255.900390625
0:00:28.008377, 0.0, 0.0, 90.0, 0.0, 4256.44677734375
0:00:28.107518, 0.0, 0.0, 90.0, 0.0, 4257.068359375
0:00:28.224103, 0.0, 0.0, 90.0, 0.0, 4257.8037109375
0:00:28.310471, 0.0, 0.0, 90.0, 0.0, 4258.34375
0:00:28.432789, 0.0, 0.0, 90.0, 0.0, 4259.1162109375
0:00:28.529876, 0.0, 0.0, 90.0, 0.0, 4259.7255859375
0:00:28.627248, 0.0, 0.0, 90.0, 0.0, 4260.3349609375
0:00:28.735296, 0.0, 0.0, 90.0, 0.0, 4261.01416015625
0:00:28.818573, 0.0, 0.0, 90.0, 0.0, 4261.54150390625
0:00:28.917792, 0.0, 0.0, 90.0, 0.0, 4262.16357421875
0:00:29.035250, 0.0, 0.0, 90.0, 0.0, 4262.9052734375
0:00:29.121625, 0.0, 0.0, 90.0, 0.0, 4263.4453125
0:00:29.225230, 0.0, 0.0, 90.0, 0.0, 4264.09814453125
0:00:29.337984, 0.0, 0.0, 90.0, 0.0, 4264.8017578125
0:00:29.422944, 0.0, 0.0, 90.0, 0.0, 4265.341796875
0:00:29.542739, 0.0, 0.0, 90.0, 0.0, 4266.095703125
0:00:29.638057, 0.0, 0.0, 90.0, 0.0, 4266.6923828125
0:00:29.738422, 0.0, 0.0, 90.0, 0.0, 4267.3203125
0:00:29.838699, 0.0, 0.0, 90.0, 0.0, 4267.95458984375
0:00:29.932184, 0.0, 0.0, 90.0, 0.0, 4268.53857421875
0:00:30.040140, 0.0, 0.0, 90.0, 0.0, 4269.21728515625
0:00:30.133007, 0.0, 0.0, 90.0, 0.0, 4269.8017578125
0:00:30.257605, 0.0, 0.0, 90.0, 0.0, 4270.5869140625
0:00:30.342871, 0.0, 0.0, 90.0, 0.0, 4271.12060546875
0:00:30.432291, 0.0, 0.0, 90.0, 0.0, 4271.68603515625
0:00:30.549944, 0.0, 0.0, 90.0, 0.0, 4272.4208984375
0:00:30.636168, 0.0, 0.0, 90.0, 0.0, 4272.96728515625
0:00:30.742037, 0.0, 0.0, 90.0, 0.0, 4273.6328125
0:00:30.853609, 0.0, 0.0, 90.0, 0.0, 4274.330078125
0:00:30.951607, 0.0, 0.0, 90.0, 0.0, 4274.94580078125
0:00:31.050025, 0.0, 0.0, 90.0, 0.0, 4275.56787109375
0:00:31.159468, 0.0, 0.0, 90.0, 0.0, 4276.25244140625
0:00:31.246865, 0.0, 0.0, 90.0, 0.0, 4276.80517578125
0:00:31.358439, 0.0, 0.0, 90.0, 0.0, 4277.50830078125
0:00:31.465477, 0.0, 0.0, 90.0, 0.0, 4278.1806640625
0:00:31.552786, 0.0, 0.0, 90.0, 0.0, 4278.72705078125
0:00:31.670334, 0.0, 0.0, 90.0, 0.0, 4279.46826171875
0:00:31.759644, 0.0, 0.0, 90.0, 0.0, 4280.02734375
0:00:31.858762, 0.0, 0.0, 90.0, 0.0, 4280.6494140625
0:00:31.964637, 0.0, 0.0, 90.0, 0.0, 4281.3154296875
0:00:32.052948, 0.0, 0.0, 90.0, 0.0, 4281.87451171875
0:00:32.167419, 0.0, 0.0, 90.0, 0.0, 4282.59033203125
0:00:32.267036, 0.0, 0.0, 90.0, 0.0, 4283.21826171875
0:00:32.353252, 0.0, 0.0, 90.0, 0.0, 4283.75830078125
0:00:32.468835, 0.0, 0.0, 90.0, 0.0, 4284.48681640625
0:00:32.575485, 0.0, 0.0, 90.0, 0.0, 4285.1591796875
0:00:32.660767, 0.0, 0.0, 90.0, 0.0, 4285.69287109375
0:00:32.775292, 0.0, 0.0, 90.0, 0.0, 4286.4150390625
0:00:32.863640, 0.0, 0.0, 90.0, 0.0, 4286.9677734375
0:00:32.974103, 0.0, 0.0, 90.0, 0.0, 4287.6650390625
0:00:33.060284, 0.0, 0.0, 90.0, 0.0, 4288.205078125
0:00:33.187082, 0.0, 0.0, 90.0, 0.0, 4289.0029296875
0:00:33.274226, 0.0, 0.0, 90.0, 0.0, 4289.54931640625
0:00:33.367212, 0.0, 0.0, 90.0, 0.0, 4290.1337890625
0:00:33.481779, 0.0, 0.0, 90.0, 0.0, 4290.8564453125
0:00:33.576291, 0.0, 0.0, 90.0, 0.0, 4291.44677734375
0:00:33.690907, 0.0, 0.0, 90.0, 0.0, 4292.1689453125
0:00:33.784642, 0.0, 0.0, 90.0, 0.0, 4292.759765625
0:00:33.880961, 0.0, 0.0, 90.0, 0.0, 4293.36279296875
0:00:33.990946, 0.0, 0.0, 90.0, 0.0, 4294.0537109375
0:00:34.079259, 0.0, 0.0, 90.0, 0.0, 4294.61279296875
0:00:34.182442, 0.0, 0.0, 90.0, 0.0, 4295.26025390625
0:00:34.279885, 0.0, 0.0, 90.0, 0.0, 4295.8759765625
0:00:34.394394, 0.0, 0.0, 90.0, 0.0, 4296.59228515625
0:00:34.480651, 0.0, 0.0, 90.0, 0.0, 4297.138671875
0:00:34.592304, 0.0, 0.0, 90.0, 0.0, 4297.83544921875
0:00:34.676401, 0.0, 0.0, 90.0, 0.0, 4298.369140625
0:00:34.783431, 0.0, 0.0, 90.0, 0.0, 4299.04150390625
0:00:34.897027, 0.0, 0.0, 90.0, 0.0, 4299.7509765625
0:00:34.982124, 0.0, 0.0, 90.0, 0.0, 4300.28466796875
0:00:35.094669, 0.0, 0.0, 90.0, 0.0, 4300.99462890625
0:00:35.190734, 0.0, 0.0, 90.0, 0.0, 4301.59814453125
0:00:35.294169, 0.0, 0.0, 90.0, 0.0, 4302.25146484375
0:00:35.390499, 0.0, 0.0, 90.0, 0.0, 4302.8544921875
0:00:35.490957, 0.0, 0.0, 90.0, 0.0, 4303.48876953125
0:00:35.588000, 0.0, 0.0, 90.0, 0.0, 4304.09814453125
0:00:35.690189, 0.0, 0.0, 90.0, 0.0, 4304.7392578125
0:00:35.805964, 0.0, 0.0, 90.0, 0.0, 4305.46826171875
0:00:35.893135, 0.0, 0.0, 90.0, 0.0, 4306.0146484375
0:00:36.006798, 0.0, 0.0, 90.0, 0.0, 4306.73046875
0:00:36.112491, 0.0, 0.0, 90.0, 0.0, 4307.396484375
0:00:36.200972, 0.0, 0.0, 90.0, 0.0, 4307.94921875
0:00:36.315322, 0.0, 0.0, 90.0, 0.0, 4308.671875
0:00:36.412439, 0.0, 0.0, 90.0, 0.0, 4309.28125
0:00:36.504685, 0.0, 0.0, 90.0, 0.0, 4309.859375
0:00:36.600015, 0.0, 0.0, 90.0, 0.0, 4310.46240234375
0:00:36.706854, 0.0, 0.0, 90.0, 0.0, 4311.134765625
0:00:36.821439, 0.0, 0.0, 90.0, 0.0, 4311.85107421875
0:00:36.921357, 0.0, 0.0, 90.0, 0.0, 4312.4794921875
0:00:37.015106, 0.0, 0.0, 90.0, 0.0, 4313.06982421875
0:00:37.126718, 0.0, 0.0, 90.0, 0.0, 4313.7734375
0:00:37.212974, 0.0, 0.0, 90.0, 0.0, 4314.3134765625
0:00:37.310278, 0.0, 0.0, 90.0, 0.0, 4314.92919921875
0:00:37.409807, 0.0, 0.0, 90.0, 0.0, 4315.55078125
0:00:37.524308, 0.0, 0.0, 90.0, 0.0, 4316.27294921875
0:00:37.612665, 0.0, 0.0, 90.0, 0.0, 4316.82568359375
0:00:37.711962, 0.0, 0.0, 90.0, 0.0, 4317.4541015625
0:00:37.822556, 0.0, 0.0, 90.0, 0.0, 4318.14501953125
0:00:37.921996, 0.0, 0.0, 90.0, 0.0, 4318.7734375
0:00:38.020961, 0.0, 0.0, 90.0, 0.0, 4319.3955078125
0:00:38.134496, 0.0, 0.0, 90.0, 0.0, 4320.11181640625
0:00:38.221034, 0.0, 0.0, 90.0, 0.0, 4320.65185546875
0:00:38.332351, 0.0, 0.0, 90.0, 0.0, 4321.35546875
0:00:38.418736, 0.0, 0.0, 90.0, 0.0, 4321.8955078125
0:00:38.531238, 0.0, 0.0, 90.0, 0.0, 4322.60498046875
0:00:38.618679, 0.0, 0.0, 90.0, 0.0, 4323.1513671875
0:00:38.732225, 0.0, 0.0, 90.0, 0.0, 4323.8671875
0:00:38.831595, 0.0, 0.0, 90.0, 0.0, 4324.4892578125
0:00:38.919901, 0.0, 0.0, 90.0, 0.0, 4325.048828125
0:00:39.026848, 0.0, 0.0, 90.0, 0.0, 4325.71435546875
0:00:39.141442, 0.0, 0.0, 90.0, 0.0, 4326.4365234375
0:00:39.241966, 0.0, 0.0, 90.0, 0.0, 4327.07080078125
0:00:39.340871, 0.0, 0.0, 90.0, 0.0, 4327.69287109375
0:00:39.421490, 0.0, 0.0, 90.0, 0.0, 4328.20166015625
0:00:39.521678, 0.0, 0.0, 90.0, 0.0, 4328.82958984375
0:00:39.644016, 0.0, 0.0, 90.0, 0.0, 4329.595703125
0:00:39.738253, 0.0, 0.0, 90.0, 0.0, 4330.1923828125
0:00:39.825408, 0.0, 0.0, 90.0, 0.0, 4330.73876953125
0:00:39.943031, 0.0, 0.0, 90.0, 0.0, 4331.47998046875
0:00:40.026306, 0.0, 0.0, 90.0, 0.0, 4332.0009765625
0:00:40.152056, 0.0, 0.0, 90.0, 0.0, 4332.79296875
0:00:40.243323, 0.0, 0.0, 90.0, 0.0, 4333.36474609375
0:00:40.327725, 0.0, 0.0, 90.0, 0.0, 4333.89892578125
0:00:40.443245, 0.0, 0.0, 90.0, 0.0, 4334.62109375
0:00:40.542448, 0.0, 0.0, 90.0, 0.0, 4335.24267578125
0:00:40.657095, 0.0, 0.0, 90.0, 0.0, 4335.96484375
0:00:40.752459, 0.0, 0.0, 90.0, 0.0, 4336.56787109375
0:00:40.851681, 0.0, 0.0, 90.0, 0.0, 4337.18994140625
0:00:40.939012, 0.0, 0.0, 90.0, 0.0, 4337.736328125
0:00:41.051461, 0.0, 0.0, 90.0, 0.0, 4338.44580078125
0:00:41.159256, 0.0, 0.0, 90.0, 0.0, 4339.1240234375
0:00:41.245745, 0.0, 0.0, 90.0, 0.0, 4339.6640625
0:00:41.361272, 0.0, 0.0, 90.0, 0.0, 4340.392578125
0:00:41.448689, 0.0, 0.0, 90.0, 0.0, 4340.93896484375
0:00:41.562144, 0.0, 0.0, 90.0, 0.0, 4341.65478515625
0:00:41.663674, 0.0, 0.0, 90.0, 0.0, 4342.29541015625
0:00:41.762804, 0.0, 0.0, 90.0, 0.0, 4342.91748046875
0:00:41.849958, 0.0, 0.0, 90.0, 0.0, 4343.4638671875
0:00:41.956950, 0.0, 0.0, 90.0, 0.0, 4344.13623046875
0:00:42.070444, 0.0, 0.0, 90.0, 0.0, 4344.8525390625
0:00:42.148985, 0.0, 0.0, 90.0, 0.0, 4345.3427734375
0:00:42.262558, 0.0, 0.0, 90.0, 0.0, 4346.05908203125
0:00:42.361924, 0.0, 0.0, 90.0, 0.0, 4346.68701171875
0:00:42.463317, 0.0, 0.0, 90.0, 0.0, 4347.3212890625
0:00:42.553555, 0.0, 0.0, 90.0, 0.0, 4347.88671875
0:00:42.673280, 0.0, 0.0, 90.0, 0.0, 4348.640625
0:00:42.772498, 0.0, 0.0, 90.0, 0.0, 4349.26904296875
0:00:42.856850, 0.0, 0.0, 90.0, 0.0, 4349.79638671875
0:00:42.984292, 0.0, 0.0, 90.0, 0.0, 4350.59423828125
0:00:43.069417, 0.0, 0.0, 90.0, 0.0, 4351.13427734375
0:00:43.177287, 0.0, 0.0, 90.0, 0.0, 4351.8125
0:00:43.263497, 0.0, 0.0, 90.0, 0.0, 4352.35302734375
0:00:43.382368, 0.0, 0.0, 90.0, 0.0, 4353.10107421875
0:00:43.470834, 0.0, 0.0, 90.0, 0.0, 4353.65380859375
0:00:43.585423, 0.0, 0.0, 90.0, 0.0, 4354.3759765625
0:00:43.669334, 0.0, 0.0, 90.0, 0.0, 4354.9033203125
0:00:43.783984, 0.0, 0.0, 90.0, 0.0, 4355.6259765625
0:00:43.869154, 0.0, 0.0, 90.0, 0.0, 4356.16015625
0:00:43.986668, 0.0, 0.0, 90.0, 0.0, 4356.9013671875
0:00:44.082029, 0.0, 0.0, 90.0, 0.0, 4357.498046875
0:00:44.194626, 0.0, 0.0, 90.0, 0.0, 4358.20751953125
0:00:44.280817, 0.0, 0.0, 90.0, 0.0, 4358.74755859375
0:00:44.387769, 0.0, 0.0, 90.0, 0.0, 4359.419921875
0:00:44.472732, 0.0, 0.0, 90.0, 0.0, 4359.95361328125
0:00:44.573893, 0.0, 0.0, 90.0, 0.0, 4360.59423828125
0:00:44.693739, 0.0, 0.0, 90.0, 0.0, 4361.341796875
0:00:44.787553, 0.0, 0.0, 90.0, 0.0, 4361.9384765625
0:00:44.884204, 0.0, 0.0, 90.0, 0.0, 4362.54150390625
0:00:44.989871, 0.0, 0.0, 90.0, 0.0, 4363.20703125
0:00:45.103604, 0.0, 0.0, 90.0, 0.0, 4363.92333984375
0:00:45.200922, 0.0, 0.0, 90.0, 0.0, 4364.53271484375
0:00:45.280429, 0.0, 0.0, 90.0, 0.0, 4365.03515625
0:00:45.387337, 0.0, 0.0, 90.0, 0.0, 4365.70751953125
0:00:45.505992, 0.0, 0.0, 90.0, 0.0, 4366.455078125
0:00:45.589189, 0.0, 0.0, 90.0, 0.0, 4366.97607421875
0:00:45.698157, 0.0, 0.0, 90.0, 0.0, 4367.6611328125
0:00:45.810707, 0.0, 0.0, 90.0, 0.0, 4368.37109375
0:00:45.896134, 0.0, 0.0, 90.0, 0.0, 4368.90478515625
0:00:45.991033, 0.0, 0.0, 90.0, 0.0, 4369.50146484375
0:00:46.103556, 0.0, 0.0, 90.0, 0.0, 4370.2109375
0:00:46.214479, 0.0, 0.0, 90.0, 0.0, 4370.908203125
0:00:46.299787, 0.0, 0.0, 90.0, 0.0, 4371.44189453125
0:00:46.415269, 0.0, 0.0, 90.0, 0.0, 4372.17041015625
0:00:46.504731, 0.0, 0.0, 90.0, 0.0, 4372.7294921875
0:00:46.598387, 0.0, 0.0, 90.0, 0.0, 4373.31982421875
0:00:46.713973, 0.0, 0.0, 90.0, 0.0, 4374.04833984375
0:00:46.814054, 0.0, 0.0, 90.0, 0.0, 4374.67626953125
0:00:46.906456, 0.0, 0.0, 90.0, 0.0, 4375.25439453125
0:00:47.021138, 0.0, 0.0, 90.0, 0.0, 4375.9765625
0:00:47.106270, 0.0, 0.0, 90.0, 0.0, 4376.5107421875
0:00:47.222943, 0.0, 0.0, 90.0, 0.0, 4377.24560546875
0:00:47.310242, 0.0, 0.0, 90.0, 0.0, 4377.79248046875
0:00:47.425861, 0.0, 0.0, 90.0, 0.0, 4378.52099609375
0:00:47.511007, 0.0, 0.0, 90.0, 0.0, 4379.0546875
0:00:47.625685, 0.0, 0.0, 90.0, 0.0, 4379.77734375
0:00:47.723055, 0.0, 0.0, 90.0, 0.0, 4380.392578125
0:00:47.833236, 0.0, 0.0, 90.0, 0.0, 4381.0830078125
0:00:47.930055, 0.0, 0.0, 90.0, 0.0, 4381.6923828125
0:00:48.019205, 0.0, 0.0, 90.0, 0.0, 4382.25146484375
0:00:48.116283, 0.0, 0.0, 90.0, 0.0, 4382.86083984375
0:00:48.213784, 0.0, 0.0, 90.0, 0.0, 4383.4765625
0:00:48.327307, 0.0, 0.0, 90.0, 0.0, 4384.1865234375
0:00:48.424447, 0.0, 0.0, 90.0, 0.0, 4384.80224609375
0:00:48.535028, 0.0, 0.0, 90.0, 0.0, 4385.4931640625
0:00:48.620323, 0.0, 0.0, 90.0, 0.0, 4386.03369140625
0:00:48.734069, 0.0, 0.0, 90.0, 0.0, 4386.7431640625
0:00:48.820329, 0.0, 0.0, 90.0, 0.0, 4387.2900390625
0:00:48.935989, 0.0, 0.0, 90.0, 0.0, 4388.0185546875
0:00:49.034780, 0.0, 0.0, 90.0, 0.0, 4388.640625
0:00:49.135042, 0.0, 0.0, 90.0, 0.0, 4389.2685546875
0:00:49.226574, 0.0, 0.0, 90.0, 0.0, 4389.84033203125
0:00:49.335412, 0.0, 0.0, 90.0, 0.0, 4390.52490234375
0:00:49.428330, 0.0, 0.0, 90.0, 0.0, 4391.109375
0:00:49.552045, 0.0, 0.0, 90.0, 0.0, 4391.88818359375
0:00:49.641359, 0.0, 0.0, 90.0, 0.0, 4392.45361328125
0:00:49.755050, 0.0, 0.0, 90.0, 0.0, 4393.1630859375
0:00:49.844176, 0.0, 0.0, 90.0, 0.0, 4393.728515625
0:00:49.957701, 0.0, 0.0, 90.0, 0.0, 4394.43798828125
0:00:50.052818, 0.0, 0.0, 90.0, 0.0, 4395.041015625
0:00:50.138089, 0.0, 0.0, 90.0, 0.0, 4395.5751953125
0:00:50.235048, 0.0, 0.0, 90.0, 0.0, 4396.1845703125
0:00:50.348649, 0.0, 0.0, 90.0, 0.0, 4396.90087890625
0:00:50.441778, 0.0, 0.0, 90.0, 0.0, 4397.4853515625
0:00:50.556287, 0.0, 0.0, 90.0, 0.0, 4398.201171875
0:00:50.654053, 0.0, 0.0, 90.0, 0.0, 4398.81640625
0:00:50.754450, 0.0, 0.0, 90.0, 0.0, 4399.45068359375
0:00:50.854671, 0.0, 0.0, 90.0, 0.0, 4400.07958984375
0:00:50.941949, 0.0, 0.0, 90.0, 0.0, 4400.63232421875
0:00:51.054511, 0.0, 0.0, 90.0, 0.0, 4401.33544921875
0:00:51.168231, 0.0, 0.0, 90.0, 0.0, 4402.05126953125
0:00:51.265558, 0.0, 0.0, 90.0, 0.0, 4402.6669921875
0:00:51.347475, 0.0, 0.0, 90.0, 0.0, 4403.17578125
0:00:51.445365, 0.0, 0.0, 90.0, 0.0, 4403.79150390625
0:00:51.555946, 0.0, 0.0, 90.0, 0.0, 4404.4892578125
0:00:51.664802, 0.0, 0.0, 90.0, 0.0, 4405.173828125
0:00:51.759799, 0.0, 0.0, 90.0, 0.0, 4405.7705078125
0:00:51.852804, 0.0, 0.0, 90.0, 0.0, 4406.35498046875
0:00:51.968382, 0.0, 0.0, 90.0, 0.0, 4407.083984375
0:00:52.065817, 0.0, 0.0, 90.0, 0.0, 4407.69970703125
0:00:52.171762, 0.0, 0.0, 90.0, 0.0, 4408.35888671875
0:00:52.258003, 0.0, 0.0, 90.0, 0.0, 4408.9052734375
0:00:52.373585, 0.0, 0.0, 90.0, 0.0, 4409.6337890625
0:00:52.458834, 0.0, 0.0, 90.0, 0.0, 4410.16748046875
0:00:52.556178, 0.0, 0.0, 90.0, 0.0, 4410.77685546875
0:00:52.659423, 0.0, 0.0, 90.0, 0.0, 4411.43017578125
0:00:52.775973, 0.0, 0.0, 90.0, 0.0, 4412.15869140625
0:00:52.868088, 0.0, 0.0, 90.0, 0.0, 4412.74267578125
0:00:52.983728, 0.0, 0.0, 90.0, 0.0, 4413.46484375
0:00:53.069853, 0.0, 0.0, 90.0, 0.0, 4414.01123046875
0:00:53.179823, 0.0, 0.0, 90.0, 0.0, 4414.7021484375
0:00:53.265015, 0.0, 0.0, 90.0, 0.0, 4415.23583984375
0:00:53.365369, 0.0, 0.0, 90.0, 0.0, 4415.86376953125
0:00:53.481964, 0.0, 0.0, 90.0, 0.0, 4416.5986328125
0:00:53.568242, 0.0, 0.0, 90.0, 0.0, 4417.138671875
0:00:53.680782, 0.0, 0.0, 90.0, 0.0, 4417.84814453125
0:00:53.793176, 0.0, 0.0, 90.0, 0.0, 4418.55810546875
0:00:53.879362, 0.0, 0.0, 90.0, 0.0, 4419.09814453125
0:00:53.976962, 0.0, 0.0, 90.0, 0.0, 4419.70751953125
0:00:54.077240, 0.0, 0.0, 90.0, 0.0, 4420.34228515625
0:00:54.189590, 0.0, 0.0, 90.0, 0.0, 4421.0458984375
0:00:54.275968, 0.0, 0.0, 90.0, 0.0, 4421.59228515625
0:00:54.389513, 0.0, 0.0, 90.0, 0.0, 4422.30224609375
0:00:54.485925, 0.0, 0.0, 90.0, 0.0, 4422.91162109375
0:00:54.590310, 0.0, 0.0, 90.0, 0.0, 4423.56494140625
0:00:54.687622, 0.0, 0.0, 90.0, 0.0, 4424.1806640625
0:00:54.788423, 0.0, 0.0, 90.0, 0.0, 4424.81494140625
0:00:54.903953, 0.0, 0.0, 90.0, 0.0, 4425.537109375
0:00:54.981550, 0.0, 0.0, 90.0, 0.0, 4426.02734375
0:00:55.104144, 0.0, 0.0, 90.0, 0.0, 4426.80029296875
0:00:55.183839, 0.0, 0.0, 90.0, 0.0, 4427.29638671875
0:00:55.293775, 0.0, 0.0, 90.0, 0.0, 4427.98779296875
0:00:55.408269, 0.0, 0.0, 90.0, 0.0, 4428.71044921875
0:00:55.501133, 0.0, 0.0, 90.0, 0.0, 4429.294921875
0:00:55.597610, 0.0, 0.0, 90.0, 0.0, 4429.89794921875
0:00:55.684717, 0.0, 0.0, 90.0, 0.0, 4430.45068359375
0:00:55.809299, 0.0, 0.0, 90.0, 0.0, 4431.2353515625
0:00:55.894417, 0.0, 0.0, 90.0, 0.0, 4431.76904296875
0:00:56.008016, 0.0, 0.0, 90.0, 0.0, 4432.478515625
0:00:56.094424, 0.0, 0.0, 90.0, 0.0, 4433.02490234375
0:00:56.205879, 0.0, 0.0, 90.0, 0.0, 4433.728515625
0:00:56.306271, 0.0, 0.0, 90.0, 0.0, 4434.35693359375
0:00:56.391533, 0.0, 0.0, 90.0, 0.0, 4434.890625
0:00:56.499609, 0.0, 0.0, 90.0, 0.0, 4435.5751953125
0:00:56.620187, 0.0, 0.0, 90.0, 0.0, 4436.3291015625
0:00:56.704329, 0.0, 0.0, 90.0, 0.0, 4436.86279296875
0:00:56.811224, 0.0, 0.0, 90.0, 0.0, 4437.52880859375
0:00:56.898437, 0.0, 0.0, 90.0, 0.0, 4438.08203125
0:00:57.007295, 0.0, 0.0, 90.0, 0.0, 4438.7666015625
0:00:57.123044, 0.0, 0.0, 90.0, 0.0, 4439.48876953125
0:00:57.207227, 0.0, 0.0, 90.0, 0.0, 4440.0224609375
0:00:57.309092, 0.0, 0.0, 90.0, 0.0, 4440.6630859375
0:00:57.426531, 0.0, 0.0, 90.0, 0.0, 4441.39794921875
0:00:57.511858, 0.0, 0.0, 90.0, 0.0, 4441.93798828125
0:00:57.628390, 0.0, 0.0, 90.0, 0.0, 4442.66650390625
0:00:57.712805, 0.0, 0.0, 90.0, 0.0, 4443.20068359375
0:00:57.825370, 0.0, 0.0, 90.0, 0.0, 4443.904296875
0:00:57.910468, 0.0, 0.0, 90.0, 0.0, 4444.44482421875
0:00:58.027139, 0.0, 0.0, 90.0, 0.0, 4445.1796875
0:00:58.124641, 0.0, 0.0, 90.0, 0.0, 4445.7890625
0:00:58.212915, 0.0, 0.0, 90.0, 0.0, 4446.341796875
0:00:58.338460, 0.0, 0.0, 90.0, 0.0, 4447.13330078125
0:00:58.431136, 0.0, 0.0, 90.0, 0.0, 4447.71728515625
0:00:58.518387, 0.0, 0.0, 90.0, 0.0, 4448.26416015625
0:00:58.633008, 0.0, 0.0, 90.0, 0.0, 4448.986328125
0:00:58.728306, 0.0, 0.0, 90.0, 0.0, 4449.58984375
0:00:58.827850, 0.0, 0.0, 90.0, 0.0, 4450.2119140625
0:00:58.941304, 0.0, 0.0, 90.0, 0.0, 4450.927734375
0:00:59.025128, 0.0, 0.0, 90.0, 0.0, 4451.455078125
0:00:59.138726, 0.0, 0.0, 90.0, 0.0, 4452.16455078125
0:00:59.220245, 0.0, 0.0, 90.0, 0.0, 4452.6796875
0:00:59.338887, 0.0, 0.0, 90.0, 0.0, 4453.42724609375
0:00:59.430683, 0.0, 0.0, 90.0, 0.0, 4453.9990234375
0:00:59.538488, 0.0, 0.0, 90.0, 0.0, 4454.67724609375
0:00:59.637989, 0.0, 0.0, 90.0, 0.0, 4455.3056640625
0:00:59.723057, 0.0, 0.0, 90.0, 0.0, 4455.83935546875
0:00:59.847435, 0.0, 0.0, 90.0, 0.0, 4456.625
0:00:59.925019, 0.0, 0.0, 90.0, 0.0, 4457.109375
0:01:00.042694, 0.0, 0.0, 90.0, 0.0, 4457.8505859375
0:01:00.135251, 0.0, 0.0, 90.0, 0.0, 4458.43505859375
0:01:00.251011, 0.0, 0.0, 90.0, 0.0, 4459.16357421875
0:01:00.336036, 0.0, 0.0, 90.0, 0.0, 4459.697265625
0:01:00.441947, 0.0, 0.0, 90.0, 0.0, 4460.36328125
0:01:00.539232, 0.0, 0.0, 90.0, 0.0, 4460.97265625
0:01:00.655824, 0.0, 0.0, 90.0, 0.0, 4461.70751953125
0:01:00.743026, 0.0, 0.0, 90.0, 0.0, 4462.25390625
0:01:00.837989, 0.0, 0.0, 90.0, 0.0, 4462.8505859375
0:01:00.954612, 0.0, 0.0, 90.0, 0.0, 4463.58544921875
0:01:01.040876, 0.0, 0.0, 90.0, 0.0, 4464.12548828125
0:01:01.150712, 0.0, 0.0, 90.0, 0.0, 4464.81640625
0:01:01.265415, 0.0, 0.0, 90.0, 0.0, 4465.53857421875
0:01:01.348642, 0.0, 0.0, 90.0, 0.0, 4466.06591796875
0:01:01.441905, 0.0, 0.0, 90.0, 0.0, 4466.64990234375
0:01:01.551481, 0.0, 0.0, 90.0, 0.0, 4467.33447265625
0:01:01.665877, 0.0, 0.0, 90.0, 0.0, 4468.056640625
0:01:01.750116, 0.0, 0.0, 90.0, 0.0, 4468.583984375
0:01:01.864674, 0.0, 0.0, 90.0, 0.0, 4469.30615234375
0:01:01.951001, 0.0, 0.0, 90.0, 0.0, 4469.8466796875
0:01:02.049473, 0.0, 0.0, 90.0, 0.0, 4470.46875
0:01:02.163046, 0.0, 0.0, 90.0, 0.0, 4471.1845703125
0:01:02.261564, 0.0, 0.0, 90.0, 0.0, 4471.80029296875
0:01:02.371164, 0.0, 0.0, 90.0, 0.0, 4472.4912109375
0:01:02.466955, 0.0, 0.0, 90.0, 0.0, 4473.09423828125
0:01:02.573837, 0.0, 0.0, 90.0, 0.0, 4473.7666015625
0:01:02.668222, 0.0, 0.0, 90.0, 0.0, 4474.357421875
0:01:02.766843, 0.0, 0.0, 90.0, 0.0, 4474.97900390625
0:01:02.854190, 0.0, 0.0, 90.0, 0.0, 4475.53173828125
0:01:02.979960, 0.0, 0.0, 90.0, 0.0, 4476.31689453125
0:01:03.069274, 0.0, 0.0, 90.0, 0.0, 4476.8828125
0:01:03.182821, 0.0, 0.0, 90.0, 0.0, 4477.5986328125
0:01:03.264493, 0.0, 0.0, 90.0, 0.0, 4478.107421875
0:01:03.359048, 0.0, 0.0, 90.0, 0.0, 4478.70458984375
0:01:03.482237, 0.0, 0.0, 90.0, 0.0, 4479.47705078125
0:01:03.569448, 0.0, 0.0, 90.0, 0.0, 4480.02978515625
0:01:03.690198, 0.0, 0.0, 90.0, 0.0, 4480.783203125
0:01:03.788661, 0.0, 0.0, 90.0, 0.0, 4481.4052734375
0:01:03.874997, 0.0, 0.0, 90.0, 0.0, 4481.9453125
0:01:03.991361, 0.0, 0.0, 90.0, 0.0, 4482.68017578125
0:01:04.090177, 0.0, 0.0, 90.0, 0.0, 4483.30224609375
0:01:04.180910, 0.0, 0.0, 90.0, 0.0, 4483.8740234375
0:01:04.267178, 0.0, 0.0, 90.0, 0.0, 4484.4140625
0:01:04.379696, 0.0, 0.0, 90.0, 0.0, 4485.12353515625
0:01:04.493343, 0.0, 0.0, 90.0, 0.0, 4485.83349609375
0:01:04.588824, 0.0, 0.0, 90.0, 0.0, 4486.4365234375
0:01:04.674046, 0.0, 0.0, 90.0, 0.0, 4486.97021484375
0:01:04.795957, 0.0, 0.0, 90.0, 0.0, 4487.73681640625
0:01:04.881064, 0.0, 0.0, 90.0, 0.0, 4488.27734375
0:01:04.989944, 0.0, 0.0, 90.0, 0.0, 4488.9619140625
0:01:05.087419, 0.0, 0.0, 90.0, 0.0, 4489.5712890625
0:01:05.194284, 0.0, 0.0, 90.0, 0.0, 4490.2431640625
0:01:05.280427, 0.0, 0.0, 90.0, 0.0, 4490.78369140625
0:01:05.406136, 0.0, 0.0, 90.0, 0.0, 4491.57470703125
0:01:05.493433, 0.0, 0.0, 90.0, 0.0, 4492.12744140625
0:01:05.589838, 0.0, 0.0, 90.0, 0.0, 4492.73046875
0:01:05.695906, 0.0, 0.0, 90.0, 0.0, 4493.396484375
0:01:05.804789, 0.0, 0.0, 90.0, 0.0, 4494.08154296875
0:01:05.892088, 0.0, 0.0, 90.0, 0.0, 4494.63427734375
0:01:05.990179, 0.0, 0.0, 90.0, 0.0, 4495.25
0:01:06.100710, 0.0, 0.0, 90.0, 0.0, 4495.947265625
0:01:06.210749, 0.0, 0.0, 90.0, 0.0, 4496.63818359375
0:01:06.293232, 0.0, 0.0, 90.0, 0.0, 4497.1533203125
0:01:06.406788, 0.0, 0.0, 90.0, 0.0, 4497.86962890625
0:01:06.519311, 0.0, 0.0, 90.0, 0.0, 4498.5791015625
0:01:06.606601, 0.0, 0.0, 90.0, 0.0, 4499.12548828125
0:01:06.719266, 0.0, 0.0, 90.0, 0.0, 4499.8349609375
0:01:06.812808, 0.0, 0.0, 90.0, 0.0, 4500.41943359375
0:01:06.911212, 0.0, 0.0, 90.0, 0.0, 4501.04150390625
0:01:06.999465, 0.0, 0.0, 90.0, 0.0, 4501.59423828125
0:01:07.099949, 0.0, 0.0, 90.0, 0.0, 4502.228515625
0:01:07.213649, 0.0, 0.0, 90.0, 0.0, 4502.93798828125
0:01:07.326120, 0.0, 0.0, 90.0, 0.0, 4503.6474609375
0:01:07.412426, 0.0, 0.0, 90.0, 0.0, 4504.1943359375
0:01:07.508531, 0.0, 0.0, 90.0, 0.0, 4504.79736328125
0:01:07.625169, 0.0, 0.0, 90.0, 0.0, 4505.52587890625
0:01:07.718162, 0.0, 0.0, 90.0, 0.0, 4506.11669921875
0:01:07.833808, 0.0, 0.0, 90.0, 0.0, 4506.83935546875
0:01:07.931225, 0.0, 0.0, 90.0, 0.0, 4507.455078125
0:01:08.015506, 0.0, 0.0, 90.0, 0.0, 4507.982421875
0:01:08.112673, 0.0, 0.0, 90.0, 0.0, 4508.591796875
0:01:08.211737, 0.0, 0.0, 90.0, 0.0, 4509.21337890625
0:01:08.331758, 0.0, 0.0, 90.0, 0.0, 4509.9736328125
0:01:08.434805, 0.0, 0.0, 90.0, 0.0, 4510.62060546875
0:01:08.530265, 0.0, 0.0, 90.0, 0.0, 4511.21728515625
0:01:08.616547, 0.0, 0.0, 90.0, 0.0, 4511.76416015625
0:01:08.732109, 0.0, 0.0, 90.0, 0.0, 4512.4931640625
0:01:08.842992, 0.0, 0.0, 90.0, 0.0, 4513.1904296875
0:01:08.941517, 0.0, 0.0, 90.0, 0.0, 4513.80615234375
0:01:09.027813, 0.0, 0.0, 90.0, 0.0, 4514.3525390625
0:01:09.135682, 0.0, 0.0, 90.0, 0.0, 4515.02490234375
0:01:09.228754, 0.0, 0.0, 90.0, 0.0, 4515.61572265625
0:01:09.344245, 0.0, 0.0, 90.0, 0.0, 4516.33837890625
0:01:09.441823, 0.0, 0.0, 90.0, 0.0, 4516.9541015625
0:01:09.540936, 0.0, 0.0, 90.0, 0.0, 4517.576171875
0:01:09.632626, 0.0, 0.0, 90.0, 0.0, 4518.15380859375
0:01:09.746444, 0.0, 0.0, 90.0, 0.0, 4518.86962890625
0:01:09.841691, 0.0, 0.0, 90.0, 0.0, 4519.466796875
0:01:09.935502, 0.0, 0.0, 90.0, 0.0, 4520.0576171875
0:01:10.049097, 0.0, 0.0, 90.0, 0.0, 4520.7734375
0:01:10.134414, 0.0, 0.0, 90.0, 0.0, 4521.30712890625
0:01:10.245575, 0.0, 0.0, 90.0, 0.0, 4522.00390625
0:01:10.341438, 0.0, 0.0, 90.0, 0.0, 4522.60693359375
0:01:10.450415, 0.0, 0.0, 90.0, 0.0, 4523.29150390625
0:01:10.535465, 0.0, 0.0, 90.0, 0.0, 4523.83154296875
0:01:10.655878, 0.0, 0.0, 90.0, 0.0, 4524.58544921875
0:01:10.743242, 0.0, 0.0, 90.0, 0.0, 4525.13818359375
0:01:10.852723, 0.0, 0.0, 90.0, 0.0, 4525.82275390625
0:01:10.940987, 0.0, 0.0, 90.0, 0.0, 4526.3818359375
0:01:11.055436, 0.0, 0.0, 90.0, 0.0, 4527.09814453125
0:01:11.141873, 0.0, 0.0, 90.0, 0.0, 4527.64453125
0:01:11.260272, 0.0, 0.0, 90.0, 0.0, 4528.3857421875
0:01:11.345590, 0.0, 0.0, 90.0, 0.0, 4528.92578125
0:01:11.471928, 0.0, 0.0, 90.0, 0.0, 4529.71728515625
0:01:11.555221, 0.0, 0.0, 90.0, 0.0, 4530.23828125
0:01:11.648167, 0.0, 0.0, 90.0, 0.0, 4530.82275390625
0:01:11.762668, 0.0, 0.0, 90.0, 0.0, 4531.544921875
0:01:11.860044, 0.0, 0.0, 90.0, 0.0, 4532.16064453125
0:01:11.962128, 0.0, 0.0, 90.0, 0.0, 4532.80126953125
0:01:12.074020, 0.0, 0.0, 90.0, 0.0, 4533.5048828125
0:01:12.172470, 0.0, 0.0, 90.0, 0.0, 4534.12060546875
0:01:12.262609, 0.0, 0.0, 90.0, 0.0, 4534.68603515625
0:01:12.382798, 0.0, 0.0, 90.0, 0.0, 4535.44580078125
0:01:12.486432, 0.0, 0.0, 90.0, 0.0, 4536.0927734375
0:01:12.582659, 0.0, 0.0, 90.0, 0.0, 4536.7021484375
0:01:12.669903, 0.0, 0.0, 90.0, 0.0, 4537.24853515625
0:01:12.777013, 0.0, 0.0, 90.0, 0.0, 4537.9208984375
0:01:12.872158, 0.0, 0.0, 90.0, 0.0, 4538.52392578125
0:01:12.983599, 0.0, 0.0, 90.0, 0.0, 4539.22119140625
0:01:13.071092, 0.0, 0.0, 90.0, 0.0, 4539.77392578125
0:01:13.186670, 0.0, 0.0, 90.0, 0.0, 4540.49609375
0:01:13.272923, 0.0, 0.0, 90.0, 0.0, 4541.04296875
0:01:13.372228, 0.0, 0.0, 90.0, 0.0, 4541.6650390625
0:01:13.472525, 0.0, 0.0, 90.0, 0.0, 4542.29931640625
0:01:13.587146, 0.0, 0.0, 90.0, 0.0, 4543.01513671875
0:01:13.693065, 0.0, 0.0, 90.0, 0.0, 4543.6806640625
0:01:13.774607, 0.0, 0.0, 90.0, 0.0, 4544.19580078125
0:01:13.887293, 0.0, 0.0, 90.0, 0.0, 4544.90576171875
0:01:13.992511, 0.0, 0.0, 90.0, 0.0, 4545.5654296875
0:01:14.082715, 0.0, 0.0, 90.0, 0.0, 4546.130859375
0:01:14.190569, 0.0, 0.0, 90.0, 0.0, 4546.80908203125
0:01:14.276003, 0.0, 0.0, 90.0, 0.0, 4547.34912109375
0:01:14.392541, 0.0, 0.0, 90.0, 0.0, 4548.07763671875
0:01:14.482822, 0.0, 0.0, 90.0, 0.0, 4548.6494140625
0:01:14.599383, 0.0, 0.0, 90.0, 0.0, 4549.38427734375
0:01:14.682533, 0.0, 0.0, 90.0, 0.0, 4549.9052734375
0:01:14.782420, 0.0, 0.0, 90.0, 0.0, 4550.53369140625
0:01:14.909172, 0.0, 0.0, 90.0, 0.0, 4551.33154296875
0:01:14.993378, 0.0, 0.0, 90.0, 0.0, 4551.85888671875
0:01:15.086814, 0.0, 0.0, 90.0, 0.0, 4552.44287109375
0:01:15.203514, 0.0, 0.0, 90.0, 0.0, 4553.177734375
0:01:15.309444, 0.0, 0.0, 90.0, 0.0, 4553.84326171875
0:01:15.397594, 0.0, 0.0, 90.0, 0.0, 4554.40234375
0:01:15.507193, 0.0, 0.0, 90.0, 0.0, 4555.0869140625
0:01:15.592390, 0.0, 0.0, 90.0, 0.0, 4555.626953125
0:01:15.688744, 0.0, 0.0, 90.0, 0.0, 4556.22998046875
0:01:15.813401, 0.0, 0.0, 90.0, 0.0, 4557.015625
0:01:15.913819, 0.0, 0.0, 90.0, 0.0, 4557.6435546875
0:01:16.005351, 0.0, 0.0, 90.0, 0.0, 4558.22119140625
0:01:16.114220, 0.0, 0.0, 90.0, 0.0, 4558.90576171875
0:01:16.211054, 0.0, 0.0, 90.0, 0.0, 4559.51513671875
0:01:16.323002, 0.0, 0.0, 90.0, 0.0, 4560.21875
0:01:16.406313, 0.0, 0.0, 90.0, 0.0, 4560.73974609375
0:01:16.515751, 0.0, 0.0, 90.0, 0.0, 4561.43115234375
0:01:16.613603, 0.0, 0.0, 90.0, 0.0, 4562.046875
0:01:16.713756, 0.0, 0.0, 90.0, 0.0, 4562.6748046875
0:01:16.803128, 0.0, 0.0, 90.0, 0.0, 4563.23388671875
0:01:16.918608, 0.0, 0.0, 90.0, 0.0, 4563.96240234375
0:01:17.005812, 0.0, 0.0, 90.0, 0.0, 4564.5087890625
0:01:17.105230, 0.0, 0.0, 90.0, 0.0, 4565.13720703125
0:01:17.230531, 0.0, 0.0, 90.0, 0.0, 4565.9228515625
0:01:17.318850, 0.0, 0.0, 90.0, 0.0, 4566.48193359375
0:01:17.433580, 0.0, 0.0, 90.0, 0.0, 4567.1982421875
0:01:17.528305, 0.0, 0.0, 90.0, 0.0, 4567.79541015625
0:01:17.624501, 0.0, 0.0, 90.0, 0.0, 4568.3984375
0:01:17.723600, 0.0, 0.0, 90.0, 0.0, 4569.02685546875
0:01:17.837302, 0.0, 0.0, 90.0, 0.0, 4569.736328125
0:01:17.933218, 0.0, 0.0, 90.0, 0.0, 4570.345703125
0:01:18.021686, 0.0, 0.0, 90.0, 0.0, 4570.8984375
0:01:18.136051, 0.0, 0.0, 90.0, 0.0, 4571.6142578125
0:01:18.228457, 0.0, 0.0, 90.0, 0.0, 4572.19873046875
0:01:18.324834, 0.0, 0.0, 90.0, 0.0, 4572.8017578125
0:01:18.436385, 0.0, 0.0, 90.0, 0.0, 4573.50537109375
0:01:18.521710, 0.0, 0.0, 90.0, 0.0, 4574.03955078125
0:01:18.625685, 0.0, 0.0, 90.0, 0.0, 4574.6923828125
0:01:18.734434, 0.0, 0.0, 90.0, 0.0, 4575.376953125
0:01:18.834224, 0.0, 0.0, 90.0, 0.0, 4576.0048828125
0:01:18.945054, 0.0, 0.0, 90.0, 0.0, 4576.7021484375
0:01:19.044271, 0.0, 0.0, 90.0, 0.0, 4577.33056640625
0:01:19.129455, 0.0, 0.0, 90.0, 0.0, 4577.8642578125
0:01:19.242089, 0.0, 0.0, 90.0, 0.0, 4578.57421875
0:01:19.355596, 0.0, 0.0, 90.0, 0.0, 4579.28369140625
0:01:19.436906, 0.0, 0.0, 90.0, 0.0, 4579.79248046875
0:01:19.543586, 0.0, 0.0, 90.0, 0.0, 4580.46484375
0:01:19.639258, 0.0, 0.0, 90.0, 0.0, 4581.0673828125
0:01:19.736113, 0.0, 0.0, 90.0, 0.0, 4581.6767578125
0:01:19.864843, 0.0, 0.0, 90.0, 0.0, 4582.4873046875
0:01:19.950052, 0.0, 0.0, 90.0, 0.0, 4583.02099609375
0:01:20.046254, 0.0, 0.0, 90.0, 0.0, 4583.630859375
0:01:20.174212, 0.0, 0.0, 90.0, 0.0, 4584.4287109375
0:01:20.259549, 0.0, 0.0, 90.0, 0.0, 4584.96875
0:01:20.355284, 0.0, 0.0, 90.0, 0.0, 4585.5654296875
0:01:20.466381, 0.0, 0.0, 90.0, 0.0, 4586.26904296875
0:01:20.574312, 0.0, 0.0, 90.0, 0.0, 4586.947265625
0:01:20.671509, 0.0, 0.0, 90.0, 0.0, 4587.556640625
0:01:20.757308, 0.0, 0.0, 90.0, 0.0, 4588.0966796875
0:01:20.870910, 0.0, 0.0, 90.0, 0.0, 4588.8125
0:01:20.957212, 0.0, 0.0, 90.0, 0.0, 4589.35302734375
0:01:21.082765, 0.0, 0.0, 90.0, 0.0, 4590.14453125
0:01:21.168985, 0.0, 0.0, 90.0, 0.0, 4590.6845703125
0:01:21.264547, 0.0, 0.0, 90.0, 0.0, 4591.28759765625
0:01:21.364848, 0.0, 0.0, 90.0, 0.0, 4591.91552734375
0:01:21.462933, 0.0, 0.0, 90.0, 0.0, 4592.53076171875
0:01:21.568269, 0.0, 0.0, 90.0, 0.0, 4593.19677734375
0:01:21.677495, 0.0, 0.0, 90.0, 0.0, 4593.88134765625
0:01:21.776027, 0.0, 0.0, 90.0, 0.0, 4594.50341796875
0:01:21.876261, 0.0, 0.0, 90.0, 0.0, 4595.13134765625
0:01:21.972252, 0.0, 0.0, 90.0, 0.0, 4595.734375
0:01:22.086933, 0.0, 0.0, 90.0, 0.0, 4596.45654296875
0:01:22.172660, 0.0, 0.0, 90.0, 0.0, 4596.990234375
0:01:22.285698, 0.0, 0.0, 90.0, 0.0, 4597.70654296875
0:01:22.386816, 0.0, 0.0, 90.0, 0.0, 4598.3408203125
0:01:22.475440, 0.0, 0.0, 90.0, 0.0, 4598.89990234375
0:01:22.591044, 0.0, 0.0, 90.0, 0.0, 4599.62841796875
0:01:22.680153, 0.0, 0.0, 90.0, 0.0, 4600.18115234375
0:01:22.796286, 0.0, 0.0, 90.0, 0.0, 4600.916015625
0:01:22.885576, 0.0, 0.0, 90.0, 0.0, 4601.47509765625
0:01:22.999075, 0.0, 0.0, 90.0, 0.0, 4602.19091796875
0:01:23.101754, 0.0, 0.0, 90.0, 0.0, 4602.837890625
0:01:23.186896, 0.0, 0.0, 90.0, 0.0, 4603.3720703125
0:01:23.285958, 0.0, 0.0, 90.0, 0.0, 4603.994140625
0:01:23.405398, 0.0, 0.0, 90.0, 0.0, 4604.748046875
0:01:23.501271, 0.0, 0.0, 90.0, 0.0, 4605.3447265625
0:01:23.593587, 0.0, 0.0, 90.0, 0.0, 4605.92919921875
0:01:23.706740, 0.0, 0.0, 90.0, 0.0, 4606.63916015625
0:01:23.800731, 0.0, 0.0, 90.0, 0.0, 4607.2294921875
0:01:23.887710, 0.0, 0.0, 90.0, 0.0, 4607.7822265625
0:01:24.013942, 0.0, 0.0, 90.0, 0.0, 4608.57373046875
0:01:24.098198, 0.0, 0.0, 90.0, 0.0, 4609.1015625
0:01:24.196425, 0.0, 0.0, 90.0, 0.0, 4609.7236328125
0:01:24.299619, 0.0, 0.0, 90.0, 0.0, 4610.37060546875
0:01:24.416139, 0.0, 0.0, 90.0, 0.0, 4611.10546875
0:01:24.505411, 0.0, 0.0, 90.0, 0.0, 4611.66455078125
0:01:24.605954, 0.0, 0.0, 90.0, 0.0, 4612.298828125
0:01:24.709293, 0.0, 0.0, 90.0, 0.0, 4612.94580078125
0:01:24.817485, 0.0, 0.0, 90.0, 0.0, 4613.62451171875
0:01:24.924622, 0.0, 0.0, 90.0, 0.0, 4614.296875
0:01:25.008724, 0.0, 0.0, 90.0, 0.0, 4614.83056640625
0:01:25.131216, 0.0, 0.0, 90.0, 0.0, 4615.59716796875
0:01:25.226062, 0.0, 0.0, 90.0, 0.0, 4616.19384765625
0:01:25.314371, 0.0, 0.0, 90.0, 0.0, 4616.7529296875
0:01:25.421439, 0.0, 0.0, 90.0, 0.0, 4617.42529296875
0:01:25.515770, 0.0, 0.0, 90.0, 0.0, 4618.015625
0:01:25.640711, 0.0, 0.0, 90.0, 0.0, 4618.80078125
0:01:25.735853, 0.0, 0.0, 90.0, 0.0, 4619.3974609375
0:01:25.822215, 0.0, 0.0, 90.0, 0.0, 4619.94384765625
0:01:25.937763, 0.0, 0.0, 90.0, 0.0, 4620.67236328125
0:01:26.026217, 0.0, 0.0, 90.0, 0.0, 4621.22509765625
0:01:26.123595, 0.0, 0.0, 90.0, 0.0, 4621.83447265625
0:01:26.241902, 0.0, 0.0, 90.0, 0.0, 4622.57568359375
0:01:26.338389, 0.0, 0.0, 90.0, 0.0, 4623.18505859375
0:01:26.436729, 0.0, 0.0, 90.0, 0.0, 4623.806640625
0:01:26.520389, 0.0, 0.0, 90.0, 0.0, 4624.33447265625
0:01:26.647403, 0.0, 0.0, 90.0, 0.0, 4625.1259765625
0:01:26.746836, 0.0, 0.0, 90.0, 0.0, 4625.75439453125
0:01:26.845614, 0.0, 0.0, 90.0, 0.0, 4626.36962890625
0:01:26.932282, 0.0, 0.0, 90.0, 0.0, 4626.92236328125
0:01:27.047698, 0.0, 0.0, 90.0, 0.0, 4627.6513671875
0:01:27.145160, 0.0, 0.0, 90.0, 0.0, 4628.2607421875
0:01:27.258887, 0.0, 0.0, 90.0, 0.0, 4628.9765625
0:01:27.347385, 0.0, 0.0, 90.0, 0.0, 4629.529296875
0:01:27.442253, 0.0, 0.0, 90.0, 0.0, 4630.1259765625
0:01:27.557806, 0.0, 0.0, 90.0, 0.0, 4630.8544921875
0:01:27.649117, 0.0, 0.0, 90.0, 0.0, 4631.4326171875
0:01:27.764835, 0.0, 0.0, 90.0, 0.0, 4632.15478515625
0:01:27.849079, 0.0, 0.0, 90.0, 0.0, 4632.6884765625
0:01:27.948909, 0.0, 0.0, 90.0, 0.0, 4633.310546875
0:01:28.038350, 0.0, 0.0, 90.0, 0.0, 4633.8759765625
0:01:28.158132, 0.0, 0.0, 90.0, 0.0, 4634.6298828125
0:01:28.257487, 0.0, 0.0, 90.0, 0.0, 4635.251953125
0:01:28.371455, 0.0, 0.0, 90.0, 0.0, 4635.9677734375
0:01:28.454835, 0.0, 0.0, 90.0, 0.0, 4636.4951171875
0:01:28.569021, 0.0, 0.0, 90.0, 0.0, 4637.21142578125
0:01:28.668452, 0.0, 0.0, 90.0, 0.0, 4637.83349609375
0:01:28.754145, 0.0, 0.0, 90.0, 0.0, 4638.3798828125
0:01:28.866013, 0.0, 0.0, 90.0, 0.0, 4639.07666015625
0:01:28.979460, 0.0, 0.0, 90.0, 0.0, 4639.79248046875
0:01:29.061502, 0.0, 0.0, 90.0, 0.0, 4640.3076171875
0:01:29.170003, 0.0, 0.0, 90.0, 0.0, 4640.9921875
0:01:29.258311, 0.0, 0.0, 90.0, 0.0, 4641.544921875
0:01:29.372056, 0.0, 0.0, 90.0, 0.0, 4642.2607421875
0:01:29.479794, 0.0, 0.0, 90.0, 0.0, 4642.93896484375
0:01:29.577310, 0.0, 0.0, 90.0, 0.0, 4643.54833984375
0:01:29.663526, 0.0, 0.0, 90.0, 0.0, 4644.0947265625
0:01:29.781140, 0.0, 0.0, 90.0, 0.0, 4644.82958984375
0:01:29.891681, 0.0, 0.0, 90.0, 0.0, 4645.5263671875
0:01:29.974796, 0.0, 0.0, 90.0, 0.0, 4646.0478515625
0:01:30.088688, 0.0, 0.0, 90.0, 0.0, 4646.763671875
0:01:30.177747, 0.0, 0.0, 90.0, 0.0, 4647.32275390625
0:01:30.278149, 0.0, 0.0, 90.0, 0.0, 4647.95703125
0:01:30.399614, 0.0, 0.0, 90.0, 0.0, 4648.7236328125
0:01:30.498042, 0.0, 0.0, 90.0, 0.0, 4649.33935546875
0:01:30.578561, 0.0, 0.0, 90.0, 0.0, 4649.84814453125
0:01:30.699307, 0.0, 0.0, 90.0, 0.0, 4650.6083984375
0:01:30.791923, 0.0, 0.0, 90.0, 0.0, 4651.1865234375
0:01:30.900909, 0.0, 0.0, 90.0, 0.0, 4651.87109375
0:01:30.987952, 0.0, 0.0, 90.0, 0.0, 4652.423828125
0:01:31.110278, 0.0, 0.0, 90.0, 0.0, 4653.18994140625
0:01:31.194312, 0.0, 0.0, 90.0, 0.0, 4653.71728515625
0:01:31.309446, 0.0, 0.0, 90.0, 0.0, 4654.43994140625
0:01:31.398982, 0.0, 0.0, 90.0, 0.0, 4655.00537109375
0:01:31.509754, 0.0, 0.0, 90.0, 0.0, 4655.70263671875
0:01:31.608859, 0.0, 0.0, 90.0, 0.0, 4656.32421875
0:01:31.696161, 0.0, 0.0, 90.0, 0.0, 4656.87060546875
0:01:31.806779, 0.0, 0.0, 90.0, 0.0, 4657.5673828125
0:01:31.894970, 0.0, 0.0, 90.0, 0.0, 4658.1201171875
0:01:32.009679, 0.0, 0.0, 90.0, 0.0, 4658.84228515625
0:01:32.098936, 0.0, 0.0, 90.0, 0.0, 4659.40771484375
0:01:32.212425, 0.0, 0.0, 90.0, 0.0, 4660.1171875
0:01:32.315857, 0.0, 0.0, 90.0, 0.0, 4660.7705078125
0:01:32.431589, 0.0, 0.0, 90.0, 0.0, 4661.4931640625
0:01:32.526473, 0.0, 0.0, 90.0, 0.0, 4662.09619140625
0:01:32.615789, 0.0, 0.0, 90.0, 0.0, 4662.6552734375
0:01:32.702084, 0.0, 0.0, 90.0, 0.0, 4663.19580078125
0:01:32.798470, 0.0, 0.0, 90.0, 0.0, 4663.80517578125
0:01:32.918388, 0.0, 0.0, 90.0, 0.0, 4664.55908203125
0:01:33.032962, 0.0, 0.0, 90.0, 0.0, 4665.28125
0:01:33.130445, 0.0, 0.0, 90.0, 0.0, 4665.890625
0:01:33.216797, 0.0, 0.0, 90.0, 0.0, 4666.43115234375
0:01:33.329238, 0.0, 0.0, 90.0, 0.0, 4667.140625
0:01:33.419692, 0.0, 0.0, 90.0, 0.0, 4667.7060546875
0:01:33.532967, 0.0, 0.0, 90.0, 0.0, 4668.42236328125
0:01:33.618457, 0.0, 0.0, 90.0, 0.0, 4668.9560546875
0:01:33.726369, 0.0, 0.0, 90.0, 0.0, 4669.63427734375
0:01:33.836890, 0.0, 0.0, 90.0, 0.0, 4670.33154296875
0:01:33.921145, 0.0, 0.0, 90.0, 0.0, 4670.86572265625
0:01:34.037722, 0.0, 0.0, 90.0, 0.0, 4671.59423828125
0:01:34.126106, 0.0, 0.0, 90.0, 0.0, 4672.1533203125
0:01:34.240386, 0.0, 0.0, 90.0, 0.0, 4672.869140625
0:01:34.339470, 0.0, 0.0, 90.0, 0.0, 4673.4912109375
0:01:34.423786, 0.0, 0.0, 90.0, 0.0, 4674.02490234375
0:01:34.536332, 0.0, 0.0, 90.0, 0.0, 4674.72802734375
0:01:34.623616, 0.0, 0.0, 90.0, 0.0, 4675.28125
0:01:34.720923, 0.0, 0.0, 90.0, 0.0, 4675.890625
0:01:34.826788, 0.0, 0.0, 90.0, 0.0, 4676.556640625
0:01:34.940345, 0.0, 0.0, 90.0, 0.0, 4677.27294921875
0:01:35.039649, 0.0, 0.0, 90.0, 0.0, 4677.89501953125
0:01:35.127885, 0.0, 0.0, 90.0, 0.0, 4678.44775390625
0:01:35.241540, 0.0, 0.0, 90.0, 0.0, 4679.16357421875
0:01:35.349139, 0.0, 0.0, 90.0, 0.0, 4679.841796875
0:01:35.437412, 0.0, 0.0, 90.0, 0.0, 4680.39453125
0:01:35.549995, 0.0, 0.0, 90.0, 0.0, 4681.10400390625
0:01:35.637249, 0.0, 0.0, 90.0, 0.0, 4681.650390625
0:01:35.750720, 0.0, 0.0, 90.0, 0.0, 4682.3662109375
0:01:35.846083, 0.0, 0.0, 90.0, 0.0, 4682.96337890625
0:01:35.961456, 0.0, 0.0, 90.0, 0.0, 4683.69189453125
