Time, Frequency, Amplitude, Offset, PhaseShift, Phase
0:00:00.041495, 0.0, 0.0, 90.0, 0.0, 4080.642822265625
0:00:00.139040, 0.0, 0.0, 90.0, 0.0, 4081.258544921875
0:00:00.241268, 0.0, 0.0, 90.0, 0.0, 4081.8994140625
0:00:00.338670, 0.0, 0.0, 90.0, 0.0, 4082.5087890625
0:00:00.421412, 0.0, 0.0, 90.0, 0.0, 4083.0302734375
0:00:00.532887, 0.0, 0.0, 90.0, 0.0, 4083.734130859375
0:00:00.642178, 0.0, 0.0, 90.0, 0.0, 4084.419189453125
0:00:00.739148, 0.0, 0.0, 90.0, 0.0, 4085.028564453125
0:00:00.823511, 0.0, 0.0, 90.0, 0.0, 4085.562744140625
0:00:00.935028, 0.0, 0.0, 90.0, 0.0, 4086.26025390625
0:00:01.049657, 0.0, 0.0, 90.0, 0.0, 4086.98291015625
0:00:01.131266, 0.0, 0.0, 90.0, 0.0, 4087.498291015625
0:00:01.243711, 0.0, 0.0, 90.0, 0.0, 4088.201904296875
0:00:01.330113, 0.0, 0.0, 90.0, 0.0, 4088.74853515625
0:00:01.438865, 0.0, 0.0, 90.0, 0.0, 4089.433349609375
0:00:01.535693, 0.0, 0.0, 90.0, 0.0, 4090.03662109375
0:00:01.650328, 0.0, 0.0, 90.0, 0.0, 4090.759033203125
0:00:01.748359, 0.0, 0.0, 90.0, 0.0, 4091.374755859375
0:00:01.847840, 0.0, 0.0, 90.0, 0.0, 4092.003173828125
0:00:01.960362, 0.0, 0.0, 90.0, 0.0, 4092.706787109375
0:00:02.042904, 0.0, 0.0, 90.0, 0.0, 4093.228271484375
0:00:02.138388, 0.0, 0.0, 90.0, 0.0, 4093.831298828125
0:00:02.249222, 0.0, 0.0, 90.0, 0.0, 4094.52880859375
0:00:02.360740, 0.0, 0.0, 90.0, 0.0, 4095.22607421875
0:00:02.446973, 0.0, 0.0, 90.0, 0.0, 4095.766357421875
0:00:02.564506, 0.0, 0.0, 90.0, 0.0, 4096.5078125
0:00:02.646780, 0.0, 0.0, 90.0, 0.0, 4097.02294921875
0:00:02.754675, 0.0, 0.0, 90.0, 0.0, 4097.70166015625
0:00:02.866160, 0.0, 0.0, 90.0, 0.0, 4098.4052734375
0:00:02.951486, 0.0, 0.0, 90.0, 0.0, 4098.93896484375
0:00:03.069100, 0.0, 0.0, 90.0, 0.0, 4099.68017578125
0:00:03.156369, 0.0, 0.0, 90.0, 0.0, 4100.2265625
0:00:03.269890, 0.0, 0.0, 90.0, 0.0, 4100.9423828125
0:00:03.355118, 0.0, 0.0, 90.0, 0.0, 4101.47607421875
0:00:03.451293, 0.0, 0.0, 90.0, 0.0, 4102.07958984375
0:00:03.576949, 0.0, 0.0, 90.0, 0.0, 4102.87109375
0:00:03.663179, 0.0, 0.0, 90.0, 0.0, 4103.4111328125
0:00:03.757669, 0.0, 0.0, 90.0, 0.0, 4104.0078125
0:00:03.871378, 0.0, 0.0, 90.0, 0.0, 4104.7236328125
0:00:03.956558, 0.0, 0.0, 90.0, 0.0, 4105.25732421875
0:00:04.071187, 0.0, 0.0, 90.0, 0.0, 4105.9794921875
0:00:04.182126, 0.0, 0.0, 90.0, 0.0, 4106.6767578125
0:00:04.280445, 0.0, 0.0, 90.0, 0.0, 4107.29248046875
0:00:04.380741, 0.0, 0.0, 90.0, 0.0, 4107.92724609375
0:00:04.461404, 0.0, 0.0, 90.0, 0.0, 4108.4296875
0:00:04.579926, 0.0, 0.0, 90.0, 0.0, 4109.17724609375
0:00:04.661560, 0.0, 0.0, 90.0, 0.0, 4109.6923828125
0:00:04.788361, 0.0, 0.0, 90.0, 0.0, 4110.4833984375
0:00:04.873719, 0.0, 0.0, 90.0, 0.0, 4111.0234375
0:00:04.966711, 0.0, 0.0, 90.0, 0.0, 4111.607421875
0:00:05.081236, 0.0, 0.0, 90.0, 0.0, 4112.32958984375
0:00:05.178036, 0.0, 0.0, 90.0, 0.0, 4112.93310546875
0:00:05.283924, 0.0, 0.0, 90.0, 0.0, 4113.59912109375
0:00:05.380327, 0.0, 0.0, 90.0, 0.0, 4114.20849609375
0:00:05.492804, 0.0, 0.0, 90.0, 0.0, 4114.912109375
0:00:05.580068, 0.0, 0.0, 90.0, 0.0, 4115.46484375
0:00:05.681973, 0.0, 0.0, 90.0, 0.0, 4116.10546875
0:00:05.796539, 0.0, 0.0, 90.0, 0.0, 4116.8212890625
0:00:05.883864, 0.0, 0.0, 90.0, 0.0, 4117.3740234375
0:00:05.993972, 0.0, 0.0, 90.0, 0.0, 4118.06494140625
0:00:06.089821, 0.0, 0.0, 90.0, 0.0, 4118.66796875
0:00:06.176081, 0.0, 0.0, 90.0, 0.0, 4119.20849609375
0:00:06.284082, 0.0, 0.0, 90.0, 0.0, 4119.88671875
0:00:06.395559, 0.0, 0.0, 90.0, 0.0, 4120.59033203125
0:00:06.477745, 0.0, 0.0, 90.0, 0.0, 4121.10546875
0:00:06.592419, 0.0, 0.0, 90.0, 0.0, 4121.82763671875
0:00:06.701848, 0.0, 0.0, 90.0, 0.0, 4122.51318359375
0:00:06.790152, 0.0, 0.0, 90.0, 0.0, 4123.072265625
0:00:06.907853, 0.0, 0.0, 90.0, 0.0, 4123.8134765625
0:00:06.988445, 0.0, 0.0, 90.0, 0.0, 4124.31591796875
0:00:07.095533, 0.0, 0.0, 90.0, 0.0, 4124.98779296875
0:00:07.191359, 0.0, 0.0, 90.0, 0.0, 4125.5908203125
0:00:07.305796, 0.0, 0.0, 90.0, 0.0, 4126.3134765625
0:00:07.393106, 0.0, 0.0, 90.0, 0.0, 4126.85986328125
0:00:07.503725, 0.0, 0.0, 90.0, 0.0, 4127.55712890625
0:00:07.615166, 0.0, 0.0, 90.0, 0.0, 4128.2607421875
0:00:07.700531, 0.0, 0.0, 90.0, 0.0, 4128.794921875
0:00:07.812022, 0.0, 0.0, 90.0, 0.0, 4129.49853515625
0:00:07.897385, 0.0, 0.0, 90.0, 0.0, 4130.0322265625
0:00:08.011870, 0.0, 0.0, 90.0, 0.0, 4130.75439453125
0:00:08.096165, 0.0, 0.0, 90.0, 0.0, 4131.28173828125
0:00:08.212818, 0.0, 0.0, 90.0, 0.0, 4132.01708984375
0:00:08.315716, 0.0, 0.0, 90.0, 0.0, 4132.6640625
0:00:08.424706, 0.0, 0.0, 90.0, 0.0, 4133.3486328125
0:00:08.514920, 0.0, 0.0, 90.0, 0.0, 4133.9140625
0:00:08.628468, 0.0, 0.0, 90.0, 0.0, 4134.6240234375
0:00:08.714779, 0.0, 0.0, 90.0, 0.0, 4135.17041015625
0:00:08.812155, 0.0, 0.0, 90.0, 0.0, 4135.77978515625
0:00:08.922132, 0.0, 0.0, 90.0, 0.0, 4136.470703125
0:00:09.011471, 0.0, 0.0, 90.0, 0.0, 4137.0361328125
0:00:09.124117, 0.0, 0.0, 90.0, 0.0, 4137.7392578125
0:00:09.234395, 0.0, 0.0, 90.0, 0.0, 4138.43603515625
0:00:09.331716, 0.0, 0.0, 90.0, 0.0, 4139.04541015625
0:00:09.424177, 0.0, 0.0, 90.0, 0.0, 4139.62939453125
0:00:09.537919, 0.0, 0.0, 90.0, 0.0, 4140.34521484375
0:00:09.623129, 0.0, 0.0, 90.0, 0.0, 4140.87939453125
0:00:09.738794, 0.0, 0.0, 90.0, 0.0, 4141.60791015625
0:00:09.824104, 0.0, 0.0, 90.0, 0.0, 4142.14208984375
0:00:09.921564, 0.0, 0.0, 90.0, 0.0, 4142.7578125
0:00:10.025822, 0.0, 0.0, 90.0, 0.0, 4143.4111328125
0:00:10.140429, 0.0, 0.0, 90.0, 0.0, 4144.13330078125
0:00:10.226725, 0.0, 0.0, 90.0, 0.0, 4144.67333984375
0:00:10.322712, 0.0, 0.0, 90.0, 0.0, 4145.2763671875
0:00:10.441564, 0.0, 0.0, 90.0, 0.0, 4146.0234375
0:00:10.533591, 0.0, 0.0, 90.0, 0.0, 4146.60107421875
0:00:10.645150, 0.0, 0.0, 90.0, 0.0, 4147.3046875
0:00:10.732457, 0.0, 0.0, 90.0, 0.0, 4147.85107421875
0:00:10.852232, 0.0, 0.0, 90.0, 0.0, 4148.6044921875
0:00:10.946132, 0.0, 0.0, 90.0, 0.0, 4149.19482421875
0:00:11.032371, 0.0, 0.0, 90.0, 0.0, 4149.73486328125
0:00:11.131471, 0.0, 0.0, 90.0, 0.0, 4150.3564453125
0:00:11.244068, 0.0, 0.0, 90.0, 0.0, 4151.06591796875
0:00:11.330227, 0.0, 0.0, 90.0, 0.0, 4151.60595703125
0:00:11.439148, 0.0, 0.0, 90.0, 0.0, 4152.29052734375
0:00:11.544070, 0.0, 0.0, 90.0, 0.0, 4152.9501953125
0:00:11.642222, 0.0, 0.0, 90.0, 0.0, 4153.5654296875
0:00:11.755875, 0.0, 0.0, 90.0, 0.0, 4154.28125
0:00:11.845762, 0.0, 0.0, 90.0, 0.0, 4154.8466796875
0:00:11.958283, 0.0, 0.0, 90.0, 0.0, 4155.55615234375
0:00:12.042460, 0.0, 0.0, 90.0, 0.0, 4156.08349609375
0:00:12.142063, 0.0, 0.0, 90.0, 0.0, 4156.7119140625
0:00:12.242406, 0.0, 0.0, 90.0, 0.0, 4157.33984375
0:00:12.353308, 0.0, 0.0, 90.0, 0.0, 4158.037109375
0:00:12.444745, 0.0, 0.0, 90.0, 0.0, 4158.61474609375
0:00:12.553693, 0.0, 0.0, 90.0, 0.0, 4159.29931640625
0:00:12.651872, 0.0, 0.0, 90.0, 0.0, 4159.9150390625
0:00:12.751258, 0.0, 0.0, 90.0, 0.0, 4160.53662109375
0:00:12.862889, 0.0, 0.0, 90.0, 0.0, 4161.23974609375
0:00:12.949143, 0.0, 0.0, 90.0, 0.0, 4161.77978515625
0:00:13.057076, 0.0, 0.0, 90.0, 0.0, 4162.4580078125
0:00:13.170566, 0.0, 0.0, 90.0, 0.0, 4163.17431640625
0:00:13.275450, 0.0, 0.0, 90.0, 0.0, 4163.83447265625
0:00:13.372894, 0.0, 0.0, 90.0, 0.0, 4164.44384765625
0:00:13.455151, 0.0, 0.0, 90.0, 0.0, 4164.96484375
0:00:13.578532, 0.0, 0.0, 90.0, 0.0, 4165.7373046875
0:00:13.665796, 0.0, 0.0, 90.0, 0.0, 4166.2900390625
0:00:13.774873, 0.0, 0.0, 90.0, 0.0, 4166.974609375
0:00:13.858119, 0.0, 0.0, 90.0, 0.0, 4167.49560546875
0:00:13.982756, 0.0, 0.0, 90.0, 0.0, 4168.28076171875
0:00:14.063429, 0.0, 0.0, 90.0, 0.0, 4168.78955078125
0:00:14.177009, 0.0, 0.0, 90.0, 0.0, 4169.4990234375
0:00:14.257607, 0.0, 0.0, 90.0, 0.0, 4170.0078125
0:00:14.375636, 0.0, 0.0, 90.0, 0.0, 4170.7490234375
0:00:14.463913, 0.0, 0.0, 90.0, 0.0, 4171.3017578125
0:00:14.576462, 0.0, 0.0, 90.0, 0.0, 4172.01171875
0:00:14.684399, 0.0, 0.0, 90.0, 0.0, 4172.68994140625
0:00:14.777144, 0.0, 0.0, 90.0, 0.0, 4173.2744140625
0:00:14.889767, 0.0, 0.0, 90.0, 0.0, 4173.98388671875
0:00:14.974042, 0.0, 0.0, 90.0, 0.0, 4174.51123046875
0:00:15.067491, 0.0, 0.0, 90.0, 0.0, 4175.09521484375
0:00:15.183129, 0.0, 0.0, 90.0, 0.0, 4175.82373046875
0:00:15.267502, 0.0, 0.0, 90.0, 0.0, 4176.357421875
0:00:15.395859, 0.0, 0.0, 90.0, 0.0, 4177.16162109375
0:00:15.481065, 0.0, 0.0, 90.0, 0.0, 4177.6953125
0:00:15.594652, 0.0, 0.0, 90.0, 0.0, 4178.41162109375
0:00:15.685165, 0.0, 0.0, 90.0, 0.0, 4178.9833984375
0:00:15.794154, 0.0, 0.0, 90.0, 0.0, 4179.66796875
0:00:15.893644, 0.0, 0.0, 90.0, 0.0, 4180.2900390625
0:00:15.994024, 0.0, 0.0, 90.0, 0.0, 4180.92431640625
0:00:16.083306, 0.0, 0.0, 90.0, 0.0, 4181.4833984375
0:00:16.197002, 0.0, 0.0, 90.0, 0.0, 4182.19921875
0:00:16.281052, 0.0, 0.0, 90.0, 0.0, 4182.7265625
0:00:16.395621, 0.0, 0.0, 90.0, 0.0, 4183.4423828125
0:00:16.483921, 0.0, 0.0, 90.0, 0.0, 4184.00146484375
0:00:16.597502, 0.0, 0.0, 90.0, 0.0, 4184.7119140625
0:00:16.684780, 0.0, 0.0, 90.0, 0.0, 4185.2646484375
0:00:16.796354, 0.0, 0.0, 90.0, 0.0, 4185.96142578125
0:00:16.883626, 0.0, 0.0, 90.0, 0.0, 4186.51416015625
0:00:17.003340, 0.0, 0.0, 90.0, 0.0, 4187.26806640625
0:00:17.103683, 0.0, 0.0, 90.0, 0.0, 4187.89599609375
0:00:17.208554, 0.0, 0.0, 90.0, 0.0, 4188.5556640625
0:00:17.305634, 0.0, 0.0, 90.0, 0.0, 4189.16552734375
0:00:17.394997, 0.0, 0.0, 90.0, 0.0, 4189.73095703125
0:00:17.510518, 0.0, 0.0, 90.0, 0.0, 4190.45361328125
0:00:17.596825, 0.0, 0.0, 90.0, 0.0, 4191.0
0:00:17.702753, 0.0, 0.0, 90.0, 0.0, 4191.666015625
0:00:17.816457, 0.0, 0.0, 90.0, 0.0, 4192.3759765625
0:00:17.914876, 0.0, 0.0, 90.0, 0.0, 4192.998046875
0:00:18.006333, 0.0, 0.0, 90.0, 0.0, 4193.56982421875
0:00:18.117856, 0.0, 0.0, 90.0, 0.0, 4194.27392578125
0:00:18.205214, 0.0, 0.0, 90.0, 0.0, 4194.8203125
0:00:18.315076, 0.0, 0.0, 90.0, 0.0, 4195.51123046875
0:00:18.404360, 0.0, 0.0, 90.0, 0.0, 4196.07666015625
0:00:18.523826, 0.0, 0.0, 90.0, 0.0, 4196.82421875
0:00:18.617178, 0.0, 0.0, 90.0, 0.0, 4197.4150390625
0:00:18.715661, 0.0, 0.0, 90.0, 0.0, 4198.03076171875
0:00:18.826127, 0.0, 0.0, 90.0, 0.0, 4198.72802734375
0:00:18.914344, 0.0, 0.0, 90.0, 0.0, 4199.28076171875
0:00:19.015642, 0.0, 0.0, 90.0, 0.0, 4199.91552734375
0:00:19.112885, 0.0, 0.0, 90.0, 0.0, 4200.53125
0:00:19.226480, 0.0, 0.0, 90.0, 0.0, 4201.24072265625
0:00:19.312812, 0.0, 0.0, 90.0, 0.0, 4201.787109375
0:00:19.425560, 0.0, 0.0, 90.0, 0.0, 4202.49658203125
0:00:19.513673, 0.0, 0.0, 90.0, 0.0, 4203.04931640625
0:00:19.628224, 0.0, 0.0, 90.0, 0.0, 4203.771484375
0:00:19.734109, 0.0, 0.0, 90.0, 0.0, 4204.4375
0:00:19.822608, 0.0, 0.0, 90.0, 0.0, 4204.990234375
0:00:19.933142, 0.0, 0.0, 90.0, 0.0, 4205.6875
0:00:20.020537, 0.0, 0.0, 90.0, 0.0, 4206.23388671875
0:00:20.132976, 0.0, 0.0, 90.0, 0.0, 4206.94384765625
0:00:20.242934, 0.0, 0.0, 90.0, 0.0, 4207.634765625
0:00:20.330223, 0.0, 0.0, 90.0, 0.0, 4208.18115234375
0:00:20.442891, 0.0, 0.0, 90.0, 0.0, 4208.890625
0:00:20.550824, 0.0, 0.0, 90.0, 0.0, 4209.5693359375
0:00:20.646922, 0.0, 0.0, 90.0, 0.0, 4210.17236328125
0:00:20.745353, 0.0, 0.0, 90.0, 0.0, 4210.79443359375
0:00:20.834681, 0.0, 0.0, 90.0, 0.0, 4211.353515625
0:00:20.935276, 0.0, 0.0, 90.0, 0.0, 4211.98779296875
0:00:21.056309, 0.0, 0.0, 90.0, 0.0, 4212.748046875
0:00:21.154818, 0.0, 0.0, 90.0, 0.0, 4213.36376953125
0:00:21.257060, 0.0, 0.0, 90.0, 0.0, 4214.0107421875
0:00:21.337673, 0.0, 0.0, 90.0, 0.0, 4214.51318359375
0:00:21.450277, 0.0, 0.0, 90.0, 0.0, 4215.22314453125
0:00:21.533448, 0.0, 0.0, 90.0, 0.0, 4215.744140625
0:00:21.640272, 0.0, 0.0, 90.0, 0.0, 4216.41650390625
0:00:21.735694, 0.0, 0.0, 90.0, 0.0, 4217.01953125
0:00:21.846266, 0.0, 0.0, 90.0, 0.0, 4217.71044921875
0:00:21.955168, 0.0, 0.0, 90.0, 0.0, 4218.39501953125
0:00:22.049993, 0.0, 0.0, 90.0, 0.0, 4218.99169921875
0:00:22.146854, 0.0, 0.0, 90.0, 0.0, 4219.60107421875
0:00:22.265833, 0.0, 0.0, 90.0, 0.0, 4220.3486328125
0:00:22.356114, 0.0, 0.0, 90.0, 0.0, 4220.92041015625
0:00:22.459959, 0.0, 0.0, 90.0, 0.0, 4221.5732421875
0:00:22.547232, 0.0, 0.0, 90.0, 0.0, 4222.11962890625
0:00:22.661833, 0.0, 0.0, 90.0, 0.0, 4222.8359375
0:00:22.749084, 0.0, 0.0, 90.0, 0.0, 4223.388671875
0:00:22.873815, 0.0, 0.0, 90.0, 0.0, 4224.173828125
0:00:22.958052, 0.0, 0.0, 90.0, 0.0, 4224.701171875
0:00:23.053131, 0.0, 0.0, 90.0, 0.0, 4225.2978515625
0:00:23.166804, 0.0, 0.0, 90.0, 0.0, 4226.013671875
0:00:23.266709, 0.0, 0.0, 90.0, 0.0, 4226.64208984375
0:00:23.358460, 0.0, 0.0, 90.0, 0.0, 4227.22021484375
0:00:23.472103, 0.0, 0.0, 90.0, 0.0, 4227.9296875
0:00:23.556332, 0.0, 0.0, 90.0, 0.0, 4228.46337890625
0:00:23.656570, 0.0, 0.0, 90.0, 0.0, 4229.09130859375
0:00:23.775276, 0.0, 0.0, 90.0, 0.0, 4229.83837890625
0:00:23.863617, 0.0, 0.0, 90.0, 0.0, 4230.3916015625
0:00:23.968558, 0.0, 0.0, 90.0, 0.0, 4231.05126953125
0:00:24.076592, 0.0, 0.0, 90.0, 0.0, 4231.7294921875
0:00:24.173170, 0.0, 0.0, 90.0, 0.0, 4232.3388671875
0:00:24.286794, 0.0, 0.0, 90.0, 0.0, 4233.0546875
0:00:24.365466, 0.0, 0.0, 90.0, 0.0, 4233.55126953125
0:00:24.478017, 0.0, 0.0, 90.0, 0.0, 4234.2548828125
0:00:24.586960, 0.0, 0.0, 90.0, 0.0, 4234.939453125
0:00:24.687073, 0.0, 0.0, 90.0, 0.0, 4235.5673828125
0:00:24.797091, 0.0, 0.0, 90.0, 0.0, 4236.25830078125
0:00:24.884374, 0.0, 0.0, 90.0, 0.0, 4236.81103515625
0:00:24.996985, 0.0, 0.0, 90.0, 0.0, 4237.5205078125
0:00:25.082243, 0.0, 0.0, 90.0, 0.0, 4238.05419921875
0:00:25.179342, 0.0, 0.0, 90.0, 0.0, 4238.66357421875
0:00:25.277864, 0.0, 0.0, 90.0, 0.0, 4239.28564453125
0:00:25.394598, 0.0, 0.0, 90.0, 0.0, 4240.0146484375
0:00:25.482974, 0.0, 0.0, 90.0, 0.0, 4240.57373046875
0:00:25.587893, 0.0, 0.0, 90.0, 0.0, 4241.2333984375
0:00:25.700423, 0.0, 0.0, 90.0, 0.0, 4241.93701171875
0:00:25.807299, 0.0, 0.0, 90.0, 0.0, 4242.60888671875
0:00:25.908566, 0.0, 0.0, 90.0, 0.0, 4243.24951171875
0:00:26.007738, 0.0, 0.0, 90.0, 0.0, 4243.87158203125
0:00:26.107928, 0.0, 0.0, 90.0, 0.0, 4244.5
0:00:26.197245, 0.0, 0.0, 90.0, 0.0, 4245.0654296875
0:00:26.307152, 0.0, 0.0, 90.0, 0.0, 4245.75634765625
0:00:26.389775, 0.0, 0.0, 90.0, 0.0, 4246.271484375
0:00:26.507443, 0.0, 0.0, 90.0, 0.0, 4247.0126953125
0:00:26.601172, 0.0, 0.0, 90.0, 0.0, 4247.60302734375
0:00:26.716722, 0.0, 0.0, 90.0, 0.0, 4248.3251953125
0:00:26.803982, 0.0, 0.0, 90.0, 0.0, 4248.8779296875
0:00:26.917574, 0.0, 0.0, 90.0, 0.0, 4249.58740234375
0:00:27.016588, 0.0, 0.0, 90.0, 0.0, 4250.2158203125
0:00:27.117224, 0.0, 0.0, 90.0, 0.0, 4250.84375
0:00:27.224080, 0.0, 0.0, 90.0, 0.0, 4251.51611328125
0:00:27.308347, 0.0, 0.0, 90.0, 0.0, 4252.0498046875
0:00:27.428141, 0.0, 0.0, 90.0, 0.0, 4252.79736328125
0:00:27.519802, 0.0, 0.0, 90.0, 0.0, 4253.37548828125
0:00:27.601984, 0.0, 0.0, 90.0, 0.0, 4253.89013671875
0:00:27.718597, 0.0, 0.0, 90.0, 0.0, 4254.625
0:00:27.811314, 0.0, 0.0, 90.0, 0.0, 4255.20947265625
0:00:27.921216, 0.0, 0.0, 90.0, 0.0, 4255.900390625
0:00:28.008518, 0.0, 0.0, 90.0, 0.0, 4256.44677734375
0:00:28.107640, 0.0, 0.0, 90.0, 0.0, 4257.068359375
0:00:28.224232, 0.0, 0.0, 90.0, 0.0, 4257.8037109375
0:00:28.310600, 0.0, 0.0, 90.0, 0.0, 4258.34375
0:00:28.432934, 0.0, 0.0, 90.0, 0.0, 4259.1162109375
0:00:28.530030, 0.0, 0.0, 90.0, 0.0, 4259.7255859375
0:00:28.627390, 0.0, 0.0, 90.0, 0.0, 4260.3349609375
0:00:28.735367, 0.0, 0.0, 90.0, 0.0, 4261.01416015625
0:00:28.818747, 0.0, 0.0, 90.0, 0.0, 4261.54150390625
0:00:28.917920, 0.0, 0.0, 90.0, 0.0, 4262.16357421875
0:00:29.035396, 0.0, 0.0, 90.0, 0.0, 4262.9052734375
0:00:29.121765, 0.0, 0.0, 90.0, 0.0, 4263.4453125
0:00:29.225264, 0.0, 0.0, 90.0, 0.0, 4264.09814453125
0:00:29.338080, 0.0, 0.0, 90.0, 0.0, 4264.8017578125
0:00:29.423121, 0.0, 0.0, 90.0, 0.0, 4265.341796875
0:00:29.542882, 0.0, 0.0, 90.0, 0.0, 4266.095703125
0:00:29.638196, 0.0, 0.0, 90.0, 0.0, 4266.6923828125
0:00:29.738599, 0.0, 0.0, 90.0, 0.0, 4267.3203125
0:00:29.838847, 0.0, 0.0, 90.0, 0.0, 4267.95458984375
0:00:29.932338, 0.0, 0.0, 90.0, 0.0, 4268.53857421875
0:00:30.040289, 0.0, 0.0, 90.0, 0.0, 4269.21728515625
0:00:30.133109, 0.0, 0.0, 90.0, 0.0, 4269.8017578125
0:00:30.257804, 0.0, 0.0, 90.0, 0.0, 4270.5869140625
0:00:30.343012, 0.0, 0.0, 90.0, 0.0, 4271.12060546875
0:00:30.432445, 0.0, 0.0, 90.0, 0.0, 4271.68603515625
0:00:30.550051, 0.0, 0.0, 90.0, 0.0, 4272.4208984375
0:00:30.636327, 0.0, 0.0, 90.0, 0.0, 4272.96728515625
0:00:30.742192, 0.0, 0.0, 90.0, 0.0, 4273.6328125
0:00:30.853763, 0.0, 0.0, 90.0, 0.0, 4274.330078125
0:00:30.951764, 0.0, 0.0, 90.0, 0.0, 4274.94580078125
0:00:31.050107, 0.0, 0.0, 90.0, 0.0, 4275.56787109375
0:00:31.159608, 0.0, 0.0, 90.0, 0.0, 4276.25244140625
0:00:31.247023, 0.0, 0.0, 90.0, 0.0, 4276.80517578125
0:00:31.358760, 0.0, 0.0, 90.0, 0.0, 4277.50830078125
0:00:31.465636, 0.0, 0.0, 90.0, 0.0, 4278.1806640625
0:00:31.552947, 0.0, 0.0, 90.0, 0.0, 4278.72705078125
0:00:31.670438, 0.0, 0.0, 90.0, 0.0, 4279.46826171875
0:00:31.759776, 0.0, 0.0, 90.0, 0.0, 4280.02734375
0:00:31.858906, 0.0, 0.0, 90.0, 0.0, 4280.6494140625
0:00:31.964821, 0.0, 0.0, 90.0, 0.0, 4281.3154296875
0:00:32.053086, 0.0, 0.0, 90.0, 0.0, 4281.87451171875
0:00:32.167539, 0.0, 0.0, 90.0, 0.0, 4282.59033203125
0:00:32.267084, 0.0, 0.0, 90.0, 0.0, 4283.21826171875
0:00:32.353400, 0.0, 0.0, 90.0, 0.0, 4283.75830078125
0:00:32.468988, 0.0, 0.0, 90.0, 0.0, 4284.48681640625
0:00:32.575663, 0.0, 0.0, 90.0, 0.0, 4285.1591796875
0:00:32.660921, 0.0, 0.0, 90.0, 0.0, 4285.69287109375
0:00:32.775434, 0.0, 0.0, 90.0, 0.0, 4286.4150390625
0:00:32.863766, 0.0, 0.0, 90.0, 0.0, 4286.9677734375
0:00:32.974296, 0.0, 0.0, 90.0, 0.0, 4287.6650390625
0:00:33.060433, 0.0, 0.0, 90.0, 0.0, 4288.205078125
0:00:33.187219, 0.0, 0.0, 90.0, 0.0, 4289.0029296875
0:00:33.274401, 0.0, 0.0, 90.0, 0.0, 4289.54931640625
0:00:33.367336, 0.0, 0.0, 90.0, 0.0, 4290.1337890625
0:00:33.481935, 0.0, 0.0, 90.0, 0.0, 4290.8564453125
0:00:33.576393, 0.0, 0.0, 90.0, 0.0, 4291.44677734375
0:00:33.691059, 0.0, 0.0, 90.0, 0.0, 4292.1689453125
0:00:33.784779, 0.0, 0.0, 90.0, 0.0, 4292.759765625
0:00:33.881103, 0.0, 0.0, 90.0, 0.0, 4293.36279296875
0:00:33.991035, 0.0, 0.0, 90.0, 0.0, 4294.0537109375
0:00:34.079315, 0.0, 0.0, 90.0, 0.0, 4294.61279296875
0:00:34.182658, 0.0, 0.0, 90.0, 0.0, 4295.26025390625
0:00:34.280034, 0.0, 0.0, 90.0, 0.0, 4295.8759765625
0:00:34.394573, 0.0, 0.0, 90.0, 0.0, 4296.59228515625
0:00:34.480850, 0.0, 0.0, 90.0, 0.0, 4297.138671875
0:00:34.592332, 0.0, 0.0, 90.0, 0.0, 4297.83544921875
0:00:34.676607, 0.0, 0.0, 90.0, 0.0, 4298.369140625
0:00:34.783585, 0.0, 0.0, 90.0, 0.0, 4299.04150390625
0:00:34.897089, 0.0, 0.0, 90.0, 0.0, 4299.7509765625
0:00:34.982237, 0.0, 0.0, 90.0, 0.0, 4300.28466796875
0:00:35.094801, 0.0, 0.0, 90.0, 0.0, 4300.99462890625
0:00:35.190850, 0.0, 0.0, 90.0, 0.0, 4301.59814453125
0:00:35.294324, 0.0, 0.0, 90.0, 0.0, 4302.25146484375
0:00:35.390756, 0.0, 0.0, 90.0, 0.0, 4302.8544921875
0:00:35.491093, 0.0, 0.0, 90.0, 0.0, 4303.48876953125
0:00:35.588161, 0.0, 0.0, 90.0, 0.0, 4304.09814453125
0:00:35.690349, 0.0, 0.0, 90.0, 0.0, 4304.7392578125
0:00:35.806021, 0.0, 0.0, 90.0, 0.0, 4305.46826171875
0:00:35.893297, 0.0, 0.0, 90.0, 0.0, 4306.0146484375
0:00:36.006855, 0.0, 0.0, 90.0, 0.0, 4306.73046875
0:00:36.112684, 0.0, 0.0, 90.0, 0.0, 4307.396484375
0:00:36.200995, 0.0, 0.0, 90.0, 0.0, 4307.94921875
0:00:36.315465, 0.0, 0.0, 90.0, 0.0, 4308.671875
0:00:36.412655, 0.0, 0.0, 90.0, 0.0, 4309.28125
0:00:36.504809, 0.0, 0.0, 90.0, 0.0, 4309.859375
0:00:36.600163, 0.0, 0.0, 90.0, 0.0, 4310.46240234375
0:00:36.707006, 0.0, 0.0, 90.0, 0.0, 4311.134765625
0:00:36.821665, 0.0, 0.0, 90.0, 0.0, 4311.85107421875
0:00:36.921557, 0.0, 0.0, 90.0, 0.0, 4312.4794921875
0:00:37.015237, 0.0, 0.0, 90.0, 0.0, 4313.06982421875
0:00:37.126824, 0.0, 0.0, 90.0, 0.0, 4313.7734375
0:00:37.213021, 0.0, 0.0, 90.0, 0.0, 4314.3134765625
0:00:37.310391, 0.0, 0.0, 90.0, 0.0, 4314.92919921875
0:00:37.409966, 0.0, 0.0, 90.0, 0.0, 4315.55078125
0:00:37.524449, 0.0, 0.0, 90.0, 0.0, 4316.27294921875
0:00:37.612826, 0.0, 0.0, 90.0, 0.0, 4316.82568359375
0:00:37.712113, 0.0, 0.0, 90.0, 0.0, 4317.4541015625
0:00:37.822786, 0.0, 0.0, 90.0, 0.0, 4318.14501953125
0:00:37.922022, 0.0, 0.0, 90.0, 0.0, 4318.7734375
0:00:38.021116, 0.0, 0.0, 90.0, 0.0, 4319.3955078125
0:00:38.134674, 0.0, 0.0, 90.0, 0.0, 4320.11181640625
0:00:38.221065, 0.0, 0.0, 90.0, 0.0, 4320.65185546875
0:00:38.332502, 0.0, 0.0, 90.0, 0.0, 4321.35546875
0:00:38.418846, 0.0, 0.0, 90.0, 0.0, 4321.8955078125
0:00:38.531369, 0.0, 0.0, 90.0, 0.0, 4322.60498046875
0:00:38.618809, 0.0, 0.0, 90.0, 0.0, 4323.1513671875
0:00:38.732369, 0.0, 0.0, 90.0, 0.0, 4323.8671875
0:00:38.831715, 0.0, 0.0, 90.0, 0.0, 4324.4892578125
0:00:38.920065, 0.0, 0.0, 90.0, 0.0, 4325.048828125
0:00:39.026977, 0.0, 0.0, 90.0, 0.0, 4325.71435546875
0:00:39.141538, 0.0, 0.0, 90.0, 0.0, 4326.4365234375
0:00:39.242026, 0.0, 0.0, 90.0, 0.0, 4327.07080078125
0:00:39.341043, 0.0, 0.0, 90.0, 0.0, 4327.69287109375
0:00:39.421680, 0.0, 0.0, 90.0, 0.0, 4328.20166015625
0:00:39.521817, 0.0, 0.0, 90.0, 0.0, 4328.82958984375
0:00:39.644208, 0.0, 0.0, 90.0, 0.0, 4329.595703125
0:00:39.738316, 0.0, 0.0, 90.0, 0.0, 4330.1923828125
0:00:39.825557, 0.0, 0.0, 90.0, 0.0, 4330.73876953125
0:00:39.943191, 0.0, 0.0, 90.0, 0.0, 4331.47998046875
0:00:40.026391, 0.0, 0.0, 90.0, 0.0, 4332.0009765625
0:00:40.152124, 0.0, 0.0, 90.0, 0.0, 4332.79296875
0:00:40.243469, 0.0, 0.0, 90.0, 0.0, 4333.36474609375
0:00:40.327889, 0.0, 0.0, 90.0, 0.0, 4333.89892578125
0:00:40.443371, 0.0, 0.0, 90.0, 0.0, 4334.62109375
0:00:40.542498, 0.0, 0.0, 90.0, 0.0, 4335.24267578125
0:00:40.657244, 0.0, 0.0, 90.0, 0.0, 4335.96484375
0:00:40.752643, 0.0, 0.0, 90.0, 0.0, 4336.56787109375
0:00:40.851848, 0.0, 0.0, 90.0, 0.0, 4337.18994140625
0:00:40.939117, 0.0, 0.0, 90.0, 0.0, 4337.736328125
0:00:41.051648, 0.0, 0.0, 90.0, 0.0, 4338.44580078125
0:00:41.159458, 0.0, 0.0, 90.0, 0.0, 4339.1240234375
0:00:41.245794, 0.0, 0.0, 90.0, 0.0, 4339.6640625
0:00:41.361414, 0.0, 0.0, 90.0, 0.0, 4340.392578125
0:00:41.448836, 0.0, 0.0, 90.0, 0.0, 4340.93896484375
0:00:41.562289, 0.0, 0.0, 90.0, 0.0, 4341.65478515625
0:00:41.663712, 0.0, 0.0, 90.0, 0.0, 4342.29541015625
0:00:41.762862, 0.0, 0.0, 90.0, 0.0, 4342.91748046875
0:00:41.850107, 0.0, 0.0, 90.0, 0.0, 4343.4638671875
0:00:41.957048, 0.0, 0.0, 90.0, 0.0, 4344.13623046875
0:00:42.070515, 0.0, 0.0, 90.0, 0.0, 4344.8525390625
0:00:42.149111, 0.0, 0.0, 90.0, 0.0, 4345.3427734375
0:00:42.262720, 0.0, 0.0, 90.0, 0.0, 4346.05908203125
0:00:42.362062, 0.0, 0.0, 90.0, 0.0, 4346.68701171875
0:00:42.463468, 0.0, 0.0, 90.0, 0.0, 4347.3212890625
0:00:42.553751, 0.0, 0.0, 90.0, 0.0, 4347.88671875
0:00:42.673427, 0.0, 0.0, 90.0, 0.0, 4348.640625
0:00:42.772709, 0.0, 0.0, 90.0, 0.0, 4349.26904296875
0:00:42.856988, 0.0, 0.0, 90.0, 0.0, 4349.79638671875
0:00:42.984335, 0.0, 0.0, 90.0, 0.0, 4350.59423828125
0:00:43.069637, 0.0, 0.0, 90.0, 0.0, 4351.13427734375
0:00:43.177431, 0.0, 0.0, 90.0, 0.0, 4351.8125
0:00:43.263723, 0.0, 0.0, 90.0, 0.0, 4352.35302734375
0:00:43.382512, 0.0, 0.0, 90.0, 0.0, 4353.10107421875
0:00:43.470999, 0.0, 0.0, 90.0, 0.0, 4353.65380859375
0:00:43.585641, 0.0, 0.0, 90.0, 0.0, 4354.3759765625
0:00:43.669471, 0.0, 0.0, 90.0, 0.0, 4354.9033203125
0:00:43.784037, 0.0, 0.0, 90.0, 0.0, 4355.6259765625
0:00:43.869292, 0.0, 0.0, 90.0, 0.0, 4356.16015625
0:00:43.986799, 0.0, 0.0, 90.0, 0.0, 4356.9013671875
0:00:44.082154, 0.0, 0.0, 90.0, 0.0, 4357.498046875
0:00:44.194743, 0.0, 0.0, 90.0, 0.0, 4358.20751953125
0:00:44.280953, 0.0, 0.0, 90.0, 0.0, 4358.74755859375
0:00:44.387899, 0.0, 0.0, 90.0, 0.0, 4359.419921875
0:00:44.472856, 0.0, 0.0, 90.0, 0.0, 4359.95361328125
0:00:44.574045, 0.0, 0.0, 90.0, 0.0, 4360.59423828125
0:00:44.693865, 0.0, 0.0, 90.0, 0.0, 4361.341796875
0:00:44.787730, 0.0, 0.0, 90.0, 0.0, 4361.9384765625
0:00:44.884257, 0.0, 0.0, 90.0, 0.0, 4362.54150390625
0:00:44.990027, 0.0, 0.0, 90.0, 0.0, 4363.20703125
0:00:45.103735, 0.0, 0.0, 90.0, 0.0, 4363.92333984375
0:00:45.200936, 0.0, 0.0, 90.0, 0.0, 4364.53271484375
0:00:45.280655, 0.0, 0.0, 90.0, 0.0, 4365.03515625
0:00:45.387492, 0.0, 0.0, 90.0, 0.0, 4365.70751953125
0:00:45.506140, 0.0, 0.0, 90.0, 0.0, 4366.455078125
0:00:45.589349, 0.0, 0.0, 90.0, 0.0, 4366.97607421875
0:00:45.698285, 0.0, 0.0, 90.0, 0.0, 4367.6611328125
0:00:45.810912, 0.0, 0.0, 90.0, 0.0, 4368.37109375
0:00:45.896152, 0.0, 0.0, 90.0, 0.0, 4368.90478515625
0:00:45.991192, 0.0, 0.0, 90.0, 0.0, 4369.50146484375
0:00:46.103759, 0.0, 0.0, 90.0, 0.0, 4370.2109375
0:00:46.214687, 0.0, 0.0, 90.0, 0.0, 4370.908203125
0:00:46.299911, 0.0, 0.0, 90.0, 0.0, 4371.44189453125
0:00:46.415410, 0.0, 0.0, 90.0, 0.0, 4372.17041015625
0:00:46.504800, 0.0, 0.0, 90.0, 0.0, 4372.7294921875
0:00:46.598522, 0.0, 0.0, 90.0, 0.0, 4373.31982421875
0:00:46.714067, 0.0, 0.0, 90.0, 0.0, 4374.04833984375
0:00:46.814136, 0.0, 0.0, 90.0, 0.0, 4374.67626953125
0:00:46.906622, 0.0, 0.0, 90.0, 0.0, 4375.25439453125
0:00:47.021190, 0.0, 0.0, 90.0, 0.0, 4375.9765625
0:00:47.106418, 0.0, 0.0, 90.0, 0.0, 4376.5107421875
0:00:47.223075, 0.0, 0.0, 90.0, 0.0, 4377.24560546875
0:00:47.310390, 0.0, 0.0, 90.0, 0.0, 4377.79248046875
0:00:47.425915, 0.0, 0.0, 90.0, 0.0, 4378.52099609375
0:00:47.511157, 0.0, 0.0, 90.0, 0.0, 4379.0546875
0:00:47.625777, 0.0, 0.0, 90.0, 0.0, 4379.77734375
0:00:47.723193, 0.0, 0.0, 90.0, 0.0, 4380.392578125
0:00:47.833378, 0.0, 0.0, 90.0, 0.0, 4381.0830078125
0:00:47.930103, 0.0, 0.0, 90.0, 0.0, 4381.6923828125
0:00:48.019339, 0.0, 0.0, 90.0, 0.0, 4382.25146484375
0:00:48.116426, 0.0, 0.0, 90.0, 0.0, 4382.86083984375
0:00:48.213931, 0.0, 0.0, 90.0, 0.0, 4383.4765625
0:00:48.327452, 0.0, 0.0, 90.0, 0.0, 4384.1865234375
0:00:48.424618, 0.0, 0.0, 90.0, 0.0, 4384.80224609375
0:00:48.535169, 0.0, 0.0, 90.0, 0.0, 4385.4931640625
0:00:48.620470, 0.0, 0.0, 90.0, 0.0, 4386.03369140625
0:00:48.734118, 0.0, 0.0, 90.0, 0.0, 4386.7431640625
0:00:48.820472, 0.0, 0.0, 90.0, 0.0, 4387.2900390625
0:00:48.936099, 0.0, 0.0, 90.0, 0.0, 4388.0185546875
0:00:49.034926, 0.0, 0.0, 90.0, 0.0, 4388.640625
0:00:49.135185, 0.0, 0.0, 90.0, 0.0, 4389.2685546875
0:00:49.226625, 0.0, 0.0, 90.0, 0.0, 4389.84033203125
0:00:49.335567, 0.0, 0.0, 90.0, 0.0, 4390.52490234375
0:00:49.428464, 0.0, 0.0, 90.0, 0.0, 4391.109375
0:00:49.552178, 0.0, 0.0, 90.0, 0.0, 4391.88818359375
0:00:49.641481, 0.0, 0.0, 90.0, 0.0, 4392.45361328125
0:00:49.755097, 0.0, 0.0, 90.0, 0.0, 4393.1630859375
0:00:49.844307, 0.0, 0.0, 90.0, 0.0, 4393.728515625
0:00:49.957813, 0.0, 0.0, 90.0, 0.0, 4394.43798828125
0:00:50.052938, 0.0, 0.0, 90.0, 0.0, 4395.041015625
0:00:50.138216, 0.0, 0.0, 90.0, 0.0, 4395.5751953125
0:00:50.235193, 0.0, 0.0, 90.0, 0.0, 4396.1845703125
0:00:50.348804, 0.0, 0.0, 90.0, 0.0, 4396.90087890625
0:00:50.441813, 0.0, 0.0, 90.0, 0.0, 4397.4853515625
0:00:50.556404, 0.0, 0.0, 90.0, 0.0, 4398.201171875
0:00:50.654193, 0.0, 0.0, 90.0, 0.0, 4398.81640625
0:00:50.754565, 0.0, 0.0, 90.0, 0.0, 4399.45068359375
0:00:50.854797, 0.0, 0.0, 90.0, 0.0, 4400.07958984375
0:00:50.942101, 0.0, 0.0, 90.0, 0.0, 4400.63232421875
0:00:51.054736, 0.0, 0.0, 90.0, 0.0, 4401.33544921875
0:00:51.168317, 0.0, 0.0, 90.0, 0.0, 4402.05126953125
0:00:51.265761, 0.0, 0.0, 90.0, 0.0, 4402.6669921875
0:00:51.347529, 0.0, 0.0, 90.0, 0.0, 4403.17578125
0:00:51.445506, 0.0, 0.0, 90.0, 0.0, 4403.79150390625
0:00:51.556111, 0.0, 0.0, 90.0, 0.0, 4404.4892578125
0:00:51.664952, 0.0, 0.0, 90.0, 0.0, 4405.173828125
0:00:51.759845, 0.0, 0.0, 90.0, 0.0, 4405.7705078125
0:00:51.852959, 0.0, 0.0, 90.0, 0.0, 4406.35498046875
0:00:51.968524, 0.0, 0.0, 90.0, 0.0, 4407.083984375
0:00:52.065959, 0.0, 0.0, 90.0, 0.0, 4407.69970703125
0:00:52.171839, 0.0, 0.0, 90.0, 0.0, 4408.35888671875
0:00:52.258128, 0.0, 0.0, 90.0, 0.0, 4408.9052734375
0:00:52.373754, 0.0, 0.0, 90.0, 0.0, 4409.6337890625
0:00:52.458980, 0.0, 0.0, 90.0, 0.0, 4410.16748046875
0:00:52.556322, 0.0, 0.0, 90.0, 0.0, 4410.77685546875
0:00:52.659505, 0.0, 0.0, 90.0, 0.0, 4411.43017578125
0:00:52.776087, 0.0, 0.0, 90.0, 0.0, 4412.15869140625
0:00:52.868156, 0.0, 0.0, 90.0, 0.0, 4412.74267578125
0:00:52.983796, 0.0, 0.0, 90.0, 0.0, 4413.46484375
0:00:53.069991, 0.0, 0.0, 90.0, 0.0, 4414.01123046875
0:00:53.179958, 0.0, 0.0, 90.0, 0.0, 4414.7021484375
0:00:53.265155, 0.0, 0.0, 90.0, 0.0, 4415.23583984375
0:00:53.365507, 0.0, 0.0, 90.0, 0.0, 4415.86376953125
0:00:53.482109, 0.0, 0.0, 90.0, 0.0, 4416.5986328125
0:00:53.568386, 0.0, 0.0, 90.0, 0.0, 4417.138671875
0:00:53.680832, 0.0, 0.0, 90.0, 0.0, 4417.84814453125
0:00:53.793323, 0.0, 0.0, 90.0, 0.0, 4418.55810546875
0:00:53.879506, 0.0, 0.0, 90.0, 0.0, 4419.09814453125
0:00:53.977109, 0.0, 0.0, 90.0, 0.0, 4419.70751953125
0:00:54.077317, 0.0, 0.0, 90.0, 0.0, 4420.34228515625
0:00:54.189789, 0.0, 0.0, 90.0, 0.0, 4421.0458984375
0:00:54.276109, 0.0, 0.0, 90.0, 0.0, 4421.59228515625
0:00:54.389723, 0.0, 0.0, 90.0, 0.0, 4422.30224609375
0:00:54.486005, 0.0, 0.0, 90.0, 0.0, 4422.91162109375
0:00:54.590403, 0.0, 0.0, 90.0, 0.0, 4423.56494140625
0:00:54.687832, 0.0, 0.0, 90.0, 0.0, 4424.1806640625
0:00:54.788585, 0.0, 0.0, 90.0, 0.0, 4424.81494140625
0:00:54.904100, 0.0, 0.0, 90.0, 0.0, 4425.537109375
0:00:54.981776, 0.0, 0.0, 90.0, 0.0, 4426.02734375
0:00:55.104307, 0.0, 0.0, 90.0, 0.0, 4426.80029296875
0:00:55.183962, 0.0, 0.0, 90.0, 0.0, 4427.29638671875
0:00:55.293838, 0.0, 0.0, 90.0, 0.0, 4427.98779296875
0:00:55.408414, 0.0, 0.0, 90.0, 0.0, 4428.71044921875
0:00:55.501185, 0.0, 0.0, 90.0, 0.0, 4429.294921875
0:00:55.597703, 0.0, 0.0, 90.0, 0.0, 4429.89794921875
0:00:55.684840, 0.0, 0.0, 90.0, 0.0, 4430.45068359375
0:00:55.809435, 0.0, 0.0, 90.0, 0.0, 4431.2353515625
0:00:55.894584, 0.0, 0.0, 90.0, 0.0, 4431.76904296875
0:00:56.008169, 0.0, 0.0, 90.0, 0.0, 4432.478515625
0:00:56.094444, 0.0, 0.0, 90.0, 0.0, 4433.02490234375
0:00:56.206024, 0.0, 0.0, 90.0, 0.0, 4433.728515625
0:00:56.306429, 0.0, 0.0, 90.0, 0.0, 4434.35693359375
0:00:56.391679, 0.0, 0.0, 90.0, 0.0, 4434.890625
0:00:56.499800, 0.0, 0.0, 90.0, 0.0, 4435.5751953125
0:00:56.620327, 0.0, 0.0, 90.0, 0.0, 4436.3291015625
0:00:56.704472, 0.0, 0.0, 90.0, 0.0, 4436.86279296875
0:00:56.811399, 0.0, 0.0, 90.0, 0.0, 4437.52880859375
0:00:56.898603, 0.0, 0.0, 90.0, 0.0, 4438.08203125
0:00:57.007437, 0.0, 0.0, 90.0, 0.0, 4438.7666015625
0:00:57.123158, 0.0, 0.0, 90.0, 0.0, 4439.48876953125
0:00:57.207364, 0.0, 0.0, 90.0, 0.0, 4440.0224609375
0:00:57.309183, 0.0, 0.0, 90.0, 0.0, 4440.6630859375
0:00:57.426680, 0.0, 0.0, 90.0, 0.0, 4441.39794921875
0:00:57.511984, 0.0, 0.0, 90.0, 0.0, 4441.93798828125
0:00:57.628550, 0.0, 0.0, 90.0, 0.0, 4442.66650390625
0:00:57.712852, 0.0, 0.0, 90.0, 0.0, 4443.20068359375
0:00:57.825416, 0.0, 0.0, 90.0, 0.0, 4443.904296875
0:00:57.910612, 0.0, 0.0, 90.0, 0.0, 4444.44482421875
0:00:58.027259, 0.0, 0.0, 90.0, 0.0, 4445.1796875
0:00:58.124687, 0.0, 0.0, 90.0, 0.0, 4445.7890625
0:00:58.213017, 0.0, 0.0, 90.0, 0.0, 4446.341796875
0:00:58.338611, 0.0, 0.0, 90.0, 0.0, 4447.13330078125
0:00:58.431269, 0.0, 0.0, 90.0, 0.0, 4447.71728515625
0:00:58.518548, 0.0, 0.0, 90.0, 0.0, 4448.26416015625
0:00:58.633169, 0.0, 0.0, 90.0, 0.0, 4448.986328125
0:00:58.728448, 0.0, 0.0, 90.0, 0.0, 4449.58984375
0:00:58.827923, 0.0, 0.0, 90.0, 0.0, 4450.2119140625
0:00:58.941452, 0.0, 0.0, 90.0, 0.0, 4450.927734375
0:00:59.025278, 0.0, 0.0, 90.0, 0.0, 4451.455078125
0:00:59.138861, 0.0, 0.0, 90.0, 0.0, 4452.16455078125
0:00:59.220394, 0.0, 0.0, 90.0, 0.0, 4452.6796875
0:00:59.338999, 0.0, 0.0, 90.0, 0.0, 4453.42724609375
0:00:59.430815, 0.0, 0.0, 90.0, 0.0, 4453.9990234375
0:00:59.538592, 0.0, 0.0, 90.0, 0.0, 4454.67724609375
0:00:59.638036, 0.0, 0.0, 90.0, 0.0, 4455.3056640625
0:00:59.723209, 0.0, 0.0, 90.0, 0.0, 4455.83935546875
0:00:59.847593, 0.0, 0.0, 90.0, 0.0, 4456.625
0:00:59.925171, 0.0, 0.0, 90.0, 0.0, 4457.109375
0:01:00.042729, 0.0, 0.0, 90.0, 0.0, 4457.8505859375
0:01:00.135394, 0.0, 0.0, 90.0, 0.0, 4458.43505859375
0:01:00.251030, 0.0, 0.0, 90.0, 0.0, 4459.16357421875
0:01:00.336179, 0.0, 0.0, 90.0, 0.0, 4459.697265625
0:01:00.442026, 0.0, 0.0, 90.0, 0.0, 4460.36328125
0:01:00.539373, 0.0, 0.0, 90.0, 0.0, 4460.97265625
0:01:00.655929, 0.0, 0.0, 90.0, 0.0, 4461.70751953125
0:01:00.743210, 0.0, 0.0, 90.0, 0.0, 4462.25390625
0:01:00.838144, 0.0, 0.0, 90.0, 0.0, 4462.8505859375
0:01:00.954714, 0.0, 0.0, 90.0, 0.0, 4463.58544921875
0:01:01.041024, 0.0, 0.0, 90.0, 0.0, 4464.12548828125
0:01:01.151022, 0.0, 0.0, 90.0, 0.0, 4464.81640625
0:01:01.265516, 0.0, 0.0, 90.0, 0.0, 4465.53857421875
0:01:01.348855, 0.0, 0.0, 90.0, 0.0, 4466.06591796875
0:01:01.442039, 0.0, 0.0, 90.0, 0.0, 4466.64990234375
0:01:01.551564, 0.0, 0.0, 90.0, 0.0, 4467.33447265625
0:01:01.666015, 0.0, 0.0, 90.0, 0.0, 4468.056640625
0:01:01.750246, 0.0, 0.0, 90.0, 0.0, 4468.583984375
0:01:01.864800, 0.0, 0.0, 90.0, 0.0, 4469.30615234375
0:01:01.951152, 0.0, 0.0, 90.0, 0.0, 4469.8466796875
0:01:02.049627, 0.0, 0.0, 90.0, 0.0, 4470.46875
0:01:02.163199, 0.0, 0.0, 90.0, 0.0, 4471.1845703125
0:01:02.261726, 0.0, 0.0, 90.0, 0.0, 4471.80029296875
0:01:02.371250, 0.0, 0.0, 90.0, 0.0, 4472.4912109375
0:01:02.467038, 0.0, 0.0, 90.0, 0.0, 4473.09423828125
0:01:02.573949, 0.0, 0.0, 90.0, 0.0, 4473.7666015625
0:01:02.668360, 0.0, 0.0, 90.0, 0.0, 4474.357421875
0:01:02.767041, 0.0, 0.0, 90.0, 0.0, 4474.97900390625
0:01:02.854338, 0.0, 0.0, 90.0, 0.0, 4475.53173828125
0:01:02.980039, 0.0, 0.0, 90.0, 0.0, 4476.31689453125
0:01:03.069427, 0.0, 0.0, 90.0, 0.0, 4476.8828125
0:01:03.183011, 0.0, 0.0, 90.0, 0.0, 4477.5986328125
0:01:03.264646, 0.0, 0.0, 90.0, 0.0, 4478.107421875
0:01:03.359178, 0.0, 0.0, 90.0, 0.0, 4478.70458984375
0:01:03.482390, 0.0, 0.0, 90.0, 0.0, 4479.47705078125
0:01:03.569599, 0.0, 0.0, 90.0, 0.0, 4480.02978515625
0:01:03.690338, 0.0, 0.0, 90.0, 0.0, 4480.783203125
0:01:03.788703, 0.0, 0.0, 90.0, 0.0, 4481.4052734375
0:01:03.875050, 0.0, 0.0, 90.0, 0.0, 4481.9453125
0:01:03.991484, 0.0, 0.0, 90.0, 0.0, 4482.68017578125
0:01:04.090314, 0.0, 0.0, 90.0, 0.0, 4483.30224609375
0:01:04.181093, 0.0, 0.0, 90.0, 0.0, 4483.8740234375
0:01:04.267341, 0.0, 0.0, 90.0, 0.0, 4484.4140625
0:01:04.379910, 0.0, 0.0, 90.0, 0.0, 4485.12353515625
0:01:04.493493, 0.0, 0.0, 90.0, 0.0, 4485.83349609375
0:01:04.588908, 0.0, 0.0, 90.0, 0.0, 4486.4365234375
0:01:04.674195, 0.0, 0.0, 90.0, 0.0, 4486.97021484375
0:01:04.795990, 0.0, 0.0, 90.0, 0.0, 4487.73681640625
0:01:04.881203, 0.0, 0.0, 90.0, 0.0, 4488.27734375
0:01:04.990081, 0.0, 0.0, 90.0, 0.0, 4488.9619140625
0:01:05.087548, 0.0, 0.0, 90.0, 0.0, 4489.5712890625
0:01:05.194386, 0.0, 0.0, 90.0, 0.0, 4490.2431640625
0:01:05.280577, 0.0, 0.0, 90.0, 0.0, 4490.78369140625
0:01:05.406279, 0.0, 0.0, 90.0, 0.0, 4491.57470703125
0:01:05.493570, 0.0, 0.0, 90.0, 0.0, 4492.12744140625
0:01:05.589953, 0.0, 0.0, 90.0, 0.0, 4492.73046875
0:01:05.695964, 0.0, 0.0, 90.0, 0.0, 4493.396484375
0:01:05.804922, 0.0, 0.0, 90.0, 0.0, 4494.08154296875
0:01:05.892189, 0.0, 0.0, 90.0, 0.0, 4494.63427734375
0:01:05.990321, 0.0, 0.0, 90.0, 0.0, 4495.25
0:01:06.100937, 0.0, 0.0, 90.0, 0.0, 4495.947265625
0:01:06.210846, 0.0, 0.0, 90.0, 0.0, 4496.63818359375
0:01:06.293377, 0.0, 0.0, 90.0, 0.0, 4497.1533203125
0:01:06.406951, 0.0, 0.0, 90.0, 0.0, 4497.86962890625
0:01:06.519453, 0.0, 0.0, 90.0, 0.0, 4498.5791015625
0:01:06.606728, 0.0, 0.0, 90.0, 0.0, 4499.12548828125
0:01:06.719409, 0.0, 0.0, 90.0, 0.0, 4499.8349609375
0:01:06.812915, 0.0, 0.0, 90.0, 0.0, 4500.41943359375
0:01:06.911340, 0.0, 0.0, 90.0, 0.0, 4501.04150390625
0:01:06.999603, 0.0, 0.0, 90.0, 0.0, 4501.59423828125
0:01:07.100074, 0.0, 0.0, 90.0, 0.0, 4502.228515625
0:01:07.213673, 0.0, 0.0, 90.0, 0.0, 4502.93798828125
0:01:07.326272, 0.0, 0.0, 90.0, 0.0, 4503.6474609375
0:01:07.412527, 0.0, 0.0, 90.0, 0.0, 4504.1943359375
0:01:07.508662, 0.0, 0.0, 90.0, 0.0, 4504.79736328125
0:01:07.625246, 0.0, 0.0, 90.0, 0.0, 4505.52587890625
0:01:07.718362, 0.0, 0.0, 90.0, 0.0, 4506.11669921875
0:01:07.833858, 0.0, 0.0, 90.0, 0.0, 4506.83935546875
0:01:07.931371, 0.0, 0.0, 90.0, 0.0, 4507.455078125
0:01:08.015578, 0.0, 0.0, 90.0, 0.0, 4507.982421875
0:01:08.112714, 0.0, 0.0, 90.0, 0.0, 4508.591796875
0:01:08.211772, 0.0, 0.0, 90.0, 0.0, 4509.21337890625
0:01:08.331792, 0.0, 0.0, 90.0, 0.0, 4509.9736328125
0:01:08.434965, 0.0, 0.0, 90.0, 0.0, 4510.62060546875
0:01:08.530346, 0.0, 0.0, 90.0, 0.0, 4511.21728515625
0:01:08.616621, 0.0, 0.0, 90.0, 0.0, 4511.76416015625
0:01:08.732261, 0.0, 0.0, 90.0, 0.0, 4512.4931640625
0:01:08.843121, 0.0, 0.0, 90.0, 0.0, 4513.1904296875
0:01:08.941619, 0.0, 0.0, 90.0, 0.0, 4513.80615234375
0:01:09.027964, 0.0, 0.0, 90.0, 0.0, 4514.3525390625
0:01:09.135873, 0.0, 0.0, 90.0, 0.0, 4515.02490234375
0:01:09.228901, 0.0, 0.0, 90.0, 0.0, 4515.61572265625
0:01:09.344370, 0.0, 0.0, 90.0, 0.0, 4516.33837890625
0:01:09.441920, 0.0, 0.0, 90.0, 0.0, 4516.9541015625
0:01:09.541105, 0.0, 0.0, 90.0, 0.0, 4517.576171875
0:01:09.632774, 0.0, 0.0, 90.0, 0.0, 4518.15380859375
0:01:09.746475, 0.0, 0.0, 90.0, 0.0, 4518.86962890625
0:01:09.841739, 0.0, 0.0, 90.0, 0.0, 4519.466796875
0:01:09.935731, 0.0, 0.0, 90.0, 0.0, 4520.0576171875
0:01:10.049257, 0.0, 0.0, 90.0, 0.0, 4520.7734375
0:01:10.134544, 0.0, 0.0, 90.0, 0.0, 4521.30712890625
0:01:10.245935, 0.0, 0.0, 90.0, 0.0, 4522.00390625
0:01:10.341559, 0.0, 0.0, 90.0, 0.0, 4522.60693359375
0:01:10.450505, 0.0, 0.0, 90.0, 0.0, 4523.29150390625
0:01:10.535608, 0.0, 0.0, 90.0, 0.0, 4523.83154296875
0:01:10.656002, 0.0, 0.0, 90.0, 0.0, 4524.58544921875
0:01:10.743376, 0.0, 0.0, 90.0, 0.0, 4525.13818359375
0:01:10.852890, 0.0, 0.0, 90.0, 0.0, 4525.82275390625
0:01:10.941127, 0.0, 0.0, 90.0, 0.0, 4526.3818359375
0:01:11.055581, 0.0, 0.0, 90.0, 0.0, 4527.09814453125
0:01:11.141958, 0.0, 0.0, 90.0, 0.0, 4527.64453125
0:01:11.260460, 0.0, 0.0, 90.0, 0.0, 4528.3857421875
0:01:11.345670, 0.0, 0.0, 90.0, 0.0, 4528.92578125
0:01:11.472026, 0.0, 0.0, 90.0, 0.0, 4529.71728515625
0:01:11.555311, 0.0, 0.0, 90.0, 0.0, 4530.23828125
0:01:11.648293, 0.0, 0.0, 90.0, 0.0, 4530.82275390625
0:01:11.762815, 0.0, 0.0, 90.0, 0.0, 4531.544921875
0:01:11.860179, 0.0, 0.0, 90.0, 0.0, 4532.16064453125
0:01:11.962267, 0.0, 0.0, 90.0, 0.0, 4532.80126953125
0:01:12.074123, 0.0, 0.0, 90.0, 0.0, 4533.5048828125
0:01:12.172556, 0.0, 0.0, 90.0, 0.0, 4534.12060546875
0:01:12.262757, 0.0, 0.0, 90.0, 0.0, 4534.68603515625
0:01:12.383107, 0.0, 0.0, 90.0, 0.0, 4535.44580078125
0:01:12.486517, 0.0, 0.0, 90.0, 0.0, 4536.0927734375
0:01:12.582795, 0.0, 0.0, 90.0, 0.0, 4536.7021484375
0:01:12.670023, 0.0, 0.0, 90.0, 0.0, 4537.24853515625
0:01:12.777132, 0.0, 0.0, 90.0, 0.0, 4537.9208984375
0:01:12.872223, 0.0, 0.0, 90.0, 0.0, 4538.52392578125
0:01:12.983746, 0.0, 0.0, 90.0, 0.0, 4539.22119140625
0:01:13.071231, 0.0, 0.0, 90.0, 0.0, 4539.77392578125
0:01:13.186796, 0.0, 0.0, 90.0, 0.0, 4540.49609375
0:01:13.273013, 0.0, 0.0, 90.0, 0.0, 4541.04296875
0:01:13.372277, 0.0, 0.0, 90.0, 0.0, 4541.6650390625
0:01:13.472689, 0.0, 0.0, 90.0, 0.0, 4542.29931640625
0:01:13.587299, 0.0, 0.0, 90.0, 0.0, 4543.01513671875
0:01:13.693151, 0.0, 0.0, 90.0, 0.0, 4543.6806640625
0:01:13.774743, 0.0, 0.0, 90.0, 0.0, 4544.19580078125
0:01:13.887428, 0.0, 0.0, 90.0, 0.0, 4544.90576171875
0:01:13.992649, 0.0, 0.0, 90.0, 0.0, 4545.5654296875
0:01:14.082938, 0.0, 0.0, 90.0, 0.0, 4546.130859375
0:01:14.190712, 0.0, 0.0, 90.0, 0.0, 4546.80908203125
0:01:14.276141, 0.0, 0.0, 90.0, 0.0, 4547.34912109375
0:01:14.392801, 0.0, 0.0, 90.0, 0.0, 4548.07763671875
0:01:14.483007, 0.0, 0.0, 90.0, 0.0, 4548.6494140625
0:01:14.599531, 0.0, 0.0, 90.0, 0.0, 4549.38427734375
0:01:14.682688, 0.0, 0.0, 90.0, 0.0, 4549.9052734375
0:01:14.782558, 0.0, 0.0, 90.0, 0.0, 4550.53369140625
0:01:14.909296, 0.0, 0.0, 90.0, 0.0, 4551.33154296875
0:01:14.993505, 0.0, 0.0, 90.0, 0.0, 4551.85888671875
0:01:15.087105, 0.0, 0.0, 90.0, 0.0, 4552.44287109375
0:01:15.203684, 0.0, 0.0, 90.0, 0.0, 4553.177734375
0:01:15.309526, 0.0, 0.0, 90.0, 0.0, 4553.84326171875
0:01:15.397759, 0.0, 0.0, 90.0, 0.0, 4554.40234375
0:01:15.507300, 0.0, 0.0, 90.0, 0.0, 4555.0869140625
0:01:15.592560, 0.0, 0.0, 90.0, 0.0, 4555.626953125
0:01:15.688821, 0.0, 0.0, 90.0, 0.0, 4556.22998046875
0:01:15.813552, 0.0, 0.0, 90.0, 0.0, 4557.015625
0:01:15.913977, 0.0, 0.0, 90.0, 0.0, 4557.6435546875
0:01:16.005481, 0.0, 0.0, 90.0, 0.0, 4558.22119140625
0:01:16.114359, 0.0, 0.0, 90.0, 0.0, 4558.90576171875
0:01:16.211186, 0.0, 0.0, 90.0, 0.0, 4559.51513671875
0:01:16.323179, 0.0, 0.0, 90.0, 0.0, 4560.21875
0:01:16.406446, 0.0, 0.0, 90.0, 0.0, 4560.73974609375
0:01:16.515930, 0.0, 0.0, 90.0, 0.0, 4561.43115234375
0:01:16.613740, 0.0, 0.0, 90.0, 0.0, 4562.046875
0:01:16.713921, 0.0, 0.0, 90.0, 0.0, 4562.6748046875
0:01:16.803198, 0.0, 0.0, 90.0, 0.0, 4563.23388671875
0:01:16.918775, 0.0, 0.0, 90.0, 0.0, 4563.96240234375
0:01:17.006029, 0.0, 0.0, 90.0, 0.0, 4564.5087890625
0:01:17.105377, 0.0, 0.0, 90.0, 0.0, 4565.13720703125
0:01:17.230667, 0.0, 0.0, 90.0, 0.0, 4565.9228515625
0:01:17.319020, 0.0, 0.0, 90.0, 0.0, 4566.48193359375
0:01:17.433607, 0.0, 0.0, 90.0, 0.0, 4567.1982421875
0:01:17.528357, 0.0, 0.0, 90.0, 0.0, 4567.79541015625
0:01:17.624666, 0.0, 0.0, 90.0, 0.0, 4568.3984375
0:01:17.723744, 0.0, 0.0, 90.0, 0.0, 4569.02685546875
0:01:17.837320, 0.0, 0.0, 90.0, 0.0, 4569.736328125
0:01:17.933366, 0.0, 0.0, 90.0, 0.0, 4570.345703125
0:01:18.021719, 0.0, 0.0, 90.0, 0.0, 4570.8984375
0:01:18.136181, 0.0, 0.0, 90.0, 0.0, 4571.6142578125
0:01:18.228599, 0.0, 0.0, 90.0, 0.0, 4572.19873046875
0:01:18.325026, 0.0, 0.0, 90.0, 0.0, 4572.8017578125
0:01:18.436514, 0.0, 0.0, 90.0, 0.0, 4573.50537109375
0:01:18.521786, 0.0, 0.0, 90.0, 0.0, 4574.03955078125
0:01:18.625716, 0.0, 0.0, 90.0, 0.0, 4574.6923828125
0:01:18.734468, 0.0, 0.0, 90.0, 0.0, 4575.376953125
0:01:18.834368, 0.0, 0.0, 90.0, 0.0, 4576.0048828125
0:01:18.945187, 0.0, 0.0, 90.0, 0.0, 4576.7021484375
0:01:19.044427, 0.0, 0.0, 90.0, 0.0, 4577.33056640625
0:01:19.129600, 0.0, 0.0, 90.0, 0.0, 4577.8642578125
0:01:19.242202, 0.0, 0.0, 90.0, 0.0, 4578.57421875
0:01:19.355742, 0.0, 0.0, 90.0, 0.0, 4579.28369140625
0:01:19.436985, 0.0, 0.0, 90.0, 0.0, 4579.79248046875
0:01:19.543725, 0.0, 0.0, 90.0, 0.0, 4580.46484375
0:01:19.639398, 0.0, 0.0, 90.0, 0.0, 4581.0673828125
0:01:19.736218, 0.0, 0.0, 90.0, 0.0, 4581.6767578125
0:01:19.864918, 0.0, 0.0, 90.0, 0.0, 4582.4873046875
0:01:19.950172, 0.0, 0.0, 90.0, 0.0, 4583.02099609375
0:01:20.046371, 0.0, 0.0, 90.0, 0.0, 4583.630859375
0:01:20.174291, 0.0, 0.0, 90.0, 0.0, 4584.4287109375
0:01:20.259591, 0.0, 0.0, 90.0, 0.0, 4584.96875
0:01:20.355327, 0.0, 0.0, 90.0, 0.0, 4585.5654296875
0:01:20.466614, 0.0, 0.0, 90.0, 0.0, 4586.26904296875
0:01:20.574393, 0.0, 0.0, 90.0, 0.0, 4586.947265625
0:01:20.671551, 0.0, 0.0, 90.0, 0.0, 4587.556640625
0:01:20.757473, 0.0, 0.0, 90.0, 0.0, 4588.0966796875
0:01:20.871022, 0.0, 0.0, 90.0, 0.0, 4588.8125
0:01:20.957368, 0.0, 0.0, 90.0, 0.0, 4589.35302734375
0:01:21.082810, 0.0, 0.0, 90.0, 0.0, 4590.14453125
0:01:21.169111, 0.0, 0.0, 90.0, 0.0, 4590.6845703125
0:01:21.264623, 0.0, 0.0, 90.0, 0.0, 4591.28759765625
0:01:21.364924, 0.0, 0.0, 90.0, 0.0, 4591.91552734375
0:01:21.462975, 0.0, 0.0, 90.0, 0.0, 4592.53076171875
0:01:21.568313, 0.0, 0.0, 90.0, 0.0, 4593.19677734375
0:01:21.677536, 0.0, 0.0, 90.0, 0.0, 4593.88134765625
0:01:21.776105, 0.0, 0.0, 90.0, 0.0, 4594.50341796875
0:01:21.876361, 0.0, 0.0, 90.0, 0.0, 4595.13134765625
0:01:21.972322, 0.0, 0.0, 90.0, 0.0, 4595.734375
0:01:22.086975, 0.0, 0.0, 90.0, 0.0, 4596.45654296875
0:01:22.172703, 0.0, 0.0, 90.0, 0.0, 4596.990234375
0:01:22.285775, 0.0, 0.0, 90.0, 0.0, 4597.70654296875
0:01:22.386860, 0.0, 0.0, 90.0, 0.0, 4598.3408203125
0:01:22.475587, 0.0, 0.0, 90.0, 0.0, 4598.89990234375
0:01:22.591200, 0.0, 0.0, 90.0, 0.0, 4599.62841796875
0:01:22.680194, 0.0, 0.0, 90.0, 0.0, 4600.18115234375
0:01:22.796382, 0.0, 0.0, 90.0, 0.0, 4600.916015625
0:01:22.885665, 0.0, 0.0, 90.0, 0.0, 4601.47509765625
0:01:22.999218, 0.0, 0.0, 90.0, 0.0, 4602.19091796875
0:01:23.101808, 0.0, 0.0, 90.0, 0.0, 4602.837890625
0:01:23.186969, 0.0, 0.0, 90.0, 0.0, 4603.3720703125
0:01:23.285999, 0.0, 0.0, 90.0, 0.0, 4603.994140625
0:01:23.405555, 0.0, 0.0, 90.0, 0.0, 4604.748046875
0:01:23.501314, 0.0, 0.0, 90.0, 0.0, 4605.3447265625
0:01:23.593652, 0.0, 0.0, 90.0, 0.0, 4605.92919921875
0:01:23.706817, 0.0, 0.0, 90.0, 0.0, 4606.63916015625
0:01:23.800837, 0.0, 0.0, 90.0, 0.0, 4607.2294921875
0:01:23.887845, 0.0, 0.0, 90.0, 0.0, 4607.7822265625
0:01:24.014045, 0.0, 0.0, 90.0, 0.0, 4608.57373046875
0:01:24.098276, 0.0, 0.0, 90.0, 0.0, 4609.1015625
0:01:24.196535, 0.0, 0.0, 90.0, 0.0, 4609.7236328125
0:01:24.299767, 0.0, 0.0, 90.0, 0.0, 4610.37060546875
0:01:24.416273, 0.0, 0.0, 90.0, 0.0, 4611.10546875
0:01:24.505550, 0.0, 0.0, 90.0, 0.0, 4611.66455078125
0:01:24.606106, 0.0, 0.0, 90.0, 0.0, 4612.298828125
0:01:24.709393, 0.0, 0.0, 90.0, 0.0, 4612.94580078125
0:01:24.817640, 0.0, 0.0, 90.0, 0.0, 4613.62451171875
0:01:24.924749, 0.0, 0.0, 90.0, 0.0, 4614.296875
0:01:25.008804, 0.0, 0.0, 90.0, 0.0, 4614.83056640625
0:01:25.131315, 0.0, 0.0, 90.0, 0.0, 4615.59716796875
0:01:25.226224, 0.0, 0.0, 90.0, 0.0, 4616.19384765625
0:01:25.314539, 0.0, 0.0, 90.0, 0.0, 4616.7529296875
0:01:25.421482, 0.0, 0.0, 90.0, 0.0, 4617.42529296875
0:01:25.515843, 0.0, 0.0, 90.0, 0.0, 4618.015625
0:01:25.640812, 0.0, 0.0, 90.0, 0.0, 4618.80078125
0:01:25.735927, 0.0, 0.0, 90.0, 0.0, 4619.3974609375
0:01:25.822288, 0.0, 0.0, 90.0, 0.0, 4619.94384765625
0:01:25.937922, 0.0, 0.0, 90.0, 0.0, 4620.67236328125
0:01:26.026309, 0.0, 0.0, 90.0, 0.0, 4621.22509765625
0:01:26.123717, 0.0, 0.0, 90.0, 0.0, 4621.83447265625
0:01:26.241943, 0.0, 0.0, 90.0, 0.0, 4622.57568359375
0:01:26.338463, 0.0, 0.0, 90.0, 0.0, 4623.18505859375
0:01:26.436802, 0.0, 0.0, 90.0, 0.0, 4623.806640625
0:01:26.520441, 0.0, 0.0, 90.0, 0.0, 4624.33447265625
0:01:26.647447, 0.0, 0.0, 90.0, 0.0, 4625.1259765625
0:01:26.746894, 0.0, 0.0, 90.0, 0.0, 4625.75439453125
0:01:26.845700, 0.0, 0.0, 90.0, 0.0, 4626.36962890625
0:01:26.932435, 0.0, 0.0, 90.0, 0.0, 4626.92236328125
0:01:27.047864, 0.0, 0.0, 90.0, 0.0, 4627.6513671875
0:01:27.145290, 0.0, 0.0, 90.0, 0.0, 4628.2607421875
0:01:27.258995, 0.0, 0.0, 90.0, 0.0, 4628.9765625
0:01:27.347432, 0.0, 0.0, 90.0, 0.0, 4629.529296875
0:01:27.442382, 0.0, 0.0, 90.0, 0.0, 4630.1259765625
0:01:27.557941, 0.0, 0.0, 90.0, 0.0, 4630.8544921875
0:01:27.649278, 0.0, 0.0, 90.0, 0.0, 4631.4326171875
0:01:27.764914, 0.0, 0.0, 90.0, 0.0, 4632.15478515625
0:01:27.849132, 0.0, 0.0, 90.0, 0.0, 4632.6884765625
0:01:27.948953, 0.0, 0.0, 90.0, 0.0, 4633.310546875
0:01:28.038500, 0.0, 0.0, 90.0, 0.0, 4633.8759765625
0:01:28.158267, 0.0, 0.0, 90.0, 0.0, 4634.6298828125
0:01:28.257577, 0.0, 0.0, 90.0, 0.0, 4635.251953125
0:01:28.371481, 0.0, 0.0, 90.0, 0.0, 4635.9677734375
0:01:28.454975, 0.0, 0.0, 90.0, 0.0, 4636.4951171875
0:01:28.569062, 0.0, 0.0, 90.0, 0.0, 4637.21142578125
0:01:28.668494, 0.0, 0.0, 90.0, 0.0, 4637.83349609375
0:01:28.754283, 0.0, 0.0, 90.0, 0.0, 4638.3798828125
0:01:28.866056, 0.0, 0.0, 90.0, 0.0, 4639.07666015625
0:01:28.979505, 0.0, 0.0, 90.0, 0.0, 4639.79248046875
0:01:29.061543, 0.0, 0.0, 90.0, 0.0, 4640.3076171875
0:01:29.170094, 0.0, 0.0, 90.0, 0.0, 4640.9921875
0:01:29.258387, 0.0, 0.0, 90.0, 0.0, 4641.544921875
0:01:29.372099, 0.0, 0.0, 90.0, 0.0, 4642.2607421875
0:01:29.479887, 0.0, 0.0, 90.0, 0.0, 4642.93896484375
0:01:29.577410, 0.0, 0.0, 90.0, 0.0, 4643.54833984375
0:01:29.663598, 0.0, 0.0, 90.0, 0.0, 4644.0947265625
0:01:29.781233, 0.0, 0.0, 90.0, 0.0, 4644.82958984375
0:01:29.891775, 0.0, 0.0, 90.0, 0.0, 4645.5263671875
0:01:29.974931, 0.0, 0.0, 90.0, 0.0, 4646.0478515625
0:01:30.088732, 0.0, 0.0, 90.0, 0.0, 4646.763671875
0:01:30.177840, 0.0, 0.0, 90.0, 0.0, 4647.32275390625
0:01:30.278295, 0.0, 0.0, 90.0, 0.0, 4647.95703125
0:01:30.399714, 0.0, 0.0, 90.0, 0.0, 4648.7236328125
0:01:30.498133, 0.0, 0.0, 90.0, 0.0, 4649.33935546875
0:01:30.578657, 0.0, 0.0, 90.0, 0.0, 4649.84814453125
0:01:30.699425, 0.0, 0.0, 90.0, 0.0, 4650.6083984375
0:01:30.792072, 0.0, 0.0, 90.0, 0.0, 4651.1865234375
0:01:30.900948, 0.0, 0.0, 90.0, 0.0, 4651.87109375
0:01:30.988152, 0.0, 0.0, 90.0, 0.0, 4652.423828125
0:01:31.110377, 0.0, 0.0, 90.0, 0.0, 4653.18994140625
0:01:31.194453, 0.0, 0.0, 90.0, 0.0, 4653.71728515625
0:01:31.309487, 0.0, 0.0, 90.0, 0.0, 4654.43994140625
0:01:31.399083, 0.0, 0.0, 90.0, 0.0, 4655.00537109375
0:01:31.509827, 0.0, 0.0, 90.0, 0.0, 4655.70263671875
0:01:31.609001, 0.0, 0.0, 90.0, 0.0, 4656.32421875
0:01:31.696305, 0.0, 0.0, 90.0, 0.0, 4656.87060546875
0:01:31.806877, 0.0, 0.0, 90.0, 0.0, 4657.5673828125
0:01:31.895173, 0.0, 0.0, 90.0, 0.0, 4658.1201171875
0:01:32.009753, 0.0, 0.0, 90.0, 0.0, 4658.84228515625
0:01:32.099105, 0.0, 0.0, 90.0, 0.0, 4659.40771484375
0:01:32.212569, 0.0, 0.0, 90.0, 0.0, 4660.1171875
0:01:32.315996, 0.0, 0.0, 90.0, 0.0, 4660.7705078125
0:01:32.431694, 0.0, 0.0, 90.0, 0.0, 4661.4931640625
0:01:32.526615, 0.0, 0.0, 90.0, 0.0, 4662.09619140625
0:01:32.615924, 0.0, 0.0, 90.0, 0.0, 4662.6552734375
0:01:32.702205, 0.0, 0.0, 90.0, 0.0, 4663.19580078125
0:01:32.798596, 0.0, 0.0, 90.0, 0.0, 4663.80517578125
0:01:32.918538, 0.0, 0.0, 90.0, 0.0, 4664.55908203125
0:01:33.033173, 0.0, 0.0, 90.0, 0.0, 4665.28125
0:01:33.130569, 0.0, 0.0, 90.0, 0.0, 4665.890625
0:01:33.216873, 0.0, 0.0, 90.0, 0.0, 4666.43115234375
0:01:33.329318, 0.0, 0.0, 90.0, 0.0, 4667.140625
0:01:33.419772, 0.0, 0.0, 90.0, 0.0, 4667.7060546875
0:01:33.533169, 0.0, 0.0, 90.0, 0.0, 4668.42236328125
0:01:33.618508, 0.0, 0.0, 90.0, 0.0, 4668.9560546875
0:01:33.726407, 0.0, 0.0, 90.0, 0.0, 4669.63427734375
0:01:33.836948, 0.0, 0.0, 90.0, 0.0, 4670.33154296875
0:01:33.921314, 0.0, 0.0, 90.0, 0.0, 4670.86572265625
0:01:34.037819, 0.0, 0.0, 90.0, 0.0, 4671.59423828125
0:01:34.126140, 0.0, 0.0, 90.0, 0.0, 4672.1533203125
0:01:34.240526, 0.0, 0.0, 90.0, 0.0, 4672.869140625
0:01:34.339608, 0.0, 0.0, 90.0, 0.0, 4673.4912109375
0:01:34.423857, 0.0, 0.0, 90.0, 0.0, 4674.02490234375
0:01:34.536441, 0.0, 0.0, 90.0, 0.0, 4674.72802734375
0:01:34.623719, 0.0, 0.0, 90.0, 0.0, 4675.28125
0:01:34.721101, 0.0, 0.0, 90.0, 0.0, 4675.890625
0:01:34.826932, 0.0, 0.0, 90.0, 0.0, 4676.556640625
0:01:34.940498, 0.0, 0.0, 90.0, 0.0, 4677.27294921875
0:01:35.039753, 0.0, 0.0, 90.0, 0.0, 4677.89501953125
0:01:35.128027, 0.0, 0.0, 90.0, 0.0, 4678.44775390625
0:01:35.241615, 0.0, 0.0, 90.0, 0.0, 4679.16357421875
0:01:35.349241, 0.0, 0.0, 90.0, 0.0, 4679.841796875
0:01:35.437491, 0.0, 0.0, 90.0, 0.0, 4680.39453125
0:01:35.550053, 0.0, 0.0, 90.0, 0.0, 4681.10400390625
0:01:35.637349, 0.0, 0.0, 90.0, 0.0, 4681.650390625
0:01:35.750878, 0.0, 0.0, 90.0, 0.0, 4682.3662109375
0:01:35.846175, 0.0, 0.0, 90.0, 0.0, 4682.96337890625
0:01:35.961594, 0.0, 0.0, 90.0, 0.0, 4683.69189453125
