0:00:00.109340 {Acceleration: {Time: 0, Status: 0, Value: (0.0,0.0,0.0)},Gyroscope: {Time: 0, Status: 0, Value: (0.0,0.0,0.0)},Magnetic: {Time: 0, Status: 0, Value: (0.0,0.0,0.0)},Gravity: {Time: 0, Status: 0, Value: (0.0,0.0,0.0)}, Rotation: {Time: 0, Status: 0, Value: (0.0,0.0,0.0, 0.0)}}
0:00:00.203118 {Acceleration: {Time: 0, Status: 0, Value: (0.0,0.0,0.0)},Gyroscope: {Time: 0, Status: 0, Value: (0.0,0.0,0.0)},Magnetic: {Time: 0, Status: 0, Value: (0.0,0.0,0.0)},Gravity: {Time: 0, Status: 0, Value: (0.0,0.0,0.0)}, Rotation: {Time: 0, Status: 0, Value: (0.0,0.0,0.0, 0.0)}}
0:00:00.296737 {Acceleration: {Time: 0, Status: 0, Value: (0.0,0.0,0.0)},Gyroscope: {Time: 0, Status: 0, Value: (0.0,0.0,0.0)},Magnetic: {Time: 0, Status: 0, Value: (0.0,0.0,0.0)},Gravity: {Time: 0, Status: 0, Value: (0.0,0.0,0.0)}, Rotation: {Time: 0, Status: 0, Value: (0.0,0.0,0.0, 0.0)}}
0:00:00.374836 {Acceleration: {Time: 0, Status: 0, Value: (0.0,0.0,0.0)},Gyroscope: {Time: 0, Status: 0, Value: (0.0,0.0,0.0)},Magnetic: {Time: 0, Status: 0, Value: (0.0,0.0,0.0)},Gravity: {Time: 0, Status: 0, Value: (0.0,0.0,0.0)}, Rotation: {Time: 0, Status: 0, Value: (0.0,0.0,0.0, 0.0)}}
0:00:00.484365 {Acceleration: {Time: 0, Status: 0, Value: (0.0,0.0,0.0)},Gyroscope: {Time: 0, Status: 0, Value: (0.0,0.0,0.0)},Magnetic: {Time: 0, Status: 0, Value: (0.0,0.0,0.0)},Gravity: {Time: 0, Status: 0, Value: (0.0,0.0,0.0)}, Rotation: {Time: 0, Status: 0, Value: (0.0,0.0,0.0, 0.0)}}
0:00:00.577990 {Acceleration: {Time: 0, Status: 0, Value: (0.0,0.0,0.0)},Gyroscope: {Time: 0, Status: 0, Value: (0.0,0.0,0.0)},Magnetic: {Time: 0, Status: 0, Value: (0.0,0.0,0.0)},Gravity: {Time: 0, Status: 0, Value: (0.0,0.0,0.0)}, Rotation: {Time: 0, Status: 0, Value: (0.0,0.0,0.0, 0.0)}}
0:00:00.671725 {Acceleration: {Time: 0, Status: 0, Value: (0.0,0.0,0.0)},Gyroscope: {Time: 0, Status: 0, Value: (0.0,0.0,0.0)},Magnetic: {Time: 0, Status: 0, Value: (0.0,0.0,0.0)},Gravity: {Time: 0, Status: 0, Value: (0.0,0.0,0.0)}, Rotation: {Time: 0, Status: 0, Value: (0.0,0.0,0.0, 0.0)}}
0:00:00.765490 {Acceleration: {Time: 0, Status: 0, Value: (0.0,0.0,0.0)},Gyroscope: {Time: 0, Status: 0, Value: (0.0,0.0,0.0)},Magnetic: {Time: 0, Status: 0, Value: (0.0,0.0,0.0)},Gravity: {Time: 0, Status: 0, Value: (0.0,0.0,0.0)}, Rotation: {Time: 0, Status: 0, Value: (0.0,0.0,0.0, 0.0)}}
0:00:00.843583 {Acceleration: {Time: 0, Status: 0, Value: (0.0,0.0,0.0)},Gyroscope: {Time: 0, Status: 0, Value: (0.0,0.0,0.0)},Magnetic: {Time: 0, Status: 0, Value: (0.0,0.0,0.0)},Gravity: {Time: 0, Status: 0, Value: (0.0,0.0,0.0)}, Rotation: {Time: 0, Status: 0, Value: (0.0,0.0,0.0, 0.0)}}
0:00:00.953075 {Acceleration: {Time: 0, Status: 0, Value: (0.0,0.0,0.0)},Gyroscope: {Time: 0, Status: 0, Value: (0.0,0.0,0.0)},Magnetic: {Time: 0, Status: 0, Value: (0.0,0.0,0.0)},Gravity: {Time: 0, Status: 0, Value: (0.0,0.0,0.0)}, Rotation: {Time: 0, Status: 0, Value: (0.0,0.0,0.0, 0.0)}}
0:00:01.046868 {Acceleration: {Time: 0, Status: 0, Value: (0.0,0.0,0.0)},Gyroscope: {Time: 0, Status: 0, Value: (0.0,0.0,0.0)},Magnetic: {Time: 0, Status: 0, Value: (0.0,0.0,0.0)},Gravity: {Time: 0, Status: 0, Value: (0.0,0.0,0.0)}, Rotation: {Time: 0, Status: 0, Value: (0.0,0.0,0.0, 0.0)}}
0:00:01.140491 {Acceleration: {Time: 0, Status: 0, Value: (0.0,0.0,0.0)},Gyroscope: {Time: 0, Status: 0, Value: (0.0,0.0,0.0)},Magnetic: {Time: 0, Status: 0, Value: (0.0,0.0,0.0)},Gravity: {Time: 0, Status: 0, Value: (0.0,0.0,0.0)}, Rotation: {Time: 0, Status: 0, Value: (0.0,0.0,0.0, 0.0)}}
0:00:01.234235 {Acceleration: {Time: 0, Status: 0, Value: (0.0,0.0,0.0)},Gyroscope: {Time: 0, Status: 0, Value: (0.0,0.0,0.0)},Magnetic: {Time: 0, Status: 0, Value: (0.0,0.0,0.0)},Gravity: {Time: 0, Status: 0, Value: (0.0,0.0,0.0)}, Rotation: {Time: 0, Status: 0, Value: (0.0,0.0,0.0, 0.0)}}
0:00:01.312364 {Acceleration: {Time: 0, Status: 0, Value: (0.0,0.0,0.0)},Gyroscope: {Time: 0, Status: 0, Value: (0.0,0.0,0.0)},Magnetic: {Time: 0, Status: 0, Value: (0.0,0.0,0.0)},Gravity: {Time: 0, Status: 0, Value: (0.0,0.0,0.0)}, Rotation: {Time: 0, Status: 0, Value: (0.0,0.0,0.0, 0.0)}}
0:00:01.406086 {Acceleration: {Time: 0, Status: 0, Value: (0.0,0.0,0.0)},Gyroscope: {Time: 0, Status: 0, Value: (0.0,0.0,0.0)},Magnetic: {Time: 0, Status: 0, Value: (0.0,0.0,0.0)},Gravity: {Time: 0, Status: 0, Value: (0.0,0.0,0.0)}, Rotation: {Time: 0, Status: 0, Value: (0.0,0.0,0.0, 0.0)}}
0:00:01.515627 {Acceleration: {Time: 0, Status: 0, Value: (0.0,0.0,0.0)},Gyroscope: {Time: 0, Status: 0, Value: (0.0,0.0,0.0)},Magnetic: {Time: 0, Status: 0, Value: (0.0,0.0,0.0)},Gravity: {Time: 0, Status: 0, Value: (0.0,0.0,0.0)}, Rotation: {Time: 0, Status: 0, Value: (0.0,0.0,0.0, 0.0)}}
0:00:01.609371 {Acceleration: {Time: 0, Status: 0, Value: (0.0,0.0,0.0)},Gyroscope: {Time: 0, Status: 0, Value: (0.0,0.0,0.0)},Magnetic: {Time: 0, Status: 0, Value: (0.0,0.0,0.0)},Gravity: {Time: 0, Status: 0, Value: (0.0,0.0,0.0)}, Rotation: {Time: 0, Status: 0, Value: (0.0,0.0,0.0, 0.0)}}
0:00:01.702990 {Acceleration: {Time: 0, Status: 0, Value: (0.0,0.0,0.0)},Gyroscope: {Time: 0, Status: 0, Value: (0.0,0.0,0.0)},Magnetic: {Time: 0, Status: 0, Value: (0.0,0.0,0.0)},Gravity: {Time: 0, Status: 0, Value: (0.0,0.0,0.0)}, Rotation: {Time: 0, Status: 0, Value: (0.0,0.0,0.0, 0.0)}}
0:00:01.796736 {Acceleration: {Time: 0, Status: 0, Value: (0.0,0.0,0.0)},Gyroscope: {Time: 0, Status: 0, Value: (0.0,0.0,0.0)},Magnetic: {Time: 0, Status: 0, Value: (0.0,0.0,0.0)},Gravity: {Time: 0, Status: 0, Value: (0.0,0.0,0.0)}, Rotation: {Time: 0, Status: 0, Value: (0.0,0.0,0.0, 0.0)}}
0:00:01.874837 {Acceleration: {Time: 0, Status: 0, Value: (0.0,0.0,0.0)},Gyroscope: {Time: 0, Status: 0, Value: (0.0,0.0,0.0)},Magnetic: {Time: 0, Status: 0, Value: (0.0,0.0,0.0)},Gravity: {Time: 0, Status: 0, Value: (0.0,0.0,0.0)}, Rotation: {Time: 0, Status: 0, Value: (0.0,0.0,0.0, 0.0)}}
0:00:01.984366 {Acceleration: {Time: 0, Status: 0, Value: (0.0,0.0,0.0)},Gyroscope: {Time: 0, Status: 0, Value: (0.0,0.0,0.0)},Magnetic: {Time: 0, Status: 0, Value: (0.0,0.0,0.0)},Gravity: {Time: 0, Status: 0, Value: (0.0,0.0,0.0)}, Rotation: {Time: 0, Status: 0, Value: (0.0,0.0,0.0, 0.0)}}
0:00:02.078119 {Acceleration: {Time: 0, Status: 0, Value: (0.0,0.0,0.0)},Gyroscope: {Time: 0, Status: 0, Value: (0.0,0.0,0.0)},Magnetic: {Time: 0, Status: 0, Value: (0.0,0.0,0.0)},Gravity: {Time: 0, Status: 0, Value: (0.0,0.0,0.0)}, Rotation: {Time: 0, Status: 0, Value: (0.0,0.0,0.0, 0.0)}}
0:00:02.171740 {Acceleration: {Time: 0, Status: 0, Value: (0.0,0.0,0.0)},Gyroscope: {Time: 0, Status: 0, Value: (0.0,0.0,0.0)},Magnetic: {Time: 0, Status: 0, Value: (0.0,0.0,0.0)},Gravity: {Time: 0, Status: 0, Value: (0.0,0.0,0.0)}, Rotation: {Time: 0, Status: 0, Value: (0.0,0.0,0.0, 0.0)}}
0:00:02.265489 {Acceleration: {Time: 0, Status: 0, Value: (0.0,0.0,0.0)},Gyroscope: {Time: 0, Status: 0, Value: (0.0,0.0,0.0)},Magnetic: {Time: 0, Status: 0, Value: (0.0,0.0,0.0)},Gravity: {Time: 0, Status: 0, Value: (0.0,0.0,0.0)}, Rotation: {Time: 0, Status: 0, Value: (0.0,0.0,0.0, 0.0)}}
0:00:02.343614 {Acceleration: {Time: 0, Status: 0, Value: (0.0,0.0,0.0)},Gyroscope: {Time: 0, Status: 0, Value: (0.0,0.0,0.0)},Magnetic: {Time: 0, Status: 0, Value: (0.0,0.0,0.0)},Gravity: {Time: 0, Status: 0, Value: (0.0,0.0,0.0)}, Rotation: {Time: 0, Status: 0, Value: (0.0,0.0,0.0, 0.0)}}
0:00:02.453123 {Acceleration: {Time: 0, Status: 0, Value: (0.0,0.0,0.0)},Gyroscope: {Time: 0, Status: 0, Value: (0.0,0.0,0.0)},Magnetic: {Time: 0, Status: 0, Value: (0.0,0.0,0.0)},Gravity: {Time: 0, Status: 0, Value: (0.0,0.0,0.0)}, Rotation: {Time: 0, Status: 0, Value: (0.0,0.0,0.0, 0.0)}}
0:00:02.546737 {Acceleration: {Time: 0, Status: 0, Value: (0.0,0.0,0.0)},Gyroscope: {Time: 0, Status: 0, Value: (0.0,0.0,0.0)},Magnetic: {Time: 0, Status: 0, Value: (0.0,0.0,0.0)},Gravity: {Time: 0, Status: 0, Value: (0.0,0.0,0.0)}, Rotation: {Time: 0, Status: 0, Value: (0.0,0.0,0.0, 0.0)}}
0:00:02.640619 {Acceleration: {Time: 0, Status: 0, Value: (0.0,0.0,0.0)},Gyroscope: {Time: 0, Status: 0, Value: (0.0,0.0,0.0)},Magnetic: {Time: 0, Status: 0, Value: (0.0,0.0,0.0)},Gravity: {Time: 0, Status: 0, Value: (0.0,0.0,0.0)}, Rotation: {Time: 0, Status: 0, Value: (0.0,0.0,0.0, 0.0)}}
0:00:02.734241 {Acceleration: {Time: 0, Status: 0, Value: (0.0,0.0,0.0)},Gyroscope: {Time: 0, Status: 0, Value: (0.0,0.0,0.0)},Magnetic: {Time: 0, Status: 0, Value: (0.0,0.0,0.0)},Gravity: {Time: 0, Status: 0, Value: (0.0,0.0,0.0)}, Rotation: {Time: 0, Status: 0, Value: (0.0,0.0,0.0, 0.0)}}
0:00:02.827989 {Acceleration: {Time: 0, Status: 0, Value: (0.0,0.0,0.0)},Gyroscope: {Time: 0, Status: 0, Value: (0.0,0.0,0.0)},Magnetic: {Time: 0, Status: 0, Value: (0.0,0.0,0.0)},Gravity: {Time: 0, Status: 0, Value: (0.0,0.0,0.0)}, Rotation: {Time: 0, Status: 0, Value: (0.0,0.0,0.0, 0.0)}}
0:00:02.906114 {Acceleration: {Time: 0, Status: 0, Value: (0.0,0.0,0.0)},Gyroscope: {Time: 0, Status: 0, Value: (0.0,0.0,0.0)},Magnetic: {Time: 0, Status: 0, Value: (0.0,0.0,0.0)},Gravity: {Time: 0, Status: 0, Value: (0.0,0.0,0.0)}, Rotation: {Time: 0, Status: 0, Value: (0.0,0.0,0.0, 0.0)}}
0:00:02.999931 {Acceleration: {Time: 0, Status: 0, Value: (0.0,0.0,0.0)},Gyroscope: {Time: 0, Status: 0, Value: (0.0,0.0,0.0)},Magnetic: {Time: 0, Status: 0, Value: (0.0,0.0,0.0)},Gravity: {Time: 0, Status: 0, Value: (0.0,0.0,0.0)}, Rotation: {Time: 0, Status: 0, Value: (0.0,0.0,0.0, 0.0)}}
0:00:03.109381 {Acceleration: {Time: 0, Status: 0, Value: (0.0,0.0,0.0)},Gyroscope: {Time: 0, Status: 0, Value: (0.0,0.0,0.0)},Magnetic: {Time: 0, Status: 0, Value: (0.0,0.0,0.0)},Gravity: {Time: 0, Status: 0, Value: (0.0,0.0,0.0)}, Rotation: {Time: 0, Status: 0, Value: (0.0,0.0,0.0, 0.0)}}
0:00:03.202971 {Acceleration: {Time: 0, Status: 0, Value: (0.0,0.0,0.0)},Gyroscope: {Time: 0, Status: 0, Value: (0.0,0.0,0.0)},Magnetic: {Time: 0, Status: 0, Value: (0.0,0.0,0.0)},Gravity: {Time: 0, Status: 0, Value: (0.0,0.0,0.0)}, Rotation: {Time: 0, Status: 0, Value: (0.0,0.0,0.0, 0.0)}}
0:00:03.296840 {Acceleration: {Time: 0, Status: 0, Value: (0.0,0.0,0.0)},Gyroscope: {Time: 0, Status: 0, Value: (0.0,0.0,0.0)},Magnetic: {Time: 0, Status: 0, Value: (0.0,0.0,0.0)},Gravity: {Time: 0, Status: 0, Value: (0.0,0.0,0.0)}, Rotation: {Time: 0, Status: 0, Value: (0.0,0.0,0.0, 0.0)}}
0:00:03.390491 {Acceleration: {Time: 0, Status: 0, Value: (0.0,0.0,0.0)},Gyroscope: {Time: 0, Status: 0, Value: (0.0,0.0,0.0)},Magnetic: {Time: 0, Status: 0, Value: (0.0,0.0,0.0)},Gravity: {Time: 0, Status: 0, Value: (0.0,0.0,0.0)}, Rotation: {Time: 0, Status: 0, Value: (0.0,0.0,0.0, 0.0)}}
0:00:03.484369 {Acceleration: {Time: 0, Status: 0, Value: (0.0,0.0,0.0)},Gyroscope: {Time: 0, Status: 0, Value: (0.0,0.0,0.0)},Magnetic: {Time: 0, Status: 0, Value: (0.0,0.0,0.0)},Gravity: {Time: 0, Status: 0, Value: (0.0,0.0,0.0)}, Rotation: {Time: 0, Status: 0, Value: (0.0,0.0,0.0, 0.0)}}
0:00:03.577987 {Acceleration: {Time: 0, Status: 0, Value: (0.0,0.0,0.0)},Gyroscope: {Time: 0, Status: 0, Value: (0.0,0.0,0.0)},Magnetic: {Time: 0, Status: 0, Value: (0.0,0.0,0.0)},Gravity: {Time: 0, Status: 0, Value: (0.0,0.0,0.0)}, Rotation: {Time: 0, Status: 0, Value: (0.0,0.0,0.0, 0.0)}}
0:00:03.671809 {Acceleration: {Time: 0, Status: 0, Value: (0.0,0.0,0.0)},Gyroscope: {Time: 0, Status: 0, Value: (0.0,0.0,0.0)},Magnetic: {Time: 0, Status: 0, Value: (0.0,0.0,0.0)},Gravity: {Time: 0, Status: 0, Value: (0.0,0.0,0.0)}, Rotation: {Time: 0, Status: 0, Value: (0.0,0.0,0.0, 0.0)}}
0:00:03.765490 {Acceleration: {Time: 0, Status: 0, Value: (0.0,0.0,0.0)},Gyroscope: {Time: 0, Status: 0, Value: (0.0,0.0,0.0)},Magnetic: {Time: 0, Status: 0, Value: (0.0,0.0,0.0)},Gravity: {Time: 0, Status: 0, Value: (0.0,0.0,0.0)}, Rotation: {Time: 0, Status: 0, Value: (0.0,0.0,0.0, 0.0)}}
0:00:03.859240 {Acceleration: {Time: 0, Status: 0, Value: (0.0,0.0,0.0)},Gyroscope: {Time: 0, Status: 0, Value: (0.0,0.0,0.0)},Magnetic: {Time: 0, Status: 0, Value: (0.0,0.0,0.0)},Gravity: {Time: 0, Status: 0, Value: (0.0,0.0,0.0)}, Rotation: {Time: 0, Status: 0, Value: (0.0,0.0,0.0, 0.0)}}
0:00:03.952986 {Acceleration: {Time: 0, Status: 0, Value: (0.0,0.0,0.0)},Gyroscope: {Time: 0, Status: 0, Value: (0.0,0.0,0.0)},Magnetic: {Time: 0, Status: 0, Value: (0.0,0.0,0.0)},Gravity: {Time: 0, Status: 0, Value: (0.0,0.0,0.0)}, Rotation: {Time: 0, Status: 0, Value: (0.0,0.0,0.0, 0.0)}}
0:00:04.046924 {Acceleration: {Time: 0, Status: 0, Value: (0.0,0.0,0.0)},Gyroscope: {Time: 0, Status: 0, Value: (0.0,0.0,0.0)},Magnetic: {Time: 0, Status: 0, Value: (0.0,0.0,0.0)},Gravity: {Time: 0, Status: 0, Value: (0.0,0.0,0.0)}, Rotation: {Time: 0, Status: 0, Value: (0.0,0.0,0.0, 0.0)}}
0:00:04.140490 {Acceleration: {Time: 0, Status: 0, Value: (0.0,0.0,0.0)},Gyroscope: {Time: 0, Status: 0, Value: (0.0,0.0,0.0)},Magnetic: {Time: 0, Status: 0, Value: (0.0,0.0,0.0)},Gravity: {Time: 0, Status: 0, Value: (0.0,0.0,0.0)}, Rotation: {Time: 0, Status: 0, Value: (0.0,0.0,0.0, 0.0)}}
0:00:04.234224 {Acceleration: {Time: 0, Status: 0, Value: (0.0,0.0,0.0)},Gyroscope: {Time: 0, Status: 0, Value: (0.0,0.0,0.0)},Magnetic: {Time: 0, Status: 0, Value: (0.0,0.0,0.0)},Gravity: {Time: 0, Status: 0, Value: (0.0,0.0,0.0)}, Rotation: {Time: 0, Status: 0, Value: (0.0,0.0,0.0, 0.0)}}
0:00:04.327991 {Acceleration: {Time: 0, Status: 0, Value: (0.0,0.0,0.0)},Gyroscope: {Time: 0, Status: 0, Value: (0.0,0.0,0.0)},Magnetic: {Time: 0, Status: 0, Value: (0.0,0.0,0.0)},Gravity: {Time: 0, Status: 0, Value: (0.0,0.0,0.0)}, Rotation: {Time: 0, Status: 0, Value: (0.0,0.0,0.0, 0.0)}}
0:00:04.406086 {Acceleration: {Time: 0, Status: 0, Value: (0.0,0.0,0.0)},Gyroscope: {Time: 0, Status: 0, Value: (0.0,0.0,0.0)},Magnetic: {Time: 0, Status: 0, Value: (0.0,0.0,0.0)},Gravity: {Time: 0, Status: 0, Value: (0.0,0.0,0.0)}, Rotation: {Time: 0, Status: 0, Value: (0.0,0.0,0.0, 0.0)}}
0:00:04.515621 {Acceleration: {Time: 0, Status: 0, Value: (0.0,0.0,0.0)},Gyroscope: {Time: 0, Status: 0, Value: (0.0,0.0,0.0)},Magnetic: {Time: 0, Status: 0, Value: (0.0,0.0,0.0)},Gravity: {Time: 0, Status: 0, Value: (0.0,0.0,0.0)}, Rotation: {Time: 0, Status: 0, Value: (0.0,0.0,0.0, 0.0)}}
0:00:04.609368 {Acceleration: {Time: 0, Status: 0, Value: (0.0,0.0,0.0)},Gyroscope: {Time: 0, Status: 0, Value: (0.0,0.0,0.0)},Magnetic: {Time: 0, Status: 0, Value: (0.0,0.0,0.0)},Gravity: {Time: 0, Status: 0, Value: (0.0,0.0,0.0)}, Rotation: {Time: 0, Status: 0, Value: (0.0,0.0,0.0, 0.0)}}
0:00:04.703112 {Acceleration: {Time: 0, Status: 0, Value: (0.0,0.0,0.0)},Gyroscope: {Time: 0, Status: 0, Value: (0.0,0.0,0.0)},Magnetic: {Time: 0, Status: 0, Value: (0.0,0.0,0.0)},Gravity: {Time: 0, Status: 0, Value: (0.0,0.0,0.0)}, Rotation: {Time: 0, Status: 0, Value: (0.0,0.0,0.0, 0.0)}}
0:00:04.796737 {Acceleration: {Time: 0, Status: 0, Value: (0.0,0.0,0.0)},Gyroscope: {Time: 0, Status: 0, Value: (0.0,0.0,0.0)},Magnetic: {Time: 0, Status: 0, Value: (0.0,0.0,0.0)},Gravity: {Time: 0, Status: 0, Value: (0.0,0.0,0.0)}, Rotation: {Time: 0, Status: 0, Value: (0.0,0.0,0.0, 0.0)}}
0:00:04.874864 {Acceleration: {Time: 0, Status: 0, Value: (0.0,0.0,0.0)},Gyroscope: {Time: 0, Status: 0, Value: (0.0,0.0,0.0)},Magnetic: {Time: 0, Status: 0, Value: (0.0,0.0,0.0)},Gravity: {Time: 0, Status: 0, Value: (0.0,0.0,0.0)}, Rotation: {Time: 0, Status: 0, Value: (0.0,0.0,0.0, 0.0)}}
0:00:04.968584 {Acceleration: {Time: 0, Status: 0, Value: (0.0,0.0,0.0)},Gyroscope: {Time: 0, Status: 0, Value: (0.0,0.0,0.0)},Magnetic: {Time: 0, Status: 0, Value: (0.0,0.0,0.0)},Gravity: {Time: 0, Status: 0, Value: (0.0,0.0,0.0)}, Rotation: {Time: 0, Status: 0, Value: (0.0,0.0,0.0, 0.0)}}
0:00:05.077962 {Acceleration: {Time: 0, Status: 0, Value: (0.0,0.0,0.0)},Gyroscope: {Time: 0, Status: 0, Value: (0.0,0.0,0.0)},Magnetic: {Time: 0, Status: 0, Value: (0.0,0.0,0.0)},Gravity: {Time: 0, Status: 0, Value: (0.0,0.0,0.0)}, Rotation: {Time: 0, Status: 0, Value: (0.0,0.0,0.0, 0.0)}}
0:00:05.156084 {Acceleration: {Time: 0, Status: 0, Value: (0.0,0.0,0.0)},Gyroscope: {Time: 0, Status: 0, Value: (0.0,0.0,0.0)},Magnetic: {Time: 0, Status: 0, Value: (0.0,0.0,0.0)},Gravity: {Time: 0, Status: 0, Value: (0.0,0.0,0.0)}, Rotation: {Time: 0, Status: 0, Value: (0.0,0.0,0.0, 0.0)}}
0:00:05.265480 {Acceleration: {Time: 0, Status: 0, Value: (0.0,0.0,0.0)},Gyroscope: {Time: 0, Status: 0, Value: (0.0,0.0,0.0)},Magnetic: {Time: 0, Status: 0, Value: (0.0,0.0,0.0)},Gravity: {Time: 0, Status: 0, Value: (0.0,0.0,0.0)}, Rotation: {Time: 0, Status: 0, Value: (0.0,0.0,0.0, 0.0)}}
0:00:05.359414 {Acceleration: {Time: 0, Status: 0, Value: (0.0,0.0,0.0)},Gyroscope: {Time: 0, Status: 0, Value: (0.0,0.0,0.0)},Magnetic: {Time: 0, Status: 0, Value: (0.0,0.0,0.0)},Gravity: {Time: 0, Status: 0, Value: (0.0,0.0,0.0)}, Rotation: {Time: 0, Status: 0, Value: (0.0,0.0,0.0, 0.0)}}
0:00:05.453125 {Acceleration: {Time: 0, Status: 0, Value: (0.0,0.0,0.0)},Gyroscope: {Time: 0, Status: 0, Value: (0.0,0.0,0.0)},Magnetic: {Time: 0, Status: 0, Value: (0.0,0.0,0.0)},Gravity: {Time: 0, Status: 0, Value: (0.0,0.0,0.0)}, Rotation: {Time: 0, Status: 0, Value: (0.0,0.0,0.0, 0.0)}}
0:00:05.546906 {Acceleration: {Time: 0, Status: 0, Value: (0.0,0.0,0.0)},Gyroscope: {Time: 0, Status: 0, Value: (0.0,0.0,0.0)},Magnetic: {Time: 0, Status: 0, Value: (0.0,0.0,0.0)},Gravity: {Time: 0, Status: 0, Value: (0.0,0.0,0.0)}, Rotation: {Time: 0, Status: 0, Value: (0.0,0.0,0.0, 0.0)}}
0:00:05.640490 {Acceleration: {Time: 0, Status: 0, Value: (0.0,0.0,0.0)},Gyroscope: {Time: 0, Status: 0, Value: (0.0,0.0,0.0)},Magnetic: {Time: 0, Status: 0, Value: (0.0,0.0,0.0)},Gravity: {Time: 0, Status: 0, Value: (0.0,0.0,0.0)}, Rotation: {Time: 0, Status: 0, Value: (0.0,0.0,0.0, 0.0)}}
0:00:05.734238 {Acceleration: {Time: 0, Status: 0, Value: (0.0,0.0,0.0)},Gyroscope: {Time: 0, Status: 0, Value: (0.0,0.0,0.0)},Magnetic: {Time: 0, Status: 0, Value: (0.0,0.0,0.0)},Gravity: {Time: 0, Status: 0, Value: (0.0,0.0,0.0)}, Rotation: {Time: 0, Status: 0, Value: (0.0,0.0,0.0, 0.0)}}
0:00:05.828118 {Acceleration: {Time: 0, Status: 0, Value: (0.0,0.0,0.0)},Gyroscope: {Time: 0, Status: 0, Value: (0.0,0.0,0.0)},Magnetic: {Time: 0, Status: 0, Value: (0.0,0.0,0.0)},Gravity: {Time: 0, Status: 0, Value: (0.0,0.0,0.0)}, Rotation: {Time: 0, Status: 0, Value: (0.0,0.0,0.0, 0.0)}}
0:00:05.921838 {Acceleration: {Time: 0, Status: 0, Value: (0.0,0.0,0.0)},Gyroscope: {Time: 0, Status: 0, Value: (0.0,0.0,0.0)},Magnetic: {Time: 0, Status: 0, Value: (0.0,0.0,0.0)},Gravity: {Time: 0, Status: 0, Value: (0.0,0.0,0.0)}, Rotation: {Time: 0, Status: 0, Value: (0.0,0.0,0.0, 0.0)}}
0:00:05.999929 {Acceleration: {Time: 0, Status: 0, Value: (0.0,0.0,0.0)},Gyroscope: {Time: 0, Status: 0, Value: (0.0,0.0,0.0)},Magnetic: {Time: 0, Status: 0, Value: (0.0,0.0,0.0)},Gravity: {Time: 0, Status: 0, Value: (0.0,0.0,0.0)}, Rotation: {Time: 0, Status: 0, Value: (0.0,0.0,0.0, 0.0)}}
0:00:06.109323 {Acceleration: {Time: 0, Status: 0, Value: (0.0,0.0,0.0)},Gyroscope: {Time: 0, Status: 0, Value: (0.0,0.0,0.0)},Magnetic: {Time: 0, Status: 0, Value: (0.0,0.0,0.0)},Gravity: {Time: 0, Status: 0, Value: (0.0,0.0,0.0)}, Rotation: {Time: 0, Status: 0, Value: (0.0,0.0,0.0, 0.0)}}
0:00:06.203054 {Acceleration: {Time: 0, Status: 0, Value: (0.0,0.0,0.0)},Gyroscope: {Time: 0, Status: 0, Value: (0.0,0.0,0.0)},Magnetic: {Time: 0, Status: 0, Value: (0.0,0.0,0.0)},Gravity: {Time: 0, Status: 0, Value: (0.0,0.0,0.0)}, Rotation: {Time: 0, Status: 0, Value: (0.0,0.0,0.0, 0.0)}}
0:00:06.281216 {Acceleration: {Time: 0, Status: 0, Value: (0.0,0.0,0.0)},Gyroscope: {Time: 0, Status: 0, Value: (0.0,0.0,0.0)},Magnetic: {Time: 0, Status: 0, Value: (0.0,0.0,0.0)},Gravity: {Time: 0, Status: 0, Value: (0.0,0.0,0.0)}, Rotation: {Time: 0, Status: 0, Value: (0.0,0.0,0.0, 0.0)}}
0:00:06.391163 {Acceleration: {Time: 0, Status: 0, Value: (0.0,0.0,0.0)},Gyroscope: {Time: 0, Status: 0, Value: (0.0,0.0,0.0)},Magnetic: {Time: 0, Status: 0, Value: (0.0,0.0,0.0)},Gravity: {Time: 0, Status: 0, Value: (0.0,0.0,0.0)}, Rotation: {Time: 0, Status: 0, Value: (0.0,0.0,0.0, 0.0)}}
0:00:06.469538 {Acceleration: {Time: 0, Status: 0, Value: (0.0,0.0,0.0)},Gyroscope: {Time: 0, Status: 0, Value: (0.0,0.0,0.0)},Magnetic: {Time: 0, Status: 0, Value: (0.0,0.0,0.0)},Gravity: {Time: 0, Status: 0, Value: (0.0,0.0,0.0)}, Rotation: {Time: 0, Status: 0, Value: (0.0,0.0,0.0, 0.0)}}
0:00:06.547589 {Acceleration: {Time: 0, Status: 0, Value: (0.0,0.0,0.0)},Gyroscope: {Time: 0, Status: 0, Value: (0.0,0.0,0.0)},Magnetic: {Time: 0, Status: 0, Value: (0.0,0.0,0.0)},Gravity: {Time: 0, Status: 0, Value: (0.0,0.0,0.0)}, Rotation: {Time: 0, Status: 0, Value: (0.0,0.0,0.0, 0.0)}}
0:00:06.657092 {Acceleration: {Time: 0, Status: 0, Value: (0.0,0.0,0.0)},Gyroscope: {Time: 0, Status: 0, Value: (0.0,0.0,0.0)},Magnetic: {Time: 0, Status: 0, Value: (0.0,0.0,0.0)},Gravity: {Time: 0, Status: 0, Value: (0.0,0.0,0.0)}, Rotation: {Time: 0, Status: 0, Value: (0.0,0.0,0.0, 0.0)}}
0:00:06.750701 {Acceleration: {Time: 0, Status: 0, Value: (0.0,0.0,0.0)},Gyroscope: {Time: 0, Status: 0, Value: (0.0,0.0,0.0)},Magnetic: {Time: 0, Status: 0, Value: (0.0,0.0,0.0)},Gravity: {Time: 0, Status: 0, Value: (0.0,0.0,0.0)}, Rotation: {Time: 0, Status: 0, Value: (0.0,0.0,0.0, 0.0)}}
0:00:06.828840 {Acceleration: {Time: 0, Status: 0, Value: (0.0,0.0,0.0)},Gyroscope: {Time: 0, Status: 0, Value: (0.0,0.0,0.0)},Magnetic: {Time: 0, Status: 0, Value: (0.0,0.0,0.0)},Gravity: {Time: 0, Status: 0, Value: (0.0,0.0,0.0)}, Rotation: {Time: 0, Status: 0, Value: (0.0,0.0,0.0, 0.0)}}
0:00:06.938214 {Acceleration: {Time: 0, Status: 0, Value: (0.0,0.0,0.0)},Gyroscope: {Time: 0, Status: 0, Value: (0.0,0.0,0.0)},Magnetic: {Time: 0, Status: 0, Value: (0.0,0.0,0.0)},Gravity: {Time: 0, Status: 0, Value: (0.0,0.0,0.0)}, Rotation: {Time: 0, Status: 0, Value: (0.0,0.0,0.0, 0.0)}}
0:00:07.031960 {Acceleration: {Time: 0, Status: 0, Value: (0.0,0.0,0.0)},Gyroscope: {Time: 0, Status: 0, Value: (0.0,0.0,0.0)},Magnetic: {Time: 0, Status: 0, Value: (0.0,0.0,0.0)},Gravity: {Time: 0, Status: 0, Value: (0.0,0.0,0.0)}, Rotation: {Time: 0, Status: 0, Value: (0.0,0.0,0.0, 0.0)}}
0:00:07.125710 {Acceleration: {Time: 0, Status: 0, Value: (0.0,0.0,0.0)},Gyroscope: {Time: 0, Status: 0, Value: (0.0,0.0,0.0)},Magnetic: {Time: 0, Status: 0, Value: (0.0,0.0,0.0)},Gravity: {Time: 0, Status: 0, Value: (0.0,0.0,0.0)}, Rotation: {Time: 0, Status: 0, Value: (0.0,0.0,0.0, 0.0)}}
0:00:07.219602 {Acceleration: {Time: 0, Status: 0, Value: (0.0,0.0,0.0)},Gyroscope: {Time: 0, Status: 0, Value: (0.0,0.0,0.0)},Magnetic: {Time: 0, Status: 0, Value: (0.0,0.0,0.0)},Gravity: {Time: 0, Status: 0, Value: (0.0,0.0,0.0)}, Rotation: {Time: 0, Status: 0, Value: (0.0,0.0,0.0, 0.0)}}
0:00:07.313215 {Acceleration: {Time: 0, Status: 0, Value: (0.0,0.0,0.0)},Gyroscope: {Time: 0, Status: 0, Value: (0.0,0.0,0.0)},Magnetic: {Time: 0, Status: 0, Value: (0.0,0.0,0.0)},Gravity: {Time: 0, Status: 0, Value: (0.0,0.0,0.0)}, Rotation: {Time: 0, Status: 0, Value: (0.0,0.0,0.0, 0.0)}}
0:00:07.407096 {Acceleration: {Time: 0, Status: 0, Value: (0.0,0.0,0.0)},Gyroscope: {Time: 0, Status: 0, Value: (0.0,0.0,0.0)},Magnetic: {Time: 0, Status: 0, Value: (0.0,0.0,0.0)},Gravity: {Time: 0, Status: 0, Value: (0.0,0.0,0.0)}, Rotation: {Time: 0, Status: 0, Value: (0.0,0.0,0.0, 0.0)}}
0:00:07.500714 {Acceleration: {Time: 0, Status: 0, Value: (0.0,0.0,0.0)},Gyroscope: {Time: 0, Status: 0, Value: (0.0,0.0,0.0)},Magnetic: {Time: 0, Status: 0, Value: (0.0,0.0,0.0)},Gravity: {Time: 0, Status: 0, Value: (0.0,0.0,0.0)}, Rotation: {Time: 0, Status: 0, Value: (0.0,0.0,0.0, 0.0)}}
0:00:07.594593 {Acceleration: {Time: 0, Status: 0, Value: (0.0,0.0,0.0)},Gyroscope: {Time: 0, Status: 0, Value: (0.0,0.0,0.0)},Magnetic: {Time: 0, Status: 0, Value: (0.0,0.0,0.0)},Gravity: {Time: 0, Status: 0, Value: (0.0,0.0,0.0)}, Rotation: {Time: 0, Status: 0, Value: (0.0,0.0,0.0, 0.0)}}
0:00:07.688214 {Acceleration: {Time: 0, Status: 0, Value: (0.0,0.0,0.0)},Gyroscope: {Time: 0, Status: 0, Value: (0.0,0.0,0.0)},Magnetic: {Time: 0, Status: 0, Value: (0.0,0.0,0.0)},Gravity: {Time: 0, Status: 0, Value: (0.0,0.0,0.0)}, Rotation: {Time: 0, Status: 0, Value: (0.0,0.0,0.0, 0.0)}}
0:00:07.782092 {Acceleration: {Time: 0, Status: 0, Value: (0.0,0.0,0.0)},Gyroscope: {Time: 0, Status: 0, Value: (0.0,0.0,0.0)},Magnetic: {Time: 0, Status: 0, Value: (0.0,0.0,0.0)},Gravity: {Time: 0, Status: 0, Value: (0.0,0.0,0.0)}, Rotation: {Time: 0, Status: 0, Value: (0.0,0.0,0.0, 0.0)}}
0:00:07.875715 {Acceleration: {Time: 0, Status: 0, Value: (0.0,0.0,0.0)},Gyroscope: {Time: 0, Status: 0, Value: (0.0,0.0,0.0)},Magnetic: {Time: 0, Status: 0, Value: (0.0,0.0,0.0)},Gravity: {Time: 0, Status: 0, Value: (0.0,0.0,0.0)}, Rotation: {Time: 0, Status: 0, Value: (0.0,0.0,0.0, 0.0)}}
0:00:07.969642 {Acceleration: {Time: 0, Status: 0, Value: (0.0,0.0,0.0)},Gyroscope: {Time: 0, Status: 0, Value: (0.0,0.0,0.0)},Magnetic: {Time: 0, Status: 0, Value: (0.0,0.0,0.0)},Gravity: {Time: 0, Status: 0, Value: (0.0,0.0,0.0)}, Rotation: {Time: 0, Status: 0, Value: (0.0,0.0,0.0, 0.0)}}
0:00:08.047659 {Acceleration: {Time: 0, Status: 0, Value: (0.0,0.0,0.0)},Gyroscope: {Time: 0, Status: 0, Value: (0.0,0.0,0.0)},Magnetic: {Time: 0, Status: 0, Value: (0.0,0.0,0.0)},Gravity: {Time: 0, Status: 0, Value: (0.0,0.0,0.0)}, Rotation: {Time: 0, Status: 0, Value: (0.0,0.0,0.0, 0.0)}}
0:00:08.141311 {Acceleration: {Time: 0, Status: 0, Value: (0.0,0.0,0.0)},Gyroscope: {Time: 0, Status: 0, Value: (0.0,0.0,0.0)},Magnetic: {Time: 0, Status: 0, Value: (0.0,0.0,0.0)},Gravity: {Time: 0, Status: 0, Value: (0.0,0.0,0.0)}, Rotation: {Time: 0, Status: 0, Value: (0.0,0.0,0.0, 0.0)}}
0:00:08.250714 {Acceleration: {Time: 0, Status: 0, Value: (0.0,0.0,0.0)},Gyroscope: {Time: 0, Status: 0, Value: (0.0,0.0,0.0)},Magnetic: {Time: 0, Status: 0, Value: (0.0,0.0,0.0)},Gravity: {Time: 0, Status: 0, Value: (0.0,0.0,0.0)}, Rotation: {Time: 0, Status: 0, Value: (0.0,0.0,0.0, 0.0)}}
0:00:08.328811 {Acceleration: {Time: 0, Status: 0, Value: (0.0,0.0,0.0)},Gyroscope: {Time: 0, Status: 0, Value: (0.0,0.0,0.0)},Magnetic: {Time: 0, Status: 0, Value: (0.0,0.0,0.0)},Gravity: {Time: 0, Status: 0, Value: (0.0,0.0,0.0)}, Rotation: {Time: 0, Status: 0, Value: (0.0,0.0,0.0, 0.0)}}
0:00:08.438330 {Acceleration: {Time: 0, Status: 0, Value: (0.0,0.0,0.0)},Gyroscope: {Time: 0, Status: 0, Value: (0.0,0.0,0.0)},Magnetic: {Time: 0, Status: 0, Value: (0.0,0.0,0.0)},Gravity: {Time: 0, Status: 0, Value: (0.0,0.0,0.0)}, Rotation: {Time: 0, Status: 0, Value: (0.0,0.0,0.0, 0.0)}}
0:00:08.531963 {Acceleration: {Time: 0, Status: 0, Value: (0.0,0.0,0.0)},Gyroscope: {Time: 0, Status: 0, Value: (0.0,0.0,0.0)},Magnetic: {Time: 0, Status: 0, Value: (0.0,0.0,0.0)},Gravity: {Time: 0, Status: 0, Value: (0.0,0.0,0.0)}, Rotation: {Time: 0, Status: 0, Value: (0.0,0.0,0.0, 0.0)}}
0:00:08.625714 {Acceleration: {Time: 0, Status: 0, Value: (0.0,0.0,0.0)},Gyroscope: {Time: 0, Status: 0, Value: (0.0,0.0,0.0)},Magnetic: {Time: 0, Status: 0, Value: (0.0,0.0,0.0)},Gravity: {Time: 0, Status: 0, Value: (0.0,0.0,0.0)}, Rotation: {Time: 0, Status: 0, Value: (0.0,0.0,0.0, 0.0)}}
0:00:08.719586 {Acceleration: {Time: 0, Status: 0, Value: (0.0,0.0,0.0)},Gyroscope: {Time: 0, Status: 0, Value: (0.0,0.0,0.0)},Magnetic: {Time: 0, Status: 0, Value: (0.0,0.0,0.0)},Gravity: {Time: 0, Status: 0, Value: (0.0,0.0,0.0)}, Rotation: {Time: 0, Status: 0, Value: (0.0,0.0,0.0, 0.0)}}
0:00:08.813214 {Acceleration: {Time: 0, Status: 0, Value: (0.0,0.0,0.0)},Gyroscope: {Time: 0, Status: 0, Value: (0.0,0.0,0.0)},Magnetic: {Time: 0, Status: 0, Value: (0.0,0.0,0.0)},Gravity: {Time: 0, Status: 0, Value: (0.0,0.0,0.0)}, Rotation: {Time: 0, Status: 0, Value: (0.0,0.0,0.0, 0.0)}}
0:00:08.907054 {Acceleration: {Time: 0, Status: 0, Value: (0.0,0.0,0.0)},Gyroscope: {Time: 0, Status: 0, Value: (0.0,0.0,0.0)},Magnetic: {Time: 0, Status: 0, Value: (0.0,0.0,0.0)},Gravity: {Time: 0, Status: 0, Value: (0.0,0.0,0.0)}, Rotation: {Time: 0, Status: 0, Value: (0.0,0.0,0.0, 0.0)}}
0:00:09.000714 {Acceleration: {Time: 0, Status: 0, Value: (0.0,0.0,0.0)},Gyroscope: {Time: 0, Status: 0, Value: (0.0,0.0,0.0)},Magnetic: {Time: 0, Status: 0, Value: (0.0,0.0,0.0)},Gravity: {Time: 0, Status: 0, Value: (0.0,0.0,0.0)}, Rotation: {Time: 0, Status: 0, Value: (0.0,0.0,0.0, 0.0)}}
0:00:09.094645 {Acceleration: {Time: 0, Status: 0, Value: (0.0,0.0,0.0)},Gyroscope: {Time: 0, Status: 0, Value: (0.0,0.0,0.0)},Magnetic: {Time: 0, Status: 0, Value: (0.0,0.0,0.0)},Gravity: {Time: 0, Status: 0, Value: (0.0,0.0,0.0)}, Rotation: {Time: 0, Status: 0, Value: (0.0,0.0,0.0, 0.0)}}
0:00:09.188215 {Acceleration: {Time: 0, Status: 0, Value: (0.0,0.0,0.0)},Gyroscope: {Time: 0, Status: 0, Value: (0.0,0.0,0.0)},Magnetic: {Time: 0, Status: 0, Value: (0.0,0.0,0.0)},Gravity: {Time: 0, Status: 0, Value: (0.0,0.0,0.0)}, Rotation: {Time: 0, Status: 0, Value: (0.0,0.0,0.0, 0.0)}}
0:00:09.282140 {Acceleration: {Time: 0, Status: 0, Value: (0.0,0.0,0.0)},Gyroscope: {Time: 0, Status: 0, Value: (0.0,0.0,0.0)},Magnetic: {Time: 0, Status: 0, Value: (0.0,0.0,0.0)},Gravity: {Time: 0, Status: 0, Value: (0.0,0.0,0.0)}, Rotation: {Time: 0, Status: 0, Value: (0.0,0.0,0.0, 0.0)}}
0:00:09.375713 {Acceleration: {Time: 0, Status: 0, Value: (0.0,0.0,0.0)},Gyroscope: {Time: 0, Status: 0, Value: (0.0,0.0,0.0)},Magnetic: {Time: 0, Status: 0, Value: (0.0,0.0,0.0)},Gravity: {Time: 0, Status: 0, Value: (0.0,0.0,0.0)}, Rotation: {Time: 0, Status: 0, Value: (0.0,0.0,0.0, 0.0)}}
0:00:09.469465 {Acceleration: {Time: 0, Status: 0, Value: (0.0,0.0,0.0)},Gyroscope: {Time: 0, Status: 0, Value: (0.0,0.0,0.0)},Magnetic: {Time: 0, Status: 0, Value: (0.0,0.0,0.0)},Gravity: {Time: 0, Status: 0, Value: (0.0,0.0,0.0)}, Rotation: {Time: 0, Status: 0, Value: (0.0,0.0,0.0, 0.0)}}
0:00:09.547557 {Acceleration: {Time: 0, Status: 0, Value: (0.0,0.0,0.0)},Gyroscope: {Time: 0, Status: 0, Value: (0.0,0.0,0.0)},Magnetic: {Time: 0, Status: 0, Value: (0.0,0.0,0.0)},Gravity: {Time: 0, Status: 0, Value: (0.0,0.0,0.0)}, Rotation: {Time: 0, Status: 0, Value: (0.0,0.0,0.0, 0.0)}}
0:00:09.656965 {Acceleration: {Time: 0, Status: 0, Value: (0.0,0.0,0.0)},Gyroscope: {Time: 0, Status: 0, Value: (0.0,0.0,0.0)},Magnetic: {Time: 0, Status: 0, Value: (0.0,0.0,0.0)},Gravity: {Time: 0, Status: 0, Value: (0.0,0.0,0.0)}, Rotation: {Time: 0, Status: 0, Value: (0.0,0.0,0.0, 0.0)}}
0:00:09.750882 {Acceleration: {Time: 0, Status: 0, Value: (0.0,0.0,0.0)},Gyroscope: {Time: 0, Status: 0, Value: (0.0,0.0,0.0)},Magnetic: {Time: 0, Status: 0, Value: (0.0,0.0,0.0)},Gravity: {Time: 0, Status: 0, Value: (0.0,0.0,0.0)}, Rotation: {Time: 0, Status: 0, Value: (0.0,0.0,0.0, 0.0)}}
0:00:09.844463 {Acceleration: {Time: 0, Status: 0, Value: (0.0,0.0,0.0)},Gyroscope: {Time: 0, Status: 0, Value: (0.0,0.0,0.0)},Magnetic: {Time: 0, Status: 0, Value: (0.0,0.0,0.0)},Gravity: {Time: 0, Status: 0, Value: (0.0,0.0,0.0)}, Rotation: {Time: 0, Status: 0, Value: (0.0,0.0,0.0, 0.0)}}
