Time, Frequency, Amplitude, Offset, PhaseShift, Phase
0:00:00.034403, 0.0, 1.401298464324817e-44, 90.00015258789062, 1.401298464324817e-44, 130795.4765625
0:00:00.132286, 0.0, 1.401298464324817e-44, 90.00015258789062, 1.401298464324817e-44, 130796.09375
0:00:00.232097, 0.0, 1.401298464324817e-44, 90.00015258789062, 1.401298464324817e-44, 130796.71875
0:00:00.343570, 0.0, 1.401298464324817e-44, 90.00015258789062, 1.401298464324817e-44, 130797.4140625
0:00:00.430204, 0.0, 1.401298464324817e-44, 90.00015258789062, 1.401298464324817e-44, 130797.9609375
0:00:00.555115, 0.0, 1.401298464324817e-44, 90.00015258789062, 1.401298464324817e-44, 130798.75
0:00:00.640811, 0.0, 1.401298464324817e-44, 90.00015258789062, 1.401298464324817e-44, 130799.2890625
0:00:00.755742, 0.0, 1.401298464324817e-44, 90.00015258789062, 1.401298464324817e-44, 130800.015625
0:00:00.843465, 0.0, 1.401298464324817e-44, 90.00015258789062, 1.401298464324817e-44, 130800.5703125
0:00:00.956573, 0.0, 1.401298464324817e-44, 90.00015258789062, 1.401298464324817e-44, 130801.2890625
0:00:01.043083, 0.0, 1.401298464324817e-44, 90.00015258789062, 1.401298464324817e-44, 130801.828125
0:00:01.156202, 0.0, 1.401298464324817e-44, 90.00015258789062, 1.401298464324817e-44, 130802.546875
0:00:01.239735, 0.0, 1.401298464324817e-44, 90.00015258789062, 1.401298464324817e-44, 130803.078125
0:00:01.364546, 0.0, 1.401298464324817e-44, 90.00015258789062, 1.401298464324817e-44, 130803.8671875
0:00:01.450128, 0.0, 1.401298464324817e-44, 90.00015258789062, 1.401298464324817e-44, 130804.4140625
0:00:01.545593, 0.0, 1.401298464324817e-44, 90.00015258789062, 1.401298464324817e-44, 130805.015625
0:00:01.656720, 0.0, 1.401298464324817e-44, 90.00015258789062, 1.401298464324817e-44, 130805.7109375
0:00:01.764030, 0.0, 1.401298464324817e-44, 90.00015258789062, 1.401298464324817e-44, 130806.390625
0:00:01.857951, 0.0, 1.401298464324817e-44, 90.00015258789062, 1.401298464324817e-44, 130806.9765625
0:00:01.956835, 0.0, 1.401298464324817e-44, 90.00015258789062, 1.401298464324817e-44, 130807.59375
0:00:02.056121, 0.0, 1.401298464324817e-44, 90.00015258789062, 1.401298464324817e-44, 130808.2109375
0:00:02.162380, 0.0, 1.401298464324817e-44, 90.00015258789062, 1.401298464324817e-44, 130808.8828125
0:00:02.275370, 0.0, 1.401298464324817e-44, 90.00015258789062, 1.401298464324817e-44, 130809.5859375
0:00:02.373346, 0.0, 1.401298464324817e-44, 90.00015258789062, 1.401298464324817e-44, 130810.203125
0:00:02.451191, 0.0, 1.401298464324817e-44, 90.00015258789062, 1.401298464324817e-44, 130810.6953125
0:00:02.577400, 0.0, 1.401298464324817e-44, 90.00015258789062, 1.401298464324817e-44, 130811.484375
0:00:02.677712, 0.0, 1.401298464324817e-44, 90.00015258789062, 1.401298464324817e-44, 130812.1171875
0:00:02.776010, 0.0, 1.401298464324817e-44, 90.00015258789062, 1.401298464324817e-44, 130812.7421875
0:00:02.876631, 0.0, 1.401298464324817e-44, 90.00015258789062, 1.401298464324817e-44, 130813.375
0:00:02.969386, 0.0, 1.401298464324817e-44, 90.00015258789062, 1.401298464324817e-44, 130813.9609375
0:00:03.082373, 0.0, 1.401298464324817e-44, 90.00015258789062, 1.401298464324817e-44, 130814.6796875
0:00:03.166950, 0.0, 1.401298464324817e-44, 90.00015258789062, 1.401298464324817e-44, 130815.2109375
0:00:03.282922, 0.0, 1.401298464324817e-44, 90.00015258789062, 1.401298464324817e-44, 130815.9375
0:00:03.370600, 0.0, 1.401298464324817e-44, 90.00015258789062, 1.401298464324817e-44, 130816.5
0:00:03.478962, 0.0, 1.401298464324817e-44, 90.00015258789062, 1.401298464324817e-44, 130817.1796875
0:00:03.570065, 0.0, 1.401298464324817e-44, 90.00015258789062, 1.401298464324817e-44, 130817.75
0:00:03.681991, 0.0, 1.401298464324817e-44, 90.00015258789062, 1.401298464324817e-44, 130818.453125
0:00:03.765619, 0.0, 1.401298464324817e-44, 90.00015258789062, 1.401298464324817e-44, 130818.984375
0:00:03.867292, 0.0, 1.401298464324817e-44, 90.00015258789062, 1.401298464324817e-44, 130819.6328125
0:00:03.983608, 0.0, 1.401298464324817e-44, 90.00015258789062, 1.401298464324817e-44, 130820.3671875
0:00:04.068965, 0.0, 1.401298464324817e-44, 90.00015258789062, 1.401298464324817e-44, 130820.90625
0:00:04.194008, 0.0, 1.401298464324817e-44, 90.00015258789062, 1.401298464324817e-44, 130821.6953125
0:00:04.278395, 0.0, 1.401298464324817e-44, 90.00015258789062, 1.401298464324817e-44, 130822.234375
0:00:04.377873, 0.0, 1.401298464324817e-44, 90.00015258789062, 1.401298464324817e-44, 130822.859375
0:00:04.467467, 0.0, 1.401298464324817e-44, 90.00015258789062, 1.401298464324817e-44, 130823.4296875
0:00:04.573773, 0.0, 1.401298464324817e-44, 90.00015258789062, 1.401298464324817e-44, 130824.1015625
0:00:04.680698, 0.0, 1.401298464324817e-44, 90.00015258789062, 1.401298464324817e-44, 130824.7734375
0:00:04.789089, 0.0, 1.401298464324817e-44, 90.00015258789062, 1.401298464324817e-44, 130825.453125
0:00:04.879603, 0.0, 1.401298464324817e-44, 90.00015258789062, 1.401298464324817e-44, 130826.0234375
0:00:04.977080, 0.0, 1.401298464324817e-44, 90.00015258789062, 1.401298464324817e-44, 130826.6328125
0:00:05.076455, 0.0, 1.401298464324817e-44, 90.00015258789062, 1.401298464324817e-44, 130827.2578125
0:00:05.196452, 0.0, 1.401298464324817e-44, 90.00015258789062, 1.401298464324817e-44, 130828.015625
0:00:05.303784, 0.0, 1.401298464324817e-44, 90.00015258789062, 1.401298464324817e-44, 130828.6953125
0:00:05.388399, 0.0, 1.401298464324817e-44, 90.00015258789062, 1.401298464324817e-44, 130829.234375
0:00:05.487118, 0.0, 1.401298464324817e-44, 90.00015258789062, 1.401298464324817e-44, 130829.8515625
0:00:05.601120, 0.0, 1.401298464324817e-44, 90.00015258789062, 1.401298464324817e-44, 130830.5703125
0:00:05.689668, 0.0, 1.401298464324817e-44, 90.00015258789062, 1.401298464324817e-44, 130831.1328125
0:00:05.784084, 0.0, 1.401298464324817e-44, 90.00015258789062, 1.401298464324817e-44, 130831.734375
0:00:05.898232, 0.0, 1.401298464324817e-44, 90.00015258789062, 1.401298464324817e-44, 130832.453125
0:00:06.011246, 0.0, 1.401298464324817e-44, 90.00015258789062, 1.401298464324817e-44, 130833.1640625
0:00:06.096653, 0.0, 1.401298464324817e-44, 90.00015258789062, 1.401298464324817e-44, 130833.703125
0:00:06.208621, 0.0, 1.401298464324817e-44, 90.00015258789062, 1.401298464324817e-44, 130834.40625
0:00:06.295189, 0.0, 1.401298464324817e-44, 90.00015258789062, 1.401298464324817e-44, 130834.953125
0:00:06.409123, 0.0, 1.401298464324817e-44, 90.00015258789062, 1.401298464324817e-44, 130835.671875
0:00:06.492654, 0.0, 1.401298464324817e-44, 90.00015258789062, 1.401298464324817e-44, 130836.203125
0:00:06.615559, 0.0, 1.401298464324817e-44, 90.00015258789062, 1.401298464324817e-44, 130836.984375
0:00:06.703964, 0.0, 1.401298464324817e-44, 90.00015258789062, 1.401298464324817e-44, 130837.5390625
0:00:06.817919, 0.0, 1.401298464324817e-44, 90.00015258789062, 1.401298464324817e-44, 130838.2578125
0:00:06.899785, 0.0, 1.401298464324817e-44, 90.00015258789062, 1.401298464324817e-44, 130838.7734375
0:00:07.015015, 0.0, 1.401298464324817e-44, 90.00015258789062, 1.401298464324817e-44, 130839.5
0:00:07.121187, 0.0, 1.401298464324817e-44, 90.00015258789062, 1.401298464324817e-44, 130840.171875
0:00:07.207734, 0.0, 1.401298464324817e-44, 90.00015258789062, 1.401298464324817e-44, 130840.71875
0:00:07.301789, 0.0, 1.401298464324817e-44, 90.00015258789062, 1.401298464324817e-44, 130841.3125
0:00:07.418753, 0.0, 1.401298464324817e-44, 90.00015258789062, 1.401298464324817e-44, 130842.0546875
0:00:07.504383, 0.0, 1.401298464324817e-44, 90.00015258789062, 1.401298464324817e-44, 130842.59375
0:00:07.619307, 0.0, 1.401298464324817e-44, 90.00015258789062, 1.401298464324817e-44, 130843.3203125
0:00:07.708795, 0.0, 1.401298464324817e-44, 90.00015258789062, 1.401298464324817e-44, 130843.875
0:00:07.808257, 0.0, 1.401298464324817e-44, 90.00015258789062, 1.401298464324817e-44, 130844.5
0:00:07.923166, 0.0, 1.401298464324817e-44, 90.00015258789062, 1.401298464324817e-44, 130845.234375
0:00:08.017702, 0.0, 1.401298464324817e-44, 90.00015258789062, 1.401298464324817e-44, 130845.828125
0:00:08.130760, 0.0, 1.401298464324817e-44, 90.00015258789062, 1.401298464324817e-44, 130846.546875
0:00:08.218144, 0.0, 1.401298464324817e-44, 90.00015258789062, 1.401298464324817e-44, 130847.09375
0:00:08.318890, 0.0, 1.401298464324817e-44, 90.00015258789062, 1.401298464324817e-44, 130847.734375
0:00:08.418307, 0.0, 1.401298464324817e-44, 90.00015258789062, 1.401298464324817e-44, 130848.3515625
0:00:08.533178, 0.0, 1.401298464324817e-44, 90.00015258789062, 1.401298464324817e-44, 130849.078125
0:00:08.620755, 0.0, 1.401298464324817e-44, 90.00015258789062, 1.401298464324817e-44, 130849.6328125
0:00:08.735515, 0.0, 1.401298464324817e-44, 90.00015258789062, 1.401298464324817e-44, 130850.34375
0:00:08.819438, 0.0, 1.401298464324817e-44, 90.00015258789062, 1.401298464324817e-44, 130850.8828125
0:00:08.919814, 0.0, 1.401298464324817e-44, 90.00015258789062, 1.401298464324817e-44, 130851.5078125
0:00:09.019149, 0.0, 1.401298464324817e-44, 90.00015258789062, 1.401298464324817e-44, 130852.1328125
0:00:09.135135, 0.0, 1.401298464324817e-44, 90.00015258789062, 1.401298464324817e-44, 130852.8671875
0:00:09.218624, 0.0, 1.401298464324817e-44, 90.00015258789062, 1.401298464324817e-44, 130853.3984375
0:00:09.342755, 0.0, 1.401298464324817e-44, 90.00015258789062, 1.401298464324817e-44, 130854.1953125
0:00:09.426409, 0.0, 1.401298464324817e-44, 90.00015258789062, 1.401298464324817e-44, 130854.71875
0:00:09.544486, 0.0, 1.401298464324817e-44, 90.00015258789062, 1.401298464324817e-44, 130855.4609375
0:00:09.628989, 0.0, 1.401298464324817e-44, 90.00015258789062, 1.401298464324817e-44, 130855.9921875
0:00:09.746999, 0.0, 1.401298464324817e-44, 90.00015258789062, 1.401298464324817e-44, 130856.7421875
0:00:09.834575, 0.0, 1.401298464324817e-44, 90.00015258789062, 1.401298464324817e-44, 130857.296875
0:00:09.949600, 0.0, 1.401298464324817e-44, 90.00015258789062, 1.401298464324817e-44, 130858.015625
0:00:10.049216, 0.0, 1.401298464324817e-44, 90.00015258789062, 1.401298464324817e-44, 130858.640625
0:00:10.136792, 0.0, 1.401298464324817e-44, 90.00015258789062, 1.401298464324817e-44, 130859.1953125
0:00:10.250658, 0.0, 1.401298464324817e-44, 90.00015258789062, 1.401298464324817e-44, 130859.9140625
0:00:10.348495, 0.0, 1.401298464324817e-44, 90.00015258789062, 1.401298464324817e-44, 130860.53125
0:00:10.447016, 0.0, 1.401298464324817e-44, 90.00015258789062, 1.401298464324817e-44, 130861.15625
0:00:10.538551, 0.0, 1.401298464324817e-44, 90.00015258789062, 1.401298464324817e-44, 130861.7421875
0:00:10.636430, 0.0, 1.401298464324817e-44, 90.00015258789062, 1.401298464324817e-44, 130862.3515625
0:00:10.753453, 0.0, 1.401298464324817e-44, 90.00015258789062, 1.401298464324817e-44, 130863.1015625
0:00:10.836155, 0.0, 1.401298464324817e-44, 90.00015258789062, 1.401298464324817e-44, 130863.6171875
0:00:10.933775, 0.0, 1.401298464324817e-44, 90.00015258789062, 1.401298464324817e-44, 130864.234375
0:00:11.059867, 0.0, 1.401298464324817e-44, 90.00015258789062, 1.401298464324817e-44, 130865.03125
0:00:11.159357, 0.0, 1.401298464324817e-44, 90.00015258789062, 1.401298464324817e-44, 130865.6640625
0:00:11.243884, 0.0, 1.401298464324817e-44, 90.00015258789062, 1.401298464324817e-44, 130866.1953125
0:00:11.339186, 0.0, 1.401298464324817e-44, 90.00015258789062, 1.401298464324817e-44, 130866.796875
0:00:11.439820, 0.0, 1.401298464324817e-44, 90.00015258789062, 1.401298464324817e-44, 130867.4296875
0:00:11.540282, 0.0, 1.401298464324817e-44, 90.00015258789062, 1.401298464324817e-44, 130868.0546875
0:00:11.656237, 0.0, 1.401298464324817e-44, 90.00015258789062, 1.401298464324817e-44, 130868.7890625
0:00:11.742752, 0.0, 1.401298464324817e-44, 90.00015258789062, 1.401298464324817e-44, 130869.3359375
0:00:11.851298, 0.0, 1.401298464324817e-44, 90.00015258789062, 1.401298464324817e-44, 130870.0078125
0:00:11.948802, 0.0, 1.401298464324817e-44, 90.00015258789062, 1.401298464324817e-44, 130870.625
0:00:12.050546, 0.0, 1.401298464324817e-44, 90.00015258789062, 1.401298464324817e-44, 130871.265625
0:00:12.166523, 0.0, 1.401298464324817e-44, 90.00015258789062, 1.401298464324817e-44, 130872.0
0:00:12.253177, 0.0, 1.401298464324817e-44, 90.00015258789062, 1.401298464324817e-44, 130872.546875
0:00:12.353050, 0.0, 1.401298464324817e-44, 90.00015258789062, 1.401298464324817e-44, 130873.171875
0:00:12.470037, 0.0, 1.401298464324817e-44, 90.00015258789062, 1.401298464324817e-44, 130873.90625
0:00:12.552036, 0.0, 1.401298464324817e-44, 90.00015258789062, 1.401298464324817e-44, 130874.421875
0:00:12.668163, 0.0, 1.401298464324817e-44, 90.00015258789062, 1.401298464324817e-44, 130875.15625
0:00:12.755470, 0.0, 1.401298464324817e-44, 90.00015258789062, 1.401298464324817e-44, 130875.7109375
0:00:12.852407, 0.0, 1.401298464324817e-44, 90.00015258789062, 1.401298464324817e-44, 130876.3203125
0:00:12.976585, 0.0, 1.401298464324817e-44, 90.00015258789062, 1.401298464324817e-44, 130877.1015625
0:00:13.063029, 0.0, 1.401298464324817e-44, 90.00015258789062, 1.401298464324817e-44, 130877.6484375
0:00:13.174835, 0.0, 1.401298464324817e-44, 90.00015258789062, 1.401298464324817e-44, 130878.359375
0:00:13.271186, 0.0, 1.401298464324817e-44, 90.00015258789062, 1.401298464324817e-44, 130878.96875
0:00:13.370865, 0.0, 1.401298464324817e-44, 90.00015258789062, 1.401298464324817e-44, 130879.6015625
0:00:13.456479, 0.0, 1.401298464324817e-44, 90.00015258789062, 1.401298464324817e-44, 130880.140625
0:00:13.573367, 0.0, 1.401298464324817e-44, 90.00015258789062, 1.401298464324817e-44, 130880.875
0:00:13.671023, 0.0, 1.401298464324817e-44, 90.00015258789062, 1.401298464324817e-44, 130881.484375
0:00:13.761735, 0.0, 1.401298464324817e-44, 90.00015258789062, 1.401298464324817e-44, 130882.0625
0:00:13.879710, 0.0, 1.401298464324817e-44, 90.00015258789062, 1.401298464324817e-44, 130882.8046875
0:00:13.975385, 0.0, 1.401298464324817e-44, 90.00015258789062, 1.401298464324817e-44, 130883.40625
0:00:14.068189, 0.0, 1.401298464324817e-44, 90.00015258789062, 1.401298464324817e-44, 130883.984375
0:00:14.181089, 0.0, 1.401298464324817e-44, 90.00015258789062, 1.401298464324817e-44, 130884.7109375
0:00:14.266719, 0.0, 1.401298464324817e-44, 90.00015258789062, 1.401298464324817e-44, 130885.25
0:00:14.380669, 0.0, 1.401298464324817e-44, 90.00015258789062, 1.401298464324817e-44, 130885.96875
0:00:14.468347, 0.0, 1.401298464324817e-44, 90.00015258789062, 1.401298464324817e-44, 130886.5234375
0:00:14.581293, 0.0, 1.401298464324817e-44, 90.00015258789062, 1.401298464324817e-44, 130887.234375
0:00:14.671852, 0.0, 1.401298464324817e-44, 90.00015258789062, 1.401298464324817e-44, 130887.8046875
0:00:14.786782, 0.0, 1.401298464324817e-44, 90.00015258789062, 1.401298464324817e-44, 130888.53125
0:00:14.874464, 0.0, 1.401298464324817e-44, 90.00015258789062, 1.401298464324817e-44, 130889.0859375
0:00:14.982705, 0.0, 1.401298464324817e-44, 90.00015258789062, 1.401298464324817e-44, 130889.765625
0:00:15.092632, 0.0, 1.401298464324817e-44, 90.00015258789062, 1.401298464324817e-44, 130890.453125
0:00:15.180725, 0.0, 1.401298464324817e-44, 90.00015258789062, 1.401298464324817e-44, 130891.0078125
0:00:15.270832, 0.0, 1.401298464324817e-44, 90.00015258789062, 1.401298464324817e-44, 130891.5703125
0:00:15.387734, 0.0, 1.401298464324817e-44, 90.00015258789062, 1.401298464324817e-44, 130892.3125
0:00:15.473412, 0.0, 1.401298464324817e-44, 90.00015258789062, 1.401298464324817e-44, 130892.859375
0:00:15.597075, 0.0, 1.401298464324817e-44, 90.00015258789062, 1.401298464324817e-44, 130893.6484375
0:00:15.683708, 0.0, 1.401298464324817e-44, 90.00015258789062, 1.401298464324817e-44, 130894.203125
0:00:15.778203, 0.0, 1.401298464324817e-44, 90.00015258789062, 1.401298464324817e-44, 130894.796875
0:00:15.886534, 0.0, 1.401298464324817e-44, 90.00015258789062, 1.401298464324817e-44, 130895.484375
0:00:16.002654, 0.0, 1.401298464324817e-44, 90.00015258789062, 1.401298464324817e-44, 130896.2109375
0:00:16.089027, 0.0, 1.401298464324817e-44, 90.00015258789062, 1.401298464324817e-44, 130896.7578125
0:00:16.196302, 0.0, 1.401298464324817e-44, 90.00015258789062, 1.401298464324817e-44, 130897.4375
0:00:16.281969, 0.0, 1.401298464324817e-44, 90.00015258789062, 1.401298464324817e-44, 130897.96875
0:00:16.401907, 0.0, 1.401298464324817e-44, 90.00015258789062, 1.401298464324817e-44, 130898.7265625
0:00:16.500602, 0.0, 1.401298464324817e-44, 90.00015258789062, 1.401298464324817e-44, 130899.34375
0:00:16.611620, 0.0, 1.401298464324817e-44, 90.00015258789062, 1.401298464324817e-44, 130900.0390625
0:00:16.699164, 0.0, 1.401298464324817e-44, 90.00015258789062, 1.401298464324817e-44, 130900.59375
0:00:16.812052, 0.0, 1.401298464324817e-44, 90.00015258789062, 1.401298464324817e-44, 130901.3046875
0:00:16.905218, 0.0, 1.401298464324817e-44, 90.00015258789062, 1.401298464324817e-44, 130901.8828125
0:00:17.017103, 0.0, 1.401298464324817e-44, 90.00015258789062, 1.401298464324817e-44, 130902.59375
0:00:17.113063, 0.0, 1.401298464324817e-44, 90.00015258789062, 1.401298464324817e-44, 130903.1953125
0:00:17.212239, 0.0, 1.401298464324817e-44, 90.00015258789062, 1.401298464324817e-44, 130903.828125
0:00:17.303045, 0.0, 1.401298464324817e-44, 90.00015258789062, 1.401298464324817e-44, 130904.3984375
0:00:17.413356, 0.0, 1.401298464324817e-44, 90.00015258789062, 1.401298464324817e-44, 130905.09375
0:00:17.513768, 0.0, 1.401298464324817e-44, 90.00015258789062, 1.401298464324817e-44, 130905.7265625
0:00:17.612193, 0.0, 1.401298464324817e-44, 90.00015258789062, 1.401298464324817e-44, 130906.34375
0:00:17.705983, 0.0, 1.401298464324817e-44, 90.00015258789062, 1.401298464324817e-44, 130906.9296875
0:00:17.820898, 0.0, 1.401298464324817e-44, 90.00015258789062, 1.401298464324817e-44, 130907.6484375
0:00:17.906471, 0.0, 1.401298464324817e-44, 90.00015258789062, 1.401298464324817e-44, 130908.1796875
0:00:18.026224, 0.0, 1.401298464324817e-44, 90.00015258789062, 1.401298464324817e-44, 130908.9375
0:00:18.123564, 0.0, 1.401298464324817e-44, 90.00015258789062, 1.401298464324817e-44, 130909.5546875
0:00:18.222222, 0.0, 1.401298464324817e-44, 90.00015258789062, 1.401298464324817e-44, 130910.171875
0:00:18.322387, 0.0, 1.401298464324817e-44, 90.00015258789062, 1.401298464324817e-44, 130910.796875
0:00:18.418735, 0.0, 1.401298464324817e-44, 90.00015258789062, 1.401298464324817e-44, 130911.4140625
0:00:18.535775, 0.0, 1.401298464324817e-44, 90.00015258789062, 1.401298464324817e-44, 130912.1484375
0:00:18.633080, 0.0, 1.401298464324817e-44, 90.00015258789062, 1.401298464324817e-44, 130912.7578125
0:00:18.731507, 0.0, 1.401298464324817e-44, 90.00015258789062, 1.401298464324817e-44, 130913.375
0:00:18.820230, 0.0, 1.401298464324817e-44, 90.00015258789062, 1.401298464324817e-44, 130913.9375
0:00:18.933204, 0.0, 1.401298464324817e-44, 90.00015258789062, 1.401298464324817e-44, 130914.65625
0:00:19.021832, 0.0, 1.401298464324817e-44, 90.00015258789062, 1.401298464324817e-44, 130915.21875
0:00:19.134799, 0.0, 1.401298464324817e-44, 90.00015258789062, 1.401298464324817e-44, 130915.9296875
0:00:19.216616, 0.0, 1.401298464324817e-44, 90.00015258789062, 1.401298464324817e-44, 130916.4375
0:00:19.329593, 0.0, 1.401298464324817e-44, 90.00015258789062, 1.401298464324817e-44, 130917.1484375
0:00:19.436000, 0.0, 1.401298464324817e-44, 90.00015258789062, 1.401298464324817e-44, 130917.8125
0:00:19.524398, 0.0, 1.401298464324817e-44, 90.00015258789062, 1.401298464324817e-44, 130918.3671875
0:00:19.623206, 0.0, 1.401298464324817e-44, 90.00015258789062, 1.401298464324817e-44, 130918.984375
0:00:19.726252, 0.0, 1.401298464324817e-44, 90.00015258789062, 1.401298464324817e-44, 130919.6484375
0:00:19.834502, 0.0, 1.401298464324817e-44, 90.00015258789062, 1.401298464324817e-44, 130920.328125
0:00:19.942874, 0.0, 1.401298464324817e-44, 90.00015258789062, 1.401298464324817e-44, 130921.0078125
0:00:20.036236, 0.0, 1.401298464324817e-44, 90.00015258789062, 1.401298464324817e-44, 130921.6015625
0:00:20.133992, 0.0, 1.401298464324817e-44, 90.00015258789062, 1.401298464324817e-44, 130922.21875
0:00:20.249852, 0.0, 1.401298464324817e-44, 90.00015258789062, 1.401298464324817e-44, 130922.9453125
0:00:20.336503, 0.0, 1.401298464324817e-44, 90.00015258789062, 1.401298464324817e-44, 130923.4921875
0:00:20.449355, 0.0, 1.401298464324817e-44, 90.00015258789062, 1.401298464324817e-44, 130924.2109375
0:00:20.534348, 0.0, 1.401298464324817e-44, 90.00015258789062, 1.401298464324817e-44, 130924.7421875
0:00:20.647237, 0.0, 1.401298464324817e-44, 90.00015258789062, 1.401298464324817e-44, 130925.4609375
0:00:20.732806, 0.0, 1.401298464324817e-44, 90.00015258789062, 1.401298464324817e-44, 130926.0078125
0:00:20.832544, 0.0, 1.401298464324817e-44, 90.00015258789062, 1.401298464324817e-44, 130926.640625
0:00:20.946386, 0.0, 1.401298464324817e-44, 90.00015258789062, 1.401298464324817e-44, 130927.3515625
0:00:21.032891, 0.0, 1.401298464324817e-44, 90.00015258789062, 1.401298464324817e-44, 130927.8984375
0:00:21.133576, 0.0, 1.401298464324817e-44, 90.00015258789062, 1.401298464324817e-44, 130928.5390625
0:00:21.255741, 0.0, 1.401298464324817e-44, 90.00015258789062, 1.401298464324817e-44, 130929.3046875
0:00:21.353501, 0.0, 1.401298464324817e-44, 90.00015258789062, 1.401298464324817e-44, 130929.921875
0:00:21.447236, 0.0, 1.401298464324817e-44, 90.00015258789062, 1.401298464324817e-44, 130930.515625
0:00:21.563324, 0.0, 1.401298464324817e-44, 90.00015258789062, 1.401298464324817e-44, 130931.2421875
0:00:21.646835, 0.0, 1.401298464324817e-44, 90.00015258789062, 1.401298464324817e-44, 130931.7734375
0:00:21.743223, 0.0, 1.401298464324817e-44, 90.00015258789062, 1.401298464324817e-44, 130932.375
0:00:21.840782, 0.0, 1.401298464324817e-44, 90.00015258789062, 1.401298464324817e-44, 130932.9921875
0:00:21.942440, 0.0, 1.401298464324817e-44, 90.00015258789062, 1.401298464324817e-44, 130933.640625
0:00:22.057432, 0.0, 1.401298464324817e-44, 90.00015258789062, 1.401298464324817e-44, 130934.3671875
0:00:22.153246, 0.0, 1.401298464324817e-44, 90.00015258789062, 1.401298464324817e-44, 130934.96875
0:00:22.264568, 0.0, 1.401298464324817e-44, 90.00015258789062, 1.401298464324817e-44, 130935.6640625
0:00:22.372985, 0.0, 1.401298464324817e-44, 90.00015258789062, 1.401298464324817e-44, 130936.34375
0:00:22.470874, 0.0, 1.401298464324817e-44, 90.00015258789062, 1.401298464324817e-44, 130936.96875
0:00:22.548743, 0.0, 1.401298464324817e-44, 90.00015258789062, 1.401298464324817e-44, 130937.4609375
0:00:22.673910, 0.0, 1.401298464324817e-44, 90.00015258789062, 1.401298464324817e-44, 130938.2421875
0:00:22.767762, 0.0, 1.401298464324817e-44, 90.00015258789062, 1.401298464324817e-44, 130938.8359375
0:00:22.876029, 0.0, 1.401298464324817e-44, 90.00015258789062, 1.401298464324817e-44, 130939.515625
0:00:22.973609, 0.0, 1.401298464324817e-44, 90.00015258789062, 1.401298464324817e-44, 130940.125
0:00:23.074157, 0.0, 1.401298464324817e-44, 90.00015258789062, 1.401298464324817e-44, 130940.7578125
0:00:23.158691, 0.0, 1.401298464324817e-44, 90.00015258789062, 1.401298464324817e-44, 130941.296875
0:00:23.267060, 0.0, 1.401298464324817e-44, 90.00015258789062, 1.401298464324817e-44, 130941.9765625
0:00:23.354653, 0.0, 1.401298464324817e-44, 90.00015258789062, 1.401298464324817e-44, 130942.53125
0:00:23.471518, 0.0, 1.401298464324817e-44, 90.00015258789062, 1.401298464324817e-44, 130943.2734375
0:00:23.561101, 0.0, 1.401298464324817e-44, 90.00015258789062, 1.401298464324817e-44, 130943.8359375
0:00:23.674059, 0.0, 1.401298464324817e-44, 90.00015258789062, 1.401298464324817e-44, 130944.5546875
0:00:23.761644, 0.0, 1.401298464324817e-44, 90.00015258789062, 1.401298464324817e-44, 130945.1171875
0:00:23.875729, 0.0, 1.401298464324817e-44, 90.00015258789062, 1.401298464324817e-44, 130945.8359375
0:00:23.971055, 0.0, 1.401298464324817e-44, 90.00015258789062, 1.401298464324817e-44, 130946.4375
0:00:24.085035, 0.0, 1.401298464324817e-44, 90.00015258789062, 1.401298464324817e-44, 130947.15625
0:00:24.168530, 0.0, 1.401298464324817e-44, 90.00015258789062, 1.401298464324817e-44, 130947.6875
0:00:24.264895, 0.0, 1.401298464324817e-44, 90.00015258789062, 1.401298464324817e-44, 130948.2890625
0:00:24.389801, 0.0, 1.401298464324817e-44, 90.00015258789062, 1.401298464324817e-44, 130949.078125
0:00:24.486426, 0.0, 1.401298464324817e-44, 90.00015258789062, 1.401298464324817e-44, 130949.6875
0:00:24.585058, 0.0, 1.401298464324817e-44, 90.00015258789062, 1.401298464324817e-44, 130950.3046875
0:00:24.675690, 0.0, 1.401298464324817e-44, 90.00015258789062, 1.401298464324817e-44, 130950.8671875
0:00:24.787853, 0.0, 1.401298464324817e-44, 90.00015258789062, 1.401298464324817e-44, 130951.5859375
0:00:24.869848, 0.0, 1.401298464324817e-44, 90.00015258789062, 1.401298464324817e-44, 130952.1015625
0:00:24.983845, 0.0, 1.401298464324817e-44, 90.00015258789062, 1.401298464324817e-44, 130952.8203125
0:00:25.081716, 0.0, 1.401298464324817e-44, 90.00015258789062, 1.401298464324817e-44, 130953.4453125
0:00:25.192133, 0.0, 1.401298464324817e-44, 90.00015258789062, 1.401298464324817e-44, 130954.140625
0:00:25.276758, 0.0, 1.401298464324817e-44, 90.00015258789062, 1.401298464324817e-44, 130954.6796875
0:00:25.390942, 0.0, 1.401298464324817e-44, 90.00015258789062, 1.401298464324817e-44, 130955.3984375
0:00:25.478452, 0.0, 1.401298464324817e-44, 90.00015258789062, 1.401298464324817e-44, 130955.953125
0:00:25.587393, 0.0, 1.401298464324817e-44, 90.00015258789062, 1.401298464324817e-44, 130956.6328125
0:00:25.696690, 0.0, 1.401298464324817e-44, 90.00015258789062, 1.401298464324817e-44, 130957.3203125
0:00:25.786366, 0.0, 1.401298464324817e-44, 90.00015258789062, 1.401298464324817e-44, 130957.890625
0:00:25.885330, 0.0, 1.401298464324817e-44, 90.00015258789062, 1.401298464324817e-44, 130958.515625
0:00:26.005741, 0.0, 1.401298464324817e-44, 90.00015258789062, 1.401298464324817e-44, 130959.2734375
0:00:26.104301, 0.0, 1.401298464324817e-44, 90.00015258789062, 1.401298464324817e-44, 130959.890625
0:00:26.188874, 0.0, 1.401298464324817e-44, 90.00015258789062, 1.401298464324817e-44, 130960.4296875
0:00:26.312733, 0.0, 1.401298464324817e-44, 90.00015258789062, 1.401298464324817e-44, 130961.2109375
0:00:26.394601, 0.0, 1.401298464324817e-44, 90.00015258789062, 1.401298464324817e-44, 130961.734375
0:00:26.507572, 0.0, 1.401298464324817e-44, 90.00015258789062, 1.401298464324817e-44, 130962.4453125
0:00:26.605458, 0.0, 1.401298464324817e-44, 90.00015258789062, 1.401298464324817e-44, 130963.0546875
0:00:26.704667, 0.0, 1.401298464324817e-44, 90.00015258789062, 1.401298464324817e-44, 130963.6796875
0:00:26.812959, 0.0, 1.401298464324817e-44, 90.00015258789062, 1.401298464324817e-44, 130964.359375
0:00:26.895851, 0.0, 1.401298464324817e-44, 90.00015258789062, 1.401298464324817e-44, 130964.8828125
0:00:27.009829, 0.0, 1.401298464324817e-44, 90.00015258789062, 1.401298464324817e-44, 130965.609375
0:00:27.107495, 0.0, 1.401298464324817e-44, 90.00015258789062, 1.401298464324817e-44, 130966.21875
0:00:27.205743, 0.0, 1.401298464324817e-44, 90.00015258789062, 1.401298464324817e-44, 130966.8359375
0:00:27.299469, 0.0, 1.401298464324817e-44, 90.00015258789062, 1.401298464324817e-44, 130967.421875
0:00:27.416499, 0.0, 1.401298464324817e-44, 90.00015258789062, 1.401298464324817e-44, 130968.15625
0:00:27.511831, 0.0, 1.401298464324817e-44, 90.00015258789062, 1.401298464324817e-44, 130968.765625
0:00:27.626694, 0.0, 1.401298464324817e-44, 90.00015258789062, 1.401298464324817e-44, 130969.484375
0:00:27.724822, 0.0, 1.401298464324817e-44, 90.00015258789062, 1.401298464324817e-44, 130970.1015625
0:00:27.825478, 0.0, 1.401298464324817e-44, 90.00015258789062, 1.401298464324817e-44, 130970.734375
0:00:27.917254, 0.0, 1.401298464324817e-44, 90.00015258789062, 1.401298464324817e-44, 130971.3203125
0:00:28.029164, 0.0, 1.401298464324817e-44, 90.00015258789062, 1.401298464324817e-44, 130972.0234375
0:00:28.115695, 0.0, 1.401298464324817e-44, 90.00015258789062, 1.401298464324817e-44, 130972.5703125
0:00:28.216199, 0.0, 1.401298464324817e-44, 90.00015258789062, 1.401298464324817e-44, 130973.203125
0:00:28.318790, 0.0, 1.401298464324817e-44, 90.00015258789062, 1.401298464324817e-44, 130973.84375
0:00:28.426199, 0.0, 1.401298464324817e-44, 90.00015258789062, 1.401298464324817e-44, 130974.5234375
0:00:28.518372, 0.0, 1.401298464324817e-44, 90.00015258789062, 1.401298464324817e-44, 130975.1015625
0:00:28.632420, 0.0, 1.401298464324817e-44, 90.00015258789062, 1.401298464324817e-44, 130975.828125
0:00:28.716830, 0.0, 1.401298464324817e-44, 90.00015258789062, 1.401298464324817e-44, 130976.3671875
0:00:28.838138, 0.0, 1.401298464324817e-44, 90.00015258789062, 1.401298464324817e-44, 130977.125
0:00:28.936339, 0.0, 1.401298464324817e-44, 90.00015258789062, 1.401298464324817e-44, 130977.75
0:00:29.036564, 0.0, 1.401298464324817e-44, 90.00015258789062, 1.401298464324817e-44, 130978.3828125
0:00:29.128395, 0.0, 1.401298464324817e-44, 90.00015258789062, 1.401298464324817e-44, 130978.9609375
0:00:29.217839, 0.0, 1.401298464324817e-44, 90.00015258789062, 1.401298464324817e-44, 130979.53125
0:00:29.326177, 0.0, 1.401298464324817e-44, 90.00015258789062, 1.401298464324817e-44, 130980.21875
0:00:29.425587, 0.0, 1.401298464324817e-44, 90.00015258789062, 1.401298464324817e-44, 130980.8515625
0:00:29.533886, 0.0, 1.401298464324817e-44, 90.00015258789062, 1.401298464324817e-44, 130981.53125
0:00:29.646838, 0.0, 1.401298464324817e-44, 90.00015258789062, 1.401298464324817e-44, 130982.2421875
0:00:29.746383, 0.0, 1.401298464324817e-44, 90.00015258789062, 1.401298464324817e-44, 130982.8671875
0:00:29.830918, 0.0, 1.401298464324817e-44, 90.00015258789062, 1.401298464324817e-44, 130983.3984375
0:00:29.928317, 0.0, 1.401298464324817e-44, 90.00015258789062, 1.401298464324817e-44, 130984.015625
0:00:30.027015, 0.0, 1.401298464324817e-44, 90.00015258789062, 1.401298464324817e-44, 130984.6328125
0:00:30.147275, 0.0, 1.401298464324817e-44, 90.00015258789062, 1.401298464324817e-44, 130985.390625
0:00:30.238314, 0.0, 1.401298464324817e-44, 90.00015258789062, 1.401298464324817e-44, 130985.9609375
0:00:30.346576, 0.0, 1.401298464324817e-44, 90.00015258789062, 1.401298464324817e-44, 130986.640625
0:00:30.447327, 0.0, 1.401298464324817e-44, 90.00015258789062, 1.401298464324817e-44, 130987.2734375
0:00:30.541418, 0.0, 1.401298464324817e-44, 90.00015258789062, 1.401298464324817e-44, 130987.8671875
0:00:30.656339, 0.0, 1.401298464324817e-44, 90.00015258789062, 1.401298464324817e-44, 130988.5859375
0:00:30.745941, 0.0, 1.401298464324817e-44, 90.00015258789062, 1.401298464324817e-44, 130989.15625
0:00:30.859846, 0.0, 1.401298464324817e-44, 90.00015258789062, 1.401298464324817e-44, 130989.875
0:00:30.948436, 0.0, 1.401298464324817e-44, 90.00015258789062, 1.401298464324817e-44, 130990.4296875
0:00:31.046849, 0.0, 1.401298464324817e-44, 90.00015258789062, 1.401298464324817e-44, 130991.046875
0:00:31.147541, 0.0, 1.401298464324817e-44, 90.00015258789062, 1.401298464324817e-44, 130991.6796875
0:00:31.247140, 0.0, 1.401298464324817e-44, 90.00015258789062, 1.401298464324817e-44, 130992.3046875
0:00:31.346329, 0.0, 1.401298464324817e-44, 90.00015258789062, 1.401298464324817e-44, 130992.9296875
0:00:31.460464, 0.0, 1.401298464324817e-44, 90.00015258789062, 1.401298464324817e-44, 130993.6484375
0:00:31.556316, 0.0, 1.401298464324817e-44, 90.00015258789062, 1.401298464324817e-44, 130994.25
0:00:31.656000, 0.0, 1.401298464324817e-44, 90.00015258789062, 1.401298464324817e-44, 130994.875
0:00:31.757629, 0.0, 1.401298464324817e-44, 90.00015258789062, 1.401298464324817e-44, 130995.5078125
0:00:31.847363, 0.0, 1.401298464324817e-44, 90.00015258789062, 1.401298464324817e-44, 130996.0625
0:00:31.964329, 0.0, 1.401298464324817e-44, 90.00015258789062, 1.401298464324817e-44, 130996.8046875
0:00:32.052008, 0.0, 1.401298464324817e-44, 90.00015258789062, 1.401298464324817e-44, 130997.3515625
0:00:32.161880, 0.0, 1.401298464324817e-44, 90.00015258789062, 1.401298464324817e-44, 130998.046875
0:00:32.247461, 0.0, 1.401298464324817e-44, 90.00015258789062, 1.401298464324817e-44, 130998.5859375
0:00:32.368555, 0.0, 1.401298464324817e-44, 90.00015258789062, 1.401298464324817e-44, 130999.3515625
0:00:32.450364, 0.0, 1.401298464324817e-44, 90.00015258789062, 1.401298464324817e-44, 130999.8671875
0:00:32.558641, 0.0, 1.401298464324817e-44, 90.00015258789062, 1.401298464324817e-44, 131000.546875
0:00:32.674581, 0.0, 1.401298464324817e-44, 90.00015258789062, 1.401298464324817e-44, 131001.28125
0:00:32.760188, 0.0, 1.401298464324817e-44, 90.00015258789062, 1.401298464324817e-44, 131001.828125
0:00:32.857881, 0.0, 1.401298464324817e-44, 90.00015258789062, 1.401298464324817e-44, 131002.4375
0:00:32.957351, 0.0, 1.401298464324817e-44, 90.00015258789062, 1.401298464324817e-44, 131003.0625
0:00:33.068632, 0.0, 1.401298464324817e-44, 90.00015258789062, 1.401298464324817e-44, 131003.7734375
0:00:33.178918, 0.0, 1.401298464324817e-44, 90.00015258789062, 1.401298464324817e-44, 131004.46875
0:00:33.264513, 0.0, 1.401298464324817e-44, 90.00015258789062, 1.401298464324817e-44, 131005.015625
0:00:33.377441, 0.0, 1.401298464324817e-44, 90.00015258789062, 1.401298464324817e-44, 131005.7265625
0:00:33.477368, 0.0, 1.401298464324817e-44, 90.00015258789062, 1.401298464324817e-44, 131006.359375
0:00:33.565998, 0.0, 1.401298464324817e-44, 90.00015258789062, 1.401298464324817e-44, 131006.921875
0:00:33.687353, 0.0, 1.401298464324817e-44, 90.00015258789062, 1.401298464324817e-44, 131007.6796875
0:00:33.790892, 0.0, 1.401298464324817e-44, 90.00015258789062, 1.401298464324817e-44, 131008.3359375
0:00:33.887597, 0.0, 1.401298464324817e-44, 90.00015258789062, 1.401298464324817e-44, 131008.9453125
0:00:33.980638, 0.0, 1.401298464324817e-44, 90.00015258789062, 1.401298464324817e-44, 131009.53125
0:00:34.088755, 0.0, 1.401298464324817e-44, 90.00015258789062, 1.401298464324817e-44, 131010.2109375
0:00:34.188532, 0.0, 1.401298464324817e-44, 90.00015258789062, 1.401298464324817e-44, 131010.8359375
0:00:34.277124, 0.0, 1.401298464324817e-44, 90.00015258789062, 1.401298464324817e-44, 131011.3828125
0:00:34.382352, 0.0, 1.401298464324817e-44, 90.00015258789062, 1.401298464324817e-44, 131012.0546875
0:00:34.468973, 0.0, 1.401298464324817e-44, 90.00015258789062, 1.401298464324817e-44, 131012.59375
0:00:34.588967, 0.0, 1.401298464324817e-44, 90.00015258789062, 1.401298464324817e-44, 131013.34375
0:00:34.680205, 0.0, 1.401298464324817e-44, 90.00015258789062, 1.401298464324817e-44, 131013.9296875
0:00:34.794227, 0.0, 1.401298464324817e-44, 90.00015258789062, 1.401298464324817e-44, 131014.6484375
0:00:34.882715, 0.0, 1.401298464324817e-44, 90.00015258789062, 1.401298464324817e-44, 131015.203125
0:00:34.989968, 0.0, 1.401298464324817e-44, 90.00015258789062, 1.401298464324817e-44, 131015.8828125
0:00:35.071931, 0.0, 1.401298464324817e-44, 90.00015258789062, 1.401298464324817e-44, 131016.390625
0:00:35.185728, 0.0, 1.401298464324817e-44, 90.00015258789062, 1.401298464324817e-44, 131017.109375
0:00:35.295053, 0.0, 1.401298464324817e-44, 90.00015258789062, 1.401298464324817e-44, 131017.7890625
0:00:35.403336, 0.0, 1.401298464324817e-44, 90.00015258789062, 1.401298464324817e-44, 131018.4765625
0:00:35.499018, 0.0, 1.401298464324817e-44, 90.00015258789062, 1.401298464324817e-44, 131019.078125
0:00:35.598441, 0.0, 1.401298464324817e-44, 90.00015258789062, 1.401298464324817e-44, 131019.703125
0:00:35.682964, 0.0, 1.401298464324817e-44, 90.00015258789062, 1.401298464324817e-44, 131020.234375
0:00:35.809769, 0.0, 1.401298464324817e-44, 90.00015258789062, 1.401298464324817e-44, 131021.03125
0:00:35.896369, 0.0, 1.401298464324817e-44, 90.00015258789062, 1.401298464324817e-44, 131021.5859375
0:00:36.002588, 0.0, 1.401298464324817e-44, 90.00015258789062, 1.401298464324817e-44, 131022.25
0:00:36.091213, 0.0, 1.401298464324817e-44, 90.00015258789062, 1.401298464324817e-44, 131022.8125
0:00:36.210176, 0.0, 1.401298464324817e-44, 90.00015258789062, 1.401298464324817e-44, 131023.5625
0:00:36.299728, 0.0, 1.401298464324817e-44, 90.00015258789062, 1.401298464324817e-44, 131024.1328125
0:00:36.399213, 0.0, 1.401298464324817e-44, 90.00015258789062, 1.401298464324817e-44, 131024.75
0:00:36.513236, 0.0, 1.401298464324817e-44, 90.00015258789062, 1.401298464324817e-44, 131025.4765625
0:00:36.594162, 0.0, 1.401298464324817e-44, 90.00015258789062, 1.401298464324817e-44, 131025.9921875
0:00:36.708321, 0.0, 1.401298464324817e-44, 90.00015258789062, 1.401298464324817e-44, 131026.7109375
0:00:36.806339, 0.0, 1.401298464324817e-44, 90.00015258789062, 1.401298464324817e-44, 131027.328125
0:00:36.892974, 0.0, 1.401298464324817e-44, 90.00015258789062, 1.401298464324817e-44, 131027.875
0:00:37.012337, 0.0, 1.401298464324817e-44, 90.00015258789062, 1.401298464324817e-44, 131028.6328125
0:00:37.096920, 0.0, 1.401298464324817e-44, 90.00015258789062, 1.401298464324817e-44, 131029.171875
0:00:37.201541, 0.0, 1.401298464324817e-44, 90.00015258789062, 1.401298464324817e-44, 131029.828125
0:00:37.312539, 0.0, 1.401298464324817e-44, 90.00015258789062, 1.401298464324817e-44, 131030.5234375
0:00:37.408256, 0.0, 1.401298464324817e-44, 90.00015258789062, 1.401298464324817e-44, 131031.1328125
0:00:37.521268, 0.0, 1.401298464324817e-44, 90.00015258789062, 1.401298464324817e-44, 131031.8515625
0:00:37.610850, 0.0, 1.401298464324817e-44, 90.00015258789062, 1.401298464324817e-44, 131032.4140625
0:00:37.722853, 0.0, 1.401298464324817e-44, 90.00015258789062, 1.401298464324817e-44, 131033.1171875
0:00:37.829474, 0.0, 1.401298464324817e-44, 90.00015258789062, 1.401298464324817e-44, 131033.7890625
0:00:37.917055, 0.0, 1.401298464324817e-44, 90.00015258789062, 1.401298464324817e-44, 131034.34375
0:00:38.030042, 0.0, 1.401298464324817e-44, 90.00015258789062, 1.401298464324817e-44, 131035.0546875
0:00:38.115668, 0.0, 1.401298464324817e-44, 90.00015258789062, 1.401298464324817e-44, 131035.6015625
0:00:38.203229, 0.0, 1.401298464324817e-44, 90.00015258789062, 1.401298464324817e-44, 131036.15625
0:00:38.314145, 0.0, 1.401298464324817e-44, 90.00015258789062, 1.401298464324817e-44, 131036.859375
0:00:38.409505, 0.0, 1.401298464324817e-44, 90.00015258789062, 1.401298464324817e-44, 131037.4609375
0:00:38.532589, 0.0, 1.401298464324817e-44, 90.00015258789062, 1.401298464324817e-44, 131038.234375
0:00:38.630215, 0.0, 1.401298464324817e-44, 90.00015258789062, 1.401298464324817e-44, 131038.8515625
0:00:38.721948, 0.0, 1.401298464324817e-44, 90.00015258789062, 1.401298464324817e-44, 131039.4296875
0:00:38.809540, 0.0, 1.401298464324817e-44, 90.00015258789062, 1.401298464324817e-44, 131039.984375
0:00:38.924522, 0.0, 1.401298464324817e-44, 90.00015258789062, 1.401298464324817e-44, 131040.7109375
0:00:39.012164, 0.0, 1.401298464324817e-44, 90.00015258789062, 1.401298464324817e-44, 131041.265625
0:00:39.124176, 0.0, 1.401298464324817e-44, 90.00015258789062, 1.401298464324817e-44, 131041.9765625
0:00:39.220756, 0.0, 1.401298464324817e-44, 90.00015258789062, 1.401298464324817e-44, 131042.5859375
0:00:39.336702, 0.0, 1.401298464324817e-44, 90.00015258789062, 1.401298464324817e-44, 131043.3125
0:00:39.417587, 0.0, 1.401298464324817e-44, 90.00015258789062, 1.401298464324817e-44, 131043.8203125
0:00:39.529546, 0.0, 1.401298464324817e-44, 90.00015258789062, 1.401298464324817e-44, 131044.53125
0:00:39.640852, 0.0, 1.401298464324817e-44, 90.00015258789062, 1.401298464324817e-44, 131045.234375
0:00:39.739448, 0.0, 1.401298464324817e-44, 90.00015258789062, 1.401298464324817e-44, 131045.8515625
0:00:39.840048, 0.0, 1.401298464324817e-44, 90.00015258789062, 1.401298464324817e-44, 131046.484375
0:00:39.927665, 0.0, 1.401298464324817e-44, 90.00015258789062, 1.401298464324817e-44, 131047.0390625
0:00:40.039977, 0.0, 1.401298464324817e-44, 90.00015258789062, 1.401298464324817e-44, 131047.7421875
0:00:40.124486, 0.0, 1.401298464324817e-44, 90.00015258789062, 1.401298464324817e-44, 131048.28125
0:00:40.222762, 0.0, 1.401298464324817e-44, 90.00015258789062, 1.401298464324817e-44, 131048.890625
0:00:40.320501, 0.0, 1.401298464324817e-44, 90.00015258789062, 1.401298464324817e-44, 131049.5078125
0:00:40.442576, 0.0, 1.401298464324817e-44, 90.00015258789062, 1.401298464324817e-44, 131050.28125
0:00:40.539388, 0.0, 1.401298464324817e-44, 90.00015258789062, 1.401298464324817e-44, 131050.890625
0:00:40.651400, 0.0, 1.401298464324817e-44, 90.00015258789062, 1.401298464324817e-44, 131051.6015625
0:00:40.736907, 0.0, 1.401298464324817e-44, 90.00015258789062, 1.401298464324817e-44, 131052.140625
0:00:40.851875, 0.0, 1.401298464324817e-44, 90.00015258789062, 1.401298464324817e-44, 131052.8671875
0:00:40.949745, 0.0, 1.401298464324817e-44, 90.00015258789062, 1.401298464324817e-44, 131053.484375
0:00:41.041743, 0.0, 1.401298464324817e-44, 90.00015258789062, 1.401298464324817e-44, 131054.0703125
0:00:41.157759, 0.0, 1.401298464324817e-44, 90.00015258789062, 1.401298464324817e-44, 131054.8046875
0:00:41.245300, 0.0, 1.401298464324817e-44, 90.00015258789062, 1.401298464324817e-44, 131055.359375
0:00:41.357312, 0.0, 1.401298464324817e-44, 90.00015258789062, 1.401298464324817e-44, 131056.0625
0:00:41.442909, 0.0, 1.401298464324817e-44, 90.00015258789062, 1.401298464324817e-44, 131056.6015625
0:00:41.557922, 0.0, 1.401298464324817e-44, 90.00015258789062, 1.401298464324817e-44, 131057.3203125
0:00:41.640505, 0.0, 1.401298464324817e-44, 90.00015258789062, 1.401298464324817e-44, 131057.84375
0:00:41.756472, 0.0, 1.401298464324817e-44, 90.00015258789062, 1.401298464324817e-44, 131058.578125
0:00:41.840993, 0.0, 1.401298464324817e-44, 90.00015258789062, 1.401298464324817e-44, 131059.109375
0:00:41.941420, 0.0, 1.401298464324817e-44, 90.00015258789062, 1.401298464324817e-44, 131059.7421875
0:00:42.063550, 0.0, 1.401298464324817e-44, 90.00015258789062, 1.401298464324817e-44, 131060.515625
0:00:42.161281, 0.0, 1.401298464324817e-44, 90.00015258789062, 1.401298464324817e-44, 131061.1328125
0:00:42.252971, 0.0, 1.401298464324817e-44, 90.00015258789062, 1.401298464324817e-44, 131061.7109375
0:00:42.367030, 0.0, 1.401298464324817e-44, 90.00015258789062, 1.401298464324817e-44, 131062.4296875
0:00:42.455781, 0.0, 1.401298464324817e-44, 90.00015258789062, 1.401298464324817e-44, 131062.9921875
0:00:42.562898, 0.0, 1.401298464324817e-44, 90.00015258789062, 1.401298464324817e-44, 131063.6640625
0:00:42.651480, 0.0, 1.401298464324817e-44, 90.00015258789062, 1.401298464324817e-44, 131064.21875
0:00:42.746264, 0.0, 1.401298464324817e-44, 90.00015258789062, 1.401298464324817e-44, 131064.8125
0:00:42.862119, 0.0, 1.401298464324817e-44, 90.00015258789062, 1.401298464324817e-44, 131065.546875
0:00:42.954120, 0.0, 1.401298464324817e-44, 90.00015258789062, 1.401298464324817e-44, 131066.125
0:00:43.062419, 0.0, 1.401298464324817e-44, 90.00015258789062, 1.401298464324817e-44, 131066.8046875
0:00:43.162307, 0.0, 1.401298464324817e-44, 90.00015258789062, 1.401298464324817e-44, 131067.4296875
0:00:43.270467, 0.0, 1.401298464324817e-44, 90.00015258789062, 1.401298464324817e-44, 131068.125
0:00:43.359038, 0.0, 1.401298464324817e-44, 90.00015258789062, 1.401298464324817e-44, 131068.6875
0:00:43.463389, 0.0, 1.401298464324817e-44, 90.00015258789062, 1.401298464324817e-44, 131069.3515625
0:00:43.579524, 0.0, 1.401298464324817e-44, 90.00015258789062, 1.401298464324817e-44, 131070.078125
0:00:43.666967, 0.0, 1.401298464324817e-44, 90.00015258789062, 1.401298464324817e-44, 131070.625
0:00:43.781906, 0.0, 1.401298464324817e-44, 90.00015258789062, 1.401298464324817e-44, 131071.3515625
0:00:43.873497, 0.0, 1.401298464324817e-44, 90.00015258789062, 1.401298464324817e-44, 131071.9296875
0:00:43.969799, 0.0, 1.401298464324817e-44, 90.00015258789062, 1.401298464324817e-44, 131072.53125
0:00:44.078955, 0.0, 1.401298464324817e-44, 90.00015258789062, 1.401298464324817e-44, 131073.203125
0:00:44.164569, 0.0, 1.401298464324817e-44, 90.00015258789062, 1.401298464324817e-44, 131073.734375
0:00:44.261684, 0.0, 1.401298464324817e-44, 90.00015258789062, 1.401298464324817e-44, 131074.359375
0:00:44.389796, 0.0, 1.401298464324817e-44, 90.00015258789062, 1.401298464324817e-44, 131075.15625
0:00:44.468733, 0.0, 1.401298464324817e-44, 90.00015258789062, 1.401298464324817e-44, 131075.65625
0:00:44.581737, 0.0, 1.401298464324817e-44, 90.00015258789062, 1.401298464324817e-44, 131076.359375
0:00:44.681208, 0.0, 1.401298464324817e-44, 90.00015258789062, 1.401298464324817e-44, 131076.984375
0:00:44.789534, 0.0, 1.401298464324817e-44, 90.00015258789062, 1.401298464324817e-44, 131077.65625
0:00:44.873085, 0.0, 1.401298464324817e-44, 90.00015258789062, 1.401298464324817e-44, 131078.1875
0:00:44.983459, 0.0, 1.401298464324817e-44, 90.00015258789062, 1.401298464324817e-44, 131078.859375
0:00:45.082097, 0.0, 1.401298464324817e-44, 90.00015258789062, 1.401298464324817e-44, 131079.46875
0:00:45.182818, 0.0, 1.401298464324817e-44, 90.00015258789062, 1.401298464324817e-44, 131080.09375
0:00:45.273582, 0.0, 1.401298464324817e-44, 90.00015258789062, 1.401298464324817e-44, 131080.65625
0:00:45.381844, 0.0, 1.401298464324817e-44, 90.00015258789062, 1.401298464324817e-44, 131081.34375
0:00:45.482780, 0.0, 1.401298464324817e-44, 90.00015258789062, 1.401298464324817e-44, 131081.96875
0:00:45.598734, 0.0, 1.401298464324817e-44, 90.00015258789062, 1.401298464324817e-44, 131082.703125
0:00:45.677570, 0.0, 1.401298464324817e-44, 90.00015258789062, 1.401298464324817e-44, 131083.203125
0:00:45.803564, 0.0, 1.401298464324817e-44, 90.00015258789062, 1.401298464324817e-44, 131083.96875
0:00:45.894302, 0.0, 1.401298464324817e-44, 90.00015258789062, 1.401298464324817e-44, 131084.53125
0:00:46.003609, 0.0, 1.401298464324817e-44, 90.00015258789062, 1.401298464324817e-44, 131085.21875
0:00:46.103133, 0.0, 1.401298464324817e-44, 90.00015258789062, 1.401298464324817e-44, 131085.84375
0:00:46.191715, 0.0, 1.401298464324817e-44, 90.00015258789062, 1.401298464324817e-44, 131086.390625
0:00:46.289331, 0.0, 1.401298464324817e-44, 90.00015258789062, 1.401298464324817e-44, 131087.0
0:00:46.394691, 0.0, 1.401298464324817e-44, 90.00015258789062, 1.401298464324817e-44, 131087.65625
0:00:46.490009, 0.0, 1.401298464324817e-44, 90.00015258789062, 1.401298464324817e-44, 131088.25
0:00:46.603991, 0.0, 1.401298464324817e-44, 90.00015258789062, 1.401298464324817e-44, 131088.953125
0:00:46.704416, 0.0, 1.401298464324817e-44, 90.00015258789062, 1.401298464324817e-44, 131089.578125
0:00:46.800513, 0.0, 1.401298464324817e-44, 90.00015258789062, 1.401298464324817e-44, 131090.171875
0:00:46.902081, 0.0, 1.401298464324817e-44, 90.00015258789062, 1.401298464324817e-44, 131090.8125
0:00:46.989748, 0.0, 1.401298464324817e-44, 90.00015258789062, 1.401298464324817e-44, 131091.359375
0:00:47.095972, 0.0, 1.401298464324817e-44, 90.00015258789062, 1.401298464324817e-44, 131092.03125
0:00:47.212942, 0.0, 1.401298464324817e-44, 90.00015258789062, 1.401298464324817e-44, 131092.765625
0:00:47.294864, 0.0, 1.401298464324817e-44, 90.00015258789062, 1.401298464324817e-44, 131093.28125
0:00:47.408869, 0.0, 1.401298464324817e-44, 90.00015258789062, 1.401298464324817e-44, 131094.0
0:00:47.497420, 0.0, 1.401298464324817e-44, 90.00015258789062, 1.401298464324817e-44, 131094.546875
0:00:47.593823, 0.0, 1.401298464324817e-44, 90.00015258789062, 1.401298464324817e-44, 131095.15625
0:00:47.718806, 0.0, 1.401298464324817e-44, 90.00015258789062, 1.401298464324817e-44, 131095.921875
0:00:47.806459, 0.0, 1.401298464324817e-44, 90.00015258789062, 1.401298464324817e-44, 131096.46875
0:00:47.915685, 0.0, 1.401298464324817e-44, 90.00015258789062, 1.401298464324817e-44, 131097.15625
0:00:48.003314, 0.0, 1.401298464324817e-44, 90.00015258789062, 1.401298464324817e-44, 131097.703125
0:00:48.119318, 0.0, 1.401298464324817e-44, 90.00015258789062, 1.401298464324817e-44, 131098.4375
0:00:48.205908, 0.0, 1.401298464324817e-44, 90.00015258789062, 1.401298464324817e-44, 131098.96875
0:00:48.316464, 0.0, 1.401298464324817e-44, 90.00015258789062, 1.401298464324817e-44, 131099.671875
0:00:48.412579, 0.0, 1.401298464324817e-44, 90.00015258789062, 1.401298464324817e-44, 131100.265625
0:00:48.512283, 0.0, 1.401298464324817e-44, 90.00015258789062, 1.401298464324817e-44, 131100.890625
0:00:48.616527, 0.0, 1.401298464324817e-44, 90.00015258789062, 1.401298464324817e-44, 131101.53125
0:00:48.714037, 0.0, 1.401298464324817e-44, 90.00015258789062, 1.401298464324817e-44, 131102.140625
0:00:48.806768, 0.0, 1.401298464324817e-44, 90.00015258789062, 1.401298464324817e-44, 131102.734375
0:00:48.922697, 0.0, 1.401298464324817e-44, 90.00015258789062, 1.401298464324817e-44, 131103.453125
0:00:49.034615, 0.0, 1.401298464324817e-44, 90.00015258789062, 1.401298464324817e-44, 131104.171875
0:00:49.115466, 0.0, 1.401298464324817e-44, 90.00015258789062, 1.401298464324817e-44, 131104.671875
0:00:49.229471, 0.0, 1.401298464324817e-44, 90.00015258789062, 1.401298464324817e-44, 131105.375
0:00:49.316977, 0.0, 1.401298464324817e-44, 90.00015258789062, 1.401298464324817e-44, 131105.921875
0:00:49.413712, 0.0, 1.401298464324817e-44, 90.00015258789062, 1.401298464324817e-44, 131106.515625
0:00:49.514335, 0.0, 1.401298464324817e-44, 90.00015258789062, 1.401298464324817e-44, 131107.15625
0:00:49.636583, 0.0, 1.401298464324817e-44, 90.00015258789062, 1.401298464324817e-44, 131107.921875
0:00:49.733317, 0.0, 1.401298464324817e-44, 90.00015258789062, 1.401298464324817e-44, 131108.53125
0:00:49.826359, 0.0, 1.401298464324817e-44, 90.00015258789062, 1.401298464324817e-44, 131109.109375
0:00:49.941319, 0.0, 1.401298464324817e-44, 90.00015258789062, 1.401298464324817e-44, 131109.84375
0:00:50.026881, 0.0, 1.401298464324817e-44, 90.00015258789062, 1.401298464324817e-44, 131110.390625
0:00:50.124711, 0.0, 1.401298464324817e-44, 90.00015258789062, 1.401298464324817e-44, 131111.0
0:00:50.237945, 0.0, 1.401298464324817e-44, 90.00015258789062, 1.401298464324817e-44, 131111.703125
0:00:50.328043, 0.0, 1.401298464324817e-44, 90.00015258789062, 1.401298464324817e-44, 131112.265625
0:00:50.424667, 0.0, 1.401298464324817e-44, 90.00015258789062, 1.401298464324817e-44, 131112.875
0:00:50.549802, 0.0, 1.401298464324817e-44, 90.00015258789062, 1.401298464324817e-44, 131113.65625
0:00:50.637332, 0.0, 1.401298464324817e-44, 90.00015258789062, 1.401298464324817e-44, 131114.203125
0:00:50.734651, 0.0, 1.401298464324817e-44, 90.00015258789062, 1.401298464324817e-44, 131114.8125
0:00:50.834033, 0.0, 1.401298464324817e-44, 90.00015258789062, 1.401298464324817e-44, 131115.4375
0:00:50.926750, 0.0, 1.401298464324817e-44, 90.00015258789062, 1.401298464324817e-44, 131116.015625
0:00:51.038664, 0.0, 1.401298464324817e-44, 90.00015258789062, 1.401298464324817e-44, 131116.71875
0:00:51.135117, 0.0, 1.401298464324817e-44, 90.00015258789062, 1.401298464324817e-44, 131117.3125
0:00:51.243525, 0.0, 1.401298464324817e-44, 90.00015258789062, 1.401298464324817e-44, 131117.984375
0:00:51.331025, 0.0, 1.401298464324817e-44, 90.00015258789062, 1.401298464324817e-44, 131118.53125
0:00:51.443939, 0.0, 1.401298464324817e-44, 90.00015258789062, 1.401298464324817e-44, 131119.25
0:00:51.551361, 0.0, 1.401298464324817e-44, 90.00015258789062, 1.401298464324817e-44, 131119.921875
0:00:51.635914, 0.0, 1.401298464324817e-44, 90.00015258789062, 1.401298464324817e-44, 131120.453125
0:00:51.744354, 0.0, 1.401298464324817e-44, 90.00015258789062, 1.401298464324817e-44, 131121.125
0:00:51.845362, 0.0, 1.401298464324817e-44, 90.00015258789062, 1.401298464324817e-44, 131121.765625
0:00:51.938696, 0.0, 1.401298464324817e-44, 90.00015258789062, 1.401298464324817e-44, 131122.34375
0:00:52.060835, 0.0, 1.401298464324817e-44, 90.00015258789062, 1.401298464324817e-44, 131123.109375
0:00:52.148484, 0.0, 1.401298464324817e-44, 90.00015258789062, 1.401298464324817e-44, 131123.65625
0:00:52.265478, 0.0, 1.401298464324817e-44, 90.00015258789062, 1.401298464324817e-44, 131124.40625
0:00:52.361914, 0.0, 1.401298464324817e-44, 90.00015258789062, 1.401298464324817e-44, 131125.0
0:00:52.450509, 0.0, 1.401298464324817e-44, 90.00015258789062, 1.401298464324817e-44, 131125.5625
0:00:52.557749, 0.0, 1.401298464324817e-44, 90.00015258789062, 1.401298464324817e-44, 131126.234375
0:00:52.646388, 0.0, 1.401298464324817e-44, 90.00015258789062, 1.401298464324817e-44, 131126.796875
0:00:52.751710, 0.0, 1.401298464324817e-44, 90.00015258789062, 1.401298464324817e-44, 131127.453125
0:00:52.865658, 0.0, 1.401298464324817e-44, 90.00015258789062, 1.401298464324817e-44, 131128.171875
0:00:52.965389, 0.0, 1.401298464324817e-44, 90.00015258789062, 1.401298464324817e-44, 131128.796875
0:00:53.054046, 0.0, 1.401298464324817e-44, 90.00015258789062, 1.401298464324817e-44, 131129.359375
0:00:53.167970, 0.0, 1.401298464324817e-44, 90.00015258789062, 1.401298464324817e-44, 131130.078125
0:00:53.252630, 0.0, 1.401298464324817e-44, 90.00015258789062, 1.401298464324817e-44, 131130.59375
0:00:53.367528, 0.0, 1.401298464324817e-44, 90.00015258789062, 1.401298464324817e-44, 131131.3125
0:00:53.455065, 0.0, 1.401298464324817e-44, 90.00015258789062, 1.401298464324817e-44, 131131.875
0:00:53.583112, 0.0, 1.401298464324817e-44, 90.00015258789062, 1.401298464324817e-44, 131132.6875
0:00:53.669723, 0.0, 1.401298464324817e-44, 90.00015258789062, 1.401298464324817e-44, 131133.234375
0:00:53.765138, 0.0, 1.401298464324817e-44, 90.00015258789062, 1.401298464324817e-44, 131133.84375
0:00:53.876154, 0.0, 1.401298464324817e-44, 90.00015258789062, 1.401298464324817e-44, 131134.515625
0:00:53.957176, 0.0, 1.401298464324817e-44, 90.00015258789062, 1.401298464324817e-44, 131135.015625
0:00:54.067510, 0.0, 1.401298464324817e-44, 90.00015258789062, 1.401298464324817e-44, 131135.71875
0:00:54.180643, 0.0, 1.401298464324817e-44, 90.00015258789062, 1.401298464324817e-44, 131136.4375
0:00:54.267221, 0.0, 1.401298464324817e-44, 90.00015258789062, 1.401298464324817e-44, 131136.984375
0:00:54.358902, 0.0, 1.401298464324817e-44, 90.00015258789062, 1.401298464324817e-44, 131137.546875
0:00:54.468286, 0.0, 1.401298464324817e-44, 90.00015258789062, 1.401298464324817e-44, 131138.234375
0:00:54.579585, 0.0, 1.401298464324817e-44, 90.00015258789062, 1.401298464324817e-44, 131138.9375
0:00:54.665151, 0.0, 1.401298464324817e-44, 90.00015258789062, 1.401298464324817e-44, 131139.484375
0:00:54.765856, 0.0, 1.401298464324817e-44, 90.00015258789062, 1.401298464324817e-44, 131140.109375
0:00:54.880919, 0.0, 1.401298464324817e-44, 90.00015258789062, 1.401298464324817e-44, 131140.828125
0:00:54.969389, 0.0, 1.401298464324817e-44, 90.00015258789062, 1.401298464324817e-44, 131141.375
0:00:55.076466, 0.0, 1.401298464324817e-44, 90.00015258789062, 1.401298464324817e-44, 131142.046875
0:00:55.176002, 0.0, 1.401298464324817e-44, 90.00015258789062, 1.401298464324817e-44, 131142.671875
0:00:55.267818, 0.0, 1.401298464324817e-44, 90.00015258789062, 1.401298464324817e-44, 131143.25
0:00:55.377112, 0.0, 1.401298464324817e-44, 90.00015258789062, 1.401298464324817e-44, 131143.921875
0:00:55.475374, 0.0, 1.401298464324817e-44, 90.00015258789062, 1.401298464324817e-44, 131144.546875
0:00:55.574155, 0.0, 1.401298464324817e-44, 90.00015258789062, 1.401298464324817e-44, 131145.171875
0:00:55.687146, 0.0, 1.401298464324817e-44, 90.00015258789062, 1.401298464324817e-44, 131145.875
0:00:55.800288, 0.0, 1.401298464324817e-44, 90.00015258789062, 1.401298464324817e-44, 131146.578125
0:00:55.897537, 0.0, 1.401298464324817e-44, 90.00015258789062, 1.401298464324817e-44, 131147.203125
0:00:55.983079, 0.0, 1.401298464324817e-44, 90.00015258789062, 1.401298464324817e-44, 131147.75
0:00:56.094098, 0.0, 1.401298464324817e-44, 90.00015258789062, 1.401298464324817e-44, 131148.4375
0:00:56.207015, 0.0, 1.401298464324817e-44, 90.00015258789062, 1.401298464324817e-44, 131149.15625
0:00:56.293583, 0.0, 1.401298464324817e-44, 90.00015258789062, 1.401298464324817e-44, 131149.6875
0:00:56.407530, 0.0, 1.401298464324817e-44, 90.00015258789062, 1.401298464324817e-44, 131150.40625
0:00:56.500019, 0.0, 1.401298464324817e-44, 90.00015258789062, 1.401298464324817e-44, 131150.984375
0:00:56.611139, 0.0, 1.401298464324817e-44, 90.00015258789062, 1.401298464324817e-44, 131151.671875
0:00:56.691638, 0.0, 1.401298464324817e-44, 90.00015258789062, 1.401298464324817e-44, 131152.171875
0:00:56.787947, 0.0, 1.401298464324817e-44, 90.00015258789062, 1.401298464324817e-44, 131152.78125
0:00:56.886642, 0.0, 1.401298464324817e-44, 90.00015258789062, 1.401298464324817e-44, 131153.40625
0:00:56.987252, 0.0, 1.401298464324817e-44, 90.00015258789062, 1.401298464324817e-44, 131154.046875
0:00:57.108485, 0.0, 1.401298464324817e-44, 90.00015258789062, 1.401298464324817e-44, 131154.796875
0:00:57.206192, 0.0, 1.401298464324817e-44, 90.00015258789062, 1.401298464324817e-44, 131155.40625
0:00:57.306883, 0.0, 1.401298464324817e-44, 90.00015258789062, 1.401298464324817e-44, 131156.046875
0:00:57.398604, 0.0, 1.401298464324817e-44, 90.00015258789062, 1.401298464324817e-44, 131156.625
0:00:57.513611, 0.0, 1.401298464324817e-44, 90.00015258789062, 1.401298464324817e-44, 131157.34375
0:00:57.601271, 0.0, 1.401298464324817e-44, 90.00015258789062, 1.401298464324817e-44, 131157.890625
0:00:57.716261, 0.0, 1.401298464324817e-44, 90.00015258789062, 1.401298464324817e-44, 131158.625
0:00:57.816835, 0.0, 1.401298464324817e-44, 90.00015258789062, 1.401298464324817e-44, 131159.25
0:00:57.909713, 0.0, 1.401298464324817e-44, 90.00015258789062, 1.401298464324817e-44, 131159.828125
0:00:58.017907, 0.0, 1.401298464324817e-44, 90.00015258789062, 1.401298464324817e-44, 131160.515625
0:00:58.117548, 0.0, 1.401298464324817e-44, 90.00015258789062, 1.401298464324817e-44, 131161.140625
0:00:58.205221, 0.0, 1.401298464324817e-44, 90.00015258789062, 1.401298464324817e-44, 131161.6875
0:00:58.318071, 0.0, 1.401298464324817e-44, 90.00015258789062, 1.401298464324817e-44, 131162.40625
0:00:58.403655, 0.0, 1.401298464324817e-44, 90.00015258789062, 1.401298464324817e-44, 131162.9375
0:00:58.506924, 0.0, 1.401298464324817e-44, 90.00015258789062, 1.401298464324817e-44, 131163.5625
0:00:58.616216, 0.0, 1.401298464324817e-44, 90.00015258789062, 1.401298464324817e-44, 131164.234375
0:00:58.712163, 0.0, 1.401298464324817e-44, 90.00015258789062, 1.401298464324817e-44, 131164.828125
0:00:58.809551, 0.0, 1.401298464324817e-44, 90.00015258789062, 1.401298464324817e-44, 131165.453125
0:00:58.908309, 0.0, 1.401298464324817e-44, 90.00015258789062, 1.401298464324817e-44, 131166.0625
0:00:59.013595, 0.0, 1.401298464324817e-44, 90.00015258789062, 1.401298464324817e-44, 131166.71875
0:00:59.127642, 0.0, 1.401298464324817e-44, 90.00015258789062, 1.401298464324817e-44, 131167.4375
0:00:59.226404, 0.0, 1.401298464324817e-44, 90.00015258789062, 1.401298464324817e-44, 131168.046875
0:00:59.327047, 0.0, 1.401298464324817e-44, 90.00015258789062, 1.401298464324817e-44, 131168.6875
0:00:59.420056, 0.0, 1.401298464324817e-44, 90.00015258789062, 1.401298464324817e-44, 131169.265625
0:00:59.529342, 0.0, 1.401298464324817e-44, 90.00015258789062, 1.401298464324817e-44, 131169.9375
0:00:59.627461, 0.0, 1.401298464324817e-44, 90.00015258789062, 1.401298464324817e-44, 131170.5625
0:00:59.721556, 0.0, 1.401298464324817e-44, 90.00015258789062, 1.401298464324817e-44, 131171.140625
0:00:59.838466, 0.0, 1.401298464324817e-44, 90.00015258789062, 1.401298464324817e-44, 131171.875
0:00:59.927013, 0.0, 1.401298464324817e-44, 90.00015258789062, 1.401298464324817e-44, 131172.4375
0:01:00.024879, 0.0, 1.401298464324817e-44, 90.00015258789062, 1.401298464324817e-44, 131173.046875
0:01:00.137953, 0.0, 1.401298464324817e-44, 90.00015258789062, 1.401298464324817e-44, 131173.765625
0:01:00.237367, 0.0, 1.401298464324817e-44, 90.00015258789062, 1.401298464324817e-44, 131174.390625
0:01:00.324971, 0.0, 1.401298464324817e-44, 90.00015258789062, 1.401298464324817e-44, 131174.9375
0:01:00.437907, 0.0, 1.401298464324817e-44, 90.00015258789062, 1.401298464324817e-44, 131175.640625
0:01:00.549259, 0.0, 1.401298464324817e-44, 90.00015258789062, 1.401298464324817e-44, 131176.34375
0:01:00.647949, 0.0, 1.401298464324817e-44, 90.00015258789062, 1.401298464324817e-44, 131176.953125
0:01:00.739717, 0.0, 1.401298464324817e-44, 90.00015258789062, 1.401298464324817e-44, 131177.53125
0:01:00.851583, 0.0, 1.401298464324817e-44, 90.00015258789062, 1.401298464324817e-44, 131178.21875
0:01:00.941327, 0.0, 1.401298464324817e-44, 90.00015258789062, 1.401298464324817e-44, 131178.78125
0:01:01.049764, 0.0, 1.401298464324817e-44, 90.00015258789062, 1.401298464324817e-44, 131179.46875
0:01:01.138243, 0.0, 1.401298464324817e-44, 90.00015258789062, 1.401298464324817e-44, 131180.03125
0:01:01.252135, 0.0, 1.401298464324817e-44, 90.00015258789062, 1.401298464324817e-44, 131180.75
0:01:01.359569, 0.0, 1.401298464324817e-44, 90.00015258789062, 1.401298464324817e-44, 131181.421875
0:01:01.450791, 0.0, 1.401298464324817e-44, 90.00015258789062, 1.401298464324817e-44, 131182.0
0:01:01.564747, 0.0, 1.401298464324817e-44, 90.00015258789062, 1.401298464324817e-44, 131182.71875
0:01:01.667982, 0.0, 1.401298464324817e-44, 90.00015258789062, 1.401298464324817e-44, 131183.34375
0:01:01.752700, 0.0, 1.401298464324817e-44, 90.00015258789062, 1.401298464324817e-44, 131183.875
0:01:01.839966, 0.0, 1.401298464324817e-44, 90.00015258789062, 1.401298464324817e-44, 131184.4375
0:01:01.939412, 0.0, 1.401298464324817e-44, 90.00015258789062, 1.401298464324817e-44, 131185.0625
0:01:02.058933, 0.0, 1.401298464324817e-44, 90.00015258789062, 1.401298464324817e-44, 131185.796875
0:01:02.153141, 0.0, 1.401298464324817e-44, 90.00015258789062, 1.401298464324817e-44, 131186.390625
0:01:02.268087, 0.0, 1.401298464324817e-44, 90.00015258789062, 1.401298464324817e-44, 131187.125
0:01:02.369942, 0.0, 1.401298464324817e-44, 90.00015258789062, 1.401298464324817e-44, 131187.765625
0:01:02.459432, 0.0, 1.401298464324817e-44, 90.00015258789062, 1.401298464324817e-44, 131188.3125
0:01:02.568739, 0.0, 1.401298464324817e-44, 90.00015258789062, 1.401298464324817e-44, 131189.0
0:01:02.668449, 0.0, 1.401298464324817e-44, 90.00015258789062, 1.401298464324817e-44, 131189.609375
0:01:02.760478, 0.0, 1.401298464324817e-44, 90.00015258789062, 1.401298464324817e-44, 131190.1875
0:01:02.875429, 0.0, 1.401298464324817e-44, 90.00015258789062, 1.401298464324817e-44, 131190.921875
0:01:02.963057, 0.0, 1.401298464324817e-44, 90.00015258789062, 1.401298464324817e-44, 131191.46875
0:01:03.077963, 0.0, 1.401298464324817e-44, 90.00015258789062, 1.401298464324817e-44, 131192.1875
0:01:03.164596, 0.0, 1.401298464324817e-44, 90.00015258789062, 1.401298464324817e-44, 131192.71875
0:01:03.280591, 0.0, 1.401298464324817e-44, 90.00015258789062, 1.401298464324817e-44, 131193.4375
0:01:03.378471, 0.0, 1.401298464324817e-44, 90.00015258789062, 1.401298464324817e-44, 131194.046875
0:01:03.478054, 0.0, 1.401298464324817e-44, 90.00015258789062, 1.401298464324817e-44, 131194.671875
0:01:03.569962, 0.0, 1.401298464324817e-44, 90.00015258789062, 1.401298464324817e-44, 131195.25
0:01:03.676312, 0.0, 1.401298464324817e-44, 90.00015258789062, 1.401298464324817e-44, 131195.921875
0:01:03.790316, 0.0, 1.401298464324817e-44, 90.00015258789062, 1.401298464324817e-44, 131196.640625
0:01:03.889150, 0.0, 1.401298464324817e-44, 90.00015258789062, 1.401298464324817e-44, 131197.265625
0:01:03.973725, 0.0, 1.401298464324817e-44, 90.00015258789062, 1.401298464324817e-44, 131197.796875
0:01:04.070078, 0.0, 1.401298464324817e-44, 90.00015258789062, 1.401298464324817e-44, 131198.390625
0:01:04.191654, 0.0, 1.401298464324817e-44, 90.00015258789062, 1.401298464324817e-44, 131199.140625
0:01:04.284259, 0.0, 1.401298464324817e-44, 90.00015258789062, 1.401298464324817e-44, 131199.71875
0:01:04.375816, 0.0, 1.401298464324817e-44, 90.00015258789062, 1.401298464324817e-44, 131200.296875
0:01:04.490824, 0.0, 1.401298464324817e-44, 90.00015258789062, 1.401298464324817e-44, 131201.03125
0:01:04.580196, 0.0, 1.401298464324817e-44, 90.00015258789062, 1.401298464324817e-44, 131201.59375
0:01:04.694237, 0.0, 1.401298464324817e-44, 90.00015258789062, 1.401298464324817e-44, 131202.3125
0:01:04.785623, 0.0, 1.401298464324817e-44, 90.00015258789062, 1.401298464324817e-44, 131202.875
0:01:04.874164, 0.0, 1.401298464324817e-44, 90.00015258789062, 1.401298464324817e-44, 131203.421875
0:01:04.982449, 0.0, 1.401298464324817e-44, 90.00015258789062, 1.401298464324817e-44, 131204.109375
0:01:05.095457, 0.0, 1.401298464324817e-44, 90.00015258789062, 1.401298464324817e-44, 131204.828125
