Time, Frequency, Amplitude, Offset, PhaseShift, Phase
0:00:00.034689, 0.0, 0.0, 90.0, 0.0, 130795.4765625
0:00:00.132587, 0.0, 0.0, 90.0, 0.0, 130796.09375
0:00:00.232253, 0.0, 0.0, 90.0, 0.0, 130796.71875
0:00:00.343957, 0.0, 0.0, 90.0, 0.0, 130797.4140625
0:00:00.430495, 0.0, 0.0, 90.0, 0.0, 130797.9609375
0:00:00.555404, 0.0, 0.0, 90.0, 0.0, 130798.75
0:00:00.641093, 0.0, 0.0, 90.0, 0.0, 130799.2890625
0:00:00.756189, 0.0, 0.0, 90.0, 0.0, 130800.015625
0:00:00.843750, 0.0, 0.0, 90.0, 0.0, 130800.5703125
0:00:00.956759, 0.0, 0.0, 90.0, 0.0, 130801.2890625
0:00:01.043368, 0.0, 0.0, 90.0, 0.0, 130801.828125
0:00:01.156518, 0.0, 0.0, 90.0, 0.0, 130802.546875
0:00:01.240084, 0.0, 0.0, 90.0, 0.0, 130803.078125
0:00:01.364940, 0.0, 0.0, 90.0, 0.0, 130803.8671875
0:00:01.450419, 0.0, 0.0, 90.0, 0.0, 130804.4140625
0:00:01.545928, 0.0, 0.0, 90.0, 0.0, 130805.015625
0:00:01.656937, 0.0, 0.0, 90.0, 0.0, 130805.7109375
0:00:01.764336, 0.0, 0.0, 90.0, 0.0, 130806.390625
0:00:01.858241, 0.0, 0.0, 90.0, 0.0, 130806.9765625
0:00:01.956939, 0.0, 0.0, 90.0, 0.0, 130807.59375
0:00:02.056381, 0.0, 0.0, 90.0, 0.0, 130808.2109375
0:00:02.162684, 0.0, 0.0, 90.0, 0.0, 130808.8828125
0:00:02.275684, 0.0, 0.0, 90.0, 0.0, 130809.5859375
0:00:02.373583, 0.0, 0.0, 90.0, 0.0, 130810.203125
0:00:02.451479, 0.0, 0.0, 90.0, 0.0, 130810.6953125
0:00:02.577606, 0.0, 0.0, 90.0, 0.0, 130811.484375
0:00:02.678056, 0.0, 0.0, 90.0, 0.0, 130812.1171875
0:00:02.776217, 0.0, 0.0, 90.0, 0.0, 130812.7421875
0:00:02.876960, 0.0, 0.0, 90.0, 0.0, 130813.375
0:00:02.969697, 0.0, 0.0, 90.0, 0.0, 130813.9609375
0:00:03.082686, 0.0, 0.0, 90.0, 0.0, 130814.6796875
0:00:03.167232, 0.0, 0.0, 90.0, 0.0, 130815.2109375
0:00:03.283200, 0.0, 0.0, 90.0, 0.0, 130815.9375
0:00:03.370942, 0.0, 0.0, 90.0, 0.0, 130816.5
0:00:03.479237, 0.0, 0.0, 90.0, 0.0, 130817.1796875
0:00:03.570352, 0.0, 0.0, 90.0, 0.0, 130817.75
0:00:03.682280, 0.0, 0.0, 90.0, 0.0, 130818.453125
0:00:03.765968, 0.0, 0.0, 90.0, 0.0, 130818.984375
0:00:03.867620, 0.0, 0.0, 90.0, 0.0, 130819.6328125
0:00:03.983712, 0.0, 0.0, 90.0, 0.0, 130820.3671875
0:00:04.069317, 0.0, 0.0, 90.0, 0.0, 130820.90625
0:00:04.194249, 0.0, 0.0, 90.0, 0.0, 130821.6953125
0:00:04.278697, 0.0, 0.0, 90.0, 0.0, 130822.234375
0:00:04.378111, 0.0, 0.0, 90.0, 0.0, 130822.859375
0:00:04.467764, 0.0, 0.0, 90.0, 0.0, 130823.4296875
0:00:04.574094, 0.0, 0.0, 90.0, 0.0, 130824.1015625
0:00:04.681059, 0.0, 0.0, 90.0, 0.0, 130824.7734375
0:00:04.789382, 0.0, 0.0, 90.0, 0.0, 130825.453125
0:00:04.879940, 0.0, 0.0, 90.0, 0.0, 130826.0234375
0:00:04.977376, 0.0, 0.0, 90.0, 0.0, 130826.6328125
0:00:05.076756, 0.0, 0.0, 90.0, 0.0, 130827.2578125
0:00:05.196741, 0.0, 0.0, 90.0, 0.0, 130828.015625
0:00:05.304114, 0.0, 0.0, 90.0, 0.0, 130828.6953125
0:00:05.388709, 0.0, 0.0, 90.0, 0.0, 130829.234375
0:00:05.487399, 0.0, 0.0, 90.0, 0.0, 130829.8515625
0:00:05.601408, 0.0, 0.0, 90.0, 0.0, 130830.5703125
0:00:05.689992, 0.0, 0.0, 90.0, 0.0, 130831.1328125
0:00:05.784368, 0.0, 0.0, 90.0, 0.0, 130831.734375
0:00:05.898409, 0.0, 0.0, 90.0, 0.0, 130832.453125
0:00:06.011420, 0.0, 0.0, 90.0, 0.0, 130833.1640625
0:00:06.096970, 0.0, 0.0, 90.0, 0.0, 130833.703125
0:00:06.208920, 0.0, 0.0, 90.0, 0.0, 130834.40625
0:00:06.295466, 0.0, 0.0, 90.0, 0.0, 130834.953125
0:00:06.409431, 0.0, 0.0, 90.0, 0.0, 130835.671875
0:00:06.492968, 0.0, 0.0, 90.0, 0.0, 130836.203125
0:00:06.615689, 0.0, 0.0, 90.0, 0.0, 130836.984375
0:00:06.704241, 0.0, 0.0, 90.0, 0.0, 130837.5390625
0:00:06.818234, 0.0, 0.0, 90.0, 0.0, 130838.2578125
0:00:06.900230, 0.0, 0.0, 90.0, 0.0, 130838.7734375
0:00:07.015229, 0.0, 0.0, 90.0, 0.0, 130839.5
0:00:07.121472, 0.0, 0.0, 90.0, 0.0, 130840.171875
0:00:07.208096, 0.0, 0.0, 90.0, 0.0, 130840.71875
0:00:07.302128, 0.0, 0.0, 90.0, 0.0, 130841.3125
0:00:07.419111, 0.0, 0.0, 90.0, 0.0, 130842.0546875
0:00:07.504645, 0.0, 0.0, 90.0, 0.0, 130842.59375
0:00:07.619603, 0.0, 0.0, 90.0, 0.0, 130843.3203125
0:00:07.709122, 0.0, 0.0, 90.0, 0.0, 130843.875
0:00:07.808529, 0.0, 0.0, 90.0, 0.0, 130844.5
0:00:07.923436, 0.0, 0.0, 90.0, 0.0, 130845.234375
0:00:08.017943, 0.0, 0.0, 90.0, 0.0, 130845.828125
0:00:08.130885, 0.0, 0.0, 90.0, 0.0, 130846.546875
0:00:08.218426, 0.0, 0.0, 90.0, 0.0, 130847.09375
0:00:08.319154, 0.0, 0.0, 90.0, 0.0, 130847.734375
0:00:08.418524, 0.0, 0.0, 90.0, 0.0, 130848.3515625
0:00:08.533443, 0.0, 0.0, 90.0, 0.0, 130849.078125
0:00:08.621089, 0.0, 0.0, 90.0, 0.0, 130849.6328125
0:00:08.735597, 0.0, 0.0, 90.0, 0.0, 130850.34375
0:00:08.819606, 0.0, 0.0, 90.0, 0.0, 130850.8828125
0:00:08.920013, 0.0, 0.0, 90.0, 0.0, 130851.5078125
0:00:09.019438, 0.0, 0.0, 90.0, 0.0, 130852.1328125
0:00:09.135418, 0.0, 0.0, 90.0, 0.0, 130852.8671875
0:00:09.218986, 0.0, 0.0, 90.0, 0.0, 130853.3984375
0:00:09.343099, 0.0, 0.0, 90.0, 0.0, 130854.1953125
0:00:09.426699, 0.0, 0.0, 90.0, 0.0, 130854.71875
0:00:09.544614, 0.0, 0.0, 90.0, 0.0, 130855.4609375
0:00:09.629264, 0.0, 0.0, 90.0, 0.0, 130855.9921875
0:00:09.747282, 0.0, 0.0, 90.0, 0.0, 130856.7421875
0:00:09.834983, 0.0, 0.0, 90.0, 0.0, 130857.296875
0:00:09.949985, 0.0, 0.0, 90.0, 0.0, 130858.015625
0:00:10.049508, 0.0, 0.0, 90.0, 0.0, 130858.640625
0:00:10.137141, 0.0, 0.0, 90.0, 0.0, 130859.1953125
0:00:10.250996, 0.0, 0.0, 90.0, 0.0, 130859.9140625
0:00:10.348621, 0.0, 0.0, 90.0, 0.0, 130860.53125
0:00:10.447291, 0.0, 0.0, 90.0, 0.0, 130861.15625
0:00:10.538896, 0.0, 0.0, 90.0, 0.0, 130861.7421875
0:00:10.636761, 0.0, 0.0, 90.0, 0.0, 130862.3515625
0:00:10.753757, 0.0, 0.0, 90.0, 0.0, 130863.1015625
0:00:10.836399, 0.0, 0.0, 90.0, 0.0, 130863.6171875
0:00:10.934139, 0.0, 0.0, 90.0, 0.0, 130864.234375
0:00:11.060273, 0.0, 0.0, 90.0, 0.0, 130865.03125
0:00:11.159634, 0.0, 0.0, 90.0, 0.0, 130865.6640625
0:00:11.244167, 0.0, 0.0, 90.0, 0.0, 130866.1953125
0:00:11.339484, 0.0, 0.0, 90.0, 0.0, 130866.796875
0:00:11.440141, 0.0, 0.0, 90.0, 0.0, 130867.4296875
0:00:11.540581, 0.0, 0.0, 90.0, 0.0, 130868.0546875
0:00:11.656544, 0.0, 0.0, 90.0, 0.0, 130868.7890625
0:00:11.743126, 0.0, 0.0, 90.0, 0.0, 130869.3359375
0:00:11.851457, 0.0, 0.0, 90.0, 0.0, 130870.0078125
0:00:11.949158, 0.0, 0.0, 90.0, 0.0, 130870.625
0:00:12.050831, 0.0, 0.0, 90.0, 0.0, 130871.265625
0:00:12.166808, 0.0, 0.0, 90.0, 0.0, 130872.0
0:00:12.253452, 0.0, 0.0, 90.0, 0.0, 130872.546875
0:00:12.353334, 0.0, 0.0, 90.0, 0.0, 130873.171875
0:00:12.470320, 0.0, 0.0, 90.0, 0.0, 130873.90625
0:00:12.552311, 0.0, 0.0, 90.0, 0.0, 130874.421875
0:00:12.668352, 0.0, 0.0, 90.0, 0.0, 130875.15625
0:00:12.755768, 0.0, 0.0, 90.0, 0.0, 130875.7109375
0:00:12.852726, 0.0, 0.0, 90.0, 0.0, 130876.3203125
0:00:12.976898, 0.0, 0.0, 90.0, 0.0, 130877.1015625
0:00:13.063315, 0.0, 0.0, 90.0, 0.0, 130877.6484375
0:00:13.175171, 0.0, 0.0, 90.0, 0.0, 130878.359375
0:00:13.271464, 0.0, 0.0, 90.0, 0.0, 130878.96875
0:00:13.371172, 0.0, 0.0, 90.0, 0.0, 130879.6015625
0:00:13.456760, 0.0, 0.0, 90.0, 0.0, 130880.140625
0:00:13.573658, 0.0, 0.0, 90.0, 0.0, 130880.875
0:00:13.671304, 0.0, 0.0, 90.0, 0.0, 130881.484375
0:00:13.762023, 0.0, 0.0, 90.0, 0.0, 130882.0625
0:00:13.880017, 0.0, 0.0, 90.0, 0.0, 130882.8046875
0:00:13.975685, 0.0, 0.0, 90.0, 0.0, 130883.40625
0:00:14.068452, 0.0, 0.0, 90.0, 0.0, 130883.984375
0:00:14.181354, 0.0, 0.0, 90.0, 0.0, 130884.7109375
0:00:14.267039, 0.0, 0.0, 90.0, 0.0, 130885.25
0:00:14.381041, 0.0, 0.0, 90.0, 0.0, 130885.96875
0:00:14.468617, 0.0, 0.0, 90.0, 0.0, 130886.5234375
0:00:14.581493, 0.0, 0.0, 90.0, 0.0, 130887.234375
0:00:14.672180, 0.0, 0.0, 90.0, 0.0, 130887.8046875
0:00:14.787148, 0.0, 0.0, 90.0, 0.0, 130888.53125
0:00:14.874749, 0.0, 0.0, 90.0, 0.0, 130889.0859375
0:00:14.983041, 0.0, 0.0, 90.0, 0.0, 130889.765625
0:00:15.092995, 0.0, 0.0, 90.0, 0.0, 130890.453125
0:00:15.180795, 0.0, 0.0, 90.0, 0.0, 130891.0078125
0:00:15.271179, 0.0, 0.0, 90.0, 0.0, 130891.5703125
0:00:15.388033, 0.0, 0.0, 90.0, 0.0, 130892.3125
0:00:15.473680, 0.0, 0.0, 90.0, 0.0, 130892.859375
0:00:15.597369, 0.0, 0.0, 90.0, 0.0, 130893.6484375
0:00:15.684161, 0.0, 0.0, 90.0, 0.0, 130894.203125
0:00:15.778487, 0.0, 0.0, 90.0, 0.0, 130894.796875
0:00:15.886826, 0.0, 0.0, 90.0, 0.0, 130895.484375
0:00:16.002819, 0.0, 0.0, 90.0, 0.0, 130896.2109375
0:00:16.089319, 0.0, 0.0, 90.0, 0.0, 130896.7578125
0:00:16.196639, 0.0, 0.0, 90.0, 0.0, 130897.4375
0:00:16.282202, 0.0, 0.0, 90.0, 0.0, 130897.96875
0:00:16.402226, 0.0, 0.0, 90.0, 0.0, 130898.7265625
0:00:16.500965, 0.0, 0.0, 90.0, 0.0, 130899.34375
0:00:16.611829, 0.0, 0.0, 90.0, 0.0, 130900.0390625
0:00:16.699400, 0.0, 0.0, 90.0, 0.0, 130900.59375
0:00:16.812356, 0.0, 0.0, 90.0, 0.0, 130901.3046875
0:00:16.905493, 0.0, 0.0, 90.0, 0.0, 130901.8828125
0:00:17.017368, 0.0, 0.0, 90.0, 0.0, 130902.59375
0:00:17.113331, 0.0, 0.0, 90.0, 0.0, 130903.1953125
0:00:17.212516, 0.0, 0.0, 90.0, 0.0, 130903.828125
0:00:17.303237, 0.0, 0.0, 90.0, 0.0, 130904.3984375
0:00:17.413564, 0.0, 0.0, 90.0, 0.0, 130905.09375
0:00:17.514067, 0.0, 0.0, 90.0, 0.0, 130905.7265625
0:00:17.612474, 0.0, 0.0, 90.0, 0.0, 130906.34375
0:00:17.706231, 0.0, 0.0, 90.0, 0.0, 130906.9296875
0:00:17.821209, 0.0, 0.0, 90.0, 0.0, 130907.6484375
0:00:17.906787, 0.0, 0.0, 90.0, 0.0, 130908.1796875
0:00:18.026507, 0.0, 0.0, 90.0, 0.0, 130908.9375
0:00:18.123857, 0.0, 0.0, 90.0, 0.0, 130909.5546875
0:00:18.222514, 0.0, 0.0, 90.0, 0.0, 130910.171875
0:00:18.322621, 0.0, 0.0, 90.0, 0.0, 130910.796875
0:00:18.419078, 0.0, 0.0, 90.0, 0.0, 130911.4140625
0:00:18.536030, 0.0, 0.0, 90.0, 0.0, 130912.1484375
0:00:18.633374, 0.0, 0.0, 90.0, 0.0, 130912.7578125
0:00:18.731815, 0.0, 0.0, 90.0, 0.0, 130913.375
0:00:18.820488, 0.0, 0.0, 90.0, 0.0, 130913.9375
0:00:18.933516, 0.0, 0.0, 90.0, 0.0, 130914.65625
0:00:19.022085, 0.0, 0.0, 90.0, 0.0, 130915.21875
0:00:19.135093, 0.0, 0.0, 90.0, 0.0, 130915.9296875
0:00:19.216897, 0.0, 0.0, 90.0, 0.0, 130916.4375
0:00:19.329882, 0.0, 0.0, 90.0, 0.0, 130917.1484375
0:00:19.436322, 0.0, 0.0, 90.0, 0.0, 130917.8125
0:00:19.524700, 0.0, 0.0, 90.0, 0.0, 130918.3671875
0:00:19.623365, 0.0, 0.0, 90.0, 0.0, 130918.984375
0:00:19.726546, 0.0, 0.0, 90.0, 0.0, 130919.6484375
0:00:19.834785, 0.0, 0.0, 90.0, 0.0, 130920.328125
0:00:19.943081, 0.0, 0.0, 90.0, 0.0, 130921.0078125
0:00:20.036494, 0.0, 0.0, 90.0, 0.0, 130921.6015625
0:00:20.134250, 0.0, 0.0, 90.0, 0.0, 130922.21875
0:00:20.250219, 0.0, 0.0, 90.0, 0.0, 130922.9453125
0:00:20.336808, 0.0, 0.0, 90.0, 0.0, 130923.4921875
0:00:20.449638, 0.0, 0.0, 90.0, 0.0, 130924.2109375
0:00:20.534607, 0.0, 0.0, 90.0, 0.0, 130924.7421875
0:00:20.647529, 0.0, 0.0, 90.0, 0.0, 130925.4609375
0:00:20.733080, 0.0, 0.0, 90.0, 0.0, 130926.0078125
0:00:20.832757, 0.0, 0.0, 90.0, 0.0, 130926.640625
0:00:20.946687, 0.0, 0.0, 90.0, 0.0, 130927.3515625
0:00:21.033231, 0.0, 0.0, 90.0, 0.0, 130927.8984375
0:00:21.133891, 0.0, 0.0, 90.0, 0.0, 130928.5390625
0:00:21.256105, 0.0, 0.0, 90.0, 0.0, 130929.3046875
0:00:21.353768, 0.0, 0.0, 90.0, 0.0, 130929.921875
0:00:21.447518, 0.0, 0.0, 90.0, 0.0, 130930.515625
0:00:21.563556, 0.0, 0.0, 90.0, 0.0, 130931.2421875
0:00:21.647096, 0.0, 0.0, 90.0, 0.0, 130931.7734375
0:00:21.743522, 0.0, 0.0, 90.0, 0.0, 130932.375
0:00:21.841107, 0.0, 0.0, 90.0, 0.0, 130932.9921875
0:00:21.942729, 0.0, 0.0, 90.0, 0.0, 130933.640625
0:00:22.057725, 0.0, 0.0, 90.0, 0.0, 130934.3671875
0:00:22.153533, 0.0, 0.0, 90.0, 0.0, 130934.96875
0:00:22.264813, 0.0, 0.0, 90.0, 0.0, 130935.6640625
0:00:22.373235, 0.0, 0.0, 90.0, 0.0, 130936.34375
0:00:22.471114, 0.0, 0.0, 90.0, 0.0, 130936.96875
0:00:22.549141, 0.0, 0.0, 90.0, 0.0, 130937.4609375
0:00:22.674231, 0.0, 0.0, 90.0, 0.0, 130938.2421875
0:00:22.768025, 0.0, 0.0, 90.0, 0.0, 130938.8359375
0:00:22.876253, 0.0, 0.0, 90.0, 0.0, 130939.515625
0:00:22.973914, 0.0, 0.0, 90.0, 0.0, 130940.125
0:00:23.074417, 0.0, 0.0, 90.0, 0.0, 130940.7578125
0:00:23.159017, 0.0, 0.0, 90.0, 0.0, 130941.296875
0:00:23.267279, 0.0, 0.0, 90.0, 0.0, 130941.9765625
0:00:23.354840, 0.0, 0.0, 90.0, 0.0, 130942.53125
0:00:23.471839, 0.0, 0.0, 90.0, 0.0, 130943.2734375
0:00:23.561395, 0.0, 0.0, 90.0, 0.0, 130943.8359375
0:00:23.674348, 0.0, 0.0, 90.0, 0.0, 130944.5546875
0:00:23.762031, 0.0, 0.0, 90.0, 0.0, 130945.1171875
0:00:23.875904, 0.0, 0.0, 90.0, 0.0, 130945.8359375
0:00:23.971229, 0.0, 0.0, 90.0, 0.0, 130946.4375
0:00:24.085242, 0.0, 0.0, 90.0, 0.0, 130947.15625
0:00:24.168777, 0.0, 0.0, 90.0, 0.0, 130947.6875
0:00:24.265122, 0.0, 0.0, 90.0, 0.0, 130948.2890625
0:00:24.389961, 0.0, 0.0, 90.0, 0.0, 130949.078125
0:00:24.486579, 0.0, 0.0, 90.0, 0.0, 130949.6875
0:00:24.585269, 0.0, 0.0, 90.0, 0.0, 130950.3046875
0:00:24.676043, 0.0, 0.0, 90.0, 0.0, 130950.8671875
0:00:24.788219, 0.0, 0.0, 90.0, 0.0, 130951.5859375
0:00:24.870146, 0.0, 0.0, 90.0, 0.0, 130952.1015625
0:00:24.984168, 0.0, 0.0, 90.0, 0.0, 130952.8203125
0:00:25.082076, 0.0, 0.0, 90.0, 0.0, 130953.4453125
0:00:25.192425, 0.0, 0.0, 90.0, 0.0, 130954.140625
0:00:25.277139, 0.0, 0.0, 90.0, 0.0, 130954.6796875
0:00:25.391161, 0.0, 0.0, 90.0, 0.0, 130955.3984375
0:00:25.478661, 0.0, 0.0, 90.0, 0.0, 130955.953125
0:00:25.587701, 0.0, 0.0, 90.0, 0.0, 130956.6328125
0:00:25.696923, 0.0, 0.0, 90.0, 0.0, 130957.3203125
0:00:25.786571, 0.0, 0.0, 90.0, 0.0, 130957.890625
0:00:25.885594, 0.0, 0.0, 90.0, 0.0, 130958.515625
0:00:26.006107, 0.0, 0.0, 90.0, 0.0, 130959.2734375
0:00:26.104593, 0.0, 0.0, 90.0, 0.0, 130959.890625
0:00:26.189234, 0.0, 0.0, 90.0, 0.0, 130960.4296875
0:00:26.312958, 0.0, 0.0, 90.0, 0.0, 130961.2109375
0:00:26.394883, 0.0, 0.0, 90.0, 0.0, 130961.734375
0:00:26.507854, 0.0, 0.0, 90.0, 0.0, 130962.4453125
0:00:26.605604, 0.0, 0.0, 90.0, 0.0, 130963.0546875
0:00:26.704946, 0.0, 0.0, 90.0, 0.0, 130963.6796875
0:00:26.813283, 0.0, 0.0, 90.0, 0.0, 130964.359375
0:00:26.896133, 0.0, 0.0, 90.0, 0.0, 130964.8828125
0:00:27.010129, 0.0, 0.0, 90.0, 0.0, 130965.609375
0:00:27.107812, 0.0, 0.0, 90.0, 0.0, 130966.21875
0:00:27.205987, 0.0, 0.0, 90.0, 0.0, 130966.8359375
0:00:27.299634, 0.0, 0.0, 90.0, 0.0, 130967.421875
0:00:27.416633, 0.0, 0.0, 90.0, 0.0, 130968.15625
0:00:27.511961, 0.0, 0.0, 90.0, 0.0, 130968.765625
0:00:27.626958, 0.0, 0.0, 90.0, 0.0, 130969.484375
0:00:27.725142, 0.0, 0.0, 90.0, 0.0, 130970.1015625
0:00:27.825792, 0.0, 0.0, 90.0, 0.0, 130970.734375
0:00:27.917480, 0.0, 0.0, 90.0, 0.0, 130971.3203125
0:00:28.029434, 0.0, 0.0, 90.0, 0.0, 130972.0234375
0:00:28.115946, 0.0, 0.0, 90.0, 0.0, 130972.5703125
0:00:28.216460, 0.0, 0.0, 90.0, 0.0, 130973.203125
0:00:28.319148, 0.0, 0.0, 90.0, 0.0, 130973.84375
0:00:28.426471, 0.0, 0.0, 90.0, 0.0, 130974.5234375
0:00:28.518602, 0.0, 0.0, 90.0, 0.0, 130975.1015625
0:00:28.632592, 0.0, 0.0, 90.0, 0.0, 130975.828125
0:00:28.717156, 0.0, 0.0, 90.0, 0.0, 130976.3671875
0:00:28.838305, 0.0, 0.0, 90.0, 0.0, 130977.125
0:00:28.936457, 0.0, 0.0, 90.0, 0.0, 130977.75
0:00:29.036845, 0.0, 0.0, 90.0, 0.0, 130978.3828125
0:00:29.128603, 0.0, 0.0, 90.0, 0.0, 130978.9609375
0:00:29.218187, 0.0, 0.0, 90.0, 0.0, 130979.53125
0:00:29.326466, 0.0, 0.0, 90.0, 0.0, 130980.21875
0:00:29.425864, 0.0, 0.0, 90.0, 0.0, 130980.8515625
0:00:29.534169, 0.0, 0.0, 90.0, 0.0, 130981.53125
0:00:29.647219, 0.0, 0.0, 90.0, 0.0, 130982.2421875
0:00:29.746663, 0.0, 0.0, 90.0, 0.0, 130982.8671875
0:00:29.831267, 0.0, 0.0, 90.0, 0.0, 130983.3984375
0:00:29.928598, 0.0, 0.0, 90.0, 0.0, 130984.015625
0:00:30.027306, 0.0, 0.0, 90.0, 0.0, 130984.6328125
0:00:30.147456, 0.0, 0.0, 90.0, 0.0, 130985.390625
0:00:30.238600, 0.0, 0.0, 90.0, 0.0, 130985.9609375
0:00:30.346859, 0.0, 0.0, 90.0, 0.0, 130986.640625
0:00:30.447622, 0.0, 0.0, 90.0, 0.0, 130987.2734375
0:00:30.541659, 0.0, 0.0, 90.0, 0.0, 130987.8671875
0:00:30.656616, 0.0, 0.0, 90.0, 0.0, 130988.5859375
0:00:30.746195, 0.0, 0.0, 90.0, 0.0, 130989.15625
0:00:30.860179, 0.0, 0.0, 90.0, 0.0, 130989.875
0:00:30.948743, 0.0, 0.0, 90.0, 0.0, 130990.4296875
0:00:31.047203, 0.0, 0.0, 90.0, 0.0, 130991.046875
0:00:31.148391, 0.0, 0.0, 90.0, 0.0, 130991.6796875
0:00:31.247222, 0.0, 0.0, 90.0, 0.0, 130992.3046875
0:00:31.346612, 0.0, 0.0, 90.0, 0.0, 130992.9296875
0:00:31.460735, 0.0, 0.0, 90.0, 0.0, 130993.6484375
0:00:31.556614, 0.0, 0.0, 90.0, 0.0, 130994.25
0:00:31.656324, 0.0, 0.0, 90.0, 0.0, 130994.875
0:00:31.757916, 0.0, 0.0, 90.0, 0.0, 130995.5078125
0:00:31.847664, 0.0, 0.0, 90.0, 0.0, 130996.0625
0:00:31.964620, 0.0, 0.0, 90.0, 0.0, 130996.8046875
0:00:32.052363, 0.0, 0.0, 90.0, 0.0, 130997.3515625
0:00:32.162178, 0.0, 0.0, 90.0, 0.0, 130998.046875
0:00:32.247740, 0.0, 0.0, 90.0, 0.0, 130998.5859375
0:00:32.368767, 0.0, 0.0, 90.0, 0.0, 130999.3515625
0:00:32.450663, 0.0, 0.0, 90.0, 0.0, 130999.8671875
0:00:32.558885, 0.0, 0.0, 90.0, 0.0, 131000.546875
0:00:32.674875, 0.0, 0.0, 90.0, 0.0, 131001.28125
0:00:32.760485, 0.0, 0.0, 90.0, 0.0, 131001.828125
0:00:32.858181, 0.0, 0.0, 90.0, 0.0, 131002.4375
0:00:32.957629, 0.0, 0.0, 90.0, 0.0, 131003.0625
0:00:33.068936, 0.0, 0.0, 90.0, 0.0, 131003.7734375
0:00:33.179222, 0.0, 0.0, 90.0, 0.0, 131004.46875
0:00:33.264807, 0.0, 0.0, 90.0, 0.0, 131005.015625
0:00:33.377728, 0.0, 0.0, 90.0, 0.0, 131005.7265625
0:00:33.477687, 0.0, 0.0, 90.0, 0.0, 131006.359375
0:00:33.566213, 0.0, 0.0, 90.0, 0.0, 131006.921875
0:00:33.687642, 0.0, 0.0, 90.0, 0.0, 131007.6796875
0:00:33.791188, 0.0, 0.0, 90.0, 0.0, 131008.3359375
0:00:33.887828, 0.0, 0.0, 90.0, 0.0, 131008.9453125
0:00:33.980856, 0.0, 0.0, 90.0, 0.0, 131009.53125
0:00:34.089101, 0.0, 0.0, 90.0, 0.0, 131010.2109375
0:00:34.188764, 0.0, 0.0, 90.0, 0.0, 131010.8359375
0:00:34.277381, 0.0, 0.0, 90.0, 0.0, 131011.3828125
0:00:34.382666, 0.0, 0.0, 90.0, 0.0, 131012.0546875
0:00:34.469310, 0.0, 0.0, 90.0, 0.0, 131012.59375
0:00:34.589331, 0.0, 0.0, 90.0, 0.0, 131013.34375
0:00:34.680487, 0.0, 0.0, 90.0, 0.0, 131013.9296875
0:00:34.794519, 0.0, 0.0, 90.0, 0.0, 131014.6484375
0:00:34.883014, 0.0, 0.0, 90.0, 0.0, 131015.203125
0:00:34.990319, 0.0, 0.0, 90.0, 0.0, 131015.8828125
0:00:35.072240, 0.0, 0.0, 90.0, 0.0, 131016.390625
0:00:35.186021, 0.0, 0.0, 90.0, 0.0, 131017.109375
0:00:35.295348, 0.0, 0.0, 90.0, 0.0, 131017.7890625
0:00:35.403606, 0.0, 0.0, 90.0, 0.0, 131018.4765625
0:00:35.499348, 0.0, 0.0, 90.0, 0.0, 131019.078125
0:00:35.598730, 0.0, 0.0, 90.0, 0.0, 131019.703125
0:00:35.683327, 0.0, 0.0, 90.0, 0.0, 131020.234375
0:00:35.810122, 0.0, 0.0, 90.0, 0.0, 131021.03125
0:00:35.896689, 0.0, 0.0, 90.0, 0.0, 131021.5859375
0:00:36.002952, 0.0, 0.0, 90.0, 0.0, 131022.25
0:00:36.091500, 0.0, 0.0, 90.0, 0.0, 131022.8125
0:00:36.210498, 0.0, 0.0, 90.0, 0.0, 131023.5625
0:00:36.300015, 0.0, 0.0, 90.0, 0.0, 131024.1328125
0:00:36.399505, 0.0, 0.0, 90.0, 0.0, 131024.75
0:00:36.513510, 0.0, 0.0, 90.0, 0.0, 131025.4765625
0:00:36.594467, 0.0, 0.0, 90.0, 0.0, 131025.9921875
0:00:36.708619, 0.0, 0.0, 90.0, 0.0, 131026.7109375
0:00:36.806620, 0.0, 0.0, 90.0, 0.0, 131027.328125
0:00:36.893325, 0.0, 0.0, 90.0, 0.0, 131027.875
0:00:37.012609, 0.0, 0.0, 90.0, 0.0, 131028.6328125
0:00:37.097215, 0.0, 0.0, 90.0, 0.0, 131029.171875
0:00:37.201828, 0.0, 0.0, 90.0, 0.0, 131029.828125
0:00:37.312836, 0.0, 0.0, 90.0, 0.0, 131030.5234375
0:00:37.408539, 0.0, 0.0, 90.0, 0.0, 131031.1328125
0:00:37.521573, 0.0, 0.0, 90.0, 0.0, 131031.8515625
0:00:37.611239, 0.0, 0.0, 90.0, 0.0, 131032.4140625
0:00:37.723211, 0.0, 0.0, 90.0, 0.0, 131033.1171875
0:00:37.829762, 0.0, 0.0, 90.0, 0.0, 131033.7890625
0:00:37.917368, 0.0, 0.0, 90.0, 0.0, 131034.34375
0:00:38.030348, 0.0, 0.0, 90.0, 0.0, 131035.0546875
0:00:38.115942, 0.0, 0.0, 90.0, 0.0, 131035.6015625
0:00:38.203514, 0.0, 0.0, 90.0, 0.0, 131036.15625
0:00:38.314405, 0.0, 0.0, 90.0, 0.0, 131036.859375
0:00:38.409793, 0.0, 0.0, 90.0, 0.0, 131037.4609375
0:00:38.532828, 0.0, 0.0, 90.0, 0.0, 131038.234375
0:00:38.630509, 0.0, 0.0, 90.0, 0.0, 131038.8515625
0:00:38.722229, 0.0, 0.0, 90.0, 0.0, 131039.4296875
0:00:38.809830, 0.0, 0.0, 90.0, 0.0, 131039.984375
0:00:38.924822, 0.0, 0.0, 90.0, 0.0, 131040.7109375
0:00:39.012511, 0.0, 0.0, 90.0, 0.0, 131041.265625
0:00:39.124532, 0.0, 0.0, 90.0, 0.0, 131041.9765625
0:00:39.220884, 0.0, 0.0, 90.0, 0.0, 131042.5859375
0:00:39.336985, 0.0, 0.0, 90.0, 0.0, 131043.3125
0:00:39.417882, 0.0, 0.0, 90.0, 0.0, 131043.8203125
0:00:39.529836, 0.0, 0.0, 90.0, 0.0, 131044.53125
0:00:39.641208, 0.0, 0.0, 90.0, 0.0, 131045.234375
0:00:39.739716, 0.0, 0.0, 90.0, 0.0, 131045.8515625
0:00:39.840372, 0.0, 0.0, 90.0, 0.0, 131046.484375
0:00:39.927954, 0.0, 0.0, 90.0, 0.0, 131047.0390625
0:00:40.040319, 0.0, 0.0, 90.0, 0.0, 131047.7421875
0:00:40.124766, 0.0, 0.0, 90.0, 0.0, 131048.28125
0:00:40.223066, 0.0, 0.0, 90.0, 0.0, 131048.890625
0:00:40.320789, 0.0, 0.0, 90.0, 0.0, 131049.5078125
0:00:40.442874, 0.0, 0.0, 90.0, 0.0, 131050.28125
0:00:40.539700, 0.0, 0.0, 90.0, 0.0, 131050.890625
0:00:40.651665, 0.0, 0.0, 90.0, 0.0, 131051.6015625
0:00:40.737255, 0.0, 0.0, 90.0, 0.0, 131052.140625
0:00:40.852342, 0.0, 0.0, 90.0, 0.0, 131052.8671875
0:00:40.950031, 0.0, 0.0, 90.0, 0.0, 131053.484375
0:00:41.042030, 0.0, 0.0, 90.0, 0.0, 131054.0703125
0:00:41.158028, 0.0, 0.0, 90.0, 0.0, 131054.8046875
0:00:41.245581, 0.0, 0.0, 90.0, 0.0, 131055.359375
0:00:41.357601, 0.0, 0.0, 90.0, 0.0, 131056.0625
0:00:41.443261, 0.0, 0.0, 90.0, 0.0, 131056.6015625
0:00:41.558215, 0.0, 0.0, 90.0, 0.0, 131057.3203125
0:00:41.640768, 0.0, 0.0, 90.0, 0.0, 131057.84375
0:00:41.756804, 0.0, 0.0, 90.0, 0.0, 131058.578125
0:00:41.841310, 0.0, 0.0, 90.0, 0.0, 131059.109375
0:00:41.941708, 0.0, 0.0, 90.0, 0.0, 131059.7421875
0:00:42.063823, 0.0, 0.0, 90.0, 0.0, 131060.515625
0:00:42.161607, 0.0, 0.0, 90.0, 0.0, 131061.1328125
0:00:42.253296, 0.0, 0.0, 90.0, 0.0, 131061.7109375
0:00:42.367389, 0.0, 0.0, 90.0, 0.0, 131062.4296875
0:00:42.455949, 0.0, 0.0, 90.0, 0.0, 131062.9921875
0:00:42.563255, 0.0, 0.0, 90.0, 0.0, 131063.6640625
0:00:42.651767, 0.0, 0.0, 90.0, 0.0, 131064.21875
0:00:42.746564, 0.0, 0.0, 90.0, 0.0, 131064.8125
0:00:42.862407, 0.0, 0.0, 90.0, 0.0, 131065.546875
0:00:42.954429, 0.0, 0.0, 90.0, 0.0, 131066.125
0:00:43.062720, 0.0, 0.0, 90.0, 0.0, 131066.8046875
0:00:43.162461, 0.0, 0.0, 90.0, 0.0, 131067.4296875
0:00:43.270747, 0.0, 0.0, 90.0, 0.0, 131068.125
0:00:43.359395, 0.0, 0.0, 90.0, 0.0, 131068.6875
0:00:43.463687, 0.0, 0.0, 90.0, 0.0, 131069.3515625
0:00:43.579748, 0.0, 0.0, 90.0, 0.0, 131070.078125
0:00:43.667277, 0.0, 0.0, 90.0, 0.0, 131070.625
0:00:43.782263, 0.0, 0.0, 90.0, 0.0, 131071.3515625
0:00:43.873803, 0.0, 0.0, 90.0, 0.0, 131071.9296875
0:00:43.969979, 0.0, 0.0, 90.0, 0.0, 131072.53125
0:00:44.079282, 0.0, 0.0, 90.0, 0.0, 131073.203125
0:00:44.164857, 0.0, 0.0, 90.0, 0.0, 131073.734375
0:00:44.261972, 0.0, 0.0, 90.0, 0.0, 131074.359375
0:00:44.390091, 0.0, 0.0, 90.0, 0.0, 131075.15625
0:00:44.469029, 0.0, 0.0, 90.0, 0.0, 131075.65625
0:00:44.582031, 0.0, 0.0, 90.0, 0.0, 131076.359375
0:00:44.681461, 0.0, 0.0, 90.0, 0.0, 131076.984375
0:00:44.789814, 0.0, 0.0, 90.0, 0.0, 131077.65625
0:00:44.873429, 0.0, 0.0, 90.0, 0.0, 131078.1875
0:00:44.983749, 0.0, 0.0, 90.0, 0.0, 131078.859375
0:00:45.082452, 0.0, 0.0, 90.0, 0.0, 131079.46875
0:00:45.183100, 0.0, 0.0, 90.0, 0.0, 131080.09375
0:00:45.273849, 0.0, 0.0, 90.0, 0.0, 131080.65625
0:00:45.382193, 0.0, 0.0, 90.0, 0.0, 131081.34375
0:00:45.483067, 0.0, 0.0, 90.0, 0.0, 131081.96875
0:00:45.598997, 0.0, 0.0, 90.0, 0.0, 131082.703125
0:00:45.677869, 0.0, 0.0, 90.0, 0.0, 131083.203125
0:00:45.803938, 0.0, 0.0, 90.0, 0.0, 131083.96875
0:00:45.894577, 0.0, 0.0, 90.0, 0.0, 131084.53125
0:00:46.003897, 0.0, 0.0, 90.0, 0.0, 131085.21875
0:00:46.103435, 0.0, 0.0, 90.0, 0.0, 131085.84375
0:00:46.191985, 0.0, 0.0, 90.0, 0.0, 131086.390625
0:00:46.289608, 0.0, 0.0, 90.0, 0.0, 131087.0
0:00:46.394983, 0.0, 0.0, 90.0, 0.0, 131087.65625
0:00:46.490303, 0.0, 0.0, 90.0, 0.0, 131088.25
0:00:46.604299, 0.0, 0.0, 90.0, 0.0, 131088.953125
0:00:46.704709, 0.0, 0.0, 90.0, 0.0, 131089.578125
0:00:46.800807, 0.0, 0.0, 90.0, 0.0, 131090.171875
0:00:46.902433, 0.0, 0.0, 90.0, 0.0, 131090.8125
0:00:46.990045, 0.0, 0.0, 90.0, 0.0, 131091.359375
0:00:47.096309, 0.0, 0.0, 90.0, 0.0, 131092.03125
0:00:47.213288, 0.0, 0.0, 90.0, 0.0, 131092.765625
0:00:47.295206, 0.0, 0.0, 90.0, 0.0, 131093.28125
0:00:47.409214, 0.0, 0.0, 90.0, 0.0, 131094.0
0:00:47.497710, 0.0, 0.0, 90.0, 0.0, 131094.546875
0:00:47.594061, 0.0, 0.0, 90.0, 0.0, 131095.15625
0:00:47.719085, 0.0, 0.0, 90.0, 0.0, 131095.921875
0:00:47.806746, 0.0, 0.0, 90.0, 0.0, 131096.46875
0:00:47.915973, 0.0, 0.0, 90.0, 0.0, 131097.15625
0:00:48.003645, 0.0, 0.0, 90.0, 0.0, 131097.703125
0:00:48.119598, 0.0, 0.0, 90.0, 0.0, 131098.4375
0:00:48.206270, 0.0, 0.0, 90.0, 0.0, 131098.96875
0:00:48.316746, 0.0, 0.0, 90.0, 0.0, 131099.671875
0:00:48.412863, 0.0, 0.0, 90.0, 0.0, 131100.265625
0:00:48.512586, 0.0, 0.0, 90.0, 0.0, 131100.890625
0:00:48.616818, 0.0, 0.0, 90.0, 0.0, 131101.53125
0:00:48.714312, 0.0, 0.0, 90.0, 0.0, 131102.140625
0:00:48.807061, 0.0, 0.0, 90.0, 0.0, 131102.734375
0:00:48.922987, 0.0, 0.0, 90.0, 0.0, 131103.453125
0:00:49.034901, 0.0, 0.0, 90.0, 0.0, 131104.171875
0:00:49.115769, 0.0, 0.0, 90.0, 0.0, 131104.671875
0:00:49.229770, 0.0, 0.0, 90.0, 0.0, 131105.375
0:00:49.317326, 0.0, 0.0, 90.0, 0.0, 131105.921875
0:00:49.413972, 0.0, 0.0, 90.0, 0.0, 131106.515625
0:00:49.514631, 0.0, 0.0, 90.0, 0.0, 131107.15625
0:00:49.636881, 0.0, 0.0, 90.0, 0.0, 131107.921875
0:00:49.733602, 0.0, 0.0, 90.0, 0.0, 131108.53125
0:00:49.826637, 0.0, 0.0, 90.0, 0.0, 131109.109375
0:00:49.941602, 0.0, 0.0, 90.0, 0.0, 131109.84375
0:00:50.027140, 0.0, 0.0, 90.0, 0.0, 131110.390625
0:00:50.124992, 0.0, 0.0, 90.0, 0.0, 131111.0
0:00:50.238029, 0.0, 0.0, 90.0, 0.0, 131111.703125
0:00:50.328350, 0.0, 0.0, 90.0, 0.0, 131112.265625
0:00:50.424973, 0.0, 0.0, 90.0, 0.0, 131112.875
0:00:50.550004, 0.0, 0.0, 90.0, 0.0, 131113.65625
0:00:50.637600, 0.0, 0.0, 90.0, 0.0, 131114.203125
0:00:50.734937, 0.0, 0.0, 90.0, 0.0, 131114.8125
0:00:50.834329, 0.0, 0.0, 90.0, 0.0, 131115.4375
0:00:50.927018, 0.0, 0.0, 90.0, 0.0, 131116.015625
0:00:51.038955, 0.0, 0.0, 90.0, 0.0, 131116.71875
0:00:51.135463, 0.0, 0.0, 90.0, 0.0, 131117.3125
0:00:51.243771, 0.0, 0.0, 90.0, 0.0, 131117.984375
0:00:51.331343, 0.0, 0.0, 90.0, 0.0, 131118.53125
0:00:51.444404, 0.0, 0.0, 90.0, 0.0, 131119.25
0:00:51.551641, 0.0, 0.0, 90.0, 0.0, 131119.921875
0:00:51.636383, 0.0, 0.0, 90.0, 0.0, 131120.453125
0:00:51.744666, 0.0, 0.0, 90.0, 0.0, 131121.125
0:00:51.845640, 0.0, 0.0, 90.0, 0.0, 131121.765625
0:00:51.938972, 0.0, 0.0, 90.0, 0.0, 131122.34375
0:00:52.061054, 0.0, 0.0, 90.0, 0.0, 131123.109375
0:00:52.148748, 0.0, 0.0, 90.0, 0.0, 131123.65625
0:00:52.265758, 0.0, 0.0, 90.0, 0.0, 131124.40625
0:00:52.362191, 0.0, 0.0, 90.0, 0.0, 131125.0
0:00:52.450798, 0.0, 0.0, 90.0, 0.0, 131125.5625
0:00:52.558040, 0.0, 0.0, 90.0, 0.0, 131126.234375
0:00:52.646662, 0.0, 0.0, 90.0, 0.0, 131126.796875
0:00:52.751993, 0.0, 0.0, 90.0, 0.0, 131127.453125
0:00:52.865928, 0.0, 0.0, 90.0, 0.0, 131128.171875
0:00:52.965784, 0.0, 0.0, 90.0, 0.0, 131128.796875
0:00:53.054374, 0.0, 0.0, 90.0, 0.0, 131129.359375
0:00:53.168310, 0.0, 0.0, 90.0, 0.0, 131130.078125
0:00:53.252911, 0.0, 0.0, 90.0, 0.0, 131130.59375
0:00:53.367791, 0.0, 0.0, 90.0, 0.0, 131131.3125
0:00:53.455350, 0.0, 0.0, 90.0, 0.0, 131131.875
0:00:53.583491, 0.0, 0.0, 90.0, 0.0, 131132.6875
0:00:53.670048, 0.0, 0.0, 90.0, 0.0, 131133.234375
0:00:53.765489, 0.0, 0.0, 90.0, 0.0, 131133.84375
0:00:53.876613, 0.0, 0.0, 90.0, 0.0, 131134.515625
0:00:53.957503, 0.0, 0.0, 90.0, 0.0, 131135.015625
0:00:54.067808, 0.0, 0.0, 90.0, 0.0, 131135.71875
0:00:54.180926, 0.0, 0.0, 90.0, 0.0, 131136.4375
0:00:54.267503, 0.0, 0.0, 90.0, 0.0, 131136.984375
0:00:54.359188, 0.0, 0.0, 90.0, 0.0, 131137.546875
0:00:54.468645, 0.0, 0.0, 90.0, 0.0, 131138.234375
0:00:54.579829, 0.0, 0.0, 90.0, 0.0, 131138.9375
0:00:54.665507, 0.0, 0.0, 90.0, 0.0, 131139.484375
0:00:54.766158, 0.0, 0.0, 90.0, 0.0, 131140.109375
0:00:54.881101, 0.0, 0.0, 90.0, 0.0, 131140.828125
0:00:54.969724, 0.0, 0.0, 90.0, 0.0, 131141.375
0:00:55.076779, 0.0, 0.0, 90.0, 0.0, 131142.046875
0:00:55.176375, 0.0, 0.0, 90.0, 0.0, 131142.671875
0:00:55.268114, 0.0, 0.0, 90.0, 0.0, 131143.25
0:00:55.377477, 0.0, 0.0, 90.0, 0.0, 131143.921875
0:00:55.475655, 0.0, 0.0, 90.0, 0.0, 131144.546875
0:00:55.574487, 0.0, 0.0, 90.0, 0.0, 131145.171875
0:00:55.687496, 0.0, 0.0, 90.0, 0.0, 131145.875
0:00:55.800356, 0.0, 0.0, 90.0, 0.0, 131146.578125
0:00:55.897810, 0.0, 0.0, 90.0, 0.0, 131147.203125
0:00:55.983370, 0.0, 0.0, 90.0, 0.0, 131147.75
0:00:56.094370, 0.0, 0.0, 90.0, 0.0, 131148.4375
0:00:56.207339, 0.0, 0.0, 90.0, 0.0, 131149.15625
0:00:56.293886, 0.0, 0.0, 90.0, 0.0, 131149.6875
0:00:56.407810, 0.0, 0.0, 90.0, 0.0, 131150.40625
0:00:56.500473, 0.0, 0.0, 90.0, 0.0, 131150.984375
0:00:56.611497, 0.0, 0.0, 90.0, 0.0, 131151.671875
0:00:56.691900, 0.0, 0.0, 90.0, 0.0, 131152.171875
0:00:56.788220, 0.0, 0.0, 90.0, 0.0, 131152.78125
0:00:56.886918, 0.0, 0.0, 90.0, 0.0, 131153.40625
0:00:56.987538, 0.0, 0.0, 90.0, 0.0, 131154.046875
0:00:57.108788, 0.0, 0.0, 90.0, 0.0, 131154.796875
0:00:57.206533, 0.0, 0.0, 90.0, 0.0, 131155.40625
0:00:57.307164, 0.0, 0.0, 90.0, 0.0, 131156.046875
0:00:57.398907, 0.0, 0.0, 90.0, 0.0, 131156.625
0:00:57.513915, 0.0, 0.0, 90.0, 0.0, 131157.34375
0:00:57.601538, 0.0, 0.0, 90.0, 0.0, 131157.890625
0:00:57.716589, 0.0, 0.0, 90.0, 0.0, 131158.625
0:00:57.817124, 0.0, 0.0, 90.0, 0.0, 131159.25
0:00:57.909899, 0.0, 0.0, 90.0, 0.0, 131159.828125
0:00:58.018210, 0.0, 0.0, 90.0, 0.0, 131160.515625
0:00:58.117830, 0.0, 0.0, 90.0, 0.0, 131161.140625
0:00:58.205467, 0.0, 0.0, 90.0, 0.0, 131161.6875
0:00:58.318408, 0.0, 0.0, 90.0, 0.0, 131162.40625
0:00:58.403935, 0.0, 0.0, 90.0, 0.0, 131162.9375
0:00:58.507210, 0.0, 0.0, 90.0, 0.0, 131163.5625
0:00:58.616536, 0.0, 0.0, 90.0, 0.0, 131164.234375
0:00:58.712524, 0.0, 0.0, 90.0, 0.0, 131164.828125
0:00:58.809835, 0.0, 0.0, 90.0, 0.0, 131165.453125
0:00:58.908551, 0.0, 0.0, 90.0, 0.0, 131166.0625
0:00:59.013958, 0.0, 0.0, 90.0, 0.0, 131166.71875
0:00:59.127858, 0.0, 0.0, 90.0, 0.0, 131167.4375
0:00:59.226547, 0.0, 0.0, 90.0, 0.0, 131168.046875
0:00:59.327192, 0.0, 0.0, 90.0, 0.0, 131168.6875
0:00:59.420286, 0.0, 0.0, 90.0, 0.0, 131169.265625
0:00:59.529592, 0.0, 0.0, 90.0, 0.0, 131169.9375
0:00:59.627739, 0.0, 0.0, 90.0, 0.0, 131170.5625
0:00:59.721841, 0.0, 0.0, 90.0, 0.0, 131171.140625
0:00:59.838765, 0.0, 0.0, 90.0, 0.0, 131171.875
0:00:59.927322, 0.0, 0.0, 90.0, 0.0, 131172.4375
0:01:00.025166, 0.0, 0.0, 90.0, 0.0, 131173.046875
0:01:00.138205, 0.0, 0.0, 90.0, 0.0, 131173.765625
0:01:00.237667, 0.0, 0.0, 90.0, 0.0, 131174.390625
0:01:00.325322, 0.0, 0.0, 90.0, 0.0, 131174.9375
0:01:00.438199, 0.0, 0.0, 90.0, 0.0, 131175.640625
0:01:00.549579, 0.0, 0.0, 90.0, 0.0, 131176.34375
0:01:00.648186, 0.0, 0.0, 90.0, 0.0, 131176.953125
0:01:00.739963, 0.0, 0.0, 90.0, 0.0, 131177.53125
0:01:00.851883, 0.0, 0.0, 90.0, 0.0, 131178.21875
0:01:00.941600, 0.0, 0.0, 90.0, 0.0, 131178.78125
0:01:01.050006, 0.0, 0.0, 90.0, 0.0, 131179.46875
0:01:01.138635, 0.0, 0.0, 90.0, 0.0, 131180.03125
0:01:01.252543, 0.0, 0.0, 90.0, 0.0, 131180.75
0:01:01.359862, 0.0, 0.0, 90.0, 0.0, 131181.421875
0:01:01.450913, 0.0, 0.0, 90.0, 0.0, 131182.0
0:01:01.564911, 0.0, 0.0, 90.0, 0.0, 131182.71875
0:01:01.668147, 0.0, 0.0, 90.0, 0.0, 131183.34375
0:01:01.752994, 0.0, 0.0, 90.0, 0.0, 131183.875
0:01:01.840228, 0.0, 0.0, 90.0, 0.0, 131184.4375
0:01:01.939702, 0.0, 0.0, 90.0, 0.0, 131185.0625
0:01:02.059222, 0.0, 0.0, 90.0, 0.0, 131185.796875
0:01:02.153434, 0.0, 0.0, 90.0, 0.0, 131186.390625
0:01:02.268347, 0.0, 0.0, 90.0, 0.0, 131187.125
0:01:02.370083, 0.0, 0.0, 90.0, 0.0, 131187.765625
0:01:02.459720, 0.0, 0.0, 90.0, 0.0, 131188.3125
0:01:02.568989, 0.0, 0.0, 90.0, 0.0, 131189.0
0:01:02.668723, 0.0, 0.0, 90.0, 0.0, 131189.609375
0:01:02.760720, 0.0, 0.0, 90.0, 0.0, 131190.1875
0:01:02.875780, 0.0, 0.0, 90.0, 0.0, 131190.921875
0:01:02.963352, 0.0, 0.0, 90.0, 0.0, 131191.46875
0:01:03.078221, 0.0, 0.0, 90.0, 0.0, 131192.1875
0:01:03.164871, 0.0, 0.0, 90.0, 0.0, 131192.71875
0:01:03.280891, 0.0, 0.0, 90.0, 0.0, 131193.4375
0:01:03.378729, 0.0, 0.0, 90.0, 0.0, 131194.046875
0:01:03.478205, 0.0, 0.0, 90.0, 0.0, 131194.671875
0:01:03.570240, 0.0, 0.0, 90.0, 0.0, 131195.25
0:01:03.676637, 0.0, 0.0, 90.0, 0.0, 131195.921875
0:01:03.790599, 0.0, 0.0, 90.0, 0.0, 131196.640625
0:01:03.889438, 0.0, 0.0, 90.0, 0.0, 131197.265625
0:01:03.974060, 0.0, 0.0, 90.0, 0.0, 131197.796875
0:01:04.070377, 0.0, 0.0, 90.0, 0.0, 131198.390625
0:01:04.191891, 0.0, 0.0, 90.0, 0.0, 131199.140625
0:01:04.284479, 0.0, 0.0, 90.0, 0.0, 131199.71875
0:01:04.376060, 0.0, 0.0, 90.0, 0.0, 131200.296875
0:01:04.490946, 0.0, 0.0, 90.0, 0.0, 131201.03125
0:01:04.580703, 0.0, 0.0, 90.0, 0.0, 131201.59375
0:01:04.694592, 0.0, 0.0, 90.0, 0.0, 131202.3125
0:01:04.785915, 0.0, 0.0, 90.0, 0.0, 131202.875
0:01:04.874446, 0.0, 0.0, 90.0, 0.0, 131203.421875
0:01:04.982735, 0.0, 0.0, 90.0, 0.0, 131204.109375
0:01:05.095617, 0.0, 0.0, 90.0, 0.0, 131204.828125
