Time, Frequency, Amplitude, Offset, PhaseShift, Phase
0:00:00.144916, 0.0, 0.0, 90.0, 0.0, 0.0
0:00:00.254399, 0.0, 0.0, 90.0, 0.0, 0.0
0:00:00.377558, 0.0, 0.0, 90.0, 0.0, 0.0
0:00:00.487415, 0.0, 0.0, 90.0, 0.0, 0.0
0:00:00.588894, 0.0, 0.0, 90.0, 0.0, 0.0
0:00:00.711158, 0.0, 0.0, 90.0, 0.0, 0.0
0:00:00.819017, 0.0, 0.0, 90.0, 0.0, 0.0
0:00:00.943040, 0.0, 0.0, 90.0, 0.0, 0.0
0:00:01.044381, 0.0, 0.0, 90.0, 0.0, 0.0
0:00:01.161026, 0.0, 0.0, 90.0, 0.0, 0.0
0:00:01.262294, 0.0, 0.0, 90.0, 0.0, 0.0
0:00:01.386013, 0.0, 0.0, 90.0, 0.0, 0.0
0:00:01.495785, 0.0, 0.0, 90.0, 0.0, 0.0
0:00:01.608012, 0.0, 0.0, 90.0, 0.0, 0.0
0:00:01.721023, 0.0, 0.0, 90.0, 0.0, 0.0
0:00:01.839963, 0.0, 0.0, 90.0, 0.0, 0.0
0:00:01.949371, 0.0, 0.0, 90.0, 0.0, 0.0
0:00:02.074969, 0.0, 0.0, 90.0, 0.0, 0.0
0:00:02.184753, 0.0, 0.0, 90.0, 0.0, 0.0
0:00:02.307710, 0.0, 0.0, 90.0, 0.0, 0.0
0:00:02.418431, 0.0, 0.0, 90.0, 0.0, 0.0
0:00:02.528221, 0.0, 0.0, 90.0, 0.0, 0.0
0:00:02.649487, 0.0, 0.0, 90.0, 0.0, 0.0
0:00:02.748148, 0.0, 0.0, 90.0, 0.0, 0.0
0:00:02.878134, 0.0, 0.0, 90.0, 0.0, 0.0
0:00:02.983692, 0.0, 0.0, 90.0, 0.0, 0.0
0:00:03.111853, 0.0, 0.0, 90.0, 0.0, 0.0
0:00:03.217280, 0.0, 0.0, 90.0, 0.0, 0.0
0:00:03.327404, 0.0, 0.0, 90.0, 0.0, 0.0
0:00:03.448862, 0.0, 0.0, 90.0, 0.0, 0.0
0:00:03.572365, 0.0, 0.0, 90.0, 0.0, 0.0
0:00:03.671961, 0.0, 0.0, 90.0, 0.0, 0.0
0:00:03.788641, 0.0, 0.0, 90.0, 0.0, 0.0
0:00:03.914038, 0.0, 0.0, 90.0, 0.0, 0.0
0:00:04.023143, 0.0, 0.0, 90.0, 0.0, 0.0
0:00:04.133164, 0.0, 0.0, 90.0, 0.0, 0.0
0:00:04.241692, 0.0, 0.0, 90.0, 0.0, 0.0
0:00:04.365149, 0.0, 0.0, 90.0, 0.0, 0.0
0:00:04.474126, 0.0, 0.0, 90.0, 0.0, 0.0
0:00:04.598254, 0.0, 0.0, 90.0, 0.0, 0.0
0:00:04.707410, 0.0, 0.0, 90.0, 0.0, 0.0
0:00:04.817535, 0.0, 0.0, 90.0, 0.0, 0.0
0:00:04.941853, 0.0, 0.0, 90.0, 0.0, 0.0
0:00:05.046839, 0.0, 0.0, 90.0, 0.0, 0.0
0:00:05.165910, 0.0, 0.0, 90.0, 0.0, 0.0
0:00:05.272333, 0.0, 0.0, 90.0, 0.0, 0.0
0:00:05.381948, 0.0, 0.0, 90.0, 0.0, 0.0
0:00:05.490817, 0.0, 0.0, 90.0, 0.0, 0.0
0:00:05.597827, 0.0, 0.0, 90.0, 0.0, 0.0
0:00:05.711014, 0.0, 0.0, 90.0, 0.0, 0.0
0:00:05.828639, 0.0, 0.0, 90.0, 0.0, 0.0
0:00:05.936534, 0.0, 0.0, 90.0, 0.0, 0.0
0:00:06.030474, 0.0, 0.0, 90.0, 0.0, 0.0
0:00:06.141110, 0.0, 0.0, 90.0, 0.0, 0.0
0:00:06.263421, 0.0, 0.0, 90.0, 0.0, 0.0
0:00:06.373562, 0.0, 0.0, 90.0, 0.0, 0.0
0:00:06.499596, 0.0, 0.0, 90.0, 0.0, 0.0
0:00:06.609358, 0.0, 0.0, 90.0, 0.0, 0.0
0:00:06.718806, 0.0, 0.0, 90.0, 0.0, 0.0
0:00:06.837923, 0.0, 0.0, 90.0, 0.0, 0.0
0:00:06.947233, 0.0, 0.0, 90.0, 0.0, 0.0
0:00:07.056457, 0.0, 0.0, 90.0, 0.0, 0.0
0:00:07.155703, 0.0, 0.0, 90.0, 0.0, 0.0
0:00:07.273543, 0.0, 0.0, 90.0, 0.0, 0.0
0:00:07.384394, 0.0, 0.0, 90.0, 0.0, 0.0
0:00:07.494385, 0.0, 0.0, 90.0, 0.0, 0.0
0:00:07.607068, 0.0, 0.0, 90.0, 0.0, 0.0
0:00:07.717904, 0.0, 0.0, 90.0, 0.0, 0.0
0:00:07.841574, 0.0, 0.0, 90.0, 0.0, 0.0
0:00:07.951905, 0.0, 0.0, 90.0, 0.0, 0.0
0:00:08.060852, 0.0, 0.0, 90.0, 0.0, 0.0
0:00:08.184681, 0.0, 0.0, 90.0, 0.0, 0.0
0:00:08.303422, 0.0, 0.0, 90.0, 0.0, 0.0
0:00:08.411596, 0.0, 0.0, 90.0, 0.0, 0.0
0:00:08.517426, 0.0, 0.0, 90.0, 0.0, 0.0
0:00:08.627129, 0.0, 0.0, 90.0, 0.0, 0.0
0:00:08.744596, 0.0, 0.0, 90.0, 0.0, 0.0
0:00:08.861460, 0.0, 0.0, 90.0, 0.0, 0.0
0:00:08.971073, 0.0, 0.0, 90.0, 0.0, 0.0
0:00:09.111612, 0.0, 0.0, 90.0, 0.0, 0.0
0:00:09.218248, 0.0, 0.0, 90.0, 0.0, 0.0
0:00:09.340329, 0.0, 0.0, 90.0, 0.0, 0.0
0:00:09.438203, 0.0, 0.0, 90.0, 0.0, 0.0
0:00:09.560729, 0.0, 0.0, 90.0, 0.0, 0.0
0:00:09.684390, 0.0, 0.0, 90.0, 0.0, 0.0
0:00:09.791218, 0.0, 0.0, 90.0, 0.0, 0.0
0:00:09.906657, 0.0, 0.0, 90.0, 0.0, 0.0
0:00:10.021472, 0.0, 0.0, 90.0, 0.0, 0.0
0:00:10.110027, 0.0, 0.0, 90.0, 0.0, 0.0
0:00:10.240429, 0.0, 0.0, 90.0, 0.0, 0.0
0:00:10.364834, 0.0, 0.0, 90.0, 0.0, 0.0
0:00:10.487863, 0.0, 0.0, 90.0, 0.0, 0.0
0:00:10.581892, 0.0, 0.0, 90.0, 0.0, 0.0
0:00:10.707288, 0.0, 0.0, 90.0, 0.0, 0.0
0:00:10.816384, 0.0, 0.0, 90.0, 0.0, 0.0
0:00:10.927872, 0.0, 0.0, 90.0, 0.0, 0.0
0:00:11.039496, 0.0, 0.0, 90.0, 0.0, 0.0
0:00:11.148695, 0.0, 0.0, 90.0, 0.0, 0.0
0:00:11.274710, 0.0, 0.0, 90.0, 0.0, 0.0
0:00:11.385715, 0.0, 0.0, 90.0, 0.0, 0.0
0:00:11.488136, 0.0, 0.0, 90.0, 0.0, 0.0
0:00:11.628675, 0.0, 0.0, 90.0, 0.0, 0.0
0:00:11.740481, 0.0, 0.0, 90.0, 0.0, 0.0
0:00:11.847695, 0.0, 0.0, 90.0, 0.0, 0.0
0:00:11.963579, 0.0, 0.0, 90.0, 0.0, 0.0
0:00:12.080779, 0.0, 0.0, 90.0, 0.0, 0.0
0:00:12.203734, 0.0, 0.0, 90.0, 0.0, 0.0
0:00:12.311684, 0.0, 0.0, 90.0, 0.0, 0.0
0:00:12.419287, 0.0, 0.0, 90.0, 0.0, 0.0
0:00:12.534407, 0.0, 0.0, 90.0, 0.0, 0.0
0:00:12.654009, 0.0, 0.0, 90.0, 0.0, 0.0
0:00:12.763722, 0.0, 0.0, 90.0, 0.0, 0.0
0:00:12.887945, 0.0, 0.0, 90.0, 0.0, 0.0
0:00:12.996118, 0.0, 0.0, 90.0, 0.0, 0.0
0:00:13.122087, 0.0, 0.0, 90.0, 0.0, 0.0
0:00:13.230280, 0.0, 0.0, 90.0, 0.0, 0.0
0:00:13.343074, 0.0, 0.0, 90.0, 0.0, 0.0
0:00:13.450010, 0.0, 0.0, 90.0, 0.0, 0.0
0:00:13.564579, 0.0, 0.0, 90.0, 0.0, 0.0
0:00:13.690132, 0.0, 0.0, 90.0, 0.0, 0.0
0:00:13.800763, 0.0, 0.0, 90.0, 0.0, 0.0
0:00:13.909374, 0.0, 0.0, 90.0, 0.0, 0.0
0:00:14.019224, 0.0, 0.0, 90.0, 0.0, 0.0
0:00:14.143258, 0.0, 0.0, 90.0, 0.0, 0.0
0:00:14.252647, 0.0, 0.0, 90.0, 0.0, 0.0
0:00:14.370350, 0.0, 0.0, 90.0, 0.0, 0.0
0:00:14.474106, 0.0, 0.0, 90.0, 0.0, 0.0
0:00:14.589847, 0.0, 0.0, 90.0, 0.0, 0.0
0:00:14.698517, 0.0, 0.0, 90.0, 0.0, 0.0
0:00:14.810492, 0.0, 0.0, 90.0, 0.0, 0.0
0:00:14.927047, 0.0, 0.0, 90.0, 0.0, 0.0
0:00:15.032864, 0.0, 0.0, 90.0, 0.0, 0.0
0:00:15.144184, 0.0, 0.0, 90.0, 0.0, 0.0
0:00:15.244724, 0.0, 0.0, 90.0, 0.0, 0.0
0:00:15.363265, 0.0, 0.0, 90.0, 0.0, 0.0
0:00:15.471540, 0.0, 0.0, 90.0, 0.0, 0.0
0:00:15.595003, 0.0, 0.0, 90.0, 0.0, 0.0
0:00:15.709765, 0.0, 0.0, 90.0, 0.0, 0.0
0:00:15.817418, 0.0, 0.0, 90.0, 0.0, 0.0
0:00:15.915606, 0.0, 0.0, 90.0, 0.0, 0.0
0:00:16.028177, 0.0, 0.0, 90.0, 0.0, 0.0
0:00:16.150176, 0.0, 0.0, 90.0, 0.0, 0.0
0:00:16.259883, 0.0, 0.0, 90.0, 0.0, 0.0
0:00:16.367523, 0.0, 0.0, 90.0, 0.0, 0.0
0:00:16.478958, 0.0, 0.0, 90.0, 0.0, 0.0
0:00:16.596729, 0.0, 0.0, 90.0, 0.0, 0.0
0:00:16.710728, 0.0, 0.0, 90.0, 0.0, 0.0
0:00:16.805913, 0.0, 0.0, 90.0, 0.0, 0.0
0:00:16.928322, 0.0, 0.0, 90.0, 0.0, 0.0
0:00:17.037571, 0.0, 0.0, 90.0, 0.0, 0.0
0:00:17.146027, 0.0, 0.0, 90.0, 0.0, 0.0
0:00:17.271543, 0.0, 0.0, 90.0, 0.0, 0.0
0:00:17.379565, 0.0, 0.0, 90.0, 0.0, 0.0
0:00:17.489963, 0.0, 0.0, 90.0, 0.0, 0.0
0:00:17.612713, 0.0, 0.0, 90.0, 0.0, 0.0
0:00:17.720581, 0.0, 0.0, 90.0, 0.0, 0.0
0:00:17.845187, 0.0, 0.0, 90.0, 0.0, 0.0
0:00:17.963250, 0.0, 0.0, 90.0, 0.0, 0.0
0:00:18.071169, 0.0, 0.0, 90.0, 0.0, 0.0
0:00:18.186382, 0.0, 0.0, 90.0, 0.0, 0.0
0:00:18.304735, 0.0, 0.0, 90.0, 0.0, 0.0
0:00:18.423976, 0.0, 0.0, 90.0, 0.0, 0.0
0:00:18.522313, 0.0, 0.0, 90.0, 0.0, 0.0
0:00:18.646275, 0.0, 0.0, 90.0, 0.0, 0.0
0:00:18.746109, 0.0, 0.0, 90.0, 0.0, 0.0
0:00:18.861240, 0.0, 0.0, 90.0, 0.0, 0.0
0:00:18.982426, 0.0, 0.0, 90.0, 0.0, 0.0
0:00:19.084136, 0.0, 0.0, 90.0, 0.0, 0.0
0:00:19.193519, 0.0, 0.0, 90.0, 0.0, 0.0
0:00:19.301440, 0.0, 0.0, 90.0, 0.0, 0.0
0:00:19.426872, 0.0, 0.0, 90.0, 0.0, 0.0
0:00:19.534349, 0.0, 0.0, 90.0, 0.0, 0.0
0:00:19.644335, 0.0, 0.0, 90.0, 0.0, 0.0
0:00:19.754562, 0.0, 0.0, 90.0, 0.0, 0.0
0:00:19.869470, 0.0, 0.0, 90.0, 0.0, 0.0
0:00:19.988420, 0.0, 0.0, 90.0, 0.0, 0.0
0:00:20.105073, 0.0, 0.0, 90.0, 0.0, 0.0
0:00:20.213576, 0.0, 0.0, 90.0, 0.0, 0.0
0:00:20.322593, 0.0, 0.0, 90.0, 0.0, 0.0
0:00:20.428969, 0.0, 0.0, 90.0, 0.0, 0.0
0:00:20.556354, 0.0, 0.0, 90.0, 0.0, 0.0
0:00:20.667052, 0.0, 0.0, 90.0, 0.0, 0.0
0:00:20.772727, 0.0, 0.0, 90.0, 0.0, 0.0
0:00:20.896433, 0.0, 0.0, 90.0, 0.0, 0.0
0:00:21.003982, 0.0, 0.0, 90.0, 0.0, 0.0
0:00:21.128825, 0.0, 0.0, 90.0, 0.0, 0.0
0:00:21.237144, 0.0, 0.0, 90.0, 0.0, 0.0
0:00:21.345626, 0.0, 0.0, 90.0, 0.0, 0.0
0:00:21.459135, 0.0, 0.0, 90.0, 0.0, 0.0
0:00:21.569841, 0.0, 0.0, 90.0, 0.0, 0.0
0:00:21.688611, 0.0, 0.0, 90.0, 0.0, 0.0
0:00:21.798976, 0.0, 0.0, 90.0, 0.0, 0.0
0:00:21.911805, 0.0, 0.0, 90.0, 0.0, 0.0
0:00:22.018279, 0.0, 0.0, 90.0, 0.0, 0.0
0:00:22.129086, 0.0, 0.0, 90.0, 0.0, 0.0
0:00:22.253094, 0.0, 0.0, 90.0, 0.0, 0.0
0:00:22.479367, 0.0, 0.0, 90.0, 0.0, 0.0
0:00:22.590478, 0.0, 0.0, 90.0, 0.0, 0.0
0:00:22.692291, 0.0, 0.0, 90.0, 0.0, 0.0
0:00:22.811195, 0.0, 0.0, 90.0, 0.0, 0.0
0:00:22.917698, 0.0, 0.0, 90.0, 0.0, 0.0
0:00:23.035758, 0.0, 0.0, 90.0, 0.0, 0.0
0:00:23.134141, 0.0, 0.0, 90.0, 0.0, 0.0
0:00:23.244406, 0.0, 0.0, 90.0, 0.0, 0.0
0:00:23.368756, 0.0, 0.0, 90.0, 0.0, 0.0
0:00:23.478212, 0.0, 0.0, 90.0, 0.0, 0.0
0:00:23.588870, 0.0, 0.0, 90.0, 0.0, 0.0
0:00:23.705103, 0.0, 0.0, 90.0, 0.0, 0.0
0:00:23.813966, 0.0, 0.0, 90.0, 0.0, 0.0
0:00:23.937947, 0.0, 0.0, 90.0, 0.0, 0.0
0:00:24.054925, 0.0, 0.0, 90.0, 0.0, 0.0
0:00:24.166603, 0.0, 0.0, 90.0, 0.0, 0.0
0:00:24.277773, 0.0, 0.0, 90.0, 0.0, 0.0
0:00:24.386267, 0.0, 0.0, 90.0, 0.0, 0.0
0:00:24.509489, 0.0, 0.0, 90.0, 0.0, 0.0
0:00:24.620011, 0.0, 0.0, 90.0, 0.0, 0.0
0:00:24.729976, 0.0, 0.0, 90.0, 0.0, 0.0
0:00:24.838421, 0.0, 0.0, 90.0, 0.0, 0.0
0:00:24.947918, 0.0, 0.0, 90.0, 0.0, 0.0
0:00:25.073224, 0.0, 0.0, 90.0, 0.0, 0.0
0:00:25.182240, 0.0, 0.0, 90.0, 0.0, 0.0
0:00:25.306975, 0.0, 0.0, 90.0, 0.0, 0.0
0:00:25.415736, 0.0, 0.0, 90.0, 0.0, 0.0
0:00:25.534715, 0.0, 0.0, 90.0, 0.0, 0.0
0:00:25.645290, 0.0, 0.0, 90.0, 0.0, 0.0
0:00:25.764196, 0.0, 0.0, 90.0, 0.0, 0.0
0:00:25.868346, 0.0, 0.0, 90.0, 0.0, 0.0
0:00:25.984189, 0.0, 0.0, 90.0, 0.0, 0.0
0:00:26.088933, 0.0, 0.0, 90.0, 0.0, 0.0
0:00:26.210228, 0.0, 0.0, 90.0, 0.0, 0.0
0:00:26.333978, 0.0, 0.0, 90.0, 0.0, 0.0
0:00:26.427777, 0.0, 0.0, 90.0, 0.0, 0.0
0:00:26.536390, 0.0, 0.0, 90.0, 0.0, 0.0
0:00:26.660901, 0.0, 0.0, 90.0, 0.0, 0.0
0:00:26.768805, 0.0, 0.0, 90.0, 0.0, 0.0
0:00:26.878369, 0.0, 0.0, 90.0, 0.0, 0.0
0:00:26.986427, 0.0, 0.0, 90.0, 0.0, 0.0
0:00:27.100492, 0.0, 0.0, 90.0, 0.0, 0.0
0:00:27.205481, 0.0, 0.0, 90.0, 0.0, 0.0
0:00:27.331453, 0.0, 0.0, 90.0, 0.0, 0.0
0:00:27.442274, 0.0, 0.0, 90.0, 0.0, 0.0
0:00:27.549650, 0.0, 0.0, 90.0, 0.0, 0.0
0:00:27.661349, 0.0, 0.0, 90.0, 0.0, 0.0
0:00:27.782773, 0.0, 0.0, 90.0, 0.0, 0.0
0:00:27.891766, 0.0, 0.0, 90.0, 0.0, 0.0
0:00:27.987673, 0.0, 0.0, 90.0, 0.0, 0.0
0:00:28.112500, 0.0, 0.0, 90.0, 0.0, 0.0
0:00:28.226587, 0.0, 0.0, 90.0, 0.0, 0.0
0:00:28.334392, 0.0, 0.0, 90.0, 0.0, 0.0
0:00:28.444695, 0.0, 0.0, 90.0, 0.0, 0.0
0:00:28.570016, 0.0, 0.0, 90.0, 0.0, 0.0
0:00:28.679564, 0.0, 0.0, 90.0, 0.0, 0.0
0:00:28.787977, 0.0, 0.0, 90.0, 0.0, 0.0
0:00:28.909873, 0.0, 0.0, 90.0, 0.0, 0.0
0:00:29.016819, 0.0, 0.0, 90.0, 0.0, 0.0
0:00:29.141862, 0.0, 0.0, 90.0, 0.0, 0.0
0:00:29.242646, 0.0, 0.0, 90.0, 0.0, 0.0
0:00:29.359755, 0.0, 0.0, 90.0, 0.0, 0.0
0:00:29.465895, 0.0, 0.0, 90.0, 0.0, 0.0
0:00:29.591955, 0.0, 0.0, 90.0, 0.0, 0.0
0:00:29.702034, 0.0, 0.0, 90.0, 0.0, 0.0
0:00:29.825674, 0.0, 0.0, 90.0, 0.0, 0.0
0:00:29.933348, 0.0, 0.0, 90.0, 0.0, 0.0
0:00:30.042858, 0.0, 0.0, 90.0, 0.0, 0.0
0:00:30.150820, 0.0, 0.0, 90.0, 0.0, 0.0
0:00:30.276134, 0.0, 0.0, 90.0, 0.0, 0.0
0:00:30.398836, 0.0, 0.0, 90.0, 0.0, 0.0
0:00:30.514212, 0.0, 0.0, 90.0, 0.0, 0.0
0:00:30.613872, 0.0, 0.0, 90.0, 0.0, 0.0
0:00:30.734339, 0.0, 0.0, 90.0, 0.0, 0.0
0:00:30.844018, 0.0, 0.0, 90.0, 0.0, 0.0
0:00:30.952481, 0.0, 0.0, 90.0, 0.0, 0.0
0:00:31.076859, 0.0, 0.0, 90.0, 0.0, 0.0
0:00:31.185371, 0.0, 0.0, 90.0, 0.0, 0.0
0:00:31.293715, 0.0, 0.0, 90.0, 0.0, 0.0
0:00:31.421414, 0.0, 0.0, 90.0, 0.0, 0.0
0:00:31.529690, 0.0, 0.0, 90.0, 0.0, 0.0
0:00:31.637688, 0.0, 0.0, 90.0, 0.0, 0.0
0:00:31.746878, 0.0, 0.0, 90.0, 0.0, 0.0
0:00:31.871788, 0.0, 0.0, 90.0, 0.0, 0.0
0:00:31.981790, 0.0, 0.0, 90.0, 0.0, 0.0
0:00:32.105008, 0.0, 0.0, 90.0, 0.0, 0.0
0:00:32.213755, 0.0, 0.0, 90.0, 0.0, 0.0
0:00:32.327400, 0.0, 0.0, 90.0, 0.0, 0.0
0:00:32.446121, 0.0, 0.0, 90.61492919921875, 0.0, 0.0
0:00:32.558241, 0.0, 0.0, 92.40628814697266, 0.0, 0.0
0:00:32.666085, 0.0, 0.0, 94.73552703857422, 0.0, 0.0
0:00:32.778286, 0.0, 0.0, 97.37535095214844, 0.0, 0.0
0:00:32.909123, 0.0, 0.0, 100.34178924560547, 0.0, 0.0
0:00:33.011431, 0.0, 0.0, 103.22480010986328, 0.0, 0.0
0:00:33.128216, 0.0, 0.0, 106.34941101074219, 0.0, 0.0
0:00:33.242906, 0.0, 0.0, 109.91873931884766, 0.0, 0.0
0:00:33.367922, 0.0, 0.0, 113.5433578491211, 0.0, 0.0
0:00:33.477155, 0.0, 0.0, 116.91648864746094, 0.0, 0.0
0:00:33.584883, 0.0, 0.0, 120.07403564453125, 0.0, 0.0
0:00:33.691491, 0.0, 0.0, 123.03115844726562, 0.0, 0.0
0:00:33.807458, 0.0, 0.0, 125.85047912597656, 0.0, 0.0
0:00:33.932036, 0.0, 0.0, 128.76785278320312, 0.0, 0.0
0:00:34.041542, 0.0, 0.0, 131.16143798828125, 0.0, 0.0
0:00:34.164694, 0.0, 0.0, 133.55160522460938, 0.0, 0.0
0:00:34.264700, 0.0, 0.0, 135.80836486816406, 0.0, 0.0
0:00:34.383032, 0.0, 0.0, 137.9940643310547, 0.0, 0.0
0:00:34.507845, 0.0, 0.0, 140.02020263671875, 0.0, 0.0
0:00:34.617190, 0.0, 0.0, 141.88348388671875, 0.0, 0.0
0:00:34.725147, 0.0, 0.0, 143.6907501220703, 0.0, 0.0
0:00:34.837816, 0.0, 0.0, 145.2800750732422, 0.0, 0.0
0:00:34.941765, 0.0, 0.0, 146.78610229492188, 0.0, 0.0
0:00:35.049500, 0.0, 0.0, 148.2783966064453, 0.0, 0.0
0:00:35.173335, 0.0, 0.0, 149.72581481933594, 0.0, 0.0
0:00:35.283576, 0.0, 0.0, 151.09176635742188, 0.0, 0.0
0:00:35.397246, 0.0, 0.0, 152.38088989257812, 0.0, 0.0
0:00:35.515895, 0.0, 0.0, 153.57675170898438, 0.0, 0.0
0:00:35.624679, 0.0, 0.0, 154.71624755859375, 0.0, 0.0
0:00:35.748876, 0.0, 0.0, 155.8106231689453, 0.0, 0.0
0:00:35.859649, 0.0, 0.0, 156.81675720214844, 0.0, 0.0
0:00:35.963558, 0.0, 0.0, 157.77548217773438, 0.0, 0.0
0:00:36.084656, 0.0, 0.0, 158.6807098388672, 0.0, 0.0
0:00:36.194401, 0.0, 0.0, 159.49871826171875, 0.0, 0.0
0:00:36.302562, 0.0, 0.0, 160.27304077148438, 0.0, 0.0
0:00:36.412155, 0.0, 0.0, 161.03236389160156, 0.0, 0.0
0:00:36.535694, 0.0, 0.0, 161.7620849609375, 0.0, 0.0
0:00:36.645178, 0.0, 0.0, 162.4390106201172, 0.0, 0.0
0:00:36.746715, 0.0, 0.0, 163.10296630859375, 0.0, 0.0
0:00:36.871707, 0.0, 0.0, 163.9376983642578, 0.0, 0.0
0:00:36.973752, 0.0, 0.0, 164.8339080810547, 0.0, 0.0
0:00:37.102325, 0.0, 0.0, 165.7091064453125, 0.0, 0.0
0:00:37.210697, 0.0, 0.0, 166.52696228027344, 0.0, 0.0
0:00:37.327717, 0.0, 0.0, 167.272216796875, 0.0, 0.0
0:00:37.436788, 0.0, 0.0, 167.96405029296875, 0.0, 0.0
0:00:37.553298, 0.0, 0.0, 168.641357421875, 0.0, 0.0
0:00:37.663403, 0.0, 0.0, 169.2805633544922, 0.0, 0.0
0:00:37.789374, 0.0, 0.0, 169.87864685058594, 0.0, 0.0
0:00:37.897343, 0.0, 0.0, 170.42398071289062, 0.0, 0.0
0:00:38.004556, 0.0, 0.0, 170.95367431640625, 0.0, 0.0
0:00:38.129264, 0.0, 0.0, 171.4713897705078, 0.0, 0.0
0:00:38.237470, 0.0, 0.0, 171.9431610107422, 0.0, 0.0
0:00:38.346149, 0.0, 0.0, 172.3888397216797, 0.0, 0.0
0:00:38.472901, 0.0, 0.0, 172.83169555664062, 0.0, 0.0
0:00:38.576860, 0.0, 0.0, 173.23507690429688, 0.0, 0.0
0:00:38.693922, 0.0, 0.0, 171.33096313476562, 0.0, 0.0
0:00:38.812294, 0.0, 0.0, 165.0723419189453, 0.0, 0.0
0:00:38.936089, 0.0, 0.0, 158.7086944580078, 0.0, 0.0
0:00:39.045156, 0.0, 0.0, 152.74386596679688, 0.0, 0.0
0:00:39.135957, 0.0, 0.0, 147.45254516601562, 0.0, 0.0
0:00:39.240608, 0.0, 0.0, 140.06776428222656, 0.0, 0.0
0:00:39.364553, 0.0, 0.0, 132.3197479248047, 0.0, 0.0
0:00:39.472671, 0.0, 0.0, 125.31744384765625, 0.0, 0.0
0:00:39.565145, 0.0, 0.0, 119.04719543457031, 0.0, 0.0
0:00:39.688870, 0.0, 0.0, 112.5191650390625, 0.0, 0.0
0:00:39.801050, 0.0, 0.0, 106.13359832763672, 0.0, 0.0
0:00:39.926622, 0.0, 0.0, 99.50123596191406, 0.0, 0.0
0:00:40.035291, 0.0, 0.0, 94.1401138305664, 0.0, 0.0
0:00:40.144950, 0.0, 0.0, 88.88768005371094, 0.0, 0.0
0:00:40.261909, 0.0, 0.0, 83.97086334228516, 0.0, 0.0
0:00:40.364322, 0.0, 0.0, 79.52709197998047, 0.0, 0.0
0:00:40.488807, 0.0, 0.0, 75.20429992675781, 0.0, 0.0
0:00:40.597228, 0.0, 0.0, 70.9722900390625, 0.0, 0.0
0:00:40.704394, 0.0, 0.0, 66.97848510742188, 0.0, 0.0
0:00:40.815375, 0.0, 0.0, 63.337806701660156, 0.0, 0.0
0:00:40.930594, 0.0, 0.0, 59.83426284790039, 0.0, 0.0
0:00:41.048466, 0.0, 0.0, 56.46720504760742, 0.0, 0.0
0:00:41.159433, 0.0, 0.0, 53.45189666748047, 0.0, 0.0
0:00:41.268672, 0.0, 0.0, 50.777435302734375, 0.0, 0.0
0:00:41.369084, 0.0, 0.0, 47.920021057128906, 0.0, 0.0
0:00:41.491970, 0.0, 0.0, 45.22336959838867, 0.0, 0.0
0:00:41.599622, 0.0, 0.0, 42.72168731689453, 0.0, 0.0
0:00:41.708901, 0.0, 0.0, 40.39928436279297, 0.0, 0.0
0:00:41.835032, 0.0, 0.0, 38.16459274291992, 0.0, 0.0
0:00:41.945132, 0.0, 0.0, 35.980464935302734, 0.0, 0.0
0:00:42.054472, 0.0, 0.0, 33.92129898071289, 0.0, 0.0
0:00:42.178052, 0.0, 0.0, 32.1098518371582, 0.0, 0.0
0:00:42.273644, 0.0, 0.0, 30.44147491455078, 0.0, 0.0
0:00:42.381809, 0.0, 0.0, 28.7867374420166, 0.0, 0.0
0:00:42.494790, 0.0, 0.0, 27.249608993530273, 0.0, 0.0
0:00:42.614227, 0.0, 0.0, 25.690122604370117, 0.0, 0.0
0:00:42.713994, 0.0, 0.0, 24.3800048828125, 0.0, 0.0
0:00:42.850439, 0.0, 0.0, 22.85869598388672, 0.0, 0.0
0:00:42.959803, 0.0, 0.0, 21.638057708740234, 0.0, 0.0
0:00:43.069964, 0.0, 0.0, 20.451520919799805, 0.0, 0.0
0:00:43.176905, 0.0, 0.0, 19.349666595458984, 0.0, 0.0
0:00:43.275053, 0.0, 0.0, 18.335018157958984, 0.0, 0.0
0:00:43.394114, 0.0, 0.0, 17.285675048828125, 0.0, 0.0
0:00:43.511010, 0.0, 0.0, 16.32951545715332, 0.0, 0.0
0:00:43.623328, 0.0, 0.0, 15.441885948181152, 0.0, 0.0
0:00:43.723397, 0.0, 0.0, 14.6321439743042, 0.0, 0.0
0:00:43.846968, 0.0, 0.0, 13.801756858825684, 0.0, 0.0
0:00:43.959602, 0.0, 0.0, 13.05154037475586, 0.0, 0.0
0:00:44.076502, 0.0, 0.0, 12.304594993591309, 0.0, 0.0
0:00:44.185134, 0.0, 0.0, 11.623937606811523, 0.0, 0.0
0:00:44.304674, 0.0, 0.0, 10.96425724029541, 0.0, 0.0
0:00:44.411843, 0.0, 0.0, 10.363029479980469, 0.0, 0.0
0:00:44.520047, 0.0, 0.0, 9.814623832702637, 0.0, 0.0
0:00:44.629845, 0.0, 0.0, 9.26702880859375, 0.0, 0.0
0:00:44.753875, 0.0, 0.0, 8.763313293457031, 0.0, 0.0
0:00:44.863577, 0.0, 0.0, 8.286970138549805, 0.0, 0.0
0:00:44.971194, 0.0, 0.0, 7.812713146209717, 0.0, 0.0
0:00:45.090441, 0.0, 0.0, 7.626588344573975, 0.0, 0.0
0:00:45.198955, 0.0, 0.0, 9.373140335083008, 0.0, 0.0
0:00:45.322214, 0.0, 0.0, 12.584588050842285, 0.0, 0.0
0:00:45.430833, 0.0, 0.0, 15.9264497756958, 0.0, 0.0
0:00:45.531693, 0.0, 0.0, 18.974258422851562, 0.0, 0.0
0:00:45.649666, 0.0, 0.0, 22.04461097717285, 0.0, 0.0
0:00:45.765086, 0.0, 0.0, 24.954402923583984, 0.0, 0.0
0:00:45.861721, 0.0, 0.0, 27.88384437561035, 0.0, 0.0
0:00:45.976678, 0.0, 0.0, 30.82784080505371, 0.0, 0.0
0:00:46.080756, 0.0, 0.0, 33.71961212158203, 0.0, 0.0
0:00:46.205600, 0.0, 0.0, 36.71790313720703, 0.0, 0.0
0:00:46.313583, 0.0, 0.0, 39.52622985839844, 0.0, 0.0
0:00:46.437674, 0.0, 0.0, 42.28656005859375, 0.0, 0.0
0:00:46.545932, 0.0, 0.0, 44.89291763305664, 0.0, 0.0
0:00:46.655226, 0.0, 0.0, 47.38259506225586, 0.0, 0.0
0:00:46.767619, 0.0, 0.0, 49.801170349121094, 0.0, 0.0
0:00:46.888028, 0.0, 0.0, 52.04403305053711, 0.0, 0.0
0:00:47.013851, 0.0, 0.0, 54.27070617675781, 0.0, 0.0
0:00:47.123492, 0.0, 0.0, 56.264198303222656, 0.0, 0.0
0:00:47.233178, 0.0, 0.0, 58.14647674560547, 0.0, 0.0
0:00:47.342945, 0.0, 0.0, 59.832183837890625, 0.0, 0.0
0:00:47.468438, 0.0, 0.0, 61.64564514160156, 0.0, 0.0
0:00:47.577082, 0.0, 0.0, 63.25477600097656, 0.0, 0.0
0:00:47.685230, 0.0, 0.0, 64.67012023925781, 0.0, 0.0
0:00:47.795032, 0.0, 0.0, 66.02272033691406, 0.0, 0.0
0:00:47.918939, 0.0, 0.0, 67.4178695678711, 0.0, 0.0
0:00:48.030163, 0.0, 0.0, 68.67787170410156, 0.0, 0.0
0:00:48.143807, 0.0, 0.0, 69.8369369506836, 0.0, 0.0
0:00:48.252786, 0.0, 0.0, 70.88456726074219, 0.0, 0.0
0:00:48.361103, 0.0, 0.0, 71.94194793701172, 0.0, 0.0
0:00:48.469617, 0.0, 0.0, 72.94947814941406, 0.0, 0.0
0:00:48.594540, 0.0, 0.0, 73.88446044921875, 0.0, 0.0
0:00:48.688464, 0.0, 0.0, 74.73725891113281, 0.0, 0.0
0:00:48.813835, 0.0, 0.0, 75.58882141113281, 0.0, 0.0
0:00:48.913340, 0.0, 0.0, 76.36531066894531, 0.0, 0.0
0:00:49.037374, 0.0, 0.0, 77.12604522705078, 0.0, 0.0
0:00:49.148190, 0.0, 0.0, 77.85053253173828, 0.0, 0.0
0:00:49.259387, 0.0, 0.0, 78.49932098388672, 0.0, 0.0
0:00:49.366592, 0.0, 0.0, 79.1409912109375, 0.0, 0.0
0:00:49.480388, 0.0, 0.0, 79.74685668945312, 0.0, 0.0
0:00:49.586042, 0.0, 0.0, 80.28453063964844, 0.0, 0.0
0:00:49.710950, 0.0, 0.0, 80.88706970214844, 0.0, 0.0
0:00:49.836698, 0.0, 0.0, 81.4129638671875, 0.0, 0.0
0:00:49.943402, 0.0, 0.0, 81.8550033569336, 0.0, 0.0
0:00:50.050620, 0.0, 0.0, 82.31724548339844, 0.0, 0.0
0:00:50.173159, 0.0, 0.0, 82.73853302001953, 0.0, 0.0
0:00:50.280476, 0.0, 0.0, 83.12631225585938, 0.0, 0.0
0:00:50.393101, 0.0, 0.0, 83.49336242675781, 0.0, 0.0
0:00:50.502178, 0.0, 0.0, 83.88082885742188, 0.0, 0.0
0:00:50.627367, 0.0, 0.0, 84.21638488769531, 0.0, 0.0
0:00:50.736581, 0.0, 0.0, 84.54461669921875, 0.0, 0.0
0:00:50.845707, 0.0, 0.0, 84.84114837646484, 0.0, 0.0
0:00:50.971366, 0.0, 0.0, 85.14132690429688, 0.0, 0.0
0:00:51.071423, 0.0, 0.0, 85.41008758544922, 0.0, 0.0
0:00:51.207210, 0.0, 0.0, 85.69691467285156, 0.0, 0.0
0:00:51.326956, 0.0, 0.0, 85.9390640258789, 0.0, 0.0
0:00:51.435381, 0.0, 0.0, 86.16175079345703, 0.0, 0.0
0:00:51.540034, 0.0, 0.0, 86.37222290039062, 0.0, 0.0
0:00:51.657837, 0.0, 0.0, 86.56768035888672, 0.0, 0.0
0:00:51.768073, 0.0, 0.0, 86.75425720214844, 0.0, 0.0
0:00:51.877949, 0.0, 0.0, 86.9306869506836, 0.0, 0.0
0:00:51.987201, 0.0, 0.0, 87.09751892089844, 0.0, 0.0
0:00:52.094198, 0.0, 0.0, 87.25390625, 0.0, 0.0
0:00:52.203068, 0.0, 0.0, 87.40448760986328, 0.0, 0.0
0:00:52.310212, 0.0, 0.0, 87.53934478759766, 0.0, 0.0
0:00:52.431214, 0.0, 0.0, 87.67192077636719, 0.0, 0.0
0:00:52.537922, 0.0, 0.0, 87.80292510986328, 0.0, 0.0
0:00:52.646635, 0.0, 0.0, 87.92656707763672, 0.0, 0.0
0:00:52.757504, 0.0, 0.0, 88.03728485107422, 0.0, 0.0
0:00:52.870905, 0.0, 0.0, 88.1449203491211, 0.0, 0.0
0:00:52.985381, 0.0, 0.0, 88.24664306640625, 0.0, 0.0
0:00:53.096723, 0.0, 0.0, 88.3436279296875, 0.0, 0.0
0:00:53.206681, 0.0, 0.0, 88.43604278564453, 0.0, 0.0
0:00:53.315786, 0.0, 0.0, 88.52031707763672, 0.0, 0.0
0:00:53.439465, 0.0, 0.0, 88.60711669921875, 0.0, 0.0
0:00:53.563294, 0.0, 0.0, 88.68550109863281, 0.0, 0.0
0:00:53.674737, 0.0, 0.0, 88.75820922851562, 0.0, 0.0
0:00:53.785372, 0.0, 0.0, 88.82630920410156, 0.0, 0.0
0:00:53.886443, 0.0, 0.0, 88.88729095458984, 0.0, 0.0
0:00:54.007853, 0.0, 0.0, 88.94937133789062, 0.0, 0.0
0:00:54.117523, 0.0, 0.0, 89.00647735595703, 0.0, 0.0
0:00:54.224610, 0.0, 0.0, 89.05953216552734, 0.0, 0.0
0:00:54.337569, 0.0, 0.0, 89.1102066040039, 0.0, 0.0
0:00:54.447982, 0.0, 0.0, 89.16112518310547, 0.0, 0.0
0:00:54.569886, 0.0, 0.0, 89.20712280273438, 0.0, 0.0
0:00:54.679500, 0.0, 0.0, 89.25174713134766, 0.0, 0.0
0:00:54.796192, 0.0, 0.0, 89.2942123413086, 0.0, 0.0
0:00:54.905393, 0.0, 0.0, 89.33122253417969, 0.0, 0.0
0:00:55.014719, 0.0, 0.0, 89.36821746826172, 0.0, 0.0
0:00:55.124378, 0.0, 0.0, 89.40437316894531, 0.0, 0.0
0:00:55.236774, 0.0, 0.0, 89.43731689453125, 0.0, 0.0
0:00:55.342229, 0.0, 0.0, 89.46682739257812, 0.0, 0.0
0:00:55.468729, 0.0, 0.0, 89.49657440185547, 0.0, 0.0
0:00:55.564742, 0.0, 0.0, 89.5234603881836, 0.0, 0.0
0:00:55.676983, 0.0, 0.0, 89.54959869384766, 0.0, 0.0
0:00:55.800412, 0.0, 0.0, 89.57537078857422, 0.0, 0.0
0:00:55.909780, 0.0, 0.0, 89.59722900390625, 0.0, 0.0
0:00:56.018651, 0.0, 0.0, 89.62065887451172, 0.0, 0.0
0:00:56.127901, 0.0, 0.0, 89.64073181152344, 0.0, 0.0
0:00:56.235401, 0.0, 0.0, 89.66026306152344, 0.0, 0.0
0:00:56.357384, 0.0, 0.0, 89.6795425415039, 0.0, 0.0
0:00:56.474433, 0.0, 0.0, 89.69711303710938, 0.0, 0.0
0:00:56.584146, 0.0, 0.0, 89.71416473388672, 0.0, 0.0
0:00:56.708554, 0.0, 0.0, 89.73037719726562, 0.0, 0.0
0:00:56.806773, 0.0, 0.0, 89.74567413330078, 0.0, 0.0
0:00:56.932463, 0.0, 0.0, 89.7601089477539, 0.0, 0.0
0:00:57.037283, 0.0, 0.0, 89.77326202392578, 0.0, 0.0
0:00:57.160099, 0.0, 0.0, 89.7852554321289, 0.0, 0.0
0:00:57.258913, 0.0, 0.0, 89.79682159423828, 0.0, 0.0
0:00:57.372839, 0.0, 0.0, 89.80767059326172, 0.0, 0.0
0:00:57.474222, 0.0, 0.0, 89.81803131103516, 0.0, 0.0
0:00:57.597008, 0.0, 0.0, 89.8282699584961, 0.0, 0.0
0:00:57.691359, 0.0, 0.0, 89.83686065673828, 0.0, 0.0
0:00:57.815049, 0.0, 0.0, 89.8458023071289, 0.0, 0.0
0:00:57.919390, 0.0, 0.0, 89.85396575927734, 0.0, 0.0
0:00:58.034212, 0.0, 0.0, 89.86183166503906, 0.0, 0.0
0:00:58.137908, 0.0, 0.0, 89.86933898925781, 0.0, 0.0
0:00:58.251461, 0.0, 0.0, 89.87693786621094, 0.0, 0.0
0:00:58.374744, 0.0, 0.0, 89.88374328613281, 0.0, 0.0
0:00:58.491149, 0.0, 0.0, 89.89017486572266, 0.0, 0.0
0:00:58.603059, 0.0, 0.0, 89.8964614868164, 0.0, 0.0
0:00:58.712078, 0.0, 0.0, 89.90232849121094, 0.0, 0.0
0:00:58.836940, 0.0, 0.0, 89.9078140258789, 0.0, 0.0
0:00:58.939531, 0.0, 0.0, 89.91265106201172, 0.0, 0.0
0:00:59.042443, 0.0, 0.0, 89.91731262207031, 0.0, 0.0
0:00:59.157954, 0.0, 0.0, 89.92172241210938, 0.0, 0.0
0:00:59.265205, 0.0, 0.0, 89.92609405517578, 0.0, 0.0
0:00:59.390914, 0.0, 0.0, 89.9303207397461, 0.0, 0.0
0:00:59.485312, 0.0, 0.0, 89.93390655517578, 0.0, 0.0
0:00:59.602719, 0.0, 0.0, 89.93762969970703, 0.0, 0.0
0:00:59.724891, 0.0, 0.0, 89.94105529785156, 0.0, 0.0
0:00:59.824145, 0.0, 0.0, 89.94425964355469, 0.0, 0.0
0:00:59.936272, 0.0, 0.0, 89.94737243652344, 0.0, 0.0
0:01:00.052142, 0.0, 0.0, 89.95035552978516, 0.0, 0.0
0:01:00.162206, 0.0, 0.0, 89.9531021118164, 0.0, 0.0
