0:02:56.188807: amp 1
0:02:56.220056: amp 2
0:02:56.298139: amp 3
0:02:56.345061: amp 4
0:02:56.391927: amp 5
0:02:56.532556: amp 6
0:02:57.126307: amp 7
0:02:57.708024: amp 8
0:02:58.271386: amp 9
0:02:58.568225: amp 10
0:02:58.755744: amp 11
0:02:59.380731: amp 10
0:02:59.443084: amp 9
0:02:59.505788: amp 8
0:02:59.537023: amp 7
0:02:59.552615: amp 6
0:02:59.583846: amp 5
0:02:59.599504: amp 4
0:02:59.646403: amp 3
0:02:59.693186: amp 2
0:02:59.802605: amp 1
0:02:59.880732: amp 0
0:03:01.819081: amp 1
0:03:01.865954: amp 2
0:03:01.912823: amp 3
0:03:01.928449: amp 4
0:03:01.975370: amp 5
0:03:02.037796: amp 6
0:03:02.084711: amp 7
0:03:02.115959: amp 8
0:03:02.147198: amp 9
0:03:02.194078: amp 10
0:03:02.240916: amp 11
0:03:02.272823: amp 12
0:03:02.304912: amp 13
0:03:02.336021: amp 14
0:03:02.383392: amp 15
0:03:02.461482: amp 16
0:03:02.586571: amp 17
0:03:02.664650: amp 18
0:03:02.727195: amp 19
0:03:02.789643: amp 20
0:03:02.820895: amp 21
0:03:02.867775: amp 22
0:03:02.930313: amp 23
0:03:02.992768: amp 24
0:03:03.008400: amp 25
0:03:03.086398: amp 26
0:03:03.149073: amp 27
0:03:03.227166: amp 28
0:03:03.305247: amp 29
0:03:03.367775: amp 30
0:03:03.430317: amp 31
0:03:03.477206: amp 32
0:03:03.555144: amp 33
0:03:03.602147: amp 34
0:03:03.664647: amp 35
0:03:03.758274: amp 36
0:03:03.867767: amp 37
0:03:03.977192: amp 38
0:03:04.086568: amp 39
0:03:04.149069: amp 40
0:03:04.258409: amp 41
0:03:04.524467: amp 42
0:03:04.930888: amp 43
0:03:05.212135: amp 44
0:03:05.868829: amp 43
0:03:05.978190: amp 42
0:03:06.103051: amp 41
0:03:06.196948: amp 40
0:03:06.259807: amp 39
0:03:06.322396: amp 38
0:03:06.384801: amp 37
0:03:06.463531: amp 36
0:03:06.557193: amp 35
0:03:06.666635: amp 34
0:03:06.744744: amp 33
0:03:06.901018: amp 32
0:03:07.057278: amp 31
0:03:07.260386: amp 30
0:03:07.619739: amp 29
0:03:07.854123: amp 28
0:03:08.167229: amp 27
0:03:09.261010: amp 28
0:03:09.401592: amp 29
0:03:09.464105: amp 30
0:03:09.526622: amp 31
0:03:09.589045: amp 32
0:03:09.651447: amp 33
0:03:09.698485: amp 34
0:03:09.729763: amp 36
0:03:09.745219: amp 37
0:03:09.760922: amp 38
0:03:09.776488: amp 39
0:03:09.807871: amp 40
0:03:09.854674: amp 41
0:03:10.073427: amp 42
0:03:10.667072: amp 41
0:03:10.776594: amp 40
0:03:10.823516: amp 39
0:03:10.901648: amp 38
0:03:10.948445: amp 37
0:03:10.979718: amp 36
0:03:10.995362: amp 35
0:03:11.026535: amp 34
0:03:11.042069: amp 33
0:03:11.073320: amp 32
0:03:11.088958: amp 31
0:03:11.120194: amp 30
0:03:11.135975: amp 29
0:03:11.151594: amp 28
0:03:11.167165: amp 27
0:03:11.198494: amp 26
0:03:11.260846: amp 25
0:03:11.323511: amp 24
0:03:11.370323: amp 23
0:03:11.401442: amp 22
0:03:11.448463: amp 21
0:03:11.495379: amp 20
0:03:11.557858: amp 19
0:03:11.620352: amp 18
0:03:11.698527: amp 17
0:03:11.807875: amp 16
0:03:11.917274: amp 15
0:03:12.010922: amp 14
0:03:12.104580: amp 13
0:03:12.198432: amp 12
0:03:12.307760: amp 11
0:03:12.464069: amp 10
0:03:12.588949: amp 9
0:03:12.667222: amp 8
0:03:12.729695: amp 7
0:03:13.448472: amp 5
0:03:13.635980: amp 3
0:03:13.682848: amp 2
0:03:13.729673: amp 1
0:03:13.776593: amp 0
0:03:14.307859: amp 2
0:03:14.339110: amp 4
0:03:14.354669: amp 6
0:03:14.370350: amp 7
0:03:14.385980: amp 8
0:03:14.401623: amp 9
0:03:14.417231: amp 10
0:03:14.432853: amp 11
0:03:14.464101: amp 12
0:03:14.495351: amp 13
0:03:14.557860: amp 14
0:03:14.635915: amp 15
0:03:14.682821: amp 16
0:03:14.745322: amp 17
0:03:14.823416: amp 18
0:03:14.901605: amp 19
0:03:14.979727: amp 20
0:03:15.104593: amp 21
0:03:15.276471: amp 22
0:03:16.057804: amp 23
0:03:16.198443: amp 24
0:03:16.292237: amp 25
0:03:16.401471: amp 26
0:03:17.073524: amp 27
0:03:17.370300: amp 28
0:03:17.729672: amp 29
0:03:18.042073: amp 30
0:03:18.995368: amp 29
0:03:19.057865: amp 28
0:03:19.167256: amp 27
0:03:19.260988: amp 26
0:03:19.448422: amp 25
0:03:19.542218: amp 24
0:03:19.635957: amp 23
0:03:19.729719: amp 22
0:03:19.823488: amp 21
0:03:19.917224: amp 20
0:03:20.042277: amp 19
0:03:20.198383: amp 18
0:03:20.385923: amp 17
0:03:20.542125: amp 16
0:03:20.745318: amp 15
0:03:20.885822: amp 14
0:03:21.682699: amp 13
0:03:21.964097: amp 12
0:03:23.135824: amp 11
0:03:45.901855: off 88
0:03:46.151968: off 84
0:03:46.167649: off 83
0:03:46.230105: off 82
0:03:46.292578: off 81
0:03:46.339453: off 80
0:03:46.386350: off 79
0:03:46.480101: off 78
0:03:46.604970: off 77
0:03:46.761407: off 76
0:03:46.886222: off 75
0:03:46.995780: off 74
0:03:47.230094: off 73
0:03:47.386335: off 72
0:03:48.776999: phb 3.2440849634654576
0:03:48.870708: phb 3.2567900242934433
0:03:48.933271: phb 3.2820833772902334
0:03:48.933271: phb 3.294665139189444
0:03:48.964501: phb 3.3321029366640067
0:03:48.980083: phb 3.3690080807864335
0:03:48.995722: phb 3.41192296768966
0:03:49.011251: phb 3.4437781737144264
0:03:49.011251: phb 3.472460270520594
0:03:49.026957: phb 3.5013652682423544
0:03:49.042581: phb 3.5650317091500927
0:03:49.058247: phb 3.5826780693599063
0:03:49.073899: phb 3.600550053409427
0:03:49.105187: phb 3.6186403716234685
0:03:49.105187: phb 3.6554465465256936
0:03:49.120736: phb 3.674142540327256
0:03:49.167645: phb 3.693022011592478
0:03:49.198907: phb 3.716169909278986
0:03:49.214525: phb 3.7274913989787937
0:03:49.245703: phb 3.749631566014791
0:03:49.292505: phb 3.771110859644782
0:03:49.308217: phb 3.7894387793096134
0:03:49.323827: phb 3.8078618514464013
0:03:49.370783: phb 3.8181162280086793
0:03:49.495607: phb 3.8364876311705043
0:03:49.573883: phb 3.863569869855147
0:03:49.605131: phb 3.8734036131128824
0:03:49.620716: phb 3.891922420492875
0:03:49.636343: phb 3.900949762334508
0:03:49.698907: phb 3.9290205281245365
0:03:49.714516: phb 3.9384042657955347
0:03:49.745601: phb 3.975825076991013
0:03:49.761365: phb 3.994491670659893
0:03:49.777027: phb 4.013109574477028
0:03:49.808192: phb 4.031669522882248
0:03:49.808192: phb 4.0419908902025385
0:03:49.823825: phb 4.060606212408507
0:03:49.839348: phb 4.089865443012955
0:03:49.855105: phb 4.108391791914269
0:03:49.870718: phb 4.119401264401851
0:03:49.902026: phb 4.1378993993099575
0:03:49.917663: phb 4.160595604762996
0:03:49.933274: phb 4.172188666871074
0:03:49.948890: phb 4.183944109477722
0:03:49.964524: phb 4.202599286183742
0:03:50.011423: phb 4.23309613549914
0:03:50.058128: phb 4.257626685086164
0:03:50.105128: phb 4.270117419025839
0:03:50.183304: phb 4.295548418313778
0:03:50.214521: phb 4.308483307660517
0:03:50.229974: phb 4.326912633844712
0:03:50.277051: phb 4.345058805585819
0:03:50.292584: phb 4.35812306185328
0:03:50.339504: phb 4.398071820945187
0:03:50.386355: phb 4.411629648680121
0:03:50.417635: phb 4.425302463430578
0:03:50.433147: phb 4.452976720567756
0:03:50.464506: phb 4.466971330219345
0:03:50.480139: phb 4.481063438586563
0:03:50.495732: phb 4.49525102027796
0:03:50.558252: phb 4.523887942951914
0:03:50.620788: phb 4.538328344590302
0:03:50.683206: phb 4.552842449536417
0:03:50.761360: phb 4.5695261378269345
0:03:50.777040: phb 4.583963269200261
0:03:50.886313: phb 4.612992474001879
0:03:51.011336: phb 4.627574128770191
0:03:53.198840: amp 10
0:03:53.386332: amp 7
0:03:53.433225: amp 5
0:03:53.448866: amp 4
0:03:53.464467: amp 3
0:03:53.480101: amp 1
0:03:53.511357: amp 0
0:04:32.877672: off 83
0:04:35.956349: off 80
0:04:36.143897: off 84
0:04:36.175014: off 85
0:04:36.206332: off 87
0:04:36.206332: off 88
0:04:36.221962: off 89
0:04:36.253286: off 90
0:04:36.268873: off 91
0:04:36.284403: off 93
0:04:36.331304: off 94
0:04:36.362666: off 95
0:04:36.409564: off 96
0:04:36.440772: off 97
0:04:36.487651: off 98
0:04:36.831243: off 99
0:04:37.253227: off 100
0:04:37.300151: off 101
0:04:37.393907: off 102
0:04:37.456394: off 103
0:04:37.518919: off 104
0:04:37.643890: off 105
0:04:38.222074: off 104
0:04:38.253307: off 103
0:04:38.300140: off 102
0:04:38.378303: off 101
0:04:38.440763: off 100
0:04:38.518832: off 99
0:04:38.690768: off 98
0:04:52.597016: off 97
0:04:52.800152: off 92
0:04:52.815617: off 90
0:04:52.831234: off 87
0:04:52.846863: off 85
0:04:52.878209: off 84
0:04:52.893843: off 82
0:04:52.909540: off 81
0:04:52.925100: off 79
0:04:52.940733: off 78
0:04:52.956355: off 76
0:04:52.971975: off 75
0:04:52.987553: off 74
0:04:53.003230: off 73
0:04:53.034520: off 72
0:04:53.050051: off 71
0:04:53.065727: off 70
0:04:53.081352: off 69
0:04:53.112590: off 68
0:04:53.128107: off 66
0:04:53.143828: off 63
0:04:53.159567: off 62
0:04:53.175143: off 59
0:04:53.190731: off 55
0:04:53.206355: off 53
0:04:53.221981: off 51
0:04:53.237509: off 49
0:04:53.253225: off 46
0:04:53.268867: off 44
0:04:53.284533: off 42
0:04:53.315608: off 41
0:04:53.331356: off 39
0:04:53.346969: off 37
0:04:53.362626: off 36
0:04:53.378273: off 35
0:04:53.393897: off 34
0:04:53.409540: off 32
0:04:53.425168: off 30
0:04:53.440784: off 28
0:04:53.487639: off 26
0:04:53.487639: off 24
0:04:53.503291: off 23
0:04:53.518763: off 22
0:04:53.534533: off 20
0:04:53.550168: off 18
0:04:53.565779: off 17
0:04:53.581338: off 16
0:04:53.612656: off 15
0:04:53.628251: off 13
0:04:53.643894: off 12
0:04:53.659538: off 11
0:04:53.675114: off 10
0:04:53.706233: off 9
0:04:53.706233: off 8
0:04:53.721953: off 7
0:04:53.753221: off 6
0:04:53.784536: off 5
0:04:53.831356: off 4
0:04:53.831356: off 3
0:04:53.878209: off 2
0:04:53.893735: off 1
0:04:53.925081: off 0
0:05:04.581433: amp 1
0:05:04.925183: amp 3
0:05:04.956391: amp 4
0:05:05.018904: amp 5
0:05:05.050140: amp 6
0:05:05.065775: amp 7
0:05:05.112640: amp 8
0:05:05.128165: amp 9
0:05:05.143886: amp 10
0:05:05.175186: amp 11
0:05:05.190806: amp 12
0:05:05.206393: amp 13
0:05:05.221984: amp 14
0:05:05.268893: amp 15
0:05:05.347028: amp 16
0:05:05.440637: amp 17
0:05:05.737663: amp 18
0:05:06.128217: amp 19
0:05:06.393890: amp 20
0:05:06.643849: amp 21
0:05:06.784521: amp 22
0:05:06.972010: amp 23
0:05:07.143852: amp 24
0:05:07.300140: amp 25
0:05:07.518888: amp 26
0:05:07.753235: amp 27
0:05:08.050111: amp 28
0:05:08.221858: amp 29
0:05:08.472015: amp 30
0:05:09.956384: amp 31
0:05:10.065801: amp 32
0:05:10.175154: amp 33
0:05:10.550180: amp 34
0:05:10.800146: amp 35
0:05:11.097059: amp 36
0:05:12.518923: freq 0.85
0:05:12.581440: freq 0.8
0:05:12.643893: freq 0.75
0:05:12.706408: freq 0.7
0:05:12.909468: freq 0.65
0:05:13.675011: freq 0.6
0:05:13.987494: freq 0.55
0:05:14.190733: freq 0.5
0:05:14.440770: freq 0.45
0:05:14.565760: freq 0.4
0:05:14.925015: freq 0.35
0:05:15.081436: freq 0.3
0:05:15.268766: freq 0.25
0:05:26.565808: amp 38
0:05:26.675144: amp 40
0:05:26.690694: amp 42
0:05:26.721867: amp 43
0:05:26.737682: amp 44
0:05:26.768940: amp 45
0:05:28.581267: amp 46
0:05:28.737688: amp 47
0:05:28.878223: amp 48
0:05:29.018917: amp 49
0:05:29.565808: amp 50
0:05:29.909503: amp 51
0:05:58.347098: freq 0.85
0:05:58.456291: freq 0.8
0:05:58.518954: freq 0.75
0:05:58.550179: freq 0.7
0:05:58.565693: freq 0.65
0:05:58.597030: freq 0.6
0:05:58.612636: freq 0.55
0:05:58.643934: freq 0.5
0:05:58.675196: freq 0.45
0:05:58.722047: freq 0.4
0:05:58.753289: freq 0.35
0:05:58.784556: freq 0.3
0:05:58.831478: freq 0.25
0:05:58.862536: freq 0.2
0:05:58.893949: freq 0.15
0:05:58.925225: freq 0.1
0:05:58.987647: freq 0.05
0:05:59.034557: freq 0
0:06:02.581391: amp 49
0:06:02.721990: amp 47
0:06:02.737741: amp 46
0:06:02.768879: amp 45
0:06:02.815820: amp 44
0:06:02.878359: amp 43
0:06:02.925190: amp 42
0:06:03.003344: amp 41
0:06:03.050183: amp 40
0:06:03.081473: amp 39
0:06:03.112692: amp 38
0:06:03.143932: amp 37
0:06:03.175134: amp 36
0:06:03.222030: amp 35
0:06:03.253260: amp 34
0:06:03.268943: amp 33
0:06:03.300192: amp 32
0:06:03.315768: amp 31
0:06:03.331432: amp 30
0:06:03.347069: amp 29
0:06:03.378166: amp 28
0:06:03.393943: amp 27
0:06:03.409511: amp 26
0:06:03.456287: amp 25
0:06:03.487683: amp 24
0:06:03.518936: amp 23
0:06:03.534563: amp 22
0:06:03.565868: amp 21
0:06:03.612640: amp 20
0:06:03.643933: amp 19
0:06:03.690843: amp 18
0:06:03.690843: amp 17
0:06:03.753364: amp 16
0:06:03.800132: amp 15
0:06:03.878306: amp 14
0:06:04.659559: off 6
0:06:04.878166: off 11
0:06:04.909611: off 12
0:06:04.940811: off 13
0:06:04.972005: off 14
0:06:04.987650: off 15
0:06:05.003159: off 16
0:06:05.018975: off 17
0:06:05.034552: off 18
0:06:05.050056: off 19
0:06:05.065808: off 20
0:06:05.097051: off 21
0:06:05.112682: off 22
0:06:05.143934: off 23
0:06:05.190835: off 24
0:06:05.206472: off 25
0:06:05.253180: off 26
0:06:05.284557: off 27
0:06:05.315810: off 28
0:06:05.347107: off 29
0:06:05.378162: off 30
0:06:05.409564: off 31
0:06:05.456387: off 32
0:06:05.487674: off 33
0:06:05.518790: off 34
0:06:05.550182: off 35
0:06:05.581478: off 36
0:06:05.612693: off 37
0:06:05.643930: off 38
0:06:05.690851: off 39
0:06:05.722003: off 40
0:06:05.753286: off 41
0:06:05.784564: off 42
0:06:05.800186: off 43
0:06:05.847101: off 44
0:06:05.893957: off 45
0:06:06.003301: off 46
0:06:06.065756: off 47
0:06:06.112681: off 48
0:06:06.143938: off 49
0:06:06.175220: off 50
0:06:06.206304: off 51
0:06:06.237636: off 52
0:06:06.268945: off 53
0:06:06.331394: off 54
0:06:06.393947: off 55
0:06:06.550225: off 56
0:06:06.737559: off 57
0:06:07.034589: off 58
0:06:07.081482: off 59
0:06:07.128314: off 60
0:06:07.175177: off 61
0:06:07.206441: off 62
0:06:07.253263: off 63
0:06:07.268927: off 64
0:06:07.315685: off 65
0:06:07.347106: off 66
0:06:07.393792: off 67
0:06:07.456434: off 68
0:06:07.487560: off 69
0:06:07.550226: off 70
0:06:07.597104: off 71
0:06:07.659610: off 72
0:06:07.737733: off 73
0:06:07.768971: off 74
0:06:07.800195: off 75
0:06:07.831435: off 76
0:06:07.847058: off 77
0:06:07.878184: off 78
0:06:07.893943: off 79
0:06:07.909555: off 80
0:06:07.940823: off 81
0:06:07.987551: off 82
0:06:08.018973: off 83
0:06:08.034619: off 84
0:06:08.050091: off 85
0:06:08.065805: off 86
0:06:08.081436: off 87
0:06:08.097070: off 88
0:06:08.112692: off 89
0:06:08.143792: off 90
0:06:08.175155: off 91
0:06:08.237556: off 92
0:06:08.268975: off 93
0:06:08.300193: off 94
0:06:08.331489: off 95
0:06:08.378315: off 96
0:06:08.393900: off 97
0:06:08.425227: off 98
0:06:08.487646: off 99
0:06:08.534410: off 100
0:06:08.565855: off 101
0:06:08.612687: off 102
0:06:08.659557: off 103
0:06:08.722006: off 104
0:06:08.784561: off 105
0:06:08.815809: off 106
0:06:08.831392: off 107
0:06:08.862708: off 108
0:06:08.893928: off 109
0:06:08.925227: off 110
0:06:09.018810: off 111
0:06:09.175200: off 112
0:06:09.347060: off 113
0:06:09.425240: off 114
0:06:09.581285: off 115
0:06:09.737537: off 116
0:06:09.800042: off 117
0:06:09.909559: off 118
0:06:10.082032: off 119
0:06:10.316385: off 120
0:06:10.472640: off 121
0:06:10.644509: off 122
0:06:10.800615: off 123
0:06:18.660635: amp 12
0:06:18.738818: amp 10
0:06:18.754290: amp 9
0:06:18.801233: amp 8
0:06:18.848014: amp 7
0:06:18.848014: amp 6
0:06:18.863755: amp 5
0:06:18.879380: amp 4
0:06:18.894931: amp 2
0:06:18.910697: amp 1
0:06:18.926266: amp 0
0:06:20.769991: off 124
0:06:20.910696: off 120
0:06:20.910696: off 119
0:06:20.941817: off 118
0:06:20.957483: off 117
0:06:20.973190: off 116
0:06:21.035570: off 115
0:06:21.082557: off 114
0:06:21.160514: off 113
0:06:21.207532: off 112
0:06:21.457574: off 111
0:06:21.551326: off 110
0:06:21.645085: off 109
0:06:21.785704: off 108
0:06:21.895078: off 107
0:06:21.973214: off 106
0:06:22.098201: off 105
0:06:22.144918: off 104
0:06:22.238827: off 103
0:06:22.332554: off 102
0:06:22.473110: off 101
0:06:22.613759: off 100
0:06:22.801337: off 99
0:06:22.988796: off 98
0:06:23.144897: off 97
0:06:23.285622: off 96
0:06:23.363737: off 95
0:06:23.504361: off 94
0:06:23.644890: off 93
0:06:23.801296: off 92
0:06:23.988799: off 91
0:06:24.238791: off 90
0:06:24.457413: off 89
0:06:24.707539: off 88
0:06:24.879270: off 87
0:06:24.988791: off 86
0:06:25.098184: off 85
0:06:25.238820: off 84
0:06:25.535514: off 83
0:06:29.019995: off 82
0:06:29.129422: off 89
0:06:29.145092: off 92
0:06:29.160676: off 96
0:06:29.176314: off 98
0:06:29.191951: off 103
0:06:29.207508: off 108
0:06:29.223014: off 113
0:06:29.238807: off 119
0:06:29.270037: off 121
0:06:29.285671: off 126
0:06:29.301244: off 130
0:06:29.316941: off 134
0:06:29.332511: off 135
0:06:29.348118: off 138
0:06:29.363785: off 142
0:06:29.379418: off 145
0:06:29.395089: off 148
0:06:29.410691: off 149
0:06:29.426277: off 153
0:06:29.441888: off 156
0:06:29.457510: off 160
0:06:29.488645: off 161
0:06:29.504309: off 165
0:06:29.519984: off 168
0:06:29.535561: off 171
0:06:29.551165: off 172
0:06:29.566927: off 174
0:06:29.582462: off 176
0:06:29.598111: off 178
0:06:29.613788: off 179
0:06:29.629264: off 180
0:06:44.713761: phb 4.654847161668173
0:06:44.745106: phb 4.6428473304198725
0:06:44.776310: phb 4.632777456210403
0:06:44.807578: phb 4.5978186554812455
0:06:44.838812: phb 4.5746631271111085
0:06:44.854287: phb 4.524495541570555
0:06:44.870058: phb 4.438221676559449
0:06:44.885531: phb 4.343339717810434
0:06:44.916942: phb 4.305166708907205
0:06:44.932567: phb 4.234798982595567
0:06:44.948183: phb 4.184869761258058
0:06:44.963813: phb 4.146979903834549
0:06:44.979435: phb 4.11983947875875
0:06:44.995071: phb 4.085763932510104
0:06:45.010635: phb 4.061120319308315
0:06:45.026195: phb 4.043665824458972
0:06:45.041951: phb 4.008548885330015
0:06:45.057400: phb 3.999098360806368
0:06:45.073045: phb 3.9732308846020348
0:06:45.088862: phb 3.9555221462613783
0:06:45.104416: phb 3.937797115368032
0:06:45.119910: phb 3.9200636686783543
0:06:45.151161: phb 3.9023345773635834
0:06:45.198186: phb 3.884622594589698
0:06:45.401238: phb 3.876224425359902
0:06:45.448216: phb 3.8506354743816242
0:06:45.463755: phb 3.825584839727634
0:06:45.479409: phb 3.798918266040517
0:06:45.494989: phb 3.7818169625589437
0:06:45.510641: phb 3.7746045797793752
0:06:45.541993: phb 3.7478802865160685
0:06:45.557587: phb 3.731061327016897
0:06:45.573193: phb 3.7209486827988485
0:06:45.604412: phb 3.693846532429504
0:06:45.619988: phb 3.6709927182758095
0:06:45.666965: phb 3.649983615226204
0:06:45.682605: phb 3.61719674411961
0:06:45.713837: phb 3.5850832270721176
0:06:45.744932: phb 3.563331035941388
0:06:45.760649: phb 3.536470637789479
0:06:45.776249: phb 3.4943072002002022
0:06:45.807400: phb 3.460365197805156
0:06:45.823034: phb 3.4303859520739532
0:06:45.838680: phb 3.3959249153905384
0:06:45.854408: phb 3.3842945434710883
0:06:45.869899: phb 3.349010998382973
0:06:45.901200: phb 3.3229929356652823
0:06:45.901200: phb 3.287286313130952
0:06:45.932423: phb 3.2632657850338602
0:06:45.948056: phb 3.251201733309025
0:06:45.963783: phb 3.2019196984324028
0:06:45.979460: phb 3.153671911940195
0:06:45.994901: phb 3.1053689679911782
0:06:46.010569: phb 3.081265608747184
0:06:46.026261: phb 3.0452514065843967
0:06:46.041906: phb 2.9976355950780467
0:06:46.057525: phb 2.9623377156393453
0:06:46.073145: phb 2.9506666149173575
0:06:46.088833: phb 2.9159798271356614
0:06:46.104458: phb 2.881836477378557
0:06:46.119928: phb 2.8594088686184036
0:06:46.135535: phb 2.837268120323731
0:06:46.166803: phb 2.8154320251815044
0:06:46.182514: phb 2.793913742105763
0:06:46.198025: phb 2.7622588570205693
0:06:46.213680: phb 2.7327390863361423
0:06:46.229389: phb 2.6918120116300974
0:06:46.244991: phb 2.666882708209679
0:06:46.276259: phb 2.632240643516603
0:06:46.276259: phb 2.601831942659942
0:06:46.291800: phb 2.558363513430307
0:06:46.307418: phb 2.5430576757166747
0:06:46.323215: phb 2.5097813261269684
0:06:46.338681: phb 2.470472974169896
0:06:46.369909: phb 2.446723985323957
0:06:46.369909: phb 2.4232389788595268
0:06:46.401249: phb 2.3921877520584953
0:06:46.416839: phb 2.354559930517647
0:06:46.432582: phb 2.302686976010243
0:06:46.448213: phb 2.2810775210752245
0:06:46.463762: phb 2.2533606081219717
0:06:46.479463: phb 2.218587698010737
0:06:46.494900: phb 2.1764404076114885
0:06:46.510670: phb 2.1379725757131474
0:06:46.526325: phb 2.1110592210429147
0:06:46.557401: phb 2.0667812063972493
0:06:46.557401: phb 2.0157846944432642
0:06:46.573156: phb 1.942663708916649
0:06:46.588858: phb 1.8739454177931845
0:06:46.605325: phb 1.8436474390112592
0:06:47.589376: phb 1.14029651584713
0:06:47.605023: phb 1.2069819008166296
0:06:47.620439: phb 1.3050472277608407
0:06:47.636179: phb 1.4151711001710514
0:06:47.651765: phb 1.5578316255911964
0:06:47.683035: phb 1.6560970899193808
0:06:47.699319: phb 1.690019931901657
0:06:47.715086: phb 1.7502396479752216
0:06:47.730726: phb 1.824509968338007
0:06:47.746411: phb 1.8901148677098851
0:06:47.761977: phb 1.9381016341655655
0:06:47.777452: phb 2.005800614291063
0:06:47.793128: phb 2.0847885421656076
0:06:47.808833: phb 2.163153970485825
0:06:47.824329: phb 2.230852346170622
0:06:47.840071: phb 2.2738267398982717
0:06:47.855752: phb 2.35448317954036
0:06:47.871384: phb 2.4397175748841295
0:06:47.886857: phb 2.5137783562792086
0:06:47.902576: phb 2.5493913043017473
0:06:47.933815: phb 2.625215235254217
0:06:47.949510: phb 2.6953240531744753
0:06:47.965009: phb 2.7878536555374285
0:06:47.980758: phb 2.8914913113154417
0:06:47.996385: phb 2.934637791360776
0:06:48.011843: phb 3.0057986009853845
0:06:48.027591: phb 3.0713977029828743
0:06:48.043223: phb 3.1415930489592263
0:06:48.058858: phb 3.1670584698918116
0:06:48.074444: phb 3.2431264259477666
0:06:48.089961: phb 3.3126443200175353
0:06:48.105683: phb 3.399855044445443
0:06:48.121235: phb 3.4413254017097095
0:06:48.137003: phb 3.548485672077216
0:06:48.152534: phb 3.644190410679887
0:06:48.183833: phb 3.741576336883655
0:06:48.199426: phb 3.8713812192218637
0:06:48.215107: phb 3.928578587121531
0:06:48.230707: phb 4.068627769953163
0:06:48.246359: phb 4.24132825214657
0:06:48.261827: phb 4.379409458074321
0:06:48.277576: phb 4.585024788120654
0:06:48.293141: phb 4.682166880161744
0:06:48.308701: phb 4.946432416757259
0:06:48.324510: phb 5.217328430149862
0:06:48.340056: phb 5.340720678293016
0:06:48.355588: phb 5.579363080500932
0:06:48.371333: phb 5.8074161221024285
0:06:48.386959: phb 5.9797954837171785
0:06:48.418176: phb 6.136400092324767
0:06:48.418176: phb 6.283184895590895
0:06:48.449477: phb 0.0711690685068365
0:06:48.465101: phb 0.1763716319695674
0:06:48.480703: phb 0.28501337442637
0:06:48.496313: phb 0.34886441387013395
0:06:48.511970: phb 0.46673009492138173
0:06:48.527495: phb 0.6118056662367543
0:06:48.543172: phb 0.7526327601664488
0:06:48.558730: phb 0.8835797349297267
0:06:48.574355: phb 0.952042354202371
0:06:48.590119: phb 1.051078842979788
0:06:48.605694: phb 1.1206827770154688
0:06:48.700395: phb 1.3732458819015398
0:06:48.715584: phb 1.3982308917206183
0:06:48.731265: phb 1.4658495455708982
0:06:48.746990: phb 1.5601989044724025
0:06:48.762829: phb 1.6756008425096567
0:06:48.778496: phb 1.803053045382229
0:06:48.794121: phb 1.8654889600353273
0:06:48.809718: phb 1.9854748114192755
0:06:48.825360: phb 2.0991069198101413
0:06:48.840992: phb 2.20061105510307
0:06:48.856598: phb 2.2495069811558994
0:06:48.872402: phb 2.3548085618732157
0:06:48.888027: phb 2.4539132372565597
0:06:48.919285: phb 2.573735713524858
0:06:48.934832: phb 2.6334604046943353
0:06:48.950473: phb 2.7694133782220893
0:06:48.966087: phb 2.9055508098318468
0:06:48.981785: phb 3.0436572265839477
0:06:48.997408: phb 3.17021633893637
0:06:49.012846: phb 3.311718953760253
0:06:49.028499: phb 3.3779800798322444
0:06:49.044244: phb 3.5021632371439395
0:06:49.059796: phb 3.630354778512337
0:06:49.075472: phb 3.6907418588501293
0:06:49.091079: phb 3.8147682746976734
0:06:49.106594: phb 3.940875992294141
0:06:49.122219: phb 4.059838875518345
0:06:49.137960: phb 4.147958758980732
0:06:49.153606: phb 4.194927243321801
0:06:49.184842: phb 4.321639221974126
0:06:49.184842: phb 4.440334223292843
0:06:49.216102: phb 4.60531313005845
0:06:49.231624: phb 4.680431139622987
0:06:49.247348: phb 4.827116918681075
0:06:49.262973: phb 5.011711003776421
0:06:49.278472: phb 5.1848430932111835
0:06:49.294211: phb 5.346900730204952
0:06:49.309755: phb 5.428147259471222
0:06:49.325353: phb 5.5847972934837875
0:06:49.341040: phb 5.71825227582306
0:06:49.356705: phb 5.864754519865106
0:06:49.372238: phb 5.999081805613189
0:06:49.388063: phb 6.063493825923215
0:06:49.403603: phb 6.229872023940852
0:06:49.419141: phb 0.11021360688149089
0:06:49.434820: phb 0.18573784148296604
0:06:49.466153: phb 0.320469185070088
0:06:49.497334: phb 0.4458189928825989
0:06:49.497334: phb 0.5414677306397352
0:06:49.528630: phb 0.5956009086456439
0:06:49.528630: phb 0.6967512411698157
0:06:49.559859: phb 0.8188065052183569
0:06:49.559859: phb 0.9377938916788691
0:06:49.575443: phb 1.0748216286150263
0:06:49.590998: phb 1.139676265018083
0:06:49.606614: phb 1.2507381246005438
0:06:49.622236: phb 1.399884975625795
0:06:49.637873: phb 1.5248469754928227
0:06:49.653604: phb 1.5818002610423727
0:06:49.669232: phb 1.68890991238513
0:06:49.684727: phb 1.8035821937907237
0:06:49.716021: phb 1.9224176419665533
0:06:49.731596: phb 2.0491890362588556
0:06:49.747400: phb 2.1813260729039383
0:06:49.762948: phb 2.2716506072117437
0:06:49.778470: phb 2.4434766075629937
0:06:49.794207: phb 2.6060573591690943
0:06:49.809780: phb 2.7356702912163477
0:06:49.825538: phb 2.7929472870129577
0:06:49.840970: phb 2.9159798271356614
0:06:49.856610: phb 3.0370575978568564
0:06:49.872402: phb 3.1649037264892197
0:06:49.888031: phb 3.2230149793128025
0:06:49.903574: phb 3.350797666427146
0:06:49.919204: phb 3.4714597027165697
0:06:49.934721: phb 3.580670385260488
0:06:49.965999: phb 3.6367075447792345
0:06:49.981729: phb 3.7491983937201603
0:06:49.997350: phb 3.8295701208601405
0:06:50.013011: phb 3.898733811484413
0:06:50.028610: phb 3.987446241230213
0:06:50.044097: phb 4.029824699057615
0:06:50.059735: phb 4.134875761129082
0:06:50.075365: phb 4.250777826602336
0:06:50.090996: phb 4.349621938369686
0:06:50.106732: phb 4.3694095812167495
0:06:50.122321: phb 4.446514050468367
0:06:50.137943: phb 4.563698382686957
0:06:50.153589: phb 4.703803354357421
0:06:50.169102: phb 4.782148839630349
0:06:50.200505: phb 4.9899598457699526
0:06:50.216077: phb 5.15806526059234
0:06:50.232301: phb 5.283768011464829
0:06:50.247834: phb 5.420447175036709
0:06:50.263511: phb 5.499519639634242
0:06:50.279243: phb 5.620674185920086
0:06:50.294888: phb 5.758074037615357
0:06:50.310389: phb 5.9196154317735274
0:06:50.325981: phb 5.993697055124251
0:06:50.341736: phb 6.170060308477082
0:06:50.357415: phb 0.05045005843937055
0:06:50.373040: phb 0.21401119049365713
0:06:50.388512: phb 0.2775512216852393
0:06:50.404125: phb 0.408596614074106
0:06:50.419732: phb 0.5370400874407137
0:06:50.435371: phb 0.6490561749878462
0:06:50.466721: phb 0.7159884025048504
0:06:50.482234: phb 0.8431851164021962
0:06:50.498038: phb 0.98396161773016
0:06:50.513484: phb 1.1437498951380005
0:06:50.529136: phb 1.2464228888950588
0:06:50.544730: phb 1.2863707009703975
0:06:50.560382: phb 1.3756655688645494
0:06:50.576086: phb 1.4516398801869286
0:06:50.607418: phb 1.541990160489514
0:06:50.607418: phb 1.5939253139268679
0:06:50.622886: phb 1.7154709584547292
0:06:50.638666: phb 1.8684606913590696
0:06:50.654325: phb 2.0080018858445974
0:06:50.669742: phb 2.113233639412259
0:06:50.685519: phb 2.145906629769118
0:06:50.716622: phb 2.2121067648013844
0:06:50.732409: phb 2.2760505811410705
0:06:50.748038: phb 2.328159236205828
0:06:50.763677: phb 2.345577265965491
0:06:50.779108: phb 2.4060862151921314
0:06:50.794847: phb 2.448253914070753
0:06:50.810462: phb 2.513012585004581
0:06:50.826008: phb 2.577953897154983
0:06:50.841734: phb 2.6038556320472575
0:06:50.857358: phb 2.661317737610282
0:06:50.872865: phb 2.743208866284141
0:06:50.888623: phb 2.9041696036857654
0:06:50.904137: phb 2.9760494490119114
0:06:50.951122: phb 3.0783738321948895
0:06:50.951122: phb 3.1716498080260003
0:06:50.966646: phb 3.2578196395586625
0:06:50.982234: phb 3.2931210471297416
0:06:50.998039: phb 3.3537451486749172
0:06:51.013483: phb 3.415480803105329
0:06:51.029292: phb 3.504256230114578
0:06:51.044917: phb 3.5936792129030453
0:06:51.076008: phb 3.6524293529185674
0:06:51.076008: phb 3.764289319654209
0:06:51.091793: phb 3.8697458489815806
0:06:51.107418: phb 3.9741458684928004
0:06:51.123066: phb 4.036114740407306
0:06:51.138674: phb 4.196699878542513
0:06:51.154328: phb 4.342638361755983
0:06:51.169864: phb 4.508103221750677
0:06:51.185359: phb 4.702242434053104
0:06:51.200983: phb 4.796228719570259
0:06:51.232388: phb 5.045984927682102
0:06:51.247977: phb 5.2908422322812845
0:06:51.263482: phb 5.5514160282306
0:06:51.279135: phb 5.661438773888646
0:06:51.294735: phb 5.875883155379308
0:06:51.310406: phb 6.032567601449838
0:06:51.325984: phb 6.145211345678546
0:06:51.341636: phb 6.2345731183922375
0:06:51.357252: phb 6.283184757106427
0:06:51.372998: phb 0.08195737120705013
0:06:51.388639: phb 0.14965191181714868
0:06:51.404108: phb 0.21690288939045524
0:06:51.419749: phb 0.2498338243212179
0:06:51.435355: phb 0.3140106499951471
0:06:51.466605: phb 0.3837010202880827
0:06:51.482251: phb 0.43824979891438387
0:06:51.497859: phb 0.47227547286032606
0:06:51.513611: phb 0.5245988815037781
0:06:51.529112: phb 0.5777920142597546
0:06:51.544732: phb 0.6076098996157706
0:06:51.560461: phb 0.6377504179850167
0:06:51.595861: phb 0.6749549752642903
0:06:51.623753: phb 0.7058688262253205
0:06:51.623753: phb 0.7287157511355448
0:06:51.654802: phb 0.7601032413566642
0:06:51.670428: phb 0.7836919771139061
0:06:51.686157: phb 0.7995100018260972
0:06:51.717289: phb 0.8229630410636442
0:06:51.732938: phb 0.8311694961958377
0:06:51.748554: phb 0.8627381321428778
0:06:51.764183: phb 0.8784683734807923
0:06:51.779784: phb 0.9028977380234273
0:06:51.811165: phb 0.9207565590785027
0:06:51.826799: phb 0.9366560853839695
0:06:51.873721: phb 0.9617621373163736
0:06:51.889347: phb 0.9775761111930189
0:06:51.904967: phb 0.9870538488212256
0:06:51.998716: phb 1.0185136316999859
0:06:52.029972: phb 1.0282350065523451
0:06:52.045539: phb 1.0438480269760084
0:06:52.076685: phb 1.059332323359799
0:06:52.092388: phb 1.079303246368372
0:06:52.123714: phb 1.1100011059408363
0:06:52.170561: phb 1.1305156076768805
0:06:52.186167: phb 1.1456712087078975
0:06:52.186167: phb 1.171084187994727
0:06:52.217311: phb 1.1816067443873628
0:06:52.232935: phb 1.1964161296590834
0:06:52.264320: phb 1.2360455393804988
0:06:52.295556: phb 1.2574397005946598
0:06:52.311080: phb 1.268250927022284
0:06:52.342392: phb 1.304140533070339
0:06:52.373697: phb 1.3261640101360106
0:06:52.389160: phb 1.339888661220562
0:06:52.420518: phb 1.3643686291271024
0:06:52.451667: phb 1.3775706078353682
0:06:52.483095: phb 1.3995501208121381
0:06:52.530954: phb 1.4249639329767116
0:06:52.561645: phb 1.446783832548383
0:06:52.577383: phb 1.4601764052562718
0:06:52.608691: phb 1.4826522700686346
0:06:52.624320: phb 1.5047359889285863
0:06:52.639866: phb 1.5159179253247494
0:06:52.671153: phb 1.5476890859313268
0:06:52.686637: phb 1.5685180017087017
0:06:52.717959: phb 1.5891576507003335
0:06:52.733678: phb 1.6097591556284725
0:06:52.749298: phb 1.6195459295618377
0:06:52.764763: phb 1.6398832398251422
0:06:52.796189: phb 1.6792704220772174
0:06:52.827357: phb 1.6991903289778987
0:06:52.842991: phb 1.7091120830133035
0:06:52.874322: phb 1.728873586963033
0:06:52.889940: phb 1.7387079283188083
0:06:52.921221: phb 1.7680098592996465
0:06:52.952420: phb 1.7852595878592719
0:06:52.983615: phb 1.7926407681001164
0:06:52.983615: phb 1.8114026937036523
0:06:53.030567: phb 1.8275623709909001
0:06:53.046196: phb 1.8458154344275173
0:06:53.061823: phb 1.872843758044991
0:06:53.077443: phb 1.8906161670914374
0:06:53.093075: phb 1.9081810144176707
0:06:53.108675: phb 1.934125780536979
0:06:53.124297: phb 1.9511443800062018
0:06:53.155506: phb 1.9679352738817442
0:06:53.186792: phb 1.9926823342184585
0:06:53.202268: phb 2.00081193249173
0:06:53.249352: phb 2.016891696483853
0:06:53.296168: phb 2.0405532522195333
0:06:53.327289: phb 2.056019379978809
0:06:53.374285: phb 2.071237328870075
0:06:53.436733: phb 2.0862068256357564
0:06:54.874308: phb 0.8089944311901303
0:06:54.889891: phb 0.730740885186712
0:06:54.905386: phb 0.6119384157217317
0:06:54.921115: phb 0.560706012833138
0:06:54.936744: phb 0.44766975569595363
0:06:54.967889: phb 0.2941683436100663
0:06:54.983620: phb 0.12715665323922645
0:06:54.999247: phb 0.03933948657452553
0:06:55.015481: phb 6.091704583627044
0:06:55.031151: phb 5.870403215773215
0:06:55.046915: phb 5.614495889665011
0:06:55.062560: phb 5.428557559571763
0:06:55.078003: phb 5.345966457758854
0:06:55.093772: phb 5.228119081508853
0:06:55.109364: phb 5.13589937931162
0:06:55.124974: phb 5.068476739688769
0:06:55.140634: phb 5.042592307880978
0:06:55.156219: phb 4.973804308503408
0:06:55.171865: phb 4.923525037805878
0:06:55.187469: phb 4.853629146563453
0:06:55.203098: phb 4.744565071541883
0:06:55.218719: phb 4.674593870949249
0:06:55.234363: phb 4.5626880122618525
0:06:55.265495: phb 4.405571323068515
0:06:55.281276: phb 4.268657023958355
0:06:55.296777: phb 4.184046540577367
0:06:55.312391: phb 4.045364036182178
0:06:55.328021: phb 3.9418029026318178
0:06:55.343750: phb 3.8565407592548855
0:06:55.359347: phb 3.8046753435075207
0:06:55.374978: phb 3.7281794919624485
0:06:55.390681: phb 3.630354778512337
0:06:55.406233: phb 3.5578784375900647
0:06:55.421940: phb 3.4895013553247853
0:06:55.437504: phb 3.43275421375061
0:06:55.453174: phb 3.402123514841325
0:06:55.484276: phb 3.34811327773518
0:06:55.484276: phb 3.3012511832581306
0:06:55.515677: phb 3.2837634597153262
0:06:55.531136: phb 3.2485359618025584
0:06:55.546914: phb 3.1684247397605376
0:06:55.562370: phb 3.0515688172032935
0:06:55.578121: phb 2.929440158504669
0:06:55.593743: phb 2.8576006462259778
0:06:55.609382: phb 2.706970742464791
0:06:55.624974: phb 2.5632351122916686
0:06:55.640685: phb 2.3617439317793703
0:06:55.656247: phb 2.2755330112470658
0:06:55.671935: phb 2.1057822318617734
0:06:55.703100: phb 1.9298721380718329
0:06:55.703100: phb 1.7531569496503527
0:06:55.734353: phb 1.5350479947014144
0:06:55.749969: phb 1.4182835549957922
0:06:55.765525: phb 1.1209086383792226
0:06:55.781304: phb 0.7920630833767203
0:06:55.796933: phb 0.4625280128981349
0:06:55.812556: phb 0.3176004736009863
0:06:55.828003: phb 0.09751897586626739
0:06:55.843770: phb 6.208709311391892
0:06:55.859372: phb 6.009289534415038
0:06:55.875009: phb 5.733905098588761
0:06:55.890680: phb 5.5620668960957556
0:06:55.906328: phb 4.96373895425812
0:06:55.921780: phb 4.8909894595785275
0:06:56.093750: phb 3.60608290913435
0:06:56.109362: phb 3.3301979493055502
0:06:56.124977: phb 3.0353631641740013
0:06:56.140525: phb 2.6365777247526503
0:06:56.156247: phb 2.2489470354559895
0:06:56.171748: phb 2.0679511666898795
0:06:56.187553: phb 1.690019931901657
0:06:56.203051: phb 1.3235817300813635
0:06:56.218702: phb 0.9837501631540395
0:06:56.249899: phb 0.6795330447057479
0:06:56.265528: phb 0.5156295745136688
0:06:56.281150: phb 0.1930026880543222
0:06:56.296912: phb 6.165726270700966
0:06:56.312582: phb 5.7896595223725225
0:06:56.328026: phb 5.576270635295605
0:06:56.343636: phb 5.060523637052931
0:06:56.359353: phb 4.590482261507681
0:06:56.374986: phb 4.024512426363017
0:07:05.313128: freq 0.1
0:07:05.406937: freq 0.05
0:07:05.485099: freq 0
0:07:07.125740: freq 0.6
0:07:07.266262: freq 0.65
0:07:07.313229: freq 0.7
0:07:07.360059: freq 0.75
0:07:07.469393: freq 0.8
0:07:07.703806: freq 0.85
0:07:07.781981: freq 0.9
0:07:07.828812: freq 0.95
0:07:07.891183: freq 1
0:07:08.750630: amp 7
0:07:08.922588: amp 9
0:07:08.953852: amp 10
0:07:09.297555: amp 9
0:07:09.439382: amp 8
0:07:09.486219: amp 7
0:07:09.517432: amp 6
0:07:09.521865: amp 5
0:07:09.549273: amp 4
0:07:09.549273: amp 2
0:07:09.580734: amp 0
0:07:10.596263: freq 0.7
0:07:10.674582: freq 0.65
0:07:10.689998: freq 0.6
0:07:10.737082: freq 0.55
0:07:10.737082: freq 0.5
0:07:10.752555: freq 0.45
0:07:10.815130: freq 0.4
0:07:10.815130: freq 0.35
0:07:10.830651: freq 0.3
0:07:10.846323: freq 0.25
0:07:10.861928: freq 0.2
0:07:10.893279: freq 0.15
0:07:10.924542: freq 0.1
0:07:10.940156: freq 0.05
0:07:10.987096: freq 0
0:07:14.300020: off 179
0:07:14.409436: off 174
0:07:14.424860: off 172
0:07:14.440597: off 171
0:07:14.456186: off 169
0:07:14.471907: off 166
0:07:14.487500: off 163
0:07:14.502976: off 161
0:07:14.518710: off 158
0:07:14.534215: off 154
0:07:14.550003: off 148
0:07:14.581327: off 143
0:07:14.596895: off 140
0:07:14.612520: off 134
0:07:14.628138: off 128
0:07:14.643773: off 122
0:07:14.659435: off 119
0:07:14.675034: off 112
0:07:14.690678: off 106
0:07:14.706194: off 99
0:07:14.721725: off 96
0:07:14.768712: off 89
0:07:14.768712: off 82
0:07:14.768712: off 75
0:07:14.799833: off 67
0:07:14.799833: off 64
0:07:14.831140: off 56
0:07:14.846794: off 49
0:07:14.862425: off 42
0:07:14.878097: off 38
0:07:14.893721: off 32
0:07:14.924975: off 26
0:07:14.940602: off 20
0:07:14.940602: off 15
0:07:14.956273: off 13
0:07:14.971798: off 8
0:07:14.987464: off 4
0:07:15.003025: off 0
0:07:19.257977: phb 3.9479624657219015
0:07:19.289239: phb 3.9661121744059384
0:07:19.320436: phb 4.010015401775549
0:07:19.320436: phb 4.058811220871237
0:07:19.336849: phb 4.083065265951608
0:07:19.352179: phb 4.145147662091219
0:07:19.352179: phb 4.183246628391516
0:07:19.367817: phb 4.21338083982891
0:07:19.383442: phb 4.25507965753869
0:07:19.426288: phb 4.293168041492102
0:07:19.430922: phb 4.31303414005854
0:07:19.446585: phb 4.355463420872626
0:07:19.462197: phb 4.395203523421778
0:07:19.478002: phb 4.438221564459286
0:07:19.493477: phb 4.467154547889271
0:07:20.541865: phb 4.49367265818637
0:07:20.558802: phb 4.557392339650481
0:07:20.573313: phb 4.67151059055641
0:07:20.589127: phb 4.804940542497648
0:07:20.604822: phb 5.018383891952335
0:07:20.621257: phb 5.1067562878574675
0:07:20.652153: phb 5.262949315752694
0:07:20.652153: phb 5.421809663167152
0:07:20.667765: phb 5.563785127093186
0:07:20.683245: phb 5.61608547577343
0:07:20.714498: phb 5.70673008036473
0:07:20.730119: phb 5.7896595223725225
0:07:20.745917: phb 5.879233748147647
0:07:20.761498: phb 5.915323425485331
0:07:20.777183: phb 5.974926746220968
0:07:20.792753: phb 6.014914640908955
0:07:20.808270: phb 6.043320471488138
0:07:20.824032: phb 6.067977989631083
0:07:20.855324: phb 6.0987699525890795
0:07:20.870744: phb 6.109386415254239
0:07:20.886394: phb 6.119846300503026
0:07:20.933363: phb 6.140305064463717
0:07:21.026999: phb 6.159070101963056
0:07:21.573900: phb 0.11045229301670763
0:07:21.589714: phb 0.14524600604709786
0:07:21.621207: phb 0.17334539017609946
0:07:21.621207: phb 0.2144017352335749
0:07:21.636793: phb 0.2600846631137591
0:07:21.668048: phb 0.29445510641852296
0:07:21.668048: phb 0.37062209745521896
0:07:21.699139: phb 0.4491130571732257
0:07:21.714734: phb 0.5231806954372422
0:07:21.730495: phb 0.560706012833138
0:07:21.746171: phb 0.6549219413160685
0:07:21.762627: phb 0.7369349191886265
0:07:21.777805: phb 0.7995100018260972
0:07:21.793630: phb 0.8319061141354
0:07:21.809067: phb 0.9067384382446486
0:07:21.824690: phb 0.9676003076107641
0:07:21.840316: phb 1.0239936183876133
0:07:21.855969: phb 1.0993029814684883
0:07:21.871568: phb 1.1324596866072505
0:07:21.887291: phb 1.1877782519230708
0:07:21.902815: phb 1.2385981298519853
0:07:21.919137: phb 1.2898721952687526
0:07:21.934464: phb 1.3171645337766
0:07:21.950101: phb 1.3781052480874159
0:07:21.981356: phb 1.4785110756542057
0:07:21.996976: phb 1.5808128058191613
0:07:22.012602: phb 1.6192367781148145
0:07:22.028377: phb 1.6971495771094338
0:07:22.044030: phb 1.7653863403977141
0:07:22.059650: phb 1.8226133248328922
0:07:22.076249: phb 1.8481349981472
0:07:22.090754: phb 1.906608948453263
0:07:22.107561: phb 1.9535661345129458
0:07:22.122566: phb 2.0137118393728684
0:07:22.138231: phb 2.0686023704299465
0:07:22.153999: phb 2.087321683007567
0:07:22.169630: phb 2.156271700932162
0:07:22.186274: phb 2.214649290965334
0:07:22.201311: phb 2.2740134047612903
0:07:22.232738: phb 2.2939510204236115
0:07:22.232738: phb 2.3540020454713817
0:07:22.263826: phb 2.394845870912123
0:07:22.279889: phb 2.4247362789247515
0:07:22.295551: phb 2.435605786812462
0:07:22.311259: phb 2.4649072388485536
0:07:22.326778: phb 2.49621237149084
0:07:22.342559: phb 2.516208170077127
0:07:22.358200: phb 2.5558021610686734
0:07:22.374275: phb 2.5753710136798236
0:07:22.546516: phb 2.5635479901806053
0:07:22.562318: phb 2.5325454441945854
0:07:22.578096: phb 2.4627664293799794
0:07:22.594246: phb 2.4324971778605264
0:07:22.610125: phb 2.3044579294540632
0:07:22.626572: phb 2.1601658742839316
0:07:22.641977: phb 2.044473589830466
0:07:22.657796: phb 1.9299830811903154
0:07:22.673378: phb 1.8673891847469315
0:07:22.689816: phb 1.7573846563848134
0:07:22.705028: phb 1.674176518151136
0:07:22.720852: phb 1.6192367781148145
0:07:22.736467: phb 1.5806860193719536
0:07:22.753027: phb 1.5557511572918927
0:07:22.768224: phb 1.5437457391412135
0:07:22.815397: phb 1.5206152486131843
0:07:22.816161: phb 1.5094769457618586
0:07:22.925126: phb 1.4880117803286521
0:07:22.987546: phb 1.457738778898218
0:07:23.034465: phb 1.4507452829555483
0:07:23.065766: phb 1.432539327801496
0:07:23.268839: phb 1.419768116203451
0:07:23.285851: phb 1.4226857374704636
0:07:23.316309: phb 1.4146152488516182
0:07:23.378803: phb 1.4005848013081281
0:07:23.442048: phb 1.3857283855916485
0:07:23.535669: phb 1.364592056723629
0:07:23.582700: phb 1.3512198625961338
0:07:23.613862: phb 1.3530853171936243
0:07:23.630631: phb 1.344738773624423
0:07:23.707679: phb 1.3301703468559176
0:07:24.723926: phb 1.1885773101273753
0:07:24.739417: phb 1.1742807001261726
0:07:24.755138: phb 1.1596240592878277
0:07:24.802091: phb 1.1372431978537738
0:07:24.818011: phb 1.1253810473942967
0:07:24.865860: phb 1.101238786634882
0:07:24.881489: phb 1.088830853579002
0:07:24.928711: phb 1.059172756277056
0:07:24.944509: phb 1.0463627199482202
0:07:24.959956: phb 1.0285915935305587
0:07:24.976151: phb 1.0154862379761953
0:07:25.023228: phb 0.9918205455460133
0:07:25.055146: phb 0.978310750217179
0:07:25.336354: phb 0.954417943590829
0:07:25.367550: phb 0.9466279271201187
0:07:25.414328: phb 0.9313073777814453
0:07:25.461390: phb 0.9089647512762247
0:07:25.493238: phb 0.8944884772218309
0:07:25.555734: phb 0.8803402806790719
0:07:25.618581: phb 0.8606706990413578
0:07:25.697125: phb 0.8411943977736105
0:07:25.744020: phb 0.8285041324148369
0:07:25.962754: phb 0.8089944311901303
0:07:26.025251: phb 0.7902441236893722
0:07:26.087773: phb 0.7717215927560538
0:07:26.401176: phb 0.7530389215457539
0:07:26.557469: phb 0.7400908889215044
0:07:26.666820: phb 0.7200784000087239
0:07:26.807426: phb 0.6946301645872638
0:07:27.088663: phb 0.6888994316506407
0:07:27.260543: phb 0.6667492033514973
0:07:27.479266: phb 0.6475991273081645
0:07:27.588667: phb 0.625158103928992
0:07:27.651043: phb 0.6152240381619095
0:07:30.089163: phb 0.6419601635196728
0:07:30.167080: phb 0.6255678074271811
0:07:30.167080: phb 0.6160088356909602
0:07:30.214564: phb 0.5865426486539193
0:07:30.261839: phb 0.5699186747494149
0:07:30.277610: phb 0.5534162976350672
0:07:30.324473: phb 0.5370400874407137
0:07:30.340109: phb 0.5207987625916398
0:07:30.402635: phb 0.5047005896706314
0:07:30.433876: phb 0.4887490080557564
0:07:30.449725: phb 0.4729514678552363
0:07:30.543854: phb 0.4573149408195445
0:07:30.559976: phb 0.4418416873305489
0:07:30.657694: phb 0.42653784789193033
0:07:30.732919: phb 0.40688716053909546
0:07:30.889201: phb 0.3816849106096942
0:07:30.951659: phb 0.3670987466636272
0:07:30.983171: phb 0.35269799333437585
0:07:30.983910: phb 0.3384862885398304
0:07:31.045977: phb 0.3140106499951471
0:07:31.061621: phb 0.29700424830810895
0:07:31.092842: phb 0.2835657838693312
0:07:31.108389: phb 0.27032140070459204
0:07:31.155371: phb 0.23665882624569734
0:07:31.171617: phb 0.23418598261366416
0:07:31.203082: phb 0.21134537682122112
0:07:31.266207: phb 0.1989894856422951
0:07:31.297491: phb 0.1766750453077876
0:07:31.344993: phb 0.1647798817152408
0:07:31.423566: phb 0.14302206728676764
0:07:31.501509: phb 0.12157335752010373
0:07:31.532733: phb 0.11153037862434392
0:07:31.595333: phb 0.0904606670531341
0:07:31.735863: phb 0.06973380275586286
0:07:31.751665: phb 0.05920785537794508
0:07:32.079989: phb 0.03911167084469161
0:07:32.189763: phb 0.019374047978632514
0:07:32.236471: phb 6.28318486794582
0:07:32.268416: phb 6.2735905400135055
0:07:32.315269: phb 6.254407191010404
0:07:32.580883: phb 6.235700822039152
0:07:32.986982: phb 6.245545102194494
0:07:33.034607: phb 6.26453386354246
0:07:33.112712: phb 6.283184880235668
0:07:33.144282: phb 0.009240141504113408
0:07:33.222456: phb 0.02746048749737976
0:07:33.284889: phb 0.045747883459871116
0:07:33.394344: phb 0.06285599809969877
0:07:33.488087: phb 0.08002880342595425
0:07:33.847406: phb 0.09685325296265916
0:07:33.894339: phb 0.11432124574228368
0:07:33.926330: phb 0.11332890305279943
0:07:34.004887: phb 0.12196362431736715
0:07:34.223686: phb 0.11332890305279943
0:07:34.364250: phb 0.09436815168127412
0:07:34.442473: phb 0.07728557322215818
0:07:34.739776: phb 0.06015846809278355
0:07:34.802334: phb 0.04262959108584204
0:07:34.895989: phb 0.025587205807979064
0:07:35.161627: phb 0.008458564249393938
0:07:35.412518: phb 6.26626900177596
0:07:38.543718: phb 0.06148475447332849
0:07:38.746694: phb 0.08597438207493585
0:07:38.762471: phb 0.0981829355926936
0:07:38.793720: phb 0.12250756651292398
0:07:38.809214: phb 0.13461782746356918
0:07:38.856213: phb 0.15871516255695575
0:07:38.871867: phb 0.17069680251232952
0:07:38.934360: phb 0.1945080665531021
0:07:38.996713: phb 0.20633272179658277
0:07:39.059671: phb 0.22980343378876145
0:07:39.153422: phb 0.24144505311606948
0:07:39.231564: phb 0.2645256425249859
0:07:39.357803: phb 0.27596075441625195
0:07:40.170302: phb 0.26659764622338966
0:07:40.201427: phb 0.25264283019927186
0:07:40.327155: phb 0.22541176577633806
0:07:40.389662: phb 0.2121331714196714
0:07:40.717740: phb 0.1969288121241984
0:07:40.780270: phb 0.18229795906484514
0:07:40.889661: phb 0.157878541653746
0:07:40.999033: phb 0.14598416161527142
0:07:41.530571: phb 0.12281132210200424
0:07:41.577542: phb 0.11153037862434392
0:07:41.999429: phb 0.08697305431974313
0:07:42.030617: phb 0.0766115715533949
0:07:42.186923: phb 0.056426807422644304
0:07:42.483764: phb 0.03694522231499602
0:07:42.717996: phb 0.01814389015069143
0:07:43.564636: phb 6.283184906401435
0:07:46.580239: phb 0.08391799097195257
0:07:46.767764: phb 0.11959171065495001
0:07:46.799012: phb 0.13142016911553298
0:07:46.861542: phb 0.15496230894178883
0:07:47.189639: phb 0.12689717145774665
0:07:47.236508: phb 0.10166687391777576
0:07:47.252010: phb 0.09043648087410429
0:07:47.299037: phb 0.07743391309424047
0:07:47.533434: phb 0.06101188678792414
0:07:47.814681: phb 0.03873311979964909
0:07:48.111644: phb 0.018826986269317458
0:07:48.971105: phb 6.283184906401435
0:07:50.096035: phb 0.07655747468199074
0:07:50.205335: phb 0.08925467825743147
0:07:50.221111: phb 0.10192309303979442
0:07:50.236699: phb 0.1287853776595131
0:07:50.252953: phb 0.14150073561923862
0:07:50.268138: phb 0.16893584018313254
0:07:50.283891: phb 0.19431806828528983
0:07:50.299599: phb 0.20691739084558272
0:07:50.315210: phb 0.22227344768318594
0:07:50.346957: phb 0.2474209242119255
0:07:50.769041: phb 0.23191263567375694
0:07:50.800122: phb 0.21669733905107585
0:07:50.831447: phb 0.1871331045361799
0:07:50.862697: phb 0.1727829119733567
0:07:50.878251: phb 0.15871516255695575
0:07:50.940884: phb 0.14492825379516858
0:07:50.987600: phb 0.11959171065495001
0:07:51.050250: phb 0.10521999105550754
0:07:51.065719: phb 0.09252256641647297
0:07:51.253374: phb 0.07829832745458512
0:07:51.800266: phb 0.05191839935901557
0:07:51.894041: phb 0.040702798934068626
0:07:52.503248: phb 0.01900588075316389
0:08:04.991099: off 5
0:08:05.006728: off 7
0:08:05.022338: off 9
0:08:05.037917: off 12
0:08:05.053438: off 16
0:08:05.069168: off 21
0:08:05.084793: off 23
0:08:05.100333: off 28
0:08:05.115935: off 33
0:08:05.131625: off 38
0:08:05.147255: off 40
0:08:05.162883: off 45
0:08:05.178512: off 51
0:08:05.194037: off 55
0:08:05.225306: off 60
0:08:05.241047: off 62
0:08:05.256718: off 66
0:08:05.272340: off 70
0:08:05.287972: off 73
0:08:05.305856: off 75
0:08:05.319393: off 80
0:08:05.350899: off 85
0:08:05.350899: off 90
0:08:05.366362: off 95
0:08:05.381997: off 98
0:08:05.397645: off 103
0:08:05.413202: off 110
0:08:05.428834: off 115
0:08:05.460135: off 118
0:08:05.475760: off 124
0:08:05.491430: off 129
0:08:05.507169: off 134
0:08:05.522741: off 137
0:08:05.538190: off 141
0:08:05.553877: off 145
0:08:05.585212: off 149
0:08:05.585212: off 152
0:08:05.600857: off 154
0:08:05.616287: off 156
0:08:05.631992: off 159
0:08:05.663294: off 162
0:08:05.663294: off 163
0:08:05.679020: off 166
0:08:05.694515: off 168
0:08:05.725782: off 170
0:08:05.741470: off 171
0:08:05.757058: off 172
0:08:05.772726: off 174
0:08:05.788346: off 175
0:08:05.803885: off 176
0:08:05.835189: off 177
0:08:05.850884: off 178
0:08:05.866512: off 179
0:08:05.897669: off 180
0:08:13.773331: off 179
0:08:13.914000: off 175
0:08:13.929645: off 174
0:08:13.945111: off 173
0:08:13.960758: off 171
0:08:13.976433: off 170
0:08:14.007627: off 169
0:08:14.023160: off 168
0:08:14.054513: off 167
0:08:14.070126: off 166
0:08:14.101366: off 165
0:08:14.148239: off 164
0:08:14.195250: off 163
0:08:14.242078: off 162
0:08:14.288996: off 161
0:08:14.335766: off 160
0:08:14.366991: off 159
0:08:14.429600: off 158
0:08:14.476463: off 157
0:08:14.538982: off 156
0:08:14.585827: off 155
0:08:14.632537: off 154
0:08:14.695053: off 153
0:08:14.742087: off 152
0:08:14.788963: off 151
0:08:14.851416: off 150
0:08:14.913970: off 149
0:08:14.945107: off 148
0:08:14.976363: off 147
0:08:15.023374: off 146
0:08:15.038958: off 145
0:08:15.070207: off 144
0:08:15.085790: off 143
0:08:15.101464: off 142
0:08:15.148166: off 141
0:08:15.179638: off 140
0:08:15.226458: off 139
0:08:15.273384: off 138
0:08:15.304594: off 137
0:08:15.335832: off 136
0:08:15.382560: off 135
0:08:15.445204: off 134
0:08:15.507650: off 133
0:08:15.585716: off 132
0:08:15.663965: off 131
0:08:15.757649: off 130
0:08:15.820030: off 129
0:08:15.867126: off 128
0:08:15.945249: off 127
0:08:16.038959: off 126
0:08:16.101456: off 125
0:08:16.148261: off 124
0:08:16.226299: off 123
0:08:16.320055: off 122
0:08:16.398280: off 121
0:08:16.445254: off 120
0:08:16.476455: off 119
0:08:16.554588: off 118
0:08:16.585755: off 117
0:08:16.617081: off 116
0:08:16.663854: off 115
0:08:16.710852: off 114
0:08:16.757549: off 113
0:08:16.788965: off 112
0:08:16.835702: off 111
0:08:16.898289: off 110
0:08:16.945220: off 109
0:08:17.117121: off 108
0:08:17.398284: off 107
0:08:17.460831: off 106
0:08:17.585758: off 105
0:08:17.679577: off 104
0:08:17.789004: off 103
0:08:17.945250: off 102
0:08:18.148314: off 101
0:08:18.226407: off 100
0:08:18.320217: off 99
0:08:18.429577: off 98
0:08:18.617131: off 97
0:08:18.867126: off 96
0:08:18.960841: off 95
0:08:19.226479: off 94
0:08:19.554585: off 93
0:08:19.835835: off 92
0:08:20.070193: off 91
0:08:20.773279: off 90
0:08:21.132709: off 89
0:08:22.132561: off 91
0:08:22.538876: off 95
0:08:23.101352: off 94
0:08:23.163956: off 93
0:08:23.257662: off 92
0:08:23.351500: off 91
0:08:23.898154: off 90
0:08:24.148282: off 89
0:08:25.367088: off 94
0:08:26.195205: off 95
0:08:26.585887: off 91
0:08:27.195226: off 90
0:08:27.460833: off 89
0:08:28.195031: off 90
0:08:28.601468: off 91
0:09:04.758573: phb 0.026941076142867285
0:09:04.789872: phb 0.06550699462010709
0:09:04.805454: phb 0.11753632604628785
0:09:04.836650: phb 0.19186344384958515
0:09:04.852327: phb 0.3050539714117494
0:09:04.867879: phb 0.35205888294499027
0:09:04.883666: phb 0.4732019549309531
0:09:04.899206: phb 0.5769381115546375
0:09:04.914838: phb 0.6714288617154062
0:09:04.961619: phb 0.7203749596390933
0:09:04.961619: phb 0.8139889227104072
0:09:04.961619: phb 0.8927046288927515
0:09:04.977415: phb 0.9475967290286078
0:09:04.992981: phb 1.0052531102784554
0:09:05.024188: phb 1.0318761915485266
0:09:05.039753: phb 1.113819668634025
0:09:05.039753: phb 1.186574481683831
0:09:05.055455: phb 1.2380073007322343
0:09:05.086668: phb 1.2653252640020072
0:09:05.102329: phb 1.3075578201964406
0:09:05.117858: phb 1.3751104556571345
0:09:05.133497: phb 1.441918976877452
0:09:05.149203: phb 1.5104936558110065
0:09:05.164732: phb 1.5395568124873527
0:09:05.196080: phb 1.587922053660574
0:09:05.196080: phb 1.6454768811691074
0:09:05.211651: phb 1.6930803424969956
0:09:05.227326: phb 1.7587554467089126
0:09:05.242945: phb 1.7791949454336524
0:09:05.258583: phb 1.8367120060292126
0:09:05.274198: phb 1.8785134859602861
0:09:05.291383: phb 1.8996329545104869
0:09:05.321658: phb 1.920872703190226
0:09:05.337203: phb 1.9511360558896818
0:09:05.352875: phb 1.9762834110101175
0:09:05.368565: phb 1.9979002159413186
0:09:05.384276: phb 2.0107847303601054
0:09:05.399790: phb 2.0325404189250955
0:09:05.415410: phb 2.0674882347971644
0:09:05.430946: phb 2.0977352222786547
0:09:05.446580: phb 2.127606684116199
0:09:05.462244: phb 2.1409349401584645
0:09:05.477806: phb 2.17036431634872
0:09:05.493427: phb 2.197178001743336
0:09:05.509072: phb 2.2183813971159903
0:09:05.524697: phb 2.231866432717678
0:09:05.540306: phb 2.2453963814955302
0:09:05.555946: phb 2.266379650462386
0:09:05.602934: phb 2.2799111345840366
0:09:05.618431: phb 2.307054092392873
0:09:05.634073: phb 2.3342696306763613
0:09:05.649697: phb 2.347891824922949
0:09:05.681102: phb 2.375141009385373
0:09:05.696674: phb 2.3887572545077362
0:09:05.712206: phb 2.4159492143359764
0:09:05.727935: phb 2.4295142360410837
0:09:05.743516: phb 2.450448488796662
0:09:05.759080: phb 2.471587497043394
0:09:05.774789: phb 2.4987561595101973
0:09:05.790418: phb 2.520109873774492
0:09:05.805929: phb 2.5280435814840914
0:09:05.852941: phb 2.5441819235311556
0:09:05.868612: phb 2.5606818107771985
0:09:05.899863: phb 2.5775470218888743
0:09:05.931013: phb 2.594780707582002
0:09:05.946556: phb 2.6213231068446547
0:09:05.962292: phb 2.63948026957393
0:09:05.977830: phb 2.6580067784445385
0:09:05.993614: phb 2.705926225730706
0:09:06.009159: phb 2.766371351134803
0:09:06.024719: phb 2.7977425546163035
0:09:06.040411: phb 2.8516082236857003
0:09:06.055928: phb 2.8987840494242247
0:09:06.071713: phb 2.955065763836588
0:09:06.087192: phb 3.000986550076098
0:09:06.118523: phb 3.035833796711
0:09:06.134166: phb 3.094447584457206
0:09:06.149783: phb 3.1415931935244394
0:09:06.165410: phb 3.212245709015473
0:09:06.180992: phb 3.2473525783044535
0:09:06.196581: phb 3.309127994476849
0:09:06.212370: phb 3.3842945434710883
0:09:06.227952: phb 3.4488753259648535
0:09:06.243538: phb 3.5070796821221393
0:09:06.274705: phb 3.5393572761168075
0:09:06.274705: phb 3.5839478241451603
0:09:06.290350: phb 3.646334931440661
0:09:06.321659: phb 3.7239206543495817
0:09:06.321659: phb 3.7604533489218004
0:09:06.352907: phb 3.8347861911011583
0:09:06.368537: phb 3.919534798901128
0:09:06.384154: phb 4.027054122499203
0:09:06.399775: phb 4.076865387854736
0:09:06.415400: phb 4.169786711553904
0:09:06.431116: phb 4.245176616289034
0:09:06.446596: phb 4.313971839645881
0:09:06.462219: phb 4.380482863111575
0:09:06.477953: phb 4.410723852185787
0:09:06.493583: phb 4.502275659789967
0:09:06.509258: phb 4.600280570795797
0:09:06.524798: phb 4.702622904803704
0:09:06.540330: phb 4.764425265839159
0:09:06.556102: phb 4.9570036602392085
0:09:06.571659: phb 5.121141453748528
0:09:06.587294: phb 5.302407253370006
0:09:06.618437: phb 5.385614240590171
0:09:06.634056: phb 5.527864665121745
0:09:06.649860: phb 5.648588764541031
0:09:06.665517: phb 5.746921939279309
0:09:06.681047: phb 5.824365227749167
0:09:06.696653: phb 5.859520929907389
0:09:06.712280: phb 5.916068629081995
0:09:07.009158: phb 0.29418806662603936
0:09:07.024704: phb 0.3294406765412336
0:09:07.040334: phb 0.37810304006833795
0:09:07.071595: phb 0.39332126338978934
0:09:07.087356: phb 0.4335075646000063
0:09:07.087356: phb 0.4755103006401009
0:09:07.118454: phb 0.524166794625309
0:09:07.134242: phb 0.5427084963087867
0:09:07.149732: phb 0.595248258896521
0:09:07.165413: phb 0.6421216858806532
0:09:07.180966: phb 0.6766378511560555
0:09:07.196552: phb 0.7203749596390933
0:09:07.212203: phb 0.7437452900125859
0:09:07.227825: phb 0.7836377724681342
0:09:07.243447: phb 0.8163268285020978
0:09:07.259055: phb 0.8500341824632843
0:09:07.290322: phb 0.875585741479864
0:09:07.305978: phb 0.8921988441624743
0:09:07.321588: phb 0.9108357518203207
0:09:07.337307: phb 0.9275942662865369
0:09:07.368427: phb 0.9442718750424505
0:09:07.384085: phb 0.9608610781165304
0:09:07.399691: phb 0.9872366605294308
0:09:07.415324: phb 1.0137818216445464
0:09:07.431056: phb 1.030185085130555
0:09:07.446706: phb 1.07780020546255
0:09:07.462311: phb 1.131777204483328
0:09:07.477980: phb 1.1810374238432486
0:09:07.493481: phb 1.2081182767657295
0:09:07.509054: phb 1.2580869455563548
0:09:07.524698: phb 1.2966288253340725
0:09:07.540321: phb 1.3468811999518215
0:09:07.555929: phb 1.4090278283605076
0:09:07.571572: phb 1.4331694866911833
0:09:07.602823: phb 1.4819107328213539
0:09:07.618462: phb 1.5310799227508112
0:09:07.634149: phb 1.5804418483566576
0:09:07.649711: phb 1.6051196576890845
0:09:07.665407: phb 1.6420493714792306
0:09:07.680929: phb 1.6665673112155885
0:09:07.696713: phb 1.7047548423824477
0:09:07.712210: phb 1.7311952294641115
0:09:07.727833: phb 1.7580792292593808
0:09:07.743503: phb 1.79774370411918
0:09:07.759082: phb 1.8534389632838095
0:09:07.774679: phb 1.898059752526514
0:09:07.790404: phb 1.9224176419665533
0:09:07.805944: phb 1.979877715172778
0:09:07.821587: phb 2.0318677267915928
0:09:07.837282: phb 2.090707265928857
0:09:07.868447: phb 2.115584942394248
0:09:07.884072: phb 2.1747935152653173
0:09:07.899695: phb 2.247474224143103
0:09:07.915302: phb 2.323622156564549
0:09:07.930946: phb 2.469456968440182
0:09:07.946552: phb 2.5684739799933394
0:09:07.962178: phb 2.8720761002324493
0:09:07.977802: phb 3.0636076499530946
0:09:07.993445: phb 3.177817443697603
0:09:08.009193: phb 3.2356746790902466
0:09:08.024794: phb 3.3218844177300033
0:09:08.040303: phb 3.392377675331331
0:09:08.056082: phb 3.4540212323034742
0:09:08.087212: phb 3.503601393292489
0:09:08.087212: phb 3.6016324935624655
0:09:08.118461: phb 3.745158769197273
0:09:08.134079: phb 3.8697458489815806
0:09:08.149698: phb 3.987446241230213
0:09:08.165342: phb 4.037797901773108
0:09:08.181131: phb 4.12900505520087
0:09:08.196609: phb 4.237290484605907
0:09:08.212194: phb 4.374032757270753
0:09:08.227830: phb 4.464710517738608
0:09:08.243464: phb 4.6753342888431035
0:09:08.259089: phb 4.896857530412385
0:09:08.274788: phb 5.059136630860866
0:09:08.290409: phb 5.1296744341242375
0:09:08.306130: phb 5.216910166983779
0:09:08.321579: phb 5.28068890790082
0:09:08.649776: phb 6.018160705975013
0:09:08.665492: phb 5.9914499645139845
0:09:08.681039: phb 5.940215372410307
0:09:08.696593: phb 5.844167045396395
0:09:08.712239: phb 5.726607442261643
0:09:08.727852: phb 5.625877501339434
0:09:08.743431: phb 5.573844661748034
0:09:08.759146: phb 5.464414968880894
0:09:08.774711: phb 5.333266009168809
0:09:08.806101: phb 5.173446830068542
0:09:08.806101: phb 5.081654671179911
0:09:08.821679: phb 4.95209695677048
0:09:08.852894: phb 4.836429665123504
0:09:08.868541: phb 4.724575878873778
0:09:08.884158: phb 4.674593870949249
0:09:08.899908: phb 4.606046633030916
0:09:08.915534: phb 4.536415374561371
0:09:08.931130: phb 4.455143785570369
0:09:08.946729: phb 4.364794784133617
0:09:08.962262: phb 4.324813165836606
0:09:08.977925: phb 4.250644888254491
0:09:08.993614: phb 4.185450084900932
0:09:09.009084: phb 4.115362603062239
0:09:09.024823: phb 4.086007823064609
0:09:09.040405: phb 4.022910232161339
0:09:09.055942: phb 3.9818074370513403
0:09:09.071662: phb 3.948055493183648
0:09:09.102932: phb 3.915408026895739
0:09:09.134155: phb 3.877082178061512
0:09:09.149784: phb 3.831781406873877
0:09:09.165329: phb 3.7862888440706524
0:09:09.180928: phb 3.7534625367555035
0:09:09.196551: phb 3.6846331604237665
0:09:09.212308: phb 3.618731588343406
0:09:09.227805: phb 3.5510351576467416
0:09:09.243447: phb 3.515736366299749
0:09:09.259083: phb 3.4578684252561653
0:09:09.274699: phb 3.382280908358387
0:09:09.290431: phb 3.323639400177729
0:09:09.306116: phb 3.2637054313258087
0:09:09.321753: phb 3.2333766971624316
0:09:09.337333: phb 3.172264228738241
0:09:09.368546: phb 3.079676926850698
0:09:09.384162: phb 3.0052853878901
0:09:09.399785: phb 2.962266985159794
0:09:09.415409: phb 2.8831346565853155
0:09:09.431033: phb 2.792021606174789
0:09:09.446580: phb 2.705926225730706
0:09:09.462234: phb 2.65243911817765
0:09:09.477942: phb 2.558363513430307
0:09:09.493662: phb 2.449587223580747
0:09:09.509282: phb 2.3464280715789982
0:09:09.524803: phb 2.2418266515932856
0:09:09.540330: phb 2.1942826424055655
0:09:09.556023: phb 2.0779298105546924
0:09:09.587305: phb 1.957325733705076
0:09:09.602829: phb 1.8268998179372518
0:09:09.618455: phb 1.7462902941916845
0:09:09.634148: phb 1.5791973272123596
0:09:09.649779: phb 1.432539327801496
0:09:09.665399: phb 1.2998826988205163
0:09:09.681023: phb 1.2004131097280872
0:09:09.696633: phb 1.1535105404996142
0:09:09.868604: phb 0.22194050395936943
0:09:09.884241: phb 0.11432124574228368
0:09:09.899793: phb 6.2740297656615995
0:09:09.915380: phb 6.199440613123452
0:09:09.931184: phb 6.073188197977818
0:09:09.946665: phb 5.968226633279016
0:09:09.962209: phb 5.8598709584126425
0:09:09.977906: phb 5.802913511530378
0:09:09.993532: phb 5.718380014467112
0:09:10.009080: phb 5.646925419144682
0:09:10.024808: phb 5.5911196968407735
0:09:10.040342: phb 5.562974034896011
0:09:10.056068: phb 5.49217541896349
0:09:10.071661: phb 5.4347948295745905
0:09:10.102913: phb 5.382448913945496
0:09:10.118470: phb 5.35357811866271
0:09:10.134147: phb 5.33690711470736
0:09:10.149682: phb 5.299398724943917
0:09:10.165315: phb 5.267372763112373
0:09:10.181071: phb 5.230911410049578
0:09:10.196656: phb 5.192866912735768
0:09:10.212245: phb 5.122529587713693
0:09:10.227828: phb 5.058585658687392
0:09:10.243479: phb 4.994861827242334
0:09:10.259149: phb 4.939043049546919
0:09:10.274780: phb 4.905079838477612
0:09:10.290400: phb 4.8187225930505795
0:09:10.305930: phb 4.701831117637038
0:09:10.321572: phb 4.6032295829783
0:09:10.352902: phb 4.5432767012806385
0:09:10.368534: phb 4.412620946681778
0:09:10.384155: phb 4.286280055602397
0:09:10.399790: phb 4.166794296383553
0:09:10.415408: phb 4.100594617438988
0:09:10.431026: phb 3.9761320575747843
0:09:10.446658: phb 3.869297852771765
0:09:10.462188: phb 3.73170520177973
0:09:10.477828: phb 3.606996162515782
0:09:10.493609: phb 3.503797985135078
0:09:10.509276: phb 3.304428441035547
0:09:10.524802: phb 3.123983304725497
0:09:10.540389: phb 2.9534704984928326
0:09:10.556020: phb 2.866931583618699
0:09:10.571588: phb 2.6690863394757454
0:09:10.602917: phb 2.452624077373482
0:09:10.618537: phb 2.238378219727299
0:09:10.634158: phb 1.7679644430424
0:09:10.665428: phb 1.7254217869439685
0:09:10.680930: phb 1.6999676362932028
0:09:10.696595: phb 1.346975931460674
0:09:10.712301: phb 1.3329002334209332
0:09:10.727888: phb 1.3058414628124708
0:09:10.743476: phb 1.224750915885767
0:09:13.962276: amp 32
0:09:14.087271: amp 36
0:09:14.087271: amp 39
0:09:14.118543: amp 42
0:09:14.134052: amp 43
0:09:14.149676: amp 46
0:09:14.165329: amp 49
0:09:14.180947: amp 52
0:09:14.196572: amp 54
0:09:14.212197: amp 57
0:09:14.227802: amp 60
0:09:14.243545: amp 63
0:09:14.259079: amp 66
0:09:14.274679: amp 68
0:09:14.290320: amp 71
0:09:14.305929: amp 73
0:09:14.321554: amp 76
0:09:14.337197: amp 77
0:09:14.368522: amp 79
0:09:14.384148: amp 81
0:09:14.399783: amp 82
0:09:14.415413: amp 83
0:09:14.430956: amp 85
0:09:14.446658: amp 86
0:09:14.462410: amp 88
0:09:14.477952: amp 90
0:09:17.712676: off 86
0:09:17.806282: off 82
0:09:17.837548: off 81
0:09:17.853105: off 80
0:09:17.853105: off 79
0:09:17.884422: off 78
0:09:17.899964: off 77
0:09:17.915746: off 76
0:09:17.946930: off 75
0:09:17.962481: off 74
0:09:17.978170: off 73
0:09:17.993718: off 72
0:09:18.025038: off 70
0:09:18.040668: off 69
0:09:18.056193: off 68
0:09:18.071922: off 67
0:09:18.087463: off 66
0:09:18.118716: off 65
0:09:18.134343: off 64
0:09:18.165748: off 63
0:09:18.181305: off 62
0:09:18.212635: off 61
0:09:18.243895: off 60
0:09:18.290590: off 59
0:09:18.337496: off 58
0:09:18.384508: off 57
0:09:18.415654: off 56
0:09:18.431293: off 55
0:09:18.462464: off 52
0:09:18.478248: off 49
0:09:18.493907: off 46
0:09:18.509422: off 44
0:09:18.525041: off 40
0:09:18.540600: off 36
0:09:18.556213: off 32
0:09:18.571901: off 31
0:09:18.587644: off 27
0:09:18.618946: off 24
0:09:18.634345: off 22
0:09:18.649956: off 19
0:09:18.665794: off 18
0:09:18.681281: off 15
0:09:18.696936: off 12
0:09:18.712686: off 9
0:09:18.728095: off 8
0:09:18.743787: off 6
0:09:18.759404: off 3
0:09:18.775040: off 2
0:09:18.790612: off 0
0:09:21.978191: freq 0.2
0:09:22.118849: freq 0.25
0:09:22.181395: freq 0.3
0:09:22.259435: freq 0.35
0:09:22.681418: freq 0.4
0:09:23.009498: freq 0.45
0:09:32.275762: freq 0.4
0:09:32.338307: freq 0.35
0:09:32.385192: freq 0.3
0:09:32.416926: freq 0.25
0:09:32.448386: freq 0.2
0:09:32.479667: freq 0.15
0:09:32.495069: freq 0.1
0:09:32.541956: freq 0.05
0:09:32.573281: freq 0
0:09:57.726131: freq 0.3
0:09:57.929426: freq 0.25
0:09:58.070390: freq 0.2
0:09:58.539147: freq 0.15
0:09:58.867650: freq 0.1
0:09:59.103144: freq 0.05
0:09:59.884384: freq 0.1
0:10:00.071862: freq 0.15
0:10:00.243770: freq 0.2
0:10:00.416319: freq 0.25
0:10:02.464546: amp 88
0:10:02.480188: amp 86
0:10:02.496202: amp 82
0:10:02.511912: amp 77
0:10:02.527545: amp 73
0:10:02.543299: amp 71
0:10:02.558967: amp 66
0:10:02.575309: amp 62
0:10:02.590968: amp 57
0:10:02.606179: amp 52
0:10:02.621989: amp 50
0:10:02.637986: amp 45
0:10:02.654827: amp 41
0:10:02.670209: amp 36
0:10:02.685842: amp 34
0:10:02.701961: amp 30
0:10:02.717609: amp 26
0:10:02.734179: amp 23
0:10:02.748618: amp 20
0:10:02.780465: amp 18
0:10:02.796117: amp 15
0:10:02.811911: amp 12
0:10:02.827530: amp 9
0:10:02.843156: amp 7
0:10:02.858797: amp 4
0:10:02.875064: amp 2
0:10:02.890121: amp 0
0:10:14.954369: amp 37
0:10:15.173160: amp 40
0:10:15.188623: amp 42
0:10:15.204413: amp 43
0:10:15.220049: amp 44
0:10:15.235669: amp 45
0:10:15.266932: amp 46
0:10:15.345775: amp 47
0:10:15.689469: amp 48
0:10:15.845602: amp 49
0:10:15.939896: amp 50
0:10:15.987266: amp 51
0:10:16.065235: amp 52
0:10:16.096464: amp 53
0:10:16.159168: amp 54
0:10:16.205989: amp 55
0:10:16.268491: amp 56
0:10:16.346642: amp 57
0:10:16.487243: amp 58
0:10:16.596559: amp 59
0:10:16.674735: amp 60
0:10:16.737296: amp 61
0:10:16.830943: amp 62
0:10:16.924727: amp 63
0:10:17.018494: amp 64
0:10:17.362110: amp 65
0:10:17.502858: amp 66
0:10:17.705956: amp 67
0:10:17.863376: amp 68
0:10:17.989480: amp 69
0:10:18.239653: amp 70
0:10:18.395739: amp 71
0:10:18.505611: amp 72
0:10:18.552596: amp 73
0:10:18.630810: amp 74
0:10:18.693224: amp 75
0:10:18.708890: amp 76
0:10:18.755764: amp 77
0:10:18.786886: amp 78
0:10:18.834373: amp 79
0:10:18.881423: amp 80
0:10:18.929118: amp 81
0:10:18.944659: amp 82
0:10:18.975804: amp 83
0:10:18.991460: amp 84
0:10:19.022842: amp 85
0:10:19.054084: amp 86
0:10:19.085384: amp 87
0:10:19.132216: amp 88
0:10:19.226380: amp 89
0:10:19.288839: amp 90
0:10:31.895671: off 89
0:10:32.020742: off 93
0:10:32.036255: off 97
0:10:32.067532: off 98
0:10:32.067532: off 101
0:10:32.084095: off 103
0:10:32.099275: off 104
0:10:32.115084: off 105
0:10:32.161891: off 106
0:10:32.177535: off 107
0:10:32.225006: off 108
0:10:32.381290: off 109
0:10:32.459933: off 110
0:10:32.506896: off 111
0:10:32.678759: off 110
0:10:32.710013: off 109
0:10:32.741097: off 108
0:10:32.757081: off 107
0:10:32.772798: off 106
0:10:32.804164: off 105
0:10:32.835403: off 104
0:10:32.874283: off 103
0:10:32.898709: off 102
0:10:32.961345: off 101
0:10:33.039513: off 100
0:10:33.102020: off 99
0:10:33.164505: off 98
0:10:33.211330: off 97
0:10:33.242659: off 96
0:10:33.258279: off 95
0:10:33.273939: off 93
0:10:33.289454: off 91
0:10:33.305180: off 88
0:10:33.320776: off 85
0:10:33.337157: off 82
0:10:33.352346: off 79
0:10:33.368003: off 77
0:10:33.383650: off 74
0:10:33.399418: off 71
0:10:33.415171: off 67
0:10:33.431661: off 65
0:10:33.462605: off 62
0:10:33.478248: off 58
0:10:33.493989: off 54
0:10:33.509696: off 51
0:10:33.525348: off 49
0:10:33.540880: off 45
0:10:33.556369: off 41
0:10:33.572116: off 37
0:10:33.587800: off 35
0:10:33.603420: off 31
0:10:33.619059: off 27
0:10:33.634711: off 24
0:10:33.650137: off 22
0:10:33.665818: off 20
0:10:33.681399: off 18
0:10:33.697119: off 16
0:10:33.728359: off 14
0:10:33.744245: off 13
0:10:33.759885: off 12
0:10:33.775653: off 10
0:10:33.792142: off 8
0:10:33.807148: off 7
0:10:33.822887: off 6
0:10:33.838415: off 4
0:10:33.854060: off 2
0:10:33.869684: off 0
0:11:10.801765: amp 81
0:11:10.849007: amp 79
0:11:10.849007: amp 78
0:11:10.864600: amp 77
0:11:10.880241: amp 76
0:11:10.895720: amp 74
0:11:10.911413: amp 73
0:11:10.942745: amp 71
0:11:10.942745: amp 70
0:11:10.958284: amp 68
0:11:10.989963: amp 67
0:11:11.005804: amp 66
0:11:11.021388: amp 65
0:11:11.037012: amp 64
0:11:11.052569: amp 63
0:11:11.068263: amp 62
0:11:11.084637: amp 61
0:11:11.099782: amp 60
0:11:11.115538: amp 59
0:11:11.146829: amp 58
0:11:11.193732: amp 57
0:11:11.256118: amp 56
0:11:11.288703: amp 55
0:11:11.303391: amp 54
0:11:11.319184: amp 52
0:11:11.334813: amp 51
0:11:11.350450: amp 49
0:11:11.365935: amp 48
0:11:11.381758: amp 46
0:11:11.397749: amp 44
0:11:11.413508: amp 43
0:11:11.429109: amp 42
0:11:11.444813: amp 41
0:11:11.460394: amp 39
0:11:11.491531: amp 37
0:11:11.507711: amp 34
0:11:11.539174: amp 32
0:11:11.554760: amp 30
0:11:11.570324: amp 27
0:11:11.586061: amp 25
0:11:11.601658: amp 22
0:11:11.617276: amp 19
0:11:11.632906: amp 15
0:11:11.648345: amp 13
0:11:11.664067: amp 9
0:11:11.679600: amp 6
0:11:11.695333: amp 3
0:11:11.711027: amp 0
0:11:12.367305: off 8
0:11:12.476612: off 13
0:11:12.492201: off 14
0:11:12.507823: off 15
0:11:12.508812: off 17
0:11:12.539688: off 19
0:11:12.555311: off 21
0:11:12.570780: off 22
0:11:12.586604: off 24
0:11:12.602171: off 26
0:11:12.617625: off 28
0:11:12.649053: off 30
0:11:12.664530: off 31
0:11:12.680294: off 32
0:11:12.695899: off 34
0:11:12.727159: off 35
0:11:12.742626: off 36
0:11:12.758347: off 37
0:11:12.805287: off 38
0:11:12.820896: off 39
0:11:12.852176: off 40
0:11:12.883448: off 41
0:11:12.914686: off 42
0:11:12.930125: off 43
0:11:12.961488: off 44
0:11:12.968482: off 45
0:11:13.008871: off 46
0:11:13.055820: off 47
0:11:13.149694: off 48
0:11:13.196520: off 49
0:11:13.258892: off 50
0:11:13.305841: off 51
0:11:13.353097: off 52
0:11:13.399854: off 53
0:11:13.462364: off 54
0:11:13.462364: off 55
0:11:13.478117: off 56
0:11:13.493745: off 57
0:11:13.509209: off 58
0:11:13.524932: off 59
0:11:13.556165: off 61
0:11:13.571845: off 62
0:11:13.588359: off 63
0:11:13.603552: off 64
0:11:13.620093: off 66
0:11:13.635275: off 67
0:11:13.650911: off 68
0:11:13.666584: off 69
0:11:13.682166: off 70
0:11:13.697887: off 71
0:11:13.715379: off 72
0:11:13.745242: off 73
0:11:13.760964: off 74
0:11:13.776389: off 75
0:11:13.839183: off 76
0:11:13.871242: off 77
0:11:13.917711: off 78
0:11:13.964653: off 79
0:11:13.995836: off 80
0:11:14.058997: off 81
0:11:14.121674: off 82
0:11:14.152940: off 83
0:11:14.200365: off 84
0:11:14.231692: off 85
0:11:14.294167: off 86
0:11:14.356640: off 87
0:11:14.387894: off 88
0:11:14.434952: off 89
0:11:14.497789: off 90
0:11:14.575979: off 91
0:11:14.732915: off 92
0:11:29.668842: phb 1.4840417570343438
0:11:29.715714: phb 1.47209773762728
0:11:29.746978: phb 1.4331694866911833
0:11:29.762786: phb 1.4070415839901715
0:11:29.778605: phb 1.3804856197384192
0:11:29.794149: phb 1.3535283251109205
0:11:29.809779: phb 1.314012851747375
0:11:29.825474: phb 1.2827832739521492
0:11:29.856546: phb 1.2183348584779605
0:11:29.872304: phb 1.1900691960079797
0:11:29.887906: phb 1.1385262861444876
0:11:29.904260: phb 1.0990833905598902
0:11:29.919368: phb 1.0430595702872523
0:11:29.935003: phb 1.015177189559641
0:11:29.950644: phb 0.9669270037807459
0:11:29.966407: phb 0.9372188494207323
0:11:29.982050: phb 0.9014481750277445
0:11:29.997691: phb 0.8921988441624743
0:11:30.014143: phb 0.8577138470644895
0:11:30.030258: phb 0.8241820430442093
0:11:30.045306: phb 0.791637291226227
0:11:30.061076: phb 0.7601032413566642
0:11:30.076683: phb 0.7443993936821176
0:11:30.092383: phb 0.7058688262253205
0:11:30.107818: phb 0.6766378511560555
0:11:30.123564: phb 0.6549219413160685
0:11:30.154791: phb 0.6463921891258199
0:11:30.170489: phb 0.6189085788679451
0:11:30.186103: phb 0.5838563504527862
0:11:30.201649: phb 0.563945086635163
0:11:30.233016: phb 0.5255245640954389
0:11:30.248549: phb 0.5031042463834119
0:11:30.279855: phb 0.48894975034007304
0:11:30.373655: phb 0.47991386859449703
0:11:30.498459: phb 0.45862020394097036
0:11:30.545475: phb 0.4341240917357856
0:11:30.561373: phb 0.4220364255672906
0:11:30.592657: phb 0.4100599501244475
0:11:30.639513: phb 0.3898530934190435
0:11:30.842888: phb 0.36970719264449015
0:11:30.910994: phb 0.3527519851340216
0:11:30.969156: phb 0.3269188339138315
0:11:31.000348: phb 0.30943887256471836
0:11:31.015921: phb 0.30062513957601394
0:11:31.047250: phb 0.2828517524550783
0:11:31.062879: phb 0.26246775820795304
0:11:31.094157: phb 0.24225160138130652
0:11:31.125355: phb 0.2332746119358007
0:11:31.140980: phb 0.2061186741264943
0:11:31.156560: phb 0.19699535708398422
0:11:31.203443: phb 0.17865089058838843
0:11:31.234767: phb 0.1601840927125729
0:11:31.359725: phb 0.14160559634957495
0:11:31.469050: phb 0.12292903245666457
0:11:31.562854: phb 0.10319216248848678
0:11:31.875356: phb 0.0929981460802811
0:11:31.984727: phb 0.07311705974928322
0:11:32.031625: phb 0.054880040488377885
0:11:32.297275: phb 0.03627542741921396
0:11:32.531564: phb 0.01782058289939396
0:11:32.593974: phb 6.2831848992587425
0:11:32.734768: phb 6.274274512200563
0:11:32.891015: phb 6.256457765035924
0:11:33.453516: phb 6.265676698305967
0:11:33.500205: phb 6.2745065145844485
0:11:33.656553: phb 0.01720736893095001
0:11:33.765850: phb 0.034404160495045355
0:11:39.860532: amp 2
0:11:39.938720: amp 5
0:11:39.954289: amp 10
0:11:39.985568: amp 16
0:11:40.001187: amp 19
0:11:40.016823: amp 25
0:11:40.032387: amp 32
0:11:40.047935: amp 38
0:11:40.063657: amp 41
0:11:40.079202: amp 47
0:11:40.094946: amp 54
0:11:40.110582: amp 59
0:11:40.126208: amp 65
0:11:40.141679: amp 67
0:11:40.157457: amp 71
0:11:40.188632: amp 74
0:11:40.204245: amp 77
0:11:40.219920: amp 78
0:11:40.235601: amp 80
0:11:40.251052: amp 82
0:11:40.266670: amp 84
0:11:40.282369: amp 85
0:11:40.298026: amp 86
0:11:40.313646: amp 88
0:11:40.329249: amp 89
0:11:40.344803: amp 90
0:12:03.657875: amp 88
0:12:03.735886: amp 85
0:12:03.751431: amp 82
0:12:03.767219: amp 79
0:12:03.782772: amp 77
0:12:03.798406: amp 73
0:12:03.814033: amp 69
0:12:03.829673: amp 67
0:12:03.845377: amp 62
0:12:03.860901: amp 58
0:12:03.876429: amp 54
0:12:03.892218: amp 50
0:12:03.923437: amp 46
0:12:03.923437: amp 44
0:12:03.939043: amp 40
0:12:03.954672: amp 37
0:12:03.985880: amp 35
0:12:04.001469: amp 31
0:12:04.017063: amp 28
0:12:04.032663: amp 24
0:12:04.048460: amp 23
0:12:04.064007: amp 20
0:12:04.079671: amp 17
0:12:04.095281: amp 14
0:12:04.110788: amp 12
0:12:04.126424: amp 10
0:12:04.142067: amp 8
0:12:04.157684: amp 6
0:12:04.173312: amp 4
0:12:04.204650: amp 2
0:12:04.204650: amp 1
0:12:04.235785: amp 0
0:12:05.079736: off 87
0:12:05.157822: off 82
0:12:05.188982: off 78
0:12:05.188982: off 76
0:12:05.204754: off 71
0:12:05.220201: off 66
0:12:05.251603: off 61
0:12:05.267068: off 58
0:12:05.282891: off 53
0:12:05.298517: off 49
0:12:05.314102: off 44
0:12:05.329726: off 41
0:12:05.345164: off 38
0:12:05.376527: off 35
0:12:05.376527: off 32
0:12:05.392196: off 30
0:12:05.407826: off 28
0:12:05.423398: off 25
0:12:05.438912: off 23
0:12:05.454556: off 21
0:12:05.485897: off 20
0:12:05.501612: off 17
0:12:05.517167: off 15
0:12:05.532783: off 13
0:12:05.548451: off 11
0:12:05.564070: off 9
0:12:05.579708: off 8
0:12:05.595165: off 6
0:12:05.610898: off 4
0:12:05.626519: off 3
0:12:05.642198: off 0
0:12:20.392449: off 60
0:12:20.548703: off 64
0:12:20.579824: off 65
0:12:20.595584: off 66
0:12:20.611197: off 69
0:12:20.626803: off 72
0:12:20.642302: off 75
0:12:20.657926: off 78
0:12:20.673755: off 79
0:12:20.689203: off 80
0:12:20.704945: off 81
0:12:20.720568: off 82
0:12:20.767454: off 83
0:12:20.783017: off 84
0:12:20.814302: off 85
0:12:20.845624: off 86
0:12:20.861156: off 87
0:12:20.876741: off 88
0:12:20.907930: off 89
0:12:20.923573: off 90
0:12:20.939317: off 91
0:12:20.970602: off 92
0:12:21.017406: off 93
0:12:21.017406: off 94
0:12:21.079953: off 95
0:12:21.126678: off 96
0:12:21.158102: off 97
0:12:21.220572: off 98
0:12:21.267463: off 99
0:12:21.345622: off 100
0:12:21.376822: off 101
0:12:21.439366: off 102
0:12:21.533028: off 103
0:12:21.829992: off 102
0:12:21.876824: off 98
0:12:21.892443: off 94
0:12:21.923703: off 93
0:12:21.923703: off 92
0:12:21.939280: off 91
0:12:21.970594: off 90
0:12:22.283028: off 91
0:12:22.345449: off 92
0:12:22.408073: off 93
0:12:22.595606: off 94
0:12:23.064179: off 93
0:12:23.173551: off 92
0:12:23.329992: off 91
0:12:23.658084: off 90
0:12:23.892451: off 89
0:12:24.408075: off 90
0:12:24.579957: off 91
0:13:00.690298: amp 3
0:13:00.924613: amp 5
0:13:00.940275: amp 6
0:13:00.971542: amp 7
0:13:01.002747: amp 8
0:13:01.080823: amp 9
0:13:01.174495: amp 10
0:13:01.252698: amp 11
0:13:01.315293: amp 12
0:13:01.393336: amp 13
0:13:01.424630: amp 14
0:13:01.455868: amp 15
0:13:01.471455: amp 16
0:13:01.534004: amp 17
0:13:01.596498: amp 18
0:13:01.674640: amp 19
0:13:01.752759: amp 20
0:13:01.784016: amp 21
0:13:01.830828: amp 22
0:13:01.877797: amp 23
0:13:01.940253: amp 24
0:13:02.018414: amp 25
0:13:02.049586: amp 26
0:13:02.127721: amp 27
0:13:02.190241: amp 28
0:13:02.237163: amp 29
0:13:02.268382: amp 30
0:13:02.299584: amp 31
0:13:02.330869: amp 32
0:13:02.362066: amp 33
0:13:02.393224: amp 34
0:13:02.409001: amp 35
0:13:02.440248: amp 36
0:13:02.471352: amp 37
0:13:02.518410: amp 38
0:13:02.580879: amp 39
0:13:02.674673: amp 40
0:13:02.752753: amp 41
0:13:02.862090: amp 42
0:13:03.502781: amp 43
0:13:04.252756: amp 42
0:13:04.315254: amp 41
0:13:04.315254: amp 40
0:13:04.362073: amp 39
0:13:04.377763: amp 38
0:13:04.393222: amp 36
0:13:04.424625: amp 35
0:13:04.440152: amp 34
0:13:04.455812: amp 33
0:13:04.471514: amp 32
0:13:04.502772: amp 31
0:13:04.533849: amp 30
0:13:04.565295: amp 29
0:13:04.612085: amp 28
0:13:04.643384: amp 27
0:13:04.674632: amp 26
0:13:04.721551: amp 25
0:13:04.736974: amp 24
0:13:04.768374: amp 23
0:13:04.799564: amp 22
0:13:04.846417: amp 21
0:13:04.877596: amp 20
0:13:04.908846: amp 19
0:13:04.940251: amp 18
0:13:04.971502: amp 17
0:13:05.018384: amp 16
0:13:05.065257: amp 15
0:13:05.112070: amp 14
0:13:05.158965: amp 13
0:13:05.205917: amp 12
0:13:05.252703: amp 11
0:13:05.284010: amp 10
0:13:05.315304: amp 9
0:13:05.362189: amp 8
0:13:05.409040: amp 7
0:13:05.455879: amp 6
0:13:05.486996: amp 5
0:13:05.534005: amp 4
0:13:05.596450: amp 3
0:13:05.643397: amp 2
0:13:05.690149: amp 1
0:13:05.752609: amp 0
0:13:07.284005: off 85
0:13:07.440258: off 81
0:13:07.455876: off 80
0:13:07.471504: off 77
0:13:07.487168: off 74
0:13:07.502811: off 73
0:13:07.518349: off 71
0:13:07.534019: off 69
0:13:07.549653: off 66
0:13:07.580879: off 64
0:13:07.612068: off 62
0:13:07.627616: off 61
0:13:07.643344: off 59
0:13:07.674640: off 57
0:13:07.690295: off 56
0:13:07.705716: off 54
0:13:07.721521: off 53
0:13:07.737151: off 51
0:13:07.768334: off 47
0:13:07.768334: off 43
0:13:07.784024: off 39
0:13:07.799597: off 37
0:13:07.815276: off 33
0:13:07.830899: off 28
0:13:07.862060: off 24
0:13:07.877775: off 21
0:13:07.893379: off 17
0:13:07.909026: off 13
0:13:07.924644: off 9
0:13:07.955874: off 8
0:13:07.955874: off 5
0:13:07.971523: off 3
0:13:07.986974: off 1
0:13:08.002590: off 0
0:13:09.549674: freq 0.2
0:13:09.768370: freq 0.25
0:13:09.846437: freq 0.3
0:13:10.377717: freq 0.35
0:13:11.237167: freq 0.4
0:13:39.332317: freq 0.45
0:13:39.535471: freq 0.5
0:13:39.582337: freq 0.5
0:13:39.613510: freq 0.5
0:13:39.691721: freq 0.5
0:13:39.754230: freq 0.5
0:13:39.801079: freq 0.5
0:13:39.832276: freq 0.55
0:13:39.863408: freq 0.55
0:13:39.910415: freq 0.55
0:13:39.957185: freq 0.55
0:13:39.988576: freq 0.55
0:13:40.019767: freq 0.55
0:13:40.035467: freq 0.55
0:13:40.066705: freq 0.55
0:13:40.238510: freq 0.55
0:13:41.222941: freq 0.6
0:13:41.894859: freq 0.65
0:13:50.536143: amp 3
0:13:50.692346: amp 5
0:13:50.707969: amp 6
0:13:50.739153: amp 7
0:13:50.754915: amp 8
0:13:50.801807: amp 9
0:13:50.926775: amp 10
0:13:51.348644: amp 11
0:13:51.551767: amp 12
0:13:51.754899: amp 13
0:13:51.879832: amp 14
0:13:52.051768: amp 15
0:13:52.239217: amp 16
0:13:52.551707: amp 17
0:13:52.832962: amp 18
0:13:53.129933: amp 19
0:13:53.551773: amp 20
0:14:06.302521: off 2
0:14:06.427521: off 7
0:14:06.427521: off 8
0:14:06.443216: off 10
0:14:06.474585: off 12
0:14:06.474585: off 13
0:14:06.505619: off 15
0:14:06.521427: off 16
0:14:06.536989: off 17
0:14:06.552661: off 18
0:14:06.568229: off 20
0:14:06.583768: off 21
0:14:06.599487: off 23
0:14:06.615055: off 25
0:14:06.630729: off 28
0:14:06.646351: off 29
0:14:06.661997: off 30
0:14:06.693281: off 32
0:14:06.693281: off 33
0:14:06.724489: off 34
0:14:06.740110: off 35
0:14:06.771429: off 36
0:14:06.802648: off 37
0:14:06.849572: off 38
0:14:06.880776: off 39
0:14:06.896404: off 40
0:14:06.927637: off 41
0:14:06.958767: off 42
0:14:06.974547: off 43
0:14:06.974547: off 44
0:14:07.005726: off 45
0:14:07.036979: off 46
0:14:07.068277: off 47
0:14:07.099533: off 48
0:14:07.115153: off 49
0:14:07.130800: off 50
0:14:07.162019: off 51
0:14:07.193265: off 52
0:14:07.255729: off 53
0:14:07.287080: off 54
0:14:07.318125: off 55
0:14:07.349396: off 56
0:14:07.380768: off 57
0:14:07.412053: off 58
0:14:07.458926: off 59
0:14:07.474484: off 60
0:14:07.521267: off 61
0:14:07.552646: off 62
0:14:07.583890: off 63
0:14:07.615023: off 64
0:14:08.161974: amp 16
0:14:08.255674: amp 13
0:14:08.271354: amp 11
0:14:08.286988: amp 8
0:14:08.302587: amp 6
0:14:08.318286: amp 5
0:14:08.333956: amp 4
0:14:08.349541: amp 2
0:14:08.365093: amp 0
0:14:09.474565: off 58
0:14:09.630820: off 63
0:14:09.646392: off 65
0:14:09.662066: off 68
0:14:09.677641: off 70
0:14:09.693146: off 72
0:14:09.708824: off 75
0:14:09.740119: off 78
0:14:09.740119: off 80
0:14:09.771250: off 82
0:14:09.787042: off 84
0:14:09.802701: off 86
0:14:09.818279: off 88
0:14:09.833912: off 89
0:14:09.849557: off 90
0:14:09.865021: off 91
0:14:09.880797: off 92
0:14:09.912019: off 93
0:14:09.927506: off 94
0:14:09.943115: off 95
0:14:09.958871: off 96
0:14:09.990051: off 97
0:14:10.005715: off 98
0:14:10.021445: off 99
0:14:10.037082: off 100
0:14:10.068124: off 101
0:14:10.083901: off 102
0:14:10.099532: off 103
0:14:10.115214: off 104
0:14:10.146397: off 105
0:14:10.161986: off 106
0:14:10.177597: off 107
0:14:10.208896: off 108
0:14:10.255648: off 109
0:14:10.302603: off 110
0:14:10.349571: off 111
0:14:10.833946: off 110
0:14:10.880775: off 109
0:14:10.943314: off 108
0:14:11.005680: off 107
0:14:11.052906: off 106
0:14:11.099964: off 105
0:14:11.146805: off 104
0:14:11.193664: off 103
0:14:11.303090: off 102
0:14:11.396848: off 101
0:14:11.521860: off 100
0:14:11.662309: off 99
0:14:11.802952: off 98
0:14:12.021796: off 97
0:14:12.194065: off 96
0:14:12.256584: off 95
0:14:12.397076: off 94
0:14:12.584700: off 93
0:14:12.881464: off 92
0:14:13.397176: off 91
0:14:13.694121: off 90
0:14:13.928470: off 89
0:14:14.959703: off 90
0:14:15.194099: off 91
0:15:03.195678: off 85
0:15:03.258215: off 80
0:15:03.273881: off 78
0:15:03.289454: off 77
0:15:03.305075: off 75
0:15:03.320525: off 74
0:15:03.336269: off 72
0:15:03.383211: off 71
0:15:03.398808: off 70
0:15:03.414467: off 69
0:15:03.445677: off 68
0:15:03.476780: off 67
0:15:03.492514: off 66
0:15:03.523811: off 65
0:15:03.539423: off 64
0:15:03.554970: off 62
0:15:03.570698: off 61
0:15:03.586248: off 60
0:15:03.601893: off 58
0:15:03.633158: off 57
0:15:03.648809: off 55
0:15:03.680056: off 54
0:15:03.695680: off 53
0:15:03.711357: off 52
0:15:03.742543: off 51
0:15:03.758192: off 50
0:15:03.773674: off 48
0:15:03.789459: off 46
0:15:03.820693: off 45
0:15:03.820693: off 41
0:15:03.836264: off 37
0:15:03.851787: off 32
0:15:03.883218: off 30
0:15:03.898798: off 25
0:15:03.914432: off 21
0:15:03.930099: off 17
0:15:03.945678: off 16
0:15:03.961256: off 12
0:15:03.976799: off 10
0:15:03.992494: off 8
0:15:04.008191: off 7
0:15:04.023829: off 6
0:15:04.039448: off 5
0:15:04.054894: off 4
0:15:04.070547: off 3
0:15:04.086232: off 2
0:15:04.101768: off 0
0:15:06.414857: amp 20
0:15:06.774318: amp 22
0:15:06.852324: amp 23
0:15:07.055582: amp 24
0:15:07.305667: amp 25
0:15:07.477521: amp 26
0:15:07.821277: amp 25
0:15:07.930622: amp 24
0:15:07.977521: amp 23
0:15:08.024365: amp 22
0:15:08.086895: amp 21
0:15:08.149296: amp 20
0:15:08.211874: amp 19
0:15:08.258753: amp 18
0:15:08.383688: amp 17
0:15:08.930660: amp 18
0:15:09.086903: amp 19
0:15:09.243154: amp 18
0:15:09.305614: amp 17
0:15:09.352496: amp 16
0:15:09.414938: amp 15
0:15:09.446272: amp 14
0:15:09.477539: amp 13
0:15:09.493075: amp 12
0:15:09.524356: amp 9
0:15:09.555608: amp 7
0:15:09.555608: amp 5
0:15:09.571247: amp 4
0:15:09.602531: amp 3
0:15:09.633690: amp 2
0:15:09.649353: amp 1
0:15:09.680559: amp 0
0:15:17.698265: amp 25
0:15:17.854571: amp 26
0:15:17.854571: amp 27
0:15:17.917055: amp 28
0:15:17.963926: amp 29
0:15:18.198154: amp 28
0:15:18.307693: amp 27
0:15:18.463892: amp 28
0:15:18.573179: amp 29
0:15:19.135798: amp 30
0:15:25.793540: freq 0.2
0:15:26.043647: freq 0.25
0:15:27.059269: freq 0.3
0:15:27.746705: freq 0.35
0:15:29.075352: freq 0.4
0:15:29.169933: freq 0.4
0:15:29.279283: freq 0.4
0:15:46.250810: phb 6.166448351260775
0:15:46.313248: phb 6.180932225779753
0:15:46.328849: phb 6.195457945854767
0:15:46.344467: phb 6.210022208859299
0:15:46.360106: phb 6.23923673433866
0:15:46.375766: phb 6.283184636155739
0:15:46.391389: phb 0.04460012747606074
0:15:46.407014: phb 0.10531892166378932
0:15:46.422638: phb 0.1371304683684636
0:15:46.422638: phb 0.1670909543434784
0:15:46.438125: phb 0.1997337428244116
0:15:46.453883: phb 0.26671995545409255
0:15:46.469419: phb 0.3449948927213329
0:15:46.485138: phb 0.4075821996940312
0:15:46.500762: phb 0.44167096846002335
0:15:46.516388: phb 0.5308003279960829
0:15:46.531879: phb 0.6027437380080178
0:15:46.547516: phb 0.6795918513127038
0:15:46.578838: phb 0.7019147010055651
0:15:46.594465: phb 0.7529684132324631
0:15:46.610022: phb 0.7931166006307553
0:15:46.625769: phb 0.8418954949321579
0:15:46.641396: phb 0.8510019122225359
0:15:46.657012: phb 0.8979636509792956
0:15:46.672644: phb 0.9328925312426319
0:15:46.688267: phb 0.966192261469367
0:15:46.703854: phb 1.001711594469267
0:15:46.719473: phb 1.0192720304837641
0:15:46.735140: phb 1.0430595702872523
0:15:46.750724: phb 1.0661305995384471
0:15:46.766394: phb 1.104786733083812
0:15:46.781969: phb 1.1209086383792226
0:15:46.813133: phb 1.1466774931503934
0:15:46.813133: phb 1.1666119896926965
0:15:46.844415: phb 1.2005236399431147
0:15:46.860146: phb 1.2292173637537365
0:15:46.875765: phb 1.243280015906213
0:15:46.891398: phb 1.2708260485477452
0:15:46.907012: phb 1.2843083916703117
0:15:46.938311: phb 1.3209760668696269
0:15:46.953835: phb 1.3362809042061923
0:15:46.985102: phb 1.3589317833447203
0:15:47.000645: phb 1.3813208547427016
0:15:47.000645: phb 1.4151711001710514
0:15:47.016355: phb 1.4353549782300588
0:15:47.047603: phb 1.4568160962842813
0:15:47.047603: phb 1.4879691568828657
0:15:47.078745: phb 1.5386202650754437
0:15:47.094364: phb 1.578609272208745
0:15:47.110144: phb 1.5886069296872982
0:15:47.125770: phb 1.628544807228809
0:15:47.141392: phb 1.678193913955773
0:15:47.156909: phb 1.7077460745861957
0:15:47.172516: phb 1.7564465976349255
0:15:47.188123: phb 1.7947859640903034
0:15:47.203746: phb 1.8324682685634794
0:15:47.219426: phb 1.8694053949779958
0:15:47.235100: phb 1.8785134859602861
0:15:47.250771: phb 1.9055208067647214
0:15:47.266386: phb 1.9232510761455481
0:15:47.282019: phb 1.94075229727753
0:15:47.313268: phb 1.9580191550439718
0:15:47.328821: phb 1.9750470131704156
0:15:47.344477: phb 1.9918296073654007
0:15:47.360145: phb 2.0083637020622387
0:15:47.375644: phb 2.016536859882696
0:15:47.422687: phb 2.048592348502505
0:15:47.438264: phb 2.056445262268202
0:15:47.485158: phb 2.0719586719644805
0:15:47.563239: phb 2.0872121366366327
0:16:34.032796: freq 0.15
0:16:35.267115: freq 0.15
0:16:35.313971: freq 0.15
0:16:35.345190: freq 0.15
0:16:35.376514: freq 0.2
0:17:04.237260: amp 50
0:17:11.674934: off 20
0:17:29.878464: freq 0.55
0:18:25.067070: off 9
0:18:25.145210: off 6
0:18:25.160631: off 3
0:18:25.176383: off 1
0:18:25.192041: off 0
0:18:25.473234: off 2
0:18:25.488937: off 4
0:18:25.504496: off 9
0:18:25.519997: off 13
0:18:25.535623: off 18
0:18:25.551272: off 23
0:18:25.566998: off 25
0:18:25.582497: off 29
0:18:25.598122: off 32
0:18:25.629398: off 34
0:18:25.645067: off 35
0:18:25.660745: off 37
0:18:25.676255: off 38
0:18:25.691885: off 40
0:18:25.707562: off 41
0:18:25.739925: off 42
0:18:25.755058: off 43
0:18:25.770820: off 44
0:18:25.817777: off 45
0:18:25.864562: off 46
0:18:25.911530: off 47
0:18:25.942782: off 48
0:18:26.692741: freq 0.45
0:18:26.739570: freq 0.4
0:18:26.755241: freq 0.35
0:18:26.770875: freq 0.3
0:18:26.802120: freq 0.25
0:18:26.833401: freq 0.2
0:18:26.833401: freq 0.15
0:18:26.848878: freq 0.1
0:18:26.895862: freq 0.05
0:18:26.926980: freq 0
0:18:26.958382: freq 0
0:18:26.973938: freq 0
0:18:27.021918: freq 0
0:18:32.099713: off 49
0:18:32.099713: off 53
0:18:32.099713: off 54
0:18:32.099713: off 55
0:18:32.107909: off 56
0:18:32.107909: off 57
0:18:32.107909: off 58
0:18:32.107909: off 59
0:18:32.107909: off 60
0:18:32.107909: off 61
0:18:32.107909: off 62
0:18:32.107909: off 63
0:18:32.162478: off 64
0:18:32.225093: off 65
0:18:32.318688: off 66
0:18:32.443803: off 67
0:18:32.506311: off 68
0:18:32.568858: off 69
0:18:32.631385: off 70
0:18:32.693793: off 71
0:18:32.756354: off 72
0:18:32.803245: off 73
0:18:32.896963: off 74
0:18:32.959426: off 75
0:18:33.068820: off 76
0:18:33.084469: off 77
0:18:33.162547: off 78
0:18:33.209513: off 79
0:18:33.256347: off 80
0:18:33.334468: off 81
0:18:33.443848: off 82
0:18:33.568719: off 83
0:18:34.428216: off 84
0:18:34.537550: off 85
0:18:34.693715: off 86
0:18:34.787573: off 87
0:18:34.959470: off 88
0:18:35.709514: off 89
0:18:35.928088: off 90
0:18:56.195657: amp 66
0:18:56.336334: amp 69
0:18:56.351910: amp 71
0:18:56.398850: amp 73
0:18:56.398850: amp 75
0:18:56.398850: amp 77
0:18:56.414458: amp 78
0:18:56.445625: amp 80
0:18:56.461335: amp 82
0:18:56.476822: amp 83
0:18:56.492540: amp 85
0:18:56.508219: amp 86
0:18:56.523846: amp 87
0:18:56.555094: amp 88
0:18:56.586370: amp 89
0:18:56.617619: amp 90
0:19:13.259527: freq 0.1
0:19:13.962824: freq 0.15
0:19:14.415911: freq 0.2
0:19:14.994080: freq 0.25
0:19:27.401198: freq 0.9
0:19:27.510568: freq 0.95
0:19:27.541834: freq 1
0:19:34.341128: freq 0.85
0:19:34.497331: freq 0.8
0:19:34.528468: freq 0.75
0:19:34.575537: freq 0.7
0:19:34.607250: freq 0.65
0:19:34.638585: freq 0.6
0:19:34.654188: freq 0.55
0:19:34.701014: freq 0.5
0:19:34.701014: freq 0.45
0:19:34.732615: freq 0.4
0:19:34.748277: freq 0.35
0:19:34.763980: freq 0.3
0:19:34.795169: freq 0.25
0:19:34.810888: freq 0.2
0:19:34.826492: freq 0.15
0:19:34.873364: freq 0.1
0:19:34.889077: freq 0.05
0:19:34.935939: freq 0
0:19:38.156557: amp 67
0:19:38.312797: amp 65
0:19:38.328369: amp 64
0:19:38.344078: amp 63
0:19:38.359716: amp 62
0:19:38.390922: amp 61
0:19:38.390922: amp 60
0:19:38.422194: amp 59
0:19:38.437775: amp 58
0:19:38.469055: amp 57
0:19:38.484625: amp 56
0:19:38.515932: amp 55
0:19:38.547232: amp 54
0:19:38.609728: amp 53
0:19:38.672191: amp 52
0:19:38.750349: amp 51
0:19:38.922235: amp 50
0:19:39.094099: amp 49
0:19:43.078428: amp 46
0:19:43.140892: amp 44
0:19:43.156552: amp 41
0:19:43.172129: amp 40
0:19:43.187808: amp 37
0:19:43.203370: amp 33
0:19:43.219075: amp 30
0:19:43.234699: amp 29
0:19:43.250175: amp 25
0:19:43.265800: amp 22
0:19:43.281523: amp 19
0:19:43.297204: amp 18
0:19:43.312790: amp 15
0:19:43.344057: amp 13
0:19:43.344057: amp 10
0:19:43.359630: amp 8
0:19:43.390971: amp 6
0:19:43.406396: amp 4
0:19:43.437817: amp 3
0:19:43.453477: amp 2
0:19:43.469100: amp 1
0:19:43.484678: amp 0
0:19:47.719077: phb 2.1974220335749557
0:19:47.734705: phb 2.231873414386665
0:19:47.750144: phb 2.3006184390760422
0:19:47.765955: phb 2.32661378647023
0:19:47.781588: phb 2.3832476325915493
0:19:47.812775: phb 2.3654103787276752
0:19:47.828300: phb 2.3033652701219993
0:19:47.843911: phb 2.1108952994507186
0:19:47.859636: phb 1.8363179741700197
0:19:47.890863: phb 1.5665077319353489
0:19:47.906576: phb 1.4726469126444568
0:19:47.922021: phb 1.300846549271323
0:19:47.937645: phb 1.1462418498503935
0:19:47.953297: phb 1.0524916348667963
0:19:47.969017: phb 0.9765546764999622
0:19:47.984643: phb 0.9543855688203563
0:19:48.000251: phb 0.9120631272549733
0:19:48.015945: phb 0.8723409525788198
0:19:48.031421: phb 0.827603691180081
0:19:48.062768: phb 0.7748204509675705
0:19:48.078328: phb 0.7319399993664216
0:19:48.094004: phb 0.7055580241256505
0:19:48.125269: phb 0.66365846930934
0:19:48.140934: phb 0.6467403932392455
0:19:48.156496: phb 0.620117091433921
0:19:48.172205: phb 0.596497523468337
0:19:48.219100: phb 0.5635142710352345
0:19:48.234638: phb 0.5472009030189785
0:19:48.250237: phb 0.5149643958335113
0:19:48.281395: phb 0.48329416057821534
0:19:48.297047: phb 0.4625280128981349
0:19:48.312821: phb 0.42746783958638573
0:19:48.344079: phb 0.3796207633870883
0:19:48.359719: phb 0.3379206429588501
0:19:48.390955: phb 0.3210226238353006
0:19:48.390955: phb 0.28192615178218355
0:19:48.437851: phb 0.2370094607325671
0:19:48.453428: phb 0.21273870148598326
0:19:48.469079: phb 0.1892053948167256
0:19:48.484731: phb 0.16802964226721828
0:19:48.500147: phb 0.1471227565421936
0:19:48.515934: phb 0.12649902858126955
0:19:48.531428: phb 0.09565908057281451
0:19:48.562828: phb 0.07588623754825718
0:19:48.593926: phb 0.047484485140433616
0:19:48.609615: phb 0.03799760624463066
0:19:48.640821: phb 0.01900588075316389
0:19:48.672023: phb 6.28318487212043
0:19:48.859712: phb 0.009594767166080584
0:19:48.906526: phb 0.029339962084959516
0:19:49.000296: phb 0.04887591248469797
0:19:49.047217: phb 0.06837371030684276
0:19:49.094056: phb 0.08781958572091868
0:19:49.109644: phb 0.09751897586626739
0:19:49.203389: phb 0.11686000037550602
0:19:49.937762: phb 0.11145652960337218
0:19:50.000225: phb 0.09214364479078148
0:19:50.062647: phb 0.07311705974928322
0:19:50.562848: phb 0.052482154658243935
0:19:50.609716: phb 0.043368636832011496
0:19:50.781597: phb 0.025370852979335272
