0:02:13.277804: freq 0
0:02:13.277804: amp 0
0:02:13.277804: off 90
0:02:13.277804: phb 0
0:02:17.544003: freq 0.45
0:02:18.059587: amp 45
0:02:26.137594: freq 0
0:02:26.137594: amp 0
0:02:26.137594: off 90
0:02:26.137594: phb 0
0:04:39.669580: amp 2
0:04:39.747724: amp 5
0:04:39.747724: amp 6
0:04:39.778924: amp 7
0:04:39.794523: amp 9
0:04:39.810078: amp 10
0:04:39.825820: amp 11
0:04:39.841445: amp 13
0:04:39.856963: amp 14
0:04:39.872489: amp 15
0:04:39.888314: amp 17
0:04:39.919354: amp 19
0:04:39.935155: amp 21
0:04:39.950784: amp 22
0:04:39.966267: amp 23
0:04:39.982033: amp 24
0:04:39.997487: amp 25
0:04:40.013209: amp 26
0:04:40.060694: amp 27
0:04:40.076494: amp 28
0:04:40.092129: amp 29
0:04:40.123233: amp 30
0:04:40.217092: amp 31
0:04:40.232679: amp 32
0:04:40.263871: amp 33
0:04:40.279628: amp 34
0:04:40.310906: amp 35
0:04:40.342173: amp 36
0:04:40.373214: amp 37
0:04:40.388938: amp 38
0:04:40.420247: amp 39
0:04:40.435703: amp 40
0:04:40.467131: amp 41
0:04:40.482750: amp 42
0:04:40.498215: amp 43
0:04:40.529620: amp 44
0:04:40.591967: amp 45
0:08:25.192098: amp 41
0:08:25.332669: amp 38
0:08:25.348349: amp 36
0:08:25.365255: amp 33
0:08:25.379913: amp 27
0:08:25.411367: amp 26
0:08:25.427009: amp 21
0:08:25.427009: amp 19
0:08:25.442612: amp 17
0:08:25.473866: amp 14
0:08:25.473866: amp 12
0:08:25.489342: amp 8
0:08:25.505106: amp 4
0:08:25.536347: amp 1
0:08:25.551974: amp 0
