Time, Frequency, Amplitude, Offset, PhaseShift, Phase
0:00:00.088571, 0.0, 0.0, 90.0, 0.0, 121536.8515625
0:00:00.187969, 0.0, 0.0, 90.0, 0.0, 121537.46875
0:00:00.286387, 0.0, 0.0, 90.0, 0.0, 121538.09375
0:00:00.388678, 0.0, 0.0, 90.0, 0.0, 121538.734375
0:00:00.475406, 0.0, 0.0, 90.0, 0.0, 121539.28125
0:00:00.588308, 0.0, 0.0, 90.0, 0.0, 121539.9921875
0:00:00.676860, 0.0, 0.0, 90.0, 0.0, 121540.546875
0:00:00.790751, 0.0, 0.0, 90.0, 0.0, 121541.265625
0:00:00.895603, 0.0, 0.0, 90.0, 0.0, 121541.921875
0:00:00.981232, 0.0, 0.0, 90.0, 0.0, 121542.453125
0:00:01.077968, 0.0, 0.0, 90.0, 0.0, 121543.0703125
0:00:01.179547, 0.0, 0.0, 90.0, 0.0, 121543.7109375
0:00:01.298598, 0.0, 0.0, 90.0, 0.0, 121544.46875
0:00:01.398411, 0.0, 0.0, 90.0, 0.0, 121545.09375
0:00:01.498801, 0.0, 0.0, 90.0, 0.0, 121545.7265625
0:00:01.608130, 0.0, 0.0, 90.0, 0.0, 121546.421875
0:00:01.707888, 0.0, 0.0, 90.0, 0.0, 121547.0546875
0:00:01.795449, 0.0, 0.0, 90.0, 0.0, 121547.6015625
0:00:01.882040, 0.0, 0.0, 90.0, 0.0, 121548.15625
0:00:02.009067, 0.0, 0.0, 90.0, 0.0, 121548.9453125
0:00:02.089949, 0.0, 0.0, 90.0, 0.0, 121549.453125
0:00:02.203952, 0.0, 0.0, 90.0, 0.0, 121550.171875
0:00:02.298606, 0.0, 0.0, 90.0, 0.0, 121550.765625
0:00:02.396550, 0.0, 0.0, 90.0, 0.0, 121551.3828125
0:00:02.507864, 0.0, 0.0, 90.0, 0.0, 121552.0859375
0:00:02.595433, 0.0, 0.0, 90.0, 0.0, 121552.6328125
0:00:02.710463, 0.0, 0.0, 90.0, 0.0, 121553.359375
0:00:02.795995, 0.0, 0.0, 90.0, 0.0, 121553.90625
0:00:02.912052, 0.0, 0.0, 90.0, 0.0, 121554.640625
0:00:03.010162, 0.0, 0.0, 90.0, 0.0, 121555.25
0:00:03.101556, 0.0, 0.0, 90.0, 0.0, 121555.84375
0:00:03.216589, 0.0, 0.0, 90.0, 0.0, 121556.578125
0:00:03.325572, 0.0, 0.0, 90.0, 0.0, 121557.265625
0:00:03.409115, 0.0, 0.0, 90.0, 0.0, 121557.796875
0:00:03.527171, 0.0, 0.0, 90.0, 0.0, 121558.53125
0:00:03.610766, 0.0, 0.0, 90.0, 0.0, 121559.0546875
0:00:03.706314, 0.0, 0.0, 90.0, 0.0, 121559.6640625
0:00:03.820812, 0.0, 0.0, 90.0, 0.0, 121560.3828125
0:00:03.933424, 0.0, 0.0, 90.0, 0.0, 121561.09375
0:00:04.017005, 0.0, 0.0, 90.0, 0.0, 121561.625
0:00:04.128322, 0.0, 0.0, 90.0, 0.0, 121562.328125
0:00:04.211847, 0.0, 0.0, 90.0, 0.0, 121562.859375
0:00:04.333930, 0.0, 0.0, 90.0, 0.0, 121563.6328125
0:00:04.429009, 0.0, 0.0, 90.0, 0.0, 121564.234375
0:00:04.529674, 0.0, 0.0, 90.0, 0.0, 121564.8671875
0:00:04.629102, 0.0, 0.0, 90.0, 0.0, 121565.5
0:00:04.726755, 0.0, 0.0, 90.0, 0.0, 121566.109375
0:00:04.837753, 0.0, 0.0, 90.0, 0.0, 121566.8125
0:00:04.922321, 0.0, 0.0, 90.0, 0.0, 121567.3515625
0:00:05.046151, 0.0, 0.0, 90.0, 0.0, 121568.1328125
0:00:05.130642, 0.0, 0.0, 90.0, 0.0, 121568.671875
0:00:05.228796, 0.0, 0.0, 90.0, 0.0, 121569.2890625
0:00:05.347810, 0.0, 0.0, 90.0, 0.0, 121570.0390625
0:00:05.433323, 0.0, 0.0, 90.0, 0.0, 121570.5859375
0:00:05.532002, 0.0, 0.0, 90.0, 0.0, 121571.2109375
0:00:05.630036, 0.0, 0.0, 90.0, 0.0, 121571.8203125
0:00:05.728450, 0.0, 0.0, 90.0, 0.0, 121572.4375
0:00:05.842551, 0.0, 0.0, 90.0, 0.0, 121573.1640625
0:00:05.956432, 0.0, 0.0, 90.0, 0.0, 121573.8828125
0:00:06.046080, 0.0, 0.0, 90.0, 0.0, 121574.4453125
0:00:06.130575, 0.0, 0.0, 90.0, 0.0, 121574.984375
0:00:06.257379, 0.0, 0.0, 90.0, 0.0, 121575.7890625
0:00:06.344091, 0.0, 0.0, 90.0, 0.0, 121576.328125
0:00:06.452456, 0.0, 0.0, 90.0, 0.0, 121577.0078125
0:00:06.561075, 0.0, 0.0, 90.0, 0.0, 121577.6875
0:00:06.655171, 0.0, 0.0, 90.0, 0.0, 121578.2890625
0:00:06.748412, 0.0, 0.0, 90.0, 0.0, 121578.8671875
0:00:06.860414, 0.0, 0.0, 90.0, 0.0, 121579.578125
0:00:06.953195, 0.0, 0.0, 90.0, 0.0, 121580.171875
0:00:07.050832, 0.0, 0.0, 90.0, 0.0, 121580.7890625
0:00:07.167831, 0.0, 0.0, 90.0, 0.0, 121581.5234375
0:00:07.254174, 0.0, 0.0, 90.0, 0.0, 121582.0625
0:00:07.348585, 0.0, 0.0, 90.0, 0.0, 121582.6640625
0:00:07.470507, 0.0, 0.0, 90.0, 0.0, 121583.4296875
0:00:07.551354, 0.0, 0.0, 90.0, 0.0, 121583.9375
0:00:07.666346, 0.0, 0.0, 90.0, 0.0, 121584.65625
0:00:07.779447, 0.0, 0.0, 90.0, 0.0, 121585.375
0:00:07.860518, 0.0, 0.0, 90.0, 0.0, 121585.8828125
0:00:07.982872, 0.0, 0.0, 90.0, 0.0, 121586.65625
0:00:08.065403, 0.0, 0.0, 90.0, 0.0, 121587.1796875
0:00:08.161691, 0.0, 0.0, 90.0, 0.0, 121587.796875
0:00:08.277840, 0.0, 0.0, 90.0, 0.0, 121588.5234375
0:00:08.364412, 0.0, 0.0, 90.0, 0.0, 121589.0703125
0:00:08.468280, 0.0, 0.0, 90.0, 0.0, 121589.7265625
0:00:08.578520, 0.0, 0.0, 90.0, 0.0, 121590.421875
0:00:08.686586, 0.0, 0.0, 90.0, 0.0, 121591.09375
0:00:08.780675, 0.0, 0.0, 90.0, 0.0, 121591.6875
0:00:08.893876, 0.0, 0.0, 90.0, 0.0, 121592.3984375
0:00:08.980984, 0.0, 0.0, 90.0, 0.0, 121592.9453125
0:00:09.081585, 0.0, 0.0, 90.0, 0.0, 121593.578125
0:00:09.182248, 0.0, 0.0, 90.0, 0.0, 121594.2109375
0:00:09.295199, 0.0, 0.0, 90.0, 0.0, 121594.9296875
0:00:09.394325, 0.0, 0.0, 90.0, 0.0, 121595.5546875
0:00:09.489295, 0.0, 0.0, 90.0, 0.0, 121596.15625
0:00:09.575670, 0.0, 0.0, 90.0, 0.0, 121596.7109375
0:00:09.703152, 0.0, 0.0, 90.0, 0.0, 121597.5234375
0:00:09.798526, 0.0, 0.0, 90.0, 0.0, 121598.125
0:00:09.877466, 0.0, 0.0, 90.0, 0.0, 121598.625
0:00:09.991358, 0.0, 0.0, 90.0, 0.0, 121599.34375
0:00:10.099726, 0.0, 0.0, 90.0, 0.0, 121600.0234375
0:00:10.188160, 0.0, 0.0, 90.0, 0.0, 121600.578125
0:00:10.302158, 0.0, 0.0, 90.0, 0.0, 121601.296875
0:00:10.383053, 0.0, 0.0, 90.0, 0.0, 121601.8046875
0:00:10.498921, 0.0, 0.0, 90.0, 0.0, 121602.53125
0:00:10.604130, 0.0, 0.0, 90.0, 0.0, 121603.1953125
0:00:10.692653, 0.0, 0.0, 90.0, 0.0, 121603.75
0:00:10.792277, 0.0, 0.0, 90.0, 0.0, 121604.3828125
0:00:10.888388, 0.0, 0.0, 90.0, 0.0, 121604.9921875
0:00:11.006356, 0.0, 0.0, 90.0, 0.0, 121605.7421875
0:00:11.092831, 0.0, 0.0, 90.0, 0.0, 121606.2890625
0:00:11.192075, 0.0, 0.0, 90.0, 0.0, 121606.9140625
0:00:11.304907, 0.0, 0.0, 90.0, 0.0, 121607.625
0:00:11.418905, 0.0, 0.0, 90.0, 0.0, 121608.3359375
0:00:11.503546, 0.0, 0.0, 90.0, 0.0, 121608.875
0:00:11.613078, 0.0, 0.0, 90.0, 0.0, 121609.5625
0:00:11.706651, 0.0, 0.0, 90.0, 0.0, 121610.15625
0:00:11.813994, 0.0, 0.0, 90.0, 0.0, 121610.828125
0:00:11.912549, 0.0, 0.0, 90.0, 0.0, 121611.4453125
0:00:12.012976, 0.0, 0.0, 90.0, 0.0, 121612.078125
0:00:12.124861, 0.0, 0.0, 90.0, 0.0, 121612.7890625
0:00:12.221661, 0.0, 0.0, 90.0, 0.0, 121613.3984375
0:00:12.322382, 0.0, 0.0, 90.0, 0.0, 121614.03125
0:00:12.422032, 0.0, 0.0, 90.0, 0.0, 121614.65625
0:00:12.507792, 0.0, 0.0, 90.0, 0.0, 121615.1953125
0:00:12.622780, 0.0, 0.0, 90.0, 0.0, 121615.9140625
0:00:12.735802, 0.0, 0.0, 90.0, 0.0, 121616.6328125
0:00:12.821345, 0.0, 0.0, 90.0, 0.0, 121617.171875
0:00:12.907941, 0.0, 0.0, 90.0, 0.0, 121617.7265625
0:00:13.025487, 0.0, 0.0, 90.0, 0.0, 121618.453125
0:00:13.134732, 0.0, 0.0, 90.0, 0.0, 121619.140625
0:00:13.222290, 0.0, 0.0, 90.0, 0.0, 121619.6953125
0:00:13.331646, 0.0, 0.0, 90.0, 0.0, 121620.3828125
0:00:13.425064, 0.0, 0.0, 90.0, 0.0, 121620.9609375
0:00:13.548143, 0.0, 0.0, 90.0, 0.0, 121621.75
0:00:13.645244, 0.0, 0.0, 90.0, 0.0, 121622.359375
0:00:13.742987, 0.0, 0.0, 90.0, 0.0, 121622.96875
0:00:13.849150, 0.0, 0.0, 90.0, 0.0, 121623.6484375
0:00:13.934792, 0.0, 0.0, 90.0, 0.0, 121624.1796875
0:00:14.051369, 0.0, 0.0, 90.0, 0.0, 121624.9140625
0:00:14.135544, 0.0, 0.0, 90.0, 0.0, 121625.4453125
0:00:14.233285, 0.0, 0.0, 90.0, 0.0, 121626.0625
0:00:14.353763, 0.0, 0.0, 90.0, 0.0, 121626.8203125
0:00:14.456334, 0.0, 0.0, 90.0, 0.0, 121627.46875
0:00:14.553891, 0.0, 0.0, 90.0, 0.0, 121628.0859375
0:00:14.639407, 0.0, 0.0, 90.0, 0.0, 121628.625
0:00:14.748082, 0.0, 0.0, 90.0, 0.0, 121629.3046875
0:00:14.860090, 0.0, 0.0, 90.0, 0.0, 121630.015625
0:00:14.947524, 0.0, 0.0, 90.0, 0.0, 121630.5703125
0:00:15.064304, 0.0, 0.0, 90.0, 0.0, 121631.296875
0:00:15.253223, 0.0, 0.0, 90.0, 0.0, 121632.484375
0:00:15.367303, 0.0, 0.0, 90.0, 0.0, 121633.203125
0:00:15.462842, 0.0, 0.0, 90.0, 0.0, 121633.8046875
0:00:15.562420, 0.0, 0.0, 90.0, 0.0, 121634.4296875
0:00:15.670723, 0.0, 0.0, 90.0, 0.0, 121635.125
0:00:15.758323, 0.0, 0.0, 90.0, 0.0, 121635.6796875
0:00:15.884065, 0.0, 0.0, 90.0, 0.0, 121636.4765625
0:00:15.971535, 0.0, 0.0, 90.0, 0.0, 121637.03125
0:00:16.085655, 0.0, 0.0, 90.0, 0.0, 121637.75
0:00:16.165775, 0.0, 0.0, 90.0, 0.0, 121638.25
0:00:16.284802, 0.0, 0.0, 90.0, 0.0, 121638.9921875
0:00:16.366383, 0.0, 0.0, 90.0, 0.0, 121639.5078125
0:00:16.483583, 0.0, 0.0, 90.0, 0.0, 121640.25
0:00:16.571177, 0.0, 0.0, 90.0, 0.0, 121640.8046875
0:00:16.684528, 0.0, 0.0, 90.0, 0.0, 121641.5234375
0:00:16.785496, 0.0, 0.0, 90.0, 0.0, 121642.15625
0:00:16.878517, 0.0, 0.0, 90.0, 0.0, 121642.7421875
0:00:16.987882, 0.0, 0.0, 90.0, 0.0, 121643.421875
0:00:17.072046, 0.0, 0.0, 90.0, 0.0, 121643.9609375
0:00:17.197654, 0.0, 0.0, 90.0, 0.0, 121644.75
0:00:17.283777, 0.0, 0.0, 90.0, 0.0, 121645.296875
0:00:17.398776, 0.0, 0.0, 90.0, 0.0, 121646.0234375
0:00:17.485286, 0.0, 0.0, 90.0, 0.0, 121646.5625
0:00:17.583978, 0.0, 0.0, 90.0, 0.0, 121647.1875
0:00:17.676960, 0.0, 0.0, 90.0, 0.0, 121647.7734375
0:00:17.786326, 0.0, 0.0, 90.0, 0.0, 121648.4609375
0:00:17.906418, 0.0, 0.0, 90.0, 0.0, 121649.21875
0:00:17.993858, 0.0, 0.0, 90.0, 0.0, 121649.765625
0:00:18.110307, 0.0, 0.0, 90.0, 0.0, 121650.5
0:00:18.191556, 0.0, 0.0, 90.0, 0.0, 121651.0078125
0:00:18.305294, 0.0, 0.0, 90.0, 0.0, 121651.71875
0:00:18.404878, 0.0, 0.0, 90.0, 0.0, 121652.34375
0:00:18.508386, 0.0, 0.0, 90.0, 0.0, 121653.0
0:00:18.606457, 0.0, 0.0, 90.0, 0.0, 121653.609375
0:00:18.705557, 0.0, 0.0, 90.0, 0.0, 121654.2421875
0:00:18.805174, 0.0, 0.0, 90.0, 0.0, 121654.859375
0:00:18.918241, 0.0, 0.0, 90.0, 0.0, 121655.5703125
0:00:19.031137, 0.0, 0.0, 90.0, 0.0, 121656.2890625
0:00:19.113810, 0.0, 0.0, 90.0, 0.0, 121656.8046875
0:00:19.229085, 0.0, 0.0, 90.0, 0.0, 121657.5390625
0:00:19.327346, 0.0, 0.0, 90.0, 0.0, 121658.15625
0:00:19.420177, 0.0, 0.0, 90.0, 0.0, 121658.7421875
0:00:19.516905, 0.0, 0.0, 90.0, 0.0, 121659.3515625
0:00:19.642937, 0.0, 0.0, 90.0, 0.0, 121660.1484375
0:00:19.728367, 0.0, 0.0, 90.0, 0.0, 121660.6875
0:00:19.824786, 0.0, 0.0, 90.0, 0.0, 121661.296875
0:00:19.918917, 0.0, 0.0, 90.0, 0.0, 121661.890625
0:00:20.033160, 0.0, 0.0, 90.0, 0.0, 121662.609375
0:00:20.148152, 0.0, 0.0, 90.0, 0.0, 121663.328125
0:00:20.247524, 0.0, 0.0, 90.0, 0.0, 121663.953125
0:00:20.340405, 0.0, 0.0, 90.0, 0.0, 121664.53125
0:00:20.432282, 0.0, 0.0, 90.0, 0.0, 121665.109375
0:00:20.537389, 0.0, 0.0, 90.0, 0.0, 121665.7734375
0:00:20.642328, 0.0, 0.0, 90.0, 0.0, 121666.4375
0:00:20.732446, 0.0, 0.0, 90.0, 0.0, 121666.9921875
0:00:20.845036, 0.0, 0.0, 90.0, 0.0, 121667.703125
0:00:20.956912, 0.0, 0.0, 90.0, 0.0, 121668.421875
0:00:21.037873, 0.0, 0.0, 90.0, 0.0, 121668.921875
0:00:21.151878, 0.0, 0.0, 90.0, 0.0, 121669.6328125
0:00:21.238510, 0.0, 0.0, 90.0, 0.0, 121670.171875
0:00:21.363225, 0.0, 0.0, 90.0, 0.0, 121670.9609375
0:00:21.448797, 0.0, 0.0, 90.0, 0.0, 121671.5078125
0:00:21.546531, 0.0, 0.0, 90.0, 0.0, 121672.125
0:00:21.660560, 0.0, 0.0, 90.0, 0.0, 121672.84375
0:00:21.756236, 0.0, 0.0, 90.0, 0.0, 121673.453125
0:00:21.853973, 0.0, 0.0, 90.0, 0.0, 121674.0625
0:00:21.952630, 0.0, 0.0, 90.0, 0.0, 121674.6875
0:00:22.066719, 0.0, 0.0, 90.0, 0.0, 121675.40625
0:00:22.155682, 0.0, 0.0, 90.0, 0.0, 121675.96875
0:00:22.264412, 0.0, 0.0, 90.0, 0.0, 121676.6484375
0:00:22.348536, 0.0, 0.0, 90.0, 0.0, 121677.1875
0:00:22.472114, 0.0, 0.0, 90.0, 0.0, 121677.9765625
0:00:22.556604, 0.0, 0.0, 90.0, 0.0, 121678.5078125
0:00:22.656997, 0.0, 0.0, 90.0, 0.0, 121679.140625
0:00:22.774169, 0.0, 0.0, 90.0, 0.0, 121679.8828125
0:00:22.850989, 0.0, 0.0, 90.0, 0.0, 121680.359375
0:00:22.976183, 0.0, 0.0, 90.0, 0.0, 121681.15625
0:00:23.062827, 0.0, 0.0, 90.0, 0.0, 121681.703125
0:00:23.169909, 0.0, 0.0, 90.0, 0.0, 121682.3828125
0:00:23.282936, 0.0, 0.0, 90.0, 0.0, 121683.09375
0:00:23.369470, 0.0, 0.0, 90.0, 0.0, 121683.640625
0:00:23.483120, 0.0, 0.0, 90.0, 0.0, 121684.359375
0:00:23.568706, 0.0, 0.0, 90.0, 0.0, 121684.90625
0:00:23.669095, 0.0, 0.0, 90.0, 0.0, 121685.5390625
0:00:23.797372, 0.0, 0.0, 90.0, 0.0, 121686.3359375
0:00:23.885847, 0.0, 0.0, 90.0, 0.0, 121686.890625
0:00:23.999764, 0.0, 0.0, 90.0, 0.0, 121687.609375
0:00:24.084430, 0.0, 0.0, 90.0, 0.0, 121688.1484375
0:00:24.191491, 0.0, 0.0, 90.0, 0.0, 121688.828125
0:00:24.288073, 0.0, 0.0, 90.0, 0.0, 121689.4375
0:00:24.389633, 0.0, 0.0, 90.0, 0.0, 121690.078125
0:00:24.484416, 0.0, 0.0, 90.0, 0.0, 121690.671875
0:00:24.597503, 0.0, 0.0, 90.0, 0.0, 121691.3828125
0:00:24.684876, 0.0, 0.0, 90.0, 0.0, 121691.9453125
0:00:24.798414, 0.0, 0.0, 90.0, 0.0, 121692.65625
0:00:24.911173, 0.0, 0.0, 90.0, 0.0, 121693.3671875
0:00:25.006330, 0.0, 0.0, 90.0, 0.0, 121693.96875
0:00:25.084263, 0.0, 0.0, 90.0, 0.0, 121694.46875
0:00:25.197146, 0.0, 0.0, 90.0, 0.0, 121695.1796875
0:00:25.284794, 0.0, 0.0, 90.0, 0.0, 121695.7265625
0:00:25.398800, 0.0, 0.0, 90.0, 0.0, 121696.4453125
0:00:25.497548, 0.0, 0.0, 90.0, 0.0, 121697.0625
0:00:25.589232, 0.0, 0.0, 90.0, 0.0, 121697.640625
0:00:25.698599, 0.0, 0.0, 90.0, 0.0, 121698.328125
0:00:25.792523, 0.0, 0.0, 90.0, 0.0, 121698.9140625
0:00:25.888149, 0.0, 0.0, 90.0, 0.0, 121699.5234375
0:00:25.984775, 0.0, 0.0, 90.0, 0.0, 121700.1328125
0:00:26.100770, 0.0, 0.0, 90.0, 0.0, 121700.8671875
0:00:26.210052, 0.0, 0.0, 90.0, 0.0, 121701.5625
0:00:26.299720, 0.0, 0.0, 90.0, 0.0, 121702.1171875
0:00:26.388198, 0.0, 0.0, 90.0, 0.0, 121702.671875
0:00:26.510675, 0.0, 0.0, 90.0, 0.0, 121703.4453125
0:00:26.598143, 0.0, 0.0, 90.0, 0.0, 121704.0
0:00:26.721931, 0.0, 0.0, 90.0, 0.0, 121704.78125
0:00:26.810497, 0.0, 0.0, 90.0, 0.0, 121705.34375
0:00:26.917782, 0.0, 0.0, 90.0, 0.0, 121706.0078125
0:00:27.003321, 0.0, 0.0, 90.0, 0.0, 121706.546875
0:00:27.118270, 0.0, 0.0, 90.0, 0.0, 121707.2734375
0:00:27.229618, 0.0, 0.0, 90.0, 0.0, 121707.9765625
0:00:27.322654, 0.0, 0.0, 90.0, 0.0, 121708.5625
0:00:27.429909, 0.0, 0.0, 90.0, 0.0, 121709.25
0:00:27.510917, 0.0, 0.0, 90.0, 0.0, 121709.7578125
0:00:27.620190, 0.0, 0.0, 90.0, 0.0, 121710.4453125
0:00:27.731499, 0.0, 0.0, 90.0, 0.0, 121711.140625
0:00:27.818106, 0.0, 0.0, 90.0, 0.0, 121711.6796875
0:00:27.928480, 0.0, 0.0, 90.0, 0.0, 121712.375
0:00:28.022496, 0.0, 0.0, 90.0, 0.0, 121712.96875
0:00:28.134495, 0.0, 0.0, 90.0, 0.0, 121713.671875
0:00:28.218001, 0.0, 0.0, 90.0, 0.0, 121714.203125
0:00:28.338501, 0.0, 0.0, 90.0, 0.0, 121714.953125
0:00:28.438257, 0.0, 0.0, 90.0, 0.0, 121715.5859375
0:00:28.530254, 0.0, 0.0, 90.0, 0.0, 121716.1640625
0:00:28.640633, 0.0, 0.0, 90.0, 0.0, 121716.859375
0:00:28.738293, 0.0, 0.0, 90.0, 0.0, 121717.4765625
0:00:28.832236, 0.0, 0.0, 90.0, 0.0, 121718.0703125
0:00:28.941520, 0.0, 0.0, 90.0, 0.0, 121718.7578125
0:00:29.029061, 0.0, 0.0, 90.0, 0.0, 121719.3046875
0:00:29.138309, 0.0, 0.0, 90.0, 0.0, 121720.0
0:00:29.253323, 0.0, 0.0, 90.0, 0.0, 121720.7265625
0:00:29.349522, 0.0, 0.0, 90.0, 0.0, 121721.328125
0:00:29.442559, 0.0, 0.0, 90.0, 0.0, 121721.9140625
0:00:29.554511, 0.0, 0.0, 90.0, 0.0, 121722.6171875
0:00:29.641063, 0.0, 0.0, 90.0, 0.0, 121723.171875
0:00:29.750688, 0.0, 0.0, 90.0, 0.0, 121723.8671875
0:00:29.844099, 0.0, 0.0, 90.0, 0.0, 121724.453125
0:00:29.956095, 0.0, 0.0, 90.0, 0.0, 121725.15625
0:00:30.035974, 0.0, 0.0, 90.0, 0.0, 121725.6640625
0:00:30.149982, 0.0, 0.0, 90.0, 0.0, 121726.390625
0:00:30.245981, 0.0, 0.0, 90.0, 0.0, 121726.9921875
0:00:30.351288, 0.0, 0.0, 90.0, 0.0, 121727.65625
0:00:30.446670, 0.0, 0.0, 90.0, 0.0, 121728.2578125
0:00:30.554963, 0.0, 0.0, 90.0, 0.0, 121728.9453125
0:00:30.652666, 0.0, 0.0, 90.0, 0.0, 121729.5625
0:00:30.749030, 0.0, 0.0, 90.0, 0.0, 121730.1640625
0:00:30.850381, 0.0, 0.0, 90.0, 0.0, 121730.796875
0:00:30.965348, 0.0, 0.0, 90.0, 0.0, 121731.515625
0:00:31.052953, 0.0, 0.0, 90.0, 0.0, 121732.0703125
0:00:31.166816, 0.0, 0.0, 90.0, 0.0, 121732.7890625
0:00:31.253448, 0.0, 0.0, 90.0, 0.0, 121733.34375
0:00:31.349820, 0.0, 0.0, 90.0, 0.0, 121733.953125
0:00:31.470943, 0.0, 0.0, 90.0, 0.0, 121734.7265625
0:00:31.555663, 0.0, 0.0, 90.0, 0.0, 121735.2578125
0:00:31.662986, 0.0, 0.0, 90.0, 0.0, 121735.9296875
0:00:31.778972, 0.0, 0.0, 90.0, 0.0, 121736.6640625
0:00:31.869634, 0.0, 0.0, 90.0, 0.0, 121737.234375
0:00:31.983653, 0.0, 0.0, 90.0, 0.0, 121737.953125
0:00:32.064526, 0.0, 0.0, 90.0, 0.0, 121738.4609375
0:00:32.162176, 0.0, 0.0, 90.0, 0.0, 121739.0703125
0:00:32.259833, 0.0, 0.0, 90.0, 0.0, 121739.6875
0:00:32.381079, 0.0, 0.0, 90.0, 0.0, 121740.453125
0:00:32.479810, 0.0, 0.0, 90.0, 0.0, 121741.0703125
0:00:32.572836, 0.0, 0.0, 90.0, 0.0, 121741.65625
0:00:32.682169, 0.0, 0.0, 90.0, 0.0, 121742.34375
0:00:32.774585, 0.0, 0.0, 90.0, 0.0, 121742.921875
0:00:32.870186, 0.0, 0.0, 90.0, 0.0, 121743.53125
0:00:32.986177, 0.0, 0.0, 90.0, 0.0, 121744.2578125
0:00:33.075720, 0.0, 0.0, 90.0, 0.0, 121744.828125
0:00:33.194860, 0.0, 0.0, 90.0, 0.0, 121745.578125
0:00:33.289193, 0.0, 0.0, 90.0, 0.0, 121746.1796875
0:00:33.377829, 0.0, 0.0, 90.0, 0.0, 121746.734375
0:00:33.483077, 0.0, 0.0, 90.0, 0.0, 121747.3984375
0:00:33.597015, 0.0, 0.0, 90.0, 0.0, 121748.1171875
0:00:33.682580, 0.0, 0.0, 90.0, 0.0, 121748.65625
0:00:33.798534, 0.0, 0.0, 90.0, 0.0, 121749.3828125
0:00:33.885081, 0.0, 0.0, 90.0, 0.0, 121749.9296875
0:00:33.986687, 0.0, 0.0, 90.0, 0.0, 121750.5703125
0:00:34.102687, 0.0, 0.0, 90.0, 0.0, 121751.296875
0:00:34.185210, 0.0, 0.0, 90.0, 0.0, 121751.8125
0:00:34.280554, 0.0, 0.0, 90.0, 0.0, 121752.4140625
0:00:34.403000, 0.0, 0.0, 90.0, 0.0, 121753.1796875
0:00:34.500664, 0.0, 0.0, 90.0, 0.0, 121753.796875
0:00:34.601497, 0.0, 0.0, 90.0, 0.0, 121754.4296875
0:00:34.686988, 0.0, 0.0, 90.0, 0.0, 121754.96875
0:00:34.800999, 0.0, 0.0, 90.0, 0.0, 121755.6953125
0:00:34.888585, 0.0, 0.0, 90.0, 0.0, 121756.2578125
0:00:35.004551, 0.0, 0.0, 90.0, 0.0, 121756.9921875
0:00:35.090066, 0.0, 0.0, 90.0, 0.0, 121757.53125
0:00:35.205055, 0.0, 0.0, 90.0, 0.0, 121758.265625
0:00:35.293692, 0.0, 0.0, 90.0, 0.0, 121758.8203125
0:00:35.396664, 0.0, 0.0, 90.0, 0.0, 121759.46875
0:00:35.511727, 0.0, 0.0, 90.0, 0.0, 121760.1953125
0:00:35.603463, 0.0, 0.0, 90.0, 0.0, 121760.7734375
0:00:35.687961, 0.0, 0.0, 90.0, 0.0, 121761.3125
0:00:35.802027, 0.0, 0.0, 90.0, 0.0, 121762.03125
0:00:35.895001, 0.0, 0.0, 90.0, 0.0, 121762.609375
0:00:36.004317, 0.0, 0.0, 90.0, 0.0, 121763.296875
0:00:36.090886, 0.0, 0.0, 90.0, 0.0, 121763.8359375
0:00:36.204962, 0.0, 0.0, 90.0, 0.0, 121764.5546875
0:00:36.303868, 0.0, 0.0, 90.0, 0.0, 121765.171875
0:00:36.415971, 0.0, 0.0, 90.0, 0.0, 121765.875
0:00:36.512713, 0.0, 0.0, 90.0, 0.0, 121766.484375
0:00:36.597254, 0.0, 0.0, 90.0, 0.0, 121767.015625
0:00:36.702522, 0.0, 0.0, 90.0, 0.0, 121767.671875
0:00:36.821556, 0.0, 0.0, 90.0, 0.0, 121768.4140625
0:00:36.914567, 0.0, 0.0, 90.0, 0.0, 121769.0
0:00:37.001129, 0.0, 0.0, 90.0, 0.0, 121769.546875
0:00:37.116149, 0.0, 0.0, 90.0, 0.0, 121770.2734375
0:00:37.224371, 0.0, 0.0, 90.0, 0.0, 121770.953125
0:00:37.309013, 0.0, 0.0, 90.0, 0.0, 121771.484375
0:00:37.426043, 0.0, 0.0, 90.0, 0.0, 121772.21875
0:00:37.506960, 0.0, 0.0, 90.0, 0.0, 121772.7265625
0:00:37.631997, 0.0, 0.0, 90.0, 0.0, 121773.515625
0:00:37.731366, 0.0, 0.0, 90.0, 0.0, 121774.1484375
0:00:37.815999, 0.0, 0.0, 90.0, 0.0, 121774.6796875
0:00:37.929871, 0.0, 0.0, 90.0, 0.0, 121775.3984375
0:00:38.028558, 0.0, 0.0, 90.0, 0.0, 121776.0234375
0:00:38.132756, 0.0, 0.0, 90.0, 0.0, 121776.6953125
0:00:38.221378, 0.0, 0.0, 90.0, 0.0, 121777.2578125
0:00:38.335320, 0.0, 0.0, 90.0, 0.0, 121777.9765625
0:00:38.434221, 0.0, 0.0, 90.0, 0.0, 121778.59375
0:00:38.522849, 0.0, 0.0, 90.0, 0.0, 121779.1484375
0:00:38.636885, 0.0, 0.0, 90.0, 0.0, 121779.875
0:00:38.724585, 0.0, 0.0, 90.0, 0.0, 121780.4296875
0:00:38.840588, 0.0, 0.0, 90.0, 0.0, 121781.15625
0:00:38.928100, 0.0, 0.0, 90.0, 0.0, 121781.7109375
0:00:39.044099, 0.0, 0.0, 90.0, 0.0, 121782.4453125
0:00:39.140213, 0.0, 0.0, 90.0, 0.0, 121783.0546875
0:00:39.248582, 0.0, 0.0, 90.0, 0.0, 121783.734375
0:00:39.334137, 0.0, 0.0, 90.0, 0.0, 121784.2734375
0:00:39.444738, 0.0, 0.0, 90.0, 0.0, 121784.9765625
0:00:39.537552, 0.0, 0.0, 90.0, 0.0, 121785.5546875
0:00:39.634245, 0.0, 0.0, 90.0, 0.0, 121786.171875
0:00:39.756763, 0.0, 0.0, 90.0, 0.0, 121786.9453125
0:00:39.854146, 0.0, 0.0, 90.0, 0.0, 121787.5625
0:00:39.953165, 0.0, 0.0, 90.0, 0.0, 121788.1875
0:00:40.053595, 0.0, 0.0, 90.0, 0.0, 121788.8203125
0:00:40.143271, 0.0, 0.0, 90.0, 0.0, 121789.3828125
0:00:40.259219, 0.0, 0.0, 90.0, 0.0, 121790.109375
0:00:40.342745, 0.0, 0.0, 90.0, 0.0, 121790.640625
0:00:40.435506, 0.0, 0.0, 90.0, 0.0, 121791.234375
0:00:40.555358, 0.0, 0.0, 90.0, 0.0, 121791.9921875
0:00:40.664606, 0.0, 0.0, 90.0, 0.0, 121792.671875
0:00:40.751149, 0.0, 0.0, 90.0, 0.0, 121793.21875
0:00:40.839753, 0.0, 0.0, 90.0, 0.0, 121793.7734375
0:00:40.953630, 0.0, 0.0, 90.0, 0.0, 121794.5
0:00:41.053273, 0.0, 0.0, 90.0, 0.0, 121795.1328125
0:00:41.151716, 0.0, 0.0, 90.0, 0.0, 121795.7578125
0:00:41.264714, 0.0, 0.0, 90.0, 0.0, 121796.46875
0:00:41.351195, 0.0, 0.0, 90.0, 0.0, 121797.0078125
0:00:41.457602, 0.0, 0.0, 90.0, 0.0, 121797.6875
0:00:41.570389, 0.0, 0.0, 90.0, 0.0, 121798.3984375
0:00:41.648339, 0.0, 0.0, 90.0, 0.0, 121798.890625
0:00:41.774300, 0.0, 0.0, 90.0, 0.0, 121799.6875
0:00:41.866785, 0.0, 0.0, 90.0, 0.0, 121800.2734375
0:00:41.965901, 0.0, 0.0, 90.0, 0.0, 121800.890625
0:00:42.076906, 0.0, 0.0, 90.0, 0.0, 121801.59375
0:00:42.174612, 0.0, 0.0, 90.0, 0.0, 121802.2109375
0:00:42.259187, 0.0, 0.0, 90.0, 0.0, 121802.7421875
0:00:42.366426, 0.0, 0.0, 90.0, 0.0, 121803.421875
0:00:42.476761, 0.0, 0.0, 90.0, 0.0, 121804.109375
0:00:42.563304, 0.0, 0.0, 90.0, 0.0, 121804.65625
0:00:42.663951, 0.0, 0.0, 90.0, 0.0, 121805.2890625
0:00:42.785104, 0.0, 0.0, 90.0, 0.0, 121806.0546875
0:00:42.875207, 0.0, 0.0, 90.0, 0.0, 121806.6171875
0:00:42.984449, 0.0, 0.0, 90.0, 0.0, 121807.3046875
0:00:43.086072, 0.0, 0.0, 90.0, 0.0, 121807.9453125
0:00:43.185379, 0.0, 0.0, 90.0, 0.0, 121808.5703125
0:00:43.284131, 0.0, 0.0, 90.0, 0.0, 121809.1796875
0:00:43.374674, 0.0, 0.0, 90.0, 0.0, 121809.75
0:00:43.474311, 0.0, 0.0, 90.0, 0.0, 121810.375
0:00:43.595424, 0.0, 0.0, 90.0, 0.0, 121811.1328125
0:00:43.693203, 0.0, 0.0, 90.0, 0.0, 121811.75
0:00:43.784159, 0.0, 0.0, 90.0, 0.0, 121812.328125
0:00:43.894424, 0.0, 0.0, 90.0, 0.0, 121813.0234375
0:00:43.994185, 0.0, 0.0, 90.0, 0.0, 121813.65625
0:00:44.094922, 0.0, 0.0, 90.0, 0.0, 121814.296875
0:00:44.183467, 0.0, 0.0, 90.0, 0.0, 121814.859375
0:00:44.296413, 0.0, 0.0, 90.0, 0.0, 121815.578125
0:00:44.381921, 0.0, 0.0, 90.0, 0.0, 121816.1171875
0:00:44.494811, 0.0, 0.0, 90.0, 0.0, 121816.828125
0:00:44.581430, 0.0, 0.0, 90.0, 0.0, 121817.375
0:00:44.686627, 0.0, 0.0, 90.0, 0.0, 121818.03125
0:00:44.799547, 0.0, 0.0, 90.0, 0.0, 121818.75
0:00:44.885076, 0.0, 0.0, 90.0, 0.0, 121819.2890625
0:00:44.984383, 0.0, 0.0, 90.0, 0.0, 121819.9140625
0:00:45.105785, 0.0, 0.0, 90.0, 0.0, 121820.6796875
0:00:45.196649, 0.0, 0.0, 90.0, 0.0, 121821.2578125
0:00:45.285207, 0.0, 0.0, 90.0, 0.0, 121821.8046875
0:00:45.403142, 0.0, 0.0, 90.0, 0.0, 121822.546875
0:00:45.500752, 0.0, 0.0, 90.0, 0.0, 121823.171875
0:00:45.616883, 0.0, 0.0, 90.0, 0.0, 121823.90625
0:00:45.701311, 0.0, 0.0, 90.0, 0.0, 121824.4375
0:00:45.816179, 0.0, 0.0, 90.0, 0.0, 121825.1640625
0:00:45.902808, 0.0, 0.0, 90.0, 0.0, 121825.71875
0:00:46.016705, 0.0, 0.0, 90.0, 0.0, 121826.4296875
0:00:46.116283, 0.0, 0.0, 90.0, 0.0, 121827.0546875
0:00:46.205946, 0.0, 0.0, 90.0, 0.0, 121827.6171875
0:00:46.312253, 0.0, 0.0, 90.0, 0.0, 121828.28125
0:00:46.421641, 0.0, 0.0, 90.0, 0.0, 121828.9765625
0:00:46.506141, 0.0, 0.0, 90.0, 0.0, 121829.5078125
0:00:46.604672, 0.0, 0.0, 90.0, 0.0, 121830.125
0:00:46.705308, 0.0, 0.0, 90.0, 0.0, 121830.7578125
0:00:46.827436, 0.0, 0.0, 90.0, 0.0, 121831.53125
0:00:46.926120, 0.0, 0.0, 90.0, 0.0, 121832.15625
0:00:47.022593, 0.0, 0.0, 90.0, 0.0, 121832.7578125
0:00:47.112242, 0.0, 0.0, 90.0, 0.0, 121833.328125
0:00:47.228243, 0.0, 0.0, 90.0, 0.0, 121834.0546875
0:00:47.325962, 0.0, 0.0, 90.0, 0.0, 121834.6640625
0:00:47.410485, 0.0, 0.0, 90.0, 0.0, 121835.203125
0:00:47.517805, 0.0, 0.0, 90.0, 0.0, 121835.875
0:00:47.629790, 0.0, 0.0, 90.0, 0.0, 121836.578125
0:00:47.725583, 0.0, 0.0, 90.0, 0.0, 121837.1875
0:00:47.808366, 0.0, 0.0, 90.0, 0.0, 121837.703125
0:00:47.935374, 0.0, 0.0, 90.0, 0.0, 121838.5
0:00:48.036091, 0.0, 0.0, 90.0, 0.0, 121839.140625
0:00:48.127918, 0.0, 0.0, 90.0, 0.0, 121839.7265625
0:00:48.215506, 0.0, 0.0, 90.0, 0.0, 121840.28125
0:00:48.330459, 0.0, 0.0, 90.0, 0.0, 121841.0078125
0:00:48.441536, 0.0, 0.0, 90.0, 0.0, 121841.703125
0:00:48.527963, 0.0, 0.0, 90.0, 0.0, 121842.2421875
0:00:48.626402, 0.0, 0.0, 90.0, 0.0, 121842.8671875
0:00:48.748682, 0.0, 0.0, 90.0, 0.0, 121843.640625
0:00:48.843908, 0.0, 0.0, 90.0, 0.0, 121844.2421875
0:00:48.930487, 0.0, 0.0, 90.0, 0.0, 121844.796875
0:00:49.027848, 0.0, 0.0, 90.0, 0.0, 121845.40625
0:00:49.126608, 0.0, 0.0, 90.0, 0.0, 121846.03125
0:00:49.235486, 0.0, 0.0, 90.0, 0.0, 121846.71875
0:00:49.346823, 0.0, 0.0, 90.0, 0.0, 121847.421875
0:00:49.446968, 0.0, 0.0, 90.0, 0.0, 121848.0546875
0:00:49.533330, 0.0, 0.0, 90.0, 0.0, 121848.59375
0:00:49.649213, 0.0, 0.0, 90.0, 0.0, 121849.3203125
0:00:49.734673, 0.0, 0.0, 90.0, 0.0, 121849.8515625
0:00:49.851770, 0.0, 0.0, 90.0, 0.0, 121850.59375
0:00:49.949131, 0.0, 0.0, 90.0, 0.0, 121851.2109375
0:00:50.047833, 0.0, 0.0, 90.0, 0.0, 121851.828125
0:00:50.148214, 0.0, 0.0, 90.0, 0.0, 121852.453125
0:00:50.246587, 0.0, 0.0, 90.0, 0.0, 121853.078125
0:00:50.347229, 0.0, 0.0, 90.0, 0.0, 121853.7109375
0:00:50.439086, 0.0, 0.0, 90.0, 0.0, 121854.2890625
0:00:50.554088, 0.0, 0.0, 90.0, 0.0, 121855.015625
0:00:50.666115, 0.0, 0.0, 90.0, 0.0, 121855.734375
0:00:50.764088, 0.0, 0.0, 90.0, 0.0, 121856.3515625
0:00:50.852689, 0.0, 0.0, 90.0, 0.0, 121856.9140625
0:00:50.966678, 0.0, 0.0, 90.0, 0.0, 121857.640625
0:00:51.059126, 0.0, 0.0, 90.0, 0.0, 121858.2265625
0:00:51.144688, 0.0, 0.0, 90.0, 0.0, 121858.765625
0:00:51.252974, 0.0, 0.0, 90.0, 0.0, 121859.4453125
0:00:51.359227, 0.0, 0.0, 90.0, 0.0, 121860.109375
0:00:51.473158, 0.0, 0.0, 90.0, 0.0, 121860.8359375
0:00:51.557752, 0.0, 0.0, 90.0, 0.0, 121861.3671875
0:00:51.672695, 0.0, 0.0, 90.0, 0.0, 121862.1015625
0:00:51.766612, 0.0, 0.0, 90.0, 0.0, 121862.6953125
0:00:51.865452, 0.0, 0.0, 90.0, 0.0, 121863.3203125
0:00:51.974799, 0.0, 0.0, 90.0, 0.0, 121864.0078125
0:00:52.083110, 0.0, 0.0, 90.0, 0.0, 121864.6875
0:00:52.171821, 0.0, 0.0, 90.0, 0.0, 121865.25
0:00:52.268476, 0.0, 0.0, 90.0, 0.0, 121865.859375
0:00:52.367289, 0.0, 0.0, 90.0, 0.0, 121866.46875
0:00:52.480482, 0.0, 0.0, 90.0, 0.0, 121867.1796875
0:00:52.568102, 0.0, 0.0, 90.0, 0.0, 121867.7265625
0:00:52.678470, 0.0, 0.0, 90.0, 0.0, 121868.421875
0:00:52.771453, 0.0, 0.0, 90.0, 0.0, 121869.0
0:00:52.888377, 0.0, 0.0, 90.0, 0.0, 121869.734375
0:00:52.976986, 0.0, 0.0, 90.0, 0.0, 121870.296875
0:00:53.070694, 0.0, 0.0, 90.0, 0.0, 121870.8828125
0:00:53.169410, 0.0, 0.0, 90.0, 0.0, 121871.5
0:00:53.281378, 0.0, 0.0, 90.0, 0.0, 121872.203125
0:00:53.380143, 0.0, 0.0, 90.0, 0.0, 121872.8203125
0:00:53.479445, 0.0, 0.0, 90.0, 0.0, 121873.4453125
0:00:53.578169, 0.0, 0.0, 90.0, 0.0, 121874.0625
0:00:53.697166, 0.0, 0.0, 90.0, 0.0, 121874.8125
0:00:53.785832, 0.0, 0.0, 90.0, 0.0, 121875.375
0:00:53.891113, 0.0, 0.0, 90.0, 0.0, 121876.0390625
0:00:53.978732, 0.0, 0.0, 90.0, 0.0, 121876.59375
0:00:54.078124, 0.0, 0.0, 90.0, 0.0, 121877.2265625
0:00:54.200240, 0.0, 0.0, 90.0, 0.0, 121877.9921875
0:00:54.309511, 0.0, 0.0, 90.0, 0.0, 121878.6796875
0:00:54.407232, 0.0, 0.0, 90.0, 0.0, 121879.296875
0:00:54.507984, 0.0, 0.0, 90.0, 0.0, 121879.9375
0:00:54.600003, 0.0, 0.0, 90.0, 0.0, 121880.515625
0:00:54.709263, 0.0, 0.0, 90.0, 0.0, 121881.1953125
0:00:54.808422, 0.0, 0.0, 90.0, 0.0, 121881.828125
0:00:54.908833, 0.0, 0.0, 90.0, 0.0, 121882.4609375
0:00:55.009258, 0.0, 0.0, 90.0, 0.0, 121883.09375
0:00:55.117532, 0.0, 0.0, 90.0, 0.0, 121883.765625
0:00:55.215379, 0.0, 0.0, 90.0, 0.0, 121884.3828125
0:00:55.300040, 0.0, 0.0, 90.0, 0.0, 121884.921875
0:00:55.395374, 0.0, 0.0, 90.0, 0.0, 121885.5234375
0:00:55.503721, 0.0, 0.0, 90.0, 0.0, 121886.2109375
0:00:55.618734, 0.0, 0.0, 90.0, 0.0, 121886.9375
0:00:55.704238, 0.0, 0.0, 90.0, 0.0, 121887.4765625
0:00:55.820426, 0.0, 0.0, 90.0, 0.0, 121888.203125
0:00:55.919150, 0.0, 0.0, 90.0, 0.0, 121888.8203125
0:00:56.016530, 0.0, 0.0, 90.0, 0.0, 121889.4375
0:00:56.121231, 0.0, 0.0, 90.0, 0.0, 121890.09375
0:00:56.205860, 0.0, 0.0, 90.0, 0.0, 121890.6171875
0:00:56.313166, 0.0, 0.0, 90.0, 0.0, 121891.3046875
0:00:56.410298, 0.0, 0.0, 90.0, 0.0, 121891.921875
0:00:56.530444, 0.0, 0.0, 90.0, 0.0, 121892.6796875
0:00:56.629047, 0.0, 0.0, 90.0, 0.0, 121893.3046875
0:00:56.719540, 0.0, 0.0, 90.0, 0.0, 121893.875
0:00:56.822347, 0.0, 0.0, 90.0, 0.0, 121894.515625
0:00:56.937252, 0.0, 0.0, 90.0, 0.0, 121895.2421875
0:00:57.022865, 0.0, 0.0, 90.0, 0.0, 121895.78125
0:00:57.140943, 0.0, 0.0, 90.0, 0.0, 121896.515625
0:00:57.223070, 0.0, 0.0, 90.0, 0.0, 121897.03125
0:00:57.319940, 0.0, 0.0, 90.0, 0.0, 121897.640625
0:00:57.430849, 0.0, 0.0, 90.0, 0.0, 121898.34375
0:00:57.540743, 0.0, 0.0, 90.0, 0.0, 121899.0390625
0:00:57.621746, 0.0, 0.0, 90.0, 0.0, 121899.5546875
0:00:57.736751, 0.0, 0.0, 90.0, 0.0, 121900.2890625
0:00:57.822306, 0.0, 0.0, 90.0, 0.0, 121900.828125
0:00:57.940741, 0.0, 0.0, 90.0, 0.0, 121901.578125
0:00:58.029340, 0.0, 0.0, 90.0, 0.0, 121902.1328125
0:00:58.144264, 0.0, 0.0, 90.0, 0.0, 121902.859375
0:00:58.226752, 0.0, 0.0, 90.0, 0.0, 121903.3828125
0:00:58.334179, 0.0, 0.0, 90.0, 0.0, 121904.0546875
0:00:58.450266, 0.0, 0.0, 90.0, 0.0, 121904.7890625
0:00:58.531222, 0.0, 0.0, 90.0, 0.0, 121905.3046875
0:00:58.639538, 0.0, 0.0, 90.0, 0.0, 121905.9921875
0:00:58.740438, 0.0, 0.0, 90.0, 0.0, 121906.625
0:00:58.837904, 0.0, 0.0, 90.0, 0.0, 121907.2421875
0:00:58.950885, 0.0, 0.0, 90.0, 0.0, 121907.9609375
0:00:59.036439, 0.0, 0.0, 90.0, 0.0, 121908.5
0:00:59.146743, 0.0, 0.0, 90.0, 0.0, 121909.203125
0:00:59.230360, 0.0, 0.0, 90.0, 0.0, 121909.7265625
0:00:59.336581, 0.0, 0.0, 90.0, 0.0, 121910.3984375
0:00:59.449659, 0.0, 0.0, 90.0, 0.0, 121911.109375
0:00:59.547480, 0.0, 0.0, 90.0, 0.0, 121911.7265625
0:00:59.654790, 0.0, 0.0, 90.0, 0.0, 121912.3984375
0:00:59.751409, 0.0, 0.0, 90.0, 0.0, 121913.015625
0:00:59.852562, 0.0, 0.0, 90.0, 0.0, 121913.6484375
0:00:59.951281, 0.0, 0.0, 90.0, 0.0, 121914.265625
0:01:00.050768, 0.0, 0.0, 90.0, 0.0, 121914.8984375
0:01:00.143454, 0.0, 0.0, 90.0, 0.0, 121915.484375
0:01:00.250780, 0.0, 0.0, 90.0, 0.0, 121916.15625
0:01:00.342862, 0.0, 0.0, 90.0, 0.0, 121916.734375
0:01:00.459890, 0.0, 0.0, 90.0, 0.0, 121917.4765625
0:01:00.559543, 0.0, 0.0, 90.0, 0.0, 121918.109375
0:01:00.647203, 0.0, 0.0, 90.0, 0.0, 121918.6484375
0:01:00.762170, 0.0, 0.0, 90.0, 0.0, 121919.3828125
0:01:00.871524, 0.0, 0.0, 90.0, 0.0, 121920.0625
0:01:00.970239, 0.0, 0.0, 90.0, 0.0, 121920.6875
0:01:01.057929, 0.0, 0.0, 90.0, 0.0, 121921.2421875
0:01:01.172898, 0.0, 0.0, 90.0, 0.0, 121921.9609375
0:01:01.265417, 0.0, 0.0, 90.0, 0.0, 121922.53125
0:01:01.358077, 0.0, 0.0, 90.0, 0.0, 121923.1171875
0:01:01.475057, 0.0, 0.0, 90.0, 0.0, 121923.859375
0:01:01.571770, 0.0, 0.0, 90.0, 0.0, 121924.46875
0:01:01.671452, 0.0, 0.0, 90.0, 0.0, 121925.09375
0:01:01.762223, 0.0, 0.0, 90.0, 0.0, 121925.6640625
0:01:01.872545, 0.0, 0.0, 90.0, 0.0, 121926.3515625
0:01:01.971766, 0.0, 0.0, 90.0, 0.0, 121926.9765625
0:01:02.062508, 0.0, 0.0, 90.0, 0.0, 121927.546875
0:01:02.170774, 0.0, 0.0, 90.0, 0.0, 121928.2265625
0:01:02.264061, 0.0, 0.0, 90.0, 0.0, 121928.8125
0:01:02.376953, 0.0, 0.0, 90.0, 0.0, 121929.53125
0:01:02.462518, 0.0, 0.0, 90.0, 0.0, 121930.0703125
0:01:02.589095, 0.0, 0.0, 90.0, 0.0, 121930.875
0:01:02.674697, 0.0, 0.0, 90.0, 0.0, 121931.4140625
0:01:02.786534, 0.0, 0.0, 90.0, 0.0, 121932.125
0:01:02.894895, 0.0, 0.0, 90.0, 0.0, 121932.8046875
0:01:02.991089, 0.0, 0.0, 90.0, 0.0, 121933.4140625
0:01:03.091794, 0.0, 0.0, 90.0, 0.0, 121934.046875
0:01:03.199100, 0.0, 0.0, 90.0, 0.0, 121934.7265625
0:01:03.284643, 0.0, 0.0, 90.0, 0.0, 121935.265625
0:01:03.398538, 0.0, 0.0, 90.0, 0.0, 121935.984375
0:01:03.485126, 0.0, 0.0, 90.0, 0.0, 121936.5390625
0:01:03.596193, 0.0, 0.0, 90.0, 0.0, 121937.234375
0:01:03.683903, 0.0, 0.0, 90.0, 0.0, 121937.7890625
0:01:03.802946, 0.0, 0.0, 90.0, 0.0, 121938.53125
0:01:03.893094, 0.0, 0.0, 90.0, 0.0, 121939.09375
0:01:04.003339, 0.0, 0.0, 90.0, 0.0, 121939.7890625
0:01:04.101490, 0.0, 0.0, 90.0, 0.0, 121940.40625
0:01:04.196462, 0.0, 0.0, 90.0, 0.0, 121941.0
0:01:04.307296, 0.0, 0.0, 90.0, 0.0, 121941.703125
0:01:04.402605, 0.0, 0.0, 90.0, 0.0, 121942.3046875
0:01:04.495480, 0.0, 0.0, 90.0, 0.0, 121942.8828125
0:01:04.608418, 0.0, 0.0, 90.0, 0.0, 121943.6015625
0:01:04.695962, 0.0, 0.0, 90.0, 0.0, 121944.15625
0:01:04.807801, 0.0, 0.0, 90.0, 0.0, 121944.859375
0:01:04.919646, 0.0, 0.0, 90.0, 0.0, 121945.5703125
0:01:05.009256, 0.0, 0.0, 90.0, 0.0, 121946.140625
0:01:05.124343, 0.0, 0.0, 90.0, 0.0, 121946.8671875
0:01:05.223703, 0.0, 0.0, 90.0, 0.0, 121947.484375
0:01:05.307274, 0.0, 0.0, 90.0, 0.0, 121948.015625
0:01:05.422237, 0.0, 0.0, 90.0, 0.0, 121948.7421875
0:01:05.524973, 0.0, 0.0, 90.0, 0.0, 121949.3828125
0:01:05.619274, 0.0, 0.0, 90.0, 0.0, 121949.9765625
0:01:05.705807, 0.0, 0.0, 90.0, 0.0, 121950.5234375
0:01:05.820797, 0.0, 0.0, 90.0, 0.0, 121951.25
0:01:05.935862, 0.0, 0.0, 90.0, 0.0, 121951.9765625
0:01:06.032462, 0.0, 0.0, 90.0, 0.0, 121952.5859375
0:01:06.124985, 0.0, 0.0, 90.0, 0.0, 121953.1640625
0:01:06.238942, 0.0, 0.0, 90.0, 0.0, 121953.8828125
0:01:06.328595, 0.0, 0.0, 90.0, 0.0, 121954.453125
0:01:06.440443, 0.0, 0.0, 90.0, 0.0, 121955.15625
0:01:06.525049, 0.0, 0.0, 90.0, 0.0, 121955.6875
0:01:06.622799, 0.0, 0.0, 90.0, 0.0, 121956.3046875
0:01:06.716566, 0.0, 0.0, 90.0, 0.0, 121956.8984375
0:01:06.830588, 0.0, 0.0, 90.0, 0.0, 121957.6171875
0:01:06.943495, 0.0, 0.0, 90.0, 0.0, 121958.328125
0:01:07.025389, 0.0, 0.0, 90.0, 0.0, 121958.84375
0:01:07.141397, 0.0, 0.0, 90.0, 0.0, 121959.578125
0:01:07.235977, 0.0, 0.0, 90.0, 0.0, 121960.171875
0:01:07.323539, 0.0, 0.0, 90.0, 0.0, 121960.71875
0:01:07.444762, 0.0, 0.0, 90.0, 0.0, 121961.484375
0:01:07.543392, 0.0, 0.0, 90.0, 0.0, 121962.1015625
0:01:07.635140, 0.0, 0.0, 90.0, 0.0, 121962.6875
0:01:07.749285, 0.0, 0.0, 90.0, 0.0, 121963.40625
0:01:07.838823, 0.0, 0.0, 90.0, 0.0, 121963.96875
0:01:07.952885, 0.0, 0.0, 90.0, 0.0, 121964.6875
0:01:08.040415, 0.0, 0.0, 90.0, 0.0, 121965.234375
0:01:08.152429, 0.0, 0.0, 90.0, 0.0, 121965.9453125
0:01:08.250280, 0.0, 0.0, 90.0, 0.0, 121966.5625
0:01:08.355605, 0.0, 0.0, 90.0, 0.0, 121967.2265625
0:01:08.450988, 0.0, 0.0, 90.0, 0.0, 121967.828125
0:01:08.536524, 0.0, 0.0, 90.0, 0.0, 121968.375
0:01:08.648444, 0.0, 0.0, 90.0, 0.0, 121969.0859375
0:01:08.763325, 0.0, 0.0, 90.0, 0.0, 121969.8046875
0:01:08.865157, 0.0, 0.0, 90.0, 0.0, 121970.453125
0:01:08.952651, 0.0, 0.0, 90.0, 0.0, 121971.0078125
0:01:09.053342, 0.0, 0.0, 90.0, 0.0, 121971.6484375
0:01:09.145341, 0.0, 0.0, 90.0, 0.0, 121972.2265625
0:01:09.255290, 0.0, 0.0, 90.0, 0.0, 121972.921875
0:01:09.371467, 0.0, 0.0, 90.0, 0.0, 121973.6484375
0:01:09.451287, 0.0, 0.0, 90.0, 0.0, 121974.1640625
0:01:09.564428, 0.0, 0.0, 90.0, 0.0, 121974.8828125
0:01:09.656190, 0.0, 0.0, 90.0, 0.0, 121975.4609375
0:01:09.770286, 0.0, 0.0, 90.0, 0.0, 121976.1796875
0:01:09.858846, 0.0, 0.0, 90.0, 0.0, 121976.734375
0:01:09.969857, 0.0, 0.0, 90.0, 0.0, 121977.4375
0:01:10.055347, 0.0, 0.0, 90.0, 0.0, 121977.9765625
0:01:10.153814, 0.0, 0.0, 90.0, 0.0, 121978.59375
0:01:10.274251, 0.0, 0.0, 90.0, 0.0, 121979.359375
0:01:10.374015, 0.0, 0.0, 90.0, 0.0, 121979.9921875
0:01:10.465980, 0.0, 0.0, 90.0, 0.0, 121980.5703125
0:01:10.551615, 0.0, 0.0, 90.0, 0.0, 121981.109375
0:01:10.664586, 0.0, 0.0, 90.0, 0.0, 121981.8203125
0:01:10.774036, 0.0, 0.0, 90.0, 0.0, 121982.5078125
0:01:10.867006, 0.0, 0.0, 90.0, 0.0, 121983.1015625
0:01:10.982005, 0.0, 0.0, 90.0, 0.0, 121983.828125
0:01:11.063505, 0.0, 0.0, 90.0, 0.0, 121984.3359375
0:01:11.175432, 0.0, 0.0, 90.0, 0.0, 121985.046875
0:01:11.281678, 0.0, 0.0, 90.0, 0.0, 121985.71875
0:01:11.363624, 0.0, 0.0, 90.0, 0.0, 121986.234375
0:01:11.477522, 0.0, 0.0, 90.0, 0.0, 121986.953125
0:01:11.591448, 0.0, 0.0, 90.0, 0.0, 121987.671875
0:01:11.680028, 0.0, 0.0, 90.0, 0.0, 121988.21875
0:01:11.764468, 0.0, 0.0, 90.0, 0.0, 121988.75
0:01:11.865256, 0.0, 0.0, 90.0, 0.0, 121989.390625
0:01:11.975927, 0.0, 0.0, 90.0, 0.0, 121990.0859375
0:01:12.075285, 0.0, 0.0, 90.0, 0.0, 121990.7109375
0:01:12.186762, 0.0, 0.0, 90.0, 0.0, 121991.40625
0:01:12.284471, 0.0, 0.0, 90.0, 0.0, 121992.0234375
0:01:12.386136, 0.0, 0.0, 90.0, 0.0, 121992.6640625
0:01:12.492431, 0.0, 0.0, 90.0, 0.0, 121993.328125
0:01:12.599815, 0.0, 0.0, 90.0, 0.0, 121994.015625
0:01:12.697192, 0.0, 0.0, 90.0, 0.0, 121994.625
0:01:12.794010, 0.0, 0.0, 90.0, 0.0, 121995.2421875
0:01:12.879566, 0.0, 0.0, 90.0, 0.0, 121995.7890625
0:01:13.004610, 0.0, 0.0, 90.0, 0.0, 121996.5703125
0:01:13.103130, 0.0, 0.0, 90.0, 0.0, 121997.1953125
0:01:13.192801, 0.0, 0.0, 90.0, 0.0, 121997.7578125
0:01:13.278313, 0.0, 0.0, 90.0, 0.0, 121998.296875
0:01:13.395312, 0.0, 0.0, 90.0, 0.0, 121999.03125
0:01:13.483082, 0.0, 0.0, 90.0, 0.0, 121999.5859375
0:01:13.596821, 0.0, 0.0, 90.0, 0.0, 122000.3046875
0:01:13.695047, 0.0, 0.0, 90.0, 0.0, 122000.9296875
0:01:13.795659, 0.0, 0.0, 90.0, 0.0, 122001.5625
0:01:13.887620, 0.0, 0.0, 90.0, 0.0, 122002.140625
0:01:14.002640, 0.0, 0.0, 90.0, 0.0, 122002.8671875
0:01:14.088177, 0.0, 0.0, 90.0, 0.0, 122003.40625
0:01:14.205189, 0.0, 0.0, 90.0, 0.0, 122004.140625
0:01:14.292722, 0.0, 0.0, 90.0, 0.0, 122004.6875
0:01:14.407713, 0.0, 0.0, 90.0, 0.0, 122005.40625
0:01:14.505384, 0.0, 0.0, 90.0, 0.0, 122006.0234375
0:01:14.606053, 0.0, 0.0, 90.0, 0.0, 122006.65625
0:01:14.706471, 0.0, 0.0, 90.0, 0.0, 122007.28125
0:01:14.815706, 0.0, 0.0, 90.0, 0.0, 122007.9765625
0:01:14.917919, 0.0, 0.0, 90.0, 0.0, 122008.6171875
0:01:15.017077, 0.0, 0.0, 90.0, 0.0, 122009.2421875
0:01:15.118554, 0.0, 0.0, 90.0, 0.0, 122009.8828125
0:01:15.214922, 0.0, 0.0, 90.0, 0.0, 122010.4921875
0:01:15.313785, 0.0, 0.0, 90.0, 0.0, 122011.1171875
0:01:15.422162, 0.0, 0.0, 90.0, 0.0, 122011.8046875
0:01:15.506590, 0.0, 0.0, 90.0, 0.0, 122012.3359375
0:01:15.606330, 0.0, 0.0, 90.0, 0.0, 122012.9609375
0:01:15.719192, 0.0, 0.0, 90.0, 0.0, 122013.671875
0:01:15.806823, 0.0, 0.0, 90.0, 0.0, 122014.21875
0:01:15.927201, 0.0, 0.0, 90.0, 0.0, 122014.9765625
0:01:16.015729, 0.0, 0.0, 90.0, 0.0, 122015.5390625
0:01:16.110839, 0.0, 0.0, 90.0, 0.0, 122016.1328125
0:01:16.220155, 0.0, 0.0, 90.0, 0.0, 122016.8125
0:01:16.313469, 0.0, 0.0, 90.0, 0.0, 122017.40625
0:01:16.426394, 0.0, 0.0, 90.0, 0.0, 122018.1171875
0:01:16.519599, 0.0, 0.0, 90.0, 0.0, 122018.6953125
0:01:16.633547, 0.0, 0.0, 90.0, 0.0, 122019.4140625
0:01:16.718044, 0.0, 0.0, 90.0, 0.0, 122019.9453125
0:01:16.815446, 0.0, 0.0, 90.0, 0.0, 122020.5625
0:01:16.915157, 0.0, 0.0, 90.0, 0.0, 122021.1953125
0:01:17.027076, 0.0, 0.0, 90.0, 0.0, 122021.8984375
0:01:17.116725, 0.0, 0.0, 90.0, 0.0, 122022.4609375
0:01:17.229136, 0.0, 0.0, 90.0, 0.0, 122023.1640625
0:01:17.328474, 0.0, 0.0, 90.0, 0.0, 122023.7890625
0:01:17.427205, 0.0, 0.0, 90.0, 0.0, 122024.4140625
0:01:17.519911, 0.0, 0.0, 90.0, 0.0, 122025.0
0:01:17.631866, 0.0, 0.0, 90.0, 0.0, 122025.703125
0:01:17.729202, 0.0, 0.0, 90.0, 0.0, 122026.3125
0:01:17.828014, 0.0, 0.0, 90.0, 0.0, 122026.9375
0:01:17.940017, 0.0, 0.0, 90.0, 0.0, 122027.640625
0:01:18.035904, 0.0, 0.0, 90.0, 0.0, 122028.2421875
0:01:18.136578, 0.0, 0.0, 90.0, 0.0, 122028.875
0:01:18.236347, 0.0, 0.0, 90.0, 0.0, 122029.5
0:01:18.350371, 0.0, 0.0, 90.0, 0.0, 122030.234375
0:01:18.436928, 0.0, 0.0, 90.0, 0.0, 122030.7734375
0:01:18.530912, 0.0, 0.0, 90.0, 0.0, 122031.3671875
0:01:18.639206, 0.0, 0.0, 90.0, 0.0, 122032.0546875
0:01:18.746453, 0.0, 0.0, 90.0, 0.0, 122032.7265625
0:01:18.843369, 0.0, 0.0, 90.0, 0.0, 122033.3359375
0:01:18.957375, 0.0, 0.0, 90.0, 0.0, 122034.0546875
0:01:19.058335, 0.0, 0.0, 90.0, 0.0, 122034.6875
0:01:19.148163, 0.0, 0.0, 90.0, 0.0, 122035.25
0:01:19.257437, 0.0, 0.0, 90.0, 0.0, 122035.9453125
0:01:19.350658, 0.0, 0.0, 90.0, 0.0, 122036.5234375
0:01:19.456912, 0.0, 0.0, 90.0, 0.0, 122037.1953125
0:01:19.544500, 0.0, 0.0, 90.0, 0.0, 122037.75
0:01:19.657426, 0.0, 0.0, 90.0, 0.0, 122038.46875
0:01:19.742925, 0.0, 0.0, 90.0, 0.0, 122039.0078125
0:01:19.866710, 0.0, 0.0, 90.0, 0.0, 122039.78125
0:01:19.966384, 0.0, 0.0, 90.0, 0.0, 122040.40625
0:01:20.051979, 0.0, 0.0, 90.0, 0.0, 122040.953125
0:01:20.144372, 0.0, 0.0, 90.0, 0.0, 122041.53125
0:01:20.258402, 0.0, 0.0, 90.0, 0.0, 122042.25
0:01:20.359107, 0.0, 0.0, 90.0, 0.0, 122042.8828125
0:01:20.451936, 0.0, 0.0, 90.0, 0.0, 122043.46875
0:01:20.547739, 0.0, 0.0, 90.0, 0.0, 122044.078125
0:01:20.661766, 0.0, 0.0, 90.0, 0.0, 122044.796875
0:01:20.759516, 0.0, 0.0, 90.0, 0.0, 122045.4140625
0:01:20.852541, 0.0, 0.0, 90.0, 0.0, 122045.9921875
0:01:20.974536, 0.0, 0.0, 90.0, 0.0, 122046.7578125
0:01:21.061082, 0.0, 0.0, 90.0, 0.0, 122047.3046875
0:01:21.177053, 0.0, 0.0, 90.0, 0.0, 122048.03125
0:01:21.260617, 0.0, 0.0, 90.0, 0.0, 122048.5625
0:01:21.356037, 0.0, 0.0, 90.0, 0.0, 122049.1640625
0:01:21.464393, 0.0, 0.0, 90.0, 0.0, 122049.8515625
0:01:21.579264, 0.0, 0.0, 90.0, 0.0, 122050.578125
0:01:21.679119, 0.0, 0.0, 90.0, 0.0, 122051.203125
0:01:21.778758, 0.0, 0.0, 90.0, 0.0, 122051.828125
0:01:21.860739, 0.0, 0.0, 90.0, 0.0, 122052.34375
0:01:21.972731, 0.0, 0.0, 90.0, 0.0, 122053.046875
0:01:22.081177, 0.0, 0.0, 90.0, 0.0, 122053.734375
0:01:22.172550, 0.0, 0.0, 90.0, 0.0, 122054.3046875
0:01:22.281679, 0.0, 0.0, 90.0, 0.0, 122054.9921875
0:01:22.369246, 0.0, 0.0, 90.0, 0.0, 122055.5390625
0:01:22.489507, 0.0, 0.0, 90.0, 0.0, 122056.296875
0:01:22.589100, 0.0, 0.0, 90.0, 0.0, 122056.9140625
0:01:22.676687, 0.0, 0.0, 90.0, 0.0, 122057.46875
0:01:22.789637, 0.0, 0.0, 90.0, 0.0, 122058.1796875
0:01:22.875274, 0.0, 0.0, 90.0, 0.0, 122058.71875
0:01:22.979576, 0.0, 0.0, 90.0, 0.0, 122059.375
0:01:23.087923, 0.0, 0.0, 90.0, 0.0, 122060.0546875
0:01:23.185760, 0.0, 0.0, 90.0, 0.0, 122060.6796875
0:01:23.299695, 0.0, 0.0, 90.0, 0.0, 122061.3984375
0:01:23.398401, 0.0, 0.0, 90.0, 0.0, 122062.015625
0:01:23.499128, 0.0, 0.0, 90.0, 0.0, 122062.65625
0:01:23.591771, 0.0, 0.0, 90.0, 0.0, 122063.2421875
0:01:23.702767, 0.0, 0.0, 90.0, 0.0, 122063.9375
0:01:23.787367, 0.0, 0.0, 90.0, 0.0, 122064.46875
0:01:23.893739, 0.0, 0.0, 90.0, 0.0, 122065.1328125
0:01:24.009645, 0.0, 0.0, 90.0, 0.0, 122065.859375
0:01:24.097230, 0.0, 0.0, 90.0, 0.0, 122066.4140625
0:01:24.195963, 0.0, 0.0, 90.0, 0.0, 122067.0390625
0:01:24.301241, 0.0, 0.0, 90.0, 0.0, 122067.703125
0:01:24.385867, 0.0, 0.0, 90.0, 0.0, 122068.234375
0:01:24.499774, 0.0, 0.0, 90.0, 0.0, 122068.953125
0:01:24.586407, 0.0, 0.0, 90.0, 0.0, 122069.5
0:01:24.699446, 0.0, 0.0, 90.0, 0.0, 122070.2109375
0:01:24.799069, 0.0, 0.0, 90.0, 0.0, 122070.84375
0:01:24.898759, 0.0, 0.0, 90.0, 0.0, 122071.4765625
0:01:24.989674, 0.0, 0.0, 90.0, 0.0, 122072.046875
0:01:25.106581, 0.0, 0.0, 90.0, 0.0, 122072.78125
0:01:25.211874, 0.0, 0.0, 90.0, 0.0, 122073.4375
0:01:25.299506, 0.0, 0.0, 90.0, 0.0, 122073.9921875
0:01:25.416434, 0.0, 0.0, 90.0, 0.0, 122074.7265625
0:01:25.502137, 0.0, 0.0, 90.0, 0.0, 122075.265625
0:01:25.613965, 0.0, 0.0, 90.0, 0.0, 122075.9765625
0:01:25.713426, 0.0, 0.0, 90.0, 0.0, 122076.6015625
0:01:25.802975, 0.0, 0.0, 90.0, 0.0, 122077.1640625
0:01:25.904709, 0.0, 0.0, 90.0, 0.0, 122077.8125
0:01:26.001008, 0.0, 0.0, 90.0, 0.0, 122078.421875
0:01:26.120399, 0.0, 0.0, 90.0, 0.0, 122079.171875
0:01:26.213541, 0.0, 0.0, 90.0, 0.0, 122079.75
0:01:26.303136, 0.0, 0.0, 90.0, 0.0, 122080.3125
0:01:26.430203, 0.0, 0.0, 90.0, 0.0, 122081.109375
0:01:26.508231, 0.0, 0.0, 90.0, 0.0, 122081.6015625
0:01:26.621115, 0.0, 0.0, 90.0, 0.0, 122082.3125
0:01:26.732242, 0.0, 0.0, 90.0, 0.0, 122083.015625
0:01:26.820771, 0.0, 0.0, 90.0, 0.0, 122083.578125
0:01:26.908538, 0.0, 0.0, 90.0, 0.0, 122084.1328125
0:01:27.015765, 0.0, 0.0, 90.0, 0.0, 122084.8125
0:01:27.129778, 0.0, 0.0, 90.0, 0.0, 122085.5390625
0:01:27.227599, 0.0, 0.0, 90.0, 0.0, 122086.15625
0:01:27.334921, 0.0, 0.0, 90.0, 0.0, 122086.828125
0:01:27.428303, 0.0, 0.0, 90.0, 0.0, 122087.421875
0:01:27.514985, 0.0, 0.0, 90.0, 0.0, 122087.9609375
0:01:27.613923, 0.0, 0.0, 90.0, 0.0, 122088.5859375
0:01:27.727980, 0.0, 0.0, 90.0, 0.0, 122089.3125
0:01:27.836432, 0.0, 0.0, 90.0, 0.0, 122089.9921875
0:01:27.919935, 0.0, 0.0, 90.0, 0.0, 122090.53125
0:01:28.019684, 0.0, 0.0, 90.0, 0.0, 122091.1640625
0:01:28.133603, 0.0, 0.0, 90.0, 0.0, 122091.8828125
0:01:28.247530, 0.0, 0.0, 90.0, 0.0, 122092.6015625
0:01:28.334121, 0.0, 0.0, 90.0, 0.0, 122093.140625
0:01:28.450985, 0.0, 0.0, 90.0, 0.0, 122093.875
0:01:28.548320, 0.0, 0.0, 90.0, 0.0, 122094.4921875
0:01:28.629270, 0.0, 0.0, 90.0, 0.0, 122095.0
0:01:28.742236, 0.0, 0.0, 90.0, 0.0, 122095.71875
0:01:28.837974, 0.0, 0.0, 90.0, 0.0, 122096.328125
0:01:28.951933, 0.0, 0.0, 90.0, 0.0, 122097.0390625
0:01:29.043057, 0.0, 0.0, 90.0, 0.0, 122097.6171875
0:01:29.151291, 0.0, 0.0, 90.0, 0.0, 122098.296875
0:01:29.252010, 0.0, 0.0, 90.0, 0.0, 122098.9296875
0:01:29.350686, 0.0, 0.0, 90.0, 0.0, 122099.546875
0:01:29.443667, 0.0, 0.0, 90.0, 0.0, 122100.1328125
0:01:29.553046, 0.0, 0.0, 90.0, 0.0, 122100.8203125
0:01:29.649153, 0.0, 0.0, 90.0, 0.0, 122101.4375
0:01:29.756583, 0.0, 0.0, 90.0, 0.0, 122102.1171875
0:01:29.841153, 0.0, 0.0, 90.0, 0.0, 122102.65625
0:01:29.936157, 0.0, 0.0, 90.0, 0.0, 122103.25
0:01:30.052126, 0.0, 0.0, 90.0, 0.0, 122103.984375
0:01:30.163443, 0.0, 0.0, 90.0, 0.0, 122104.6796875
0:01:30.262145, 0.0, 0.0, 90.0, 0.0, 122105.296875
0:01:30.354680, 0.0, 0.0, 90.0, 0.0, 122105.8828125
0:01:30.451343, 0.0, 0.0, 90.0, 0.0, 122106.4921875
0:01:30.544435, 0.0, 0.0, 90.0, 0.0, 122107.0859375
0:01:30.659464, 0.0, 0.0, 90.0, 0.0, 122107.8046875
0:01:30.747009, 0.0, 0.0, 90.0, 0.0, 122108.3515625
0:01:30.862982, 0.0, 0.0, 90.0, 0.0, 122109.0859375
0:01:30.952557, 0.0, 0.0, 90.0, 0.0, 122109.65625
0:01:31.052145, 0.0, 0.0, 90.0, 0.0, 122110.28125
0:01:31.165130, 0.0, 0.0, 90.0, 0.0, 122110.9921875
0:01:31.252622, 0.0, 0.0, 90.0, 0.0, 122111.5390625
0:01:31.368567, 0.0, 0.0, 90.0, 0.0, 122112.265625
0:01:31.455255, 0.0, 0.0, 90.0, 0.0, 122112.8125
0:01:31.566727, 0.0, 0.0, 90.0, 0.0, 122113.5234375
0:01:31.663008, 0.0, 0.0, 90.0, 0.0, 122114.1328125
0:01:31.753001, 0.0, 0.0, 90.0, 0.0, 122114.6953125
0:01:31.865973, 0.0, 0.0, 90.0, 0.0, 122115.40625
0:01:31.974306, 0.0, 0.0, 90.0, 0.0, 122116.09375
0:01:32.072033, 0.0, 0.0, 90.0, 0.0, 122116.703125
0:01:32.165015, 0.0, 0.0, 90.0, 0.0, 122117.28125
0:01:32.274319, 0.0, 0.0, 90.0, 0.0, 122117.9609375
0:01:32.369497, 0.0, 0.0, 90.0, 0.0, 122118.5625
0:01:32.475795, 0.0, 0.0, 90.0, 0.0, 122119.234375
0:01:32.584129, 0.0, 0.0, 90.0, 0.0, 122119.90625
0:01:32.674654, 0.0, 0.0, 90.0, 0.0, 122120.4765625
0:01:32.770353, 0.0, 0.0, 90.0, 0.0, 122121.078125
0:01:32.887314, 0.0, 0.0, 90.0, 0.0, 122121.828125
0:01:32.982698, 0.0, 0.0, 90.0, 0.0, 122122.4296875
0:01:33.075467, 0.0, 0.0, 90.0, 0.0, 122123.015625
0:01:33.189444, 0.0, 0.0, 90.0, 0.0, 122123.7421875
0:01:33.273956, 0.0, 0.0, 90.0, 0.0, 122124.28125
0:01:33.372653, 0.0, 0.0, 90.0, 0.0, 122124.8984375
0:01:33.492071, 0.0, 0.0, 90.0, 0.0, 122125.65625
0:01:33.578602, 0.0, 0.0, 90.0, 0.0, 122126.203125
0:01:33.694482, 0.0, 0.0, 90.0, 0.0, 122126.9375
0:01:33.778050, 0.0, 0.0, 90.0, 0.0, 122127.46875
0:01:33.872314, 0.0, 0.0, 90.0, 0.0, 122128.0625
0:01:33.988278, 0.0, 0.0, 90.0, 0.0, 122128.7890625
0:01:34.079614, 0.0, 0.0, 90.0, 0.0, 122129.3671875
0:01:34.192499, 0.0, 0.0, 90.0, 0.0, 122130.0859375
0:01:34.302803, 0.0, 0.0, 90.0, 0.0, 122130.78125
0:01:34.397014, 0.0, 0.0, 90.0, 0.0, 122131.375
0:01:34.480580, 0.0, 0.0, 90.0, 0.0, 122131.8984375
0:01:34.594477, 0.0, 0.0, 90.0, 0.0, 122132.6171875
0:01:34.692522, 0.0, 0.0, 90.0, 0.0, 122133.2421875
0:01:34.795212, 0.0, 0.0, 90.0, 0.0, 122133.8828125
0:01:34.893845, 0.0, 0.0, 90.0, 0.0, 122134.5078125
0:01:35.005172, 0.0, 0.0, 90.0, 0.0, 122135.203125
0:01:35.113488, 0.0, 0.0, 90.0, 0.0, 122135.890625
0:01:35.207050, 0.0, 0.0, 90.0, 0.0, 122136.4765625
0:01:35.291488, 0.0, 0.0, 90.0, 0.0, 122137.015625
0:01:35.400856, 0.0, 0.0, 90.0, 0.0, 122137.703125
0:01:35.513795, 0.0, 0.0, 90.0, 0.0, 122138.421875
0:01:35.610468, 0.0, 0.0, 90.0, 0.0, 122139.0390625
0:01:35.719792, 0.0, 0.0, 90.0, 0.0, 122139.7265625
0:01:35.803337, 0.0, 0.0, 90.0, 0.0, 122140.25
0:01:35.902979, 0.0, 0.0, 90.0, 0.0, 122140.8828125
0:01:36.003695, 0.0, 0.0, 90.0, 0.0, 122141.515625
0:01:36.096442, 0.0, 0.0, 90.0, 0.0, 122142.1015625
0:01:36.205818, 0.0, 0.0, 90.0, 0.0, 122142.7890625
0:01:36.304473, 0.0, 0.0, 90.0, 0.0, 122143.40625
0:01:36.424637, 0.0, 0.0, 90.0, 0.0, 122144.15625
0:01:36.517545, 0.0, 0.0, 90.0, 0.0, 122144.734375
0:01:36.631514, 0.0, 0.0, 90.0, 0.0, 122145.453125
0:01:36.721082, 0.0, 0.0, 90.0, 0.0, 122146.0234375
0:01:36.805648, 0.0, 0.0, 90.0, 0.0, 122146.546875
0:01:36.917548, 0.0, 0.0, 90.0, 0.0, 122147.25
0:01:37.014312, 0.0, 0.0, 90.0, 0.0, 122147.8671875
0:01:37.108118, 0.0, 0.0, 90.0, 0.0, 122148.4609375
0:01:37.215375, 0.0, 0.0, 90.0, 0.0, 122149.1328125
0:01:37.331360, 0.0, 0.0, 90.0, 0.0, 122149.8671875
0:01:37.415991, 0.0, 0.0, 90.0, 0.0, 122150.40625
0:01:37.511506, 0.0, 0.0, 90.0, 0.0, 122151.015625
0:01:37.624505, 0.0, 0.0, 90.0, 0.0, 122151.7265625
0:01:37.725308, 0.0, 0.0, 90.0, 0.0, 122152.3671875
0:01:37.816034, 0.0, 0.0, 90.0, 0.0, 122152.9296875
0:01:37.928899, 0.0, 0.0, 90.0, 0.0, 122153.640625
0:01:38.016525, 0.0, 0.0, 90.0, 0.0, 122154.1875
0:01:38.132508, 0.0, 0.0, 90.0, 0.0, 122154.9140625
0:01:38.219055, 0.0, 0.0, 90.0, 0.0, 122155.4609375
0:01:38.339828, 0.0, 0.0, 90.0, 0.0, 122156.2265625
0:01:38.436208, 0.0, 0.0, 90.0, 0.0, 122156.828125
0:01:38.534892, 0.0, 0.0, 90.0, 0.0, 122157.4453125
0:01:38.643824, 0.0, 0.0, 90.0, 0.0, 122158.1328125
0:01:38.727383, 0.0, 0.0, 90.0, 0.0, 122158.6640625
0:01:38.833692, 0.0, 0.0, 90.0, 0.0, 122159.328125
0:01:38.945666, 0.0, 0.0, 90.0, 0.0, 122160.03125
0:01:39.032266, 0.0, 0.0, 90.0, 0.0, 122160.578125
0:01:39.147238, 0.0, 0.0, 90.0, 0.0, 122161.296875
0:01:39.239336, 0.0, 0.0, 90.0, 0.0, 122161.8671875
0:01:39.336069, 0.0, 0.0, 90.0, 0.0, 122162.4765625
0:01:39.451060, 0.0, 0.0, 90.0, 0.0, 122163.203125
0:01:39.539551, 0.0, 0.0, 90.0, 0.0, 122163.765625
0:01:39.661347, 0.0, 0.0, 90.0, 0.0, 122164.5234375
0:01:39.744884, 0.0, 0.0, 90.0, 0.0, 122165.0546875
0:01:39.842567, 0.0, 0.0, 90.0, 0.0, 122165.671875
0:01:39.948839, 0.0, 0.0, 90.0, 0.0, 122166.3359375
0:01:40.047736, 0.0, 0.0, 90.0, 0.0, 122166.953125
0:01:40.159680, 0.0, 0.0, 90.0, 0.0, 122167.65625
0:01:40.255461, 0.0, 0.0, 90.0, 0.0, 122168.265625
0:01:40.342914, 0.0, 0.0, 90.0, 0.0, 122168.8125
0:01:40.460839, 0.0, 0.0, 90.0, 0.0, 122169.5625
0:01:40.555894, 0.0, 0.0, 90.0, 0.0, 122170.15625
0:01:40.669869, 0.0, 0.0, 90.0, 0.0, 122170.8828125
0:01:40.767239, 0.0, 0.0, 90.0, 0.0, 122171.4921875
0:01:40.865612, 0.0, 0.0, 90.0, 0.0, 122172.109375
0:01:40.957415, 0.0, 0.0, 90.0, 0.0, 122172.6953125
0:01:41.066671, 0.0, 0.0, 90.0, 0.0, 122173.3828125
0:01:41.165766, 0.0, 0.0, 90.0, 0.0, 122174.0
0:01:41.267212, 0.0, 0.0, 90.0, 0.0, 122174.640625
0:01:41.357918, 0.0, 0.0, 90.0, 0.0, 122175.2109375
0:01:41.467254, 0.0, 0.0, 90.0, 0.0, 122175.890625
0:01:41.566385, 0.0, 0.0, 90.0, 0.0, 122176.5078125
0:01:41.659135, 0.0, 0.0, 90.0, 0.0, 122177.09375
0:01:41.775137, 0.0, 0.0, 90.0, 0.0, 122177.828125
0:01:41.866134, 0.0, 0.0, 90.0, 0.0, 122178.3984375
0:01:41.976396, 0.0, 0.0, 90.0, 0.0, 122179.09375
0:01:42.077103, 0.0, 0.0, 90.0, 0.0, 122179.7265625
0:01:42.165799, 0.0, 0.0, 90.0, 0.0, 122180.28125
0:01:42.281793, 0.0, 0.0, 90.0, 0.0, 122181.015625
0:01:42.367283, 0.0, 0.0, 90.0, 0.0, 122181.5546875
0:01:42.483369, 0.0, 0.0, 90.0, 0.0, 122182.2890625
0:01:42.568917, 0.0, 0.0, 90.0, 0.0, 122182.8359375
0:01:42.666655, 0.0, 0.0, 90.0, 0.0, 122183.453125
0:01:42.793515, 0.0, 0.0, 90.0, 0.0, 122184.25
0:01:42.879139, 0.0, 0.0, 90.0, 0.0, 122184.78125
0:01:42.988515, 0.0, 0.0, 90.0, 0.0, 122185.46875
0:01:43.074108, 0.0, 0.0, 90.0, 0.0, 122186.0078125
0:01:43.178778, 0.0, 0.0, 90.0, 0.0, 122186.671875
0:01:43.292708, 0.0, 0.0, 90.0, 0.0, 122187.390625
0:01:43.373608, 0.0, 0.0, 90.0, 0.0, 122187.8984375
0:01:43.488624, 0.0, 0.0, 90.0, 0.0, 122188.625
0:01:43.585690, 0.0, 0.0, 90.0, 0.0, 122189.234375
0:01:43.687581, 0.0, 0.0, 90.0, 0.0, 122189.875
0:01:43.803739, 0.0, 0.0, 90.0, 0.0, 122190.609375
0:01:43.888269, 0.0, 0.0, 90.0, 0.0, 122191.140625
0:01:43.983723, 0.0, 0.0, 90.0, 0.0, 122191.75
0:01:44.094716, 0.0, 0.0, 90.0, 0.0, 122192.4453125
0:01:44.183265, 0.0, 0.0, 90.0, 0.0, 122193.0078125
0:01:44.298290, 0.0, 0.0, 90.0, 0.0, 122193.734375
0:01:44.408583, 0.0, 0.0, 90.0, 0.0, 122194.4296875
0:01:44.507704, 0.0, 0.0, 90.0, 0.0, 122195.0546875
0:01:44.597417, 0.0, 0.0, 90.0, 0.0, 122195.6171875
0:01:44.707719, 0.0, 0.0, 90.0, 0.0, 122196.3125
0:01:44.808814, 0.0, 0.0, 90.0, 0.0, 122196.953125
0:01:44.907472, 0.0, 0.0, 90.0, 0.0, 122197.5703125
0:01:45.007660, 0.0, 0.0, 90.0, 0.0, 122198.2109375
0:01:45.090901, 0.0, 0.0, 90.0, 0.0, 122198.734375
0:01:45.215050, 0.0, 0.0, 90.0, 0.0, 122199.515625
0:01:45.297575, 0.0, 0.0, 90.0, 0.0, 122200.0390625
0:01:45.403862, 0.0, 0.0, 90.0, 0.0, 122200.703125
0:01:45.517831, 0.0, 0.0, 90.0, 0.0, 122201.421875
0:01:45.606437, 0.0, 0.0, 90.0, 0.0, 122201.9765625
0:01:45.722426, 0.0, 0.0, 90.0, 0.0, 122202.7109375
0:01:45.804864, 0.0, 0.0, 90.0, 0.0, 122203.2265625
0:01:45.917263, 0.0, 0.0, 90.0, 0.0, 122203.9296875
0:01:46.017153, 0.0, 0.0, 90.0, 0.0, 122204.5625
0:01:46.116769, 0.0, 0.0, 90.0, 0.0, 122205.1953125
0:01:46.208748, 0.0, 0.0, 90.0, 0.0, 122205.7734375
0:01:46.324697, 0.0, 0.0, 90.0, 0.0, 122206.5078125
0:01:46.409256, 0.0, 0.0, 90.0, 0.0, 122207.046875
0:01:46.520597, 0.0, 0.0, 90.0, 0.0, 122207.734375
0:01:46.607149, 0.0, 0.0, 90.0, 0.0, 122208.28125
0:01:46.720137, 0.0, 0.0, 90.0, 0.0, 122208.9921875
0:01:46.806620, 0.0, 0.0, 90.0, 0.0, 122209.5390625
0:01:46.918585, 0.0, 0.0, 90.0, 0.0, 122210.25
0:01:47.007215, 0.0, 0.0, 90.0, 0.0, 122210.8046875
0:01:47.122139, 0.0, 0.0, 90.0, 0.0, 122211.53125
0:01:47.232975, 0.0, 0.0, 90.0, 0.0, 122212.234375
0:01:47.330316, 0.0, 0.0, 90.0, 0.0, 122212.84375
0:01:47.428143, 0.0, 0.0, 90.0, 0.0, 122213.4609375
0:01:47.510640, 0.0, 0.0, 90.0, 0.0, 122213.9921875
0:01:47.632442, 0.0, 0.0, 90.0, 0.0, 122214.765625
0:01:47.728160, 0.0, 0.0, 90.0, 0.0, 122215.3671875
0:01:47.820885, 0.0, 0.0, 90.0, 0.0, 122215.953125
0:01:47.933838, 0.0, 0.0, 90.0, 0.0, 122216.671875
0:01:48.020467, 0.0, 0.0, 90.0, 0.0, 122217.21875
0:01:48.136461, 0.0, 0.0, 90.0, 0.0, 122217.9453125
0:01:48.221989, 0.0, 0.0, 90.0, 0.0, 122218.4921875
0:01:48.335969, 0.0, 0.0, 90.0, 0.0, 122219.2109375
0:01:48.448940, 0.0, 0.0, 90.0, 0.0, 122219.921875
0:01:48.529852, 0.0, 0.0, 90.0, 0.0, 122220.4296875
0:01:48.644788, 0.0, 0.0, 90.0, 0.0, 122221.15625
0:01:48.732449, 0.0, 0.0, 90.0, 0.0, 122221.7109375
0:01:48.846304, 0.0, 0.0, 90.0, 0.0, 122222.4296875
0:01:48.934895, 0.0, 0.0, 90.0, 0.0, 122222.9921875
0:01:49.047787, 0.0, 0.0, 90.0, 0.0, 122223.7109375
0:01:49.133308, 0.0, 0.0, 90.0, 0.0, 122224.25
0:01:49.254193, 0.0, 0.0, 90.0, 0.0, 122225.015625
0:01:49.336193, 0.0, 0.0, 90.0, 0.0, 122225.53125
0:01:49.452317, 0.0, 0.0, 90.0, 0.0, 122226.2578125
0:01:49.533192, 0.0, 0.0, 90.0, 0.0, 122226.765625
0:01:49.630736, 0.0, 0.0, 90.0, 0.0, 122227.3828125
0:01:49.751592, 0.0, 0.0, 90.0, 0.0, 122228.140625
0:01:49.840179, 0.0, 0.0, 90.0, 0.0, 122228.6953125
0:01:49.954166, 0.0, 0.0, 90.0, 0.0, 122229.4140625
0:01:50.035097, 0.0, 0.0, 90.0, 0.0, 122229.921875
0:01:50.149996, 0.0, 0.0, 90.0, 0.0, 122230.640625
0:01:50.246187, 0.0, 0.0, 90.0, 0.0, 122231.2421875
0:01:50.355475, 0.0, 0.0, 90.0, 0.0, 122231.9296875
0:01:50.443010, 0.0, 0.0, 90.0, 0.0, 122232.484375
0:01:50.557968, 0.0, 0.0, 90.0, 0.0, 122233.2109375
0:01:50.644523, 0.0, 0.0, 90.0, 0.0, 122233.7578125
0:01:50.768668, 0.0, 0.0, 90.0, 0.0, 122234.5390625
0:01:50.861657, 0.0, 0.0, 90.0, 0.0, 122235.125
0:01:50.946304, 0.0, 0.0, 90.0, 0.0, 122235.6640625
0:01:51.062199, 0.0, 0.0, 90.0, 0.0, 122236.40625
0:01:51.159599, 0.0, 0.0, 90.0, 0.0, 122237.015625
0:01:51.251326, 0.0, 0.0, 90.0, 0.0, 122237.59375
0:01:51.359625, 0.0, 0.0, 90.0, 0.0, 122238.28125
0:01:51.460335, 0.0, 0.0, 90.0, 0.0, 122238.90625
0:01:51.563105, 0.0, 0.0, 90.0, 0.0, 122239.5546875
0:01:51.674936, 0.0, 0.0, 90.0, 0.0, 122240.265625
0:01:51.762498, 0.0, 0.0, 90.0, 0.0, 122240.8203125
0:01:51.860620, 0.0, 0.0, 90.0, 0.0, 122241.4296875
0:01:51.980739, 0.0, 0.0, 90.0, 0.0, 122242.1875
0:01:52.060875, 0.0, 0.0, 90.0, 0.0, 122242.6953125
0:01:52.171193, 0.0, 0.0, 90.0, 0.0, 122243.390625
0:01:52.269354, 0.0, 0.0, 90.0, 0.0, 122244.0078125
0:01:52.363333, 0.0, 0.0, 90.0, 0.0, 122244.6015625
0:01:52.479305, 0.0, 0.0, 90.0, 0.0, 122245.328125
0:01:52.566906, 0.0, 0.0, 90.0, 0.0, 122245.8828125
0:01:52.680729, 0.0, 0.0, 90.0, 0.0, 122246.609375
0:01:52.779457, 0.0, 0.0, 90.0, 0.0, 122247.2265625
0:01:52.869509, 0.0, 0.0, 90.0, 0.0, 122247.7890625
0:01:52.983535, 0.0, 0.0, 90.0, 0.0, 122248.5078125
0:01:53.081350, 0.0, 0.0, 90.0, 0.0, 122249.1171875
0:01:53.174130, 0.0, 0.0, 90.0, 0.0, 122249.703125
0:01:53.283348, 0.0, 0.0, 90.0, 0.0, 122250.390625
0:01:53.367945, 0.0, 0.0, 90.0, 0.0, 122250.9296875
0:01:53.475200, 0.0, 0.0, 90.0, 0.0, 122251.6015625
0:01:53.596322, 0.0, 0.0, 90.0, 0.0, 122252.359375
0:01:53.680832, 0.0, 0.0, 90.0, 0.0, 122252.890625
0:01:53.776042, 0.0, 0.0, 90.0, 0.0, 122253.4921875
0:01:53.890935, 0.0, 0.0, 90.0, 0.0, 122254.21875
0:01:53.985681, 0.0, 0.0, 90.0, 0.0, 122254.8125
0:01:54.090868, 0.0, 0.0, 90.0, 0.0, 122255.4765625
0:01:54.178489, 0.0, 0.0, 90.0, 0.0, 122256.03125
0:01:54.294489, 0.0, 0.0, 90.0, 0.0, 122256.765625
0:01:54.390654, 0.0, 0.0, 90.0, 0.0, 122257.375
0:01:54.483347, 0.0, 0.0, 90.0, 0.0, 122257.9609375
0:01:54.592634, 0.0, 0.0, 90.0, 0.0, 122258.65625
0:01:54.688309, 0.0, 0.0, 90.0, 0.0, 122259.2578125
0:01:54.802354, 0.0, 0.0, 90.0, 0.0, 122259.9765625
0:01:54.899690, 0.0, 0.0, 90.0, 0.0, 122260.59375
0:01:54.984222, 0.0, 0.0, 90.0, 0.0, 122261.1328125
0:01:55.080883, 0.0, 0.0, 90.0, 0.0, 122261.7421875
0:01:55.193855, 0.0, 0.0, 90.0, 0.0, 122262.4609375
0:01:55.293645, 0.0, 0.0, 90.0, 0.0, 122263.09375
0:01:55.386085, 0.0, 0.0, 90.0, 0.0, 122263.6640625
0:01:55.507513, 0.0, 0.0, 90.0, 0.0, 122264.4375
0:01:55.590474, 0.0, 0.0, 90.0, 0.0, 122264.9609375
0:01:55.688341, 0.0, 0.0, 90.0, 0.0, 122265.578125
0:01:55.795669, 0.0, 0.0, 90.0, 0.0, 122266.2578125
0:01:55.890006, 0.0, 0.0, 90.0, 0.0, 122266.8515625
0:01:56.015324, 0.0, 0.0, 90.0, 0.0, 122267.640625
0:01:56.110768, 0.0, 0.0, 90.0, 0.0, 122268.2421875
0:01:56.212935, 0.0, 0.0, 90.0, 0.0, 122268.890625
0:01:56.313204, 0.0, 0.0, 90.0, 0.0, 122269.515625
0:01:56.411953, 0.0, 0.0, 90.0, 0.0, 122270.1328125
0:01:56.511345, 0.0, 0.0, 90.0, 0.0, 122270.7578125
0:01:56.595882, 0.0, 0.0, 90.0, 0.0, 122271.296875
0:01:56.720650, 0.0, 0.0, 90.0, 0.0, 122272.0859375
0:01:56.804205, 0.0, 0.0, 90.0, 0.0, 122272.609375
0:01:56.898573, 0.0, 0.0, 90.0, 0.0, 122273.2109375
0:01:57.006976, 0.0, 0.0, 90.0, 0.0, 122273.8828125
0:01:57.121867, 0.0, 0.0, 90.0, 0.0, 122274.609375
0:01:57.203764, 0.0, 0.0, 90.0, 0.0, 122275.125
0:01:57.320676, 0.0, 0.0, 90.0, 0.0, 122275.859375
0:01:57.403499, 0.0, 0.0, 90.0, 0.0, 122276.3828125
0:01:57.531679, 0.0, 0.0, 90.0, 0.0, 122277.1796875
0:01:57.618359, 0.0, 0.0, 90.0, 0.0, 122277.7265625
0:01:57.730272, 0.0, 0.0, 90.0, 0.0, 122278.4375
0:01:57.813764, 0.0, 0.0, 90.0, 0.0, 122278.96875
0:01:57.909132, 0.0, 0.0, 90.0, 0.0, 122279.5703125
0:01:58.017385, 0.0, 0.0, 90.0, 0.0, 122280.2578125
0:01:58.113668, 0.0, 0.0, 90.0, 0.0, 122280.859375
0:01:58.212381, 0.0, 0.0, 90.0, 0.0, 122281.4765625
0:01:58.333555, 0.0, 0.0, 90.0, 0.0, 122282.2421875
0:01:58.432036, 0.0, 0.0, 90.0, 0.0, 122282.8671875
0:01:58.540475, 0.0, 0.0, 90.0, 0.0, 122283.5390625
0:01:58.628057, 0.0, 0.0, 90.0, 0.0, 122284.0859375
0:01:58.745938, 0.0, 0.0, 90.0, 0.0, 122284.8203125
0:01:58.842046, 0.0, 0.0, 90.0, 0.0, 122285.421875
0:01:58.934055, 0.0, 0.0, 90.0, 0.0, 122286.0
0:01:59.043425, 0.0, 0.0, 90.0, 0.0, 122286.6875
0:01:59.142969, 0.0, 0.0, 90.0, 0.0, 122287.3046875
0:01:59.230652, 0.0, 0.0, 90.0, 0.0, 122287.8671875
0:01:59.343646, 0.0, 0.0, 90.0, 0.0, 122288.578125
0:01:59.425674, 0.0, 0.0, 90.0, 0.0, 122289.09375
0:01:59.541681, 0.0, 0.0, 90.0, 0.0, 122289.8203125
0:01:59.630292, 0.0, 0.0, 90.0, 0.0, 122290.3828125
0:01:59.744243, 0.0, 0.0, 90.0, 0.0, 122291.1015625
0:01:59.836992, 0.0, 0.0, 90.0, 0.0, 122291.6796875
0:01:59.932806, 0.0, 0.0, 90.0, 0.0, 122292.28125
0:02:00.046837, 0.0, 0.0, 90.0, 0.0, 122293.0
0:02:00.142694, 0.0, 0.0, 90.0, 0.0, 122293.609375
0:02:00.236832, 0.0, 0.0, 90.0, 0.0, 122294.203125
0:02:00.344066, 0.0, 0.0, 90.0, 0.0, 122294.8828125
0:02:00.460284, 0.0, 0.0, 90.0, 0.0, 122295.609375
0:02:00.545823, 0.0, 0.0, 90.0, 0.0, 122296.1484375
0:02:00.642591, 0.0, 0.0, 90.0, 0.0, 122296.75
0:02:00.764922, 0.0, 0.0, 90.0, 0.0, 122297.5234375
0:02:00.863680, 0.0, 0.0, 90.0, 0.0, 122298.140625
0:02:00.952411, 0.0, 0.0, 90.0, 0.0, 122298.6953125
0:02:01.066408, 0.0, 0.0, 90.0, 0.0, 122299.4140625
0:02:01.142843, 0.0, 0.0, 90.0, 0.0, 122299.890625
0:02:01.259844, 0.0, 0.0, 90.0, 0.0, 122300.6328125
0:02:01.347388, 0.0, 0.0, 90.0, 0.0, 122301.1875
0:02:01.460388, 0.0, 0.0, 90.0, 0.0, 122301.90625
0:02:01.568688, 0.0, 0.0, 90.0, 0.0, 122302.59375
0:02:01.655288, 0.0, 0.0, 90.0, 0.0, 122303.140625
0:02:01.753706, 0.0, 0.0, 90.0, 0.0, 122303.7578125
0:02:01.873826, 0.0, 0.0, 90.0, 0.0, 122304.515625
0:02:01.973553, 0.0, 0.0, 90.0, 0.0, 122305.140625
0:02:02.065371, 0.0, 0.0, 90.0, 0.0, 122305.7109375
0:02:02.174711, 0.0, 0.0, 90.0, 0.0, 122306.3984375
0:02:02.272877, 0.0, 0.0, 90.0, 0.0, 122307.015625
0:02:02.373542, 0.0, 0.0, 90.0, 0.0, 122307.65625
0:02:02.465400, 0.0, 0.0, 90.0, 0.0, 122308.234375
0:02:02.583398, 0.0, 0.0, 90.0, 0.0, 122308.96875
0:02:02.689713, 0.0, 0.0, 90.0, 0.0, 122309.640625
0:02:02.775279, 0.0, 0.0, 90.0, 0.0, 122310.1796875
0:02:02.884894, 0.0, 0.0, 90.0, 0.0, 122310.875
0:02:02.973725, 0.0, 0.0, 90.0, 0.0, 122311.4375
0:02:03.084059, 0.0, 0.0, 90.0, 0.0, 122312.140625
0:02:03.183737, 0.0, 0.0, 90.0, 0.0, 122312.7734375
0:02:03.275706, 0.0, 0.0, 90.0, 0.0, 122313.3515625
0:02:03.387708, 0.0, 0.0, 90.0, 0.0, 122314.0546875
0:02:03.475276, 0.0, 0.0, 90.0, 0.0, 122314.6015625
0:02:03.574983, 0.0, 0.0, 90.0, 0.0, 122315.234375
0:02:03.678267, 0.0, 0.0, 90.0, 0.0, 122315.875
0:02:03.787571, 0.0, 0.0, 90.0, 0.0, 122316.5625
0:02:03.885810, 0.0, 0.0, 90.0, 0.0, 122317.1796875
0:02:03.983263, 0.0, 0.0, 90.0, 0.0, 122317.796875
0:02:04.097196, 0.0, 0.0, 90.0, 0.0, 122318.515625
0:02:04.184733, 0.0, 0.0, 90.0, 0.0, 122319.0625
0:02:04.284075, 0.0, 0.0, 90.0, 0.0, 122319.6953125
0:02:04.384747, 0.0, 0.0, 90.0, 0.0, 122320.328125
0:02:04.497758, 0.0, 0.0, 90.0, 0.0, 122321.0390625
0:02:04.596571, 0.0, 0.0, 90.0, 0.0, 122321.65625
0:02:04.695899, 0.0, 0.0, 90.0, 0.0, 122322.2890625
0:02:04.793586, 0.0, 0.0, 90.0, 0.0, 122322.90625
0:02:04.898837, 0.0, 0.0, 90.0, 0.0, 122323.578125
0:02:04.985301, 0.0, 0.0, 90.0, 0.0, 122324.1171875
0:02:05.105732, 0.0, 0.0, 90.0, 0.0, 122324.875
0:02:05.204444, 0.0, 0.0, 90.0, 0.0, 122325.4921875
0:02:05.297446, 0.0, 0.0, 90.0, 0.0, 122326.0859375
0:02:05.406740, 0.0, 0.0, 90.0, 0.0, 122326.7734375
0:02:05.506443, 0.0, 0.0, 90.0, 0.0, 122327.3984375
0:02:05.605078, 0.0, 0.0, 90.0, 0.0, 122328.015625
0:02:05.692730, 0.0, 0.0, 90.0, 0.0, 122328.5703125
0:02:05.807775, 0.0, 0.0, 90.0, 0.0, 122329.3125
0:02:05.902447, 0.0, 0.0, 90.0, 0.0, 122329.90625
0:02:06.016433, 0.0, 0.0, 90.0, 0.0, 122330.625
0:02:06.114137, 0.0, 0.0, 90.0, 0.0, 122331.25
0:02:06.200744, 0.0, 0.0, 90.0, 0.0, 122331.796875
0:02:06.316858, 0.0, 0.0, 90.0, 0.0, 122332.5234375
0:02:06.402458, 0.0, 0.0, 90.0, 0.0, 122333.0625
0:02:06.515445, 0.0, 0.0, 90.0, 0.0, 122333.7734375
0:02:06.598962, 0.0, 0.0, 90.0, 0.0, 122334.3046875
0:02:06.724781, 0.0, 0.0, 90.0, 0.0, 122335.09375
0:02:06.809349, 0.0, 0.0, 90.0, 0.0, 122335.6328125
0:02:06.905721, 0.0, 0.0, 90.0, 0.0, 122336.2421875
0:02:07.005088, 0.0, 0.0, 90.0, 0.0, 122336.8671875
0:02:07.116576, 0.0, 0.0, 90.0, 0.0, 122337.5625
0:02:07.207325, 0.0, 0.0, 90.0, 0.0, 122338.1328125
0:02:07.319265, 0.0, 0.0, 90.0, 0.0, 122338.84375
0:02:07.414585, 0.0, 0.0, 90.0, 0.0, 122339.453125
0:02:07.506597, 0.0, 0.0, 90.0, 0.0, 122340.03125
0:02:07.616858, 0.0, 0.0, 90.0, 0.0, 122340.7265625
0:02:07.716057, 0.0, 0.0, 90.0, 0.0, 122341.3515625
0:02:07.815474, 0.0, 0.0, 90.0, 0.0, 122341.9765625
0:02:07.908280, 0.0, 0.0, 90.0, 0.0, 122342.5625
0:02:08.023268, 0.0, 0.0, 90.0, 0.0, 122343.2890625
0:02:08.108866, 0.0, 0.0, 90.0, 0.0, 122343.8359375
0:02:08.206765, 0.0, 0.0, 90.0, 0.0, 122344.453125
0:02:08.319763, 0.0, 0.0, 90.0, 0.0, 122345.171875
0:02:08.419578, 0.0, 0.0, 90.0, 0.0, 122345.796875
0:02:08.515739, 0.0, 0.0, 90.0, 0.0, 122346.3984375
0:02:08.636133, 0.0, 0.0, 90.0, 0.0, 122347.15625
0:02:08.735869, 0.0, 0.0, 90.0, 0.0, 122347.78125
0:02:08.828744, 0.0, 0.0, 90.0, 0.0, 122348.359375
0:02:08.938135, 0.0, 0.0, 90.0, 0.0, 122349.046875
0:02:09.036413, 0.0, 0.0, 90.0, 0.0, 122349.6640625
0:02:09.128089, 0.0, 0.0, 90.0, 0.0, 122350.2421875
0:02:09.236439, 0.0, 0.0, 90.0, 0.0, 122350.9296875
0:02:09.337143, 0.0, 0.0, 90.0, 0.0, 122351.5546875
0:02:09.435824, 0.0, 0.0, 90.0, 0.0, 122352.1796875
0:02:09.527924, 0.0, 0.0, 90.0, 0.0, 122352.7578125
0:02:09.637152, 0.0, 0.0, 90.0, 0.0, 122353.4453125
0:02:09.736786, 0.0, 0.0, 90.0, 0.0, 122354.0625
0:02:09.824381, 0.0, 0.0, 90.0, 0.0, 122354.625
0:02:09.937350, 0.0, 0.0, 90.0, 0.0, 122355.3359375
0:02:10.046647, 0.0, 0.0, 90.0, 0.0, 122356.03125
0:02:10.140750, 0.0, 0.0, 90.0, 0.0, 122356.6171875
0:02:10.249656, 0.0, 0.0, 90.0, 0.0, 122357.3046875
0:02:10.334177, 0.0, 0.0, 90.0, 0.0, 122357.8359375
0:02:10.448067, 0.0, 0.0, 90.0, 0.0, 122358.5625
0:02:10.544142, 0.0, 0.0, 90.0, 0.0, 122359.1796875
0:02:10.651618, 0.0, 0.0, 90.0, 0.0, 122359.859375
0:02:10.744338, 0.0, 0.0, 90.0, 0.0, 122360.4453125
0:02:10.831919, 0.0, 0.0, 90.0, 0.0, 122361.0078125
0:02:10.956967, 0.0, 0.0, 90.0, 0.0, 122361.7890625
0:02:11.060367, 0.0, 0.0, 90.0, 0.0, 122362.4375
0:02:11.158054, 0.0, 0.0, 90.0, 0.0, 122363.0546875
0:02:11.247768, 0.0, 0.0, 90.0, 0.0, 122363.6171875
0:02:11.362793, 0.0, 0.0, 90.0, 0.0, 122364.3359375
0:02:11.450453, 0.0, 0.0, 90.0, 0.0, 122364.8984375
0:02:11.546333, 0.0, 0.0, 90.0, 0.0, 122365.5
0:02:11.644917, 0.0, 0.0, 90.0, 0.0, 122366.125
0:02:11.752256, 0.0, 0.0, 90.0, 0.0, 122366.8046875
0:02:11.847757, 0.0, 0.0, 90.0, 0.0, 122367.4140625
0:02:11.941912, 0.0, 0.0, 90.0, 0.0, 122368.0078125
0:02:12.064620, 0.0, 0.0, 90.0, 0.0, 122368.7890625
0:02:12.149144, 0.0, 0.0, 90.0, 0.0, 122369.3203125
0:02:12.246667, 0.0, 0.0, 90.0, 0.0, 122369.9375
0:02:12.364931, 0.0, 0.0, 90.0, 0.0, 122370.6796875
0:02:12.453505, 0.0, 0.0, 90.0, 0.0, 122371.2421875
0:02:12.567491, 0.0, 0.0, 90.0, 0.0, 122371.9609375
0:02:12.648331, 0.0, 0.0, 90.0, 0.0, 122372.46875
0:02:12.761295, 0.0, 0.0, 90.0, 0.0, 122373.1875
0:02:12.856660, 0.0, 0.0, 90.0, 0.0, 122373.7890625
0:02:12.978144, 0.0, 0.0, 90.0, 0.0, 122374.5546875
0:02:13.069985, 0.0, 0.0, 90.0, 0.0, 122375.1328125
0:02:13.155487, 0.0, 0.0, 90.0, 0.0, 122375.671875
0:02:13.264788, 0.0, 0.0, 90.0, 0.0, 122376.3671875
0:02:13.377829, 0.0, 0.0, 90.0, 0.0, 122377.0859375
0:02:13.478217, 0.0, 0.0, 90.0, 0.0, 122377.71875
0:02:13.570987, 0.0, 0.0, 90.0, 0.0, 122378.296875
0:02:13.683930, 0.0, 0.0, 90.0, 0.0, 122379.015625
0:02:13.770514, 0.0, 0.0, 90.0, 0.0, 122379.5625
0:02:13.885490, 0.0, 0.0, 90.0, 0.0, 122380.2890625
0:02:13.971135, 0.0, 0.0, 90.0, 0.0, 122380.828125
0:02:14.058653, 0.0, 0.0, 90.0, 0.0, 122381.3828125
0:02:14.172776, 0.0, 0.0, 90.0, 0.0, 122382.1015625
0:02:14.269673, 0.0, 0.0, 90.0, 0.0, 122382.7109375
0:02:14.365354, 0.0, 0.0, 90.0, 0.0, 122383.3203125
0:02:14.472688, 0.0, 0.0, 90.0, 0.0, 122383.9921875
0:02:14.579988, 0.0, 0.0, 90.0, 0.0, 122384.671875
0:02:14.668647, 0.0, 0.0, 90.0, 0.0, 122385.2265625
0:02:14.784649, 0.0, 0.0, 90.0, 0.0, 122385.953125
0:02:14.868278, 0.0, 0.0, 90.0, 0.0, 122386.4921875
0:02:14.968426, 0.0, 0.0, 90.0, 0.0, 122387.1171875
0:02:15.069102, 0.0, 0.0, 90.0, 0.0, 122387.7578125
0:02:15.185006, 0.0, 0.0, 90.0, 0.0, 122388.484375
0:02:15.293580, 0.0, 0.0, 90.0, 0.0, 122389.1640625
0:02:15.388947, 0.0, 0.0, 90.0, 0.0, 122389.765625
0:02:15.477964, 0.0, 0.0, 90.0, 0.0, 122390.3203125
0:02:15.591796, 0.0, 0.0, 90.0, 0.0, 122391.0390625
0:02:15.676451, 0.0, 0.0, 90.0, 0.0, 122391.5703125
0:02:15.789481, 0.0, 0.0, 90.0, 0.0, 122392.2734375
0:02:15.879158, 0.0, 0.0, 90.0, 0.0, 122392.8359375
0:02:15.993060, 0.0, 0.0, 90.0, 0.0, 122393.5625
0:02:16.079676, 0.0, 0.0, 90.0, 0.0, 122394.109375
0:02:16.189985, 0.0, 0.0, 90.0, 0.0, 122394.796875
0:02:16.291191, 0.0, 0.0, 90.0, 0.0, 122395.4296875
0:02:16.386540, 0.0, 0.0, 90.0, 0.0, 122396.0390625
0:02:16.502534, 0.0, 0.0, 90.0, 0.0, 122396.7734375
0:02:16.587049, 0.0, 0.0, 90.0, 0.0, 122397.3046875
0:02:16.701911, 0.0, 0.0, 90.0, 0.0, 122398.03125
0:02:16.789541, 0.0, 0.0, 90.0, 0.0, 122398.5859375
0:02:16.888947, 0.0, 0.0, 90.0, 0.0, 122399.21875
0:02:17.000887, 0.0, 0.0, 90.0, 0.0, 122399.9296875
0:02:17.091399, 0.0, 0.0, 90.0, 0.0, 122400.4921875
0:02:17.219566, 0.0, 0.0, 90.0, 0.0, 122401.296875
0:02:17.302071, 0.0, 0.0, 90.0, 0.0, 122401.828125
0:02:17.400429, 0.0, 0.0, 90.0, 0.0, 122402.453125
0:02:17.498535, 0.0, 0.0, 90.0, 0.0, 122403.0703125
0:02:17.599175, 0.0, 0.0, 90.0, 0.0, 122403.703125
0:02:17.720543, 0.0, 0.0, 90.0, 0.0, 122404.46875
0:02:17.812555, 0.0, 0.0, 90.0, 0.0, 122405.046875
0:02:17.900084, 0.0, 0.0, 90.0, 0.0, 122405.6015625
0:02:18.013035, 0.0, 0.0, 90.0, 0.0, 122406.3125
0:02:18.125906, 0.0, 0.0, 90.0, 0.0, 122407.0234375
0:02:18.211544, 0.0, 0.0, 90.0, 0.0, 122407.5625
0:02:18.320829, 0.0, 0.0, 90.0, 0.0, 122408.2578125
0:02:18.429157, 0.0, 0.0, 90.0, 0.0, 122408.9375
0:02:18.525063, 0.0, 0.0, 90.0, 0.0, 122409.546875
0:02:18.618575, 0.0, 0.0, 90.0, 0.0, 122410.1328125
0:02:18.711855, 0.0, 0.0, 90.0, 0.0, 122410.71875
0:02:18.824849, 0.0, 0.0, 90.0, 0.0, 122411.4296875
0:02:18.939809, 0.0, 0.0, 90.0, 0.0, 122412.15625
0:02:19.031968, 0.0, 0.0, 90.0, 0.0, 122412.734375
0:02:19.119583, 0.0, 0.0, 90.0, 0.0, 122413.28125
0:02:19.221198, 0.0, 0.0, 90.0, 0.0, 122413.921875
0:02:19.342324, 0.0, 0.0, 90.0, 0.0, 122414.6875
0:02:19.440558, 0.0, 0.0, 90.0, 0.0, 122415.3046875
0:02:19.539921, 0.0, 0.0, 90.0, 0.0, 122415.9296875
0:02:19.627555, 0.0, 0.0, 90.0, 0.0, 122416.484375
0:02:19.734860, 0.0, 0.0, 90.0, 0.0, 122417.15625
0:02:19.827561, 0.0, 0.0, 90.0, 0.0, 122417.7421875
0:02:19.942546, 0.0, 0.0, 90.0, 0.0, 122418.46875
0:02:20.039942, 0.0, 0.0, 90.0, 0.0, 122419.0859375
0:02:20.141453, 0.0, 0.0, 90.0, 0.0, 122419.71875
0:02:20.234164, 0.0, 0.0, 90.0, 0.0, 122420.3046875
0:02:20.351071, 0.0, 0.0, 90.0, 0.0, 122421.0390625
0:02:20.447568, 0.0, 0.0, 90.0, 0.0, 122421.6484375
0:02:20.536088, 0.0, 0.0, 90.0, 0.0, 122422.203125
0:02:20.651095, 0.0, 0.0, 90.0, 0.0, 122422.9296875
0:02:20.739711, 0.0, 0.0, 90.0, 0.0, 122423.4921875
0:02:20.851040, 0.0, 0.0, 90.0, 0.0, 122424.1875
0:02:20.950591, 0.0, 0.0, 90.0, 0.0, 122424.8203125
0:02:21.051198, 0.0, 0.0, 90.0, 0.0, 122425.453125
0:02:21.142941, 0.0, 0.0, 90.0, 0.0, 122426.0390625
0:02:21.255869, 0.0, 0.0, 90.0, 0.0, 122426.7578125
0:02:21.352431, 0.0, 0.0, 90.0, 0.0, 122427.359375
0:02:21.451157, 0.0, 0.0, 90.0, 0.0, 122427.9765625
0:02:21.560434, 0.0, 0.0, 90.0, 0.0, 122428.6640625
0:02:21.646037, 0.0, 0.0, 90.0, 0.0, 122429.203125
0:02:21.760923, 0.0, 0.0, 90.0, 0.0, 122429.921875
0:02:21.848575, 0.0, 0.0, 90.0, 0.0, 122430.4765625
0:02:21.956886, 0.0, 0.0, 90.0, 0.0, 122431.15625
0:02:22.043551, 0.0, 0.0, 90.0, 0.0, 122431.703125
0:02:22.164553, 0.0, 0.0, 90.0, 0.0, 122432.4609375
0:02:22.260436, 0.0, 0.0, 90.0, 0.0, 122433.0703125
0:02:22.345960, 0.0, 0.0, 90.0, 0.0, 122433.6171875
0:02:22.466939, 0.0, 0.0, 90.0, 0.0, 122434.3828125
0:02:22.552423, 0.0, 0.0, 90.0, 0.0, 122434.9296875
0:02:22.660729, 0.0, 0.0, 90.0, 0.0, 122435.6015625
0:02:22.756604, 0.0, 0.0, 90.0, 0.0, 122436.2109375
0:02:22.864885, 0.0, 0.0, 90.0, 0.0, 122436.890625
0:02:22.971410, 0.0, 0.0, 90.0, 0.0, 122437.5625
0:02:23.058988, 0.0, 0.0, 90.0, 0.0, 122438.1171875
0:02:23.172885, 0.0, 0.0, 90.0, 0.0, 122438.84375
0:02:23.271110, 0.0, 0.0, 90.0, 0.0, 122439.4609375
0:02:23.370744, 0.0, 0.0, 90.0, 0.0, 122440.09375
0:02:23.462460, 0.0, 0.0, 90.0, 0.0, 122440.6640625
0:02:23.575454, 0.0, 0.0, 90.0, 0.0, 122441.3828125
0:02:23.662911, 0.0, 0.0, 90.0, 0.0, 122441.9375
0:02:23.761612, 0.0, 0.0, 90.0, 0.0, 122442.5625
0:02:23.862180, 0.0, 0.0, 90.0, 0.0, 122443.1875
0:02:23.973453, 0.0, 0.0, 90.0, 0.0, 122443.890625
0:02:24.072123, 0.0, 0.0, 90.0, 0.0, 122444.5078125
0:02:24.163872, 0.0, 0.0, 90.0, 0.0, 122445.078125
0:02:24.273200, 0.0, 0.0, 90.0, 0.0, 122445.765625
0:02:24.371872, 0.0, 0.0, 90.0, 0.0, 122446.390625
0:02:24.459462, 0.0, 0.0, 90.0, 0.0, 122446.9375
0:02:24.572502, 0.0, 0.0, 90.0, 0.0, 122447.6484375
0:02:24.684564, 0.0, 0.0, 90.0, 0.0, 122448.3671875
0:02:24.784406, 0.0, 0.0, 90.0, 0.0, 122448.9921875
0:02:24.876130, 0.0, 0.0, 90.0, 0.0, 122449.5625
0:02:24.984427, 0.0, 0.0, 90.0, 0.0, 122450.25
0:02:25.072956, 0.0, 0.0, 90.0, 0.0, 122450.8046875
0:02:25.175388, 0.0, 0.0, 90.0, 0.0, 122451.453125
0:02:25.283712, 0.0, 0.0, 90.0, 0.0, 122452.1328125
0:02:25.368239, 0.0, 0.0, 90.0, 0.0, 122452.6640625
0:02:25.476611, 0.0, 0.0, 90.0, 0.0, 122453.34375
0:02:25.594523, 0.0, 0.0, 90.0, 0.0, 122454.0859375
0:02:25.677038, 0.0, 0.0, 90.0, 0.0, 122454.6171875
0:02:25.773440, 0.0, 0.0, 90.0, 0.0, 122455.21875
0:02:25.873175, 0.0, 0.0, 90.0, 0.0, 122455.84375
0:02:25.989090, 0.0, 0.0, 90.0, 0.0, 122456.578125
0:02:26.075601, 0.0, 0.0, 90.0, 0.0, 122457.125
0:02:26.191600, 0.0, 0.0, 90.0, 0.0, 122457.8515625
0:02:26.275131, 0.0, 0.0, 90.0, 0.0, 122458.3828125
0:02:26.398899, 0.0, 0.0, 90.0, 0.0, 122459.171875
0:02:26.485459, 0.0, 0.0, 90.0, 0.0, 122459.7109375
0:02:26.597995, 0.0, 0.0, 90.0, 0.0, 122460.421875
0:02:26.692413, 0.0, 0.0, 90.0, 0.0, 122461.015625
0:02:26.793302, 0.0, 0.0, 90.0, 0.0, 122461.6484375
0:02:26.884076, 0.0, 0.0, 90.0, 0.0, 122462.21875
0:02:26.994393, 0.0, 0.0, 90.0, 0.0, 122462.9140625
0:02:27.095624, 0.0, 0.0, 90.0, 0.0, 122463.546875
0:02:27.190942, 0.0, 0.0, 90.0, 0.0, 122464.1484375
0:02:27.285509, 0.0, 0.0, 90.0, 0.0, 122464.7421875
0:02:27.407118, 0.0, 0.0, 90.0, 0.0, 122465.515625
0:02:27.504906, 0.0, 0.0, 90.0, 0.0, 122466.1328125
0:02:27.589085, 0.0, 0.0, 90.0, 0.0, 122466.671875
0:02:27.704029, 0.0, 0.0, 90.0, 0.0, 122467.3984375
0:02:27.792629, 0.0, 0.0, 90.0, 0.0, 122467.953125
0:02:27.912635, 0.0, 0.0, 90.0, 0.0, 122468.7109375
0:02:28.007147, 0.0, 0.0, 90.0, 0.0, 122469.3046875
0:02:28.099925, 0.0, 0.0, 90.0, 0.0, 122469.890625
0:02:28.212914, 0.0, 0.0, 90.0, 0.0, 122470.6015625
0:02:28.317185, 0.0, 0.0, 90.0, 0.0, 122471.265625
0:02:28.403752, 0.0, 0.0, 90.0, 0.0, 122471.8046875
0:02:28.497458, 0.0, 0.0, 90.0, 0.0, 122472.3984375
0:02:28.614461, 0.0, 0.0, 90.0, 0.0, 122473.1328125
0:02:28.713670, 0.0, 0.0, 90.0, 0.0, 122473.7578125
0:02:28.813102, 0.0, 0.0, 90.0, 0.0, 122474.390625
0:02:28.907045, 0.0, 0.0, 90.0, 0.0, 122474.9765625
0:02:29.021989, 0.0, 0.0, 90.0, 0.0, 122475.703125
0:02:29.109645, 0.0, 0.0, 90.0, 0.0, 122476.2578125
0:02:29.224467, 0.0, 0.0, 90.0, 0.0, 122476.984375
0:02:29.314244, 0.0, 0.0, 90.0, 0.0, 122477.546875
0:02:29.423478, 0.0, 0.0, 90.0, 0.0, 122478.234375
0:02:29.521389, 0.0, 0.0, 90.0, 0.0, 122478.8515625
0:02:29.633673, 0.0, 0.0, 90.0, 0.0, 122479.5546875
0:02:29.717226, 0.0, 0.0, 90.0, 0.0, 122480.0859375
0:02:29.811652, 0.0, 0.0, 90.0, 0.0, 122480.6796875
0:02:29.915249, 0.0, 0.0, 90.0, 0.0, 122481.328125
0:02:30.028134, 0.0, 0.0, 90.0, 0.0, 122482.046875
0:02:30.114772, 0.0, 0.0, 90.0, 0.0, 122482.59375
0:02:30.225065, 0.0, 0.0, 90.0, 0.0, 122483.2890625
0:02:30.317940, 0.0, 0.0, 90.0, 0.0, 122483.8671875
0:02:30.426158, 0.0, 0.0, 90.0, 0.0, 122484.546875
0:02:30.535796, 0.0, 0.0, 90.0, 0.0, 122485.2421875
0:02:30.635130, 0.0, 0.0, 90.0, 0.0, 122485.875
0:02:30.734651, 0.0, 0.0, 90.0, 0.0, 122486.4921875
0:02:30.822198, 0.0, 0.0, 90.0, 0.0, 122487.046875
0:02:30.929536, 0.0, 0.0, 90.0, 0.0, 122487.71875
0:02:31.041514, 0.0, 0.0, 90.0, 0.0, 122488.421875
0:02:31.127047, 0.0, 0.0, 90.0, 0.0, 122488.9609375
0:02:31.236325, 0.0, 0.0, 90.0, 0.0, 122489.6484375
0:02:31.325061, 0.0, 0.0, 90.0, 0.0, 122490.203125
0:02:31.435403, 0.0, 0.0, 90.0, 0.0, 122490.8984375
0:02:31.538067, 0.0, 0.0, 90.0, 0.0, 122491.546875
0:02:31.635803, 0.0, 0.0, 90.0, 0.0, 122492.1640625
0:02:31.736183, 0.0, 0.0, 90.0, 0.0, 122492.8046875
0:02:31.835183, 0.0, 0.0, 90.0, 0.0, 122493.421875
0:02:31.955647, 0.0, 0.0, 90.0, 0.0, 122494.171875
0:02:32.054154, 0.0, 0.0, 90.0, 0.0, 122494.796875
0:02:32.154827, 0.0, 0.0, 90.0, 0.0, 122495.4296875
0:02:32.255299, 0.0, 0.0, 90.0, 0.0, 122496.0546875
0:02:32.365671, 0.0, 0.0, 90.0, 0.0, 122496.75
0:02:32.462770, 0.0, 0.0, 90.0, 0.0, 122497.359375
0:02:32.541689, 0.0, 0.0, 90.0, 0.0, 122497.859375
0:02:32.656776, 0.0, 0.0, 90.0, 0.0, 122498.59375
0:02:32.751926, 0.0, 0.0, 90.0, 0.0, 122499.1953125
0:02:32.858300, 0.0, 0.0, 90.0, 0.0, 122499.8671875
0:02:32.967641, 0.0, 0.0, 90.0, 0.0, 122500.5546875
0:02:33.057187, 0.0, 0.0, 90.0, 0.0, 122501.1171875
0:02:33.155644, 0.0, 0.0, 90.0, 0.0, 122501.734375
0:02:33.247350, 0.0, 0.0, 90.0, 0.0, 122502.3125
0:02:33.355687, 0.0, 0.0, 90.0, 0.0, 122503.0
0:02:33.448986, 0.0, 0.0, 90.0, 0.0, 122503.5859375
0:02:33.574174, 0.0, 0.0, 90.0, 0.0, 122504.375
0:02:33.669630, 0.0, 0.0, 90.0, 0.0, 122504.984375
0:02:33.756167, 0.0, 0.0, 90.0, 0.0, 122505.53125
0:02:33.855710, 0.0, 0.0, 90.0, 0.0, 122506.1484375
0:02:33.967161, 0.0, 0.0, 90.0, 0.0, 122506.8515625
0:02:34.065842, 0.0, 0.0, 90.0, 0.0, 122507.46875
0:02:34.159638, 0.0, 0.0, 90.0, 0.0, 122508.0625
0:02:34.266960, 0.0, 0.0, 90.0, 0.0, 122508.734375
0:02:34.364804, 0.0, 0.0, 90.0, 0.0, 122509.3515625
0:02:34.483071, 0.0, 0.0, 90.0, 0.0, 122510.1015625
0:02:34.568680, 0.0, 0.0, 90.0, 0.0, 122510.640625
0:02:34.662985, 0.0, 0.0, 90.0, 0.0, 122511.234375
0:02:34.775964, 0.0, 0.0, 90.0, 0.0, 122511.9453125
0:02:34.865540, 0.0, 0.0, 90.0, 0.0, 122512.5078125
0:02:34.971857, 0.0, 0.0, 90.0, 0.0, 122513.1796875
0:02:35.087848, 0.0, 0.0, 90.0, 0.0, 122513.90625
0:02:35.185650, 0.0, 0.0, 90.0, 0.0, 122514.5234375
0:02:35.285300, 0.0, 0.0, 90.0, 0.0, 122515.15625
0:02:35.378303, 0.0, 0.0, 90.0, 0.0, 122515.7421875
0:02:35.487658, 0.0, 0.0, 90.0, 0.0, 122516.4296875
0:02:35.585835, 0.0, 0.0, 90.0, 0.0, 122517.046875
0:02:35.687551, 0.0, 0.0, 90.0, 0.0, 122517.6875
0:02:35.786976, 0.0, 0.0, 90.0, 0.0, 122518.3046875
0:02:35.896947, 0.0, 0.0, 90.0, 0.0, 122518.9921875
0:02:35.978991, 0.0, 0.0, 90.0, 0.0, 122519.5078125
0:02:36.094014, 0.0, 0.0, 90.0, 0.0, 122520.2421875
0:02:36.178659, 0.0, 0.0, 90.0, 0.0, 122520.7734375
0:02:36.303717, 0.0, 0.0, 90.0, 0.0, 122521.5625
0:02:36.387254, 0.0, 0.0, 90.0, 0.0, 122522.09375
0:02:36.506376, 0.0, 0.0, 90.0, 0.0, 122522.84375
0:02:36.606178, 0.0, 0.0, 90.0, 0.0, 122523.4765625
0:02:36.698102, 0.0, 0.0, 90.0, 0.0, 122524.0546875
0:02:36.783724, 0.0, 0.0, 90.0, 0.0, 122524.59375
0:02:36.888960, 0.0, 0.0, 90.0, 0.0, 122525.2578125
0:02:37.005107, 0.0, 0.0, 90.0, 0.0, 122525.984375
0:02:37.090713, 0.0, 0.0, 90.0, 0.0, 122526.5234375
0:02:37.209863, 0.0, 0.0, 90.0, 0.0, 122527.265625
0:02:37.304390, 0.0, 0.0, 90.0, 0.0, 122527.859375
0:02:37.391030, 0.0, 0.0, 90.0, 0.0, 122528.4140625
0:02:37.514685, 0.0, 0.0, 90.0, 0.0, 122529.1875
0:02:37.593683, 0.0, 0.0, 90.0, 0.0, 122529.6875
0:02:37.698967, 0.0, 0.0, 90.0, 0.0, 122530.3515625
0:02:37.806321, 0.0, 0.0, 90.0, 0.0, 122531.0234375
0:02:37.904152, 0.0, 0.0, 90.0, 0.0, 122531.640625
0:02:37.991857, 0.0, 0.0, 90.0, 0.0, 122532.203125
0:02:38.111261, 0.0, 0.0, 90.0, 0.0, 122532.953125
0:02:38.206972, 0.0, 0.0, 90.0, 0.0, 122533.5546875
0:02:38.304668, 0.0, 0.0, 90.0, 0.0, 122534.171875
0:02:38.407340, 0.0, 0.0, 90.0, 0.0, 122534.8203125
0:02:38.493975, 0.0, 0.0, 90.0, 0.0, 122535.3671875
0:02:38.608990, 0.0, 0.0, 90.0, 0.0, 122536.0859375
0:02:38.707683, 0.0, 0.0, 90.0, 0.0, 122536.7109375
0:02:38.807185, 0.0, 0.0, 90.0, 0.0, 122537.328125
0:02:38.896801, 0.0, 0.0, 90.0, 0.0, 122537.890625
0:02:39.009752, 0.0, 0.0, 90.0, 0.0, 122538.609375
0:02:39.123738, 0.0, 0.0, 90.0, 0.0, 122539.3203125
0:02:39.207201, 0.0, 0.0, 90.0, 0.0, 122539.859375
0:02:39.307371, 0.0, 0.0, 90.0, 0.0, 122540.4921875
0:02:39.404043, 0.0, 0.0, 90.0, 0.0, 122541.1015625
0:02:39.522009, 0.0, 0.0, 90.0, 0.0, 122541.84375
0:02:39.617183, 0.0, 0.0, 90.0, 0.0, 122542.4375
0:02:39.704727, 0.0, 0.0, 90.0, 0.0, 122542.9921875
0:02:39.818740, 0.0, 0.0, 90.0, 0.0, 122543.7109375
0:02:39.906294, 0.0, 0.0, 90.0, 0.0, 122544.265625
0:02:40.012652, 0.0, 0.0, 90.0, 0.0, 122544.9453125
0:02:40.129570, 0.0, 0.0, 90.0, 0.0, 122545.6875
0:02:40.216030, 0.0, 0.0, 90.0, 0.0, 122546.2265625
0:02:40.323339, 0.0, 0.0, 90.0, 0.0, 122546.90625
0:02:40.410898, 0.0, 0.0, 90.0, 0.0, 122547.453125
0:02:40.517856, 0.0, 0.0, 90.0, 0.0, 122548.1328125
0:02:40.619362, 0.0, 0.0, 90.0, 0.0, 122548.765625
0:02:40.716970, 0.0, 0.0, 90.0, 0.0, 122549.3828125
0:02:40.822221, 0.0, 0.0, 90.0, 0.0, 122550.046875
0:02:40.930478, 0.0, 0.0, 90.0, 0.0, 122550.734375
0:02:41.019065, 0.0, 0.0, 90.0, 0.0, 122551.2890625
0:02:41.136038, 0.0, 0.0, 90.0, 0.0, 122552.0234375
0:02:41.242366, 0.0, 0.0, 90.0, 0.0, 122552.703125
0:02:41.340105, 0.0, 0.0, 90.0, 0.0, 122553.3203125
0:02:41.426717, 0.0, 0.0, 90.0, 0.0, 122553.859375
0:02:41.545166, 0.0, 0.0, 90.0, 0.0, 122554.609375
0:02:41.624048, 0.0, 0.0, 90.0, 0.0, 122555.109375
0:02:41.734978, 0.0, 0.0, 90.0, 0.0, 122555.8125
0:02:41.850039, 0.0, 0.0, 90.0, 0.0, 122556.546875
0:02:41.945393, 0.0, 0.0, 90.0, 0.0, 122557.1484375
0:02:42.054870, 0.0, 0.0, 90.0, 0.0, 122557.84375
0:02:42.137347, 0.0, 0.0, 90.0, 0.0, 122558.359375
0:02:42.230206, 0.0, 0.0, 90.0, 0.0, 122558.9453125
0:02:42.354109, 0.0, 0.0, 90.0, 0.0, 122559.71875
0:02:42.435066, 0.0, 0.0, 90.0, 0.0, 122560.21875
0:02:42.546038, 0.0, 0.0, 90.0, 0.0, 122560.9140625
0:02:42.658031, 0.0, 0.0, 90.0, 0.0, 122561.6171875
0:02:42.755872, 0.0, 0.0, 90.0, 0.0, 122562.234375
0:02:42.862183, 0.0, 0.0, 90.0, 0.0, 122562.90625
0:02:42.959588, 0.0, 0.0, 90.0, 0.0, 122563.5234375
0:02:43.060014, 0.0, 0.0, 90.0, 0.0, 122564.1484375
0:02:43.159397, 0.0, 0.0, 90.0, 0.0, 122564.7734375
0:02:43.249087, 0.0, 0.0, 90.0, 0.0, 122565.3359375
0:02:43.361047, 0.0, 0.0, 90.0, 0.0, 122566.046875
0:02:43.441042, 0.0, 0.0, 90.0, 0.0, 122566.5546875
0:02:43.551261, 0.0, 0.0, 90.0, 0.0, 122567.25
0:02:43.667245, 0.0, 0.0, 90.0, 0.0, 122567.9765625
0:02:43.757012, 0.0, 0.0, 90.0, 0.0, 122568.546875
0:02:43.869950, 0.0, 0.0, 90.0, 0.0, 122569.2578125
0:02:43.950895, 0.0, 0.0, 90.0, 0.0, 122569.765625
0:02:44.065914, 0.0, 0.0, 90.0, 0.0, 122570.484375
0:02:44.169090, 0.0, 0.0, 90.0, 0.0, 122571.1328125
0:02:44.251066, 0.0, 0.0, 90.0, 0.0, 122571.65625
0:02:44.366028, 0.0, 0.0, 90.0, 0.0, 122572.375
0:02:44.480042, 0.0, 0.0, 90.0, 0.0, 122573.09375
0:02:44.561929, 0.0, 0.0, 90.0, 0.0, 122573.6171875
0:02:44.672886, 0.0, 0.0, 90.0, 0.0, 122574.3203125
0:02:44.781156, 0.0, 0.0, 90.0, 0.0, 122575.0
0:02:44.878773, 0.0, 0.0, 90.0, 0.0, 122575.6171875
0:02:44.971646, 0.0, 0.0, 90.0, 0.0, 122576.1953125
0:02:45.087534, 0.0, 0.0, 90.0, 0.0, 122576.921875
0:02:45.173061, 0.0, 0.0, 90.0, 0.0, 122577.4609375
0:02:45.269785, 0.0, 0.0, 90.0, 0.0, 122578.078125
0:02:45.382758, 0.0, 0.0, 90.0, 0.0, 122578.7890625
0:02:45.481615, 0.0, 0.0, 90.0, 0.0, 122579.4140625
0:02:45.579939, 0.0, 0.0, 90.0, 0.0, 122580.03125
0:02:45.671785, 0.0, 0.0, 90.0, 0.0, 122580.6015625
0:02:45.780093, 0.0, 0.0, 90.0, 0.0, 122581.2890625
0:02:45.873403, 0.0, 0.0, 90.0, 0.0, 122581.875
0:02:45.970124, 0.0, 0.0, 90.0, 0.0, 122582.484375
0:02:46.070385, 0.0, 0.0, 90.0, 0.0, 122583.109375
0:02:46.187440, 0.0, 0.0, 90.0, 0.0, 122583.8515625
0:02:46.277054, 0.0, 0.0, 90.0, 0.0, 122584.4140625
0:02:46.394062, 0.0, 0.0, 90.0, 0.0, 122585.15625
0:02:46.489385, 0.0, 0.0, 90.0, 0.0, 122585.7578125
0:02:46.573921, 0.0, 0.0, 90.0, 0.0, 122586.2890625
0:02:46.684243, 0.0, 0.0, 90.0, 0.0, 122586.9921875
0:02:46.780734, 0.0, 0.0, 90.0, 0.0, 122587.59375
0:02:46.899872, 0.0, 0.0, 90.0, 0.0, 122588.34375
0:02:46.984356, 0.0, 0.0, 90.0, 0.0, 122588.8828125
0:02:47.080407, 0.0, 0.0, 90.0, 0.0, 122589.484375
0:02:47.201770, 0.0, 0.0, 90.0, 0.0, 122590.25
0:02:47.302432, 0.0, 0.0, 90.0, 0.0, 122590.875
0:02:47.401085, 0.0, 0.0, 90.0, 0.0, 122591.4921875
0:02:47.516097, 0.0, 0.0, 90.0, 0.0, 122592.2109375
0:02:47.613244, 0.0, 0.0, 90.0, 0.0, 122592.828125
0:02:47.708292, 0.0, 0.0, 90.0, 0.0, 122593.4296875
0:02:47.791940, 0.0, 0.0, 90.0, 0.0, 122593.953125
0:02:47.920088, 0.0, 0.0, 90.0, 0.0, 122594.765625
0:02:48.004635, 0.0, 0.0, 90.0, 0.0, 122595.3046875
0:02:48.120630, 0.0, 0.0, 90.0, 0.0, 122596.03125
0:02:48.202589, 0.0, 0.0, 90.0, 0.0, 122596.546875
0:02:48.311854, 0.0, 0.0, 90.0, 0.0, 122597.234375
0:02:48.410259, 0.0, 0.0, 90.0, 0.0, 122597.8515625
0:02:48.510975, 0.0, 0.0, 90.0, 0.0, 122598.4921875
0:02:48.604778, 0.0, 0.0, 90.0, 0.0, 122599.0859375
0:02:48.718781, 0.0, 0.0, 90.0, 0.0, 122599.8046875
0:02:48.808310, 0.0, 0.0, 90.0, 0.0, 122600.3671875
0:02:48.921235, 0.0, 0.0, 90.0, 0.0, 122601.0859375
0:02:49.007799, 0.0, 0.0, 90.0, 0.0, 122601.625
0:02:49.121809, 0.0, 0.0, 90.0, 0.0, 122602.3359375
0:02:49.220284, 0.0, 0.0, 90.0, 0.0, 122602.9609375
0:02:49.315282, 0.0, 0.0, 90.0, 0.0, 122603.5546875
0:02:49.431191, 0.0, 0.0, 90.0, 0.0, 122604.28125
0:02:49.518804, 0.0, 0.0, 90.0, 0.0, 122604.8359375
0:02:49.631791, 0.0, 0.0, 90.0, 0.0, 122605.546875
0:02:49.719415, 0.0, 0.0, 90.0, 0.0, 122606.1015625
0:02:49.825681, 0.0, 0.0, 90.0, 0.0, 122606.7734375
0:02:49.912162, 0.0, 0.0, 90.0, 0.0, 122607.3203125
0:02:50.031651, 0.0, 0.0, 90.0, 0.0, 122608.078125
0:02:50.132361, 0.0, 0.0, 90.0, 0.0, 122608.7109375
0:02:50.223126, 0.0, 0.0, 90.0, 0.0, 122609.2890625
0:02:50.339106, 0.0, 0.0, 90.0, 0.0, 122610.015625
0:02:50.427777, 0.0, 0.0, 90.0, 0.0, 122610.5703125
0:02:50.533068, 0.0, 0.0, 90.0, 0.0, 122611.234375
0:02:50.621668, 0.0, 0.0, 90.0, 0.0, 122611.7890625
0:02:50.736599, 0.0, 0.0, 90.0, 0.0, 122612.515625
0:02:50.830812, 0.0, 0.0, 90.0, 0.0, 122613.109375
0:02:50.945817, 0.0, 0.0, 90.0, 0.0, 122613.8359375
0:02:51.035359, 0.0, 0.0, 90.0, 0.0, 122614.40625
0:02:51.152323, 0.0, 0.0, 90.0, 0.0, 122615.1484375
0:02:51.237846, 0.0, 0.0, 90.0, 0.0, 122615.6875
0:02:51.350811, 0.0, 0.0, 90.0, 0.0, 122616.4140625
0:02:51.440398, 0.0, 0.0, 90.0, 0.0, 122616.96875
0:02:51.554306, 0.0, 0.0, 90.0, 0.0, 122617.6796875
0:02:51.636164, 0.0, 0.0, 90.0, 0.0, 122618.1875
0:02:51.733820, 0.0, 0.0, 90.0, 0.0, 122618.8046875
0:02:51.831942, 0.0, 0.0, 90.0, 0.0, 122619.421875
0:02:51.935690, 0.0, 0.0, 90.0, 0.0, 122620.078125
0:02:52.043936, 0.0, 0.0, 90.0, 0.0, 122620.7578125
0:02:52.156085, 0.0, 0.0, 90.0, 0.0, 122621.46875
0:02:52.253130, 0.0, 0.0, 90.0, 0.0, 122622.0703125
0:02:52.337674, 0.0, 0.0, 90.0, 0.0, 122622.609375
0:02:52.453694, 0.0, 0.0, 90.0, 0.0, 122623.3359375
0:02:52.563970, 0.0, 0.0, 90.0, 0.0, 122624.03125
0:02:52.662694, 0.0, 0.0, 90.0, 0.0, 122624.65625
0:02:52.746671, 0.0, 0.0, 90.0, 0.0, 122625.1796875
0:02:52.855831, 0.0, 0.0, 90.0, 0.0, 122625.859375
0:02:52.951475, 0.0, 0.0, 90.0, 0.0, 122626.4609375
0:02:53.068389, 0.0, 0.0, 90.0, 0.0, 122627.1953125
0:02:53.149989, 0.0, 0.0, 90.0, 0.0, 122627.703125
0:02:53.266001, 0.0, 0.0, 90.0, 0.0, 122628.4375
0:02:53.350237, 0.0, 0.0, 90.0, 0.0, 122628.96875
0:02:53.463121, 0.0, 0.0, 90.0, 0.0, 122629.6875
0:02:53.562093, 0.0, 0.0, 90.0, 0.0, 122630.3125
0:02:53.662786, 0.0, 0.0, 90.0, 0.0, 122630.9453125
0:02:53.754818, 0.0, 0.0, 90.0, 0.0, 122631.53125
0:02:53.864138, 0.0, 0.0, 90.0, 0.0, 122632.2109375
0:02:53.963931, 0.0, 0.0, 90.0, 0.0, 122632.8359375
0:02:54.050703, 0.0, 0.0, 90.0, 0.0, 122633.390625
0:02:54.163668, 0.0, 0.0, 90.0, 0.0, 122634.1015625
0:02:54.249309, 0.0, 0.0, 90.0, 0.0, 122634.640625
0:02:54.367211, 0.0, 0.0, 90.0, 0.0, 122635.3828125
0:02:54.453705, 0.0, 0.0, 90.0, 0.0, 122635.921875
0:02:54.553543, 0.0, 0.0, 90.0, 0.0, 122636.546875
0:02:54.671491, 0.0, 0.0, 90.0, 0.0, 122637.296875
0:02:54.757157, 0.0, 0.0, 90.0, 0.0, 122637.8359375
0:02:54.854970, 0.0, 0.0, 90.0, 0.0, 122638.453125
0:02:54.975140, 0.0, 0.0, 90.0, 0.0, 122639.203125
0:02:55.059711, 0.0, 0.0, 90.0, 0.0, 122639.7421875
0:02:55.172683, 0.0, 0.0, 90.0, 0.0, 122640.453125
0:02:55.260266, 0.0, 0.0, 90.0, 0.0, 122641.0078125
0:02:55.373270, 0.0, 0.0, 90.0, 0.0, 122641.71875
0:02:55.473829, 0.0, 0.0, 90.0, 0.0, 122642.359375
0:02:55.574216, 0.0, 0.0, 90.0, 0.0, 122642.9921875
0:02:55.665016, 0.0, 0.0, 90.0, 0.0, 122643.5625
0:02:55.775292, 0.0, 0.0, 90.0, 0.0, 122644.2578125
0:02:55.874444, 0.0, 0.0, 90.0, 0.0, 122644.890625
0:02:55.972972, 0.0, 0.0, 90.0, 0.0, 122645.5
0:02:56.086969, 0.0, 0.0, 90.0, 0.0, 122646.21875
0:02:56.176620, 0.0, 0.0, 90.0, 0.0, 122646.78125
0:02:56.273972, 0.0, 0.0, 90.0, 0.0, 122647.390625
0:02:56.372383, 0.0, 0.0, 90.0, 0.0, 122648.015625
0:02:56.478708, 0.0, 0.0, 90.0, 0.0, 122648.6875
0:02:56.594670, 0.0, 0.0, 90.0, 0.0, 122649.421875
0:02:56.696070, 0.0, 0.0, 90.0, 0.0, 122650.0625
0:02:56.795309, 0.0, 0.0, 90.0, 0.0, 122650.6796875
0:02:56.891989, 0.0, 0.0, 90.0, 0.0, 122651.2890625
0:02:56.978705, 0.0, 0.0, 90.0, 0.0, 122651.8359375
0:02:57.104151, 0.0, 0.0, 90.0, 0.0, 122652.6171875
0:02:57.203538, 0.0, 0.0, 90.0, 0.0, 122653.2421875
0:02:57.296623, 0.0, 0.0, 90.0, 0.0, 122653.828125
0:02:57.409525, 0.0, 0.0, 90.0, 0.0, 122654.546875
0:02:57.494157, 0.0, 0.0, 90.0, 0.0, 122655.078125
0:02:57.594897, 0.0, 0.0, 90.0, 0.0, 122655.7109375
0:02:57.693318, 0.0, 0.0, 90.0, 0.0, 122656.328125
0:02:57.807266, 0.0, 0.0, 90.0, 0.0, 122657.046875
0:02:57.894869, 0.0, 0.0, 90.0, 0.0, 122657.6015625
0:02:57.994236, 0.0, 0.0, 90.0, 0.0, 122658.234375
0:02:58.086985, 0.0, 0.0, 90.0, 0.0, 122658.8203125
0:02:58.199014, 0.0, 0.0, 90.0, 0.0, 122659.5234375
0:02:58.307417, 0.0, 0.0, 90.0, 0.0, 122660.2109375
0:02:58.402518, 0.0, 0.0, 90.0, 0.0, 122660.8046875
0:02:58.500996, 0.0, 0.0, 90.0, 0.0, 122661.4296875
0:02:58.612047, 0.0, 0.0, 90.0, 0.0, 122662.1328125
0:02:58.696538, 0.0, 0.0, 90.0, 0.0, 122662.6640625
0:02:58.819373, 0.0, 0.0, 90.0, 0.0, 122663.4453125
0:02:58.914724, 0.0, 0.0, 90.0, 0.0, 122664.046875
0:02:59.008822, 0.0, 0.0, 90.0, 0.0, 122664.640625
0:02:59.125749, 0.0, 0.0, 90.0, 0.0, 122665.375
0:02:59.210298, 0.0, 0.0, 90.0, 0.0, 122665.90625
0:02:59.317516, 0.0, 0.0, 90.0, 0.0, 122666.578125
0:02:59.404164, 0.0, 0.0, 90.0, 0.0, 122667.1328125
0:02:59.518214, 0.0, 0.0, 90.0, 0.0, 122667.8515625
0:02:59.609277, 0.0, 0.0, 90.0, 0.0, 122668.421875
0:02:59.721186, 0.0, 0.0, 90.0, 0.0, 122669.1328125
0:02:59.805745, 0.0, 0.0, 90.0, 0.0, 122669.671875
0:02:59.930502, 0.0, 0.0, 90.0, 0.0, 122670.4609375
0:03:00.027185, 0.0, 0.0, 90.0, 0.0, 122671.0625
0:03:00.125893, 0.0, 0.0, 90.0, 0.0, 122671.6875
0:03:00.216692, 0.0, 0.0, 90.0, 0.0, 122672.2578125
0:03:00.332686, 0.0, 0.0, 90.0, 0.0, 122672.984375
0:03:00.416293, 0.0, 0.0, 90.0, 0.0, 122673.515625
0:03:00.512707, 0.0, 0.0, 90.0, 0.0, 122674.1171875
0:03:00.627743, 0.0, 0.0, 90.0, 0.0, 122674.8515625
0:03:00.715254, 0.0, 0.0, 90.0, 0.0, 122675.40625
0:03:00.837171, 0.0, 0.0, 90.0, 0.0, 122676.171875
0:03:00.935902, 0.0, 0.0, 90.0, 0.0, 122676.7890625
0:03:01.029699, 0.0, 0.0, 90.0, 0.0, 122677.375
0:03:01.118640, 0.0, 0.0, 90.0, 0.0, 122677.9296875
0:03:01.228576, 0.0, 0.0, 90.0, 0.0, 122678.625
0:03:01.342483, 0.0, 0.0, 90.0, 0.0, 122679.34375
0:03:01.429027, 0.0, 0.0, 90.0, 0.0, 122679.8828125
0:03:01.525366, 0.0, 0.0, 90.0, 0.0, 122680.4921875
0:03:01.632748, 0.0, 0.0, 90.0, 0.0, 122681.1640625
0:03:01.738940, 0.0, 0.0, 90.0, 0.0, 122681.8359375
0:03:01.825497, 0.0, 0.0, 90.0, 0.0, 122682.375
0:03:01.947910, 0.0, 0.0, 90.0, 0.0, 122683.1484375
0:03:02.046771, 0.0, 0.0, 90.0, 0.0, 122683.765625
0:03:02.147177, 0.0, 0.0, 90.0, 0.0, 122684.390625
0:03:02.235858, 0.0, 0.0, 90.0, 0.0, 122684.953125
0:03:02.349809, 0.0, 0.0, 90.0, 0.0, 122685.671875
0:03:02.436352, 0.0, 0.0, 90.0, 0.0, 122686.21875
0:03:02.546236, 0.0, 0.0, 90.0, 0.0, 122686.9140625
0:03:02.652552, 0.0, 0.0, 90.0, 0.0, 122687.578125
0:03:02.737084, 0.0, 0.0, 90.0, 0.0, 122688.1171875
0:03:02.853082, 0.0, 0.0, 90.0, 0.0, 122688.84375
0:03:02.941570, 0.0, 0.0, 90.0, 0.0, 122689.390625
0:03:03.039192, 0.0, 0.0, 90.0, 0.0, 122690.0078125
0:03:03.136911, 0.0, 0.0, 90.0, 0.0, 122690.625
0:03:03.250894, 0.0, 0.0, 90.0, 0.0, 122691.34375
0:03:03.346744, 0.0, 0.0, 90.0, 0.0, 122691.953125
0:03:03.438552, 0.0, 0.0, 90.0, 0.0, 122692.53125
0:03:03.551619, 0.0, 0.0, 90.0, 0.0, 122693.25
0:03:03.663472, 0.0, 0.0, 90.0, 0.0, 122693.9609375
0:03:03.751064, 0.0, 0.0, 90.0, 0.0, 122694.515625
0:03:03.847491, 0.0, 0.0, 90.0, 0.0, 122695.1171875
0:03:03.967073, 0.0, 0.0, 90.0, 0.0, 122695.8671875
0:03:04.062236, 0.0, 0.0, 90.0, 0.0, 122696.4609375
0:03:04.169480, 0.0, 0.0, 90.0, 0.0, 122697.1328125
0:03:04.256094, 0.0, 0.0, 90.0, 0.0, 122697.6796875
0:03:04.356760, 0.0, 0.0, 90.0, 0.0, 122698.3125
0:03:04.478923, 0.0, 0.0, 90.0, 0.0, 122699.078125
0:03:04.576582, 0.0, 0.0, 90.0, 0.0, 122699.6953125
0:03:04.669747, 0.0, 0.0, 90.0, 0.0, 122700.28125
0:03:04.758315, 0.0, 0.0, 90.0, 0.0, 122700.84375
0:03:04.873267, 0.0, 0.0, 90.0, 0.0, 122701.5625
0:03:04.988236, 0.0, 0.0, 90.0, 0.0, 122702.28125
0:03:05.077925, 0.0, 0.0, 90.0, 0.0, 122702.8515625
0:03:05.177331, 0.0, 0.0, 90.0, 0.0, 122703.46875
0:03:05.290390, 0.0, 0.0, 90.0, 0.0, 122704.1875
0:03:05.376902, 0.0, 0.0, 90.0, 0.0, 122704.734375
0:03:05.472276, 0.0, 0.0, 90.0, 0.0, 122705.328125
0:03:05.568579, 0.0, 0.0, 90.0, 0.0, 122705.9375
0:03:05.690779, 0.0, 0.0, 90.0, 0.0, 122706.7109375
0:03:05.787490, 0.0, 0.0, 90.0, 0.0, 122707.3203125
0:03:05.897806, 0.0, 0.0, 90.0, 0.0, 122708.015625
0:03:05.987392, 0.0, 0.0, 90.0, 0.0, 122708.578125
0:03:06.099725, 0.0, 0.0, 90.0, 0.0, 122709.2890625
0:03:06.196787, 0.0, 0.0, 90.0, 0.0, 122709.8984375
0:03:06.288804, 0.0, 0.0, 90.0, 0.0, 122710.4765625
0:03:06.399082, 0.0, 0.0, 90.0, 0.0, 122711.171875
0:03:06.498223, 0.0, 0.0, 90.0, 0.0, 122711.796875
0:03:06.589367, 0.0, 0.0, 90.0, 0.0, 122712.3671875
0:03:06.698708, 0.0, 0.0, 90.0, 0.0, 122713.0546875
0:03:06.791245, 0.0, 0.0, 90.0, 0.0, 122713.6328125
0:03:06.905216, 0.0, 0.0, 90.0, 0.0, 122714.3515625
0:03:06.992814, 0.0, 0.0, 90.0, 0.0, 122714.9140625
0:03:07.089483, 0.0, 0.0, 90.0, 0.0, 122715.5234375
0:03:07.188213, 0.0, 0.0, 90.0, 0.0, 122716.140625
0:03:07.309408, 0.0, 0.0, 90.0, 0.0, 122716.8984375
0:03:07.408095, 0.0, 0.0, 90.0, 0.0, 122717.515625
0:03:07.499865, 0.0, 0.0, 90.0, 0.0, 122718.1015625
0:03:07.611795, 0.0, 0.0, 90.0, 0.0, 122718.8046875
0:03:07.698375, 0.0, 0.0, 90.0, 0.0, 122719.3515625
0:03:07.819489, 0.0, 0.0, 90.0, 0.0, 122720.125
0:03:07.917206, 0.0, 0.0, 90.0, 0.0, 122720.7421875
0:03:08.001818, 0.0, 0.0, 90.0, 0.0, 122721.28125
0:03:08.099237, 0.0, 0.0, 90.0, 0.0, 122721.890625
0:03:08.217371, 0.0, 0.0, 90.0, 0.0, 122722.6328125
0:03:08.304957, 0.0, 0.0, 90.0, 0.0, 122723.1875
0:03:08.419994, 0.0, 0.0, 90.0, 0.0, 122723.90625
0:03:08.516482, 0.0, 0.0, 90.0, 0.0, 122724.5078125
0:03:08.626595, 0.0, 0.0, 90.0, 0.0, 122725.2109375
0:03:08.714242, 0.0, 0.0, 90.0, 0.0, 122725.765625
0:03:08.824613, 0.0, 0.0, 90.0, 0.0, 122726.4609375
0:03:08.909253, 0.0, 0.0, 90.0, 0.0, 122726.9921875
0:03:09.026287, 0.0, 0.0, 90.0, 0.0, 122727.734375
0:03:09.112883, 0.0, 0.0, 90.0, 0.0, 122728.2734375
0:03:09.223942, 0.0, 0.0, 90.0, 0.0, 122728.9765625
0:03:09.319012, 0.0, 0.0, 90.0, 0.0, 122729.5859375
0:03:09.408596, 0.0, 0.0, 90.0, 0.0, 122730.1484375
0:03:09.519985, 0.0, 0.0, 90.0, 0.0, 122730.8515625
0:03:09.618461, 0.0, 0.0, 90.0, 0.0, 122731.46875
0:03:09.718144, 0.0, 0.0, 90.0, 0.0, 122732.09375
0:03:09.804916, 0.0, 0.0, 90.0, 0.0, 122732.640625
0:03:09.915800, 0.0, 0.0, 90.0, 0.0, 122733.3359375
0:03:10.021104, 0.0, 0.0, 90.0, 0.0, 122734.0
0:03:10.115578, 0.0, 0.0, 90.0, 0.0, 122734.6015625
0:03:10.229537, 0.0, 0.0, 90.0, 0.0, 122735.3203125
0:03:10.318228, 0.0, 0.0, 90.0, 0.0, 122735.8828125
0:03:10.419178, 0.0, 0.0, 90.0, 0.0, 122736.515625
0:03:10.511976, 0.0, 0.0, 90.0, 0.0, 122737.109375
0:03:10.620272, 0.0, 0.0, 90.0, 0.0, 122737.7890625
0:03:10.720050, 0.0, 0.0, 90.0, 0.0, 122738.4140625
0:03:10.833956, 0.0, 0.0, 90.0, 0.0, 122739.1328125
0:03:10.919569, 0.0, 0.0, 90.0, 0.0, 122739.671875
0:03:11.036453, 0.0, 0.0, 90.0, 0.0, 122740.40625
0:03:11.139839, 0.0, 0.0, 90.0, 0.0, 122741.046875
0:03:11.222743, 0.0, 0.0, 90.0, 0.0, 122741.5703125
0:03:11.335752, 0.0, 0.0, 90.0, 0.0, 122742.2890625
0:03:11.442957, 0.0, 0.0, 90.0, 0.0, 122742.9609375
0:03:11.529568, 0.0, 0.0, 90.0, 0.0, 122743.5
0:03:11.650686, 0.0, 0.0, 90.0, 0.0, 122744.2578125
0:03:11.743952, 0.0, 0.0, 90.0, 0.0, 122744.8515625
0:03:11.839641, 0.0, 0.0, 90.0, 0.0, 122745.453125
0:03:11.927322, 0.0, 0.0, 90.0, 0.0, 122746.0
0:03:12.040277, 0.0, 0.0, 90.0, 0.0, 122746.71875
0:03:12.128974, 0.0, 0.0, 90.0, 0.0, 122747.28125
0:03:12.240295, 0.0, 0.0, 90.0, 0.0, 122747.984375
0:03:12.333260, 0.0, 0.0, 90.0, 0.0, 122748.5625
0:03:12.430991, 0.0, 0.0, 90.0, 0.0, 122749.171875
0:03:12.543993, 0.0, 0.0, 90.0, 0.0, 122749.890625
0:03:12.641819, 0.0, 0.0, 90.0, 0.0, 122750.5078125
0:03:12.740319, 0.0, 0.0, 90.0, 0.0, 122751.125
0:03:12.840697, 0.0, 0.0, 90.0, 0.0, 122751.765625
0:03:12.950014, 0.0, 0.0, 90.0, 0.0, 122752.4453125
0:03:13.042820, 0.0, 0.0, 90.0, 0.0, 122753.0234375
0:03:13.155759, 0.0, 0.0, 90.0, 0.0, 122753.734375
0:03:13.241452, 0.0, 0.0, 90.0, 0.0, 122754.28125
0:03:13.360443, 0.0, 0.0, 90.0, 0.0, 122755.0234375
0:03:13.452326, 0.0, 0.0, 90.0, 0.0, 122755.6015625
0:03:13.566421, 0.0, 0.0, 90.0, 0.0, 122756.3203125
0:03:13.650979, 0.0, 0.0, 90.0, 0.0, 122756.859375
0:03:13.765985, 0.0, 0.0, 90.0, 0.0, 122757.5859375
0:03:13.861857, 0.0, 0.0, 90.0, 0.0, 122758.1875
0:03:13.957147, 0.0, 0.0, 90.0, 0.0, 122758.7890625
0:03:14.063470, 0.0, 0.0, 90.0, 0.0, 122759.4609375
0:03:14.160949, 0.0, 0.0, 90.0, 0.0, 122760.0625
0:03:14.274977, 0.0, 0.0, 90.0, 0.0, 122760.78125
0:03:14.370833, 0.0, 0.0, 90.0, 0.0, 122761.3828125
0:03:14.464002, 0.0, 0.0, 90.0, 0.0, 122761.96875
