0:00:52.143979: freq 0.8
0:00:53.503179: freq 0.25
0:01:35.753366: amp 88
0:01:38.097718: freq 0
0:01:38.097718: amp 0
0:01:38.097718: off 90
0:01:38.097718: phb 0
0:01:38.457091: freq 0
0:01:38.457091: amp 0
0:01:38.457091: off 90
0:01:38.457091: phb 0
0:16:41.969530: freq 0.05
0:16:42.172742: freq 0.1
0:16:42.282206: freq 0.15
0:16:42.672835: freq 0.2
0:16:42.860136: freq 0.25
0:16:43.141491: freq 0.3
0:16:43.750964: freq 0.35
0:16:44.141484: freq 0.4
0:17:27.345190: amp 2
0:17:27.360763: amp 4
0:17:27.391921: amp 6
0:17:27.407556: amp 9
0:17:27.423309: amp 10
0:17:27.438933: amp 15
0:17:27.454562: amp 18
0:17:27.470185: amp 21
0:17:27.485682: amp 24
0:17:27.501438: amp 26
0:17:27.517053: amp 30
0:17:27.548306: amp 33
0:17:27.548306: amp 36
0:17:27.563894: amp 39
0:17:27.595184: amp 41
0:17:27.595184: amp 43
0:17:27.626435: amp 45
0:17:27.642059: amp 48
0:17:27.657683: amp 50
0:17:27.673178: amp 52
0:17:27.688810: amp 53
0:17:27.704519: amp 56
0:17:27.720184: amp 58
0:17:27.735842: amp 60
0:17:27.766906: amp 62
0:17:27.798280: amp 64
0:17:27.813785: amp 65
0:17:27.845030: amp 66
0:17:27.860812: amp 67
0:17:27.891934: amp 68
0:17:27.907679: amp 69
0:17:27.938782: amp 70
0:17:27.970153: amp 71
0:17:27.985838: amp 72
0:17:28.001423: amp 73
0:17:28.048283: amp 74
0:17:28.095188: amp 75
0:17:28.126414: amp 76
0:17:28.141934: amp 77
0:17:28.188951: amp 78
0:17:28.235694: amp 79
0:17:28.298360: amp 80
0:17:28.329504: amp 81
0:17:28.392057: amp 82
0:17:28.438811: amp 83
0:17:28.501395: amp 84
0:17:28.548154: amp 85
0:17:28.626287: amp 86
0:17:28.767107: amp 87
0:17:28.923320: amp 88
0:17:29.048328: amp 89
0:17:29.157689: amp 90
0:17:30.813804: amp 82
0:17:30.923345: amp 85
0:17:30.923345: amp 86
0:17:30.954509: amp 87
0:17:30.985809: amp 88
0:17:30.985809: amp 89
0:17:31.001364: amp 90
0:17:33.110749: freq 0.35
0:17:33.235686: freq 0.4
0:17:33.282730: freq 0.45
0:17:33.329513: freq 0.5
0:17:33.407689: freq 0.55
0:17:33.485809: freq 0.6
0:17:33.579574: freq 0.65
0:17:33.673276: freq 0.7
0:17:33.735818: freq 0.75
0:17:33.813928: freq 0.8
0:17:33.860805: freq 0.85
0:17:33.923322: freq 0.9
0:17:33.985684: freq 0.95
0:17:34.110817: freq 1
0:17:37.376312: freq 0.9
0:17:37.501411: freq 0.85
0:17:37.626434: freq 0.8
0:17:37.751312: freq 0.75
0:17:37.845164: freq 0.7
0:17:37.923308: freq 0.65
0:17:38.001431: freq 0.6
0:17:38.048260: freq 0.55
0:17:38.110779: freq 0.5
0:17:38.157717: freq 0.45
0:17:38.220212: freq 0.4
0:17:38.313780: freq 0.35
0:17:38.501441: freq 0.3
0:17:38.516936: freq 0.25
0:17:38.548274: freq 0.2
0:17:38.595030: freq 0.15
0:17:38.610677: freq 0.15
0:17:38.626445: freq 0.1
0:17:38.673275: freq 0.05
0:17:38.782740: freq 0
0:17:42.720102: amp 89
0:17:42.767017: amp 85
0:17:42.782708: amp 84
0:17:42.813947: amp 82
0:17:42.829470: amp 81
0:17:42.845028: amp 79
0:17:42.860671: amp 78
0:17:42.876330: amp 76
0:17:42.891989: amp 75
0:17:42.907732: amp 73
0:17:42.923207: amp 72
0:17:42.938778: amp 70
0:17:42.954412: amp 69
0:17:42.985813: amp 67
0:17:42.985813: amp 66
0:17:43.001389: amp 63
0:17:43.016905: amp 62
0:17:43.032527: amp 60
0:17:43.063932: amp 59
0:17:43.095142: amp 57
0:17:43.095142: amp 56
0:17:43.110814: amp 55
0:17:43.126384: amp 54
0:17:43.142012: amp 53
0:17:43.157716: amp 52
0:17:43.173346: amp 51
0:17:43.188780: amp 50
0:17:43.204559: amp 49
0:17:43.220029: amp 48
0:17:43.235658: amp 47
0:17:43.266910: amp 46
0:17:43.282686: amp 45
0:17:43.313948: amp 44
0:17:43.345033: amp 43
0:17:43.392100: amp 42
0:17:43.407711: amp 41
0:17:43.438999: amp 40
0:17:43.454574: amp 39
0:17:43.470033: amp 38
0:17:43.516906: amp 37
0:17:43.516906: amp 36
0:17:43.563942: amp 35
0:17:43.595144: amp 34
0:17:43.657694: amp 33
0:17:43.688941: amp 32
0:17:43.720056: amp 31
0:17:43.735820: amp 30
0:17:43.767057: amp 29
0:17:43.798341: amp 28
0:17:43.829413: amp 27
0:17:43.860813: amp 26
0:17:43.892070: amp 25
0:17:43.938992: amp 24
0:17:43.985825: amp 23
0:17:44.017060: amp 22
0:17:44.079578: amp 21
0:17:44.142062: amp 20
0:17:44.220133: amp 19
0:17:44.267055: amp 18
0:18:16.689820: amp 22
0:18:16.892959: amp 25
0:18:16.924137: amp 26
0:18:16.955384: amp 27
0:18:16.971090: amp 28
0:18:17.002269: amp 29
0:18:17.049198: amp 30
0:18:17.127333: amp 31
0:18:17.205319: amp 32
0:18:17.252241: amp 33
0:18:17.330404: amp 34
0:18:17.392894: amp 35
0:18:17.424200: amp 36
0:18:17.471107: amp 37
0:18:17.549205: amp 38
0:18:17.596081: amp 39
0:18:17.627323: amp 40
0:18:17.674195: amp 41
0:18:17.721071: amp 42
0:18:17.799204: amp 43
0:18:17.970944: amp 44
0:18:18.127178: amp 45
0:18:18.346073: amp 46
0:18:19.080417: amp 45
0:18:19.236703: amp 44
0:18:19.377196: amp 43
0:18:28.252322: freq 0.05
0:18:28.330569: freq 0.1
0:18:28.377483: freq 0.15
0:18:28.533673: freq 0.2
0:18:45.269707: off 104
0:18:45.300882: off 109
0:18:45.316461: off 110
0:18:45.332234: off 112
0:18:45.347874: off 117
0:18:45.363436: off 120
0:18:45.379080: off 121
0:18:45.394687: off 122
0:18:45.410205: off 124
0:18:45.425826: off 126
0:18:45.441531: off 128
0:18:45.457205: off 129
0:18:45.472857: off 130
0:18:45.488299: off 131
0:18:45.503947: off 134
0:18:45.519714: off 135
0:18:45.550954: off 137
0:18:45.582229: off 138
0:18:45.597702: off 139
0:18:45.629039: off 140
0:18:45.660272: off 141
0:18:45.675979: off 142
0:18:45.707168: off 143
0:18:45.722780: off 144
0:18:45.753933: off 145
0:18:45.753933: off 146
0:18:45.769612: off 147
0:18:45.800799: off 148
0:18:45.800799: off 149
0:18:45.832181: off 150
0:18:45.847833: off 151
0:18:46.613391: amp 47
0:18:46.628924: amp 48
0:18:46.660325: amp 49
0:18:46.675969: amp 50
0:18:46.691610: amp 51
0:18:46.722841: amp 52
0:18:47.254081: freq 0.35
0:18:47.285177: freq 0.4
0:18:47.332213: freq 0.45
0:18:47.379056: freq 0.5
0:18:47.441587: freq 0.55
0:18:47.582271: freq 0.6
0:19:00.660892: freq 0.65
0:19:03.738961: amp 50
0:19:03.895317: amp 53
0:19:03.941990: amp 54
0:19:04.004634: amp 55
0:19:04.020257: amp 56
0:19:04.067010: amp 57
0:19:04.160763: amp 58
0:19:04.207769: amp 59
0:19:04.270268: amp 60
0:19:04.316984: amp 61
0:19:04.395257: amp 62
0:19:04.473385: amp 63
0:19:04.551557: amp 64
0:19:18.508478: off 154
0:19:18.696004: off 153
0:19:19.117966: off 159
0:19:19.117966: off 160
0:19:19.143375: off 161
0:19:19.166034: off 162
0:19:19.228679: off 163
0:19:19.463276: off 164
0:19:19.510099: off 165
0:19:19.572601: off 166
0:19:19.728717: off 164
0:19:19.744439: off 163
0:19:19.760152: off 160
0:19:19.775700: off 159
0:19:19.791351: off 157
0:19:19.806879: off 156
0:19:19.838242: off 154
0:19:19.838242: off 152
0:19:19.853691: off 151
0:19:19.885098: off 150
0:19:19.916221: off 149
0:19:19.916221: off 148
0:19:19.947589: off 147
0:19:19.963231: off 146
0:19:19.994413: off 144
0:19:19.994413: off 143
0:19:20.025727: off 142
0:19:20.041351: off 141
0:19:20.072561: off 140
0:19:20.088237: off 139
0:19:20.119441: off 138
0:19:20.135102: off 137
0:19:20.166345: off 136
0:19:20.181991: off 135
0:19:20.213076: off 134
0:19:20.260097: off 133
0:19:20.275732: off 132
0:19:20.306841: off 131
0:19:20.322556: off 130
0:19:20.338228: off 129
0:19:20.369439: off 128
0:19:20.385109: off 127
0:19:20.447555: off 126
0:19:20.494439: off 125
0:19:20.572468: off 124
0:19:20.588199: off 123
0:19:20.619434: off 122
0:19:20.650738: off 121
0:19:20.681973: off 120
0:19:20.744466: off 119
0:19:20.791348: off 118
0:19:20.838280: off 117
0:19:21.010148: off 116
0:19:21.056935: off 115
0:19:21.119482: off 114
0:19:21.134943: off 113
0:19:21.197594: off 112
0:19:21.244471: off 111
0:19:21.260095: off 110
0:19:21.291349: off 109
0:19:21.322466: off 108
0:19:21.323144: off 107
0:19:21.338199: off 106
0:19:21.369622: off 104
0:19:21.369622: off 103
0:19:21.385254: off 102
0:19:21.416344: off 101
0:19:21.416344: off 100
0:19:21.447736: off 99
0:19:21.463372: off 98
0:19:21.494637: off 97
0:19:21.525906: off 96
0:19:21.525906: off 95
0:19:21.541500: off 94
0:19:21.572741: off 93
0:19:21.588378: off 92
0:19:21.619617: off 91
0:19:21.650859: off 90
0:19:21.666485: off 88
0:19:21.713368: off 87
0:19:21.713368: off 86
0:19:21.744606: off 85
0:19:21.760205: off 84
0:19:21.791361: off 83
0:19:21.807037: off 82
0:19:21.822753: off 81
0:19:21.838325: off 80
0:19:21.854017: off 79
0:19:21.869638: off 78
0:19:21.900721: off 77
0:19:21.916458: off 76
0:19:21.994643: off 75
0:19:22.025860: off 74
0:19:22.072594: off 73
0:19:22.103991: off 72
0:19:22.150817: off 71
0:19:22.244615: off 70
0:19:22.400814: off 69
0:19:22.604028: off 68
0:19:22.994692: off 67
0:19:23.150916: off 66
0:19:23.244667: off 65
0:19:23.306990: off 64
0:19:23.353991: off 63
0:19:23.400877: off 62
0:19:23.432096: off 61
0:19:23.494620: off 60
0:19:23.541484: off 59
0:19:23.603950: off 58
0:19:23.635240: off 57
0:19:23.713278: off 56
0:19:23.775862: off 55
0:19:23.822616: off 54
0:19:23.869620: off 53
0:19:23.916472: off 52
0:19:23.963367: off 51
0:19:23.995757: off 50
0:19:24.041729: off 49
0:19:24.073107: off 48
0:19:24.119992: off 47
0:19:24.151280: off 46
0:19:24.198103: off 45
0:19:24.245066: off 44
0:19:24.291966: off 43
0:19:24.354583: off 42
0:19:24.416983: off 41
0:19:24.526961: off 40
0:19:24.574164: off 39
0:19:24.621809: off 38
0:19:24.684260: off 37
0:19:24.746809: off 36
0:19:24.809706: off 35
0:19:24.872401: off 34
0:19:24.919256: off 33
0:19:24.997386: off 32
0:19:25.060868: off 31
0:19:25.263968: off 30
0:19:41.320427: off 23
0:19:41.477462: off 29
0:19:41.480293: off 31
0:19:41.524946: off 33
0:19:41.524946: off 36
0:19:41.540988: off 37
0:19:41.556829: off 39
0:19:41.572373: off 40
0:19:41.588462: off 42
0:19:41.619940: off 44
0:19:41.621809: off 46
0:19:41.642055: off 49
0:19:41.667368: off 51
0:19:41.667368: off 54
0:19:41.683205: off 56
0:19:41.714442: off 59
0:19:41.729986: off 61
0:19:41.745545: off 64
0:19:41.776783: off 66
0:19:41.792513: off 68
0:19:41.808199: off 70
0:19:41.823711: off 72
0:19:41.840521: off 73
0:19:41.871216: off 76
0:19:41.872728: off 78
0:19:41.887353: off 80
0:19:41.918798: off 82
0:19:41.918798: off 84
0:19:41.949918: off 86
0:19:41.965528: off 88
0:19:41.965528: off 92
0:19:41.996909: off 93
0:19:42.012377: off 96
0:19:42.028112: off 100
0:19:42.043808: off 102
0:19:42.075060: off 104
0:19:42.075060: off 109
0:19:42.090689: off 111
0:19:42.121921: off 115
0:19:42.121921: off 118
0:19:42.137487: off 121
0:19:42.168840: off 125
0:19:42.168840: off 128
0:19:42.184351: off 131
0:19:42.215688: off 135
0:19:42.215688: off 137
0:19:42.231148: off 139
0:19:42.262856: off 142
0:19:42.278606: off 144
0:19:42.294271: off 145
0:19:42.309942: off 147
0:19:42.325605: off 149
0:19:42.341011: off 150
0:19:42.372448: off 151
0:19:42.372448: off 153
0:19:42.388031: off 154
0:19:42.419353: off 155
0:19:42.423627: off 156
0:19:42.435167: off 157
0:19:42.466626: off 158
0:19:42.466626: off 159
0:19:42.497765: off 161
0:19:42.513444: off 162
0:19:42.528984: off 163
0:19:42.544771: off 164
0:19:42.560383: off 166
0:19:42.575835: off 167
0:19:42.591630: off 168
0:19:42.622875: off 170
0:19:42.622875: off 171
0:19:42.639543: off 172
0:19:42.670373: off 173
0:19:42.670373: off 174
0:19:42.701556: off 175
0:19:42.720934: off 177
0:19:42.720934: off 178
0:19:42.748747: off 179
0:19:42.780005: off 180
0:19:46.832948: off 170
0:19:46.942418: off 177
0:19:46.942418: off 178
0:19:46.973632: off 179
0:19:47.004902: off 180
0:19:48.271862: amp 66
0:19:48.303076: amp 67
0:19:48.334380: amp 68
0:19:48.381157: amp 69
0:19:48.427933: amp 70
0:19:48.474843: amp 71
0:19:48.506236: amp 72
0:19:48.537969: amp 73
0:19:48.584839: amp 74
0:19:48.600443: amp 75
0:19:48.647251: amp 76
0:19:48.663002: amp 77
0:19:48.694290: amp 78
0:19:48.741066: amp 79
0:19:48.756760: amp 80
0:19:48.772382: amp 81
0:19:48.803476: amp 82
0:19:48.834786: amp 83
0:19:48.881748: amp 84
0:19:48.928982: amp 85
0:19:49.038298: amp 86
0:19:49.100745: amp 87
0:19:49.100745: amp 88
0:19:49.163354: amp 89
0:19:49.210255: amp 90
0:19:51.085961: freq 0.65
0:19:51.163932: freq 0.7
0:19:51.163932: freq 0.75
0:19:51.210998: freq 0.8
0:19:51.244205: freq 0.85
0:19:51.273726: freq 0.9
0:19:51.289257: freq 0.95
0:19:51.304832: freq 0.95
0:19:51.367475: freq 1
0:19:57.024747: freq 0.95
0:19:57.102922: freq 0.9
0:19:57.149601: freq 0.85
0:19:57.259116: freq 0.8
0:19:57.399797: freq 0.75
0:19:59.774576: amp 89
0:19:59.883977: amp 86
0:19:59.883977: amp 85
0:19:59.915254: amp 84
0:19:59.931002: amp 83
0:19:59.946610: amp 82
0:19:59.962099: amp 81
0:19:59.977896: amp 80
0:19:59.993511: amp 79
0:20:00.040375: amp 78
0:20:00.040375: amp 77
0:20:00.055819: amp 76
0:20:00.087271: amp 75
0:20:00.134072: amp 74
0:20:00.227878: amp 73
0:20:00.337086: amp 72
0:20:01.509124: amp 71
0:20:01.587209: amp 70
0:20:01.743387: amp 69
0:20:01.805999: amp 68
0:20:01.868515: amp 67
0:20:01.962248: amp 66
0:20:02.040222: amp 65
0:20:02.118354: amp 64
0:20:02.227930: amp 63
0:20:02.305845: amp 62
0:20:02.415226: amp 61
0:20:02.509076: amp 60
0:20:24.634132: phb 1.319105230489985
0:20:24.790309: phb 1.337052561442418
0:20:24.837165: phb 1.3733996141521518
0:20:24.837165: phb 1.4102843659105972
0:20:24.868516: phb 1.452090337195715
0:20:24.884139: phb 1.470219318756036
0:20:24.915444: phb 1.4913169538079414
0:20:24.931015: phb 1.4926935198024645
0:20:24.977821: phb 1.5139465539295944
0:20:24.993442: phb 1.5314465215241126
0:20:25.040419: phb 1.5629219593894876
0:20:25.040419: phb 1.5944130024778287
0:20:25.055907: phb 1.610145592236394
0:20:25.087071: phb 1.64154324216798
0:20:25.087071: phb 1.672803263663815
0:20:25.274602: phb 1.6883609793306211
0:20:25.290209: phb 1.7038631503616444
0:20:25.415395: phb 1.6998456654211695
0:20:25.446569: phb 1.6667965891669843
0:20:25.462090: phb 1.6354533996641747
0:20:25.477829: phb 1.6062420077031896
0:20:25.509038: phb 1.5917713953763917
0:20:25.587101: phb 1.563802978823862
0:20:25.587101: phb 1.5498194983580653
0:20:25.618500: phb 1.521883857812552
0:20:25.665378: phb 1.5079412761492825
0:20:25.712225: phb 1.4801359705739159
0:20:25.759157: phb 1.4662825286634769
0:20:25.774743: phb 1.452470492968081
0:20:25.790379: phb 1.438702406178221
0:20:25.821518: phb 1.3977198193761202
0:20:25.868462: phb 1.3841811314441816
0:20:25.884066: phb 1.3573158859315222
0:20:25.915379: phb 1.3439965961782538
0:20:25.946572: phb 1.3307598883514373
0:20:25.977879: phb 1.3045434041008912
0:20:26.009074: phb 1.2878194084766976
0:20:28.665694: phb 1.9475761395817401
0:20:28.775125: phb 1.922451836397537
0:20:28.790749: phb 1.8970506452709885
0:20:28.821934: phb 1.8629988048493633
0:20:28.853263: phb 1.840268402882825
0:20:28.868820: phb 1.8422737672815563
0:20:28.868820: phb 1.8334053665580232
0:20:28.884331: phb 1.8183584529958887
0:20:28.915755: phb 1.7880890380906458
0:20:28.931195: phb 1.7936957367120583
0:20:28.947012: phb 1.762444938954479
0:20:28.947012: phb 1.749205971263548
0:20:28.978248: phb 1.768190966314526
0:20:28.993698: phb 1.7832271322619797
0:20:29.024963: phb 1.7681891967926944
0:20:29.056330: phb 1.7798191589816421
0:20:29.056330: phb 1.8076452034687063
0:20:29.072010: phb 1.8662373817330258
0:20:29.103215: phb 1.9237875799093003
0:20:29.103215: phb 1.7681838170798458
0:20:29.118698: phb 1.8370384283345211
0:20:29.150136: phb 1.8925342926377393
0:20:29.150136: phb 1.9756760768853676
0:20:29.181316: phb 2.3561735089171822
0:20:29.196832: phb 2.8198478214900806
0:20:29.212444: phb 4.390639570397664
0:20:29.228244: phb 5.252821607438117
0:20:29.243870: phb 5.3326367652240805
0:20:29.259485: phb 5.279119880851732
0:20:29.275119: phb 5.398122626990178
0:20:29.290579: phb 5.345137980763902
0:20:29.321943: phb 5.380681699630577
0:20:29.337535: phb 5.392910314789761
0:20:29.368847: phb 5.402835810335651
0:20:29.431375: phb 5.497787830426336
0:20:29.446996: phb 5.577618121069291
0:20:29.462650: phb 5.733332340918837
0:20:29.478180: phb 5.878293560356885
0:20:29.493720: phb 5.9942088603083565
0:20:29.509518: phb 6.008274859345319
0:20:29.525128: phb 6.114083373364591
0:20:29.540749: phb 6.172527053249195
0:20:29.556285: phb 6.21661732907435
0:20:29.571909: phb 6.26096612615568
0:20:29.587466: phb 0.02221714752854745
0:20:29.603199: phb 0.14189564861732168
0:20:29.618720: phb 0.2124309400072661
0:20:29.650122: phb 0.2997752309594398
0:20:29.650122: phb 0.4007925483212598
0:20:29.681237: phb 0.48251247370994044
0:20:29.696839: phb 0.5779011021820822
0:20:29.712519: phb 0.6202489376784815
0:20:29.728212: phb 0.6416585713457229
0:20:29.743884: phb 0.6551862970796678
0:20:29.806284: phb 0.6758379157852011
0:20:29.806284: phb 0.7006950644974885
0:20:29.806284: phb 0.7147193640451777
0:20:29.821915: phb 0.7350205066862608
0:20:29.837550: phb 0.7444372254050615
0:20:31.634556: phb 1.4309734869717685
0:20:31.634556: phb 1.4118423836786944
0:20:31.649973: phb 1.3969951397786382
0:20:31.681387: phb 1.376430478044162
0:20:31.712567: phb 1.3670510319509506
0:20:31.759351: phb 1.349266966150585
0:20:31.806370: phb 1.3281479862944652
0:20:31.868786: phb 1.3439960183788897
0:20:31.884556: phb 1.32858617668396
0:20:31.900156: phb 1.3171207744034774
0:20:31.931314: phb 1.290686536705286
0:20:31.931314: phb 1.2753538198969938
0:20:31.962458: phb 1.24904397404205
0:20:31.978254: phb 1.2288444426823109
0:20:31.993868: phb 1.1935450170687376
0:20:32.009409: phb 1.1659019190795985
0:20:32.024964: phb 1.1156951963875852
0:20:32.056384: phb 1.0441673114547767
0:20:32.056384: phb 1.0232326069941453
0:20:32.071954: phb 0.9765806544263883
0:20:32.103261: phb 0.922463089141042
0:20:32.134408: phb 0.8593353977921707
0:20:32.150032: phb 0.8238394602547157
0:20:32.150032: phb 0.785395645697445
0:20:32.181377: phb 0.6986585471934589
0:20:32.197006: phb 0.6498676522265197
0:20:32.212502: phb 0.5404183558635872
0:20:32.228200: phb 0.41450489565007037
0:20:32.275126: phb 0.3455547538857614
0:20:32.275126: phb 0.27300576566182383
0:20:32.275126: phb 0.1297025158843695
0:20:32.306426: phb 0.04757991862751179
0:20:32.306426: phb 6.14128909180389
0:20:32.321822: phb 6.049440726505739
0:20:32.337539: phb 5.961435243241161
0:20:32.353247: phb 5.8006721954244025
0:20:32.368727: phb 5.728879443160041
0:20:32.400137: phb 5.602665258269298
0:20:32.415575: phb 5.547747722719801
0:20:32.447001: phb 5.452365527876242
0:20:32.462484: phb 5.411051156183165
0:20:32.478155: phb 5.339133729426351
0:20:32.493699: phb 5.279120913070382
0:20:32.509326: phb 5.2528103559422465
0:20:32.524955: phb 5.228621870260442
0:20:32.556309: phb 5.206332851602316
0:20:32.556309: phb 5.166693150998545
0:20:32.759441: phb 5.105446552260064
0:20:32.759441: phb 5.079565626064348
0:20:32.775123: phb 5.0013642598071835
0:20:32.806423: phb 4.9786445801350165
0:20:32.806423: phb 4.949239374360854
0:20:32.821907: phb 4.883123967207363
0:20:32.837554: phb 4.8318227259093565
0:20:32.853250: phb 4.868997074276161
0:20:32.868824: phb 4.909792609773455
0:20:32.884469: phb 4.939196507908639
0:20:32.900035: phb 4.978650272765939
0:20:32.931389: phb 5.117294381053981
0:20:32.947009: phb 5.49780812417691
0:20:32.962518: phb 5.961438185870355
0:20:32.978075: phb 0.3217196563270947
0:20:33.009328: phb 1.165886190484865
0:20:33.025120: phb 1.3045329215873158
0:20:33.056384: phb 1.343987256185695
0:20:33.056384: phb 1.3733926974061315
0:20:33.071822: phb 1.3961166391995519
0:20:33.087485: phb 1.414187490553161
0:20:33.134493: phb 1.4288933975618738
0:20:33.134493: phb 1.3567352094292267
0:20:33.150121: phb 1.2753525395293612
0:20:33.181385: phb 1.124690126417914
0:20:33.181385: phb 1.0563423084711632
0:20:33.212572: phb 0.9342873695187578
0:20:33.259319: phb 0.8803475423476416
0:20:33.446849: phb 0.9342873695187578
0:20:33.478244: phb 1.0459990118508231
0:20:33.509503: phb 0.9380473264156843
0:20:33.525132: phb 0.8685369091491602
0:20:33.540574: phb 0.7853966028375817
0:20:33.556390: phb 0.5667251111047902
0:20:33.603249: phb 0.42662506321513266
0:20:33.634342: phb 0.3217463582824728
0:20:33.634342: phb 0.14188721276255872
0:20:33.681377: phb 6.141285277140385
0:20:33.962591: phb 5.878296875171018
0:20:34.212633: phb 5.662934429362041
0:20:34.884507: phb 6.016933346060108
0:20:34.900130: phb 6.192522699663554
0:20:34.915701: phb 6.206411463692415
0:20:35.009503: phb 0.0665635557938166
0:20:35.056380: phb 0.058752231638688854
0:20:35.087652: phb 0.17467216060525562
0:20:35.103247: phb 0.23374045493027656
0:20:35.149972: phb 0.32174614026691484
0:20:35.540759: phb 0.21405938215972842
0:20:35.572027: phb 0.11942861915861765
0:20:35.634512: phb 0.0399761460293682
0:20:35.712690: phb 6.248715159630291
0:20:35.915768: phb 6.180103712120522
0:20:43.182020: amp 62
0:20:43.494549: amp 65
0:20:43.556985: amp 66
0:20:43.635105: amp 67
0:20:43.838182: amp 68
0:20:43.931993: amp 69
0:20:44.072540: amp 70
0:20:44.181935: amp 71
0:20:44.260008: amp 72
0:20:44.369479: amp 73
0:21:23.676697: freq 0.7
0:21:23.832939: freq 0.75
0:21:24.004815: freq 0.8
0:21:24.348693: freq 0.85
0:21:39.113453: amp 72
0:21:39.342048: amp 75
0:21:39.357875: amp 76
0:21:39.404958: amp 77
0:21:39.467786: amp 78
0:21:39.530367: amp 79
0:21:39.608888: amp 80
0:21:39.672083: amp 81
0:21:39.734534: amp 82
0:21:39.813462: amp 83
0:21:41.542297: freq 0.9
0:21:41.809275: freq 0.95
0:21:45.075922: freq 0.9
0:21:45.167011: freq 0.95
0:21:45.201583: freq 1
0:21:45.955163: amp 79
0:21:46.159633: amp 82
0:21:46.159633: amp 83
0:21:46.159633: amp 84
0:21:46.206767: amp 85
0:21:46.238169: amp 86
0:21:46.285268: amp 87
0:21:46.363553: amp 88
0:21:46.474000: amp 89
0:21:46.583720: amp 90
0:21:56.828496: amp 88
0:21:56.844160: amp 87
0:21:56.859744: amp 85
0:21:56.875192: amp 84
0:21:56.890830: amp 83
0:21:56.922754: amp 82
0:21:56.953990: amp 81
0:21:57.032573: amp 80
0:21:57.094853: amp 79
0:21:57.126438: amp 78
0:21:57.236205: amp 77
0:21:58.931835: amp 75
0:21:59.011110: amp 71
0:21:59.025794: amp 70
0:21:59.041563: amp 68
0:21:59.057092: amp 67
0:21:59.088495: amp 66
0:21:59.111228: amp 65
0:21:59.151323: amp 64
0:22:04.826630: amp 66
0:22:04.930156: amp 69
0:22:04.977079: amp 70
0:22:05.008551: amp 71
0:22:05.027461: amp 72
0:22:05.055735: amp 73
0:22:05.102764: amp 74
0:22:05.150106: amp 75
0:22:05.227843: amp 76
0:22:05.306087: amp 77
0:22:05.369107: amp 78
0:22:11.554039: amp 79
0:22:11.649352: amp 76
0:22:11.664125: amp 75
0:22:11.679873: amp 74
0:22:11.695545: amp 73
0:22:11.711205: amp 72
0:22:11.726650: amp 71
0:22:11.758556: amp 70
0:22:11.790071: amp 69
0:22:11.821127: amp 68
0:22:11.868572: amp 67
0:22:11.915479: amp 66
0:22:11.994049: amp 65
0:22:18.557764: off 179
0:22:18.714702: off 174
0:22:18.730169: off 173
0:22:18.761589: off 172
0:22:18.809170: off 171
0:22:18.809170: off 170
0:22:18.856070: off 169
0:22:18.856070: off 168
0:22:18.886974: off 167
0:22:18.933789: off 166
0:22:18.949583: off 165
0:22:18.981162: off 164
0:22:19.028202: off 163
0:22:19.075539: off 162
0:22:19.122618: off 161
0:22:19.171876: off 160
0:22:19.624327: off 159
0:22:19.734110: off 158
0:22:20.095574: off 157
0:22:20.346379: off 156
0:22:20.551033: off 155
0:22:20.739449: off 154
0:22:21.178723: off 153
0:22:21.524110: off 154
0:22:21.586900: off 155
0:22:21.633858: off 156
0:22:21.665227: off 157
0:22:21.680928: off 158
0:22:21.696589: off 159
0:22:21.712366: off 160
0:22:21.727830: off 161
0:22:21.759194: off 162
0:22:21.781581: off 163
0:22:21.806454: off 164
0:22:21.837857: off 165
0:22:21.853394: off 166
0:22:21.884719: off 167
0:22:21.931790: off 168
0:22:21.963057: off 169
0:22:22.434170: phb 0.37170847922697114
0:22:22.512626: phb 0.4007925483212598
0:22:22.528254: phb 0.4568445506517303
0:22:22.543884: phb 0.5099720321554603
0:22:22.559351: phb 0.5601206125917257
0:22:22.584679: phb 0.6073048460612359
0:22:22.591238: phb 0.6515871547457108
0:22:22.606981: phb 0.7127986776791941
0:22:22.638247: phb 0.731877576541232
0:22:22.638247: phb 0.7503242471150063
0:22:22.653756: phb 0.785397872445896
0:22:22.685156: phb 0.8020627547908373
0:22:22.685156: phb 0.8181732755430113
0:22:22.716554: phb 0.8337472842184532
0:22:22.732237: phb 0.8803487853384702
0:22:22.763338: phb 0.8978247195246019
0:22:22.794994: phb 0.9251060691716776
0:22:22.841915: phb 0.9505460956808922
0:22:22.889224: phb 0.9798778888693306
0:22:22.920642: phb 0.9913894670967085
0:22:22.936143: phb 1.0198125741215354
0:22:22.936143: phb 1.0374934037104424
0:22:22.986397: phb 1.0478566798908782
0:22:22.986397: phb 1.0754850617771126
0:22:23.015032: phb 1.0934498028755313
0:22:23.046094: phb 1.129366441477106
0:22:23.086686: phb 1.1474852850461656
0:22:23.093358: phb 1.1633663241728773
0:22:23.109092: phb 1.181247357886868
0:22:23.140392: phb 1.2131325010178784
0:22:23.140392: phb 1.2372118780939803
0:22:23.156017: phb 1.2607398649759032
0:22:23.187335: phb 1.2837133895088488
0:22:23.234420: phb 1.3061264495821672
0:22:23.265625: phb 1.327976268695584
0:22:23.359868: phb 1.3453372732803959
0:22:23.406855: phb 1.3699993343195964
0:22:23.469505: phb 1.3870506707055732
0:22:27.253068: phb 1.5978156427107493
0:22:27.300011: phb 1.5798050577214606
0:22:27.300588: phb 1.543279168074718
0:22:27.331927: phb 1.4664151379085164
0:22:27.347721: phb 1.2490457329358693
0:22:27.363333: phb 1.1923675128758258
0:22:27.363333: phb 1.0346502639235957
0:22:27.378891: phb 1.0002124641693602
0:22:27.400631: phb 0.7653989739360764
0:22:27.410322: phb 0.6405847435034611
0:22:27.425955: phb 0.4568445506517303
0:22:27.441702: phb 0.11065604486700506
0:22:27.472976: phb 6.175905993660456
0:22:27.472976: phb 6.062936790141656
0:22:27.500895: phb 5.874695999715367
0:22:27.520126: phb 5.75603978441555
0:22:27.535922: phb 5.602665059700766
0:22:27.535922: phb 5.4977866588632605
0:22:27.551437: phb 5.4323077481756
0:22:27.567071: phb 5.385360587654985
0:22:27.598254: phb 5.322195944404582
0:22:27.614328: phb 5.267567976289459
0:22:27.614328: phb 5.209200645906964
0:22:27.645705: phb 5.1253896315880265
0:22:27.661379: phb 5.07233754234149
0:22:27.677023: phb 5.027810932827869
0:22:27.692664: phb 4.978642213069513
0:22:27.724022: phb 4.955037109466042
0:22:27.724022: phb 4.909785693027435
0:22:27.739830: phb 4.888127766423365
0:22:27.771070: phb 4.8467115360977395
0:22:27.771070: phb 4.826930182249582
0:22:27.786757: phb 4.807751035004527
0:22:27.817645: phb 4.771145316111145
0:22:27.848973: phb 4.753017049028697
0:22:27.880170: phb 4.736775412404272
0:22:27.895691: phb 4.720519409764365
0:22:27.911954: phb 4.688004594058886
0:22:27.958998: phb 4.671761469068116
0:22:28.203328: phb 4.6887723217203945
0:22:28.273072: phb 4.704515159287682
0:22:28.351707: phb 4.735641578520431
0:22:28.587060: phb 4.750538412575903
0:22:28.704306: phb 4.7641949162568995
0:22:29.497741: phb 4.755840261358676
0:22:29.544942: phb 4.7662298443376825
0:22:29.638934: phb 4.777386064317265
0:22:29.874212: phb 4.798878572170503
0:22:29.921519: phb 4.809227990458481
0:22:30.187596: phb 4.830481710146084
0:22:30.376324: phb 4.849642434251692
0:22:30.470615: phb 4.8712597075816415
0:22:30.501818: phb 4.8820142236629795
0:22:30.628222: phb 4.9034016370829665
0:22:30.643668: phb 4.914031110045672
0:22:30.659339: phb 4.935149061903538
0:22:30.675076: phb 4.956067869659301
0:22:30.706228: phb 4.96644649081582
0:22:30.753744: phb 4.997243508522095
0:22:30.769307: phb 5.010495528528343
0:22:30.784926: phb 5.03078376052608
0:22:30.816749: phb 5.047790840114927
0:22:30.816749: phb 5.0579451422019215
0:22:30.848155: phb 5.093927557058312
0:22:30.879486: phb 5.117281289975004
0:22:30.895081: phb 5.147620733007962
0:22:30.911540: phb 5.173384663899709
0:22:30.926743: phb 5.217109534770607
0:22:30.958194: phb 5.240016582109009
0:22:30.958194: phb 5.263630589478195
0:22:30.973825: phb 5.305739797303858
0:22:31.004909: phb 5.3311231055603345
0:22:31.021156: phb 5.357211313545713
0:22:31.021156: phb 5.394383701041749
0:22:31.052602: phb 5.4217436479723355
0:22:31.068180: phb 5.449747704441341
0:22:31.083863: phb 5.468384490261611
0:22:31.099395: phb 5.477988238472392
0:22:31.131398: phb 5.50799134965185
0:22:31.146912: phb 5.5390009252609795
0:22:31.162632: phb 5.549823310602097
0:22:31.178256: phb 5.572118049626148
0:22:31.193732: phb 5.6049024154666
0:22:31.212893: phb 5.616787743095966
0:22:31.225596: phb 5.650436665904599
0:22:31.241422: phb 5.6756627727692806
0:22:31.257028: phb 5.688618403925379
0:22:31.272675: phb 5.701805673612771
0:22:31.319681: phb 5.737286008849842
0:22:31.351177: phb 5.751052925600251
0:22:31.382205: phb 5.779266019959686
0:22:31.397837: phb 5.7937131970400415
0:22:31.413541: phb 5.808385533045519
0:22:31.429368: phb 5.823282555156844
0:22:31.445000: phb 5.838403398047395
0:22:31.460474: phb 5.86930453389228
0:22:31.476060: phb 5.8850807597284085
0:22:31.507366: phb 5.9010683922818075
0:22:31.513977: phb 5.9336641276600846
0:22:31.523687: phb 5.95026178960597
0:22:31.555151: phb 5.984029786909921
0:22:31.555151: phb 6.018515012802361
0:22:31.586407: phb 6.0360088538512295
0:22:31.602038: phb 6.0536576903875865
0:22:31.664821: phb 6.071453274045582
0:22:31.932091: phb 6.08938686085473
0:22:31.963188: phb 6.107446740138474
0:22:32.151700: phb 6.128467986031788
0:22:32.182949: phb 6.148864015734592
0:22:32.308415: phb 6.166599161530598
0:22:32.324456: phb 6.1844082818888975
0:22:32.450166: phb 6.20228129937767
0:22:32.497195: phb 6.2202054421392665
0:22:32.528949: phb 6.2223905211126365
0:22:32.560407: phb 6.239733906520903
0:22:32.686198: phb 6.257104280589563
0:22:32.780068: phb 6.274781887469182
0:22:33.125458: phb 0.024385384225258863
0:22:33.156928: phb 0.04062774844534781
0:22:33.188184: phb 0.05594108277513362
0:22:33.250825: phb 0.07187596737040124
0:22:33.266372: phb 0.08777364739778408
0:22:33.319999: phb 0.11575910576342127
0:22:33.345380: phb 0.13102755848967565
0:22:33.376770: phb 0.16137495566230892
0:22:33.392390: phb 0.17644014585082823
0:22:33.407988: phb 0.19142484323905765
0:22:33.423838: phb 0.20632369835371941
0:22:33.455295: phb 0.22112954052589132
0:22:33.455295: phb 0.2504428553078257
0:22:33.486553: phb 0.2610772263949475
0:22:33.517786: phb 0.27527198393338664
0:22:33.549607: phb 0.3033192415267184
0:22:33.580967: phb 0.3127004694775088
0:22:33.596591: phb 0.3396854936083726
0:22:33.627922: phb 0.3661656066400476
0:22:33.659390: phb 0.37920899529020746
0:22:33.706076: phb 0.4048916097429053
0:22:33.737094: phb 0.4175261205263654
0:22:33.752588: phb 0.4300205813377111
0:22:33.752588: phb 0.45458403548478393
0:22:33.799590: phb 0.4785716746751595
0:22:33.815061: phb 0.4903471128721067
0:22:33.830746: phb 0.5019763519162327
0:22:33.862200: phb 0.5247953883714975
0:22:33.862200: phb 0.5359843862250633
0:22:33.877829: phb 0.5717285645011106
0:22:33.893321: phb 0.5933496937821414
0:22:33.908920: phb 0.6143577623461974
0:22:33.924958: phb 0.6347616357659197
0:22:33.956410: phb 0.6545702960047197
0:22:33.956410: phb 0.6908530410937899
0:22:33.987553: phb 0.7092738310766696
0:22:34.018840: phb 0.7350205066862608
0:22:34.034725: phb 0.7523523311530433
0:22:34.034725: phb 0.7691391662634761
0:22:34.066164: phb 0.777333806833877
0:22:34.122719: phb 0.8088312416834591
0:22:34.191455: phb 0.816395739035487
0:22:34.332699: phb 0.8311675770863737
0:22:35.839733: phb 1.1610378477860535
0:22:35.839733: phb 1.1535281428457251
0:22:35.871224: phb 1.0934498028755313
0:22:35.886656: phb 1.0636966348089114
0:22:35.917961: phb 1.0183757793870094
0:22:35.934276: phb 0.9352088055665684
0:22:35.950044: phb 0.8062278206192677
0:22:35.965663: phb 0.7173212962116344
0:22:35.981165: phb 0.6121524587749794
0:22:35.996907: phb 0.552840715050654
0:22:36.012564: phb 0.4551002526644328
0:22:36.028888: phb 0.38416821998298323
0:22:36.044005: phb 0.3089307204149271
0:22:36.059691: phb 0.2698479287542126
0:22:36.090891: phb 0.22990379453193008
0:22:36.090891: phb 0.1478480829932364
0:22:36.106627: phb 0.10598370740784473
0:22:36.138276: phb 0.021272086265288755
0:22:36.138276: phb 6.261911273865327
0:22:36.154041: phb 6.219441999806543
0:22:36.185359: phb 6.12886629398512
0:22:36.342279: phb 6.085790285298386
0:22:36.389201: phb 6.043441563713182
0:22:36.452129: phb 6.001953225230928
0:22:36.969611: phb 6.043441563713182
0:22:37.016316: phb 6.085790285298386
0:22:37.031515: phb 6.12886629398512
0:22:37.078552: phb 6.172527053249195
0:22:37.125317: phb 6.21661732907435
0:22:37.157038: phb 6.26096612615568
0:22:37.219538: phb 0.02221714752854745
0:22:37.266721: phb 0.06656797810523518
0:22:37.297979: phb 0.11065624424185695
0:22:59.806366: amp 62
0:22:59.956718: amp 65
0:22:59.987971: amp 66
0:23:00.006828: amp 67
0:23:00.035144: amp 68
0:23:00.082055: amp 69
0:23:00.097671: amp 70
0:23:00.129558: amp 71
0:23:00.160971: amp 72
0:23:00.192148: amp 73
0:23:00.285671: amp 74
0:23:00.364469: amp 75
0:23:00.427214: amp 76
0:23:00.474089: amp 77
0:23:00.724839: amp 78
0:24:31.599429: amp 72
0:24:31.708780: amp 76
0:24:31.724361: amp 77
0:24:31.724361: amp 78
0:24:31.740042: amp 80
0:24:31.755564: amp 82
0:24:31.771106: amp 83
0:24:31.803024: amp 85
0:24:31.803024: amp 87
0:24:31.818820: amp 89
0:24:31.850089: amp 90
0:24:34.929780: off 167
0:24:35.008152: off 174
0:24:35.008152: off 176
0:24:35.055225: off 178
0:24:35.055225: off 180
0:24:41.370685: off 177
0:24:41.480759: off 179
0:24:41.701148: off 173
0:24:41.732706: off 172
0:24:41.924985: off 173
0:24:42.344866: off 172
0:24:42.391936: off 171
0:24:42.426460: off 170
0:24:42.439014: off 169
0:24:42.501555: off 168
0:24:42.727785: off 167
0:24:42.847213: off 166
0:24:43.333375: off 165
0:24:43.883197: off 166
0:24:43.932137: off 167
0:24:43.977215: off 168
0:24:44.032665: off 169
0:24:44.055698: off 170
0:24:46.568544: freq 0.95
0:24:46.787948: freq 0.9
0:24:46.898500: freq 0.85
0:24:47.008596: freq 0.8
0:24:47.150227: freq 0.75
0:25:12.508519: amp 89
0:25:12.885412: amp 87
0:25:12.916777: amp 86
0:25:13.058021: amp 85
0:25:13.183847: amp 84
0:25:13.293437: amp 83
0:25:13.340826: amp 82
0:25:13.435472: amp 81
0:25:13.482176: amp 80
0:25:13.513301: amp 79
0:25:19.968407: amp 76
0:25:20.737132: amp 70
0:25:20.878776: amp 73
0:25:20.909832: amp 74
0:25:20.957079: amp 75
0:25:20.960763: amp 76
0:25:21.004096: amp 77
0:25:21.004096: amp 78
0:25:21.067030: amp 79
0:25:21.082769: amp 80
0:25:21.098297: amp 81
0:25:21.129667: amp 82
0:25:21.145374: amp 83
0:25:21.177114: amp 84
0:25:21.208411: amp 85
0:25:21.224128: amp 86
0:25:21.261577: amp 87
0:25:21.271194: amp 88
0:25:21.286873: amp 89
0:25:21.333849: amp 90
0:25:29.845435: off 175
0:25:30.080852: off 169
0:25:30.112799: off 168
0:25:30.128300: off 167
0:25:30.175297: off 166
0:25:30.190924: off 165
0:25:30.222210: off 164
0:25:30.253539: off 163
0:25:30.284828: off 162
0:25:30.332354: off 161
0:25:30.379461: off 160
0:25:30.458016: off 159
0:25:30.505015: off 158
0:25:30.567625: off 157
0:25:30.615264: off 156
0:25:30.677744: off 155
0:25:30.725165: off 154
0:25:39.364922: off 150
0:25:39.522102: off 156
0:25:39.553550: off 157
0:25:39.569185: off 159
0:25:39.569185: off 160
0:25:39.600400: off 161
0:25:39.618935: off 163
0:25:39.647747: off 165
0:25:39.663419: off 167
0:25:39.681963: off 168
0:25:39.695191: off 169
0:25:39.718909: off 170
0:25:39.742805: off 171
0:25:39.773985: off 172
0:25:39.789571: off 173
0:25:39.821945: off 174
0:25:39.821945: off 175
0:25:39.837060: off 176
0:25:39.868438: off 177
0:25:39.868438: off 178
0:25:39.899599: off 179
0:25:39.931386: off 180
0:26:15.885556: amp 89
0:26:16.388540: amp 86
0:26:16.435419: amp 85
0:26:16.528993: amp 84
0:26:16.592419: amp 83
0:26:16.639558: amp 82
0:26:19.182120: amp 81
0:26:33.521100: amp 83
0:26:33.615320: amp 80
0:26:33.630882: amp 79
0:26:33.646425: amp 78
0:26:33.709313: amp 77
0:26:33.740553: amp 76
0:26:33.851540: amp 75
0:26:33.898706: amp 74
0:26:33.898706: amp 73
0:26:33.946439: amp 72
0:26:33.946439: amp 71
0:26:33.993425: amp 70
0:26:33.993425: amp 69
0:26:34.056241: amp 68
0:26:34.056241: amp 67
0:26:34.087638: amp 66
0:26:34.103329: amp 65
0:26:34.134608: amp 64
0:26:34.150314: amp 63
0:26:34.186720: amp 62
0:26:34.260633: amp 61
0:26:34.276346: amp 60
0:26:34.292090: amp 59
0:26:34.370047: amp 58
0:26:34.479965: amp 57
0:26:34.479965: amp 56
0:26:34.495779: amp 55
0:26:34.542868: amp 54
0:26:34.652406: amp 53
0:26:34.652406: amp 52
0:26:34.652406: amp 51
0:26:34.683561: amp 50
0:26:34.715591: amp 49
0:26:34.731183: amp 48
0:26:34.841187: amp 47
0:26:34.841187: amp 46
0:26:34.856811: amp 45
0:26:34.903895: amp 43
0:26:34.982160: amp 42
0:26:34.982160: amp 41
0:26:35.029500: amp 40
0:26:35.076344: amp 39
0:26:35.123578: amp 38
0:26:35.186147: amp 37
0:26:50.844795: amp 35
0:26:51.362469: amp 37
0:26:51.362469: amp 38
0:26:51.409377: amp 39
0:26:51.503758: amp 40
0:26:51.503758: amp 41
0:26:51.677045: amp 42
0:26:51.771624: amp 43
0:26:51.975768: amp 44
0:26:52.179897: amp 45
0:26:53.970612: amp 44
0:27:13.984644: amp 47
0:27:13.984644: amp 48
0:27:14.078439: amp 49
0:27:14.078439: amp 50
0:27:14.267001: amp 51
0:33:34.993181: off 179
0:33:37.195440: off 175
0:33:37.210882: off 174
0:33:37.242739: off 173
0:33:37.258573: off 172
0:33:37.274195: off 171
0:33:37.289637: off 170
0:33:37.320906: off 168
0:33:37.336719: off 167
0:33:37.352518: off 164
0:33:37.368151: off 161
0:33:37.399391: off 160
0:33:37.399391: off 158
0:33:37.414977: off 157
0:33:37.446547: off 156
0:33:37.446547: off 155
0:33:37.462124: off 154
0:33:37.493357: off 153
0:33:37.493357: off 152
0:33:37.509134: off 151
0:33:37.540579: off 150
0:33:37.540579: off 148
0:33:37.556316: off 145
0:33:37.587494: off 143
0:33:37.603266: off 139
0:33:37.618870: off 138
0:33:37.634662: off 135
0:33:37.650484: off 133
0:33:37.666101: off 131
0:33:37.681549: off 129
0:33:37.697350: off 125
0:33:37.712968: off 122
0:33:37.730183: off 118
0:33:37.744373: off 114
0:33:37.760006: off 110
0:33:37.775663: off 106
0:33:37.791289: off 102
0:33:37.807064: off 96
0:33:37.838417: off 92
0:33:37.854053: off 87
0:33:37.869705: off 84
0:33:37.885478: off 78
0:33:37.901109: off 70
0:33:37.916723: off 64
0:33:37.932607: off 59
0:33:37.948449: off 56
0:33:37.964088: off 50
0:33:37.979646: off 43
0:33:37.995164: off 38
0:33:38.010945: off 33
0:33:38.042784: off 28
0:33:38.042784: off 24
0:33:38.058418: off 20
0:33:38.074071: off 18
0:33:38.089886: off 15
0:33:38.121101: off 12
0:33:38.131215: off 11
0:33:38.153023: off 9
0:33:38.168787: off 7
0:33:38.184406: off 4
0:33:38.199872: off 3
0:33:38.215674: off 1
0:33:38.231303: off 0
0:33:41.385809: off 3
0:33:41.548551: off 11
0:33:41.548551: off 12
0:33:41.558741: off 15
0:33:41.574426: off 19
0:33:41.605823: off 22
0:33:41.621446: off 26
0:33:41.636923: off 29
0:33:41.652973: off 33
0:33:41.684257: off 36
0:33:41.684257: off 39
0:33:41.700041: off 43
0:33:41.731116: off 46
0:33:41.731116: off 49
0:33:41.748962: off 53
0:33:41.762644: off 55
0:33:41.794030: off 57
0:33:41.794030: off 59
0:33:41.809566: off 61
0:33:41.825342: off 62
0:33:41.848993: off 63
0:33:41.935456: off 64
0:33:41.967081: off 65
0:33:41.982694: off 67
0:33:41.998331: off 69
0:33:42.013822: off 72
0:33:42.029605: off 74
0:33:42.049678: off 78
0:33:42.060791: off 80
0:33:42.076589: off 83
0:33:42.107706: off 85
0:33:42.107706: off 87
0:33:42.139028: off 89
0:33:42.154894: off 90
0:33:42.170705: off 91
0:33:42.327287: off 92
0:33:42.374486: off 93
0:33:42.421369: off 94
0:33:42.437143: off 95
0:33:42.468716: off 96
0:33:42.500018: off 97
0:33:42.515663: off 98
0:33:42.551008: off 99
0:33:42.594544: off 100
0:33:42.610056: off 101
0:33:42.625794: off 102
0:33:42.672986: off 103
0:33:42.688631: off 104
0:33:42.735626: off 105
0:33:43.191354: off 104
0:33:43.653312: off 103
0:33:43.693211: off 102
0:33:43.803456: off 101
0:33:43.897718: off 100
0:33:43.960772: off 99
0:33:44.038997: off 98
0:33:44.116888: off 97
0:33:44.254758: off 96
0:33:44.399755: off 95
