Time, Frequency, Amplitude, Offset, PhaseShift, Phase
0:00:00.053372, 0.0, 0.0, 90.0, 0.0, 9346.111328125
0:00:00.162249, 0.0, 0.0, 90.0, 0.0, 9346.7958984375
0:00:00.258540, 0.0, 0.0, 90.0, 0.0, 9347.4052734375
0:00:00.348783, 0.0, 0.0, 90.0, 0.0, 9347.970703125
0:00:00.449236, 0.0, 0.0, 90.0, 0.0, 9348.599609375
0:00:00.568949, 0.0, 0.0, 90.0, 0.0, 9349.353515625
0:00:00.669386, 0.0, 0.0, 90.0, 0.0, 9349.9892578125
0:00:00.760758, 0.0, 0.0, 90.0, 0.0, 9350.5615234375
0:00:00.869709, 0.0, 0.0, 90.0, 0.0, 9351.2470703125
0:00:00.967816, 0.0, 0.0, 90.0, 0.0, 9351.8701171875
0:00:01.068229, 0.0, 0.0, 90.0, 0.0, 9352.4990234375
0:00:01.148800, 0.0, 0.0, 90.0, 0.0, 9353.0078125
0:00:01.261529, 0.0, 0.0, 90.0, 0.0, 9353.7109375
0:00:01.359895, 0.0, 0.0, 90.0, 0.0, 9354.3330078125
0:00:01.474430, 0.0, 0.0, 90.0, 0.0, 9355.0556640625
0:00:01.556690, 0.0, 0.0, 90.0, 0.0, 9355.5703125
0:00:01.672235, 0.0, 0.0, 90.0, 0.0, 9356.2998046875
0:00:01.756185, 0.0, 0.0, 90.0, 0.0, 9356.828125
0:00:01.868765, 0.0, 0.0, 90.0, 0.0, 9357.5322265625
0:00:01.968383, 0.0, 0.0, 90.0, 0.0, 9358.1611328125
0:00:02.068992, 0.0, 0.0, 90.0, 0.0, 9358.7958984375
0:00:02.179856, 0.0, 0.0, 90.0, 0.0, 9359.494140625
0:00:02.270261, 0.0, 0.0, 90.0, 0.0, 9360.0595703125
0:00:02.359415, 0.0, 0.0, 90.0, 0.0, 9360.625
0:00:02.465464, 0.0, 0.0, 90.0, 0.0, 9361.291015625
0:00:02.578862, 0.0, 0.0, 90.0, 0.0, 9362.0009765625
0:00:02.666255, 0.0, 0.0, 90.0, 0.0, 9362.5537109375
0:00:02.776717, 0.0, 0.0, 90.0, 0.0, 9363.2451171875
0:00:02.884553, 0.0, 0.0, 90.0, 0.0, 9363.923828125
0:00:02.972725, 0.0, 0.0, 90.0, 0.0, 9364.4833984375
0:00:03.087400, 0.0, 0.0, 90.0, 0.0, 9365.19921875
0:00:03.190218, 0.0, 0.0, 90.0, 0.0, 9365.8466796875
0:00:03.273842, 0.0, 0.0, 90.0, 0.0, 9366.375
0:00:03.387375, 0.0, 0.0, 90.0, 0.0, 9367.091796875
0:00:03.474672, 0.0, 0.0, 90.0, 0.0, 9367.638671875
0:00:03.599700, 0.0, 0.0, 90.0, 0.0, 9368.423828125
0:00:03.682948, 0.0, 0.0, 90.0, 0.0, 9368.9453125
0:00:03.779955, 0.0, 0.0, 90.0, 0.0, 9369.5615234375
0:00:03.876294, 0.0, 0.0, 90.0, 0.0, 9370.1640625
0:00:03.989750, 0.0, 0.0, 90.0, 0.0, 9370.880859375
0:00:04.096684, 0.0, 0.0, 90.0, 0.0, 9371.552734375
0:00:04.181937, 0.0, 0.0, 90.0, 0.0, 9372.0869140625
0:00:04.279489, 0.0, 0.0, 90.0, 0.0, 9372.703125
0:00:04.377833, 0.0, 0.0, 90.0, 0.0, 9373.318359375
0:00:04.489396, 0.0, 0.0, 90.0, 0.0, 9374.0224609375
0:00:04.600311, 0.0, 0.0, 90.0, 0.0, 9374.720703125
0:00:04.687584, 0.0, 0.0, 90.0, 0.0, 9375.267578125
0:00:04.795421, 0.0, 0.0, 90.0, 0.0, 9375.947265625
0:00:04.887790, 0.0, 0.0, 90.0, 0.0, 9376.525390625
0:00:04.993720, 0.0, 0.0, 90.0, 0.0, 9377.197265625
0:00:05.109240, 0.0, 0.0, 90.0, 0.0, 9377.919921875
0:00:05.206800, 0.0, 0.0, 90.0, 0.0, 9378.5361328125
0:00:05.291042, 0.0, 0.0, 90.0, 0.0, 9379.064453125
0:00:05.407576, 0.0, 0.0, 90.0, 0.0, 9379.7998046875
0:00:05.493815, 0.0, 0.0, 90.0, 0.0, 9380.33984375
0:00:05.616439, 0.0, 0.0, 90.0, 0.0, 9381.1123046875
0:00:05.703738, 0.0, 0.0, 90.0, 0.0, 9381.6591796875
0:00:05.821434, 0.0, 0.0, 90.0, 0.0, 9382.4013671875
0:00:05.904702, 0.0, 0.0, 90.0, 0.0, 9382.9228515625
0:00:06.000788, 0.0, 0.0, 90.0, 0.0, 9383.533203125
0:00:06.119417, 0.0, 0.0, 90.0, 0.0, 9384.275390625
0:00:06.211211, 0.0, 0.0, 90.0, 0.0, 9384.853515625
0:00:06.324744, 0.0, 0.0, 90.0, 0.0, 9385.5703125
0:00:06.412888, 0.0, 0.0, 90.0, 0.0, 9386.1240234375
0:00:06.511372, 0.0, 0.0, 90.0, 0.0, 9386.74609375
0:00:06.620792, 0.0, 0.0, 90.0, 0.0, 9387.431640625
0:00:06.728811, 0.0, 0.0, 90.0, 0.0, 9388.1103515625
0:00:06.814044, 0.0, 0.0, 90.0, 0.0, 9388.6513671875
0:00:06.931610, 0.0, 0.0, 90.0, 0.0, 9389.38671875
0:00:07.015869, 0.0, 0.0, 90.0, 0.0, 9389.9208984375
0:00:07.128461, 0.0, 0.0, 90.0, 0.0, 9390.625
0:00:07.214600, 0.0, 0.0, 90.0, 0.0, 9391.1708984375
0:00:07.309968, 0.0, 0.0, 90.0, 0.0, 9391.767578125
0:00:07.427873, 0.0, 0.0, 90.0, 0.0, 9392.509765625
0:00:07.511098, 0.0, 0.0, 90.0, 0.0, 9393.0380859375
0:00:07.615330, 0.0, 0.0, 90.0, 0.0, 9393.69140625
0:00:07.730844, 0.0, 0.0, 90.0, 0.0, 9394.4140625
0:00:07.821111, 0.0, 0.0, 90.0, 0.0, 9394.9853515625
0:00:07.937728, 0.0, 0.0, 90.0, 0.0, 9395.720703125
0:00:08.021863, 0.0, 0.0, 90.0, 0.0, 9396.2490234375
0:00:08.129137, 0.0, 0.0, 90.0, 0.0, 9396.9208984375
0:00:08.217439, 0.0, 0.0, 90.0, 0.0, 9397.48046875
0:00:08.330959, 0.0, 0.0, 90.0, 0.0, 9398.19140625
0:00:08.445592, 0.0, 0.0, 90.0, 0.0, 9398.9140625
0:00:08.541594, 0.0, 0.0, 90.0, 0.0, 9399.5166015625
0:00:08.633959, 0.0, 0.0, 90.0, 0.0, 9400.1015625
0:00:08.748589, 0.0, 0.0, 90.0, 0.0, 9400.8173828125
0:00:08.834942, 0.0, 0.0, 90.0, 0.0, 9401.36328125
0:00:08.934353, 0.0, 0.0, 90.0, 0.0, 9401.984375
0:00:09.047770, 0.0, 0.0, 90.0, 0.0, 9402.701171875
0:00:09.133970, 0.0, 0.0, 90.0, 0.0, 9403.2412109375
0:00:09.229423, 0.0, 0.0, 90.0, 0.0, 9403.84375
0:00:09.339954, 0.0, 0.0, 90.0, 0.0, 9404.5361328125
0:00:09.455472, 0.0, 0.0, 90.0, 0.0, 9405.2646484375
0:00:09.551626, 0.0, 0.0, 90.0, 0.0, 9405.8671875
0:00:09.651893, 0.0, 0.0, 90.0, 0.0, 9406.5029296875
0:00:09.744540, 0.0, 0.0, 90.0, 0.0, 9407.0810546875
0:00:09.858873, 0.0, 0.0, 90.0, 0.0, 9407.8037109375
0:00:09.947125, 0.0, 0.0, 90.0, 0.0, 9408.3564453125
0:00:10.062648, 0.0, 0.0, 90.0, 0.0, 9409.0849609375
0:00:10.149928, 0.0, 0.0, 90.0, 0.0, 9409.630859375
0:00:10.257773, 0.0, 0.0, 90.0, 0.0, 9410.3095703125
0:00:10.369306, 0.0, 0.0, 90.0, 0.0, 9411.013671875
0:00:10.447884, 0.0, 0.0, 90.0, 0.0, 9411.50390625
0:00:10.558011, 0.0, 0.0, 90.0, 0.0, 9412.1953125
0:00:10.666839, 0.0, 0.0, 90.0, 0.0, 9412.8798828125
0:00:10.752988, 0.0, 0.0, 90.0, 0.0, 9413.4267578125
0:00:10.864528, 0.0, 0.0, 90.0, 0.0, 9414.1240234375
0:00:10.959641, 0.0, 0.0, 90.0, 0.0, 9414.7275390625
0:00:11.073159, 0.0, 0.0, 90.0, 0.0, 9415.4375
0:00:11.159503, 0.0, 0.0, 90.0, 0.0, 9415.984375
0:00:11.273249, 0.0, 0.0, 90.0, 0.0, 9416.6943359375
0:00:11.363820, 0.0, 0.0, 90.0, 0.0, 9417.2666015625
0:00:11.450047, 0.0, 0.0, 90.0, 0.0, 9417.8134765625
0:00:11.562628, 0.0, 0.0, 90.0, 0.0, 9418.517578125
0:00:11.677324, 0.0, 0.0, 90.0, 0.0, 9419.240234375
0:00:11.771680, 0.0, 0.0, 90.0, 0.0, 9419.8369140625
0:00:11.867197, 0.0, 0.0, 90.0, 0.0, 9420.43359375
0:00:11.963016, 0.0, 0.0, 90.0, 0.0, 9421.0361328125
0:00:12.083505, 0.0, 0.0, 90.0, 0.0, 9421.7958984375
0:00:12.174317, 0.0, 0.0, 90.0, 0.0, 9422.3681640625
0:00:12.288798, 0.0, 0.0, 90.0, 0.0, 9423.0849609375
0:00:12.377059, 0.0, 0.0, 90.0, 0.0, 9423.6435546875
0:00:12.463258, 0.0, 0.0, 90.0, 0.0, 9424.1845703125
0:00:12.582366, 0.0, 0.0, 90.0, 0.0, 9424.9326171875
0:00:12.689130, 0.0, 0.0, 90.0, 0.0, 9425.60546875
0:00:12.775409, 0.0, 0.0, 90.0, 0.0, 9426.1455078125
0:00:12.885312, 0.0, 0.0, 90.0, 0.0, 9426.837890625
0:00:12.969540, 0.0, 0.0, 90.0, 0.0, 9427.3720703125
0:00:13.082106, 0.0, 0.0, 90.0, 0.0, 9428.076171875
0:00:13.195734, 0.0, 0.0, 90.0, 0.0, 9428.79296875
0:00:13.290969, 0.0, 0.0, 90.0, 0.0, 9429.3896484375
0:00:13.378332, 0.0, 0.0, 90.0, 0.0, 9429.943359375
0:00:13.473942, 0.0, 0.0, 90.0, 0.0, 9430.546875
0:00:13.603458, 0.0, 0.0, 90.0, 0.0, 9431.357421875
0:00:13.682902, 0.0, 0.0, 90.0, 0.0, 9431.8603515625
0:00:13.791603, 0.0, 0.0, 90.0, 0.0, 9432.5390625
0:00:13.899990, 0.0, 0.0, 90.0, 0.0, 9433.2177734375
0:00:14.006531, 0.0, 0.0, 90.0, 0.0, 9433.8974609375
0:00:14.093841, 0.0, 0.0, 90.0, 0.0, 9434.4453125
0:00:14.209397, 0.0, 0.0, 90.0, 0.0, 9435.1748046875
0:00:14.295677, 0.0, 0.0, 90.0, 0.0, 9435.7158203125
0:00:14.392993, 0.0, 0.0, 90.0, 0.0, 9436.3251953125
0:00:14.497829, 0.0, 0.0, 90.0, 0.0, 9436.984375
0:00:14.593880, 0.0, 0.0, 90.0, 0.0, 9437.59375
0:00:14.724402, 0.0, 0.0, 90.0, 0.0, 9438.4111328125
0:00:14.813739, 0.0, 0.0, 90.0, 0.0, 9438.970703125
0:00:14.899971, 0.0, 0.0, 90.0, 0.0, 9439.517578125
0:00:15.013374, 0.0, 0.0, 90.0, 0.0, 9440.2275390625
0:00:15.111154, 0.0, 0.0, 90.0, 0.0, 9440.84375
0:00:15.226457, 0.0, 0.0, 90.0, 0.0, 9441.56640625
0:00:15.295692, 0.0, 0.0, 90.0, 0.0, 9442.0068359375
0:00:15.424528, 0.0, 0.0, 90.0, 0.0, 9442.818359375
0:00:15.506069, 0.0, 0.0, 90.0, 0.0, 9443.3330078125
0:00:15.625011, 0.0, 0.0, 90.0, 0.0, 9444.07421875
0:00:15.712057, 0.0, 0.0, 90.0, 0.0, 9444.6279296875
0:00:15.825539, 0.0, 0.0, 90.0, 0.0, 9445.337890625
0:00:15.911827, 0.0, 0.0, 90.0, 0.0, 9445.884765625
0:00:16.019707, 0.0, 0.0, 90.0, 0.0, 9446.564453125
0:00:16.133347, 0.0, 0.0, 90.0, 0.0, 9447.275390625
0:00:16.220638, 0.0, 0.0, 90.0, 0.0, 9447.828125
0:00:16.333581, 0.0, 0.0, 90.0, 0.0, 9448.5380859375
0:00:16.429016, 0.0, 0.0, 90.0, 0.0, 9449.1357421875
0:00:16.524709, 0.0, 0.0, 90.0, 0.0, 9449.73828125
0:00:16.644510, 0.0, 0.0, 90.0, 0.0, 9450.4912109375
0:00:16.731254, 0.0, 0.0, 90.0, 0.0, 9451.03125
0:00:16.846062, 0.0, 0.0, 90.0, 0.0, 9451.7548828125
0:00:16.943770, 0.0, 0.0, 90.0, 0.0, 9452.376953125
0:00:17.044015, 0.0, 0.0, 90.0, 0.0, 9453.0048828125
0:00:17.124656, 0.0, 0.0, 90.0, 0.0, 9453.5146484375
0:00:17.252517, 0.0, 0.0, 90.0, 0.0, 9454.3134765625
0:00:17.337470, 0.0, 0.0, 90.0, 0.0, 9454.8544921875
0:00:17.421679, 0.0, 0.0, 90.0, 0.0, 9455.3818359375
0:00:17.526554, 0.0, 0.0, 90.0, 0.0, 9456.041015625
0:00:17.650797, 0.0, 0.0, 90.0, 0.0, 9456.8203125
0:00:17.744494, 0.0, 0.0, 90.0, 0.0, 9457.4111328125
0:00:17.857007, 0.0, 0.0, 90.0, 0.0, 9458.12109375
0:00:17.955418, 0.0, 0.0, 90.0, 0.0, 9458.7373046875
0:00:18.040696, 0.0, 0.0, 90.0, 0.0, 9459.2783203125
0:00:18.154422, 0.0, 0.0, 90.0, 0.0, 9459.9892578125
0:00:18.241221, 0.0, 0.0, 90.0, 0.0, 9460.5361328125
0:00:18.352438, 0.0, 0.0, 90.0, 0.0, 9461.240234375
0:00:18.435701, 0.0, 0.0, 90.0, 0.0, 9461.76171875
0:00:18.544579, 0.0, 0.0, 90.0, 0.0, 9462.4462890625
0:00:18.671851, 0.0, 0.0, 90.0, 0.0, 9463.2451171875
0:00:18.752824, 0.0, 0.0, 90.0, 0.0, 9463.7548828125
0:00:18.866059, 0.0, 0.0, 90.0, 0.0, 9464.4716796875
0:00:18.954211, 0.0, 0.0, 90.0, 0.0, 9465.0244140625
0:00:19.042545, 0.0, 0.0, 90.0, 0.0, 9465.583984375
0:00:19.149505, 0.0, 0.0, 90.0, 0.0, 9466.2568359375
0:00:19.270195, 0.0, 0.0, 90.0, 0.0, 9467.0107421875
0:00:19.355445, 0.0, 0.0, 90.0, 0.0, 9467.55078125
0:00:19.471114, 0.0, 0.0, 90.0, 0.0, 9468.2802734375
0:00:19.549808, 0.0, 0.0, 90.0, 0.0, 9468.7705078125
0:00:19.663363, 0.0, 0.0, 90.0, 0.0, 9469.486328125
0:00:19.772141, 0.0, 0.0, 90.0, 0.0, 9470.1708984375
0:00:19.856414, 0.0, 0.0, 90.0, 0.0, 9470.6982421875
0:00:19.972964, 0.0, 0.0, 90.0, 0.0, 9471.43359375
0:00:20.055265, 0.0, 0.0, 90.0, 0.0, 9471.94921875
0:00:20.171861, 0.0, 0.0, 90.0, 0.0, 9472.6845703125
0:00:20.258129, 0.0, 0.0, 90.0, 0.0, 9473.224609375
0:00:20.369620, 0.0, 0.0, 90.0, 0.0, 9473.927734375
0:00:20.472204, 0.0, 0.0, 90.0, 0.0, 9474.5751953125
0:00:20.584840, 0.0, 0.0, 90.0, 0.0, 9475.279296875
0:00:20.686243, 0.0, 0.0, 90.0, 0.0, 9475.919921875
0:00:20.775738, 0.0, 0.0, 90.0, 0.0, 9476.4794921875
0:00:20.886732, 0.0, 0.0, 90.0, 0.0, 9477.177734375
0:00:20.984891, 0.0, 0.0, 90.0, 0.0, 9477.80078125
0:00:21.087058, 0.0, 0.0, 90.0, 0.0, 9478.4423828125
0:00:21.176364, 0.0, 0.0, 90.0, 0.0, 9479.001953125
0:00:21.294056, 0.0, 0.0, 90.0, 0.0, 9479.7431640625
0:00:21.377291, 0.0, 0.0, 90.0, 0.0, 9480.2705078125
0:00:21.490843, 0.0, 0.0, 90.0, 0.0, 9480.98046875
0:00:21.586231, 0.0, 0.0, 90.0, 0.0, 9481.5830078125
0:00:21.680280, 0.0, 0.0, 90.0, 0.0, 9482.173828125
0:00:21.776720, 0.0, 0.0, 90.0, 0.0, 9482.77734375
0:00:21.889351, 0.0, 0.0, 90.0, 0.0, 9483.48828125
0:00:22.003883, 0.0, 0.0, 90.0, 0.0, 9484.2099609375
0:00:22.088128, 0.0, 0.0, 90.0, 0.0, 9484.73828125
0:00:22.182192, 0.0, 0.0, 90.0, 0.0, 9485.3291015625
0:00:22.297129, 0.0, 0.0, 90.0, 0.0, 9486.0517578125
0:00:22.393448, 0.0, 0.0, 90.0, 0.0, 9486.6611328125
0:00:22.505156, 0.0, 0.0, 90.0, 0.0, 9487.3583984375
0:00:22.600001, 0.0, 0.0, 90.0, 0.0, 9487.9619140625
0:00:22.696371, 0.0, 0.0, 90.0, 0.0, 9488.5654296875
0:00:22.796755, 0.0, 0.0, 90.0, 0.0, 9489.1943359375
0:00:22.895955, 0.0, 0.0, 90.0, 0.0, 9489.8232421875
0:00:23.011511, 0.0, 0.0, 90.0, 0.0, 9490.5458984375
0:00:23.105538, 0.0, 0.0, 90.0, 0.0, 9491.13671875
0:00:23.217891, 0.0, 0.0, 90.0, 0.0, 9491.8466796875
0:00:23.327063, 0.0, 0.0, 90.0, 0.0, 9492.53125
0:00:23.414197, 0.0, 0.0, 90.0, 0.0, 9493.078125
0:00:23.522113, 0.0, 0.0, 90.0, 0.0, 9493.7568359375
0:00:23.611983, 0.0, 0.0, 90.0, 0.0, 9494.322265625
0:00:23.718935, 0.0, 0.0, 90.0, 0.0, 9494.9951171875
0:00:23.833488, 0.0, 0.0, 90.0, 0.0, 9495.71875
0:00:23.917883, 0.0, 0.0, 90.0, 0.0, 9496.2529296875
0:00:24.017956, 0.0, 0.0, 90.0, 0.0, 9496.8818359375
0:00:24.117129, 0.0, 0.0, 90.0, 0.0, 9497.50390625
0:00:24.206466, 0.0, 0.0, 90.0, 0.0, 9498.0634765625
0:00:24.309374, 0.0, 0.0, 90.0, 0.0, 9498.7099609375
0:00:24.420472, 0.0, 0.0, 90.0, 0.0, 9499.408203125
0:00:24.536661, 0.0, 0.0, 90.0, 0.0, 9500.14453125
0:00:24.619919, 0.0, 0.0, 90.0, 0.0, 9500.666015625
0:00:24.713989, 0.0, 0.0, 90.0, 0.0, 9501.2626953125
0:00:24.828621, 0.0, 0.0, 90.0, 0.0, 9501.978515625
0:00:24.923765, 0.0, 0.0, 90.0, 0.0, 9502.5751953125
0:00:25.036344, 0.0, 0.0, 90.0, 0.0, 9503.28515625
0:00:25.136757, 0.0, 0.0, 90.0, 0.0, 9503.9208984375
0:00:25.253343, 0.0, 0.0, 90.0, 0.0, 9504.650390625
0:00:25.339646, 0.0, 0.0, 90.0, 0.0, 9505.197265625
0:00:25.434470, 0.0, 0.0, 90.0, 0.0, 9505.7939453125
0:00:25.547049, 0.0, 0.0, 90.0, 0.0, 9506.4970703125
0:00:25.648054, 0.0, 0.0, 90.0, 0.0, 9507.1318359375
0:00:25.735186, 0.0, 0.0, 90.0, 0.0, 9507.6845703125
0:00:25.849759, 0.0, 0.0, 90.0, 0.0, 9508.4013671875
0:00:25.947060, 0.0, 0.0, 90.0, 0.0, 9509.017578125
0:00:26.052916, 0.0, 0.0, 90.0, 0.0, 9509.6845703125
0:00:26.149265, 0.0, 0.0, 90.0, 0.0, 9510.2880859375
0:00:26.243610, 0.0, 0.0, 90.0, 0.0, 9510.884765625
0:00:26.357787, 0.0, 0.0, 90.0, 0.0, 9511.595703125
0:00:26.446753, 0.0, 0.0, 90.0, 0.0, 9512.16015625
0:00:26.553646, 0.0, 0.0, 90.0, 0.0, 9512.8330078125
0:00:26.640893, 0.0, 0.0, 90.0, 0.0, 9513.3798828125
0:00:26.746888, 0.0, 0.0, 90.0, 0.0, 9514.0458984375
0:00:26.859320, 0.0, 0.0, 90.0, 0.0, 9514.755859375
0:00:26.947613, 0.0, 0.0, 90.0, 0.0, 9515.30859375
0:00:27.054585, 0.0, 0.0, 90.0, 0.0, 9515.9814453125
0:00:27.161491, 0.0, 0.0, 90.0, 0.0, 9516.6533203125
0:00:27.258775, 0.0, 0.0, 90.0, 0.0, 9517.2685546875
0:00:27.357770, 0.0, 0.0, 90.0, 0.0, 9517.890625
0:00:27.451480, 0.0, 0.0, 90.0, 0.0, 9518.4814453125
0:00:27.566087, 0.0, 0.0, 90.0, 0.0, 9519.1982421875
0:00:27.678659, 0.0, 0.0, 90.0, 0.0, 9519.908203125
0:00:27.762931, 0.0, 0.0, 90.0, 0.0, 9520.4365234375
0:00:27.878498, 0.0, 0.0, 90.0, 0.0, 9521.1650390625
0:00:27.978082, 0.0, 0.0, 90.0, 0.0, 9521.7939453125
0:00:28.069648, 0.0, 0.0, 90.0, 0.0, 9522.3720703125
0:00:28.155931, 0.0, 0.0, 90.0, 0.0, 9522.9130859375
0:00:28.272836, 0.0, 0.0, 90.0, 0.0, 9523.6484375
0:00:28.359776, 0.0, 0.0, 90.0, 0.0, 9524.1953125
0:00:28.485960, 0.0, 0.0, 90.0, 0.0, 9524.9873046875
0:00:28.571240, 0.0, 0.0, 90.0, 0.0, 9525.5283203125
0:00:28.683797, 0.0, 0.0, 90.0, 0.0, 9526.232421875
0:00:28.774048, 0.0, 0.0, 90.0, 0.0, 9526.8046875
0:00:28.888548, 0.0, 0.0, 90.0, 0.0, 9527.5205078125
0:00:28.977797, 0.0, 0.0, 90.0, 0.0, 9528.0859375
0:00:29.091328, 0.0, 0.0, 90.0, 0.0, 9528.7958984375
0:00:29.175626, 0.0, 0.0, 90.0, 0.0, 9529.330078125
0:00:29.282532, 0.0, 0.0, 90.0, 0.0, 9530.0029296875
0:00:29.396048, 0.0, 0.0, 90.0, 0.0, 9530.7138671875
0:00:29.481465, 0.0, 0.0, 90.0, 0.0, 9531.25390625
0:00:29.603995, 0.0, 0.0, 90.0, 0.0, 9532.0205078125
0:00:29.682537, 0.0, 0.0, 90.0, 0.0, 9532.5166015625
0:00:29.797069, 0.0, 0.0, 90.0, 0.0, 9533.2392578125
0:00:29.880250, 0.0, 0.0, 90.0, 0.0, 9533.7607421875
0:00:29.983513, 0.0, 0.0, 90.0, 0.0, 9534.4091796875
0:00:30.098064, 0.0, 0.0, 90.0, 0.0, 9535.1318359375
0:00:30.184331, 0.0, 0.0, 90.0, 0.0, 9535.671875
0:00:30.299960, 0.0, 0.0, 90.0, 0.0, 9536.400390625
0:00:30.386290, 0.0, 0.0, 90.0, 0.0, 9536.947265625
0:00:30.498796, 0.0, 0.0, 90.0, 0.0, 9537.6513671875
0:00:30.602817, 0.0, 0.0, 90.0, 0.0, 9538.3046875
0:00:30.709519, 0.0, 0.0, 90.0, 0.0, 9538.9765625
0:00:30.801253, 0.0, 0.0, 90.0, 0.0, 9539.5546875
0:00:30.911792, 0.0, 0.0, 90.0, 0.0, 9540.251953125
0:00:31.008919, 0.0, 0.0, 90.0, 0.0, 9540.861328125
0:00:31.104086, 0.0, 0.0, 90.0, 0.0, 9541.4580078125
0:00:31.198148, 0.0, 0.0, 90.0, 0.0, 9542.0478515625
0:00:31.293798, 0.0, 0.0, 90.0, 0.0, 9542.6513671875
0:00:31.417970, 0.0, 0.0, 90.0, 0.0, 9543.4306640625
0:00:31.503151, 0.0, 0.0, 90.0, 0.0, 9543.970703125
0:00:31.600295, 0.0, 0.0, 90.0, 0.0, 9544.5810546875
0:00:31.712829, 0.0, 0.0, 90.0, 0.0, 9545.291015625
0:00:31.811144, 0.0, 0.0, 90.0, 0.0, 9545.908203125
0:00:31.908556, 0.0, 0.0, 90.0, 0.0, 9546.517578125
0:00:32.008744, 0.0, 0.0, 90.0, 0.0, 9547.1533203125
0:00:32.120303, 0.0, 0.0, 90.0, 0.0, 9547.8505859375
0:00:32.204653, 0.0, 0.0, 90.0, 0.0, 9548.3837890625
0:00:32.308523, 0.0, 0.0, 90.0, 0.0, 9549.037109375
0:00:32.422128, 0.0, 0.0, 90.0, 0.0, 9549.75390625
0:00:32.534705, 0.0, 0.0, 90.0, 0.0, 9550.4580078125
0:00:32.619050, 0.0, 0.0, 90.0, 0.0, 9550.9931640625
0:00:32.719332, 0.0, 0.0, 90.0, 0.0, 9551.62109375
0:00:32.834869, 0.0, 0.0, 90.0, 0.0, 9552.349609375
0:00:32.930962, 0.0, 0.0, 90.0, 0.0, 9552.9521484375
0:00:33.043793, 0.0, 0.0, 90.0, 0.0, 9553.662109375
0:00:33.111236, 0.0, 0.0, 90.0, 0.0, 9554.0830078125
0:00:33.221864, 0.0, 0.0, 90.0, 0.0, 9554.7802734375
0:00:33.337503, 0.0, 0.0, 90.0, 0.0, 9555.5087890625
0:00:33.448000, 0.0, 0.0, 90.0, 0.0, 9556.19921875
0:00:33.533875, 0.0, 0.0, 90.0, 0.0, 9556.7392578125
0:00:33.630702, 0.0, 0.0, 90.0, 0.0, 9557.3486328125
0:00:33.746144, 0.0, 0.0, 90.0, 0.0, 9558.0771484375
0:00:33.833453, 0.0, 0.0, 90.0, 0.0, 9558.6240234375
0:00:33.929550, 0.0, 0.0, 90.0, 0.0, 9559.2265625
0:00:34.046136, 0.0, 0.0, 90.0, 0.0, 9559.9619140625
0:00:34.133403, 0.0, 0.0, 90.0, 0.0, 9560.515625
0:00:34.244985, 0.0, 0.0, 90.0, 0.0, 9561.2138671875
0:00:34.340756, 0.0, 0.0, 90.0, 0.0, 9561.8115234375
0:00:34.452715, 0.0, 0.0, 90.0, 0.0, 9562.521484375
0:00:34.550016, 0.0, 0.0, 90.0, 0.0, 9563.13671875
0:00:34.635251, 0.0, 0.0, 90.0, 0.0, 9563.6708984375
0:00:34.745740, 0.0, 0.0, 90.0, 0.0, 9564.3623046875
0:00:34.833150, 0.0, 0.0, 90.0, 0.0, 9564.916015625
0:00:34.945693, 0.0, 0.0, 90.0, 0.0, 9565.626953125
0:00:35.061225, 0.0, 0.0, 90.0, 0.0, 9566.349609375
0:00:35.145504, 0.0, 0.0, 90.0, 0.0, 9566.8828125
0:00:35.260068, 0.0, 0.0, 90.0, 0.0, 9567.5986328125
0:00:35.346328, 0.0, 0.0, 90.0, 0.0, 9568.1455078125
0:00:35.461955, 0.0, 0.0, 90.0, 0.0, 9568.869140625
0:00:35.559910, 0.0, 0.0, 90.0, 0.0, 9569.484375
0:00:35.660223, 0.0, 0.0, 90.0, 0.0, 9570.1201171875
0:00:35.765031, 0.0, 0.0, 90.0, 0.0, 9570.779296875
0:00:35.862104, 0.0, 0.0, 90.0, 0.0, 9571.388671875
0:00:35.955176, 0.0, 0.0, 90.0, 0.0, 9571.9736328125
0:00:36.050594, 0.0, 0.0, 90.0, 0.0, 9572.5771484375
0:00:36.164080, 0.0, 0.0, 90.0, 0.0, 9573.2880859375
0:00:36.251374, 0.0, 0.0, 90.0, 0.0, 9573.841796875
0:00:36.351544, 0.0, 0.0, 90.0, 0.0, 9574.470703125
0:00:36.468129, 0.0, 0.0, 90.0, 0.0, 9575.2060546875
0:00:36.552394, 0.0, 0.0, 90.0, 0.0, 9575.7333984375
0:00:36.679296, 0.0, 0.0, 90.0, 0.0, 9576.5322265625
0:00:36.764340, 0.0, 0.0, 90.0, 0.0, 9577.06640625
0:00:36.862584, 0.0, 0.0, 90.0, 0.0, 9577.681640625
0:00:36.977590, 0.0, 0.0, 90.0, 0.0, 9578.404296875
0:00:37.090228, 0.0, 0.0, 90.0, 0.0, 9579.1025390625
0:00:37.175601, 0.0, 0.0, 90.0, 0.0, 9579.6552734375
0:00:37.268719, 0.0, 0.0, 90.0, 0.0, 9580.2392578125
0:00:37.380175, 0.0, 0.0, 90.0, 0.0, 9580.9365234375
0:00:37.466579, 0.0, 0.0, 90.0, 0.0, 9581.4833984375
0:00:37.581477, 0.0, 0.0, 90.0, 0.0, 9582.2060546875
0:00:37.669411, 0.0, 0.0, 90.0, 0.0, 9582.7587890625
0:00:37.783245, 0.0, 0.0, 90.0, 0.0, 9583.4755859375
0:00:37.890908, 0.0, 0.0, 90.0, 0.0, 9584.1552734375
0:00:37.987539, 0.0, 0.0, 90.0, 0.0, 9584.7587890625
0:00:38.068114, 0.0, 0.0, 90.0, 0.0, 9585.267578125
0:00:38.180738, 0.0, 0.0, 90.0, 0.0, 9585.9775390625
0:00:38.292135, 0.0, 0.0, 90.0, 0.0, 9586.6748046875
0:00:38.403043, 0.0, 0.0, 90.0, 0.0, 9587.3720703125
0:00:38.502080, 0.0, 0.0, 90.0, 0.0, 9587.994140625
0:00:38.572617, 0.0, 0.0, 90.0, 0.0, 9588.4404296875
0:00:38.688326, 0.0, 0.0, 90.0, 0.0, 9589.169921875
0:00:38.801877, 0.0, 0.0, 90.0, 0.0, 9589.88671875
0:00:38.886128, 0.0, 0.0, 90.0, 0.0, 9590.4150390625
0:00:38.983107, 0.0, 0.0, 90.0, 0.0, 9591.0244140625
0:00:39.081214, 0.0, 0.0, 90.0, 0.0, 9591.640625
0:00:39.186061, 0.0, 0.0, 90.0, 0.0, 9592.30078125
0:00:39.314368, 0.0, 0.0, 90.0, 0.0, 9593.111328125
0:00:39.411754, 0.0, 0.0, 90.0, 0.0, 9593.720703125
0:00:39.492339, 0.0, 0.0, 90.0, 0.0, 9594.23046875
0:00:39.591364, 0.0, 0.0, 90.0, 0.0, 9594.853515625
0:00:39.703881, 0.0, 0.0, 90.0, 0.0, 9595.55859375
0:00:39.814766, 0.0, 0.0, 90.0, 0.0, 9596.2568359375
0:00:39.899584, 0.0, 0.0, 90.0, 0.0, 9596.791015625
0:00:40.014137, 0.0, 0.0, 90.0, 0.0, 9597.513671875
0:00:40.111333, 0.0, 0.0, 90.0, 0.0, 9598.123046875
0:00:40.191878, 0.0, 0.0, 90.0, 0.0, 9598.6328125
0:00:40.313904, 0.0, 0.0, 90.0, 0.0, 9599.3994140625
0:00:40.412622, 0.0, 0.0, 90.0, 0.0, 9600.021484375
0:00:40.513065, 0.0, 0.0, 90.0, 0.0, 9600.650390625
0:00:40.604439, 0.0, 0.0, 90.0, 0.0, 9601.228515625
0:00:40.720031, 0.0, 0.0, 90.0, 0.0, 9601.95703125
0:00:40.800634, 0.0, 0.0, 90.0, 0.0, 9602.4599609375
0:00:40.914140, 0.0, 0.0, 90.0, 0.0, 9603.1767578125
0:00:41.019764, 0.0, 0.0, 90.0, 0.0, 9603.8427734375
0:00:41.133684, 0.0, 0.0, 90.0, 0.0, 9604.552734375
0:00:41.220637, 0.0, 0.0, 90.0, 0.0, 9605.10546875
0:00:41.333526, 0.0, 0.0, 90.0, 0.0, 9605.8095703125
0:00:41.417340, 0.0, 0.0, 90.0, 0.0, 9606.34375
0:00:41.532934, 0.0, 0.0, 90.0, 0.0, 9607.06640625
0:00:41.630172, 0.0, 0.0, 90.0, 0.0, 9607.67578125
0:00:41.717565, 0.0, 0.0, 90.0, 0.0, 9608.228515625
0:00:41.842121, 0.0, 0.0, 90.0, 0.0, 9609.0146484375
0:00:41.922753, 0.0, 0.0, 90.0, 0.0, 9609.517578125
0:00:42.016413, 0.0, 0.0, 90.0, 0.0, 9610.1083984375
0:00:42.131068, 0.0, 0.0, 90.0, 0.0, 9610.8310546875
0:00:42.216312, 0.0, 0.0, 90.0, 0.0, 9611.365234375
0:00:42.329519, 0.0, 0.0, 90.0, 0.0, 9612.0751953125
0:00:42.445123, 0.0, 0.0, 90.0, 0.0, 9612.8037109375
0:00:42.540556, 0.0, 0.0, 90.0, 0.0, 9613.4072265625
0:00:42.624752, 0.0, 0.0, 90.0, 0.0, 9613.935546875
0:00:42.721121, 0.0, 0.0, 90.0, 0.0, 9614.544921875
0:00:42.823204, 0.0, 0.0, 90.0, 0.0, 9615.185546875
0:00:42.935777, 0.0, 0.0, 90.0, 0.0, 9615.890625
0:00:43.054356, 0.0, 0.0, 90.0, 0.0, 9616.638671875
0:00:43.143534, 0.0, 0.0, 90.0, 0.0, 9617.197265625
0:00:43.240174, 0.0, 0.0, 90.0, 0.0, 9617.8076171875
0:00:43.329178, 0.0, 0.0, 90.0, 0.0, 9618.3671875
0:00:43.434071, 0.0, 0.0, 90.0, 0.0, 9619.02734375
0:00:43.543984, 0.0, 0.0, 90.0, 0.0, 9619.71875
0:00:43.647460, 0.0, 0.0, 90.0, 0.0, 9620.373046875
0:00:43.742900, 0.0, 0.0, 90.0, 0.0, 9620.9697265625
0:00:43.857432, 0.0, 0.0, 90.0, 0.0, 9621.6923828125
0:00:43.955053, 0.0, 0.0, 90.0, 0.0, 9622.3076171875
0:00:44.054109, 0.0, 0.0, 90.0, 0.0, 9622.9296875
0:00:44.151553, 0.0, 0.0, 90.0, 0.0, 9623.5390625
0:00:44.262642, 0.0, 0.0, 90.0, 0.0, 9624.2431640625
0:00:44.361070, 0.0, 0.0, 90.0, 0.0, 9624.859375
0:00:44.465907, 0.0, 0.0, 90.0, 0.0, 9625.51953125
0:00:44.552210, 0.0, 0.0, 90.0, 0.0, 9626.0595703125
0:00:44.664758, 0.0, 0.0, 90.0, 0.0, 9626.76953125
0:00:44.774666, 0.0, 0.0, 90.0, 0.0, 9627.4599609375
0:00:44.858833, 0.0, 0.0, 90.0, 0.0, 9627.9873046875
0:00:44.950212, 0.0, 0.0, 90.0, 0.0, 9628.5654296875
0:00:45.061680, 0.0, 0.0, 90.0, 0.0, 9629.263671875
0:00:45.174118, 0.0, 0.0, 90.0, 0.0, 9629.9736328125
0:00:45.267654, 0.0, 0.0, 90.0, 0.0, 9630.55859375
0:00:45.353921, 0.0, 0.0, 90.0, 0.0, 9631.10546875
0:00:45.450083, 0.0, 0.0, 90.0, 0.0, 9631.708984375
0:00:45.563640, 0.0, 0.0, 90.0, 0.0, 9632.4248046875
0:00:45.652941, 0.0, 0.0, 90.0, 0.0, 9632.9833984375
0:00:45.763570, 0.0, 0.0, 90.0, 0.0, 9633.6806640625
0:00:45.878125, 0.0, 0.0, 90.0, 0.0, 9634.396484375
0:00:45.973654, 0.0, 0.0, 90.0, 0.0, 9634.9990234375
0:00:46.073948, 0.0, 0.0, 90.0, 0.0, 9635.634765625
0:00:46.165678, 0.0, 0.0, 90.0, 0.0, 9636.20703125
0:00:46.280170, 0.0, 0.0, 90.0, 0.0, 9636.9296875
0:00:46.391819, 0.0, 0.0, 90.0, 0.0, 9637.6328125
0:00:46.475993, 0.0, 0.0, 90.0, 0.0, 9638.16015625
0:00:46.574222, 0.0, 0.0, 90.0, 0.0, 9638.7763671875
0:00:46.699843, 0.0, 0.0, 90.0, 0.0, 9639.5693359375
0:00:46.786942, 0.0, 0.0, 90.0, 0.0, 9640.1162109375
0:00:46.882061, 0.0, 0.0, 90.0, 0.0, 9640.712890625
0:00:46.998655, 0.0, 0.0, 90.0, 0.0, 9641.4482421875
0:00:47.091703, 0.0, 0.0, 90.0, 0.0, 9642.0322265625
0:00:47.205191, 0.0, 0.0, 90.0, 0.0, 9642.748046875
0:00:47.294495, 0.0, 0.0, 90.0, 0.0, 9643.3076171875
0:00:47.378796, 0.0, 0.0, 90.0, 0.0, 9643.8427734375
0:00:47.504845, 0.0, 0.0, 90.0, 0.0, 9644.6357421875
0:00:47.596393, 0.0, 0.0, 90.0, 0.0, 9645.2080078125
0:00:47.707948, 0.0, 0.0, 90.0, 0.0, 9645.912109375
0:00:47.795158, 0.0, 0.0, 90.0, 0.0, 9646.458984375
0:00:47.905152, 0.0, 0.0, 90.0, 0.0, 9647.150390625
0:00:48.015102, 0.0, 0.0, 90.0, 0.0, 9647.8408203125
0:00:48.105374, 0.0, 0.0, 90.0, 0.0, 9648.412109375
0:00:48.193702, 0.0, 0.0, 90.0, 0.0, 9648.96484375
0:00:48.306230, 0.0, 0.0, 90.0, 0.0, 9649.6748046875
0:00:48.387949, 0.0, 0.0, 90.0, 0.0, 9650.189453125
0:00:48.496801, 0.0, 0.0, 90.0, 0.0, 9650.875
0:00:48.611391, 0.0, 0.0, 90.0, 0.0, 9651.591796875
0:00:48.697688, 0.0, 0.0, 90.0, 0.0, 9652.138671875
0:00:48.812162, 0.0, 0.0, 90.0, 0.0, 9652.85546875
0:00:48.898415, 0.0, 0.0, 90.0, 0.0, 9653.40234375
0:00:48.994583, 0.0, 0.0, 90.0, 0.0, 9654.0048828125
0:00:49.110370, 0.0, 0.0, 90.0, 0.0, 9654.7333984375
0:00:49.219235, 0.0, 0.0, 90.0, 0.0, 9655.419921875
0:00:49.306451, 0.0, 0.0, 90.0, 0.0, 9655.966796875
0:00:49.396220, 0.0, 0.0, 90.0, 0.0, 9656.5322265625
0:00:49.511809, 0.0, 0.0, 90.0, 0.0, 9657.2607421875
0:00:49.623300, 0.0, 0.0, 90.0, 0.0, 9657.958984375
0:00:49.708587, 0.0, 0.0, 90.0, 0.0, 9658.5
0:00:49.806105, 0.0, 0.0, 90.0, 0.0, 9659.1103515625
0:00:49.906201, 0.0, 0.0, 90.0, 0.0, 9659.7392578125
0:00:50.026001, 0.0, 0.0, 90.0, 0.0, 9660.494140625
0:00:50.123209, 0.0, 0.0, 90.0, 0.0, 9661.1103515625
0:00:50.209484, 0.0, 0.0, 90.0, 0.0, 9661.650390625
0:00:50.320093, 0.0, 0.0, 90.0, 0.0, 9662.3466796875
0:00:50.432701, 0.0, 0.0, 90.0, 0.0, 9663.05078125
0:00:50.519956, 0.0, 0.0, 90.0, 0.0, 9663.603515625
0:00:50.617316, 0.0, 0.0, 90.0, 0.0, 9664.212890625
0:00:50.746439, 0.0, 0.0, 90.0, 0.0, 9665.0234375
0:00:50.837160, 0.0, 0.0, 90.0, 0.0, 9665.595703125
0:00:50.925375, 0.0, 0.0, 90.0, 0.0, 9666.1484375
0:00:51.038345, 0.0, 0.0, 90.0, 0.0, 9666.8583984375
0:00:51.124693, 0.0, 0.0, 90.0, 0.0, 9667.4052734375
0:00:51.239539, 0.0, 0.0, 90.0, 0.0, 9668.12890625
0:00:51.340693, 0.0, 0.0, 90.0, 0.0, 9668.763671875
0:00:51.436499, 0.0, 0.0, 90.0, 0.0, 9669.3662109375
0:00:51.544873, 0.0, 0.0, 90.0, 0.0, 9670.044921875
0:00:51.637196, 0.0, 0.0, 90.0, 0.0, 9670.62890625
0:00:51.748462, 0.0, 0.0, 90.0, 0.0, 9671.3271484375
0:00:51.845614, 0.0, 0.0, 90.0, 0.0, 9671.9365234375
0:00:51.935839, 0.0, 0.0, 90.0, 0.0, 9672.5078125
0:00:52.037266, 0.0, 0.0, 90.0, 0.0, 9673.1435546875
0:00:52.134419, 0.0, 0.0, 90.0, 0.0, 9673.759765625
0:00:52.248021, 0.0, 0.0, 90.0, 0.0, 9674.470703125
0:00:52.333184, 0.0, 0.0, 90.0, 0.0, 9675.01171875
0:00:52.449939, 0.0, 0.0, 90.0, 0.0, 9675.740234375
0:00:52.546002, 0.0, 0.0, 90.0, 0.0, 9676.3505859375
0:00:52.650912, 0.0, 0.0, 90.0, 0.0, 9677.009765625
0:00:52.749147, 0.0, 0.0, 90.0, 0.0, 9677.625
0:00:52.860844, 0.0, 0.0, 90.0, 0.0, 9678.3291015625
0:00:52.960166, 0.0, 0.0, 90.0, 0.0, 9678.951171875
0:00:53.055668, 0.0, 0.0, 90.0, 0.0, 9679.5546875
0:00:53.140990, 0.0, 0.0, 90.0, 0.0, 9680.08984375
0:00:53.267371, 0.0, 0.0, 90.0, 0.0, 9680.88671875
0:00:53.366494, 0.0, 0.0, 90.0, 0.0, 9681.5087890625
0:00:53.450724, 0.0, 0.0, 90.0, 0.0, 9682.0361328125
0:00:53.563153, 0.0, 0.0, 90.0, 0.0, 9682.74609375
0:00:53.648409, 0.0, 0.0, 90.0, 0.0, 9683.2802734375
0:00:53.764976, 0.0, 0.0, 90.0, 0.0, 9684.015625
0:00:53.877528, 0.0, 0.0, 90.0, 0.0, 9684.7197265625
0:00:53.964886, 0.0, 0.0, 90.0, 0.0, 9685.2724609375
0:00:54.074221, 0.0, 0.0, 90.0, 0.0, 9685.95703125
0:00:54.156992, 0.0, 0.0, 90.0, 0.0, 9686.478515625
0:00:54.273688, 0.0, 0.0, 90.0, 0.0, 9687.2138671875
0:00:54.367017, 0.0, 0.0, 90.0, 0.0, 9687.798828125
0:00:54.464013, 0.0, 0.0, 90.0, 0.0, 9688.408203125
0:00:54.577663, 0.0, 0.0, 90.0, 0.0, 9689.125
0:00:54.664841, 0.0, 0.0, 90.0, 0.0, 9689.671875
0:00:54.779359, 0.0, 0.0, 90.0, 0.0, 9690.39453125
0:00:54.884166, 0.0, 0.0, 90.0, 0.0, 9691.0546875
0:00:54.971715, 0.0, 0.0, 90.0, 0.0, 9691.6015625
0:00:55.067335, 0.0, 0.0, 90.0, 0.0, 9692.205078125
0:00:55.188546, 0.0, 0.0, 90.0, 0.0, 9692.9658203125
0:00:55.278844, 0.0, 0.0, 90.0, 0.0, 9693.537109375
0:00:55.365157, 0.0, 0.0, 90.0, 0.0, 9694.0771484375
0:00:55.499628, 0.0, 0.0, 90.0, 0.0, 9694.919921875
0:00:55.598759, 0.0, 0.0, 90.0, 0.0, 9695.5419921875
0:00:55.689890, 0.0, 0.0, 90.0, 0.0, 9696.1201171875
0:00:55.800402, 0.0, 0.0, 90.0, 0.0, 9696.818359375
0:00:55.879009, 0.0, 0.0, 90.0, 0.0, 9697.30859375
0:00:55.991549, 0.0, 0.0, 90.0, 0.0, 9698.01953125
0:00:56.108996, 0.0, 0.0, 90.0, 0.0, 9698.7607421875
0:00:56.207465, 0.0, 0.0, 90.0, 0.0, 9699.3759765625
0:00:56.305914, 0.0, 0.0, 90.0, 0.0, 9699.998046875
0:00:56.392076, 0.0, 0.0, 90.0, 0.0, 9700.5390625
0:00:56.504766, 0.0, 0.0, 90.0, 0.0, 9701.248046875
0:00:56.590926, 0.0, 0.0, 90.0, 0.0, 9701.7890625
0:00:56.688327, 0.0, 0.0, 90.0, 0.0, 9702.404296875
0:00:56.808022, 0.0, 0.0, 90.0, 0.0, 9703.1513671875
0:00:56.898324, 0.0, 0.0, 90.0, 0.0, 9703.7236328125
0:00:57.011873, 0.0, 0.0, 90.0, 0.0, 9704.4326171875
0:00:57.097200, 0.0, 0.0, 90.0, 0.0, 9704.9736328125
0:00:57.209791, 0.0, 0.0, 90.0, 0.0, 9705.6767578125
0:00:57.295023, 0.0, 0.0, 90.0, 0.0, 9706.216796875
0:00:57.412933, 0.0, 0.0, 90.0, 0.0, 9706.9521484375
0:00:57.508367, 0.0, 0.0, 90.0, 0.0, 9707.5556640625
0:00:57.597601, 0.0, 0.0, 90.0, 0.0, 9708.12109375
0:00:57.697215, 0.0, 0.0, 90.0, 0.0, 9708.7431640625
0:00:57.812781, 0.0, 0.0, 90.0, 0.0, 9709.47265625
0:00:57.929289, 0.0, 0.0, 90.0, 0.0, 9710.20703125
0:00:58.031782, 0.0, 0.0, 90.0, 0.0, 9710.8486328125
0:00:58.120075, 0.0, 0.0, 90.0, 0.0, 9711.408203125
0:00:58.220094, 0.0, 0.0, 90.0, 0.0, 9712.037109375
0:00:58.318428, 0.0, 0.0, 90.0, 0.0, 9712.6533203125
0:00:58.403581, 0.0, 0.0, 90.0, 0.0, 9713.1875
0:00:58.523762, 0.0, 0.0, 90.0, 0.0, 9713.9482421875
0:00:58.611078, 0.0, 0.0, 90.0, 0.0, 9714.4951171875
0:00:58.722503, 0.0, 0.0, 90.0, 0.0, 9715.1982421875
0:00:58.820678, 0.0, 0.0, 90.0, 0.0, 9715.8134765625
0:00:58.918407, 0.0, 0.0, 90.0, 0.0, 9716.4296875
0:00:59.018799, 0.0, 0.0, 90.0, 0.0, 9717.05859375
0:00:59.134365, 0.0, 0.0, 90.0, 0.0, 9717.787109375
0:00:59.238639, 0.0, 0.0, 90.0, 0.0, 9718.4404296875
0:00:59.322561, 0.0, 0.0, 90.0, 0.0, 9718.9677734375
0:00:59.436051, 0.0, 0.0, 90.0, 0.0, 9719.6845703125
0:00:59.513717, 0.0, 0.0, 90.0, 0.0, 9720.1689453125
0:00:59.625346, 0.0, 0.0, 90.0, 0.0, 9720.873046875
0:00:59.739951, 0.0, 0.0, 90.0, 0.0, 9721.5966796875
0:00:59.839084, 0.0, 0.0, 90.0, 0.0, 9722.21875
0:00:59.926510, 0.0, 0.0, 90.0, 0.0, 9722.771484375
0:01:00.039487, 0.0, 0.0, 90.0, 0.0, 9723.4755859375
0:01:00.122396, 0.0, 0.0, 90.0, 0.0, 9724.00390625
0:01:00.245752, 0.0, 0.0, 90.0, 0.0, 9724.77734375
0:01:00.332060, 0.0, 0.0, 90.0, 0.0, 9725.32421875
0:01:00.446624, 0.0, 0.0, 90.0, 0.0, 9726.041015625
0:01:00.531955, 0.0, 0.0, 90.0, 0.0, 9726.58203125
0:01:00.629422, 0.0, 0.0, 90.0, 0.0, 9727.19140625
0:01:00.741081, 0.0, 0.0, 90.0, 0.0, 9727.896484375
0:01:00.856588, 0.0, 0.0, 90.0, 0.0, 9728.6259765625
0:01:00.945935, 0.0, 0.0, 90.0, 0.0, 9729.185546875
0:01:01.059475, 0.0, 0.0, 90.0, 0.0, 9729.90234375
0:01:01.145781, 0.0, 0.0, 90.0, 0.0, 9730.443359375
0:01:01.257328, 0.0, 0.0, 90.0, 0.0, 9731.1484375
0:01:01.342536, 0.0, 0.0, 90.0, 0.0, 9731.6826171875
0:01:01.469333, 0.0, 0.0, 90.0, 0.0, 9732.48046875
0:01:01.538286, 0.0, 0.0, 90.0, 0.0, 9732.9140625
0:01:01.662230, 0.0, 0.0, 90.0, 0.0, 9733.693359375
0:01:01.758570, 0.0, 0.0, 90.0, 0.0, 9734.296875
0:01:01.858814, 0.0, 0.0, 90.0, 0.0, 9734.9326171875
0:01:01.964774, 0.0, 0.0, 90.0, 0.0, 9735.5986328125
0:01:02.049065, 0.0, 0.0, 90.0, 0.0, 9736.126953125
0:01:02.149463, 0.0, 0.0, 90.0, 0.0, 9736.7626953125
0:01:02.252611, 0.0, 0.0, 90.0, 0.0, 9737.41015625
0:01:02.369243, 0.0, 0.0, 90.0, 0.0, 9738.1455078125
0:01:02.456503, 0.0, 0.0, 90.0, 0.0, 9738.6923828125
0:01:02.570054, 0.0, 0.0, 90.0, 0.0, 9739.408203125
0:01:02.666475, 0.0, 0.0, 90.0, 0.0, 9740.01171875
0:01:02.751784, 0.0, 0.0, 90.0, 0.0, 9740.5517578125
0:01:02.862366, 0.0, 0.0, 90.0, 0.0, 9741.244140625
0:01:02.971551, 0.0, 0.0, 90.0, 0.0, 9741.935546875
0:01:03.086236, 0.0, 0.0, 90.0, 0.0, 9742.6513671875
0:01:03.171484, 0.0, 0.0, 90.0, 0.0, 9743.1923828125
0:01:03.287092, 0.0, 0.0, 90.0, 0.0, 9743.9150390625
0:01:03.375403, 0.0, 0.0, 90.0, 0.0, 9744.474609375
0:01:03.459538, 0.0, 0.0, 90.0, 0.0, 9745.0029296875
0:01:03.583480, 0.0, 0.0, 90.0, 0.0, 9745.7822265625
0:01:03.669905, 0.0, 0.0, 90.0, 0.0, 9746.3232421875
0:01:03.783250, 0.0, 0.0, 90.0, 0.0, 9747.0341796875
0:01:03.893092, 0.0, 0.0, 90.0, 0.0, 9747.732421875
0:01:03.981397, 0.0, 0.0, 90.0, 0.0, 9748.28515625
0:01:04.066552, 0.0, 0.0, 90.0, 0.0, 9748.8251953125
0:01:04.176485, 0.0, 0.0, 90.0, 0.0, 9749.517578125
0:01:04.290021, 0.0, 0.0, 90.0, 0.0, 9750.228515625
0:01:04.377261, 0.0, 0.0, 90.0, 0.0, 9750.78125
0:01:04.491921, 0.0, 0.0, 90.0, 0.0, 9751.498046875
0:01:04.577127, 0.0, 0.0, 90.0, 0.0, 9752.0380859375
0:01:04.692588, 0.0, 0.0, 90.0, 0.0, 9752.76171875
0:01:04.791007, 0.0, 0.0, 90.0, 0.0, 9753.384765625
0:01:04.881258, 0.0, 0.0, 90.0, 0.0, 9753.9501953125
0:01:04.983752, 0.0, 0.0, 90.0, 0.0, 9754.59765625
0:01:05.096894, 0.0, 0.0, 90.0, 0.0, 9755.3017578125
0:01:05.183839, 0.0, 0.0, 90.0, 0.0, 9755.8544921875
0:01:05.296334, 0.0, 0.0, 90.0, 0.0, 9756.564453125
0:01:05.388082, 0.0, 0.0, 90.0, 0.0, 9757.1357421875
0:01:05.495793, 0.0, 0.0, 90.0, 0.0, 9757.814453125
0:01:05.608343, 0.0, 0.0, 90.0, 0.0, 9758.525390625
0:01:05.693596, 0.0, 0.0, 90.0, 0.0, 9759.0595703125
0:01:05.806256, 0.0, 0.0, 90.0, 0.0, 9759.76953125
0:01:05.920840, 0.0, 0.0, 90.0, 0.0, 9760.4921875
0:01:06.022451, 0.0, 0.0, 90.0, 0.0, 9761.126953125
0:01:06.093385, 0.0, 0.0, 90.0, 0.0, 9761.5732421875
0:01:06.206085, 0.0, 0.0, 90.0, 0.0, 9762.283203125
0:01:06.303107, 0.0, 0.0, 90.0, 0.0, 9762.892578125
0:01:06.401521, 0.0, 0.0, 90.0, 0.0, 9763.5146484375
0:01:06.506400, 0.0, 0.0, 90.0, 0.0, 9764.1748046875
0:01:06.621242, 0.0, 0.0, 90.0, 0.0, 9764.890625
0:01:06.718564, 0.0, 0.0, 90.0, 0.0, 9765.5068359375
0:01:06.827363, 0.0, 0.0, 90.0, 0.0, 9766.1923828125
0:01:06.913043, 0.0, 0.0, 90.0, 0.0, 9766.7265625
0:01:07.035991, 0.0, 0.0, 90.0, 0.0, 9767.505859375
0:01:07.130192, 0.0, 0.0, 90.0, 0.0, 9768.095703125
0:01:07.224131, 0.0, 0.0, 90.0, 0.0, 9768.6865234375
0:01:07.311363, 0.0, 0.0, 90.0, 0.0, 9769.2333984375
0:01:07.433352, 0.0, 0.0, 90.0, 0.0, 9770.0068359375
0:01:07.543256, 0.0, 0.0, 90.0, 0.0, 9770.69921875
0:01:07.624898, 0.0, 0.0, 90.0, 0.0, 9771.2080078125
0:01:07.723270, 0.0, 0.0, 90.0, 0.0, 9771.8291015625
0:01:07.823139, 0.0, 0.0, 90.0, 0.0, 9772.4580078125
0:01:07.939861, 0.0, 0.0, 90.0, 0.0, 9773.1865234375
0:01:08.053357, 0.0, 0.0, 90.0, 0.0, 9773.9033203125
0:01:08.123894, 0.0, 0.0, 90.0, 0.0, 9774.349609375
0:01:08.243796, 0.0, 0.0, 90.0, 0.0, 9775.103515625
0:01:08.323331, 0.0, 0.0, 90.0, 0.0, 9775.6005859375
0:01:08.437985, 0.0, 0.0, 90.0, 0.0, 9776.3232421875
0:01:08.524266, 0.0, 0.0, 90.0, 0.0, 9776.8701171875
0:01:08.638044, 0.0, 0.0, 90.0, 0.0, 9777.5810546875
0:01:08.745870, 0.0, 0.0, 90.0, 0.0, 9778.259765625
0:01:08.841687, 0.0, 0.0, 90.0, 0.0, 9778.8623046875
0:01:08.951683, 0.0, 0.0, 90.0, 0.0, 9779.5537109375
0:01:09.039844, 0.0, 0.0, 90.0, 0.0, 9780.1064453125
0:01:09.145432, 0.0, 0.0, 90.0, 0.0, 9780.7734375
0:01:09.262053, 0.0, 0.0, 90.0, 0.0, 9781.5087890625
0:01:09.348166, 0.0, 0.0, 90.0, 0.0, 9782.0498046875
0:01:09.434472, 0.0, 0.0, 90.0, 0.0, 9782.5966796875
0:01:09.556062, 0.0, 0.0, 90.0, 0.0, 9783.357421875
0:01:09.652510, 0.0, 0.0, 90.0, 0.0, 9783.9599609375
0:01:09.743866, 0.0, 0.0, 90.0, 0.0, 9784.5380859375
0:01:09.860414, 0.0, 0.0, 90.0, 0.0, 9785.2734375
0:01:09.944727, 0.0, 0.0, 90.0, 0.0, 9785.8017578125
0:01:10.067009, 0.0, 0.0, 90.0, 0.0, 9786.5751953125
0:01:10.162794, 0.0, 0.0, 90.0, 0.0, 9787.1787109375
0:01:10.252094, 0.0, 0.0, 90.0, 0.0, 9787.73828125
0:01:10.364666, 0.0, 0.0, 90.0, 0.0, 9788.44921875
0:01:10.448515, 0.0, 0.0, 90.0, 0.0, 9788.9775390625
0:01:10.567050, 0.0, 0.0, 90.0, 0.0, 9789.71875
0:01:10.662439, 0.0, 0.0, 90.0, 0.0, 9790.322265625
0:01:10.762824, 0.0, 0.0, 90.0, 0.0, 9790.951171875
0:01:10.862141, 0.0, 0.0, 90.0, 0.0, 9791.5732421875
0:01:10.973633, 0.0, 0.0, 90.0, 0.0, 9792.27734375
0:01:11.083649, 0.0, 0.0, 90.0, 0.0, 9792.96875
0:01:11.172536, 0.0, 0.0, 90.0, 0.0, 9793.5283203125
0:01:11.254163, 0.0, 0.0, 90.0, 0.0, 9794.0439453125
0:01:11.369819, 0.0, 0.0, 90.0, 0.0, 9794.7724609375
0:01:11.483373, 0.0, 0.0, 90.0, 0.0, 9795.482421875
0:01:11.569581, 0.0, 0.0, 90.0, 0.0, 9796.029296875
0:01:11.685157, 0.0, 0.0, 90.0, 0.0, 9796.7509765625
0:01:11.782497, 0.0, 0.0, 90.0, 0.0, 9797.3671875
0:01:11.870839, 0.0, 0.0, 90.0, 0.0, 9797.919921875
0:01:11.985418, 0.0, 0.0, 90.0, 0.0, 9798.642578125
0:01:12.080480, 0.0, 0.0, 90.0, 0.0, 9799.240234375
0:01:12.192081, 0.0, 0.0, 90.0, 0.0, 9799.943359375
0:01:12.291542, 0.0, 0.0, 90.0, 0.0, 9800.5654296875
0:01:12.394411, 0.0, 0.0, 90.0, 0.0, 9801.212890625
0:01:12.473014, 0.0, 0.0, 90.0, 0.0, 9801.708984375
0:01:12.582504, 0.0, 0.0, 90.0, 0.0, 9802.3994140625
0:01:12.695136, 0.0, 0.0, 90.0, 0.0, 9803.103515625
0:01:12.774717, 0.0, 0.0, 90.0, 0.0, 9803.6064453125
0:01:12.889319, 0.0, 0.0, 90.0, 0.0, 9804.3291015625
0:01:12.975568, 0.0, 0.0, 90.0, 0.0, 9804.869140625
0:01:13.084790, 0.0, 0.0, 90.0, 0.0, 9805.5546875
0:01:13.195706, 0.0, 0.0, 90.0, 0.0, 9806.2587890625
0:01:13.278633, 0.0, 0.0, 90.0, 0.0, 9806.7802734375
0:01:13.397621, 0.0, 0.0, 90.0, 0.0, 9807.5283203125
0:01:13.483889, 0.0, 0.0, 90.0, 0.0, 9808.0693359375
0:01:13.584014, 0.0, 0.0, 90.0, 0.0, 9808.6982421875
0:01:13.698521, 0.0, 0.0, 90.0, 0.0, 9809.419921875
0:01:13.813063, 0.0, 0.0, 90.0, 0.0, 9810.1357421875
0:01:13.899596, 0.0, 0.0, 90.0, 0.0, 9810.681640625
0:01:14.014030, 0.0, 0.0, 90.0, 0.0, 9811.404296875
0:01:14.111220, 0.0, 0.0, 90.0, 0.0, 9812.013671875
0:01:14.194831, 0.0, 0.0, 90.0, 0.0, 9812.5419921875
0:01:14.293902, 0.0, 0.0, 90.0, 0.0, 9813.1640625
0:01:14.407418, 0.0, 0.0, 90.0, 0.0, 9813.8740234375
0:01:14.494747, 0.0, 0.0, 90.0, 0.0, 9814.4267578125
0:01:14.607347, 0.0, 0.0, 90.0, 0.0, 9815.13671875
0:01:14.693210, 0.0, 0.0, 90.0, 0.0, 9815.6767578125
0:01:14.799036, 0.0, 0.0, 90.0, 0.0, 9816.3369140625
0:01:14.897507, 0.0, 0.0, 90.0, 0.0, 9816.958984375
0:01:15.006500, 0.0, 0.0, 90.0, 0.0, 9817.64453125
0:01:15.121071, 0.0, 0.0, 90.0, 0.0, 9818.3671875
0:01:15.227991, 0.0, 0.0, 90.0, 0.0, 9819.0400390625
0:01:15.312184, 0.0, 0.0, 90.0, 0.0, 9819.568359375
0:01:15.398466, 0.0, 0.0, 90.0, 0.0, 9820.1083984375
0:01:15.510934, 0.0, 0.0, 90.0, 0.0, 9820.818359375
0:01:15.625531, 0.0, 0.0, 90.0, 0.0, 9821.541015625
0:01:15.724911, 0.0, 0.0, 90.0, 0.0, 9822.1630859375
0:01:15.816347, 0.0, 0.0, 90.0, 0.0, 9822.7412109375
0:01:15.930962, 0.0, 0.0, 90.0, 0.0, 9823.4580078125
0:01:16.017234, 0.0, 0.0, 90.0, 0.0, 9824.00390625
0:01:16.114597, 0.0, 0.0, 90.0, 0.0, 9824.61328125
0:01:16.225058, 0.0, 0.0, 90.0, 0.0, 9825.310546875
0:01:16.334042, 0.0, 0.0, 90.0, 0.0, 9825.9951171875
0:01:16.431560, 0.0, 0.0, 90.0, 0.0, 9826.611328125
0:01:16.519896, 0.0, 0.0, 90.0, 0.0, 9827.1650390625
0:01:16.644512, 0.0, 0.0, 90.0, 0.0, 9827.951171875
0:01:16.744951, 0.0, 0.0, 90.0, 0.0, 9828.580078125
0:01:16.834228, 0.0, 0.0, 90.0, 0.0, 9829.14453125
0:01:16.947714, 0.0, 0.0, 90.0, 0.0, 9829.85546875
0:01:17.044714, 0.0, 0.0, 90.0, 0.0, 9830.46484375
0:01:17.130060, 0.0, 0.0, 90.0, 0.0, 9831.0048828125
0:01:17.239966, 0.0, 0.0, 90.0, 0.0, 9831.6962890625
0:01:17.352466, 0.0, 0.0, 90.0, 0.0, 9832.400390625
0:01:17.435685, 0.0, 0.0, 90.0, 0.0, 9832.9287109375
0:01:17.532501, 0.0, 0.0, 90.0, 0.0, 9833.5380859375
0:01:17.639336, 0.0, 0.0, 90.0, 0.0, 9834.205078125
0:01:17.732362, 0.0, 0.0, 90.0, 0.0, 9834.7958984375
0:01:17.845917, 0.0, 0.0, 90.0, 0.0, 9835.5068359375
0:01:17.932221, 0.0, 0.0, 90.0, 0.0, 9836.052734375
0:01:18.044727, 0.0, 0.0, 90.0, 0.0, 9836.755859375
0:01:18.136653, 0.0, 0.0, 90.0, 0.0, 9837.333984375
0:01:18.244541, 0.0, 0.0, 90.0, 0.0, 9838.0126953125
0:01:18.359910, 0.0, 0.0, 90.0, 0.0, 9838.7412109375
0:01:18.445099, 0.0, 0.0, 90.0, 0.0, 9839.275390625
0:01:18.566066, 0.0, 0.0, 90.0, 0.0, 9840.0361328125
0:01:18.664237, 0.0, 0.0, 90.0, 0.0, 9840.658203125
0:01:18.755069, 0.0, 0.0, 90.0, 0.0, 9841.2236328125
0:01:18.864975, 0.0, 0.0, 90.0, 0.0, 9841.9140625
0:01:18.962403, 0.0, 0.0, 90.0, 0.0, 9842.5302734375
0:01:19.047499, 0.0, 0.0, 90.0, 0.0, 9843.064453125
0:01:19.170933, 0.0, 0.0, 90.0, 0.0, 9843.8447265625
0:01:19.265110, 0.0, 0.0, 90.0, 0.0, 9844.4345703125
0:01:19.359977, 0.0, 0.0, 90.0, 0.0, 9845.0322265625
0:01:19.458230, 0.0, 0.0, 90.0, 0.0, 9845.6474609375
0:01:19.572711, 0.0, 0.0, 90.0, 0.0, 9846.3701171875
0:01:19.657963, 0.0, 0.0, 90.0, 0.0, 9846.904296875
0:01:19.780353, 0.0, 0.0, 90.0, 0.0, 9847.6767578125
0:01:19.878079, 0.0, 0.0, 90.0, 0.0, 9848.29296875
0:01:19.976613, 0.0, 0.0, 90.0, 0.0, 9848.9091796875
0:01:20.060772, 0.0, 0.0, 90.0, 0.0, 9849.4375
0:01:20.170410, 0.0, 0.0, 90.0, 0.0, 9850.1298828125
0:01:20.279263, 0.0, 0.0, 90.0, 0.0, 9850.814453125
0:01:20.365516, 0.0, 0.0, 90.0, 0.0, 9851.3544921875
0:01:20.480077, 0.0, 0.0, 90.0, 0.0, 9852.0771484375
0:01:20.566248, 0.0, 0.0, 90.0, 0.0, 9852.6171875
0:01:20.673245, 0.0, 0.0, 90.0, 0.0, 9853.2900390625
0:01:20.789780, 0.0, 0.0, 90.0, 0.0, 9854.025390625
0:01:20.877079, 0.0, 0.0, 90.0, 0.0, 9854.578125
0:01:20.992821, 0.0, 0.0, 90.0, 0.0, 9855.30078125
0:01:21.078142, 0.0, 0.0, 90.0, 0.0, 9855.841796875
0:01:21.192807, 0.0, 0.0, 90.0, 0.0, 9856.5595703125
0:01:21.280023, 0.0, 0.0, 90.0, 0.0, 9857.1123046875
0:01:21.395787, 0.0, 0.0, 90.0, 0.0, 9857.8349609375
0:01:21.480909, 0.0, 0.0, 90.0, 0.0, 9858.375
0:01:21.595457, 0.0, 0.0, 90.0, 0.0, 9859.09765625
0:01:21.680592, 0.0, 0.0, 90.0, 0.0, 9859.6318359375
0:01:21.776083, 0.0, 0.0, 90.0, 0.0, 9860.228515625
0:01:21.888611, 0.0, 0.0, 90.0, 0.0, 9860.9384765625
0:01:22.004128, 0.0, 0.0, 90.0, 0.0, 9861.66796875
0:01:22.090404, 0.0, 0.0, 90.0, 0.0, 9862.208984375
0:01:22.187530, 0.0, 0.0, 90.0, 0.0, 9862.818359375
0:01:22.297786, 0.0, 0.0, 90.0, 0.0, 9863.509765625
0:01:22.386979, 0.0, 0.0, 90.0, 0.0, 9864.0751953125
0:01:22.499630, 0.0, 0.0, 90.0, 0.0, 9864.779296875
0:01:22.608608, 0.0, 0.0, 90.0, 0.0, 9865.470703125
0:01:22.706955, 0.0, 0.0, 90.0, 0.0, 9866.0869140625
0:01:22.792257, 0.0, 0.0, 90.0, 0.0, 9866.626953125
0:01:22.907814, 0.0, 0.0, 90.0, 0.0, 9867.349609375
0:01:23.006391, 0.0, 0.0, 90.0, 0.0, 9867.97265625
0:01:23.099141, 0.0, 0.0, 90.0, 0.0, 9868.5576171875
0:01:23.208150, 0.0, 0.0, 90.0, 0.0, 9869.2431640625
0:01:23.306541, 0.0, 0.0, 90.0, 0.0, 9869.859375
0:01:23.421131, 0.0, 0.0, 90.0, 0.0, 9870.5810546875
0:01:23.497679, 0.0, 0.0, 90.0, 0.0, 9871.0654296875
0:01:23.607761, 0.0, 0.0, 90.0, 0.0, 9871.7568359375
0:01:23.723511, 0.0, 0.0, 90.0, 0.0, 9872.4853515625
0:01:23.807991, 0.0, 0.0, 90.0, 0.0, 9873.013671875
0:01:23.897112, 0.0, 0.0, 90.0, 0.0, 9873.5791015625
0:01:24.008004, 0.0, 0.0, 90.0, 0.0, 9874.2763671875
0:01:24.111448, 0.0, 0.0, 90.0, 0.0, 9874.9228515625
0:01:24.221581, 0.0, 0.0, 90.0, 0.0, 9875.6142578125
0:01:24.316972, 0.0, 0.0, 90.0, 0.0, 9876.2177734375
0:01:24.426147, 0.0, 0.0, 90.0, 0.0, 9876.90234375
0:01:24.521911, 0.0, 0.0, 90.0, 0.0, 9877.505859375
0:01:24.617637, 0.0, 0.0, 90.0, 0.0, 9878.109375
0:01:24.707905, 0.0, 0.0, 90.0, 0.0, 9878.6748046875
0:01:24.826484, 0.0, 0.0, 90.0, 0.0, 9879.4228515625
0:01:24.924196, 0.0, 0.0, 90.0, 0.0, 9880.0390625
0:01:25.010440, 0.0, 0.0, 90.0, 0.0, 9880.5791015625
0:01:25.123997, 0.0, 0.0, 90.0, 0.0, 9881.2958984375
0:01:25.212304, 0.0, 0.0, 90.0, 0.0, 9881.8486328125
0:01:25.323774, 0.0, 0.0, 90.0, 0.0, 9882.5537109375
0:01:25.412118, 0.0, 0.0, 90.0, 0.0, 9883.1064453125
0:01:25.519993, 0.0, 0.0, 90.0, 0.0, 9883.7861328125
0:01:25.637633, 0.0, 0.0, 90.0, 0.0, 9884.52734375
0:01:25.720734, 0.0, 0.0, 90.0, 0.0, 9885.048828125
0:01:25.842138, 0.0, 0.0, 90.0, 0.0, 9885.8154296875
0:01:25.928356, 0.0, 0.0, 90.0, 0.0, 9886.3564453125
0:01:26.054026, 0.0, 0.0, 90.0, 0.0, 9887.1494140625
0:01:26.141259, 0.0, 0.0, 90.0, 0.0, 9887.697265625
0:01:26.237521, 0.0, 0.0, 90.0, 0.0, 9888.30078125
0:01:26.337714, 0.0, 0.0, 90.0, 0.0, 9888.9365234375
0:01:26.447731, 0.0, 0.0, 90.0, 0.0, 9889.62109375
0:01:26.535520, 0.0, 0.0, 90.0, 0.0, 9890.1806640625
0:01:26.648112, 0.0, 0.0, 90.0, 0.0, 9890.884765625
0:01:26.761746, 0.0, 0.0, 90.0, 0.0, 9891.6015625
0:01:26.857149, 0.0, 0.0, 90.0, 0.0, 9892.1982421875
0:01:26.941443, 0.0, 0.0, 90.0, 0.0, 9892.732421875
0:01:27.037936, 0.0, 0.0, 90.0, 0.0, 9893.3359375
0:01:27.138358, 0.0, 0.0, 90.0, 0.0, 9893.970703125
0:01:27.239504, 0.0, 0.0, 90.0, 0.0, 9894.6064453125
0:01:27.359345, 0.0, 0.0, 90.0, 0.0, 9895.361328125
0:01:27.449917, 0.0, 0.0, 90.0, 0.0, 9895.93359375
0:01:27.563446, 0.0, 0.0, 90.0, 0.0, 9896.6494140625
0:01:27.657899, 0.0, 0.0, 90.0, 0.0, 9897.240234375
0:01:27.755455, 0.0, 0.0, 90.0, 0.0, 9897.8564453125
0:01:27.854748, 0.0, 0.0, 90.0, 0.0, 9898.478515625
0:01:27.968288, 0.0, 0.0, 90.0, 0.0, 9899.1953125
0:01:28.057578, 0.0, 0.0, 90.0, 0.0, 9899.75390625
0:01:28.171181, 0.0, 0.0, 90.0, 0.0, 9900.470703125
0:01:28.254604, 0.0, 0.0, 90.0, 0.0, 9900.9921875
0:01:28.369040, 0.0, 0.0, 90.0, 0.0, 9901.71484375
0:01:28.459315, 0.0, 0.0, 90.0, 0.0, 9902.2802734375
0:01:28.571840, 0.0, 0.0, 90.0, 0.0, 9902.9912109375
0:01:28.678869, 0.0, 0.0, 90.0, 0.0, 9903.6640625
0:01:28.773674, 0.0, 0.0, 90.0, 0.0, 9904.26171875
0:01:28.883460, 0.0, 0.0, 90.0, 0.0, 9904.947265625
0:01:28.981144, 0.0, 0.0, 90.0, 0.0, 9905.5693359375
0:01:29.077930, 0.0, 0.0, 90.0, 0.0, 9906.171875
0:01:29.177550, 0.0, 0.0, 90.0, 0.0, 9906.80078125
0:01:29.291157, 0.0, 0.0, 90.0, 0.0, 9907.517578125
0:01:29.377064, 0.0, 0.0, 90.0, 0.0, 9908.05859375
0:01:29.483946, 0.0, 0.0, 90.0, 0.0, 9908.7314453125
0:01:29.580341, 0.0, 0.0, 90.0, 0.0, 9909.333984375
0:01:29.680561, 0.0, 0.0, 90.0, 0.0, 9909.96875
0:01:29.790629, 0.0, 0.0, 90.0, 0.0, 9910.66015625
0:01:29.886150, 0.0, 0.0, 90.0, 0.0, 9911.2578125
0:01:29.971328, 0.0, 0.0, 90.0, 0.0, 9911.7978515625
0:01:30.096162, 0.0, 0.0, 90.0, 0.0, 9912.5830078125
0:01:30.177365, 0.0, 0.0, 90.0, 0.0, 9913.091796875
0:01:30.293937, 0.0, 0.0, 90.0, 0.0, 9913.8271484375
0:01:30.380135, 0.0, 0.0, 90.0, 0.0, 9914.3671875
0:01:30.479433, 0.0, 0.0, 90.0, 0.0, 9914.990234375
0:01:30.593969, 0.0, 0.0, 90.0, 0.0, 9915.7138671875
0:01:30.704198, 0.0, 0.0, 90.0, 0.0, 9916.40625
0:01:30.791373, 0.0, 0.0, 90.0, 0.0, 9916.958984375
0:01:30.906868, 0.0, 0.0, 90.0, 0.0, 9917.6826171875
0:01:30.993165, 0.0, 0.0, 90.0, 0.0, 9918.2294921875
0:01:31.090313, 0.0, 0.0, 90.0, 0.0, 9918.83984375
0:01:31.206225, 0.0, 0.0, 90.0, 0.0, 9919.5625
0:01:31.317455, 0.0, 0.0, 90.0, 0.0, 9920.265625
0:01:31.404733, 0.0, 0.0, 90.0, 0.0, 9920.8193359375
0:01:31.512667, 0.0, 0.0, 90.0, 0.0, 9921.4931640625
0:01:31.603377, 0.0, 0.0, 90.0, 0.0, 9922.0654296875
0:01:31.715908, 0.0, 0.0, 90.0, 0.0, 9922.775390625
0:01:31.800066, 0.0, 0.0, 90.0, 0.0, 9923.3037109375
0:01:31.900308, 0.0, 0.0, 90.0, 0.0, 9923.9326171875
0:01:32.014838, 0.0, 0.0, 90.0, 0.0, 9924.6552734375
0:01:32.110454, 0.0, 0.0, 90.0, 0.0, 9925.2578125
0:01:32.210893, 0.0, 0.0, 90.0, 0.0, 9925.88671875
0:01:32.309739, 0.0, 0.0, 90.0, 0.0, 9926.5087890625
0:01:32.417595, 0.0, 0.0, 90.0, 0.0, 9927.1875
0:01:32.503878, 0.0, 0.0, 90.0, 0.0, 9927.734375
0:01:32.599932, 0.0, 0.0, 90.0, 0.0, 9928.337890625
0:01:32.714761, 0.0, 0.0, 90.0, 0.0, 9929.060546875
0:01:32.823076, 0.0, 0.0, 90.0, 0.0, 9929.7333984375
0:01:32.910149, 0.0, 0.0, 90.0, 0.0, 9930.2861328125
0:01:33.010494, 0.0, 0.0, 90.0, 0.0, 9930.921875
0:01:33.110613, 0.0, 0.0, 90.0, 0.0, 9931.55078125
0:01:33.220589, 0.0, 0.0, 90.0, 0.0, 9932.2412109375
0:01:33.327495, 0.0, 0.0, 90.0, 0.0, 9932.9140625
0:01:33.435332, 0.0, 0.0, 90.0, 0.0, 9933.5927734375
0:01:33.523647, 0.0, 0.0, 90.0, 0.0, 9934.1455078125
0:01:33.645014, 0.0, 0.0, 90.0, 0.0, 9934.912109375
0:01:33.740681, 0.0, 0.0, 90.0, 0.0, 9935.515625
0:01:33.846573, 0.0, 0.0, 90.0, 0.0, 9936.1826171875
0:01:33.932735, 0.0, 0.0, 90.0, 0.0, 9936.72265625
0:01:34.031194, 0.0, 0.0, 90.0, 0.0, 9937.3388671875
0:01:34.118482, 0.0, 0.0, 90.0, 0.0, 9937.8916015625
0:01:34.234091, 0.0, 0.0, 90.0, 0.0, 9938.6142578125
0:01:34.328094, 0.0, 0.0, 90.0, 0.0, 9939.2109375
0:01:34.443589, 0.0, 0.0, 90.0, 0.0, 9939.93359375
0:01:34.541098, 0.0, 0.0, 90.0, 0.0, 9940.548828125
0:01:34.652579, 0.0, 0.0, 90.0, 0.0, 9941.24609375
0:01:34.734372, 0.0, 0.0, 90.0, 0.0, 9941.7607421875
0:01:34.843262, 0.0, 0.0, 90.0, 0.0, 9942.4453125
0:01:34.930515, 0.0, 0.0, 90.0, 0.0, 9942.9921875
0:01:35.052492, 0.0, 0.0, 90.0, 0.0, 9943.765625
0:01:35.137804, 0.0, 0.0, 90.0, 0.0, 9944.30078125
0:01:35.252363, 0.0, 0.0, 90.0, 0.0, 9945.0244140625
0:01:35.338615, 0.0, 0.0, 90.0, 0.0, 9945.5654296875
0:01:35.454205, 0.0, 0.0, 90.0, 0.0, 9946.294921875
0:01:35.568809, 0.0, 0.0, 90.0, 0.0, 9947.0126953125
0:01:35.656037, 0.0, 0.0, 90.0, 0.0, 9947.5654296875
0:01:35.741361, 0.0, 0.0, 90.0, 0.0, 9948.099609375
0:01:35.841546, 0.0, 0.0, 90.0, 0.0, 9948.728515625
0:01:35.953496, 0.0, 0.0, 90.0, 0.0, 9949.4326171875
0:01:36.041728, 0.0, 0.0, 90.0, 0.0, 9949.9912109375
0:01:36.157715, 0.0, 0.0, 90.0, 0.0, 9950.720703125
0:01:36.271245, 0.0, 0.0, 90.0, 0.0, 9951.431640625
0:01:36.371990, 0.0, 0.0, 90.0, 0.0, 9952.06640625
0:01:36.468079, 0.0, 0.0, 90.0, 0.0, 9952.669921875
0:01:36.554380, 0.0, 0.0, 90.0, 0.0, 9953.216796875
0:01:36.665854, 0.0, 0.0, 90.0, 0.0, 9953.9150390625
0:01:36.779582, 0.0, 0.0, 90.0, 0.0, 9954.6318359375
0:01:36.864572, 0.0, 0.0, 90.0, 0.0, 9955.166015625
0:01:36.963819, 0.0, 0.0, 90.0, 0.0, 9955.7880859375
0:01:37.055497, 0.0, 0.0, 90.0, 0.0, 9956.3671875
0:01:37.163382, 0.0, 0.0, 90.0, 0.0, 9957.0458984375
0:01:37.278921, 0.0, 0.0, 90.0, 0.0, 9957.7744140625
0:01:37.368310, 0.0, 0.0, 90.0, 0.0, 9958.333984375
0:01:37.481158, 0.0, 0.0, 90.0, 0.0, 9959.044921875
0:01:37.574157, 0.0, 0.0, 90.0, 0.0, 9959.6298828125
0:01:37.671560, 0.0, 0.0, 90.0, 0.0, 9960.24609375
0:01:37.784101, 0.0, 0.0, 90.0, 0.0, 9960.9560546875
0:01:37.870354, 0.0, 0.0, 90.0, 0.0, 9961.4970703125
0:01:37.976256, 0.0, 0.0, 90.0, 0.0, 9962.1630859375
0:01:38.071703, 0.0, 0.0, 90.0, 0.0, 9962.759765625
0:01:38.184318, 0.0, 0.0, 90.0, 0.0, 9963.4697265625
0:01:38.300055, 0.0, 0.0, 90.0, 0.0, 9964.1982421875
0:01:38.386160, 0.0, 0.0, 90.0, 0.0, 9964.7392578125
0:01:38.501601, 0.0, 0.0, 90.0, 0.0, 9965.46875
0:01:38.600368, 0.0, 0.0, 90.0, 0.0, 9966.083984375
0:01:38.685512, 0.0, 0.0, 90.0, 0.0, 9966.625
0:01:38.797758, 0.0, 0.0, 90.0, 0.0, 9967.3291015625
0:01:38.884087, 0.0, 0.0, 90.0, 0.0, 9967.8759765625
0:01:38.993220, 0.0, 0.0, 90.0, 0.0, 9968.5615234375
0:01:39.103732, 0.0, 0.0, 90.0, 0.0, 9969.2529296875
0:01:39.189931, 0.0, 0.0, 90.0, 0.0, 9969.7998046875
0:01:39.303397, 0.0, 0.0, 90.0, 0.0, 9970.5107421875
0:01:39.386688, 0.0, 0.0, 90.0, 0.0, 9971.0390625
0:01:39.482536, 0.0, 0.0, 90.0, 0.0, 9971.642578125
0:01:39.585809, 0.0, 0.0, 90.0, 0.0, 9972.2900390625
0:01:39.702429, 0.0, 0.0, 90.0, 0.0, 9973.025390625
0:01:39.789657, 0.0, 0.0, 90.0, 0.0, 9973.572265625
0:01:39.903258, 0.0, 0.0, 90.0, 0.0, 9974.2890625
0:01:40.015841, 0.0, 0.0, 90.0, 0.0, 9974.9931640625
0:01:40.100598, 0.0, 0.0, 90.0, 0.0, 9975.52734375
0:01:40.207521, 0.0, 0.0, 90.0, 0.0, 9976.2001953125
0:01:40.296709, 0.0, 0.0, 90.0, 0.0, 9976.759765625
0:01:40.418315, 0.0, 0.0, 90.0, 0.0, 9977.5263671875
0:01:40.504566, 0.0, 0.0, 90.0, 0.0, 9978.0673828125
0:01:40.608766, 0.0, 0.0, 90.0, 0.0, 9978.7275390625
0:01:40.724308, 0.0, 0.0, 90.0, 0.0, 9979.4501953125
0:01:40.810670, 0.0, 0.0, 90.0, 0.0, 9979.99609375
0:01:40.924227, 0.0, 0.0, 90.0, 0.0, 9980.7119140625
0:01:41.023338, 0.0, 0.0, 90.0, 0.0, 9981.333984375
0:01:41.113646, 0.0, 0.0, 90.0, 0.0, 9981.8984375
0:01:41.227252, 0.0, 0.0, 90.0, 0.0, 9982.615234375
0:01:41.307142, 0.0, 0.0, 90.0, 0.0, 9983.1181640625
0:01:41.422792, 0.0, 0.0, 90.0, 0.0, 9983.8408203125
0:01:41.518245, 0.0, 0.0, 90.0, 0.0, 9984.443359375
0:01:41.614259, 0.0, 0.0, 90.0, 0.0, 9985.046875
0:01:41.714634, 0.0, 0.0, 90.0, 0.0, 9985.681640625
0:01:41.812571, 0.0, 0.0, 90.0, 0.0, 9986.2978515625
0:01:41.912891, 0.0, 0.0, 90.0, 0.0, 9986.9267578125
0:01:42.017722, 0.0, 0.0, 90.0, 0.0, 9987.5869140625
0:01:42.114699, 0.0, 0.0, 90.0, 0.0, 9988.1962890625
0:01:42.234490, 0.0, 0.0, 90.0, 0.0, 9988.951171875
0:01:42.341660, 0.0, 0.0, 90.0, 0.0, 9989.623046875
0:01:42.427695, 0.0, 0.0, 90.0, 0.0, 9990.1630859375
0:01:42.524136, 0.0, 0.0, 90.0, 0.0, 9990.7724609375
0:01:42.636696, 0.0, 0.0, 90.0, 0.0, 9991.4833984375
0:01:42.744585, 0.0, 0.0, 90.0, 0.0, 9992.162109375
0:01:42.828797, 0.0, 0.0, 90.0, 0.0, 9992.6904296875
0:01:42.924912, 0.0, 0.0, 90.0, 0.0, 9993.2939453125
0:01:43.036477, 0.0, 0.0, 90.0, 0.0, 9993.9970703125
0:01:43.151103, 0.0, 0.0, 90.0, 0.0, 9994.7138671875
0:01:43.233336, 0.0, 0.0, 90.0, 0.0, 9995.2353515625
0:01:43.349975, 0.0, 0.0, 90.0, 0.0, 9995.9638671875
0:01:43.436173, 0.0, 0.0, 90.0, 0.0, 9996.5107421875
0:01:43.550728, 0.0, 0.0, 90.0, 0.0, 9997.2275390625
0:01:43.635099, 0.0, 0.0, 90.0, 0.0, 9997.76171875
0:01:43.748575, 0.0, 0.0, 90.0, 0.0, 9998.478515625
0:01:43.844639, 0.0, 0.0, 90.0, 0.0, 9999.0810546875
0:01:43.944855, 0.0, 0.0, 90.0, 0.0, 9999.708984375
0:01:44.058439, 0.0, 0.0, 90.0, 0.0, 10000.42578125
0:01:44.140069, 0.0, 0.0, 90.0, 0.0, 10000.935546875
0:01:44.251589, 0.0, 0.0, 90.0, 0.0, 10001.6396484375
0:01:44.365139, 0.0, 0.0, 90.0, 0.0, 10002.3564453125
0:01:44.465016, 0.0, 0.0, 90.0, 0.0, 10002.984375
0:01:44.563492, 0.0, 0.0, 90.0, 0.0, 10003.599609375
0:01:44.650740, 0.0, 0.0, 90.0, 0.0, 10004.15234375
0:01:44.765399, 0.0, 0.0, 90.0, 0.0, 10004.869140625
0:01:44.864447, 0.0, 0.0, 90.0, 0.0, 10005.4921875
0:01:44.976951, 0.0, 0.0, 90.0, 0.0, 10006.2021484375
0:01:45.060244, 0.0, 0.0, 90.0, 0.0, 10006.7236328125
0:01:45.173687, 0.0, 0.0, 90.0, 0.0, 10007.4404296875
0:01:45.269301, 0.0, 0.0, 90.0, 0.0, 10008.04296875
0:01:45.365070, 0.0, 0.0, 90.0, 0.0, 10008.646484375
0:01:45.455341, 0.0, 0.0, 90.0, 0.0, 10009.2119140625
0:01:45.565171, 0.0, 0.0, 90.0, 0.0, 10009.9033203125
0:01:45.667611, 0.0, 0.0, 90.0, 0.0, 10010.544921875
0:01:45.780171, 0.0, 0.0, 90.0, 0.0, 10011.2548828125
0:01:45.866545, 0.0, 0.0, 90.0, 0.0, 10011.794921875
0:01:45.965558, 0.0, 0.0, 90.0, 0.0, 10012.423828125
0:01:46.091980, 0.0, 0.0, 90.0, 0.0, 10013.21484375
0:01:46.177173, 0.0, 0.0, 90.0, 0.0, 10013.7490234375
0:01:46.264457, 0.0, 0.0, 90.0, 0.0, 10014.302734375
0:01:46.384431, 0.0, 0.0, 90.0, 0.0, 10015.056640625
0:01:46.466086, 0.0, 0.0, 90.0, 0.0, 10015.572265625
0:01:46.575924, 0.0, 0.0, 90.0, 0.0, 10016.2646484375
0:01:46.681804, 0.0, 0.0, 90.0, 0.0, 10016.931640625
0:01:46.768155, 0.0, 0.0, 90.0, 0.0, 10017.4716796875
0:01:46.894912, 0.0, 0.0, 90.0, 0.0, 10018.26953125
0:01:46.988407, 0.0, 0.0, 90.0, 0.0, 10018.8544921875
0:01:47.099723, 0.0, 0.0, 90.0, 0.0, 10019.55859375
0:01:47.188004, 0.0, 0.0, 90.0, 0.0, 10020.111328125
0:01:47.272313, 0.0, 0.0, 90.0, 0.0, 10020.6455078125
0:01:47.386796, 0.0, 0.0, 90.0, 0.0, 10021.3623046875
0:01:47.502709, 0.0, 0.0, 90.0, 0.0, 10022.0908203125
0:01:47.589839, 0.0, 0.0, 90.0, 0.0, 10022.6376953125
0:01:47.696715, 0.0, 0.0, 90.0, 0.0, 10023.3095703125
0:01:47.785023, 0.0, 0.0, 90.0, 0.0, 10023.8681640625
0:01:47.897479, 0.0, 0.0, 90.0, 0.0, 10024.5712890625
0:01:48.013034, 0.0, 0.0, 90.0, 0.0, 10025.2998046875
0:01:48.099491, 0.0, 0.0, 90.0, 0.0, 10025.8408203125
0:01:48.212730, 0.0, 0.0, 90.0, 0.0, 10026.5576171875
0:01:48.298037, 0.0, 0.0, 90.0, 0.0, 10027.091796875
0:01:48.409534, 0.0, 0.0, 90.0, 0.0, 10027.7958984375
0:01:48.497809, 0.0, 0.0, 90.0, 0.0, 10028.349609375
0:01:48.611330, 0.0, 0.0, 90.0, 0.0, 10029.0654296875
0:01:48.697609, 0.0, 0.0, 90.0, 0.0, 10029.60546875
0:01:48.824999, 0.0, 0.0, 90.0, 0.0, 10030.4091796875
0:01:48.910449, 0.0, 0.0, 90.0, 0.0, 10030.943359375
0:01:49.021922, 0.0, 0.0, 90.0, 0.0, 10031.6474609375
0:01:49.103524, 0.0, 0.0, 90.0, 0.0, 10032.162109375
0:01:49.216999, 0.0, 0.0, 90.0, 0.0, 10032.8720703125
0:01:49.316188, 0.0, 0.0, 90.0, 0.0, 10033.4951171875
0:01:49.403489, 0.0, 0.0, 90.0, 0.0, 10034.048828125
0:01:49.515010, 0.0, 0.0, 90.0, 0.0, 10034.7470703125
0:01:49.628725, 0.0, 0.0, 90.0, 0.0, 10035.462890625
0:01:49.712855, 0.0, 0.0, 90.0, 0.0, 10035.9912109375
0:01:49.830408, 0.0, 0.0, 90.0, 0.0, 10036.732421875
0:01:49.923509, 0.0, 0.0, 90.0, 0.0, 10037.3173828125
0:01:50.035981, 0.0, 0.0, 90.0, 0.0, 10038.02734375
0:01:50.115614, 0.0, 0.0, 90.0, 0.0, 10038.5302734375
0:01:50.230198, 0.0, 0.0, 90.0, 0.0, 10039.2470703125
0:01:50.317371, 0.0, 0.0, 90.0, 0.0, 10039.80078125
0:01:50.415717, 0.0, 0.0, 90.0, 0.0, 10040.416015625
0:01:50.514161, 0.0, 0.0, 90.0, 0.0, 10041.0322265625
0:01:50.640667, 0.0, 0.0, 90.0, 0.0, 10041.830078125
0:01:50.735547, 0.0, 0.0, 90.0, 0.0, 10042.4267578125
0:01:50.820728, 0.0, 0.0, 90.0, 0.0, 10042.9609375
0:01:50.941119, 0.0, 0.0, 90.0, 0.0, 10043.720703125
0:01:51.027701, 0.0, 0.0, 90.0, 0.0, 10044.2607421875
0:01:51.127855, 0.0, 0.0, 90.0, 0.0, 10044.89453125
0:01:51.226901, 0.0, 0.0, 90.0, 0.0, 10045.517578125
0:01:51.326965, 0.0, 0.0, 90.0, 0.0, 10046.146484375
0:01:51.435818, 0.0, 0.0, 90.0, 0.0, 10046.83203125
0:01:51.543649, 0.0, 0.0, 90.0, 0.0, 10047.5048828125
0:01:51.653778, 0.0, 0.0, 90.0, 0.0, 10048.203125
0:01:51.740027, 0.0, 0.0, 90.0, 0.0, 10048.75
0:01:51.836517, 0.0, 0.0, 90.0, 0.0, 10049.353515625
0:01:51.941496, 0.0, 0.0, 90.0, 0.0, 10050.013671875
0:01:52.037974, 0.0, 0.0, 90.0, 0.0, 10050.623046875
0:01:52.137411, 0.0, 0.0, 90.0, 0.0, 10051.2451171875
0:01:52.256216, 0.0, 0.0, 90.0, 0.0, 10051.9931640625
0:01:52.343517, 0.0, 0.0, 90.0, 0.0, 10052.5458984375
0:01:52.456095, 0.0, 0.0, 90.0, 0.0, 10053.25
0:01:52.548705, 0.0, 0.0, 90.0, 0.0, 10053.833984375
0:01:52.648069, 0.0, 0.0, 90.0, 0.0, 10054.4560546875
0:01:52.760595, 0.0, 0.0, 90.0, 0.0, 10055.166015625
0:01:52.858982, 0.0, 0.0, 90.0, 0.0, 10055.7880859375
0:01:52.954749, 0.0, 0.0, 90.0, 0.0, 10056.3857421875
0:01:53.056973, 0.0, 0.0, 90.0, 0.0, 10057.033203125
0:01:53.150371, 0.0, 0.0, 90.0, 0.0, 10057.6171875
0:01:53.275733, 0.0, 0.0, 90.0, 0.0, 10058.4091796875
0:01:53.362214, 0.0, 0.0, 90.0, 0.0, 10058.94921875
0:01:53.454854, 0.0, 0.0, 90.0, 0.0, 10059.533203125
0:01:53.568368, 0.0, 0.0, 90.0, 0.0, 10060.25
0:01:53.657752, 0.0, 0.0, 90.0, 0.0, 10060.8095703125
0:01:53.768577, 0.0, 0.0, 90.0, 0.0, 10061.5078125
0:01:53.866971, 0.0, 0.0, 90.0, 0.0, 10062.1298828125
0:01:53.978493, 0.0, 0.0, 90.0, 0.0, 10062.8271484375
0:01:54.067005, 0.0, 0.0, 90.0, 0.0, 10063.38671875
0:01:54.180559, 0.0, 0.0, 90.0, 0.0, 10064.0966796875
0:01:54.264786, 0.0, 0.0, 90.0, 0.0, 10064.6318359375
0:01:54.375325, 0.0, 0.0, 90.0, 0.0, 10065.3232421875
0:01:54.461388, 0.0, 0.0, 90.0, 0.0, 10065.8701171875
0:01:54.583036, 0.0, 0.0, 90.0, 0.0, 10066.6298828125
0:01:54.663654, 0.0, 0.0, 90.0, 0.0, 10067.138671875
0:01:54.777240, 0.0, 0.0, 90.0, 0.0, 10067.85546875
0:01:54.869794, 0.0, 0.0, 90.0, 0.0, 10068.43359375
0:01:54.968258, 0.0, 0.0, 90.0, 0.0, 10069.056640625
0:01:55.072512, 0.0, 0.0, 90.0, 0.0, 10069.7109375
0:01:55.186076, 0.0, 0.0, 90.0, 0.0, 10070.427734375
0:01:55.291967, 0.0, 0.0, 90.0, 0.0, 10071.09375
0:01:55.380263, 0.0, 0.0, 90.0, 0.0, 10071.6474609375
0:01:55.478544, 0.0, 0.0, 90.0, 0.0, 10072.26953125
0:01:55.592159, 0.0, 0.0, 90.0, 0.0, 10072.9794921875
0:01:55.690698, 0.0, 0.0, 90.0, 0.0, 10073.6015625
0:01:55.775836, 0.0, 0.0, 90.0, 0.0, 10074.1357421875
0:01:55.890411, 0.0, 0.0, 90.0, 0.0, 10074.8583984375
0:01:55.978679, 0.0, 0.0, 90.0, 0.0, 10075.412109375
0:01:56.106575, 0.0, 0.0, 90.0, 0.0, 10076.216796875
0:01:56.192502, 0.0, 0.0, 90.0, 0.0, 10076.7578125
0:01:56.285405, 0.0, 0.0, 90.0, 0.0, 10077.341796875
0:01:56.396932, 0.0, 0.0, 90.0, 0.0, 10078.044921875
0:01:56.488207, 0.0, 0.0, 90.0, 0.0, 10078.6162109375
0:01:56.601696, 0.0, 0.0, 90.0, 0.0, 10079.33203125
0:01:56.688992, 0.0, 0.0, 90.0, 0.0, 10079.87890625
0:01:56.804404, 0.0, 0.0, 90.0, 0.0, 10080.6083984375
0:01:56.891396, 0.0, 0.0, 90.0, 0.0, 10081.1484375
0:01:57.013541, 0.0, 0.0, 90.0, 0.0, 10081.921875
0:01:57.099856, 0.0, 0.0, 90.0, 0.0, 10082.46875
0:01:57.215450, 0.0, 0.0, 90.0, 0.0, 10083.1923828125
0:01:57.301590, 0.0, 0.0, 90.0, 0.0, 10083.7392578125
0:01:57.387946, 0.0, 0.0, 90.0, 0.0, 10084.2802734375
0:01:57.501411, 0.0, 0.0, 90.0, 0.0, 10084.9970703125
0:01:57.617919, 0.0, 0.0, 90.0, 0.0, 10085.7265625
0:01:57.704140, 0.0, 0.0, 90.0, 0.0, 10086.2734375
0:01:57.819779, 0.0, 0.0, 90.0, 0.0, 10086.99609375
0:01:57.918107, 0.0, 0.0, 90.0, 0.0, 10087.619140625
0:01:57.998816, 0.0, 0.0, 90.0, 0.0, 10088.1220703125
0:01:58.119772, 0.0, 0.0, 90.0, 0.0, 10088.8896484375
0:01:58.208126, 0.0, 0.0, 90.0, 0.0, 10089.443359375
0:01:58.323722, 0.0, 0.0, 90.0, 0.0, 10090.1728515625
0:01:58.404911, 0.0, 0.0, 90.0, 0.0, 10090.681640625
0:01:58.521468, 0.0, 0.0, 90.0, 0.0, 10091.4169921875
0:01:58.612968, 0.0, 0.0, 90.0, 0.0, 10091.9892578125
0:01:58.709389, 0.0, 0.0, 90.0, 0.0, 10092.5986328125
0:01:58.806542, 0.0, 0.0, 90.0, 0.0, 10093.2080078125
0:01:58.922064, 0.0, 0.0, 90.0, 0.0, 10093.9375
0:01:59.016242, 0.0, 0.0, 90.0, 0.0, 10094.5283203125
0:01:59.128725, 0.0, 0.0, 90.0, 0.0, 10095.23828125
0:01:59.211419, 0.0, 0.0, 90.0, 0.0, 10095.75390625
0:01:59.340137, 0.0, 0.0, 90.0, 0.0, 10096.564453125
0:01:59.419778, 0.0, 0.0, 90.0, 0.0, 10097.0673828125
0:01:59.509073, 0.0, 0.0, 90.0, 0.0, 10097.6259765625
0:01:59.622607, 0.0, 0.0, 90.0, 0.0, 10098.3427734375
0:01:59.738682, 0.0, 0.0, 90.0, 0.0, 10099.072265625
0:01:59.831569, 0.0, 0.0, 90.0, 0.0, 10099.6572265625
0:01:59.930304, 0.0, 0.0, 90.0, 0.0, 10100.279296875
0:02:00.042567, 0.0, 0.0, 90.0, 0.0, 10100.9833984375
0:02:00.140360, 0.0, 0.0, 90.0, 0.0, 10101.599609375
0:02:00.239578, 0.0, 0.0, 90.0, 0.0, 10102.2216796875
0:02:00.326581, 0.0, 0.0, 90.0, 0.0, 10102.7744140625
0:02:00.435457, 0.0, 0.0, 90.0, 0.0, 10103.458984375
0:02:00.547005, 0.0, 0.0, 90.0, 0.0, 10104.1572265625
0:02:00.634304, 0.0, 0.0, 90.0, 0.0, 10104.7099609375
0:02:00.758938, 0.0, 0.0, 90.0, 0.0, 10105.4951171875
0:02:00.843199, 0.0, 0.0, 90.0, 0.0, 10106.0224609375
0:02:00.956623, 0.0, 0.0, 90.0, 0.0, 10106.732421875
0:02:01.041949, 0.0, 0.0, 90.0, 0.0, 10107.2724609375
0:02:01.139244, 0.0, 0.0, 90.0, 0.0, 10107.8818359375
0:02:01.265111, 0.0, 0.0, 90.0, 0.0, 10108.673828125
0:02:01.361014, 0.0, 0.0, 90.0, 0.0, 10109.27734375
0:02:01.457437, 0.0, 0.0, 90.0, 0.0, 10109.88671875
0:02:01.534992, 0.0, 0.0, 90.0, 0.0, 10110.37109375
0:02:01.650615, 0.0, 0.0, 90.0, 0.0, 10111.099609375
0:02:01.749815, 0.0, 0.0, 90.0, 0.0, 10111.72265625
0:02:01.865320, 0.0, 0.0, 90.0, 0.0, 10112.451171875
0:02:01.947531, 0.0, 0.0, 90.0, 0.0, 10112.9658203125
0:02:02.058042, 0.0, 0.0, 90.0, 0.0, 10113.6630859375
0:02:02.164915, 0.0, 0.0, 90.0, 0.0, 10114.3359375
0:02:02.250550, 0.0, 0.0, 90.0, 0.0, 10114.869140625
0:02:02.356041, 0.0, 0.0, 90.0, 0.0, 10115.53515625
0:02:02.443302, 0.0, 0.0, 90.0, 0.0, 10116.087890625
0:02:02.567958, 0.0, 0.0, 90.0, 0.0, 10116.8681640625
0:02:02.654458, 0.0, 0.0, 90.0, 0.0, 10117.4150390625
0:02:02.780182, 0.0, 0.0, 90.0, 0.0, 10118.20703125
0:02:02.864560, 0.0, 0.0, 90.0, 0.0, 10118.7353515625
0:02:02.959525, 0.0, 0.0, 90.0, 0.0, 10119.33203125
0:02:03.059949, 0.0, 0.0, 90.0, 0.0, 10119.966796875
0:02:03.171494, 0.0, 0.0, 90.0, 0.0, 10120.6708984375
0:02:03.257755, 0.0, 0.0, 90.0, 0.0, 10121.2119140625
0:02:03.364640, 0.0, 0.0, 90.0, 0.0, 10121.884765625
0:02:03.491193, 0.0, 0.0, 90.0, 0.0, 10122.6767578125
0:02:03.578543, 0.0, 0.0, 90.0, 0.0, 10123.2294921875
0:02:03.663777, 0.0, 0.0, 90.0, 0.0, 10123.763671875
0:02:03.774496, 0.0, 0.0, 90.0, 0.0, 10124.4609375
0:02:03.871464, 0.0, 0.0, 90.0, 0.0, 10125.0703125
0:02:03.960164, 0.0, 0.0, 90.0, 0.0, 10125.6298828125
0:02:04.073772, 0.0, 0.0, 90.0, 0.0, 10126.3466796875
0:02:04.188353, 0.0, 0.0, 90.0, 0.0, 10127.064453125
0:02:04.275639, 0.0, 0.0, 90.0, 0.0, 10127.6171875
0:02:04.389193, 0.0, 0.0, 90.0, 0.0, 10128.328125
0:02:04.476487, 0.0, 0.0, 90.0, 0.0, 10128.880859375
0:02:04.592012, 0.0, 0.0, 90.0, 0.0, 10129.603515625
0:02:04.691610, 0.0, 0.0, 90.0, 0.0, 10130.232421875
0:02:04.773265, 0.0, 0.0, 90.0, 0.0, 10130.748046875
0:02:04.884771, 0.0, 0.0, 90.0, 0.0, 10131.4453125
0:02:04.972010, 0.0, 0.0, 90.0, 0.0, 10131.998046875
0:02:05.086610, 0.0, 0.0, 90.0, 0.0, 10132.71484375
0:02:05.180926, 0.0, 0.0, 90.0, 0.0, 10133.3115234375
0:02:05.300548, 0.0, 0.0, 90.0, 0.0, 10134.0595703125
0:02:05.386506, 0.0, 0.0, 90.0, 0.0, 10134.6064453125
0:02:05.507877, 0.0, 0.0, 90.0, 0.0, 10135.3671875
0:02:05.592737, 0.0, 0.0, 90.0, 0.0, 10135.89453125
0:02:05.706636, 0.0, 0.0, 90.0, 0.0, 10136.6171875
0:02:05.802632, 0.0, 0.0, 90.0, 0.0, 10137.220703125
0:02:05.895841, 0.0, 0.0, 90.0, 0.0, 10137.8056640625
0:02:05.992122, 0.0, 0.0, 90.0, 0.0, 10138.4150390625
0:02:06.091203, 0.0, 0.0, 90.0, 0.0, 10139.0361328125
0:02:06.191829, 0.0, 0.0, 90.0, 0.0, 10139.671875
0:02:06.312618, 0.0, 0.0, 90.0, 0.0, 10140.4326171875
0:02:06.410981, 0.0, 0.0, 90.0, 0.0, 10141.048828125
0:02:06.515942, 0.0, 0.0, 90.0, 0.0, 10141.708984375
0:02:06.611895, 0.0, 0.0, 90.0, 0.0, 10142.3125
0:02:06.712052, 0.0, 0.0, 90.0, 0.0, 10142.94140625
0:02:06.805494, 0.0, 0.0, 90.0, 0.0, 10143.5322265625
0:02:06.922005, 0.0, 0.0, 90.0, 0.0, 10144.2685546875
0:02:06.999632, 0.0, 0.0, 90.0, 0.0, 10144.751953125
0:02:07.116355, 0.0, 0.0, 90.0, 0.0, 10145.48828125
0:02:07.211372, 0.0, 0.0, 90.0, 0.0, 10146.0849609375
0:02:07.323923, 0.0, 0.0, 90.0, 0.0, 10146.794921875
0:02:07.411156, 0.0, 0.0, 90.0, 0.0, 10147.341796875
0:02:07.511526, 0.0, 0.0, 90.0, 0.0, 10147.9765625
0:02:07.627126, 0.0, 0.0, 90.0, 0.0, 10148.705078125
0:02:07.712429, 0.0, 0.0, 90.0, 0.0, 10149.2392578125
0:02:07.812509, 0.0, 0.0, 90.0, 0.0, 10149.8671875
0:02:07.934049, 0.0, 0.0, 90.0, 0.0, 10150.6279296875
0:02:08.031555, 0.0, 0.0, 90.0, 0.0, 10151.244140625
0:02:08.114092, 0.0, 0.0, 90.0, 0.0, 10151.7666015625
0:02:08.212175, 0.0, 0.0, 90.0, 0.0, 10152.3828125
0:02:08.322133, 0.0, 0.0, 90.0, 0.0, 10153.07421875
0:02:08.412413, 0.0, 0.0, 90.0, 0.0, 10153.6455078125
0:02:08.528960, 0.0, 0.0, 90.0, 0.0, 10154.375
0:02:08.635844, 0.0, 0.0, 90.0, 0.0, 10155.0478515625
0:02:08.720124, 0.0, 0.0, 90.0, 0.0, 10155.5830078125
0:02:08.833694, 0.0, 0.0, 90.0, 0.0, 10156.29296875
0:02:08.949335, 0.0, 0.0, 90.0, 0.0, 10157.021484375
0:02:09.035505, 0.0, 0.0, 90.0, 0.0, 10157.5615234375
0:02:09.121807, 0.0, 0.0, 90.0, 0.0, 10158.1083984375
0:02:09.234385, 0.0, 0.0, 90.0, 0.0, 10158.8125
0:02:09.342477, 0.0, 0.0, 90.0, 0.0, 10159.4912109375
0:02:09.436369, 0.0, 0.0, 90.0, 0.0, 10160.0830078125
0:02:09.522561, 0.0, 0.0, 90.0, 0.0, 10160.6298828125
0:02:09.649114, 0.0, 0.0, 90.0, 0.0, 10161.421875
0:02:09.735491, 0.0, 0.0, 90.0, 0.0, 10161.96875
0:02:09.848987, 0.0, 0.0, 90.0, 0.0, 10162.6796875
0:02:09.933336, 0.0, 0.0, 90.0, 0.0, 10163.21484375
0:02:10.049815, 0.0, 0.0, 90.0, 0.0, 10163.9501953125
0:02:10.137129, 0.0, 0.0, 90.0, 0.0, 10164.4970703125
0:02:10.247720, 0.0, 0.0, 90.0, 0.0, 10165.1943359375
0:02:10.343581, 0.0, 0.0, 90.0, 0.0, 10165.791015625
0:02:10.453364, 0.0, 0.0, 90.0, 0.0, 10166.4833984375
0:02:10.562191, 0.0, 0.0, 90.0, 0.0, 10167.16796875
0:02:10.632403, 0.0, 0.0, 90.0, 0.0, 10167.6142578125
0:02:10.757104, 0.0, 0.0, 90.0, 0.0, 10168.3935546875
0:02:10.843228, 0.0, 0.0, 90.0, 0.0, 10168.9404296875
0:02:10.971057, 0.0, 0.0, 90.0, 0.0, 10169.7451171875
0:02:11.056304, 0.0, 0.0, 90.0, 0.0, 10170.279296875
0:02:11.140190, 0.0, 0.0, 90.0, 0.0, 10170.8076171875
0:02:11.250793, 0.0, 0.0, 90.0, 0.0, 10171.5048828125
0:02:11.357795, 0.0, 0.0, 90.0, 0.0, 10172.177734375
0:02:11.455135, 0.0, 0.0, 90.0, 0.0, 10172.7880859375
0:02:11.552424, 0.0, 0.0, 90.0, 0.0, 10173.404296875
0:02:11.658330, 0.0, 0.0, 90.0, 0.0, 10174.0703125
0:02:11.773860, 0.0, 0.0, 90.0, 0.0, 10174.7939453125
0:02:11.853524, 0.0, 0.0, 90.0, 0.0, 10175.296875
0:02:11.968516, 0.0, 0.0, 90.0, 0.0, 10176.01953125
0:02:12.073399, 0.0, 0.0, 90.0, 0.0, 10176.6796875
0:02:12.160712, 0.0, 0.0, 90.0, 0.0, 10177.2265625
0:02:12.274169, 0.0, 0.0, 90.0, 0.0, 10177.943359375
0:02:12.365887, 0.0, 0.0, 90.0, 0.0, 10178.521484375
0:02:12.479736, 0.0, 0.0, 90.0, 0.0, 10179.23828125
0:02:12.563843, 0.0, 0.0, 90.0, 0.0, 10179.7666015625
0:02:12.662929, 0.0, 0.0, 90.0, 0.0, 10180.388671875
0:02:12.778642, 0.0, 0.0, 90.0, 0.0, 10181.1181640625
0:02:12.864695, 0.0, 0.0, 90.0, 0.0, 10181.6591796875
0:02:12.964148, 0.0, 0.0, 90.0, 0.0, 10182.2880859375
0:02:13.077739, 0.0, 0.0, 90.0, 0.0, 10182.9970703125
0:02:13.165028, 0.0, 0.0, 90.0, 0.0, 10183.5498046875
0:02:13.278696, 0.0, 0.0, 90.0, 0.0, 10184.265625
0:02:13.376194, 0.0, 0.0, 90.0, 0.0, 10184.8759765625
0:02:13.474595, 0.0, 0.0, 90.0, 0.0, 10185.498046875
0:02:13.565959, 0.0, 0.0, 90.0, 0.0, 10186.0703125
0:02:13.677516, 0.0, 0.0, 90.0, 0.0, 10186.7734375
0:02:13.793029, 0.0, 0.0, 90.0, 0.0, 10187.5029296875
0:02:13.879318, 0.0, 0.0, 90.0, 0.0, 10188.04296875
0:02:13.990815, 0.0, 0.0, 90.0, 0.0, 10188.7470703125
0:02:14.078331, 0.0, 0.0, 90.0, 0.0, 10189.2939453125
0:02:14.190744, 0.0, 0.0, 90.0, 0.0, 10190.0029296875
0:02:14.277888, 0.0, 0.0, 90.0, 0.0, 10190.5498046875
0:02:14.400977, 0.0, 0.0, 90.0, 0.0, 10191.322265625
0:02:14.486913, 0.0, 0.0, 90.0, 0.0, 10191.8623046875
0:02:14.599586, 0.0, 0.0, 90.0, 0.0, 10192.5732421875
0:02:14.695572, 0.0, 0.0, 90.0, 0.0, 10193.1767578125
0:02:14.788404, 0.0, 0.0, 90.0, 0.0, 10193.76171875
0:02:14.904856, 0.0, 0.0, 90.0, 0.0, 10194.498046875
0:02:14.986454, 0.0, 0.0, 90.0, 0.0, 10195.0078125
0:02:15.084555, 0.0, 0.0, 90.0, 0.0, 10195.6240234375
0:02:15.196173, 0.0, 0.0, 90.0, 0.0, 10196.328125
0:02:15.295426, 0.0, 0.0, 90.0, 0.0, 10196.9501953125
0:02:15.394611, 0.0, 0.0, 90.0, 0.0, 10197.5791015625
0:02:15.509539, 0.0, 0.0, 90.0, 0.0, 10198.2958984375
0:02:15.619766, 0.0, 0.0, 90.0, 0.0, 10198.994140625
0:02:15.698431, 0.0, 0.0, 90.0, 0.0, 10199.490234375
0:02:15.809900, 0.0, 0.0, 90.0, 0.0, 10200.1875
0:02:15.906076, 0.0, 0.0, 90.0, 0.0, 10200.796875
0:02:15.996865, 0.0, 0.0, 90.0, 0.0, 10201.369140625
0:02:16.111442, 0.0, 0.0, 90.0, 0.0, 10202.0869140625
0:02:16.225422, 0.0, 0.0, 90.0, 0.0, 10202.8037109375
0:02:16.315216, 0.0, 0.0, 90.0, 0.0, 10203.369140625
0:02:16.425177, 0.0, 0.0, 90.0, 0.0, 10204.060546875
0:02:16.525423, 0.0, 0.0, 90.0, 0.0, 10204.6962890625
0:02:16.611709, 0.0, 0.0, 90.0, 0.0, 10205.236328125
0:02:16.726246, 0.0, 0.0, 90.0, 0.0, 10205.958984375
0:02:16.824715, 0.0, 0.0, 90.0, 0.0, 10206.5751953125
0:02:16.925042, 0.0, 0.0, 90.0, 0.0, 10207.2099609375
0:02:17.013351, 0.0, 0.0, 90.0, 0.0, 10207.7626953125
0:02:17.127876, 0.0, 0.0, 90.0, 0.0, 10208.4853515625
0:02:17.223228, 0.0, 0.0, 90.0, 0.0, 10209.08203125
0:02:17.339778, 0.0, 0.0, 90.0, 0.0, 10209.8173828125
0:02:17.432878, 0.0, 0.0, 90.0, 0.0, 10210.4013671875
0:02:17.518087, 0.0, 0.0, 90.0, 0.0, 10210.935546875
0:02:17.633723, 0.0, 0.0, 90.0, 0.0, 10211.6650390625
0:02:17.717002, 0.0, 0.0, 90.0, 0.0, 10212.193359375
0:02:17.829560, 0.0, 0.0, 90.0, 0.0, 10212.8974609375
0:02:17.940042, 0.0, 0.0, 90.0, 0.0, 10213.5947265625
0:02:18.025448, 0.0, 0.0, 90.0, 0.0, 10214.1279296875
0:02:18.125141, 0.0, 0.0, 90.0, 0.0, 10214.755859375
0:02:18.251887, 0.0, 0.0, 90.0, 0.0, 10215.5537109375
0:02:18.336029, 0.0, 0.0, 90.0, 0.0, 10216.08203125
0:02:18.435577, 0.0, 0.0, 90.0, 0.0, 10216.7099609375
0:02:18.522873, 0.0, 0.0, 90.0, 0.0, 10217.2568359375
0:02:18.632462, 0.0, 0.0, 90.0, 0.0, 10217.9482421875
0:02:18.746110, 0.0, 0.0, 90.0, 0.0, 10218.6640625
0:02:18.827666, 0.0, 0.0, 90.0, 0.0, 10219.1728515625
0:02:18.937081, 0.0, 0.0, 90.0, 0.0, 10219.8642578125
0:02:19.043005, 0.0, 0.0, 90.0, 0.0, 10220.53125
0:02:19.151016, 0.0, 0.0, 90.0, 0.0, 10221.2099609375
0:02:19.246896, 0.0, 0.0, 90.0, 0.0, 10221.8134765625
0:02:19.338625, 0.0, 0.0, 90.0, 0.0, 10222.3916015625
0:02:19.452263, 0.0, 0.0, 90.0, 0.0, 10223.1083984375
0:02:19.536453, 0.0, 0.0, 90.0, 0.0, 10223.63671875
0:02:19.653033, 0.0, 0.0, 90.0, 0.0, 10224.3720703125
0:02:19.738365, 0.0, 0.0, 90.0, 0.0, 10224.90625
0:02:19.857301, 0.0, 0.0, 90.0, 0.0, 10225.654296875
0:02:19.938904, 0.0, 0.0, 90.0, 0.0, 10226.1689453125
0:02:20.054488, 0.0, 0.0, 90.0, 0.0, 10226.892578125
0:02:20.141740, 0.0, 0.0, 90.0, 0.0, 10227.4453125
0:02:20.257577, 0.0, 0.0, 90.0, 0.0, 10228.173828125
0:02:20.357658, 0.0, 0.0, 90.0, 0.0, 10228.8017578125
0:02:20.444003, 0.0, 0.0, 90.0, 0.0, 10229.341796875
0:02:20.554626, 0.0, 0.0, 90.0, 0.0, 10230.0400390625
0:02:20.662365, 0.0, 0.0, 90.0, 0.0, 10230.71875
0:02:20.747658, 0.0, 0.0, 90.0, 0.0, 10231.2529296875
0:02:20.866181, 0.0, 0.0, 90.0, 0.0, 10232.0
0:02:20.951457, 0.0, 0.0, 90.0, 0.0, 10232.5341796875
0:02:21.066970, 0.0, 0.0, 90.0, 0.0, 10233.2626953125
0:02:21.150640, 0.0, 0.0, 90.0, 0.0, 10233.791015625
0:02:21.265229, 0.0, 0.0, 90.0, 0.0, 10234.5078125
0:02:21.378635, 0.0, 0.0, 90.0, 0.0, 10235.224609375
0:02:21.463870, 0.0, 0.0, 90.0, 0.0, 10235.759765625
0:02:21.570803, 0.0, 0.0, 90.0, 0.0, 10236.4326171875
0:02:21.667776, 0.0, 0.0, 90.0, 0.0, 10237.04296875
0:02:21.752961, 0.0, 0.0, 90.0, 0.0, 10237.583984375
0:02:21.866508, 0.0, 0.0, 90.0, 0.0, 10238.294921875
0:02:21.978664, 0.0, 0.0, 90.0, 0.0, 10238.9990234375
0:02:22.076774, 0.0, 0.0, 90.0, 0.0, 10239.6220703125
0:02:22.187643, 0.0, 0.0, 90.0, 0.0, 10240.3203125
0:02:22.287796, 0.0, 0.0, 90.0, 0.0, 10240.94921875
0:02:22.368452, 0.0, 0.0, 90.0, 0.0, 10241.4580078125
0:02:22.484070, 0.0, 0.0, 90.0, 0.0, 10242.1806640625
0:02:22.569259, 0.0, 0.0, 90.0, 0.0, 10242.720703125
0:02:22.666703, 0.0, 0.0, 90.0, 0.0, 10243.330078125
0:02:22.787801, 0.0, 0.0, 90.0, 0.0, 10244.091796875
0:02:22.884055, 0.0, 0.0, 90.0, 0.0, 10244.701171875
0:02:22.970266, 0.0, 0.0, 90.0, 0.0, 10245.2421875
0:02:23.072443, 0.0, 0.0, 90.0, 0.0, 10245.8828125
0:02:23.194129, 0.0, 0.0, 90.0, 0.0, 10246.6494140625
0:02:23.278404, 0.0, 0.0, 90.0, 0.0, 10247.18359375
0:02:23.376295, 0.0, 0.0, 90.0, 0.0, 10247.7998046875
0:02:23.477641, 0.0, 0.0, 90.0, 0.0, 10248.43359375
0:02:23.598331, 0.0, 0.0, 90.0, 0.0, 10249.1943359375
0:02:23.671496, 0.0, 0.0, 90.0, 0.0, 10249.6533203125
0:02:23.795650, 0.0, 0.0, 90.0, 0.0, 10250.4326171875
0:02:23.879948, 0.0, 0.0, 90.0, 0.0, 10250.9677734375
0:02:24.003301, 0.0, 0.0, 90.0, 0.0, 10251.740234375
0:02:24.089520, 0.0, 0.0, 90.0, 0.0, 10252.2802734375
0:02:24.198315, 0.0, 0.0, 90.0, 0.0, 10252.97265625
0:02:24.295181, 0.0, 0.0, 90.0, 0.0, 10253.576171875
0:02:24.404089, 0.0, 0.0, 90.0, 0.0, 10254.26171875
0:02:24.488281, 0.0, 0.0, 90.0, 0.0, 10254.7958984375
0:02:24.603947, 0.0, 0.0, 90.0, 0.0, 10255.525390625
0:02:24.683646, 0.0, 0.0, 90.0, 0.0, 10256.0224609375
0:02:24.800623, 0.0, 0.0, 90.0, 0.0, 10256.7578125
0:02:24.914180, 0.0, 0.0, 90.0, 0.0, 10257.4755859375
0:02:25.001146, 0.0, 0.0, 90.0, 0.0, 10258.0224609375
0:02:25.102762, 0.0, 0.0, 90.0, 0.0, 10258.6630859375
0:02:25.199080, 0.0, 0.0, 90.0, 0.0, 10259.2666015625
0:02:25.313679, 0.0, 0.0, 90.0, 0.0, 10259.98828125
0:02:25.399983, 0.0, 0.0, 90.0, 0.0, 10260.529296875
0:02:25.499052, 0.0, 0.0, 90.0, 0.0, 10261.1513671875
0:02:25.598095, 0.0, 0.0, 90.0, 0.0, 10261.7802734375
0:02:25.712657, 0.0, 0.0, 90.0, 0.0, 10262.4970703125
0:02:25.808104, 0.0, 0.0, 90.0, 0.0, 10263.099609375
0:02:25.902934, 0.0, 0.0, 90.0, 0.0, 10263.697265625
0:02:26.017482, 0.0, 0.0, 90.0, 0.0, 10264.4140625
0:02:26.123571, 0.0, 0.0, 90.0, 0.0, 10265.0810546875
0:02:26.207654, 0.0, 0.0, 90.0, 0.0, 10265.615234375
0:02:26.308443, 0.0, 0.0, 90.0, 0.0, 10266.244140625
0:02:26.418062, 0.0, 0.0, 90.0, 0.0, 10266.9365234375
0:02:26.532561, 0.0, 0.0, 90.0, 0.0, 10267.6591796875
0:02:26.617690, 0.0, 0.0, 90.0, 0.0, 10268.193359375
