0:00:00.083196: Player 0 connected. (Kiki)
0:00:15.756193: Player 1 connected. (Bloom)
1:37:18.178085: Player 0 disconnected. (Kiki)
1:37:18.178131: Player -1 left.
1:37:19.360085: Player 0 connected. (Bloom)
1:37:27.209282: Player 1 disconnected. (Bloom)
1:37:27.209325: Player -1 left.
1:37:28.099971: Player 1 connected. (Bloom)
1:52:15.001590: Teacher sent feedback: Check amplitude
1:52:27.799194: Teacher sent feedback: Check amplitude
1:52:30.708489: Teacher sent feedback: Check amplitude
1:52:46.540380: Teacher sent feedback: Snelheid
1:59:14.166234: Player 1 disconnected. (Bloom)
1:59:14.166280: Player -1 left.
1:59:18.847161: Player 1 connected. (Bloom)
1:59:20.289231: Player 0 disconnected. (Bloom)
1:59:20.289274: Player -1 left.
1:59:25.095219: Player 0 connected. (Bloom)
2:20:49.774985: Player 0 disconnected. (Bloom)
2:20:49.775025: Player -1 left.
2:20:55.470651: Player 0 connected. (Baba)
2:21:07.595759: Player 0 disconnected. (Baba)
2:21:07.595838: Player -1 left.
2:21:13.365900: Player 0 connected. (Baba)
2:22:22.983976: Teacher sent feedback: Speed of Range of Relatie
2:25:09.864072: Teacher sent feedback: Check amplitude
2:25:36.623195: Player 1 disconnected. (Bloom)
2:25:36.623269: Player -1 left.
