Time, Frequency, Amplitude, Offset, PhaseShift, Phase
0:00:00.079766, 0.0, 0.0, 90.0, 0.0, 120698.1328125
0:00:00.160211, 0.0, 0.0, 90.0, 0.0, 120698.640625
0:00:00.276108, 0.0, 0.0, 90.0, 0.0, 120699.3671875
0:00:00.366813, 0.0, 0.0, 90.0, 0.0, 120699.9375
0:00:00.484658, 0.0, 0.0, 90.0, 0.0, 120700.671875
0:00:00.578320, 0.0, 0.0, 90.0, 0.0, 120701.2578125
0:00:00.676072, 0.0, 0.0, 90.0, 0.0, 120701.8671875
0:00:00.761806, 0.0, 0.0, 90.0, 0.0, 120702.40625
0:00:00.875747, 0.0, 0.0, 90.0, 0.0, 120703.125
0:00:00.967248, 0.0, 0.0, 90.0, 0.0, 120703.7109375
0:00:01.065350, 0.0, 0.0, 90.0, 0.0, 120704.328125
0:00:01.186808, 0.0, 0.0, 90.0, 0.0, 120705.09375
0:00:01.268684, 0.0, 0.0, 90.0, 0.0, 120705.609375
0:00:01.386681, 0.0, 0.0, 90.0, 0.0, 120706.3515625
0:00:01.477942, 0.0, 0.0, 90.0, 0.0, 120706.9296875
0:00:01.591949, 0.0, 0.0, 90.0, 0.0, 120707.6484375
0:00:01.676446, 0.0, 0.0, 90.0, 0.0, 120708.1875
0:00:01.786809, 0.0, 0.0, 90.0, 0.0, 120708.875
0:00:01.875844, 0.0, 0.0, 90.0, 0.0, 120709.4296875
0:00:01.993845, 0.0, 0.0, 90.0, 0.0, 120710.1796875
0:00:02.081322, 0.0, 0.0, 90.0, 0.0, 120710.734375
0:00:02.186601, 0.0, 0.0, 90.0, 0.0, 120711.3984375
0:00:02.304535, 0.0, 0.0, 90.0, 0.0, 120712.140625
0:00:02.392148, 0.0, 0.0, 90.0, 0.0, 120712.6953125
0:00:02.506131, 0.0, 0.0, 90.0, 0.0, 120713.4140625
0:00:02.593813, 0.0, 0.0, 90.0, 0.0, 120713.96875
0:00:02.707809, 0.0, 0.0, 90.0, 0.0, 120714.6875
0:00:02.791340, 0.0, 0.0, 90.0, 0.0, 120715.21875
0:00:02.887559, 0.0, 0.0, 90.0, 0.0, 120715.8203125
0:00:03.005956, 0.0, 0.0, 90.0, 0.0, 120716.5625
0:00:03.098168, 0.0, 0.0, 90.0, 0.0, 120717.15625
0:00:03.206556, 0.0, 0.0, 90.0, 0.0, 120717.84375
0:00:03.299836, 0.0, 0.0, 90.0, 0.0, 120718.4296875
0:00:03.406216, 0.0, 0.0, 90.0, 0.0, 120719.09375
0:00:03.493837, 0.0, 0.0, 90.0, 0.0, 120719.6484375
0:00:03.609848, 0.0, 0.0, 90.0, 0.0, 120720.3828125
0:00:03.719020, 0.0, 0.0, 90.0, 0.0, 120721.0625
0:00:03.805729, 0.0, 0.0, 90.0, 0.0, 120721.609375
0:00:03.921698, 0.0, 0.0, 90.0, 0.0, 120722.3359375
0:00:04.003866, 0.0, 0.0, 90.0, 0.0, 120722.859375
0:00:04.111831, 0.0, 0.0, 90.0, 0.0, 120723.5390625
0:00:04.231881, 0.0, 0.0, 90.0, 0.0, 120724.2890625
0:00:04.338932, 0.0, 0.0, 90.0, 0.0, 120724.9609375
0:00:04.434782, 0.0, 0.0, 90.0, 0.0, 120725.5625
0:00:04.520015, 0.0, 0.0, 90.0, 0.0, 120726.109375
0:00:04.617780, 0.0, 0.0, 90.0, 0.0, 120726.71875
0:00:04.734891, 0.0, 0.0, 90.0, 0.0, 120727.4609375
0:00:04.843188, 0.0, 0.0, 90.0, 0.0, 120728.140625
0:00:04.928780, 0.0, 0.0, 90.0, 0.0, 120728.6640625
0:00:05.130738, 0.0, 0.0, 90.0, 0.0, 120729.9453125
0:00:05.248129, 0.0, 0.0, 90.0, 0.0, 120730.6796875
0:00:05.336667, 0.0, 0.0, 90.0, 0.0, 120731.234375
0:00:05.451747, 0.0, 0.0, 90.0, 0.0, 120731.9609375
0:00:05.539793, 0.0, 0.0, 90.0, 0.0, 120732.515625
0:00:05.638418, 0.0, 0.0, 90.0, 0.0, 120733.1328125
0:00:05.759596, 0.0, 0.0, 90.0, 0.0, 120733.890625
0:00:05.858182, 0.0, 0.0, 90.0, 0.0, 120734.515625
0:00:05.946752, 0.0, 0.0, 90.0, 0.0, 120735.0703125
0:00:06.047416, 0.0, 0.0, 90.0, 0.0, 120735.703125
0:00:06.138003, 0.0, 0.0, 90.0, 0.0, 120736.2734375
0:00:06.253944, 0.0, 0.0, 90.0, 0.0, 120737.0078125
0:00:06.367962, 0.0, 0.0, 90.0, 0.0, 120737.734375
0:00:06.452042, 0.0, 0.0, 90.0, 0.0, 120738.2578125
0:00:06.547753, 0.0, 0.0, 90.0, 0.0, 120738.859375
0:00:06.645420, 0.0, 0.0, 90.0, 0.0, 120739.4765625
0:00:06.761340, 0.0, 0.0, 90.0, 0.0, 120740.2109375
0:00:06.857938, 0.0, 0.0, 90.0, 0.0, 120740.8125
0:00:06.950563, 0.0, 0.0, 90.0, 0.0, 120741.3984375
0:00:07.064566, 0.0, 0.0, 90.0, 0.0, 120742.1171875
0:00:07.154209, 0.0, 0.0, 90.0, 0.0, 120742.6875
0:00:07.268250, 0.0, 0.0, 90.0, 0.0, 120743.40625
0:00:07.359792, 0.0, 0.0, 90.0, 0.0, 120743.9921875
0:00:07.458042, 0.0, 0.0, 90.0, 0.0, 120744.609375
0:00:07.558413, 0.0, 0.0, 90.0, 0.0, 120745.2421875
0:00:07.675630, 0.0, 0.0, 90.0, 0.0, 120745.984375
0:00:07.755426, 0.0, 0.0, 90.0, 0.0, 120746.4921875
0:00:07.862734, 0.0, 0.0, 90.0, 0.0, 120747.171875
0:00:07.961081, 0.0, 0.0, 90.0, 0.0, 120747.796875
0:00:08.059343, 0.0, 0.0, 90.0, 0.0, 120748.40625
0:00:08.164730, 0.0, 0.0, 90.0, 0.0, 120749.078125
0:00:08.277533, 0.0, 0.0, 90.0, 0.0, 120749.796875
0:00:08.372622, 0.0, 0.0, 90.0, 0.0, 120750.3984375
0:00:08.486048, 0.0, 0.0, 90.0, 0.0, 120751.1171875
0:00:08.566275, 0.0, 0.0, 90.0, 0.0, 120751.6171875
0:00:08.679014, 0.0, 0.0, 90.0, 0.0, 120752.3203125
0:00:08.772335, 0.0, 0.0, 90.0, 0.0, 120752.9140625
0:00:08.868295, 0.0, 0.0, 90.0, 0.0, 120753.515625
0:00:08.974389, 0.0, 0.0, 90.0, 0.0, 120754.1875
0:00:09.088651, 0.0, 0.0, 90.0, 0.0, 120754.9140625
0:00:09.186851, 0.0, 0.0, 90.0, 0.0, 120755.53125
0:00:09.294079, 0.0, 0.0, 90.0, 0.0, 120756.2109375
0:00:09.388927, 0.0, 0.0, 90.0, 0.0, 120756.8125
0:00:09.481943, 0.0, 0.0, 90.0, 0.0, 120757.40625
0:00:09.596194, 0.0, 0.0, 90.0, 0.0, 120758.1171875
0:00:09.679361, 0.0, 0.0, 90.0, 0.0, 120758.65625
0:00:09.779578, 0.0, 0.0, 90.0, 0.0, 120759.28125
0:00:09.897008, 0.0, 0.0, 90.0, 0.0, 120760.015625
0:00:10.006963, 0.0, 0.0, 90.0, 0.0, 120760.71875
0:00:10.095566, 0.0, 0.0, 90.0, 0.0, 120761.28125
0:00:10.185155, 0.0, 0.0, 90.0, 0.0, 120761.84375
0:00:10.300112, 0.0, 0.0, 90.0, 0.0, 120762.5703125
0:00:10.413091, 0.0, 0.0, 90.0, 0.0, 120763.28125
0:00:10.510270, 0.0, 0.0, 90.0, 0.0, 120763.890625
0:00:10.609270, 0.0, 0.0, 90.0, 0.0, 120764.515625
0:00:10.706873, 0.0, 0.0, 90.0, 0.0, 120765.1328125
0:00:10.819397, 0.0, 0.0, 90.0, 0.0, 120765.8359375
0:00:10.901554, 0.0, 0.0, 90.0, 0.0, 120766.3671875
0:00:10.996826, 0.0, 0.0, 90.0, 0.0, 120766.9765625
0:00:11.104952, 0.0, 0.0, 90.0, 0.0, 120767.65625
0:00:11.203163, 0.0, 0.0, 90.0, 0.0, 120768.2734375
0:00:11.329152, 0.0, 0.0, 90.0, 0.0, 120769.0625
0:00:11.417241, 0.0, 0.0, 90.0, 0.0, 120769.609375
0:00:11.517545, 0.0, 0.0, 90.0, 0.0, 120770.2421875
0:00:11.624948, 0.0, 0.0, 90.0, 0.0, 120770.921875
0:00:11.710173, 0.0, 0.0, 90.0, 0.0, 120771.4609375
0:00:11.831283, 0.0, 0.0, 90.0, 0.0, 120772.21875
0:00:11.930282, 0.0, 0.0, 90.0, 0.0, 120772.8359375
0:00:12.023717, 0.0, 0.0, 90.0, 0.0, 120773.421875
0:00:12.139057, 0.0, 0.0, 90.0, 0.0, 120774.140625
0:00:12.223325, 0.0, 0.0, 90.0, 0.0, 120774.671875
0:00:12.320751, 0.0, 0.0, 90.0, 0.0, 120775.2890625
0:00:12.420260, 0.0, 0.0, 90.0, 0.0, 120775.9140625
0:00:12.533556, 0.0, 0.0, 90.0, 0.0, 120776.625
0:00:12.644456, 0.0, 0.0, 90.0, 0.0, 120777.3203125
0:00:12.740075, 0.0, 0.0, 90.0, 0.0, 120777.9296875
0:00:12.840301, 0.0, 0.0, 90.0, 0.0, 120778.5625
0:00:12.925588, 0.0, 0.0, 90.0, 0.0, 120779.1015625
0:00:13.032886, 0.0, 0.0, 90.0, 0.0, 120779.78125
0:00:13.143705, 0.0, 0.0, 90.0, 0.0, 120780.46875
0:00:13.230215, 0.0, 0.0, 90.0, 0.0, 120781.015625
0:00:13.351736, 0.0, 0.0, 90.0, 0.0, 120781.7890625
0:00:13.432293, 0.0, 0.0, 90.0, 0.0, 120782.296875
0:00:13.547351, 0.0, 0.0, 90.0, 0.0, 120783.015625
0:00:13.662660, 0.0, 0.0, 90.0, 0.0, 120783.734375
0:00:13.760310, 0.0, 0.0, 90.0, 0.0, 120784.3515625
0:00:13.842763, 0.0, 0.0, 90.0, 0.0, 120784.875
0:00:13.964867, 0.0, 0.0, 90.0, 0.0, 120785.6484375
0:00:14.061812, 0.0, 0.0, 90.0, 0.0, 120786.265625
0:00:14.152905, 0.0, 0.0, 90.0, 0.0, 120786.8359375
0:00:14.270841, 0.0, 0.0, 90.0, 0.0, 120787.5703125
0:00:14.348810, 0.0, 0.0, 90.0, 0.0, 120788.0625
0:00:14.462346, 0.0, 0.0, 90.0, 0.0, 120788.7734375
0:00:14.550667, 0.0, 0.0, 90.0, 0.0, 120789.328125
0:00:14.664804, 0.0, 0.0, 90.0, 0.0, 120790.046875
0:00:14.775647, 0.0, 0.0, 90.0, 0.0, 120790.7421875
0:00:14.862094, 0.0, 0.0, 90.0, 0.0, 120791.2890625
0:00:14.962093, 0.0, 0.0, 90.0, 0.0, 120791.9140625
0:00:15.057496, 0.0, 0.0, 90.0, 0.0, 120792.5234375
0:00:15.175804, 0.0, 0.0, 90.0, 0.0, 120793.2578125
0:00:15.261999, 0.0, 0.0, 90.0, 0.0, 120793.8046875
0:00:15.387972, 0.0, 0.0, 90.0, 0.0, 120794.6015625
0:00:15.473405, 0.0, 0.0, 90.0, 0.0, 120795.140625
0:00:15.585497, 0.0, 0.0, 90.0, 0.0, 120795.84375
0:00:15.681729, 0.0, 0.0, 90.0, 0.0, 120796.453125
0:00:15.773358, 0.0, 0.0, 90.0, 0.0, 120797.03125
0:00:15.886348, 0.0, 0.0, 90.0, 0.0, 120797.7421875
0:00:15.983618, 0.0, 0.0, 90.0, 0.0, 120798.3515625
0:00:16.081670, 0.0, 0.0, 90.0, 0.0, 120798.96875
0:00:16.184378, 0.0, 0.0, 90.0, 0.0, 120799.609375
0:00:16.302043, 0.0, 0.0, 90.0, 0.0, 120800.3515625
0:00:16.390922, 0.0, 0.0, 90.0, 0.0, 120800.9140625
0:00:16.504988, 0.0, 0.0, 90.0, 0.0, 120801.6328125
0:00:16.590186, 0.0, 0.0, 90.0, 0.0, 120802.171875
0:00:16.703571, 0.0, 0.0, 90.0, 0.0, 120802.890625
0:00:16.812276, 0.0, 0.0, 90.0, 0.0, 120803.5703125
0:00:16.911171, 0.0, 0.0, 90.0, 0.0, 120804.203125
0:00:17.006129, 0.0, 0.0, 90.0, 0.0, 120804.796875
0:00:17.101633, 0.0, 0.0, 90.0, 0.0, 120805.3984375
0:00:17.213595, 0.0, 0.0, 90.0, 0.0, 120806.109375
0:00:17.301252, 0.0, 0.0, 90.0, 0.0, 120806.65625
0:00:17.415227, 0.0, 0.0, 90.0, 0.0, 120807.3828125
0:00:17.502833, 0.0, 0.0, 90.0, 0.0, 120807.9296875
0:00:17.602481, 0.0, 0.0, 90.0, 0.0, 120808.5625
0:00:17.701965, 0.0, 0.0, 90.0, 0.0, 120809.1875
0:00:17.823423, 0.0, 0.0, 90.0, 0.0, 120809.9609375
0:00:17.922111, 0.0, 0.0, 90.0, 0.0, 120810.578125
0:00:18.014230, 0.0, 0.0, 90.0, 0.0, 120811.1640625
0:00:18.125872, 0.0, 0.0, 90.0, 0.0, 120811.8671875
0:00:18.213429, 0.0, 0.0, 90.0, 0.0, 120812.4140625
0:00:18.304479, 0.0, 0.0, 90.0, 0.0, 120812.9765625
0:00:18.418242, 0.0, 0.0, 90.0, 0.0, 120813.6875
0:00:18.519796, 0.0, 0.0, 90.0, 0.0, 120814.328125
0:00:18.636928, 0.0, 0.0, 90.0, 0.0, 120815.0703125
0:00:18.722288, 0.0, 0.0, 90.0, 0.0, 120815.6171875
0:00:18.817676, 0.0, 0.0, 90.0, 0.0, 120816.21875
0:00:18.914887, 0.0, 0.0, 90.0, 0.0, 120816.8359375
0:00:19.037900, 0.0, 0.0, 90.0, 0.0, 120817.6171875
0:00:19.144171, 0.0, 0.0, 90.0, 0.0, 120818.2890625
0:00:19.240630, 0.0, 0.0, 90.0, 0.0, 120818.90625
0:00:19.335695, 0.0, 0.0, 90.0, 0.0, 120819.5
0:00:19.431257, 0.0, 0.0, 90.0, 0.0, 120820.109375
0:00:19.537649, 0.0, 0.0, 90.0, 0.0, 120820.7890625
0:00:19.633713, 0.0, 0.0, 90.0, 0.0, 120821.390625
0:00:19.732173, 0.0, 0.0, 90.0, 0.0, 120822.0078125
0:00:19.832924, 0.0, 0.0, 90.0, 0.0, 120822.640625
0:00:19.953280, 0.0, 0.0, 90.0, 0.0, 120823.390625
0:00:20.053742, 0.0, 0.0, 90.0, 0.0, 120824.0234375
0:00:20.144699, 0.0, 0.0, 90.0, 0.0, 120824.59375
0:00:20.246138, 0.0, 0.0, 90.0, 0.0, 120825.2265625
0:00:20.358401, 0.0, 0.0, 90.0, 0.0, 120825.9375
0:00:20.455748, 0.0, 0.0, 90.0, 0.0, 120826.5546875
0:00:20.553557, 0.0, 0.0, 90.0, 0.0, 120827.171875
0:00:20.640804, 0.0, 0.0, 90.0, 0.0, 120827.71875
0:00:20.758676, 0.0, 0.0, 90.0, 0.0, 120828.453125
0:00:20.851358, 0.0, 0.0, 90.0, 0.0, 120829.0390625
0:00:20.966193, 0.0, 0.0, 90.0, 0.0, 120829.765625
0:00:21.054595, 0.0, 0.0, 90.0, 0.0, 120830.3203125
0:00:21.149313, 0.0, 0.0, 90.0, 0.0, 120830.9140625
0:00:21.263710, 0.0, 0.0, 90.0, 0.0, 120831.6328125
0:00:21.356129, 0.0, 0.0, 90.0, 0.0, 120832.21875
0:00:21.468985, 0.0, 0.0, 90.0, 0.0, 120832.9375
0:00:21.565535, 0.0, 0.0, 90.0, 0.0, 120833.546875
0:00:21.664680, 0.0, 0.0, 90.0, 0.0, 120834.1640625
0:00:21.761760, 0.0, 0.0, 90.0, 0.0, 120834.7734375
0:00:21.879929, 0.0, 0.0, 90.0, 0.0, 120835.515625
0:00:21.959598, 0.0, 0.0, 90.0, 0.0, 120836.0234375
0:00:22.073451, 0.0, 0.0, 90.0, 0.0, 120836.7421875
0:00:22.161400, 0.0, 0.0, 90.0, 0.0, 120837.296875
0:00:22.267392, 0.0, 0.0, 90.0, 0.0, 120837.96875
0:00:22.381379, 0.0, 0.0, 90.0, 0.0, 120838.6875
0:00:22.464937, 0.0, 0.0, 90.0, 0.0, 120839.21875
0:00:22.591806, 0.0, 0.0, 90.0, 0.0, 120840.0234375
0:00:22.677034, 0.0, 0.0, 90.0, 0.0, 120840.5625
0:00:22.791350, 0.0, 0.0, 90.0, 0.0, 120841.28125
0:00:22.877553, 0.0, 0.0, 90.0, 0.0, 120841.828125
0:00:22.973226, 0.0, 0.0, 90.0, 0.0, 120842.4375
0:00:23.102676, 0.0, 0.0, 90.0, 0.0, 120843.2578125
0:00:23.187926, 0.0, 0.0, 90.0, 0.0, 120843.8046875
0:00:23.304187, 0.0, 0.0, 90.0, 0.0, 120844.5390625
0:00:23.385847, 0.0, 0.0, 90.0, 0.0, 120845.0546875
0:00:23.494171, 0.0, 0.0, 90.0, 0.0, 120845.734375
0:00:23.595445, 0.0, 0.0, 90.0, 0.0, 120846.375
0:00:23.697970, 0.0, 0.0, 90.0, 0.0, 120847.0234375
0:00:23.795632, 0.0, 0.0, 90.0, 0.0, 120847.640625
0:00:23.895734, 0.0, 0.0, 90.0, 0.0, 120848.2734375
0:00:24.016296, 0.0, 0.0, 90.0, 0.0, 120849.03125
0:00:24.115691, 0.0, 0.0, 90.0, 0.0, 120849.65625
0:00:24.210846, 0.0, 0.0, 90.0, 0.0, 120850.2578125
0:00:24.296387, 0.0, 0.0, 90.0, 0.0, 120850.796875
0:00:24.407833, 0.0, 0.0, 90.0, 0.0, 120851.5078125
0:00:24.501509, 0.0, 0.0, 90.0, 0.0, 120852.1015625
0:00:24.615730, 0.0, 0.0, 90.0, 0.0, 120852.8125
0:00:24.706632, 0.0, 0.0, 90.0, 0.0, 120853.3828125
0:00:24.822300, 0.0, 0.0, 90.0, 0.0, 120854.109375
0:00:24.915777, 0.0, 0.0, 90.0, 0.0, 120854.703125
0:00:25.008954, 0.0, 0.0, 90.0, 0.0, 120855.2890625
0:00:25.118033, 0.0, 0.0, 90.0, 0.0, 120855.96875
0:00:25.204795, 0.0, 0.0, 90.0, 0.0, 120856.515625
0:00:25.331800, 0.0, 0.0, 90.0, 0.0, 120857.3125
0:00:25.418424, 0.0, 0.0, 90.0, 0.0, 120857.8515625
0:00:25.527593, 0.0, 0.0, 90.0, 0.0, 120858.5390625
0:00:25.612028, 0.0, 0.0, 90.0, 0.0, 120859.0703125
0:00:25.719361, 0.0, 0.0, 90.0, 0.0, 120859.7578125
0:00:25.815066, 0.0, 0.0, 90.0, 0.0, 120860.359375
0:00:25.929444, 0.0, 0.0, 90.0, 0.0, 120861.078125
0:00:26.026981, 0.0, 0.0, 90.0, 0.0, 120861.6953125
0:00:26.128549, 0.0, 0.0, 90.0, 0.0, 120862.328125
0:00:26.225922, 0.0, 0.0, 90.0, 0.0, 120862.9453125
0:00:26.347601, 0.0, 0.0, 90.0, 0.0, 120863.7109375
0:00:26.417381, 0.0, 0.0, 90.0, 0.0, 120864.15625
0:00:26.545888, 0.0, 0.0, 90.0, 0.0, 120864.9609375
0:00:26.623349, 0.0, 0.0, 90.0, 0.0, 120865.453125
0:00:26.736342, 0.0, 0.0, 90.0, 0.0, 120866.171875
0:00:26.846218, 0.0, 0.0, 90.0, 0.0, 120866.8671875
0:00:26.936675, 0.0, 0.0, 90.0, 0.0, 120867.4375
0:00:27.055895, 0.0, 0.0, 90.0, 0.0, 120868.1875
0:00:27.156464, 0.0, 0.0, 90.0, 0.0, 120868.8203125
0:00:27.255763, 0.0, 0.0, 90.0, 0.0, 120869.453125
0:00:27.348464, 0.0, 0.0, 90.0, 0.0, 120870.0390625
0:00:27.456775, 0.0, 0.0, 90.0, 0.0, 120870.71875
0:00:27.555478, 0.0, 0.0, 90.0, 0.0, 120871.3359375
0:00:27.654877, 0.0, 0.0, 90.0, 0.0, 120871.96875
0:00:27.740370, 0.0, 0.0, 90.0, 0.0, 120872.5078125
0:00:27.861186, 0.0, 0.0, 90.0, 0.0, 120873.2734375
0:00:27.955840, 0.0, 0.0, 90.0, 0.0, 120873.8671875
0:00:28.071106, 0.0, 0.0, 90.0, 0.0, 120874.6015625
0:00:28.163546, 0.0, 0.0, 90.0, 0.0, 120875.1796875
0:00:28.249079, 0.0, 0.0, 90.0, 0.0, 120875.71875
0:00:28.358488, 0.0, 0.0, 90.0, 0.0, 120876.40625
0:00:28.467973, 0.0, 0.0, 90.0, 0.0, 120877.09375
0:00:28.555271, 0.0, 0.0, 90.0, 0.0, 120877.640625
0:00:28.655959, 0.0, 0.0, 90.0, 0.0, 120878.2734375
0:00:28.778874, 0.0, 0.0, 90.0, 0.0, 120879.046875
0:00:28.874949, 0.0, 0.0, 90.0, 0.0, 120879.65625
0:00:28.961693, 0.0, 0.0, 90.0, 0.0, 120880.2109375
0:00:29.059641, 0.0, 0.0, 90.0, 0.0, 120880.828125
0:00:29.185625, 0.0, 0.0, 90.0, 0.0, 120881.625
0:00:29.279329, 0.0, 0.0, 90.0, 0.0, 120882.2109375
0:00:29.377108, 0.0, 0.0, 90.0, 0.0, 120882.8203125
0:00:29.489353, 0.0, 0.0, 90.0, 0.0, 120883.5234375
0:00:29.588943, 0.0, 0.0, 90.0, 0.0, 120884.1484375
0:00:29.685865, 0.0, 0.0, 90.0, 0.0, 120884.7578125
0:00:29.785313, 0.0, 0.0, 90.0, 0.0, 120885.3828125
0:00:29.889476, 0.0, 0.0, 90.0, 0.0, 120886.0390625
0:00:29.977021, 0.0, 0.0, 90.0, 0.0, 120886.5859375
0:00:30.098099, 0.0, 0.0, 90.0, 0.0, 120887.34375
0:00:30.196987, 0.0, 0.0, 90.0, 0.0, 120887.96875
0:00:30.288738, 0.0, 0.0, 90.0, 0.0, 120888.5546875
0:00:30.404039, 0.0, 0.0, 90.0, 0.0, 120889.28125
0:00:30.488248, 0.0, 0.0, 90.0, 0.0, 120889.8046875
0:00:30.600559, 0.0, 0.0, 90.0, 0.0, 120890.5078125
0:00:30.687912, 0.0, 0.0, 90.0, 0.0, 120891.0546875
0:00:30.806757, 0.0, 0.0, 90.0, 0.0, 120891.8125
0:00:30.896229, 0.0, 0.0, 90.0, 0.0, 120892.375
0:00:31.011386, 0.0, 0.0, 90.0, 0.0, 120893.1015625
0:00:31.107922, 0.0, 0.0, 90.0, 0.0, 120893.7109375
0:00:31.208724, 0.0, 0.0, 90.0, 0.0, 120894.3515625
0:00:31.308259, 0.0, 0.0, 90.0, 0.0, 120894.96875
0:00:31.407679, 0.0, 0.0, 90.0, 0.0, 120895.6015625
0:00:31.497231, 0.0, 0.0, 90.0, 0.0, 120896.15625
0:00:31.610210, 0.0, 0.0, 90.0, 0.0, 120896.875
0:00:31.694623, 0.0, 0.0, 90.0, 0.0, 120897.4140625
0:00:31.799960, 0.0, 0.0, 90.0, 0.0, 120898.078125
0:00:31.909253, 0.0, 0.0, 90.0, 0.0, 120898.765625
0:00:32.005419, 0.0, 0.0, 90.0, 0.0, 120899.3671875
0:00:32.105424, 0.0, 0.0, 90.0, 0.0, 120900.0
0:00:32.219455, 0.0, 0.0, 90.0, 0.0, 120900.71875
0:00:32.325637, 0.0, 0.0, 90.0, 0.0, 120901.390625
0:00:32.414244, 0.0, 0.0, 90.0, 0.0, 120901.9375
0:00:32.528280, 0.0, 0.0, 90.0, 0.0, 120902.6640625
0:00:32.628223, 0.0, 0.0, 90.0, 0.0, 120903.2890625
0:00:32.727063, 0.0, 0.0, 90.0, 0.0, 120903.9140625
0:00:32.812386, 0.0, 0.0, 90.0, 0.0, 120904.453125
0:00:32.933484, 0.0, 0.0, 90.0, 0.0, 120905.2109375
0:00:33.027222, 0.0, 0.0, 90.0, 0.0, 120905.8046875
0:00:33.114586, 0.0, 0.0, 90.0, 0.0, 120906.3515625
0:00:33.229309, 0.0, 0.0, 90.0, 0.0, 120907.078125
0:00:33.320287, 0.0, 0.0, 90.0, 0.0, 120907.65625
0:00:33.433316, 0.0, 0.0, 90.0, 0.0, 120908.375
0:00:33.525561, 0.0, 0.0, 90.0, 0.0, 120908.9609375
0:00:33.639473, 0.0, 0.0, 90.0, 0.0, 120909.6875
0:00:33.727015, 0.0, 0.0, 90.0, 0.0, 120910.234375
0:00:33.809942, 0.0, 0.0, 90.0, 0.0, 120910.7578125
0:00:33.921869, 0.0, 0.0, 90.0, 0.0, 120911.4609375
0:00:34.037798, 0.0, 0.0, 90.0, 0.0, 120912.1953125
0:00:34.134387, 0.0, 0.0, 90.0, 0.0, 120912.796875
0:00:34.219990, 0.0, 0.0, 90.0, 0.0, 120913.3359375
0:00:34.340392, 0.0, 0.0, 90.0, 0.0, 120914.0859375
0:00:34.447824, 0.0, 0.0, 90.0, 0.0, 120914.7734375
0:00:34.545727, 0.0, 0.0, 90.0, 0.0, 120915.390625
0:00:34.625694, 0.0, 0.0, 90.0, 0.0, 120915.890625
0:00:34.738476, 0.0, 0.0, 90.0, 0.0, 120916.6015625
0:00:34.836300, 0.0, 0.0, 90.0, 0.0, 120917.21875
0:00:34.948779, 0.0, 0.0, 90.0, 0.0, 120917.9140625
0:00:35.034622, 0.0, 0.0, 90.0, 0.0, 120918.453125
0:00:35.154128, 0.0, 0.0, 90.0, 0.0, 120919.203125
0:00:35.250449, 0.0, 0.0, 90.0, 0.0, 120919.8125
0:00:35.343182, 0.0, 0.0, 90.0, 0.0, 120920.390625
0:00:35.439309, 0.0, 0.0, 90.0, 0.0, 120921.0
0:00:35.558796, 0.0, 0.0, 90.0, 0.0, 120921.7421875
0:00:35.644037, 0.0, 0.0, 90.0, 0.0, 120922.28125
0:00:35.757006, 0.0, 0.0, 90.0, 0.0, 120923.0
0:00:35.865238, 0.0, 0.0, 90.0, 0.0, 120923.6875
0:00:35.951741, 0.0, 0.0, 90.0, 0.0, 120924.2265625
0:00:36.066686, 0.0, 0.0, 90.0, 0.0, 120924.9453125
0:00:36.154696, 0.0, 0.0, 90.0, 0.0, 120925.5078125
0:00:36.277251, 0.0, 0.0, 90.0, 0.0, 120926.2734375
0:00:36.361485, 0.0, 0.0, 90.0, 0.0, 120926.8125
0:00:36.455802, 0.0, 0.0, 90.0, 0.0, 120927.4140625
0:00:36.562887, 0.0, 0.0, 90.0, 0.0, 120928.0859375
0:00:36.675954, 0.0, 0.0, 90.0, 0.0, 120928.796875
0:00:36.761902, 0.0, 0.0, 90.0, 0.0, 120929.34375
0:00:36.856115, 0.0, 0.0, 90.0, 0.0, 120929.9453125
0:00:36.964852, 0.0, 0.0, 90.0, 0.0, 120930.6171875
0:00:37.079467, 0.0, 0.0, 90.0, 0.0, 120931.3359375
0:00:37.165023, 0.0, 0.0, 90.0, 0.0, 120931.875
0:00:37.281377, 0.0, 0.0, 90.0, 0.0, 120932.6015625
0:00:37.378696, 0.0, 0.0, 90.0, 0.0, 120933.21875
0:00:37.471784, 0.0, 0.0, 90.0, 0.0, 120933.8046875
0:00:37.585647, 0.0, 0.0, 90.0, 0.0, 120934.5234375
0:00:37.671679, 0.0, 0.0, 90.0, 0.0, 120935.0625
0:00:37.797316, 0.0, 0.0, 90.0, 0.0, 120935.859375
0:00:37.874451, 0.0, 0.0, 90.0, 0.0, 120936.34375
0:00:37.982432, 0.0, 0.0, 90.0, 0.0, 120937.0234375
0:00:38.092814, 0.0, 0.0, 90.0, 0.0, 120937.7109375
0:00:38.181338, 0.0, 0.0, 90.0, 0.0, 120938.265625
0:00:38.295337, 0.0, 0.0, 90.0, 0.0, 120938.984375
0:00:38.383778, 0.0, 0.0, 90.0, 0.0, 120939.5390625
0:00:38.491849, 0.0, 0.0, 90.0, 0.0, 120940.2265625
0:00:38.600089, 0.0, 0.0, 90.0, 0.0, 120940.9140625
0:00:38.697912, 0.0, 0.0, 90.0, 0.0, 120941.53125
0:00:38.809371, 0.0, 0.0, 90.0, 0.0, 120942.234375
0:00:38.896635, 0.0, 0.0, 90.0, 0.0, 120942.7890625
0:00:39.004791, 0.0, 0.0, 90.0, 0.0, 120943.46875
0:00:39.091413, 0.0, 0.0, 90.0, 0.0, 120944.015625
0:00:39.207326, 0.0, 0.0, 90.0, 0.0, 120944.7421875
0:00:39.293033, 0.0, 0.0, 90.0, 0.0, 120945.28125
0:00:39.394841, 0.0, 0.0, 90.0, 0.0, 120945.921875
0:00:39.489142, 0.0, 0.0, 90.0, 0.0, 120946.5234375
0:00:39.591423, 0.0, 0.0, 90.0, 0.0, 120947.171875
0:00:39.689767, 0.0, 0.0, 90.0, 0.0, 120947.7890625
0:00:39.819994, 0.0, 0.0, 90.0, 0.0, 120948.6015625
0:00:39.904799, 0.0, 0.0, 90.0, 0.0, 120949.140625
0:00:40.012755, 0.0, 0.0, 90.0, 0.0, 120949.8203125
0:00:40.124716, 0.0, 0.0, 90.0, 0.0, 120950.5234375
0:00:40.220549, 0.0, 0.0, 90.0, 0.0, 120951.1328125
0:00:40.331586, 0.0, 0.0, 90.0, 0.0, 120951.828125
0:00:40.412481, 0.0, 0.0, 90.0, 0.0, 120952.3359375
0:00:40.528668, 0.0, 0.0, 90.0, 0.0, 120953.0625
0:00:40.614149, 0.0, 0.0, 90.0, 0.0, 120953.609375
0:00:40.722174, 0.0, 0.0, 90.0, 0.0, 120954.2890625
0:00:40.820033, 0.0, 0.0, 90.0, 0.0, 120954.9140625
0:00:40.941591, 0.0, 0.0, 90.0, 0.0, 120955.6796875
0:00:41.040503, 0.0, 0.0, 90.0, 0.0, 120956.296875
0:00:41.140860, 0.0, 0.0, 90.0, 0.0, 120956.9375
0:00:41.225772, 0.0, 0.0, 90.0, 0.0, 120957.46875
0:00:41.340608, 0.0, 0.0, 90.0, 0.0, 120958.1875
0:00:41.448166, 0.0, 0.0, 90.0, 0.0, 120958.8671875
0:00:41.532763, 0.0, 0.0, 90.0, 0.0, 120959.3984375
0:00:41.627959, 0.0, 0.0, 90.0, 0.0, 120960.0078125
0:00:41.744002, 0.0, 0.0, 90.0, 0.0, 120960.75
0:00:41.842142, 0.0, 0.0, 90.0, 0.0, 120961.3671875
0:00:41.951169, 0.0, 0.0, 90.0, 0.0, 120962.046875
0:00:42.035979, 0.0, 0.0, 90.0, 0.0, 120962.5859375
0:00:42.143068, 0.0, 0.0, 90.0, 0.0, 120963.2578125
0:00:42.231567, 0.0, 0.0, 90.0, 0.0, 120963.8046875
0:00:42.353349, 0.0, 0.0, 90.0, 0.0, 120964.578125
0:00:42.446706, 0.0, 0.0, 90.0, 0.0, 120965.171875
0:00:42.558714, 0.0, 0.0, 90.0, 0.0, 120965.875
0:00:42.646433, 0.0, 0.0, 90.0, 0.0, 120966.4296875
0:00:42.742321, 0.0, 0.0, 90.0, 0.0, 120967.03125
0:00:42.863615, 0.0, 0.0, 90.0, 0.0, 120967.7890625
0:00:42.962922, 0.0, 0.0, 90.0, 0.0, 120968.421875
0:00:43.065155, 0.0, 0.0, 90.0, 0.0, 120969.0625
0:00:43.172992, 0.0, 0.0, 90.0, 0.0, 120969.7421875
0:00:43.261225, 0.0, 0.0, 90.0, 0.0, 120970.3046875
0:00:43.372909, 0.0, 0.0, 90.0, 0.0, 120971.0078125
0:00:43.465792, 0.0, 0.0, 90.0, 0.0, 120971.5859375
0:00:43.551049, 0.0, 0.0, 90.0, 0.0, 120972.1328125
0:00:43.681466, 0.0, 0.0, 90.0, 0.0, 120972.9453125
0:00:43.765844, 0.0, 0.0, 90.0, 0.0, 120973.484375
0:00:43.874799, 0.0, 0.0, 90.0, 0.0, 120974.1640625
0:00:43.972680, 0.0, 0.0, 90.0, 0.0, 120974.7890625
0:00:44.082222, 0.0, 0.0, 90.0, 0.0, 120975.4921875
0:00:44.193104, 0.0, 0.0, 90.0, 0.0, 120976.1796875
0:00:44.293303, 0.0, 0.0, 90.0, 0.0, 120976.8125
0:00:44.385766, 0.0, 0.0, 90.0, 0.0, 120977.3984375
0:00:44.472750, 0.0, 0.0, 90.0, 0.0, 120977.953125
0:00:44.575823, 0.0, 0.0, 90.0, 0.0, 120978.609375
0:00:44.673490, 0.0, 0.0, 90.0, 0.0, 120979.21875
0:00:44.773649, 0.0, 0.0, 90.0, 0.0, 120979.8515625
0:00:44.895695, 0.0, 0.0, 90.0, 0.0, 120980.609375
0:00:44.982447, 0.0, 0.0, 90.0, 0.0, 120981.15625
0:00:45.082177, 0.0, 0.0, 90.0, 0.0, 120981.7890625
0:00:45.204425, 0.0, 0.0, 90.0, 0.0, 120982.5546875
0:00:45.303148, 0.0, 0.0, 90.0, 0.0, 120983.171875
0:00:45.395034, 0.0, 0.0, 90.0, 0.0, 120983.75
0:00:45.482436, 0.0, 0.0, 90.0, 0.0, 120984.2890625
0:00:45.595383, 0.0, 0.0, 90.0, 0.0, 120985.0078125
0:00:45.710779, 0.0, 0.0, 90.0, 0.0, 120985.734375
0:00:45.796090, 0.0, 0.0, 90.0, 0.0, 120986.28125
0:00:45.909075, 0.0, 0.0, 90.0, 0.0, 120986.9921875
0:00:45.994903, 0.0, 0.0, 90.0, 0.0, 120987.53125
0:00:46.104092, 0.0, 0.0, 90.0, 0.0, 120988.21875
0:00:46.195424, 0.0, 0.0, 90.0, 0.0, 120988.796875
0:00:46.309149, 0.0, 0.0, 90.0, 0.0, 120989.5234375
0:00:46.423039, 0.0, 0.0, 90.0, 0.0, 120990.2421875
0:00:46.524413, 0.0, 0.0, 90.0, 0.0, 120990.875
0:00:46.623775, 0.0, 0.0, 90.0, 0.0, 120991.5
0:00:46.724113, 0.0, 0.0, 90.0, 0.0, 120992.125
0:00:46.824166, 0.0, 0.0, 90.0, 0.0, 120992.75
0:00:46.922845, 0.0, 0.0, 90.0, 0.0, 120993.3828125
0:00:47.015655, 0.0, 0.0, 90.0, 0.0, 120993.96875
0:00:47.103192, 0.0, 0.0, 90.0, 0.0, 120994.5234375
0:00:47.218271, 0.0, 0.0, 90.0, 0.0, 120995.2578125
0:00:47.333255, 0.0, 0.0, 90.0, 0.0, 120995.984375
0:00:47.420893, 0.0, 0.0, 90.0, 0.0, 120996.5390625
0:00:47.535188, 0.0, 0.0, 90.0, 0.0, 120997.265625
0:00:47.633121, 0.0, 0.0, 90.0, 0.0, 120997.8828125
0:00:47.733264, 0.0, 0.0, 90.0, 0.0, 120998.515625
0:00:47.827140, 0.0, 0.0, 90.0, 0.0, 120999.1015625
0:00:47.935725, 0.0, 0.0, 90.0, 0.0, 120999.78125
0:00:48.034497, 0.0, 0.0, 90.0, 0.0, 121000.3984375
0:00:48.134367, 0.0, 0.0, 90.0, 0.0, 121001.0234375
0:00:48.223096, 0.0, 0.0, 90.0, 0.0, 121001.578125
0:00:48.334386, 0.0, 0.0, 90.0, 0.0, 121002.2734375
0:00:48.433079, 0.0, 0.0, 90.0, 0.0, 121002.890625
0:00:48.526082, 0.0, 0.0, 90.0, 0.0, 121003.4765625
0:00:48.641117, 0.0, 0.0, 90.0, 0.0, 121004.203125
0:00:48.749890, 0.0, 0.0, 90.0, 0.0, 121004.890625
0:00:48.846755, 0.0, 0.0, 90.0, 0.0, 121005.5
0:00:48.944147, 0.0, 0.0, 90.0, 0.0, 121006.1171875
0:00:49.035770, 0.0, 0.0, 90.0, 0.0, 121006.6953125
0:00:49.147609, 0.0, 0.0, 90.0, 0.0, 121007.3984375
0:00:49.243135, 0.0, 0.0, 90.0, 0.0, 121008.0
0:00:49.342932, 0.0, 0.0, 90.0, 0.0, 121008.6328125
0:00:49.449013, 0.0, 0.0, 90.0, 0.0, 121009.3125
0:00:49.535787, 0.0, 0.0, 90.0, 0.0, 121009.859375
0:00:49.647649, 0.0, 0.0, 90.0, 0.0, 121010.5625
0:00:49.743681, 0.0, 0.0, 90.0, 0.0, 121011.171875
0:00:49.856314, 0.0, 0.0, 90.0, 0.0, 121011.890625
0:00:49.945822, 0.0, 0.0, 90.0, 0.0, 121012.453125
0:00:50.057918, 0.0, 0.0, 90.0, 0.0, 121013.15625
0:00:50.164250, 0.0, 0.0, 90.0, 0.0, 121013.828125
0:00:50.251821, 0.0, 0.0, 90.0, 0.0, 121014.375
0:00:50.363702, 0.0, 0.0, 90.0, 0.0, 121015.078125
0:00:50.452255, 0.0, 0.0, 90.0, 0.0, 121015.640625
0:00:50.568217, 0.0, 0.0, 90.0, 0.0, 121016.3671875
0:00:50.664713, 0.0, 0.0, 90.0, 0.0, 121016.9765625
0:00:50.750253, 0.0, 0.0, 90.0, 0.0, 121017.515625
0:00:50.864502, 0.0, 0.0, 90.0, 0.0, 121018.234375
0:00:50.954876, 0.0, 0.0, 90.0, 0.0, 121018.8046875
0:00:51.065029, 0.0, 0.0, 90.0, 0.0, 121019.5
0:00:51.175358, 0.0, 0.0, 90.0, 0.0, 121020.1875
0:00:51.275772, 0.0, 0.0, 90.0, 0.0, 121020.8203125
0:00:51.374318, 0.0, 0.0, 90.0, 0.0, 121021.4375
0:00:51.476496, 0.0, 0.0, 90.0, 0.0, 121022.078125
0:00:51.569788, 0.0, 0.0, 90.0, 0.0, 121022.6640625
0:00:51.684440, 0.0, 0.0, 90.0, 0.0, 121023.390625
0:00:51.782358, 0.0, 0.0, 90.0, 0.0, 121024.0078125
0:00:51.857657, 0.0, 0.0, 90.0, 0.0, 121024.484375
0:00:51.971594, 0.0, 0.0, 90.0, 0.0, 121025.203125
0:00:52.081913, 0.0, 0.0, 90.0, 0.0, 121025.8984375
0:00:52.197911, 0.0, 0.0, 90.0, 0.0, 121026.6328125
0:00:52.285576, 0.0, 0.0, 90.0, 0.0, 121027.1875
0:00:52.377432, 0.0, 0.0, 90.0, 0.0, 121027.765625
0:00:52.489761, 0.0, 0.0, 90.0, 0.0, 121028.46875
0:00:52.598164, 0.0, 0.0, 90.0, 0.0, 121029.15625
0:00:52.695898, 0.0, 0.0, 90.0, 0.0, 121029.765625
0:00:52.787302, 0.0, 0.0, 90.0, 0.0, 121030.34375
0:00:52.897098, 0.0, 0.0, 90.0, 0.0, 121031.03125
0:00:52.995335, 0.0, 0.0, 90.0, 0.0, 121031.65625
0:00:53.106781, 0.0, 0.0, 90.0, 0.0, 121032.359375
0:00:53.197638, 0.0, 0.0, 90.0, 0.0, 121032.9296875
0:00:53.286399, 0.0, 0.0, 90.0, 0.0, 121033.4921875
0:00:53.405923, 0.0, 0.0, 90.0, 0.0, 121034.2421875
0:00:53.493173, 0.0, 0.0, 90.0, 0.0, 121034.796875
0:00:53.606615, 0.0, 0.0, 90.0, 0.0, 121035.5078125
0:00:53.718072, 0.0, 0.0, 90.0, 0.0, 121036.2109375
0:00:53.816764, 0.0, 0.0, 90.0, 0.0, 121036.8359375
0:00:53.916070, 0.0, 0.0, 90.0, 0.0, 121037.453125
0:00:54.002414, 0.0, 0.0, 90.0, 0.0, 121038.0
0:00:54.113812, 0.0, 0.0, 90.0, 0.0, 121038.6953125
0:00:54.198603, 0.0, 0.0, 90.0, 0.0, 121039.2265625
0:00:54.322467, 0.0, 0.0, 90.0, 0.0, 121040.015625
0:00:54.406705, 0.0, 0.0, 90.0, 0.0, 121040.546875
0:00:54.506340, 0.0, 0.0, 90.0, 0.0, 121041.171875
0:00:54.609723, 0.0, 0.0, 90.0, 0.0, 121041.8203125
0:00:54.706554, 0.0, 0.0, 90.0, 0.0, 121042.4296875
0:00:54.830981, 0.0, 0.0, 90.0, 0.0, 121043.21875
0:00:54.913904, 0.0, 0.0, 90.0, 0.0, 121043.734375
0:00:55.027908, 0.0, 0.0, 90.0, 0.0, 121044.453125
0:00:55.126092, 0.0, 0.0, 90.0, 0.0, 121045.078125
0:00:55.226788, 0.0, 0.0, 90.0, 0.0, 121045.71875
0:00:55.318471, 0.0, 0.0, 90.0, 0.0, 121046.296875
0:00:55.434958, 0.0, 0.0, 90.0, 0.0, 121047.0234375
0:00:55.522414, 0.0, 0.0, 90.0, 0.0, 121047.5859375
0:00:55.635963, 0.0, 0.0, 90.0, 0.0, 121048.3046875
0:00:55.736680, 0.0, 0.0, 90.0, 0.0, 121048.9375
0:00:55.826259, 0.0, 0.0, 90.0, 0.0, 121049.5
0:00:55.940135, 0.0, 0.0, 90.0, 0.0, 121050.2265625
0:00:56.033751, 0.0, 0.0, 90.0, 0.0, 121050.8125
0:00:56.148321, 0.0, 0.0, 90.0, 0.0, 121051.5390625
0:00:56.232957, 0.0, 0.0, 90.0, 0.0, 121052.078125
0:00:56.347654, 0.0, 0.0, 90.0, 0.0, 121052.796875
0:00:56.441386, 0.0, 0.0, 90.0, 0.0, 121053.3828125
0:00:56.537157, 0.0, 0.0, 90.0, 0.0, 121053.984375
0:00:56.638433, 0.0, 0.0, 90.0, 0.0, 121054.625
0:00:56.730359, 0.0, 0.0, 90.0, 0.0, 121055.1953125
0:00:56.846542, 0.0, 0.0, 90.0, 0.0, 121055.921875
0:00:56.961399, 0.0, 0.0, 90.0, 0.0, 121056.6484375
0:00:57.042007, 0.0, 0.0, 90.0, 0.0, 121057.15625
0:00:57.157354, 0.0, 0.0, 90.0, 0.0, 121057.890625
0:00:57.259689, 0.0, 0.0, 90.0, 0.0, 121058.546875
0:00:57.357352, 0.0, 0.0, 90.0, 0.0, 121059.15625
0:00:57.455897, 0.0, 0.0, 90.0, 0.0, 121059.78125
0:00:57.563951, 0.0, 0.0, 90.0, 0.0, 121060.4609375
0:00:57.647482, 0.0, 0.0, 90.0, 0.0, 121060.9921875
0:00:57.766636, 0.0, 0.0, 90.0, 0.0, 121061.7421875
0:00:57.865451, 0.0, 0.0, 90.0, 0.0, 121062.3671875
0:00:57.972656, 0.0, 0.0, 90.0, 0.0, 121063.0390625
0:00:58.057792, 0.0, 0.0, 90.0, 0.0, 121063.5859375
0:00:58.179313, 0.0, 0.0, 90.0, 0.0, 121064.3515625
0:00:58.277652, 0.0, 0.0, 90.0, 0.0, 121064.96875
0:00:58.369576, 0.0, 0.0, 90.0, 0.0, 121065.5390625
0:00:58.483792, 0.0, 0.0, 90.0, 0.0, 121066.265625
0:00:58.570077, 0.0, 0.0, 90.0, 0.0, 121066.8046875
0:00:58.677419, 0.0, 0.0, 90.0, 0.0, 121067.484375
0:00:58.791375, 0.0, 0.0, 90.0, 0.0, 121068.203125
0:00:58.889589, 0.0, 0.0, 90.0, 0.0, 121068.8203125
0:00:58.987621, 0.0, 0.0, 90.0, 0.0, 121069.4375
0:00:59.088077, 0.0, 0.0, 90.0, 0.0, 121070.0703125
0:00:59.187771, 0.0, 0.0, 90.0, 0.0, 121070.6875
0:00:59.291658, 0.0, 0.0, 90.0, 0.0, 121071.34375
0:00:59.377946, 0.0, 0.0, 90.0, 0.0, 121071.890625
0:00:59.465442, 0.0, 0.0, 90.0, 0.0, 121072.4453125
0:00:59.579483, 0.0, 0.0, 90.0, 0.0, 121073.1640625
0:00:59.703918, 0.0, 0.0, 90.0, 0.0, 121073.9453125
0:00:59.790214, 0.0, 0.0, 90.0, 0.0, 121074.4921875
0:00:59.885935, 0.0, 0.0, 90.0, 0.0, 121075.09375
0:00:59.999534, 0.0, 0.0, 90.0, 0.0, 121075.8125
0:01:00.082795, 0.0, 0.0, 90.0, 0.0, 121076.3359375
0:01:00.203896, 0.0, 0.0, 90.0, 0.0, 121077.09375
0:01:00.289339, 0.0, 0.0, 90.0, 0.0, 121077.6328125
0:01:00.387041, 0.0, 0.0, 90.0, 0.0, 121078.2578125
0:01:00.487625, 0.0, 0.0, 90.0, 0.0, 121078.890625
0:01:00.589445, 0.0, 0.0, 90.0, 0.0, 121079.5390625
0:01:00.697868, 0.0, 0.0, 90.0, 0.0, 121080.21875
0:01:00.813891, 0.0, 0.0, 90.0, 0.0, 121080.953125
0:01:00.901409, 0.0, 0.0, 90.0, 0.0, 121081.5078125
0:01:00.997942, 0.0, 0.0, 90.0, 0.0, 121082.1171875
0:01:01.090905, 0.0, 0.0, 90.0, 0.0, 121082.7109375
0:01:01.200671, 0.0, 0.0, 90.0, 0.0, 121083.3984375
0:01:01.299200, 0.0, 0.0, 90.0, 0.0, 121084.015625
0:01:01.398873, 0.0, 0.0, 90.0, 0.0, 121084.6484375
0:01:01.513980, 0.0, 0.0, 90.0, 0.0, 121085.375
0:01:01.609494, 0.0, 0.0, 90.0, 0.0, 121085.9765625
0:01:01.708199, 0.0, 0.0, 90.0, 0.0, 121086.59375
0:01:01.809233, 0.0, 0.0, 90.0, 0.0, 121087.234375
0:01:01.907315, 0.0, 0.0, 90.0, 0.0, 121087.859375
0:01:02.020406, 0.0, 0.0, 90.0, 0.0, 121088.5703125
0:01:02.136248, 0.0, 0.0, 90.0, 0.0, 121089.3046875
0:01:02.222867, 0.0, 0.0, 90.0, 0.0, 121089.859375
0:01:02.318923, 0.0, 0.0, 90.0, 0.0, 121090.4609375
0:01:02.429208, 0.0, 0.0, 90.0, 0.0, 121091.15625
0:01:02.518761, 0.0, 0.0, 90.0, 0.0, 121091.7265625
0:01:02.635833, 0.0, 0.0, 90.0, 0.0, 121092.46875
0:01:02.723351, 0.0, 0.0, 90.0, 0.0, 121093.0234375
0:01:02.846829, 0.0, 0.0, 90.0, 0.0, 121093.796875
0:01:02.931980, 0.0, 0.0, 90.0, 0.0, 121094.3359375
0:01:03.049505, 0.0, 0.0, 90.0, 0.0, 121095.0703125
0:01:03.134597, 0.0, 0.0, 90.0, 0.0, 121095.609375
0:01:03.251589, 0.0, 0.0, 90.0, 0.0, 121096.3515625
0:01:03.339048, 0.0, 0.0, 90.0, 0.0, 121096.8984375
0:01:03.450830, 0.0, 0.0, 90.0, 0.0, 121097.609375
0:01:03.531759, 0.0, 0.0, 90.0, 0.0, 121098.1171875
0:01:03.647565, 0.0, 0.0, 90.0, 0.0, 121098.8515625
0:01:03.735446, 0.0, 0.0, 90.0, 0.0, 121099.4140625
0:01:03.849088, 0.0, 0.0, 90.0, 0.0, 121100.125
0:01:03.949533, 0.0, 0.0, 90.0, 0.0, 121100.75
0:01:04.049999, 0.0, 0.0, 90.0, 0.0, 121101.3828125
0:01:04.141582, 0.0, 0.0, 90.0, 0.0, 121101.9609375
0:01:04.255590, 0.0, 0.0, 90.0, 0.0, 121102.6875
0:01:04.342636, 0.0, 0.0, 90.0, 0.0, 121103.2265625
0:01:04.457574, 0.0, 0.0, 90.0, 0.0, 121103.953125
0:01:04.569467, 0.0, 0.0, 90.0, 0.0, 121104.6640625
0:01:04.649211, 0.0, 0.0, 90.0, 0.0, 121105.171875
0:01:04.760618, 0.0, 0.0, 90.0, 0.0, 121105.875
0:01:04.853598, 0.0, 0.0, 90.0, 0.0, 121106.453125
0:01:04.967921, 0.0, 0.0, 90.0, 0.0, 121107.1796875
0:01:05.053457, 0.0, 0.0, 90.0, 0.0, 121107.7265625
0:01:05.169236, 0.0, 0.0, 90.0, 0.0, 121108.4609375
0:01:05.280926, 0.0, 0.0, 90.0, 0.0, 121109.1640625
0:01:05.373773, 0.0, 0.0, 90.0, 0.0, 121109.75
0:01:05.469543, 0.0, 0.0, 90.0, 0.0, 121110.3515625
0:01:05.581394, 0.0, 0.0, 90.0, 0.0, 121111.0546875
0:01:05.668993, 0.0, 0.0, 90.0, 0.0, 121111.6015625
0:01:05.785416, 0.0, 0.0, 90.0, 0.0, 121112.328125
0:01:05.866396, 0.0, 0.0, 90.0, 0.0, 121112.8359375
0:01:05.981658, 0.0, 0.0, 90.0, 0.0, 121113.5625
0:01:06.068908, 0.0, 0.0, 90.0, 0.0, 121114.1171875
0:01:06.185806, 0.0, 0.0, 90.0, 0.0, 121114.859375
0:01:06.273404, 0.0, 0.0, 90.0, 0.0, 121115.4140625
0:01:06.385271, 0.0, 0.0, 90.0, 0.0, 121116.125
0:01:06.482877, 0.0, 0.0, 90.0, 0.0, 121116.734375
0:01:06.579376, 0.0, 0.0, 90.0, 0.0, 121117.34375
0:01:06.692740, 0.0, 0.0, 90.0, 0.0, 121118.0625
0:01:06.778206, 0.0, 0.0, 90.0, 0.0, 121118.6015625
0:01:06.885214, 0.0, 0.0, 90.0, 0.0, 121119.2734375
0:01:06.981767, 0.0, 0.0, 90.0, 0.0, 121119.8828125
0:01:07.082490, 0.0, 0.0, 90.0, 0.0, 121120.5078125
0:01:07.210740, 0.0, 0.0, 90.0, 0.0, 121121.328125
0:01:07.298756, 0.0, 0.0, 90.0, 0.0, 121121.8828125
0:01:07.412666, 0.0, 0.0, 90.0, 0.0, 121122.609375
0:01:07.511454, 0.0, 0.0, 90.0, 0.0, 121123.234375
0:01:07.602234, 0.0, 0.0, 90.0, 0.0, 121123.8125
0:01:07.712176, 0.0, 0.0, 90.0, 0.0, 121124.5
0:01:07.804656, 0.0, 0.0, 90.0, 0.0, 121125.0859375
0:01:07.918452, 0.0, 0.0, 90.0, 0.0, 121125.8046875
0:01:07.995986, 0.0, 0.0, 90.0, 0.0, 121126.296875
0:01:08.110938, 0.0, 0.0, 90.0, 0.0, 121127.015625
0:01:08.208679, 0.0, 0.0, 90.0, 0.0, 121127.6328125
0:01:08.301299, 0.0, 0.0, 90.0, 0.0, 121128.2109375
0:01:08.398400, 0.0, 0.0, 90.0, 0.0, 121128.8203125
0:01:08.514418, 0.0, 0.0, 90.0, 0.0, 121129.5546875
0:01:08.624266, 0.0, 0.0, 90.0, 0.0, 121130.2421875
0:01:08.722438, 0.0, 0.0, 90.0, 0.0, 121130.859375
0:01:08.812806, 0.0, 0.0, 90.0, 0.0, 121131.4296875
0:01:08.921012, 0.0, 0.0, 90.0, 0.0, 121132.1015625
0:01:09.020893, 0.0, 0.0, 90.0, 0.0, 121132.7265625
0:01:09.120882, 0.0, 0.0, 90.0, 0.0, 121133.359375
0:01:09.212965, 0.0, 0.0, 90.0, 0.0, 121133.9453125
0:01:09.329643, 0.0, 0.0, 90.0, 0.0, 121134.6796875
0:01:09.414847, 0.0, 0.0, 90.0, 0.0, 121135.2109375
0:01:09.538272, 0.0, 0.0, 90.0, 0.0, 121135.9921875
0:01:09.623553, 0.0, 0.0, 90.0, 0.0, 121136.5390625
0:01:09.722057, 0.0, 0.0, 90.0, 0.0, 121137.1640625
0:01:09.825722, 0.0, 0.0, 90.0, 0.0, 121137.8125
0:01:09.922065, 0.0, 0.0, 90.0, 0.0, 121138.4140625
0:01:10.040014, 0.0, 0.0, 90.0, 0.0, 121139.15625
0:01:10.128642, 0.0, 0.0, 90.0, 0.0, 121139.71875
0:01:10.238452, 0.0, 0.0, 90.0, 0.0, 121140.421875
0:01:10.347794, 0.0, 0.0, 90.0, 0.0, 121141.109375
0:01:10.433366, 0.0, 0.0, 90.0, 0.0, 121141.6484375
0:01:10.532834, 0.0, 0.0, 90.0, 0.0, 121142.2734375
0:01:10.633416, 0.0, 0.0, 90.0, 0.0, 121142.90625
0:01:10.752543, 0.0, 0.0, 90.0, 0.0, 121143.65625
0:01:10.852293, 0.0, 0.0, 90.0, 0.0, 121144.28125
0:01:10.952741, 0.0, 0.0, 90.0, 0.0, 121144.921875
0:01:11.042644, 0.0, 0.0, 90.0, 0.0, 121145.4765625
0:01:11.155279, 0.0, 0.0, 90.0, 0.0, 121146.1953125
0:01:11.242957, 0.0, 0.0, 90.0, 0.0, 121146.7421875
0:01:11.352744, 0.0, 0.0, 90.0, 0.0, 121147.421875
0:01:11.463026, 0.0, 0.0, 90.0, 0.0, 121148.125
0:01:11.560009, 0.0, 0.0, 90.0, 0.0, 121148.7421875
0:01:11.672595, 0.0, 0.0, 90.0, 0.0, 121149.453125
0:01:11.758569, 0.0, 0.0, 90.0, 0.0, 121150.0
0:01:11.872634, 0.0, 0.0, 90.0, 0.0, 121150.7265625
0:01:11.965168, 0.0, 0.0, 90.0, 0.0, 121151.3125
0:01:12.052273, 0.0, 0.0, 90.0, 0.0, 121151.859375
0:01:12.168814, 0.0, 0.0, 90.0, 0.0, 121152.6015625
0:01:12.255398, 0.0, 0.0, 90.0, 0.0, 121153.1484375
0:01:12.364974, 0.0, 0.0, 90.0, 0.0, 121153.8515625
0:01:12.459566, 0.0, 0.0, 90.0, 0.0, 121154.4453125
0:01:12.573550, 0.0, 0.0, 90.0, 0.0, 121155.1640625
0:01:12.682765, 0.0, 0.0, 90.0, 0.0, 121155.859375
0:01:12.770412, 0.0, 0.0, 90.0, 0.0, 121156.40625
0:01:12.876605, 0.0, 0.0, 90.0, 0.0, 121157.0859375
0:01:12.962250, 0.0, 0.0, 90.0, 0.0, 121157.625
0:01:13.088321, 0.0, 0.0, 90.0, 0.0, 121158.421875
0:01:13.175724, 0.0, 0.0, 90.0, 0.0, 121158.96875
0:01:13.272551, 0.0, 0.0, 90.0, 0.0, 121159.578125
0:01:13.393236, 0.0, 0.0, 90.0, 0.0, 121160.3359375
0:01:13.475388, 0.0, 0.0, 90.0, 0.0, 121160.8515625
0:01:13.589077, 0.0, 0.0, 90.0, 0.0, 121161.578125
0:01:13.677590, 0.0, 0.0, 90.0, 0.0, 121162.1328125
0:01:13.787569, 0.0, 0.0, 90.0, 0.0, 121162.828125
0:01:13.873047, 0.0, 0.0, 90.0, 0.0, 121163.3671875
0:01:13.994223, 0.0, 0.0, 90.0, 0.0, 121164.125
0:01:14.103576, 0.0, 0.0, 90.0, 0.0, 121164.8046875
0:01:14.203741, 0.0, 0.0, 90.0, 0.0, 121165.4453125
0:01:14.293543, 0.0, 0.0, 90.0, 0.0, 121166.015625
0:01:14.402704, 0.0, 0.0, 90.0, 0.0, 121166.703125
0:01:14.500554, 0.0, 0.0, 90.0, 0.0, 121167.3203125
0:01:14.606849, 0.0, 0.0, 90.0, 0.0, 121167.9921875
0:01:14.691645, 0.0, 0.0, 90.0, 0.0, 121168.515625
0:01:14.805653, 0.0, 0.0, 90.0, 0.0, 121169.234375
0:01:14.902994, 0.0, 0.0, 90.0, 0.0, 121169.8515625
0:01:14.996006, 0.0, 0.0, 90.0, 0.0, 121170.4375
0:01:15.109156, 0.0, 0.0, 90.0, 0.0, 121171.15625
0:01:15.195339, 0.0, 0.0, 90.0, 0.0, 121171.6953125
0:01:15.321750, 0.0, 0.0, 90.0, 0.0, 121172.4921875
0:01:15.409064, 0.0, 0.0, 90.0, 0.0, 121173.0390625
0:01:15.518296, 0.0, 0.0, 90.0, 0.0, 121173.71875
0:01:15.623611, 0.0, 0.0, 90.0, 0.0, 121174.3828125
0:01:15.711045, 0.0, 0.0, 90.0, 0.0, 121174.9375
0:01:15.818466, 0.0, 0.0, 90.0, 0.0, 121175.609375
0:01:15.914377, 0.0, 0.0, 90.0, 0.0, 121176.21875
0:01:16.024698, 0.0, 0.0, 90.0, 0.0, 121176.9140625
0:01:16.121052, 0.0, 0.0, 90.0, 0.0, 121177.5234375
0:01:16.224956, 0.0, 0.0, 90.0, 0.0, 121178.171875
0:01:16.325886, 0.0, 0.0, 90.0, 0.0, 121178.8046875
0:01:16.425123, 0.0, 0.0, 90.0, 0.0, 121179.4296875
0:01:16.525480, 0.0, 0.0, 90.0, 0.0, 121180.0546875
0:01:16.624391, 0.0, 0.0, 90.0, 0.0, 121180.671875
0:01:16.723798, 0.0, 0.0, 90.0, 0.0, 121181.3046875
0:01:16.839177, 0.0, 0.0, 90.0, 0.0, 121182.03125
0:01:16.921636, 0.0, 0.0, 90.0, 0.0, 121182.5546875
0:01:17.038933, 0.0, 0.0, 90.0, 0.0, 121183.296875
0:01:17.138495, 0.0, 0.0, 90.0, 0.0, 121183.921875
0:01:17.236759, 0.0, 0.0, 90.0, 0.0, 121184.5390625
0:01:17.346339, 0.0, 0.0, 90.0, 0.0, 121185.2421875
0:01:17.445967, 0.0, 0.0, 90.0, 0.0, 121185.859375
0:01:17.545688, 0.0, 0.0, 90.0, 0.0, 121186.484375
0:01:17.633987, 0.0, 0.0, 90.0, 0.0, 121187.046875
0:01:17.747987, 0.0, 0.0, 90.0, 0.0, 121187.7734375
0:01:17.860784, 0.0, 0.0, 90.0, 0.0, 121188.484375
0:01:17.946334, 0.0, 0.0, 90.0, 0.0, 121189.0234375
0:01:18.044818, 0.0, 0.0, 90.0, 0.0, 121189.6484375
0:01:18.166172, 0.0, 0.0, 90.0, 0.0, 121190.421875
0:01:18.268017, 0.0, 0.0, 90.0, 0.0, 121191.0546875
0:01:18.365953, 0.0, 0.0, 90.0, 0.0, 121191.6640625
0:01:18.465035, 0.0, 0.0, 90.0, 0.0, 121192.296875
0:01:18.568778, 0.0, 0.0, 90.0, 0.0, 121192.9453125
0:01:18.664218, 0.0, 0.0, 90.0, 0.0, 121193.5546875
0:01:18.749719, 0.0, 0.0, 90.0, 0.0, 121194.09375
0:01:18.876801, 0.0, 0.0, 90.0, 0.0, 121194.8984375
0:01:18.977000, 0.0, 0.0, 90.0, 0.0, 121195.5234375
0:01:19.075492, 0.0, 0.0, 90.0, 0.0, 121196.140625
0:01:19.169319, 0.0, 0.0, 90.0, 0.0, 121196.734375
0:01:19.282693, 0.0, 0.0, 90.0, 0.0, 121197.453125
0:01:19.370316, 0.0, 0.0, 90.0, 0.0, 121198.0078125
0:01:19.457680, 0.0, 0.0, 90.0, 0.0, 121198.5546875
0:01:19.569205, 0.0, 0.0, 90.0, 0.0, 121199.265625
0:01:19.665852, 0.0, 0.0, 90.0, 0.0, 121199.875
0:01:19.764392, 0.0, 0.0, 90.0, 0.0, 121200.5
0:01:19.879745, 0.0, 0.0, 90.0, 0.0, 121201.2265625
0:01:19.975656, 0.0, 0.0, 90.0, 0.0, 121201.84375
0:01:20.079589, 0.0, 0.0, 90.0, 0.0, 121202.5078125
0:01:20.165652, 0.0, 0.0, 90.0, 0.0, 121203.046875
0:01:20.289287, 0.0, 0.0, 90.0, 0.0, 121203.8125
0:01:20.386292, 0.0, 0.0, 90.0, 0.0, 121204.421875
0:01:20.485248, 0.0, 0.0, 90.0, 0.0, 121205.046875
0:01:20.579876, 0.0, 0.0, 90.0, 0.0, 121205.640625
0:01:20.693932, 0.0, 0.0, 90.0, 0.0, 121206.359375
0:01:20.779737, 0.0, 0.0, 90.0, 0.0, 121206.8984375
0:01:20.889469, 0.0, 0.0, 90.0, 0.0, 121207.59375
0:01:20.987796, 0.0, 0.0, 90.0, 0.0, 121208.2109375
0:01:21.102893, 0.0, 0.0, 90.0, 0.0, 121208.9453125
0:01:21.187541, 0.0, 0.0, 90.0, 0.0, 121209.4765625
0:01:21.284973, 0.0, 0.0, 90.0, 0.0, 121210.09375
0:01:21.406409, 0.0, 0.0, 90.0, 0.0, 121210.859375
0:01:21.498920, 0.0, 0.0, 90.0, 0.0, 121211.4375
0:01:21.611896, 0.0, 0.0, 90.0, 0.0, 121212.15625
0:01:21.707866, 0.0, 0.0, 90.0, 0.0, 121212.7578125
0:01:21.809473, 0.0, 0.0, 90.0, 0.0, 121213.390625
0:01:21.900375, 0.0, 0.0, 90.0, 0.0, 121213.9609375
0:01:22.012858, 0.0, 0.0, 90.0, 0.0, 121214.671875
0:01:22.122510, 0.0, 0.0, 90.0, 0.0, 121215.3671875
0:01:22.201398, 0.0, 0.0, 90.0, 0.0, 121215.859375
0:01:22.311075, 0.0, 0.0, 90.0, 0.0, 121216.546875
0:01:22.406801, 0.0, 0.0, 90.0, 0.0, 121217.15625
0:01:22.506367, 0.0, 0.0, 90.0, 0.0, 121217.78125
0:01:22.606690, 0.0, 0.0, 90.0, 0.0, 121218.4140625
0:01:22.704600, 0.0, 0.0, 90.0, 0.0, 121219.03125
0:01:22.811549, 0.0, 0.0, 90.0, 0.0, 121219.7109375
0:01:22.926959, 0.0, 0.0, 90.0, 0.0, 121220.4375
0:01:23.026059, 0.0, 0.0, 90.0, 0.0, 121221.0625
0:01:23.120984, 0.0, 0.0, 90.0, 0.0, 121221.65625
0:01:23.217958, 0.0, 0.0, 90.0, 0.0, 121222.265625
0:01:23.317601, 0.0, 0.0, 90.0, 0.0, 121222.8984375
0:01:23.436367, 0.0, 0.0, 90.0, 0.0, 121223.65625
0:01:23.525982, 0.0, 0.0, 90.0, 0.0, 121224.21875
0:01:23.641286, 0.0, 0.0, 90.0, 0.0, 121224.953125
0:01:23.727569, 0.0, 0.0, 90.0, 0.0, 121225.4921875
0:01:23.820593, 0.0, 0.0, 90.0, 0.0, 121226.0703125
0:01:23.928577, 0.0, 0.0, 90.0, 0.0, 121226.7578125
0:01:24.044594, 0.0, 0.0, 90.0, 0.0, 121227.484375
0:01:24.133119, 0.0, 0.0, 90.0, 0.0, 121228.0390625
0:01:24.247957, 0.0, 0.0, 90.0, 0.0, 121228.765625
0:01:24.330520, 0.0, 0.0, 90.0, 0.0, 121229.2890625
0:01:24.423830, 0.0, 0.0, 90.0, 0.0, 121229.875
0:01:24.531151, 0.0, 0.0, 90.0, 0.0, 121230.5625
0:01:24.657562, 0.0, 0.0, 90.0, 0.0, 121231.3515625
0:01:24.750673, 0.0, 0.0, 90.0, 0.0, 121231.9375
0:01:24.838018, 0.0, 0.0, 90.0, 0.0, 121232.4921875
0:01:24.949969, 0.0, 0.0, 90.0, 0.0, 121233.203125
0:01:25.047985, 0.0, 0.0, 90.0, 0.0, 121233.8203125
0:01:25.147654, 0.0, 0.0, 90.0, 0.0, 121234.4453125
0:01:25.246002, 0.0, 0.0, 90.0, 0.0, 121235.0703125
0:01:25.358896, 0.0, 0.0, 90.0, 0.0, 121235.7890625
0:01:25.472999, 0.0, 0.0, 90.0, 0.0, 121236.5078125
0:01:25.569449, 0.0, 0.0, 90.0, 0.0, 121237.1171875
0:01:25.666924, 0.0, 0.0, 90.0, 0.0, 121237.734375
0:01:25.767888, 0.0, 0.0, 90.0, 0.0, 121238.3671875
0:01:25.861353, 0.0, 0.0, 90.0, 0.0, 121238.953125
0:01:25.977453, 0.0, 0.0, 90.0, 0.0, 121239.6796875
0:01:26.060756, 0.0, 0.0, 90.0, 0.0, 121240.2109375
0:01:26.154227, 0.0, 0.0, 90.0, 0.0, 121240.796875
0:01:26.269009, 0.0, 0.0, 90.0, 0.0, 121241.53125
0:01:26.361581, 0.0, 0.0, 90.0, 0.0, 121242.1171875
0:01:26.472629, 0.0, 0.0, 90.0, 0.0, 121242.8203125
0:01:26.564829, 0.0, 0.0, 90.0, 0.0, 121243.3984375
0:01:26.677747, 0.0, 0.0, 90.0, 0.0, 121244.1171875
0:01:26.772969, 0.0, 0.0, 90.0, 0.0, 121244.71875
0:01:26.885300, 0.0, 0.0, 90.0, 0.0, 121245.421875
0:01:26.971721, 0.0, 0.0, 90.0, 0.0, 121245.96875
0:01:27.070179, 0.0, 0.0, 90.0, 0.0, 121246.59375
0:01:27.168823, 0.0, 0.0, 90.0, 0.0, 121247.2109375
0:01:27.288743, 0.0, 0.0, 90.0, 0.0, 121247.96875
0:01:27.391511, 0.0, 0.0, 90.0, 0.0, 121248.6171875
0:01:27.477036, 0.0, 0.0, 90.0, 0.0, 121249.15625
0:01:27.574864, 0.0, 0.0, 90.0, 0.0, 121249.7734375
0:01:27.688851, 0.0, 0.0, 90.0, 0.0, 121250.5
0:01:27.781745, 0.0, 0.0, 90.0, 0.0, 121251.078125
0:01:27.897593, 0.0, 0.0, 90.0, 0.0, 121251.8125
0:01:27.985552, 0.0, 0.0, 90.0, 0.0, 121252.3671875
0:01:28.099652, 0.0, 0.0, 90.0, 0.0, 121253.0859375
0:01:28.199048, 0.0, 0.0, 90.0, 0.0, 121253.7109375
0:01:28.287667, 0.0, 0.0, 90.0, 0.0, 121254.2734375
0:01:28.402182, 0.0, 0.0, 90.0, 0.0, 121254.9921875
0:01:28.486395, 0.0, 0.0, 90.0, 0.0, 121255.53125
0:01:28.603685, 0.0, 0.0, 90.0, 0.0, 121256.2734375
0:01:28.707726, 0.0, 0.0, 90.0, 0.0, 121256.9296875
0:01:28.795539, 0.0, 0.0, 90.0, 0.0, 121257.484375
0:01:28.910629, 0.0, 0.0, 90.0, 0.0, 121258.2109375
0:01:29.009288, 0.0, 0.0, 90.0, 0.0, 121258.828125
0:01:29.102782, 0.0, 0.0, 90.0, 0.0, 121259.421875
0:01:29.222052, 0.0, 0.0, 90.0, 0.0, 121260.171875
0:01:29.319482, 0.0, 0.0, 90.0, 0.0, 121260.7890625
0:01:29.420213, 0.0, 0.0, 90.0, 0.0, 121261.4140625
0:01:29.503474, 0.0, 0.0, 90.0, 0.0, 121261.9453125
0:01:29.625866, 0.0, 0.0, 90.0, 0.0, 121262.7109375
0:01:29.712102, 0.0, 0.0, 90.0, 0.0, 121263.25
0:01:29.824913, 0.0, 0.0, 90.0, 0.0, 121263.9609375
0:01:29.919127, 0.0, 0.0, 90.0, 0.0, 121264.5625
0:01:30.012372, 0.0, 0.0, 90.0, 0.0, 121265.15625
0:01:30.121776, 0.0, 0.0, 90.0, 0.0, 121265.8359375
0:01:30.216102, 0.0, 0.0, 90.0, 0.0, 121266.4375
0:01:30.331590, 0.0, 0.0, 90.0, 0.0, 121267.171875
0:01:30.425716, 0.0, 0.0, 90.0, 0.0, 121267.7734375
0:01:30.540725, 0.0, 0.0, 90.0, 0.0, 121268.4921875
0:01:30.628550, 0.0, 0.0, 90.0, 0.0, 121269.0390625
0:01:30.712019, 0.0, 0.0, 90.0, 0.0, 121269.5703125
0:01:30.820871, 0.0, 0.0, 90.0, 0.0, 121270.25
0:01:30.920451, 0.0, 0.0, 90.0, 0.0, 121270.8828125
0:01:31.034128, 0.0, 0.0, 90.0, 0.0, 121271.609375
0:01:31.130978, 0.0, 0.0, 90.0, 0.0, 121272.2109375
0:01:31.247083, 0.0, 0.0, 90.0, 0.0, 121272.953125
0:01:31.333286, 0.0, 0.0, 90.0, 0.0, 121273.5078125
0:01:31.429592, 0.0, 0.0, 90.0, 0.0, 121274.109375
0:01:31.550207, 0.0, 0.0, 90.0, 0.0, 121274.8671875
0:01:31.645571, 0.0, 0.0, 90.0, 0.0, 121275.4609375
0:01:31.760766, 0.0, 0.0, 90.0, 0.0, 121276.1875
0:01:31.851112, 0.0, 0.0, 90.0, 0.0, 121276.765625
0:01:31.936743, 0.0, 0.0, 90.0, 0.0, 121277.3046875
0:01:32.052574, 0.0, 0.0, 90.0, 0.0, 121278.0390625
0:01:32.147184, 0.0, 0.0, 90.0, 0.0, 121278.640625
0:01:32.254639, 0.0, 0.0, 90.0, 0.0, 121279.328125
0:01:32.349726, 0.0, 0.0, 90.0, 0.0, 121279.921875
0:01:32.462909, 0.0, 0.0, 90.0, 0.0, 121280.640625
0:01:32.560768, 0.0, 0.0, 90.0, 0.0, 121281.2578125
0:01:32.669682, 0.0, 0.0, 90.0, 0.0, 121281.9453125
0:01:32.756725, 0.0, 0.0, 90.0, 0.0, 121282.4921875
0:01:32.870646, 0.0, 0.0, 90.0, 0.0, 121283.2109375
0:01:32.982093, 0.0, 0.0, 90.0, 0.0, 121283.9140625
0:01:33.081298, 0.0, 0.0, 90.0, 0.0, 121284.53125
0:01:33.181253, 0.0, 0.0, 90.0, 0.0, 121285.15625
0:01:33.268306, 0.0, 0.0, 90.0, 0.0, 121285.703125
0:01:33.380914, 0.0, 0.0, 90.0, 0.0, 121286.4140625
0:01:33.466603, 0.0, 0.0, 90.0, 0.0, 121286.9609375
0:01:33.580683, 0.0, 0.0, 90.0, 0.0, 121287.6796875
0:01:33.678306, 0.0, 0.0, 90.0, 0.0, 121288.296875
0:01:33.765899, 0.0, 0.0, 90.0, 0.0, 121288.859375
0:01:33.890941, 0.0, 0.0, 90.0, 0.0, 121289.640625
0:01:33.982663, 0.0, 0.0, 90.0, 0.0, 121290.2109375
0:01:34.097096, 0.0, 0.0, 90.0, 0.0, 121290.9375
0:01:34.183825, 0.0, 0.0, 90.0, 0.0, 121291.4765625
0:01:34.294129, 0.0, 0.0, 90.0, 0.0, 121292.1640625
0:01:34.380945, 0.0, 0.0, 90.0, 0.0, 121292.7109375
0:01:34.480266, 0.0, 0.0, 90.0, 0.0, 121293.34375
0:01:34.601979, 0.0, 0.0, 90.0, 0.0, 121294.1171875
0:01:34.700836, 0.0, 0.0, 90.0, 0.0, 121294.734375
0:01:34.792567, 0.0, 0.0, 90.0, 0.0, 121295.3125
0:01:34.904796, 0.0, 0.0, 90.0, 0.0, 121296.015625
0:01:34.992286, 0.0, 0.0, 90.0, 0.0, 121296.5625
0:01:35.110698, 0.0, 0.0, 90.0, 0.0, 121297.3046875
0:01:35.209787, 0.0, 0.0, 90.0, 0.0, 121297.9375
0:01:35.295307, 0.0, 0.0, 90.0, 0.0, 121298.46875
0:01:35.419131, 0.0, 0.0, 90.0, 0.0, 121299.25
0:01:35.499060, 0.0, 0.0, 90.0, 0.0, 121299.75
0:01:35.612288, 0.0, 0.0, 90.0, 0.0, 121300.4609375
0:01:35.721281, 0.0, 0.0, 90.0, 0.0, 121301.15625
0:01:35.822640, 0.0, 0.0, 90.0, 0.0, 121301.7890625
0:01:35.922557, 0.0, 0.0, 90.0, 0.0, 121302.4140625
0:01:36.010870, 0.0, 0.0, 90.0, 0.0, 121302.96875
0:01:36.124465, 0.0, 0.0, 90.0, 0.0, 121303.6953125
0:01:36.206296, 0.0, 0.0, 90.0, 0.0, 121304.2109375
0:01:36.331610, 0.0, 0.0, 90.0, 0.0, 121305.0
0:01:36.419319, 0.0, 0.0, 90.0, 0.0, 121305.5546875
0:01:36.527073, 0.0, 0.0, 90.0, 0.0, 121306.2265625
0:01:36.612155, 0.0, 0.0, 90.0, 0.0, 121306.7734375
0:01:36.712602, 0.0, 0.0, 90.0, 0.0, 121307.40625
0:01:36.820943, 0.0, 0.0, 90.0, 0.0, 121308.0859375
0:01:36.916903, 0.0, 0.0, 90.0, 0.0, 121308.6953125
0:01:37.042031, 0.0, 0.0, 90.0, 0.0, 121309.484375
0:01:37.124722, 0.0, 0.0, 90.0, 0.0, 121310.0078125
0:01:37.233924, 0.0, 0.0, 90.0, 0.0, 121310.6953125
0:01:37.348239, 0.0, 0.0, 90.0, 0.0, 121311.4140625
0:01:37.434563, 0.0, 0.0, 90.0, 0.0, 121311.9609375
0:01:37.547894, 0.0, 0.0, 90.0, 0.0, 121312.6796875
0:01:37.633041, 0.0, 0.0, 90.0, 0.0, 121313.2109375
0:01:37.752429, 0.0, 0.0, 90.0, 0.0, 121313.953125
0:01:37.846456, 0.0, 0.0, 90.0, 0.0, 121314.546875
0:01:37.933640, 0.0, 0.0, 90.0, 0.0, 121315.09375
0:01:38.032317, 0.0, 0.0, 90.0, 0.0, 121315.7109375
0:01:38.145655, 0.0, 0.0, 90.0, 0.0, 121316.421875
0:01:38.252561, 0.0, 0.0, 90.0, 0.0, 121317.0859375
0:01:38.335617, 0.0, 0.0, 90.0, 0.0, 121317.609375
0:01:38.451913, 0.0, 0.0, 90.0, 0.0, 121318.34375
0:01:38.540211, 0.0, 0.0, 90.0, 0.0, 121318.8984375
0:01:38.654848, 0.0, 0.0, 90.0, 0.0, 121319.6171875
0:01:38.751654, 0.0, 0.0, 90.0, 0.0, 121320.234375
0:01:38.852465, 0.0, 0.0, 90.0, 0.0, 121320.875
0:01:38.945178, 0.0, 0.0, 90.0, 0.0, 121321.46875
0:01:39.053485, 0.0, 0.0, 90.0, 0.0, 121322.140625
0:01:39.153246, 0.0, 0.0, 90.0, 0.0, 121322.7734375
0:01:39.261507, 0.0, 0.0, 90.0, 0.0, 121323.4609375
0:01:39.349146, 0.0, 0.0, 90.0, 0.0, 121324.0078125
0:01:39.462628, 0.0, 0.0, 90.0, 0.0, 121324.7265625
0:01:39.559968, 0.0, 0.0, 90.0, 0.0, 121325.34375
0:01:39.665277, 0.0, 0.0, 90.0, 0.0, 121326.0078125
0:01:39.762903, 0.0, 0.0, 90.0, 0.0, 121326.6171875
0:01:39.883847, 0.0, 0.0, 90.0, 0.0, 121327.390625
0:01:39.974799, 0.0, 0.0, 90.0, 0.0, 121327.9609375
0:01:40.059815, 0.0, 0.0, 90.0, 0.0, 121328.5
0:01:40.172601, 0.0, 0.0, 90.0, 0.0, 121329.21875
0:01:40.272005, 0.0, 0.0, 90.0, 0.0, 121329.8515625
0:01:40.366686, 0.0, 0.0, 90.0, 0.0, 121330.453125
0:01:40.490828, 0.0, 0.0, 90.0, 0.0, 121331.234375
0:01:40.576625, 0.0, 0.0, 90.0, 0.0, 121331.78125
0:01:40.675328, 0.0, 0.0, 90.0, 0.0, 121332.40625
0:01:40.774802, 0.0, 0.0, 90.0, 0.0, 121333.0234375
0:01:40.873556, 0.0, 0.0, 90.0, 0.0, 121333.6484375
0:01:40.973949, 0.0, 0.0, 90.0, 0.0, 121334.2890625
0:01:41.083296, 0.0, 0.0, 90.0, 0.0, 121334.96875
0:01:41.181004, 0.0, 0.0, 90.0, 0.0, 121335.5859375
0:01:41.290216, 0.0, 0.0, 90.0, 0.0, 121336.2734375
0:01:41.401223, 0.0, 0.0, 90.0, 0.0, 121336.9765625
0:01:41.484419, 0.0, 0.0, 90.0, 0.0, 121337.4921875
0:01:41.600360, 0.0, 0.0, 90.0, 0.0, 121338.21875
0:01:41.683745, 0.0, 0.0, 90.0, 0.0, 121338.75
0:01:41.806363, 0.0, 0.0, 90.0, 0.0, 121339.5234375
0:01:41.903575, 0.0, 0.0, 90.0, 0.0, 121340.140625
0:01:41.996407, 0.0, 0.0, 90.0, 0.0, 121340.734375
0:01:42.110509, 0.0, 0.0, 90.0, 0.0, 121341.453125
0:01:42.192808, 0.0, 0.0, 90.0, 0.0, 121341.96875
0:01:42.303910, 0.0, 0.0, 90.0, 0.0, 121342.671875
0:01:42.391452, 0.0, 0.0, 90.0, 0.0, 121343.21875
0:01:42.504379, 0.0, 0.0, 90.0, 0.0, 121343.9296875
0:01:42.615750, 0.0, 0.0, 90.0, 0.0, 121344.6328125
0:01:42.713503, 0.0, 0.0, 90.0, 0.0, 121345.25
0:01:42.806639, 0.0, 0.0, 90.0, 0.0, 121345.8359375
0:01:42.915988, 0.0, 0.0, 90.0, 0.0, 121346.515625
0:01:43.007011, 0.0, 0.0, 90.0, 0.0, 121347.09375
0:01:43.118116, 0.0, 0.0, 90.0, 0.0, 121347.7890625
0:01:43.213700, 0.0, 0.0, 90.0, 0.0, 121348.390625
0:01:43.311258, 0.0, 0.0, 90.0, 0.0, 121349.0078125
0:01:43.417410, 0.0, 0.0, 90.0, 0.0, 121349.671875
0:01:43.511562, 0.0, 0.0, 90.0, 0.0, 121350.2734375
0:01:43.624027, 0.0, 0.0, 90.0, 0.0, 121350.9765625
0:01:43.737281, 0.0, 0.0, 90.0, 0.0, 121351.703125
0:01:43.836777, 0.0, 0.0, 90.0, 0.0, 121352.328125
0:01:43.935904, 0.0, 0.0, 90.0, 0.0, 121352.9453125
0:01:44.034986, 0.0, 0.0, 90.0, 0.0, 121353.5625
0:01:44.116779, 0.0, 0.0, 90.0, 0.0, 121354.0703125
0:01:44.228524, 0.0, 0.0, 90.0, 0.0, 121354.78125
0:01:44.315001, 0.0, 0.0, 90.0, 0.0, 121355.328125
0:01:44.442490, 0.0, 0.0, 90.0, 0.0, 121356.125
0:01:44.528507, 0.0, 0.0, 90.0, 0.0, 121356.6640625
0:01:44.639564, 0.0, 0.0, 90.0, 0.0, 121357.3671875
0:01:44.735220, 0.0, 0.0, 90.0, 0.0, 121357.96875
0:01:44.827977, 0.0, 0.0, 90.0, 0.0, 121358.546875
0:01:44.939393, 0.0, 0.0, 90.0, 0.0, 121359.25
0:01:45.034732, 0.0, 0.0, 90.0, 0.0, 121359.859375
0:01:45.156276, 0.0, 0.0, 90.0, 0.0, 121360.625
0:01:45.254700, 0.0, 0.0, 90.0, 0.0, 121361.2421875
0:01:45.355777, 0.0, 0.0, 90.0, 0.0, 121361.875
0:01:45.462195, 0.0, 0.0, 90.0, 0.0, 121362.546875
0:01:45.560150, 0.0, 0.0, 90.0, 0.0, 121363.1640625
0:01:45.656007, 0.0, 0.0, 90.0, 0.0, 121363.7734375
0:01:45.745726, 0.0, 0.0, 90.0, 0.0, 121364.3359375
0:01:45.863096, 0.0, 0.0, 90.0, 0.0, 121365.078125
0:01:45.952366, 0.0, 0.0, 90.0, 0.0, 121365.640625
0:01:46.066582, 0.0, 0.0, 90.0, 0.0, 121366.3671875
0:01:46.149895, 0.0, 0.0, 90.0, 0.0, 121366.890625
0:01:46.272697, 0.0, 0.0, 90.0, 0.0, 121367.6640625
0:01:46.358218, 0.0, 0.0, 90.0, 0.0, 121368.2109375
0:01:46.471225, 0.0, 0.0, 90.0, 0.0, 121368.921875
0:01:46.560887, 0.0, 0.0, 90.0, 0.0, 121369.484375
0:01:46.657940, 0.0, 0.0, 90.0, 0.0, 121370.0859375
0:01:46.756216, 0.0, 0.0, 90.0, 0.0, 121370.71875
0:01:46.875370, 0.0, 0.0, 90.0, 0.0, 121371.46875
0:01:46.968547, 0.0, 0.0, 90.0, 0.0, 121372.0625
0:01:47.082350, 0.0, 0.0, 90.0, 0.0, 121372.78125
0:01:47.169905, 0.0, 0.0, 90.0, 0.0, 121373.3359375
0:01:47.283733, 0.0, 0.0, 90.0, 0.0, 121374.046875
0:01:47.365558, 0.0, 0.0, 90.0, 0.0, 121374.5625
0:01:47.467817, 0.0, 0.0, 90.0, 0.0, 121375.203125
0:01:47.595716, 0.0, 0.0, 90.0, 0.0, 121376.0078125
0:01:47.678850, 0.0, 0.0, 90.0, 0.0, 121376.546875
0:01:47.773252, 0.0, 0.0, 90.0, 0.0, 121377.1484375
0:01:47.879552, 0.0, 0.0, 90.0, 0.0, 121377.8203125
0:01:47.975767, 0.0, 0.0, 90.0, 0.0, 121378.421875
0:01:48.098109, 0.0, 0.0, 90.0, 0.0, 121379.1875
0:01:48.195640, 0.0, 0.0, 90.0, 0.0, 121379.8046875
0:01:48.297061, 0.0, 0.0, 90.0, 0.0, 121380.4453125
0:01:48.405800, 0.0, 0.0, 90.0, 0.0, 121381.125
0:01:48.501665, 0.0, 0.0, 90.0, 0.0, 121381.7265625
0:01:48.598734, 0.0, 0.0, 90.0, 0.0, 121382.34375
0:01:48.696484, 0.0, 0.0, 90.0, 0.0, 121382.9609375
0:01:48.785979, 0.0, 0.0, 90.0, 0.0, 121383.515625
0:01:48.906754, 0.0, 0.0, 90.0, 0.0, 121384.28125
0:01:49.006217, 0.0, 0.0, 90.0, 0.0, 121384.90625
0:01:49.098078, 0.0, 0.0, 90.0, 0.0, 121385.484375
0:01:49.214360, 0.0, 0.0, 90.0, 0.0, 121386.2109375
0:01:49.319781, 0.0, 0.0, 90.0, 0.0, 121386.875
0:01:49.404856, 0.0, 0.0, 90.0, 0.0, 121387.3984375
0:01:49.521677, 0.0, 0.0, 90.0, 0.0, 121388.140625
0:01:49.609153, 0.0, 0.0, 90.0, 0.0, 121388.6953125
0:01:49.703503, 0.0, 0.0, 90.0, 0.0, 121389.296875
0:01:49.818504, 0.0, 0.0, 90.0, 0.0, 121390.0234375
0:01:49.916908, 0.0, 0.0, 90.0, 0.0, 121390.6328125
0:01:50.026769, 0.0, 0.0, 90.0, 0.0, 121391.328125
0:01:50.109142, 0.0, 0.0, 90.0, 0.0, 121391.84375
0:01:50.221379, 0.0, 0.0, 90.0, 0.0, 121392.546875
0:01:50.330922, 0.0, 0.0, 90.0, 0.0, 121393.234375
0:01:50.426274, 0.0, 0.0, 90.0, 0.0, 121393.84375
0:01:50.513067, 0.0, 0.0, 90.0, 0.0, 121394.390625
0:01:50.630924, 0.0, 0.0, 90.0, 0.0, 121395.125
0:01:50.727254, 0.0, 0.0, 90.0, 0.0, 121395.734375
0:01:50.819231, 0.0, 0.0, 90.0, 0.0, 121396.3203125
0:01:50.938039, 0.0, 0.0, 90.0, 0.0, 121397.0703125
0:01:51.037108, 0.0, 0.0, 90.0, 0.0, 121397.6953125
0:01:51.132912, 0.0, 0.0, 90.0, 0.0, 121398.296875
0:01:51.220424, 0.0, 0.0, 90.0, 0.0, 121398.8515625
0:01:51.331344, 0.0, 0.0, 90.0, 0.0, 121399.5546875
0:01:51.427736, 0.0, 0.0, 90.0, 0.0, 121400.15625
0:01:51.549923, 0.0, 0.0, 90.0, 0.0, 121400.921875
0:01:51.647962, 0.0, 0.0, 90.0, 0.0, 121401.53125
0:01:51.745200, 0.0, 0.0, 90.0, 0.0, 121402.1484375
0:01:51.828824, 0.0, 0.0, 90.0, 0.0, 121402.6796875
0:01:51.955337, 0.0, 0.0, 90.0, 0.0, 121403.4765625
0:01:52.044291, 0.0, 0.0, 90.0, 0.0, 121404.046875
0:01:52.130588, 0.0, 0.0, 90.0, 0.0, 121404.59375
0:01:52.247620, 0.0, 0.0, 90.0, 0.0, 121405.3359375
0:01:52.355003, 0.0, 0.0, 90.0, 0.0, 121406.015625
0:01:52.443667, 0.0, 0.0, 90.0, 0.0, 121406.5703125
0:01:52.557866, 0.0, 0.0, 90.0, 0.0, 121407.28125
0:01:52.644040, 0.0, 0.0, 90.0, 0.0, 121407.8359375
0:01:52.753547, 0.0, 0.0, 90.0, 0.0, 121408.5234375
0:01:52.868447, 0.0, 0.0, 90.0, 0.0, 121409.25
0:01:52.953362, 0.0, 0.0, 90.0, 0.0, 121409.78125
0:01:53.048575, 0.0, 0.0, 90.0, 0.0, 121410.390625
0:01:53.147927, 0.0, 0.0, 90.0, 0.0, 121411.015625
0:01:53.260895, 0.0, 0.0, 90.0, 0.0, 121411.734375
0:01:53.370796, 0.0, 0.0, 90.0, 0.0, 121412.421875
0:01:53.464908, 0.0, 0.0, 90.0, 0.0, 121413.0234375
0:01:53.579492, 0.0, 0.0, 90.0, 0.0, 121413.75
0:01:53.676881, 0.0, 0.0, 90.0, 0.0, 121414.3671875
0:01:53.767884, 0.0, 0.0, 90.0, 0.0, 121414.9453125
0:01:53.863356, 0.0, 0.0, 90.0, 0.0, 121415.546875
0:01:53.984639, 0.0, 0.0, 90.0, 0.0, 121416.3125
0:01:54.071150, 0.0, 0.0, 90.0, 0.0, 121416.859375
0:01:54.168801, 0.0, 0.0, 90.0, 0.0, 121417.46875
0:01:54.284973, 0.0, 0.0, 90.0, 0.0, 121418.1953125
0:01:54.369661, 0.0, 0.0, 90.0, 0.0, 121418.734375
0:01:54.457765, 0.0, 0.0, 90.0, 0.0, 121419.2890625
0:01:54.579886, 0.0, 0.0, 90.0, 0.0, 121420.0546875
0:01:54.663937, 0.0, 0.0, 90.0, 0.0, 121420.59375
0:01:54.780010, 0.0, 0.0, 90.0, 0.0, 121421.3203125
0:01:54.894797, 0.0, 0.0, 90.0, 0.0, 121422.046875
0:01:54.984628, 0.0, 0.0, 90.0, 0.0, 121422.6171875
0:01:55.092312, 0.0, 0.0, 90.0, 0.0, 121423.2890625
0:01:55.178666, 0.0, 0.0, 90.0, 0.0, 121423.8359375
0:01:55.301082, 0.0, 0.0, 90.0, 0.0, 121424.6015625
0:01:55.399439, 0.0, 0.0, 90.0, 0.0, 121425.2265625
0:01:55.495913, 0.0, 0.0, 90.0, 0.0, 121425.8359375
0:01:55.584479, 0.0, 0.0, 90.0, 0.0, 121426.390625
0:01:55.699425, 0.0, 0.0, 90.0, 0.0, 121427.1171875
0:01:55.788072, 0.0, 0.0, 90.0, 0.0, 121427.6796875
0:01:55.899986, 0.0, 0.0, 90.0, 0.0, 121428.3828125
0:01:55.999216, 0.0, 0.0, 90.0, 0.0, 121429.0078125
0:01:56.099953, 0.0, 0.0, 90.0, 0.0, 121429.6484375
0:01:56.198073, 0.0, 0.0, 90.0, 0.0, 121430.2734375
0:01:56.289596, 0.0, 0.0, 90.0, 0.0, 121430.8515625
0:01:56.413765, 0.0, 0.0, 90.0, 0.0, 121431.625
0:01:56.500122, 0.0, 0.0, 90.0, 0.0, 121432.171875
0:01:56.600360, 0.0, 0.0, 90.0, 0.0, 121432.796875
0:01:56.699829, 0.0, 0.0, 90.0, 0.0, 121433.421875
0:01:56.818977, 0.0, 0.0, 90.0, 0.0, 121434.171875
0:01:56.915439, 0.0, 0.0, 90.0, 0.0, 121434.78125
0:01:57.003407, 0.0, 0.0, 90.0, 0.0, 121435.328125
0:01:57.120085, 0.0, 0.0, 90.0, 0.0, 121436.0625
0:01:57.202883, 0.0, 0.0, 90.0, 0.0, 121436.59375
0:01:57.300376, 0.0, 0.0, 90.0, 0.0, 121437.2109375
0:01:57.427468, 0.0, 0.0, 90.0, 0.0, 121438.0078125
0:01:57.512414, 0.0, 0.0, 90.0, 0.0, 121438.546875
0:01:57.612346, 0.0, 0.0, 90.0, 0.0, 121439.1640625
0:01:57.708805, 0.0, 0.0, 90.0, 0.0, 121439.78125
0:01:57.822208, 0.0, 0.0, 90.0, 0.0, 121440.5
0:01:57.909680, 0.0, 0.0, 90.0, 0.0, 121441.046875
0:01:58.025397, 0.0, 0.0, 90.0, 0.0, 121441.78125
0:01:58.113023, 0.0, 0.0, 90.0, 0.0, 121442.328125
0:01:58.221297, 0.0, 0.0, 90.0, 0.0, 121443.015625
0:01:58.336294, 0.0, 0.0, 90.0, 0.0, 121443.734375
0:01:58.423836, 0.0, 0.0, 90.0, 0.0, 121444.28125
0:01:58.536386, 0.0, 0.0, 90.0, 0.0, 121445.0
0:01:58.622046, 0.0, 0.0, 90.0, 0.0, 121445.5390625
0:01:58.721973, 0.0, 0.0, 90.0, 0.0, 121446.1640625
0:01:58.842505, 0.0, 0.0, 90.0, 0.0, 121446.921875
0:01:58.941671, 0.0, 0.0, 90.0, 0.0, 121447.546875
0:01:59.034326, 0.0, 0.0, 90.0, 0.0, 121448.1328125
0:01:59.149637, 0.0, 0.0, 90.0, 0.0, 121448.859375
0:01:59.234987, 0.0, 0.0, 90.0, 0.0, 121449.3984375
0:01:59.342625, 0.0, 0.0, 90.0, 0.0, 121450.078125
0:01:59.454657, 0.0, 0.0, 90.0, 0.0, 121450.78125
0:01:59.550961, 0.0, 0.0, 90.0, 0.0, 121451.390625
0:01:59.648100, 0.0, 0.0, 90.0, 0.0, 121452.0
0:01:59.736089, 0.0, 0.0, 90.0, 0.0, 121452.5625
0:01:59.854112, 0.0, 0.0, 90.0, 0.0, 121453.3046875
0:01:59.951853, 0.0, 0.0, 90.0, 0.0, 121453.921875
0:02:00.063129, 0.0, 0.0, 90.0, 0.0, 121454.625
0:02:00.150555, 0.0, 0.0, 90.0, 0.0, 121455.171875
0:02:00.270841, 0.0, 0.0, 90.0, 0.0, 121455.9296875
0:02:00.370856, 0.0, 0.0, 90.0, 0.0, 121456.5546875
0:02:00.462639, 0.0, 0.0, 90.0, 0.0, 121457.1328125
0:02:00.550184, 0.0, 0.0, 90.0, 0.0, 121457.6875
0:02:00.665251, 0.0, 0.0, 90.0, 0.0, 121458.4140625
0:02:00.747716, 0.0, 0.0, 90.0, 0.0, 121458.9296875
0:02:00.853966, 0.0, 0.0, 90.0, 0.0, 121459.6015625
0:02:00.952945, 0.0, 0.0, 90.0, 0.0, 121460.2109375
0:02:01.055133, 0.0, 0.0, 90.0, 0.0, 121460.8671875
0:02:01.143618, 0.0, 0.0, 90.0, 0.0, 121461.421875
0:02:01.265705, 0.0, 0.0, 90.0, 0.0, 121462.1953125
0:02:01.360978, 0.0, 0.0, 90.0, 0.0, 121462.796875
0:02:01.450691, 0.0, 0.0, 90.0, 0.0, 121463.3671875
0:02:01.561946, 0.0, 0.0, 90.0, 0.0, 121464.0625
0:02:01.656138, 0.0, 0.0, 90.0, 0.0, 121464.65625
0:02:01.748808, 0.0, 0.0, 90.0, 0.0, 121465.2421875
0:02:01.858116, 0.0, 0.0, 90.0, 0.0, 121465.9296875
0:02:01.968478, 0.0, 0.0, 90.0, 0.0, 121466.6328125
0:02:02.051012, 0.0, 0.0, 90.0, 0.0, 121467.15625
0:02:02.175437, 0.0, 0.0, 90.0, 0.0, 121467.9453125
0:02:02.261973, 0.0, 0.0, 90.0, 0.0, 121468.484375
0:02:02.355369, 0.0, 0.0, 90.0, 0.0, 121469.078125
0:02:02.481474, 0.0, 0.0, 90.0, 0.0, 121469.875
0:02:02.573647, 0.0, 0.0, 90.0, 0.0, 121470.453125
0:02:02.659133, 0.0, 0.0, 90.0, 0.0, 121471.0
0:02:02.763808, 0.0, 0.0, 90.0, 0.0, 121471.65625
0:02:02.875822, 0.0, 0.0, 90.0, 0.0, 121472.3671875
0:02:02.963288, 0.0, 0.0, 90.0, 0.0, 121472.9140625
0:02:03.087817, 0.0, 0.0, 90.0, 0.0, 121473.703125
0:02:03.174935, 0.0, 0.0, 90.0, 0.0, 121474.25
0:02:03.272018, 0.0, 0.0, 90.0, 0.0, 121474.859375
0:02:03.363853, 0.0, 0.0, 90.0, 0.0, 121475.4375
0:02:03.481884, 0.0, 0.0, 90.0, 0.0, 121476.171875
0:02:03.565312, 0.0, 0.0, 90.0, 0.0, 121476.703125
0:02:03.686176, 0.0, 0.0, 90.0, 0.0, 121477.46875
0:02:03.781845, 0.0, 0.0, 90.0, 0.0, 121478.0703125
0:02:03.897987, 0.0, 0.0, 90.0, 0.0, 121478.796875
0:02:03.985718, 0.0, 0.0, 90.0, 0.0, 121479.34375
0:02:04.098342, 0.0, 0.0, 90.0, 0.0, 121480.0625
0:02:04.183949, 0.0, 0.0, 90.0, 0.0, 121480.609375
0:02:04.284625, 0.0, 0.0, 90.0, 0.0, 121481.25
0:02:04.403650, 0.0, 0.0, 90.0, 0.0, 121481.9921875
0:02:04.492211, 0.0, 0.0, 90.0, 0.0, 121482.5546875
0:02:04.601472, 0.0, 0.0, 90.0, 0.0, 121483.2421875
0:02:04.693763, 0.0, 0.0, 90.0, 0.0, 121483.8203125
0:02:04.802986, 0.0, 0.0, 90.0, 0.0, 121484.5078125
0:02:04.902509, 0.0, 0.0, 90.0, 0.0, 121485.125
0:02:04.990143, 0.0, 0.0, 90.0, 0.0, 121485.6875
0:02:05.098399, 0.0, 0.0, 90.0, 0.0, 121486.3671875
0:02:05.211407, 0.0, 0.0, 90.0, 0.0, 121487.078125
0:02:05.311663, 0.0, 0.0, 90.0, 0.0, 121487.703125
0:02:05.404562, 0.0, 0.0, 90.0, 0.0, 121488.296875
