0:01:33.210297: off 82
0:01:33.210297: off 64
0:01:33.210297: off 60
0:01:33.242050: off 55
0:01:33.273314: off 44
0:01:33.273314: off 32
0:01:33.273314: off 21
0:01:33.304460: off 11
0:01:33.320300: off 6
0:01:33.335751: off 0
0:01:58.915384: amp 42
0:02:06.243529: off 90
0:02:43.337483: off 66
0:02:44.774978: amp 36
0:02:45.306210: amp 25
0:03:17.291905: off 72
0:03:17.385777: off 65
0:03:17.401298: off 63
0:03:17.416890: off 57
0:03:17.432498: off 51
0:03:17.448160: off 43
0:03:17.463747: off 34
0:03:17.479504: off 31
0:03:17.495035: off 23
0:03:17.510753: off 17
0:03:17.541973: off 10
0:03:17.558021: off 7
0:03:17.558021: off 1
0:03:17.588900: off 0
0:03:20.307690: freq 0.3
0:03:20.401401: freq 0.05
0:03:20.416958: freq 0
0:03:21.120028: amp 23
0:03:21.166873: amp 20
0:03:21.182651: amp 19
0:03:21.198123: amp 16
0:03:21.213747: amp 11
0:03:21.229404: amp 4
0:03:21.245011: amp 0
0:05:02.042769: off 1
0:05:02.152154: off 5
0:05:02.152154: off 6
0:05:02.183292: off 8
0:05:02.201321: off 9
0:05:02.214928: off 12
0:05:02.230660: off 14
0:05:02.246228: off 16
0:05:02.261966: off 18
0:05:02.293189: off 20
0:05:02.308906: off 23
0:05:02.308906: off 28
0:05:02.324635: off 33
0:05:02.355881: off 39
0:05:02.371506: off 42
0:05:02.387126: off 50
0:05:02.402855: off 58
0:05:02.418396: off 66
0:05:02.434011: off 70
0:05:02.449591: off 78
0:05:02.465270: off 83
0:05:02.480881: off 88
0:05:02.496579: off 90
0:05:02.527809: off 94
0:05:02.543415: off 97
0:05:02.543415: off 99
0:05:02.558926: off 101
0:05:02.590276: off 102
0:05:02.621456: off 103
0:05:02.996451: off 102
0:05:03.919573: off 103
0:05:03.966690: off 104
0:05:04.029383: off 105
0:05:04.091888: off 106
0:05:04.170020: off 107
0:05:04.216927: off 108
0:05:04.263813: off 109
0:05:04.295013: off 110
0:05:04.326263: off 111
0:05:04.326263: off 112
0:05:04.373155: off 114
0:05:04.388726: off 116
0:05:04.404299: off 118
0:05:04.420058: off 120
0:05:04.435525: off 123
0:05:04.451280: off 126
0:05:04.466929: off 130
0:05:04.482466: off 135
0:05:04.498183: off 137
0:05:04.513767: off 142
0:05:04.529253: off 147
0:05:04.560639: off 152
0:05:04.576263: off 155
0:05:04.591713: off 159
0:05:04.607491: off 163
0:05:04.623075: off 167
0:05:04.638713: off 168
0:05:04.654328: off 171
0:05:04.669950: off 173
0:05:04.685580: off 175
0:05:04.701197: off 176
0:05:04.718185: off 178
0:05:04.733221: off 180
0:05:05.859650: off 178
0:05:05.859650: off 173
0:05:05.875351: off 167
0:05:05.906690: off 164
0:05:05.922188: off 157
0:05:05.937837: off 149
0:05:05.954192: off 141
0:05:05.969395: off 137
0:05:05.985225: off 129
0:05:06.000701: off 120
0:05:06.032075: off 111
0:05:06.032075: off 107
0:05:06.063221: off 98
0:05:06.063221: off 91
0:05:06.094680: off 83
0:05:06.110530: off 77
0:05:06.110530: off 73
0:05:06.149300: off 67
0:05:06.157997: off 61
0:05:06.173760: off 55
0:05:06.189411: off 53
0:05:06.205087: off 47
0:05:06.220706: off 41
0:05:06.236269: off 36
0:05:06.251944: off 33
0:05:06.267572: off 27
0:05:06.283039: off 23
0:05:06.314479: off 18
0:05:06.314479: off 14
0:05:06.345536: off 12
0:05:06.345536: off 8
0:05:06.361258: off 4
0:05:06.392567: off 0
0:17:40.096266: off 3
0:17:40.158729: off 6
0:17:40.174222: off 7
0:17:40.189885: off 11
0:17:40.205435: off 15
0:17:40.221135: off 22
0:17:40.236761: off 31
0:17:40.252387: off 36
0:17:40.283635: off 49
0:17:40.299182: off 66
0:17:40.314804: off 85
0:17:40.330496: off 95
0:17:40.346241: off 115
0:17:40.361873: off 135
0:17:40.377489: off 157
0:17:40.393012: off 180
0:18:08.429977: freq 0
0:18:08.429977: amp 0
0:18:08.429977: off 90
0:18:08.429977: phb 0
0:20:41.377500: off 56
0:20:41.471106: off 50
0:20:41.486820: off 43
0:20:41.502608: off 34
0:20:41.518447: off 29
0:20:41.533887: off 21
0:20:41.549530: off 11
0:20:41.565150: off 0
0:21:16.920410: off 22
0:21:20.939035: off 35
0:21:21.016908: off 39
0:21:21.032007: off 42
0:21:21.047835: off 45
0:21:21.064527: off 47
0:21:21.079567: off 52
0:21:21.095401: off 59
0:21:21.110953: off 68
0:21:21.142185: off 73
0:21:21.142185: off 83
0:21:21.173976: off 95
0:21:21.189799: off 108
0:21:21.189799: off 120
0:21:21.220952: off 125
0:21:21.236669: off 136
0:21:21.252219: off 146
0:21:21.267864: off 155
0:21:21.283414: off 159
0:21:21.299635: off 167
0:21:21.315408: off 175
0:21:21.331125: off 180
0:21:36.600424: off 95
0:21:36.616091: off 92
0:21:36.631760: off 91
0:21:36.647261: off 89
0:21:36.662860: off 85
0:21:36.678601: off 81
0:21:36.694108: off 78
0:21:36.725378: off 71
0:21:36.725378: off 63
0:21:36.756733: off 54
0:21:36.772349: off 49
0:21:36.787810: off 37
0:21:36.803593: off 21
0:21:36.819263: off 3
0:21:36.834797: off 0
0:22:17.060111: off 73
0:22:17.669480: off 88
0:22:17.934912: off 93
0:22:17.966259: off 94
0:22:18.638231: off 93
0:22:18.903877: off 94
0:22:18.935069: off 95
0:22:19.091206: off 94
0:22:19.122988: off 93
0:22:19.138904: off 92
0:22:19.170085: off 91
0:22:19.295124: off 90
0:22:19.436417: off 89
0:22:19.717558: off 88
0:22:20.483275: off 89
0:22:20.967664: off 90
0:22:25.922404: off 89
0:22:27.095375: off 88
0:22:27.111249: off 86
0:22:27.111249: off 84
0:22:27.142542: off 79
0:22:27.158383: off 73
0:22:27.174002: off 65
0:22:27.192727: off 56
0:22:27.205965: off 51
0:22:27.221830: off 40
0:22:27.237323: off 29
0:22:27.253077: off 19
0:22:27.268707: off 14
0:22:27.284289: off 6
0:22:27.299913: off 0
0:22:27.973571: off 4
0:22:27.989154: off 9
0:22:28.005380: off 13
0:22:28.021024: off 19
0:22:28.036830: off 26
0:22:28.053124: off 35
0:22:28.068322: off 48
0:22:28.084022: off 55
0:22:28.099673: off 70
0:22:28.115387: off 86
0:22:28.146684: off 101
0:22:28.146684: off 114
0:22:28.162091: off 121
0:22:28.193484: off 133
0:22:28.209051: off 144
0:22:28.224763: off 155
0:22:28.240233: off 159
0:22:28.256025: off 168
0:22:28.271551: off 175
0:22:28.287267: off 180
0:22:29.896683: off 179
0:22:29.959105: off 178
0:22:29.990437: off 177
0:22:30.005972: off 176
0:22:30.021549: off 172
0:22:30.037268: off 165
0:22:30.052904: off 151
0:22:30.068535: off 143
0:22:30.084014: off 125
0:22:30.099724: off 104
0:22:30.115213: off 82
0:22:30.130937: off 71
0:22:30.162268: off 49
0:22:30.168104: off 30
0:22:30.194024: off 13
0:22:30.194024: off 0
0:23:19.458606: freq 0
0:23:19.458606: amp 0
0:23:19.458606: off 90
0:23:19.458606: phb 0
