0:31:36.690849: freq 0
0:31:36.690849: amp 0
0:31:36.706447: off 90
0:31:36.706447: phb 0
0:50:39.927014: freq 0
0:50:39.927014: amp 0
0:50:39.927014: off 90
0:50:39.927014: phb 0
0:50:54.443066: phb 0.36172886614434374
0:50:54.505591: phb 0.4060186871452284
0:50:54.521204: phb 0.4129090137095432
0:50:54.536871: phb 0.45967984620381686
0:50:54.536871: phb 0.5576311173610691
0:50:54.567996: phb 0.7145491811030501
0:50:54.583798: phb 0.9167127214503421
0:50:54.599366: phb 1.0921678476141865
0:50:54.614955: phb 1.1583851990878566
0:50:54.630570: phb 1.2914145208507604
0:50:54.646120: phb 1.4153434679058674
0:50:54.661738: phb 1.4934858728138647
0:50:54.693119: phb 1.5365631186880409
0:50:54.708742: phb 1.628423949994104
0:50:54.739854: phb 1.6728498371063303
0:50:54.739854: phb 1.6966331993267691
0:50:54.755537: phb 1.705273474457535
0:50:54.755537: phb 1.7283034963025974
0:50:54.786873: phb 1.7582247408807
0:50:54.786873: phb 1.7888628329967464
0:50:54.833696: phb 1.807828195363579
0:50:54.849243: phb 1.8440080919325663
0:50:55.130630: phb 1.910969736480908
0:50:55.146201: phb 1.855913395726778
0:50:55.177501: phb 1.7738411071785851
0:50:55.193083: phb 1.732034275173296
0:50:55.193083: phb 1.628423949994104
0:50:55.208601: phb 1.5370253475278304
0:50:55.224243: phb 1.4807621668832025
0:50:55.239850: phb 1.4516450241927918
0:50:55.255580: phb 1.3940870972713724
0:50:55.302464: phb 1.3434521603188532
0:50:55.302464: phb 1.2652854825192978
0:50:55.318095: phb 1.1999045909132338
0:50:55.333778: phb 1.160968902965354
0:50:55.364994: phb 1.0866735425766965
0:50:55.364994: phb 1.018642278232203
0:50:55.380519: phb 0.9021820626806722
0:50:55.396117: phb 0.8578965536699181
0:50:55.411733: phb 0.7686392531015787
0:50:55.443076: phb 0.6896467168310736
0:50:55.458731: phb 0.6193122612821117
0:50:55.458731: phb 0.552697175705534
0:50:55.489950: phb 0.5093902624851329
0:50:55.489950: phb 0.4246596302029495
0:50:55.521242: phb 0.33409544021267124
0:50:55.568085: phb 0.2655745388101497
0:50:55.568085: phb 0.23554497379554323
0:50:55.568085: phb 0.16891688230260457
0:50:55.583607: phb 0.1365495080679586
0:50:55.583607: phb 0.11972488780806598
0:50:55.614856: phb 0.10183671724576841
0:50:55.646238: phb 0.08736825743214473
0:50:56.255575: freq 0
0:50:56.255575: amp 0
0:50:56.271090: off 90
0:50:56.271090: phb 0
0:50:58.114944: phb 1.4945554765834896
0:50:58.864991: phb 1.450412446749765
0:50:59.005580: phb 1.4345488331614513
0:50:59.021247: phb 1.4030322083194136
0:50:59.036868: phb 1.371849782673689
0:50:59.052367: phb 1.3374226415081802
0:50:59.052367: phb 1.3066253268169217
0:50:59.052367: phb 1.2415645867449072
0:50:59.083596: phb 1.1917517312307493
0:50:59.099321: phb 1.018642278232203
0:50:59.114996: phb 0.9479716131676179
0:50:59.130470: phb 0.8202099241229456
0:50:59.146114: phb 0.7805198385180177
0:50:59.161840: phb 0.7057548087361907
0:50:59.177441: phb 0.6195156627041469
0:50:59.193118: phb 0.5709681481132912
0:50:59.224232: phb 0.5476882420512381
0:50:59.239848: phb 0.5191457453529595
0:50:59.255564: phb 0.4866024419967645
0:50:59.271121: phb 0.4410380777293008
0:50:59.271121: phb 0.40705783957482927
0:50:59.286889: phb 0.3926880716327129
0:50:59.318125: phb 0.36834867411291494
0:50:59.333597: phb 0.35060459545544675
0:50:59.365045: phb 0.3268264366885435
0:50:59.380596: phb 0.2899353993216072
0:50:59.396252: phb 0.2797580405898452
0:50:59.411865: phb 0.2695217590802214
0:50:59.427409: phb 0.24887434502552347
0:50:59.474325: phb 0.22800893396193983
0:50:59.646247: phb 0.24103163181750448
0:50:59.677496: phb 0.25704200368287333
0:50:59.677496: phb 0.2706486932056298
0:50:59.708716: phb 0.3347371681505473
0:50:59.708716: phb 0.3650378599420684
0:50:59.724245: phb 0.39157977645996506
0:50:59.755488: phb 0.455450732964235
0:50:59.771238: phb 0.5329802127764562
0:50:59.771238: phb 0.6091630077308812
0:50:59.786896: phb 0.6826217527109933
0:50:59.818157: phb 0.718235036507732
0:50:59.833620: phb 0.7898815987782991
0:50:59.849368: phb 0.8544130473480606
0:50:59.864989: phb 0.9299232310752559
0:50:59.880601: phb 0.9664901433876637
0:50:59.896103: phb 1.036051906901712
0:50:59.927348: phb 1.0952792817811225
0:50:59.927348: phb 1.1491654512805314
0:50:59.958698: phb 1.2088983439287897
0:50:59.974369: phb 1.2385193047325904
0:50:59.974369: phb 1.3192920483431085
0:51:00.005573: phb 1.4012078049130408
0:51:00.036832: phb 1.5228873854646878
0:51:00.052379: phb 1.5913405103800218
0:51:00.068123: phb 1.6731759413236975
0:51:00.099245: phb 1.7536609572042974
0:51:00.099245: phb 1.822300157940903
0:51:00.130570: phb 1.9030729167557974
0:51:00.130570: phb 1.945129770825032
0:51:00.146155: phb 1.9990597247879058
0:51:00.177345: phb 2.0634214948841576
0:51:00.192982: phb 2.1253601406336813
0:51:00.192982: phb 2.1743685867806337
0:51:00.224376: phb 2.211831555526294
0:51:00.224376: phb 2.250209775663178
0:51:00.255587: phb 2.285183581592721
0:51:00.271175: phb 2.3105829766767902
0:51:00.286744: phb 2.3602105195686955
0:51:00.318121: phb 2.391752122399118
0:51:00.318121: phb 2.446146891595495
0:51:00.349374: phb 2.477169532352093
0:51:00.349374: phb 2.5295347996812305
0:51:00.364851: phb 2.5595688599126936
0:51:00.396253: phb 2.6131322121353473
0:51:00.427465: phb 2.6898495276144314
0:51:00.427465: phb 2.7512730411333313
0:51:01.286866: freq 0
0:51:01.286866: amp 0
0:51:01.286866: off 90
0:51:01.286866: phb 0
1:14:42.517437: freq 0.55
1:24:41.643032: phb 0.22740175178018746
1:24:41.658720: phb 0.2907345521197944
1:24:41.674469: phb 0.32414862212075723
1:24:41.689953: phb 0.4406245607505229
1:24:41.705530: phb 0.5317236722001041
1:24:41.721265: phb 0.5683583863907087
1:24:41.736926: phb 0.6531687089388563
1:24:41.752552: phb 0.7423619499528468
1:24:41.768325: phb 0.7806132049141987
1:24:41.783955: phb 0.8457897347184938
1:24:41.799581: phb 0.8890968689966045
1:24:41.815157: phb 0.9397166965365923
1:24:41.846455: phb 0.9570255944594993
1:24:41.846455: phb 0.9878269102712636
1:24:41.862817: phb 1.0211074608492217
1:24:41.893812: phb 1.0479188666969583
1:24:41.909604: phb 1.091064124969572
1:24:41.925261: phb 1.1178718177821145
1:24:41.942350: phb 1.1446640838984503
1:24:41.957904: phb 1.1869780097046665
1:24:41.974388: phb 1.224567971046925
1:24:41.989603: phb 1.2358137843301087
1:24:42.004795: phb 1.2700749115046568
1:24:42.021199: phb 1.2933321528026904
1:24:42.051960: phb 1.3199439019894066
1:24:42.068087: phb 1.348901289282196
1:24:42.099521: phb 1.3629964218725488
1:24:42.115005: phb 1.3861754701106763
1:24:42.146977: phb 1.4114439554423506
1:24:42.163243: phb 1.424783747370079
1:24:42.179623: phb 1.4478888714731863
1:24:42.194629: phb 1.4607768564120942
1:24:42.227318: phb 1.507661931578531
1:24:42.241977: phb 1.5305877518557274
1:24:42.257616: phb 1.565048890943696
1:24:42.273406: phb 1.5880352747273503
1:24:42.304521: phb 1.599523681148313
1:24:42.351489: phb 1.6224736897306482
1:24:42.367189: phb 1.6339303289582603
1:24:42.398266: phb 1.656789899848976
1:24:42.429663: phb 1.668188006188583
1:24:42.460898: phb 1.6909043492715472
1:24:42.476534: phb 1.7022179751995161
1:24:42.492002: phb 1.724740284786738
1:24:42.554644: phb 1.7491145560772223
1:24:42.585908: phb 1.7603526611515563
1:24:42.601544: phb 1.7738411071785851
1:24:42.664543: phb 1.7988982440751713
1:24:42.680027: phb 1.8129378354904422
1:24:42.695774: phb 1.841742455729105
1:24:42.711274: phb 1.8751404932922027
1:24:42.728196: phb 1.9022550594726815
1:24:42.742865: phb 1.9455420245481918
1:24:42.758532: phb 1.9732385669089048
1:24:42.774149: phb 2.0176380843167205
1:24:42.789773: phb 2.0456481022796447
1:24:42.805527: phb 2.051439266216753
1:24:42.821958: phb 2.0797383551891753
1:24:42.838014: phb 2.1145007963091462
1:24:42.853204: phb 2.1321145219668955
1:24:42.869970: phb 2.1390171969049265
1:24:42.900489: phb 2.1677583696195057
1:24:42.931693: phb 2.1888249940955555
1:24:42.947718: phb 2.1962813471371243
1:24:42.963389: phb 2.2245402632776514
1:24:42.994775: phb 2.2425310031826666
1:24:43.015879: phb 2.250597935334155
1:24:43.026558: phb 2.278724213346054
1:24:43.042477: phb 2.29690305599912
1:24:43.059055: phb 2.323947281462542
1:24:43.075596: phb 2.351543057917557
1:24:43.090155: phb 2.379664047712774
1:24:43.105829: phb 2.4082797789520702
1:24:43.121595: phb 2.456337153701874
1:24:43.137142: phb 2.5077322671701383
1:24:43.152693: phb 2.5732340054492724
1:24:43.168288: phb 2.6048272035915105
1:24:43.200601: phb 2.668391371562628
1:24:43.215726: phb 2.7131872439580866
1:24:43.231359: phb 2.758416124477657
1:24:43.246984: phb 2.77697840643503
1:24:43.246984: phb 2.822099009509961
1:24:43.279554: phb 2.871021773656117
1:24:43.295113: phb 2.8881682386751346
1:24:43.311077: phb 2.921442820789763
1:24:43.342158: phb 2.9508375032972314
1:24:43.358894: phb 2.964167394798462
1:24:43.374671: phb 2.977562539702957
1:24:43.417718: phb 3.02136981510616
1:24:43.429428: phb 3.037396527823251
1:24:43.453289: phb 3.050343020993439
1:24:43.469869: phb 3.0653078524955504
1:24:43.500844: phb 3.091320158957298
1:24:43.516332: phb 3.1043427961044405
1:24:43.563284: phb 3.1294716559453257
1:24:43.579315: phb 3.141592653589793
1:24:43.595117: phb 3.1535684990630832
1:24:48.083461: phb 3.66765966037708
1:24:48.097090: phb 3.6514259588593707
1:24:48.121693: phb 3.665913704498109
1:24:48.129899: phb 3.6765484089875557
1:24:48.160597: phb 3.7232461600920495
1:24:48.176203: phb 3.8016011557041063
1:24:48.191816: phb 3.90091086873963
1:24:48.207288: phb 4.058962216457466
1:24:48.222942: phb 4.141052376417829
1:24:48.238710: phb 4.279189141915083
1:24:48.254344: phb 4.407031231698841
1:24:48.269906: phb 4.513146270678835
1:24:48.285455: phb 4.556263200485029
1:24:48.302132: phb 4.634959012729748
1:24:48.332817: phb 4.688201153432628
1:24:48.332817: phb 4.7354627869349635
1:24:48.364228: phb 4.76537014619782
1:24:48.379692: phb 4.806315161088308
1:24:48.395312: phb 4.8572023346201885
1:24:48.411045: phb 4.916186916050315
1:24:48.426679: phb 4.960421931626829
1:24:48.442486: phb 4.978105695203511
1:24:48.458108: phb 5.0138850727211866
1:24:48.485444: phb 5.042835096545673
1:24:50.176705: phb 5.069165484214565
1:24:50.207984: phb 5.07521234424382
1:24:50.239423: phb 5.097766174779301
1:24:50.245896: phb 5.120757803979526
1:24:50.255585: phb 5.151750133876477
1:24:50.271338: phb 5.176036869648755
1:24:50.287448: phb 5.216830302707493
1:24:50.303273: phb 5.2417861020732115
1:24:50.318882: phb 5.28262668334828
1:24:50.334523: phb 5.3128293757951335
1:24:50.349967: phb 5.33787404847972
1:24:50.349967: phb 5.366472585729245
1:24:50.366249: phb 5.380318064996587
1:24:50.396924: phb 5.39386879970882
1:24:50.413166: phb 5.407128082056299
1:24:50.428734: phb 5.443947764655788
1:24:50.444457: phb 5.468556075549069
1:24:50.460084: phb 5.503567794822277
1:24:50.475532: phb 5.526680856007326
1:24:50.491158: phb 5.549764133901969
1:24:50.506897: phb 5.571102219919368
1:24:50.522542: phb 5.593538590348513
1:24:50.538012: phb 5.615879790332995
1:24:50.585006: phb 5.638102325210826
1:24:50.600670: phb 5.650865465762833
1:24:50.616295: phb 5.663873045897475
1:24:50.663009: phb 5.704377864065766
1:24:50.678725: phb 5.718380845990671
1:24:50.694358: phb 5.747145357536736
1:24:50.710050: phb 5.761909741457274
1:24:51.272583: phb 5.8589914070223355
1:24:51.366320: phb 5.8846634216005915
1:24:51.366320: phb 5.892060633614256
1:24:51.397570: phb 5.909808615571673
1:24:51.413002: phb 5.958467956659658
1:24:51.428626: phb 5.981959367293418
1:24:51.444416: phb 5.999764223072674
1:24:51.460035: phb 6.022583756609483
1:24:51.475669: phb 6.040448524778124
1:24:51.491132: phb 6.076650031549985
1:24:51.506877: phb 6.116521485241617
1:24:51.538163: phb 6.153082693234734
1:24:51.538163: phb 6.171502449288308
1:24:51.569413: phb 6.1899986141966465
1:24:51.569413: phb 6.208557236871741
1:24:51.756923: phb 6.227169205629283
1:24:51.772500: phb 6.245820100333664
1:24:51.788026: phb 6.264495325176056
1:24:51.803754: phb 0.018689982003530194
1:24:51.850671: phb 0.05601610155030303
1:24:51.866319: phb 0.07462807030784578
1:24:51.881755: phb 0.09318669298294051
1:24:53.459987: phb 6.222191889316289
1:24:54.006953: phb 6.205920077932645
1:24:54.038003: phb 6.193106765095492
1:24:54.069415: phb 6.180324209654765
1:24:54.131972: phb 6.167574130767717
1:24:56.445155: phb 6.20992165991759
1:24:58.163744: freq 0
1:24:58.163744: amp 0
1:24:58.163744: off 90
1:24:58.163744: phb 0
1:25:05.055297: freq 0.05
1:25:05.399041: freq 0.1
1:25:11.446528: freq 0
1:25:11.446528: amp 0
1:25:11.462840: off 90
1:25:11.462840: phb 0
1:37:20.003547: freq 0.05
1:37:20.006008: freq 0.1
1:37:20.050540: freq 0.15
1:37:20.113174: freq 0.2
1:37:20.128633: freq 0.2
1:37:20.316312: freq 0.25
1:37:20.816911: freq 0.3
1:37:21.099001: freq 0.25
1:37:21.333771: freq 0.2
1:37:21.396226: freq 0.15
1:37:21.490270: freq 0.1
1:37:21.506533: freq 0.1
1:37:21.523513: freq 0.05
1:37:21.585142: freq 0.05
1:37:21.600782: freq 0
1:37:21.821275: freq 0.05
1:37:21.884393: freq 0.1
1:37:21.918372: freq 0.15
1:37:21.947772: freq 0.2
1:37:21.979184: freq 0.25
1:37:21.994831: freq 0.25
1:37:22.041995: freq 0.3
1:37:22.057545: freq 0.3
1:37:22.088756: freq 0.35
1:37:22.260747: freq 0.3
1:37:22.292046: freq 0.25
1:37:22.338932: freq 0.2
1:37:22.354754: freq 0.15
1:37:22.386044: freq 0.1
1:37:22.417426: freq 0.05
1:37:22.480204: freq 0
1:37:22.622140: freq 0.05
1:37:22.653229: freq 0.1
1:37:22.684485: freq 0.1
1:37:22.684485: freq 0.15
1:37:22.700183: freq 0.2
1:37:22.763359: freq 0.25
1:37:24.299269: phb 4.379149728578655
1:37:24.408599: phb 4.312151281293408
1:37:25.502397: phb 2.743069418055163
1:52:39.774385: freq 0.55
1:52:40.525975: freq 0.25
