Time, Frequency, Amplitude, Offset, PhaseShift, Phase
0:00:00.057136, 0.0, 0.0, 90.0, 0.0, 127105.25
0:00:00.155894, 0.0, 0.0, 90.0, 0.0, 127105.875
0:00:00.256644, 0.0, 0.0, 90.0, 0.0, 127106.515625
0:00:00.371540, 0.0, 0.0, 90.0, 0.0, 127107.2421875
0:00:00.484497, 0.0, 0.0, 90.0, 0.0, 127107.953125
0:00:00.570048, 0.0, 0.0, 90.0, 0.0, 127108.484375
0:00:00.681940, 0.0, 0.0, 90.0, 0.0, 127109.1953125
0:00:00.776189, 0.0, 0.0, 90.0, 0.0, 127109.796875
0:00:00.864833, 0.0, 0.0, 90.0, 0.0, 127110.3515625
0:00:00.978797, 0.0, 0.0, 90.0, 0.0, 127111.0703125
0:00:01.077197, 0.0, 0.0, 90.0, 0.0, 127111.6953125
0:00:01.177814, 0.0, 0.0, 90.0, 0.0, 127112.3359375
0:00:01.267391, 0.0, 0.0, 90.0, 0.0, 127112.890625
0:00:01.383229, 0.0, 0.0, 90.0, 0.0, 127113.625
0:00:01.495136, 0.0, 0.0, 90.0, 0.0, 127114.3359375
0:00:01.578670, 0.0, 0.0, 90.0, 0.0, 127114.8671875
0:00:01.677087, 0.0, 0.0, 90.0, 0.0, 127115.4921875
0:00:01.784326, 0.0, 0.0, 90.0, 0.0, 127116.1640625
0:00:01.891545, 0.0, 0.0, 90.0, 0.0, 127116.8359375
0:00:01.987664, 0.0, 0.0, 90.0, 0.0, 127117.4453125
0:00:02.080401, 0.0, 0.0, 90.0, 0.0, 127118.03125
0:00:02.190230, 0.0, 0.0, 90.0, 0.0, 127118.71875
0:00:02.298547, 0.0, 0.0, 90.0, 0.0, 127119.40625
0:00:02.399198, 0.0, 0.0, 90.0, 0.0, 127120.03125
0:00:02.488702, 0.0, 0.0, 90.0, 0.0, 127120.59375
0:00:02.607807, 0.0, 0.0, 90.0, 0.0, 127121.34375
0:00:02.700571, 0.0, 0.0, 90.0, 0.0, 127121.9296875
0:00:02.786993, 0.0, 0.0, 90.0, 0.0, 127122.4765625
0:00:02.913006, 0.0, 0.0, 90.0, 0.0, 127123.265625
0:00:03.004379, 0.0, 0.0, 90.0, 0.0, 127123.8359375
0:00:03.115175, 0.0, 0.0, 90.0, 0.0, 127124.5390625
0:00:03.202843, 0.0, 0.0, 90.0, 0.0, 127125.09375
0:00:03.312737, 0.0, 0.0, 90.0, 0.0, 127125.7890625
0:00:03.397177, 0.0, 0.0, 90.0, 0.0, 127126.3203125
0:00:03.497836, 0.0, 0.0, 90.0, 0.0, 127126.9609375
0:00:03.619139, 0.0, 0.0, 90.0, 0.0, 127127.7265625
0:00:03.718874, 0.0, 0.0, 90.0, 0.0, 127128.3515625
0:00:03.807407, 0.0, 0.0, 90.0, 0.0, 127128.9140625
0:00:03.918740, 0.0, 0.0, 90.0, 0.0, 127129.609375
0:00:04.016122, 0.0, 0.0, 90.0, 0.0, 127130.2265625
0:00:04.123450, 0.0, 0.0, 90.0, 0.0, 127130.90625
0:00:04.208913, 0.0, 0.0, 90.0, 0.0, 127131.453125
0:00:04.324859, 0.0, 0.0, 90.0, 0.0, 127132.1875
0:00:04.403709, 0.0, 0.0, 90.0, 0.0, 127132.6875
0:00:04.512912, 0.0, 0.0, 90.0, 0.0, 127133.375
0:00:04.627897, 0.0, 0.0, 90.0, 0.0, 127134.1015625
0:00:04.713428, 0.0, 0.0, 90.0, 0.0, 127134.6484375
0:00:04.822356, 0.0, 0.0, 90.0, 0.0, 127135.3359375
0:00:04.933226, 0.0, 0.0, 90.0, 0.0, 127136.0390625
0:00:05.020713, 0.0, 0.0, 90.0, 0.0, 127136.5859375
0:00:05.119073, 0.0, 0.0, 90.0, 0.0, 127137.2109375
0:00:05.218556, 0.0, 0.0, 90.0, 0.0, 127137.8359375
0:00:05.331540, 0.0, 0.0, 90.0, 0.0, 127138.5546875
0:00:05.418039, 0.0, 0.0, 90.0, 0.0, 127139.09375
0:00:05.516706, 0.0, 0.0, 90.0, 0.0, 127139.7265625
0:00:05.628586, 0.0, 0.0, 90.0, 0.0, 127140.4375
0:00:05.720575, 0.0, 0.0, 90.0, 0.0, 127141.015625
0:00:05.832429, 0.0, 0.0, 90.0, 0.0, 127141.71875
0:00:05.918948, 0.0, 0.0, 90.0, 0.0, 127142.265625
0:00:06.040990, 0.0, 0.0, 90.0, 0.0, 127143.03125
0:00:06.139708, 0.0, 0.0, 90.0, 0.0, 127143.6484375
0:00:06.231434, 0.0, 0.0, 90.0, 0.0, 127144.21875
0:00:06.348240, 0.0, 0.0, 90.0, 0.0, 127144.9453125
0:00:06.445877, 0.0, 0.0, 90.0, 0.0, 127145.5625
0:00:06.532454, 0.0, 0.0, 90.0, 0.0, 127146.109375
0:00:06.649348, 0.0, 0.0, 90.0, 0.0, 127146.84375
0:00:06.734886, 0.0, 0.0, 90.0, 0.0, 127147.3828125
0:00:06.850860, 0.0, 0.0, 90.0, 0.0, 127148.109375
0:00:06.930848, 0.0, 0.0, 90.0, 0.0, 127148.609375
0:00:07.041734, 0.0, 0.0, 90.0, 0.0, 127149.3125
0:00:07.139196, 0.0, 0.0, 90.0, 0.0, 127149.9296875
0:00:07.255009, 0.0, 0.0, 90.0, 0.0, 127150.6640625
0:00:07.339451, 0.0, 0.0, 90.0, 0.0, 127151.1953125
0:00:07.441279, 0.0, 0.0, 90.0, 0.0, 127151.828125
0:00:07.539710, 0.0, 0.0, 90.0, 0.0, 127152.453125
0:00:07.631441, 0.0, 0.0, 90.0, 0.0, 127153.0390625
0:00:07.741738, 0.0, 0.0, 90.0, 0.0, 127153.734375
0:00:07.839881, 0.0, 0.0, 90.0, 0.0, 127154.3515625
0:00:07.940268, 0.0, 0.0, 90.0, 0.0, 127154.984375
0:00:08.054151, 0.0, 0.0, 90.0, 0.0, 127155.703125
0:00:08.140739, 0.0, 0.0, 90.0, 0.0, 127156.25
0:00:08.257624, 0.0, 0.0, 90.0, 0.0, 127156.9765625
0:00:08.345373, 0.0, 0.0, 90.0, 0.0, 127157.5234375
0:00:08.451633, 0.0, 0.0, 90.0, 0.0, 127158.203125
0:00:08.566476, 0.0, 0.0, 90.0, 0.0, 127158.9296875
0:00:08.652952, 0.0, 0.0, 90.0, 0.0, 127159.46875
0:00:08.771859, 0.0, 0.0, 90.0, 0.0, 127160.21875
0:00:08.869903, 0.0, 0.0, 90.0, 0.0, 127160.84375
0:00:08.971611, 0.0, 0.0, 90.0, 0.0, 127161.4765625
0:00:09.059072, 0.0, 0.0, 90.0, 0.0, 127162.0234375
0:00:09.159764, 0.0, 0.0, 90.0, 0.0, 127162.65625
0:00:09.260321, 0.0, 0.0, 90.0, 0.0, 127163.2890625
0:00:09.359749, 0.0, 0.0, 90.0, 0.0, 127163.921875
0:00:09.474724, 0.0, 0.0, 90.0, 0.0, 127164.6484375
0:00:09.560153, 0.0, 0.0, 90.0, 0.0, 127165.1875
0:00:09.652445, 0.0, 0.0, 90.0, 0.0, 127165.78125
0:00:09.761760, 0.0, 0.0, 90.0, 0.0, 127166.46875
0:00:09.852630, 0.0, 0.0, 90.0, 0.0, 127167.0390625
0:00:09.966624, 0.0, 0.0, 90.0, 0.0, 127167.7578125
0:00:10.053143, 0.0, 0.0, 90.0, 0.0, 127168.3125
0:00:10.167033, 0.0, 0.0, 90.0, 0.0, 127169.0234375
0:00:10.281918, 0.0, 0.0, 90.0, 0.0, 127169.7578125
0:00:10.374379, 0.0, 0.0, 90.0, 0.0, 127170.3359375
0:00:10.462871, 0.0, 0.0, 90.0, 0.0, 127170.890625
0:00:10.561221, 0.0, 0.0, 90.0, 0.0, 127171.5078125
0:00:10.682618, 0.0, 0.0, 90.0, 0.0, 127172.2734375
0:00:10.781772, 0.0, 0.0, 90.0, 0.0, 127172.8984375
0:00:10.874479, 0.0, 0.0, 90.0, 0.0, 127173.4765625
0:00:10.963026, 0.0, 0.0, 90.0, 0.0, 127174.03125
0:00:11.091045, 0.0, 0.0, 90.0, 0.0, 127174.84375
0:00:11.191751, 0.0, 0.0, 90.0, 0.0, 127175.484375
0:00:11.283767, 0.0, 0.0, 90.0, 0.0, 127176.0625
0:00:11.368303, 0.0, 0.0, 90.0, 0.0, 127176.5859375
0:00:11.483224, 0.0, 0.0, 90.0, 0.0, 127177.3125
0:00:11.578758, 0.0, 0.0, 90.0, 0.0, 127177.921875
0:00:11.692752, 0.0, 0.0, 90.0, 0.0, 127178.6484375
0:00:11.788134, 0.0, 0.0, 90.0, 0.0, 127179.2578125
0:00:11.875626, 0.0, 0.0, 90.0, 0.0, 127179.8046875
0:00:11.983924, 0.0, 0.0, 90.0, 0.0, 127180.484375
0:00:12.095901, 0.0, 0.0, 90.0, 0.0, 127181.1953125
0:00:12.193631, 0.0, 0.0, 90.0, 0.0, 127181.8046875
0:00:12.291267, 0.0, 0.0, 90.0, 0.0, 127182.421875
0:00:12.385314, 0.0, 0.0, 90.0, 0.0, 127183.015625
0:00:12.499179, 0.0, 0.0, 90.0, 0.0, 127183.7421875
0:00:12.584777, 0.0, 0.0, 90.0, 0.0, 127184.28125
0:00:12.696265, 0.0, 0.0, 90.0, 0.0, 127184.9921875
0:00:12.780903, 0.0, 0.0, 90.0, 0.0, 127185.5234375
0:00:12.906197, 0.0, 0.0, 90.0, 0.0, 127186.3203125
0:00:12.991769, 0.0, 0.0, 90.0, 0.0, 127186.859375
0:00:13.093119, 0.0, 0.0, 90.0, 0.0, 127187.5
0:00:13.192485, 0.0, 0.0, 90.0, 0.0, 127188.125
0:00:13.302783, 0.0, 0.0, 90.0, 0.0, 127188.828125
0:00:13.413038, 0.0, 0.0, 90.0, 0.0, 127189.515625
0:00:13.514130, 0.0, 0.0, 90.0, 0.0, 127190.1484375
0:00:13.599648, 0.0, 0.0, 90.0, 0.0, 127190.6953125
0:00:13.706960, 0.0, 0.0, 90.0, 0.0, 127191.3671875
0:00:13.792500, 0.0, 0.0, 90.0, 0.0, 127191.9140625
0:00:13.912621, 0.0, 0.0, 90.0, 0.0, 127192.6796875
0:00:14.012279, 0.0, 0.0, 90.0, 0.0, 127193.3046875
0:00:14.103944, 0.0, 0.0, 90.0, 0.0, 127193.890625
0:00:14.213191, 0.0, 0.0, 90.0, 0.0, 127194.5703125
0:00:14.312271, 0.0, 0.0, 90.0, 0.0, 127195.1953125
0:00:14.412653, 0.0, 0.0, 90.0, 0.0, 127195.828125
0:00:14.510997, 0.0, 0.0, 90.0, 0.0, 127196.4453125
0:00:14.623974, 0.0, 0.0, 90.0, 0.0, 127197.1640625
0:00:14.708503, 0.0, 0.0, 90.0, 0.0, 127197.6953125
0:00:14.823421, 0.0, 0.0, 90.0, 0.0, 127198.4296875
0:00:14.907912, 0.0, 0.0, 90.0, 0.0, 127198.9609375
0:00:15.004416, 0.0, 0.0, 90.0, 0.0, 127199.5703125
0:00:15.103027, 0.0, 0.0, 90.0, 0.0, 127200.1953125
0:00:15.219984, 0.0, 0.0, 90.0, 0.0, 127200.9296875
0:00:15.305512, 0.0, 0.0, 90.0, 0.0, 127201.46875
0:00:15.417422, 0.0, 0.0, 90.0, 0.0, 127202.1796875
0:00:15.514652, 0.0, 0.0, 90.0, 0.0, 127202.796875
0:00:15.613346, 0.0, 0.0, 90.0, 0.0, 127203.421875
0:00:15.725291, 0.0, 0.0, 90.0, 0.0, 127204.1328125
0:00:15.822089, 0.0, 0.0, 90.0, 0.0, 127204.7421875
0:00:15.920726, 0.0, 0.0, 90.0, 0.0, 127205.3671875
0:00:16.043147, 0.0, 0.0, 90.0, 0.0, 127206.140625
0:00:16.115211, 0.0, 0.0, 90.0, 0.0, 127206.59375
0:00:16.212836, 0.0, 0.0, 90.0, 0.0, 127207.2109375
0:00:16.334297, 0.0, 0.0, 90.0, 0.0, 127207.9765625
0:00:16.433001, 0.0, 0.0, 90.0, 0.0, 127208.59375
0:00:16.524683, 0.0, 0.0, 90.0, 0.0, 127209.1796875
0:00:16.640654, 0.0, 0.0, 90.0, 0.0, 127209.90625
0:00:16.724150, 0.0, 0.0, 90.0, 0.0, 127210.4296875
0:00:16.840296, 0.0, 0.0, 90.0, 0.0, 127211.1640625
0:00:16.924831, 0.0, 0.0, 90.0, 0.0, 127211.6953125
0:00:17.020431, 0.0, 0.0, 90.0, 0.0, 127212.3046875
0:00:17.127700, 0.0, 0.0, 90.0, 0.0, 127212.984375
0:00:17.236033, 0.0, 0.0, 90.0, 0.0, 127213.671875
0:00:17.323519, 0.0, 0.0, 90.0, 0.0, 127214.21875
0:00:17.423951, 0.0, 0.0, 90.0, 0.0, 127214.8515625
0:00:17.545068, 0.0, 0.0, 90.0, 0.0, 127215.609375
0:00:17.643799, 0.0, 0.0, 90.0, 0.0, 127216.2265625
0:00:17.737520, 0.0, 0.0, 90.0, 0.0, 127216.8203125
0:00:17.850532, 0.0, 0.0, 90.0, 0.0, 127217.5390625
0:00:17.931324, 0.0, 0.0, 90.0, 0.0, 127218.0546875
0:00:18.050349, 0.0, 0.0, 90.0, 0.0, 127218.8046875
0:00:18.135966, 0.0, 0.0, 90.0, 0.0, 127219.34375
0:00:18.255302, 0.0, 0.0, 90.0, 0.0, 127220.09375
0:00:18.339849, 0.0, 0.0, 90.0, 0.0, 127220.625
0:00:18.448019, 0.0, 0.0, 90.0, 0.0, 127221.3046875
0:00:18.534565, 0.0, 0.0, 90.0, 0.0, 127221.8515625
0:00:18.654665, 0.0, 0.0, 90.0, 0.0, 127222.609375
0:00:18.747541, 0.0, 0.0, 90.0, 0.0, 127223.1875
0:00:18.835104, 0.0, 0.0, 90.0, 0.0, 127223.734375
0:00:18.961831, 0.0, 0.0, 90.0, 0.0, 127224.53125
0:00:19.048528, 0.0, 0.0, 90.0, 0.0, 127225.078125
0:00:19.139845, 0.0, 0.0, 90.0, 0.0, 127225.6484375
0:00:19.253843, 0.0, 0.0, 90.0, 0.0, 127226.375
0:00:19.348599, 0.0, 0.0, 90.0, 0.0, 127226.9765625
0:00:19.444674, 0.0, 0.0, 90.0, 0.0, 127227.5859375
0:00:19.543348, 0.0, 0.0, 90.0, 0.0, 127228.203125
0:00:19.661431, 0.0, 0.0, 90.0, 0.0, 127228.9453125
0:00:19.765674, 0.0, 0.0, 90.0, 0.0, 127229.609375
0:00:19.854244, 0.0, 0.0, 90.0, 0.0, 127230.15625
0:00:19.969132, 0.0, 0.0, 90.0, 0.0, 127230.8828125
0:00:20.052050, 0.0, 0.0, 90.0, 0.0, 127231.40625
0:00:20.165014, 0.0, 0.0, 90.0, 0.0, 127232.109375
0:00:20.258343, 0.0, 0.0, 90.0, 0.0, 127232.703125
0:00:20.354142, 0.0, 0.0, 90.0, 0.0, 127233.3046875
0:00:20.468090, 0.0, 0.0, 90.0, 0.0, 127234.0234375
0:00:20.566842, 0.0, 0.0, 90.0, 0.0, 127234.6484375
0:00:20.663557, 0.0, 0.0, 90.0, 0.0, 127235.2578125
0:00:20.755562, 0.0, 0.0, 90.0, 0.0, 127235.84375
0:00:20.872549, 0.0, 0.0, 90.0, 0.0, 127236.578125
0:00:20.976732, 0.0, 0.0, 90.0, 0.0, 127237.234375
0:00:21.064367, 0.0, 0.0, 90.0, 0.0, 127237.7890625
0:00:21.179317, 0.0, 0.0, 90.0, 0.0, 127238.515625
0:00:21.261825, 0.0, 0.0, 90.0, 0.0, 127239.03125
0:00:21.378969, 0.0, 0.0, 90.0, 0.0, 127239.7734375
0:00:21.487214, 0.0, 0.0, 90.0, 0.0, 127240.4609375
0:00:21.567103, 0.0, 0.0, 90.0, 0.0, 127240.96875
0:00:21.676383, 0.0, 0.0, 90.0, 0.0, 127241.65625
0:00:21.775567, 0.0, 0.0, 90.0, 0.0, 127242.28125
0:00:21.875110, 0.0, 0.0, 90.0, 0.0, 127242.90625
0:00:21.966857, 0.0, 0.0, 90.0, 0.0, 127243.484375
0:00:22.076149, 0.0, 0.0, 90.0, 0.0, 127244.1640625
0:00:22.175710, 0.0, 0.0, 90.0, 0.0, 127244.7890625
0:00:22.289694, 0.0, 0.0, 90.0, 0.0, 127245.5078125
0:00:22.378239, 0.0, 0.0, 90.0, 0.0, 127246.0703125
0:00:22.490087, 0.0, 0.0, 90.0, 0.0, 127246.7734375
0:00:22.587389, 0.0, 0.0, 90.0, 0.0, 127247.3828125
0:00:22.686222, 0.0, 0.0, 90.0, 0.0, 127248.0078125
0:00:22.776885, 0.0, 0.0, 90.0, 0.0, 127248.5859375
0:00:22.887857, 0.0, 0.0, 90.0, 0.0, 127249.2890625
0:00:22.997070, 0.0, 0.0, 90.0, 0.0, 127249.9765625
0:00:23.096190, 0.0, 0.0, 90.0, 0.0, 127250.6015625
0:00:23.187862, 0.0, 0.0, 90.0, 0.0, 127251.1796875
0:00:23.295113, 0.0, 0.0, 90.0, 0.0, 127251.8515625
0:00:23.387945, 0.0, 0.0, 90.0, 0.0, 127252.4375
0:00:23.484721, 0.0, 0.0, 90.0, 0.0, 127253.046875
0:00:23.589943, 0.0, 0.0, 90.0, 0.0, 127253.7109375
0:00:23.706866, 0.0, 0.0, 90.0, 0.0, 127254.4375
0:00:23.803286, 0.0, 0.0, 90.0, 0.0, 127255.0390625
0:00:23.886865, 0.0, 0.0, 90.0, 0.0, 127255.5703125
0:00:24.002983, 0.0, 0.0, 90.0, 0.0, 127256.3046875
0:00:24.097998, 0.0, 0.0, 90.0, 0.0, 127256.90625
0:00:24.193410, 0.0, 0.0, 90.0, 0.0, 127257.515625
0:00:24.299774, 0.0, 0.0, 90.0, 0.0, 127258.1796875
0:00:24.413736, 0.0, 0.0, 90.0, 0.0, 127258.8984375
0:00:24.500274, 0.0, 0.0, 90.0, 0.0, 127259.4453125
0:00:24.611152, 0.0, 0.0, 90.0, 0.0, 127260.1484375
0:00:24.705494, 0.0, 0.0, 90.0, 0.0, 127260.7421875
0:00:24.821276, 0.0, 0.0, 90.0, 0.0, 127261.4765625
0:00:24.916717, 0.0, 0.0, 90.0, 0.0, 127262.078125
0:00:25.017052, 0.0, 0.0, 90.0, 0.0, 127262.7109375
0:00:25.100579, 0.0, 0.0, 90.0, 0.0, 127263.2421875
0:00:25.197173, 0.0, 0.0, 90.0, 0.0, 127263.84375
0:00:25.323259, 0.0, 0.0, 90.0, 0.0, 127264.6484375
0:00:25.410846, 0.0, 0.0, 90.0, 0.0, 127265.1953125
0:00:25.520039, 0.0, 0.0, 90.0, 0.0, 127265.8828125
0:00:25.615734, 0.0, 0.0, 90.0, 0.0, 127266.4921875
0:00:25.702266, 0.0, 0.0, 90.0, 0.0, 127267.0390625
0:00:25.817128, 0.0, 0.0, 90.0, 0.0, 127267.765625
0:00:25.930027, 0.0, 0.0, 90.0, 0.0, 127268.4765625
0:00:26.016554, 0.0, 0.0, 90.0, 0.0, 127269.015625
0:00:26.113894, 0.0, 0.0, 90.0, 0.0, 127269.625
0:00:26.228897, 0.0, 0.0, 90.0, 0.0, 127270.3515625
0:00:26.327018, 0.0, 0.0, 90.0, 0.0, 127270.96875
0:00:26.418850, 0.0, 0.0, 90.0, 0.0, 127271.546875
0:00:26.528156, 0.0, 0.0, 90.0, 0.0, 127272.234375
0:00:26.627229, 0.0, 0.0, 90.0, 0.0, 127272.859375
0:00:26.726607, 0.0, 0.0, 90.0, 0.0, 127273.484375
0:00:26.818699, 0.0, 0.0, 90.0, 0.0, 127274.0625
0:00:26.930727, 0.0, 0.0, 90.0, 0.0, 127274.765625
0:00:27.017211, 0.0, 0.0, 90.0, 0.0, 127275.3125
0:00:27.127589, 0.0, 0.0, 90.0, 0.0, 127276.015625
0:00:27.241517, 0.0, 0.0, 90.0, 0.0, 127276.7265625
0:00:27.328075, 0.0, 0.0, 90.0, 0.0, 127277.265625
0:00:27.438309, 0.0, 0.0, 90.0, 0.0, 127277.9609375
0:00:27.530362, 0.0, 0.0, 90.0, 0.0, 127278.5390625
0:00:27.643237, 0.0, 0.0, 90.0, 0.0, 127279.25
0:00:27.730875, 0.0, 0.0, 90.0, 0.0, 127279.796875
0:00:27.851575, 0.0, 0.0, 90.0, 0.0, 127280.5625
0:00:27.948197, 0.0, 0.0, 90.0, 0.0, 127281.171875
0:00:28.045899, 0.0, 0.0, 90.0, 0.0, 127281.7890625
0:00:28.131410, 0.0, 0.0, 90.0, 0.0, 127282.328125
0:00:28.255196, 0.0, 0.0, 90.0, 0.0, 127283.1171875
0:00:28.342761, 0.0, 0.0, 90.0, 0.0, 127283.671875
0:00:28.454616, 0.0, 0.0, 90.0, 0.0, 127284.3828125
0:00:28.541157, 0.0, 0.0, 90.0, 0.0, 127284.9296875
0:00:28.653037, 0.0, 0.0, 90.0, 0.0, 127285.640625
0:00:28.733960, 0.0, 0.0, 90.0, 0.0, 127286.1484375
0:00:28.846910, 0.0, 0.0, 90.0, 0.0, 127286.8515625
0:00:28.942758, 0.0, 0.0, 90.0, 0.0, 127287.4609375
0:00:29.038770, 0.0, 0.0, 90.0, 0.0, 127288.0625
0:00:29.138438, 0.0, 0.0, 90.0, 0.0, 127288.6875
0:00:29.237915, 0.0, 0.0, 90.0, 0.0, 127289.3125
0:00:29.350903, 0.0, 0.0, 90.0, 0.0, 127290.03125
0:00:29.465786, 0.0, 0.0, 90.0, 0.0, 127290.75
0:00:29.549283, 0.0, 0.0, 90.0, 0.0, 127291.28125
0:00:29.649654, 0.0, 0.0, 90.0, 0.0, 127291.90625
0:00:29.769759, 0.0, 0.0, 90.0, 0.0, 127292.65625
0:00:29.854283, 0.0, 0.0, 90.0, 0.0, 127293.1953125
0:00:29.969192, 0.0, 0.0, 90.0, 0.0, 127293.921875
0:00:30.056673, 0.0, 0.0, 90.0, 0.0, 127294.4765625
0:00:30.150292, 0.0, 0.0, 90.0, 0.0, 127295.0625
0:00:30.247032, 0.0, 0.0, 90.0, 0.0, 127295.6796875
0:00:30.353279, 0.0, 0.0, 90.0, 0.0, 127296.3515625
0:00:30.468133, 0.0, 0.0, 90.0, 0.0, 127297.078125
0:00:30.554742, 0.0, 0.0, 90.0, 0.0, 127297.6171875
0:00:30.667640, 0.0, 0.0, 90.0, 0.0, 127298.328125
0:00:30.755200, 0.0, 0.0, 90.0, 0.0, 127298.8828125
0:00:30.867199, 0.0, 0.0, 90.0, 0.0, 127299.5859375
0:00:30.955782, 0.0, 0.0, 90.0, 0.0, 127300.140625
0:00:31.070788, 0.0, 0.0, 90.0, 0.0, 127300.8671875
0:00:31.166088, 0.0, 0.0, 90.0, 0.0, 127301.46875
0:00:31.273342, 0.0, 0.0, 90.0, 0.0, 127302.15625
0:00:31.369777, 0.0, 0.0, 90.0, 0.0, 127302.7578125
0:00:31.468374, 0.0, 0.0, 90.0, 0.0, 127303.375
0:00:31.572062, 0.0, 0.0, 90.0, 0.0, 127304.0234375
0:00:31.660607, 0.0, 0.0, 90.0, 0.0, 127304.578125
0:00:31.790981, 0.0, 0.0, 90.0, 0.0, 127305.390625
0:00:31.878177, 0.0, 0.0, 90.0, 0.0, 127305.9375
0:00:31.977790, 0.0, 0.0, 90.0, 0.0, 127306.5703125
0:00:32.089645, 0.0, 0.0, 90.0, 0.0, 127307.28125
0:00:32.178193, 0.0, 0.0, 90.0, 0.0, 127307.8359375
0:00:32.285386, 0.0, 0.0, 90.0, 0.0, 127308.5078125
0:00:32.374951, 0.0, 0.0, 90.0, 0.0, 127309.0703125
0:00:32.488921, 0.0, 0.0, 90.0, 0.0, 127309.7890625
0:00:32.571089, 0.0, 0.0, 90.0, 0.0, 127310.3125
0:00:32.688073, 0.0, 0.0, 90.0, 0.0, 127311.046875
0:00:32.775766, 0.0, 0.0, 90.0, 0.0, 127311.59375
0:00:32.889648, 0.0, 0.0, 90.0, 0.0, 127312.3125
0:00:32.978204, 0.0, 0.0, 90.0, 0.0, 127312.875
0:00:33.098561, 0.0, 0.0, 90.0, 0.0, 127313.6328125
0:00:33.180435, 0.0, 0.0, 90.0, 0.0, 127314.1484375
0:00:33.296390, 0.0, 0.0, 90.0, 0.0, 127314.875
0:00:33.376315, 0.0, 0.0, 90.0, 0.0, 127315.3828125
0:00:33.492201, 0.0, 0.0, 90.0, 0.0, 127316.1171875
0:00:33.589990, 0.0, 0.0, 90.0, 0.0, 127316.7265625
0:00:33.703942, 0.0, 0.0, 90.0, 0.0, 127317.4453125
0:00:33.800775, 0.0, 0.0, 90.0, 0.0, 127318.0546875
0:00:33.899400, 0.0, 0.0, 90.0, 0.0, 127318.6796875
0:00:34.000100, 0.0, 0.0, 90.0, 0.0, 127319.3203125
0:00:34.088660, 0.0, 0.0, 90.0, 0.0, 127319.875
0:00:34.204656, 0.0, 0.0, 90.0, 0.0, 127320.609375
0:00:34.312948, 0.0, 0.0, 90.0, 0.0, 127321.2890625
0:00:34.409696, 0.0, 0.0, 90.0, 0.0, 127321.8984375
0:00:34.502358, 0.0, 0.0, 90.0, 0.0, 127322.484375
0:00:34.616293, 0.0, 0.0, 90.0, 0.0, 127323.203125
0:00:34.700817, 0.0, 0.0, 90.0, 0.0, 127323.734375
0:00:34.819673, 0.0, 0.0, 90.0, 0.0, 127324.484375
0:00:34.911838, 0.0, 0.0, 90.0, 0.0, 127325.0625
0:00:35.021123, 0.0, 0.0, 90.0, 0.0, 127325.75
0:00:35.120183, 0.0, 0.0, 90.0, 0.0, 127326.3671875
0:00:35.213945, 0.0, 0.0, 90.0, 0.0, 127326.9609375
0:00:35.300405, 0.0, 0.0, 90.0, 0.0, 127327.5078125
0:00:35.399817, 0.0, 0.0, 90.0, 0.0, 127328.1328125
0:00:35.515687, 0.0, 0.0, 90.0, 0.0, 127328.8671875
0:00:35.603255, 0.0, 0.0, 90.0, 0.0, 127329.421875
0:00:35.716141, 0.0, 0.0, 90.0, 0.0, 127330.1328125
0:00:35.830115, 0.0, 0.0, 90.0, 0.0, 127330.84375
0:00:35.927974, 0.0, 0.0, 90.0, 0.0, 127331.4609375
0:00:36.010958, 0.0, 0.0, 90.0, 0.0, 127331.984375
0:00:36.134683, 0.0, 0.0, 90.0, 0.0, 127332.765625
0:00:36.232085, 0.0, 0.0, 90.0, 0.0, 127333.375
0:00:36.330445, 0.0, 0.0, 90.0, 0.0, 127333.9921875
0:00:36.424148, 0.0, 0.0, 90.0, 0.0, 127334.578125
0:00:36.512688, 0.0, 0.0, 90.0, 0.0, 127335.1328125
0:00:36.640791, 0.0, 0.0, 90.0, 0.0, 127335.9296875
0:00:36.724292, 0.0, 0.0, 90.0, 0.0, 127336.4609375
0:00:36.820684, 0.0, 0.0, 90.0, 0.0, 127337.0625
0:00:36.914127, 0.0, 0.0, 90.0, 0.0, 127337.65625
0:00:37.037225, 0.0, 0.0, 90.0, 0.0, 127338.4296875
0:00:37.117130, 0.0, 0.0, 90.0, 0.0, 127338.9296875
0:00:37.231149, 0.0, 0.0, 90.0, 0.0, 127339.6484375
0:00:37.331270, 0.0, 0.0, 90.0, 0.0, 127340.2734375
0:00:37.431984, 0.0, 0.0, 90.0, 0.0, 127340.90625
0:00:37.530387, 0.0, 0.0, 90.0, 0.0, 127341.5234375
0:00:37.641282, 0.0, 0.0, 90.0, 0.0, 127342.2265625
0:00:37.723168, 0.0, 0.0, 90.0, 0.0, 127342.7421875
0:00:37.836128, 0.0, 0.0, 90.0, 0.0, 127343.453125
0:00:37.954046, 0.0, 0.0, 90.0, 0.0, 127344.203125
0:00:38.039601, 0.0, 0.0, 90.0, 0.0, 127344.7421875
0:00:38.126123, 0.0, 0.0, 90.0, 0.0, 127345.2890625
0:00:38.240037, 0.0, 0.0, 90.0, 0.0, 127346.0078125
0:00:38.327677, 0.0, 0.0, 90.0, 0.0, 127346.5625
0:00:38.440505, 0.0, 0.0, 90.0, 0.0, 127347.28125
0:00:38.535167, 0.0, 0.0, 90.0, 0.0, 127347.875
0:00:38.653000, 0.0, 0.0, 90.0, 0.0, 127348.6171875
0:00:38.750779, 0.0, 0.0, 90.0, 0.0, 127349.234375
0:00:38.842706, 0.0, 0.0, 90.0, 0.0, 127349.8125
0:00:38.931274, 0.0, 0.0, 90.0, 0.0, 127350.3671875
0:00:39.046186, 0.0, 0.0, 90.0, 0.0, 127351.09375
0:00:39.153388, 0.0, 0.0, 90.0, 0.0, 127351.7734375
0:00:39.259731, 0.0, 0.0, 90.0, 0.0, 127352.4453125
0:00:39.348248, 0.0, 0.0, 90.0, 0.0, 127353.0
0:00:39.462124, 0.0, 0.0, 90.0, 0.0, 127353.7265625
0:00:39.556146, 0.0, 0.0, 90.0, 0.0, 127354.3203125
0:00:39.641699, 0.0, 0.0, 90.0, 0.0, 127354.8671875
0:00:39.742283, 0.0, 0.0, 90.0, 0.0, 127355.5
0:00:39.864355, 0.0, 0.0, 90.0, 0.0, 127356.265625
0:00:39.962013, 0.0, 0.0, 90.0, 0.0, 127356.875
0:00:40.054720, 0.0, 0.0, 90.0, 0.0, 127357.4609375
0:00:40.165531, 0.0, 0.0, 90.0, 0.0, 127358.1640625
0:00:40.253174, 0.0, 0.0, 90.0, 0.0, 127358.7109375
0:00:40.364343, 0.0, 0.0, 90.0, 0.0, 127359.40625
0:00:40.451861, 0.0, 0.0, 90.0, 0.0, 127359.953125
0:00:40.573186, 0.0, 0.0, 90.0, 0.0, 127360.7265625
0:00:40.662751, 0.0, 0.0, 90.0, 0.0, 127361.2890625
0:00:40.776709, 0.0, 0.0, 90.0, 0.0, 127362.0078125
0:00:40.869342, 0.0, 0.0, 90.0, 0.0, 127362.59375
0:00:40.954863, 0.0, 0.0, 90.0, 0.0, 127363.1328125
0:00:41.077011, 0.0, 0.0, 90.0, 0.0, 127363.90625
0:00:41.173027, 0.0, 0.0, 90.0, 0.0, 127364.5078125
0:00:41.269725, 0.0, 0.0, 90.0, 0.0, 127365.125
0:00:41.383686, 0.0, 0.0, 90.0, 0.0, 127365.84375
0:00:41.481771, 0.0, 0.0, 90.0, 0.0, 127366.4609375
0:00:41.582345, 0.0, 0.0, 90.0, 0.0, 127367.09375
0:00:41.674145, 0.0, 0.0, 90.0, 0.0, 127367.671875
0:00:41.784392, 0.0, 0.0, 90.0, 0.0, 127368.3671875
0:00:41.876868, 0.0, 0.0, 90.0, 0.0, 127368.9453125
0:00:41.973494, 0.0, 0.0, 90.0, 0.0, 127369.546875
0:00:42.083370, 0.0, 0.0, 90.0, 0.0, 127370.234375
0:00:42.192634, 0.0, 0.0, 90.0, 0.0, 127370.9296875
0:00:42.291466, 0.0, 0.0, 90.0, 0.0, 127371.546875
0:00:42.378050, 0.0, 0.0, 90.0, 0.0, 127372.09375
0:00:42.475387, 0.0, 0.0, 90.0, 0.0, 127372.7109375
0:00:42.573041, 0.0, 0.0, 90.0, 0.0, 127373.3203125
0:00:42.695160, 0.0, 0.0, 90.0, 0.0, 127374.09375
0:00:42.792758, 0.0, 0.0, 90.0, 0.0, 127374.7109375
0:00:42.874698, 0.0, 0.0, 90.0, 0.0, 127375.234375
0:00:42.974086, 0.0, 0.0, 90.0, 0.0, 127375.859375
0:00:43.092158, 0.0, 0.0, 90.0, 0.0, 127376.609375
0:00:43.191732, 0.0, 0.0, 90.0, 0.0, 127377.234375
0:00:43.298167, 0.0, 0.0, 90.0, 0.0, 127377.90625
0:00:43.386544, 0.0, 0.0, 90.0, 0.0, 127378.46875
0:00:43.482305, 0.0, 0.0, 90.0, 0.0, 127379.0703125
0:00:43.599141, 0.0, 0.0, 90.0, 0.0, 127379.8046875
0:00:43.685781, 0.0, 0.0, 90.0, 0.0, 127380.3515625
0:00:43.783114, 0.0, 0.0, 90.0, 0.0, 127380.96875
0:00:43.905183, 0.0, 0.0, 90.0, 0.0, 127381.7421875
0:00:44.003869, 0.0, 0.0, 90.0, 0.0, 127382.359375
0:00:44.096558, 0.0, 0.0, 90.0, 0.0, 127382.9453125
0:00:44.206445, 0.0, 0.0, 90.0, 0.0, 127383.6484375
0:00:44.314811, 0.0, 0.0, 90.0, 0.0, 127384.328125
0:00:44.405759, 0.0, 0.0, 90.0, 0.0, 127384.8984375
0:00:44.519715, 0.0, 0.0, 90.0, 0.0, 127385.6171875
0:00:44.598547, 0.0, 0.0, 90.0, 0.0, 127386.1171875
0:00:44.713477, 0.0, 0.0, 90.0, 0.0, 127386.84375
0:00:44.798012, 0.0, 0.0, 90.0, 0.0, 127387.3828125
0:00:44.921805, 0.0, 0.0, 90.0, 0.0, 127388.1640625
0:00:45.008259, 0.0, 0.0, 90.0, 0.0, 127388.703125
0:00:45.101575, 0.0, 0.0, 90.0, 0.0, 127389.296875
0:00:45.215504, 0.0, 0.0, 90.0, 0.0, 127390.015625
0:00:45.314040, 0.0, 0.0, 90.0, 0.0, 127390.6328125
0:00:45.407522, 0.0, 0.0, 90.0, 0.0, 127391.2265625
0:00:45.503219, 0.0, 0.0, 90.0, 0.0, 127391.828125
0:00:45.615045, 0.0, 0.0, 90.0, 0.0, 127392.5390625
0:00:45.724311, 0.0, 0.0, 90.0, 0.0, 127393.21875
0:00:45.824400, 0.0, 0.0, 90.0, 0.0, 127393.84375
0:00:45.909909, 0.0, 0.0, 90.0, 0.0, 127394.3828125
0:00:46.023755, 0.0, 0.0, 90.0, 0.0, 127395.1015625
0:00:46.116751, 0.0, 0.0, 90.0, 0.0, 127395.6875
0:00:46.229696, 0.0, 0.0, 90.0, 0.0, 127396.40625
0:00:46.316281, 0.0, 0.0, 90.0, 0.0, 127396.9609375
0:00:46.425515, 0.0, 0.0, 90.0, 0.0, 127397.640625
0:00:46.532391, 0.0, 0.0, 90.0, 0.0, 127398.3125
0:00:46.626051, 0.0, 0.0, 90.0, 0.0, 127398.90625
0:00:46.724871, 0.0, 0.0, 90.0, 0.0, 127399.5234375
0:00:46.845947, 0.0, 0.0, 90.0, 0.0, 127400.28125
0:00:46.944724, 0.0, 0.0, 90.0, 0.0, 127400.8984375
0:00:47.038413, 0.0, 0.0, 90.0, 0.0, 127401.484375
0:00:47.124046, 0.0, 0.0, 90.0, 0.0, 127402.0234375
0:00:47.238029, 0.0, 0.0, 90.0, 0.0, 127402.7421875
0:00:47.335892, 0.0, 0.0, 90.0, 0.0, 127403.359375
0:00:47.435284, 0.0, 0.0, 90.0, 0.0, 127403.984375
0:00:47.549218, 0.0, 0.0, 90.0, 0.0, 127404.7109375
0:00:47.630076, 0.0, 0.0, 90.0, 0.0, 127405.21875
0:00:47.731788, 0.0, 0.0, 90.0, 0.0, 127405.8515625
0:00:47.839072, 0.0, 0.0, 90.0, 0.0, 127406.5390625
0:00:47.936338, 0.0, 0.0, 90.0, 0.0, 127407.1484375
0:00:48.035966, 0.0, 0.0, 90.0, 0.0, 127407.7734375
0:00:48.131314, 0.0, 0.0, 90.0, 0.0, 127408.3671875
0:00:48.239492, 0.0, 0.0, 90.0, 0.0, 127409.0625
0:00:48.346740, 0.0, 0.0, 90.0, 0.0, 127409.7265625
0:00:48.458593, 0.0, 0.0, 90.0, 0.0, 127410.4296875
0:00:48.554326, 0.0, 0.0, 90.0, 0.0, 127411.03125
0:00:48.639777, 0.0, 0.0, 90.0, 0.0, 127411.5703125
0:00:48.758220, 0.0, 0.0, 90.0, 0.0, 127412.3203125
0:00:48.842781, 0.0, 0.0, 90.0, 0.0, 127412.8515625
0:00:48.957705, 0.0, 0.0, 90.0, 0.0, 127413.578125
0:00:49.055050, 0.0, 0.0, 90.0, 0.0, 127414.1953125
0:00:49.154696, 0.0, 0.0, 90.0, 0.0, 127414.8203125
0:00:49.247785, 0.0, 0.0, 90.0, 0.0, 127415.4140625
0:00:49.359701, 0.0, 0.0, 90.0, 0.0, 127416.1171875
0:00:49.447087, 0.0, 0.0, 90.0, 0.0, 127416.6640625
0:00:49.570231, 0.0, 0.0, 90.0, 0.0, 127417.453125
0:00:49.667613, 0.0, 0.0, 90.0, 0.0, 127418.0546875
0:00:49.766365, 0.0, 0.0, 90.0, 0.0, 127418.6796875
0:00:49.848920, 0.0, 0.0, 90.0, 0.0, 127419.203125
0:00:49.971703, 0.0, 0.0, 90.0, 0.0, 127419.9765625
0:00:50.056224, 0.0, 0.0, 90.0, 0.0, 127420.515625
0:00:50.155948, 0.0, 0.0, 90.0, 0.0, 127421.140625
0:00:50.268823, 0.0, 0.0, 90.0, 0.0, 127421.8515625
0:00:50.355360, 0.0, 0.0, 90.0, 0.0, 127422.390625
0:00:50.456152, 0.0, 0.0, 90.0, 0.0, 127423.0234375
0:00:50.556458, 0.0, 0.0, 90.0, 0.0, 127423.65625
0:00:50.676507, 0.0, 0.0, 90.0, 0.0, 127424.40625
0:00:50.769422, 0.0, 0.0, 90.0, 0.0, 127424.984375
0:00:50.882276, 0.0, 0.0, 90.0, 0.0, 127425.703125
0:00:50.967951, 0.0, 0.0, 90.0, 0.0, 127426.2421875
0:00:51.063407, 0.0, 0.0, 90.0, 0.0, 127426.84375
0:00:51.175363, 0.0, 0.0, 90.0, 0.0, 127427.5546875
0:00:51.268357, 0.0, 0.0, 90.0, 0.0, 127428.140625
0:00:51.383319, 0.0, 0.0, 90.0, 0.0, 127428.859375
0:00:51.489579, 0.0, 0.0, 90.0, 0.0, 127429.5390625
0:00:51.576124, 0.0, 0.0, 90.0, 0.0, 127430.0859375
0:00:51.665635, 0.0, 0.0, 90.0, 0.0, 127430.6484375
0:00:51.778582, 0.0, 0.0, 90.0, 0.0, 127431.359375
0:00:51.895505, 0.0, 0.0, 90.0, 0.0, 127432.09375
0:00:51.982101, 0.0, 0.0, 90.0, 0.0, 127432.640625
0:00:52.089301, 0.0, 0.0, 90.0, 0.0, 127433.3125
0:00:52.175930, 0.0, 0.0, 90.0, 0.0, 127433.8671875
0:00:52.284229, 0.0, 0.0, 90.0, 0.0, 127434.5546875
0:00:52.392232, 0.0, 0.0, 90.0, 0.0, 127435.2265625
0:00:52.479818, 0.0, 0.0, 90.0, 0.0, 127435.78125
0:00:52.590637, 0.0, 0.0, 90.0, 0.0, 127436.484375
0:00:52.687067, 0.0, 0.0, 90.0, 0.0, 127437.09375
0:00:52.778812, 0.0, 0.0, 90.0, 0.0, 127437.671875
0:00:52.887076, 0.0, 0.0, 90.0, 0.0, 127438.359375
0:00:52.986813, 0.0, 0.0, 90.0, 0.0, 127438.9765625
0:00:53.099610, 0.0, 0.0, 90.0, 0.0, 127439.6875
0:00:53.197077, 0.0, 0.0, 90.0, 0.0, 127440.3046875
0:00:53.288240, 0.0, 0.0, 90.0, 0.0, 127440.875
0:00:53.403174, 0.0, 0.0, 90.0, 0.0, 127441.59375
0:00:53.508373, 0.0, 0.0, 90.0, 0.0, 127442.2578125
0:00:53.596939, 0.0, 0.0, 90.0, 0.0, 127442.8125
0:00:53.689604, 0.0, 0.0, 90.0, 0.0, 127443.3984375
0:00:53.801503, 0.0, 0.0, 90.0, 0.0, 127444.1015625
0:00:53.908736, 0.0, 0.0, 90.0, 0.0, 127444.7734375
0:00:54.006327, 0.0, 0.0, 90.0, 0.0, 127445.390625
0:00:54.105990, 0.0, 0.0, 90.0, 0.0, 127446.015625
0:00:54.210250, 0.0, 0.0, 90.0, 0.0, 127446.671875
0:00:54.307813, 0.0, 0.0, 90.0, 0.0, 127447.2890625
0:00:54.408278, 0.0, 0.0, 90.0, 0.0, 127447.9140625
0:00:54.496828, 0.0, 0.0, 90.0, 0.0, 127448.46875
0:00:54.611821, 0.0, 0.0, 90.0, 0.0, 127449.1953125
0:00:54.701310, 0.0, 0.0, 90.0, 0.0, 127449.765625
0:00:54.824102, 0.0, 0.0, 90.0, 0.0, 127450.5390625
0:00:54.913629, 0.0, 0.0, 90.0, 0.0, 127451.109375
0:00:55.002283, 0.0, 0.0, 90.0, 0.0, 127451.671875
0:00:55.112122, 0.0, 0.0, 90.0, 0.0, 127452.3671875
0:00:55.204454, 0.0, 0.0, 90.0, 0.0, 127452.9453125
0:00:55.313745, 0.0, 0.0, 90.0, 0.0, 127453.640625
0:00:55.429568, 0.0, 0.0, 90.0, 0.0, 127454.375
0:00:55.529235, 0.0, 0.0, 90.0, 0.0, 127455.0
0:00:55.628629, 0.0, 0.0, 90.0, 0.0, 127455.6328125
0:00:55.722313, 0.0, 0.0, 90.0, 0.0, 127456.21875
0:00:55.837277, 0.0, 0.0, 90.0, 0.0, 127456.9453125
0:00:55.922977, 0.0, 0.0, 90.0, 0.0, 127457.484375
0:00:56.017022, 0.0, 0.0, 90.0, 0.0, 127458.078125
0:00:56.122279, 0.0, 0.0, 90.0, 0.0, 127458.7421875
0:00:56.237247, 0.0, 0.0, 90.0, 0.0, 127459.4609375
0:00:56.323854, 0.0, 0.0, 90.0, 0.0, 127460.0078125
0:00:56.439804, 0.0, 0.0, 90.0, 0.0, 127460.734375
0:00:56.524291, 0.0, 0.0, 90.0, 0.0, 127461.265625
0:00:56.639136, 0.0, 0.0, 90.0, 0.0, 127462.0
0:00:56.737842, 0.0, 0.0, 90.0, 0.0, 127462.625
0:00:56.832863, 0.0, 0.0, 90.0, 0.0, 127463.21875
0:00:56.921326, 0.0, 0.0, 90.0, 0.0, 127463.78125
0:00:57.046008, 0.0, 0.0, 90.0, 0.0, 127464.5625
0:00:57.133520, 0.0, 0.0, 90.0, 0.0, 127465.109375
0:00:57.249304, 0.0, 0.0, 90.0, 0.0, 127465.8359375
0:00:57.350983, 0.0, 0.0, 90.0, 0.0, 127466.4765625
0:00:57.445291, 0.0, 0.0, 90.0, 0.0, 127467.0703125
0:00:57.532846, 0.0, 0.0, 90.0, 0.0, 127467.625
0:00:57.655851, 0.0, 0.0, 90.0, 0.0, 127468.3984375
0:00:57.739845, 0.0, 0.0, 90.0, 0.0, 127468.921875
0:00:57.838021, 0.0, 0.0, 90.0, 0.0, 127469.5390625
0:00:57.955413, 0.0, 0.0, 90.0, 0.0, 127470.28125
0:00:58.040012, 0.0, 0.0, 90.0, 0.0, 127470.8125
0:00:58.155980, 0.0, 0.0, 90.0, 0.0, 127471.546875
0:00:58.242531, 0.0, 0.0, 90.0, 0.0, 127472.0859375
0:00:58.338576, 0.0, 0.0, 90.0, 0.0, 127472.6953125
0:00:58.460415, 0.0, 0.0, 90.0, 0.0, 127473.4609375
0:00:58.559137, 0.0, 0.0, 90.0, 0.0, 127474.0859375
0:00:58.652861, 0.0, 0.0, 90.0, 0.0, 127474.6796875
0:00:58.739451, 0.0, 0.0, 90.0, 0.0, 127475.2265625
0:00:58.860535, 0.0, 0.0, 90.0, 0.0, 127475.984375
0:00:58.959185, 0.0, 0.0, 90.0, 0.0, 127476.609375
0:00:59.049824, 0.0, 0.0, 90.0, 0.0, 127477.171875
0:00:59.144509, 0.0, 0.0, 90.0, 0.0, 127477.765625
0:00:59.263401, 0.0, 0.0, 90.0, 0.0, 127478.515625
0:00:59.348558, 0.0, 0.0, 90.0, 0.0, 127479.0546875
0:00:59.473787, 0.0, 0.0, 90.0, 0.0, 127479.8515625
0:00:59.563314, 0.0, 0.0, 90.0, 0.0, 127480.4140625
0:00:59.650979, 0.0, 0.0, 90.0, 0.0, 127480.9609375
0:00:59.748581, 0.0, 0.0, 90.0, 0.0, 127481.578125
0:00:59.877623, 0.0, 0.0, 90.0, 0.0, 127482.390625
0:00:59.961055, 0.0, 0.0, 90.0, 0.0, 127482.921875
0:01:00.061419, 0.0, 0.0, 90.0, 0.0, 127483.5625
0:01:00.175310, 0.0, 0.0, 90.0, 0.0, 127484.28125
0:01:00.261827, 0.0, 0.0, 90.0, 0.0, 127484.828125
0:01:00.360422, 0.0, 0.0, 90.0, 0.0, 127485.4453125
0:01:00.476824, 0.0, 0.0, 90.0, 0.0, 127486.1796875
0:01:00.564334, 0.0, 0.0, 90.0, 0.0, 127486.7265625
0:01:00.680323, 0.0, 0.0, 90.0, 0.0, 127487.4609375
0:01:00.778692, 0.0, 0.0, 90.0, 0.0, 127488.078125
0:01:00.879173, 0.0, 0.0, 90.0, 0.0, 127488.7109375
0:01:00.972223, 0.0, 0.0, 90.0, 0.0, 127489.3046875
0:01:01.081383, 0.0, 0.0, 90.0, 0.0, 127489.984375
0:01:01.179466, 0.0, 0.0, 90.0, 0.0, 127490.6015625
0:01:01.279139, 0.0, 0.0, 90.0, 0.0, 127491.234375
0:01:01.369633, 0.0, 0.0, 90.0, 0.0, 127491.8046875
0:01:01.483525, 0.0, 0.0, 90.0, 0.0, 127492.5234375
0:01:01.590334, 0.0, 0.0, 90.0, 0.0, 127493.1953125
0:01:01.682393, 0.0, 0.0, 90.0, 0.0, 127493.7734375
0:01:01.795450, 0.0, 0.0, 90.0, 0.0, 127494.484375
0:01:01.881943, 0.0, 0.0, 90.0, 0.0, 127495.03125
0:01:01.979510, 0.0, 0.0, 90.0, 0.0, 127495.6484375
0:01:02.086689, 0.0, 0.0, 90.0, 0.0, 127496.3203125
0:01:02.175310, 0.0, 0.0, 90.0, 0.0, 127496.8828125
0:01:02.272584, 0.0, 0.0, 90.0, 0.0, 127497.4921875
0:01:02.372318, 0.0, 0.0, 90.0, 0.0, 127498.1171875
0:01:02.485314, 0.0, 0.0, 90.0, 0.0, 127498.828125
0:01:02.580044, 0.0, 0.0, 90.0, 0.0, 127499.4296875
0:01:02.680013, 0.0, 0.0, 90.0, 0.0, 127500.0625
0:01:02.800341, 0.0, 0.0, 90.0, 0.0, 127500.8203125
0:01:02.893900, 0.0, 0.0, 90.0, 0.0, 127501.40625
0:01:02.978397, 0.0, 0.0, 90.0, 0.0, 127501.9453125
0:01:03.099891, 0.0, 0.0, 90.0, 0.0, 127502.703125
0:01:03.195340, 0.0, 0.0, 90.0, 0.0, 127503.3125
0:01:03.305234, 0.0, 0.0, 90.0, 0.0, 127504.0078125
0:01:03.387387, 0.0, 0.0, 90.0, 0.0, 127504.5234375
0:01:03.495657, 0.0, 0.0, 90.0, 0.0, 127505.2109375
0:01:03.590729, 0.0, 0.0, 90.0, 0.0, 127505.8125
0:01:03.712947, 0.0, 0.0, 90.0, 0.0, 127506.578125
0:01:03.809594, 0.0, 0.0, 90.0, 0.0, 127507.1953125
0:01:03.898184, 0.0, 0.0, 90.0, 0.0, 127507.7578125
0:01:04.012175, 0.0, 0.0, 90.0, 0.0, 127508.4765625
0:01:04.091073, 0.0, 0.0, 90.0, 0.0, 127508.9765625
0:01:04.207052, 0.0, 0.0, 90.0, 0.0, 127509.7109375
0:01:04.319035, 0.0, 0.0, 90.0, 0.0, 127510.421875
0:01:04.413639, 0.0, 0.0, 90.0, 0.0, 127511.015625
0:01:04.511351, 0.0, 0.0, 90.0, 0.0, 127511.625
0:01:04.605097, 0.0, 0.0, 90.0, 0.0, 127512.21875
0:01:04.714358, 0.0, 0.0, 90.0, 0.0, 127512.90625
0:01:04.810509, 0.0, 0.0, 90.0, 0.0, 127513.5078125
0:01:04.903200, 0.0, 0.0, 90.0, 0.0, 127514.1015625
0:01:05.018204, 0.0, 0.0, 90.0, 0.0, 127514.8203125
0:01:05.107738, 0.0, 0.0, 90.0, 0.0, 127515.3828125
0:01:05.221676, 0.0, 0.0, 90.0, 0.0, 127516.109375
0:01:05.303566, 0.0, 0.0, 90.0, 0.0, 127516.6171875
0:01:05.418367, 0.0, 0.0, 90.0, 0.0, 127517.3359375
0:01:05.505094, 0.0, 0.0, 90.0, 0.0, 127517.890625
0:01:05.630726, 0.0, 0.0, 90.0, 0.0, 127518.6796875
0:01:05.714459, 0.0, 0.0, 90.0, 0.0, 127519.2109375
0:01:05.808761, 0.0, 0.0, 90.0, 0.0, 127519.8046875
0:01:05.915071, 0.0, 0.0, 90.0, 0.0, 127520.4765625
0:01:06.011380, 0.0, 0.0, 90.0, 0.0, 127521.078125
0:01:06.131745, 0.0, 0.0, 90.0, 0.0, 127521.8359375
0:01:06.221388, 0.0, 0.0, 90.0, 0.0, 127522.390625
0:01:06.334340, 0.0, 0.0, 90.0, 0.0, 127523.109375
0:01:06.436212, 0.0, 0.0, 90.0, 0.0, 127523.75
0:01:06.531966, 0.0, 0.0, 90.0, 0.0, 127524.359375
0:01:06.625617, 0.0, 0.0, 90.0, 0.0, 127524.953125
0:01:06.736430, 0.0, 0.0, 90.0, 0.0, 127525.65625
0:01:06.831764, 0.0, 0.0, 90.0, 0.0, 127526.2578125
0:01:06.923889, 0.0, 0.0, 90.0, 0.0, 127526.8359375
0:01:07.033197, 0.0, 0.0, 90.0, 0.0, 127527.5234375
0:01:07.132715, 0.0, 0.0, 90.0, 0.0, 127528.1484375
0:01:07.217227, 0.0, 0.0, 90.0, 0.0, 127528.6796875
0:01:07.339957, 0.0, 0.0, 90.0, 0.0, 127529.4609375
0:01:07.426424, 0.0, 0.0, 90.0, 0.0, 127530.0078125
0:01:07.525381, 0.0, 0.0, 90.0, 0.0, 127530.625
0:01:07.641334, 0.0, 0.0, 90.0, 0.0, 127531.359375
0:01:07.728944, 0.0, 0.0, 90.0, 0.0, 127531.90625
0:01:07.843954, 0.0, 0.0, 90.0, 0.0, 127532.640625
0:01:07.929462, 0.0, 0.0, 90.0, 0.0, 127533.171875
0:01:08.036625, 0.0, 0.0, 90.0, 0.0, 127533.8515625
0:01:08.126109, 0.0, 0.0, 90.0, 0.0, 127534.4140625
0:01:08.253092, 0.0, 0.0, 90.0, 0.0, 127535.203125
0:01:08.338650, 0.0, 0.0, 90.0, 0.0, 127535.7421875
0:01:08.452501, 0.0, 0.0, 90.0, 0.0, 127536.46875
0:01:08.540086, 0.0, 0.0, 90.0, 0.0, 127537.015625
0:01:08.649345, 0.0, 0.0, 90.0, 0.0, 127537.7109375
0:01:08.734985, 0.0, 0.0, 90.0, 0.0, 127538.2578125
0:01:08.851855, 0.0, 0.0, 90.0, 0.0, 127538.9921875
0:01:08.939402, 0.0, 0.0, 90.0, 0.0, 127539.5390625
0:01:09.052257, 0.0, 0.0, 90.0, 0.0, 127540.2578125
0:01:09.153994, 0.0, 0.0, 90.0, 0.0, 127540.8984375
0:01:09.244633, 0.0, 0.0, 90.0, 0.0, 127541.4765625
0:01:09.353957, 0.0, 0.0, 90.0, 0.0, 127542.1640625
0:01:09.452059, 0.0, 0.0, 90.0, 0.0, 127542.7890625
0:01:09.552694, 0.0, 0.0, 90.0, 0.0, 127543.4296875
0:01:09.673135, 0.0, 0.0, 90.0, 0.0, 127544.1875
0:01:09.768333, 0.0, 0.0, 90.0, 0.0, 127544.78125
0:01:09.853704, 0.0, 0.0, 90.0, 0.0, 127545.3203125
0:01:09.952398, 0.0, 0.0, 90.0, 0.0, 127545.9375
0:01:10.064296, 0.0, 0.0, 90.0, 0.0, 127546.6484375
0:01:10.149913, 0.0, 0.0, 90.0, 0.0, 127547.1875
0:01:10.265940, 0.0, 0.0, 90.0, 0.0, 127547.9140625
0:01:10.360369, 0.0, 0.0, 90.0, 0.0, 127548.5078125
0:01:10.473146, 0.0, 0.0, 90.0, 0.0, 127549.2265625
0:01:10.566273, 0.0, 0.0, 90.0, 0.0, 127549.8125
0:01:10.674259, 0.0, 0.0, 90.0, 0.0, 127550.4921875
0:01:10.774148, 0.0, 0.0, 90.0, 0.0, 127551.1171875
0:01:10.862701, 0.0, 0.0, 90.0, 0.0, 127551.671875
0:01:10.976174, 0.0, 0.0, 90.0, 0.0, 127552.390625
0:01:11.084054, 0.0, 0.0, 90.0, 0.0, 127553.0703125
0:01:11.177100, 0.0, 0.0, 90.0, 0.0, 127553.6484375
0:01:11.292748, 0.0, 0.0, 90.0, 0.0, 127554.375
0:01:11.376289, 0.0, 0.0, 90.0, 0.0, 127554.90625
0:01:11.470567, 0.0, 0.0, 90.0, 0.0, 127555.5
0:01:11.577082, 0.0, 0.0, 90.0, 0.0, 127556.171875
0:01:11.673324, 0.0, 0.0, 90.0, 0.0, 127556.78125
0:01:11.788268, 0.0, 0.0, 90.0, 0.0, 127557.5078125
0:01:11.883996, 0.0, 0.0, 90.0, 0.0, 127558.109375
0:01:11.978334, 0.0, 0.0, 90.0, 0.0, 127558.703125
0:01:12.077004, 0.0, 0.0, 90.0, 0.0, 127559.3203125
0:01:12.185259, 0.0, 0.0, 90.0, 0.0, 127560.0
0:01:12.300116, 0.0, 0.0, 90.0, 0.0, 127560.7265625
0:01:12.388629, 0.0, 0.0, 90.0, 0.0, 127561.2890625
0:01:12.498484, 0.0, 0.0, 90.0, 0.0, 127561.9765625
0:01:12.593796, 0.0, 0.0, 90.0, 0.0, 127562.5703125
0:01:12.691068, 0.0, 0.0, 90.0, 0.0, 127563.1875
0:01:12.777599, 0.0, 0.0, 90.0, 0.0, 127563.734375
0:01:12.904599, 0.0, 0.0, 90.0, 0.0, 127564.5390625
0:01:12.989159, 0.0, 0.0, 90.0, 0.0, 127565.0703125
0:01:13.111741, 0.0, 0.0, 90.0, 0.0, 127565.84375
0:01:13.199048, 0.0, 0.0, 90.0, 0.0, 127566.390625
0:01:13.297508, 0.0, 0.0, 90.0, 0.0, 127567.015625
0:01:13.385109, 0.0, 0.0, 90.0, 0.0, 127567.5625
0:01:13.493278, 0.0, 0.0, 90.0, 0.0, 127568.25
0:01:13.609161, 0.0, 0.0, 90.0, 0.0, 127568.984375
0:01:13.690131, 0.0, 0.0, 90.0, 0.0, 127569.4921875
0:01:13.803013, 0.0, 0.0, 90.0, 0.0, 127570.203125
0:01:13.915442, 0.0, 0.0, 90.0, 0.0, 127570.90625
0:01:14.018484, 0.0, 0.0, 90.0, 0.0, 127571.5546875
0:01:14.105024, 0.0, 0.0, 90.0, 0.0, 127572.1015625
0:01:14.218988, 0.0, 0.0, 90.0, 0.0, 127572.828125
0:01:14.314422, 0.0, 0.0, 90.0, 0.0, 127573.4296875
0:01:14.411218, 0.0, 0.0, 90.0, 0.0, 127574.0390625
0:01:14.525963, 0.0, 0.0, 90.0, 0.0, 127574.7578125
0:01:14.598413, 0.0, 0.0, 90.0, 0.0, 127575.21875
0:01:14.723551, 0.0, 0.0, 90.0, 0.0, 127576.0078125
0:01:14.810168, 0.0, 0.0, 90.0, 0.0, 127576.5546875
0:01:14.919645, 0.0, 0.0, 90.0, 0.0, 127577.25
0:01:15.015466, 0.0, 0.0, 90.0, 0.0, 127577.8515625
0:01:15.117048, 0.0, 0.0, 90.0, 0.0, 127578.4921875
0:01:15.219623, 0.0, 0.0, 90.0, 0.0, 127579.140625
0:01:15.329474, 0.0, 0.0, 90.0, 0.0, 127579.8359375
0:01:15.416243, 0.0, 0.0, 90.0, 0.0, 127580.375
0:01:15.509291, 0.0, 0.0, 90.0, 0.0, 127580.96875
0:01:15.634685, 0.0, 0.0, 90.0, 0.0, 127581.75
0:01:15.729351, 0.0, 0.0, 90.0, 0.0, 127582.34375
0:01:15.817907, 0.0, 0.0, 90.0, 0.0, 127582.90625
0:01:15.930720, 0.0, 0.0, 90.0, 0.0, 127583.6171875
0:01:16.027143, 0.0, 0.0, 90.0, 0.0, 127584.21875
0:01:16.125825, 0.0, 0.0, 90.0, 0.0, 127584.84375
0:01:16.244800, 0.0, 0.0, 90.0, 0.0, 127585.59375
0:01:16.334313, 0.0, 0.0, 90.0, 0.0, 127586.15625
0:01:16.449349, 0.0, 0.0, 90.0, 0.0, 127586.890625
0:01:16.534758, 0.0, 0.0, 90.0, 0.0, 127587.421875
0:01:16.627594, 0.0, 0.0, 90.0, 0.0, 127588.0078125
0:01:16.740463, 0.0, 0.0, 90.0, 0.0, 127588.71875
0:01:16.837021, 0.0, 0.0, 90.0, 0.0, 127589.328125
0:01:16.930010, 0.0, 0.0, 90.0, 0.0, 127589.90625
0:01:17.036294, 0.0, 0.0, 90.0, 0.0, 127590.5703125
0:01:17.145460, 0.0, 0.0, 90.0, 0.0, 127591.2578125
0:01:17.243340, 0.0, 0.0, 90.0, 0.0, 127591.8671875
0:01:17.348034, 0.0, 0.0, 90.0, 0.0, 127592.53125
0:01:17.437577, 0.0, 0.0, 90.0, 0.0, 127593.1015625
0:01:17.536547, 0.0, 0.0, 90.0, 0.0, 127593.7265625
0:01:17.634199, 0.0, 0.0, 90.0, 0.0, 127594.34375
0:01:17.747434, 0.0, 0.0, 90.0, 0.0, 127595.0546875
0:01:17.856178, 0.0, 0.0, 90.0, 0.0, 127595.7421875
0:01:17.948823, 0.0, 0.0, 90.0, 0.0, 127596.3359375
0:01:18.060787, 0.0, 0.0, 90.0, 0.0, 127597.046875
0:01:18.147465, 0.0, 0.0, 90.0, 0.0, 127597.59375
0:01:18.237127, 0.0, 0.0, 90.0, 0.0, 127598.15625
0:01:18.351066, 0.0, 0.0, 90.0, 0.0, 127598.875
0:01:18.465981, 0.0, 0.0, 90.0, 0.0, 127599.6015625
0:01:18.546818, 0.0, 0.0, 90.0, 0.0, 127600.109375
0:01:18.657171, 0.0, 0.0, 90.0, 0.0, 127600.8046875
0:01:18.757317, 0.0, 0.0, 90.0, 0.0, 127601.4375
0:01:18.856089, 0.0, 0.0, 90.0, 0.0, 127602.0546875
0:01:18.949017, 0.0, 0.0, 90.0, 0.0, 127602.640625
0:01:19.058331, 0.0, 0.0, 90.0, 0.0, 127603.328125
0:01:19.156485, 0.0, 0.0, 90.0, 0.0, 127603.953125
0:01:19.252466, 0.0, 0.0, 90.0, 0.0, 127604.5546875
0:01:19.367374, 0.0, 0.0, 90.0, 0.0, 127605.28125
0:01:19.455973, 0.0, 0.0, 90.0, 0.0, 127605.8359375
0:01:19.567180, 0.0, 0.0, 90.0, 0.0, 127606.5390625
0:01:19.659040, 0.0, 0.0, 90.0, 0.0, 127607.109375
0:01:19.769207, 0.0, 0.0, 90.0, 0.0, 127607.8125
0:01:19.854891, 0.0, 0.0, 90.0, 0.0, 127608.3515625
0:01:19.963049, 0.0, 0.0, 90.0, 0.0, 127609.0390625
0:01:20.075965, 0.0, 0.0, 90.0, 0.0, 127609.7421875
0:01:20.176492, 0.0, 0.0, 90.0, 0.0, 127610.375
0:01:20.277203, 0.0, 0.0, 90.0, 0.0, 127611.0078125
0:01:20.387617, 0.0, 0.0, 90.0, 0.0, 127611.703125
0:01:20.487226, 0.0, 0.0, 90.0, 0.0, 127612.328125
0:01:20.579539, 0.0, 0.0, 90.0, 0.0, 127612.90625
0:01:20.692543, 0.0, 0.0, 90.0, 0.0, 127613.625
0:01:20.771436, 0.0, 0.0, 90.0, 0.0, 127614.125
0:01:20.883452, 0.0, 0.0, 90.0, 0.0, 127614.828125
0:01:20.968044, 0.0, 0.0, 90.0, 0.0, 127615.3671875
0:01:21.089489, 0.0, 0.0, 90.0, 0.0, 127616.125
0:01:21.178084, 0.0, 0.0, 90.0, 0.0, 127616.6796875
0:01:21.290975, 0.0, 0.0, 90.0, 0.0, 127617.390625
0:01:21.375490, 0.0, 0.0, 90.0, 0.0, 127617.921875
0:01:21.479683, 0.0, 0.0, 90.0, 0.0, 127618.5859375
0:01:21.594632, 0.0, 0.0, 90.0, 0.0, 127619.3125
0:01:21.680164, 0.0, 0.0, 90.0, 0.0, 127619.84375
0:01:21.787375, 0.0, 0.0, 90.0, 0.0, 127620.5234375
0:01:21.902413, 0.0, 0.0, 90.0, 0.0, 127621.25
0:01:21.989865, 0.0, 0.0, 90.0, 0.0, 127621.8046875
0:01:22.101797, 0.0, 0.0, 90.0, 0.0, 127622.515625
0:01:22.198309, 0.0, 0.0, 90.0, 0.0, 127623.1171875
0:01:22.290047, 0.0, 0.0, 90.0, 0.0, 127623.6953125
0:01:22.405884, 0.0, 0.0, 90.0, 0.0, 127624.421875
0:01:22.511261, 0.0, 0.0, 90.0, 0.0, 127625.078125
0:01:22.598688, 0.0, 0.0, 90.0, 0.0, 127625.640625
0:01:22.687468, 0.0, 0.0, 90.0, 0.0, 127626.203125
0:01:22.794516, 0.0, 0.0, 90.0, 0.0, 127626.8828125
0:01:22.907466, 0.0, 0.0, 90.0, 0.0, 127627.59375
0:01:23.018762, 0.0, 0.0, 90.0, 0.0, 127628.2890625
0:01:23.112961, 0.0, 0.0, 90.0, 0.0, 127628.8828125
0:01:23.219755, 0.0, 0.0, 90.0, 0.0, 127629.5625
0:01:23.308363, 0.0, 0.0, 90.0, 0.0, 127630.109375
0:01:23.421289, 0.0, 0.0, 90.0, 0.0, 127630.828125
0:01:23.531760, 0.0, 0.0, 90.0, 0.0, 127631.53125
0:01:23.625105, 0.0, 0.0, 90.0, 0.0, 127632.1171875
0:01:23.712610, 0.0, 0.0, 90.0, 0.0, 127632.671875
0:01:23.804870, 0.0, 0.0, 90.0, 0.0, 127633.25
0:01:23.919827, 0.0, 0.0, 90.0, 0.0, 127633.96875
0:01:24.019501, 0.0, 0.0, 90.0, 0.0, 127634.6015625
0:01:24.117957, 0.0, 0.0, 90.0, 0.0, 127635.2265625
0:01:24.231742, 0.0, 0.0, 90.0, 0.0, 127635.9453125
0:01:24.326333, 0.0, 0.0, 90.0, 0.0, 127636.5390625
0:01:24.411605, 0.0, 0.0, 90.0, 0.0, 127637.0859375
0:01:24.538668, 0.0, 0.0, 90.0, 0.0, 127637.8828125
0:01:24.620522, 0.0, 0.0, 90.0, 0.0, 127638.3984375
0:01:24.731771, 0.0, 0.0, 90.0, 0.0, 127639.1015625
0:01:24.818963, 0.0, 0.0, 90.0, 0.0, 127639.6484375
0:01:24.918346, 0.0, 0.0, 90.0, 0.0, 127640.28125
0:01:25.039703, 0.0, 0.0, 90.0, 0.0, 127641.0390625
0:01:25.141370, 0.0, 0.0, 90.0, 0.0, 127641.6796875
0:01:25.235727, 0.0, 0.0, 90.0, 0.0, 127642.28125
0:01:25.323257, 0.0, 0.0, 90.0, 0.0, 127642.828125
0:01:25.436116, 0.0, 0.0, 90.0, 0.0, 127643.5390625
0:01:25.551234, 0.0, 0.0, 90.0, 0.0, 127644.265625
0:01:25.633056, 0.0, 0.0, 90.0, 0.0, 127644.78125
0:01:25.740226, 0.0, 0.0, 90.0, 0.0, 127645.453125
0:01:25.838848, 0.0, 0.0, 90.0, 0.0, 127646.0703125
0:01:25.939673, 0.0, 0.0, 90.0, 0.0, 127646.703125
0:01:26.048896, 0.0, 0.0, 90.0, 0.0, 127647.3984375
0:01:26.150091, 0.0, 0.0, 90.0, 0.0, 127648.0390625
0:01:26.249616, 0.0, 0.0, 90.0, 0.0, 127648.6640625
0:01:26.338084, 0.0, 0.0, 90.0, 0.0, 127649.2265625
0:01:26.452974, 0.0, 0.0, 90.0, 0.0, 127649.9453125
0:01:26.536497, 0.0, 0.0, 90.0, 0.0, 127650.4765625
0:01:26.651535, 0.0, 0.0, 90.0, 0.0, 127651.203125
0:01:26.736075, 0.0, 0.0, 90.0, 0.0, 127651.734375
0:01:26.850987, 0.0, 0.0, 90.0, 0.0, 127652.4609375
0:01:26.947194, 0.0, 0.0, 90.0, 0.0, 127653.078125
0:01:27.061123, 0.0, 0.0, 90.0, 0.0, 127653.796875
0:01:27.156390, 0.0, 0.0, 90.0, 0.0, 127654.3984375
0:01:27.243843, 0.0, 0.0, 90.0, 0.0, 127654.953125
0:01:27.365542, 0.0, 0.0, 90.0, 0.0, 127655.71875
0:01:27.453137, 0.0, 0.0, 90.0, 0.0, 127656.265625
0:01:27.550888, 0.0, 0.0, 90.0, 0.0, 127656.875
0:01:27.665749, 0.0, 0.0, 90.0, 0.0, 127657.6015625
0:01:27.779774, 0.0, 0.0, 90.0, 0.0, 127658.3203125
0:01:27.872677, 0.0, 0.0, 90.0, 0.0, 127658.90625
0:01:27.955221, 0.0, 0.0, 90.0, 0.0, 127659.4296875
0:01:28.052801, 0.0, 0.0, 90.0, 0.0, 127660.046875
0:01:28.153258, 0.0, 0.0, 90.0, 0.0, 127660.671875
0:01:28.271300, 0.0, 0.0, 90.0, 0.0, 127661.421875
0:01:28.360656, 0.0, 0.0, 90.0, 0.0, 127661.9921875
0:01:28.460170, 0.0, 0.0, 90.0, 0.0, 127662.6171875
0:01:28.560610, 0.0, 0.0, 90.0, 0.0, 127663.25
0:01:28.680798, 0.0, 0.0, 90.0, 0.0, 127664.015625
0:01:28.784463, 0.0, 0.0, 90.0, 0.0, 127664.671875
0:01:28.869665, 0.0, 0.0, 90.0, 0.0, 127665.203125
0:01:28.968268, 0.0, 0.0, 90.0, 0.0, 127665.828125
0:01:29.069873, 0.0, 0.0, 90.0, 0.0, 127666.46875
0:01:29.160444, 0.0, 0.0, 90.0, 0.0, 127667.03125
0:01:29.276424, 0.0, 0.0, 90.0, 0.0, 127667.765625
0:01:29.383712, 0.0, 0.0, 90.0, 0.0, 127668.4453125
0:01:29.468305, 0.0, 0.0, 90.0, 0.0, 127668.9765625
0:01:29.572569, 0.0, 0.0, 90.0, 0.0, 127669.6484375
0:01:29.681840, 0.0, 0.0, 90.0, 0.0, 127670.3359375
0:01:29.780553, 0.0, 0.0, 90.0, 0.0, 127670.953125
0:01:29.868112, 0.0, 0.0, 90.0, 0.0, 127671.5078125
0:01:29.980107, 0.0, 0.0, 90.0, 0.0, 127672.21875
0:01:30.093078, 0.0, 0.0, 90.0, 0.0, 127672.9375
0:01:30.173029, 0.0, 0.0, 90.0, 0.0, 127673.4375
0:01:30.283268, 0.0, 0.0, 90.0, 0.0, 127674.125
0:01:30.398254, 0.0, 0.0, 90.0, 0.0, 127674.8515625
0:01:30.483823, 0.0, 0.0, 90.0, 0.0, 127675.3984375
0:01:30.596766, 0.0, 0.0, 90.0, 0.0, 127676.109375
0:01:30.683294, 0.0, 0.0, 90.0, 0.0, 127676.65625
0:01:30.793948, 0.0, 0.0, 90.0, 0.0, 127677.3515625
0:01:30.888294, 0.0, 0.0, 90.0, 0.0, 127677.953125
0:01:30.995853, 0.0, 0.0, 90.0, 0.0, 127678.6328125
0:01:31.091952, 0.0, 0.0, 90.0, 0.0, 127679.234375
0:01:31.181065, 0.0, 0.0, 90.0, 0.0, 127679.796875
0:01:31.292304, 0.0, 0.0, 90.0, 0.0, 127680.4921875
0:01:31.384421, 0.0, 0.0, 90.0, 0.0, 127681.0703125
0:01:31.499290, 0.0, 0.0, 90.0, 0.0, 127681.796875
0:01:31.585835, 0.0, 0.0, 90.0, 0.0, 127682.34375
0:01:31.697669, 0.0, 0.0, 90.0, 0.0, 127683.0546875
0:01:31.812577, 0.0, 0.0, 90.0, 0.0, 127683.7734375
0:01:31.905570, 0.0, 0.0, 90.0, 0.0, 127684.359375
0:01:32.001277, 0.0, 0.0, 90.0, 0.0, 127684.9609375
0:01:32.115388, 0.0, 0.0, 90.0, 0.0, 127685.6796875
0:01:32.211268, 0.0, 0.0, 90.0, 0.0, 127686.28125
0:01:32.311856, 0.0, 0.0, 90.0, 0.0, 127686.9140625
0:01:32.402595, 0.0, 0.0, 90.0, 0.0, 127687.484375
0:01:32.520590, 0.0, 0.0, 90.0, 0.0, 127688.2265625
0:01:32.606137, 0.0, 0.0, 90.0, 0.0, 127688.765625
0:01:32.702589, 0.0, 0.0, 90.0, 0.0, 127689.3828125
0:01:32.815580, 0.0, 0.0, 90.0, 0.0, 127690.1015625
0:01:32.913938, 0.0, 0.0, 90.0, 0.0, 127690.71875
0:01:33.012309, 0.0, 0.0, 90.0, 0.0, 127691.3359375
0:01:33.103975, 0.0, 0.0, 90.0, 0.0, 127691.921875
0:01:33.213291, 0.0, 0.0, 90.0, 0.0, 127692.609375
0:01:33.312431, 0.0, 0.0, 90.0, 0.0, 127693.234375
0:01:33.432597, 0.0, 0.0, 90.0, 0.0, 127693.9921875
0:01:33.531295, 0.0, 0.0, 90.0, 0.0, 127694.609375
0:01:33.631944, 0.0, 0.0, 90.0, 0.0, 127695.25
0:01:33.724646, 0.0, 0.0, 90.0, 0.0, 127695.8359375
0:01:33.832956, 0.0, 0.0, 90.0, 0.0, 127696.5078125
0:01:33.932490, 0.0, 0.0, 90.0, 0.0, 127697.140625
0:01:34.024297, 0.0, 0.0, 90.0, 0.0, 127697.71875
0:01:34.133614, 0.0, 0.0, 90.0, 0.0, 127698.40625
0:01:34.231730, 0.0, 0.0, 90.0, 0.0, 127699.03125
0:01:34.333479, 0.0, 0.0, 90.0, 0.0, 127699.6640625
0:01:34.424153, 0.0, 0.0, 90.0, 0.0, 127700.234375
0:01:34.542178, 0.0, 0.0, 90.0, 0.0, 127700.96875
0:01:34.627783, 0.0, 0.0, 90.0, 0.0, 127701.515625
0:01:34.722445, 0.0, 0.0, 90.0, 0.0, 127702.109375
0:01:34.842181, 0.0, 0.0, 90.0, 0.0, 127702.859375
0:01:34.928707, 0.0, 0.0, 90.0, 0.0, 127703.3984375
0:01:35.036290, 0.0, 0.0, 90.0, 0.0, 127704.0859375
0:01:35.152295, 0.0, 0.0, 90.0, 0.0, 127704.8125
0:01:35.234165, 0.0, 0.0, 90.0, 0.0, 127705.328125
0:01:35.351237, 0.0, 0.0, 90.0, 0.0, 127706.0625
0:01:35.447768, 0.0, 0.0, 90.0, 0.0, 127706.6796875
0:01:35.543438, 0.0, 0.0, 90.0, 0.0, 127707.2890625
0:01:35.638971, 0.0, 0.0, 90.0, 0.0, 127707.8828125
0:01:35.751836, 0.0, 0.0, 90.0, 0.0, 127708.59375
