0:06:14.220106: off 86
0:06:14.282453: off 78
0:06:14.282453: off 49
0:06:14.313827: off 36
0:06:14.313827: off 20
0:06:14.329421: off 13
0:06:14.360764: off 5
0:06:14.360764: off 0
0:06:28.758572: freq 0.9
0:06:29.806535: freq 0.85
0:06:29.838353: freq 0.8
0:06:29.869666: freq 0.7
0:06:29.885354: freq 0.65
0:06:29.885354: freq 0.6
0:06:29.916593: freq 0.5
0:06:29.932892: freq 0.35
0:06:29.948027: freq 0.2
0:06:29.963666: freq 0.15
0:06:29.994983: freq 0.05
0:06:29.994983: freq 0
1:03:43.615628: freq 0.5
1:03:47.506433: amp 48
1:03:52.803267: off 99
1:06:26.399015: phb 6.232867907158346
1:06:26.399015: phb 4.6366724016004905
1:06:26.399015: phb 4.471642054586915
1:06:26.399015: phb 4.433317141376287
1:06:26.445889: phb 4.407878166901402
1:06:27.524011: phb 3.004339856491444
1:06:27.555125: phb 3.075024623313132
1:06:27.555125: phb 3.1483041699488434
1:06:27.570887: phb 3.191910078425371
1:06:27.602413: phb 3.208160879256043
1:06:27.602413: phb 3.2486203793210064
1:06:27.617617: phb 3.293565640993248
1:06:27.633259: phb 3.327538740631117
1:06:27.664629: phb 3.3744070712595753
1:06:27.664629: phb 3.430022223539579
1:06:27.695832: phb 3.5119160984338977
1:06:27.727148: phb 3.6508944582243132
1:06:27.727148: phb 3.8592990591332597
1:06:27.742762: phb 3.926991883809393
1:06:27.758381: phb 4.025036351674086
1:06:27.773875: phb 4.094886776989099
1:06:27.789508: phb 4.140360277441802
1:06:27.805132: phb 4.1599714924121365
1:06:27.867755: phb 4.140360277441802
1:06:27.867755: phb 4.021943607733675
1:06:27.899019: phb 3.865531014689286
1:06:27.899019: phb 3.709880379027145
1:06:27.914496: phb 3.544092587146414
1:06:27.945886: phb 3.404899458888333
1:06:27.945886: phb 3.3389885479594317
1:06:27.976981: phb 3.287828447995706
1:06:27.992755: phb 3.2522499771093196
1:06:28.008338: phb 3.2205651998585143
1:06:28.023889: phb 3.190504894784591
1:06:28.039629: phb 3.175593594882178
1:06:28.055133: phb 3.161998001745818
1:06:28.070887: phb 3.1483954831630627
1:06:28.102183: phb 3.107592334385943
1:06:28.117609: phb 3.094009923892086
1:06:28.148854: phb 3.067901006464054
1:06:28.164505: phb 3.0545650805292213
1:06:28.180111: phb 3.0279900859987925
1:06:28.211515: phb 2.9884391732317006
1:06:28.226982: phb 2.9753561647124336
1:06:28.242648: phb 2.949365122111077
1:06:28.258234: phb 2.9364655948931837
1:06:28.289641: phb 2.8981940520185856
1:06:28.305111: phb 2.873070539845965
1:06:28.320737: phb 2.860636044252193
1:06:28.336510: phb 2.8360350771271703
1:06:28.992608: phb 2.8398396102500234
1:06:29.039632: phb 2.8555409891458203
1:06:50.727181: off 100
1:06:50.805313: off 93
1:06:50.805313: off 91
1:06:50.820878: off 89
1:06:50.836355: off 85
1:06:50.867607: off 79
1:06:50.867607: off 77
1:06:50.883228: off 72
1:06:50.899005: off 69
1:06:50.930134: off 65
1:06:50.930134: off 64
1:06:50.961505: off 61
1:06:50.977132: off 60
1:06:50.992762: off 59
1:06:51.008378: off 58
1:06:51.039631: off 57
1:06:51.070924: off 56
1:06:51.086502: off 55
1:06:51.133244: off 54
1:06:51.133244: off 53
1:06:51.149002: off 52
1:06:51.180255: off 51
1:06:51.195790: off 49
1:06:51.211502: off 48
1:06:51.242806: off 46
1:06:51.258380: off 45
1:06:51.274067: off 44
1:06:51.289633: off 43
1:06:51.305111: off 42
1:06:51.336382: off 41
1:06:51.399037: off 40
1:06:51.461376: off 39
1:06:51.508383: off 38
1:06:51.992632: off 37
1:06:52.430313: off 36
1:06:52.664647: off 35
1:06:52.836384: off 34
1:06:55.165199: off 33
1:07:21.120820: off 29
1:07:21.198969: off 35
1:07:21.198969: off 37
1:07:21.214809: off 40
1:07:21.246463: off 44
1:07:21.252493: off 47
1:07:21.262593: off 51
1:07:21.293980: off 54
1:07:21.310026: off 56
1:07:21.325856: off 59
1:07:21.341465: off 61
1:07:21.357076: off 63
1:07:21.372759: off 64
1:07:21.388189: off 65
1:07:21.403784: off 66
1:07:21.419436: off 67
1:07:21.450776: off 68
1:07:21.450776: off 69
1:07:21.466286: off 70
1:07:21.497563: off 71
1:07:21.497563: off 72
1:07:21.544667: off 73
1:07:21.560132: off 74
1:07:21.575919: off 75
1:07:21.607185: off 77
1:07:21.607185: off 78
1:07:21.622397: off 79
1:07:21.653660: off 80
1:07:21.669646: off 81
1:07:21.701482: off 82
1:07:21.749210: off 84
1:07:21.780212: off 85
1:07:21.795872: off 86
1:07:21.827529: off 87
1:07:21.843168: off 88
1:07:21.874520: off 89
1:07:21.905898: off 90
1:07:21.921940: off 91
1:07:21.953720: off 92
1:07:21.969306: off 93
1:07:21.985055: off 94
1:07:22.000818: off 95
1:07:22.047733: off 96
1:07:22.063660: off 97
1:07:22.095093: off 98
1:07:22.110579: off 99
1:07:22.157422: off 100
1:07:22.157422: off 101
1:07:22.174083: off 102
1:07:22.204984: off 103
1:07:22.204984: off 104
1:07:22.220548: off 105
1:07:22.251642: off 106
1:07:22.267359: off 107
1:07:22.283022: off 108
1:07:22.329873: off 109
1:07:22.345492: off 110
1:07:22.407999: off 111
1:07:22.455255: off 112
1:07:22.502289: off 113
1:07:22.534512: off 114
1:07:22.769359: off 115
1:07:22.894402: off 116
1:07:23.129489: off 117
1:07:23.191705: off 118
1:07:23.348180: off 119
1:07:23.879573: off 120
1:07:31.223322: phb 2.9941553961616045
1:07:31.223322: phb 3.0110270007140576
1:07:31.239003: phb 3.0286732990537306
1:07:31.254646: phb 3.0263167666110875
1:07:31.317184: phb 3.0695532113482153
1:07:31.348324: phb 3.170710636174633
1:07:31.364022: phb 3.368391737383639
1:07:31.364022: phb 3.4231643124377658
1:07:31.379693: phb 3.5314204140825014
1:07:31.395271: phb 3.6021827391220733
1:07:31.410927: phb 3.666388781383773
1:07:31.426443: phb 3.8098820863697824
1:07:31.442150: phb 3.8281406462425958
1:07:31.473321: phb 3.950424518684113
1:07:31.489002: phb 4.048526286231535
1:07:31.520196: phb 4.099501526345946
1:07:31.582744: phb 4.322945848032943
1:07:31.613964: phb 4.369735567332294
1:07:31.613964: phb 4.4269861667751735
1:07:31.629462: phb 4.465967735285268
1:07:31.660883: phb 4.505214588243655
1:07:31.676495: phb 4.537717579305409
1:07:31.692127: phb 4.572372507833772
1:07:31.707755: phb 4.595680861377337
1:07:31.723399: phb 4.620450348329019
1:07:31.754627: phb 4.661338535099778
1:07:31.770319: phb 4.6901713470792865
1:07:31.770319: phb 4.765773792677328
1:07:31.785896: phb 4.828149160939868
1:07:31.817150: phb 4.891549466542056
1:07:31.817150: phb 4.928474929087888
1:07:31.848242: phb 5.003061491224106
1:07:31.863994: phb 5.055994913294751
1:07:31.863994: phb 5.105026511035866
1:07:31.895252: phb 5.180521714569421
1:07:31.910741: phb 5.227633663566117
1:07:31.910741: phb 5.279118438330064
1:07:31.942168: phb 5.3964402158781155
1:07:31.973283: phb 5.4277263490863055
1:07:31.973283: phb 5.516303559581472
1:07:31.988850: phb 5.597456374142873
1:07:32.020120: phb 5.732509963457659
1:07:32.020120: phb 5.911475480917671
1:07:32.035894: phb 5.971638030496186
1:07:32.067123: phb 6.07321153248631
1:07:32.067123: phb 6.172527826819468
1:07:32.098215: phb 6.237064193867978
1:07:32.113841: phb 0.014490828250099928
1:07:32.113841: phb 0.09827309663535916
1:07:32.145092: phb 0.2026584940039806
1:07:32.160934: phb 0.29026452247600815
1:07:32.176507: phb 0.37394097134173865
1:07:32.191964: phb 0.41934101700231985
1:07:32.207753: phb 0.4494299676626914
1:07:32.223245: phb 0.4953103544537558
1:07:32.238845: phb 0.5302151414955499
1:07:32.270133: phb 0.5471525064977141
1:07:32.285896: phb 0.5637474456400885
1:07:32.676370: phb 0.5203552850102053
1:07:32.692126: phb 0.5108225780301683
1:07:32.707758: phb 0.4939405514846756
1:08:36.457837: off 34
1:08:37.129760: off 25
1:09:22.977715: amp 41
1:09:23.071479: amp 38
1:09:23.102743: amp 37
1:09:23.133823: amp 36
1:09:23.165203: amp 35
1:09:23.515586: amp 29
1:09:23.556310: amp 26
1:09:23.571870: amp 25
1:09:23.587586: amp 23
1:09:23.618663: amp 21
1:09:23.618663: amp 20
1:09:23.650106: amp 18
1:09:23.665983: amp 17
1:09:23.665983: amp 13
1:09:23.697245: amp 10
1:09:23.698597: amp 7
1:09:23.713287: amp 5
1:09:23.729117: amp 3
1:09:23.761209: amp 1
1:09:23.776923: amp 0
1:10:20.332097: amp 34
1:10:20.379080: amp 36
1:10:20.394551: amp 37
1:10:20.394551: amp 38
1:10:20.410196: amp 39
1:10:20.441433: amp 40
1:10:20.503944: amp 41
1:10:20.503944: amp 42
1:10:20.519542: amp 43
1:10:20.535349: amp 44
1:10:20.535349: amp 45
1:10:20.566415: amp 46
1:10:20.566415: amp 47
1:10:20.597882: amp 48
1:11:01.824969: phb 1.796512897347404
1:11:01.856167: phb 1.8244699728188223
1:11:01.871734: phb 1.901678259458647
1:11:01.903048: phb 1.9390251477965716
1:11:01.903048: phb 1.9638534726625705
1:11:01.934317: phb 1.99128136518458
1:11:01.966039: phb 2.004748853667178
1:11:01.966701: phb 2.031076609782171
1:11:01.981892: phb 2.0778944076394694
1:11:01.997527: phb 2.0983301484807004
1:11:01.997527: phb 2.118986999962346
1:11:02.013321: phb 2.160913326831091
1:11:06.203515: phb 2.0303953439694173
1:11:06.251263: phb 2.046490540761772
1:11:06.266860: phb 2.077894801742743
1:11:06.282384: phb 2.1230146616165952
1:11:06.298880: phb 2.1752682970545343
1:11:06.314071: phb 2.239085085539084
1:11:06.345563: phb 2.3448307910401187
1:11:06.353429: phb 2.453710158882836
1:11:06.361464: phb 2.490792564704256
1:11:06.361464: phb 2.5555319000686247
1:11:06.392911: phb 2.5965544109122694
1:11:06.394273: phb 2.6149649581291574
1:11:06.424599: phb 2.6693494307669066
1:11:06.440440: phb 2.680826870061588
1:11:06.456432: phb 2.7149651664924734
1:11:06.472069: phb 2.771686297475624
1:11:06.487789: phb 2.831652696468704
1:11:06.503465: phb 2.843553021004936
1:11:06.519263: phb 2.867614644267434
1:11:06.534866: phb 2.8797702347011125
1:11:06.551475: phb 2.9043181871933923
1:11:06.582129: phb 2.929160463507674
1:11:06.598097: phb 2.9589382243015
1:11:06.613945: phb 2.9836831082523165
1:11:06.629564: phb 3.0102771118313663
1:11:06.645200: phb 3.024123875689686
1:11:06.660792: phb 3.0620068810652423
1:11:06.676743: phb 3.099194172600601
1:11:06.692385: phb 3.1355324870045083
1:11:06.708187: phb 3.171886806177701
1:11:06.723741: phb 3.2681848764234123
1:11:06.740587: phb 3.338988360158907
1:11:06.755263: phb 3.362186246536469
1:11:06.771088: phb 3.4190922154147447
1:11:06.786525: phb 3.452395297817087
1:11:06.802223: phb 3.4742125806250974
1:11:06.817801: phb 3.51040987917218
1:11:06.833537: phb 3.5464845857141776
1:11:06.849129: phb 3.5768243100122223
1:11:06.864832: phb 3.6026567715496833
1:11:06.896260: phb 3.6386475059963783
1:11:06.912016: phb 3.6700844796614107
1:11:06.927656: phb 3.7248714211361
1:11:06.943270: phb 3.792880388018529
1:11:06.958876: phb 3.817198599097253
1:11:06.974462: phb 3.8412639547372356
1:11:06.990011: phb 3.8805131498643397
1:11:07.005718: phb 3.9117248417747454
1:11:07.021237: phb 3.949714665251708
1:11:07.287012: phb 4.427534801650801
1:11:07.302701: phb 4.448007898605247
1:11:07.349585: phb 4.4687114011303954
1:11:07.380711: phb 4.47914386530798
1:11:07.396413: phb 4.500164698567907
1:11:07.412028: phb 4.52137668937471
1:11:07.443294: phb 4.532050038632775
1:11:07.505699: phb 4.553518623055076
1:11:07.521446: phb 4.575135898777949
1:11:07.552513: phb 4.585994933383112
1:11:07.693266: phb 4.607799684255039
1:11:54.787321: freq 0
1:11:54.787321: amp 0
1:11:54.787321: off 90
1:11:54.787321: phb 0
1:11:55.678114: freq 0
1:11:55.678114: amp 0
1:11:55.693606: off 90
1:11:55.693606: phb 0
1:11:56.162499: freq 0
1:11:56.162499: amp 0
1:11:56.162499: off 90
1:11:56.162499: phb 0
1:14:36.963182: amp 22
1:15:01.777728: amp 35
1:15:08.105770: off 86
1:15:08.199621: off 80
1:15:08.215277: off 77
1:15:08.230961: off 73
1:15:08.246554: off 70
1:15:08.262206: off 67
1:15:08.277751: off 65
1:15:08.293276: off 63
1:15:08.308997: off 61
1:15:08.325543: off 60
1:15:08.340683: off 59
1:15:08.356510: off 58
1:15:08.403223: off 57
1:15:08.418927: off 56
1:15:08.465758: off 54
1:15:08.496976: off 53
1:15:08.512698: off 52
1:15:08.528360: off 50
1:15:08.543993: off 49
1:15:08.559633: off 47
1:15:21.358885: off 41
1:15:21.421253: off 40
1:15:21.483797: off 39
1:15:21.515008: off 38
1:15:21.546437: off 37
1:15:21.562054: off 36
1:15:21.608851: off 35
1:15:21.671339: off 34
1:15:27.396641: off 33
1:15:27.490294: off 26
1:15:27.505883: off 23
1:15:27.521457: off 12
1:15:27.552779: off 5
1:15:27.568427: off 0
1:26:41.400745: amp 34
1:26:41.431810: amp 30
1:26:41.431810: amp 28
1:26:41.447471: amp 26
1:26:41.478824: amp 18
1:26:41.494345: amp 15
1:26:41.510023: amp 6
1:26:41.525568: amp 0
1:26:43.478845: freq 0
1:26:43.478845: amp 0
1:26:43.478845: off 90
1:26:43.478845: phb 0
1:26:49.041379: freq 0.15
1:26:49.135073: freq 0.2
1:26:49.166314: freq 0.25
1:26:49.228822: freq 0.3
1:26:49.697525: amp 20
1:26:49.775554: amp 24
1:26:49.791273: amp 26
1:26:49.806952: amp 27
1:26:49.822579: amp 30
1:26:49.838198: amp 32
1:26:49.853701: amp 35
1:26:49.869423: amp 37
1:26:49.885043: amp 39
1:26:49.900643: amp 41
1:26:49.916161: amp 43
1:26:49.931787: amp 45
1:26:49.963064: amp 46
1:26:49.978769: amp 48
1:26:50.010068: amp 49
1:26:50.056911: amp 50
1:26:50.119438: amp 51
1:26:50.166260: amp 52
1:26:50.666325: freq 0.35
1:26:50.713067: freq 0.4
1:26:50.744463: freq 0.45
1:26:50.775698: freq 0.5
1:26:50.806941: freq 0.55
1:26:50.838203: freq 0.6
1:26:51.025748: freq 0.65
1:26:55.806950: freq 0.7
1:26:55.822580: freq 0.75
1:26:55.916369: freq 0.95
1:26:55.931818: freq 1
1:26:55.931818: freq 1
1:27:00.729181: amp 53
1:27:00.932135: amp 56
1:27:00.963508: amp 57
1:27:00.979092: amp 58
1:27:00.994763: amp 59
1:27:01.010321: amp 60
1:27:01.026043: amp 61
1:27:01.041669: amp 63
1:27:01.057293: amp 64
1:27:01.072898: amp 65
1:27:01.088540: amp 67
1:27:01.104171: amp 68
1:27:01.119636: amp 69
1:27:01.135230: amp 71
1:27:01.150910: amp 73
1:27:01.182271: amp 74
1:27:01.182271: amp 76
1:27:01.197738: amp 77
1:27:01.229197: amp 79
1:27:01.244745: amp 81
1:27:01.260391: amp 82
1:27:01.275960: amp 84
1:27:01.291672: amp 85
1:27:01.307110: amp 86
1:27:01.322828: amp 89
1:27:01.338542: amp 90
1:27:04.822889: amp 89
1:27:04.869607: amp 87
1:27:04.885247: amp 85
1:27:04.916539: amp 83
1:27:04.916539: amp 80
1:27:04.947947: amp 77
1:27:04.947947: amp 74
1:27:04.963497: amp 71
1:27:04.994611: amp 68
1:27:05.010349: amp 65
1:27:05.025992: amp 60
1:27:05.041643: amp 57
1:27:05.057227: amp 52
1:27:05.072854: amp 48
1:27:05.088494: amp 43
1:27:05.103983: amp 39
1:27:05.119797: amp 33
1:27:05.135354: amp 31
1:27:05.150865: amp 24
1:27:05.166509: amp 20
1:27:05.197892: amp 16
1:27:05.213477: amp 11
1:27:05.229149: amp 9
1:27:05.244709: amp 4
1:27:05.260262: amp 1
1:27:05.275863: amp 0
1:27:12.151017: off 102
1:27:12.213388: off 95
1:27:12.244687: off 94
1:27:12.260239: off 93
1:27:12.276039: off 91
1:27:12.291511: off 90
1:27:12.307241: off 86
1:27:12.322926: off 83
1:27:12.338546: off 78
1:27:12.369632: off 74
1:27:12.369632: off 68
1:27:12.385229: off 63
1:27:12.400958: off 57
1:27:12.432320: off 52
1:27:12.432320: off 45
1:27:12.463564: off 39
1:27:12.479014: off 33
1:27:12.494706: off 28
1:27:12.510350: off 19
1:27:12.526051: off 16
1:27:12.541647: off 11
1:27:12.557296: off 6
1:27:12.573456: off 2
1:27:12.588624: off 0
1:27:16.307402: amp 4
1:27:16.323018: amp 6
1:27:16.338785: amp 8
1:27:16.354505: amp 12
1:27:16.370067: amp 16
1:27:16.385634: amp 19
1:27:16.401322: amp 22
1:27:16.416793: amp 27
1:27:16.448140: amp 32
1:27:16.463775: amp 37
1:27:16.479429: amp 44
1:27:16.494888: amp 49
1:27:16.510542: amp 53
1:27:16.526317: amp 55
1:27:16.541891: amp 60
1:27:16.573097: amp 64
1:27:16.573097: amp 67
1:27:16.588763: amp 70
1:27:16.604296: amp 71
1:27:16.651251: amp 75
1:27:16.651251: amp 77
1:27:16.651251: amp 78
1:27:20.323170: amp 80
1:27:20.354293: amp 77
1:27:20.370089: amp 75
1:27:20.385696: amp 74
1:27:20.401327: amp 73
1:27:20.416980: amp 71
1:27:20.432395: amp 69
1:27:20.448022: amp 67
1:27:20.463732: amp 64
1:27:20.495048: amp 61
1:27:20.510674: amp 57
1:27:20.526276: amp 53
1:27:20.541807: amp 46
1:27:20.557418: amp 41
1:27:20.573229: amp 36
1:27:20.588799: amp 33
1:27:20.604273: amp 29
1:27:20.619995: amp 22
1:27:20.635696: amp 17
1:27:20.666863: amp 13
1:27:20.666863: amp 9
1:27:20.698123: amp 6
1:27:20.698123: amp 2
1:27:20.729444: amp 0
1:27:27.575063: amp 50
1:27:37.559591: off 94
1:27:48.686189: freq 0
1:27:48.686189: amp 0
1:27:48.686189: off 90
1:27:48.686189: phb 0
1:28:14.811664: amp 2
1:28:14.843040: amp 3
1:28:14.874338: amp 4
1:28:14.889756: amp 5
1:28:14.921250: amp 6
1:28:14.936821: amp 7
1:28:14.952416: amp 8
1:28:14.999164: amp 9
1:28:15.030513: amp 10
1:28:15.061839: amp 11
1:28:15.108536: amp 12
1:28:15.219531: amp 11
1:28:15.266354: amp 12
1:28:15.375643: amp 15
1:28:15.391417: amp 16
1:28:15.406892: amp 18
1:28:15.422649: amp 20
1:28:15.438213: amp 22
1:28:15.453900: amp 23
1:28:15.469373: amp 24
1:28:15.485024: amp 25
1:28:15.500642: amp 26
1:28:15.531985: amp 27
1:28:15.547653: amp 28
1:28:15.578921: amp 29
1:28:15.594537: amp 30
1:28:15.625768: amp 31
1:28:15.641272: amp 32
1:28:15.672691: amp 33
1:28:15.703954: amp 34
1:28:15.719519: amp 35
1:28:15.750643: amp 36
1:28:15.781976: amp 37
1:28:15.797660: amp 38
1:28:15.844371: amp 39
1:28:15.875776: amp 40
1:28:15.924058: amp 41
1:28:15.985763: amp 42
1:28:16.063911: amp 43
1:28:34.085631: amp 45
1:28:34.180256: amp 49
1:28:34.195853: amp 51
1:28:34.227702: amp 53
1:28:34.243953: amp 54
1:28:34.260078: amp 57
1:28:34.275892: amp 59
1:28:34.291536: amp 62
1:28:34.307146: amp 64
1:28:34.322748: amp 67
1:28:34.338212: amp 69
1:28:34.353868: amp 71
1:28:34.369679: amp 72
1:28:34.385268: amp 74
1:28:34.400897: amp 75
1:28:34.416338: amp 79
1:28:34.447614: amp 82
1:28:34.463742: amp 85
1:28:34.465265: amp 89
1:28:34.495563: amp 90
1:28:41.692557: amp 87
1:28:41.801948: amp 83
1:28:41.818004: amp 82
1:28:41.849497: amp 81
1:28:41.865692: amp 79
1:28:41.881371: amp 78
1:28:41.913229: amp 77
1:28:41.928774: amp 75
1:28:41.944304: amp 73
1:28:41.959927: amp 70
1:28:41.976047: amp 68
1:28:41.992117: amp 67
1:28:42.007899: amp 65
1:28:42.023921: amp 64
1:28:42.055184: amp 63
1:28:42.070958: amp 62
1:28:42.086561: amp 57
1:28:42.102089: amp 56
1:28:42.117766: amp 52
1:28:42.133308: amp 49
1:28:42.149130: amp 48
1:28:42.180183: amp 47
1:28:42.195806: amp 46
1:28:42.212933: amp 45
1:28:42.274733: amp 44
1:28:45.229044: amp 47
1:28:45.244660: amp 48
1:28:45.260475: amp 50
1:28:45.277943: amp 52
1:28:45.292553: amp 54
1:28:45.308193: amp 57
1:28:45.323814: amp 59
1:28:45.340483: amp 61
1:28:45.355827: amp 64
1:28:45.371776: amp 66
1:28:45.387572: amp 69
1:28:45.403037: amp 72
1:28:45.418660: amp 74
1:28:45.465863: amp 79
1:28:45.465863: amp 83
1:28:45.481695: amp 85
1:28:45.512957: amp 87
1:28:45.528584: amp 89
1:28:45.544369: amp 90
1:28:46.406248: freq 0.5
1:28:46.421832: freq 0.55
1:28:46.531344: freq 0.75
1:28:46.542642: freq 0.8
1:28:46.562964: freq 0.85
1:28:46.594460: freq 0.9
1:28:46.629032: freq 0.95
1:28:46.641794: freq 1
1:29:14.547398: amp 88
1:29:14.703651: amp 85
1:29:14.734787: amp 84
1:29:14.750448: amp 83
1:29:14.781652: amp 82
1:29:14.797683: amp 81
1:29:14.812878: amp 80
1:29:14.844267: amp 78
1:29:14.875537: amp 76
1:29:14.891162: amp 75
1:29:14.906803: amp 73
1:29:14.922447: amp 72
1:29:14.937874: amp 70
1:29:14.953496: amp 69
1:29:14.984758: amp 68
1:29:14.984758: amp 67
1:29:15.016079: amp 66
1:29:15.016079: amp 65
1:29:15.047339: amp 64
1:29:15.062875: amp 63
1:29:15.078528: amp 62
1:29:15.094278: amp 61
1:29:15.109889: amp 60
1:29:15.125446: amp 59
1:29:15.156824: amp 58
1:29:15.203654: amp 57
1:29:15.297409: amp 56
1:29:27.707280: amp 54
1:29:27.738506: amp 53
1:29:27.847832: amp 52
1:29:27.926027: amp 51
1:29:28.019633: amp 50
1:29:28.097731: amp 49
1:29:28.144792: amp 48
1:29:28.191481: amp 47
1:29:28.222866: amp 46
1:29:28.300873: amp 45
1:29:31.788536: off 81
1:29:31.977026: off 76
1:29:31.993082: off 75
1:29:32.024501: off 74
1:29:32.040092: off 73
1:29:32.055591: off 72
1:29:32.102629: off 71
1:29:32.118311: off 70
1:29:32.149984: off 69
1:29:32.181333: off 68
1:29:32.228691: off 67
1:29:32.275794: off 66
1:29:32.416776: off 65
1:29:32.463538: off 64
1:55:40.343434: off 38
1:56:16.678135: amp 26
2:05:41.765865: freq 0.5
3:04:46.311456: freq 0
3:04:46.311456: amp 0
3:04:46.311456: off 90
3:04:46.311456: phb 0
3:04:55.217798: off 85
3:04:55.295733: off 90
3:04:55.311371: off 91
3:04:55.326959: off 92
3:04:55.342594: off 93
3:04:55.358304: off 94
3:04:55.373980: off 95
3:04:55.389480: off 96
3:04:55.420860: off 97
3:04:55.420860: off 98
3:04:55.452108: off 99
3:04:55.483206: off 100
3:04:55.498986: off 101
3:04:55.514604: off 102
3:04:55.545857: off 103
3:04:55.592737: off 104
3:04:55.780291: off 103
3:04:55.795854: off 102
3:04:55.827110: off 101
3:04:55.858208: off 100
3:04:55.858208: off 98
3:04:55.873835: off 97
3:04:55.905183: off 95
3:04:55.905183: off 94
3:04:55.920864: off 93
3:04:55.951962: off 92
3:04:55.951962: off 91
3:04:55.983345: off 90
3:04:55.998982: off 89
3:04:56.030231: off 88
3:04:56.030231: off 86
3:04:56.061433: off 84
3:04:56.077142: off 82
3:04:56.092736: off 81
3:04:56.108314: off 80
3:04:56.123980: off 76
3:04:56.155229: off 73
3:04:56.155229: off 72
3:04:57.905186: off 66
3:04:58.061538: off 60
3:04:58.061538: off 59
3:04:58.092699: off 58
3:04:58.108231: off 57
3:04:58.108231: off 56
3:04:58.139610: off 55
3:04:58.139610: off 53
3:04:58.155182: off 52
3:04:58.186481: off 50
3:04:58.186481: off 49
3:04:58.217645: off 48
3:04:58.233387: off 47
3:04:58.248979: off 46
3:04:58.264460: off 43
3:04:58.280135: off 41
3:04:58.295710: off 38
3:04:58.311479: off 36
3:04:58.327110: off 34
3:04:58.342680: off 33
3:04:58.358360: off 32
3:04:58.389459: off 31
3:04:58.389459: off 30
3:04:58.420831: off 29
3:04:58.436486: off 28
3:04:58.452066: off 27
3:04:58.483231: off 26
3:04:58.498986: off 25
3:04:58.514611: off 24
3:04:58.545862: off 23
3:04:58.702070: off 24
3:04:58.733358: off 25
3:04:58.967716: off 24
3:04:59.014617: off 23
3:04:59.045809: off 22
3:04:59.061332: off 21
3:04:59.092787: off 20
3:04:59.139470: off 19
3:04:59.248966: off 18
3:05:30.608365: amp 1
3:05:30.764661: amp 4
3:05:30.780202: amp 5
3:05:30.795800: amp 7
3:05:30.811532: amp 8
3:05:30.826957: amp 10
3:05:30.858358: amp 11
3:05:30.858358: amp 12
3:05:30.889691: amp 14
3:05:30.889691: amp 15
3:05:30.920732: amp 16
3:05:30.936440: amp 17
3:05:30.952127: amp 18
3:05:31.014458: amp 19
3:05:31.014458: amp 20
3:05:31.045732: amp 21
3:05:31.061483: amp 22
3:05:31.123932: amp 23
3:05:31.139668: amp 24
3:05:31.170867: amp 25
3:05:31.186485: amp 26
3:05:31.264606: amp 27
3:05:31.327103: amp 28
3:05:31.420909: amp 29
3:05:31.483304: amp 30
3:05:31.561512: amp 31
3:05:33.327077: amp 34
3:05:33.327077: amp 36
3:05:33.342694: amp 38
3:05:33.358309: amp 40
3:05:33.373936: amp 41
3:05:33.389464: amp 43
3:05:33.420833: amp 44
3:05:33.451980: amp 45
3:05:33.467584: amp 46
3:05:33.483617: amp 47
3:05:33.498981: amp 48
3:05:33.530231: amp 49
3:05:33.545710: amp 50
3:05:33.577119: amp 51
3:05:33.608373: amp 52
3:05:33.717675: amp 53
3:05:33.811478: amp 54
3:05:33.920732: amp 55
3:05:34.123997: amp 56
3:05:34.920806: freq 0.05
3:05:34.920806: freq 0.1
3:05:35.030229: freq 0.2
3:05:35.061403: freq 0.2
3:05:35.764605: freq 0.15
3:05:35.983232: freq 0.1
3:07:35.437043: freq 0
3:07:35.452578: amp 0
3:07:35.452578: off 90
3:07:35.452578: phb 0
3:07:36.937026: freq 0
3:07:36.937026: amp 0
3:07:36.937026: off 90
3:07:36.937026: phb 0
3:11:54.790960: amp 5
3:11:54.962750: amp 8
3:11:54.978448: amp 9
3:11:54.994136: amp 10
3:11:55.025251: amp 11
3:11:55.025251: amp 12
3:11:55.040872: amp 14
3:11:55.056642: amp 15
3:11:55.087829: amp 17
3:11:55.103542: amp 18
3:11:55.118970: amp 19
3:11:55.134623: amp 20
3:11:55.151287: amp 21
3:11:55.167414: amp 22
3:11:55.182528: amp 23
3:11:55.198312: amp 24
3:11:55.213818: amp 25
3:11:55.229549: amp 26
3:11:55.246350: amp 27
3:11:55.276878: amp 28
3:11:55.292425: amp 29
3:11:55.323713: amp 30
3:11:55.354805: amp 31
3:11:55.402191: amp 32
3:11:55.433422: amp 33
3:11:55.449352: amp 34
3:11:55.465154: amp 35
3:11:55.481874: amp 36
3:11:55.527977: amp 37
3:11:55.527977: amp 38
3:11:55.559705: amp 39
3:11:55.622341: amp 40
3:11:55.669294: amp 41
3:11:55.747366: amp 42
3:11:55.778469: amp 43
3:11:55.794112: amp 44
3:11:55.841168: amp 45
3:11:55.887938: amp 46
3:11:55.934865: amp 47
3:11:55.982082: amp 48
3:11:56.060209: amp 49
3:11:56.138342: amp 50
3:11:56.232110: amp 51
3:11:56.278948: amp 52
3:11:56.341739: amp 53
3:11:56.482494: amp 54
3:12:41.884204: phb 0.43508393062615625
3:12:41.899644: phb 0.253673718592034
3:12:41.915249: phb 0.19239559221783065
3:12:41.931061: phb 0.06838586693187694
3:12:41.946682: phb 0.014082715586721655
3:12:41.946682: phb 6.179085018535134
3:12:41.962235: phb 6.110324098809419
3:12:41.977757: phb 5.971638030496186
3:12:41.993557: phb 5.797957932748359
3:12:42.009180: phb 5.636427120725903
3:12:42.040251: phb 5.610938770232958
3:12:42.056018: phb 5.429710088313643
3:12:42.071658: phb 5.313843738094297
3:12:42.087306: phb 5.168739073793338
3:12:42.102944: phb 5.023936501319142
3:12:42.118406: phb 4.880031320785854
3:12:42.134184: phb 4.816489828876586
3:12:42.149812: phb 4.616790953222476
3:12:42.165250: phb 4.3751374954413365
3:12:42.181048: phb 4.179087153666165
3:12:42.196500: phb 4.094423461765477
3:12:42.212123: phb 4.018838201611305
3:12:42.227749: phb 3.9391864788451096
3:12:42.243560: phb 3.856519684394416
3:12:42.274789: phb 3.8026368227986485
3:12:42.290251: phb 3.749116311836109
3:12:42.305905: phb 3.710651060621828
3:12:42.321658: phb 3.674437011999025
3:12:42.337305: phb 3.6345482341364885
3:12:42.352935: phb 3.6211125422895667
3:12:42.368564: phb 3.570554625166625
3:12:42.399653: phb 3.5337116180087524
3:12:42.430886: phb 3.5027967173587435
3:12:42.430886: phb 3.4805091076293238
3:12:42.462288: phb 3.4546854236985407
3:12:42.493398: phb 3.441607709268175
3:12:42.493398: phb 3.4017474291787124
3:12:42.524656: phb 3.3849024856902097
3:12:42.540406: phb 3.3714972798241702
3:12:42.556042: phb 3.3444383422530763
3:12:42.587154: phb 3.317074277223835
3:12:42.602849: phb 3.3032896642743856
3:12:42.618513: phb 3.2755379202744948
3:12:42.634168: phb 3.2615813964381415
3:12:42.649816: phb 3.2475771054954787
3:12:42.665254: phb 3.2194496426178474
3:12:42.712286: phb 3.190504894784591
3:12:42.774720: phb 3.176062175927603
3:12:42.837285: phb 3.161998001745818
3:12:42.884187: phb 3.1483041699488434
3:12:43.024780: phb 3.1219873066058765
3:12:43.134163: phb 3.109345954355255
3:12:43.243381: phb 3.097036562360096
3:12:43.524654: phb 3.109756473572195
3:12:43.540256: phb 3.135141521256648
3:12:43.571520: phb 3.1611980005737097
3:12:43.587125: phb 3.1873126415957254
3:12:43.618405: phb 3.213365042246926
3:12:43.634001: phb 3.239319640845131
3:12:43.681072: phb 3.2667628459635734
3:12:43.727790: phb 3.2797791535309107
3:12:43.743558: phb 3.2947467340958245
3:12:43.759185: phb 3.31004926975244
3:12:43.821721: phb 3.3256911295867417
3:12:43.852907: phb 3.3714972798241702
3:12:43.868846: phb 3.4053728466539557
3:12:43.915258: phb 3.440620274304191
3:12:43.915258: phb 3.477231507401297
3:12:43.931038: phb 3.5065862400335153
3:12:43.946631: phb 3.552657595095146
3:12:43.977927: phb 3.6241066694684667
3:12:43.993406: phb 3.732127148072888
3:12:44.024655: phb 3.8326778526489775
3:12:44.040279: phb 3.9551535034325997
3:12:44.056067: phb 4.150468531060961
3:12:44.071505: phb 4.318396224747259
3:12:44.087242: phb 4.435481536086595
3:12:44.102785: phb 4.564953123556554
3:12:44.118406: phb 4.683272228648356
3:12:44.134039: phb 4.79789546422359
3:12:44.149807: phb 4.902718581640514
3:12:44.165399: phb 4.98947699553401
3:12:44.180904: phb 5.0396344332472705
3:12:44.196531: phb 5.134861763000776
3:12:44.212199: phb 5.150020995937648
3:12:44.227943: phb 5.208516048032728
3:12:44.259210: phb 5.258287650800969
3:12:44.274626: phb 5.319912297141027
3:12:44.290401: phb 5.351121164122519
3:12:44.306032: phb 5.441030008792252
3:12:44.321709: phb 5.509150312471777
3:12:44.352753: phb 5.602058387607193
3:12:44.368405: phb 5.651330835244214
3:12:44.384155: phb 5.711347167128586
3:12:44.399775: phb 5.7777372330428225
3:12:44.415400: phb 5.846558368132954
3:12:44.431030: phb 5.9234093176235225
3:12:44.446657: phb 6.01084509196422
3:12:44.477754: phb 6.119446898438779
3:12:44.493497: phb 6.1878227877992265
3:12:44.509209: phb 0.02563538095162178
3:12:44.524645: phb 0.1746721935220982
3:12:44.540433: phb 0.2548397882420976
3:12:44.555906: phb 0.4048917746784997
3:12:44.571530: phb 0.4929547567858139
3:12:44.587285: phb 0.6156194069201496
3:12:44.602918: phb 0.7066136970202873
3:12:44.618378: phb 0.7688701031917679
3:12:44.634154: phb 0.8168831909034114
3:12:46.274470: phb 4.848160885208856
3:12:46.274470: phb 4.7737643128543334
3:12:46.305841: phb 4.6714761728801015
3:12:46.305841: phb 4.548236109377877
3:12:46.336943: phb 4.370641607708161
3:12:46.352665: phb 4.222810792106795
3:12:46.368193: phb 4.136819361983665
3:12:46.383819: phb 3.817340813743578
3:12:46.399553: phb 3.6193243736214145
3:12:46.430686: phb 3.5301730010577814
3:12:46.430686: phb 3.313531171654424
3:12:46.446340: phb 3.026086983146524
3:12:47.086964: phb 2.4026721573152465
3:12:47.102719: phb 2.697441171091796
3:12:47.118343: phb 2.923634347763287
3:12:47.133960: phb 3.121461136699839
3:12:47.149441: phb 3.2432815918361872
3:12:47.165142: phb 3.3947816228678986
3:12:47.180716: phb 3.4546854236985407
3:12:47.196466: phb 3.557657520070349
3:12:47.212103: phb 3.576494596335243
3:12:47.243187: phb 3.6670509132769777
3:12:47.243187: phb 3.7480745488684057
3:12:47.258876: phb 3.831537297089841
3:12:47.274462: phb 3.8950869394633316
3:12:47.305834: phb 3.948493220854531
3:12:47.321466: phb 4.012801401508766
3:12:47.337088: phb 4.024507299956042
3:12:47.352691: phb 4.058102631867534
3:12:47.368215: phb 4.086542849630031
3:12:47.383841: phb 4.074070045404241
3:12:47.399600: phb 4.078596685175992
3:12:47.415166: phb 4.066699925528168
3:12:47.430835: phb 4.076804848966091
3:12:47.446463: phb 4.001851066556897
3:12:47.462412: phb 3.858134388631069
3:12:47.477620: phb 3.587701459701895
3:12:47.493344: phb 2.9669198017282636
3:12:47.524447: phb 2.170847900535194
3:12:47.540242: phb 1.7577757984787978
3:12:47.555705: phb 1.631942005930349
3:12:47.571461: phb 1.5883383199483776
3:12:47.587084: phb 1.5246732565806906
3:12:47.602713: phb 1.4513657461369054
3:12:47.618190: phb 1.422467763552346
3:12:47.633916: phb 1.4007376677741954
3:12:47.680716: phb 1.3670510319509506
3:12:47.696421: phb 1.3462988377984884
3:12:47.727563: phb 1.3134724720550481
3:12:47.774500: phb 1.297253052063278
3:12:47.805841: phb 1.2747907348324774
3:12:47.821459: phb 1.2618647726008279
3:12:47.852591: phb 1.2112486321984315
3:12:47.868347: phb 1.1624853629933225
3:12:47.883968: phb 1.1505988689600248
3:12:47.899543: phb 1.0750893629550617
3:12:47.915167: phb 0.9919339953706927
3:12:47.930686: phb 0.8629124251916717
3:12:47.946460: phb 0.77539847782992
3:12:47.962047: phb 0.7450156139588097
3:12:47.977751: phb 0.6597476374554422
3:12:48.008882: phb 0.5817387329156821
3:12:48.024723: phb 0.5220003133374139
3:12:48.040069: phb 0.4601630781634305
3:12:48.055836: phb 0.4174170182709795
3:12:48.071468: phb 0.3578167310836905
3:12:48.087138: phb 0.295440437194668
3:12:48.102712: phb 0.24702326684599155
3:12:48.118190: phb 0.1973951962417916
3:12:48.133962: phb 0.16373763378428716
3:12:48.149544: phb 0.12970246483269537
3:12:48.165092: phb 0.11256502881793393
3:12:48.180834: phb 0.09536173048793141
3:12:48.196464: phb 0.07810163385643855
3:56:09.503805: freq 0.65
3:56:11.066289: freq 0.25
3:56:12.160096: off 86
3:56:12.206987: off 80
3:56:12.238168: off 76
3:56:12.238168: off 70
3:56:12.253870: off 63
3:56:12.269337: off 57
3:56:12.300699: off 45
3:56:12.300699: off 36
3:56:12.331970: off 31
3:56:12.331970: off 21
3:56:12.363057: off 12
3:56:12.378844: off 2
3:56:12.394491: off 0
3:56:19.097591: off 86
3:56:23.128848: phb 0.6790035808873962
3:56:23.128848: phb 0.3662545345254603
3:56:23.128848: phb 0.37563947318830776
3:56:23.160096: phb 0.4342443524485092
3:56:23.191300: phb 0.5057912907204503
3:56:23.191300: phb 0.5427503250167418
3:56:23.206994: phb 0.7562807552802291
3:56:23.222432: phb 0.9328341025485701
3:56:23.238085: phb 1.046615525332537
3:56:23.253698: phb 1.331295843025487
3:56:23.269439: phb 1.461236695993971
3:56:23.284971: phb 1.5975745292331585
3:56:23.316291: phb 1.7571332811803848
3:56:23.316291: phb 1.904039908303979
3:56:23.347434: phb 2.034443730826967
3:56:23.363214: phb 2.147171329020346
3:56:23.378818: phb 2.241165903127605
3:56:24.175585: phb 3.156629573487074
3:56:24.206838: phb 3.199921048861448
3:56:24.238249: phb 3.225312626906808
3:56:24.238249: phb 3.2587014936326617
3:56:24.284946: phb 3.293284590023824
3:56:30.488174: phb 6.232807801610713
3:56:30.581973: phb 6.213731492039839
4:00:43.926464: freq 0.3
4:00:45.584839: off 104
4:01:04.649636: off 4
4:01:07.524462: off 10
4:01:07.758955: off 4
4:01:07.774508: off 3
4:01:07.790027: off 2
4:01:07.805662: off 1
4:01:07.821474: off 0
4:01:08.227705: off 16
4:01:09.227546: off 30
4:01:09.446496: off 24
4:01:09.461929: off 22
4:01:09.477529: off 19
4:01:09.493349: off 16
4:01:09.508960: off 13
4:01:09.524491: off 9
4:01:09.540194: off 8
4:01:09.555767: off 6
4:01:09.571431: off 4
4:01:09.586985: off 2
4:01:09.602706: off 0
4:01:11.712084: amp 1
4:01:12.071466: amp 0
4:01:13.493677: freq 0
