0:00:10.925847: freq 0.55
0:00:11.956916: freq 0.2
0:00:12.035066: freq 0.15
0:00:12.066485: freq 0.1
0:00:12.097775: freq 0.05
0:00:12.113310: freq 0
0:06:11.001369: off 80
0:06:11.173208: off 78
0:06:11.173208: off 69
0:06:11.204352: off 60
0:06:11.219951: off 54
0:06:11.235786: off 49
0:06:11.282497: off 45
0:06:11.282497: off 42
0:06:11.282497: off 39
0:06:11.391959: off 37
0:06:11.391959: off 35
0:06:11.391959: off 33
0:06:11.391959: off 32
0:06:11.391959: off 30
0:06:11.391959: off 28
0:06:11.407632: off 27
0:06:11.423266: off 25
0:06:11.438859: off 22
0:06:11.454403: off 19
0:06:11.470060: off 15
0:06:11.485685: off 7
0:06:11.501245: off 0
1:04:08.787647: amp 47
1:04:09.381331: off 95
1:08:39.145179: off 15
1:09:25.512643: amp 11
1:09:25.606694: amp 7
1:09:25.647108: amp 5
1:09:25.654353: amp 4
1:09:25.670846: amp 2
1:09:25.686266: amp 1
1:09:25.702345: amp 0
1:10:02.487839: phb 0.263397621770788
1:10:02.518743: phb 1.4931741018363114
1:10:02.534337: phb 1.599633257325215
1:10:02.549780: phb 1.6343469285140138
1:10:02.565638: phb 1.6972358389014899
1:10:02.581033: phb 1.7070432768976112
1:10:02.596655: phb 1.7204623408822486
1:10:02.643544: phb 1.738328400129658
1:10:02.643544: phb 1.7359445469837294
1:10:02.706245: phb 1.7171772494137214
1:10:02.971816: phb 1.7012996356676493
1:10:03.049994: phb 1.6766488316375514
1:10:03.081197: phb 1.6518682464457122
1:10:03.081197: phb 1.6394379385823785
1:10:03.112285: phb 1.6145184382575883
1:10:03.128064: phb 1.5895433506375707
1:10:03.143716: phb 1.5770462239597534
1:10:03.174941: phb 1.5520477299420121
1:10:03.206062: phb 1.5395564576367184
1:10:03.221832: phb 1.527073786998464
1:10:03.346852: phb 1.5021542878726777
1:10:03.768739: phb 1.471127687634064
1:10:03.799944: phb 1.4478888714731863
1:10:03.831240: phb 1.4363187824837091
1:10:03.878094: phb 1.416850955870193
1:10:03.909327: phb 1.3944849610709866
1:10:03.956194: phb 1.3722957739480433
1:10:03.971667: phb 1.3612731107728986
1:10:04.018688: phb 1.3503018765585733
1:10:04.065567: phb 1.3285236657574795
1:10:04.127979: phb 1.3177199965092499
1:10:04.315409: phb 1.3204766723604469
1:10:04.596662: phb 1.3515519168220445
1:10:04.612312: phb 1.3619302663713206
1:10:04.627920: phb 1.3847992171929766
1:10:04.674942: phb 1.4056473101482738
1:10:17.628071: amp 24
1:10:17.784325: amp 27
1:10:17.784325: amp 29
1:10:17.784325: amp 30
1:10:17.815409: amp 31
1:10:17.831140: amp 32
1:10:17.846687: amp 33
1:10:17.862496: amp 34
1:10:17.877935: amp 35
1:10:17.909180: amp 36
1:10:17.987822: amp 37
1:10:17.987822: amp 38
1:10:18.003909: amp 39
1:10:18.050947: amp 40
1:11:54.849934: freq 0
1:11:54.849934: amp 0
1:11:54.849934: off 90
1:11:54.849934: phb 0
1:14:38.463183: amp 24
1:14:56.496401: amp 46
1:15:10.934847: off 40
1:15:24.922345: off 32
1:15:24.985409: off 26
1:15:25.000916: off 25
1:15:25.016627: off 23
1:15:25.033117: off 20
1:15:25.049162: off 17
1:15:25.064349: off 13
1:15:25.081029: off 11
1:15:25.096172: off 7
1:15:25.111990: off 5
1:15:25.127620: off 3
1:15:25.143240: off 0
1:16:15.500417: amp 28
1:16:30.953727: phb 2.7812333064886143
1:16:32.141216: phb 3.141592653589793
1:16:32.250598: phb 3.1782728834264975
1:16:32.266025: phb 3.197608791011889
1:26:44.603842: freq 0
1:26:44.603842: amp 0
1:26:44.603842: off 90
1:26:44.603842: phb 0
1:28:24.017301: amp 2
1:28:24.142322: amp 4
1:28:24.157895: amp 5
1:28:24.173595: amp 6
1:28:24.189064: amp 7
1:28:24.220498: amp 8
1:28:24.236060: amp 9
1:28:24.268039: amp 10
1:28:24.316009: amp 11
1:28:24.331182: amp 12
1:28:24.346915: amp 13
1:28:24.378094: amp 14
1:28:24.409471: amp 15
1:28:24.425137: amp 16
1:28:24.440721: amp 17
1:28:24.456192: amp 18
1:28:24.471978: amp 19
1:28:24.487592: amp 20
1:28:24.503129: amp 21
1:28:24.518786: amp 22
1:28:24.535236: amp 23
1:28:24.550361: amp 24
1:28:24.566025: amp 25
1:28:24.581790: amp 26
1:28:24.613078: amp 27
1:28:24.628641: amp 28
1:28:24.644128: amp 29
1:28:24.659775: amp 30
1:28:24.691154: amp 31
1:28:24.707065: amp 32
1:28:24.738403: amp 33
1:28:24.769644: amp 34
1:28:24.800985: amp 35
1:28:24.832142: amp 36
1:28:24.847734: amp 37
1:28:24.879114: amp 38
1:28:24.894692: amp 39
1:28:24.926588: amp 40
1:28:24.942070: amp 41
1:28:24.973478: amp 42
1:28:25.020343: amp 43
1:28:25.067152: amp 44
1:28:25.098478: amp 45
1:28:25.145281: amp 46
1:28:27.694559: amp 48
1:28:27.819560: amp 52
1:28:27.835127: amp 53
1:28:27.850812: amp 54
1:28:27.882152: amp 55
1:28:27.882152: amp 56
1:28:27.897903: amp 57
1:28:27.913532: amp 61
1:28:27.930332: amp 63
1:28:27.944868: amp 65
1:28:27.976147: amp 66
1:28:27.991968: amp 67
1:28:28.007570: amp 68
1:28:28.023205: amp 69
1:28:28.038827: amp 70
1:28:28.054412: amp 71
1:28:28.086068: amp 72
1:28:28.101859: amp 73
1:28:28.117489: amp 74
1:28:28.148612: amp 75
1:28:28.164218: amp 76
1:28:28.195573: amp 77
1:28:28.211620: amp 78
1:28:28.227318: amp 79
1:28:28.242910: amp 80
1:28:28.274303: amp 81
1:28:28.289915: amp 82
1:28:28.306057: amp 84
1:28:28.321693: amp 85
1:28:28.337980: amp 86
1:28:28.354045: amp 87
1:28:28.370170: amp 88
1:28:28.401412: amp 89
1:28:28.417078: amp 90
1:29:17.000379: amp 87
1:29:17.266195: amp 84
1:29:17.328518: amp 83
1:29:17.359960: amp 82
1:29:17.406626: amp 81
1:29:17.422275: amp 80
1:29:17.453787: amp 79
1:29:17.484777: amp 78
1:29:17.531638: amp 77
1:29:17.547306: amp 76
1:29:17.578653: amp 75
1:29:17.609963: amp 74
1:29:17.641155: amp 73
1:29:17.672280: amp 72
1:29:17.703664: amp 71
1:29:17.719289: amp 70
1:29:17.734905: amp 69
1:29:17.766028: amp 68
1:29:17.797414: amp 67
1:29:17.891156: amp 66
1:29:17.969278: amp 65
1:29:18.031626: amp 64
1:29:18.094296: amp 63
1:29:18.141001: amp 62
1:29:18.219123: amp 61
1:29:18.359902: amp 60
1:29:20.719283: amp 57
1:29:20.734912: amp 56
1:29:20.750374: amp 55
1:29:20.781628: amp 54
1:29:20.797433: amp 53
1:29:20.891154: amp 52
1:29:21.031787: amp 51
1:29:21.875527: off 84
1:29:21.922423: off 83
1:29:21.984982: off 82
1:29:22.078504: off 81
1:29:22.188109: off 80
1:29:22.281840: off 79
1:29:22.344218: off 78
1:29:22.375403: off 77
1:29:22.406794: off 76
1:29:22.422431: off 75
1:29:22.453529: off 74
1:29:22.500564: off 73
1:29:22.781826: off 72
1:29:33.965466: off 68
1:29:34.231042: off 63
1:29:34.262297: off 62
1:29:34.293561: off 61
1:29:34.324798: off 60
1:29:34.356096: off 59
1:55:42.397850: off 23
1:56:18.447933: amp 26
1:59:05.185326: freq 0.5
1:59:05.216584: freq 0.55
1:59:05.357198: freq 0.85
1:59:05.357198: freq 0.9
1:59:05.372679: freq 0.9
1:59:05.388451: freq 0.95
1:59:05.419573: freq 1
1:59:06.575997: amp 32
1:59:06.638329: amp 38
1:59:06.653960: amp 45
1:59:06.669548: amp 50
1:59:06.685168: amp 58
1:59:06.700798: amp 65
1:59:06.716422: amp 71
1:59:06.748027: amp 77
1:59:06.763301: amp 82
1:59:06.779060: amp 86
1:59:06.794711: amp 90
1:59:07.075999: off 82
1:59:07.107258: off 95
1:59:07.122682: off 108
1:59:07.138457: off 122
1:59:07.154074: off 130
1:59:07.169712: off 152
1:59:07.185254: off 166
1:59:07.200792: off 179
1:59:07.216603: off 180
1:59:11.466586: off 107
1:59:12.091634: amp 45
1:59:12.763444: amp 31
1:59:13.247823: amp 17
1:59:13.779122: off 48
1:59:14.310333: off 37
2:53:45.340217: amp 45
2:53:45.418259: amp 48
2:53:45.418259: amp 50
2:53:45.418259: amp 51
2:53:45.433924: amp 53
2:53:45.449488: amp 55
2:53:45.465151: amp 57
2:53:45.480644: amp 59
2:53:45.512001: amp 61
2:53:45.527665: amp 62
2:53:45.543296: amp 64
2:53:45.558915: amp 65
2:53:45.574517: amp 66
2:53:45.590024: amp 67
2:53:45.605648: amp 68
2:53:45.652704: amp 69
2:53:45.761990: amp 70
2:53:46.902620: amp 35
2:53:47.027681: amp 32
2:53:47.043287: amp 31
2:53:47.058919: amp 29
2:53:47.090036: amp 27
2:53:47.105752: amp 26
2:53:47.121423: amp 25
2:53:47.137041: amp 23
2:53:47.152618: amp 22
2:53:47.183788: amp 21
2:53:47.199390: amp 20
2:53:47.230781: amp 19
3:04:40.717789: freq 0
3:04:40.717789: amp 0
3:04:40.717789: off 90
3:04:40.717789: phb 0
3:05:09.764518: off 89
3:05:09.936360: off 82
3:05:09.936360: off 81
3:05:09.952117: off 80
3:05:09.967790: off 78
3:05:09.983359: off 74
3:05:09.998951: off 72
3:05:10.014479: off 71
3:05:10.030212: off 69
3:05:10.061438: off 68
3:05:10.061438: off 67
3:05:10.077104: off 66
3:05:10.108206: off 65
3:05:10.139628: off 64
3:05:10.170869: off 63
3:05:10.186479: off 62
3:05:10.202082: off 61
3:05:10.217696: off 59
3:05:10.233232: off 58
3:05:10.248989: off 57
3:05:10.264603: off 56
3:05:10.280108: off 55
3:05:10.295730: off 54
3:05:10.311439: off 53
3:05:10.326982: off 52
3:05:10.342714: off 51
3:05:10.373941: off 50
3:05:10.389482: off 49
3:05:10.405162: off 48
3:05:10.436519: off 47
3:05:10.452105: off 46
3:05:10.467598: off 45
3:05:10.483230: off 44
3:05:10.498856: off 43
3:05:10.530231: off 42
3:05:10.545856: off 41
3:05:10.561376: off 40
3:05:10.576958: off 39
3:05:10.608361: off 38
3:05:10.639555: off 37
3:05:10.655210: off 36
3:05:10.702111: off 35
3:05:10.733387: off 34
3:05:10.764480: off 33
3:05:10.811538: off 32
3:05:10.873933: off 31
3:05:10.920857: off 30
3:05:10.951962: off 29
3:05:10.983411: off 28
3:05:11.030230: off 27
3:05:13.795922: off 29
3:05:14.389624: off 23
3:05:14.452162: off 22
3:05:14.498939: off 21
3:05:14.545927: off 20
3:05:14.592733: off 19
3:05:14.686481: off 18
3:06:00.983414: amp 4
3:06:01.061516: amp 7
3:06:01.061516: amp 8
3:06:01.077107: amp 9
3:06:01.108229: amp 11
3:06:01.123946: amp 13
3:06:01.139546: amp 14
3:06:01.155229: amp 16
3:06:01.170866: amp 17
3:06:01.186335: amp 18
3:06:01.201981: amp 19
3:06:01.217701: amp 20
3:06:01.233363: amp 21
3:06:01.248986: amp 22
3:06:01.264603: amp 23
3:06:01.280189: amp 24
3:06:01.327086: amp 25
3:06:01.342585: amp 26
3:06:01.358298: amp 28
3:06:01.373932: amp 29
3:06:01.389549: amp 31
3:06:01.436443: amp 32
3:06:02.561439: phb 0.5496417948379261
3:06:02.561439: phb 0.6510765112806018
3:06:02.561439: phb 0.6862476743744145
3:06:02.577120: phb 0.7700141261352831
3:06:02.623891: phb 0.9272947760232736
3:06:02.623891: phb 0.9513221883381829
3:06:02.639456: phb 1.0025750814528152
3:06:02.655230: phb 1.0570512298472434
3:06:02.670859: phb 1.0906206095302449
3:06:02.686439: phb 1.1287086981097927
3:06:02.701982: phb 1.1651307944937335
3:06:02.717605: phb 1.2065570141770996
3:06:02.733223: phb 1.2435001837950759
3:06:02.748978: phb 1.3173308491054438
3:06:02.764608: phb 1.3790625741349545
3:06:02.780089: phb 1.4378639187982214
3:06:02.795722: phb 1.4848013174605836
3:06:02.811479: phb 1.5305877518557274
3:06:02.826960: phb 1.5880352747273503
3:06:02.858263: phb 1.6453703976037188
3:06:02.873888: phb 1.7118977670871036
3:06:02.889482: phb 1.767098570116831
3:06:02.905291: phb 1.8211146384970063
3:06:02.920895: phb 1.8632948968014733
3:06:02.952128: phb 1.9079830283277839
3:06:02.967644: phb 1.9951516373191114
3:06:02.983225: phb 2.029553234389005
3:06:02.998951: phb 2.0879210263709886
3:06:03.014607: phb 2.12708749242228
3:06:03.045820: phb 2.1815217279399914
3:06:03.045820: phb 2.2142970891721965
3:06:03.076978: phb 2.253112355091601
3:06:03.092737: phb 2.2916447822654034
3:06:03.108304: phb 2.299650578914701
3:06:03.123952: phb 2.3371846581528013
3:06:03.139606: phb 2.367601059951772
3:06:03.155247: phb 2.4052117846384555
3:06:03.170727: phb 2.43527404260367
3:06:03.186354: phb 2.473523166893666
3:06:03.202110: phb 2.5034108922330223
3:06:03.217589: phb 2.5182580087043096
3:06:03.233320: phb 2.547733857390605
3:06:03.264465: phb 2.609332526832151
3:06:04.155229: phb 2.7131872439580866
3:06:04.217736: phb 2.7190611287115902
3:06:04.249024: phb 2.74306980786106
3:06:04.264461: phb 2.755911668423264
3:06:04.295807: phb 2.7788286266941125
3:06:04.295807: phb 2.796291452537204
3:06:04.311456: phb 2.8559197336900777
3:06:04.342647: phb 2.901421447874828
3:06:04.358307: phb 2.930040544334034
3:06:04.358307: phb 2.947970505377672
3:06:04.389626: phb 2.9753975001930457
3:06:04.405105: phb 2.9899007171557628
3:06:04.420822: phb 3.0041011260009003
3:06:04.436491: phb 3.03160883043426
3:06:04.452099: phb 3.057955486346869
3:06:04.483208: phb 3.0698596291552063
3:06:04.498880: phb 3.081784171214816
3:06:04.639626: phb 3.106519297257797
3:06:04.670732: phb 3.1184757291589666
3:07:34.265158: freq 0
3:07:34.265158: amp 0
3:07:34.265158: off 90
3:07:34.265158: phb 0
3:12:06.454369: amp 1
3:12:06.516830: amp 6
3:12:06.532661: amp 8
3:12:06.548429: amp 10
3:12:06.548429: amp 12
3:12:06.563922: amp 14
3:12:06.596046: amp 15
3:12:06.611991: amp 17
3:12:06.628055: amp 18
3:12:06.645428: amp 19
3:12:06.659933: amp 20
3:12:06.675595: amp 22
3:12:06.691241: amp 23
3:12:06.707015: amp 24
3:12:06.722861: amp 25
3:12:06.738676: amp 26
3:12:06.754120: amp 27
3:12:06.770326: amp 29
3:12:06.787551: amp 30
3:12:06.818081: amp 31
3:12:06.864796: amp 32
3:12:06.880569: amp 33
3:12:06.911672: amp 34
3:12:06.958699: amp 35
3:12:07.005559: amp 36
3:12:07.053133: amp 37
3:12:07.084424: amp 38
3:12:07.115518: amp 39
3:12:07.162402: amp 40
3:12:07.178333: amp 41
3:12:07.210011: amp 42
3:12:07.225845: amp 43
3:12:07.273530: amp 44
3:12:07.320257: amp 45
3:12:07.508132: amp 46
3:12:09.043785: amp 48
3:12:09.216068: amp 51
3:12:09.231924: amp 52
3:12:09.263403: amp 53
3:12:09.326157: amp 54
3:12:09.514676: amp 55
3:12:09.718111: amp 56
3:12:10.093897: amp 57
3:12:10.188122: amp 58
3:12:10.344086: amp 59
3:12:10.500934: amp 60
3:12:10.738008: amp 61
3:12:11.003495: amp 62
3:12:11.410388: amp 63
3:12:11.567999: amp 64
3:12:11.693623: amp 65
3:12:11.928683: amp 66
