Time, Frequency, Amplitude, Offset, PhaseShift, Phase
0:00:00.071920, 0.0, 1.401298464324817e-44, 90.00015258789062, 1.401298464324817e-44, 130152.3046875
0:00:00.130973, 0.0, 1.401298464324817e-44, 90.00015258789062, 1.401298464324817e-44, 130152.7109375
0:00:00.228294, 0.0, 1.401298464324817e-44, 90.00015258789062, 1.401298464324817e-44, 130153.328125
0:00:00.349113, 0.0, 1.401298464324817e-44, 90.00015258789062, 1.401298464324817e-44, 130154.0859375
0:00:00.464194, 0.0, 1.401298464324817e-44, 90.00015258789062, 1.401298464324817e-44, 130154.8125
0:00:00.550652, 0.0, 1.401298464324817e-44, 90.00015258789062, 1.401298464324817e-44, 130155.3515625
0:00:00.646884, 0.0, 1.401298464324817e-44, 90.00015258789062, 1.401298464324817e-44, 130155.953125
0:00:00.739542, 0.0, 1.401298464324817e-44, 90.00015258789062, 1.401298464324817e-44, 130156.546875
0:00:00.849567, 0.0, 1.401298464324817e-44, 90.00015258789062, 1.401298464324817e-44, 130157.2421875
0:00:00.964577, 0.0, 1.401298464324817e-44, 90.00015258789062, 1.401298464324817e-44, 130157.96875
0:00:01.051986, 0.0, 1.401298464324817e-44, 90.00015258789062, 1.401298464324817e-44, 130158.515625
0:00:01.156189, 0.0, 1.401298464324817e-44, 90.00015258789062, 1.401298464324817e-44, 130159.1875
0:00:01.268056, 0.0, 1.401298464324817e-44, 90.00015258789062, 1.401298464324817e-44, 130159.890625
0:00:01.377170, 0.0, 1.401298464324817e-44, 90.00015258789062, 1.401298464324817e-44, 130160.5859375
0:00:01.478197, 0.0, 1.401298464324817e-44, 90.00015258789062, 1.401298464324817e-44, 130161.2265625
0:00:01.577585, 0.0, 1.401298464324817e-44, 90.00015258789062, 1.401298464324817e-44, 130161.84375
0:00:01.665097, 0.0, 1.401298464324817e-44, 90.00015258789062, 1.401298464324817e-44, 130162.3984375
0:00:01.779019, 0.0, 1.401298464324817e-44, 90.00015258789062, 1.401298464324817e-44, 130163.109375
0:00:01.866487, 0.0, 1.401298464324817e-44, 90.00015258789062, 1.401298464324817e-44, 130163.65625
0:00:01.966113, 0.0, 1.401298464324817e-44, 90.00015258789062, 1.401298464324817e-44, 130164.2890625
0:00:02.079232, 0.0, 1.401298464324817e-44, 90.00015258789062, 1.401298464324817e-44, 130165.0
0:00:02.165524, 0.0, 1.401298464324817e-44, 90.00015258789062, 1.401298464324817e-44, 130165.546875
0:00:02.276947, 0.0, 1.401298464324817e-44, 90.00015258789062, 1.401298464324817e-44, 130166.2421875
0:00:02.376791, 0.0, 1.401298464324817e-44, 90.00015258789062, 1.401298464324817e-44, 130166.875
0:00:02.484080, 0.0, 1.401298464324817e-44, 90.00015258789062, 1.401298464324817e-44, 130167.5546875
0:00:02.572659, 0.0, 1.401298464324817e-44, 90.00015258789062, 1.401298464324817e-44, 130168.109375
0:00:02.688515, 0.0, 1.401298464324817e-44, 90.00015258789062, 1.401298464324817e-44, 130168.84375
0:00:02.789697, 0.0, 1.401298464324817e-44, 90.00015258789062, 1.401298464324817e-44, 130169.4765625
0:00:02.874771, 0.0, 1.401298464324817e-44, 90.00015258789062, 1.401298464324817e-44, 130170.015625
0:00:02.986383, 0.0, 1.401298464324817e-44, 90.00015258789062, 1.401298464324817e-44, 130170.7109375
0:00:03.098968, 0.0, 1.401298464324817e-44, 90.00015258789062, 1.401298464324817e-44, 130171.421875
0:00:03.180871, 0.0, 1.401298464324817e-44, 90.00015258789062, 1.401298464324817e-44, 130171.9375
0:00:03.294846, 0.0, 1.401298464324817e-44, 90.00015258789062, 1.401298464324817e-44, 130172.65625
0:00:03.380505, 0.0, 1.401298464324817e-44, 90.00015258789062, 1.401298464324817e-44, 130173.1953125
0:00:03.491089, 0.0, 1.401298464324817e-44, 90.00015258789062, 1.401298464324817e-44, 130173.8984375
0:00:03.588348, 0.0, 1.401298464324817e-44, 90.00015258789062, 1.401298464324817e-44, 130174.5
0:00:03.709144, 0.0, 1.401298464324817e-44, 90.00015258789062, 1.401298464324817e-44, 130175.265625
0:00:03.797784, 0.0, 1.401298464324817e-44, 90.00015258789062, 1.401298464324817e-44, 130175.828125
0:00:03.881352, 0.0, 1.401298464324817e-44, 90.00015258789062, 1.401298464324817e-44, 130176.359375
0:00:04.004036, 0.0, 1.401298464324817e-44, 90.00015258789062, 1.401298464324817e-44, 130177.1328125
0:00:04.088741, 0.0, 1.401298464324817e-44, 90.00015258789062, 1.401298464324817e-44, 130177.671875
0:00:04.185266, 0.0, 1.401298464324817e-44, 90.00015258789062, 1.401298464324817e-44, 130178.2734375
0:00:04.299117, 0.0, 1.401298464324817e-44, 90.00015258789062, 1.401298464324817e-44, 130178.9921875
0:00:04.397790, 0.0, 1.401298464324817e-44, 90.00015258789062, 1.401298464324817e-44, 130179.6171875
0:00:04.518469, 0.0, 1.401298464324817e-44, 90.00015258789062, 1.401298464324817e-44, 130180.375
0:00:04.618186, 0.0, 1.401298464324817e-44, 90.00015258789062, 1.401298464324817e-44, 130181.0
0:00:04.710024, 0.0, 1.401298464324817e-44, 90.00015258789062, 1.401298464324817e-44, 130181.578125
0:00:04.795962, 0.0, 1.401298464324817e-44, 90.00015258789062, 1.401298464324817e-44, 130182.109375
0:00:04.906948, 0.0, 1.401298464324817e-44, 90.00015258789062, 1.401298464324817e-44, 130182.8125
0:00:05.021521, 0.0, 1.401298464324817e-44, 90.00015258789062, 1.401298464324817e-44, 130183.5390625
0:00:05.110938, 0.0, 1.401298464324817e-44, 90.00015258789062, 1.401298464324817e-44, 130184.1015625
0:00:05.203126, 0.0, 1.401298464324817e-44, 90.00015258789062, 1.401298464324817e-44, 130184.671875
0:00:05.326140, 0.0, 1.401298464324817e-44, 90.00015258789062, 1.401298464324817e-44, 130185.4453125
0:00:05.412759, 0.0, 1.401298464324817e-44, 90.00015258789062, 1.401298464324817e-44, 130185.9921875
0:00:05.527817, 0.0, 1.401298464324817e-44, 90.00015258789062, 1.401298464324817e-44, 130186.71875
0:00:05.610219, 0.0, 1.401298464324817e-44, 90.00015258789062, 1.401298464324817e-44, 130187.2421875
0:00:05.708627, 0.0, 1.401298464324817e-44, 90.00015258789062, 1.401298464324817e-44, 130187.859375
0:00:05.827340, 0.0, 1.401298464324817e-44, 90.00015258789062, 1.401298464324817e-44, 130188.6015625
0:00:05.918415, 0.0, 1.401298464324817e-44, 90.00015258789062, 1.401298464324817e-44, 130189.171875
0:00:06.029611, 0.0, 1.401298464324817e-44, 90.00015258789062, 1.401298464324817e-44, 130189.875
0:00:06.122895, 0.0, 1.401298464324817e-44, 90.00015258789062, 1.401298464324817e-44, 130190.4609375
0:00:06.233391, 0.0, 1.401298464324817e-44, 90.00015258789062, 1.401298464324817e-44, 130191.1484375
0:00:06.319933, 0.0, 1.401298464324817e-44, 90.00015258789062, 1.401298464324817e-44, 130191.6953125
0:00:06.433624, 0.0, 1.401298464324817e-44, 90.00015258789062, 1.401298464324817e-44, 130192.4140625
0:00:06.542188, 0.0, 1.401298464324817e-44, 90.00015258789062, 1.401298464324817e-44, 130193.09375
0:00:06.638643, 0.0, 1.401298464324817e-44, 90.00015258789062, 1.401298464324817e-44, 130193.703125
0:00:06.740017, 0.0, 1.401298464324817e-44, 90.00015258789062, 1.401298464324817e-44, 130194.3359375
0:00:06.848220, 0.0, 1.401298464324817e-44, 90.00015258789062, 1.401298464324817e-44, 130195.0234375
0:00:06.944864, 0.0, 1.401298464324817e-44, 90.00015258789062, 1.401298464324817e-44, 130195.6328125
0:00:07.039648, 0.0, 1.401298464324817e-44, 90.00015258789062, 1.401298464324817e-44, 130196.234375
0:00:07.135417, 0.0, 1.401298464324817e-44, 90.00015258789062, 1.401298464324817e-44, 130196.8359375
0:00:07.249433, 0.0, 1.401298464324817e-44, 90.00015258789062, 1.401298464324817e-44, 130197.5546875
0:00:07.347658, 0.0, 1.401298464324817e-44, 90.00015258789062, 1.401298464324817e-44, 130198.171875
0:00:07.452697, 0.0, 1.401298464324817e-44, 90.00015258789062, 1.401298464324817e-44, 130198.828125
0:00:07.546166, 0.0, 1.401298464324817e-44, 90.00015258789062, 1.401298464324817e-44, 130199.421875
0:00:07.661476, 0.0, 1.401298464324817e-44, 90.00015258789062, 1.401298464324817e-44, 130200.1484375
0:00:07.748650, 0.0, 1.401298464324817e-44, 90.00015258789062, 1.401298464324817e-44, 130200.703125
0:00:07.850019, 0.0, 1.401298464324817e-44, 90.00015258789062, 1.401298464324817e-44, 130201.3359375
0:00:07.945252, 0.0, 1.401298464324817e-44, 90.00015258789062, 1.401298464324817e-44, 130201.9453125
0:00:08.060136, 0.0, 1.401298464324817e-44, 90.00015258789062, 1.401298464324817e-44, 130202.6640625
0:00:08.152763, 0.0, 1.401298464324817e-44, 90.00015258789062, 1.401298464324817e-44, 130203.234375
0:00:08.267962, 0.0, 1.401298464324817e-44, 90.00015258789062, 1.401298464324817e-44, 130203.953125
0:00:08.370954, 0.0, 1.401298464324817e-44, 90.00015258789062, 1.401298464324817e-44, 130204.6015625
0:00:08.469255, 0.0, 1.401298464324817e-44, 90.00015258789062, 1.401298464324817e-44, 130205.21875
0:00:08.552257, 0.0, 1.401298464324817e-44, 90.00015258789062, 1.401298464324817e-44, 130205.7421875
0:00:08.650385, 0.0, 1.401298464324817e-44, 90.00015258789062, 1.401298464324817e-44, 130206.3671875
0:00:08.764351, 0.0, 1.401298464324817e-44, 90.00015258789062, 1.401298464324817e-44, 130207.09375
0:00:08.861051, 0.0, 1.401298464324817e-44, 90.00015258789062, 1.401298464324817e-44, 130207.7109375
0:00:08.960610, 0.0, 1.401298464324817e-44, 90.00015258789062, 1.401298464324817e-44, 130208.3359375
0:00:09.067447, 0.0, 1.401298464324817e-44, 90.00015258789062, 1.401298464324817e-44, 130209.015625
0:00:09.181622, 0.0, 1.401298464324817e-44, 90.00015258789062, 1.401298464324817e-44, 130209.7265625
0:00:09.274790, 0.0, 1.401298464324817e-44, 90.00015258789062, 1.401298464324817e-44, 130210.3125
0:00:09.359997, 0.0, 1.401298464324817e-44, 90.00015258789062, 1.401298464324817e-44, 130210.8515625
0:00:09.481579, 0.0, 1.401298464324817e-44, 90.00015258789062, 1.401298464324817e-44, 130211.6171875
0:00:09.580241, 0.0, 1.401298464324817e-44, 90.00015258789062, 1.401298464324817e-44, 130212.2421875
0:00:09.672185, 0.0, 1.401298464324817e-44, 90.00015258789062, 1.401298464324817e-44, 130212.8203125
0:00:09.782205, 0.0, 1.401298464324817e-44, 90.00015258789062, 1.401298464324817e-44, 130213.515625
0:00:09.877294, 0.0, 1.401298464324817e-44, 90.00015258789062, 1.401298464324817e-44, 130214.125
0:00:09.983660, 0.0, 1.401298464324817e-44, 90.00015258789062, 1.401298464324817e-44, 130214.7890625
0:00:10.092087, 0.0, 1.401298464324817e-44, 90.00015258789062, 1.401298464324817e-44, 130215.4765625
0:00:10.180517, 0.0, 1.401298464324817e-44, 90.00015258789062, 1.401298464324817e-44, 130216.03125
0:00:10.300574, 0.0, 1.401298464324817e-44, 90.00015258789062, 1.401298464324817e-44, 130216.78125
0:00:10.378389, 0.0, 1.401298464324817e-44, 90.00015258789062, 1.401298464324817e-44, 130217.2734375
0:00:10.491418, 0.0, 1.401298464324817e-44, 90.00015258789062, 1.401298464324817e-44, 130217.984375
0:00:10.608144, 0.0, 1.401298464324817e-44, 90.00015258789062, 1.401298464324817e-44, 130218.7109375
0:00:10.694745, 0.0, 1.401298464324817e-44, 90.00015258789062, 1.401298464324817e-44, 130219.2578125
0:00:10.806243, 0.0, 1.401298464324817e-44, 90.00015258789062, 1.401298464324817e-44, 130219.9609375
0:00:10.893972, 0.0, 1.401298464324817e-44, 90.00015258789062, 1.401298464324817e-44, 130220.515625
0:00:10.992512, 0.0, 1.401298464324817e-44, 90.00015258789062, 1.401298464324817e-44, 130221.1484375
0:00:11.113369, 0.0, 1.401298464324817e-44, 90.00015258789062, 1.401298464324817e-44, 130221.90625
0:00:11.193832, 0.0, 1.401298464324817e-44, 90.00015258789062, 1.401298464324817e-44, 130222.4140625
0:00:11.309248, 0.0, 1.401298464324817e-44, 90.00015258789062, 1.401298464324817e-44, 130223.140625
0:00:11.405367, 0.0, 1.401298464324817e-44, 90.00015258789062, 1.401298464324817e-44, 130223.75
0:00:11.501637, 0.0, 1.401298464324817e-44, 90.00015258789062, 1.401298464324817e-44, 130224.3515625
0:00:11.604453, 0.0, 1.401298464324817e-44, 90.00015258789062, 1.401298464324817e-44, 130225.0
0:00:11.720367, 0.0, 1.401298464324817e-44, 90.00015258789062, 1.401298464324817e-44, 130225.7265625
0:00:11.807959, 0.0, 1.401298464324817e-44, 90.00015258789062, 1.401298464324817e-44, 130226.28125
0:00:11.919140, 0.0, 1.401298464324817e-44, 90.00015258789062, 1.401298464324817e-44, 130226.984375
0:00:12.023143, 0.0, 1.401298464324817e-44, 90.00015258789062, 1.401298464324817e-44, 130227.640625
0:00:12.122304, 0.0, 1.401298464324817e-44, 90.00015258789062, 1.401298464324817e-44, 130228.265625
0:00:12.221630, 0.0, 1.401298464324817e-44, 90.00015258789062, 1.401298464324817e-44, 130228.8828125
0:00:12.315400, 0.0, 1.401298464324817e-44, 90.00015258789062, 1.401298464324817e-44, 130229.4765625
0:00:12.422256, 0.0, 1.401298464324817e-44, 90.00015258789062, 1.401298464324817e-44, 130230.1484375
0:00:12.521714, 0.0, 1.401298464324817e-44, 90.00015258789062, 1.401298464324817e-44, 130230.765625
0:00:12.642157, 0.0, 1.401298464324817e-44, 90.00015258789062, 1.401298464324817e-44, 130231.5234375
0:00:12.741258, 0.0, 1.401298464324817e-44, 90.00015258789062, 1.401298464324817e-44, 130232.1484375
0:00:12.833474, 0.0, 1.401298464324817e-44, 90.00015258789062, 1.401298464324817e-44, 130232.7265625
0:00:12.947591, 0.0, 1.401298464324817e-44, 90.00015258789062, 1.401298464324817e-44, 130233.4453125
0:00:13.031708, 0.0, 1.401298464324817e-44, 90.00015258789062, 1.401298464324817e-44, 130233.9765625
0:00:13.146342, 0.0, 1.401298464324817e-44, 90.00015258789062, 1.401298464324817e-44, 130234.6953125
0:00:13.245134, 0.0, 1.401298464324817e-44, 90.00015258789062, 1.401298464324817e-44, 130235.3203125
0:00:13.331438, 0.0, 1.401298464324817e-44, 90.00015258789062, 1.401298464324817e-44, 130235.8671875
0:00:13.438748, 0.0, 1.401298464324817e-44, 90.00015258789062, 1.401298464324817e-44, 130236.546875
0:00:13.552726, 0.0, 1.401298464324817e-44, 90.00015258789062, 1.401298464324817e-44, 130237.265625
0:00:13.651908, 0.0, 1.401298464324817e-44, 90.00015258789062, 1.401298464324817e-44, 130237.8828125
0:00:13.738066, 0.0, 1.401298464324817e-44, 90.00015258789062, 1.401298464324817e-44, 130238.4296875
0:00:13.850297, 0.0, 1.401298464324817e-44, 90.00015258789062, 1.401298464324817e-44, 130239.1328125
0:00:13.938570, 0.0, 1.401298464324817e-44, 90.00015258789062, 1.401298464324817e-44, 130239.6953125
0:00:14.054532, 0.0, 1.401298464324817e-44, 90.00015258789062, 1.401298464324817e-44, 130240.4296875
0:00:14.152106, 0.0, 1.401298464324817e-44, 90.00015258789062, 1.401298464324817e-44, 130241.0390625
0:00:14.243888, 0.0, 1.401298464324817e-44, 90.00015258789062, 1.401298464324817e-44, 130241.6171875
0:00:14.357791, 0.0, 1.401298464324817e-44, 90.00015258789062, 1.401298464324817e-44, 130242.3359375
0:00:14.444441, 0.0, 1.401298464324817e-44, 90.00015258789062, 1.401298464324817e-44, 130242.8828125
0:00:14.540978, 0.0, 1.401298464324817e-44, 90.00015258789062, 1.401298464324817e-44, 130243.4921875
0:00:14.662883, 0.0, 1.401298464324817e-44, 90.00015258789062, 1.401298464324817e-44, 130244.2578125
0:00:14.762277, 0.0, 1.401298464324817e-44, 90.00015258789062, 1.401298464324817e-44, 130244.8828125
0:00:14.857181, 0.0, 1.401298464324817e-44, 90.00015258789062, 1.401298464324817e-44, 130245.4765625
0:00:14.972656, 0.0, 1.401298464324817e-44, 90.00015258789062, 1.401298464324817e-44, 130246.2109375
0:00:15.073405, 0.0, 1.401298464324817e-44, 90.00015258789062, 1.401298464324817e-44, 130246.84375
0:00:15.173223, 0.0, 1.401298464324817e-44, 90.00015258789062, 1.401298464324817e-44, 130247.46875
0:00:15.254692, 0.0, 1.401298464324817e-44, 90.00015258789062, 1.401298464324817e-44, 130247.984375
0:00:15.368705, 0.0, 1.401298464324817e-44, 90.00015258789062, 1.401298464324817e-44, 130248.703125
0:00:15.457423, 0.0, 1.401298464324817e-44, 90.00015258789062, 1.401298464324817e-44, 130249.265625
0:00:15.568155, 0.0, 1.401298464324817e-44, 90.00015258789062, 1.401298464324817e-44, 130249.9609375
0:00:15.655648, 0.0, 1.401298464324817e-44, 90.00015258789062, 1.401298464324817e-44, 130250.5078125
0:00:15.767678, 0.0, 1.401298464324817e-44, 90.00015258789062, 1.401298464324817e-44, 130251.2109375
0:00:15.882625, 0.0, 1.401298464324817e-44, 90.00015258789062, 1.401298464324817e-44, 130251.9375
0:00:15.981103, 0.0, 1.401298464324817e-44, 90.00015258789062, 1.401298464324817e-44, 130252.546875
0:00:16.064769, 0.0, 1.401298464324817e-44, 90.00015258789062, 1.401298464324817e-44, 130253.078125
0:00:16.163192, 0.0, 1.401298464324817e-44, 90.00015258789062, 1.401298464324817e-44, 130253.6953125
0:00:16.282618, 0.0, 1.401298464324817e-44, 90.00015258789062, 1.401298464324817e-44, 130254.4453125
0:00:16.383042, 0.0, 1.401298464324817e-44, 90.00015258789062, 1.401298464324817e-44, 130255.078125
0:00:16.483545, 0.0, 1.401298464324817e-44, 90.00015258789062, 1.401298464324817e-44, 130255.71875
0:00:16.582950, 0.0, 1.401298464324817e-44, 90.00015258789062, 1.401298464324817e-44, 130256.34375
0:00:16.689128, 0.0, 1.401298464324817e-44, 90.00015258789062, 1.401298464324817e-44, 130257.015625
0:00:16.774753, 0.0, 1.401298464324817e-44, 90.00015258789062, 1.401298464324817e-44, 130257.5625
0:00:16.890730, 0.0, 1.401298464324817e-44, 90.00015258789062, 1.401298464324817e-44, 130258.2890625
0:00:16.975305, 0.0, 1.401298464324817e-44, 90.00015258789062, 1.401298464324817e-44, 130258.8203125
0:00:17.073014, 0.0, 1.401298464324817e-44, 90.00015258789062, 1.401298464324817e-44, 130259.4375
0:00:17.193182, 0.0, 1.401298464324817e-44, 90.00015258789062, 1.401298464324817e-44, 130260.1953125
0:00:17.293044, 0.0, 1.401298464324817e-44, 90.00015258789062, 1.401298464324817e-44, 130260.828125
0:00:17.383393, 0.0, 1.401298464324817e-44, 90.00015258789062, 1.401298464324817e-44, 130261.3984375
0:00:17.499989, 0.0, 1.401298464324817e-44, 90.00015258789062, 1.401298464324817e-44, 130262.125
0:00:17.583260, 0.0, 1.401298464324817e-44, 90.00015258789062, 1.401298464324817e-44, 130262.65625
0:00:17.705744, 0.0, 1.401298464324817e-44, 90.00015258789062, 1.401298464324817e-44, 130263.4296875
0:00:17.804675, 0.0, 1.401298464324817e-44, 90.00015258789062, 1.401298464324817e-44, 130264.046875
0:00:17.894154, 0.0, 1.401298464324817e-44, 90.00015258789062, 1.401298464324817e-44, 130264.609375
0:00:18.007207, 0.0, 1.401298464324817e-44, 90.00015258789062, 1.401298464324817e-44, 130265.3203125
0:00:18.092126, 0.0, 1.401298464324817e-44, 90.00015258789062, 1.401298464324817e-44, 130265.8515625
0:00:18.205074, 0.0, 1.401298464324817e-44, 90.00015258789062, 1.401298464324817e-44, 130266.5625
0:00:18.315536, 0.0, 1.401298464324817e-44, 90.00015258789062, 1.401298464324817e-44, 130267.25
0:00:18.413121, 0.0, 1.401298464324817e-44, 90.00015258789062, 1.401298464324817e-44, 130267.875
0:00:18.511467, 0.0, 1.401298464324817e-44, 90.00015258789062, 1.401298464324817e-44, 130268.5
0:00:18.619113, 0.0, 1.401298464324817e-44, 90.00015258789062, 1.401298464324817e-44, 130269.171875
0:00:18.713843, 0.0, 1.401298464324817e-44, 90.00015258789062, 1.401298464324817e-44, 130269.765625
0:00:18.814666, 0.0, 1.401298464324817e-44, 90.00015258789062, 1.401298464324817e-44, 130270.3984375
0:00:18.907489, 0.0, 1.401298464324817e-44, 90.00015258789062, 1.401298464324817e-44, 130270.984375
0:00:19.016635, 0.0, 1.401298464324817e-44, 90.00015258789062, 1.401298464324817e-44, 130271.6796875
0:00:19.104250, 0.0, 1.401298464324817e-44, 90.00015258789062, 1.401298464324817e-44, 130272.2265625
0:00:19.204520, 0.0, 1.401298464324817e-44, 90.00015258789062, 1.401298464324817e-44, 130272.8515625
0:00:19.304200, 0.0, 1.401298464324817e-44, 90.00015258789062, 1.401298464324817e-44, 130273.4765625
0:00:19.415661, 0.0, 1.401298464324817e-44, 90.00015258789062, 1.401298464324817e-44, 130274.1796875
0:00:19.525096, 0.0, 1.401298464324817e-44, 90.00015258789062, 1.401298464324817e-44, 130274.859375
0:00:19.624802, 0.0, 1.401298464324817e-44, 90.00015258789062, 1.401298464324817e-44, 130275.5
0:00:19.715911, 0.0, 1.401298464324817e-44, 90.00015258789062, 1.401298464324817e-44, 130276.078125
0:00:19.831833, 0.0, 1.401298464324817e-44, 90.00015258789062, 1.401298464324817e-44, 130276.8046875
0:00:19.917496, 0.0, 1.401298464324817e-44, 90.00015258789062, 1.401298464324817e-44, 130277.3359375
0:00:20.027259, 0.0, 1.401298464324817e-44, 90.00015258789062, 1.401298464324817e-44, 130278.03125
0:00:20.114760, 0.0, 1.401298464324817e-44, 90.00015258789062, 1.401298464324817e-44, 130278.578125
0:00:20.221386, 0.0, 1.401298464324817e-44, 90.00015258789062, 1.401298464324817e-44, 130279.2421875
0:00:20.336461, 0.0, 1.401298464324817e-44, 90.00015258789062, 1.401298464324817e-44, 130279.9609375
0:00:20.435719, 0.0, 1.401298464324817e-44, 90.00015258789062, 1.401298464324817e-44, 130280.5859375
0:00:20.528519, 0.0, 1.401298464324817e-44, 90.00015258789062, 1.401298464324817e-44, 130281.1640625
0:00:20.624115, 0.0, 1.401298464324817e-44, 90.00015258789062, 1.401298464324817e-44, 130281.765625
0:00:20.735198, 0.0, 1.401298464324817e-44, 90.00015258789062, 1.401298464324817e-44, 130282.46875
0:00:20.841434, 0.0, 1.401298464324817e-44, 90.00015258789062, 1.401298464324817e-44, 130283.1328125
0:00:20.927045, 0.0, 1.401298464324817e-44, 90.00015258789062, 1.401298464324817e-44, 130283.6796875
0:00:21.042242, 0.0, 1.401298464324817e-44, 90.00015258789062, 1.401298464324817e-44, 130284.40625
0:00:21.127485, 0.0, 1.401298464324817e-44, 90.00015258789062, 1.401298464324817e-44, 130284.9453125
0:00:21.240334, 0.0, 1.401298464324817e-44, 90.00015258789062, 1.401298464324817e-44, 130285.65625
0:00:21.356552, 0.0, 1.401298464324817e-44, 90.00015258789062, 1.401298464324817e-44, 130286.3828125
0:00:21.455149, 0.0, 1.401298464324817e-44, 90.00015258789062, 1.401298464324817e-44, 130287.0
0:00:21.555042, 0.0, 1.401298464324817e-44, 90.00015258789062, 1.401298464324817e-44, 130287.6328125
0:00:21.655259, 0.0, 1.401298464324817e-44, 90.00015258789062, 1.401298464324817e-44, 130288.2734375
0:00:21.740593, 0.0, 1.401298464324817e-44, 90.00015258789062, 1.401298464324817e-44, 130288.8125
0:00:21.855953, 0.0, 1.401298464324817e-44, 90.00015258789062, 1.401298464324817e-44, 130289.5390625
0:00:21.944063, 0.0, 1.401298464324817e-44, 90.00015258789062, 1.401298464324817e-44, 130290.1015625
0:00:22.052515, 0.0, 1.401298464324817e-44, 90.00015258789062, 1.401298464324817e-44, 130290.78125
0:00:22.165810, 0.0, 1.401298464324817e-44, 90.00015258789062, 1.401298464324817e-44, 130291.4921875
0:00:22.265715, 0.0, 1.401298464324817e-44, 90.00015258789062, 1.401298464324817e-44, 130292.109375
0:00:22.350849, 0.0, 1.401298464324817e-44, 90.00015258789062, 1.401298464324817e-44, 130292.6484375
0:00:22.465775, 0.0, 1.401298464324817e-44, 90.00015258789062, 1.401298464324817e-44, 130293.375
0:00:22.563011, 0.0, 1.401298464324817e-44, 90.00015258789062, 1.401298464324817e-44, 130293.984375
0:00:22.647213, 0.0, 1.401298464324817e-44, 90.00015258789062, 1.401298464324817e-44, 130294.5234375
0:00:22.770640, 0.0, 1.401298464324817e-44, 90.00015258789062, 1.401298464324817e-44, 130295.296875
0:00:22.862853, 0.0, 1.401298464324817e-44, 90.00015258789062, 1.401298464324817e-44, 130295.8828125
0:00:22.969517, 0.0, 1.401298464324817e-44, 90.00015258789062, 1.401298464324817e-44, 130296.5546875
0:00:23.065840, 0.0, 1.401298464324817e-44, 90.00015258789062, 1.401298464324817e-44, 130297.1640625
0:00:23.165519, 0.0, 1.401298464324817e-44, 90.00015258789062, 1.401298464324817e-44, 130297.7890625
0:00:23.275241, 0.0, 1.401298464324817e-44, 90.00015258789062, 1.401298464324817e-44, 130298.484375
0:00:23.372026, 0.0, 1.401298464324817e-44, 90.00015258789062, 1.401298464324817e-44, 130299.0859375
0:00:23.485709, 0.0, 1.401298464324817e-44, 90.00015258789062, 1.401298464324817e-44, 130299.8046875
0:00:23.583405, 0.0, 1.401298464324817e-44, 90.00015258789062, 1.401298464324817e-44, 130300.421875
0:00:23.668906, 0.0, 1.401298464324817e-44, 90.00015258789062, 1.401298464324817e-44, 130300.96875
0:00:23.764080, 0.0, 1.401298464324817e-44, 90.00015258789062, 1.401298464324817e-44, 130301.5625
0:00:23.875049, 0.0, 1.401298464324817e-44, 90.00015258789062, 1.401298464324817e-44, 130302.2734375
0:00:23.989521, 0.0, 1.401298464324817e-44, 90.00015258789062, 1.401298464324817e-44, 130302.9921875
0:00:24.065117, 0.0, 1.401298464324817e-44, 90.00015258789062, 1.401298464324817e-44, 130303.46875
0:00:24.186748, 0.0, 1.401298464324817e-44, 90.00015258789062, 1.401298464324817e-44, 130304.2421875
0:00:24.284761, 0.0, 1.401298464324817e-44, 90.00015258789062, 1.401298464324817e-44, 130304.859375
0:00:24.373274, 0.0, 1.401298464324817e-44, 90.00015258789062, 1.401298464324817e-44, 130305.421875
0:00:24.487548, 0.0, 1.401298464324817e-44, 90.00015258789062, 1.401298464324817e-44, 130306.1484375
0:00:24.580573, 0.0, 1.401298464324817e-44, 90.00015258789062, 1.401298464324817e-44, 130306.734375
0:00:24.692809, 0.0, 1.401298464324817e-44, 90.00015258789062, 1.401298464324817e-44, 130307.4375
0:00:24.778875, 0.0, 1.401298464324817e-44, 90.00015258789062, 1.401298464324817e-44, 130307.984375
0:00:24.897190, 0.0, 1.401298464324817e-44, 90.00015258789062, 1.401298464324817e-44, 130308.7265625
0:00:24.986294, 0.0, 1.401298464324817e-44, 90.00015258789062, 1.401298464324817e-44, 130309.2890625
0:00:25.081441, 0.0, 1.401298464324817e-44, 90.00015258789062, 1.401298464324817e-44, 130309.890625
0:00:25.188556, 0.0, 1.401298464324817e-44, 90.00015258789062, 1.401298464324817e-44, 130310.5703125
0:00:25.304624, 0.0, 1.401298464324817e-44, 90.00015258789062, 1.401298464324817e-44, 130311.296875
0:00:25.390997, 0.0, 1.401298464324817e-44, 90.00015258789062, 1.401298464324817e-44, 130311.8359375
0:00:25.508534, 0.0, 1.401298464324817e-44, 90.00015258789062, 1.401298464324817e-44, 130312.5703125
0:00:25.613363, 0.0, 1.401298464324817e-44, 90.00015258789062, 1.401298464324817e-44, 130313.234375
0:00:25.694355, 0.0, 1.401298464324817e-44, 90.00015258789062, 1.401298464324817e-44, 130313.75
0:00:25.811485, 0.0, 1.401298464324817e-44, 90.00015258789062, 1.401298464324817e-44, 130314.484375
0:00:25.907810, 0.0, 1.401298464324817e-44, 90.00015258789062, 1.401298464324817e-44, 130315.09375
0:00:26.006426, 0.0, 1.401298464324817e-44, 90.00015258789062, 1.401298464324817e-44, 130315.7109375
0:00:26.098091, 0.0, 1.401298464324817e-44, 90.00015258789062, 1.401298464324817e-44, 130316.2890625
0:00:26.214528, 0.0, 1.401298464324817e-44, 90.00015258789062, 1.401298464324817e-44, 130317.0234375
0:00:26.301413, 0.0, 1.401298464324817e-44, 90.00015258789062, 1.401298464324817e-44, 130317.5703125
0:00:26.414154, 0.0, 1.401298464324817e-44, 90.00015258789062, 1.401298464324817e-44, 130318.28125
0:00:26.531629, 0.0, 1.401298464324817e-44, 90.00015258789062, 1.401298464324817e-44, 130319.0234375
0:00:26.613399, 0.0, 1.401298464324817e-44, 90.00015258789062, 1.401298464324817e-44, 130319.5390625
0:00:26.725864, 0.0, 1.401298464324817e-44, 90.00015258789062, 1.401298464324817e-44, 130320.2578125
0:00:26.821718, 0.0, 1.401298464324817e-44, 90.00015258789062, 1.401298464324817e-44, 130320.8671875
0:00:26.917834, 0.0, 1.401298464324817e-44, 90.00015258789062, 1.401298464324817e-44, 130321.46875
0:00:27.008005, 0.0, 1.401298464324817e-44, 90.00015258789062, 1.401298464324817e-44, 130322.03125
0:00:27.123709, 0.0, 1.401298464324817e-44, 90.00015258789062, 1.401298464324817e-44, 130322.7578125
0:00:27.237213, 0.0, 1.401298464324817e-44, 90.00015258789062, 1.401298464324817e-44, 130323.484375
0:00:27.331052, 0.0, 1.401298464324817e-44, 90.00015258789062, 1.401298464324817e-44, 130324.078125
0:00:27.427412, 0.0, 1.401298464324817e-44, 90.00015258789062, 1.401298464324817e-44, 130324.6875
0:00:27.527716, 0.0, 1.401298464324817e-44, 90.00015258789062, 1.401298464324817e-44, 130325.3203125
0:00:27.627520, 0.0, 1.401298464324817e-44, 90.00015258789062, 1.401298464324817e-44, 130325.9453125
0:00:27.742261, 0.0, 1.401298464324817e-44, 90.00015258789062, 1.401298464324817e-44, 130326.671875
0:00:27.823284, 0.0, 1.401298464324817e-44, 90.00015258789062, 1.401298464324817e-44, 130327.1796875
0:00:27.936546, 0.0, 1.401298464324817e-44, 90.00015258789062, 1.401298464324817e-44, 130327.8984375
0:00:28.029110, 0.0, 1.401298464324817e-44, 90.00015258789062, 1.401298464324817e-44, 130328.484375
0:00:28.127859, 0.0, 1.401298464324817e-44, 90.00015258789062, 1.401298464324817e-44, 130329.1015625
0:00:28.244865, 0.0, 1.401298464324817e-44, 90.00015258789062, 1.401298464324817e-44, 130329.8359375
0:00:28.334665, 0.0, 1.401298464324817e-44, 90.00015258789062, 1.401298464324817e-44, 130330.40625
0:00:28.448460, 0.0, 1.401298464324817e-44, 90.00015258789062, 1.401298464324817e-44, 130331.125
0:00:28.546748, 0.0, 1.401298464324817e-44, 90.00015258789062, 1.401298464324817e-44, 130331.734375
0:00:28.634238, 0.0, 1.401298464324817e-44, 90.00015258789062, 1.401298464324817e-44, 130332.2890625
0:00:28.747350, 0.0, 1.401298464324817e-44, 90.00015258789062, 1.401298464324817e-44, 130333.0
0:00:28.851580, 0.0, 1.401298464324817e-44, 90.00015258789062, 1.401298464324817e-44, 130333.65625
0:00:28.937134, 0.0, 1.401298464324817e-44, 90.00015258789062, 1.401298464324817e-44, 130334.203125
0:00:29.054135, 0.0, 1.401298464324817e-44, 90.00015258789062, 1.401298464324817e-44, 130334.9453125
0:00:29.141363, 0.0, 1.401298464324817e-44, 90.00015258789062, 1.401298464324817e-44, 130335.4921875
0:00:29.258995, 0.0, 1.401298464324817e-44, 90.00015258789062, 1.401298464324817e-44, 130336.234375
0:00:29.351618, 0.0, 1.401298464324817e-44, 90.00015258789062, 1.401298464324817e-44, 130336.8125
0:00:29.467604, 0.0, 1.401298464324817e-44, 90.00015258789062, 1.401298464324817e-44, 130337.5390625
0:00:29.548456, 0.0, 1.401298464324817e-44, 90.00015258789062, 1.401298464324817e-44, 130338.0546875
0:00:29.655408, 0.0, 1.401298464324817e-44, 90.00015258789062, 1.401298464324817e-44, 130338.7265625
0:00:29.769264, 0.0, 1.401298464324817e-44, 90.00015258789062, 1.401298464324817e-44, 130339.4453125
0:00:29.867982, 0.0, 1.401298464324817e-44, 90.00015258789062, 1.401298464324817e-44, 130340.0625
0:00:29.961864, 0.0, 1.401298464324817e-44, 90.00015258789062, 1.401298464324817e-44, 130340.65625
0:00:30.050421, 0.0, 1.401298464324817e-44, 90.00015258789062, 1.401298464324817e-44, 130341.203125
0:00:30.177344, 0.0, 1.401298464324817e-44, 90.00015258789062, 1.401298464324817e-44, 130342.0
0:00:30.275737, 0.0, 1.401298464324817e-44, 90.00015258789062, 1.401298464324817e-44, 130342.609375
0:00:30.354268, 0.0, 1.401298464324817e-44, 90.00015258789062, 1.401298464324817e-44, 130343.109375
0:00:30.468274, 0.0, 1.401298464324817e-44, 90.00015258789062, 1.401298464324817e-44, 130343.8203125
0:00:30.560945, 0.0, 1.401298464324817e-44, 90.00015258789062, 1.401298464324817e-44, 130344.40625
0:00:30.672580, 0.0, 1.401298464324817e-44, 90.00015258789062, 1.401298464324817e-44, 130345.1171875
0:00:30.784366, 0.0, 1.401298464324817e-44, 90.00015258789062, 1.401298464324817e-44, 130345.828125
0:00:30.870642, 0.0, 1.401298464324817e-44, 90.00015258789062, 1.401298464324817e-44, 130346.3671875
0:00:30.980178, 0.0, 1.401298464324817e-44, 90.00015258789062, 1.401298464324817e-44, 130347.0625
0:00:31.075552, 0.0, 1.401298464324817e-44, 90.00015258789062, 1.401298464324817e-44, 130347.6640625
0:00:31.187376, 0.0, 1.401298464324817e-44, 90.00015258789062, 1.401298464324817e-44, 130348.375
0:00:31.279392, 0.0, 1.401298464324817e-44, 90.00015258789062, 1.401298464324817e-44, 130348.953125
0:00:31.394464, 0.0, 1.401298464324817e-44, 90.00015258789062, 1.401298464324817e-44, 130349.6796875
0:00:31.479277, 0.0, 1.401298464324817e-44, 90.00015258789062, 1.401298464324817e-44, 130350.21875
0:00:31.579395, 0.0, 1.401298464324817e-44, 90.00015258789062, 1.401298464324817e-44, 130350.8515625
0:00:31.694269, 0.0, 1.401298464324817e-44, 90.00015258789062, 1.401298464324817e-44, 130351.5703125
0:00:31.781873, 0.0, 1.401298464324817e-44, 90.00015258789062, 1.401298464324817e-44, 130352.1171875
0:00:31.899094, 0.0, 1.401298464324817e-44, 90.00015258789062, 1.401298464324817e-44, 130352.8515625
0:00:31.984402, 0.0, 1.401298464324817e-44, 90.00015258789062, 1.401298464324817e-44, 130353.3984375
0:00:32.099359, 0.0, 1.401298464324817e-44, 90.00015258789062, 1.401298464324817e-44, 130354.125
0:00:32.198475, 0.0, 1.401298464324817e-44, 90.00015258789062, 1.401298464324817e-44, 130354.75
0:00:32.283680, 0.0, 1.401298464324817e-44, 90.00015258789062, 1.401298464324817e-44, 130355.2890625
0:00:32.407583, 0.0, 1.401298464324817e-44, 90.00015258789062, 1.401298464324817e-44, 130356.0546875
0:00:32.489188, 0.0, 1.401298464324817e-44, 90.00015258789062, 1.401298464324817e-44, 130356.578125
0:00:32.606215, 0.0, 1.401298464324817e-44, 90.00015258789062, 1.401298464324817e-44, 130357.3046875
0:00:32.695097, 0.0, 1.401298464324817e-44, 90.00015258789062, 1.401298464324817e-44, 130357.875
0:00:32.808873, 0.0, 1.401298464324817e-44, 90.00015258789062, 1.401298464324817e-44, 130358.59375
0:00:32.896415, 0.0, 1.401298464324817e-44, 90.00015258789062, 1.401298464324817e-44, 130359.1484375
0:00:33.010428, 0.0, 1.401298464324817e-44, 90.00015258789062, 1.401298464324817e-44, 130359.875
0:00:33.108491, 0.0, 1.401298464324817e-44, 90.00015258789062, 1.401298464324817e-44, 130360.4921875
0:00:33.202585, 0.0, 1.401298464324817e-44, 90.00015258789062, 1.401298464324817e-44, 130361.0859375
0:00:33.311718, 0.0, 1.401298464324817e-44, 90.00015258789062, 1.401298464324817e-44, 130361.7734375
0:00:33.425122, 0.0, 1.401298464324817e-44, 90.00015258789062, 1.401298464324817e-44, 130362.4921875
0:00:33.521852, 0.0, 1.401298464324817e-44, 90.00015258789062, 1.401298464324817e-44, 130363.1015625
0:00:33.620537, 0.0, 1.401298464324817e-44, 90.00015258789062, 1.401298464324817e-44, 130363.7265625
0:00:33.710680, 0.0, 1.401298464324817e-44, 90.00015258789062, 1.401298464324817e-44, 130364.296875
0:00:33.819164, 0.0, 1.401298464324817e-44, 90.00015258789062, 1.401298464324817e-44, 130364.984375
0:00:33.917130, 0.0, 1.401298464324817e-44, 90.00015258789062, 1.401298464324817e-44, 130365.6015625
0:00:34.023999, 0.0, 1.401298464324817e-44, 90.00015258789062, 1.401298464324817e-44, 130366.28125
0:00:34.119790, 0.0, 1.401298464324817e-44, 90.00015258789062, 1.401298464324817e-44, 130366.8828125
0:00:34.219399, 0.0, 1.401298464324817e-44, 90.00015258789062, 1.401298464324817e-44, 130367.515625
0:00:34.326417, 0.0, 1.401298464324817e-44, 90.00015258789062, 1.401298464324817e-44, 130368.1875
0:00:34.439859, 0.0, 1.401298464324817e-44, 90.00015258789062, 1.401298464324817e-44, 130368.8984375
0:00:34.520912, 0.0, 1.401298464324817e-44, 90.00015258789062, 1.401298464324817e-44, 130369.40625
0:00:34.634616, 0.0, 1.401298464324817e-44, 90.00015258789062, 1.401298464324817e-44, 130370.140625
0:00:34.730214, 0.0, 1.401298464324817e-44, 90.00015258789062, 1.401298464324817e-44, 130370.734375
0:00:34.824265, 0.0, 1.401298464324817e-44, 90.00015258789062, 1.401298464324817e-44, 130371.328125
0:00:34.941254, 0.0, 1.401298464324817e-44, 90.00015258789062, 1.401298464324817e-44, 130372.0625
0:00:35.031630, 0.0, 1.401298464324817e-44, 90.00015258789062, 1.401298464324817e-44, 130372.625
0:00:35.144637, 0.0, 1.401298464324817e-44, 90.00015258789062, 1.401298464324817e-44, 130373.34375
0:00:35.240858, 0.0, 1.401298464324817e-44, 90.00015258789062, 1.401298464324817e-44, 130373.953125
0:00:35.335253, 0.0, 1.401298464324817e-44, 90.00015258789062, 1.401298464324817e-44, 130374.546875
0:00:35.448586, 0.0, 1.401298464324817e-44, 90.00015258789062, 1.401298464324817e-44, 130375.265625
0:00:35.660400, 0.0, 1.401298464324817e-44, 90.00015258789062, 1.401298464324817e-44, 130376.6171875
0:00:35.743398, 0.0, 1.401298464324817e-44, 90.00015258789062, 1.401298464324817e-44, 130377.1328125
0:00:35.859371, 0.0, 1.401298464324817e-44, 90.00015258789062, 1.401298464324817e-44, 130377.859375
0:00:35.960651, 0.0, 1.401298464324817e-44, 90.00015258789062, 1.401298464324817e-44, 130378.5
0:00:36.051624, 0.0, 1.401298464324817e-44, 90.00015258789062, 1.401298464324817e-44, 130379.0625
0:00:36.147802, 0.0, 1.401298464324817e-44, 90.00015258789062, 1.401298464324817e-44, 130379.6796875
0:00:36.261441, 0.0, 1.401298464324817e-44, 90.00015258789062, 1.401298464324817e-44, 130380.3984375
0:00:36.347086, 0.0, 1.401298464324817e-44, 90.00015258789062, 1.401298464324817e-44, 130380.9375
0:00:36.457197, 0.0, 1.401298464324817e-44, 90.00015258789062, 1.401298464324817e-44, 130381.640625
0:00:36.572201, 0.0, 1.401298464324817e-44, 90.00015258789062, 1.401298464324817e-44, 130382.3671875
0:00:36.670377, 0.0, 1.401298464324817e-44, 90.00015258789062, 1.401298464324817e-44, 130382.984375
0:00:36.768984, 0.0, 1.401298464324817e-44, 90.00015258789062, 1.401298464324817e-44, 130383.609375
0:00:36.855879, 0.0, 1.401298464324817e-44, 90.00015258789062, 1.401298464324817e-44, 130384.15625
0:00:36.964509, 0.0, 1.401298464324817e-44, 90.00015258789062, 1.401298464324817e-44, 130384.828125
0:00:37.077334, 0.0, 1.401298464324817e-44, 90.00015258789062, 1.401298464324817e-44, 130385.546875
0:00:37.164118, 0.0, 1.401298464324817e-44, 90.00015258789062, 1.401298464324817e-44, 130386.09375
0:00:37.261354, 0.0, 1.401298464324817e-44, 90.00015258789062, 1.401298464324817e-44, 130386.7109375
0:00:37.390703, 0.0, 1.401298464324817e-44, 90.00015258789062, 1.401298464324817e-44, 130387.5390625
0:00:37.475149, 0.0, 1.401298464324817e-44, 90.00015258789062, 1.401298464324817e-44, 130388.0703125
0:00:37.586811, 0.0, 1.401298464324817e-44, 90.00015258789062, 1.401298464324817e-44, 130388.7734375
0:00:37.673497, 0.0, 1.401298464324817e-44, 90.00015258789062, 1.401298464324817e-44, 130389.3203125
0:00:37.768538, 0.0, 1.401298464324817e-44, 90.00015258789062, 1.401298464324817e-44, 130389.9296875
0:00:37.885390, 0.0, 1.401298464324817e-44, 90.00015258789062, 1.401298464324817e-44, 130390.671875
0:00:37.972229, 0.0, 1.401298464324817e-44, 90.00015258789062, 1.401298464324817e-44, 130391.2109375
0:00:38.082782, 0.0, 1.401298464324817e-44, 90.00015258789062, 1.401298464324817e-44, 130391.90625
0:00:38.198867, 0.0, 1.401298464324817e-44, 90.00015258789062, 1.401298464324817e-44, 130392.6328125
0:00:38.285279, 0.0, 1.401298464324817e-44, 90.00015258789062, 1.401298464324817e-44, 130393.1796875
0:00:38.395250, 0.0, 1.401298464324817e-44, 90.00015258789062, 1.401298464324817e-44, 130393.875
0:00:38.500728, 0.0, 1.401298464324817e-44, 90.00015258789062, 1.401298464324817e-44, 130394.5390625
0:00:38.590435, 0.0, 1.401298464324817e-44, 90.00015258789062, 1.401298464324817e-44, 130395.1015625
0:00:38.707477, 0.0, 1.401298464324817e-44, 90.00015258789062, 1.401298464324817e-44, 130395.84375
0:00:38.790896, 0.0, 1.401298464324817e-44, 90.00015258789062, 1.401298464324817e-44, 130396.375
0:00:38.885510, 0.0, 1.401298464324817e-44, 90.00015258789062, 1.401298464324817e-44, 130396.96875
0:00:39.003628, 0.0, 1.401298464324817e-44, 90.00015258789062, 1.401298464324817e-44, 130397.7109375
0:00:39.101166, 0.0, 1.401298464324817e-44, 90.00015258789062, 1.401298464324817e-44, 130398.328125
0:00:39.200943, 0.0, 1.401298464324817e-44, 90.00015258789062, 1.401298464324817e-44, 130398.953125
0:00:39.292650, 0.0, 1.401298464324817e-44, 90.00015258789062, 1.401298464324817e-44, 130399.53125
0:00:39.410983, 0.0, 1.401298464324817e-44, 90.00015258789062, 1.401298464324817e-44, 130400.265625
0:00:39.494101, 0.0, 1.401298464324817e-44, 90.00015258789062, 1.401298464324817e-44, 130400.8046875
0:00:39.617205, 0.0, 1.401298464324817e-44, 90.00015258789062, 1.401298464324817e-44, 130401.578125
0:00:39.710226, 0.0, 1.401298464324817e-44, 90.00015258789062, 1.401298464324817e-44, 130402.1640625
0:00:39.794912, 0.0, 1.401298464324817e-44, 90.00015258789062, 1.401298464324817e-44, 130402.703125
0:00:39.919751, 0.0, 1.401298464324817e-44, 90.00015258789062, 1.401298464324817e-44, 130403.484375
0:00:40.006910, 0.0, 1.401298464324817e-44, 90.00015258789062, 1.401298464324817e-44, 130404.0390625
0:00:40.111251, 0.0, 1.401298464324817e-44, 90.00015258789062, 1.401298464324817e-44, 130404.703125
0:00:40.200995, 0.0, 1.401298464324817e-44, 90.00015258789062, 1.401298464324817e-44, 130405.2578125
0:00:40.316678, 0.0, 1.401298464324817e-44, 90.00015258789062, 1.401298464324817e-44, 130405.9921875
0:00:40.424923, 0.0, 1.401298464324817e-44, 90.00015258789062, 1.401298464324817e-44, 130406.6796875
0:00:40.521624, 0.0, 1.401298464324817e-44, 90.00015258789062, 1.401298464324817e-44, 130407.2890625
0:00:40.625089, 0.0, 1.401298464324817e-44, 90.00015258789062, 1.401298464324817e-44, 130407.9453125
0:00:40.715624, 0.0, 1.401298464324817e-44, 90.00015258789062, 1.401298464324817e-44, 130408.5234375
0:00:40.812408, 0.0, 1.401298464324817e-44, 90.00015258789062, 1.401298464324817e-44, 130409.1328125
0:00:40.933891, 0.0, 1.401298464324817e-44, 90.00015258789062, 1.401298464324817e-44, 130409.8984375
0:00:41.032522, 0.0, 1.401298464324817e-44, 90.00015258789062, 1.401298464324817e-44, 130410.515625
0:00:41.123405, 0.0, 1.401298464324817e-44, 90.00015258789062, 1.401298464324817e-44, 130411.0859375
0:00:41.219391, 0.0, 1.401298464324817e-44, 90.00015258789062, 1.401298464324817e-44, 130411.6953125
0:00:41.332827, 0.0, 1.401298464324817e-44, 90.00015258789062, 1.401298464324817e-44, 130412.4140625
0:00:41.419392, 0.0, 1.401298464324817e-44, 90.00015258789062, 1.401298464324817e-44, 130412.9609375
0:00:41.534343, 0.0, 1.401298464324817e-44, 90.00015258789062, 1.401298464324817e-44, 130413.6875
0:00:41.632423, 0.0, 1.401298464324817e-44, 90.00015258789062, 1.401298464324817e-44, 130414.3046875
0:00:41.723901, 0.0, 1.401298464324817e-44, 90.00015258789062, 1.401298464324817e-44, 130414.8828125
0:00:41.839068, 0.0, 1.401298464324817e-44, 90.00015258789062, 1.401298464324817e-44, 130415.609375
0:00:41.927700, 0.0, 1.401298464324817e-44, 90.00015258789062, 1.401298464324817e-44, 130416.1640625
0:00:42.040571, 0.0, 1.401298464324817e-44, 90.00015258789062, 1.401298464324817e-44, 130416.875
0:00:42.146724, 0.0, 1.401298464324817e-44, 90.00015258789062, 1.401298464324817e-44, 130417.546875
0:00:42.233471, 0.0, 1.401298464324817e-44, 90.00015258789062, 1.401298464324817e-44, 130418.09375
0:00:42.333166, 0.0, 1.401298464324817e-44, 90.00015258789062, 1.401298464324817e-44, 130418.7109375
0:00:42.448367, 0.0, 1.401298464324817e-44, 90.00015258789062, 1.401298464324817e-44, 130419.4375
0:00:42.534526, 0.0, 1.401298464324817e-44, 90.00015258789062, 1.401298464324817e-44, 130419.984375
0:00:42.649439, 0.0, 1.401298464324817e-44, 90.00015258789062, 1.401298464324817e-44, 130420.7109375
0:00:42.738346, 0.0, 1.401298464324817e-44, 90.00015258789062, 1.401298464324817e-44, 130421.2734375
0:00:42.850789, 0.0, 1.401298464324817e-44, 90.00015258789062, 1.401298464324817e-44, 130421.984375
0:00:42.932533, 0.0, 1.401298464324817e-44, 90.00015258789062, 1.401298464324817e-44, 130422.5
0:00:43.058477, 0.0, 1.401298464324817e-44, 90.00015258789062, 1.401298464324817e-44, 130423.2890625
0:00:43.142900, 0.0, 1.401298464324817e-44, 90.00015258789062, 1.401298464324817e-44, 130423.8203125
0:00:43.264099, 0.0, 1.401298464324817e-44, 90.00015258789062, 1.401298464324817e-44, 130424.5859375
0:00:43.348603, 0.0, 1.401298464324817e-44, 90.00015258789062, 1.401298464324817e-44, 130425.125
0:00:43.456548, 0.0, 1.401298464324817e-44, 90.00015258789062, 1.401298464324817e-44, 130425.8046875
0:00:43.566860, 0.0, 1.401298464324817e-44, 90.00015258789062, 1.401298464324817e-44, 130426.4921875
0:00:43.652254, 0.0, 1.401298464324817e-44, 90.00015258789062, 1.401298464324817e-44, 130427.03125
0:00:43.752184, 0.0, 1.401298464324817e-44, 90.00015258789062, 1.401298464324817e-44, 130427.6640625
0:00:43.863550, 0.0, 1.401298464324817e-44, 90.00015258789062, 1.401298464324817e-44, 130428.375
0:00:43.951246, 0.0, 1.401298464324817e-44, 90.00015258789062, 1.401298464324817e-44, 130428.921875
0:00:44.068594, 0.0, 1.401298464324817e-44, 90.00015258789062, 1.401298464324817e-44, 130429.6640625
0:00:44.164732, 0.0, 1.401298464324817e-44, 90.00015258789062, 1.401298464324817e-44, 130430.2734375
0:00:44.263472, 0.0, 1.401298464324817e-44, 90.00015258789062, 1.401298464324817e-44, 130430.8984375
0:00:44.373460, 0.0, 1.401298464324817e-44, 90.00015258789062, 1.401298464324817e-44, 130431.59375
0:00:44.480897, 0.0, 1.401298464324817e-44, 90.00015258789062, 1.401298464324817e-44, 130432.265625
0:00:44.566113, 0.0, 1.401298464324817e-44, 90.00015258789062, 1.401298464324817e-44, 130432.8046875
0:00:44.675771, 0.0, 1.401298464324817e-44, 90.00015258789062, 1.401298464324817e-44, 130433.484375
0:00:44.764250, 0.0, 1.401298464324817e-44, 90.00015258789062, 1.401298464324817e-44, 130434.046875
0:00:44.877615, 0.0, 1.401298464324817e-44, 90.00015258789062, 1.401298464324817e-44, 130434.765625
0:00:44.984502, 0.0, 1.401298464324817e-44, 90.00015258789062, 1.401298464324817e-44, 130435.4375
0:00:45.078151, 0.0, 1.401298464324817e-44, 90.00015258789062, 1.401298464324817e-44, 130436.03125
0:00:45.163639, 0.0, 1.401298464324817e-44, 90.00015258789062, 1.401298464324817e-44, 130436.578125
0:00:45.264097, 0.0, 1.401298464324817e-44, 90.00015258789062, 1.401298464324817e-44, 130437.2109375
0:00:45.380364, 0.0, 1.401298464324817e-44, 90.00015258789062, 1.401298464324817e-44, 130437.9453125
0:00:45.495368, 0.0, 1.401298464324817e-44, 90.00015258789062, 1.401298464324817e-44, 130438.6640625
0:00:45.565332, 0.0, 1.401298464324817e-44, 90.00015258789062, 1.401298464324817e-44, 130439.1015625
0:00:45.693732, 0.0, 1.401298464324817e-44, 90.00015258789062, 1.401298464324817e-44, 130439.8984375
0:00:45.777827, 0.0, 1.401298464324817e-44, 90.00015258789062, 1.401298464324817e-44, 130440.4375
0:00:45.873210, 0.0, 1.401298464324817e-44, 90.00015258789062, 1.401298464324817e-44, 130441.0390625
0:00:46.000456, 0.0, 1.401298464324817e-44, 90.00015258789062, 1.401298464324817e-44, 130441.84375
0:00:46.078356, 0.0, 1.401298464324817e-44, 90.00015258789062, 1.401298464324817e-44, 130442.3359375
0:00:46.190949, 0.0, 1.401298464324817e-44, 90.00015258789062, 1.401298464324817e-44, 130443.046875
0:00:46.296368, 0.0, 1.401298464324817e-44, 90.00015258789062, 1.401298464324817e-44, 130443.7109375
0:00:46.392593, 0.0, 1.401298464324817e-44, 90.00015258789062, 1.401298464324817e-44, 130444.3203125
0:00:46.488470, 0.0, 1.401298464324817e-44, 90.00015258789062, 1.401298464324817e-44, 130444.9296875
0:00:46.584443, 0.0, 1.401298464324817e-44, 90.00015258789062, 1.401298464324817e-44, 130445.53125
0:00:46.703419, 0.0, 1.401298464324817e-44, 90.00015258789062, 1.401298464324817e-44, 130446.2734375
0:00:46.804267, 0.0, 1.401298464324817e-44, 90.00015258789062, 1.401298464324817e-44, 130446.9140625
0:00:46.893828, 0.0, 1.401298464324817e-44, 90.00015258789062, 1.401298464324817e-44, 130447.484375
0:00:47.007838, 0.0, 1.401298464324817e-44, 90.00015258789062, 1.401298464324817e-44, 130448.203125
0:00:47.093270, 0.0, 1.401298464324817e-44, 90.00015258789062, 1.401298464324817e-44, 130448.7421875
0:00:47.219545, 0.0, 1.401298464324817e-44, 90.00015258789062, 1.401298464324817e-44, 130449.5390625
0:00:47.307884, 0.0, 1.401298464324817e-44, 90.00015258789062, 1.401298464324817e-44, 130450.09375
0:00:47.406265, 0.0, 1.401298464324817e-44, 90.00015258789062, 1.401298464324817e-44, 130450.7109375
0:00:47.505109, 0.0, 1.401298464324817e-44, 90.00015258789062, 1.401298464324817e-44, 130451.3359375
0:00:47.602167, 0.0, 1.401298464324817e-44, 90.00015258789062, 1.401298464324817e-44, 130451.9453125
0:00:47.711957, 0.0, 1.401298464324817e-44, 90.00015258789062, 1.401298464324817e-44, 130452.640625
0:00:47.797492, 0.0, 1.401298464324817e-44, 90.00015258789062, 1.401298464324817e-44, 130453.1796875
0:00:47.895228, 0.0, 1.401298464324817e-44, 90.00015258789062, 1.401298464324817e-44, 130453.796875
0:00:48.021071, 0.0, 1.401298464324817e-44, 90.00015258789062, 1.401298464324817e-44, 130454.5859375
0:00:48.108728, 0.0, 1.401298464324817e-44, 90.00015258789062, 1.401298464324817e-44, 130455.1328125
0:00:48.219403, 0.0, 1.401298464324817e-44, 90.00015258789062, 1.401298464324817e-44, 130455.8359375
0:00:48.315461, 0.0, 1.401298464324817e-44, 90.00015258789062, 1.401298464324817e-44, 130456.4453125
0:00:48.406397, 0.0, 1.401298464324817e-44, 90.00015258789062, 1.401298464324817e-44, 130457.015625
0:00:48.524336, 0.0, 1.401298464324817e-44, 90.00015258789062, 1.401298464324817e-44, 130457.7578125
0:00:48.609759, 0.0, 1.401298464324817e-44, 90.00015258789062, 1.401298464324817e-44, 130458.3046875
0:00:48.705326, 0.0, 1.401298464324817e-44, 90.00015258789062, 1.401298464324817e-44, 130458.9140625
0:00:48.801678, 0.0, 1.401298464324817e-44, 90.00015258789062, 1.401298464324817e-44, 130459.515625
0:00:48.917636, 0.0, 1.401298464324817e-44, 90.00015258789062, 1.401298464324817e-44, 130460.25
0:00:49.028586, 0.0, 1.401298464324817e-44, 90.00015258789062, 1.401298464324817e-44, 130460.953125
0:00:49.126631, 0.0, 1.401298464324817e-44, 90.00015258789062, 1.401298464324817e-44, 130461.5625
0:00:49.226265, 0.0, 1.401298464324817e-44, 90.00015258789062, 1.401298464324817e-44, 130462.1953125
0:00:49.311479, 0.0, 1.401298464324817e-44, 90.00015258789062, 1.401298464324817e-44, 130462.734375
0:00:49.429442, 0.0, 1.401298464324817e-44, 90.00015258789062, 1.401298464324817e-44, 130463.4765625
0:00:49.522381, 0.0, 1.401298464324817e-44, 90.00015258789062, 1.401298464324817e-44, 130464.0625
0:00:49.608870, 0.0, 1.401298464324817e-44, 90.00015258789062, 1.401298464324817e-44, 130464.609375
0:00:49.735613, 0.0, 1.401298464324817e-44, 90.00015258789062, 1.401298464324817e-44, 130465.40625
0:00:49.824150, 0.0, 1.401298464324817e-44, 90.00015258789062, 1.401298464324817e-44, 130465.96875
0:00:49.916245, 0.0, 1.401298464324817e-44, 90.00015258789062, 1.401298464324817e-44, 130466.5546875
0:00:50.033299, 0.0, 1.401298464324817e-44, 90.00015258789062, 1.401298464324817e-44, 130467.2890625
0:00:50.137611, 0.0, 1.401298464324817e-44, 90.00015258789062, 1.401298464324817e-44, 130467.9453125
0:00:50.235028, 0.0, 1.401298464324817e-44, 90.00015258789062, 1.401298464324817e-44, 130468.5625
0:00:50.335275, 0.0, 1.401298464324817e-44, 90.00015258789062, 1.401298464324817e-44, 130469.1875
0:00:50.451829, 0.0, 1.401298464324817e-44, 90.00015258789062, 1.401298464324817e-44, 130469.921875
0:00:50.537185, 0.0, 1.401298464324817e-44, 90.00015258789062, 1.401298464324817e-44, 130470.46875
0:00:50.648263, 0.0, 1.401298464324817e-44, 90.00015258789062, 1.401298464324817e-44, 130471.171875
0:00:50.743191, 0.0, 1.401298464324817e-44, 90.00015258789062, 1.401298464324817e-44, 130471.7734375
0:00:50.849539, 0.0, 1.401298464324817e-44, 90.00015258789062, 1.401298464324817e-44, 130472.4453125
0:00:50.935136, 0.0, 1.401298464324817e-44, 90.00015258789062, 1.401298464324817e-44, 130472.984375
0:00:51.056271, 0.0, 1.401298464324817e-44, 90.00015258789062, 1.401298464324817e-44, 130473.75
0:00:51.136583, 0.0, 1.401298464324817e-44, 90.00015258789062, 1.401298464324817e-44, 130474.2578125
0:00:51.254535, 0.0, 1.401298464324817e-44, 90.00015258789062, 1.401298464324817e-44, 130475.0
0:00:51.339815, 0.0, 1.401298464324817e-44, 90.00015258789062, 1.401298464324817e-44, 130475.546875
0:00:51.436187, 0.0, 1.401298464324817e-44, 90.00015258789062, 1.401298464324817e-44, 130476.15625
0:00:51.537608, 0.0, 1.401298464324817e-44, 90.00015258789062, 1.401298464324817e-44, 130476.7890625
0:00:51.650622, 0.0, 1.401298464324817e-44, 90.00015258789062, 1.401298464324817e-44, 130477.5078125
0:00:51.747284, 0.0, 1.401298464324817e-44, 90.00015258789062, 1.401298464324817e-44, 130478.1171875
0:00:51.845069, 0.0, 1.401298464324817e-44, 90.00015258789062, 1.401298464324817e-44, 130478.734375
0:00:51.963557, 0.0, 1.401298464324817e-44, 90.00015258789062, 1.401298464324817e-44, 130479.484375
0:00:52.047902, 0.0, 1.401298464324817e-44, 90.00015258789062, 1.401298464324817e-44, 130480.015625
0:00:52.172453, 0.0, 1.401298464324817e-44, 90.00015258789062, 1.401298464324817e-44, 130480.8046875
0:00:52.259878, 0.0, 1.401298464324817e-44, 90.00015258789062, 1.401298464324817e-44, 130481.3515625
0:00:52.356304, 0.0, 1.401298464324817e-44, 90.00015258789062, 1.401298464324817e-44, 130481.953125
0:00:52.450141, 0.0, 1.401298464324817e-44, 90.00015258789062, 1.401298464324817e-44, 130482.546875
0:00:52.558336, 0.0, 1.401298464324817e-44, 90.00015258789062, 1.401298464324817e-44, 130483.21875
0:00:52.652984, 0.0, 1.401298464324817e-44, 90.00015258789062, 1.401298464324817e-44, 130483.8203125
0:00:52.768101, 0.0, 1.401298464324817e-44, 90.00015258789062, 1.401298464324817e-44, 130484.5546875
0:00:52.867477, 0.0, 1.401298464324817e-44, 90.00015258789062, 1.401298464324817e-44, 130485.1796875
0:00:52.957346, 0.0, 1.401298464324817e-44, 90.00015258789062, 1.401298464324817e-44, 130485.7421875
0:00:53.067785, 0.0, 1.401298464324817e-44, 90.00015258789062, 1.401298464324817e-44, 130486.4375
0:00:53.166335, 0.0, 1.401298464324817e-44, 90.00015258789062, 1.401298464324817e-44, 130487.0546875
0:00:53.259146, 0.0, 1.401298464324817e-44, 90.00015258789062, 1.401298464324817e-44, 130487.640625
0:00:53.368511, 0.0, 1.401298464324817e-44, 90.00015258789062, 1.401298464324817e-44, 130488.3359375
0:00:53.465793, 0.0, 1.401298464324817e-44, 90.00015258789062, 1.401298464324817e-44, 130488.9453125
0:00:53.566255, 0.0, 1.401298464324817e-44, 90.00015258789062, 1.401298464324817e-44, 130489.578125
0:00:53.679474, 0.0, 1.401298464324817e-44, 90.00015258789062, 1.401298464324817e-44, 130490.2890625
0:00:53.765858, 0.0, 1.401298464324817e-44, 90.00015258789062, 1.401298464324817e-44, 130490.8359375
0:00:53.866444, 0.0, 1.401298464324817e-44, 90.00015258789062, 1.401298464324817e-44, 130491.46875
0:00:53.959172, 0.0, 1.401298464324817e-44, 90.00015258789062, 1.401298464324817e-44, 130492.0546875
0:00:54.068846, 0.0, 1.401298464324817e-44, 90.00015258789062, 1.401298464324817e-44, 130492.7421875
0:00:54.183920, 0.0, 1.401298464324817e-44, 90.00015258789062, 1.401298464324817e-44, 130493.46875
0:00:54.292098, 0.0, 1.401298464324817e-44, 90.00015258789062, 1.401298464324817e-44, 130494.15625
0:00:54.388756, 0.0, 1.401298464324817e-44, 90.00015258789062, 1.401298464324817e-44, 130494.765625
0:00:54.487636, 0.0, 1.401298464324817e-44, 90.00015258789062, 1.401298464324817e-44, 130495.390625
0:00:54.579056, 0.0, 1.401298464324817e-44, 90.00015258789062, 1.401298464324817e-44, 130495.9609375
0:00:54.693828, 0.0, 1.401298464324817e-44, 90.00015258789062, 1.401298464324817e-44, 130496.6796875
0:00:54.780559, 0.0, 1.401298464324817e-44, 90.00015258789062, 1.401298464324817e-44, 130497.234375
0:00:54.902715, 0.0, 1.401298464324817e-44, 90.00015258789062, 1.401298464324817e-44, 130498.0
0:00:54.997676, 0.0, 1.401298464324817e-44, 90.00015258789062, 1.401298464324817e-44, 130498.6015625
0:00:55.098535, 0.0, 1.401298464324817e-44, 90.00015258789062, 1.401298464324817e-44, 130499.234375
0:00:55.197753, 0.0, 1.401298464324817e-44, 90.00015258789062, 1.401298464324817e-44, 130499.859375
0:00:55.279689, 0.0, 1.401298464324817e-44, 90.00015258789062, 1.401298464324817e-44, 130500.3828125
0:00:55.393690, 0.0, 1.401298464324817e-44, 90.00015258789062, 1.401298464324817e-44, 130501.1015625
0:00:55.504673, 0.0, 1.401298464324817e-44, 90.00015258789062, 1.401298464324817e-44, 130501.8046875
0:00:55.590293, 0.0, 1.401298464324817e-44, 90.00015258789062, 1.401298464324817e-44, 130502.3515625
0:00:55.688177, 0.0, 1.401298464324817e-44, 90.00015258789062, 1.401298464324817e-44, 130502.96875
0:00:55.787649, 0.0, 1.401298464324817e-44, 90.00015258789062, 1.401298464324817e-44, 130503.5859375
0:00:55.900649, 0.0, 1.401298464324817e-44, 90.00015258789062, 1.401298464324817e-44, 130504.296875
0:00:55.994997, 0.0, 1.401298464324817e-44, 90.00015258789062, 1.401298464324817e-44, 130504.890625
0:00:56.111140, 0.0, 1.401298464324817e-44, 90.00015258789062, 1.401298464324817e-44, 130505.6328125
0:00:56.207381, 0.0, 1.401298464324817e-44, 90.00015258789062, 1.401298464324817e-44, 130506.234375
0:00:56.292636, 0.0, 1.401298464324817e-44, 90.00015258789062, 1.401298464324817e-44, 130506.78125
0:00:56.413548, 0.0, 1.401298464324817e-44, 90.00015258789062, 1.401298464324817e-44, 130507.5390625
0:00:56.497936, 0.0, 1.401298464324817e-44, 90.00015258789062, 1.401298464324817e-44, 130508.078125
0:00:56.597788, 0.0, 1.401298464324817e-44, 90.00015258789062, 1.401298464324817e-44, 130508.703125
0:00:56.698186, 0.0, 1.401298464324817e-44, 90.00015258789062, 1.401298464324817e-44, 130509.3359375
0:00:56.789902, 0.0, 1.401298464324817e-44, 90.00015258789062, 1.401298464324817e-44, 130509.9140625
0:00:56.899194, 0.0, 1.401298464324817e-44, 90.00015258789062, 1.401298464324817e-44, 130510.6015625
0:00:56.995825, 0.0, 1.401298464324817e-44, 90.00015258789062, 1.401298464324817e-44, 130511.203125
0:00:57.108764, 0.0, 1.401298464324817e-44, 90.00015258789062, 1.401298464324817e-44, 130511.921875
0:00:57.200723, 0.0, 1.401298464324817e-44, 90.00015258789062, 1.401298464324817e-44, 130512.5
0:00:57.318528, 0.0, 1.401298464324817e-44, 90.00015258789062, 1.401298464324817e-44, 130513.234375
0:00:57.408693, 0.0, 1.401298464324817e-44, 90.00015258789062, 1.401298464324817e-44, 130513.8046875
0:00:57.497210, 0.0, 1.401298464324817e-44, 90.00015258789062, 1.401298464324817e-44, 130514.359375
0:00:57.611249, 0.0, 1.401298464324817e-44, 90.00015258789062, 1.401298464324817e-44, 130515.078125
0:00:57.709155, 0.0, 1.401298464324817e-44, 90.00015258789062, 1.401298464324817e-44, 130515.6875
0:00:57.808554, 0.0, 1.401298464324817e-44, 90.00015258789062, 1.401298464324817e-44, 130516.3125
0:00:57.922356, 0.0, 1.401298464324817e-44, 90.00015258789062, 1.401298464324817e-44, 130517.0390625
0:00:58.007926, 0.0, 1.401298464324817e-44, 90.00015258789062, 1.401298464324817e-44, 130517.5703125
0:00:58.109058, 0.0, 1.401298464324817e-44, 90.00015258789062, 1.401298464324817e-44, 130518.1953125
0:00:58.225643, 0.0, 1.401298464324817e-44, 90.00015258789062, 1.401298464324817e-44, 130518.9296875
0:00:58.336692, 0.0, 1.401298464324817e-44, 90.00015258789062, 1.401298464324817e-44, 130519.6328125
0:00:58.421988, 0.0, 1.401298464324817e-44, 90.00015258789062, 1.401298464324817e-44, 130520.171875
0:00:58.531168, 0.0, 1.401298464324817e-44, 90.00015258789062, 1.401298464324817e-44, 130520.859375
0:00:58.619744, 0.0, 1.401298464324817e-44, 90.00015258789062, 1.401298464324817e-44, 130521.421875
0:00:58.731563, 0.0, 1.401298464324817e-44, 90.00015258789062, 1.401298464324817e-44, 130522.1328125
0:00:58.810507, 0.0, 1.401298464324817e-44, 90.00015258789062, 1.401298464324817e-44, 130522.6328125
0:00:58.921362, 0.0, 1.401298464324817e-44, 90.00015258789062, 1.401298464324817e-44, 130523.3359375
0:00:59.029653, 0.0, 1.401298464324817e-44, 90.00015258789062, 1.401298464324817e-44, 130524.015625
0:00:59.129225, 0.0, 1.401298464324817e-44, 90.00015258789062, 1.401298464324817e-44, 130524.640625
0:00:59.240615, 0.0, 1.401298464324817e-44, 90.00015258789062, 1.401298464324817e-44, 130525.3359375
0:00:59.339413, 0.0, 1.401298464324817e-44, 90.00015258789062, 1.401298464324817e-44, 130525.953125
0:00:59.432027, 0.0, 1.401298464324817e-44, 90.00015258789062, 1.401298464324817e-44, 130526.546875
0:00:59.546114, 0.0, 1.401298464324817e-44, 90.00015258789062, 1.401298464324817e-44, 130527.265625
0:00:59.629936, 0.0, 1.401298464324817e-44, 90.00015258789062, 1.401298464324817e-44, 130527.7890625
0:00:59.738895, 0.0, 1.401298464324817e-44, 90.00015258789062, 1.401298464324817e-44, 130528.4765625
0:00:59.838993, 0.0, 1.401298464324817e-44, 90.00015258789062, 1.401298464324817e-44, 130529.109375
0:00:59.939639, 0.0, 1.401298464324817e-44, 90.00015258789062, 1.401298464324817e-44, 130529.7421875
0:01:00.030338, 0.0, 1.401298464324817e-44, 90.00015258789062, 1.401298464324817e-44, 130530.3125
0:01:00.138680, 0.0, 1.401298464324817e-44, 90.00015258789062, 1.401298464324817e-44, 130530.9921875
0:01:00.241933, 0.0, 1.401298464324817e-44, 90.00015258789062, 1.401298464324817e-44, 130531.6328125
0:01:00.346945, 0.0, 1.401298464324817e-44, 90.00015258789062, 1.401298464324817e-44, 130532.3046875
0:01:00.461466, 0.0, 1.401298464324817e-44, 90.00015258789062, 1.401298464324817e-44, 130533.015625
0:01:00.532251, 0.0, 1.401298464324817e-44, 90.00015258789062, 1.401298464324817e-44, 130533.46875
0:01:00.659658, 0.0, 1.401298464324817e-44, 90.00015258789062, 1.401298464324817e-44, 130534.265625
0:01:00.750875, 0.0, 1.401298464324817e-44, 90.00015258789062, 1.401298464324817e-44, 130534.8515625
0:01:00.865921, 0.0, 1.401298464324817e-44, 90.00015258789062, 1.401298464324817e-44, 130535.578125
0:01:00.949585, 0.0, 1.401298464324817e-44, 90.00015258789062, 1.401298464324817e-44, 130536.109375
0:01:01.046463, 0.0, 1.401298464324817e-44, 90.00015258789062, 1.401298464324817e-44, 130536.7265625
0:01:01.152688, 0.0, 1.401298464324817e-44, 90.00015258789062, 1.401298464324817e-44, 130537.3984375
0:01:01.265788, 0.0, 1.401298464324817e-44, 90.00015258789062, 1.401298464324817e-44, 130538.109375
0:01:01.350253, 0.0, 1.401298464324817e-44, 90.00015258789062, 1.401298464324817e-44, 130538.640625
0:01:01.458668, 0.0, 1.401298464324817e-44, 90.00015258789062, 1.401298464324817e-44, 130539.3203125
0:01:01.556555, 0.0, 1.401298464324817e-44, 90.00015258789062, 1.401298464324817e-44, 130539.9375
0:01:01.656241, 0.0, 1.401298464324817e-44, 90.00015258789062, 1.401298464324817e-44, 130540.5625
0:01:01.770107, 0.0, 1.401298464324817e-44, 90.00015258789062, 1.401298464324817e-44, 130541.28125
0:01:01.881415, 0.0, 1.401298464324817e-44, 90.00015258789062, 1.401298464324817e-44, 130541.9765625
0:01:01.950631, 0.0, 1.401298464324817e-44, 90.00015258789062, 1.401298464324817e-44, 130542.4140625
0:01:02.056944, 0.0, 1.401298464324817e-44, 90.00015258789062, 1.401298464324817e-44, 130543.078125
0:01:02.168904, 0.0, 1.401298464324817e-44, 90.00015258789062, 1.401298464324817e-44, 130543.78125
0:01:02.254525, 0.0, 1.401298464324817e-44, 90.00015258789062, 1.401298464324817e-44, 130544.3203125
0:01:02.366363, 0.0, 1.401298464324817e-44, 90.00015258789062, 1.401298464324817e-44, 130545.015625
0:01:02.482581, 0.0, 1.401298464324817e-44, 90.00015258789062, 1.401298464324817e-44, 130545.75
0:01:02.576732, 0.0, 1.401298464324817e-44, 90.00015258789062, 1.401298464324817e-44, 130546.34375
0:01:02.665364, 0.0, 1.401298464324817e-44, 90.00015258789062, 1.401298464324817e-44, 130546.9140625
0:01:02.772670, 0.0, 1.401298464324817e-44, 90.00015258789062, 1.401298464324817e-44, 130547.5859375
0:01:02.870242, 0.0, 1.401298464324817e-44, 90.00015258789062, 1.401298464324817e-44, 130548.1953125
0:01:02.991496, 0.0, 1.401298464324817e-44, 90.00015258789062, 1.401298464324817e-44, 130548.9609375
0:01:03.088246, 0.0, 1.401298464324817e-44, 90.00015258789062, 1.401298464324817e-44, 130549.5703125
0:01:03.173781, 0.0, 1.401298464324817e-44, 90.00015258789062, 1.401298464324817e-44, 130550.109375
0:01:03.286624, 0.0, 1.401298464324817e-44, 90.00015258789062, 1.401298464324817e-44, 130550.8203125
0:01:03.371161, 0.0, 1.401298464324817e-44, 90.00015258789062, 1.401298464324817e-44, 130551.3515625
0:01:03.478396, 0.0, 1.401298464324817e-44, 90.00015258789062, 1.401298464324817e-44, 130552.0234375
0:01:03.568480, 0.0, 1.401298464324817e-44, 90.00015258789062, 1.401298464324817e-44, 130552.5859375
0:01:03.680889, 0.0, 1.401298464324817e-44, 90.00015258789062, 1.401298464324817e-44, 130553.296875
0:01:03.770498, 0.0, 1.401298464324817e-44, 90.00015258789062, 1.401298464324817e-44, 130553.859375
0:01:03.880757, 0.0, 1.401298464324817e-44, 90.00015258789062, 1.401298464324817e-44, 130554.546875
0:01:03.972623, 0.0, 1.401298464324817e-44, 90.00015258789062, 1.401298464324817e-44, 130555.125
0:01:04.085533, 0.0, 1.401298464324817e-44, 90.00015258789062, 1.401298464324817e-44, 130555.84375
0:01:04.192723, 0.0, 1.401298464324817e-44, 90.00015258789062, 1.401298464324817e-44, 130556.515625
0:01:04.282296, 0.0, 1.401298464324817e-44, 90.00015258789062, 1.401298464324817e-44, 130557.0703125
0:01:04.398279, 0.0, 1.401298464324817e-44, 90.00015258789062, 1.401298464324817e-44, 130557.8046875
0:01:04.485866, 0.0, 1.401298464324817e-44, 90.00015258789062, 1.401298464324817e-44, 130558.359375
0:01:04.601792, 0.0, 1.401298464324817e-44, 90.00015258789062, 1.401298464324817e-44, 130559.0859375
0:01:04.687520, 0.0, 1.401298464324817e-44, 90.00015258789062, 1.401298464324817e-44, 130559.6328125
0:01:04.794740, 0.0, 1.401298464324817e-44, 90.00015258789062, 1.401298464324817e-44, 130560.3046875
0:01:04.890857, 0.0, 1.401298464324817e-44, 90.00015258789062, 1.401298464324817e-44, 130560.9140625
0:01:04.983518, 0.0, 1.401298464324817e-44, 90.00015258789062, 1.401298464324817e-44, 130561.5
0:01:05.098460, 0.0, 1.401298464324817e-44, 90.00015258789062, 1.401298464324817e-44, 130562.2265625
0:01:05.184968, 0.0, 1.401298464324817e-44, 90.00015258789062, 1.401298464324817e-44, 130562.7734375
0:01:05.311177, 0.0, 1.401298464324817e-44, 90.00015258789062, 1.401298464324817e-44, 130563.5625
0:01:05.396692, 0.0, 1.401298464324817e-44, 90.00015258789062, 1.401298464324817e-44, 130564.1015625
0:01:05.510578, 0.0, 1.401298464324817e-44, 90.00015258789062, 1.401298464324817e-44, 130564.828125
0:01:05.609692, 0.0, 1.401298464324817e-44, 90.00015258789062, 1.401298464324817e-44, 130565.453125
0:01:05.698389, 0.0, 1.401298464324817e-44, 90.00015258789062, 1.401298464324817e-44, 130566.0078125
0:01:05.803417, 0.0, 1.401298464324817e-44, 90.00015258789062, 1.401298464324817e-44, 130566.6796875
0:01:05.911700, 0.0, 1.401298464324817e-44, 90.00015258789062, 1.401298464324817e-44, 130567.3515625
0:01:06.010769, 0.0, 1.401298464324817e-44, 90.00015258789062, 1.401298464324817e-44, 130567.9765625
0:01:06.105796, 0.0, 1.401298464324817e-44, 90.00015258789062, 1.401298464324817e-44, 130568.5703125
0:01:06.221689, 0.0, 1.401298464324817e-44, 90.00015258789062, 1.401298464324817e-44, 130569.3046875
0:01:06.311432, 0.0, 1.401298464324817e-44, 90.00015258789062, 1.401298464324817e-44, 130569.8671875
0:01:06.422574, 0.0, 1.401298464324817e-44, 90.00015258789062, 1.401298464324817e-44, 130570.5625
0:01:06.504424, 0.0, 1.401298464324817e-44, 90.00015258789062, 1.401298464324817e-44, 130571.078125
0:01:06.618304, 0.0, 1.401298464324817e-44, 90.00015258789062, 1.401298464324817e-44, 130571.796875
0:01:06.705861, 0.0, 1.401298464324817e-44, 90.00015258789062, 1.401298464324817e-44, 130572.3515625
0:01:06.801949, 0.0, 1.401298464324817e-44, 90.00015258789062, 1.401298464324817e-44, 130572.9609375
0:01:06.923774, 0.0, 1.401298464324817e-44, 90.00015258789062, 1.401298464324817e-44, 130573.7265625
0:01:07.020489, 0.0, 1.401298464324817e-44, 90.00015258789062, 1.401298464324817e-44, 130574.3359375
0:01:07.106028, 0.0, 1.401298464324817e-44, 90.00015258789062, 1.401298464324817e-44, 130574.875
0:01:07.218894, 0.0, 1.401298464324817e-44, 90.00015258789062, 1.401298464324817e-44, 130575.5859375
0:01:07.325127, 0.0, 1.401298464324817e-44, 90.00015258789062, 1.401298464324817e-44, 130576.265625
0:01:07.422760, 0.0, 1.401298464324817e-44, 90.00015258789062, 1.401298464324817e-44, 130576.875
0:01:07.538690, 0.0, 1.401298464324817e-44, 90.00015258789062, 1.401298464324817e-44, 130577.6015625
0:01:07.625276, 0.0, 1.401298464324817e-44, 90.00015258789062, 1.401298464324817e-44, 130578.1484375
0:01:07.738145, 0.0, 1.401298464324817e-44, 90.00015258789062, 1.401298464324817e-44, 130578.859375
0:01:07.823591, 0.0, 1.401298464324817e-44, 90.00015258789062, 1.401298464324817e-44, 130579.3984375
0:01:07.939548, 0.0, 1.401298464324817e-44, 90.00015258789062, 1.401298464324817e-44, 130580.1328125
0:01:08.025032, 0.0, 1.401298464324817e-44, 90.00015258789062, 1.401298464324817e-44, 130580.671875
0:01:08.150186, 0.0, 1.401298464324817e-44, 90.00015258789062, 1.401298464324817e-44, 130581.4609375
0:01:08.230014, 0.0, 1.401298464324817e-44, 90.00015258789062, 1.401298464324817e-44, 130581.9609375
0:01:08.343960, 0.0, 1.401298464324817e-44, 90.00015258789062, 1.401298464324817e-44, 130582.6796875
0:01:08.433645, 0.0, 1.401298464324817e-44, 90.00015258789062, 1.401298464324817e-44, 130583.2421875
0:01:08.526130, 0.0, 1.401298464324817e-44, 90.00015258789062, 1.401298464324817e-44, 130583.828125
0:01:08.643004, 0.0, 1.401298464324817e-44, 90.00015258789062, 1.401298464324817e-44, 130584.5625
0:01:08.731553, 0.0, 1.401298464324817e-44, 90.00015258789062, 1.401298464324817e-44, 130585.1171875
0:01:08.845447, 0.0, 1.401298464324817e-44, 90.00015258789062, 1.401298464324817e-44, 130585.8359375
0:01:08.929900, 0.0, 1.401298464324817e-44, 90.00015258789062, 1.401298464324817e-44, 130586.375
0:01:09.045990, 0.0, 1.401298464324817e-44, 90.00015258789062, 1.401298464324817e-44, 130587.1171875
0:01:09.143651, 0.0, 1.401298464324817e-44, 90.00015258789062, 1.401298464324817e-44, 130587.734375
0:01:09.242533, 0.0, 1.401298464324817e-44, 90.00015258789062, 1.401298464324817e-44, 130588.359375
0:01:09.336300, 0.0, 1.401298464324817e-44, 90.00015258789062, 1.401298464324817e-44, 130588.9453125
0:01:09.445537, 0.0, 1.401298464324817e-44, 90.00015258789062, 1.401298464324817e-44, 130589.625
0:01:09.534036, 0.0, 1.401298464324817e-44, 90.00015258789062, 1.401298464324817e-44, 130590.1796875
0:01:09.646979, 0.0, 1.401298464324817e-44, 90.00015258789062, 1.401298464324817e-44, 130590.8828125
0:01:09.755552, 0.0, 1.401298464324817e-44, 90.00015258789062, 1.401298464324817e-44, 130591.5703125
0:01:09.853062, 0.0, 1.401298464324817e-44, 90.00015258789062, 1.401298464324817e-44, 130592.1875
0:01:09.954518, 0.0, 1.401298464324817e-44, 90.00015258789062, 1.401298464324817e-44, 130592.8203125
0:01:10.067671, 0.0, 1.401298464324817e-44, 90.00015258789062, 1.401298464324817e-44, 130593.53125
0:01:10.165084, 0.0, 1.401298464324817e-44, 90.00015258789062, 1.401298464324817e-44, 130594.1484375
0:01:10.262351, 0.0, 1.401298464324817e-44, 90.00015258789062, 1.401298464324817e-44, 130594.7578125
0:01:10.353493, 0.0, 1.401298464324817e-44, 90.00015258789062, 1.401298464324817e-44, 130595.3359375
0:01:10.468492, 0.0, 1.401298464324817e-44, 90.00015258789062, 1.401298464324817e-44, 130596.0546875
0:01:10.565499, 0.0, 1.401298464324817e-44, 90.00015258789062, 1.401298464324817e-44, 130596.6640625
0:01:10.649646, 0.0, 1.401298464324817e-44, 90.00015258789062, 1.401298464324817e-44, 130597.1953125
0:01:10.763594, 0.0, 1.401298464324817e-44, 90.00015258789062, 1.401298464324817e-44, 130597.9140625
0:01:10.865423, 0.0, 1.401298464324817e-44, 90.00015258789062, 1.401298464324817e-44, 130598.5546875
0:01:10.956442, 0.0, 1.401298464324817e-44, 90.00015258789062, 1.401298464324817e-44, 130599.125
0:01:11.065646, 0.0, 1.401298464324817e-44, 90.00015258789062, 1.401298464324817e-44, 130599.8125
0:01:11.154279, 0.0, 1.401298464324817e-44, 90.00015258789062, 1.401298464324817e-44, 130600.359375
0:01:11.268124, 0.0, 1.401298464324817e-44, 90.00015258789062, 1.401298464324817e-44, 130601.078125
0:01:11.383106, 0.0, 1.401298464324817e-44, 90.00015258789062, 1.401298464324817e-44, 130601.796875
0:01:11.479623, 0.0, 1.401298464324817e-44, 90.00015258789062, 1.401298464324817e-44, 130602.40625
0:01:11.565123, 0.0, 1.401298464324817e-44, 90.00015258789062, 1.401298464324817e-44, 130602.9453125
0:01:11.677445, 0.0, 1.401298464324817e-44, 90.00015258789062, 1.401298464324817e-44, 130603.65625
0:01:11.772401, 0.0, 1.401298464324817e-44, 90.00015258789062, 1.401298464324817e-44, 130604.2578125
