Time, Frequency, Amplitude, Offset, PhaseShift, Phase
0:00:00.072043, 0.0, 1.401298464324817e-44, 90.0, 1.401298464324817e-44, 130152.3046875
0:00:00.130999, 0.0, 1.401298464324817e-44, 90.0, 1.401298464324817e-44, 130152.7109375
0:00:00.228465, 0.0, 1.401298464324817e-44, 90.0, 1.401298464324817e-44, 130153.328125
0:00:00.349243, 0.0, 1.401298464324817e-44, 90.0, 1.401298464324817e-44, 130154.0859375
0:00:00.464276, 0.0, 1.401298464324817e-44, 90.0, 1.401298464324817e-44, 130154.8125
0:00:00.550698, 0.0, 1.401298464324817e-44, 90.0, 1.401298464324817e-44, 130155.3515625
0:00:00.647022, 0.0, 1.401298464324817e-44, 90.0, 1.401298464324817e-44, 130155.953125
0:00:00.739760, 0.0, 1.401298464324817e-44, 90.0, 1.401298464324817e-44, 130156.546875
0:00:00.849678, 0.0, 1.401298464324817e-44, 90.0, 1.401298464324817e-44, 130157.2421875
0:00:00.964658, 0.0, 1.401298464324817e-44, 90.0, 1.401298464324817e-44, 130157.96875
0:00:01.052135, 0.0, 1.401298464324817e-44, 90.0, 1.401298464324817e-44, 130158.515625
0:00:01.156350, 0.0, 1.401298464324817e-44, 90.0, 1.401298464324817e-44, 130159.1875
0:00:01.268101, 0.0, 1.401298464324817e-44, 90.0, 1.401298464324817e-44, 130159.890625
0:00:01.377214, 0.0, 1.401298464324817e-44, 90.0, 1.401298464324817e-44, 130160.5859375
0:00:01.478304, 0.0, 1.401298464324817e-44, 90.0, 1.401298464324817e-44, 130161.2265625
0:00:01.577629, 0.0, 1.401298464324817e-44, 90.0, 1.401298464324817e-44, 130161.84375
0:00:01.665198, 0.0, 1.401298464324817e-44, 90.0, 1.401298464324817e-44, 130162.3984375
0:00:01.779124, 0.0, 1.401298464324817e-44, 90.0, 1.401298464324817e-44, 130163.109375
0:00:01.866581, 0.0, 1.401298464324817e-44, 90.0, 1.401298464324817e-44, 130163.65625
0:00:01.966193, 0.0, 1.401298464324817e-44, 90.0, 1.401298464324817e-44, 130164.2890625
0:00:02.079278, 0.0, 1.401298464324817e-44, 90.0, 1.401298464324817e-44, 130165.0
0:00:02.165700, 0.0, 1.401298464324817e-44, 90.0, 1.401298464324817e-44, 130165.546875
0:00:02.277046, 0.0, 1.401298464324817e-44, 90.0, 1.401298464324817e-44, 130166.2421875
0:00:02.376889, 0.0, 1.401298464324817e-44, 90.0, 1.401298464324817e-44, 130166.875
0:00:02.484183, 0.0, 1.401298464324817e-44, 90.0, 1.401298464324817e-44, 130167.5546875
0:00:02.572757, 0.0, 1.401298464324817e-44, 90.0, 1.401298464324817e-44, 130168.109375
0:00:02.688565, 0.0, 1.401298464324817e-44, 90.0, 1.401298464324817e-44, 130168.84375
0:00:02.789743, 0.0, 1.401298464324817e-44, 90.0, 1.401298464324817e-44, 130169.4765625
0:00:02.874914, 0.0, 1.401298464324817e-44, 90.0, 1.401298464324817e-44, 130170.015625
0:00:02.986429, 0.0, 1.401298464324817e-44, 90.0, 1.401298464324817e-44, 130170.7109375
0:00:03.099067, 0.0, 1.401298464324817e-44, 90.0, 1.401298464324817e-44, 130171.421875
0:00:03.180967, 0.0, 1.401298464324817e-44, 90.0, 1.401298464324817e-44, 130171.9375
0:00:03.294955, 0.0, 1.401298464324817e-44, 90.0, 1.401298464324817e-44, 130172.65625
0:00:03.380603, 0.0, 1.401298464324817e-44, 90.0, 1.401298464324817e-44, 130173.1953125
0:00:03.491192, 0.0, 1.401298464324817e-44, 90.0, 1.401298464324817e-44, 130173.8984375
0:00:03.588392, 0.0, 1.401298464324817e-44, 90.0, 1.401298464324817e-44, 130174.5
0:00:03.709280, 0.0, 1.401298464324817e-44, 90.0, 1.401298464324817e-44, 130175.265625
0:00:03.797910, 0.0, 1.401298464324817e-44, 90.0, 1.401298464324817e-44, 130175.828125
0:00:03.881438, 0.0, 1.401298464324817e-44, 90.0, 1.401298464324817e-44, 130176.359375
0:00:04.004137, 0.0, 1.401298464324817e-44, 90.0, 1.401298464324817e-44, 130177.1328125
0:00:04.088817, 0.0, 1.401298464324817e-44, 90.0, 1.401298464324817e-44, 130177.671875
0:00:04.185409, 0.0, 1.401298464324817e-44, 90.0, 1.401298464324817e-44, 130178.2734375
0:00:04.299338, 0.0, 1.401298464324817e-44, 90.0, 1.401298464324817e-44, 130178.9921875
0:00:04.397928, 0.0, 1.401298464324817e-44, 90.0, 1.401298464324817e-44, 130179.6171875
0:00:04.518567, 0.0, 1.401298464324817e-44, 90.0, 1.401298464324817e-44, 130180.375
0:00:04.618287, 0.0, 1.401298464324817e-44, 90.0, 1.401298464324817e-44, 130181.0
0:00:04.710105, 0.0, 1.401298464324817e-44, 90.0, 1.401298464324817e-44, 130181.578125
0:00:04.796008, 0.0, 1.401298464324817e-44, 90.0, 1.401298464324817e-44, 130182.109375
0:00:04.906993, 0.0, 1.401298464324817e-44, 90.0, 1.401298464324817e-44, 130182.8125
0:00:05.021571, 0.0, 1.401298464324817e-44, 90.0, 1.401298464324817e-44, 130183.5390625
0:00:05.111073, 0.0, 1.401298464324817e-44, 90.0, 1.401298464324817e-44, 130184.1015625
0:00:05.203227, 0.0, 1.401298464324817e-44, 90.0, 1.401298464324817e-44, 130184.671875
0:00:05.326237, 0.0, 1.401298464324817e-44, 90.0, 1.401298464324817e-44, 130185.4453125
0:00:05.412861, 0.0, 1.401298464324817e-44, 90.0, 1.401298464324817e-44, 130185.9921875
0:00:05.527922, 0.0, 1.401298464324817e-44, 90.0, 1.401298464324817e-44, 130186.71875
0:00:05.610297, 0.0, 1.401298464324817e-44, 90.0, 1.401298464324817e-44, 130187.2421875
0:00:05.708728, 0.0, 1.401298464324817e-44, 90.0, 1.401298464324817e-44, 130187.859375
0:00:05.827420, 0.0, 1.401298464324817e-44, 90.0, 1.401298464324817e-44, 130188.6015625
0:00:05.918520, 0.0, 1.401298464324817e-44, 90.0, 1.401298464324817e-44, 130189.171875
0:00:06.029705, 0.0, 1.401298464324817e-44, 90.0, 1.401298464324817e-44, 130189.875
0:00:06.122940, 0.0, 1.401298464324817e-44, 90.0, 1.401298464324817e-44, 130190.4609375
0:00:06.233436, 0.0, 1.401298464324817e-44, 90.0, 1.401298464324817e-44, 130191.1484375
0:00:06.319977, 0.0, 1.401298464324817e-44, 90.0, 1.401298464324817e-44, 130191.6953125
0:00:06.433727, 0.0, 1.401298464324817e-44, 90.0, 1.401298464324817e-44, 130192.4140625
0:00:06.542233, 0.0, 1.401298464324817e-44, 90.0, 1.401298464324817e-44, 130193.09375
0:00:06.638687, 0.0, 1.401298464324817e-44, 90.0, 1.401298464324817e-44, 130193.703125
0:00:06.740113, 0.0, 1.401298464324817e-44, 90.0, 1.401298464324817e-44, 130194.3359375
0:00:06.848267, 0.0, 1.401298464324817e-44, 90.0, 1.401298464324817e-44, 130195.0234375
0:00:06.944910, 0.0, 1.401298464324817e-44, 90.0, 1.401298464324817e-44, 130195.6328125
0:00:07.039745, 0.0, 1.401298464324817e-44, 90.0, 1.401298464324817e-44, 130196.234375
0:00:07.135518, 0.0, 1.401298464324817e-44, 90.0, 1.401298464324817e-44, 130196.8359375
0:00:07.249479, 0.0, 1.401298464324817e-44, 90.0, 1.401298464324817e-44, 130197.5546875
0:00:07.347703, 0.0, 1.401298464324817e-44, 90.0, 1.401298464324817e-44, 130198.171875
0:00:07.452742, 0.0, 1.401298464324817e-44, 90.0, 1.401298464324817e-44, 130198.828125
0:00:07.546300, 0.0, 1.401298464324817e-44, 90.0, 1.401298464324817e-44, 130199.421875
0:00:07.661521, 0.0, 1.401298464324817e-44, 90.0, 1.401298464324817e-44, 130200.1484375
0:00:07.748751, 0.0, 1.401298464324817e-44, 90.0, 1.401298464324817e-44, 130200.703125
0:00:07.850070, 0.0, 1.401298464324817e-44, 90.0, 1.401298464324817e-44, 130201.3359375
0:00:07.945296, 0.0, 1.401298464324817e-44, 90.0, 1.401298464324817e-44, 130201.9453125
0:00:08.060233, 0.0, 1.401298464324817e-44, 90.0, 1.401298464324817e-44, 130202.6640625
0:00:08.152831, 0.0, 1.401298464324817e-44, 90.0, 1.401298464324817e-44, 130203.234375
0:00:08.268007, 0.0, 1.401298464324817e-44, 90.0, 1.401298464324817e-44, 130203.953125
0:00:08.371092, 0.0, 1.401298464324817e-44, 90.0, 1.401298464324817e-44, 130204.6015625
0:00:08.469301, 0.0, 1.401298464324817e-44, 90.0, 1.401298464324817e-44, 130205.21875
0:00:08.552347, 0.0, 1.401298464324817e-44, 90.0, 1.401298464324817e-44, 130205.7421875
0:00:08.650434, 0.0, 1.401298464324817e-44, 90.0, 1.401298464324817e-44, 130206.3671875
0:00:08.764449, 0.0, 1.401298464324817e-44, 90.0, 1.401298464324817e-44, 130207.09375
0:00:08.861127, 0.0, 1.401298464324817e-44, 90.0, 1.401298464324817e-44, 130207.7109375
0:00:08.960674, 0.0, 1.401298464324817e-44, 90.0, 1.401298464324817e-44, 130208.3359375
0:00:09.067543, 0.0, 1.401298464324817e-44, 90.0, 1.401298464324817e-44, 130209.015625
0:00:09.181668, 0.0, 1.401298464324817e-44, 90.0, 1.401298464324817e-44, 130209.7265625
0:00:09.274835, 0.0, 1.401298464324817e-44, 90.0, 1.401298464324817e-44, 130210.3125
0:00:09.360076, 0.0, 1.401298464324817e-44, 90.0, 1.401298464324817e-44, 130210.8515625
0:00:09.481623, 0.0, 1.401298464324817e-44, 90.0, 1.401298464324817e-44, 130211.6171875
0:00:09.580286, 0.0, 1.401298464324817e-44, 90.0, 1.401298464324817e-44, 130212.2421875
0:00:09.672231, 0.0, 1.401298464324817e-44, 90.0, 1.401298464324817e-44, 130212.8203125
0:00:09.782306, 0.0, 1.401298464324817e-44, 90.0, 1.401298464324817e-44, 130213.515625
0:00:09.877424, 0.0, 1.401298464324817e-44, 90.0, 1.401298464324817e-44, 130214.125
0:00:09.983756, 0.0, 1.401298464324817e-44, 90.0, 1.401298464324817e-44, 130214.7890625
0:00:10.092133, 0.0, 1.401298464324817e-44, 90.0, 1.401298464324817e-44, 130215.4765625
0:00:10.180566, 0.0, 1.401298464324817e-44, 90.0, 1.401298464324817e-44, 130216.03125
0:00:10.300670, 0.0, 1.401298464324817e-44, 90.0, 1.401298464324817e-44, 130216.78125
0:00:10.378490, 0.0, 1.401298464324817e-44, 90.0, 1.401298464324817e-44, 130217.2734375
0:00:10.491464, 0.0, 1.401298464324817e-44, 90.0, 1.401298464324817e-44, 130217.984375
0:00:10.608188, 0.0, 1.401298464324817e-44, 90.0, 1.401298464324817e-44, 130218.7109375
0:00:10.694790, 0.0, 1.401298464324817e-44, 90.0, 1.401298464324817e-44, 130219.2578125
0:00:10.806367, 0.0, 1.401298464324817e-44, 90.0, 1.401298464324817e-44, 130219.9609375
0:00:10.894016, 0.0, 1.401298464324817e-44, 90.0, 1.401298464324817e-44, 130220.515625
0:00:10.992619, 0.0, 1.401298464324817e-44, 90.0, 1.401298464324817e-44, 130221.1484375
0:00:11.113417, 0.0, 1.401298464324817e-44, 90.0, 1.401298464324817e-44, 130221.90625
0:00:11.193931, 0.0, 1.401298464324817e-44, 90.0, 1.401298464324817e-44, 130222.4140625
0:00:11.309294, 0.0, 1.401298464324817e-44, 90.0, 1.401298464324817e-44, 130223.140625
0:00:11.405469, 0.0, 1.401298464324817e-44, 90.0, 1.401298464324817e-44, 130223.75
0:00:11.501733, 0.0, 1.401298464324817e-44, 90.0, 1.401298464324817e-44, 130224.3515625
0:00:11.604555, 0.0, 1.401298464324817e-44, 90.0, 1.401298464324817e-44, 130225.0
0:00:11.720464, 0.0, 1.401298464324817e-44, 90.0, 1.401298464324817e-44, 130225.7265625
0:00:11.808034, 0.0, 1.401298464324817e-44, 90.0, 1.401298464324817e-44, 130226.28125
0:00:11.919185, 0.0, 1.401298464324817e-44, 90.0, 1.401298464324817e-44, 130226.984375
0:00:12.023238, 0.0, 1.401298464324817e-44, 90.0, 1.401298464324817e-44, 130227.640625
0:00:12.122415, 0.0, 1.401298464324817e-44, 90.0, 1.401298464324817e-44, 130228.265625
0:00:12.221675, 0.0, 1.401298464324817e-44, 90.0, 1.401298464324817e-44, 130228.8828125
0:00:12.315445, 0.0, 1.401298464324817e-44, 90.0, 1.401298464324817e-44, 130229.4765625
0:00:12.422382, 0.0, 1.401298464324817e-44, 90.0, 1.401298464324817e-44, 130230.1484375
0:00:12.521759, 0.0, 1.401298464324817e-44, 90.0, 1.401298464324817e-44, 130230.765625
0:00:12.642204, 0.0, 1.401298464324817e-44, 90.0, 1.401298464324817e-44, 130231.5234375
0:00:12.741379, 0.0, 1.401298464324817e-44, 90.0, 1.401298464324817e-44, 130232.1484375
0:00:12.833522, 0.0, 1.401298464324817e-44, 90.0, 1.401298464324817e-44, 130232.7265625
0:00:12.947637, 0.0, 1.401298464324817e-44, 90.0, 1.401298464324817e-44, 130233.4453125
0:00:13.031806, 0.0, 1.401298464324817e-44, 90.0, 1.401298464324817e-44, 130233.9765625
0:00:13.146388, 0.0, 1.401298464324817e-44, 90.0, 1.401298464324817e-44, 130234.6953125
0:00:13.245179, 0.0, 1.401298464324817e-44, 90.0, 1.401298464324817e-44, 130235.3203125
0:00:13.331535, 0.0, 1.401298464324817e-44, 90.0, 1.401298464324817e-44, 130235.8671875
0:00:13.438843, 0.0, 1.401298464324817e-44, 90.0, 1.401298464324817e-44, 130236.546875
0:00:13.552820, 0.0, 1.401298464324817e-44, 90.0, 1.401298464324817e-44, 130237.265625
0:00:13.651952, 0.0, 1.401298464324817e-44, 90.0, 1.401298464324817e-44, 130237.8828125
0:00:13.738113, 0.0, 1.401298464324817e-44, 90.0, 1.401298464324817e-44, 130238.4296875
0:00:13.850605, 0.0, 1.401298464324817e-44, 90.0, 1.401298464324817e-44, 130239.1328125
0:00:13.938617, 0.0, 1.401298464324817e-44, 90.0, 1.401298464324817e-44, 130239.6953125
0:00:14.054632, 0.0, 1.401298464324817e-44, 90.0, 1.401298464324817e-44, 130240.4296875
0:00:14.152186, 0.0, 1.401298464324817e-44, 90.0, 1.401298464324817e-44, 130241.0390625
0:00:14.243967, 0.0, 1.401298464324817e-44, 90.0, 1.401298464324817e-44, 130241.6171875
0:00:14.357890, 0.0, 1.401298464324817e-44, 90.0, 1.401298464324817e-44, 130242.3359375
0:00:14.444489, 0.0, 1.401298464324817e-44, 90.0, 1.401298464324817e-44, 130242.8828125
0:00:14.541056, 0.0, 1.401298464324817e-44, 90.0, 1.401298464324817e-44, 130243.4921875
0:00:14.662929, 0.0, 1.401298464324817e-44, 90.0, 1.401298464324817e-44, 130244.2578125
0:00:14.762347, 0.0, 1.401298464324817e-44, 90.0, 1.401298464324817e-44, 130244.8828125
0:00:14.857226, 0.0, 1.401298464324817e-44, 90.0, 1.401298464324817e-44, 130245.4765625
0:00:14.972753, 0.0, 1.401298464324817e-44, 90.0, 1.401298464324817e-44, 130246.2109375
0:00:15.073505, 0.0, 1.401298464324817e-44, 90.0, 1.401298464324817e-44, 130246.84375
0:00:15.173268, 0.0, 1.401298464324817e-44, 90.0, 1.401298464324817e-44, 130247.46875
0:00:15.254828, 0.0, 1.401298464324817e-44, 90.0, 1.401298464324817e-44, 130247.984375
0:00:15.368800, 0.0, 1.401298464324817e-44, 90.0, 1.401298464324817e-44, 130248.703125
0:00:15.457468, 0.0, 1.401298464324817e-44, 90.0, 1.401298464324817e-44, 130249.265625
0:00:15.568232, 0.0, 1.401298464324817e-44, 90.0, 1.401298464324817e-44, 130249.9609375
0:00:15.655801, 0.0, 1.401298464324817e-44, 90.0, 1.401298464324817e-44, 130250.5078125
0:00:15.767723, 0.0, 1.401298464324817e-44, 90.0, 1.401298464324817e-44, 130251.2109375
0:00:15.882729, 0.0, 1.401298464324817e-44, 90.0, 1.401298464324817e-44, 130251.9375
0:00:15.981147, 0.0, 1.401298464324817e-44, 90.0, 1.401298464324817e-44, 130252.546875
0:00:16.064839, 0.0, 1.401298464324817e-44, 90.0, 1.401298464324817e-44, 130253.078125
0:00:16.163235, 0.0, 1.401298464324817e-44, 90.0, 1.401298464324817e-44, 130253.6953125
0:00:16.282716, 0.0, 1.401298464324817e-44, 90.0, 1.401298464324817e-44, 130254.4453125
0:00:16.383149, 0.0, 1.401298464324817e-44, 90.0, 1.401298464324817e-44, 130255.078125
0:00:16.483640, 0.0, 1.401298464324817e-44, 90.0, 1.401298464324817e-44, 130255.71875
0:00:16.582994, 0.0, 1.401298464324817e-44, 90.0, 1.401298464324817e-44, 130256.34375
0:00:16.689212, 0.0, 1.401298464324817e-44, 90.0, 1.401298464324817e-44, 130257.015625
0:00:16.774850, 0.0, 1.401298464324817e-44, 90.0, 1.401298464324817e-44, 130257.5625
0:00:16.890828, 0.0, 1.401298464324817e-44, 90.0, 1.401298464324817e-44, 130258.2890625
0:00:16.975423, 0.0, 1.401298464324817e-44, 90.0, 1.401298464324817e-44, 130258.8203125
0:00:17.073094, 0.0, 1.401298464324817e-44, 90.0, 1.401298464324817e-44, 130259.4375
0:00:17.193282, 0.0, 1.401298464324817e-44, 90.0, 1.401298464324817e-44, 130260.1953125
0:00:17.293089, 0.0, 1.401298464324817e-44, 90.0, 1.401298464324817e-44, 130260.828125
0:00:17.383551, 0.0, 1.401298464324817e-44, 90.0, 1.401298464324817e-44, 130261.3984375
0:00:17.500034, 0.0, 1.401298464324817e-44, 90.0, 1.401298464324817e-44, 130262.125
0:00:17.583377, 0.0, 1.401298464324817e-44, 90.0, 1.401298464324817e-44, 130262.65625
0:00:17.705789, 0.0, 1.401298464324817e-44, 90.0, 1.401298464324817e-44, 130263.4296875
0:00:17.804721, 0.0, 1.401298464324817e-44, 90.0, 1.401298464324817e-44, 130264.046875
0:00:17.894255, 0.0, 1.401298464324817e-44, 90.0, 1.401298464324817e-44, 130264.609375
0:00:18.007254, 0.0, 1.401298464324817e-44, 90.0, 1.401298464324817e-44, 130265.3203125
0:00:18.092171, 0.0, 1.401298464324817e-44, 90.0, 1.401298464324817e-44, 130265.8515625
0:00:18.205119, 0.0, 1.401298464324817e-44, 90.0, 1.401298464324817e-44, 130266.5625
0:00:18.315581, 0.0, 1.401298464324817e-44, 90.0, 1.401298464324817e-44, 130267.25
0:00:18.413166, 0.0, 1.401298464324817e-44, 90.0, 1.401298464324817e-44, 130267.875
0:00:18.511565, 0.0, 1.401298464324817e-44, 90.0, 1.401298464324817e-44, 130268.5
0:00:18.619158, 0.0, 1.401298464324817e-44, 90.0, 1.401298464324817e-44, 130269.171875
0:00:18.713888, 0.0, 1.401298464324817e-44, 90.0, 1.401298464324817e-44, 130269.765625
0:00:18.814711, 0.0, 1.401298464324817e-44, 90.0, 1.401298464324817e-44, 130270.3984375
0:00:18.907586, 0.0, 1.401298464324817e-44, 90.0, 1.401298464324817e-44, 130270.984375
0:00:19.016738, 0.0, 1.401298464324817e-44, 90.0, 1.401298464324817e-44, 130271.6796875
0:00:19.104385, 0.0, 1.401298464324817e-44, 90.0, 1.401298464324817e-44, 130272.2265625
0:00:19.204566, 0.0, 1.401298464324817e-44, 90.0, 1.401298464324817e-44, 130272.8515625
0:00:19.304245, 0.0, 1.401298464324817e-44, 90.0, 1.401298464324817e-44, 130273.4765625
0:00:19.415709, 0.0, 1.401298464324817e-44, 90.0, 1.401298464324817e-44, 130274.1796875
0:00:19.525141, 0.0, 1.401298464324817e-44, 90.0, 1.401298464324817e-44, 130274.859375
0:00:19.624964, 0.0, 1.401298464324817e-44, 90.0, 1.401298464324817e-44, 130275.5
0:00:19.716011, 0.0, 1.401298464324817e-44, 90.0, 1.401298464324817e-44, 130276.078125
0:00:19.831930, 0.0, 1.401298464324817e-44, 90.0, 1.401298464324817e-44, 130276.8046875
0:00:19.917598, 0.0, 1.401298464324817e-44, 90.0, 1.401298464324817e-44, 130277.3359375
0:00:20.027384, 0.0, 1.401298464324817e-44, 90.0, 1.401298464324817e-44, 130278.03125
0:00:20.114836, 0.0, 1.401298464324817e-44, 90.0, 1.401298464324817e-44, 130278.578125
0:00:20.221431, 0.0, 1.401298464324817e-44, 90.0, 1.401298464324817e-44, 130279.2421875
0:00:20.336506, 0.0, 1.401298464324817e-44, 90.0, 1.401298464324817e-44, 130279.9609375
0:00:20.435817, 0.0, 1.401298464324817e-44, 90.0, 1.401298464324817e-44, 130280.5859375
0:00:20.528623, 0.0, 1.401298464324817e-44, 90.0, 1.401298464324817e-44, 130281.1640625
0:00:20.624212, 0.0, 1.401298464324817e-44, 90.0, 1.401298464324817e-44, 130281.765625
0:00:20.735297, 0.0, 1.401298464324817e-44, 90.0, 1.401298464324817e-44, 130282.46875
0:00:20.841512, 0.0, 1.401298464324817e-44, 90.0, 1.401298464324817e-44, 130283.1328125
0:00:20.927121, 0.0, 1.401298464324817e-44, 90.0, 1.401298464324817e-44, 130283.6796875
0:00:21.042288, 0.0, 1.401298464324817e-44, 90.0, 1.401298464324817e-44, 130284.40625
0:00:21.127583, 0.0, 1.401298464324817e-44, 90.0, 1.401298464324817e-44, 130284.9453125
0:00:21.240445, 0.0, 1.401298464324817e-44, 90.0, 1.401298464324817e-44, 130285.65625
0:00:21.356599, 0.0, 1.401298464324817e-44, 90.0, 1.401298464324817e-44, 130286.3828125
0:00:21.455193, 0.0, 1.401298464324817e-44, 90.0, 1.401298464324817e-44, 130287.0
0:00:21.555089, 0.0, 1.401298464324817e-44, 90.0, 1.401298464324817e-44, 130287.6328125
0:00:21.655307, 0.0, 1.401298464324817e-44, 90.0, 1.401298464324817e-44, 130288.2734375
0:00:21.740700, 0.0, 1.401298464324817e-44, 90.0, 1.401298464324817e-44, 130288.8125
0:00:21.855997, 0.0, 1.401298464324817e-44, 90.0, 1.401298464324817e-44, 130289.5390625
0:00:21.944268, 0.0, 1.401298464324817e-44, 90.0, 1.401298464324817e-44, 130290.1015625
0:00:22.052618, 0.0, 1.401298464324817e-44, 90.0, 1.401298464324817e-44, 130290.78125
0:00:22.165856, 0.0, 1.401298464324817e-44, 90.0, 1.401298464324817e-44, 130291.4921875
0:00:22.265760, 0.0, 1.401298464324817e-44, 90.0, 1.401298464324817e-44, 130292.109375
0:00:22.350925, 0.0, 1.401298464324817e-44, 90.0, 1.401298464324817e-44, 130292.6484375
0:00:22.465872, 0.0, 1.401298464324817e-44, 90.0, 1.401298464324817e-44, 130293.375
0:00:22.563055, 0.0, 1.401298464324817e-44, 90.0, 1.401298464324817e-44, 130293.984375
0:00:22.647291, 0.0, 1.401298464324817e-44, 90.0, 1.401298464324817e-44, 130294.5234375
0:00:22.770685, 0.0, 1.401298464324817e-44, 90.0, 1.401298464324817e-44, 130295.296875
0:00:22.862953, 0.0, 1.401298464324817e-44, 90.0, 1.401298464324817e-44, 130295.8828125
0:00:22.969653, 0.0, 1.401298464324817e-44, 90.0, 1.401298464324817e-44, 130296.5546875
0:00:23.065917, 0.0, 1.401298464324817e-44, 90.0, 1.401298464324817e-44, 130297.1640625
0:00:23.165562, 0.0, 1.401298464324817e-44, 90.0, 1.401298464324817e-44, 130297.7890625
0:00:23.275286, 0.0, 1.401298464324817e-44, 90.0, 1.401298464324817e-44, 130298.484375
0:00:23.372070, 0.0, 1.401298464324817e-44, 90.0, 1.401298464324817e-44, 130299.0859375
0:00:23.485754, 0.0, 1.401298464324817e-44, 90.0, 1.401298464324817e-44, 130299.8046875
0:00:23.583453, 0.0, 1.401298464324817e-44, 90.0, 1.401298464324817e-44, 130300.421875
0:00:23.669004, 0.0, 1.401298464324817e-44, 90.0, 1.401298464324817e-44, 130300.96875
0:00:23.764123, 0.0, 1.401298464324817e-44, 90.0, 1.401298464324817e-44, 130301.5625
0:00:23.875145, 0.0, 1.401298464324817e-44, 90.0, 1.401298464324817e-44, 130302.2734375
0:00:23.989567, 0.0, 1.401298464324817e-44, 90.0, 1.401298464324817e-44, 130302.9921875
0:00:24.065277, 0.0, 1.401298464324817e-44, 90.0, 1.401298464324817e-44, 130303.46875
0:00:24.186791, 0.0, 1.401298464324817e-44, 90.0, 1.401298464324817e-44, 130304.2421875
0:00:24.284861, 0.0, 1.401298464324817e-44, 90.0, 1.401298464324817e-44, 130304.859375
0:00:24.373408, 0.0, 1.401298464324817e-44, 90.0, 1.401298464324817e-44, 130305.421875
0:00:24.487594, 0.0, 1.401298464324817e-44, 90.0, 1.401298464324817e-44, 130306.1484375
0:00:24.580668, 0.0, 1.401298464324817e-44, 90.0, 1.401298464324817e-44, 130306.734375
0:00:24.692853, 0.0, 1.401298464324817e-44, 90.0, 1.401298464324817e-44, 130307.4375
0:00:24.778974, 0.0, 1.401298464324817e-44, 90.0, 1.401298464324817e-44, 130307.984375
0:00:24.897233, 0.0, 1.401298464324817e-44, 90.0, 1.401298464324817e-44, 130308.7265625
0:00:24.986417, 0.0, 1.401298464324817e-44, 90.0, 1.401298464324817e-44, 130309.2890625
0:00:25.081544, 0.0, 1.401298464324817e-44, 90.0, 1.401298464324817e-44, 130309.890625
0:00:25.188652, 0.0, 1.401298464324817e-44, 90.0, 1.401298464324817e-44, 130310.5703125
0:00:25.304670, 0.0, 1.401298464324817e-44, 90.0, 1.401298464324817e-44, 130311.296875
0:00:25.391068, 0.0, 1.401298464324817e-44, 90.0, 1.401298464324817e-44, 130311.8359375
0:00:25.508578, 0.0, 1.401298464324817e-44, 90.0, 1.401298464324817e-44, 130312.5703125
0:00:25.613460, 0.0, 1.401298464324817e-44, 90.0, 1.401298464324817e-44, 130313.234375
0:00:25.694401, 0.0, 1.401298464324817e-44, 90.0, 1.401298464324817e-44, 130313.75
0:00:25.811531, 0.0, 1.401298464324817e-44, 90.0, 1.401298464324817e-44, 130314.484375
0:00:25.907904, 0.0, 1.401298464324817e-44, 90.0, 1.401298464324817e-44, 130315.09375
0:00:26.006474, 0.0, 1.401298464324817e-44, 90.0, 1.401298464324817e-44, 130315.7109375
0:00:26.098167, 0.0, 1.401298464324817e-44, 90.0, 1.401298464324817e-44, 130316.2890625
0:00:26.214572, 0.0, 1.401298464324817e-44, 90.0, 1.401298464324817e-44, 130317.0234375
0:00:26.301460, 0.0, 1.401298464324817e-44, 90.0, 1.401298464324817e-44, 130317.5703125
0:00:26.414200, 0.0, 1.401298464324817e-44, 90.0, 1.401298464324817e-44, 130318.28125
0:00:26.531673, 0.0, 1.401298464324817e-44, 90.0, 1.401298464324817e-44, 130319.0234375
0:00:26.613444, 0.0, 1.401298464324817e-44, 90.0, 1.401298464324817e-44, 130319.5390625
0:00:26.725962, 0.0, 1.401298464324817e-44, 90.0, 1.401298464324817e-44, 130320.2578125
0:00:26.821818, 0.0, 1.401298464324817e-44, 90.0, 1.401298464324817e-44, 130320.8671875
0:00:26.917932, 0.0, 1.401298464324817e-44, 90.0, 1.401298464324817e-44, 130321.46875
0:00:27.008103, 0.0, 1.401298464324817e-44, 90.0, 1.401298464324817e-44, 130322.03125
0:00:27.123753, 0.0, 1.401298464324817e-44, 90.0, 1.401298464324817e-44, 130322.7578125
0:00:27.237344, 0.0, 1.401298464324817e-44, 90.0, 1.401298464324817e-44, 130323.484375
0:00:27.331100, 0.0, 1.401298464324817e-44, 90.0, 1.401298464324817e-44, 130324.078125
0:00:27.427516, 0.0, 1.401298464324817e-44, 90.0, 1.401298464324817e-44, 130324.6875
0:00:27.527814, 0.0, 1.401298464324817e-44, 90.0, 1.401298464324817e-44, 130325.3203125
0:00:27.627618, 0.0, 1.401298464324817e-44, 90.0, 1.401298464324817e-44, 130325.9453125
0:00:27.742357, 0.0, 1.401298464324817e-44, 90.0, 1.401298464324817e-44, 130326.671875
0:00:27.823401, 0.0, 1.401298464324817e-44, 90.0, 1.401298464324817e-44, 130327.1796875
0:00:27.936603, 0.0, 1.401298464324817e-44, 90.0, 1.401298464324817e-44, 130327.8984375
0:00:28.029247, 0.0, 1.401298464324817e-44, 90.0, 1.401298464324817e-44, 130328.484375
0:00:28.127986, 0.0, 1.401298464324817e-44, 90.0, 1.401298464324817e-44, 130329.1015625
0:00:28.244960, 0.0, 1.401298464324817e-44, 90.0, 1.401298464324817e-44, 130329.8359375
0:00:28.334764, 0.0, 1.401298464324817e-44, 90.0, 1.401298464324817e-44, 130330.40625
0:00:28.448558, 0.0, 1.401298464324817e-44, 90.0, 1.401298464324817e-44, 130331.125
0:00:28.546823, 0.0, 1.401298464324817e-44, 90.0, 1.401298464324817e-44, 130331.734375
0:00:28.634372, 0.0, 1.401298464324817e-44, 90.0, 1.401298464324817e-44, 130332.2890625
0:00:28.747445, 0.0, 1.401298464324817e-44, 90.0, 1.401298464324817e-44, 130333.0
0:00:28.851680, 0.0, 1.401298464324817e-44, 90.0, 1.401298464324817e-44, 130333.65625
0:00:28.937180, 0.0, 1.401298464324817e-44, 90.0, 1.401298464324817e-44, 130334.203125
0:00:29.054236, 0.0, 1.401298464324817e-44, 90.0, 1.401298464324817e-44, 130334.9453125
0:00:29.141407, 0.0, 1.401298464324817e-44, 90.0, 1.401298464324817e-44, 130335.4921875
0:00:29.259101, 0.0, 1.401298464324817e-44, 90.0, 1.401298464324817e-44, 130336.234375
0:00:29.351664, 0.0, 1.401298464324817e-44, 90.0, 1.401298464324817e-44, 130336.8125
0:00:29.467649, 0.0, 1.401298464324817e-44, 90.0, 1.401298464324817e-44, 130337.5390625
0:00:29.548500, 0.0, 1.401298464324817e-44, 90.0, 1.401298464324817e-44, 130338.0546875
0:00:29.655509, 0.0, 1.401298464324817e-44, 90.0, 1.401298464324817e-44, 130338.7265625
0:00:29.769392, 0.0, 1.401298464324817e-44, 90.0, 1.401298464324817e-44, 130339.4453125
0:00:29.868130, 0.0, 1.401298464324817e-44, 90.0, 1.401298464324817e-44, 130340.0625
0:00:29.961987, 0.0, 1.401298464324817e-44, 90.0, 1.401298464324817e-44, 130340.65625
0:00:30.050525, 0.0, 1.401298464324817e-44, 90.0, 1.401298464324817e-44, 130341.203125
0:00:30.177425, 0.0, 1.401298464324817e-44, 90.0, 1.401298464324817e-44, 130342.0
0:00:30.275782, 0.0, 1.401298464324817e-44, 90.0, 1.401298464324817e-44, 130342.609375
0:00:30.354394, 0.0, 1.401298464324817e-44, 90.0, 1.401298464324817e-44, 130343.109375
0:00:30.468301, 0.0, 1.401298464324817e-44, 90.0, 1.401298464324817e-44, 130343.8203125
0:00:30.560993, 0.0, 1.401298464324817e-44, 90.0, 1.401298464324817e-44, 130344.40625
0:00:30.672682, 0.0, 1.401298464324817e-44, 90.0, 1.401298464324817e-44, 130345.1171875
0:00:30.784461, 0.0, 1.401298464324817e-44, 90.0, 1.401298464324817e-44, 130345.828125
0:00:30.870687, 0.0, 1.401298464324817e-44, 90.0, 1.401298464324817e-44, 130346.3671875
0:00:30.980222, 0.0, 1.401298464324817e-44, 90.0, 1.401298464324817e-44, 130347.0625
0:00:31.075598, 0.0, 1.401298464324817e-44, 90.0, 1.401298464324817e-44, 130347.6640625
0:00:31.187478, 0.0, 1.401298464324817e-44, 90.0, 1.401298464324817e-44, 130348.375
0:00:31.279470, 0.0, 1.401298464324817e-44, 90.0, 1.401298464324817e-44, 130348.953125
0:00:31.394569, 0.0, 1.401298464324817e-44, 90.0, 1.401298464324817e-44, 130349.6796875
0:00:31.479347, 0.0, 1.401298464324817e-44, 90.0, 1.401298464324817e-44, 130350.21875
0:00:31.579498, 0.0, 1.401298464324817e-44, 90.0, 1.401298464324817e-44, 130350.8515625
0:00:31.694374, 0.0, 1.401298464324817e-44, 90.0, 1.401298464324817e-44, 130351.5703125
0:00:31.781985, 0.0, 1.401298464324817e-44, 90.0, 1.401298464324817e-44, 130352.1171875
0:00:31.899139, 0.0, 1.401298464324817e-44, 90.0, 1.401298464324817e-44, 130352.8515625
0:00:31.984507, 0.0, 1.401298464324817e-44, 90.0, 1.401298464324817e-44, 130353.3984375
0:00:32.099405, 0.0, 1.401298464324817e-44, 90.0, 1.401298464324817e-44, 130354.125
0:00:32.198519, 0.0, 1.401298464324817e-44, 90.0, 1.401298464324817e-44, 130354.75
0:00:32.283779, 0.0, 1.401298464324817e-44, 90.0, 1.401298464324817e-44, 130355.2890625
0:00:32.407627, 0.0, 1.401298464324817e-44, 90.0, 1.401298464324817e-44, 130356.0546875
0:00:32.489234, 0.0, 1.401298464324817e-44, 90.0, 1.401298464324817e-44, 130356.578125
0:00:32.606343, 0.0, 1.401298464324817e-44, 90.0, 1.401298464324817e-44, 130357.3046875
0:00:32.695141, 0.0, 1.401298464324817e-44, 90.0, 1.401298464324817e-44, 130357.875
0:00:32.808917, 0.0, 1.401298464324817e-44, 90.0, 1.401298464324817e-44, 130358.59375
0:00:32.896513, 0.0, 1.401298464324817e-44, 90.0, 1.401298464324817e-44, 130359.1484375
0:00:33.010536, 0.0, 1.401298464324817e-44, 90.0, 1.401298464324817e-44, 130359.875
0:00:33.108588, 0.0, 1.401298464324817e-44, 90.0, 1.401298464324817e-44, 130360.4921875
0:00:33.202630, 0.0, 1.401298464324817e-44, 90.0, 1.401298464324817e-44, 130361.0859375
0:00:33.311763, 0.0, 1.401298464324817e-44, 90.0, 1.401298464324817e-44, 130361.7734375
0:00:33.425166, 0.0, 1.401298464324817e-44, 90.0, 1.401298464324817e-44, 130362.4921875
0:00:33.521896, 0.0, 1.401298464324817e-44, 90.0, 1.401298464324817e-44, 130363.1015625
0:00:33.620638, 0.0, 1.401298464324817e-44, 90.0, 1.401298464324817e-44, 130363.7265625
0:00:33.710784, 0.0, 1.401298464324817e-44, 90.0, 1.401298464324817e-44, 130364.296875
0:00:33.819208, 0.0, 1.401298464324817e-44, 90.0, 1.401298464324817e-44, 130364.984375
0:00:33.917174, 0.0, 1.401298464324817e-44, 90.0, 1.401298464324817e-44, 130365.6015625
0:00:34.024096, 0.0, 1.401298464324817e-44, 90.0, 1.401298464324817e-44, 130366.28125
0:00:34.119834, 0.0, 1.401298464324817e-44, 90.0, 1.401298464324817e-44, 130366.8828125
0:00:34.219443, 0.0, 1.401298464324817e-44, 90.0, 1.401298464324817e-44, 130367.515625
0:00:34.326521, 0.0, 1.401298464324817e-44, 90.0, 1.401298464324817e-44, 130368.1875
0:00:34.439904, 0.0, 1.401298464324817e-44, 90.0, 1.401298464324817e-44, 130368.8984375
0:00:34.520956, 0.0, 1.401298464324817e-44, 90.0, 1.401298464324817e-44, 130369.40625
0:00:34.634659, 0.0, 1.401298464324817e-44, 90.0, 1.401298464324817e-44, 130370.140625
0:00:34.730260, 0.0, 1.401298464324817e-44, 90.0, 1.401298464324817e-44, 130370.734375
0:00:34.824394, 0.0, 1.401298464324817e-44, 90.0, 1.401298464324817e-44, 130371.328125
0:00:34.941299, 0.0, 1.401298464324817e-44, 90.0, 1.401298464324817e-44, 130372.0625
0:00:35.031726, 0.0, 1.401298464324817e-44, 90.0, 1.401298464324817e-44, 130372.625
0:00:35.144737, 0.0, 1.401298464324817e-44, 90.0, 1.401298464324817e-44, 130373.34375
0:00:35.240955, 0.0, 1.401298464324817e-44, 90.0, 1.401298464324817e-44, 130373.953125
0:00:35.335297, 0.0, 1.401298464324817e-44, 90.0, 1.401298464324817e-44, 130374.546875
0:00:35.448631, 0.0, 1.401298464324817e-44, 90.0, 1.401298464324817e-44, 130375.265625
0:00:35.660499, 0.0, 1.401298464324817e-44, 90.0, 1.401298464324817e-44, 130376.6171875
0:00:35.743476, 0.0, 1.401298464324817e-44, 90.0, 1.401298464324817e-44, 130377.1328125
0:00:35.859418, 0.0, 1.401298464324817e-44, 90.0, 1.401298464324817e-44, 130377.859375
0:00:35.960695, 0.0, 1.401298464324817e-44, 90.0, 1.401298464324817e-44, 130378.5
0:00:36.051668, 0.0, 1.401298464324817e-44, 90.0, 1.401298464324817e-44, 130379.0625
0:00:36.148076, 0.0, 1.401298464324817e-44, 90.0, 1.401298464324817e-44, 130379.6796875
0:00:36.261488, 0.0, 1.401298464324817e-44, 90.0, 1.401298464324817e-44, 130380.3984375
0:00:36.347131, 0.0, 1.401298464324817e-44, 90.0, 1.401298464324817e-44, 130380.9375
0:00:36.457242, 0.0, 1.401298464324817e-44, 90.0, 1.401298464324817e-44, 130381.640625
0:00:36.572247, 0.0, 1.401298464324817e-44, 90.0, 1.401298464324817e-44, 130382.3671875
0:00:36.670483, 0.0, 1.401298464324817e-44, 90.0, 1.401298464324817e-44, 130382.984375
0:00:36.769093, 0.0, 1.401298464324817e-44, 90.0, 1.401298464324817e-44, 130383.609375
0:00:36.855925, 0.0, 1.401298464324817e-44, 90.0, 1.401298464324817e-44, 130384.15625
0:00:36.964553, 0.0, 1.401298464324817e-44, 90.0, 1.401298464324817e-44, 130384.828125
0:00:37.077381, 0.0, 1.401298464324817e-44, 90.0, 1.401298464324817e-44, 130385.546875
0:00:37.164163, 0.0, 1.401298464324817e-44, 90.0, 1.401298464324817e-44, 130386.09375
0:00:37.261400, 0.0, 1.401298464324817e-44, 90.0, 1.401298464324817e-44, 130386.7109375
0:00:37.390800, 0.0, 1.401298464324817e-44, 90.0, 1.401298464324817e-44, 130387.5390625
0:00:37.475225, 0.0, 1.401298464324817e-44, 90.0, 1.401298464324817e-44, 130388.0703125
0:00:37.586856, 0.0, 1.401298464324817e-44, 90.0, 1.401298464324817e-44, 130388.7734375
0:00:37.673543, 0.0, 1.401298464324817e-44, 90.0, 1.401298464324817e-44, 130389.3203125
0:00:37.768639, 0.0, 1.401298464324817e-44, 90.0, 1.401298464324817e-44, 130389.9296875
0:00:37.885491, 0.0, 1.401298464324817e-44, 90.0, 1.401298464324817e-44, 130390.671875
0:00:37.972273, 0.0, 1.401298464324817e-44, 90.0, 1.401298464324817e-44, 130391.2109375
0:00:38.082881, 0.0, 1.401298464324817e-44, 90.0, 1.401298464324817e-44, 130391.90625
0:00:38.198913, 0.0, 1.401298464324817e-44, 90.0, 1.401298464324817e-44, 130392.6328125
0:00:38.285384, 0.0, 1.401298464324817e-44, 90.0, 1.401298464324817e-44, 130393.1796875
0:00:38.395358, 0.0, 1.401298464324817e-44, 90.0, 1.401298464324817e-44, 130393.875
0:00:38.500825, 0.0, 1.401298464324817e-44, 90.0, 1.401298464324817e-44, 130394.5390625
0:00:38.590538, 0.0, 1.401298464324817e-44, 90.0, 1.401298464324817e-44, 130395.1015625
0:00:38.707580, 0.0, 1.401298464324817e-44, 90.0, 1.401298464324817e-44, 130395.84375
0:00:38.790994, 0.0, 1.401298464324817e-44, 90.0, 1.401298464324817e-44, 130396.375
0:00:38.885553, 0.0, 1.401298464324817e-44, 90.0, 1.401298464324817e-44, 130396.96875
0:00:39.003672, 0.0, 1.401298464324817e-44, 90.0, 1.401298464324817e-44, 130397.7109375
0:00:39.101211, 0.0, 1.401298464324817e-44, 90.0, 1.401298464324817e-44, 130398.328125
0:00:39.200988, 0.0, 1.401298464324817e-44, 90.0, 1.401298464324817e-44, 130398.953125
0:00:39.292749, 0.0, 1.401298464324817e-44, 90.0, 1.401298464324817e-44, 130399.53125
0:00:39.411029, 0.0, 1.401298464324817e-44, 90.0, 1.401298464324817e-44, 130400.265625
0:00:39.494196, 0.0, 1.401298464324817e-44, 90.0, 1.401298464324817e-44, 130400.8046875
0:00:39.617250, 0.0, 1.401298464324817e-44, 90.0, 1.401298464324817e-44, 130401.578125
0:00:39.710305, 0.0, 1.401298464324817e-44, 90.0, 1.401298464324817e-44, 130402.1640625
0:00:39.795011, 0.0, 1.401298464324817e-44, 90.0, 1.401298464324817e-44, 130402.703125
0:00:39.919795, 0.0, 1.401298464324817e-44, 90.0, 1.401298464324817e-44, 130403.484375
0:00:40.007005, 0.0, 1.401298464324817e-44, 90.0, 1.401298464324817e-44, 130404.0390625
0:00:40.111397, 0.0, 1.401298464324817e-44, 90.0, 1.401298464324817e-44, 130404.703125
0:00:40.201040, 0.0, 1.401298464324817e-44, 90.0, 1.401298464324817e-44, 130405.2578125
0:00:40.316774, 0.0, 1.401298464324817e-44, 90.0, 1.401298464324817e-44, 130405.9921875
0:00:40.425017, 0.0, 1.401298464324817e-44, 90.0, 1.401298464324817e-44, 130406.6796875
0:00:40.521721, 0.0, 1.401298464324817e-44, 90.0, 1.401298464324817e-44, 130407.2890625
0:00:40.625222, 0.0, 1.401298464324817e-44, 90.0, 1.401298464324817e-44, 130407.9453125
0:00:40.715673, 0.0, 1.401298464324817e-44, 90.0, 1.401298464324817e-44, 130408.5234375
0:00:40.812505, 0.0, 1.401298464324817e-44, 90.0, 1.401298464324817e-44, 130409.1328125
0:00:40.933936, 0.0, 1.401298464324817e-44, 90.0, 1.401298464324817e-44, 130409.8984375
0:00:41.032567, 0.0, 1.401298464324817e-44, 90.0, 1.401298464324817e-44, 130410.515625
0:00:41.123450, 0.0, 1.401298464324817e-44, 90.0, 1.401298464324817e-44, 130411.0859375
0:00:41.219435, 0.0, 1.401298464324817e-44, 90.0, 1.401298464324817e-44, 130411.6953125
0:00:41.332925, 0.0, 1.401298464324817e-44, 90.0, 1.401298464324817e-44, 130412.4140625
0:00:41.419438, 0.0, 1.401298464324817e-44, 90.0, 1.401298464324817e-44, 130412.9609375
0:00:41.534390, 0.0, 1.401298464324817e-44, 90.0, 1.401298464324817e-44, 130413.6875
0:00:41.632526, 0.0, 1.401298464324817e-44, 90.0, 1.401298464324817e-44, 130414.3046875
0:00:41.724084, 0.0, 1.401298464324817e-44, 90.0, 1.401298464324817e-44, 130414.8828125
0:00:41.839230, 0.0, 1.401298464324817e-44, 90.0, 1.401298464324817e-44, 130415.609375
0:00:41.927797, 0.0, 1.401298464324817e-44, 90.0, 1.401298464324817e-44, 130416.1640625
0:00:42.040617, 0.0, 1.401298464324817e-44, 90.0, 1.401298464324817e-44, 130416.875
0:00:42.146820, 0.0, 1.401298464324817e-44, 90.0, 1.401298464324817e-44, 130417.546875
0:00:42.233515, 0.0, 1.401298464324817e-44, 90.0, 1.401298464324817e-44, 130418.09375
0:00:42.333212, 0.0, 1.401298464324817e-44, 90.0, 1.401298464324817e-44, 130418.7109375
0:00:42.448412, 0.0, 1.401298464324817e-44, 90.0, 1.401298464324817e-44, 130419.4375
0:00:42.534628, 0.0, 1.401298464324817e-44, 90.0, 1.401298464324817e-44, 130419.984375
0:00:42.649485, 0.0, 1.401298464324817e-44, 90.0, 1.401298464324817e-44, 130420.7109375
0:00:42.738393, 0.0, 1.401298464324817e-44, 90.0, 1.401298464324817e-44, 130421.2734375
0:00:42.850887, 0.0, 1.401298464324817e-44, 90.0, 1.401298464324817e-44, 130421.984375
0:00:42.932672, 0.0, 1.401298464324817e-44, 90.0, 1.401298464324817e-44, 130422.5
0:00:43.058569, 0.0, 1.401298464324817e-44, 90.0, 1.401298464324817e-44, 130423.2890625
0:00:43.143088, 0.0, 1.401298464324817e-44, 90.0, 1.401298464324817e-44, 130423.8203125
0:00:43.264236, 0.0, 1.401298464324817e-44, 90.0, 1.401298464324817e-44, 130424.5859375
0:00:43.348755, 0.0, 1.401298464324817e-44, 90.0, 1.401298464324817e-44, 130425.125
0:00:43.456602, 0.0, 1.401298464324817e-44, 90.0, 1.401298464324817e-44, 130425.8046875
0:00:43.566906, 0.0, 1.401298464324817e-44, 90.0, 1.401298464324817e-44, 130426.4921875
0:00:43.652382, 0.0, 1.401298464324817e-44, 90.0, 1.401298464324817e-44, 130427.03125
0:00:43.752270, 0.0, 1.401298464324817e-44, 90.0, 1.401298464324817e-44, 130427.6640625
0:00:43.863698, 0.0, 1.401298464324817e-44, 90.0, 1.401298464324817e-44, 130428.375
0:00:43.951391, 0.0, 1.401298464324817e-44, 90.0, 1.401298464324817e-44, 130428.921875
0:00:44.068640, 0.0, 1.401298464324817e-44, 90.0, 1.401298464324817e-44, 130429.6640625
0:00:44.164805, 0.0, 1.401298464324817e-44, 90.0, 1.401298464324817e-44, 130430.2734375
0:00:44.263580, 0.0, 1.401298464324817e-44, 90.0, 1.401298464324817e-44, 130430.8984375
0:00:44.373578, 0.0, 1.401298464324817e-44, 90.0, 1.401298464324817e-44, 130431.59375
0:00:44.480943, 0.0, 1.401298464324817e-44, 90.0, 1.401298464324817e-44, 130432.265625
0:00:44.566215, 0.0, 1.401298464324817e-44, 90.0, 1.401298464324817e-44, 130432.8046875
0:00:44.675816, 0.0, 1.401298464324817e-44, 90.0, 1.401298464324817e-44, 130433.484375
0:00:44.764296, 0.0, 1.401298464324817e-44, 90.0, 1.401298464324817e-44, 130434.046875
0:00:44.877660, 0.0, 1.401298464324817e-44, 90.0, 1.401298464324817e-44, 130434.765625
0:00:44.984614, 0.0, 1.401298464324817e-44, 90.0, 1.401298464324817e-44, 130435.4375
0:00:45.078297, 0.0, 1.401298464324817e-44, 90.0, 1.401298464324817e-44, 130436.03125
0:00:45.163781, 0.0, 1.401298464324817e-44, 90.0, 1.401298464324817e-44, 130436.578125
0:00:45.264354, 0.0, 1.401298464324817e-44, 90.0, 1.401298464324817e-44, 130437.2109375
0:00:45.380462, 0.0, 1.401298464324817e-44, 90.0, 1.401298464324817e-44, 130437.9453125
0:00:45.495416, 0.0, 1.401298464324817e-44, 90.0, 1.401298464324817e-44, 130438.6640625
0:00:45.565465, 0.0, 1.401298464324817e-44, 90.0, 1.401298464324817e-44, 130439.1015625
0:00:45.693804, 0.0, 1.401298464324817e-44, 90.0, 1.401298464324817e-44, 130439.8984375
0:00:45.778010, 0.0, 1.401298464324817e-44, 90.0, 1.401298464324817e-44, 130440.4375
0:00:45.873358, 0.0, 1.401298464324817e-44, 90.0, 1.401298464324817e-44, 130441.0390625
0:00:46.000503, 0.0, 1.401298464324817e-44, 90.0, 1.401298464324817e-44, 130441.84375
0:00:46.078457, 0.0, 1.401298464324817e-44, 90.0, 1.401298464324817e-44, 130442.3359375
0:00:46.191213, 0.0, 1.401298464324817e-44, 90.0, 1.401298464324817e-44, 130443.046875
0:00:46.296447, 0.0, 1.401298464324817e-44, 90.0, 1.401298464324817e-44, 130443.7109375
0:00:46.392733, 0.0, 1.401298464324817e-44, 90.0, 1.401298464324817e-44, 130444.3203125
0:00:46.488606, 0.0, 1.401298464324817e-44, 90.0, 1.401298464324817e-44, 130444.9296875
0:00:46.584586, 0.0, 1.401298464324817e-44, 90.0, 1.401298464324817e-44, 130445.53125
0:00:46.703530, 0.0, 1.401298464324817e-44, 90.0, 1.401298464324817e-44, 130446.2734375
0:00:46.804395, 0.0, 1.401298464324817e-44, 90.0, 1.401298464324817e-44, 130446.9140625
0:00:46.894014, 0.0, 1.401298464324817e-44, 90.0, 1.401298464324817e-44, 130447.484375
0:00:47.007949, 0.0, 1.401298464324817e-44, 90.0, 1.401298464324817e-44, 130448.203125
0:00:47.093365, 0.0, 1.401298464324817e-44, 90.0, 1.401298464324817e-44, 130448.7421875
0:00:47.219625, 0.0, 1.401298464324817e-44, 90.0, 1.401298464324817e-44, 130449.5390625
0:00:47.308099, 0.0, 1.401298464324817e-44, 90.0, 1.401298464324817e-44, 130450.09375
0:00:47.406403, 0.0, 1.401298464324817e-44, 90.0, 1.401298464324817e-44, 130450.7109375
0:00:47.505246, 0.0, 1.401298464324817e-44, 90.0, 1.401298464324817e-44, 130451.3359375
0:00:47.602212, 0.0, 1.401298464324817e-44, 90.0, 1.401298464324817e-44, 130451.9453125
0:00:47.712139, 0.0, 1.401298464324817e-44, 90.0, 1.401298464324817e-44, 130452.640625
0:00:47.797630, 0.0, 1.401298464324817e-44, 90.0, 1.401298464324817e-44, 130453.1796875
0:00:47.895385, 0.0, 1.401298464324817e-44, 90.0, 1.401298464324817e-44, 130453.796875
0:00:48.021195, 0.0, 1.401298464324817e-44, 90.0, 1.401298464324817e-44, 130454.5859375
0:00:48.108824, 0.0, 1.401298464324817e-44, 90.0, 1.401298464324817e-44, 130455.1328125
0:00:48.219504, 0.0, 1.401298464324817e-44, 90.0, 1.401298464324817e-44, 130455.8359375
0:00:48.315546, 0.0, 1.401298464324817e-44, 90.0, 1.401298464324817e-44, 130456.4453125
0:00:48.406656, 0.0, 1.401298464324817e-44, 90.0, 1.401298464324817e-44, 130457.015625
0:00:48.524437, 0.0, 1.401298464324817e-44, 90.0, 1.401298464324817e-44, 130457.7578125
0:00:48.609895, 0.0, 1.401298464324817e-44, 90.0, 1.401298464324817e-44, 130458.3046875
0:00:48.705442, 0.0, 1.401298464324817e-44, 90.0, 1.401298464324817e-44, 130458.9140625
0:00:48.801809, 0.0, 1.401298464324817e-44, 90.0, 1.401298464324817e-44, 130459.515625
0:00:48.917757, 0.0, 1.401298464324817e-44, 90.0, 1.401298464324817e-44, 130460.25
0:00:49.028683, 0.0, 1.401298464324817e-44, 90.0, 1.401298464324817e-44, 130460.953125
0:00:49.126699, 0.0, 1.401298464324817e-44, 90.0, 1.401298464324817e-44, 130461.5625
0:00:49.226381, 0.0, 1.401298464324817e-44, 90.0, 1.401298464324817e-44, 130462.1953125
0:00:49.311630, 0.0, 1.401298464324817e-44, 90.0, 1.401298464324817e-44, 130462.734375
0:00:49.429532, 0.0, 1.401298464324817e-44, 90.0, 1.401298464324817e-44, 130463.4765625
0:00:49.522531, 0.0, 1.401298464324817e-44, 90.0, 1.401298464324817e-44, 130464.0625
0:00:49.609042, 0.0, 1.401298464324817e-44, 90.0, 1.401298464324817e-44, 130464.609375
0:00:49.735757, 0.0, 1.401298464324817e-44, 90.0, 1.401298464324817e-44, 130465.40625
0:00:49.824288, 0.0, 1.401298464324817e-44, 90.0, 1.401298464324817e-44, 130465.96875
0:00:49.916418, 0.0, 1.401298464324817e-44, 90.0, 1.401298464324817e-44, 130466.5546875
0:00:50.033385, 0.0, 1.401298464324817e-44, 90.0, 1.401298464324817e-44, 130467.2890625
0:00:50.137706, 0.0, 1.401298464324817e-44, 90.0, 1.401298464324817e-44, 130467.9453125
0:00:50.235297, 0.0, 1.401298464324817e-44, 90.0, 1.401298464324817e-44, 130468.5625
0:00:50.335451, 0.0, 1.401298464324817e-44, 90.0, 1.401298464324817e-44, 130469.1875
0:00:50.451895, 0.0, 1.401298464324817e-44, 90.0, 1.401298464324817e-44, 130469.921875
0:00:50.537308, 0.0, 1.401298464324817e-44, 90.0, 1.401298464324817e-44, 130470.46875
0:00:50.648361, 0.0, 1.401298464324817e-44, 90.0, 1.401298464324817e-44, 130471.171875
0:00:50.743350, 0.0, 1.401298464324817e-44, 90.0, 1.401298464324817e-44, 130471.7734375
0:00:50.849669, 0.0, 1.401298464324817e-44, 90.0, 1.401298464324817e-44, 130472.4453125
0:00:50.935264, 0.0, 1.401298464324817e-44, 90.0, 1.401298464324817e-44, 130472.984375
0:00:51.056352, 0.0, 1.401298464324817e-44, 90.0, 1.401298464324817e-44, 130473.75
0:00:51.136764, 0.0, 1.401298464324817e-44, 90.0, 1.401298464324817e-44, 130474.2578125
0:00:51.254580, 0.0, 1.401298464324817e-44, 90.0, 1.401298464324817e-44, 130475.0
0:00:51.339970, 0.0, 1.401298464324817e-44, 90.0, 1.401298464324817e-44, 130475.546875
0:00:51.436318, 0.0, 1.401298464324817e-44, 90.0, 1.401298464324817e-44, 130476.15625
0:00:51.537762, 0.0, 1.401298464324817e-44, 90.0, 1.401298464324817e-44, 130476.7890625
0:00:51.650686, 0.0, 1.401298464324817e-44, 90.0, 1.401298464324817e-44, 130477.5078125
0:00:51.747604, 0.0, 1.401298464324817e-44, 90.0, 1.401298464324817e-44, 130478.1171875
0:00:51.845159, 0.0, 1.401298464324817e-44, 90.0, 1.401298464324817e-44, 130478.734375
0:00:51.963658, 0.0, 1.401298464324817e-44, 90.0, 1.401298464324817e-44, 130479.484375
0:00:52.047977, 0.0, 1.401298464324817e-44, 90.0, 1.401298464324817e-44, 130480.015625
0:00:52.172528, 0.0, 1.401298464324817e-44, 90.0, 1.401298464324817e-44, 130480.8046875
0:00:52.260057, 0.0, 1.401298464324817e-44, 90.0, 1.401298464324817e-44, 130481.3515625
0:00:52.356459, 0.0, 1.401298464324817e-44, 90.0, 1.401298464324817e-44, 130481.953125
0:00:52.450214, 0.0, 1.401298464324817e-44, 90.0, 1.401298464324817e-44, 130482.546875
0:00:52.558452, 0.0, 1.401298464324817e-44, 90.0, 1.401298464324817e-44, 130483.21875
0:00:52.653156, 0.0, 1.401298464324817e-44, 90.0, 1.401298464324817e-44, 130483.8203125
0:00:52.768182, 0.0, 1.401298464324817e-44, 90.0, 1.401298464324817e-44, 130484.5546875
0:00:52.867618, 0.0, 1.401298464324817e-44, 90.0, 1.401298464324817e-44, 130485.1796875
0:00:52.957446, 0.0, 1.401298464324817e-44, 90.0, 1.401298464324817e-44, 130485.7421875
0:00:53.067830, 0.0, 1.401298464324817e-44, 90.0, 1.401298464324817e-44, 130486.4375
0:00:53.166452, 0.0, 1.401298464324817e-44, 90.0, 1.401298464324817e-44, 130487.0546875
0:00:53.259275, 0.0, 1.401298464324817e-44, 90.0, 1.401298464324817e-44, 130487.640625
0:00:53.368637, 0.0, 1.401298464324817e-44, 90.0, 1.401298464324817e-44, 130488.3359375
0:00:53.465875, 0.0, 1.401298464324817e-44, 90.0, 1.401298464324817e-44, 130488.9453125
0:00:53.566346, 0.0, 1.401298464324817e-44, 90.0, 1.401298464324817e-44, 130489.578125
0:00:53.679585, 0.0, 1.401298464324817e-44, 90.0, 1.401298464324817e-44, 130490.2890625
0:00:53.765999, 0.0, 1.401298464324817e-44, 90.0, 1.401298464324817e-44, 130490.8359375
0:00:53.866587, 0.0, 1.401298464324817e-44, 90.0, 1.401298464324817e-44, 130491.46875
0:00:53.959341, 0.0, 1.401298464324817e-44, 90.0, 1.401298464324817e-44, 130492.0546875
0:00:54.068983, 0.0, 1.401298464324817e-44, 90.0, 1.401298464324817e-44, 130492.7421875
0:00:54.184018, 0.0, 1.401298464324817e-44, 90.0, 1.401298464324817e-44, 130493.46875
0:00:54.292179, 0.0, 1.401298464324817e-44, 90.0, 1.401298464324817e-44, 130494.15625
0:00:54.388834, 0.0, 1.401298464324817e-44, 90.0, 1.401298464324817e-44, 130494.765625
0:00:54.487683, 0.0, 1.401298464324817e-44, 90.0, 1.401298464324817e-44, 130495.390625
0:00:54.579174, 0.0, 1.401298464324817e-44, 90.0, 1.401298464324817e-44, 130495.9609375
0:00:54.693975, 0.0, 1.401298464324817e-44, 90.0, 1.401298464324817e-44, 130496.6796875
0:00:54.780639, 0.0, 1.401298464324817e-44, 90.0, 1.401298464324817e-44, 130497.234375
0:00:54.902760, 0.0, 1.401298464324817e-44, 90.0, 1.401298464324817e-44, 130498.0
0:00:54.997753, 0.0, 1.401298464324817e-44, 90.0, 1.401298464324817e-44, 130498.6015625
0:00:55.098582, 0.0, 1.401298464324817e-44, 90.0, 1.401298464324817e-44, 130499.234375
0:00:55.197910, 0.0, 1.401298464324817e-44, 90.0, 1.401298464324817e-44, 130499.859375
0:00:55.279832, 0.0, 1.401298464324817e-44, 90.0, 1.401298464324817e-44, 130500.3828125
0:00:55.393837, 0.0, 1.401298464324817e-44, 90.0, 1.401298464324817e-44, 130501.1015625
0:00:55.504802, 0.0, 1.401298464324817e-44, 90.0, 1.401298464324817e-44, 130501.8046875
0:00:55.590423, 0.0, 1.401298464324817e-44, 90.0, 1.401298464324817e-44, 130502.3515625
0:00:55.688317, 0.0, 1.401298464324817e-44, 90.0, 1.401298464324817e-44, 130502.96875
0:00:55.787743, 0.0, 1.401298464324817e-44, 90.0, 1.401298464324817e-44, 130503.5859375
0:00:55.900698, 0.0, 1.401298464324817e-44, 90.0, 1.401298464324817e-44, 130504.296875
0:00:55.995094, 0.0, 1.401298464324817e-44, 90.0, 1.401298464324817e-44, 130504.890625
0:00:56.111183, 0.0, 1.401298464324817e-44, 90.0, 1.401298464324817e-44, 130505.6328125
0:00:56.207428, 0.0, 1.401298464324817e-44, 90.0, 1.401298464324817e-44, 130506.234375
0:00:56.292749, 0.0, 1.401298464324817e-44, 90.0, 1.401298464324817e-44, 130506.78125
0:00:56.413607, 0.0, 1.401298464324817e-44, 90.0, 1.401298464324817e-44, 130507.5390625
0:00:56.498147, 0.0, 1.401298464324817e-44, 90.0, 1.401298464324817e-44, 130508.078125
0:00:56.597868, 0.0, 1.401298464324817e-44, 90.0, 1.401298464324817e-44, 130508.703125
0:00:56.698332, 0.0, 1.401298464324817e-44, 90.0, 1.401298464324817e-44, 130509.3359375
0:00:56.790099, 0.0, 1.401298464324817e-44, 90.0, 1.401298464324817e-44, 130509.9140625
0:00:56.899456, 0.0, 1.401298464324817e-44, 90.0, 1.401298464324817e-44, 130510.6015625
0:00:56.995963, 0.0, 1.401298464324817e-44, 90.0, 1.401298464324817e-44, 130511.203125
0:00:57.108903, 0.0, 1.401298464324817e-44, 90.0, 1.401298464324817e-44, 130511.921875
0:00:57.200751, 0.0, 1.401298464324817e-44, 90.0, 1.401298464324817e-44, 130512.5
0:00:57.318657, 0.0, 1.401298464324817e-44, 90.0, 1.401298464324817e-44, 130513.234375
0:00:57.408818, 0.0, 1.401298464324817e-44, 90.0, 1.401298464324817e-44, 130513.8046875
0:00:57.497351, 0.0, 1.401298464324817e-44, 90.0, 1.401298464324817e-44, 130514.359375
0:00:57.611386, 0.0, 1.401298464324817e-44, 90.0, 1.401298464324817e-44, 130515.078125
0:00:57.709240, 0.0, 1.401298464324817e-44, 90.0, 1.401298464324817e-44, 130515.6875
0:00:57.808634, 0.0, 1.401298464324817e-44, 90.0, 1.401298464324817e-44, 130516.3125
0:00:57.922487, 0.0, 1.401298464324817e-44, 90.0, 1.401298464324817e-44, 130517.0390625
0:00:58.008123, 0.0, 1.401298464324817e-44, 90.0, 1.401298464324817e-44, 130517.5703125
0:00:58.109107, 0.0, 1.401298464324817e-44, 90.0, 1.401298464324817e-44, 130518.1953125
0:00:58.225690, 0.0, 1.401298464324817e-44, 90.0, 1.401298464324817e-44, 130518.9296875
0:00:58.336736, 0.0, 1.401298464324817e-44, 90.0, 1.401298464324817e-44, 130519.6328125
0:00:58.422072, 0.0, 1.401298464324817e-44, 90.0, 1.401298464324817e-44, 130520.171875
0:00:58.531227, 0.0, 1.401298464324817e-44, 90.0, 1.401298464324817e-44, 130520.859375
0:00:58.619875, 0.0, 1.401298464324817e-44, 90.0, 1.401298464324817e-44, 130521.421875
0:00:58.731711, 0.0, 1.401298464324817e-44, 90.0, 1.401298464324817e-44, 130522.1328125
0:00:58.810649, 0.0, 1.401298464324817e-44, 90.0, 1.401298464324817e-44, 130522.6328125
0:00:58.921491, 0.0, 1.401298464324817e-44, 90.0, 1.401298464324817e-44, 130523.3359375
0:00:59.029808, 0.0, 1.401298464324817e-44, 90.0, 1.401298464324817e-44, 130524.015625
0:00:59.129361, 0.0, 1.401298464324817e-44, 90.0, 1.401298464324817e-44, 130524.640625
0:00:59.240663, 0.0, 1.401298464324817e-44, 90.0, 1.401298464324817e-44, 130525.3359375
0:00:59.339462, 0.0, 1.401298464324817e-44, 90.0, 1.401298464324817e-44, 130525.953125
0:00:59.432244, 0.0, 1.401298464324817e-44, 90.0, 1.401298464324817e-44, 130526.546875
0:00:59.546210, 0.0, 1.401298464324817e-44, 90.0, 1.401298464324817e-44, 130527.265625
0:00:59.629980, 0.0, 1.401298464324817e-44, 90.0, 1.401298464324817e-44, 130527.7890625
0:00:59.738940, 0.0, 1.401298464324817e-44, 90.0, 1.401298464324817e-44, 130528.4765625
0:00:59.839093, 0.0, 1.401298464324817e-44, 90.0, 1.401298464324817e-44, 130529.109375
0:00:59.939717, 0.0, 1.401298464324817e-44, 90.0, 1.401298464324817e-44, 130529.7421875
0:01:00.030489, 0.0, 1.401298464324817e-44, 90.0, 1.401298464324817e-44, 130530.3125
0:01:00.138806, 0.0, 1.401298464324817e-44, 90.0, 1.401298464324817e-44, 130530.9921875
0:01:00.241977, 0.0, 1.401298464324817e-44, 90.0, 1.401298464324817e-44, 130531.6328125
0:01:00.347042, 0.0, 1.401298464324817e-44, 90.0, 1.401298464324817e-44, 130532.3046875
0:01:00.461511, 0.0, 1.401298464324817e-44, 90.0, 1.401298464324817e-44, 130533.015625
0:01:00.532398, 0.0, 1.401298464324817e-44, 90.0, 1.401298464324817e-44, 130533.46875
0:01:00.659702, 0.0, 1.401298464324817e-44, 90.0, 1.401298464324817e-44, 130534.265625
0:01:00.751024, 0.0, 1.401298464324817e-44, 90.0, 1.401298464324817e-44, 130534.8515625
0:01:00.866062, 0.0, 1.401298464324817e-44, 90.0, 1.401298464324817e-44, 130535.578125
0:01:00.949612, 0.0, 1.401298464324817e-44, 90.0, 1.401298464324817e-44, 130536.109375
0:01:01.046606, 0.0, 1.401298464324817e-44, 90.0, 1.401298464324817e-44, 130536.7265625
0:01:01.152837, 0.0, 1.401298464324817e-44, 90.0, 1.401298464324817e-44, 130537.3984375
0:01:01.265882, 0.0, 1.401298464324817e-44, 90.0, 1.401298464324817e-44, 130538.109375
0:01:01.350402, 0.0, 1.401298464324817e-44, 90.0, 1.401298464324817e-44, 130538.640625
0:01:01.458765, 0.0, 1.401298464324817e-44, 90.0, 1.401298464324817e-44, 130539.3203125
0:01:01.556653, 0.0, 1.401298464324817e-44, 90.0, 1.401298464324817e-44, 130539.9375
0:01:01.656370, 0.0, 1.401298464324817e-44, 90.0, 1.401298464324817e-44, 130540.5625
0:01:01.770214, 0.0, 1.401298464324817e-44, 90.0, 1.401298464324817e-44, 130541.28125
0:01:01.881560, 0.0, 1.401298464324817e-44, 90.0, 1.401298464324817e-44, 130541.9765625
0:01:01.950777, 0.0, 1.401298464324817e-44, 90.0, 1.401298464324817e-44, 130542.4140625
0:01:02.057141, 0.0, 1.401298464324817e-44, 90.0, 1.401298464324817e-44, 130543.078125
0:01:02.169044, 0.0, 1.401298464324817e-44, 90.0, 1.401298464324817e-44, 130543.78125
0:01:02.254655, 0.0, 1.401298464324817e-44, 90.0, 1.401298464324817e-44, 130544.3203125
0:01:02.366495, 0.0, 1.401298464324817e-44, 90.0, 1.401298464324817e-44, 130545.015625
0:01:02.482669, 0.0, 1.401298464324817e-44, 90.0, 1.401298464324817e-44, 130545.75
0:01:02.576868, 0.0, 1.401298464324817e-44, 90.0, 1.401298464324817e-44, 130546.34375
0:01:02.665440, 0.0, 1.401298464324817e-44, 90.0, 1.401298464324817e-44, 130546.9140625
0:01:02.772757, 0.0, 1.401298464324817e-44, 90.0, 1.401298464324817e-44, 130547.5859375
0:01:02.870426, 0.0, 1.401298464324817e-44, 90.0, 1.401298464324817e-44, 130548.1953125
0:01:02.991674, 0.0, 1.401298464324817e-44, 90.0, 1.401298464324817e-44, 130548.9609375
0:01:03.088391, 0.0, 1.401298464324817e-44, 90.0, 1.401298464324817e-44, 130549.5703125
0:01:03.173925, 0.0, 1.401298464324817e-44, 90.0, 1.401298464324817e-44, 130550.109375
0:01:03.286773, 0.0, 1.401298464324817e-44, 90.0, 1.401298464324817e-44, 130550.8203125
0:01:03.371240, 0.0, 1.401298464324817e-44, 90.0, 1.401298464324817e-44, 130551.3515625
0:01:03.478537, 0.0, 1.401298464324817e-44, 90.0, 1.401298464324817e-44, 130552.0234375
0:01:03.568517, 0.0, 1.401298464324817e-44, 90.0, 1.401298464324817e-44, 130552.5859375
0:01:03.681028, 0.0, 1.401298464324817e-44, 90.0, 1.401298464324817e-44, 130553.296875
0:01:03.770637, 0.0, 1.401298464324817e-44, 90.0, 1.401298464324817e-44, 130553.859375
0:01:03.880902, 0.0, 1.401298464324817e-44, 90.0, 1.401298464324817e-44, 130554.546875
0:01:03.972766, 0.0, 1.401298464324817e-44, 90.0, 1.401298464324817e-44, 130555.125
0:01:04.085657, 0.0, 1.401298464324817e-44, 90.0, 1.401298464324817e-44, 130555.84375
0:01:04.192883, 0.0, 1.401298464324817e-44, 90.0, 1.401298464324817e-44, 130556.515625
0:01:04.282431, 0.0, 1.401298464324817e-44, 90.0, 1.401298464324817e-44, 130557.0703125
0:01:04.398425, 0.0, 1.401298464324817e-44, 90.0, 1.401298464324817e-44, 130557.8046875
0:01:04.486004, 0.0, 1.401298464324817e-44, 90.0, 1.401298464324817e-44, 130558.359375
0:01:04.601946, 0.0, 1.401298464324817e-44, 90.0, 1.401298464324817e-44, 130559.0859375
0:01:04.687659, 0.0, 1.401298464324817e-44, 90.0, 1.401298464324817e-44, 130559.6328125
0:01:04.794873, 0.0, 1.401298464324817e-44, 90.0, 1.401298464324817e-44, 130560.3046875
0:01:04.890953, 0.0, 1.401298464324817e-44, 90.0, 1.401298464324817e-44, 130560.9140625
0:01:04.983655, 0.0, 1.401298464324817e-44, 90.0, 1.401298464324817e-44, 130561.5
0:01:05.098593, 0.0, 1.401298464324817e-44, 90.0, 1.401298464324817e-44, 130562.2265625
0:01:05.185166, 0.0, 1.401298464324817e-44, 90.0, 1.401298464324817e-44, 130562.7734375
0:01:05.311378, 0.0, 1.401298464324817e-44, 90.0, 1.401298464324817e-44, 130563.5625
0:01:05.396851, 0.0, 1.401298464324817e-44, 90.0, 1.401298464324817e-44, 130564.1015625
0:01:05.510715, 0.0, 1.401298464324817e-44, 90.0, 1.401298464324817e-44, 130564.828125
0:01:05.609842, 0.0, 1.401298464324817e-44, 90.0, 1.401298464324817e-44, 130565.453125
0:01:05.698441, 0.0, 1.401298464324817e-44, 90.0, 1.401298464324817e-44, 130566.0078125
0:01:05.803563, 0.0, 1.401298464324817e-44, 90.0, 1.401298464324817e-44, 130566.6796875
0:01:05.911827, 0.0, 1.401298464324817e-44, 90.0, 1.401298464324817e-44, 130567.3515625
0:01:06.010909, 0.0, 1.401298464324817e-44, 90.0, 1.401298464324817e-44, 130567.9765625
0:01:06.105935, 0.0, 1.401298464324817e-44, 90.0, 1.401298464324817e-44, 130568.5703125
0:01:06.221826, 0.0, 1.401298464324817e-44, 90.0, 1.401298464324817e-44, 130569.3046875
0:01:06.311479, 0.0, 1.401298464324817e-44, 90.0, 1.401298464324817e-44, 130569.8671875
0:01:06.422722, 0.0, 1.401298464324817e-44, 90.0, 1.401298464324817e-44, 130570.5625
0:01:06.504574, 0.0, 1.401298464324817e-44, 90.0, 1.401298464324817e-44, 130571.078125
0:01:06.618443, 0.0, 1.401298464324817e-44, 90.0, 1.401298464324817e-44, 130571.796875
0:01:06.706015, 0.0, 1.401298464324817e-44, 90.0, 1.401298464324817e-44, 130572.3515625
0:01:06.802084, 0.0, 1.401298464324817e-44, 90.0, 1.401298464324817e-44, 130572.9609375
0:01:06.923917, 0.0, 1.401298464324817e-44, 90.0, 1.401298464324817e-44, 130573.7265625
0:01:07.020629, 0.0, 1.401298464324817e-44, 90.0, 1.401298464324817e-44, 130574.3359375
0:01:07.106232, 0.0, 1.401298464324817e-44, 90.0, 1.401298464324817e-44, 130574.875
0:01:07.219056, 0.0, 1.401298464324817e-44, 90.0, 1.401298464324817e-44, 130575.5859375
0:01:07.325297, 0.0, 1.401298464324817e-44, 90.0, 1.401298464324817e-44, 130576.265625
0:01:07.422902, 0.0, 1.401298464324817e-44, 90.0, 1.401298464324817e-44, 130576.875
0:01:07.538856, 0.0, 1.401298464324817e-44, 90.0, 1.401298464324817e-44, 130577.6015625
0:01:07.625421, 0.0, 1.401298464324817e-44, 90.0, 1.401298464324817e-44, 130578.1484375
0:01:07.738320, 0.0, 1.401298464324817e-44, 90.0, 1.401298464324817e-44, 130578.859375
0:01:07.823733, 0.0, 1.401298464324817e-44, 90.0, 1.401298464324817e-44, 130579.3984375
0:01:07.939712, 0.0, 1.401298464324817e-44, 90.0, 1.401298464324817e-44, 130580.1328125
0:01:08.025194, 0.0, 1.401298464324817e-44, 90.0, 1.401298464324817e-44, 130580.671875
0:01:08.150297, 0.0, 1.401298464324817e-44, 90.0, 1.401298464324817e-44, 130581.4609375
0:01:08.230120, 0.0, 1.401298464324817e-44, 90.0, 1.401298464324817e-44, 130581.9609375
0:01:08.344042, 0.0, 1.401298464324817e-44, 90.0, 1.401298464324817e-44, 130582.6796875
0:01:08.433727, 0.0, 1.401298464324817e-44, 90.0, 1.401298464324817e-44, 130583.2421875
0:01:08.526295, 0.0, 1.401298464324817e-44, 90.0, 1.401298464324817e-44, 130583.828125
0:01:08.643193, 0.0, 1.401298464324817e-44, 90.0, 1.401298464324817e-44, 130584.5625
0:01:08.731685, 0.0, 1.401298464324817e-44, 90.0, 1.401298464324817e-44, 130585.1171875
0:01:08.845582, 0.0, 1.401298464324817e-44, 90.0, 1.401298464324817e-44, 130585.8359375
0:01:08.930037, 0.0, 1.401298464324817e-44, 90.0, 1.401298464324817e-44, 130586.375
0:01:09.046074, 0.0, 1.401298464324817e-44, 90.0, 1.401298464324817e-44, 130587.1171875
0:01:09.143721, 0.0, 1.401298464324817e-44, 90.0, 1.401298464324817e-44, 130587.734375
0:01:09.242664, 0.0, 1.401298464324817e-44, 90.0, 1.401298464324817e-44, 130588.359375
0:01:09.336438, 0.0, 1.401298464324817e-44, 90.0, 1.401298464324817e-44, 130588.9453125
0:01:09.445617, 0.0, 1.401298464324817e-44, 90.0, 1.401298464324817e-44, 130589.625
0:01:09.534270, 0.0, 1.401298464324817e-44, 90.0, 1.401298464324817e-44, 130590.1796875
0:01:09.647116, 0.0, 1.401298464324817e-44, 90.0, 1.401298464324817e-44, 130590.8828125
0:01:09.755632, 0.0, 1.401298464324817e-44, 90.0, 1.401298464324817e-44, 130591.5703125
0:01:09.853294, 0.0, 1.401298464324817e-44, 90.0, 1.401298464324817e-44, 130592.1875
0:01:09.954666, 0.0, 1.401298464324817e-44, 90.0, 1.401298464324817e-44, 130592.8203125
0:01:10.067718, 0.0, 1.401298464324817e-44, 90.0, 1.401298464324817e-44, 130593.53125
0:01:10.165305, 0.0, 1.401298464324817e-44, 90.0, 1.401298464324817e-44, 130594.1484375
0:01:10.262382, 0.0, 1.401298464324817e-44, 90.0, 1.401298464324817e-44, 130594.7578125
0:01:10.353594, 0.0, 1.401298464324817e-44, 90.0, 1.401298464324817e-44, 130595.3359375
0:01:10.468596, 0.0, 1.401298464324817e-44, 90.0, 1.401298464324817e-44, 130596.0546875
0:01:10.565642, 0.0, 1.401298464324817e-44, 90.0, 1.401298464324817e-44, 130596.6640625
0:01:10.649802, 0.0, 1.401298464324817e-44, 90.0, 1.401298464324817e-44, 130597.1953125
0:01:10.763707, 0.0, 1.401298464324817e-44, 90.0, 1.401298464324817e-44, 130597.9140625
0:01:10.865558, 0.0, 1.401298464324817e-44, 90.0, 1.401298464324817e-44, 130598.5546875
0:01:10.956595, 0.0, 1.401298464324817e-44, 90.0, 1.401298464324817e-44, 130599.125
0:01:11.065806, 0.0, 1.401298464324817e-44, 90.0, 1.401298464324817e-44, 130599.8125
0:01:11.154421, 0.0, 1.401298464324817e-44, 90.0, 1.401298464324817e-44, 130600.359375
0:01:11.268333, 0.0, 1.401298464324817e-44, 90.0, 1.401298464324817e-44, 130601.078125
0:01:11.383267, 0.0, 1.401298464324817e-44, 90.0, 1.401298464324817e-44, 130601.796875
0:01:11.479793, 0.0, 1.401298464324817e-44, 90.0, 1.401298464324817e-44, 130602.40625
0:01:11.565289, 0.0, 1.401298464324817e-44, 90.0, 1.401298464324817e-44, 130602.9453125
0:01:11.677479, 0.0, 1.401298464324817e-44, 90.0, 1.401298464324817e-44, 130603.65625
0:01:11.772546, 0.0, 1.401298464324817e-44, 90.0, 1.401298464324817e-44, 130604.2578125
