0:20:36.935980: amp 3
0:20:37.025687: amp 4
0:20:37.205039: amp 5
0:20:37.205450: amp 6
0:20:37.205641: amp 7
0:20:37.209984: amp 8
0:20:37.240867: amp 9
0:20:37.272045: amp 10
0:20:37.466808: amp 11
0:20:37.467272: amp 12
0:20:37.467661: amp 13
0:20:37.467944: amp 14
0:20:37.468175: amp 15
0:20:37.508733: amp 16
0:20:37.568160: amp 17
0:20:37.713908: amp 18
0:20:37.773018: amp 19
0:20:38.028586: amp 20
0:20:38.029215: amp 21
0:20:40.955441: amp 22
0:20:40.989366: amp 23
0:20:41.017183: amp 24
0:20:41.040244: amp 25
0:20:41.056656: amp 27
0:20:41.072540: amp 28
0:20:41.113060: amp 29
0:20:41.122629: amp 30
0:20:41.137286: amp 31
0:20:41.173619: amp 32
0:20:41.188905: amp 33
0:20:41.219684: amp 34
0:20:41.223528: amp 35
0:20:41.239593: amp 36
0:20:41.254632: amp 37
0:20:41.289542: amp 38
0:20:41.321273: amp 39
0:20:41.321559: amp 40
0:20:41.339175: amp 41
0:20:41.356246: amp 42
0:20:41.372584: amp 43
0:20:41.388357: amp 44
0:20:41.422783: amp 45
0:20:41.423043: amp 46
0:20:41.437703: amp 47
0:20:41.456047: amp 48
0:20:41.472510: amp 49
0:20:41.489564: amp 50
0:20:41.516439: amp 52
0:20:41.521845: amp 53
0:20:41.537625: amp 55
0:20:41.554143: amp 57
0:20:41.570950: amp 59
0:20:41.589293: amp 60
0:20:41.618229: amp 64
0:20:41.621029: amp 66
0:20:41.638211: amp 72
0:20:41.655920: amp 75
0:20:41.670647: amp 79
0:20:41.687562: amp 83
0:20:41.705258: amp 85
0:20:41.726833: amp 87
0:20:41.738899: amp 90
0:21:15.942048: phb 0.12075354322294095
0:21:16.215452: phb 0.14882521459166353
0:21:16.237284: phb 0.7198000277082177
0:21:16.248380: phb 1.834072397509369
0:21:16.263637: phb 2.3643508537962736
0:21:16.280177: phb 2.542843223942023
0:21:16.299384: phb 2.5873519823647495
0:21:16.316255: phb 2.6262672206779136
0:21:16.341019: phb 2.649552047023397
0:21:16.348880: phb 2.670974905386483
0:21:16.365381: phb 2.6907339193473807
0:21:16.399332: phb 2.7176253093934952
0:21:16.416918: phb 2.7339360778746267
0:21:16.433329: phb 2.803248263379121
0:21:16.449100: phb 2.870197769315343
0:21:16.464814: phb 2.9381178855565553
0:21:16.482311: phb 2.9773771542643654
0:21:16.515873: phb 2.995349045195894
0:21:16.563781: phb 3.033540617817293
0:21:16.579604: phb 3.0694014270241037
0:21:16.598670: phb 3.1054507767566504
0:21:16.615876: phb 3.159670322482656
0:21:16.633937: phb 3.1777345304229363
0:21:16.648336: phb 3.249644689362294
0:21:16.664807: phb 3.285228773267308
0:21:16.682298: phb 3.302890883002204
0:21:16.698807: phb 3.3379008638981795
0:21:16.715340: phb 3.3894930898020577
0:21:16.748356: phb 3.4019188500450874
0:21:16.783099: phb 3.4138331577214904
0:21:16.799030: phb 3.4459050379566754
0:21:16.815080: phb 3.456575995685267
0:21:16.839889: phb 3.487261934077113
0:21:16.847390: phb 3.502358922470373
0:21:16.865683: phb 3.517284524184714
0:21:16.881364: phb 3.5466140536463073
0:21:16.897864: phb 3.5610090879448464
0:21:16.915624: phb 3.5752229845014187
0:21:16.944878: phb 3.589252230552669
0:21:16.948638: phb 3.644819893904727
0:21:16.968461: phb 3.7043690757318553
0:21:16.980532: phb 3.802355175481259
0:21:16.998533: phb 3.8394428589924248
0:21:17.015313: phb 3.9231943482826583
0:21:17.046065: phb 3.9592376994224954
0:21:17.048320: phb 4.00708956475435
0:21:17.064906: phb 4.0387609741771096
0:21:17.081797: phb 4.071291534663183
0:21:17.097920: phb 4.1027935328195735
0:21:17.115539: phb 4.124658717743699
0:21:17.147547: phb 4.137839068138314
0:21:17.149739: phb 4.181212041769228
0:21:17.164243: phb 4.230802486964904
0:21:17.181610: phb 4.237785030087778
0:21:17.215469: phb 4.251203634354915
0:21:17.351255: phb 4.270056945980416
0:21:17.415071: phb 4.23879128366476
0:21:17.589206: phb 4.214728217417528
0:21:17.590179: phb 4.191277088716798
0:21:17.590615: phb 4.1684417226035855
0:21:17.591073: phb 4.128227537955221
0:21:17.591601: phb 4.106794102947451
0:21:17.592567: phb 4.08886267934648
0:21:17.593326: phb 4.068253582323479
0:21:17.593654: phb 4.038495809841017
0:21:17.593994: phb 4.011534060345355
0:21:17.594395: phb 3.9849207746349977
0:21:17.632408: phb 3.958683874248691
0:21:17.655387: phb 3.941497886128897
0:21:17.682260: phb 3.9243041136502606
0:21:17.859875: phb 3.8899306963641473
0:21:17.860596: phb 3.8727721548954097
0:21:18.128363: phb 2.482542640502996
0:21:18.128830: phb 2.0986279913185655
0:21:18.387642: phb 1.8787915261014547
0:21:18.388125: phb 1.8749895933241119
0:21:18.388453: phb 1.878309152294249
0:21:18.669549: phb 1.8543501480809454
0:21:18.670219: phb 1.769527338781757
0:21:19.449352: phb 2.2933017446403086
0:21:19.711251: phb 2.3941147225051704
0:21:19.711825: phb 2.4808301316983274
0:21:19.712186: phb 2.5615572434538256
0:21:19.712425: phb 2.607216364801211
0:21:19.712646: phb 2.680535696638111
0:21:19.712846: phb 2.798017761376229
0:21:19.713069: phb 2.8336929659626664
0:21:19.713428: phb 2.907457499706284
0:21:19.714425: phb 3.180549198840488
0:21:19.715840: phb 3.372431791671843
0:21:19.732910: phb 3.5444736568353665
0:21:19.747795: phb 3.671666247687449
0:21:19.764080: phb 3.71040202614661
0:21:19.780233: phb 3.774010488251383
0:21:19.798176: phb 3.7963386441538094
0:21:19.987205: phb 3.817927771724945
0:21:19.987808: phb 3.848960597198105
0:21:19.988213: phb 3.868776246115647
0:21:19.988574: phb 3.8879169594226664
0:21:19.988934: phb 3.9064041477044356
0:21:19.989291: phb 3.9329530856690953
0:21:19.989643: phb 3.985940940657314
0:21:19.990036: phb 4.068253582323479
0:21:19.991075: phb 4.138509637994771
0:21:19.991759: phb 4.2279484059300945
0:21:19.992065: phb 4.330555305795632
0:21:19.998423: phb 4.390895446137881
0:21:20.014793: phb 4.441001129700324
0:21:20.031515: phb 4.45375902522485
0:21:20.064793: phb 4.4666048011984625
0:21:20.252285: phb 4.45375902522485
0:21:20.252731: phb 4.441001129700324
0:21:20.253124: phb 4.403276915448467
0:21:20.253428: phb 4.378615249445031
0:21:20.264341: phb 4.354369291307488
0:21:20.297957: phb 4.318814501449151
0:21:20.313187: phb 4.284279040386311
0:21:20.331631: phb 4.261840077510519
0:21:20.347706: phb 4.239876818541254
0:21:20.458179: phb 4.218396751966977
0:21:20.458677: phb 4.1974023226615405
0:21:20.459057: phb 4.170821083216055
0:21:20.459381: phb 4.15067467189732
0:21:20.459695: phb 4.121387603612944
0:21:20.460016: phb 4.102479407009275
0:21:20.464313: phb 4.08405711787736
0:21:20.494199: phb 4.059378808160874
0:21:20.497413: phb 4.0418488600513545
0:21:20.515271: phb 4.024792366288921
0:21:20.531157: phb 4.0094525064351405
0:21:20.547024: phb 4.00119508012236
0:21:20.665238: phb 3.9859150989630687
0:21:20.666033: phb 3.969949742677403
0:21:20.713197: phb 3.9474544099330524
0:21:20.765564: phb 3.932226619459206
0:21:20.872448: phb 3.9171456342660176
0:21:20.873019: phb 3.894409533509772
0:21:20.899551: phb 3.8713602764261594
0:21:20.931177: phb 3.864248079136475
0:21:22.777188: phb 0.07959173455299241
0:21:23.060352: phb 0.11120480439916303
0:21:23.060661: phb 0.1952159490464611
0:21:23.060898: phb 0.2619058765134268
0:21:23.062366: phb 0.3181713159758112
0:21:23.080772: phb 0.35477745691458556
0:21:23.097245: phb 0.41535680480023485
0:21:23.113310: phb 0.5095661577326154
0:21:23.134426: phb 0.6083683342784706
0:21:23.145067: phb 0.7325934801640471
0:21:23.162792: phb 0.8106140124136377
0:21:23.292693: phb 0.8974022256606874
0:21:23.293204: phb 0.9491249656458152
0:21:23.293548: phb 0.9989044588625595
0:21:23.293893: phb 1.0445997468808679
0:21:23.294206: phb 1.0911763337995042
0:21:23.294587: phb 1.1320249603219648
0:21:23.297380: phb 1.1890119050712258
0:21:23.314284: phb 1.2036937295873837
0:21:23.338821: phb 1.2335551993246465
0:21:23.345207: phb 1.2487282904894337
0:21:23.378086: phb 1.2951572942913947
0:21:23.541543: phb 1.3109186954519705
0:21:23.541998: phb 1.3428376430114908
0:21:23.542366: phb 1.3589790347945057
0:21:23.542736: phb 1.3752347497171018
0:21:23.543141: phb 1.391595825505823
0:21:23.543521: phb 1.4080529385593368
0:21:23.544162: phb 1.4560010324709263
0:21:23.545072: phb 1.4695807966332273
0:21:23.545527: phb 1.5013321471719354
0:21:23.547569: phb 1.5383563571700287
0:21:23.563800: phb 1.636949658392292
0:21:23.579961: phb 1.7458472445134507
0:21:23.596596: phb 1.8645979601461884
0:21:23.613686: phb 1.9908580888407503
0:21:23.644451: phb 2.070928644772503
0:21:23.648094: phb 2.152142388577873
0:21:23.662665: phb 2.2970853430962297
0:21:23.680254: phb 2.4231500640270847
0:21:23.697095: phb 2.4978234368312484
0:21:23.712610: phb 2.6628288582432256
0:21:23.743183: phb 2.7158808640221936
0:21:23.748217: phb 2.7738240967503454
0:21:23.763409: phb 2.8936922173775295
0:21:23.780647: phb 2.918539786961114
0:21:23.797037: phb 3.0159018817464087
0:21:23.813659: phb 3.051357680923266
0:21:23.844442: phb 3.083104526370501
0:21:23.844937: phb 3.141592653589793
0:21:23.863728: phb 3.1814056306556453
0:21:23.879596: phb 3.193961160828019
0:21:23.897532: phb 3.2433939580378803
0:21:23.913928: phb 3.268599246018744
0:21:23.945921: phb 3.304056919222789
0:21:23.947277: phb 3.3527393605347804
0:21:23.962677: phb 3.3767206164339494
0:21:23.980387: phb 3.412173944402539
0:21:23.997339: phb 3.4583700265840585
0:21:24.013931: phb 3.480967933775224
0:21:24.047023: phb 3.5185166435733497
0:21:24.047267: phb 3.545020177627302
0:21:24.063453: phb 3.576628220441086
0:21:24.079150: phb 3.62020139519728
0:21:24.096413: phb 3.6588222964689963
0:21:24.113585: phb 3.680048883408405
0:21:24.148307: phb 3.7033934111898428
0:21:24.163711: phb 3.710062381390483
0:21:24.179881: phb 3.72741677961307
0:21:24.213980: phb 3.744894841714473
0:21:24.241322: phb 3.8079609939270656
0:21:24.247642: phb 3.8435243370067576
0:21:24.262461: phb 3.8886120972640756
0:21:24.280823: phb 3.9329530856690953
0:21:24.296631: phb 3.966927487249488
0:21:24.314158: phb 4.025456420426379
0:21:24.328985: phb 4.04747608652245
0:21:24.351856: phb 4.090602342132471
0:21:24.363720: phb 4.1123686591302056
0:21:24.379893: phb 4.14530197206721
0:21:25.880070: phb 3.6036004497569474
0:21:25.889025: phb 3.608884731530281
0:21:27.724561: phb 3.9119604576109266
0:21:28.108659: phb 3.9234522804144274
0:21:28.262970: phb 3.9122959578126904
0:21:28.314162: phb 3.8907301905259932
0:21:28.379636: phb 3.8803081148553895
0:21:28.430332: phb 3.9024765306606404
0:21:28.446145: phb 3.923746201779159
0:21:28.461697: phb 3.9644815308211405
0:21:28.479907: phb 4.023265761280447
0:21:28.505383: phb 4.059983079321813
0:21:28.511238: phb 4.211605120034016
0:21:28.529423: phb 4.3285199048539695
0:21:28.544738: phb 4.404393781078132
0:21:30.013341: phb 3.834201836784719
0:21:30.037904: phb 3.817597421738439
0:21:30.044722: phb 3.7873774246351077
0:21:30.078634: phb 3.7548202996346345
0:21:30.138633: phb 3.730728227930544
0:21:30.146105: phb 3.7216147354750944
0:21:30.212248: phb 3.7030577533195754
0:21:30.245999: phb 3.6878169860118475
0:21:30.280234: phb 3.668711742502148
0:21:30.342457: phb 3.6491719779269998
0:21:30.395950: phb 3.6291972050675794
0:21:30.512505: phb 3.643731258304506
0:21:30.546075: phb 3.7006942679254067
0:21:31.477540: phb 4.558055758275599
0:21:31.494279: phb 4.604524363355912
0:21:31.511686: phb 4.746394864525912
0:21:31.526565: phb 4.840844838489813
0:21:31.544524: phb 4.89773647604802
0:21:31.566127: phb 5.030057550607479
0:21:31.577663: phb 5.060643867850491
0:21:31.595372: phb 5.191002018158029
0:21:31.611825: phb 5.268700380276695
0:21:31.629284: phb 5.411132750588754
0:21:31.643974: phb 5.587397909827374
0:21:31.667233: phb 5.668695179374813
0:21:31.678680: phb 5.754921692379519
0:21:31.694539: phb 5.88368736140538
0:21:31.710912: phb 5.906036671603786
0:21:31.728386: phb 5.92298225552637
0:21:31.745161: phb 5.943981674275169
0:21:31.795546: phb 5.972268299587973
0:21:31.827782: phb 5.991803547094795
0:21:31.845095: phb 5.995349376038623
0:21:31.912589: phb 6.013816315963464
0:21:32.046569: phb 6.040212838366535
0:21:32.079165: phb 6.0546546406569295
0:21:32.112360: phb 6.068842145610399
0:21:32.126825: phb 6.105830326758752
0:21:32.146493: phb 6.130868444379883
0:21:32.173655: phb 6.145631223915949
0:21:32.178175: phb 6.168335722620303
0:21:32.195868: phb 6.21408138651539
0:21:32.211255: phb 6.226226683005589
0:21:32.226605: phb 6.248986256860537
0:21:32.244084: phb 6.2717813237631725
0:21:32.274646: phb 0
0:21:32.279260: phb 0.011403983416413223
0:21:32.294427: phb 0.04558526524171672
0:21:32.328548: phb 0.06831829053453585
0:21:32.344629: phb 0.07966032571782461
0:21:32.578826: phb 0.10227902243754461
0:21:32.847201: phb 0.11355107880368723
0:21:33.118428: phb 0.0964492863594616
0:21:33.126992: phb 0.038107024349186336
0:21:33.144055: phb 6.27031354192411
0:21:33.159765: phb 6.205104731821647
0:21:33.185907: phb 6.164831104506134
0:21:33.194091: phb 6.1388618092147755
0:21:33.210968: phb 6.113085854979267
0:21:33.388612: phb 6.1388618092147755
0:21:33.409967: phb 6.177878981789931
0:21:33.427238: phb 6.190961746526271
0:21:33.463278: phb 6.205104731821647
0:21:33.635326: phb 6.231072377234054
0:21:34.958022: phb 6.244085425685397
0:21:34.958458: phb 6.257111735945398
0:21:35.011721: phb 0.013039598516430181
0:21:35.059538: phb 0.039099881494188526
0:21:35.229179: phb 0.05211292994553154
0:21:35.229572: phb 0.06510714900793141
0:21:35.643951: phb 0.05211292994553154
0:21:35.644566: phb 0.039099881494188526
0:21:35.678233: phb 0
0:21:35.694610: phb 6.269973457106527
0:21:35.726709: phb 6.243039525536749
0:21:35.728418: phb 6.22967953311407
0:21:35.744157: phb 6.201939576576798
0:21:35.930092: phb 6.16164980730877
0:21:35.930670: phb 6.146467953209362
0:21:35.931274: phb 6.132992658677185
0:21:35.931617: phb 6.10620829633289
0:21:36.183956: phb 6.119570870405363
0:21:36.184937: phb 6.146467953209362
0:21:36.185312: phb 6.159994634076041
0:21:36.196302: phb 6.173566774540827
0:21:45.843269: amp 3
0:21:47.260630: amp 1
0:21:47.375861: amp 0
0:21:53.709667: phb 0.08954614214136009
0:21:55.072848: phb 0.07170683436571688
0:21:55.088718: phb 0.05382005623962275
0:21:55.124017: phb 0.017955978510881165
0:21:55.140486: phb 6.265229328668705
0:21:55.156673: phb 6.2293652509399635
0:21:55.175274: phb 6.2114784728138694
0:21:55.219118: phb 6.193639165038226
0:21:55.225595: phb 6.175855190912475
0:21:55.240558: phb 6.15813910194077
0:21:55.258617: phb 6.140503171402243
0:21:55.274240: phb 6.122954541982513
0:21:55.340682: phb 6.088165469536914
0:21:55.840478: phb 6.108575488864878
0:21:55.872790: phb 6.147705562467399
0:21:55.890431: phb 6.164469766735781
0:21:55.906840: phb 6.182998308340049
0:21:55.932489: phb 6.217368608732628
0:21:55.941346: phb 6.2337919675376225
0:21:55.958278: phb 6.25024203440051
0:21:55.972948: phb 6.266708446487164
0:21:56.007710: phb 0
0:21:56.032348: phb 0.015951276868835493
0:21:56.039916: phb 0.03139252502653287
0:21:56.074208: phb 0.06272472952529631
0:21:56.108981: phb 0.09248903479705024
0:21:56.140009: phb 0.10779362890527869
0:21:56.157340: phb 0.12304630667376468
0:21:56.235677: phb 0.1382430508443509
0:21:56.673331: phb 0.12304630667376468
0:21:56.707353: phb 0.10779362890527869
0:21:56.723701: phb 0.09248903479705024
0:21:56.745649: phb 0.07714086890233861
0:21:56.757791: phb 0.04634362568781009
0:21:56.775698: phb 0.030907570765562026
0:21:56.790393: phb 0.015458184414590022
0:21:56.808183: phb 0
0:21:56.846058: phb 6.267727122764996
0:21:56.874326: phb 6.252277736414024
0:21:56.907171: phb 6.236841681491776
0:21:57.256672: phb 6.253204137747496
0:21:57.289111: phb 6.268190666781403
0:21:57.305811: phb 0
0:21:57.324146: phb 0.014773158828769535
0:21:57.359508: phb 0.029538520698214072
0:21:57.423651: phb 0.05902693288620186
0:21:57.456056: phb 0.07373454560971947
0:21:57.473217: phb 0.08841161439989069
0:21:57.508068: phb 0.10156063823523039
0:21:57.557086: phb 0.11594667938698713
0:21:58.270079: phb 0.10156063823523039
0:21:58.339823: phb 0.08713097043127152
0:21:58.372333: phb 0.07266483713332887
0:21:58.407413: phb 0.04364832754469479
0:21:58.837798: phb 0.043022743248232236
0:21:59.639296: phb 0.013948953867558747
0:22:02.188230: phb 0
0:22:02.290506: phb 6.269428237764186
0:22:02.405758: phb 6.255677632206379
0:22:02.850025: phb 6.269614898116047
0:22:02.850591: phb 0
0:22:02.851066: phb 0.027134580290794384
0:22:02.891200: phb 0.05423050052255835
0:22:02.905254: phb 0.06774987683319417
0:22:02.945230: phb 0.0812457306027881
0:22:03.119903: phb 0.10814265823139543
0:22:03.120364: phb 0.12153549987081659
0:22:03.120700: phb 0.13488467182810934
0:22:03.381773: phb 0.11992385810811577
0:22:03.382228: phb 0.10670571864116618
0:22:03.406933: phb 0.09345126097790157
0:22:03.473319: phb 0.06596482931260796
0:22:03.656877: phb 0.052800144617937556
0:22:03.657319: phb 0.039099881494188526
0:22:04.421206: phb 0.025738088981470557
0:22:04.876713: phb 0
0:22:24.496968: phb 1.9737254467691447
0:22:25.492101: phb 1.6350737270999012
0:22:26.599955: phb 1.7810837153589894
0:22:39.097182: amp 7
0:22:39.194473: amp 10
0:22:39.211004: amp 14
0:22:39.227917: amp 16
0:22:39.242632: amp 18
0:22:39.262091: amp 19
0:22:39.278087: amp 20
0:22:39.300261: amp 21
0:22:39.310723: amp 22
0:22:39.328102: amp 23
0:22:39.342858: amp 24
0:22:39.361370: amp 25
0:22:39.378564: amp 27
0:22:39.398725: amp 29
0:22:39.410766: amp 32
0:22:39.428185: amp 35
0:22:39.445044: amp 37
0:22:39.460442: amp 38
0:22:39.476947: amp 40
0:22:39.502969: amp 42
0:22:39.511088: amp 43
0:22:39.526945: amp 45
0:22:39.542778: amp 46
0:22:39.559610: amp 47
0:22:39.578048: amp 48
0:22:39.604083: amp 49
0:22:39.610391: amp 51
0:22:39.626786: amp 52
0:22:39.649497: amp 53
0:22:39.660778: amp 55
0:22:39.678006: amp 56
0:22:39.710546: amp 58
0:22:39.727990: amp 59
0:22:39.745125: amp 60
0:22:39.760560: amp 61
0:22:39.810669: amp 62
0:22:39.843778: amp 64
0:22:39.878163: amp 65
0:22:39.906858: amp 66
0:22:39.909222: amp 67
0:22:39.927322: amp 68
0:22:39.944145: amp 71
0:22:39.959275: amp 72
0:22:39.977938: amp 75
0:22:40.009062: amp 78
0:22:40.010465: amp 81
0:22:40.028353: amp 82
0:22:40.045082: amp 85
0:22:40.060634: amp 86
0:22:40.076815: amp 90
0:22:46.237565: off 96
0:22:46.325364: off 100
0:22:46.342792: off 109
0:22:46.358031: off 130
0:22:46.376935: off 140
0:22:46.412251: off 148
0:22:46.412491: off 155
0:22:46.426480: off 158
0:22:46.443147: off 160
0:22:46.459724: off 164
0:22:46.476472: off 167
0:22:46.508936: off 168
0:22:46.509182: off 171
0:22:46.525394: off 172
0:22:46.541797: off 174
0:22:46.558118: off 175
0:22:46.576895: off 176
0:22:46.593138: off 177
0:22:46.613983: off 178
0:22:46.627010: off 179
0:22:46.642008: off 180
0:24:13.847379: freq 0.3
0:24:14.090602: freq 0.35
0:24:14.124096: freq 0.4
0:24:14.156292: freq 0.5
0:24:14.172997: freq 0.55
0:24:14.189535: freq 0.6
0:24:14.218227: freq 0.7
0:24:14.239108: freq 0.75
0:24:14.255699: freq 0.8
0:24:14.290083: freq 0.85
0:24:14.323536: freq 0.9
0:24:14.356859: freq 0.95
0:24:14.390367: freq 1
0:24:14.438892: freq 1.05
0:24:14.476568: freq 1.1
0:24:14.489104: freq 1.15
0:24:14.525243: freq 1.2
0:24:14.542727: freq 1.25
0:24:14.559172: freq 1.3
0:24:14.592016: freq 1.35
0:24:14.673159: freq 1.4
0:24:14.706335: freq 1.45
0:24:14.729146: freq 1.5
0:24:14.759529: freq 1.55
0:24:14.776220: freq 1.6
0:24:14.806567: freq 1.65
0:24:14.831055: freq 1.7
0:24:14.859542: freq 1.75
0:24:14.874448: freq 1.8
0:24:14.891429: freq 1.85
0:24:14.930789: freq 1.9
0:24:14.939455: freq 1.95
0:24:14.975969: freq 2
0:24:16.760392: amp 70
0:24:20.616560: amp 42
0:24:54.415953: phb 1.8816525971599842
0:24:54.596952: phb 1.8562164151255416
0:24:54.619268: phb 1.8087834423712628
0:24:54.629853: phb 1.7765301835916552
0:24:54.645373: phb 1.7273438538069152
0:24:54.662080: phb 1.6941087016640568
0:24:54.678978: phb 1.660596034288773
0:24:54.695183: phb 1.645013660037179
0:24:54.720569: phb 1.6106453303652628
0:24:54.729271: phb 1.5762786945456644
0:24:54.745768: phb 1.541200209976448
0:24:54.779157: phb 1.5236820621976301
0:24:54.796093: phb 1.4519389235906406
0:24:54.822672: phb 1.4168891270859596
0:24:54.845970: phb 1.34799450485024
0:24:54.861472: phb 1.2929465841458083
0:24:54.879108: phb 1.2762154984685359
0:24:54.895485: phb 1.259651047333946
0:24:54.922520: phb 1.24326119702763
0:24:54.928651: phb 1.1986534614775617
0:24:54.946084: phb 1.1593958348657014
0:24:54.978329: phb 1.072075618846429
0:24:54.998179: phb 1.0321023933736604
0:24:55.022736: phb 1.0074297131087704
0:24:55.029607: phb 0.9722907531657609
0:24:55.046728: phb 0.9466611228321612
0:24:55.062353: phb 0.8423146814603405
0:24:55.095449: phb 0.8285660531221413
0:24:55.123926: phb 0.8029687335801379
0:24:55.129663: phb 0.7625017813501616
0:24:55.163488: phb 0.7484415964231201
0:24:55.179096: phb 0.7209993666160371
0:24:55.245984: phb 0.6785692752236273
0:24:55.263702: phb 0.6664438206239207
0:24:55.278335: phb 0.6432659847634147
0:24:55.294011: phb 0.6171307797516795
0:24:55.329336: phb 0.5912231845769945
0:24:55.344160: phb 0.5309222795638155
0:24:55.361652: phb 0.497759242956188
0:24:55.380471: phb 0.4820899381369759
0:24:55.395802: phb 0.41160089142248163
0:24:55.428363: phb 0.3666374424199099
0:24:55.430606: phb 0.3506043391575053
0:24:55.446934: phb 0.32880516657161735
0:24:55.460819: phb 0.3074610554111922
0:24:55.495827: phb 0.29135513814773756
0:24:55.530445: phb 0.27055600424635434
0:24:55.563275: phb 0.23417468139942224
0:24:55.594066: phb 0.21102337121355183
0:24:55.662385: phb 0.18623648271376095
0:24:55.677785: phb 0.16843672361610965
0:24:55.711068: phb 0.15107644038256693
0:24:55.745208: phb 0.1341472438241723
0:24:55.778834: phb 0.11764405385492054
0:24:55.812596: phb 0.1001130106124547
0:24:55.861026: phb 0.07061584852357208
0:24:55.995462: phb 0.055740357403916564
0:24:56.077539: phb 0.04124914156881477
0:25:04.175919: phb 6.250775659933528
0:25:04.527960: phb 0.032409647246057785
0:25:04.543620: phb 0.14487456846268418
0:25:04.665337: phb 0.17646298053815576
0:25:04.665804: phb 0.20770103162915923
0:25:04.666194: phb 0.2648168687482424
0:25:04.666581: phb 0.2942903444015623
0:25:04.666958: phb 0.31850844558153607
0:25:04.667306: phb 0.3465623928703256
0:25:04.667621: phb 0.39540856078796954
0:25:04.677805: phb 0.43424448960628337
0:25:04.693481: phb 0.44689213399446437
0:25:04.727820: phb 0.4959555748610265
0:25:04.745289: phb 0.507836699572691
0:25:04.919780: phb 0.5195627635040898
0:25:04.920732: phb 0.5425482579693535
0:25:04.921129: phb 0.5538089503505259
0:25:04.921433: phb 0.5758658425357771
0:25:04.968164: phb 0.5973086660605617
0:25:04.994144: phb 0.6078022034521326
0:25:05.190130: phb 0.6255209429305272
0:25:05.190548: phb 0.6510766320129019
0:25:05.242607: phb 0.658971614038387
0:25:05.395531: phb 0.6752601414305476
0:25:05.396191: phb 0.7026027817926351
0:25:05.426133: phb 0.7127883056162901
0:25:05.495187: phb 0.7397819183426878
0:25:05.679181: phb 0.7498492306253212
0:25:05.679734: phb 0.7592324655340289
0:25:05.680282: phb 0.7884712756584762
0:25:05.680769: phb 0.7984330946979776
0:25:05.724912: phb 0.8277814893443193
0:25:05.743648: phb 0.838111237446055
0:25:05.880723: phb 0.8486366317007568
0:25:05.881206: phb 0.8702861372586121
0:25:05.881559: phb 0.8814174695327324
0:25:05.959943: phb 0.9043061981241624
0:25:06.142634: phb 0.925077034915427
0:25:06.143179: phb 0.9457261860061299
0:25:06.143714: phb 0.957786282347701
0:25:06.158956: phb 0.9744899153573343
0:25:06.184211: phb 0.9945732143259324
0:25:06.209665: phb 1.0144849269028917
0:25:06.227076: phb 1.0219937610631715
0:25:06.413405: phb 1.0485073775226188
0:25:06.413871: phb 1.0607072868829146
0:25:06.414220: phb 1.0797579090780598
0:25:06.414537: phb 1.098592114436974
0:25:06.414842: phb 1.1171988013933751
0:25:06.443644: phb 1.1355693949884031
0:25:06.693487: phb 1.153697877704754
0:25:06.694106: phb 1.1789229116053292
0:25:06.694490: phb 1.1968038210656888
0:25:06.694866: phb 1.2225414393290952
0:25:06.695186: phb 1.235595966085034
0:25:06.726946: phb 1.248770306312074
0:25:06.954859: phb 1.2754650643310395
0:25:06.955551: phb 1.302600465164364
0:25:06.956097: phb 1.3301478711155088
0:25:06.997175: phb 1.3440640553060241
0:25:07.008323: phb 1.3610642681863676
0:25:07.042480: phb 1.3749693820613909
0:25:07.207896: phb 1.3889503432072878
0:25:31.322530: phb 1.459795597116021
0:25:31.671478: phb 1.391595825505823
0:25:31.685840: phb 1.3554382034192463
0:25:31.702413: phb 1.2487103037147882
0:25:31.721538: phb 1.2110299173642944
0:25:31.736178: phb 1.1730507288166472
0:25:31.771556: phb 1.074677712749379
0:25:31.772022: phb 1.0059297383752845
0:25:31.787243: phb 0.9547832478737998
0:25:31.804106: phb 0.9181909669609009
0:25:31.820949: phb 0.8821046960162187
0:25:31.838156: phb 0.8589341051531308
0:25:31.852803: phb 0.835684312604972
0:25:31.873527: phb 0.8244926301123467
0:25:31.887012: phb 0.7413646192971719
0:25:31.904171: phb 0.7158851743857876
0:25:31.920134: phb 0.7046966018727399
0:25:31.935460: phb 0.6537085049779688
0:25:31.976414: phb 0.5861474802921852
0:25:31.987172: phb 0.5669785105361326
0:25:32.002324: phb 0.5283088358993401
0:25:32.021411: phb 0.4813827880457746
0:25:32.038650: phb 0.4509955135289944
0:25:32.052258: phb 0.42877826482768633
0:25:32.077059: phb 0.398112949787756
0:25:32.087110: phb 0.36061449562004183
0:25:32.102701: phb 0.34479994172229367
0:25:32.121462: phb 0.3074610554111922
0:25:32.154379: phb 0.2750936301630281
0:25:32.170461: phb 0.2380833533634933
0:25:32.187018: phb 0.22164994588293968
0:25:32.203866: phb 0.20509240416002772
0:25:32.221786: phb 0.18842002519678816
0:25:32.280115: phb 0.17164251163247882
0:25:32.302711: phb 0.1521692093981582
0:25:32.319577: phb 0.14722757058210517
0:25:32.381784: phb 0.11483795087442902
0:25:32.403788: phb 0.0822030824201165
0:25:32.584649: phb 0.06581669844695806
0:25:32.585223: phb 0.04939333964196319
0:26:02.124494: phb 4.7958345293144715
0:26:12.051132: phb 3.158740469344575
0:26:27.742241: phb 2.0624694331808406
0:26:42.884388: amp 45
0:26:43.371716: amp 46
0:26:43.436270: amp 47
0:26:43.471214: amp 48
0:26:43.503675: amp 49
0:26:43.520105: amp 50
0:26:43.537258: amp 52
0:26:43.571860: amp 53
0:26:43.572117: amp 54
0:26:43.603695: amp 55
0:26:43.703220: amp 56
0:26:43.752467: amp 57
0:26:43.775812: amp 58
0:26:43.787533: amp 59
0:26:43.803991: amp 61
0:26:43.818556: amp 62
0:26:43.838160: amp 64
0:26:43.852869: amp 65
0:26:43.884301: amp 66
0:26:43.902244: amp 67
0:26:43.936372: amp 69
0:26:43.978695: amp 70
0:26:46.333095: amp 74
0:26:46.568906: amp 76
0:26:46.585817: amp 78
0:26:46.621066: amp 79
0:26:46.621307: amp 81
0:26:46.668459: amp 82
0:26:46.722889: amp 83
0:26:46.734252: amp 84
0:26:46.753543: amp 85
0:26:46.769678: amp 86
0:26:46.801518: amp 88
0:26:46.824258: amp 89
0:26:46.836467: amp 90
0:26:53.695352: freq 0.85
0:26:56.018007: amp 38
0:27:00.133474: freq 2
0:27:15.779230: phb 1.5417102128772788
0:27:21.396773: phb 2.5337907641069375
0:27:46.540079: amp 62
0:28:06.939126: phb 2.3945186668620595
0:28:07.222064: phb 2.4830977117560726
0:28:07.232182: phb 2.954729701007498
0:28:07.249401: phb 3.1838390132667387
0:28:07.268158: phb 3.429944631611848
0:28:07.282278: phb 3.542663782604361
0:28:07.300962: phb 3.5969141309044925
0:28:07.466043: phb 3.63998507924063
0:28:07.466891: phb 3.663664427843833
0:28:07.467394: phb 3.686714786423153
0:28:07.467759: phb 3.720116664344893
0:28:07.468156: phb 3.7309397658851244
0:28:07.468508: phb 3.7624854479023617
0:28:07.468881: phb 3.7902856748547027
0:28:07.469242: phb 3.8196953459758305
0:28:07.469552: phb 3.8625459888566858
0:28:07.483397: phb 3.915608949400522
0:28:07.498282: phb 3.990800698849789
0:28:07.518023: phb 4.029518568377558
0:28:07.533836: phb 4.079237315270846
0:28:08.699323: phb 4.881281294400458
0:28:08.848889: phb 4.901897296507874
0:28:08.883067: phb 4.915229223832091
0:28:08.917351: phb 4.939992799015005
0:28:08.944101: phb 4.951129576128247
0:28:08.949282: phb 4.990390368977349
0:28:08.967900: phb 5.015967658278335
0:28:08.983134: phb 5.027034363011263
0:28:09.000267: phb 5.038021922311642
0:28:09.049563: phb 5.0597516081121725
0:28:09.082652: phb 5.081144743425157
0:28:09.116833: phb 5.1002818934123795
0:28:09.184154: phb 5.1154654008453875
0:28:09.200386: phb 5.13083601889086
0:28:09.216598: phb 5.209455509497079
0:28:09.247406: phb 5.24569860281785
0:28:09.270644: phb 5.265503973827001
0:28:09.300227: phb 5.281385801573498
0:28:09.350028: phb 5.310009984770509
0:28:09.452072: phb 5.332388833176573
0:28:09.501488: phb 5.35760170158971
0:28:09.515385: phb 5.373620266019039
0:28:09.552054: phb 5.389703132595634
0:28:09.582279: phb 5.423238886892347
0:28:09.653131: phb 5.439207383639332
0:28:09.683869: phb 5.45520663068604
0:28:09.783231: phb 5.487260984905253
0:28:09.857456: phb 5.503390270974505
0:28:09.865568: phb 5.511429316690914
0:28:09.966684: phb 5.527591606707762
0:28:09.998395: phb 5.543737632772059
0:28:10.101056: phb 5.560877197123118
0:28:10.133364: phb 5.5846798668711175
0:28:10.264206: phb 5.609796880424966
0:28:10.298052: phb 5.618890295278196
0:28:10.365432: phb 5.6374716094685455
0:28:10.414555: phb 5.646962828584685
0:28:10.499369: phb 5.673253685369281
0:28:10.533180: phb 5.683102790352393
0:28:28.718116: amp 60
0:28:28.939433: amp 62
0:28:28.946261: amp 63
0:28:28.962328: amp 64
0:28:28.979931: amp 65
0:28:29.040975: amp 66
0:28:29.046147: amp 67
0:28:29.063256: amp 68
0:28:29.078535: amp 70
0:28:29.096994: amp 71
0:28:29.112461: amp 72
0:28:29.139908: amp 73
0:28:29.212685: amp 74
0:28:29.229321: amp 75
0:28:29.244441: amp 76
0:28:29.262840: amp 78
0:28:29.279483: amp 79
0:28:29.295192: amp 80
0:28:29.312536: amp 81
0:28:29.347077: amp 82
0:28:29.362709: amp 83
0:28:29.379882: amp 84
0:28:29.396891: amp 85
0:28:29.428350: amp 86
0:28:29.452444: amp 87
0:28:29.464018: amp 88
0:28:29.478949: amp 89
0:28:29.496426: amp 90
0:28:38.006225: phb 1.4870398535576963
0:28:38.181260: phb 0.9151367271736569
0:28:38.193675: phb 0.6888838078925135
0:28:38.211161: phb 0.629269052552701
0:28:38.227914: phb 0.5895669537160597
0:28:38.244676: phb 0.5826615575131153
0:28:38.390723: phb 0.5655200530338134
0:28:38.391586: phb 0.5443467856275208
0:28:38.392015: phb 0.5272022868326733
0:28:38.396347: phb 0.4993028115519528
0:28:38.412647: phb 0.4711392200313751
0:28:38.428788: phb 0.4548620539369299
0:28:38.444708: phb 0.43876469125779555
0:28:38.462154: phb 0.4167561397532432
0:28:38.485218: phb 0.38509081986080324
0:28:38.495800: phb 0.34310252226990984
0:28:38.510941: phb 0.31680770207280856
0:28:38.528387: phb 0.298520680197737
0:28:38.545598: phb 0.27299836884433426
0:28:38.561188: phb 0.23927095662714795
0:28:38.585476: phb 0.21397735800829765
0:28:38.596677: phb 0.18686466685376546
0:28:38.610768: phb 0.14012325619285862
0:28:38.627396: phb 0.09279133267856415
0:28:38.644960: phb 0.01428911321619789
0:28:38.661375: phb 6.275552547357646
0:28:38.679758: phb 6.242691114422448
0:28:38.694832: phb 6.23175339594404
0:28:38.713200: phb 6.199023839007075
0:28:38.728488: phb 6.166473442816436
0:28:38.743979: phb 6.1449057611974665
0:28:38.761070: phb 6.091591024617218
0:28:38.778636: phb 6.034286886391102
0:28:38.795036: phb 5.994415820020307
0:28:38.812078: phb 5.958704991486665
0:28:39.194644: phb 5.544451228844786
0:28:39.209429: phb 5.5376016871666245
0:28:39.227550: phb 5.508992520970419
0:28:39.244668: phb 5.486843987094933
0:28:39.260986: phb 5.464204510889405
0:28:39.287194: phb 5.440389964711052
0:28:39.295925: phb 5.42392879092279
0:28:39.311343: phb 5.406987574706865
0:28:39.328227: phb 5.3716165629729
0:28:39.344997: phb 5.353167771564017
0:28:39.361607: phb 5.343747268715643
0:28:39.396342: phb 5.304743618017343
0:28:39.396762: phb 5.294656973582693
0:28:39.412494: phb 5.27407477785372
0:28:39.430247: phb 5.197718479000573
0:28:39.444546: phb 5.151073955492884
0:28:39.460735: phb 5.1022985012823305
0:28:39.476526: phb 5.064372842896538
0:28:39.497067: phb 5.025360904565433
0:28:39.509820: phb 4.971789945114375
0:28:39.527114: phb 4.86022803382421
0:28:39.543740: phb 4.730301635101224
0:28:39.562381: phb 4.47949138061719
0:28:39.578040: phb 4.379749849840185
0:28:39.596965: phb 4.282717574901297
0:28:39.612122: phb 4.152980026014161
0:28:39.627979: phb 4.103598898036924
0:28:39.644218: phb 4.04402591500588
0:28:46.705291: phb 4.330368522752076
0:28:46.925822: phb 4.838688726984939
0:28:49.165903: phb 5.398434116021416
0:28:49.489974: phb 5.445252491291589
0:28:49.505351: phb 5.588394035097045
0:28:49.522577: phb 5.653341552853323
0:28:49.705497: phb 5.6874348531197265
0:28:49.707426: phb 5.725650227044146
0:28:49.707889: phb 5.740410322909095
0:28:49.708256: phb 5.764142174061821
0:28:49.708619: phb 5.794675459249011
0:28:49.708947: phb 5.810327075182565
0:28:49.740227: phb 5.826231841790193
0:28:49.774374: phb 5.842390852009693
0:28:49.806895: phb 5.866149150745869
0:28:49.976316: phb 5.882582335224631
0:28:49.978276: phb 5.905917581475815
0:28:49.979412: phb 5.928789322710683
0:28:49.980291: phb 5.984518681318992
0:28:49.980640: phb 6.023121129928486
0:28:49.980980: phb 6.0648755597587325
0:28:49.990520: phb 6.0984188087594715
0:28:50.007212: phb 6.134938500365175
0:28:50.023524: phb 6.205370757213229
0:28:50.056864: phb 6.223857731738448
0:28:50.182408: phb 6.24056794163707
0:28:50.182959: phb 0.019681600322581105
0:28:50.183306: phb 0.06208431423335691
0:28:50.188375: phb 0.0870509042779141
0:28:50.206650: phb 0.10077381964891882
0:28:50.254692: phb 0.12809946194050809
0:28:50.273295: phb 0.14169436684731057
0:28:50.457376: phb 0.15111662852752134
0:28:50.457927: phb 0.18788771979318356
0:28:50.458319: phb 0.21069849241605035
0:28:50.458690: phb 0.2232082553678464
0:28:50.459151: phb 0.23564797618755862
0:28:50.987999: phb 0.2232082553678464
0:28:51.006329: phb 0.2134156474923548
0:28:51.022688: phb 0.20068543890378748
0:28:51.135146: phb 0.17733855710953936
0:28:51.135591: phb 0.16425608294227806
0:28:51.136011: phb 0.13792566128905914
0:28:51.136310: phb 0.1114001167100475
0:28:51.142652: phb 0.08586797131723828
0:28:51.166789: phb 0.07229759916449857
0:28:51.171443: phb 0.05870115827714863
0:28:51.206232: phb 0.017800680101656943
0:28:51.221682: phb 0.0041467256346305915
0:28:51.406983: phb 6.260025893596817
0:28:51.407627: phb 6.246381907836803
0:28:51.408016: phb 6.2327529305134295
0:28:51.408346: phb 6.205555486018847
0:28:51.408700: phb 6.191996952476051
0:28:51.409077: phb 6.177034254282738
0:28:51.409792: phb 6.1497410888526565
0:28:51.410701: phb 6.122648370908677
0:28:51.411114: phb 6.109187466550729
0:28:51.414795: phb 6.095791247489354
0:28:51.438258: phb 6.082460813679335
0:28:51.489941: phb 6.056022275515766
0:28:51.505061: phb 6.0169715295358985
0:28:51.678159: phb 6.004130700304232
0:28:51.678601: phb 5.987519309586108
0:28:51.678981: phb 5.974723993147743
0:28:51.679315: phb 5.949444180114469
0:28:51.679826: phb 5.932430413814385
0:28:51.705990: phb 5.910230896662521
0:28:51.948846: phb 5.892411216813847
0:28:51.949484: phb 5.879762351216831
0:28:51.949859: phb 5.867248000598587
0:29:51.949471: off 0
0:30:31.301242: off 5
0:30:35.908995: off 180
0:31:08.982404: phb 2.416800892405613
0:31:16.003492: off 106
0:31:25.832287: phb 0.9108337718355493
0:31:49.155298: off 180
0:31:52.370788: off 67
0:32:04.619898: phb 0.4715697839780064
0:32:08.033362: phb 0.4365794450254829
0:32:08.635828: phb 0.3707530198878887
0:32:22.673663: phb 4.069007637673164
0:32:22.690863: phb 3.959544651493798
0:32:23.760973: phb 0.09936498595192152
0:33:38.082804: phb 1.5072053161104908
0:33:40.931786: phb 4.9896998449364025
0:34:39.083934: amp 12
0:34:39.272413: amp 9
0:34:39.289413: amp 7
0:34:39.306615: amp 4
0:34:39.323478: amp 2
0:34:39.374344: amp 1
0:34:39.387356: amp 0
0:34:43.091445: freq 0.55
0:34:46.095542: amp 14
0:34:46.203803: amp 15
0:34:46.220718: amp 18
0:34:46.238662: amp 23
0:34:46.254516: amp 30
0:34:46.278138: amp 33
0:34:46.287964: amp 36
0:34:46.303880: amp 41
0:34:46.321382: amp 43
0:34:46.337788: amp 45
0:34:46.353968: amp 46
0:34:46.379545: amp 47
0:34:46.388626: amp 48
0:34:46.404489: amp 49
0:34:46.420705: amp 50
0:34:46.438903: amp 51
0:34:46.454148: amp 52
0:34:46.488070: amp 53
0:34:46.537879: amp 54
0:34:46.553568: amp 55
0:34:46.586192: amp 56
0:34:51.963807: amp 45
0:34:52.213310: amp 46
0:34:52.213487: amp 51
0:34:52.213640: amp 55
0:34:52.213781: amp 62
0:34:52.213920: amp 65
0:34:52.214045: amp 69
0:34:52.236224: amp 72
0:34:52.236378: amp 76
0:34:52.236492: amp 79
0:34:52.256585: amp 83
0:34:52.289486: amp 85
0:34:52.289637: amp 87
0:34:52.302707: amp 90
0:35:30.392091: off 173
0:35:30.543997: off 178
0:35:30.559500: off 180
0:35:30.664902: off 179
0:35:30.678060: off 180
0:35:30.888424: off 179
0:37:19.131956: off 159
0:37:21.146614: off 160
0:37:21.417077: off 161
0:37:21.689014: off 162
0:37:22.209351: off 163
0:37:22.209534: off 164
0:37:22.464690: off 165
0:37:22.908536: off 166
0:37:23.064585: off 167
0:37:23.064884: off 168
0:37:23.065115: off 169
0:37:23.065339: off 170
0:37:23.065522: off 171
0:37:23.112004: off 172
0:37:23.124876: off 173
0:37:23.156051: off 174
0:37:23.316155: off 175
0:37:23.316598: off 176
0:37:23.317221: off 177
0:37:23.317565: off 178
0:37:23.317966: off 179
0:37:23.346305: off 180
0:38:13.924246: phb 1.6965825419175997
0:38:36.031842: freq 0.9
0:38:36.298716: freq 0.95
0:38:36.822143: freq 1
0:38:37.328730: freq 1.05
0:38:37.485782: freq 1.1
0:38:37.486257: freq 1.15
0:38:37.798594: freq 1.2
0:38:38.665447: freq 1.15
0:38:39.170104: freq 1.1
0:38:39.201528: freq 1.05
0:38:39.248995: freq 1
0:38:39.266977: freq 0.95
0:38:39.299615: freq 0.9
0:38:39.329370: freq 0.85
0:38:39.519258: freq 0.8
0:38:40.026125: freq 0.75
0:38:40.058827: freq 0.7
0:38:40.087137: freq 0.65
0:38:40.118362: freq 0.6
0:38:40.159632: freq 0.55
0:38:40.182443: freq 0.5
0:38:40.212321: freq 0.45
0:38:40.259927: freq 0.4
0:38:40.278226: freq 0.35
0:38:40.308805: freq 0.3
0:38:40.339516: freq 0.25
0:38:40.370575: freq 0.2
0:38:40.404052: freq 0.15
0:38:40.433997: freq 0.1
0:38:40.466399: freq 0.05
0:38:40.499604: freq 0
0:39:43.032368: off 168
0:39:48.384695: off 176
0:40:13.500698: freq 0
0:40:13.501495: amp 0
0:40:13.504204: off 90
0:40:13.504437: phb 0
0:40:39.725009: amp 63
0:40:58.501312: freq 0.75
0:41:27.550682: off 0
0:41:34.160108: off 180
0:41:55.737150: freq 0
0:41:57.855387: freq 0.15
0:42:45.320642: off 67
0:42:56.934040: off 180
0:42:58.831838: freq 0.6
0:43:45.911332: freq 0
0:43:45.911919: amp 0
0:43:45.912202: off 90
0:43:45.912428: phb 0
