Time, Frequency, Amplitude, Offset, PhaseShift, Phase
0:00:00.063745, 0.0, 1.5414283107572988e-44, 90.0, 1.5414283107572988e-44, 119975.1796875
0:00:00.164359, 0.0, 1.5414283107572988e-44, 90.0, 1.5414283107572988e-44, 119975.8203125
0:00:00.254942, 0.0, 1.5414283107572988e-44, 90.0, 1.5414283107572988e-44, 119976.3984375
0:00:00.365288, 0.0, 1.5414283107572988e-44, 90.0, 1.5414283107572988e-44, 119977.09375
0:00:00.463362, 0.0, 1.5414283107572988e-44, 90.0, 1.5414283107572988e-44, 119977.71875
0:00:00.558403, 0.0, 1.5414283107572988e-44, 90.0, 1.5414283107572988e-44, 119978.3203125
0:00:00.668229, 0.0, 1.5414283107572988e-44, 90.0, 1.5414283107572988e-44, 119979.015625
0:00:00.764716, 0.0, 1.5414283107572988e-44, 90.0, 1.5414283107572988e-44, 119979.625
0:00:00.864409, 0.0, 1.5414283107572988e-44, 90.0, 1.5414283107572988e-44, 119980.25
0:00:00.972640, 0.0, 1.5414283107572988e-44, 90.0, 1.5414283107572988e-44, 119980.9375
0:00:01.065247, 0.0, 1.5414283107572988e-44, 90.0, 1.5414283107572988e-44, 119981.5234375
0:00:01.163315, 0.0, 1.5414283107572988e-44, 90.0, 1.5414283107572988e-44, 119982.140625
0:00:01.258314, 0.0, 1.5414283107572988e-44, 90.0, 1.5414283107572988e-44, 119982.734375
0:00:01.373246, 0.0, 1.5414283107572988e-44, 90.0, 1.5414283107572988e-44, 119983.453125
0:00:01.456131, 0.0, 1.5414283107572988e-44, 90.0, 1.5414283107572988e-44, 119983.9765625
0:00:01.571096, 0.0, 1.5414283107572988e-44, 90.0, 1.5414283107572988e-44, 119984.703125
0:00:01.686044, 0.0, 1.5414283107572988e-44, 90.0, 1.5414283107572988e-44, 119985.4296875
0:00:01.785300, 0.0, 1.5414283107572988e-44, 90.0, 1.5414283107572988e-44, 119986.046875
0:00:01.878279, 0.0, 1.5414283107572988e-44, 90.0, 1.5414283107572988e-44, 119986.6328125
0:00:01.964631, 0.0, 1.5414283107572988e-44, 90.0, 1.5414283107572988e-44, 119987.1796875
0:00:02.084810, 0.0, 1.5414283107572988e-44, 90.0, 1.5414283107572988e-44, 119987.9375
0:00:02.183497, 0.0, 1.5414283107572988e-44, 90.0, 1.5414283107572988e-44, 119988.5625
0:00:02.275485, 0.0, 1.5414283107572988e-44, 90.0, 1.5414283107572988e-44, 119989.140625
0:00:02.391445, 0.0, 1.5414283107572988e-44, 90.0, 1.5414283107572988e-44, 119989.875
0:00:02.478999, 0.0, 1.5414283107572988e-44, 90.0, 1.5414283107572988e-44, 119990.4296875
0:00:02.583295, 0.0, 1.5414283107572988e-44, 90.0, 1.5414283107572988e-44, 119991.0859375
0:00:02.668968, 0.0, 1.5414283107572988e-44, 90.0, 1.5414283107572988e-44, 119991.625
0:00:02.781921, 0.0, 1.5414283107572988e-44, 90.0, 1.5414283107572988e-44, 119992.3359375
0:00:02.896963, 0.0, 1.5414283107572988e-44, 90.0, 1.5414283107572988e-44, 119993.0703125
0:00:02.985514, 0.0, 1.5414283107572988e-44, 90.0, 1.5414283107572988e-44, 119993.6328125
0:00:03.084048, 0.0, 1.5414283107572988e-44, 90.0, 1.5414283107572988e-44, 119994.25
0:00:03.191257, 0.0, 1.5414283107572988e-44, 90.0, 1.5414283107572988e-44, 119994.9296875
0:00:03.276792, 0.0, 1.5414283107572988e-44, 90.0, 1.5414283107572988e-44, 119995.46875
0:00:03.390792, 0.0, 1.5414283107572988e-44, 90.0, 1.5414283107572988e-44, 119996.1796875
0:00:03.477276, 0.0, 1.5414283107572988e-44, 90.0, 1.5414283107572988e-44, 119996.7265625
0:00:03.601202, 0.0, 1.5414283107572988e-44, 90.0, 1.5414283107572988e-44, 119997.5078125
0:00:03.691777, 0.0, 1.5414283107572988e-44, 90.0, 1.5414283107572988e-44, 119998.0859375
0:00:03.805761, 0.0, 1.5414283107572988e-44, 90.0, 1.5414283107572988e-44, 119998.8046875
0:00:03.889371, 0.0, 1.5414283107572988e-44, 90.0, 1.5414283107572988e-44, 119999.3359375
0:00:03.997679, 0.0, 1.5414283107572988e-44, 90.0, 1.5414283107572988e-44, 120000.0078125
0:00:04.089756, 0.0, 1.5414283107572988e-44, 90.0, 1.5414283107572988e-44, 120000.578125
0:00:04.185465, 0.0, 1.5414283107572988e-44, 90.0, 1.5414283107572988e-44, 120001.1875
0:00:04.311270, 0.0, 1.5414283107572988e-44, 90.0, 1.5414283107572988e-44, 120001.9765625
0:00:04.398982, 0.0, 1.5414283107572988e-44, 90.0, 1.5414283107572988e-44, 120002.53125
0:00:04.511872, 0.0, 1.5414283107572988e-44, 90.0, 1.5414283107572988e-44, 120003.25
0:00:04.602475, 0.0, 1.5414283107572988e-44, 90.0, 1.5414283107572988e-44, 120003.8125
0:00:04.711679, 0.0, 1.5414283107572988e-44, 90.0, 1.5414283107572988e-44, 120004.5078125
0:00:04.822599, 0.0, 1.5414283107572988e-44, 90.0, 1.5414283107572988e-44, 120005.2109375
0:00:04.909268, 0.0, 1.5414283107572988e-44, 90.0, 1.5414283107572988e-44, 120005.75
0:00:05.006594, 0.0, 1.5414283107572988e-44, 90.0, 1.5414283107572988e-44, 120006.359375
0:00:05.130666, 0.0, 1.5414283107572988e-44, 90.0, 1.5414283107572988e-44, 120007.1484375
0:00:05.226813, 0.0, 1.5414283107572988e-44, 90.0, 1.5414283107572988e-44, 120007.75
0:00:05.324148, 0.0, 1.5414283107572988e-44, 90.0, 1.5414283107572988e-44, 120008.3671875
0:00:05.406128, 0.0, 1.5414283107572988e-44, 90.0, 1.5414283107572988e-44, 120008.890625
0:00:05.519999, 0.0, 1.5414283107572988e-44, 90.0, 1.5414283107572988e-44, 120009.6015625
0:00:05.616384, 0.0, 1.5414283107572988e-44, 90.0, 1.5414283107572988e-44, 120010.203125
0:00:05.707996, 0.0, 1.5414283107572988e-44, 90.0, 1.5414283107572988e-44, 120010.78125
0:00:05.820999, 0.0, 1.5414283107572988e-44, 90.0, 1.5414283107572988e-44, 120011.5
0:00:05.918047, 0.0, 1.5414283107572988e-44, 90.0, 1.5414283107572988e-44, 120012.109375
0:00:06.017323, 0.0, 1.5414283107572988e-44, 90.0, 1.5414283107572988e-44, 120012.7421875
0:00:06.114958, 0.0, 1.5414283107572988e-44, 90.0, 1.5414283107572988e-44, 120013.359375
0:00:06.236517, 0.0, 1.5414283107572988e-44, 90.0, 1.5414283107572988e-44, 120014.125
0:00:06.339126, 0.0, 1.5414283107572988e-44, 90.0, 1.5414283107572988e-44, 120014.7734375
0:00:06.427690, 0.0, 1.5414283107572988e-44, 90.0, 1.5414283107572988e-44, 120015.3203125
0:00:06.527043, 0.0, 1.5414283107572988e-44, 90.0, 1.5414283107572988e-44, 120015.9453125
0:00:06.628390, 0.0, 1.5414283107572988e-44, 90.0, 1.5414283107572988e-44, 120016.578125
0:00:06.743593, 0.0, 1.5414283107572988e-44, 90.0, 1.5414283107572988e-44, 120017.3125
0:00:06.832206, 0.0, 1.5414283107572988e-44, 90.0, 1.5414283107572988e-44, 120017.8671875
0:00:06.946246, 0.0, 1.5414283107572988e-44, 90.0, 1.5414283107572988e-44, 120018.5859375
0:00:07.040798, 0.0, 1.5414283107572988e-44, 90.0, 1.5414283107572988e-44, 120019.1796875
0:00:07.152290, 0.0, 1.5414283107572988e-44, 90.0, 1.5414283107572988e-44, 120019.8828125
0:00:07.236729, 0.0, 1.5414283107572988e-44, 90.0, 1.5414283107572988e-44, 120020.40625
0:00:07.336440, 0.0, 1.5414283107572988e-44, 90.0, 1.5414283107572988e-44, 120021.03125
0:00:07.449401, 0.0, 1.5414283107572988e-44, 90.0, 1.5414283107572988e-44, 120021.7421875
0:00:07.545772, 0.0, 1.5414283107572988e-44, 90.0, 1.5414283107572988e-44, 120022.3515625
0:00:07.655983, 0.0, 1.5414283107572988e-44, 90.0, 1.5414283107572988e-44, 120023.046875
0:00:07.753144, 0.0, 1.5414283107572988e-44, 90.0, 1.5414283107572988e-44, 120023.65625
0:00:07.836701, 0.0, 1.5414283107572988e-44, 90.0, 1.5414283107572988e-44, 120024.1875
0:00:07.958108, 0.0, 1.5414283107572988e-44, 90.0, 1.5414283107572988e-44, 120024.953125
0:00:08.055970, 0.0, 1.5414283107572988e-44, 90.0, 1.5414283107572988e-44, 120025.5703125
0:00:08.140356, 0.0, 1.5414283107572988e-44, 90.0, 1.5414283107572988e-44, 120026.109375
0:00:08.263012, 0.0, 1.5414283107572988e-44, 90.0, 1.5414283107572988e-44, 120026.890625
0:00:08.347537, 0.0, 1.5414283107572988e-44, 90.0, 1.5414283107572988e-44, 120027.4140625
0:00:08.457897, 0.0, 1.5414283107572988e-44, 90.0, 1.5414283107572988e-44, 120028.109375
0:00:08.557818, 0.0, 1.5414283107572988e-44, 90.0, 1.5414283107572988e-44, 120028.734375
0:00:08.657038, 0.0, 1.5414283107572988e-44, 90.0, 1.5414283107572988e-44, 120029.3515625
0:00:08.744553, 0.0, 1.5414283107572988e-44, 90.0, 1.5414283107572988e-44, 120029.90625
0:00:08.858503, 0.0, 1.5414283107572988e-44, 90.0, 1.5414283107572988e-44, 120030.6328125
0:00:08.944048, 0.0, 1.5414283107572988e-44, 90.0, 1.5414283107572988e-44, 120031.171875
0:00:09.058194, 0.0, 1.5414283107572988e-44, 90.0, 1.5414283107572988e-44, 120031.890625
0:00:09.171237, 0.0, 1.5414283107572988e-44, 90.0, 1.5414283107572988e-44, 120032.6015625
0:00:09.267286, 0.0, 1.5414283107572988e-44, 90.0, 1.5414283107572988e-44, 120033.2109375
0:00:09.361036, 0.0, 1.5414283107572988e-44, 90.0, 1.5414283107572988e-44, 120033.8046875
0:00:09.472035, 0.0, 1.5414283107572988e-44, 90.0, 1.5414283107572988e-44, 120034.5
0:00:09.580322, 0.0, 1.5414283107572988e-44, 90.0, 1.5414283107572988e-44, 120035.1796875
0:00:09.676995, 0.0, 1.5414283107572988e-44, 90.0, 1.5414283107572988e-44, 120035.7890625
0:00:09.770089, 0.0, 1.5414283107572988e-44, 90.0, 1.5414283107572988e-44, 120036.375
0:00:09.880496, 0.0, 1.5414283107572988e-44, 90.0, 1.5414283107572988e-44, 120037.0625
0:00:09.987786, 0.0, 1.5414283107572988e-44, 90.0, 1.5414283107572988e-44, 120037.734375
0:00:10.083100, 0.0, 1.5414283107572988e-44, 90.0, 1.5414283107572988e-44, 120038.328125
0:00:10.267150, 0.0, 1.5414283107572988e-44, 90.0, 1.5414283107572988e-44, 120039.4921875
0:00:10.389364, 0.0, 1.5414283107572988e-44, 90.0, 1.5414283107572988e-44, 120040.265625
0:00:10.487399, 0.0, 1.5414283107572988e-44, 90.0, 1.5414283107572988e-44, 120040.8828125
0:00:10.587417, 0.0, 1.5414283107572988e-44, 90.0, 1.5414283107572988e-44, 120041.515625
0:00:10.699253, 0.0, 1.5414283107572988e-44, 90.0, 1.5414283107572988e-44, 120042.21875
0:00:10.784665, 0.0, 1.5414283107572988e-44, 90.0, 1.5414283107572988e-44, 120042.765625
0:00:10.901082, 0.0, 1.5414283107572988e-44, 90.0, 1.5414283107572988e-44, 120043.4921875
0:00:10.998327, 0.0, 1.5414283107572988e-44, 90.0, 1.5414283107572988e-44, 120044.1015625
0:00:11.097643, 0.0, 1.5414283107572988e-44, 90.0, 1.5414283107572988e-44, 120044.734375
0:00:11.184184, 0.0, 1.5414283107572988e-44, 90.0, 1.5414283107572988e-44, 120045.28125
0:00:11.287508, 0.0, 1.5414283107572988e-44, 90.0, 1.5414283107572988e-44, 120045.9296875
0:00:11.401401, 0.0, 1.5414283107572988e-44, 90.0, 1.5414283107572988e-44, 120046.6484375
0:00:11.488092, 0.0, 1.5414283107572988e-44, 90.0, 1.5414283107572988e-44, 120047.1953125
0:00:11.609517, 0.0, 1.5414283107572988e-44, 90.0, 1.5414283107572988e-44, 120047.9609375
0:00:11.694150, 0.0, 1.5414283107572988e-44, 90.0, 1.5414283107572988e-44, 120048.4921875
0:00:11.789372, 0.0, 1.5414283107572988e-44, 90.0, 1.5414283107572988e-44, 120049.09375
0:00:11.914625, 0.0, 1.5414283107572988e-44, 90.0, 1.5414283107572988e-44, 120049.875
0:00:11.999482, 0.0, 1.5414283107572988e-44, 90.0, 1.5414283107572988e-44, 120050.40625
0:00:12.118988, 0.0, 1.5414283107572988e-44, 90.0, 1.5414283107572988e-44, 120051.15625
0:00:12.218281, 0.0, 1.5414283107572988e-44, 90.0, 1.5414283107572988e-44, 120051.78125
0:00:12.318983, 0.0, 1.5414283107572988e-44, 90.0, 1.5414283107572988e-44, 120052.4140625
0:00:12.402507, 0.0, 1.5414283107572988e-44, 90.0, 1.5414283107572988e-44, 120052.9296875
0:00:12.511911, 0.0, 1.5414283107572988e-44, 90.0, 1.5414283107572988e-44, 120053.6171875
0:00:12.608390, 0.0, 1.5414283107572988e-44, 90.0, 1.5414283107572988e-44, 120054.21875
0:00:12.719143, 0.0, 1.5414283107572988e-44, 90.0, 1.5414283107572988e-44, 120054.921875
0:00:12.830358, 0.0, 1.5414283107572988e-44, 90.0, 1.5414283107572988e-44, 120055.625
0:00:12.929668, 0.0, 1.5414283107572988e-44, 90.0, 1.5414283107572988e-44, 120056.25
0:00:13.029229, 0.0, 1.5414283107572988e-44, 90.0, 1.5414283107572988e-44, 120056.8671875
0:00:13.110084, 0.0, 1.5414283107572988e-44, 90.0, 1.5414283107572988e-44, 120057.375
0:00:13.220008, 0.0, 1.5414283107572988e-44, 90.0, 1.5414283107572988e-44, 120058.078125
0:00:13.318362, 0.0, 1.5414283107572988e-44, 90.0, 1.5414283107572988e-44, 120058.6953125
0:00:13.439070, 0.0, 1.5414283107572988e-44, 90.0, 1.5414283107572988e-44, 120059.453125
0:00:13.538853, 0.0, 1.5414283107572988e-44, 90.0, 1.5414283107572988e-44, 120060.078125
0:00:13.631035, 0.0, 1.5414283107572988e-44, 90.0, 1.5414283107572988e-44, 120060.6640625
0:00:13.743827, 0.0, 1.5414283107572988e-44, 90.0, 1.5414283107572988e-44, 120061.3828125
0:00:13.840912, 0.0, 1.5414283107572988e-44, 90.0, 1.5414283107572988e-44, 120061.9921875
0:00:13.939549, 0.0, 1.5414283107572988e-44, 90.0, 1.5414283107572988e-44, 120062.609375
0:00:14.031827, 0.0, 1.5414283107572988e-44, 90.0, 1.5414283107572988e-44, 120063.1875
0:00:14.148580, 0.0, 1.5414283107572988e-44, 90.0, 1.5414283107572988e-44, 120063.9140625
0:00:14.235440, 0.0, 1.5414283107572988e-44, 90.0, 1.5414283107572988e-44, 120064.4609375
0:00:14.341771, 0.0, 1.5414283107572988e-44, 90.0, 1.5414283107572988e-44, 120065.1328125
0:00:14.455852, 0.0, 1.5414283107572988e-44, 90.0, 1.5414283107572988e-44, 120065.859375
0:00:14.542025, 0.0, 1.5414283107572988e-44, 90.0, 1.5414283107572988e-44, 120066.40625
0:00:14.653716, 0.0, 1.5414283107572988e-44, 90.0, 1.5414283107572988e-44, 120067.109375
0:00:14.749457, 0.0, 1.5414283107572988e-44, 90.0, 1.5414283107572988e-44, 120067.7109375
0:00:14.843167, 0.0, 1.5414283107572988e-44, 90.0, 1.5414283107572988e-44, 120068.3046875
0:00:14.959513, 0.0, 1.5414283107572988e-44, 90.0, 1.5414283107572988e-44, 120069.03125
0:00:15.043334, 0.0, 1.5414283107572988e-44, 90.0, 1.5414283107572988e-44, 120069.5625
0:00:15.165846, 0.0, 1.5414283107572988e-44, 90.0, 1.5414283107572988e-44, 120070.34375
0:00:15.250236, 0.0, 1.5414283107572988e-44, 90.0, 1.5414283107572988e-44, 120070.8828125
0:00:15.337778, 0.0, 1.5414283107572988e-44, 90.0, 1.5414283107572988e-44, 120071.4375
0:00:15.449970, 0.0, 1.5414283107572988e-44, 90.0, 1.5414283107572988e-44, 120072.1484375
0:00:15.564881, 0.0, 1.5414283107572988e-44, 90.0, 1.5414283107572988e-44, 120072.8671875
0:00:15.660573, 0.0, 1.5414283107572988e-44, 90.0, 1.5414283107572988e-44, 120073.46875
0:00:15.759279, 0.0, 1.5414283107572988e-44, 90.0, 1.5414283107572988e-44, 120074.0859375
0:00:15.857554, 0.0, 1.5414283107572988e-44, 90.0, 1.5414283107572988e-44, 120074.7109375
0:00:15.957524, 0.0, 1.5414283107572988e-44, 90.0, 1.5414283107572988e-44, 120075.3359375
0:00:16.063881, 0.0, 1.5414283107572988e-44, 90.0, 1.5414283107572988e-44, 120076.0078125
0:00:16.180328, 0.0, 1.5414283107572988e-44, 90.0, 1.5414283107572988e-44, 120076.75
0:00:16.267815, 0.0, 1.5414283107572988e-44, 90.0, 1.5414283107572988e-44, 120077.3046875
0:00:16.357358, 0.0, 1.5414283107572988e-44, 90.0, 1.5414283107572988e-44, 120077.8671875
0:00:16.471342, 0.0, 1.5414283107572988e-44, 90.0, 1.5414283107572988e-44, 120078.5859375
0:00:16.586469, 0.0, 1.5414283107572988e-44, 90.0, 1.5414283107572988e-44, 120079.3125
0:00:16.670278, 0.0, 1.5414283107572988e-44, 90.0, 1.5414283107572988e-44, 120079.84375
0:00:16.768332, 0.0, 1.5414283107572988e-44, 90.0, 1.5414283107572988e-44, 120080.46875
0:00:16.881467, 0.0, 1.5414283107572988e-44, 90.0, 1.5414283107572988e-44, 120081.1875
0:00:16.991986, 0.0, 1.5414283107572988e-44, 90.0, 1.5414283107572988e-44, 120081.8828125
0:00:17.087627, 0.0, 1.5414283107572988e-44, 90.0, 1.5414283107572988e-44, 120082.4921875
0:00:17.172926, 0.0, 1.5414283107572988e-44, 90.0, 1.5414283107572988e-44, 120083.03125
0:00:17.287786, 0.0, 1.5414283107572988e-44, 90.0, 1.5414283107572988e-44, 120083.75
0:00:17.373292, 0.0, 1.5414283107572988e-44, 90.0, 1.5414283107572988e-44, 120084.2890625
0:00:17.488267, 0.0, 1.5414283107572988e-44, 90.0, 1.5414283107572988e-44, 120085.015625
0:00:17.573797, 0.0, 1.5414283107572988e-44, 90.0, 1.5414283107572988e-44, 120085.5546875
0:00:17.670569, 0.0, 1.5414283107572988e-44, 90.0, 1.5414283107572988e-44, 120086.1640625
0:00:17.788129, 0.0, 1.5414283107572988e-44, 90.0, 1.5414283107572988e-44, 120086.8984375
0:00:17.875228, 0.0, 1.5414283107572988e-44, 90.0, 1.5414283107572988e-44, 120087.4609375
0:00:17.990231, 0.0, 1.5414283107572988e-44, 90.0, 1.5414283107572988e-44, 120088.1875
0:00:18.077754, 0.0, 1.5414283107572988e-44, 90.0, 1.5414283107572988e-44, 120088.7421875
0:00:18.192682, 0.0, 1.5414283107572988e-44, 90.0, 1.5414283107572988e-44, 120089.4765625
0:00:18.290124, 0.0, 1.5414283107572988e-44, 90.0, 1.5414283107572988e-44, 120090.0859375
0:00:18.384170, 0.0, 1.5414283107572988e-44, 90.0, 1.5414283107572988e-44, 120090.6796875
0:00:18.493380, 0.0, 1.5414283107572988e-44, 90.0, 1.5414283107572988e-44, 120091.3671875
0:00:18.582025, 0.0, 1.5414283107572988e-44, 90.0, 1.5414283107572988e-44, 120091.9140625
0:00:18.694019, 0.0, 1.5414283107572988e-44, 90.0, 1.5414283107572988e-44, 120092.6171875
0:00:18.807090, 0.0, 1.5414283107572988e-44, 90.0, 1.5414283107572988e-44, 120093.328125
0:00:18.887065, 0.0, 1.5414283107572988e-44, 90.0, 1.5414283107572988e-44, 120093.8359375
0:00:19.001102, 0.0, 1.5414283107572988e-44, 90.0, 1.5414283107572988e-44, 120094.546875
0:00:19.099764, 0.0, 1.5414283107572988e-44, 90.0, 1.5414283107572988e-44, 120095.171875
0:00:19.200485, 0.0, 1.5414283107572988e-44, 90.0, 1.5414283107572988e-44, 120095.8046875
0:00:19.292587, 0.0, 1.5414283107572988e-44, 90.0, 1.5414283107572988e-44, 120096.3828125
0:00:19.405460, 0.0, 1.5414283107572988e-44, 90.0, 1.5414283107572988e-44, 120097.09375
0:00:19.502115, 0.0, 1.5414283107572988e-44, 90.0, 1.5414283107572988e-44, 120097.703125
0:00:19.600738, 0.0, 1.5414283107572988e-44, 90.0, 1.5414283107572988e-44, 120098.328125
0:00:19.701436, 0.0, 1.5414283107572988e-44, 90.0, 1.5414283107572988e-44, 120098.96875
0:00:19.808282, 0.0, 1.5414283107572988e-44, 90.0, 1.5414283107572988e-44, 120099.640625
0:00:19.916204, 0.0, 1.5414283107572988e-44, 90.0, 1.5414283107572988e-44, 120100.328125
0:00:20.012666, 0.0, 1.5414283107572988e-44, 90.0, 1.5414283107572988e-44, 120100.9296875
0:00:20.110354, 0.0, 1.5414283107572988e-44, 90.0, 1.5414283107572988e-44, 120101.5546875
0:00:20.221450, 0.0, 1.5414283107572988e-44, 90.0, 1.5414283107572988e-44, 120102.25
0:00:20.311799, 0.0, 1.5414283107572988e-44, 90.0, 1.5414283107572988e-44, 120102.8203125
0:00:20.432855, 0.0, 1.5414283107572988e-44, 90.0, 1.5414283107572988e-44, 120103.5859375
0:00:20.531968, 0.0, 1.5414283107572988e-44, 90.0, 1.5414283107572988e-44, 120104.203125
0:00:20.603951, 0.0, 1.5414283107572988e-44, 90.0, 1.5414283107572988e-44, 120104.65625
0:00:20.731028, 0.0, 1.5414283107572988e-44, 90.0, 1.5414283107572988e-44, 120105.4609375
0:00:20.812906, 0.0, 1.5414283107572988e-44, 90.0, 1.5414283107572988e-44, 120105.984375
0:00:20.923879, 0.0, 1.5414283107572988e-44, 90.0, 1.5414283107572988e-44, 120106.6953125
0:00:21.010470, 0.0, 1.5414283107572988e-44, 90.0, 1.5414283107572988e-44, 120107.2421875
0:00:21.111137, 0.0, 1.5414283107572988e-44, 90.0, 1.5414283107572988e-44, 120107.875
0:00:21.231520, 0.0, 1.5414283107572988e-44, 90.0, 1.5414283107572988e-44, 120108.6328125
0:00:21.331242, 0.0, 1.5414283107572988e-44, 90.0, 1.5414283107572988e-44, 120109.265625
0:00:21.431925, 0.0, 1.5414283107572988e-44, 90.0, 1.5414283107572988e-44, 120109.8984375
0:00:21.513860, 0.0, 1.5414283107572988e-44, 90.0, 1.5414283107572988e-44, 120110.4140625
0:00:21.625909, 0.0, 1.5414283107572988e-44, 90.0, 1.5414283107572988e-44, 120111.1171875
0:00:21.723559, 0.0, 1.5414283107572988e-44, 90.0, 1.5414283107572988e-44, 120111.734375
0:00:21.835509, 0.0, 1.5414283107572988e-44, 90.0, 1.5414283107572988e-44, 120112.4375
0:00:21.933281, 0.0, 1.5414283107572988e-44, 90.0, 1.5414283107572988e-44, 120113.0546875
0:00:22.031881, 0.0, 1.5414283107572988e-44, 90.0, 1.5414283107572988e-44, 120113.6796875
0:00:22.131629, 0.0, 1.5414283107572988e-44, 90.0, 1.5414283107572988e-44, 120114.3046875
0:00:22.239122, 0.0, 1.5414283107572988e-44, 90.0, 1.5414283107572988e-44, 120114.9765625
0:00:22.326625, 0.0, 1.5414283107572988e-44, 90.0, 1.5414283107572988e-44, 120115.53125
0:00:22.431796, 0.0, 1.5414283107572988e-44, 90.0, 1.5414283107572988e-44, 120116.1875
0:00:22.546753, 0.0, 1.5414283107572988e-44, 90.0, 1.5414283107572988e-44, 120116.90625
0:00:22.635320, 0.0, 1.5414283107572988e-44, 90.0, 1.5414283107572988e-44, 120117.46875
0:00:22.749944, 0.0, 1.5414283107572988e-44, 90.0, 1.5414283107572988e-44, 120118.1875
0:00:22.833525, 0.0, 1.5414283107572988e-44, 90.0, 1.5414283107572988e-44, 120118.7109375
0:00:22.949424, 0.0, 1.5414283107572988e-44, 90.0, 1.5414283107572988e-44, 120119.4375
0:00:23.037811, 0.0, 1.5414283107572988e-44, 90.0, 1.5414283107572988e-44, 120119.984375
0:00:23.153303, 0.0, 1.5414283107572988e-44, 90.0, 1.5414283107572988e-44, 120120.7109375
0:00:23.252481, 0.0, 1.5414283107572988e-44, 90.0, 1.5414283107572988e-44, 120121.3359375
0:00:23.346330, 0.0, 1.5414283107572988e-44, 90.0, 1.5414283107572988e-44, 120121.9296875
0:00:23.459145, 0.0, 1.5414283107572988e-44, 90.0, 1.5414283107572988e-44, 120122.640625
0:00:23.547667, 0.0, 1.5414283107572988e-44, 90.0, 1.5414283107572988e-44, 120123.1953125
0:00:23.663078, 0.0, 1.5414283107572988e-44, 90.0, 1.5414283107572988e-44, 120123.921875
0:00:23.747853, 0.0, 1.5414283107572988e-44, 90.0, 1.5414283107572988e-44, 120124.4609375
0:00:23.873315, 0.0, 1.5414283107572988e-44, 90.0, 1.5414283107572988e-44, 120125.25
0:00:23.957633, 0.0, 1.5414283107572988e-44, 90.0, 1.5414283107572988e-44, 120125.78125
0:00:24.054137, 0.0, 1.5414283107572988e-44, 90.0, 1.5414283107572988e-44, 120126.390625
0:00:24.152870, 0.0, 1.5414283107572988e-44, 90.0, 1.5414283107572988e-44, 120127.015625
0:00:24.263208, 0.0, 1.5414283107572988e-44, 90.0, 1.5414283107572988e-44, 120127.7109375
0:00:24.352410, 0.0, 1.5414283107572988e-44, 90.0, 1.5414283107572988e-44, 120128.265625
0:00:24.459797, 0.0, 1.5414283107572988e-44, 90.0, 1.5414283107572988e-44, 120128.9453125
0:00:24.573705, 0.0, 1.5414283107572988e-44, 90.0, 1.5414283107572988e-44, 120129.6640625
0:00:24.679984, 0.0, 1.5414283107572988e-44, 90.0, 1.5414283107572988e-44, 120130.3359375
0:00:24.769316, 0.0, 1.5414283107572988e-44, 90.0, 1.5414283107572988e-44, 120130.8984375
0:00:24.852813, 0.0, 1.5414283107572988e-44, 90.0, 1.5414283107572988e-44, 120131.421875
0:00:24.974999, 0.0, 1.5414283107572988e-44, 90.0, 1.5414283107572988e-44, 120132.1953125
0:00:25.073495, 0.0, 1.5414283107572988e-44, 90.0, 1.5414283107572988e-44, 120132.8125
0:00:25.164183, 0.0, 1.5414283107572988e-44, 90.0, 1.5414283107572988e-44, 120133.3828125
0:00:25.282449, 0.0, 1.5414283107572988e-44, 90.0, 1.5414283107572988e-44, 120134.1171875
0:00:25.376850, 0.0, 1.5414283107572988e-44, 90.0, 1.5414283107572988e-44, 120134.71875
0:00:25.474633, 0.0, 1.5414283107572988e-44, 90.0, 1.5414283107572988e-44, 120135.328125
0:00:25.575996, 0.0, 1.5414283107572988e-44, 90.0, 1.5414283107572988e-44, 120135.9609375
0:00:25.691050, 0.0, 1.5414283107572988e-44, 90.0, 1.5414283107572988e-44, 120136.6875
0:00:25.777446, 0.0, 1.5414283107572988e-44, 90.0, 1.5414283107572988e-44, 120137.2421875
0:00:25.895839, 0.0, 1.5414283107572988e-44, 90.0, 1.5414283107572988e-44, 120137.984375
0:00:25.993380, 0.0, 1.5414283107572988e-44, 90.0, 1.5414283107572988e-44, 120138.59375
0:00:26.078402, 0.0, 1.5414283107572988e-44, 90.0, 1.5414283107572988e-44, 120139.140625
0:00:26.197861, 0.0, 1.5414283107572988e-44, 90.0, 1.5414283107572988e-44, 120139.8984375
0:00:26.284480, 0.0, 1.5414283107572988e-44, 90.0, 1.5414283107572988e-44, 120140.4453125
0:00:26.394426, 0.0, 1.5414283107572988e-44, 90.0, 1.5414283107572988e-44, 120141.140625
0:00:26.483954, 0.0, 1.5414283107572988e-44, 90.0, 1.5414283107572988e-44, 120141.703125
0:00:26.598884, 0.0, 1.5414283107572988e-44, 90.0, 1.5414283107572988e-44, 120142.4296875
0:00:26.708013, 0.0, 1.5414283107572988e-44, 90.0, 1.5414283107572988e-44, 120143.1171875
0:00:26.803506, 0.0, 1.5414283107572988e-44, 90.0, 1.5414283107572988e-44, 120143.71875
0:00:26.893027, 0.0, 1.5414283107572988e-44, 90.0, 1.5414283107572988e-44, 120144.28125
0:00:27.013567, 0.0, 1.5414283107572988e-44, 90.0, 1.5414283107572988e-44, 120145.0390625
0:00:27.103086, 0.0, 1.5414283107572988e-44, 90.0, 1.5414283107572988e-44, 120145.609375
0:00:27.190658, 0.0, 1.5414283107572988e-44, 90.0, 1.5414283107572988e-44, 120146.1640625
0:00:27.306173, 0.0, 1.5414283107572988e-44, 90.0, 1.5414283107572988e-44, 120146.890625
0:00:27.402078, 0.0, 1.5414283107572988e-44, 90.0, 1.5414283107572988e-44, 120147.4921875
0:00:27.518999, 0.0, 1.5414283107572988e-44, 90.0, 1.5414283107572988e-44, 120148.234375
0:00:27.606448, 0.0, 1.5414283107572988e-44, 90.0, 1.5414283107572988e-44, 120148.78125
0:00:27.706080, 0.0, 1.5414283107572988e-44, 90.0, 1.5414283107572988e-44, 120149.3984375
0:00:27.804227, 0.0, 1.5414283107572988e-44, 90.0, 1.5414283107572988e-44, 120150.015625
0:00:27.924397, 0.0, 1.5414283107572988e-44, 90.0, 1.5414283107572988e-44, 120150.7734375
0:00:28.016368, 0.0, 1.5414283107572988e-44, 90.0, 1.5414283107572988e-44, 120151.3515625
0:00:28.130386, 0.0, 1.5414283107572988e-44, 90.0, 1.5414283107572988e-44, 120152.0703125
0:00:28.216940, 0.0, 1.5414283107572988e-44, 90.0, 1.5414283107572988e-44, 120152.6171875
0:00:28.328685, 0.0, 1.5414283107572988e-44, 90.0, 1.5414283107572988e-44, 120153.328125
0:00:28.422998, 0.0, 1.5414283107572988e-44, 90.0, 1.5414283107572988e-44, 120153.921875
0:00:28.511599, 0.0, 1.5414283107572988e-44, 90.0, 1.5414283107572988e-44, 120154.484375
0:00:28.626481, 0.0, 1.5414283107572988e-44, 90.0, 1.5414283107572988e-44, 120155.2109375
0:00:28.726654, 0.0, 1.5414283107572988e-44, 90.0, 1.5414283107572988e-44, 120155.8359375
0:00:28.824308, 0.0, 1.5414283107572988e-44, 90.0, 1.5414283107572988e-44, 120156.453125
0:00:28.925264, 0.0, 1.5414283107572988e-44, 90.0, 1.5414283107572988e-44, 120157.078125
0:00:29.009338, 0.0, 1.5414283107572988e-44, 90.0, 1.5414283107572988e-44, 120157.609375
0:00:29.124244, 0.0, 1.5414283107572988e-44, 90.0, 1.5414283107572988e-44, 120158.3359375
0:00:29.223006, 0.0, 1.5414283107572988e-44, 90.0, 1.5414283107572988e-44, 120158.9609375
0:00:29.329206, 0.0, 1.5414283107572988e-44, 90.0, 1.5414283107572988e-44, 120159.6328125
0:00:29.444599, 0.0, 1.5414283107572988e-44, 90.0, 1.5414283107572988e-44, 120160.359375
0:00:29.531276, 0.0, 1.5414283107572988e-44, 90.0, 1.5414283107572988e-44, 120160.90625
0:00:29.645792, 0.0, 1.5414283107572988e-44, 90.0, 1.5414283107572988e-44, 120161.625
0:00:29.727202, 0.0, 1.5414283107572988e-44, 90.0, 1.5414283107572988e-44, 120162.1484375
0:00:29.839161, 0.0, 1.5414283107572988e-44, 90.0, 1.5414283107572988e-44, 120162.859375
0:00:29.935534, 0.0, 1.5414283107572988e-44, 90.0, 1.5414283107572988e-44, 120163.4609375
0:00:30.042757, 0.0, 1.5414283107572988e-44, 90.0, 1.5414283107572988e-44, 120164.140625
0:00:30.129868, 0.0, 1.5414283107572988e-44, 90.0, 1.5414283107572988e-44, 120164.6796875
0:00:30.246549, 0.0, 1.5414283107572988e-44, 90.0, 1.5414283107572988e-44, 120165.4296875
0:00:30.344652, 0.0, 1.5414283107572988e-44, 90.0, 1.5414283107572988e-44, 120166.0546875
0:00:30.448333, 0.0, 1.5414283107572988e-44, 90.0, 1.5414283107572988e-44, 120166.6953125
0:00:30.532369, 0.0, 1.5414283107572988e-44, 90.0, 1.5414283107572988e-44, 120167.21875
0:00:30.648934, 0.0, 1.5414283107572988e-44, 90.0, 1.5414283107572988e-44, 120167.9609375
0:00:30.735474, 0.0, 1.5414283107572988e-44, 90.0, 1.5414283107572988e-44, 120168.5078125
0:00:30.852902, 0.0, 1.5414283107572988e-44, 90.0, 1.5414283107572988e-44, 120169.2421875
0:00:30.958204, 0.0, 1.5414283107572988e-44, 90.0, 1.5414283107572988e-44, 120169.90625
0:00:31.051541, 0.0, 1.5414283107572988e-44, 90.0, 1.5414283107572988e-44, 120170.4921875
0:00:31.136216, 0.0, 1.5414283107572988e-44, 90.0, 1.5414283107572988e-44, 120171.0234375
0:00:31.255960, 0.0, 1.5414283107572988e-44, 90.0, 1.5414283107572988e-44, 120171.7734375
0:00:31.354842, 0.0, 1.5414283107572988e-44, 90.0, 1.5414283107572988e-44, 120172.390625
0:00:31.465782, 0.0, 1.5414283107572988e-44, 90.0, 1.5414283107572988e-44, 120173.0859375
0:00:31.547610, 0.0, 1.5414283107572988e-44, 90.0, 1.5414283107572988e-44, 120173.59375
0:00:31.663579, 0.0, 1.5414283107572988e-44, 90.0, 1.5414283107572988e-44, 120174.3203125
0:00:31.747209, 0.0, 1.5414283107572988e-44, 90.0, 1.5414283107572988e-44, 120174.8515625
0:00:31.856616, 0.0, 1.5414283107572988e-44, 90.0, 1.5414283107572988e-44, 120175.546875
0:00:31.958030, 0.0, 1.5414283107572988e-44, 90.0, 1.5414283107572988e-44, 120176.1875
0:00:32.054637, 0.0, 1.5414283107572988e-44, 90.0, 1.5414283107572988e-44, 120176.796875
0:00:32.157013, 0.0, 1.5414283107572988e-44, 90.0, 1.5414283107572988e-44, 120177.453125
0:00:32.256387, 0.0, 1.5414283107572988e-44, 90.0, 1.5414283107572988e-44, 120178.078125
0:00:32.355670, 0.0, 1.5414283107572988e-44, 90.0, 1.5414283107572988e-44, 120178.7109375
0:00:32.477591, 0.0, 1.5414283107572988e-44, 90.0, 1.5414283107572988e-44, 120179.4765625
0:00:32.576225, 0.0, 1.5414283107572988e-44, 90.0, 1.5414283107572988e-44, 120180.09375
0:00:32.667894, 0.0, 1.5414283107572988e-44, 90.0, 1.5414283107572988e-44, 120180.6640625
0:00:32.755499, 0.0, 1.5414283107572988e-44, 90.0, 1.5414283107572988e-44, 120181.2265625
0:00:32.853612, 0.0, 1.5414283107572988e-44, 90.0, 1.5414283107572988e-44, 120181.84375
0:00:32.970582, 0.0, 1.5414283107572988e-44, 90.0, 1.5414283107572988e-44, 120182.578125
0:00:33.056028, 0.0, 1.5414283107572988e-44, 90.0, 1.5414283107572988e-44, 120183.1171875
0:00:33.177511, 0.0, 1.5414283107572988e-44, 90.0, 1.5414283107572988e-44, 120183.8828125
0:00:33.278136, 0.0, 1.5414283107572988e-44, 90.0, 1.5414283107572988e-44, 120184.5078125
0:00:33.375800, 0.0, 1.5414283107572988e-44, 90.0, 1.5414283107572988e-44, 120185.125
0:00:33.460112, 0.0, 1.5414283107572988e-44, 90.0, 1.5414283107572988e-44, 120185.65625
0:00:33.574938, 0.0, 1.5414283107572988e-44, 90.0, 1.5414283107572988e-44, 120186.3828125
0:00:33.662546, 0.0, 1.5414283107572988e-44, 90.0, 1.5414283107572988e-44, 120186.9375
0:00:33.776375, 0.0, 1.5414283107572988e-44, 90.0, 1.5414283107572988e-44, 120187.65625
0:00:33.876767, 0.0, 1.5414283107572988e-44, 90.0, 1.5414283107572988e-44, 120188.296875
0:00:33.976183, 0.0, 1.5414283107572988e-44, 90.0, 1.5414283107572988e-44, 120188.921875
0:00:34.067789, 0.0, 1.5414283107572988e-44, 90.0, 1.5414283107572988e-44, 120189.5078125
0:00:34.179806, 0.0, 1.5414283107572988e-44, 90.0, 1.5414283107572988e-44, 120190.2109375
0:00:34.267247, 0.0, 1.5414283107572988e-44, 90.0, 1.5414283107572988e-44, 120190.7578125
0:00:34.385372, 0.0, 1.5414283107572988e-44, 90.0, 1.5414283107572988e-44, 120191.5
0:00:34.485871, 0.0, 1.5414283107572988e-44, 90.0, 1.5414283107572988e-44, 120192.125
0:00:34.567826, 0.0, 1.5414283107572988e-44, 90.0, 1.5414283107572988e-44, 120192.640625
0:00:34.682703, 0.0, 1.5414283107572988e-44, 90.0, 1.5414283107572988e-44, 120193.3671875
0:00:34.797690, 0.0, 1.5414283107572988e-44, 90.0, 1.5414283107572988e-44, 120194.0859375
0:00:34.907341, 0.0, 1.5414283107572988e-44, 90.0, 1.5414283107572988e-44, 120194.7734375
0:00:34.978173, 0.0, 1.5414283107572988e-44, 90.0, 1.5414283107572988e-44, 120195.21875
0:00:35.106187, 0.0, 1.5414283107572988e-44, 90.0, 1.5414283107572988e-44, 120196.0234375
0:00:35.190717, 0.0, 1.5414283107572988e-44, 90.0, 1.5414283107572988e-44, 120196.5625
0:00:35.303680, 0.0, 1.5414283107572988e-44, 90.0, 1.5414283107572988e-44, 120197.2734375
0:00:35.387107, 0.0, 1.5414283107572988e-44, 90.0, 1.5414283107572988e-44, 120197.7890625
0:00:35.503551, 0.0, 1.5414283107572988e-44, 90.0, 1.5414283107572988e-44, 120198.5234375
0:00:35.592163, 0.0, 1.5414283107572988e-44, 90.0, 1.5414283107572988e-44, 120199.0859375
0:00:35.700377, 0.0, 1.5414283107572988e-44, 90.0, 1.5414283107572988e-44, 120199.765625
0:00:35.786905, 0.0, 1.5414283107572988e-44, 90.0, 1.5414283107572988e-44, 120200.3125
0:00:35.887281, 0.0, 1.5414283107572988e-44, 90.0, 1.5414283107572988e-44, 120200.9375
0:00:36.008555, 0.0, 1.5414283107572988e-44, 90.0, 1.5414283107572988e-44, 120201.703125
0:00:36.107240, 0.0, 1.5414283107572988e-44, 90.0, 1.5414283107572988e-44, 120202.328125
0:00:36.198961, 0.0, 1.5414283107572988e-44, 90.0, 1.5414283107572988e-44, 120202.90625
0:00:36.311880, 0.0, 1.5414283107572988e-44, 90.0, 1.5414283107572988e-44, 120203.6171875
0:00:36.398502, 0.0, 1.5414283107572988e-44, 90.0, 1.5414283107572988e-44, 120204.171875
0:00:36.513431, 0.0, 1.5414283107572988e-44, 90.0, 1.5414283107572988e-44, 120204.890625
0:00:36.600101, 0.0, 1.5414283107572988e-44, 90.0, 1.5414283107572988e-44, 120205.4375
0:00:36.718969, 0.0, 1.5414283107572988e-44, 90.0, 1.5414283107572988e-44, 120206.1875
0:00:36.817418, 0.0, 1.5414283107572988e-44, 90.0, 1.5414283107572988e-44, 120206.8046875
0:00:36.917751, 0.0, 1.5414283107572988e-44, 90.0, 1.5414283107572988e-44, 120207.4453125
0:00:37.009531, 0.0, 1.5414283107572988e-44, 90.0, 1.5414283107572988e-44, 120208.015625
0:00:37.097077, 0.0, 1.5414283107572988e-44, 90.0, 1.5414283107572988e-44, 120208.5703125
0:00:37.212106, 0.0, 1.5414283107572988e-44, 90.0, 1.5414283107572988e-44, 120209.296875
0:00:37.323984, 0.0, 1.5414283107572988e-44, 90.0, 1.5414283107572988e-44, 120210.0
0:00:37.407562, 0.0, 1.5414283107572988e-44, 90.0, 1.5414283107572988e-44, 120210.53125
0:00:37.508865, 0.0, 1.5414283107572988e-44, 90.0, 1.5414283107572988e-44, 120211.1640625
0:00:37.637765, 0.0, 1.5414283107572988e-44, 90.0, 1.5414283107572988e-44, 120211.9765625
0:00:37.721322, 0.0, 1.5414283107572988e-44, 90.0, 1.5414283107572988e-44, 120212.5078125
0:00:37.814715, 0.0, 1.5414283107572988e-44, 90.0, 1.5414283107572988e-44, 120213.09375
0:00:37.929605, 0.0, 1.5414283107572988e-44, 90.0, 1.5414283107572988e-44, 120213.828125
0:00:38.024808, 0.0, 1.5414283107572988e-44, 90.0, 1.5414283107572988e-44, 120214.4375
0:00:38.112400, 0.0, 1.5414283107572988e-44, 90.0, 1.5414283107572988e-44, 120214.984375
0:00:38.225415, 0.0, 1.5414283107572988e-44, 90.0, 1.5414283107572988e-44, 120215.6953125
0:00:38.331674, 0.0, 1.5414283107572988e-44, 90.0, 1.5414283107572988e-44, 120216.375
0:00:38.431031, 0.0, 1.5414283107572988e-44, 90.0, 1.5414283107572988e-44, 120217.0
0:00:38.528544, 0.0, 1.5414283107572988e-44, 90.0, 1.5414283107572988e-44, 120217.609375
0:00:38.630891, 0.0, 1.5414283107572988e-44, 90.0, 1.5414283107572988e-44, 120218.2578125
0:00:38.715378, 0.0, 1.5414283107572988e-44, 90.0, 1.5414283107572988e-44, 120218.7890625
0:00:38.833297, 0.0, 1.5414283107572988e-44, 90.0, 1.5414283107572988e-44, 120219.5390625
0:00:38.931695, 0.0, 1.5414283107572988e-44, 90.0, 1.5414283107572988e-44, 120220.1640625
0:00:39.028066, 0.0, 1.5414283107572988e-44, 90.0, 1.5414283107572988e-44, 120220.765625
0:00:39.128855, 0.0, 1.5414283107572988e-44, 90.0, 1.5414283107572988e-44, 120221.3984375
0:00:39.219621, 0.0, 1.5414283107572988e-44, 90.0, 1.5414283107572988e-44, 120221.9765625
0:00:39.328887, 0.0, 1.5414283107572988e-44, 90.0, 1.5414283107572988e-44, 120222.6640625
0:00:39.424987, 0.0, 1.5414283107572988e-44, 90.0, 1.5414283107572988e-44, 120223.265625
0:00:39.533302, 0.0, 1.5414283107572988e-44, 90.0, 1.5414283107572988e-44, 120223.953125
0:00:39.646094, 0.0, 1.5414283107572988e-44, 90.0, 1.5414283107572988e-44, 120224.65625
0:00:39.753958, 0.0, 1.5414283107572988e-44, 90.0, 1.5414283107572988e-44, 120225.328125
0:00:39.848110, 0.0, 1.5414283107572988e-44, 90.0, 1.5414283107572988e-44, 120225.921875
0:00:39.931079, 0.0, 1.5414283107572988e-44, 90.0, 1.5414283107572988e-44, 120226.453125
0:00:40.054864, 0.0, 1.5414283107572988e-44, 90.0, 1.5414283107572988e-44, 120227.234375
0:00:40.140463, 0.0, 1.5414283107572988e-44, 90.0, 1.5414283107572988e-44, 120227.7734375
0:00:40.260978, 0.0, 1.5414283107572988e-44, 90.0, 1.5414283107572988e-44, 120228.53125
0:00:40.347548, 0.0, 1.5414283107572988e-44, 90.0, 1.5414283107572988e-44, 120229.078125
0:00:40.449172, 0.0, 1.5414283107572988e-44, 90.0, 1.5414283107572988e-44, 120229.71875
0:00:40.569317, 0.0, 1.5414283107572988e-44, 90.0, 1.5414283107572988e-44, 120230.4765625
0:00:40.640431, 0.0, 1.5414283107572988e-44, 90.0, 1.5414283107572988e-44, 120230.9296875
0:00:40.760043, 0.0, 1.5414283107572988e-44, 90.0, 1.5414283107572988e-44, 120231.671875
0:00:40.859302, 0.0, 1.5414283107572988e-44, 90.0, 1.5414283107572988e-44, 120232.296875
0:00:40.948921, 0.0, 1.5414283107572988e-44, 90.0, 1.5414283107572988e-44, 120232.8671875
0:00:41.062808, 0.0, 1.5414283107572988e-44, 90.0, 1.5414283107572988e-44, 120233.5859375
0:00:41.158858, 0.0, 1.5414283107572988e-44, 90.0, 1.5414283107572988e-44, 120234.1875
0:00:41.259452, 0.0, 1.5414283107572988e-44, 90.0, 1.5414283107572988e-44, 120234.8203125
0:00:41.370711, 0.0, 1.5414283107572988e-44, 90.0, 1.5414283107572988e-44, 120235.5234375
0:00:41.469430, 0.0, 1.5414283107572988e-44, 90.0, 1.5414283107572988e-44, 120236.1484375
0:00:41.563198, 0.0, 1.5414283107572988e-44, 90.0, 1.5414283107572988e-44, 120236.734375
0:00:41.679628, 0.0, 1.5414283107572988e-44, 90.0, 1.5414283107572988e-44, 120237.4609375
0:00:41.772622, 0.0, 1.5414283107572988e-44, 90.0, 1.5414283107572988e-44, 120238.046875
0:00:41.868368, 0.0, 1.5414283107572988e-44, 90.0, 1.5414283107572988e-44, 120238.65625
0:00:41.982850, 0.0, 1.5414283107572988e-44, 90.0, 1.5414283107572988e-44, 120239.375
0:00:42.068946, 0.0, 1.5414283107572988e-44, 90.0, 1.5414283107572988e-44, 120239.921875
0:00:42.190820, 0.0, 1.5414283107572988e-44, 90.0, 1.5414283107572988e-44, 120240.6796875
0:00:42.289417, 0.0, 1.5414283107572988e-44, 90.0, 1.5414283107572988e-44, 120241.3046875
0:00:42.380886, 0.0, 1.5414283107572988e-44, 90.0, 1.5414283107572988e-44, 120241.8828125
0:00:42.495947, 0.0, 1.5414283107572988e-44, 90.0, 1.5414283107572988e-44, 120242.609375
0:00:42.583898, 0.0, 1.5414283107572988e-44, 90.0, 1.5414283107572988e-44, 120243.1640625
0:00:42.699872, 0.0, 1.5414283107572988e-44, 90.0, 1.5414283107572988e-44, 120243.8984375
0:00:42.785242, 0.0, 1.5414283107572988e-44, 90.0, 1.5414283107572988e-44, 120244.4375
0:00:42.882340, 0.0, 1.5414283107572988e-44, 90.0, 1.5414283107572988e-44, 120245.046875
0:00:42.980178, 0.0, 1.5414283107572988e-44, 90.0, 1.5414283107572988e-44, 120245.65625
0:00:43.080469, 0.0, 1.5414283107572988e-44, 90.0, 1.5414283107572988e-44, 120246.28125
0:00:43.189899, 0.0, 1.5414283107572988e-44, 90.0, 1.5414283107572988e-44, 120246.96875
0:00:43.290806, 0.0, 1.5414283107572988e-44, 90.0, 1.5414283107572988e-44, 120247.6015625
0:00:43.390393, 0.0, 1.5414283107572988e-44, 90.0, 1.5414283107572988e-44, 120248.2265625
0:00:43.502181, 0.0, 1.5414283107572988e-44, 90.0, 1.5414283107572988e-44, 120248.9140625
0:00:43.601107, 0.0, 1.5414283107572988e-44, 90.0, 1.5414283107572988e-44, 120249.5390625
0:00:43.689635, 0.0, 1.5414283107572988e-44, 90.0, 1.5414283107572988e-44, 120250.09375
0:00:43.807161, 0.0, 1.5414283107572988e-44, 90.0, 1.5414283107572988e-44, 120250.8359375
0:00:43.891526, 0.0, 1.5414283107572988e-44, 90.0, 1.5414283107572988e-44, 120251.359375
0:00:44.004986, 0.0, 1.5414283107572988e-44, 90.0, 1.5414283107572988e-44, 120252.078125
0:00:44.102424, 0.0, 1.5414283107572988e-44, 90.0, 1.5414283107572988e-44, 120252.6953125
0:00:44.194562, 0.0, 1.5414283107572988e-44, 90.0, 1.5414283107572988e-44, 120253.2734375
0:00:44.320602, 0.0, 1.5414283107572988e-44, 90.0, 1.5414283107572988e-44, 120254.0625
0:00:44.421861, 0.0, 1.5414283107572988e-44, 90.0, 1.5414283107572988e-44, 120254.703125
0:00:44.521418, 0.0, 1.5414283107572988e-44, 90.0, 1.5414283107572988e-44, 120255.3203125
0:00:44.603806, 0.0, 1.5414283107572988e-44, 90.0, 1.5414283107572988e-44, 120255.8359375
0:00:44.715050, 0.0, 1.5414283107572988e-44, 90.0, 1.5414283107572988e-44, 120256.546875
0:00:44.810520, 0.0, 1.5414283107572988e-44, 90.0, 1.5414283107572988e-44, 120257.1484375
0:00:44.923422, 0.0, 1.5414283107572988e-44, 90.0, 1.5414283107572988e-44, 120257.859375
0:00:45.021694, 0.0, 1.5414283107572988e-44, 90.0, 1.5414283107572988e-44, 120258.46875
0:00:45.119786, 0.0, 1.5414283107572988e-44, 90.0, 1.5414283107572988e-44, 120259.0859375
0:00:45.220516, 0.0, 1.5414283107572988e-44, 90.0, 1.5414283107572988e-44, 120259.71875
0:00:45.310038, 0.0, 1.5414283107572988e-44, 90.0, 1.5414283107572988e-44, 120260.28125
0:00:45.422962, 0.0, 1.5414283107572988e-44, 90.0, 1.5414283107572988e-44, 120260.9921875
0:00:45.533176, 0.0, 1.5414283107572988e-44, 90.0, 1.5414283107572988e-44, 120261.6953125
0:00:45.630432, 0.0, 1.5414283107572988e-44, 90.0, 1.5414283107572988e-44, 120262.3046875
0:00:45.722688, 0.0, 1.5414283107572988e-44, 90.0, 1.5414283107572988e-44, 120262.8828125
0:00:45.831857, 0.0, 1.5414283107572988e-44, 90.0, 1.5414283107572988e-44, 120263.5625
0:00:45.930340, 0.0, 1.5414283107572988e-44, 90.0, 1.5414283107572988e-44, 120264.1875
0:00:46.022289, 0.0, 1.5414283107572988e-44, 90.0, 1.5414283107572988e-44, 120264.765625
0:00:46.130826, 0.0, 1.5414283107572988e-44, 90.0, 1.5414283107572988e-44, 120265.453125
0:00:46.228623, 0.0, 1.5414283107572988e-44, 90.0, 1.5414283107572988e-44, 120266.0703125
0:00:46.341334, 0.0, 1.5414283107572988e-44, 90.0, 1.5414283107572988e-44, 120266.7734375
0:00:46.425407, 0.0, 1.5414283107572988e-44, 90.0, 1.5414283107572988e-44, 120267.3125
0:00:46.546082, 0.0, 1.5414283107572988e-44, 90.0, 1.5414283107572988e-44, 120268.0625
0:00:46.641352, 0.0, 1.5414283107572988e-44, 90.0, 1.5414283107572988e-44, 120268.6640625
0:00:46.756325, 0.0, 1.5414283107572988e-44, 90.0, 1.5414283107572988e-44, 120269.3984375
0:00:46.853759, 0.0, 1.5414283107572988e-44, 90.0, 1.5414283107572988e-44, 120270.0078125
0:00:46.951426, 0.0, 1.5414283107572988e-44, 90.0, 1.5414283107572988e-44, 120270.625
0:00:47.044185, 0.0, 1.5414283107572988e-44, 90.0, 1.5414283107572988e-44, 120271.2109375
0:00:47.156152, 0.0, 1.5414283107572988e-44, 90.0, 1.5414283107572988e-44, 120271.9140625
0:00:47.262315, 0.0, 1.5414283107572988e-44, 90.0, 1.5414283107572988e-44, 120272.578125
0:00:47.363093, 0.0, 1.5414283107572988e-44, 90.0, 1.5414283107572988e-44, 120273.2109375
0:00:47.450929, 0.0, 1.5414283107572988e-44, 90.0, 1.5414283107572988e-44, 120273.765625
0:00:47.543737, 0.0, 1.5414283107572988e-44, 90.0, 1.5414283107572988e-44, 120274.3515625
0:00:47.643128, 0.0, 1.5414283107572988e-44, 90.0, 1.5414283107572988e-44, 120274.9765625
0:00:47.756906, 0.0, 1.5414283107572988e-44, 90.0, 1.5414283107572988e-44, 120275.703125
0:00:47.852231, 0.0, 1.5414283107572988e-44, 90.0, 1.5414283107572988e-44, 120276.3046875
0:00:47.951070, 0.0, 1.5414283107572988e-44, 90.0, 1.5414283107572988e-44, 120276.921875
0:00:48.049712, 0.0, 1.5414283107572988e-44, 90.0, 1.5414283107572988e-44, 120277.546875
0:00:48.153420, 0.0, 1.5414283107572988e-44, 90.0, 1.5414283107572988e-44, 120278.1953125
0:00:48.251650, 0.0, 1.5414283107572988e-44, 90.0, 1.5414283107572988e-44, 120278.8203125
0:00:48.381502, 0.0, 1.5414283107572988e-44, 90.0, 1.5414283107572988e-44, 120279.6484375
0:00:48.468131, 0.0, 1.5414283107572988e-44, 90.0, 1.5414283107572988e-44, 120280.1875
0:00:48.585536, 0.0, 1.5414283107572988e-44, 90.0, 1.5414283107572988e-44, 120280.9140625
0:00:48.668759, 0.0, 1.5414283107572988e-44, 90.0, 1.5414283107572988e-44, 120281.4453125
0:00:48.783069, 0.0, 1.5414283107572988e-44, 90.0, 1.5414283107572988e-44, 120282.171875
0:00:48.881222, 0.0, 1.5414283107572988e-44, 90.0, 1.5414283107572988e-44, 120282.7890625
0:00:48.975954, 0.0, 1.5414283107572988e-44, 90.0, 1.5414283107572988e-44, 120283.390625
0:00:49.071518, 0.0, 1.5414283107572988e-44, 90.0, 1.5414283107572988e-44, 120283.9921875
0:00:49.168537, 0.0, 1.5414283107572988e-44, 90.0, 1.5414283107572988e-44, 120284.6015625
0:00:49.280582, 0.0, 1.5414283107572988e-44, 90.0, 1.5414283107572988e-44, 120285.3046875
0:00:49.387865, 0.0, 1.5414283107572988e-44, 90.0, 1.5414283107572988e-44, 120285.984375
0:00:49.481986, 0.0, 1.5414283107572988e-44, 90.0, 1.5414283107572988e-44, 120286.578125
0:00:49.590214, 0.0, 1.5414283107572988e-44, 90.0, 1.5414283107572988e-44, 120287.2578125
0:00:49.677051, 0.0, 1.5414283107572988e-44, 90.0, 1.5414283107572988e-44, 120287.8046875
0:00:49.793894, 0.0, 1.5414283107572988e-44, 90.0, 1.5414283107572988e-44, 120288.546875
0:00:49.893471, 0.0, 1.5414283107572988e-44, 90.0, 1.5414283107572988e-44, 120289.171875
0:00:49.985023, 0.0, 1.5414283107572988e-44, 90.0, 1.5414283107572988e-44, 120289.75
0:00:50.086527, 0.0, 1.5414283107572988e-44, 90.0, 1.5414283107572988e-44, 120290.390625
0:00:50.202163, 0.0, 1.5414283107572988e-44, 90.0, 1.5414283107572988e-44, 120291.1171875
0:00:50.302482, 0.0, 1.5414283107572988e-44, 90.0, 1.5414283107572988e-44, 120291.7578125
0:00:50.394214, 0.0, 1.5414283107572988e-44, 90.0, 1.5414283107572988e-44, 120292.3359375
0:00:50.505519, 0.0, 1.5414283107572988e-44, 90.0, 1.5414283107572988e-44, 120293.0390625
0:00:50.614780, 0.0, 1.5414283107572988e-44, 90.0, 1.5414283107572988e-44, 120293.7265625
0:00:50.708102, 0.0, 1.5414283107572988e-44, 90.0, 1.5414283107572988e-44, 120294.3046875
0:00:50.802937, 0.0, 1.5414283107572988e-44, 90.0, 1.5414283107572988e-44, 120294.8984375
0:00:50.912848, 0.0, 1.5414283107572988e-44, 90.0, 1.5414283107572988e-44, 120295.59375
0:00:51.000397, 0.0, 1.5414283107572988e-44, 90.0, 1.5414283107572988e-44, 120296.1484375
0:00:51.117271, 0.0, 1.5414283107572988e-44, 90.0, 1.5414283107572988e-44, 120296.8828125
0:00:51.210785, 0.0, 1.5414283107572988e-44, 90.0, 1.5414283107572988e-44, 120297.4765625
0:00:51.327193, 0.0, 1.5414283107572988e-44, 90.0, 1.5414283107572988e-44, 120298.2109375
0:00:51.424850, 0.0, 1.5414283107572988e-44, 90.0, 1.5414283107572988e-44, 120298.828125
0:00:51.524235, 0.0, 1.5414283107572988e-44, 90.0, 1.5414283107572988e-44, 120299.4453125
0:00:51.616902, 0.0, 1.5414283107572988e-44, 90.0, 1.5414283107572988e-44, 120300.0234375
0:00:51.733860, 0.0, 1.5414283107572988e-44, 90.0, 1.5414283107572988e-44, 120300.7578125
0:00:51.825712, 0.0, 1.5414283107572988e-44, 90.0, 1.5414283107572988e-44, 120301.3359375
0:00:51.911465, 0.0, 1.5414283107572988e-44, 90.0, 1.5414283107572988e-44, 120301.875
0:00:52.025677, 0.0, 1.5414283107572988e-44, 90.0, 1.5414283107572988e-44, 120302.59375
0:00:52.113948, 0.0, 1.5414283107572988e-44, 90.0, 1.5414283107572988e-44, 120303.1484375
0:00:52.226855, 0.0, 1.5414283107572988e-44, 90.0, 1.5414283107572988e-44, 120303.8671875
0:00:52.338150, 0.0, 1.5414283107572988e-44, 90.0, 1.5414283107572988e-44, 120304.5625
0:00:52.418882, 0.0, 1.5414283107572988e-44, 90.0, 1.5414283107572988e-44, 120305.0703125
0:00:52.534222, 0.0, 1.5414283107572988e-44, 90.0, 1.5414283107572988e-44, 120305.7890625
0:00:52.633068, 0.0, 1.5414283107572988e-44, 90.0, 1.5414283107572988e-44, 120306.40625
0:00:52.728206, 0.0, 1.5414283107572988e-44, 90.0, 1.5414283107572988e-44, 120307.0078125
0:00:52.842887, 0.0, 1.5414283107572988e-44, 90.0, 1.5414283107572988e-44, 120307.7265625
0:00:52.934874, 0.0, 1.5414283107572988e-44, 90.0, 1.5414283107572988e-44, 120308.3125
0:00:53.049932, 0.0, 1.5414283107572988e-44, 90.0, 1.5414283107572988e-44, 120309.03125
0:00:53.137395, 0.0, 1.5414283107572988e-44, 90.0, 1.5414283107572988e-44, 120309.578125
0:00:53.226051, 0.0, 1.5414283107572988e-44, 90.0, 1.5414283107572988e-44, 120310.1328125
0:00:53.342898, 0.0, 1.5414283107572988e-44, 90.0, 1.5414283107572988e-44, 120310.8671875
0:00:53.429923, 0.0, 1.5414283107572988e-44, 90.0, 1.5414283107572988e-44, 120311.4140625
0:00:53.543657, 0.0, 1.5414283107572988e-44, 90.0, 1.5414283107572988e-44, 120312.1328125
0:00:53.654050, 0.0, 1.5414283107572988e-44, 90.0, 1.5414283107572988e-44, 120312.8203125
0:00:53.735026, 0.0, 1.5414283107572988e-44, 90.0, 1.5414283107572988e-44, 120313.328125
0:00:53.852909, 0.0, 1.5414283107572988e-44, 90.0, 1.5414283107572988e-44, 120314.078125
0:00:53.950697, 0.0, 1.5414283107572988e-44, 90.0, 1.5414283107572988e-44, 120314.6953125
0:00:54.036843, 0.0, 1.5414283107572988e-44, 90.0, 1.5414283107572988e-44, 120315.2421875
0:00:54.156416, 0.0, 1.5414283107572988e-44, 90.0, 1.5414283107572988e-44, 120315.9921875
0:00:54.244892, 0.0, 1.5414283107572988e-44, 90.0, 1.5414283107572988e-44, 120316.546875
0:00:54.366471, 0.0, 1.5414283107572988e-44, 90.0, 1.5414283107572988e-44, 120317.3046875
0:00:54.466566, 0.0, 1.5414283107572988e-44, 90.0, 1.5414283107572988e-44, 120317.9296875
0:00:54.564882, 0.0, 1.5414283107572988e-44, 90.0, 1.5414283107572988e-44, 120318.5546875
0:00:54.664252, 0.0, 1.5414283107572988e-44, 90.0, 1.5414283107572988e-44, 120319.1796875
0:00:54.749954, 0.0, 1.5414283107572988e-44, 90.0, 1.5414283107572988e-44, 120319.71875
0:00:54.865245, 0.0, 1.5414283107572988e-44, 90.0, 1.5414283107572988e-44, 120320.4375
0:00:54.955665, 0.0, 1.5414283107572988e-44, 90.0, 1.5414283107572988e-44, 120321.0078125
0:00:55.065027, 0.0, 1.5414283107572988e-44, 90.0, 1.5414283107572988e-44, 120321.6953125
0:00:55.164471, 0.0, 1.5414283107572988e-44, 90.0, 1.5414283107572988e-44, 120322.3203125
0:00:55.280547, 0.0, 1.5414283107572988e-44, 90.0, 1.5414283107572988e-44, 120323.046875
0:00:55.381379, 0.0, 1.5414283107572988e-44, 90.0, 1.5414283107572988e-44, 120323.6875
0:00:55.466699, 0.0, 1.5414283107572988e-44, 90.0, 1.5414283107572988e-44, 120324.2265625
0:00:55.564069, 0.0, 1.5414283107572988e-44, 90.0, 1.5414283107572988e-44, 120324.84375
0:00:55.656265, 0.0, 1.5414283107572988e-44, 90.0, 1.5414283107572988e-44, 120325.4375
0:00:55.765595, 0.0, 1.5414283107572988e-44, 90.0, 1.5414283107572988e-44, 120326.125
0:00:55.863991, 0.0, 1.5414283107572988e-44, 90.0, 1.5414283107572988e-44, 120326.75
0:00:55.964443, 0.0, 1.5414283107572988e-44, 90.0, 1.5414283107572988e-44, 120327.390625
0:00:56.085605, 0.0, 1.5414283107572988e-44, 90.0, 1.5414283107572988e-44, 120328.15625
0:00:56.177160, 0.0, 1.5414283107572988e-44, 90.0, 1.5414283107572988e-44, 120328.734375
0:00:56.287146, 0.0, 1.5414283107572988e-44, 90.0, 1.5414283107572988e-44, 120329.421875
0:00:56.380546, 0.0, 1.5414283107572988e-44, 90.0, 1.5414283107572988e-44, 120330.015625
0:00:56.492093, 0.0, 1.5414283107572988e-44, 90.0, 1.5414283107572988e-44, 120330.71875
0:00:56.572117, 0.0, 1.5414283107572988e-44, 90.0, 1.5414283107572988e-44, 120331.21875
0:00:56.684919, 0.0, 1.5414283107572988e-44, 90.0, 1.5414283107572988e-44, 120331.9296875
0:00:56.777714, 0.0, 1.5414283107572988e-44, 90.0, 1.5414283107572988e-44, 120332.5078125
0:00:56.891708, 0.0, 1.5414283107572988e-44, 90.0, 1.5414283107572988e-44, 120333.2265625
0:00:56.977243, 0.0, 1.5414283107572988e-44, 90.0, 1.5414283107572988e-44, 120333.765625
0:00:57.076587, 0.0, 1.5414283107572988e-44, 90.0, 1.5414283107572988e-44, 120334.3828125
0:00:57.175215, 0.0, 1.5414283107572988e-44, 90.0, 1.5414283107572988e-44, 120335.0078125
0:00:57.268995, 0.0, 1.5414283107572988e-44, 90.0, 1.5414283107572988e-44, 120335.6015625
0:00:57.383925, 0.0, 1.5414283107572988e-44, 90.0, 1.5414283107572988e-44, 120336.3359375
0:00:57.491153, 0.0, 1.5414283107572988e-44, 90.0, 1.5414283107572988e-44, 120337.0078125
0:00:57.578713, 0.0, 1.5414283107572988e-44, 90.0, 1.5414283107572988e-44, 120337.5625
0:00:57.687963, 0.0, 1.5414283107572988e-44, 90.0, 1.5414283107572988e-44, 120338.25
0:00:57.774531, 0.0, 1.5414283107572988e-44, 90.0, 1.5414283107572988e-44, 120338.796875
0:00:57.897021, 0.0, 1.5414283107572988e-44, 90.0, 1.5414283107572988e-44, 120339.5625
0:00:57.992037, 0.0, 1.5414283107572988e-44, 90.0, 1.5414283107572988e-44, 120340.171875
0:00:58.100432, 0.0, 1.5414283107572988e-44, 90.0, 1.5414283107572988e-44, 120340.84375
0:00:58.191976, 0.0, 1.5414283107572988e-44, 90.0, 1.5414283107572988e-44, 120341.421875
0:00:58.306928, 0.0, 1.5414283107572988e-44, 90.0, 1.5414283107572988e-44, 120342.15625
0:00:58.400227, 0.0, 1.5414283107572988e-44, 90.0, 1.5414283107572988e-44, 120342.7421875
0:00:58.494432, 0.0, 1.5414283107572988e-44, 90.0, 1.5414283107572988e-44, 120343.3359375
0:00:58.607363, 0.0, 1.5414283107572988e-44, 90.0, 1.5414283107572988e-44, 120344.0546875
0:00:58.694862, 0.0, 1.5414283107572988e-44, 90.0, 1.5414283107572988e-44, 120344.6015625
0:00:58.795472, 0.0, 1.5414283107572988e-44, 90.0, 1.5414283107572988e-44, 120345.2421875
0:00:58.896957, 0.0, 1.5414283107572988e-44, 90.0, 1.5414283107572988e-44, 120345.8828125
0:00:59.006233, 0.0, 1.5414283107572988e-44, 90.0, 1.5414283107572988e-44, 120346.5625
0:00:59.106434, 0.0, 1.5414283107572988e-44, 90.0, 1.5414283107572988e-44, 120347.1953125
0:00:59.199430, 0.0, 1.5414283107572988e-44, 90.0, 1.5414283107572988e-44, 120347.78125
0:00:59.306743, 0.0, 1.5414283107572988e-44, 90.0, 1.5414283107572988e-44, 120348.4609375
0:00:59.403422, 0.0, 1.5414283107572988e-44, 90.0, 1.5414283107572988e-44, 120349.0625
0:00:59.517258, 0.0, 1.5414283107572988e-44, 90.0, 1.5414283107572988e-44, 120349.78125
0:00:59.615444, 0.0, 1.5414283107572988e-44, 90.0, 1.5414283107572988e-44, 120350.40625
0:00:59.710449, 0.0, 1.5414283107572988e-44, 90.0, 1.5414283107572988e-44, 120351.0
0:00:59.818801, 0.0, 1.5414283107572988e-44, 90.0, 1.5414283107572988e-44, 120351.6796875
0:00:59.929539, 0.0, 1.5414283107572988e-44, 90.0, 1.5414283107572988e-44, 120352.3828125
0:01:00.026748, 0.0, 1.5414283107572988e-44, 90.0, 1.5414283107572988e-44, 120352.9921875
0:01:00.120159, 0.0, 1.5414283107572988e-44, 90.0, 1.5414283107572988e-44, 120353.5859375
0:01:00.216731, 0.0, 1.5414283107572988e-44, 90.0, 1.5414283107572988e-44, 120354.1953125
0:01:00.326872, 0.0, 1.5414283107572988e-44, 90.0, 1.5414283107572988e-44, 120354.890625
0:01:00.408815, 0.0, 1.5414283107572988e-44, 90.0, 1.5414283107572988e-44, 120355.3984375
0:01:00.526828, 0.0, 1.5414283107572988e-44, 90.0, 1.5414283107572988e-44, 120356.1328125
0:01:00.616875, 0.0, 1.5414283107572988e-44, 90.0, 1.5414283107572988e-44, 120356.6953125
0:01:00.733800, 0.0, 1.5414283107572988e-44, 90.0, 1.5414283107572988e-44, 120357.4296875
0:01:00.822498, 0.0, 1.5414283107572988e-44, 90.0, 1.5414283107572988e-44, 120357.9921875
0:01:00.939482, 0.0, 1.5414283107572988e-44, 90.0, 1.5414283107572988e-44, 120358.734375
0:01:01.026049, 0.0, 1.5414283107572988e-44, 90.0, 1.5414283107572988e-44, 120359.28125
0:01:01.121760, 0.0, 1.5414283107572988e-44, 90.0, 1.5414283107572988e-44, 120359.875
0:01:01.246771, 0.0, 1.5414283107572988e-44, 90.0, 1.5414283107572988e-44, 120360.671875
0:01:01.329267, 0.0, 1.5414283107572988e-44, 90.0, 1.5414283107572988e-44, 120361.1953125
0:01:01.453260, 0.0, 1.5414283107572988e-44, 90.0, 1.5414283107572988e-44, 120361.9765625
0:01:01.540761, 0.0, 1.5414283107572988e-44, 90.0, 1.5414283107572988e-44, 120362.53125
0:01:01.640513, 0.0, 1.5414283107572988e-44, 90.0, 1.5414283107572988e-44, 120363.1640625
0:01:01.753245, 0.0, 1.5414283107572988e-44, 90.0, 1.5414283107572988e-44, 120363.8828125
0:01:01.840102, 0.0, 1.5414283107572988e-44, 90.0, 1.5414283107572988e-44, 120364.4296875
0:01:01.938794, 0.0, 1.5414283107572988e-44, 90.0, 1.5414283107572988e-44, 120365.046875
0:01:02.037122, 0.0, 1.5414283107572988e-44, 90.0, 1.5414283107572988e-44, 120365.6640625
0:01:02.128908, 0.0, 1.5414283107572988e-44, 90.0, 1.5414283107572988e-44, 120366.25
0:01:02.243858, 0.0, 1.5414283107572988e-44, 90.0, 1.5414283107572988e-44, 120366.9765625
0:01:02.331457, 0.0, 1.5414283107572988e-44, 90.0, 1.5414283107572988e-44, 120367.5234375
0:01:02.441280, 0.0, 1.5414283107572988e-44, 90.0, 1.5414283107572988e-44, 120368.2265625
0:01:02.560359, 0.0, 1.5414283107572988e-44, 90.0, 1.5414283107572988e-44, 120368.9765625
0:01:02.646866, 0.0, 1.5414283107572988e-44, 90.0, 1.5414283107572988e-44, 120369.5234375
0:01:02.743285, 0.0, 1.5414283107572988e-44, 90.0, 1.5414283107572988e-44, 120370.1328125
0:01:02.858124, 0.0, 1.5414283107572988e-44, 90.0, 1.5414283107572988e-44, 120370.859375
0:01:02.949982, 0.0, 1.5414283107572988e-44, 90.0, 1.5414283107572988e-44, 120371.4375
0:01:03.062020, 0.0, 1.5414283107572988e-44, 90.0, 1.5414283107572988e-44, 120372.1484375
0:01:03.150523, 0.0, 1.5414283107572988e-44, 90.0, 1.5414283107572988e-44, 120372.6953125
0:01:03.275208, 0.0, 1.5414283107572988e-44, 90.0, 1.5414283107572988e-44, 120373.4765625
0:01:03.362807, 0.0, 1.5414283107572988e-44, 90.0, 1.5414283107572988e-44, 120374.0234375
0:01:03.446262, 0.0, 1.5414283107572988e-44, 90.0, 1.5414283107572988e-44, 120374.5546875
0:01:03.568772, 0.0, 1.5414283107572988e-44, 90.0, 1.5414283107572988e-44, 120375.328125
0:01:03.662090, 0.0, 1.5414283107572988e-44, 90.0, 1.5414283107572988e-44, 120375.9140625
0:01:03.758171, 0.0, 1.5414283107572988e-44, 90.0, 1.5414283107572988e-44, 120376.5234375
0:01:03.847216, 0.0, 1.5414283107572988e-44, 90.0, 1.5414283107572988e-44, 120377.0859375
0:01:03.957630, 0.0, 1.5414283107572988e-44, 90.0, 1.5414283107572988e-44, 120377.7890625
0:01:04.057443, 0.0, 1.5414283107572988e-44, 90.0, 1.5414283107572988e-44, 120378.421875
0:01:04.158293, 0.0, 1.5414283107572988e-44, 90.0, 1.5414283107572988e-44, 120379.0546875
0:01:04.273041, 0.0, 1.5414283107572988e-44, 90.0, 1.5414283107572988e-44, 120379.78125
0:01:04.369908, 0.0, 1.5414283107572988e-44, 90.0, 1.5414283107572988e-44, 120380.3984375
0:01:04.465459, 0.0, 1.5414283107572988e-44, 90.0, 1.5414283107572988e-44, 120381.0
0:01:04.581269, 0.0, 1.5414283107572988e-44, 90.0, 1.5414283107572988e-44, 120381.734375
0:01:04.679081, 0.0, 1.5414283107572988e-44, 90.0, 1.5414283107572988e-44, 120382.3515625
0:01:04.777639, 0.0, 1.5414283107572988e-44, 90.0, 1.5414283107572988e-44, 120382.96875
0:01:04.864115, 0.0, 1.5414283107572988e-44, 90.0, 1.5414283107572988e-44, 120383.515625
0:01:04.970285, 0.0, 1.5414283107572988e-44, 90.0, 1.5414283107572988e-44, 120384.1875
0:01:05.086336, 0.0, 1.5414283107572988e-44, 90.0, 1.5414283107572988e-44, 120384.9140625
0:01:05.175051, 0.0, 1.5414283107572988e-44, 90.0, 1.5414283107572988e-44, 120385.4765625
0:01:05.290405, 0.0, 1.5414283107572988e-44, 90.0, 1.5414283107572988e-44, 120386.203125
0:01:05.390020, 0.0, 1.5414283107572988e-44, 90.0, 1.5414283107572988e-44, 120386.828125
0:01:05.487670, 0.0, 1.5414283107572988e-44, 90.0, 1.5414283107572988e-44, 120387.4453125
0:01:05.573204, 0.0, 1.5414283107572988e-44, 90.0, 1.5414283107572988e-44, 120387.984375
0:01:05.697786, 0.0, 1.5414283107572988e-44, 90.0, 1.5414283107572988e-44, 120388.7734375
0:01:05.785494, 0.0, 1.5414283107572988e-44, 90.0, 1.5414283107572988e-44, 120389.328125
0:01:05.899334, 0.0, 1.5414283107572988e-44, 90.0, 1.5414283107572988e-44, 120390.0546875
0:01:05.983086, 0.0, 1.5414283107572988e-44, 90.0, 1.5414283107572988e-44, 120390.5859375
0:01:06.078167, 0.0, 1.5414283107572988e-44, 90.0, 1.5414283107572988e-44, 120391.1875
0:01:06.193629, 0.0, 1.5414283107572988e-44, 90.0, 1.5414283107572988e-44, 120391.9140625
0:01:06.301292, 0.0, 1.5414283107572988e-44, 90.0, 1.5414283107572988e-44, 120392.59375
0:01:06.390876, 0.0, 1.5414283107572988e-44, 90.0, 1.5414283107572988e-44, 120393.1640625
0:01:06.489056, 0.0, 1.5414283107572988e-44, 90.0, 1.5414283107572988e-44, 120393.78125
0:01:06.588831, 0.0, 1.5414283107572988e-44, 90.0, 1.5414283107572988e-44, 120394.4140625
0:01:06.704764, 0.0, 1.5414283107572988e-44, 90.0, 1.5414283107572988e-44, 120395.140625
0:01:06.792432, 0.0, 1.5414283107572988e-44, 90.0, 1.5414283107572988e-44, 120395.6953125
0:01:06.914934, 0.0, 1.5414283107572988e-44, 90.0, 1.5414283107572988e-44, 120396.46875
0:01:07.002603, 0.0, 1.5414283107572988e-44, 90.0, 1.5414283107572988e-44, 120397.0234375
0:01:07.098280, 0.0, 1.5414283107572988e-44, 90.0, 1.5414283107572988e-44, 120397.6328125
0:01:07.212371, 0.0, 1.5414283107572988e-44, 90.0, 1.5414283107572988e-44, 120398.3515625
0:01:07.310127, 0.0, 1.5414283107572988e-44, 90.0, 1.5414283107572988e-44, 120398.96875
0:01:07.408776, 0.0, 1.5414283107572988e-44, 90.0, 1.5414283107572988e-44, 120399.5859375
0:01:07.509249, 0.0, 1.5414283107572988e-44, 90.0, 1.5414283107572988e-44, 120400.21875
0:01:07.620805, 0.0, 1.5414283107572988e-44, 90.0, 1.5414283107572988e-44, 120400.921875
0:01:07.716224, 0.0, 1.5414283107572988e-44, 90.0, 1.5414283107572988e-44, 120401.53125
0:01:07.822606, 0.0, 1.5414283107572988e-44, 90.0, 1.5414283107572988e-44, 120402.203125
0:01:07.918710, 0.0, 1.5414283107572988e-44, 90.0, 1.5414283107572988e-44, 120402.8125
0:01:08.020170, 0.0, 1.5414283107572988e-44, 90.0, 1.5414283107572988e-44, 120403.4453125
0:01:08.130629, 0.0, 1.5414283107572988e-44, 90.0, 1.5414283107572988e-44, 120404.140625
0:01:08.231335, 0.0, 1.5414283107572988e-44, 90.0, 1.5414283107572988e-44, 120404.78125
0:01:08.328325, 0.0, 1.5414283107572988e-44, 90.0, 1.5414283107572988e-44, 120405.390625
0:01:08.416083, 0.0, 1.5414283107572988e-44, 90.0, 1.5414283107572988e-44, 120405.9453125
0:01:08.525989, 0.0, 1.5414283107572988e-44, 90.0, 1.5414283107572988e-44, 120406.640625
0:01:08.614020, 0.0, 1.5414283107572988e-44, 90.0, 1.5414283107572988e-44, 120407.203125
0:01:08.709151, 0.0, 1.5414283107572988e-44, 90.0, 1.5414283107572988e-44, 120407.8046875
0:01:08.835330, 0.0, 1.5414283107572988e-44, 90.0, 1.5414283107572988e-44, 120408.6015625
0:01:08.923890, 0.0, 1.5414283107572988e-44, 90.0, 1.5414283107572988e-44, 120409.15625
0:01:09.019950, 0.0, 1.5414283107572988e-44, 90.0, 1.5414283107572988e-44, 120409.765625
0:01:09.136300, 0.0, 1.5414283107572988e-44, 90.0, 1.5414283107572988e-44, 120410.4921875
0:01:09.220994, 0.0, 1.5414283107572988e-44, 90.0, 1.5414283107572988e-44, 120411.03125
0:01:09.346250, 0.0, 1.5414283107572988e-44, 90.0, 1.5414283107572988e-44, 120411.8203125
0:01:09.430703, 0.0, 1.5414283107572988e-44, 90.0, 1.5414283107572988e-44, 120412.359375
0:01:09.520289, 0.0, 1.5414283107572988e-44, 90.0, 1.5414283107572988e-44, 120412.9296875
0:01:09.630676, 0.0, 1.5414283107572988e-44, 90.0, 1.5414283107572988e-44, 120413.625
0:01:09.730419, 0.0, 1.5414283107572988e-44, 90.0, 1.5414283107572988e-44, 120414.25
0:01:09.840687, 0.0, 1.5414283107572988e-44, 90.0, 1.5414283107572988e-44, 120414.9453125
0:01:09.935684, 0.0, 1.5414283107572988e-44, 90.0, 1.5414283107572988e-44, 120415.546875
0:01:10.024322, 0.0, 1.5414283107572988e-44, 90.0, 1.5414283107572988e-44, 120416.09375
0:01:10.140210, 0.0, 1.5414283107572988e-44, 90.0, 1.5414283107572988e-44, 120416.8203125
0:01:10.232287, 0.0, 1.5414283107572988e-44, 90.0, 1.5414283107572988e-44, 120417.3984375
0:01:10.346302, 0.0, 1.5414283107572988e-44, 90.0, 1.5414283107572988e-44, 120418.125
0:01:10.432820, 0.0, 1.5414283107572988e-44, 90.0, 1.5414283107572988e-44, 120418.671875
0:01:10.544775, 0.0, 1.5414283107572988e-44, 90.0, 1.5414283107572988e-44, 120419.3828125
0:01:10.639103, 0.0, 1.5414283107572988e-44, 90.0, 1.5414283107572988e-44, 120419.984375
0:01:10.753985, 0.0, 1.5414283107572988e-44, 90.0, 1.5414283107572988e-44, 120420.7109375
0:01:10.840559, 0.0, 1.5414283107572988e-44, 90.0, 1.5414283107572988e-44, 120421.25
0:01:10.954214, 0.0, 1.5414283107572988e-44, 90.0, 1.5414283107572988e-44, 120421.9609375
0:01:11.051038, 0.0, 1.5414283107572988e-44, 90.0, 1.5414283107572988e-44, 120422.5703125
0:01:11.144052, 0.0, 1.5414283107572988e-44, 90.0, 1.5414283107572988e-44, 120423.1484375
0:01:11.255359, 0.0, 1.5414283107572988e-44, 90.0, 1.5414283107572988e-44, 120423.8515625
0:01:11.351124, 0.0, 1.5414283107572988e-44, 90.0, 1.5414283107572988e-44, 120424.453125
0:01:11.444179, 0.0, 1.5414283107572988e-44, 90.0, 1.5414283107572988e-44, 120425.0390625
0:01:11.558171, 0.0, 1.5414283107572988e-44, 90.0, 1.5414283107572988e-44, 120425.765625
0:01:11.643812, 0.0, 1.5414283107572988e-44, 90.0, 1.5414283107572988e-44, 120426.3046875
0:01:11.756817, 0.0, 1.5414283107572988e-44, 90.0, 1.5414283107572988e-44, 120427.015625
0:01:11.864345, 0.0, 1.5414283107572988e-44, 90.0, 1.5414283107572988e-44, 120427.703125
0:01:11.961010, 0.0, 1.5414283107572988e-44, 90.0, 1.5414283107572988e-44, 120428.3125
0:01:12.052927, 0.0, 1.5414283107572988e-44, 90.0, 1.5414283107572988e-44, 120428.8984375
0:01:12.164020, 0.0, 1.5414283107572988e-44, 90.0, 1.5414283107572988e-44, 120429.6015625
0:01:12.274868, 0.0, 1.5414283107572988e-44, 90.0, 1.5414283107572988e-44, 120430.3046875
0:01:12.369455, 0.0, 1.5414283107572988e-44, 90.0, 1.5414283107572988e-44, 120430.90625
0:01:12.457919, 0.0, 1.5414283107572988e-44, 90.0, 1.5414283107572988e-44, 120431.4609375
0:01:12.571866, 0.0, 1.5414283107572988e-44, 90.0, 1.5414283107572988e-44, 120432.1796875
0:01:12.657455, 0.0, 1.5414283107572988e-44, 90.0, 1.5414283107572988e-44, 120432.71875
0:01:12.771317, 0.0, 1.5414283107572988e-44, 90.0, 1.5414283107572988e-44, 120433.4375
0:01:12.858100, 0.0, 1.5414283107572988e-44, 90.0, 1.5414283107572988e-44, 120433.9921875
0:01:12.966269, 0.0, 1.5414283107572988e-44, 90.0, 1.5414283107572988e-44, 120434.671875
0:01:13.051810, 0.0, 1.5414283107572988e-44, 90.0, 1.5414283107572988e-44, 120435.2109375
0:01:13.175740, 0.0, 1.5414283107572988e-44, 90.0, 1.5414283107572988e-44, 120435.9921875
0:01:13.258211, 0.0, 1.5414283107572988e-44, 90.0, 1.5414283107572988e-44, 120436.515625
0:01:13.366642, 0.0, 1.5414283107572988e-44, 90.0, 1.5414283107572988e-44, 120437.203125
0:01:13.484674, 0.0, 1.5414283107572988e-44, 90.0, 1.5414283107572988e-44, 120437.953125
0:01:13.569134, 0.0, 1.5414283107572988e-44, 90.0, 1.5414283107572988e-44, 120438.4921875
0:01:13.665879, 0.0, 1.5414283107572988e-44, 90.0, 1.5414283107572988e-44, 120439.09375
0:01:13.787396, 0.0, 1.5414283107572988e-44, 90.0, 1.5414283107572988e-44, 120439.8671875
0:01:13.873930, 0.0, 1.5414283107572988e-44, 90.0, 1.5414283107572988e-44, 120440.4140625
0:01:13.967703, 0.0, 1.5414283107572988e-44, 90.0, 1.5414283107572988e-44, 120441.0
0:01:14.082769, 0.0, 1.5414283107572988e-44, 90.0, 1.5414283107572988e-44, 120441.734375
0:01:14.177863, 0.0, 1.5414283107572988e-44, 90.0, 1.5414283107572988e-44, 120442.3359375
0:01:14.292930, 0.0, 1.5414283107572988e-44, 90.0, 1.5414283107572988e-44, 120443.0546875
0:01:14.391557, 0.0, 1.5414283107572988e-44, 90.0, 1.5414283107572988e-44, 120443.671875
0:01:14.483255, 0.0, 1.5414283107572988e-44, 90.0, 1.5414283107572988e-44, 120444.25
0:01:14.594164, 0.0, 1.5414283107572988e-44, 90.0, 1.5414283107572988e-44, 120444.953125
0:01:14.678869, 0.0, 1.5414283107572988e-44, 90.0, 1.5414283107572988e-44, 120445.4921875
0:01:14.794039, 0.0, 1.5414283107572988e-44, 90.0, 1.5414283107572988e-44, 120446.21875
0:01:14.907843, 0.0, 1.5414283107572988e-44, 90.0, 1.5414283107572988e-44, 120446.9375
0:01:14.995259, 0.0, 1.5414283107572988e-44, 90.0, 1.5414283107572988e-44, 120447.484375
0:01:15.088886, 0.0, 1.5414283107572988e-44, 90.0, 1.5414283107572988e-44, 120448.0859375
0:01:15.197188, 0.0, 1.5414283107572988e-44, 90.0, 1.5414283107572988e-44, 120448.765625
0:01:15.282731, 0.0, 1.5414283107572988e-44, 90.0, 1.5414283107572988e-44, 120449.3125
0:01:15.405396, 0.0, 1.5414283107572988e-44, 90.0, 1.5414283107572988e-44, 120450.078125
0:01:15.502027, 0.0, 1.5414283107572988e-44, 90.0, 1.5414283107572988e-44, 120450.6875
0:01:15.601415, 0.0, 1.5414283107572988e-44, 90.0, 1.5414283107572988e-44, 120451.3203125
0:01:15.694377, 0.0, 1.5414283107572988e-44, 90.0, 1.5414283107572988e-44, 120451.90625
0:01:15.809328, 0.0, 1.5414283107572988e-44, 90.0, 1.5414283107572988e-44, 120452.6328125
0:01:15.892952, 0.0, 1.5414283107572988e-44, 90.0, 1.5414283107572988e-44, 120453.1640625
0:01:16.013209, 0.0, 1.5414283107572988e-44, 90.0, 1.5414283107572988e-44, 120453.9140625
0:01:16.103930, 0.0, 1.5414283107572988e-44, 90.0, 1.5414283107572988e-44, 120454.4765625
0:01:16.218463, 0.0, 1.5414283107572988e-44, 90.0, 1.5414283107572988e-44, 120455.203125
0:01:16.305923, 0.0, 1.5414283107572988e-44, 90.0, 1.5414283107572988e-44, 120455.7578125
0:01:16.416863, 0.0, 1.5414283107572988e-44, 90.0, 1.5414283107572988e-44, 120456.4609375
0:01:16.496357, 0.0, 1.5414283107572988e-44, 90.0, 1.5414283107572988e-44, 120456.96875
0:01:16.622396, 0.0, 1.5414283107572988e-44, 90.0, 1.5414283107572988e-44, 120457.7578125
0:01:16.707593, 0.0, 1.5414283107572988e-44, 90.0, 1.5414283107572988e-44, 120458.296875
0:01:16.802124, 0.0, 1.5414283107572988e-44, 90.0, 1.5414283107572988e-44, 120458.890625
0:01:16.899988, 0.0, 1.5414283107572988e-44, 90.0, 1.5414283107572988e-44, 120459.5078125
0:01:17.015098, 0.0, 1.5414283107572988e-44, 90.0, 1.5414283107572988e-44, 120460.234375
0:01:17.134145, 0.0, 1.5414283107572988e-44, 90.0, 1.5414283107572988e-44, 120460.984375
0:01:17.232849, 0.0, 1.5414283107572988e-44, 90.0, 1.5414283107572988e-44, 120461.6015625
0:01:17.332064, 0.0, 1.5414283107572988e-44, 90.0, 1.5414283107572988e-44, 120462.234375
0:01:17.422606, 0.0, 1.5414283107572988e-44, 90.0, 1.5414283107572988e-44, 120462.8046875
0:01:17.514617, 0.0, 1.5414283107572988e-44, 90.0, 1.5414283107572988e-44, 120463.3828125
0:01:17.628559, 0.0, 1.5414283107572988e-44, 90.0, 1.5414283107572988e-44, 120464.1015625
0:01:17.716096, 0.0, 1.5414283107572988e-44, 90.0, 1.5414283107572988e-44, 120464.6484375
0:01:17.810411, 0.0, 1.5414283107572988e-44, 90.0, 1.5414283107572988e-44, 120465.2421875
0:01:17.924425, 0.0, 1.5414283107572988e-44, 90.0, 1.5414283107572988e-44, 120465.9609375
0:01:18.021858, 0.0, 1.5414283107572988e-44, 90.0, 1.5414283107572988e-44, 120466.578125
0:01:18.133880, 0.0, 1.5414283107572988e-44, 90.0, 1.5414283107572988e-44, 120467.2890625
0:01:18.222715, 0.0, 1.5414283107572988e-44, 90.0, 1.5414283107572988e-44, 120467.8515625
0:01:18.336608, 0.0, 1.5414283107572988e-44, 90.0, 1.5414283107572988e-44, 120468.5703125
0:01:18.423105, 0.0, 1.5414283107572988e-44, 90.0, 1.5414283107572988e-44, 120469.109375
0:01:18.536277, 0.0, 1.5414283107572988e-44, 90.0, 1.5414283107572988e-44, 120469.828125
0:01:18.633894, 0.0, 1.5414283107572988e-44, 90.0, 1.5414283107572988e-44, 120470.4453125
0:01:18.733601, 0.0, 1.5414283107572988e-44, 90.0, 1.5414283107572988e-44, 120471.0703125
0:01:18.822145, 0.0, 1.5414283107572988e-44, 90.0, 1.5414283107572988e-44, 120471.6328125
0:01:18.929425, 0.0, 1.5414283107572988e-44, 90.0, 1.5414283107572988e-44, 120472.3046875
0:01:19.042439, 0.0, 1.5414283107572988e-44, 90.0, 1.5414283107572988e-44, 120473.0234375
0:01:19.142298, 0.0, 1.5414283107572988e-44, 90.0, 1.5414283107572988e-44, 120473.6484375
0:01:19.243307, 0.0, 1.5414283107572988e-44, 90.0, 1.5414283107572988e-44, 120474.2890625
0:01:19.335005, 0.0, 1.5414283107572988e-44, 90.0, 1.5414283107572988e-44, 120474.8671875
0:01:19.449971, 0.0, 1.5414283107572988e-44, 90.0, 1.5414283107572988e-44, 120475.59375
0:01:19.535520, 0.0, 1.5414283107572988e-44, 90.0, 1.5414283107572988e-44, 120476.1328125
0:01:19.651351, 0.0, 1.5414283107572988e-44, 90.0, 1.5414283107572988e-44, 120476.8671875
0:01:19.736962, 0.0, 1.5414283107572988e-44, 90.0, 1.5414283107572988e-44, 120477.40625
0:01:19.847877, 0.0, 1.5414283107572988e-44, 90.0, 1.5414283107572988e-44, 120478.109375
0:01:19.935518, 0.0, 1.5414283107572988e-44, 90.0, 1.5414283107572988e-44, 120478.65625
0:01:20.045745, 0.0, 1.5414283107572988e-44, 90.0, 1.5414283107572988e-44, 120479.34375
0:01:20.159784, 0.0, 1.5414283107572988e-44, 90.0, 1.5414283107572988e-44, 120480.0625
0:01:20.264993, 0.0, 1.5414283107572988e-44, 90.0, 1.5414283107572988e-44, 120480.7265625
0:01:20.349545, 0.0, 1.5414283107572988e-44, 90.0, 1.5414283107572988e-44, 120481.2578125
0:01:20.466432, 0.0, 1.5414283107572988e-44, 90.0, 1.5414283107572988e-44, 120481.9921875
0:01:20.564177, 0.0, 1.5414283107572988e-44, 90.0, 1.5414283107572988e-44, 120482.6015625
0:01:20.656913, 0.0, 1.5414283107572988e-44, 90.0, 1.5414283107572988e-44, 120483.1796875
0:01:20.741518, 0.0, 1.5414283107572988e-44, 90.0, 1.5414283107572988e-44, 120483.71875
0:01:20.857437, 0.0, 1.5414283107572988e-44, 90.0, 1.5414283107572988e-44, 120484.4453125
0:01:20.974424, 0.0, 1.5414283107572988e-44, 90.0, 1.5414283107572988e-44, 120485.1875
0:01:21.055310, 0.0, 1.5414283107572988e-44, 90.0, 1.5414283107572988e-44, 120485.6953125
0:01:21.169266, 0.0, 1.5414283107572988e-44, 90.0, 1.5414283107572988e-44, 120486.4140625
0:01:21.278118, 0.0, 1.5414283107572988e-44, 90.0, 1.5414283107572988e-44, 120487.109375
0:01:21.361961, 0.0, 1.5414283107572988e-44, 90.0, 1.5414283107572988e-44, 120487.640625
0:01:21.475208, 0.0, 1.5414283107572988e-44, 90.0, 1.5414283107572988e-44, 120488.3515625
0:01:21.556576, 0.0, 1.5414283107572988e-44, 90.0, 1.5414283107572988e-44, 120488.8671875
0:01:21.670373, 0.0, 1.5414283107572988e-44, 90.0, 1.5414283107572988e-44, 120489.59375
0:01:21.757119, 0.0, 1.5414283107572988e-44, 90.0, 1.5414283107572988e-44, 120490.140625
0:01:21.867430, 0.0, 1.5414283107572988e-44, 90.0, 1.5414283107572988e-44, 120490.828125
0:01:21.982879, 0.0, 1.5414283107572988e-44, 90.0, 1.5414283107572988e-44, 120491.5546875
0:01:22.070092, 0.0, 1.5414283107572988e-44, 90.0, 1.5414283107572988e-44, 120492.109375
0:01:22.185317, 0.0, 1.5414283107572988e-44, 90.0, 1.5414283107572988e-44, 120492.8359375
0:01:22.268457, 0.0, 1.5414283107572988e-44, 90.0, 1.5414283107572988e-44, 120493.3671875
0:01:22.364643, 0.0, 1.5414283107572988e-44, 90.0, 1.5414283107572988e-44, 120493.96875
0:01:22.485803, 0.0, 1.5414283107572988e-44, 90.0, 1.5414283107572988e-44, 120494.734375
0:01:22.584317, 0.0, 1.5414283107572988e-44, 90.0, 1.5414283107572988e-44, 120495.359375
0:01:22.677377, 0.0, 1.5414283107572988e-44, 90.0, 1.5414283107572988e-44, 120495.9453125
0:01:22.792443, 0.0, 1.5414283107572988e-44, 90.0, 1.5414283107572988e-44, 120496.671875
0:01:22.880004, 0.0, 1.5414283107572988e-44, 90.0, 1.5414283107572988e-44, 120497.2265625
0:01:22.984239, 0.0, 1.5414283107572988e-44, 90.0, 1.5414283107572988e-44, 120497.8828125
0:01:23.072911, 0.0, 1.5414283107572988e-44, 90.0, 1.5414283107572988e-44, 120498.4453125
0:01:23.183910, 0.0, 1.5414283107572988e-44, 90.0, 1.5414283107572988e-44, 120499.1484375
0:01:23.275866, 0.0, 1.5414283107572988e-44, 90.0, 1.5414283107572988e-44, 120499.734375
0:01:23.391463, 0.0, 1.5414283107572988e-44, 90.0, 1.5414283107572988e-44, 120500.46875
0:01:23.477957, 0.0, 1.5414283107572988e-44, 90.0, 1.5414283107572988e-44, 120501.0078125
0:01:23.588295, 0.0, 1.5414283107572988e-44, 90.0, 1.5414283107572988e-44, 120501.703125
0:01:23.700932, 0.0, 1.5414283107572988e-44, 90.0, 1.5414283107572988e-44, 120502.421875
0:01:23.786603, 0.0, 1.5414283107572988e-44, 90.0, 1.5414283107572988e-44, 120502.9609375
0:01:23.881930, 0.0, 1.5414283107572988e-44, 90.0, 1.5414283107572988e-44, 120503.5703125
0:01:23.988291, 0.0, 1.5414283107572988e-44, 90.0, 1.5414283107572988e-44, 120504.2421875
0:01:24.082624, 0.0, 1.5414283107572988e-44, 90.0, 1.5414283107572988e-44, 120504.84375
0:01:24.189931, 0.0, 1.5414283107572988e-44, 90.0, 1.5414283107572988e-44, 120505.5234375
0:01:24.287258, 0.0, 1.5414283107572988e-44, 90.0, 1.5414283107572988e-44, 120506.140625
0:01:24.385934, 0.0, 1.5414283107572988e-44, 90.0, 1.5414283107572988e-44, 120506.7578125
0:01:24.510768, 0.0, 1.5414283107572988e-44, 90.0, 1.5414283107572988e-44, 120507.546875
0:01:24.596300, 0.0, 1.5414283107572988e-44, 90.0, 1.5414283107572988e-44, 120508.09375
0:01:24.710302, 0.0, 1.5414283107572988e-44, 90.0, 1.5414283107572988e-44, 120508.8203125
0:01:24.807205, 0.0, 1.5414283107572988e-44, 90.0, 1.5414283107572988e-44, 120509.4296875
0:01:24.905647, 0.0, 1.5414283107572988e-44, 90.0, 1.5414283107572988e-44, 120510.0546875
0:01:24.997418, 0.0, 1.5414283107572988e-44, 90.0, 1.5414283107572988e-44, 120510.6328125
0:01:25.112348, 0.0, 1.5414283107572988e-44, 90.0, 1.5414283107572988e-44, 120511.359375
0:01:25.220077, 0.0, 1.5414283107572988e-44, 90.0, 1.5414283107572988e-44, 120512.046875
0:01:25.310339, 0.0, 1.5414283107572988e-44, 90.0, 1.5414283107572988e-44, 120512.6171875
0:01:25.394961, 0.0, 1.5414283107572988e-44, 90.0, 1.5414283107572988e-44, 120513.140625
0:01:25.513227, 0.0, 1.5414283107572988e-44, 90.0, 1.5414283107572988e-44, 120513.890625
0:01:25.617848, 0.0, 1.5414283107572988e-44, 90.0, 1.5414283107572988e-44, 120514.546875
0:01:25.703400, 0.0, 1.5414283107572988e-44, 90.0, 1.5414283107572988e-44, 120515.0859375
0:01:25.817388, 0.0, 1.5414283107572988e-44, 90.0, 1.5414283107572988e-44, 120515.8046875
0:01:25.927238, 0.0, 1.5414283107572988e-44, 90.0, 1.5414283107572988e-44, 120516.5
0:01:26.026749, 0.0, 1.5414283107572988e-44, 90.0, 1.5414283107572988e-44, 120517.1328125
0:01:26.126193, 0.0, 1.5414283107572988e-44, 90.0, 1.5414283107572988e-44, 120517.7578125
0:01:26.207837, 0.0, 1.5414283107572988e-44, 90.0, 1.5414283107572988e-44, 120518.2734375
0:01:26.322844, 0.0, 1.5414283107572988e-44, 90.0, 1.5414283107572988e-44, 120518.9921875
0:01:26.413433, 0.0, 1.5414283107572988e-44, 90.0, 1.5414283107572988e-44, 120519.5703125
0:01:26.526363, 0.0, 1.5414283107572988e-44, 90.0, 1.5414283107572988e-44, 120520.28125
0:01:26.608287, 0.0, 1.5414283107572988e-44, 90.0, 1.5414283107572988e-44, 120520.796875
0:01:26.723154, 0.0, 1.5414283107572988e-44, 90.0, 1.5414283107572988e-44, 120521.515625
0:01:26.828416, 0.0, 1.5414283107572988e-44, 90.0, 1.5414283107572988e-44, 120522.171875
0:01:26.941371, 0.0, 1.5414283107572988e-44, 90.0, 1.5414283107572988e-44, 120522.8828125
0:01:27.026985, 0.0, 1.5414283107572988e-44, 90.0, 1.5414283107572988e-44, 120523.421875
0:01:27.112463, 0.0, 1.5414283107572988e-44, 90.0, 1.5414283107572988e-44, 120523.9609375
0:01:27.230436, 0.0, 1.5414283107572988e-44, 90.0, 1.5414283107572988e-44, 120524.7109375
0:01:27.326670, 0.0, 1.5414283107572988e-44, 90.0, 1.5414283107572988e-44, 120525.3203125
0:01:27.427111, 0.0, 1.5414283107572988e-44, 90.0, 1.5414283107572988e-44, 120525.953125
0:01:27.536308, 0.0, 1.5414283107572988e-44, 90.0, 1.5414283107572988e-44, 120526.640625
0:01:27.637068, 0.0, 1.5414283107572988e-44, 90.0, 1.5414283107572988e-44, 120527.2734375
0:01:27.737404, 0.0, 1.5414283107572988e-44, 90.0, 1.5414283107572988e-44, 120527.8984375
0:01:27.827190, 0.0, 1.5414283107572988e-44, 90.0, 1.5414283107572988e-44, 120528.4609375
0:01:27.936622, 0.0, 1.5414283107572988e-44, 90.0, 1.5414283107572988e-44, 120529.1484375
0:01:28.034309, 0.0, 1.5414283107572988e-44, 90.0, 1.5414283107572988e-44, 120529.7578125
0:01:28.147642, 0.0, 1.5414283107572988e-44, 90.0, 1.5414283107572988e-44, 120530.4765625
0:01:28.230630, 0.0, 1.5414283107572988e-44, 90.0, 1.5414283107572988e-44, 120531.0
0:01:28.347661, 0.0, 1.5414283107572988e-44, 90.0, 1.5414283107572988e-44, 120531.7265625
0:01:28.460709, 0.0, 1.5414283107572988e-44, 90.0, 1.5414283107572988e-44, 120532.4375
0:01:28.529996, 0.0, 1.5414283107572988e-44, 90.0, 1.5414283107572988e-44, 120532.875
0:01:28.657094, 0.0, 1.5414283107572988e-44, 90.0, 1.5414283107572988e-44, 120533.6796875
0:01:28.738971, 0.0, 1.5414283107572988e-44, 90.0, 1.5414283107572988e-44, 120534.1953125
0:01:28.851861, 0.0, 1.5414283107572988e-44, 90.0, 1.5414283107572988e-44, 120534.90625
0:01:28.938868, 0.0, 1.5414283107572988e-44, 90.0, 1.5414283107572988e-44, 120535.4609375
0:01:29.052547, 0.0, 1.5414283107572988e-44, 90.0, 1.5414283107572988e-44, 120536.1796875
0:01:29.150405, 0.0, 1.5414283107572988e-44, 90.0, 1.5414283107572988e-44, 120536.796875
0:01:29.246069, 0.0, 1.5414283107572988e-44, 90.0, 1.5414283107572988e-44, 120537.3984375
0:01:29.346681, 0.0, 1.5414283107572988e-44, 90.0, 1.5414283107572988e-44, 120538.0390625
0:01:29.459994, 0.0, 1.5414283107572988e-44, 90.0, 1.5414283107572988e-44, 120538.75
0:01:29.547602, 0.0, 1.5414283107572988e-44, 90.0, 1.5414283107572988e-44, 120539.296875
0:01:29.657830, 0.0, 1.5414283107572988e-44, 90.0, 1.5414283107572988e-44, 120539.9921875
0:01:29.757513, 0.0, 1.5414283107572988e-44, 90.0, 1.5414283107572988e-44, 120540.609375
0:01:29.845096, 0.0, 1.5414283107572988e-44, 90.0, 1.5414283107572988e-44, 120541.1640625
0:01:29.959134, 0.0, 1.5414283107572988e-44, 90.0, 1.5414283107572988e-44, 120541.875
0:01:30.064512, 0.0, 1.5414283107572988e-44, 90.0, 1.5414283107572988e-44, 120542.5390625
0:01:30.148871, 0.0, 1.5414283107572988e-44, 90.0, 1.5414283107572988e-44, 120543.0703125
0:01:30.257240, 0.0, 1.5414283107572988e-44, 90.0, 1.5414283107572988e-44, 120543.7578125
0:01:30.357895, 0.0, 1.5414283107572988e-44, 90.0, 1.5414283107572988e-44, 120544.3828125
0:01:30.458105, 0.0, 1.5414283107572988e-44, 90.0, 1.5414283107572988e-44, 120545.0234375
0:01:30.578363, 0.0, 1.5414283107572988e-44, 90.0, 1.5414283107572988e-44, 120545.7734375
0:01:30.677930, 0.0, 1.5414283107572988e-44, 90.0, 1.5414283107572988e-44, 120546.3984375
0:01:30.758952, 0.0, 1.5414283107572988e-44, 90.0, 1.5414283107572988e-44, 120546.9140625
0:01:30.871100, 0.0, 1.5414283107572988e-44, 90.0, 1.5414283107572988e-44, 120547.6171875
0:01:30.963369, 0.0, 1.5414283107572988e-44, 90.0, 1.5414283107572988e-44, 120548.203125
0:01:31.070682, 0.0, 1.5414283107572988e-44, 90.0, 1.5414283107572988e-44, 120548.8828125
0:01:31.158183, 0.0, 1.5414283107572988e-44, 90.0, 1.5414283107572988e-44, 120549.4296875
0:01:31.257711, 0.0, 1.5414283107572988e-44, 90.0, 1.5414283107572988e-44, 120550.046875
0:01:31.372614, 0.0, 1.5414283107572988e-44, 90.0, 1.5414283107572988e-44, 120550.7734375
0:01:31.460107, 0.0, 1.5414283107572988e-44, 90.0, 1.5414283107572988e-44, 120551.328125
0:01:31.555450, 0.0, 1.5414283107572988e-44, 90.0, 1.5414283107572988e-44, 120551.921875
0:01:31.672464, 0.0, 1.5414283107572988e-44, 90.0, 1.5414283107572988e-44, 120552.65625
0:01:31.767861, 0.0, 1.5414283107572988e-44, 90.0, 1.5414283107572988e-44, 120553.2578125
0:01:31.867373, 0.0, 1.5414283107572988e-44, 90.0, 1.5414283107572988e-44, 120553.8828125
0:01:31.974803, 0.0, 1.5414283107572988e-44, 90.0, 1.5414283107572988e-44, 120554.5625
0:01:32.088900, 0.0, 1.5414283107572988e-44, 90.0, 1.5414283107572988e-44, 120555.28125
0:01:32.188393, 0.0, 1.5414283107572988e-44, 90.0, 1.5414283107572988e-44, 120555.90625
0:01:32.276006, 0.0, 1.5414283107572988e-44, 90.0, 1.5414283107572988e-44, 120556.4609375
0:01:32.389150, 0.0, 1.5414283107572988e-44, 90.0, 1.5414283107572988e-44, 120557.1796875
0:01:32.497299, 0.0, 1.5414283107572988e-44, 90.0, 1.5414283107572988e-44, 120557.859375
0:01:32.593149, 0.0, 1.5414283107572988e-44, 90.0, 1.5414283107572988e-44, 120558.4609375
0:01:32.687232, 0.0, 1.5414283107572988e-44, 90.0, 1.5414283107572988e-44, 120559.0546875
0:01:32.786154, 0.0, 1.5414283107572988e-44, 90.0, 1.5414283107572988e-44, 120559.6875
0:01:32.900004, 0.0, 1.5414283107572988e-44, 90.0, 1.5414283107572988e-44, 120560.40625
0:01:32.998249, 0.0, 1.5414283107572988e-44, 90.0, 1.5414283107572988e-44, 120561.03125
0:01:33.097990, 0.0, 1.5414283107572988e-44, 90.0, 1.5414283107572988e-44, 120561.6640625
0:01:33.191155, 0.0, 1.5414283107572988e-44, 90.0, 1.5414283107572988e-44, 120562.25
0:01:33.279713, 0.0, 1.5414283107572988e-44, 90.0, 1.5414283107572988e-44, 120562.8046875
0:01:33.394702, 0.0, 1.5414283107572988e-44, 90.0, 1.5414283107572988e-44, 120563.53125
0:01:33.507751, 0.0, 1.5414283107572988e-44, 90.0, 1.5414283107572988e-44, 120564.25
0:01:33.594264, 0.0, 1.5414283107572988e-44, 90.0, 1.5414283107572988e-44, 120564.796875
0:01:33.710282, 0.0, 1.5414283107572988e-44, 90.0, 1.5414283107572988e-44, 120565.53125
0:01:33.807976, 0.0, 1.5414283107572988e-44, 90.0, 1.5414283107572988e-44, 120566.1484375
0:01:33.908743, 0.0, 1.5414283107572988e-44, 90.0, 1.5414283107572988e-44, 120566.78125
0:01:34.000505, 0.0, 1.5414283107572988e-44, 90.0, 1.5414283107572988e-44, 120567.3671875
0:01:34.111409, 0.0, 1.5414283107572988e-44, 90.0, 1.5414283107572988e-44, 120568.0703125
0:01:34.219739, 0.0, 1.5414283107572988e-44, 90.0, 1.5414283107572988e-44, 120568.75
0:01:34.309268, 0.0, 1.5414283107572988e-44, 90.0, 1.5414283107572988e-44, 120569.3125
0:01:34.401015, 0.0, 1.5414283107572988e-44, 90.0, 1.5414283107572988e-44, 120569.890625
0:01:34.517020, 0.0, 1.5414283107572988e-44, 90.0, 1.5414283107572988e-44, 120570.625
0:01:34.596894, 0.0, 1.5414283107572988e-44, 90.0, 1.5414283107572988e-44, 120571.1328125
0:01:34.705192, 0.0, 1.5414283107572988e-44, 90.0, 1.5414283107572988e-44, 120571.8203125
0:01:34.819162, 0.0, 1.5414283107572988e-44, 90.0, 1.5414283107572988e-44, 120572.5390625
0:01:34.901158, 0.0, 1.5414283107572988e-44, 90.0, 1.5414283107572988e-44, 120573.046875
0:01:35.018984, 0.0, 1.5414283107572988e-44, 90.0, 1.5414283107572988e-44, 120573.78125
0:01:35.103540, 0.0, 1.5414283107572988e-44, 90.0, 1.5414283107572988e-44, 120574.3203125
0:01:35.200881, 0.0, 1.5414283107572988e-44, 90.0, 1.5414283107572988e-44, 120574.9296875
0:01:35.299702, 0.0, 1.5414283107572988e-44, 90.0, 1.5414283107572988e-44, 120575.5546875
0:01:35.420848, 0.0, 1.5414283107572988e-44, 90.0, 1.5414283107572988e-44, 120576.3203125
0:01:35.519380, 0.0, 1.5414283107572988e-44, 90.0, 1.5414283107572988e-44, 120576.9453125
0:01:35.613026, 0.0, 1.5414283107572988e-44, 90.0, 1.5414283107572988e-44, 120577.5390625
0:01:35.725077, 0.0, 1.5414283107572988e-44, 90.0, 1.5414283107572988e-44, 120578.2421875
0:01:35.809578, 0.0, 1.5414283107572988e-44, 90.0, 1.5414283107572988e-44, 120578.7734375
0:01:35.925482, 0.0, 1.5414283107572988e-44, 90.0, 1.5414283107572988e-44, 120579.5078125
0:01:36.011084, 0.0, 1.5414283107572988e-44, 90.0, 1.5414283107572988e-44, 120580.0390625
0:01:36.137940, 0.0, 1.5414283107572988e-44, 90.0, 1.5414283107572988e-44, 120580.84375
0:01:36.216740, 0.0, 1.5414283107572988e-44, 90.0, 1.5414283107572988e-44, 120581.3359375
0:01:36.327796, 0.0, 1.5414283107572988e-44, 90.0, 1.5414283107572988e-44, 120582.0390625
0:01:36.413259, 0.0, 1.5414283107572988e-44, 90.0, 1.5414283107572988e-44, 120582.5859375
0:01:36.526795, 0.0, 1.5414283107572988e-44, 90.0, 1.5414283107572988e-44, 120583.3046875
0:01:36.633128, 0.0, 1.5414283107572988e-44, 90.0, 1.5414283107572988e-44, 120583.9765625
0:01:36.730409, 0.0, 1.5414283107572988e-44, 90.0, 1.5414283107572988e-44, 120584.5859375
0:01:36.830883, 0.0, 1.5414283107572988e-44, 90.0, 1.5414283107572988e-44, 120585.21875
0:01:36.930303, 0.0, 1.5414283107572988e-44, 90.0, 1.5414283107572988e-44, 120585.84375
0:01:37.019896, 0.0, 1.5414283107572988e-44, 90.0, 1.5414283107572988e-44, 120586.40625
0:01:37.131974, 0.0, 1.5414283107572988e-44, 90.0, 1.5414283107572988e-44, 120587.1171875
0:01:37.239265, 0.0, 1.5414283107572988e-44, 90.0, 1.5414283107572988e-44, 120587.8046875
0:01:37.335283, 0.0, 1.5414283107572988e-44, 90.0, 1.5414283107572988e-44, 120588.4140625
0:01:37.431866, 0.0, 1.5414283107572988e-44, 90.0, 1.5414283107572988e-44, 120589.03125
0:01:37.530804, 0.0, 1.5414283107572988e-44, 90.0, 1.5414283107572988e-44, 120589.6484375
0:01:37.630956, 0.0, 1.5414283107572988e-44, 90.0, 1.5414283107572988e-44, 120590.28125
0:01:37.733614, 0.0, 1.5414283107572988e-44, 90.0, 1.5414283107572988e-44, 120590.921875
0:01:37.850361, 0.0, 1.5414283107572988e-44, 90.0, 1.5414283107572988e-44, 120591.65625
0:01:37.933900, 0.0, 1.5414283107572988e-44, 90.0, 1.5414283107572988e-44, 120592.1875
0:01:38.057669, 0.0, 1.5414283107572988e-44, 90.0, 1.5414283107572988e-44, 120592.96875
0:01:38.143825, 0.0, 1.5414283107572988e-44, 90.0, 1.5414283107572988e-44, 120593.5078125
0:01:38.255182, 0.0, 1.5414283107572988e-44, 90.0, 1.5414283107572988e-44, 120594.21875
0:01:38.353272, 0.0, 1.5414283107572988e-44, 90.0, 1.5414283107572988e-44, 120594.8359375
0:01:38.452100, 0.0, 1.5414283107572988e-44, 90.0, 1.5414283107572988e-44, 120595.453125
0:01:38.537203, 0.0, 1.5414283107572988e-44, 90.0, 1.5414283107572988e-44, 120596.0
0:01:38.648830, 0.0, 1.5414283107572988e-44, 90.0, 1.5414283107572988e-44, 120596.703125
0:01:38.764766, 0.0, 1.5414283107572988e-44, 90.0, 1.5414283107572988e-44, 120597.4375
0:01:38.860421, 0.0, 1.5414283107572988e-44, 90.0, 1.5414283107572988e-44, 120598.0390625
0:01:38.944786, 0.0, 1.5414283107572988e-44, 90.0, 1.5414283107572988e-44, 120598.578125
0:01:39.060755, 0.0, 1.5414283107572988e-44, 90.0, 1.5414283107572988e-44, 120599.3046875
0:01:39.144162, 0.0, 1.5414283107572988e-44, 90.0, 1.5414283107572988e-44, 120599.8359375
0:01:39.266881, 0.0, 1.5414283107572988e-44, 90.0, 1.5414283107572988e-44, 120600.609375
0:01:39.350391, 0.0, 1.5414283107572988e-44, 90.0, 1.5414283107572988e-44, 120601.1328125
0:01:39.467770, 0.0, 1.5414283107572988e-44, 90.0, 1.5414283107572988e-44, 120601.875
0:01:39.577101, 0.0, 1.5414283107572988e-44, 90.0, 1.5414283107572988e-44, 120602.5625
0:01:39.662573, 0.0, 1.5414283107572988e-44, 90.0, 1.5414283107572988e-44, 120603.1015625
0:01:39.767984, 0.0, 1.5414283107572988e-44, 90.0, 1.5414283107572988e-44, 120603.765625
0:01:39.852447, 0.0, 1.5414283107572988e-44, 90.0, 1.5414283107572988e-44, 120604.296875
0:01:39.960895, 0.0, 1.5414283107572988e-44, 90.0, 1.5414283107572988e-44, 120604.96875
0:01:40.058938, 0.0, 1.5414283107572988e-44, 90.0, 1.5414283107572988e-44, 120605.5859375
0:01:40.172921, 0.0, 1.5414283107572988e-44, 90.0, 1.5414283107572988e-44, 120606.3046875
0:01:40.260432, 0.0, 1.5414283107572988e-44, 90.0, 1.5414283107572988e-44, 120606.8515625
0:01:40.372439, 0.0, 1.5414283107572988e-44, 90.0, 1.5414283107572988e-44, 120607.5625
0:01:40.459942, 0.0, 1.5414283107572988e-44, 90.0, 1.5414283107572988e-44, 120608.109375
0:01:40.560551, 0.0, 1.5414283107572988e-44, 90.0, 1.5414283107572988e-44, 120608.7421875
0:01:40.681974, 0.0, 1.5414283107572988e-44, 90.0, 1.5414283107572988e-44, 120609.515625
0:01:40.782749, 0.0, 1.5414283107572988e-44, 90.0, 1.5414283107572988e-44, 120610.15625
0:01:40.880154, 0.0, 1.5414283107572988e-44, 90.0, 1.5414283107572988e-44, 120610.7734375
0:01:40.984606, 0.0, 1.5414283107572988e-44, 90.0, 1.5414283107572988e-44, 120611.4453125
0:01:41.076281, 0.0, 1.5414283107572988e-44, 90.0, 1.5414283107572988e-44, 120612.0234375
0:01:41.187023, 0.0, 1.5414283107572988e-44, 90.0, 1.5414283107572988e-44, 120612.71875
0:01:41.272070, 0.0, 1.5414283107572988e-44, 90.0, 1.5414283107572988e-44, 120613.265625
0:01:41.372536, 0.0, 1.5414283107572988e-44, 90.0, 1.5414283107572988e-44, 120613.890625
0:01:41.486807, 0.0, 1.5414283107572988e-44, 90.0, 1.5414283107572988e-44, 120614.6015625
0:01:41.565386, 0.0, 1.5414283107572988e-44, 90.0, 1.5414283107572988e-44, 120615.09375
0:01:41.681367, 0.0, 1.5414283107572988e-44, 90.0, 1.5414283107572988e-44, 120615.8203125
0:01:41.784594, 0.0, 1.5414283107572988e-44, 90.0, 1.5414283107572988e-44, 120616.46875
0:01:41.882255, 0.0, 1.5414283107572988e-44, 90.0, 1.5414283107572988e-44, 120617.078125
0:01:41.973061, 0.0, 1.5414283107572988e-44, 90.0, 1.5414283107572988e-44, 120617.640625
0:01:42.088974, 0.0, 1.5414283107572988e-44, 90.0, 1.5414283107572988e-44, 120618.375
0:01:42.195319, 0.0, 1.5414283107572988e-44, 90.0, 1.5414283107572988e-44, 120619.0390625
0:01:42.282849, 0.0, 1.5414283107572988e-44, 90.0, 1.5414283107572988e-44, 120619.5859375
0:01:42.372522, 0.0, 1.5414283107572988e-44, 90.0, 1.5414283107572988e-44, 120620.140625
0:01:42.485405, 0.0, 1.5414283107572988e-44, 90.0, 1.5414283107572988e-44, 120620.8515625
0:01:42.595380, 0.0, 1.5414283107572988e-44, 90.0, 1.5414283107572988e-44, 120621.546875
0:01:42.682795, 0.0, 1.5414283107572988e-44, 90.0, 1.5414283107572988e-44, 120622.109375
0:01:42.786545, 0.0, 1.5414283107572988e-44, 90.0, 1.5414283107572988e-44, 120622.765625
0:01:42.902363, 0.0, 1.5414283107572988e-44, 90.0, 1.5414283107572988e-44, 120623.4921875
0:01:42.994809, 0.0, 1.5414283107572988e-44, 90.0, 1.5414283107572988e-44, 120624.0703125
0:01:43.096344, 0.0, 1.5414283107572988e-44, 90.0, 1.5414283107572988e-44, 120624.7109375
0:01:43.213795, 0.0, 1.5414283107572988e-44, 90.0, 1.5414283107572988e-44, 120625.4453125
0:01:43.296211, 0.0, 1.5414283107572988e-44, 90.0, 1.5414283107572988e-44, 120625.96875
0:01:43.412167, 0.0, 1.5414283107572988e-44, 90.0, 1.5414283107572988e-44, 120626.6953125
0:01:43.497785, 0.0, 1.5414283107572988e-44, 90.0, 1.5414283107572988e-44, 120627.2421875
0:01:43.616965, 0.0, 1.5414283107572988e-44, 90.0, 1.5414283107572988e-44, 120627.9921875
0:01:43.702504, 0.0, 1.5414283107572988e-44, 90.0, 1.5414283107572988e-44, 120628.5390625
0:01:43.800207, 0.0, 1.5414283107572988e-44, 90.0, 1.5414283107572988e-44, 120629.1484375
0:01:43.912393, 0.0, 1.5414283107572988e-44, 90.0, 1.5414283107572988e-44, 120629.859375
0:01:44.026296, 0.0, 1.5414283107572988e-44, 90.0, 1.5414283107572988e-44, 120630.5703125
0:01:44.109804, 0.0, 1.5414283107572988e-44, 90.0, 1.5414283107572988e-44, 120631.09375
0:01:44.195349, 0.0, 1.5414283107572988e-44, 90.0, 1.5414283107572988e-44, 120631.6328125
0:01:44.312336, 0.0, 1.5414283107572988e-44, 90.0, 1.5414283107572988e-44, 120632.375
0:01:44.419611, 0.0, 1.5414283107572988e-44, 90.0, 1.5414283107572988e-44, 120633.0546875
0:01:44.503237, 0.0, 1.5414283107572988e-44, 90.0, 1.5414283107572988e-44, 120633.578125
0:01:44.630336, 0.0, 1.5414283107572988e-44, 90.0, 1.5414283107572988e-44, 120634.3828125
0:01:44.714936, 0.0, 1.5414283107572988e-44, 90.0, 1.5414283107572988e-44, 120634.90625
0:01:44.805477, 0.0, 1.5414283107572988e-44, 90.0, 1.5414283107572988e-44, 120635.484375
0:01:44.926162, 0.0, 1.5414283107572988e-44, 90.0, 1.5414283107572988e-44, 120636.2421875
0:01:45.013243, 0.0, 1.5414283107572988e-44, 90.0, 1.5414283107572988e-44, 120636.796875
0:01:45.112685, 0.0, 1.5414283107572988e-44, 90.0, 1.5414283107572988e-44, 120637.4296875
0:01:45.206283, 0.0, 1.5414283107572988e-44, 90.0, 1.5414283107572988e-44, 120638.0234375
0:01:45.314618, 0.0, 1.5414283107572988e-44, 90.0, 1.5414283107572988e-44, 120638.7109375
0:01:45.438754, 0.0, 1.5414283107572988e-44, 90.0, 1.5414283107572988e-44, 120639.4921875
0:01:45.525174, 0.0, 1.5414283107572988e-44, 90.0, 1.5414283107572988e-44, 120640.0390625
0:01:45.623781, 0.0, 1.5414283107572988e-44, 90.0, 1.5414283107572988e-44, 120640.6640625
0:01:45.743992, 0.0, 1.5414283107572988e-44, 90.0, 1.5414283107572988e-44, 120641.421875
0:01:45.834851, 0.0, 1.5414283107572988e-44, 90.0, 1.5414283107572988e-44, 120641.9921875
0:01:45.944409, 0.0, 1.5414283107572988e-44, 90.0, 1.5414283107572988e-44, 120642.6796875
0:01:46.035944, 0.0, 1.5414283107572988e-44, 90.0, 1.5414283107572988e-44, 120643.2421875
0:01:46.147571, 0.0, 1.5414283107572988e-44, 90.0, 1.5414283107572988e-44, 120643.9609375
0:01:46.229823, 0.0, 1.5414283107572988e-44, 90.0, 1.5414283107572988e-44, 120644.484375
0:01:46.337115, 0.0, 1.5414283107572988e-44, 90.0, 1.5414283107572988e-44, 120645.15625
0:01:46.433245, 0.0, 1.5414283107572988e-44, 90.0, 1.5414283107572988e-44, 120645.765625
0:01:46.526281, 0.0, 1.5414283107572988e-44, 90.0, 1.5414283107572988e-44, 120646.3515625
0:01:46.636338, 0.0, 1.5414283107572988e-44, 90.0, 1.5414283107572988e-44, 120647.046875
0:01:46.740491, 0.0, 1.5414283107572988e-44, 90.0, 1.5414283107572988e-44, 120647.7109375
0:01:46.824971, 0.0, 1.5414283107572988e-44, 90.0, 1.5414283107572988e-44, 120648.2421875
0:01:46.947501, 0.0, 1.5414283107572988e-44, 90.0, 1.5414283107572988e-44, 120649.0234375
0:01:47.044824, 0.0, 1.5414283107572988e-44, 90.0, 1.5414283107572988e-44, 120649.6328125
0:01:47.139864, 0.0, 1.5414283107572988e-44, 90.0, 1.5414283107572988e-44, 120650.2421875
0:01:47.224480, 0.0, 1.5414283107572988e-44, 90.0, 1.5414283107572988e-44, 120650.765625
0:01:47.324582, 0.0, 1.5414283107572988e-44, 90.0, 1.5414283107572988e-44, 120651.3984375
0:01:47.444837, 0.0, 1.5414283107572988e-44, 90.0, 1.5414283107572988e-44, 120652.1484375
0:01:47.543314, 0.0, 1.5414283107572988e-44, 90.0, 1.5414283107572988e-44, 120652.765625
0:01:47.636315, 0.0, 1.5414283107572988e-44, 90.0, 1.5414283107572988e-44, 120653.3515625
0:01:47.745606, 0.0, 1.5414283107572988e-44, 90.0, 1.5414283107572988e-44, 120654.03125
0:01:47.837801, 0.0, 1.5414283107572988e-44, 90.0, 1.5414283107572988e-44, 120654.609375
0:01:47.951644, 0.0, 1.5414283107572988e-44, 90.0, 1.5414283107572988e-44, 120655.328125
0:01:48.063211, 0.0, 1.5414283107572988e-44, 90.0, 1.5414283107572988e-44, 120656.03125
0:01:48.148640, 0.0, 1.5414283107572988e-44, 90.0, 1.5414283107572988e-44, 120656.5703125
0:01:48.245115, 0.0, 1.5414283107572988e-44, 90.0, 1.5414283107572988e-44, 120657.1796875
0:01:48.372699, 0.0, 1.5414283107572988e-44, 90.0, 1.5414283107572988e-44, 120657.9765625
0:01:48.456789, 0.0, 1.5414283107572988e-44, 90.0, 1.5414283107572988e-44, 120658.515625
0:01:48.554488, 0.0, 1.5414283107572988e-44, 90.0, 1.5414283107572988e-44, 120659.1328125
0:01:48.657672, 0.0, 1.5414283107572988e-44, 90.0, 1.5414283107572988e-44, 120659.78125
0:01:48.768581, 0.0, 1.5414283107572988e-44, 90.0, 1.5414283107572988e-44, 120660.4765625
0:01:48.863176, 0.0, 1.5414283107572988e-44, 90.0, 1.5414283107572988e-44, 120661.078125
0:01:48.950738, 0.0, 1.5414283107572988e-44, 90.0, 1.5414283107572988e-44, 120661.625
0:01:49.065882, 0.0, 1.5414283107572988e-44, 90.0, 1.5414283107572988e-44, 120662.359375
0:01:49.164031, 0.0, 1.5414283107572988e-44, 90.0, 1.5414283107572988e-44, 120662.9765625
0:01:49.263738, 0.0, 1.5414283107572988e-44, 90.0, 1.5414283107572988e-44, 120663.609375
0:01:49.354672, 0.0, 1.5414283107572988e-44, 90.0, 1.5414283107572988e-44, 120664.1875
0:01:49.465056, 0.0, 1.5414283107572988e-44, 90.0, 1.5414283107572988e-44, 120664.8828125
0:01:49.556970, 0.0, 1.5414283107572988e-44, 90.0, 1.5414283107572988e-44, 120665.4609375
