0:06:58.545719: amp 40
0:06:58.577034: amp 55
0:06:58.577034: amp 67
0:06:58.608063: amp 78
0:06:58.639337: amp 86
0:06:58.639337: amp 88
0:07:04.730929: freq 0.55
0:07:04.746560: freq 0.6
0:07:04.762233: freq 0.6
0:07:04.777904: freq 0.75
0:07:04.809162: freq 0.8
0:07:08.092002: amp 63
0:07:08.123382: amp 58
0:07:08.123382: amp 56
0:07:08.123382: amp 53
0:07:08.139129: amp 48
0:07:08.154709: amp 43
0:07:08.170493: amp 40
0:07:29.115105: freq 0
0:07:29.115105: amp 0
0:07:29.115105: off 90
0:07:29.115105: phb 0
0:07:30.403240: freq 0
0:07:30.403240: amp 0
0:07:30.403240: off 90
0:07:30.403240: phb 0
0:23:11.946208: freq 0.05
0:23:12.103005: freq 0.1
0:23:12.103005: freq 0.15
0:23:12.323023: freq 0.2
0:23:12.605727: freq 0.25
0:23:12.966529: freq 0.3
0:23:13.170703: freq 0.35
0:23:13.359062: freq 0.3
0:23:13.405924: freq 0.25
0:23:13.437329: freq 0.2
0:23:13.484212: freq 0.15
0:23:13.531856: freq 0.1
0:23:13.595923: freq 0.05
0:23:13.704249: freq 0
0:23:16.357941: freq 0.05
0:23:16.467174: freq 0.1
0:23:16.505088: freq 0.15
0:23:16.733812: freq 0.2
0:23:25.868818: amp 3
0:23:25.884548: amp 4
0:23:25.900072: amp 5
0:23:25.915795: amp 7
0:23:25.947462: amp 9
0:23:25.947462: amp 11
0:23:25.963125: amp 12
0:23:25.994368: amp 14
0:23:26.010140: amp 17
0:23:26.025757: amp 18
0:23:26.041492: amp 19
0:23:26.057255: amp 20
0:23:26.072918: amp 22
0:23:26.104188: amp 23
0:23:26.119795: amp 24
0:23:26.151534: amp 25
0:23:26.167218: amp 26
0:23:26.198600: amp 27
0:23:26.229840: amp 28
0:23:26.261289: amp 29
0:23:26.276984: amp 30
0:23:26.292609: amp 32
0:23:26.308245: amp 33
0:23:26.323772: amp 35
0:23:26.339627: amp 37
0:23:26.355437: amp 40
0:23:26.386529: amp 41
0:23:26.386529: amp 43
0:23:26.402178: amp 44
0:23:26.417942: amp 45
0:23:26.438925: amp 46
0:23:26.449556: amp 47
0:23:26.481029: amp 48
0:23:26.512180: amp 49
0:23:26.527725: amp 50
0:23:26.543422: amp 51
0:23:26.574806: amp 52
0:23:26.574806: amp 53
0:23:26.606100: amp 54
0:23:26.621565: amp 55
0:23:26.639720: amp 56
0:23:26.669195: amp 57
0:23:26.716037: amp 58
0:23:26.778918: amp 59
0:23:26.825836: amp 60
0:23:26.920195: amp 61
0:23:27.061924: amp 62
0:23:27.218450: amp 63
0:23:27.296974: amp 64
0:23:27.375339: amp 65
0:23:27.442622: amp 66
0:23:27.469664: amp 67
0:23:27.500947: amp 68
0:23:27.532196: amp 69
0:23:27.595113: amp 70
0:23:27.626276: amp 71
0:23:27.643141: amp 72
0:23:27.704697: amp 73
0:23:27.743404: amp 74
0:23:27.783359: amp 75
0:23:27.814583: amp 76
0:23:27.843759: amp 77
0:23:27.862055: amp 78
0:23:27.940204: amp 79
0:23:27.987440: amp 80
0:23:28.043871: amp 81
0:23:28.081421: amp 82
0:23:28.159740: amp 83
0:23:28.222083: amp 84
0:23:28.269201: amp 85
0:23:28.363640: amp 86
0:23:28.473708: amp 87
0:23:28.552417: amp 88
0:23:28.708466: amp 89
0:23:28.881145: amp 90
0:23:30.249526: amp 89
0:23:30.249526: amp 88
0:23:30.278401: amp 87
0:23:30.293920: amp 83
0:23:30.309510: amp 82
0:23:30.325256: amp 78
0:23:30.340910: amp 77
0:23:30.357098: amp 74
0:23:30.372763: amp 71
0:23:30.388475: amp 66
0:23:30.404102: amp 64
0:23:30.419776: amp 60
0:23:30.435392: amp 57
0:23:30.451165: amp 55
0:23:30.466901: amp 52
0:23:30.482453: amp 51
0:23:30.498168: amp 49
0:23:30.513830: amp 48
0:23:30.529443: amp 47
0:23:30.560699: amp 45
0:23:30.576343: amp 44
0:23:30.592062: amp 43
0:23:30.607594: amp 40
0:23:30.623263: amp 39
0:23:30.638836: amp 37
0:23:30.654895: amp 35
0:23:30.686191: amp 34
0:23:30.686191: amp 32
0:23:30.717577: amp 31
0:23:30.764777: amp 32
0:23:30.780513: amp 33
0:23:30.811821: amp 35
0:23:30.811821: amp 38
0:23:30.827315: amp 40
0:23:30.858969: amp 42
0:23:30.874761: amp 45
0:23:30.890243: amp 47
0:23:30.906022: amp 49
0:23:30.937146: amp 52
0:23:30.937146: amp 53
0:23:30.953168: amp 55
0:23:30.968797: amp 56
0:23:31.000238: amp 57
0:23:31.015691: amp 58
0:23:31.031326: amp 60
0:23:31.063131: amp 61
0:23:31.078936: amp 62
0:23:31.094568: amp 63
0:23:31.110020: amp 64
0:23:31.141275: amp 65
0:23:31.157155: amp 66
0:23:31.172946: amp 67
0:23:31.188606: amp 68
0:23:31.204041: amp 69
0:23:31.235431: amp 70
0:23:31.252126: amp 71
0:23:31.267319: amp 72
0:23:31.298632: amp 73
0:23:31.361480: amp 74
0:23:31.392858: amp 75
0:23:31.455594: amp 76
0:23:31.502509: amp 77
0:23:31.596719: amp 78
0:23:31.627965: amp 79
0:23:31.691247: amp 80
0:23:31.722513: amp 81
0:23:31.784654: amp 82
0:23:31.862913: amp 83
0:23:31.956939: amp 84
0:23:32.019597: amp 85
0:23:32.082747: amp 86
0:23:32.208113: amp 87
0:23:32.302102: amp 88
0:23:32.427697: amp 89
0:23:33.244677: amp 90
0:23:35.033498: amp 87
0:23:35.174669: amp 82
0:23:35.206104: amp 80
0:23:35.206104: amp 75
0:23:35.221728: amp 70
0:23:35.237284: amp 66
0:23:35.262748: amp 61
0:23:35.268887: amp 56
0:23:35.300321: amp 51
0:23:35.300321: amp 47
0:23:35.315923: amp 44
0:23:35.347049: amp 39
0:23:35.378891: amp 35
0:23:35.378891: amp 31
0:23:35.394632: amp 28
0:23:35.410257: amp 24
0:23:35.425874: amp 21
0:23:35.441431: amp 18
0:23:35.463354: amp 17
0:23:35.473040: amp 15
0:23:35.488842: amp 14
0:23:35.504482: amp 12
0:23:35.520118: amp 10
0:23:35.535550: amp 9
0:23:35.551354: amp 8
0:23:35.582988: amp 7
0:23:35.582988: amp 5
0:23:35.598629: amp 4
0:23:35.629838: amp 3
0:23:35.645440: amp 2
0:23:35.692554: amp 1
0:23:35.739485: amp 0
0:23:37.794948: freq 0.3
0:23:37.936168: freq 0.25
0:23:37.971659: freq 0.2
0:23:37.971659: freq 0.2
0:23:37.999106: freq 0.15
0:23:38.030340: freq 0.1
0:23:38.093064: freq 0.1
0:23:38.093064: freq 0.05
0:23:38.155474: freq 0
0:23:38.344324: freq 0
0:23:39.349425: amp 3
0:23:39.375102: amp 4
0:23:39.381124: amp 5
0:23:39.396877: amp 6
0:23:39.428202: amp 7
0:23:39.459460: amp 8
0:23:39.490858: amp 9
0:23:39.506453: amp 10
0:23:39.537635: amp 11
0:23:39.553251: amp 12
0:23:39.584881: amp 13
0:23:39.584881: amp 14
0:23:39.600683: amp 15
0:23:39.631870: amp 16
0:23:39.663190: amp 17
0:23:39.679482: amp 18
0:23:39.695228: amp 19
0:23:39.742181: amp 20
0:23:39.773256: amp 21
0:23:39.789148: amp 22
0:23:39.804812: amp 23
0:23:39.867446: amp 24
0:23:39.876125: amp 25
0:23:39.883216: amp 26
0:23:39.930131: amp 27
0:23:39.945892: amp 28
0:23:39.992459: amp 29
0:23:40.008116: amp 30
0:23:40.023579: amp 31
0:23:40.054982: amp 32
0:23:40.077153: amp 33
0:23:40.086793: amp 35
0:23:40.102425: amp 36
0:23:40.118236: amp 37
0:23:40.133869: amp 38
0:23:40.149496: amp 39
0:23:40.180996: amp 40
0:23:40.196746: amp 41
0:23:40.227923: amp 43
0:23:40.243611: amp 44
0:23:40.259264: amp 46
0:23:40.277529: amp 47
0:23:40.291140: amp 50
0:23:40.306879: amp 54
0:23:40.322586: amp 56
0:23:40.338024: amp 58
0:23:40.353665: amp 60
0:23:40.369461: amp 62
0:23:40.385361: amp 65
0:23:40.401042: amp 67
0:23:40.416664: amp 71
0:23:40.432449: amp 73
0:23:40.448073: amp 76
0:23:40.479427: amp 78
0:23:40.479427: amp 80
0:23:40.510888: amp 81
0:23:40.526507: amp 82
0:23:40.542056: amp 84
0:23:40.557741: amp 85
0:23:40.589384: amp 86
0:23:40.620677: amp 87
0:23:40.761975: amp 88
0:23:40.809515: amp 89
0:23:40.856388: amp 90
0:23:47.352690: amp 89
0:23:47.368403: amp 83
0:23:47.383973: amp 79
0:23:47.399110: amp 74
0:23:47.414858: amp 68
0:23:47.430536: amp 64
0:23:47.461790: amp 59
0:23:47.477359: amp 56
0:23:47.493029: amp 53
0:23:47.509162: amp 50
0:23:47.524825: amp 48
0:23:47.524825: amp 47
0:23:47.556093: amp 46
0:23:47.571827: amp 45
0:23:47.587464: amp 44
0:23:47.618913: amp 43
0:23:47.712964: amp 42
0:23:47.995607: amp 43
0:23:48.043239: amp 44
0:23:48.215670: amp 45
0:23:48.293932: amp 46
0:23:48.341613: amp 47
0:23:48.388429: amp 48
0:23:48.514121: amp 49
0:23:49.472294: amp 48
0:23:49.817835: amp 47
0:23:50.320366: amp 46
0:23:50.994372: amp 45
0:23:56.741705: amp 44
0:23:56.804388: amp 41
0:23:56.819852: amp 39
0:23:56.835695: amp 35
0:23:56.851499: amp 31
0:23:56.882682: amp 25
0:23:56.882682: amp 19
0:23:56.898320: amp 14
0:23:56.913857: amp 10
0:23:56.930496: amp 6
0:23:56.945698: amp 4
0:23:56.977070: amp 2
0:23:57.008237: amp 1
0:23:57.055514: amp 0
0:24:09.015954: amp 1
0:24:09.047345: amp 2
0:24:09.047345: amp 4
0:24:09.047345: amp 8
0:24:09.094492: amp 11
0:24:09.094492: amp 15
0:24:09.094492: amp 17
0:24:09.157039: amp 22
0:24:09.157039: amp 25
0:24:09.157039: amp 28
0:24:09.172864: amp 31
0:24:09.188654: amp 34
0:24:09.204155: amp 36
0:24:09.219753: amp 38
0:24:09.235380: amp 39
0:24:09.251161: amp 40
0:24:09.282464: amp 41
0:24:09.313674: amp 42
0:24:09.329346: amp 43
0:24:09.344974: amp 44
0:24:09.367281: amp 46
0:24:09.376391: amp 47
0:24:09.392052: amp 49
0:24:09.407807: amp 50
0:24:09.439017: amp 51
0:24:09.454691: amp 53
0:24:09.454691: amp 54
0:24:09.486307: amp 55
0:24:09.501785: amp 56
0:24:09.548805: amp 57
0:24:09.642843: amp 58
0:24:09.674494: amp 59
0:24:09.705927: amp 60
0:24:09.752695: amp 61
0:24:09.768805: amp 62
0:24:09.800074: amp 63
0:24:09.878394: amp 64
0:24:09.941039: amp 65
0:24:09.972629: amp 66
0:24:10.003897: amp 68
0:24:10.019537: amp 71
0:24:10.035166: amp 73
0:24:10.050801: amp 77
0:24:10.070141: amp 79
0:24:10.082200: amp 80
0:24:10.097961: amp 82
0:24:10.113574: amp 85
0:24:10.144743: amp 86
0:24:10.144743: amp 88
0:24:10.176589: amp 89
0:24:10.176589: amp 90
0:24:11.134497: amp 88
0:24:11.165604: amp 86
0:24:11.174777: amp 83
0:24:11.197125: amp 79
0:24:11.197125: amp 75
0:24:11.228377: amp 70
0:24:11.243982: amp 64
0:24:11.259585: amp 59
0:24:11.259585: amp 52
0:24:11.291008: amp 41
0:24:11.306571: amp 37
0:24:11.322105: amp 29
0:24:11.337878: amp 21
0:24:11.353373: amp 14
0:24:11.384799: amp 7
0:24:11.384799: amp 0
0:24:11.541622: amp 3
0:24:11.576807: amp 14
0:24:11.588880: amp 23
0:24:11.604624: amp 30
0:24:11.620299: amp 43
0:24:11.651559: amp 56
0:24:11.651559: amp 64
0:24:11.667137: amp 67
0:24:11.683312: amp 71
0:24:11.714730: amp 74
0:24:11.730214: amp 75
0:24:11.761610: amp 73
0:24:11.793063: amp 69
0:24:11.793063: amp 65
0:24:11.808543: amp 57
0:24:11.871191: amp 23
0:24:11.902754: amp 20
0:24:11.902754: amp 16
0:24:11.902754: amp 12
0:24:11.934112: amp 6
0:24:11.949735: amp 2
0:24:11.965388: amp 0
0:24:11.996890: amp 9
0:24:12.012675: amp 14
0:24:12.028252: amp 29
0:24:12.043777: amp 49
0:24:12.059529: amp 56
0:24:12.078262: amp 74
0:24:12.091421: amp 81
0:24:12.107231: amp 85
0:24:12.122689: amp 86
0:24:12.138417: amp 84
0:24:12.154093: amp 77
0:24:12.169669: amp 66
0:24:12.185550: amp 52
0:24:12.216845: amp 27
0:24:12.248224: amp 21
0:24:12.279405: amp 11
0:24:12.310822: amp 17
0:24:12.342078: amp 27
0:24:12.342078: amp 37
0:24:12.342078: amp 44
0:24:12.357701: amp 57
0:24:12.373219: amp 71
0:24:12.389426: amp 73
0:24:12.405205: amp 76
0:24:12.420858: amp 75
0:24:12.436484: amp 63
0:24:12.480261: amp 21
0:24:12.499744: amp 17
0:24:12.515212: amp 16
0:24:12.546623: amp 24
0:24:12.580304: amp 37
0:24:12.593973: amp 49
0:24:12.609768: amp 60
0:24:12.625346: amp 68
0:24:12.640970: amp 76
0:24:12.719393: amp 27
0:24:12.797116: amp 41
0:24:12.828315: amp 54
0:24:12.828315: amp 62
0:24:12.859465: amp 74
0:24:12.907042: amp 80
0:24:12.907042: amp 82
0:24:12.922644: amp 77
0:24:12.938330: amp 65
0:24:12.953822: amp 47
0:24:12.969445: amp 42
0:24:13.001429: amp 34
0:24:13.001429: amp 29
0:24:13.032677: amp 27
0:24:13.032677: amp 28
0:24:13.048156: amp 33
0:24:13.082155: amp 37
0:24:13.095300: amp 40
0:24:13.111107: amp 42
0:24:14.397564: amp 41
0:24:14.507539: amp 45
0:24:14.507539: amp 47
0:24:14.523002: amp 48
0:24:14.538771: amp 50
0:24:14.554254: amp 52
0:24:14.569886: amp 53
0:24:14.587716: amp 55
0:24:14.601883: amp 58
0:24:14.617527: amp 60
0:24:14.633298: amp 61
0:24:14.648803: amp 64
0:24:14.695863: amp 66
0:24:14.695863: amp 67
0:24:14.711657: amp 69
0:24:14.727155: amp 70
0:24:14.742921: amp 71
0:24:14.758536: amp 72
0:24:14.774159: amp 74
0:24:14.790001: amp 75
0:24:14.805790: amp 77
0:24:14.821293: amp 78
0:24:14.836908: amp 80
0:24:14.868252: amp 81
0:24:14.868252: amp 82
0:24:14.931548: amp 84
0:24:14.931548: amp 85
0:24:14.931548: amp 86
0:24:14.962780: amp 87
0:24:14.994118: amp 88
0:24:15.104114: amp 89
0:24:15.119914: amp 90
0:24:16.045674: freq 0.05
0:24:16.061273: freq 0.1
0:24:16.171621: freq 0.5
0:24:16.171621: freq 0.55
0:24:16.193405: freq 0.6
0:24:16.203080: freq 0.65
0:24:16.218882: freq 0.7
0:24:16.234376: freq 0.75
0:24:16.250011: freq 0.75
0:24:16.265655: freq 0.8
0:24:16.297198: freq 0.85
0:24:16.328618: freq 0.9
0:24:16.407326: freq 0.95
0:24:16.501477: freq 1
0:24:19.341934: freq 0.95
0:24:19.514686: freq 0.9
0:24:19.561792: freq 0.85
0:24:19.577318: freq 0.8
0:24:19.592840: freq 0.75
0:24:19.624621: freq 0.7
0:24:19.640297: freq 0.65
0:24:19.655961: freq 0.6
0:24:19.671538: freq 0.55
0:24:19.687085: freq 0.5
0:24:19.705905: freq 0.45
0:24:19.718940: freq 0.4
0:24:19.750367: freq 0.35
0:24:19.765991: freq 0.3
0:24:19.797192: freq 0.25
0:24:19.813007: freq 0.2
0:24:19.828799: freq 0.15
0:24:19.844425: freq 0.1
0:24:19.860062: freq 0.1
0:24:19.891169: freq 0.05
0:24:19.891169: freq 0.05
0:24:19.922355: freq 0
0:24:23.028348: amp 88
0:24:23.044092: amp 87
0:24:23.075424: amp 86
0:24:23.122473: amp 85
0:24:23.122473: amp 84
0:24:23.138235: amp 83
0:24:23.184986: amp 81
0:24:23.184986: amp 79
0:24:23.200788: amp 78
0:24:23.218561: amp 77
0:24:23.232254: amp 75
0:24:23.279320: amp 74
0:24:23.279320: amp 72
0:24:23.357862: amp 71
0:24:23.389093: amp 70
0:24:23.452026: amp 69
0:24:23.467509: amp 68
0:24:23.530749: amp 67
0:24:23.624909: amp 66
0:24:23.640650: amp 65
0:24:23.687452: amp 64
0:24:23.735006: amp 63
0:24:23.892221: amp 62
0:24:23.907846: amp 61
0:24:23.939379: amp 60
0:24:23.986379: amp 59
0:24:24.033374: amp 58
0:24:24.095998: amp 57
0:24:24.158769: amp 56
0:24:24.174313: amp 55
0:24:24.221284: amp 54
0:24:24.315170: amp 53
0:24:24.362317: amp 52
0:24:24.425288: amp 51
0:24:24.472343: amp 50
0:24:24.503421: amp 49
0:24:24.550727: amp 48
0:24:24.581882: amp 47
0:24:24.645055: amp 46
0:24:24.691929: amp 45
0:24:27.782133: amp 43
0:24:27.782133: amp 42
0:24:27.782133: amp 40
0:24:27.797851: amp 36
0:24:27.832848: amp 30
0:24:27.845541: amp 26
0:24:27.861174: amp 20
0:24:27.877044: amp 18
0:24:27.892615: amp 10
0:24:27.908242: amp 5
0:24:27.940007: amp 0
0:28:45.129392: off 98
0:28:45.207873: off 89
0:28:45.254908: off 75
0:28:45.270582: off 74
0:28:45.301932: off 70
0:28:45.317609: off 67
0:28:45.380799: off 59
0:28:45.401357: off 57
0:28:45.443913: off 53
0:28:45.454133: off 51
0:28:45.506783: off 46
0:28:45.538044: off 43
0:28:45.585436: off 39
0:28:45.616515: off 38
0:28:45.654589: off 32
0:28:45.710829: off 27
0:28:45.710829: off 26
0:28:45.754722: off 23
0:28:45.789250: off 19
0:28:45.854902: off 17
0:28:45.899395: off 14
0:28:45.915075: off 13
0:28:45.955080: off 12
0:28:46.009283: off 11
0:28:46.040522: off 10
0:28:46.087798: off 9
0:28:46.212996: off 8
0:28:46.369885: off 7
0:28:47.626422: off 8
0:28:47.704967: off 9
0:28:47.751966: off 10
0:28:47.814912: off 11
0:28:47.861410: off 15
0:28:47.892888: off 18
0:28:47.971083: off 23
0:28:48.002529: off 25
0:28:48.049349: off 34
0:28:48.097321: off 37
0:28:48.160344: off 42
0:28:48.162979: off 43
0:28:48.223297: off 45
0:28:48.263449: off 49
0:28:48.301932: off 51
0:28:48.333240: off 52
0:28:48.379718: off 55
0:28:48.410995: off 56
0:28:48.457878: off 60
0:28:48.536895: off 62
0:28:48.568580: off 64
0:28:48.631304: off 66
0:28:48.664771: off 68
0:28:48.740926: off 69
0:28:49.180276: off 70
0:28:50.075146: off 71
0:28:50.171230: off 72
0:28:51.001723: off 71
0:28:51.111929: off 70
0:28:51.709246: off 69
0:28:51.709246: off 68
0:28:51.755972: off 65
0:28:51.787655: off 64
0:28:51.818949: off 63
0:28:51.834774: off 61
0:28:51.877110: off 56
0:28:51.881773: off 54
0:28:51.913033: off 37
0:28:51.928770: off 28
0:28:51.960096: off 10
0:28:51.991276: off 6
0:28:52.038256: off 0
0:28:53.184847: off 14
0:28:53.357318: off 26
0:28:53.388761: off 34
0:28:53.420225: off 36
0:28:53.451479: off 45
0:28:53.498289: off 59
0:28:53.545331: off 70
0:28:53.545331: off 76
0:28:53.583059: off 79
0:28:53.608506: off 93
0:28:53.623945: off 99
0:28:53.671000: off 117
0:28:53.687209: off 120
0:28:53.718610: off 133
0:28:53.734227: off 136
0:28:53.765535: off 152
0:28:53.828536: off 165
0:28:53.859789: off 180
0:28:55.067650: phb 6.173483016786248
0:28:55.099022: phb 6.124298593841401
0:28:55.130412: phb 5.937965014956464
0:28:55.726897: off 169
0:28:55.742360: off 163
0:28:55.792142: off 149
0:28:55.821158: off 147
0:28:55.852338: off 137
0:28:55.867878: off 134
0:28:55.899485: off 121
0:28:55.915280: off 119
0:28:55.977766: off 107
0:28:56.024807: off 98
0:28:56.094015: off 90
0:28:56.134656: off 85
0:28:56.150119: off 84
0:28:56.181455: off 82
0:28:56.244698: off 81
0:28:56.323076: off 82
0:28:56.323076: off 83
0:28:56.354377: off 85
0:28:56.369904: off 86
0:28:56.417578: off 88
0:28:56.433199: off 89
0:28:56.479924: off 90
0:28:56.527286: off 91
0:28:57.312704: off 88
0:28:57.359631: off 87
0:28:57.438018: off 86
0:28:58.003187: off 87
0:28:58.301962: off 88
0:28:58.349090: off 89
0:28:59.087286: off 90
0:28:59.203678: off 91
0:28:59.322863: off 92
0:29:00.091663: off 91
0:29:00.389511: off 90
0:35:35.264721: freq 0
0:35:35.264721: amp 0
0:35:35.264721: off 90
0:35:35.264721: phb 0
0:44:31.475833: off 110
0:44:31.475833: off 50
0:44:31.522850: off 28
0:44:31.993301: off 33
0:44:31.993301: off 38
0:44:32.056072: off 81
0:44:32.071649: off 90
0:44:32.102888: off 133
0:44:32.134835: off 143
0:44:32.134835: off 147
0:44:59.665206: off 149
0:44:59.728263: off 124
0:44:59.759505: off 118
0:44:59.790635: off 93
0:44:59.854003: off 80
0:44:59.908000: off 68
0:44:59.948654: off 62
0:45:09.337119: off 56
0:45:09.525436: off 62
0:45:09.525436: off 63
0:45:09.541266: off 64
0:45:09.572632: off 68
0:45:09.619511: off 75
0:45:09.635706: off 77
0:45:09.682763: off 85
0:45:09.698308: off 87
0:45:09.761147: off 95
0:45:09.761147: off 97
0:45:09.840924: off 102
0:45:09.871258: off 105
0:45:09.886837: off 107
0:45:09.902452: off 108
0:45:09.936262: off 111
0:45:09.949848: off 112
0:45:09.996907: off 118
0:45:09.996907: off 120
0:45:10.036547: off 127
0:45:10.059976: off 129
0:45:10.059976: off 135
0:45:10.092105: off 136
0:45:10.123122: off 140
0:45:10.138970: off 141
0:45:10.186019: off 142
0:45:17.190211: off 143
0:45:17.362167: off 150
0:45:17.393621: off 155
0:45:17.393621: off 156
0:45:17.440514: off 159
0:45:17.487585: off 172
0:45:17.549964: off 180
0:45:33.331726: phb 0.07704056156969535
0:45:33.331726: phb 0.09226416535611767
0:45:33.347345: phb 0.1078827505129415
0:45:33.378489: phb 0.1239044651610648
0:45:33.410135: phb 0.23322514012526666
0:45:33.425915: phb 0.2659230910673378
0:45:33.457217: phb 0.3417714265433193
0:45:33.488313: phb 0.36955561135908715
0:45:33.535552: phb 0.46845485692005284
0:45:33.551193: phb 0.5004898738369066
0:45:33.598053: phb 0.5762267734518202
0:45:33.629720: phb 0.6190305543818411
0:45:33.645283: phb 0.6303256328806078
0:45:33.692210: phb 0.7086262547552352
0:45:33.755315: phb 0.7680301642955898
0:45:33.807293: phb 0.8173280110723782
0:45:33.849751: phb 0.8867862727935724
0:45:33.865372: phb 0.9063919112622317
0:45:33.928281: phb 0.9837476662299742
0:45:33.975189: phb 1.0470703505139716
0:45:33.990814: phb 1.077082042032887
0:45:34.038308: phb 1.2277716268871608
0:45:34.069664: phb 1.2561093244877188
0:45:34.085243: phb 1.3423699715176582
0:45:34.107565: phb 1.3691707934124395
0:45:34.116758: phb 1.4591414110212266
0:45:34.132512: phb 1.4852067538375893
0:45:34.163793: phb 1.5679391704124077
0:45:34.163793: phb 1.6018597562987849
0:45:34.210973: phb 1.7518514062049892
0:45:34.540645: phb 2.019792350319854
0:45:34.571844: phb 2.0395257676322522
0:45:34.744245: phb 2.060244330726857
0:45:34.759813: phb 2.070371966989146
0:45:34.910507: phb 2.0873745620619637
0:45:34.964182: phb 2.1096709876948423
0:45:35.010993: phb 2.149476942955732
0:45:35.073532: phb 2.235372616775587
0:45:35.120762: phb 2.243092925618788
0:45:35.136560: phb 2.3312560631354464
0:45:35.199071: phb 2.4616832147648267
0:45:35.199071: phb 2.4907679301207746
0:45:35.278345: phb 2.5982938473832946
0:45:35.278345: phb 2.634816852596102
0:45:35.325412: phb 2.7536923798914477
0:45:35.341235: phb 2.7708715547130476
0:45:35.341235: phb 2.8291483330199307
0:45:35.372471: phb 2.841645252869146
0:45:35.403563: phb 2.939757958496501
0:45:35.466282: phb 2.9652263544591535
0:45:35.466282: phb 2.978049640933711
0:45:35.529291: phb 3.042904311470259
0:45:35.544793: phb 3.1481928204268614
0:45:35.576238: phb 3.2271912247838968
0:45:35.607391: phb 3.253336330323808
0:45:35.655234: phb 3.3935481483159995
0:45:35.655234: phb 3.4424091295260166
0:45:35.701987: phb 3.557978156980061
0:45:35.733610: phb 3.7230435546909355
0:45:35.749233: phb 3.755969730309348
0:45:35.812904: phb 3.883359232102986
0:45:35.843185: phb 3.9579089501427416
0:45:35.937328: phb 3.975171424977685
0:45:35.999783: phb 4.000852309968923
0:45:36.093818: phb 4.01920175761208
0:45:36.203464: phb 4.038128129465942
0:45:36.203464: phb 4.047812340432448
0:45:36.314660: phb 4.0676290073496295
0:45:36.345018: phb 4.07776535579696
0:45:36.391892: phb 4.098499097676135
0:45:36.689984: phb 4.116379774819104
0:45:36.784198: phb 4.134138408048029
0:45:36.831941: phb 4.166933747865163
0:45:36.894452: phb 4.184781971197195
0:45:37.035722: phb 4.208705820121206
0:45:42.154699: phb 4.89683584299107
0:45:42.374031: phb 4.838581586475672
0:45:42.389643: phb 4.779454370174944
0:45:42.431646: phb 4.719851592150529
0:45:42.468199: phb 4.690006517601953
0:45:42.531707: phb 4.630483060592647
0:45:42.593857: phb 4.600914513492862
0:45:42.640810: phb 4.571537679690703
0:45:42.687728: phb 4.542403484735826
0:45:42.734954: phb 4.485045891953927
0:45:42.782005: phb 4.375049254627648
0:45:42.845195: phb 4.248741781321957
0:45:42.860857: phb 4.20212897363841
0:45:42.923442: phb 4.115825181214456
0:45:42.955086: phb 4.095677658131856
0:45:42.955086: phb 4.057054272754439
0:45:42.986394: phb 4.038558375295032
0:45:43.017673: phb 3.9862096112356618
0:45:43.080243: phb 3.9697668308902636
0:45:43.133464: phb 3.9232738389755917
0:45:43.158680: phb 3.879407506577325
0:45:43.237347: phb 3.8343205586103344
0:45:43.253023: phb 3.821160520460692
0:45:43.315682: phb 3.775738549455402
0:45:43.363038: phb 3.7295957222098983
0:45:43.378758: phb 3.682913668189939
0:45:43.410012: phb 3.6646939852531237
0:45:43.457368: phb 3.569541705837262
0:45:43.472992: phb 3.514369434736372
0:45:43.504272: phb 3.3931325927561433
0:45:43.551610: phb 3.279743861556084
0:45:43.567154: phb 3.172995940380701
0:45:43.613984: phb 2.7680364209600388
0:45:43.645677: phb 2.683992852767709
0:45:43.677105: phb 2.485896403382399
0:45:43.708184: phb 2.438163369970846
0:45:43.708184: phb 2.2875993053046777
0:45:43.755633: phb 2.249370745294777
0:45:43.786849: phb 2.072314103495623
0:45:43.802370: phb 2.0135856499439244
0:45:43.835492: phb 1.9123540410320459
0:45:43.849634: phb 1.8746453326574894
0:45:45.216345: phb 1.8174430196467763
0:45:45.373390: phb 1.7044761560189527
0:45:45.404646: phb 1.6772880186409787
0:45:45.451602: phb 1.5397709409791358
0:45:45.451602: phb 1.5122422133759494
0:45:45.467363: phb 1.4438957294575472
0:45:47.288710: off 176
0:45:47.288710: off 175
0:45:47.351436: off 170
0:45:47.367100: off 168
0:45:47.414126: off 160
0:45:47.429679: off 157
0:45:47.476617: off 147
0:45:47.508081: off 145
0:45:47.546682: off 136
0:45:47.555193: off 133
0:45:47.617868: off 125
0:45:47.664978: off 120
0:45:47.696230: off 119
0:45:47.711822: off 116
0:45:47.774727: off 112
0:45:47.790356: off 110
0:45:47.837188: off 105
0:45:47.884507: off 98
0:45:47.931552: off 90
0:45:47.994639: off 78
0:45:48.057291: off 70
0:45:48.073047: off 68
0:45:48.119990: off 60
0:45:48.151429: off 58
0:45:48.167171: off 52
0:45:48.198347: off 49
0:45:48.214104: off 46
0:45:48.261183: off 41
0:45:48.292482: off 38
0:45:48.339435: off 35
0:45:48.386527: off 34
0:45:48.417942: off 33
0:45:48.590710: off 34
0:45:48.622641: off 38
0:45:48.653910: off 39
0:45:48.700939: off 44
0:45:48.716569: off 45
0:45:48.750530: off 47
0:45:48.779243: off 48
0:45:48.873441: off 49
0:45:48.920316: off 51
0:45:48.935966: off 52
0:45:48.982931: off 57
0:45:49.052049: off 61
0:45:49.108284: off 63
0:45:49.218225: off 60
0:45:49.265278: off 56
0:45:49.281070: off 54
0:45:49.352663: off 49
0:45:49.375480: off 48
0:45:49.406698: off 44
0:45:49.425901: off 43
0:45:49.470157: off 39
0:45:49.485923: off 38
0:45:49.553583: off 35
0:45:49.553583: off 34
0:45:49.612078: off 32
0:45:49.627752: off 31
0:45:49.674961: off 27
0:45:49.754175: off 22
0:45:49.754175: off 21
0:45:49.800695: off 16
0:45:49.816246: off 14
0:45:49.879118: off 9
0:45:49.926012: off 6
0:45:49.973097: off 4
0:45:50.035746: off 1
0:45:50.083337: off 0
0:49:18.727353: freq 0
0:49:18.727353: amp 0
0:49:18.727353: off 90
0:49:18.727353: phb 0
0:54:46.109888: freq 0.05
0:54:46.204368: freq 0.1
0:54:46.204368: freq 0.15
0:54:46.236160: freq 0.2
0:54:46.283255: freq 0.25
0:54:46.368971: freq 0.3
0:54:46.396116: freq 0.35
0:54:46.456820: freq 0.4
0:54:47.132161: amp 3
0:54:47.304836: amp 11
0:54:47.314779: amp 12
0:54:47.337858: amp 14
0:54:47.384856: amp 21
0:54:47.400497: amp 23
0:54:47.463373: amp 28
0:54:47.510663: amp 31
0:54:47.577330: amp 32
0:54:47.667214: amp 33
0:54:47.793273: amp 34
0:56:07.803844: freq 0
0:56:07.803844: amp 0
0:56:08.337164: off 90
0:56:08.337164: phb 0
0:56:08.337164: freq 0
0:56:08.337164: amp 0
0:56:08.337164: off 90
0:56:08.337164: phb 0
1:07:39.791743: freq 0.35
1:07:39.885631: freq 0.5
1:07:39.888677: freq 0.55
1:07:39.933319: freq 0.6
1:07:39.964574: freq 0.65
1:07:39.996264: freq 0.7
1:07:40.011928: freq 0.75
1:07:40.058987: freq 0.8
1:07:40.137781: freq 0.85
1:07:40.137781: freq 0.9
1:07:40.200519: freq 0.95
1:07:40.278669: freq 1
1:07:40.655658: freq 0.95
1:07:40.703050: freq 0.85
1:07:40.749944: freq 0.75
1:07:40.797274: freq 0.7
1:07:40.812985: freq 0.65
1:07:40.859988: freq 0.55
1:07:40.937952: freq 0.5
1:07:40.953599: freq 0.45
1:07:41.000864: freq 0.4
1:07:41.095042: freq 0.35
1:07:41.142123: freq 0.3
1:07:41.204777: freq 0.25
1:07:41.236237: freq 0.2
1:07:41.314695: freq 0.15
1:07:41.345882: freq 0.1
1:07:41.534065: freq 0.15
1:07:41.565325: freq 0.25
1:07:41.612504: freq 0.3
1:07:41.628191: freq 0.35
1:07:41.643808: freq 0.4
1:07:41.675077: freq 0.45
1:07:41.693109: freq 0.5
1:07:41.738297: freq 0.6
1:07:41.769565: freq 0.7
1:07:41.816668: freq 0.75
1:07:41.942032: freq 0.8
1:07:41.942032: freq 0.85
1:07:41.993412: freq 0.9
1:07:42.193737: freq 0.85
1:07:42.240323: freq 0.75
1:07:42.271593: freq 0.7
1:07:42.294012: freq 0.65
1:07:42.350063: freq 0.55
1:07:42.381411: freq 0.45
1:07:42.397310: freq 0.4
1:07:42.444348: freq 0.35
1:07:42.444348: freq 0.3
1:07:42.507149: freq 0.25
1:07:42.522816: freq 0.2
1:07:42.569863: freq 0.2
1:07:42.569863: freq 0.15
1:07:42.648331: freq 0.1
1:07:42.727224: freq 0.05
1:07:42.916446: freq 0.1
1:07:42.963356: freq 0.2
1:07:43.010827: freq 0.25
1:07:43.026498: freq 0.3
1:07:43.096669: freq 0.4
1:07:43.120902: freq 0.5
1:07:43.136663: freq 0.55
1:07:43.196586: freq 0.65
1:07:43.246651: freq 0.7
1:07:43.262334: freq 0.75
1:07:43.296918: freq 0.8
1:07:43.340944: freq 0.85
1:07:43.372124: freq 0.85
1:07:43.387750: freq 0.9
1:07:43.575579: freq 0.85
1:07:43.638593: freq 0.75
1:07:43.685301: freq 0.7
1:07:43.716921: freq 0.65
1:07:43.779246: freq 0.6
1:07:43.811307: freq 0.5
1:07:43.827036: freq 0.5
1:07:43.873920: freq 0.45
1:07:43.952309: freq 0.35
1:07:43.952309: freq 0.3
1:07:44.046326: freq 0.2
1:07:44.100069: freq 0.15
1:07:44.171925: freq 0.1
1:07:44.281700: freq 0.05
1:07:44.485588: freq 0.15
1:07:44.548865: freq 0.3
1:07:44.602469: freq 0.45
1:07:44.674117: freq 0.5
1:07:44.674117: freq 0.55
1:07:44.721626: freq 0.6
1:07:44.768683: freq 0.7
1:07:44.803300: freq 0.75
1:07:44.863029: freq 0.8
1:07:44.925891: freq 0.85
1:07:45.145448: freq 0.8
1:07:45.176521: freq 0.75
1:07:45.240056: freq 0.7
1:07:45.271140: freq 0.65
1:07:45.286932: freq 0.6
1:07:45.396746: freq 0.55
1:07:45.412660: freq 0.5
1:07:45.444119: freq 0.45
1:07:45.475213: freq 0.45
1:07:45.538331: freq 0.4
1:07:45.600862: freq 0.35
1:07:47.863283: off 89
1:07:47.878859: off 88
1:07:47.878859: off 87
1:07:47.973321: off 86
1:07:47.973321: off 85
1:07:48.129869: off 87
1:07:48.176737: off 88
1:07:48.176737: off 89
1:07:48.223769: off 95
1:07:48.270716: off 100
1:07:48.286418: off 101
1:07:48.302101: off 109
1:07:48.334024: off 111
1:07:48.380978: off 119
1:07:48.428155: off 125
1:07:48.490707: off 130
1:07:48.490707: off 132
1:07:48.538083: off 138
1:07:48.553713: off 139
1:07:48.553713: off 141
1:07:48.600484: off 144
1:07:48.647642: off 146
1:07:48.961502: off 147
1:07:49.024434: off 150
1:07:49.149720: off 153
1:07:49.149720: off 154
1:07:49.149720: off 158
1:07:49.180942: off 164
1:07:49.228290: off 169
1:07:49.259710: off 171
1:07:49.558123: off 173
1:07:49.558123: off 172
1:07:49.558123: off 159
1:07:49.558123: off 156
1:07:49.604988: off 130
1:07:49.604988: off 127
1:07:49.652085: off 119
1:07:49.667705: off 114
1:07:49.721321: off 94
1:07:49.761973: off 79
1:07:49.808847: off 64
1:07:49.856129: off 55
1:07:49.871714: off 53
1:07:49.903108: off 38
1:07:49.950339: off 29
1:07:49.965787: off 25
1:07:50.021911: off 13
1:07:50.028550: off 10
1:07:50.091251: off 5
1:07:50.153955: off 6
1:07:50.200879: off 21
1:07:50.248017: off 39
1:07:50.295028: off 52
1:07:50.310692: off 58
1:07:50.389336: off 77
1:07:50.420411: off 93
1:07:50.483619: off 107
1:07:50.499144: off 120
1:07:50.546384: off 129
1:07:50.561974: off 132
1:07:50.593258: off 142
1:07:50.624856: off 144
1:07:50.671928: off 150
1:07:50.724164: off 152
1:07:50.828992: off 150
1:07:50.844784: off 148
1:07:50.924641: off 138
1:07:50.924641: off 133
1:07:50.970284: off 116
1:07:51.001385: off 109
1:07:51.001385: off 92
1:07:51.032902: off 88
1:07:51.064346: off 63
1:07:51.095521: off 56
1:07:51.158548: off 28
1:07:51.205446: off 15
1:07:51.226227: off 3
1:07:51.252650: off 0
1:10:12.801238: amp 16
1:10:12.845275: amp 23
1:10:12.860941: amp 25
1:10:12.923759: amp 35
1:10:12.970740: amp 39
1:10:12.970740: amp 40
1:10:13.771380: off 53
1:10:13.903231: off 70
1:10:13.903231: off 72
1:10:13.975466: off 88
1:10:13.991211: off 91
1:10:14.023278: off 93
1:10:19.580429: amp 44
1:10:19.659256: amp 55
1:10:19.706140: amp 63
1:10:19.706140: amp 65
1:10:19.769230: amp 75
1:10:19.816077: amp 84
1:10:19.863419: amp 90
1:10:20.130940: off 99
1:10:20.209308: off 124
1:10:20.240743: off 140
1:10:20.271946: off 143
1:10:20.303199: off 164
1:10:20.350656: off 176
1:10:20.382073: off 178
1:10:20.413324: off 180
1:10:21.968317: off 177
1:10:21.968317: off 169
1:10:21.983946: off 167
1:10:21.983946: off 164
1:10:22.062736: off 126
1:10:22.062736: off 121
1:10:22.093989: off 96
1:10:22.109624: off 87
1:10:22.141315: off 72
1:10:22.157150: off 66
1:10:22.220568: off 52
1:10:22.235416: off 51
1:10:22.313759: off 48
1:10:22.989088: amp 86
1:10:23.020450: amp 75
1:10:23.036229: amp 73
1:10:23.083157: amp 62
1:10:23.114514: amp 53
1:10:23.145965: amp 51
1:10:23.161644: amp 45
1:10:23.193057: amp 42
1:10:23.208598: amp 41
1:10:23.255877: amp 38
1:11:35.735881: freq 0.65
1:11:35.877615: freq 0.55
1:11:35.909138: freq 0.45
1:11:35.987712: freq 0.4
1:11:36.050334: freq 0.35
1:11:36.144515: freq 0.3
1:11:36.223065: freq 0.25
1:11:36.348580: freq 0.2
1:11:36.536172: freq 0.25
1:11:36.646015: freq 0.3
1:11:36.755803: freq 0.35
1:11:37.195586: phb 2.506565215070886
1:11:38.384726: phb 2.0401015625370413
1:11:38.420268: phb 2.066560739328626
1:11:38.435832: phb 2.0770276924679387
1:11:38.484597: phb 2.201514743825276
1:11:38.498746: phb 2.241397047264015
1:11:38.545838: phb 2.4758018352029283
1:11:38.545838: phb 2.5217135996655786
1:11:39.456176: phb 2.034441353535758
1:11:39.586752: phb 1.7359438972416916
1:11:39.613155: phb 1.6552104953108882
1:11:39.659915: phb 1.202855151263489
1:11:39.707204: phb 1.0327519837389398
1:11:40.335566: phb 1.6256541317376387
1:11:40.398320: phb 1.4859663569846735
1:11:40.696717: phb 1.5671466817442625
1:11:40.759246: phb 1.612126123466651
1:11:40.775042: phb 1.627984820451042
1:11:40.838227: phb 1.6961513022649926
1:11:40.853924: phb 1.7121241990984863
1:11:40.853924: phb 1.7890037681070534
1:11:40.885121: phb 1.8095178884470435
1:11:40.885121: phb 1.8473092238384317
1:11:40.917138: phb 1.9138192039330624
1:11:40.948492: phb 1.9774778850324581
1:11:40.964082: phb 2.010400210096466
1:11:41.058235: phb 2.0264905733380787
1:11:41.356840: phb 2.4190834358822193
1:11:41.403979: phb 2.3784124479788704
1:11:41.435389: phb 2.301616592203379
1:11:41.466636: phb 1.9768398816380046
1:11:41.514183: phb 1.9061203576418748
1:11:41.993641: phb 2.467855572788332
1:11:42.016561: phb 2.4398983657562425
1:11:42.079102: phb 2.3224992327598977
1:11:42.110087: phb 2.2961326254567735
1:11:42.110087: phb 2.246953104982572
1:11:42.141186: phb 2.1973011245990732
1:11:42.156980: phb 2.159542234261669
1:11:44.290546: phb 0.1905532231632188
1:11:44.384984: phb 0.1779908307062355
1:11:44.432558: phb 5.710595769902678
1:11:44.463838: phb 5.224047958809835
1:11:44.479238: phb 5.176038048920775
1:11:44.504640: phb 5.131249685956543
1:11:44.510841: phb 4.989854196638585
1:11:44.526742: phb 4.954531593681755
1:11:44.589184: phb 4.85509058300482
1:11:44.604826: phb 4.764068507960316
1:11:44.698845: phb 4.69515075571433
1:11:44.746173: phb 4.672181521739801
1:11:44.824876: phb 4.649254650677157
1:11:45.860969: phb 0.036614079713901425
1:11:46.018013: phb 0.12236306118324261
1:11:46.018013: phb 0.22933174607340515
1:11:46.018013: phb 0.2733551196447113
1:11:46.049484: phb 0.4176601635781145
1:11:46.049484: phb 0.4575499673575153
1:11:46.818464: phb 5.990318029207739
1:11:46.834182: phb 5.921141929716182
1:11:46.896826: phb 5.315039350017285
1:11:46.896826: phb 5.18875539941538
1:11:46.974745: phb 4.743848016742211
1:11:46.990296: phb 4.715885497054483
1:11:47.012608: phb 4.5495091508009535
1:11:47.068740: phb 4.327486358494352
1:11:47.116054: phb 4.141051961533258
1:11:47.163126: phb 4.12006095147478
1:11:47.194272: phb 3.9736104327919572
1:11:47.226070: phb 3.917394197119182
1:11:47.257536: phb 3.8951067053323496
1:12:06.381053: freq 0
1:12:06.381053: amp 0
1:12:06.381053: off 90
1:12:06.381053: phb 0
1:14:45.125737: freq 0.1
1:14:45.251461: freq 0.15
1:14:45.282660: freq 0.2
1:14:45.314024: freq 0.3
1:14:45.345804: freq 0.35
1:14:45.361359: freq 0.4
1:14:45.455910: freq 0.45
1:14:45.958607: amp 3
1:14:46.084769: amp 6
1:14:46.116288: amp 14
1:14:46.131932: amp 17
1:14:46.163627: amp 18
1:14:46.179479: amp 25
1:14:46.210795: amp 26
1:14:46.210795: amp 29
1:14:46.242203: amp 31
1:14:46.304593: amp 35
1:14:46.351918: amp 36
1:14:46.411435: amp 37
1:14:46.445977: amp 38
1:14:57.750139: freq 0
1:14:57.750139: amp 0
1:14:57.750139: off 90
1:14:57.750139: phb 0
1:15:27.857843: amp 1
1:15:28.312900: amp 4
1:15:28.375764: amp 5
1:15:28.469897: amp 6
1:15:28.564051: amp 7
1:15:28.689540: amp 8
1:15:28.720775: amp 9
1:15:28.784005: amp 10
1:15:28.799545: amp 11
1:15:28.878575: amp 14
1:15:28.909808: amp 17
1:15:28.972962: amp 19
1:15:29.019786: amp 20
1:15:29.098472: amp 21
1:15:29.145105: amp 22
1:15:29.192190: amp 23
1:15:29.223392: amp 24
1:15:29.223392: amp 25
1:15:29.301864: amp 30
1:15:29.364857: amp 35
1:15:29.364857: amp 36
1:15:29.396158: amp 41
1:15:29.427217: amp 43
1:15:29.521471: amp 45
1:15:29.521471: amp 46
1:15:29.569063: amp 48
1:15:29.615824: amp 49
1:15:29.631375: amp 50
1:15:29.693612: amp 52
1:15:29.747253: amp 53
1:15:29.756396: amp 54
1:15:29.960334: amp 55
1:15:35.064643: amp 57
1:15:35.268730: amp 60
1:15:35.268730: amp 61
1:15:35.331463: amp 62
1:15:35.394519: amp 63
1:15:35.520003: amp 64
1:15:36.069340: amp 63
1:15:36.267004: amp 62
1:15:36.744101: amp 61
1:15:37.404145: amp 60
1:15:38.126044: amp 61
1:15:44.717867: freq 0.4
1:15:45.031991: freq 0.45
1:15:45.157300: freq 0.5
1:15:45.314610: freq 0.55
1:15:45.550312: freq 0.6
1:15:45.707230: freq 0.65
1:15:46.084485: freq 0.7
1:15:46.336409: freq 0.75
1:15:46.336409: freq 0.75
1:15:46.634538: freq 0.8
1:15:46.885596: freq 0.85
1:15:47.325785: freq 0.9
1:15:48.095470: freq 0.85
1:15:48.739723: freq 0.8
1:15:48.896602: freq 0.75
1:15:49.164246: freq 0.7
1:15:49.933517: freq 0.65
1:15:50.058421: freq 0.6
1:15:50.215746: freq 0.55
1:15:51.454737: freq 0.5
1:15:53.072376: freq 0.45
1:15:55.272020: freq 0.4
1:15:56.324487: freq 0.35
1:15:56.576160: freq 0.3
1:15:56.732596: freq 0.25
1:15:56.842537: freq 0.2
1:15:58.681664: freq 0.25
1:15:58.744218: freq 0.3
1:15:58.775681: freq 0.4
1:15:58.838745: freq 0.45
1:15:58.885834: freq 0.5
1:15:58.938729: freq 0.55
1:15:58.948760: freq 0.55
1:15:58.995721: freq 0.6
1:15:59.059025: freq 0.65
1:15:59.105719: freq 0.75
1:15:59.184590: freq 0.8
1:16:03.359476: freq 0.75
1:16:05.306337: freq 0.8
1:16:05.369187: freq 0.85
1:16:05.416220: freq 0.9
1:16:05.463514: freq 0.95
1:16:05.510450: freq 1
1:16:07.050191: freq 0.95
1:16:07.143766: freq 0.9
1:16:07.159392: freq 0.85
1:16:07.222221: freq 0.8
1:16:07.238158: freq 0.75
1:16:07.301114: freq 0.7
1:16:07.348156: freq 0.65
1:16:07.411077: freq 0.6
1:16:07.520770: freq 0.55
1:16:07.567335: freq 0.5
1:16:07.771759: freq 0.45
1:16:08.069851: freq 0.4
1:16:08.588807: freq 0.35
1:16:09.721005: freq 0.3
1:16:10.145281: freq 0.25
1:16:10.428098: freq 0.2
1:16:10.568948: freq 0.15
1:16:10.726576: freq 0.1
1:16:10.962047: freq 0.05
1:16:11.214146: freq 0
1:17:09.652408: phb 6.014303464919167
1:17:09.793679: phb 6.043537219292067
1:17:09.824916: phb 6.112905344514061
1:17:09.842044: phb 6.130536336776802
1:17:09.888275: phb 0.10690849300228249
1:17:09.919680: phb 0.1905532231632188
1:17:09.982538: phb 0.4150742087958914
1:17:09.982538: phb 0.45228418158196226
1:17:10.029449: phb 0.571030937095518
1:17:10.029449: phb 0.6606022761264042
1:17:10.063544: phb 0.8666515781667721
1:17:10.092596: phb 0.9148291303619144
1:17:10.155076: phb 1.0561912665292128
1:17:10.202563: phb 1.099967048683206
1:17:10.265471: phb 1.1425313683119769
1:17:10.265471: phb 1.1633280872228886
1:17:10.296950: phb 1.1982832215832473
1:17:10.359247: phb 1.2627431319647873
1:17:10.359247: phb 1.277823848661969
1:17:10.406886: phb 1.3394744215844891
1:17:10.422534: phb 1.3741825977842004
1:17:10.485451: phb 1.4534512131678812
1:17:10.547876: phb 1.5017998038375158
1:17:10.626870: phb 1.5667312775219784
1:17:10.673868: phb 1.6140763292660625
1:17:10.799551: phb 1.6288695137924774
1:17:11.238881: phb 1.612126123466651
1:17:11.301675: phb 1.5967159662805714
1:17:11.395985: phb 1.5671991933535898
1:17:11.442867: phb 1.5388913704168588
1:17:11.537107: phb 1.5114251974406914
1:17:11.615468: phb 1.4994880099960555
1:17:11.693929: phb 1.4859663569846735
1:17:11.709542: phb 1.4737859669731204
1:17:11.866254: phb 1.4750629642958817
1:17:11.913853: phb 1.4619558225062392
1:17:12.007940: phb 1.4504654308221856
1:17:12.085883: phb 1.4247832637228488
1:17:12.117123: phb 1.4120135868203796
1:17:12.148203: phb 1.3866317136824087
1:17:12.242650: phb 1.3517851605650333
1:17:17.250306: freq 0.05
1:17:17.329139: freq 0.1
1:17:17.706706: freq 0.15
1:17:17.957312: freq 0.2
1:17:18.036395: freq 0.25
1:17:18.366242: freq 0.3
1:17:19.244583: freq 0.25
1:17:20.485530: freq 0.2
1:17:22.244438: freq 0.25
1:17:22.354316: freq 0.3
1:17:22.448399: freq 0.35
1:17:22.527011: freq 0.4
1:17:22.668097: freq 0.45
1:17:22.778136: freq 0.5
1:17:22.919476: freq 0.55
1:17:23.311211: freq 0.6
1:17:24.487608: freq 0.65
1:17:24.660346: freq 0.7
1:17:24.785807: freq 0.75
1:17:24.913904: freq 0.8
1:17:25.213634: freq 0.75
1:17:25.539786: freq 0.7
1:17:50.361894: phb 1.4588625571303224
1:17:50.393402: phb 1.5369737048452392
1:17:50.440537: phb 1.6478247688269165
1:17:50.471748: phb 1.8224102489220302
1:17:58.527324: off 99
1:17:58.543059: off 100
1:17:58.574425: off 103
1:17:58.605484: off 104
1:17:58.637521: off 105
1:17:58.700008: off 106
1:17:59.045132: off 107
1:17:59.123603: off 108
1:17:59.139362: off 109
1:17:59.186326: off 110
1:17:59.233819: off 111
1:17:59.296320: off 112
1:17:59.358996: off 113
1:17:59.469028: off 114
1:17:59.484492: off 115
1:17:59.736682: off 116
1:18:00.036250: off 117
1:18:00.255745: off 118
1:18:02.486101: off 117
1:18:02.533293: off 116
1:18:02.580402: off 115
1:18:02.658258: off 112
1:18:02.705125: off 108
1:18:02.726967: off 107
1:18:02.767841: off 102
1:18:02.815146: off 95
1:18:02.830869: off 94
1:18:02.877942: off 86
1:18:02.909207: off 81
1:18:02.987920: off 74
1:18:03.034984: off 70
1:18:03.082081: off 69
1:18:03.160151: off 68
1:18:03.191208: off 67
1:18:03.254418: off 65
1:18:03.301129: off 63
1:18:03.348662: off 62
1:18:03.411214: off 60
1:18:03.474089: off 58
1:18:03.520875: off 56
1:18:03.537131: off 55
1:18:03.584195: off 49
1:18:03.599651: off 46
1:18:03.662006: off 40
1:18:03.708903: off 37
1:18:03.787393: off 36
1:18:03.931940: off 37
1:18:03.991616: off 40
1:18:04.007379: off 43
1:18:04.054497: off 57
1:18:04.070297: off 59
1:18:04.117175: off 71
1:18:04.132413: off 72
1:18:04.179495: off 77
1:18:04.210758: off 81
1:18:04.232988: off 82
1:18:04.257671: off 85
1:18:04.807626: freq 0
1:18:04.807626: amp 0
1:18:04.807626: off 90
1:18:04.807626: phb 0
1:18:46.897358: freq 0
1:18:46.897358: amp 0
1:18:46.912026: off 90
1:18:46.912026: phb 0
1:25:46.000252: freq 0.05
1:25:47.209129: freq 0.2
1:25:47.209129: freq 0.15
1:25:47.428555: freq 0.05
1:25:47.558875: freq 0.1
1:25:47.632717: freq 0.15
1:25:47.680364: freq 0.2
1:25:47.727028: freq 0.25
1:25:47.805893: freq 0.3
1:25:47.915596: freq 0.35
1:25:47.978719: freq 0.4
1:25:48.060544: freq 0.45
1:25:48.150942: freq 0.5
1:25:48.606812: amp 4
1:25:49.988141: amp 8
1:25:50.113468: amp 11
1:25:50.113468: amp 12
1:25:50.168401: amp 15
1:25:50.176413: amp 16
1:25:50.239137: amp 20
1:25:50.239137: amp 21
1:25:50.286574: amp 24
1:25:50.317911: amp 26
1:25:50.349101: amp 27
1:25:50.411768: amp 32
1:25:50.458499: amp 35
1:25:50.506030: amp 39
1:25:50.584489: amp 42
1:25:50.631564: amp 44
1:25:50.679121: amp 46
1:25:50.741665: amp 48
1:25:50.804929: amp 51
1:25:50.836791: amp 52
1:25:50.869945: amp 54
1:25:50.884056: amp 55
1:25:50.915329: amp 57
1:25:50.962381: amp 58
1:25:51.010121: amp 59
1:26:00.268198: freq 0
1:26:00.268198: amp 0
1:26:00.268198: off 90
1:26:00.271591: phb 0
1:26:00.536161: freq 0
1:26:00.536161: amp 0
1:26:00.545880: off 90
1:26:00.545880: phb 0
1:31:18.137688: freq 0.05
1:31:18.263314: freq 0.1
1:31:18.310734: freq 0.15
1:31:18.326293: freq 0.2
1:31:18.405015: freq 0.25
1:31:18.436199: freq 0.3
1:31:18.451878: freq 0.35
1:31:18.515089: freq 0.4
1:31:18.562060: freq 0.45
1:31:18.671880: freq 0.5
1:31:19.536021: freq 0.45
1:31:19.693364: freq 0.4
1:32:01.904256: freq 0.35
1:32:02.563652: freq 0.3
1:32:03.002701: freq 0.25
1:32:17.538134: amp 1
1:32:18.024510: amp 4
1:32:18.063006: amp 5
1:32:18.149919: amp 6
1:32:18.244034: amp 7
1:32:18.369693: amp 8
1:32:18.495511: amp 9
1:32:18.605083: amp 10
1:32:18.667498: amp 11
1:32:18.808929: amp 12
1:32:18.918744: amp 13
1:32:18.965657: amp 14
1:32:19.075453: amp 15
1:32:19.122360: amp 16
1:32:19.185364: amp 17
1:32:19.232227: amp 18
1:32:19.266654: amp 19
1:32:19.326311: amp 20
1:32:19.389261: amp 21
1:32:19.467402: amp 22
1:32:19.567934: amp 23
1:32:19.671642: amp 24
1:32:19.970172: amp 25
1:32:20.079673: amp 26
1:32:20.189687: amp 27
1:32:20.315067: amp 28
1:32:20.503596: amp 29
1:32:20.566183: amp 30
1:32:20.670475: amp 31
1:32:20.802502: amp 32
1:32:21.053420: amp 33
1:32:31.914646: phb 0.29466634363471467
1:32:31.977170: phb 0.36292541844236453
1:32:32.009068: phb 0.40641811690638224
1:32:32.024853: phb 0.42695102807059754
1:32:32.055960: phb 0.46878474271666404
1:32:32.087314: phb 0.49573095767253467
1:32:32.134612: phb 0.5629816403615531
1:32:32.181517: phb 0.6593844950942626
1:32:32.244232: phb 0.7247862000639551
1:32:32.275634: phb 0.7984517435443386
1:32:32.323196: phb 0.881704681473565
1:32:32.385740: phb 0.9433401392857598
1:32:32.417516: phb 0.9879164774483159
1:32:32.480202: phb 1.041128687534399
1:32:32.511653: phb 1.061204255971816
1:32:32.527307: phb 1.1136738856914181
1:32:32.574279: phb 1.1330741973766365
1:32:32.590001: phb 1.1596457480400506
1:32:32.653129: phb 1.1923276319311262
1:32:32.699957: phb 1.205999093735107
1:32:32.716185: phb 1.2198135385620905
1:32:32.747578: phb 1.2525381645850433
1:32:32.810680: phb 1.3094694354587704
1:32:32.826470: phb 1.3239940389235862
1:32:32.857678: phb 1.353357976954184
1:32:32.952131: phb 1.4435791495824908
1:32:32.983287: phb 1.4588625571303224
1:32:32.998889: phb 1.4895790509141178
1:32:32.998889: phb 1.5049994657743686
1:32:33.030459: phb 1.5514184049807556
1:32:33.061668: phb 1.5669203476413571
1:32:33.077286: phb 1.6134061499739052
1:32:33.139818: phb 1.7056320900410624
1:32:33.208481: phb 1.7659538147562555
1:32:33.218145: phb 1.780830137986747
1:32:33.265152: phb 1.8962009174738814
1:32:33.280666: phb 1.9304718312264684
1:32:33.312116: phb 2.0344433785181817
1:32:33.327909: phb 2.0692114414094087
1:32:33.374636: phb 2.1776018599933815
1:32:33.422182: phb 2.299873165010869
1:32:33.469084: phb 2.5121857735201805
1:32:33.484853: phb 2.558150795140143
1:32:33.516239: phb 2.903082948477671
1:32:33.547674: phb 3.105765227100427
1:32:33.578781: phb 3.307283237295451
1:32:33.641056: phb 3.4740535593056823
1:32:33.672379: phb 3.6372805990629016
1:32:33.703663: phb 3.6473071420945624
1:32:33.735275: phb 3.6921424238435945
1:32:33.735275: phb 3.7110932197334776
1:32:33.766534: phb 3.7911977581758265
1:32:33.797785: phb 3.868706818031636
1:32:33.844807: phb 3.9830648053211344
1:32:33.860568: phb 4.008570930707263
1:32:33.939466: phb 4.110406838075734
1:32:33.939466: phb 4.1531612502726265
1:32:33.970712: phb 4.259393946789253
1:32:33.986416: phb 4.270156970455426
1:32:34.017872: phb 4.399153253505714
1:32:34.033582: phb 4.410579524397238
1:32:34.064908: phb 4.509690301423484
1:32:34.128019: phb 4.654877108893801
1:32:34.175022: phb 4.76513545283328
1:32:34.175022: phb 4.789873329566966
1:32:34.210803: phb 4.8965535934971784
1:32:34.269360: phb 4.962297835873399
1:32:34.300612: phb 4.9920939576044185
1:32:34.363765: phb 5.098896122687423
1:32:34.363765: phb 5.123539827467374
1:32:34.394957: phb 5.211420072005158
1:32:34.411471: phb 5.233016533170614
1:32:34.426486: phb 5.327255022114692
1:32:34.442275: phb 5.350819289679653
1:32:34.489076: phb 5.520584520756723
1:32:34.536656: phb 5.572566980211835
1:32:34.567893: phb 5.7054521749307945
1:32:34.599004: phb 5.779305478909586
1:32:34.614653: phb 5.804833929186774
1:32:34.630442: phb 5.899110716303666
1:32:34.661694: phb 5.941770599784119
1:32:34.692802: phb 6.073132329756967
1:32:34.755890: phb 6.151964698004524
1:32:34.787049: phb 6.15454712979057
1:34:05.461230: freq 0
1:34:05.461230: amp 0
1:34:05.461230: off 90
1:34:05.461230: phb 0
1:34:05.712097: freq 0
1:34:05.712097: amp 0
1:34:05.712097: off 90
1:34:05.712097: phb 0
1:34:05.837872: freq 0
1:34:05.837872: amp 0
1:34:05.837872: off 90
1:34:05.837872: phb 0
1:35:05.821015: freq 0.1
1:35:05.939759: freq 0.2
1:35:05.978802: freq 0.25
1:35:05.994474: freq 0.3
1:35:06.025726: freq 0.35
1:35:06.139816: freq 0.4
1:35:06.780350: amp 4
1:35:06.905638: amp 8
1:35:06.905638: amp 10
1:35:06.968811: amp 16
1:35:07.015688: amp 21
1:35:07.047175: amp 23
1:35:07.094064: amp 25
1:35:07.109787: amp 26
1:35:07.156716: amp 27
1:35:07.203631: amp 28
1:35:07.266677: amp 29
1:35:07.313502: amp 30
1:35:14.674941: freq 0.45
1:35:15.083172: freq 0.5
1:35:15.177499: freq 0.55
1:35:15.224549: freq 0.6
1:35:15.255648: freq 0.65
1:35:15.287226: freq 0.75
1:35:15.366990: freq 0.8
1:35:15.412420: freq 0.85
1:35:15.412420: freq 0.9
1:35:15.459472: freq 0.95
1:35:15.537804: freq 1
1:35:19.541809: amp 28
1:35:19.839741: amp 29
1:35:19.902785: amp 34
1:35:19.949609: amp 38
1:35:19.996844: amp 42
1:35:20.012413: amp 43
1:35:20.080123: amp 50
1:35:20.122062: amp 65
1:35:20.184864: amp 80
1:35:20.216161: amp 90
1:35:23.966281: off 97
1:35:24.013554: off 103
1:35:24.092877: off 111
1:35:24.107532: off 118
1:35:24.170252: off 124
1:35:24.217461: off 130
1:35:24.264376: off 144
1:35:24.311594: off 158
1:35:24.342844: off 168
1:35:24.393837: off 171
1:35:24.405956: off 180
1:35:49.224639: freq 0.95
1:35:49.271821: freq 1
1:35:49.601234: freq 1
1:36:40.056670: freq 0.95
1:36:40.197844: freq 0.8
1:36:40.214148: freq 0.6
1:36:40.261155: freq 0.4
1:36:40.308485: freq 0.2
1:36:40.324281: freq 0.15
1:36:40.402576: freq 0.1
1:36:44.263837: freq 0.05
1:36:44.358201: freq 0
1:36:50.872633: freq 0.05
1:36:50.966795: freq 0.3
1:36:50.966795: freq 0.35
1:36:51.013856: freq 0.5
1:36:51.045721: freq 0.6
1:36:51.124072: freq 0.9
1:36:51.171660: freq 1
1:37:02.077471: freq 0
1:37:02.077471: amp 0
1:37:02.077471: off 90
1:37:02.077471: phb 0
1:37:05.199965: freq 0.15
1:37:05.246888: freq 0.5
1:37:05.294034: freq 0.65
1:37:05.309569: freq 0.7
1:37:05.340788: freq 0.85
1:37:05.356420: freq 0.9
1:37:05.387851: freq 1
1:37:08.592469: amp 9
1:37:08.639419: amp 59
1:37:08.655139: amp 69
1:37:08.686955: amp 90
1:37:11.008322: off 101
1:37:11.055225: off 131
1:37:11.086526: off 136
1:37:11.102751: off 165
1:37:11.181049: off 178
1:37:11.181049: off 180
1:37:51.061487: amp 89
1:37:51.124698: amp 87
1:37:51.171697: amp 85
1:37:51.266236: amp 83
1:37:51.266236: amp 82
1:37:51.314313: amp 81
1:37:51.360304: amp 80
1:37:51.423252: amp 78
1:37:51.470300: amp 76
1:37:51.501437: amp 75
1:37:51.533168: amp 73
1:37:51.564549: amp 72
1:37:51.614815: amp 69
1:37:51.674460: amp 67
1:37:51.705628: amp 65
1:37:51.737614: amp 64
1:37:51.768877: amp 63
1:37:51.816279: amp 61
1:37:51.878946: amp 59
1:37:51.915089: amp 56
1:37:51.973228: amp 55
1:37:52.051531: amp 54
1:37:52.082767: amp 53
1:37:52.240124: amp 54
1:37:52.349816: amp 55
1:37:52.522809: amp 54
1:37:52.617856: amp 53
1:37:52.663933: amp 52
1:37:52.726501: amp 51
1:37:52.757795: amp 50
1:37:52.851938: amp 49
1:37:53.385970: amp 48
1:37:53.527288: amp 47
1:37:54.091242: amp 46
1:37:54.280251: amp 45
1:37:54.751847: amp 44
1:37:55.018047: amp 45
1:37:55.144114: amp 46
1:37:58.799075: amp 45
1:37:59.459125: amp 46
1:37:59.506076: amp 48
1:37:59.538689: amp 50
1:37:59.553218: amp 51
1:37:59.584591: amp 54
1:37:59.584591: amp 57
1:37:59.639056: amp 77
1:37:59.678661: amp 83
1:37:59.678661: amp 90
1:38:18.550013: off 178
1:38:18.597126: off 131
1:38:18.612944: off 126
1:38:18.644039: off 111
1:38:18.690932: off 107
1:38:18.706677: off 105
1:38:18.754137: off 91
1:38:18.801135: off 83
1:38:18.801135: off 80
1:38:18.926631: off 65
1:38:18.926631: off 63
1:38:18.926631: off 53
1:38:18.926631: off 52
1:38:18.957866: off 45
1:38:18.973509: off 44
1:38:19.005364: off 36
1:38:19.021168: off 35
1:38:19.053007: off 26
1:38:19.100452: off 19
1:38:19.147522: off 16
1:38:19.226254: off 13
1:38:19.257423: off 10
1:38:19.291632: off 9
1:38:27.362245: off 4
1:38:27.425089: off 0
1:38:44.731751: amp 84
1:38:44.763480: amp 75
1:38:44.795403: amp 73
1:38:44.827273: amp 69
1:38:44.862330: amp 68
1:38:44.905806: amp 64
1:38:44.969089: amp 61
1:38:45.031206: amp 60
1:38:45.062829: amp 59
1:38:45.470450: amp 58
1:38:45.643174: amp 57
1:38:45.816037: amp 56
1:38:45.894707: amp 55
1:38:46.397929: amp 54
1:38:57.760770: amp 58
1:38:57.808356: amp 74
1:38:57.855768: amp 79
1:38:57.918945: amp 81
1:38:57.934873: amp 82
1:38:57.981622: amp 85
1:38:58.014428: amp 86
1:38:58.045318: amp 90
1:39:05.322178: off 5
1:39:05.353727: off 13
1:39:05.384748: off 39
1:39:05.416701: off 46
1:39:05.448155: off 89
1:39:05.479369: off 107
1:39:05.526697: off 146
1:39:05.542176: off 152
1:39:05.608210: off 171
1:39:05.636690: off 180
1:39:19.188456: phb 4.424044934732495
1:39:20.617496: phb 4.455483354615201
1:39:20.664989: phb 4.471694848172111
1:39:20.664989: phb 4.506267482647011
1:39:20.696142: phb 4.566379138756877
1:39:20.744299: phb 4.827268771211857
1:39:20.790254: phb 5.957545655461322
1:39:20.821435: phb 6.074503563036252
1:39:20.821435: phb 0.0949526321546225
1:39:20.868759: phb 0.14767732787114057
1:39:21.088403: phb 0.15264900499193784
1:39:21.135369: phb 0.12774152814496037
1:39:21.732131: phb 6.11340743252835
1:39:21.779632: phb 5.695184212740926
1:39:21.826590: phb 5.3729002338535725
1:39:21.826590: phb 5.338963518294941
1:39:21.873791: phb 5.25566971275922
1:39:21.905043: phb 5.233528292777065
1:39:21.983154: phb 5.133052482721992
1:39:21.983154: phb 5.002162265635341
1:39:22.048115: phb 4.761966681885777
1:39:22.093221: phb 4.671670786034753
1:39:22.139927: phb 4.495839119025588
1:39:22.187394: phb 4.150623157139229
1:39:22.234294: phb 3.4272654652978916
1:39:22.281559: phb 2.596442222023025
1:39:22.348454: phb 2.1384149378149764
1:39:22.360135: phb 2.0727019832750715
1:39:26.549327: phb 1.9033315929251098
1:39:26.942201: phb 1.729249842616901
1:39:26.942201: phb 1.6684224313095848
1:39:27.004291: phb 1.2535975016773742
1:39:27.067190: phb 0.946080224941567
1:39:27.083001: phb 0.8980689424659878
1:39:27.098510: phb 0.6759776671793063
1:39:27.145536: phb 0.45531486462580917
1:39:27.177094: phb 0.33160796324779
1:39:27.224107: phb 0.15644000609364858
1:39:27.258011: phb 6.256666497439017
1:39:54.121311: phb 4.947458223769251
1:39:54.456112: phb 5.060816841886599
1:39:54.471747: phb 5.096638980270774
1:39:54.519607: phb 5.176037156526321
1:39:54.524942: phb 5.197424589806791
1:39:54.566939: phb 5.299271217943715
1:39:54.566939: phb 5.321785695965042
1:39:54.624943: phb 5.529847020149468
1:39:54.646299: phb 5.601887424861289
1:39:54.661865: phb 5.821349967193766
1:39:54.693012: phb 5.887448444493865
1:39:54.724222: phb 6.015880265429622
1:39:54.771905: phb 6.100506375981899
1:39:54.825598: phb 6.131743973003627
1:39:54.928692: phb 6.1632814418936235
1:39:54.976244: phb 6.227020087614443
1:39:54.992031: phb 6.243046520401988
1:39:55.039354: phb 0.008032192773679359
1:39:55.070789: phb 0.04013952095603833
1:39:55.086288: phb 0.056165952610411
1:39:55.164953: phb 0.11990386528596221
1:39:55.164953: phb 0.16450764698957795
1:39:55.196068: phb 0.17985396153665098
1:39:55.243462: phb 0.19511442142836977
1:39:55.290792: phb 0.22196281398801046
1:39:55.354702: phb 0.23672207940229442
1:39:55.385391: phb 0.22196281398801046
1:39:55.432669: phb 0.19215229643595952
1:39:55.495345: phb 0.16199204191239763
1:39:55.557817: phb 0.10082446055977709
1:39:55.573479: phb 0.08539535922341313
1:39:55.626972: phb 6.2279061987980535
1:39:55.652134: phb 6.212158743397972
1:39:55.652134: phb 6.1632814418936235
1:39:55.699164: phb 6.129309928518982
1:39:55.726945: phb 6.097591267028003
1:39:55.777937: phb 6.08186878084728
1:39:55.950413: phb 6.085018213118816
1:39:55.997367: phb 6.134102561786094
1:39:56.013066: phb 6.149598551534949
1:39:56.044931: phb 6.165159345575222
1:39:56.091803: phb 6.2279061987980535
1:39:56.155373: phb 6.275280816200279
1:39:56.280627: phb 0.02371096978963106
1:39:56.328653: phb 0.04013952095603833
1:39:56.376229: phb 0.056165952610411
1:39:56.428918: phb 0.07216355624636764
1:39:56.580173: phb 0.04013952095603833
1:39:56.629267: phb 6.275153849721055
1:39:58.323316: phb 4.962590403477998
1:39:58.622591: phb 4.976446013924347
1:39:58.669761: phb 5.072008933260293
1:39:58.717277: phb 5.156335540125341
1:39:58.717277: phb 5.182736785704691
1:39:58.795887: phb 5.262345142376194
1:39:58.811363: phb 5.303504009869292
1:39:58.827396: phb 5.32434637187379
1:39:58.875009: phb 5.348510801927349
1:39:58.890626: phb 5.360280238090214
1:39:58.921870: phb 5.4014806257060215
1:39:58.984961: phb 5.412722304759719
1:39:59.031707: phb 5.495203504580094
1:39:59.079316: phb 5.555949626790185
1:39:59.134370: phb 5.613888680642691
1:39:59.173388: phb 5.668848600509596
1:39:59.251692: phb 5.736396655709806
1:39:59.267334: phb 5.803072132289166
1:39:59.329817: phb 5.85739894318618
1:39:59.408909: phb 5.933818022595571
1:39:59.472099: phb 6.000962305362854
1:39:59.503242: phb 6.01473324089454
1:39:59.550349: phb 6.0425850113707416
1:39:59.550349: phb 6.056658513328628
1:39:59.597241: phb 6.0850750442085015
1:39:59.660280: phb 6.1448803871352835
1:39:59.707170: phb 6.190921787912779
1:39:59.754597: phb 6.276168313006101
1:39:59.817000: phb 0.03458869727692706
1:39:59.848833: phb 0.08850554916462837
1:39:59.880124: phb 0.14237477547874988
1:39:59.911565: phb 0.15366149091683404
1:39:59.958778: phb 0.17985335059555202
1:40:00.005894: phb 0.21585303812297837
1:40:00.052807: phb 0.2284970184407963
1:40:00.147318: phb 0.21585303812297837
1:40:00.209985: phb 0.16461007759551774
1:40:00.257070: phb 0.12558168260772137
1:40:00.304091: phb 0.08616506113597444
1:40:00.367160: phb 0.05972953073210822
1:40:51.220624: freq 0
1:40:51.220624: amp 0
1:40:51.227406: off 90
1:40:51.227406: phb 0
1:47:22.317176: freq 0.1
1:47:22.332818: freq 0.15
1:47:22.332818: freq 0.2
1:47:22.395865: freq 0.3
1:47:22.442885: freq 0.35
1:47:22.458713: freq 0.4
1:47:22.474503: freq 0.45
1:47:22.505763: freq 0.5
1:47:22.584564: freq 0.55
1:47:22.647127: freq 0.5
1:47:22.709918: freq 0.4
1:47:22.753854: freq 0.35
1:47:22.772720: freq 0.25
1:47:22.803843: freq 0.15
1:47:22.866775: freq 0.05
1:47:22.913676: freq 0
1:47:23.212016: amp 3
1:47:23.337599: amp 10
1:47:23.353089: amp 15
1:47:23.400730: amp 32
1:47:23.416350: amp 37
1:47:23.431925: amp 38
1:47:23.463668: amp 53
1:47:23.479478: amp 57
1:47:23.510723: amp 63
1:47:23.526343: amp 65
1:47:23.573731: amp 66
1:47:23.620490: amp 57
1:47:23.683362: amp 43
1:47:23.730065: amp 26
1:47:23.757023: amp 20
1:47:23.792991: amp 6
1:47:23.857197: amp 0
1:47:29.459768: off 89
1:47:29.553721: off 79
1:47:29.632336: off 73
1:47:29.632336: off 72
1:47:29.695505: off 68
1:47:29.695505: off 67
1:47:29.726710: off 63
1:47:29.758007: off 62
1:47:29.820567: off 57
1:47:29.867548: off 54
1:47:29.899157: off 53
1:47:29.946073: off 51
1:47:29.993240: off 50
1:47:30.024548: off 49
1:47:30.071364: off 45
1:47:30.087646: off 43
1:47:30.134680: off 36
1:47:30.150310: off 35
1:47:30.197567: off 31
1:47:30.228927: off 30
1:47:30.290915: off 31
1:47:30.322312: off 52
1:47:30.353558: off 57
1:47:30.416696: off 83
1:47:30.463590: off 99
1:47:30.495483: off 103
1:47:30.526713: off 110
1:47:30.620752: off 109
1:47:30.667498: off 94
1:47:30.683160: off 91
1:47:30.730218: off 81
1:47:30.745791: off 77
1:47:30.792761: off 65
1:47:30.824013: off 62
1:47:30.877111: off 47
1:47:30.886731: off 45
1:47:30.949355: off 36
1:47:30.949355: off 35
1:47:30.997074: off 32
1:47:31.059405: off 40
1:47:31.091036: off 46
1:47:31.122463: off 68
1:47:31.169365: off 76
1:47:31.201029: off 94
1:47:31.216685: off 98
1:47:31.295188: off 105
1:47:31.342053: off 98
1:47:31.357552: off 93
1:47:31.404915: off 69
1:47:31.420550: off 63
1:47:31.467418: off 48
1:47:31.483059: off 43
1:47:31.561399: off 33
1:47:31.608929: off 34
1:47:31.608929: off 38
1:47:31.671506: off 59
1:47:31.687774: off 66
1:47:31.734699: off 83
1:47:31.750451: off 86
1:47:31.813569: off 89
1:47:33.147241: off 85
1:47:33.319478: off 95
1:47:33.319478: off 96
1:47:33.350825: off 102
1:47:33.366492: off 104
1:47:33.413486: off 109
1:47:33.413486: off 110
1:47:33.460424: off 114
1:47:33.484048: off 115
1:47:33.507989: off 117
1:47:33.570355: off 119
1:47:33.618027: off 120
1:47:33.727692: off 119
1:47:33.790731: off 113
1:47:33.837744: off 107
1:47:33.837744: off 106
1:47:33.885287: off 101
1:47:33.900946: off 99
1:47:33.932217: off 94
1:47:33.947853: off 92
1:47:33.994942: off 86
1:47:34.010743: off 85
1:47:34.041864: off 80
1:47:34.073201: off 79
1:47:34.120822: off 75
1:47:34.152020: off 74
1:47:34.890169: off 143
1:47:45.764580: freq 0.8
1:47:51.667467: phb 3.773284263404761
1:47:51.683086: phb 3.783870699572037
1:47:51.746269: phb 3.7746537515391965
1:48:01.088813: phb 0.7517718698451502
1:48:01.135820: phb 0.7762233460418972
1:48:02.690177: freq 0
1:48:02.690177: amp 0
1:48:02.690177: off 90
1:48:02.690177: phb 0
1:48:03.521317: freq 0
1:48:03.521317: amp 0
1:48:03.521317: off 90
1:48:03.521317: phb 0
1:48:04.086737: phb 3.1856167861497298
1:48:04.149403: phb 3.2432019232836864
1:52:49.425918: amp 2
1:52:49.472903: amp 8
1:52:49.488501: amp 9
1:52:49.551657: amp 17
1:52:49.601107: amp 23
1:52:49.661638: amp 27
1:52:49.708823: amp 30
1:52:49.755867: amp 31
1:52:49.771522: amp 32
1:52:50.023267: amp 30
1:52:50.101443: amp 28
1:52:50.148494: amp 25
1:52:50.242961: amp 23
1:52:50.242961: amp 22
1:52:50.446823: amp 24
1:52:50.493763: amp 26
1:52:50.510040: amp 27
1:52:50.572721: amp 28
1:52:50.572721: amp 29
1:52:50.619960: amp 30
1:52:50.651082: amp 31
1:52:50.713978: amp 32
1:52:51.436817: freq 0.05
1:52:51.562788: freq 0.2
1:52:51.578199: freq 0.25
1:52:51.705484: freq 0.3
1:52:56.461856: freq 0.25
1:52:56.571728: freq 0.2
1:52:56.619758: freq 0.15
1:52:56.634924: freq 0.1
1:52:56.697457: freq 0.05
1:52:56.760478: freq 0
1:53:00.479378: off 91
1:53:00.604791: off 100
1:53:00.620407: off 102
1:53:00.667572: off 116
1:53:00.667572: off 119
1:53:00.732325: off 136
1:53:00.761620: off 147
1:53:00.792914: off 149
1:53:00.824144: off 155
1:53:00.839968: off 157
1:53:00.886881: off 162
1:53:00.902544: off 163
1:53:00.965401: off 165
1:53:01.012437: off 166
1:53:01.059472: off 168
1:53:01.121966: off 169
1:53:01.215994: off 170
1:53:01.262917: off 171
1:53:01.334392: off 174
1:53:01.388470: off 176
1:53:01.404092: off 177
1:53:01.435788: off 178
1:53:01.451592: off 179
1:53:01.498472: off 180
1:53:10.276009: off 173
1:53:10.432734: off 180
1:53:53.257365: amp 37
1:53:53.304607: amp 41
1:53:53.304607: amp 42
1:53:53.320178: amp 43
1:53:53.351493: amp 46
1:53:53.398570: amp 50
1:53:53.414428: amp 53
1:53:53.429865: amp 55
1:53:53.492644: amp 60
1:53:53.508470: amp 62
1:53:53.570914: amp 67
1:53:53.570914: amp 68
1:53:53.649646: amp 73
1:53:53.687287: amp 78
1:53:53.712590: amp 80
1:53:53.775254: amp 85
1:53:53.822586: amp 90
1:53:54.826859: freq 0.1
1:53:55.015470: freq 0.25
1:53:55.062280: freq 0.35
1:53:55.078064: freq 0.4
1:53:55.140944: freq 0.6
1:53:55.204189: freq 0.8
1:53:55.251291: freq 0.95
1:53:55.266888: freq 1
1:55:00.104335: phb 3.403810767851482
1:55:00.167358: phb 3.6002065553997578
1:55:00.183150: phb 3.810635319692146
1:55:00.265491: phb 4.545251570839752
1:55:37.249658: freq 0
1:55:37.249658: amp 0
1:55:37.249658: off 90
1:55:37.249658: phb 0
