Time, Frequency, Amplitude, Offset, PhaseShift, Phase
0:00:00.070993, 0.0, 0.0, 90.0, 0.0, 0.0
0:00:00.155418, 0.0, 0.0, 90.0, 0.0, 0.0
0:00:00.248232, 0.0, 0.0, 90.0, 0.0, 0.0
0:00:00.341722, 0.0, 0.0, 90.0, 0.0, 0.0
0:00:00.435888, 0.0, 0.0, 90.0, 0.0, 0.0
0:00:00.544981, 0.0, 0.0, 90.0, 0.0, 0.0
0:00:00.639861, 0.0, 0.0, 90.0, 0.0, 0.0
0:00:00.735857, 0.0, 0.0, 90.0, 0.0, 0.0
0:00:00.803867, 0.0, 0.0, 90.0, 0.0, 0.0
0:00:00.911862, 0.0, 0.0, 90.0, 0.0, 0.0
0:00:01.072397, 0.0, 0.0, 90.0, 0.0, 0.0
0:00:01.117400, 0.0, 0.0, 90.0, 0.0, 0.0
0:00:01.198405, 0.0, 0.0, 90.0, 0.0, 0.0
0:00:01.306394, 0.0, 0.0, 90.0, 0.0, 0.0
0:00:01.384756, 0.0, 0.0, 90.0, 0.0, 0.0
0:00:01.461134, 0.0, 0.0, 90.0, 0.0, 0.0
0:00:01.553408, 0.0, 0.0, 90.0, 0.0, 0.0
0:00:01.665348, 0.0, 0.0, 90.0, 0.0, 0.0
0:00:01.758385, 0.0, 0.0, 90.0, 0.0, 0.0
0:00:01.852584, 0.0, 0.0, 90.0, 0.0, 0.0
0:00:01.932588, 0.0, 0.0, 90.0, 0.0, 0.0
0:00:02.040793, 0.0, 0.0, 90.0, 0.0, 0.0
0:00:02.118247, 0.0, 0.0, 90.0, 0.0, 0.0
0:00:02.226425, 0.0, 0.0, 90.0, 0.0, 0.0
0:00:02.320325, 0.0, 0.0, 90.0, 0.0, 0.0
0:00:02.414495, 0.0, 0.0, 90.0, 0.0, 0.0
0:00:02.508757, 0.0, 0.0, 90.0, 0.0, 0.0
0:00:02.587817, 0.0, 0.0, 90.0, 0.0, 0.0
0:00:02.683495, 0.0, 0.0, 90.0, 0.0, 0.0
0:00:02.791722, 0.0, 0.0, 90.0, 0.0, 0.0
0:00:02.883809, 0.0, 0.0, 90.0, 0.0, 0.0
0:00:02.975563, 0.0, 0.0, 90.0, 0.0, 0.0
0:00:03.067407, 0.0, 0.0, 90.0, 0.0, 0.0
0:00:03.162450, 0.0, 0.0, 90.0, 0.0, 0.0
0:00:03.256722, 0.0, 0.0, 90.0, 0.0, 0.0
0:00:03.349772, 0.0, 0.0, 90.0, 0.0, 0.0
0:00:03.443355, 0.0, 0.0, 90.0, 0.0, 0.0
0:00:03.536867, 0.0, 0.0, 90.0, 0.0, 0.0
0:00:03.633294, 0.0, 0.0, 90.0, 0.0, 0.0
0:00:03.710272, 0.0, 0.0, 90.0, 0.0, 0.0
0:00:03.802136, 0.0, 0.0, 90.0, 0.0, 0.0
0:00:03.898887, 0.0, 0.0, 90.0, 0.0, 0.0
0:00:04.005164, 0.0, 0.0, 90.0, 0.0, 0.0
0:00:04.098402, 0.0, 0.0, 90.0, 0.0, 0.0
0:00:04.191440, 0.0, 0.0, 90.0, 0.0, 0.0
0:00:04.285984, 0.0, 0.0, 90.0, 0.0, 0.0
0:00:04.389840, 0.0, 0.0, 90.0, 0.0, 0.0
0:00:04.476554, 0.0, 0.0, 90.0, 0.0, 0.0
0:00:04.553553, 0.0, 0.0, 90.0, 0.0, 0.0
0:00:04.662345, 0.0, 0.0, 90.0, 0.0, 0.0
0:00:04.755409, 0.0, 0.0, 90.0, 0.0, 0.0
0:00:04.848456, 0.0, 0.0, 90.0, 0.0, 0.0
0:00:04.941600, 0.0, 0.0, 90.0, 0.0, 0.0
0:00:05.034060, 0.0, 0.0, 90.0, 0.0, 0.0
0:00:05.119604, 0.0, 0.0, 90.0, 0.0, 0.0
0:00:05.212877, 0.0, 0.0, 90.0, 0.0, 0.0
0:00:05.321523, 0.0, 0.0, 90.0, 0.0, 0.0
0:00:05.415092, 0.0, 0.0, 90.0, 0.0, 0.0
0:00:05.509247, 0.0, 0.0, 90.0, 0.0, 0.0
0:00:05.603887, 0.0, 0.0, 90.0, 0.0, 0.0
0:00:05.683221, 0.0, 0.0, 90.0, 0.0, 0.0
0:00:05.775901, 0.0, 0.0, 90.0, 0.0, 0.0
0:00:05.950817, 0.0, 0.0, 90.0, 0.0, 0.0
0:00:06.015590, 0.0, 0.0, 90.0, 0.0, 0.0
0:00:06.132036, 0.0, 0.0, 90.0, 0.0, 0.0
0:00:06.215690, 0.0, 0.0, 90.0, 0.0, 0.0
0:00:06.309172, 0.0, 0.0, 90.0, 0.0, 0.0
0:00:06.402193, 0.0, 0.0, 90.0, 0.0, 0.0
0:00:06.498189, 0.0, 0.0, 90.0, 0.0, 0.0
0:00:06.592187, 0.0, 0.0, 90.0, 0.0, 0.0
0:00:06.685717, 0.0, 0.0, 90.0, 0.0, 0.0
0:00:06.763719, 0.0, 0.0, 90.0, 0.0, 0.0
0:00:06.850715, 0.0, 0.0, 90.0, 0.0, 0.0
0:00:06.970075, 0.0, 0.0, 90.0, 0.0, 0.0
0:00:07.048787, 0.0, 0.0, 90.0, 0.0, 0.0
0:00:07.157741, 0.0, 0.0, 90.0, 0.0, 0.0
0:00:07.250605, 0.0, 0.0, 90.0, 0.0, 0.0
0:00:07.360456, 0.0, 0.0, 90.0, 0.0, 0.0
0:00:07.469944, 0.0, 0.0, 90.0, 0.0, 0.0
0:00:07.548703, 0.0, 0.0, 90.0, 0.0, 0.0
0:00:07.657556, 0.0, 0.0, 90.0, 0.0, 0.0
0:00:07.754535, 0.0, 0.0, 90.0, 0.0, 0.0
0:00:07.836533, 0.0, 0.0, 90.0, 0.0, 0.0
0:00:07.942120, 0.0, 0.0, 90.0, 0.0, 0.0
0:00:08.036784, 0.0, 0.0, 90.0, 0.0, 0.0
0:00:08.130716, 0.0, 0.0, 90.0, 0.0, 0.0
0:00:08.225749, 0.0, 0.0, 90.0, 0.0, 0.0
0:00:08.319555, 0.0, 0.0, 90.0, 0.0, 0.0
0:00:08.412192, 0.0, 0.0, 90.0, 0.0, 0.0
0:00:08.503674, 0.0, 0.0, 90.0, 0.0, 0.0
0:00:08.598092, 0.0, 0.0, 90.0, 0.0, 0.0
0:00:08.691026, 0.0, 0.0, 90.0, 0.0, 0.0
0:00:08.784535, 0.0, 0.0, 90.0, 0.0, 0.0
0:00:08.878467, 0.0, 0.0, 90.0, 0.0, 0.0
0:00:08.978665, 0.0, 0.0, 90.0, 0.0, 0.0
0:00:09.065656, 0.0, 0.0, 90.0, 0.0, 0.0
0:00:09.159177, 0.0, 0.0, 90.0, 0.0, 0.0
0:00:09.254183, 0.0, 0.0, 90.0, 0.0, 0.0
0:00:09.343199, 0.0, 0.0, 90.0, 0.0, 0.0
0:00:09.430181, 0.0, 0.0, 90.0, 0.0, 0.0
0:00:09.526175, 0.0, 0.0, 90.0, 0.0, 0.0
0:00:09.637175, 0.0, 0.0, 90.0, 0.0, 0.0
0:00:09.716174, 0.0, 0.0, 90.0, 0.0, 0.0
0:00:09.811694, 0.0, 0.0, 90.0, 0.0, 0.0
0:00:09.923687, 0.0, 0.0, 90.0, 0.0, 0.0
0:00:10.001688, 0.0, 0.0, 90.0, 0.0, 0.0
0:00:10.093692, 0.0, 0.0, 90.0, 0.0, 0.0
0:00:10.177689, 0.0, 0.0, 90.0, 0.0, 0.0
0:00:10.288891, 0.0, 0.0, 90.0, 0.0, 0.0
0:00:10.383044, 0.0, 0.0, 90.0, 0.0, 0.0
0:00:10.476242, 0.0, 0.0, 90.0, 0.0, 0.0
0:00:10.568783, 0.0, 0.0, 90.0, 0.0, 0.0
0:00:10.662566, 0.0, 0.0, 90.0, 0.0, 0.0
0:00:10.757894, 0.0, 0.0, 90.0, 0.0, 0.0
0:00:10.848161, 0.0, 0.0, 90.0, 0.0, 0.0
0:00:10.925105, 0.0, 0.0, 90.0, 0.0, 0.0
0:00:11.018813, 0.0, 0.0, 90.0, 0.0, 0.0
0:00:11.128778, 0.0, 0.0, 90.0, 0.0, 0.0
0:00:11.223021, 0.0, 0.0, 90.0, 0.0, 0.0
0:00:11.315642, 0.0, 0.0, 90.0, 0.0, 0.0
0:00:11.409781, 0.0, 0.0, 90.0, 0.0, 0.0
0:00:11.503029, 0.0, 0.0, 90.0, 0.0, 0.0
0:00:11.595497, 0.0, 0.0, 90.0, 0.0, 0.0
0:00:11.689169, 0.0, 0.0, 90.0, 0.0, 0.0
0:00:11.799934, 0.0, 0.0, 90.0, 0.0, 0.0
0:00:11.879618, 0.0, 0.0, 90.0, 0.0, 0.0
0:00:11.973613, 0.0, 0.0, 90.0, 0.0, 0.0
0:00:12.068615, 0.0, 0.0, 90.0, 0.0, 0.0
0:00:12.164689, 0.0, 0.0, 90.0, 0.0, 0.0
0:00:12.259686, 0.0, 0.0, 90.0, 0.0, 0.0
0:00:12.339688, 0.0, 0.0, 90.0, 0.0, 0.0
0:00:12.434690, 0.0, 0.0, 90.0, 0.0, 0.0
0:00:12.545688, 0.0, 0.0, 90.0, 0.0, 0.0
0:00:12.634690, 0.0, 0.0, 90.0, 0.0, 0.0
0:00:12.719682, 0.0, 0.0, 90.0, 0.0, 0.0
0:00:12.799469, 0.0, 0.0, 90.0, 0.0, 0.0
0:00:12.891635, 0.0, 0.0, 90.0, 0.0, 0.0
0:00:13.018625, 0.0, 0.0, 90.0, 0.0, 0.0
0:00:13.100095, 0.0, 0.0, 90.0, 0.0, 0.0
0:00:13.218142, 0.0, 0.0, 90.0, 0.0, 0.0
0:00:13.297655, 0.0, 0.0, 90.0, 0.0, 0.0
0:00:13.405583, 0.0, 0.0, 90.0, 0.0, 0.0
0:00:13.483975, 0.0, 0.0, 90.0, 0.0, 0.0
0:00:13.579416, 0.0, 0.0, 90.0, 0.0, 0.0
0:00:13.672407, 0.0, 0.0, 90.0, 0.0, 0.0
0:00:13.782702, 0.0, 0.0, 90.0, 0.0, 0.0
0:00:13.873973, 0.0, 0.0, 90.0, 0.0, 0.0
0:00:13.966283, 0.0, 0.0, 90.0, 0.0, 0.0
0:00:14.060075, 0.0, 0.0, 90.0, 0.0, 0.0
0:00:14.153559, 0.0, 0.0, 90.0, 0.0, 0.0
0:00:14.232344, 0.0, 0.0, 90.0, 0.0, 0.0
0:00:14.341866, 0.0, 0.0, 90.0, 0.0, 0.0
0:00:14.435847, 0.0, 0.0, 90.0, 0.0, 0.0
0:00:14.546977, 0.0, 0.0, 90.0, 0.0, 0.0
0:00:14.626976, 0.0, 0.0, 90.0, 0.0, 0.0
0:00:14.718977, 0.0, 0.0, 90.0, 0.0, 0.0
0:00:14.783987, 0.0, 0.0, 90.0, 0.0, 0.0
0:00:14.877980, 0.0, 0.0, 90.0, 0.0, 0.0
0:00:15.006489, 0.0, 0.0, 90.0, 0.0, 0.0
0:00:15.081511, 0.0, 0.0, 90.0, 0.0, 0.0
0:00:15.302184, 0.0, 0.0, 90.0, 0.0, 0.0
0:00:15.394389, 0.0, 0.0, 90.0, 0.0, 0.0
0:00:15.486669, 0.0, 0.0, 90.0, 0.0, 0.0
0:00:15.581595, 0.0, 0.0, 90.0, 0.0, 0.0
0:00:15.674788, 0.0, 0.0, 90.0, 0.0, 0.0
0:00:15.769852, 0.0, 0.0, 90.0, 0.0, 0.0
0:00:15.879089, 0.0, 0.0, 90.0, 0.0, 0.0
0:00:15.955089, 0.0, 0.0, 90.0, 0.0, 0.0
0:00:16.049635, 0.0, 0.0, 90.0, 0.0, 0.0
0:00:16.128470, 0.0, 0.0, 90.0, 0.0, 0.0
0:00:16.237768, 0.0, 0.0, 90.0, 0.0, 0.0
0:00:16.331128, 0.0, 0.0, 90.0, 0.0, 0.0
0:00:16.425100, 0.0, 0.0, 90.0, 0.0, 0.0
0:00:16.519623, 0.0, 0.0, 90.0, 0.0, 0.0
0:00:16.613815, 0.0, 0.0, 90.0, 0.0, 0.0
0:00:16.691336, 0.0, 0.0, 90.0, 0.0, 0.0
0:00:16.784510, 0.0, 0.0, 90.0, 0.0, 0.0
0:00:16.894493, 0.0, 0.0, 90.0, 0.0, 0.0
0:00:16.988267, 0.0, 0.0, 90.0, 0.0, 0.0
0:00:17.081675, 0.0, 0.0, 90.0, 0.0, 0.0
0:00:17.174130, 0.0, 0.0, 90.0, 0.0, 0.0
0:00:17.266947, 0.0, 0.0, 90.0, 0.0, 0.0
0:00:17.378633, 0.0, 0.0, 90.0, 0.0, 0.0
0:00:17.456342, 0.0, 0.0, 90.0, 0.0, 0.0
0:00:17.550223, 0.0, 0.0, 90.0, 0.0, 0.0
0:00:17.643630, 0.0, 0.0, 90.0, 0.0, 0.0
0:00:17.721237, 0.0, 0.0, 90.0, 0.0, 0.0
0:00:17.829274, 0.0, 0.0, 90.0, 0.0, 0.0
0:00:17.966672, 0.0, 0.0, 90.0, 0.0, 0.0
0:00:18.033667, 0.0, 0.0, 90.0, 0.0, 0.0
0:00:18.117063, 0.0, 0.0, 90.0, 0.0, 0.0
0:00:18.221534, 0.0, 0.0, 90.0, 0.0, 0.0
0:00:18.315764, 0.0, 0.0, 90.0, 0.0, 0.0
0:00:18.410783, 0.0, 0.0, 90.0, 0.0, 0.0
0:00:18.505236, 0.0, 0.0, 90.0, 0.0, 0.0
0:00:18.598898, 0.0, 0.0, 90.0, 0.0, 0.0
0:00:18.707098, 0.0, 0.0, 90.0, 0.0, 0.0
0:00:18.783565, 0.0, 0.0, 90.0, 0.0, 0.0
0:00:18.877057, 0.0, 0.0, 90.0, 0.0, 0.0
0:00:18.972051, 0.0, 0.0, 90.0, 0.0, 0.0
0:00:19.050340, 0.0, 0.0, 90.0, 0.0, 0.0
0:00:19.173611, 0.0, 0.0, 90.0, 0.0, 0.0
0:00:19.299819, 0.0, 0.0, 90.0, 0.0, 0.0
0:00:19.361688, 0.0, 0.0, 90.0, 0.0, 0.0
0:00:19.456748, 0.0, 0.0, 90.0, 0.0, 0.0
0:00:19.549284, 0.0, 0.0, 90.0, 0.0, 0.0
0:00:19.628627, 0.0, 0.0, 90.0, 0.0, 0.0
0:00:19.736990, 0.0, 0.0, 90.0, 0.0, 0.0
0:00:19.832261, 0.0, 0.0, 90.0, 0.0, 0.0
0:00:19.924257, 0.0, 0.0, 90.0, 0.0, 0.0
0:00:20.016501, 0.0, 0.0, 90.0, 0.0, 0.0
0:00:20.124009, 0.0, 0.0, 90.0, 0.0, 0.0
0:00:20.324984, 0.0, 0.0, 90.0, 0.0, 0.0
0:00:20.434805, 0.0, 0.0, 90.0, 0.0, 0.0
0:00:20.529416, 0.0, 0.0, 90.0, 0.0, 0.0
0:00:20.625411, 0.0, 0.0, 90.0, 0.0, 0.0
0:00:20.717298, 0.013819422572851181, 0.0, 90.0, 0.0, 0.0035258394200354815
0:00:20.811831, 0.027002256363630295, 0.0, 90.0, 0.0, 0.015051281079649925
0:00:20.904549, 0.03984035179018974, 0.0, 90.0, 0.0, 0.034678783267736435
0:00:20.997915, 0.05182453989982605, 0.0, 90.0, 0.0, 0.06126687303185463
0:00:21.075390, 0.06194799393415451, 0.0, 90.0, 0.0, 0.09050312638282776
0:00:21.186237, 0.0745035782456398, 0.0, 90.0, 0.0, 0.13630026578903198
0:00:21.280962, 0.08489101380109787, 0.0, 90.0, 0.0, 0.18295376002788544
0:00:21.375822, 0.0947999581694603, 0.0, 90.0, 0.0, 0.2356201708316803
0:00:21.470075, 0.10435111075639725, 0.0, 90.0, 0.0, 0.29466763138771057
0:00:21.548956, 0.11214255541563034, 0.0, 90.0, 0.0, 0.34943887591362
0:00:21.642528, 0.12079616636037827, 0.0, 90.0, 0.0, 0.4178802967071533
0:00:21.737186, 0.1291373074054718, 0.0, 90.0, 0.0, 0.49213317036628723
0:00:21.842475, 0.13709019124507904, 0.0, 90.0, 0.0, 0.5712648630142212
0:00:21.936420, 0.14467288553714752, 0.0, 90.0, 0.0, 0.6550482511520386
0:00:22.033358, 0.15197734534740448, 0.0, 90.0, 0.0, 0.7442134022712708
0:00:22.124056, 0.1588670313358307, 0.0, 90.0, 0.0, 0.8367058038711548
0:00:22.219035, 0.1654360294342041, 0.0, 90.0, 0.0, 0.9332279562950134
0:00:22.333458, 0.1725974977016449, 0.0, 90.0, 0.0, 1.0486946105957031
0:00:22.420125, 0.17852742969989777, 0.0, 90.0, 0.0, 1.1532477140426636
0:00:22.497362, 0.1834823489189148, 0.0, 90.0, 0.0, 1.2474336624145508
0:00:22.591355, 0.18890564143657684, 0.0, 90.0, 0.0, 1.3583533763885498
0:00:22.686354, 0.1940765082836151, 0.0, 90.0, 0.0, 1.4724451303482056
0:00:22.781738, 0.19900667667388916, 0.0, 90.0, 0.0, 1.5895614624023438
0:00:22.890081, 0.20370738208293915, 0.0, 90.0, 0.0, 1.7095612287521362
0:00:22.983440, 0.20823559165000916, 0.0, 90.0, 0.0, 1.8336138725280762
0:00:23.061864, 0.21206748485565186, 0.0, 90.0, 0.0, 1.945682168006897
0:00:23.170543, 0.21674717962741852, 0.0, 90.0, 0.0, 2.0923357009887695
0:00:23.248601, 0.22010284662246704, 0.0, 90.0, 0.0, 2.2047336101531982
0:00:23.357549, 0.22382164001464844, 0.0, 90.0, 0.0, 2.3370726108551025
0:00:23.450210, 0.22744052112102509, 0.0, 90.0, 0.0, 2.474437713623047
0:00:23.546585, 0.2308526635169983, 0.0, 90.0, 0.0, 2.6125152111053467
0:00:23.638827, 0.23410429060459137, 0.0, 90.0, 0.0, 2.7526097297668457
0:00:23.731911, 0.23720307648181915, 0.0, 90.0, 0.0, 2.894625186920166
0:00:23.825347, 0.23979498445987701, 0.0, 90.0, 0.0, 3.020390748977661
0:00:23.918976, 0.24262608587741852, 0.0, 90.0, 0.0, 3.165769338607788
0:00:24.013154, 0.24529652297496796, 0.0, 90.0, 0.0, 3.311282157897949
0:00:24.106420, 0.24792154133319855, 0.0, 90.0, 0.0, 3.4630203247070312
0:00:24.201764, 0.2503955662250519, 0.0, 90.0, 0.0, 3.6147713661193848
0:00:24.279909, 0.25241896510124207, 0.0, 90.0, 0.0, 3.745795965194702
0:00:24.386949, 0.2546336054801941, 0.0, 90.0, 0.0, 3.897036552429199
0:00:24.487042, 0.2567887604236603, 0.0, 90.0, 0.0, 4.052794456481934
0:00:24.591714, 0.2591090500354767, 0.0, 90.0, 0.0, 4.230981349945068
0:00:24.668739, 0.2607572376728058, 0.0, 90.0, 0.0, 4.364835739135742
0:00:24.762798, 0.26260265707969666, 0.0, 90.0, 0.0, 4.522601127624512
0:00:24.870768, 0.2645929455757141, 0.0, 90.0, 0.0, 4.7030510902404785
0:00:24.966201, 0.266037255525589, 0.0, 90.0, 0.0, 4.841352939605713
0:00:25.059900, 0.2676507234573364, 0.0, 90.0, 0.0, 5.0039191246032715
0:00:25.154798, 0.26917195320129395, 0.0, 90.0, 0.0, 5.1657586097717285
0:00:25.248659, 0.270621657371521, 0.0, 90.0, 0.0, 5.328496932983398
0:00:25.359380, 0.2721991539001465, 0.0, 90.0, 0.0, 5.516018867492676
0:00:25.452958, 0.2734931409358978, 0.0, 90.0, 0.0, 5.678828239440918
0:00:25.547375, 0.2747396230697632, 0.0, 90.0, 0.0, 5.844120502471924
0:00:25.641791, 0.27592751383781433, 0.0, 90.0, 0.0, 6.010149002075195
0:00:25.704983, 0.27674663066864014, 0.0, 90.0, 0.0, 6.129916667938232
0:00:25.814759, 0.2778289318084717, 0.0, 90.0, 0.0, 6.295386791229248
0:00:25.907292, 0.27887147665023804, 0.0, 90.0, 0.0, 6.463241100311279
0:00:26.016027, 0.27999594807624817, 0.0, 90.0, 0.0, 6.654570579528809
0:00:26.110141, 0.2809366285800934, 0.0, 90.0, 0.0, 6.823705673217773
0:00:26.219335, 0.28196024894714355, 0.0, 90.0, 0.0, 7.018187046051025
0:00:26.343060, 0.2830313742160797, 0.0, 90.0, 0.0, 7.234692096710205
0:00:26.436327, 0.28382930159568787, 0.0, 90.0, 0.0, 7.405620098114014
0:00:26.531108, 0.2845897376537323, 0.0, 90.0, 0.0, 7.577020645141602
0:00:26.623112, 0.28530701994895935, 0.0, 90.0, 0.0, 7.7470784187316895
0:00:26.716894, 0.2859063446521759, 0.0, 90.0, 0.0, 7.895997524261475
0:00:26.814606, 0.28665637969970703, 0.0, 90.0, 0.0, 8.092032432556152
0:00:26.920145, 0.28728389739990234, 0.0, 90.0, 0.0, 8.26510238647461
0:00:27.012776, 0.28788185119628906, 0.0, 90.0, 0.0, 8.438544273376465
0:00:27.105555, 0.2884458899497986, 0.0, 90.0, 0.0, 8.610527992248535
0:00:27.198124, 0.28898921608924866, 0.0, 90.0, 0.0, 8.78465747833252
0:00:27.291258, 0.2894383370876312, 0.0, 90.0, 0.0, 8.935463905334473
0:00:27.386096, 0.289945125579834, 0.0, 90.0, 0.0, 9.113821029663086
0:00:27.482110, 0.29041793942451477, 0.0, 90.0, 0.0, 9.288833618164062
0:00:27.578094, 0.2908685505390167, 0.0, 90.0, 0.0, 9.464128494262695
0:00:27.671990, 0.29129794239997864, 0.0, 90.0, 0.0, 9.639688491821289
0:00:27.765521, 0.2917071580886841, 0.0, 90.0, 0.0, 9.815502166748047
0:00:27.858453, 0.2920931577682495, 0.0, 90.0, 0.0, 9.98972225189209
0:00:27.954248, 0.292468786239624, 0.0, 90.0, 0.0, 10.167842864990234
0:00:28.032512, 0.2927287518978119, 0.0, 90.0, 0.0, 10.29652214050293
0:00:28.128490, 0.2930706739425659, 0.0, 90.0, 0.0, 10.473180770874023
0:00:28.223097, 0.29339316487312317, 0.0, 90.0, 0.0, 10.648198127746582
0:00:28.316476, 0.2937038242816925, 0.0, 90.0, 0.0, 10.825249671936035
0:00:28.413014, 0.29399988055229187, 0.0, 90.0, 0.0, 11.002485275268555
0:00:28.507028, 0.29427915811538696, 0.0, 90.0, 0.0, 11.178046226501465
0:00:28.600384, 0.2945481836795807, 0.0, 90.0, 0.0, 11.355621337890625
0:00:28.694752, 0.29480454325675964, 0.0, 90.0, 0.0, 11.533356666564941
0:00:28.788565, 0.29504889249801636, 0.0, 90.0, 0.0, 11.711241722106934
0:00:28.882670, 0.29525086283683777, 0.0, 90.0, 0.0, 11.865154266357422
0:00:28.975801, 0.29547423124313354, 0.0, 90.0, 0.0, 12.043304443359375
0:00:29.087526, 0.2957429587841034, 0.0, 90.0, 0.0, 12.269891738891602
0:00:29.165685, 0.29588782787323, 0.0, 90.0, 0.0, 12.398133277893066
0:00:29.255578, 0.29607924818992615, 0.0, 90.0, 0.0, 12.574798583984375
0:00:29.335284, 0.2962391674518585, 0.0, 90.0, 0.0, 12.729241371154785
0:00:29.429328, 0.2964160442352295, 0.0, 90.0, 0.0, 12.907975196838379
0:00:29.538814, 0.2965845763683319, 0.0, 90.0, 0.0, 13.086812019348145
0:00:29.633187, 0.29674357175827026, 0.0, 90.0, 0.0, 13.263884544372559
0:00:29.726895, 0.29689672589302063, 0.0, 90.0, 0.0, 13.442914962768555
0:00:29.821400, 0.2970426380634308, 0.0, 90.0, 0.0, 13.62203598022461
0:00:29.917388, 0.2971831262111664, 0.0, 90.0, 0.0, 13.803112030029297
0:00:30.013615, 0.2973155677318573, 0.0, 90.0, 0.0, 13.982402801513672
0:00:30.108192, 0.29744309186935425, 0.0, 90.0, 0.0, 14.163640022277832
0:00:30.201105, 0.2975633144378662, 0.0, 90.0, 0.0, 14.343084335327148
0:00:30.280274, 0.29766151309013367, 0.0, 90.0, 0.0, 14.496416091918945
0:00:30.406399, 0.29780033230781555, 0.0, 90.0, 0.0, 14.72463607788086
0:00:30.516593, 0.297918438911438, 0.0, 90.0, 0.0, 14.930497169494629
0:00:30.580377, 0.29799026250839233, 0.0, 90.0, 0.0, 15.061541557312012
0:00:30.689126, 0.29808473587036133, 0.0, 90.0, 0.0, 15.241307258605957
0:00:30.783420, 0.29817572236061096, 0.0, 90.0, 0.0, 15.423003196716309
0:00:30.878031, 0.2982623875141144, 0.0, 90.0, 0.0, 15.604755401611328
0:00:30.972465, 0.29834413528442383, 0.0, 90.0, 0.0, 15.784683227539062
0:00:31.049404, 0.29841166734695435, 0.0, 90.0, 0.0, 15.940285682678223
0:00:31.158145, 0.2984863221645355, 0.0, 90.0, 0.0, 16.120302200317383
0:00:31.251825, 0.29855749011039734, 0.0, 90.0, 0.0, 16.300363540649414
0:00:31.363954, 0.29863497614860535, 0.0, 90.0, 0.0, 16.506736755371094
0:00:31.439536, 0.29868996143341064, 0.0, 90.0, 0.0, 16.660612106323242
0:00:31.531760, 0.298751562833786, 0.0, 90.0, 0.0, 16.840795516967773
0:00:31.641505, 0.29881858825683594, 0.0, 90.0, 0.0, 17.04729652404785
0:00:31.750781, 0.2988809049129486, 0.0, 90.0, 0.0, 17.250091552734375
0:00:31.857951, 0.2989404499530792, 0.0, 90.0, 0.0, 17.454803466796875
0:00:31.952116, 0.29898419976234436, 0.0, 90.0, 0.0, 17.612590789794922
0:00:32.046355, 0.299032986164093, 0.0, 90.0, 0.0, 17.796703338623047
0:00:32.139171, 0.29907843470573425, 0.0, 90.0, 0.0, 17.977088928222656
0:00:32.234657, 0.2991222143173218, 0.0, 90.0, 0.0, 18.159379959106445
0:00:32.313368, 0.29915758967399597, 0.0, 90.0, 0.0, 18.31350326538086
0:00:32.421224, 0.2991971969604492, 0.0, 90.0, 0.0, 18.49396324157715
0:00:32.515455, 0.2992353141307831, 0.0, 90.0, 0.0, 18.67632293701172
0:00:32.608769, 0.29927125573158264, 0.0, 90.0, 0.0, 18.856828689575195
0:00:32.719349, 0.2993103265762329, 0.0, 90.0, 0.0, 19.063682556152344
0:00:32.813635, 0.29934239387512207, 0.0, 90.0, 0.0, 19.24234962463379
0:00:32.908348, 0.2993732988834381, 0.0, 90.0, 0.0, 19.422916412353516
0:00:33.015632, 0.29940667748451233, 0.0, 90.0, 0.0, 19.627958297729492
0:00:33.095461, 0.29942741990089417, 0.0, 90.0, 0.0, 19.76152801513672
0:00:33.201779, 0.29945817589759827, 0.0, 90.0, 0.0, 19.968486785888672
0:00:33.281018, 0.29948028922080994, 0.0, 90.0, 0.0, 20.12466049194336
0:00:33.391106, 0.2995079755783081, 0.0, 90.0, 0.0, 20.32977294921875
0:00:33.485396, 0.29953113198280334, 0.0, 90.0, 0.0, 20.510438919067383
0:00:33.564427, 0.29955002665519714, 0.0, 90.0, 0.0, 20.664766311645508
0:00:33.676640, 0.2995741367340088, 0.0, 90.0, 0.0, 20.871809005737305
0:00:33.756382, 0.2995913028717041, 0.0, 90.0, 0.0, 21.026161193847656
0:00:33.847475, 0.31796371936798096, 0.0, 90.0, 0.0, 21.186416625976562
0:00:33.938523, 0.3380727767944336, 0.0, 90.0, 0.0, 21.38139533996582
0:00:34.032695, 0.35744380950927734, 0.0, 90.0, 0.0, 21.590360641479492
0:00:34.111686, 0.3732665181159973, 0.0, 90.0, 0.0, 21.77794075012207
0:00:34.207551, 0.3909823000431061, 0.0, 90.0, 0.0, 22.007707595825195
0:00:34.314743, 0.4099177420139313, 0.0, 90.0, 0.0, 22.278696060180664
0:00:34.408911, 0.423789918422699, 0.0, 90.0, 0.0, 22.495500564575195
0:00:34.516192, 0.44130614399909973, 0.0, 90.0, 0.0, 22.79374885559082
0:00:34.614677, 0.4559706747531891, 0.0, 90.0, 0.0, 23.066570281982422
0:00:34.705550, 0.4697973132133484, 0.0, 90.0, 0.0, 23.3452091217041
0:00:34.800165, 0.48283928632736206, 0.0, 90.0, 0.0, 23.628995895385742
0:00:34.898197, 0.49553075432777405, 0.0, 90.0, 0.0, 23.926612854003906
0:00:35.000823, 0.5090733766555786, 0.0, 90.0, 0.0, 24.270082473754883
0:00:35.080961, 0.5187844038009644, 0.0, 90.0, 0.0, 24.534465789794922
0:00:35.188519, 0.5296574234962463, 0.0, 90.0, 0.0, 24.850221633911133
0:00:35.287600, 0.5413840413093567, 0.0, 90.0, 0.0, 25.216510772705078
0:00:35.438632, 0.5565081834793091, 0.0, 90.0, 0.0, 25.733312606811523
0:00:35.547085, 0.5668056011199951, 0.0, 90.0, 0.0, 26.11756134033203
0:00:35.655236, 0.5765551328659058, 0.0, 90.0, 0.0, 26.50869369506836
0:00:35.752366, 0.584878146648407, 0.0, 90.0, 0.0, 26.865917205810547
0:00:35.834362, 0.5916135311126709, 0.0, 90.0, 0.0, 27.172405242919922
0:00:35.935826, 0.5990616083145142, 0.0, 90.0, 0.0, 27.531198501586914
0:00:36.014585, 0.6051454544067383, 0.0, 90.0, 0.0, 27.84116554260254
0:00:36.107886, 0.6119572520256042, 0.0, 90.0, 0.0, 28.207956314086914
0:00:36.215780, 0.618382453918457, 0.0, 90.0, 0.0, 28.574892044067383
0:00:36.309918, 0.6245718002319336, 0.0, 90.0, 0.0, 28.94950294494629
0:00:36.404013, 0.6304098963737488, 0.0, 90.0, 0.0, 29.32381820678711
0:00:36.498345, 0.6360910534858704, 0.0, 90.0, 0.0, 29.709529876708984
0:00:36.593215, 0.6413930058479309, 0.0, 90.0, 0.0, 30.0905818939209
0:00:36.670015, 0.6458231210708618, 0.0, 90.0, 0.0, 30.426040649414062
0:00:36.764661, 0.6507219672203064, 0.0, 90.0, 0.0, 30.816869735717773
0:00:36.873724, 0.6553905010223389, 0.9214281439781189, 90.0, 0.0, 31.21059226989746
0:00:36.966845, 0.6598395109176636, 1.7579786777496338, 90.0, 0.0, 31.607072830200195
0:00:37.059977, 0.6641225814819336, 2.5250260829925537, 90.0, 0.0, 32.010353088378906
0:00:37.154508, 0.6681609749794006, 3.2138121128082275, 90.0, 0.0, 32.41199493408203
0:00:37.248948, 0.6720095276832581, 3.8391294479370117, 90.0, 0.0, 32.81602096557617
0:00:37.342129, 0.6751907467842102, 4.333158016204834, 90.0, 0.0, 33.167171478271484
0:00:37.435928, 0.6787444949150085, 4.860544681549072, 90.0, 0.0, 33.579612731933594
0:00:37.530939, 0.6821296811103821, 5.338869571685791, 90.0, 0.0, 33.994171142578125
0:00:37.624280, 0.6853864789009094, 5.7769598960876465, 90.0, 0.0, 34.415061950683594
0:00:37.717901, 0.6884249448776245, 6.166082382202148, 90.0, 0.0, 34.82926559448242
0:00:37.798185, 0.690906822681427, 6.469929218292236, 90.0, 0.0, 35.18449020385742
0:00:37.903930, 0.6936857104301453, 6.7952094078063965, 90.0, 0.0, 35.601966857910156
0:00:37.998729, 0.6963609457015991, 7.093464374542236, 90.0, 0.0, 36.02545166015625
0:00:38.092069, 0.6988832354545593, 7.36128044128418, 90.0, 0.0, 36.44615173339844
0:00:38.169852, 0.7009435892105103, 7.570405006408691, 90.0, 0.0, 36.80667495727539
0:00:38.264488, 0.7032504677772522, 7.794281482696533, 90.0, 0.0, 37.230079650878906
0:00:38.373598, 0.7054488062858582, 7.997522830963135, 90.0, 0.0, 37.654842376708984
0:00:38.465066, 0.7075439095497131, 8.182036399841309, 90.0, 0.0, 38.080909729003906
0:00:38.541447, 0.7092551589012146, 8.3261137008667, 90.0, 0.0, 38.44581604003906
0:00:38.635535, 0.7111711502075195, 8.48034954071045, 90.0, 0.0, 38.87412643432617
0:00:38.729169, 0.7129784226417542, 8.618975639343262, 90.0, 0.0, 39.29909133911133
0:00:38.837569, 0.7147194147109985, 8.746231079101562, 90.0, 0.0, 39.7296028137207
0:00:38.931018, 0.716395378112793, 8.862913131713867, 90.0, 0.0, 40.16564178466797
0:00:39.024062, 0.7179756164550781, 8.967690467834473, 90.0, 0.0, 40.598175048828125
0:00:39.117988, 0.71949702501297, 9.063763618469238, 90.0, 0.0, 41.036155700683594
0:00:39.210973, 0.720726490020752, 9.137961387634277, 90.0, 0.0, 41.40711975097656
0:00:39.306078, 0.7221171855926514, 9.21818733215332, 90.0, 0.0, 41.846744537353516
0:00:39.400053, 0.7234417200088501, 9.290948867797852, 90.0, 0.0, 42.287200927734375
0:00:39.493054, 0.7246906161308289, 9.356284141540527, 90.0, 0.0, 42.72389602661133
0:00:39.588075, 0.7258808016777039, 9.415599822998047, 90.0, 0.0, 43.16132736206055
0:00:39.683076, 0.7270150184631348, 9.469449996948242, 90.0, 0.0, 43.599464416503906
0:00:39.796056, 0.7282382845878601, 9.524598121643066, 90.0, 0.0, 44.09774398803711
0:00:39.889207, 0.7292511463165283, 9.567965507507324, 90.0, 0.0, 44.532691955566406
0:00:39.982757, 0.7302268147468567, 9.60777473449707, 90.0, 0.0, 44.972816467285156
0:00:40.076127, 0.7311566472053528, 9.643914222717285, 90.0, 0.0, 45.41352081298828
0:00:40.170196, 0.7320427298545837, 9.676726341247559, 90.0, 0.0, 45.854774475097656
0:00:40.263750, 0.7327839136123657, 9.70295238494873, 90.0, 0.0, 46.24129867553711
0:00:40.356203, 0.7335934638977051, 9.730324745178223, 90.0, 0.0, 46.68351364135742
0:00:40.481541, 0.7345675230026245, 9.761496543884277, 90.0, 0.0, 47.24618148803711
0:00:40.574871, 0.7352932095527649, 9.78347110748291, 90.0, 0.0, 47.689453125
0:00:40.670601, 0.7359848022460938, 9.803421974182129, 90.0, 0.0, 48.13315200805664
0:00:40.748055, 0.7365496754646301, 9.819002151489258, 90.0, 0.0, 48.51247024536133
0:00:40.839714, 0.7371821403503418, 9.835680961608887, 90.0, 0.0, 48.956912994384766
0:00:40.934484, 0.7377849221229553, 9.850822448730469, 90.0, 0.0, 49.40172576904297
0:00:41.044923, 0.738353431224823, 9.86443042755127, 90.0, 0.0, 49.84225845336914
0:00:41.137688, 0.7389010787010193, 9.876923561096191, 90.0, 0.0, 50.28776550292969
0:00:41.231303, 0.7394283413887024, 9.888379096984863, 90.0, 0.0, 50.738243103027344
0:00:41.324543, 0.7399255037307739, 9.898665428161621, 90.0, 0.0, 51.184391021728516
0:00:41.417380, 0.7403992414474487, 9.908003807067871, 90.0, 0.0, 51.63082504272461
0:00:41.511008, 0.7407907843589783, 9.91538143157959, 90.0, 0.0, 52.017032623291016
0:00:41.603102, 0.7412238717079163, 9.923178672790527, 90.0, 0.0, 52.46398162841797
0:00:41.697878, 0.7416408061981201, 9.930327415466309, 90.0, 0.0, 52.91584396362305
0:00:41.776353, 0.7419777512550354, 9.9358491897583, 90.0, 0.0, 53.29802703857422
0:00:41.883927, 0.7424047589302063, 9.942516326904297, 90.0, 0.0, 53.806312561035156
0:00:41.979571, 0.7427145838737488, 9.947125434875488, 90.0, 0.0, 54.193546295166016
0:00:42.071969, 0.7430641651153564, 9.952095031738281, 90.0, 0.0, 54.650970458984375
0:00:42.165280, 0.74339359998703, 9.956554412841797, 90.0, 0.0, 55.10393142700195
0:00:42.243398, 0.7436630725860596, 9.960039138793945, 90.0, 0.0, 55.49167251586914
0:00:42.352083, 0.7439610958099365, 9.96372127532959, 90.0, 0.0, 55.9403190612793
0:00:42.446517, 0.7442479133605957, 9.967098236083984, 90.0, 0.0, 56.39381408691406
0:00:42.540547, 0.7445184588432312, 9.97012996673584, 90.0, 0.0, 56.842803955078125
0:00:42.632963, 0.7447789311408997, 9.972909927368164, 90.0, 0.0, 57.296634674072266
0:00:42.725174, 0.7449919581413269, 9.975082397460938, 90.0, 0.0, 57.68508529663086
0:00:42.818206, 0.7452273964881897, 9.977378845214844, 90.0, 0.0, 58.13451385498047
0:00:42.914718, 0.745451807975769, 9.979462623596191, 90.0, 0.0, 58.58408737182617
0:00:43.007463, 0.7456657290458679, 9.981355667114258, 90.0, 0.0, 59.033790588378906
0:00:43.084313, 0.7458405494689941, 9.982832908630371, 90.0, 0.0, 59.41801071166992
0:00:43.191504, 0.746036171913147, 9.984414100646973, 90.0, 0.0, 59.86793899536133
0:00:43.285102, 0.7462226152420044, 9.98585033416748, 90.0, 0.0, 60.317989349365234
0:00:43.376426, 0.7464002370834351, 9.987154006958008, 90.0, 0.0, 60.768150329589844
0:00:43.471906, 0.7465711832046509, 9.988348960876465, 90.0, 0.0, 61.223106384277344
0:00:43.565164, 0.7467324137687683, 9.989422798156738, 90.0, 0.0, 61.67346954345703
0:00:43.658151, 0.746867299079895, 9.99028205871582, 90.0, 0.0, 62.0676155090332
0:00:43.752205, 0.7470130920410156, 9.991168975830078, 90.0, 0.0, 62.51346206665039
0:00:43.845370, 0.7471535205841064, 9.991982460021973, 90.0, 0.0, 62.964088439941406
0:00:43.952159, 0.7473064661026001, 9.992823600769043, 90.0, 0.0, 63.48052978515625
0:00:44.030584, 0.7474163174629211, 9.993398666381836, 90.0, 0.0, 63.870277404785156
0:00:44.140455, 0.7475390434265137, 9.994012832641602, 90.0, 0.0, 64.32584381103516
0:00:44.234131, 0.7476547360420227, 9.994563102722168, 90.0, 0.0, 64.77677154541016
0:00:44.329440, 0.7477661371231079, 9.995068550109863, 90.0, 0.0, 65.23246765136719
0:00:44.421694, 0.747870147228241, 9.995518684387207, 90.0, 0.0, 65.67884063720703
0:00:44.516850, 0.7479713559150696, 9.995936393737793, 90.0, 0.0, 66.1346664428711
0:00:44.607533, 0.7480540871620178, 9.996262550354004, 90.0, 0.0, 66.52474975585938
0:00:44.699262, 0.748145580291748, 9.996606826782227, 90.0, 0.0, 66.97598266601562
0:00:44.790954, 0.7482336759567261, 9.996922492980957, 90.0, 0.0, 67.43197631835938
0:00:44.884346, 0.7483074069023132, 9.997175216674805, 90.0, 0.0, 67.83160400390625
0:00:44.980685, 0.7483878135681152, 9.997437477111816, 90.0, 0.0, 68.2876968383789
0:00:45.071261, 0.7484644055366516, 9.997675895690918, 90.0, 0.0, 68.74384307861328
0:00:45.165935, 0.7485373616218567, 9.997892379760742, 90.0, 0.0, 69.20002746582031
0:00:45.260371, 0.7486060857772827, 9.998085975646973, 90.0, 0.0, 69.65155029296875
0:00:45.353890, 0.7486716508865356, 9.998262405395508, 90.0, 0.0, 70.10311126708984
0:00:45.460356, 0.748734176158905, 9.998421669006348, 90.0, 0.0, 70.55472564697266
0:00:45.555541, 0.7487937211990356, 9.998567581176758, 90.0, 0.0, 71.00636291503906
0:00:45.649201, 0.7488504648208618, 9.998698234558105, 90.0, 0.0, 71.45804595947266
0:00:45.742581, 0.7489039301872253, 9.998817443847656, 90.0, 0.0, 71.9050521850586
0:00:45.821748, 0.7489486336708069, 9.998912811279297, 90.0, 0.0, 72.29561614990234
0:00:45.932008, 0.7490050196647644, 9.99902629852295, 90.0, 0.0, 72.81328582763672
0:00:46.026289, 0.7490456104278564, 9.999104499816895, 90.0, 0.0, 73.20389556884766
0:00:46.120634, 0.7490904927253723, 9.999187469482422, 90.0, 0.0, 73.65573120117188
0:00:46.215304, 0.7491336464881897, 9.999262809753418, 90.0, 0.0, 74.11228942871094
0:00:46.307578, 0.7491748929023743, 9.999330520629883, 90.0, 0.0, 74.56887817382812
0:00:46.402389, 0.7492141127586365, 9.999393463134766, 90.0, 0.0, 75.0254898071289
0:00:46.481359, 0.7492461204528809, 9.999442100524902, 90.0, 0.0, 75.41620635986328
0:00:46.589549, 0.7492815256118774, 9.999492645263672, 90.0, 0.0, 75.8681640625
0:00:46.683760, 0.7493153214454651, 9.999540328979492, 90.0, 0.0, 76.32012176513672
0:00:46.778980, 0.7493476271629333, 9.999582290649414, 90.0, 0.0, 76.77210998535156
0:00:46.870160, 0.7493786215782166, 9.999621391296387, 90.0, 0.0, 77.22882843017578
0:00:46.949297, 0.7494038939476013, 9.999650955200195, 90.0, 0.0, 77.61962890625
0:00:47.058303, 0.7494319081306458, 9.999683380126953, 90.0, 0.0, 78.0716552734375
0:00:47.151241, 0.7494586110115051, 9.999711990356445, 90.0, 0.0, 78.52371978759766
0:00:47.244390, 0.7494845986366272, 9.999740600585938, 90.0, 0.0, 78.9852066040039
0:00:47.322369, 0.7495056390762329, 9.999760627746582, 90.0, 0.0, 79.37606048583984
0:00:47.431450, 0.7495291233062744, 9.99978256225586, 90.0, 0.0, 79.83287048339844
0:00:47.525629, 0.7495514154434204, 9.99980354309082, 90.0, 0.0, 80.28970336914062
0:00:47.620921, 0.7495725154876709, 9.999822616577148, 90.0, 0.0, 80.74182891845703
0:00:47.697957, 0.7495899796485901, 9.999835014343262, 90.0, 0.0, 81.13272857666016
0:00:47.790152, 0.7496089935302734, 9.999849319458008, 90.0, 0.0, 81.58015441894531
0:00:47.898545, 0.7496275305747986, 9.999863624572754, 90.0, 0.0, 82.03703308105469
0:00:47.992186, 0.7496448159217834, 9.999876976013184, 90.0, 0.0, 82.48450469970703
0:00:48.085257, 0.7496616840362549, 9.999890327453613, 90.0, 0.0, 82.94139862060547
0:00:48.181102, 0.7496775388717651, 9.999899864196777, 90.0, 0.0, 83.3935775756836
0:00:48.276153, 0.7496929168701172, 9.999907493591309, 90.0, 0.0, 83.85047912597656
0:00:48.368892, 0.7497055530548096, 9.999914169311523, 90.0, 0.0, 84.24614715576172
0:00:48.463118, 0.7497196793556213, 9.999921798706055, 90.0, 0.0, 84.70779418945312
0:00:48.559009, 0.7497328519821167, 9.99992847442627, 90.0, 0.0, 85.16002655029297
0:00:48.654940, 0.7497454285621643, 9.999935150146484, 90.0, 0.0, 85.61225891113281
0:00:48.750273, 0.7497574090957642, 9.9999418258667, 90.0, 0.0, 86.06449127197266
0:00:48.828997, 0.7497674822807312, 9.999947547912598, 90.0, 0.0, 86.460205078125
0:00:48.907737, 0.74977707862854, 9.999953269958496, 90.0, 0.0, 86.85592651367188
0:00:49.031501, 0.7497889399528503, 9.999960899353027, 90.0, 0.0, 87.36942291259766
0:00:49.125638, 0.7497988939285278, 9.999964714050293, 90.0, 0.0, 87.82167053222656
0:00:49.204641, 0.7498071193695068, 9.999966621398926, 90.0, 0.0, 88.21269226074219
0:00:49.299878, 0.7498162388801575, 9.999967575073242, 90.0, 0.0, 88.66498565673828
0:00:49.376085, 0.7498237490653992, 9.999968528747559, 90.0, 0.0, 89.0560302734375
0:00:49.501075, 0.7498342990875244, 9.999969482421875, 90.0, 0.0, 89.63552856445312
0:00:49.594897, 0.7498410940170288, 9.999970436096191, 90.0, 0.0, 90.02657318115234
0:00:49.687213, 0.7498486042022705, 9.999971389770508, 90.0, 0.0, 90.47886657714844
0:00:49.782663, 0.7498556971549988, 9.999972343444824, 90.0, 0.0, 90.93116760253906
0:00:49.876553, 0.7498624920845032, 9.999972343444824, 90.0, 0.0, 91.38818359375
0:00:49.984310, 0.7498698234558105, 9.999972343444824, 90.0, 0.0, 91.9017333984375
0:00:50.061585, 0.7498751878738403, 9.999972343444824, 90.0, 0.0, 92.29278564453125
0:00:50.170641, 0.7498810291290283, 9.999972343444824, 90.0, 0.0, 92.74980926513672
0:00:50.264402, 0.7498866319656372, 9.999972343444824, 90.0, 0.0, 93.20211791992188
0:00:50.358107, 0.7498919367790222, 9.999972343444824, 90.0, 0.0, 93.65442657470703
0:00:50.451676, 0.7498970627784729, 9.999972343444824, 90.0, 0.0, 94.10674285888672
0:00:50.609673, 0.7499052286148071, 9.999972343444824, 90.0, 0.0, 94.87478637695312
0:00:50.719541, 0.7499096393585205, 9.999972343444824, 90.0, 0.0, 95.32241821289062
0:00:50.812542, 0.7499139904975891, 9.999972343444824, 90.0, 0.0, 95.77947235107422
0:00:50.908530, 0.7499180436134338, 9.999972343444824, 90.0, 0.0, 96.2318115234375
0:00:51.002530, 0.7499219179153442, 9.999972343444824, 90.0, 0.0, 96.68415832519531
0:00:51.100535, 0.749925434589386, 9.999972343444824, 90.0, 0.0, 97.13179779052734
0:00:51.191535, 0.7499290108680725, 9.999972343444824, 90.0, 0.0, 97.58885192871094
0:00:51.269530, 0.7499319911003113, 9.999972343444824, 90.0, 0.0, 97.97994232177734
0:00:51.378494, 0.7499355673789978, 9.999972343444824, 90.0, 0.0, 98.49356079101562
0:00:51.471715, 0.7499382495880127, 9.999972343444824, 90.0, 0.0, 98.8846664428711
0:00:51.564925, 0.7499411702156067, 9.999972343444824, 90.0, 0.0, 99.33702850341797
0:00:51.658603, 0.7499439120292664, 9.999972343444824, 90.0, 0.0, 99.79409790039062
0:00:51.750694, 0.7499465942382812, 9.999972343444824, 90.0, 0.0, 100.25116729736328
0:00:51.859633, 0.7499495148658752, 9.999972343444824, 90.0, 0.0, 100.76478576660156
0:00:51.937927, 0.749951183795929, 9.999972343444824, 90.0, 0.0, 101.09463500976562
0:00:52.048458, 0.7499537467956543, 9.999972343444824, 90.0, 0.0, 101.61296844482422
0:00:52.142511, 0.749955952167511, 9.99997329711914, 90.0, 0.0, 102.07475280761719
0:00:52.236867, 0.7499580979347229, 9.99997329711914, 90.0, 0.0, 102.52711486816406
0:00:52.330234, 0.7499600648880005, 9.99997329711914, 90.0, 0.0, 102.97947692871094
0:00:52.422394, 0.7499616146087646, 9.99997329711914, 90.0, 0.0, 103.3658676147461
0:00:52.532201, 0.7499635815620422, 9.99997329711914, 90.0, 0.0, 103.88420104980469
0:00:52.641864, 0.7499657869338989, 9.99997329711914, 90.0, 0.0, 104.45907592773438
0:00:52.736936, 0.7499672770500183, 9.99997329711914, 90.0, 0.0, 104.85018157958984
0:00:52.833162, 0.7499688863754272, 9.999974250793457, 90.0, 0.0, 105.31668090820312
0:00:52.924402, 0.7499703168869019, 9.999974250793457, 90.0, 0.0, 105.76904296875
0:00:53.019787, 0.7499716281890869, 9.999974250793457, 90.0, 0.0, 106.22140502929688
0:00:53.101154, 0.7499727606773376, 9.999974250793457, 90.0, 0.0, 106.60779571533203
0:00:53.205745, 0.7499740719795227, 9.999974250793457, 90.0, 0.0, 107.06487274169922
0:00:53.299280, 0.749975323677063, 9.999974250793457, 90.0, 0.0, 107.5172348022461
0:00:53.394275, 0.749976634979248, 9.999974250793457, 90.0, 0.0, 107.96959686279297
0:00:53.487093, 0.749977707862854, 9.999974250793457, 90.0, 0.0, 108.42195892333984
0:00:53.565466, 0.7499785423278809, 9.999974250793457, 90.0, 0.0, 108.81306457519531
0:00:53.675322, 0.7499794363975525, 9.999974250793457, 90.0, 0.0, 109.26542663574219
0:00:53.769175, 0.7499803304672241, 9.999974250793457, 90.0, 0.0, 109.71778869628906
0:00:53.864469, 0.7499812245368958, 9.999974250793457, 90.0, 0.0, 110.17486572265625
0:00:53.958732, 0.7499821186065674, 9.999974250793457, 90.0, 0.0, 110.62722778320312
0:00:54.049796, 0.749983012676239, 9.999974250793457, 90.0, 0.0, 111.07958984375
0:00:54.128153, 0.7499837279319763, 9.999974250793457, 90.0, 0.0, 111.47069549560547
0:00:54.235324, 0.7499845623970032, 9.999974250793457, 90.0, 0.0, 111.92777252197266
0:00:54.344519, 0.7499855160713196, 9.999974250793457, 90.0, 0.0, 112.44610595703125
0:00:54.453042, 0.7499864101409912, 9.999974250793457, 90.0, 0.0, 112.95972442626953
0:00:54.532518, 0.7499868869781494, 9.999974250793457, 90.0, 0.0, 113.350830078125
0:00:54.623701, 0.7499874234199524, 9.999974250793457, 90.0, 0.0, 113.80319213867188
0:00:54.732963, 0.7499879598617554, 9.999974250793457, 90.0, 0.0, 114.31681060791016
0:00:54.827263, 0.7499883770942688, 9.999974250793457, 90.0, 0.0, 114.70791625976562
0:00:54.921987, 0.749988853931427, 9.999974250793457, 90.0, 0.0, 115.16499328613281
0:00:55.017156, 0.7499892711639404, 9.999974250793457, 90.0, 0.0, 115.61735534667969
0:00:55.125927, 0.7499898076057434, 9.999974250793457, 90.0, 0.0, 116.13568878173828
0:00:55.204950, 0.7499901652336121, 9.999974250793457, 90.0, 0.0, 116.53153228759766
0:00:55.298946, 0.7499905824661255, 9.999974250793457, 90.0, 0.0, 116.98392486572266
0:00:55.407025, 0.7499909996986389, 9.999974250793457, 90.0, 0.0, 117.43632507324219
0:00:55.491810, 0.7499914169311523, 9.999974250793457, 90.0, 0.0, 117.89814758300781
0:00:55.612996, 0.7499919533729553, 9.999974250793457, 90.0, 0.0, 118.47306823730469
0:00:55.706537, 0.749992311000824, 9.999974250793457, 90.0, 0.0, 118.86420440673828
0:00:55.800509, 0.7499927282333374, 9.999974250793457, 90.0, 0.0, 119.3213119506836
0:00:55.894323, 0.7499931454658508, 9.999974250793457, 90.0, 0.0, 119.7784194946289
0:00:55.972304, 0.7499935030937195, 9.999974250793457, 90.0, 0.0, 120.17426300048828
0:00:56.082264, 0.7499939203262329, 9.999974250793457, 90.0, 0.0, 120.62666320800781
0:00:56.175458, 0.7499943375587463, 9.999974250793457, 90.0, 0.0, 121.08377075195312
0:00:56.268309, 0.7499947547912598, 9.999974250793457, 90.0, 0.0, 121.54087829589844
0:00:56.363044, 0.7499951720237732, 9.999974250793457, 90.0, 0.0, 121.99327850341797
0:00:56.440199, 0.7499954700469971, 9.999974250793457, 90.0, 0.0, 122.37970733642578
0:00:56.550717, 0.7499956488609314, 9.999974250793457, 90.0, 0.0, 122.8368148803711
0:00:56.649775, 0.749995768070221, 9.999974250793457, 90.0, 0.0, 123.28921508789062
0:00:56.731311, 0.7499958276748657, 9.999974250793457, 90.0, 0.0, 123.74161529541016
0:00:56.836373, 0.7499958872795105, 9.999974250793457, 90.0, 0.0, 124.19401550292969
0:00:56.932137, 0.7499959468841553, 9.999974250793457, 90.0, 0.0, 124.64641571044922
0:00:57.021713, 0.7499960064888, 9.999974250793457, 90.0, 0.0, 125.09881591796875
0:00:57.101788, 0.7499960660934448, 9.999974250793457, 90.0, 0.0, 125.48524475097656
0:00:57.209056, 0.7499961256980896, 9.999974250793457, 90.0, 0.0, 126.00361633300781
0:00:57.304277, 0.7499961853027344, 9.999974250793457, 90.0, 0.0, 126.39004516601562
0:00:57.398282, 0.7499962449073792, 9.999974250793457, 90.0, 0.0, 126.84715270996094
0:00:57.491180, 0.7499963045120239, 9.999974250793457, 90.0, 0.0, 127.30426025390625
0:00:57.585202, 0.7499963641166687, 9.999974250793457, 90.0, 0.0, 127.76608276367188
0:00:57.665255, 0.7499964237213135, 9.999974250793457, 90.0, 0.0, 128.1572265625
0:00:57.775871, 0.7499964833259583, 9.999974250793457, 90.0, 0.0, 128.60963439941406
0:00:57.868555, 0.749996542930603, 9.999974250793457, 90.0, 0.0, 129.06675720214844
0:00:57.963658, 0.749996542930603, 9.999974250793457, 90.0, 0.0, 129.5238800048828
0:00:58.054669, 0.749996542930603, 9.999974250793457, 90.0, 0.0, 129.97628784179688
0:00:58.150270, 0.749996542930603, 9.999974250793457, 90.0, 0.0, 130.3721466064453
0:00:58.243892, 0.749996542930603, 9.999974250793457, 90.0, 0.0, 130.833984375
0:00:58.337899, 0.749996542930603, 9.999974250793457, 90.0, 0.0, 131.28167724609375
0:00:58.431922, 0.749996542930603, 9.999974250793457, 90.0, 0.0, 131.73880004882812
0:00:58.527704, 0.749996542930603, 9.999974250793457, 90.0, 0.0, 132.1959228515625
0:00:58.619641, 0.749996542930603, 9.999974250793457, 90.0, 0.0, 132.65304565429688
0:00:58.713528, 0.749996542930603, 9.999974250793457, 90.0, 0.0, 133.044189453125
0:00:58.807464, 0.749996542930603, 9.999974250793457, 90.0, 0.0, 133.5060272216797
0:00:58.899708, 0.749996542930603, 9.999974250793457, 90.0, 0.0, 133.96315002441406
0:00:59.002513, 0.749996542930603, 9.999974250793457, 90.0, 0.0, 134.41555786132812
0:00:59.089501, 0.749996542930603, 9.999974250793457, 90.0, 0.0, 134.8679656982422
0:00:59.182828, 0.749996542930603, 9.999974250793457, 90.0, 0.0, 135.2591094970703
0:00:59.274361, 0.749996542930603, 9.999974250793457, 90.0, 0.0, 135.7162322998047
0:00:59.366745, 0.749996542930603, 9.999974250793457, 90.0, 0.0, 136.16392517089844
0:00:59.447509, 0.749996542930603, 9.999974250793457, 90.0, 0.0, 136.55978393554688
0:00:59.554420, 0.749996542930603, 9.999974250793457, 90.0, 0.0, 137.01690673828125
0:00:59.646081, 0.749996542930603, 9.999974250793457, 90.0, 0.0, 137.4693145751953
0:00:59.739309, 0.7499966025352478, 9.999974250793457, 90.0, 0.0, 137.9264373779297
0:00:59.831464, 0.7499966621398926, 9.999974250793457, 90.0, 0.0, 138.32701110839844
0:00:59.924991, 0.7499967217445374, 9.999974250793457, 90.0, 0.0, 138.78884887695312
0:01:00.016948, 0.7499967217445374, 9.999974250793457, 90.0, 0.0, 139.18470764160156
0:01:00.109881, 0.7499967217445374, 9.999974250793457, 90.0, 0.0, 139.63711547851562
0:01:00.220430, 0.7499967217445374, 9.999974250793457, 90.0, 0.0, 140.16021728515625
0:01:00.315231, 0.7499967217445374, 9.999974250793457, 90.0, 0.0, 140.61734008789062
0:01:00.408264, 0.7499967217445374, 9.999974250793457, 90.0, 0.0, 141.074462890625
0:01:00.500717, 0.7499967217445374, 9.999974250793457, 90.0, 0.0, 141.46560668945312
0:01:00.646600, 0.7499967217445374, 9.999974250793457, 90.0, 0.0, 142.17250061035156
0:01:00.738592, 0.7499967217445374, 9.999974250793457, 90.0, 0.0, 142.62490844726562
0:01:00.832079, 0.7499967217445374, 9.999974250793457, 90.0, 0.0, 143.08203125
0:01:00.924448, 0.7499967217445374, 9.999974250793457, 90.0, 0.0, 143.47317504882812
0:01:01.018037, 0.7499967217445374, 9.999974250793457, 90.0, 0.0, 143.9255828857422
0:01:01.112917, 0.7499967217445374, 9.999974250793457, 90.0, 0.0, 144.38742065429688
0:01:01.206413, 0.7499967217445374, 9.999974250793457, 90.0, 0.0, 144.84454345703125
0:01:01.302869, 0.7499967217445374, 9.999974250793457, 90.0, 0.0, 145.2404022216797
0:01:01.395140, 0.7499967217445374, 9.999974250793457, 90.0, 0.0, 145.69281005859375
0:01:01.487925, 0.7499967217445374, 9.999974250793457, 90.0, 0.0, 146.14993286132812
0:01:01.565206, 0.7499967217445374, 9.999974250793457, 90.0, 0.0, 146.54107666015625
0:01:01.673501, 0.7499967217445374, 9.999974250793457, 90.0, 0.0, 147.05474853515625
0:01:01.782553, 0.7499967217445374, 9.999974250793457, 90.0, 0.0, 147.51187133789062
0:01:01.878982, 0.7499967217445374, 9.999974250793457, 90.0, 0.0, 147.968994140625
0:01:01.984579, 0.7499967217445374, 9.999974250793457, 90.0, 0.0, 148.482666015625
0:01:02.081735, 0.7499967217445374, 9.999974250793457, 90.0, 0.0, 148.93978881835938
0:01:02.189377, 0.7499967217445374, 9.999974250793457, 90.0, 0.0, 149.4581756591797
0:01:02.252372, 0.7499967217445374, 9.999974250793457, 90.0, 0.0, 149.78805541992188
0:01:02.347791, 0.7499967217445374, 9.999974250793457, 90.0, 0.0, 150.24046325683594
0:01:02.443303, 0.7499967217445374, 9.999974250793457, 90.0, 0.0, 150.69287109375
0:01:02.539298, 0.7499967217445374, 9.999974250793457, 90.0, 0.0, 151.14999389648438
0:01:02.647089, 0.7499967217445374, 9.999974250793457, 90.0, 0.0, 151.60240173339844
0:01:15.935332, 0.0, 0.0, 90.0, 0.0, 0.0
0:01:16.057918, 0.03919916972517967, 1.0212738513946533, 90.0, 0.0, 0.011634310707449913
0:01:16.136914, 0.0722837895154953, 1.8403569459915161, 90.0, 0.0, 0.04355766624212265
0:01:16.231879, 0.10350260883569717, 2.5771758556365967, 90.0, 0.0, 0.09421494603157043
0:01:16.341233, 0.13359418511390686, 3.254322052001953, 90.0, 0.0, 0.16374994814395905
0:01:16.435593, 0.16228514909744263, 3.8696954250335693, 90.0, 0.0, 0.2508857846260071
0:01:16.528894, 0.18964065611362457, 4.42893123626709, 90.0, 0.0, 0.354803204536438
0:01:16.623980, 0.2159917652606964, 4.9422807693481445, 90.0, 0.0, 0.4760545790195465
0:01:16.718135, 0.24059072136878967, 5.398993968963623, 90.0, 0.0, 0.6098995804786682
0:01:16.812417, 0.26454585790634155, 5.8229570388793945, 90.0, 0.0, 0.7612593173980713
0:01:16.905500, 0.28737419843673706, 6.207841396331787, 90.0, 0.0, 0.9267795085906982
0:01:16.999659, 0.30890703201293945, 6.553770065307617, 90.0, 0.0, 1.1038669347763062
0:01:17.093888, 0.3298611342906952, 6.874495029449463, 90.0, 0.0, 1.2976515293121338
0:01:17.185929, 0.346795916557312, 7.1222076416015625, 90.0, 0.0, 1.4712588787078857
0:01:17.282692, 0.3657567501068115, 7.387383937835693, 90.0, 0.0, 1.6853793859481812
0:01:17.357939, 0.3812446594238281, 7.594447612762451, 90.0, 0.0, 1.8771685361862183
0:01:17.467603, 0.4008697271347046, 7.844499588012695, 90.0, 0.0, 2.1442031860351562
0:01:17.560287, 0.4172877371311188, 8.043119430541992, 90.0, 0.0, 2.390277862548828
0:01:17.637329, 0.43069830536842346, 8.198205947875977, 90.0, 0.0, 2.608171224594116
0:01:17.748176, 0.44586673378944397, 8.365890502929688, 90.0, 0.0, 2.8746609687805176
0:01:17.844160, 0.4620524048805237, 8.535748481750488, 90.0, 0.0, 3.1849162578582764
0:01:17.953537, 0.47737663984298706, 8.687950134277344, 90.0, 0.0, 3.505995750427246
0:01:18.045625, 0.48849692940711975, 8.793157577514648, 90.0, 0.0, 3.75738263130188
0:01:18.138870, 0.500793993473053, 8.904358863830566, 90.0, 0.0, 4.05524206161499
0:01:18.232789, 0.5126324892044067, 9.006325721740723, 90.0, 0.0, 4.363576412200928
0:01:18.325316, 0.5223147869110107, 9.086006164550781, 90.0, 0.0, 4.633033275604248
0:01:18.418650, 0.533130943775177, 9.17106819152832, 90.0, 0.0, 4.954214096069336
0:01:18.512592, 0.5434333086013794, 9.248211860656738, 90.0, 0.0, 5.2818522453308105
0:01:18.606267, 0.5532463192939758, 9.318178176879883, 90.0, 0.0, 5.615641117095947
0:01:18.699646, 0.5625932812690735, 9.381634712219238, 90.0, 0.0, 5.955285549163818
0:01:18.793811, 0.5702376961708069, 9.431220054626465, 90.0, 0.0, 6.2503509521484375
0:01:18.887739, 0.5786908864974976, 9.48362922668457, 90.0, 0.0, 6.596513271331787
0:01:18.981419, 0.5868290066719055, 9.531685829162598, 90.0, 0.0, 6.951349258422852
0:01:19.076056, 0.5945020318031311, 9.574837684631348, 90.0, 0.0, 7.307315826416016
0:01:19.169832, 0.6018142700195312, 9.614013671875, 90.0, 0.0, 7.667816638946533
0:01:19.261476, 0.6078588366508484, 9.644965171813965, 90.0, 0.0, 7.982986927032471
0:01:19.355421, 0.6146795153617859, 9.678335189819336, 90.0, 0.0, 8.359089851379395
0:01:19.449783, 0.6210429072380066, 9.707974433898926, 90.0, 0.0, 8.731514930725098
0:01:19.541478, 0.6271070837974548, 9.734884262084961, 90.0, 0.0, 9.107698440551758
0:01:19.635317, 0.6321199536323547, 9.756142616271973, 90.0, 0.0, 9.435833930969238
0:01:19.731916, 0.6377199292182922, 9.778838157653809, 90.0, 0.0, 9.822563171386719
0:01:19.824493, 0.6429998874664307, 9.799216270446777, 90.0, 0.0, 10.208602905273438
0:01:19.901350, 0.6473643779754639, 9.815317153930664, 90.0, 0.0, 10.54488468170166
0:01:19.994312, 0.6521908044815063, 9.8323335647583, 90.0, 0.0, 10.936623573303223
0:01:20.090314, 0.6567903161048889, 9.847782135009766, 90.0, 0.0, 11.331214904785156
0:01:20.200324, 0.661173403263092, 9.861807823181152, 90.0, 0.0, 11.728523254394531
0:01:20.295403, 0.6653503775596619, 9.874540328979492, 90.0, 0.0, 12.128421783447266
0:01:20.376402, 0.668803334236145, 9.884600639343262, 90.0, 0.0, 12.47615909576416
0:01:20.469977, 0.6726215481758118, 9.895233154296875, 90.0, 0.0, 12.880566596984863
0:01:20.564480, 0.676260232925415, 9.904887199401855, 90.0, 0.0, 13.287230491638184
0:01:20.662484, 0.6797277927398682, 9.913651466369629, 90.0, 0.0, 13.696044921875
0:01:20.755474, 0.6830323934555054, 9.921608924865723, 90.0, 0.0, 14.106908798217773
0:01:20.851472, 0.6861815452575684, 9.928832054138184, 90.0, 0.0, 14.51972484588623
0:01:20.941465, 0.6887847781181335, 9.934538841247559, 90.0, 0.0, 14.878141403198242
0:01:21.032474, 0.6916339993476868, 9.940509796142578, 90.0, 0.0, 15.290014266967773
0:01:21.128470, 0.694378674030304, 9.945991516113281, 90.0, 0.0, 15.707913398742676
0:01:21.222686, 0.6969942450523376, 9.950967788696289, 90.0, 0.0, 16.12743377685547
0:01:21.314011, 0.6994613409042358, 9.95544147491455, 90.0, 0.0, 16.544109344482422
0:01:21.392844, 0.7015228271484375, 9.959014892578125, 90.0, 0.0, 16.909332275390625
0:01:21.502372, 0.7038257122039795, 9.96282958984375, 90.0, 0.0, 17.337493896484375
0:01:21.597462, 0.7059969902038574, 9.966255187988281, 90.0, 0.0, 17.762598037719727
0:01:21.691070, 0.7080874443054199, 9.969396591186523, 90.0, 0.0, 18.193429946899414
0:01:21.783939, 0.7100986838340759, 9.972273826599121, 90.0, 0.0, 18.62997055053711
0:01:21.886161, 0.7119942307472229, 9.974853515625, 90.0, 0.0, 19.063251495361328
0:01:21.974179, 0.7135261297225952, 9.976846694946289, 90.0, 0.0, 19.430418014526367
0:01:22.069154, 0.7152413129806519, 9.978979110717773, 90.0, 0.0, 19.86125373840332
0:01:22.162218, 0.7168759107589722, 9.980916976928711, 90.0, 0.0, 20.29310417175293
0:01:22.255766, 0.7184335589408875, 9.982674598693848, 90.0, 0.0, 20.725919723510742
0:01:22.350015, 0.7199180126190186, 9.984270095825195, 90.0, 0.0, 21.159656524658203
0:01:22.429037, 0.7211450934410095, 9.985530853271484, 90.0, 0.0, 21.535364151000977
0:01:22.537408, 0.722515881061554, 9.986878395080566, 90.0, 0.0, 21.975242614746094
0:01:22.631900, 0.7238346934318542, 9.988113403320312, 90.0, 0.0, 22.42048454284668
0:01:22.723692, 0.7250776886940002, 9.989219665527344, 90.0, 0.0, 22.861967086791992
0:01:22.817153, 0.7261063456535339, 9.990093231201172, 90.0, 0.0, 23.244884490966797
0:01:22.912614, 0.7272299528121948, 9.991006851196289, 90.0, 0.0, 23.683155059814453
0:01:23.004964, 0.7283117175102234, 9.991844177246094, 90.0, 0.0, 24.126665115356445
0:01:23.099351, 0.7293316721916199, 9.992595672607422, 90.0, 0.0, 24.566240310668945
0:01:23.192186, 0.7303135991096497, 9.9932861328125, 90.0, 0.0, 25.011003494262695
0:01:23.285684, 0.7311165928840637, 9.99382495880127, 90.0, 0.0, 25.39204216003418
0:01:23.380449, 0.7320135831832886, 9.994400978088379, 90.0, 0.0, 25.83786964416504
0:01:23.474224, 0.7328680753707886, 9.994922637939453, 90.0, 0.0, 26.28423309326172
0:01:23.567764, 0.7336819171905518, 9.995394706726074, 90.0, 0.0, 26.73110580444336
0:01:23.646427, 0.7343474626541138, 9.99576473236084, 90.0, 0.0, 27.11387062072754
0:01:23.753886, 0.7350834608078003, 9.996155738830566, 90.0, 0.0, 27.557008743286133
0:01:23.847524, 0.7357921004295349, 9.996514320373535, 90.0, 0.0, 28.005207061767578
0:01:23.941585, 0.7364601492881775, 9.996835708618164, 90.0, 0.0, 28.449201583862305
0:01:24.034930, 0.7370903491973877, 9.997124671936035, 90.0, 0.0, 28.888959884643555
0:01:24.112339, 0.7376169562339783, 9.997355461120605, 90.0, 0.0, 29.273469924926758
0:01:24.221050, 0.7381992936134338, 9.997599601745605, 90.0, 0.0, 29.718542098999023
0:01:24.332221, 0.7389111518859863, 9.997880935668945, 90.0, 0.0, 30.293933868408203
0:01:24.409120, 0.7392884492874146, 9.99802303314209, 90.0, 0.0, 30.614347457885742
0:01:24.500465, 0.7397921681404114, 9.998204231262207, 90.0, 0.0, 31.060409545898438
0:01:24.609376, 0.7403353452682495, 9.998390197753906, 90.0, 0.0, 31.567232131958008
0:01:24.687469, 0.7407295107841492, 9.998518943786621, 90.0, 0.0, 31.953407287597656
0:01:24.796882, 0.7411654591560364, 9.998655319213867, 90.0, 0.0, 32.40031433105469
0:01:24.893624, 0.7415808439254761, 9.998779296875, 90.0, 0.0, 32.84748458862305
0:01:24.986023, 0.7419767379760742, 9.998891830444336, 90.0, 0.0, 33.294898986816406
0:01:25.079815, 0.7423540353775024, 9.998993873596191, 90.0, 0.0, 33.74254608154297
0:01:25.173234, 0.7427172064781189, 9.999088287353516, 90.0, 0.0, 34.1950798034668
0:01:25.252192, 0.7430142760276794, 9.999161720275879, 90.0, 0.0, 34.582481384277344
0:01:25.362734, 0.7433860898017883, 9.999248504638672, 90.0, 0.0, 35.09146499633789
0:01:25.484481, 0.7437411546707153, 9.999326705932617, 90.0, 0.0, 35.60536193847656
0:01:25.578957, 0.7440385222434998, 9.9993896484375, 90.0, 0.0, 36.05872344970703
0:01:25.670069, 0.7443216443061829, 9.9994478225708, 90.0, 0.0, 36.51226806640625
0:01:25.764422, 0.744591474533081, 9.99949836730957, 90.0, 0.0, 36.96598434448242
0:01:25.861543, 0.7448431849479675, 9.999543190002441, 90.0, 0.0, 37.410499572753906
0:01:25.967305, 0.745120108127594, 9.999590873718262, 90.0, 0.0, 37.92538070678711
0:01:26.267786, 0.7457956671714783, 9.99969482421875, 90.0, 0.0, 39.31647491455078
0:01:26.379792, 0.7460195422172546, 9.999726295471191, 90.0, 0.0, 39.82731246948242
0:01:26.458796, 0.7461819052696228, 9.999749183654785, 90.0, 0.0, 40.216400146484375
0:01:26.554786, 0.7463613748550415, 9.999771118164062, 90.0, 0.0, 40.666534423828125
0:01:26.648304, 0.7465324401855469, 9.999792098999023, 90.0, 0.0, 41.11677169799805
0:01:26.757685, 0.7466937899589539, 9.999812126159668, 90.0, 0.0, 41.56242370605469
0:01:26.850896, 0.746850848197937, 9.999828338623047, 90.0, 0.0, 42.01755142211914
0:01:26.963736, 0.7469989657402039, 9.999842643737793, 90.0, 0.0, 42.46807861328125
0:01:27.042727, 0.747140109539032, 9.999856948852539, 90.0, 0.0, 42.91869354248047
0:01:27.138476, 0.7472731471061707, 9.999870300292969, 90.0, 0.0, 43.36469650268555
0:01:27.235934, 0.7474013566970825, 9.999883651733398, 90.0, 0.0, 43.81547164916992
0:01:27.326769, 0.7475236058235168, 9.999894142150879, 90.0, 0.0, 44.26632308959961
0:01:27.418461, 0.7476412057876587, 9.999902725219727, 90.0, 0.0, 44.721946716308594
0:01:27.513461, 0.7477521300315857, 9.999910354614258, 90.0, 0.0, 45.172943115234375
0:01:27.607347, 0.7478578686714172, 9.999917984008789, 90.0, 0.0, 45.62400436401367
0:01:27.718323, 0.7479596138000488, 9.999924659729004, 90.0, 0.0, 46.079830169677734
0:01:27.812255, 0.7480555772781372, 9.999931335449219, 90.0, 0.0, 46.531009674072266
0:01:27.906263, 0.7481479048728943, 9.999938011169434, 90.0, 0.0, 46.9869499206543
0:01:27.999203, 0.7482358813285828, 9.999944686889648, 90.0, 0.0, 47.44294738769531
0:01:28.094750, 0.7483188509941101, 9.999951362609863, 90.0, 0.0, 47.89429473876953
0:01:28.158745, 0.7483760714530945, 9.999956130981445, 90.0, 0.0, 48.21873092651367
0:01:28.268275, 0.748452365398407, 9.99996280670166, 90.0, 0.0, 48.6701545715332
0:01:28.361453, 0.748525857925415, 9.99996566772461, 90.0, 0.0, 49.12632751464844
0:01:28.469123, 0.7486042380332947, 9.999966621398926, 90.0, 0.0, 49.63899230957031
0:01:28.563106, 0.7486705780029297, 9.999967575073242, 90.0, 0.0, 50.09526062011719
0:01:28.656144, 0.7487338185310364, 9.999968528747559, 90.0, 0.0, 50.55156707763672
0:01:28.751851, 0.748793363571167, 9.999969482421875, 90.0, 0.0, 51.003211975097656
0:01:28.898045, 0.7488724589347839, 9.999970436096191, 90.0, 0.0, 51.63839340209961
0:01:28.955267, 0.748904287815094, 9.999971389770508, 90.0, 0.0, 51.90659713745117
0:01:29.062770, 0.7489625811576843, 9.999971389770508, 90.0, 0.0, 52.41951370239258
0:01:29.157118, 0.7490113973617554, 9.999971389770508, 90.0, 0.0, 52.87128829956055
0:01:29.236500, 0.7490512728691101, 9.999971389770508, 90.0, 0.0, 53.257205963134766
0:01:29.330626, 0.7490959167480469, 9.999972343444824, 90.0, 0.0, 53.70903396606445
0:01:29.410658, 0.7470933198928833, 9.999972343444824, 90.0, 0.0, 54.09925079345703
0:01:29.503701, 0.7448787689208984, 9.999972343444824, 90.0, 0.0, 54.549312591552734
0:01:29.601344, 0.7427683472633362, 9.999972343444824, 90.0, 0.0, 54.9980583190918
0:01:29.705105, 0.7242982983589172, 9.999972343444824, 90.0, 0.0, 55.4412727355957
0:01:29.799844, 0.690237820148468, 9.999972343444824, 90.0, 0.0, 55.86928939819336
0:01:29.893704, 0.6577791571617126, 9.999972343444824, 90.0, 0.0, 56.27717971801758
0:01:29.988602, 0.6265314221382141, 9.999972343444824, 90.0, 0.0, 56.66984558105469
0:01:30.081158, 0.6009749174118042, 9.999972343444824, 90.0, 0.0, 56.99099349975586
0:01:30.174124, 0.5724250078201294, 9.99997329711914, 90.0, 0.0, 57.349761962890625
0:01:30.267677, 0.5455065965652466, 9.99997329711914, 90.0, 0.0, 57.68803024291992
0:01:30.365181, 0.519853949546814, 9.99997329711914, 90.0, 0.0, 58.01039123535156
0:01:30.454190, 0.4951583445072174, 9.99997329711914, 90.0, 0.0, 58.32072448730469
0:01:30.548932, 0.4752000570297241, 9.99997329711914, 90.0, 0.0, 58.571529388427734
0:01:30.645767, 0.45285359025001526, 9.99997329711914, 90.0, 0.0, 58.85234451293945
0:01:30.737088, 0.43155795335769653, 9.99997329711914, 90.0, 0.0, 59.11995315551758
0:01:30.830381, 0.41126376390457153, 9.99997329711914, 90.0, 0.0, 59.37498092651367
0:01:30.924594, 0.3917262554168701, 9.999974250793457, 90.0, 0.0, 59.62049865722656
0:01:31.018653, 0.37311726808547974, 9.999974250793457, 90.0, 0.0, 59.854347229003906
0:01:31.104620, 0.3577171266078949, 9.999974250793457, 90.0, 0.0, 60.04787063598633
0:01:31.237607, 0.3364783227443695, 9.999974250793457, 90.0, 0.0, 60.314762115478516
0:01:31.329323, 0.32065528631210327, 9.999974250793457, 90.0, 0.0, 60.51360321044922
0:01:31.438744, 0.3035903871059418, 9.999974250793457, 90.0, 0.0, 60.72804641723633
0:01:31.514950, 0.2912067472934723, 9.999974250793457, 90.0, 0.0, 60.883663177490234
0:01:31.622819, 0.27570903301239014, 9.999974250793457, 90.0, 0.0, 61.07841110229492
0:01:31.716010, 0.26432937383651733, 9.999974250793457, 90.0, 0.0, 61.22140884399414
0:01:31.815472, 0.2500097453594208, 9.999974250793457, 90.0, 0.0, 61.4013557434082
0:01:31.905826, 0.2398117184638977, 9.999974250793457, 90.0, 0.0, 61.52950668334961
0:01:31.999071, 0.22853446006774902, 9.999974250793457, 90.0, 0.0, 61.67121887207031
0:01:32.079031, 0.21921242773532867, 9.999974250793457, 90.0, 0.0, 61.78836441040039
0:01:32.185644, 0.20879851281642914, 9.999974250793457, 90.0, 0.0, 61.919227600097656
0:01:32.279990, 0.19887933135032654, 9.999974250793457, 90.0, 0.0, 62.04387664794922
0:01:32.372694, 0.18952696025371552, 9.999974250793457, 90.0, 0.0, 62.161399841308594
0:01:32.465633, 0.18052347004413605, 9.999974250793457, 90.0, 0.0, 62.27454376220703
0:01:32.545950, 0.17324712872505188, 9.999974250793457, 90.0, 0.0, 62.3659782409668
0:01:32.651752, 0.16510023176670074, 9.999974250793457, 90.0, 0.0, 62.468353271484375
0:01:32.745547, 0.15725713968276978, 9.999974250793457, 90.0, 0.0, 62.56691360473633
0:01:32.821748, 0.15076661109924316, 9.999974250793457, 90.0, 0.0, 62.64847183227539
0:01:32.931440, 0.14367686212062836, 9.999974250793457, 90.0, 0.0, 62.73755645751953
0:01:33.025008, 0.1369204968214035, 9.999974250793457, 90.0, 0.0, 62.82245635986328
0:01:33.119034, 0.13041609525680542, 9.999974250793457, 90.0, 0.0, 62.904197692871094
0:01:33.213389, 0.1242833286523819, 9.999974250793457, 90.0, 0.0, 62.981266021728516
0:01:33.306322, 0.11843885481357574, 9.999974250793457, 90.0, 0.0, 63.05470657348633
0:01:33.398728, 0.11355037987232208, 9.999974250793457, 90.0, 0.0, 63.11613082885742
0:01:33.511755, 0.10745304822921753, 9.999974250793457, 90.0, 0.0, 63.192752838134766
0:01:33.587812, 0.10307005792856216, 9.999974250793457, 90.0, 0.0, 63.24782943725586
0:01:33.666505, 0.09891562163829803, 9.999974250793457, 90.0, 0.0, 63.30003356933594
0:01:33.761668, 0.09426414966583252, 9.999974250793457, 90.0, 0.0, 63.35848617553711
0:01:33.867064, 0.0898314043879509, 9.999974250793457, 90.0, 0.0, 63.4141845703125
0:01:34.054751, 0.08170481771230698, 9.999974250793457, 90.0, 0.0, 63.516300201416016
0:01:34.058751, 0.08105117827653885, 9.999974250793457, 90.0, 0.0, 63.524513244628906
0:01:34.167745, 0.07723971456289291, 9.999974250793457, 90.0, 0.0, 63.57241439819336
0:01:34.261744, 0.07360748946666718, 9.999974250793457, 90.0, 0.0, 63.61806106567383
0:01:34.372743, 0.06969016790390015, 9.999974250793457, 90.0, 0.0, 63.66728973388672
0:01:34.467747, 0.06641296297311783, 9.999974250793457, 90.0, 0.0, 63.70846939086914
0:01:34.561743, 0.06328991800546646, 9.999974250793457, 90.0, 0.0, 63.74771499633789
0:01:34.655741, 0.06031367927789688, 9.999974250793457, 90.0, 0.0, 63.78511428833008
0:01:34.748430, 0.057477403432130814, 9.999974250793457, 90.0, 0.0, 63.82075500488281
0:01:34.844466, 0.05477450415492058, 9.999974250793457, 90.0, 0.0, 63.85471725463867
0:01:34.936276, 0.05254022032022476, 9.999974250793457, 90.0, 0.0, 63.88279342651367
0:01:35.030938, 0.05006949231028557, 9.999974250793457, 90.0, 0.0, 63.91383743286133
0:01:35.123886, 0.04766688868403435, 9.999974250793457, 90.0, 0.0, 63.944026947021484
0:01:35.218318, 0.04542537033557892, 9.999974250793457, 90.0, 0.0, 63.972190856933594
0:01:35.298020, 0.0435505136847496, 9.999974250793457, 90.0, 0.0, 63.99575424194336
0:01:35.407264, 0.041502565145492554, 9.999974250793457, 90.0, 0.0, 64.021484375
0:01:35.502463, 0.039550889283418655, 9.999974250793457, 90.0, 0.0, 64.04601287841797
0:01:35.596150, 0.03765302151441574, 9.999974250793457, 90.0, 0.0, 64.06986236572266
0:01:35.709382, 0.03586431220173836, 9.999974250793457, 90.0, 0.0, 64.09233093261719
0:01:35.797384, 0.03417780250310898, 9.999974250793457, 90.0, 0.0, 64.11351776123047
0:01:35.864634, 0.032800208777189255, 9.999974250793457, 90.0, 0.0, 64.13082122802734
0:01:35.957348, 0.03125777095556259, 9.999974250793457, 90.0, 0.0, 64.15020751953125
0:01:36.068853, 0.029772894456982613, 9.999974250793457, 90.0, 0.0, 64.16887664794922
0:01:36.151745, 0.028372833505272865, 9.999974250793457, 90.0, 0.0, 64.18647003173828
0:01:36.272437, 0.02684934064745903, 9.999974250793457, 90.0, 0.0, 64.20561218261719
0:01:36.366019, 0.02558675967156887, 9.999974250793457, 90.0, 0.0, 64.22148132324219
0:01:36.461445, 0.024371260777115822, 9.999974250793457, 90.0, 0.0, 64.23675537109375
0:01:36.539363, 0.023353595286607742, 9.999974250793457, 90.0, 0.0, 64.24954223632812
0:01:36.649525, 0.022244185209274292, 9.999974250793457, 90.0, 0.0, 64.26348114013672
0:01:36.748112, 0.021187474951148033, 9.999974250793457, 90.0, 0.0, 64.27674865722656
0:01:36.837951, 0.02017078921198845, 9.999974250793457, 90.0, 0.0, 64.28952026367188
0:01:36.931351, 0.019212575629353523, 9.999974250793457, 90.0, 0.0, 64.30155944824219
0:01:37.024953, 0.01842888630926609, 9.999974250793457, 90.0, 0.0, 64.31141662597656
0:01:37.119635, 0.017544571310281754, 9.999974250793457, 90.0, 0.0, 64.3225326538086
0:01:37.213803, 0.016719544306397438, 9.999974250793457, 90.0, 0.0, 64.33290100097656
0:01:37.306870, 0.01592528261244297, 9.999974250793457, 90.0, 0.0, 64.34288024902344
0:01:37.384257, 0.015267995186150074, 9.999974250793457, 90.0, 0.0, 64.35114288330078
0:01:37.495090, 0.014550021849572659, 9.999974250793457, 90.0, 0.0, 64.36016082763672
0:01:37.586160, 0.013858833350241184, 9.999974250793457, 90.0, 0.0, 64.36883544921875
0:01:37.680830, 0.013207127340137959, 9.999974250793457, 90.0, 0.0, 64.37702178955078
0:01:37.760755, 0.01265564002096653, 9.999974250793457, 90.0, 0.0, 64.38394927978516
0:01:37.868062, 0.01205443311482668, 9.999974250793457, 90.0, 0.0, 64.3915023803711
0:01:37.962738, 0.011487576179206371, 9.999974250793457, 90.0, 0.0, 64.39862823486328
0:01:38.058567, 0.01094185933470726, 9.999974250793457, 90.0, 0.0, 64.40548706054688
0:01:38.135030, 0.010495542548596859, 9.999974250793457, 90.0, 0.0, 64.41109466552734
0:01:38.242219, 0.01000199280679226, 9.999974250793457, 90.0, 0.0, 64.41729736328125
0:01:38.335524, 0.00952684786170721, 9.999974250793457, 90.0, 0.0, 64.42326354980469
0:01:38.429087, 0.009074274450540543, 9.999974250793457, 90.0, 0.0, 64.4289321899414
0:01:38.523033, 0.008643201552331448, 9.999974250793457, 90.0, 0.0, 64.43434143066406
0:01:38.616432, 0.008286467753350735, 9.999974250793457, 90.0, 0.0, 64.43882751464844
0:01:38.711739, 0.007896799594163895, 9.999974250793457, 90.0, 0.0, 64.4437255859375
0:01:38.806345, 0.007521661464124918, 9.999974250793457, 90.0, 0.0, 64.44844055175781
0:01:38.898457, 0.007164350710809231, 9.999974250793457, 90.0, 0.0, 64.45292663574219
0:01:38.993003, 0.006827448960393667, 9.999974250793457, 90.0, 0.0, 64.45716094970703
0:01:39.085933, 0.006548952776938677, 9.999974250793457, 90.0, 0.0, 64.46066284179688
0:01:39.181337, 0.0061941794119775295, 9.999974250793457, 90.0, 0.0, 64.46512603759766
0:01:39.286619, 0.005941520445048809, 9.999974250793457, 90.0, 0.0, 64.46829986572266
0:01:39.368613, 0.005662122275680304, 9.999974250793457, 90.0, 0.0, 64.47180938720703
0:01:39.448613, 0.005428428295999765, 9.999974250793457, 90.0, 0.0, 64.47473907470703
0:01:39.560622, 0.005139532964676619, 9.999974250793457, 90.0, 0.0, 64.47837829589844
0:01:39.638613, 0.004929888527840376, 9.999974250793457, 90.0, 0.0, 64.48101043701172
0:01:39.733615, 0.004695694427937269, 9.999974250793457, 90.0, 0.0, 64.48395538330078
0:01:39.842716, 0.00447488110512495, 9.999974250793457, 90.0, 0.0, 64.48674011230469
0:01:39.937078, 0.004262302070856094, 9.999974250793457, 90.0, 0.0, 64.48941040039062
0:01:40.030643, 0.004059821832925081, 9.999974250793457, 90.0, 0.0, 64.49195098876953
0:01:40.124760, 0.0038689104840159416, 9.999974250793457, 90.0, 0.0, 64.49434661865234
0:01:40.218569, 0.003709227778017521, 9.999974250793457, 90.0, 0.0, 64.49635314941406
0:01:40.322986, 0.0035330206155776978, 9.999974250793457, 90.0, 0.0, 64.49856567382812
0:01:40.392802, 0.003388906829059124, 9.999974250793457, 90.0, 0.0, 64.50038146972656
0:01:40.470835, 0.0032490354496985674, 9.999974250793457, 90.0, 0.0, 64.50212860107422
0:01:40.579179, 0.0030761249363422394, 9.999974250793457, 90.0, 0.0, 64.50430297851562
0:01:40.688406, 0.002929993439465761, 9.999974250793457, 90.0, 0.0, 64.50614166259766
0:01:40.782372, 0.0027908042538911104, 9.999974250793457, 90.0, 0.0, 64.50788879394531
