0:01:51.638976: off 142
0:01:56.177903: freq 0
0:01:56.177903: amp 0
0:01:56.177903: off 90
0:01:56.177903: phb 0
0:02:13.942135: off 113
0:02:16.004636: off 148
0:02:20.759138: freq 0
0:02:20.759138: amp 0
0:02:20.769160: off 90
0:02:20.769160: phb 0
0:02:32.214410: off 70
0:02:32.294746: off 67
0:02:32.326036: off 25
0:02:32.341953: off 14
0:02:32.357754: off 0
0:02:37.347782: freq 0
0:02:37.347782: amp 0
0:02:37.359114: off 90
0:02:37.359114: phb 0
0:31:22.840494: freq 0
0:31:22.840494: amp 0
0:31:22.840494: off 90
0:31:22.840494: phb 0
1:14:10.931618: freq 0.45
1:14:12.337894: amp 34
1:14:17.323023: off 86
1:14:17.323023: off 66
1:14:17.338641: off 63
1:14:17.354160: off 61
1:14:17.369705: off 60
1:14:17.416638: off 56
1:14:17.447979: off 50
1:14:17.479192: off 45
1:14:17.479192: off 41
1:14:17.494719: off 38
1:14:17.510376: off 37
1:14:17.588514: off 32
1:14:17.588514: off 22
1:14:17.604207: off 19
1:14:17.619718: off 18
1:14:17.650988: off 15
1:14:17.650988: off 12
1:14:17.666564: off 11
1:14:17.682363: off 9
1:14:17.729065: off 7
1:14:17.776111: off 4
1:14:17.807217: off 0
1:14:22.182351: off 49
1:14:24.822980: amp 22
1:14:25.963470: off 64
1:21:21.384550: off 77
1:21:21.431596: off 72
1:21:21.447202: off 71
1:21:21.462763: off 69
1:21:21.478451: off 68
1:21:21.493926: off 66
1:21:21.509733: off 65
1:21:21.525323: off 61
1:21:21.540951: off 58
1:21:21.556498: off 53
1:21:21.587839: off 51
1:21:21.650340: off 34
1:21:21.650340: off 29
1:21:21.697174: off 18
1:21:21.712821: off 9
1:21:21.743945: off 6
1:21:21.775340: off 0
1:21:24.806551: off 100
1:21:26.337679: off 107
1:21:26.400345: off 104
1:21:26.415951: off 102
1:21:26.431480: off 100
1:21:26.462839: off 99
1:21:26.494024: off 94
1:21:26.509696: off 87
1:21:26.540818: off 77
1:21:26.540818: off 74
1:21:26.556588: off 66
1:21:26.572214: off 57
1:21:26.603354: off 49
1:21:26.634561: off 41
1:21:26.650358: off 33
1:21:26.681607: off 22
1:21:26.712854: off 9
1:21:26.728420: off 3
1:21:26.728420: off 1
1:21:26.744075: off 0
1:21:27.603450: phb 5.856558293066702
1:21:27.634693: phb 1.2008886889858579
1:21:27.650348: phb 1.772324055155441
1:21:27.681590: phb 2.0430395204930902
1:21:27.900331: phb 2.9293676680758787
1:21:28.181577: phb 3.302105334661698
1:21:28.244034: phb 3.31733133109908
1:21:28.259711: phb 3.363121962963461
1:21:28.275171: phb 3.409342105194905
1:21:28.290801: phb 3.452872636630095
1:21:28.306444: phb 3.478648935727574
1:21:28.322238: phb 3.5177455516678515
1:21:28.337698: phb 3.5484460121339607
1:21:28.369022: phb 3.576494596335243
1:21:28.384710: phb 3.6021827391220733
1:21:53.150197: off 97
1:21:53.244077: off 100
1:21:53.275324: off 102
1:21:53.290837: off 105
1:21:53.306568: off 107
1:21:53.322101: off 110
1:21:53.353321: off 112
1:21:53.368925: off 114
1:24:14.997867: phb 3.4937912267265303
1:24:15.029065: phb 3.473393747191227
1:24:15.044537: phb 3.4337956699290557
1:24:15.075897: phb 3.3448533467012362
1:24:15.075897: phb 3.295911571141735
1:24:15.091595: phb 3.218365003847402
1:24:15.107220: phb 3.1614575903426716
1:24:15.123304: phb 3.097036562360096
1:24:15.138808: phb 3.049826570014417
1:24:15.154558: phb 3.028307634767039
1:24:15.170229: phb 2.984990663197778
1:24:15.186674: phb 2.9441972572269473
1:24:15.202007: phb 2.9139687304952875
1:24:15.233267: phb 2.887535274715006
1:24:15.249539: phb 2.8669452737930388
1:24:15.265326: phb 2.8465918729990958
1:24:16.296587: amp 23
1:24:16.437071: amp 26
1:24:16.452789: amp 27
1:24:16.468481: amp 29
1:24:16.499708: amp 31
1:24:16.499708: amp 34
1:24:16.506467: amp 35
1:24:16.516693: amp 37
1:24:16.547541: amp 40
1:24:16.563239: amp 42
1:24:16.578864: amp 45
1:24:16.610341: amp 48
1:24:16.626097: amp 50
1:24:16.657349: amp 53
1:24:16.688494: amp 54
1:24:16.719897: amp 55
1:24:16.907765: amp 54
1:24:17.017120: amp 53
1:24:17.096230: amp 52
1:24:18.878478: off 103
1:24:19.003628: off 97
1:24:19.034867: off 93
1:24:19.034867: off 92
1:24:19.066133: off 88
1:24:19.081767: off 85
1:24:19.098426: off 84
1:24:19.113541: off 81
1:24:19.129425: off 79
1:24:19.161218: off 77
1:24:19.270620: off 76
1:24:19.348754: off 75
1:24:19.379991: off 74
1:24:19.395623: off 73
1:24:19.411198: off 72
1:24:19.426712: off 71
1:24:19.443601: off 70
1:24:19.458635: off 68
1:24:19.475270: off 67
1:24:19.490437: off 66
1:24:19.507426: off 61
1:24:25.538548: amp 51
1:24:25.663676: amp 53
1:24:25.679247: amp 54
1:24:25.694767: amp 55
1:24:25.711291: amp 56
1:24:25.726310: amp 57
1:24:25.743046: amp 58
1:24:25.759207: amp 60
1:24:25.774405: amp 62
1:24:25.806018: amp 64
1:24:25.837378: amp 66
1:24:25.853090: amp 68
1:24:25.884315: amp 70
1:24:25.900646: amp 73
1:24:25.916310: amp 74
1:24:25.947687: amp 75
1:24:25.994437: amp 77
1:24:26.026140: amp 79
1:24:26.041703: amp 80
1:24:26.104430: amp 81
1:25:45.778571: amp 35
1:25:45.903436: amp 32
1:25:45.919060: amp 29
1:25:45.950285: amp 28
1:25:45.981537: amp 25
1:25:45.997356: amp 24
1:25:46.013013: amp 23
1:25:46.013013: amp 22
1:25:46.106690: amp 21
1:25:46.153601: amp 22
2:28:47.384369: off 79
2:28:47.478168: off 109
2:28:47.493591: off 112
2:28:47.509381: off 115
2:28:47.540469: off 121
2:28:47.603847: off 131
2:28:47.603847: off 136
2:28:47.635607: off 139
2:28:47.651131: off 142
2:28:47.651131: off 143
2:28:53.939201: off 97
2:28:55.798588: off 32
2:29:00.522679: off 113
2:29:01.712429: off 58
2:29:02.290794: off 97
3:02:32.146474: freq 0.8
3:12:06.465564: off 103
3:12:06.621847: off 117
3:12:06.652997: off 118
3:12:06.668708: off 119
3:12:06.731136: off 120
3:12:06.746746: off 121
3:12:06.777979: off 122
3:12:06.856122: off 123
3:12:07.528085: amp 24
3:12:07.684335: amp 28
3:12:07.699920: amp 29
3:12:07.746789: amp 31
3:12:07.777889: amp 33
3:12:07.824912: amp 35
3:12:07.856035: amp 36
3:12:07.887295: amp 37
3:12:07.918611: amp 39
3:12:07.949895: amp 40
3:12:08.027908: amp 41
3:12:08.090498: amp 42
3:12:08.121657: amp 43
3:12:08.152996: amp 44
3:12:08.184282: amp 47
3:12:08.231165: amp 50
3:12:08.246750: amp 52
3:12:08.277980: amp 55
3:12:08.309282: amp 57
3:12:08.356177: amp 60
3:12:08.387262: amp 62
3:12:08.434294: amp 64
3:12:08.481156: amp 65
3:12:08.684149: amp 64
3:12:12.949922: off 120
3:12:13.028091: off 113
3:12:13.028091: off 109
3:12:13.043632: off 107
3:12:13.090546: off 98
3:12:13.121825: off 91
3:12:13.137360: off 81
3:12:13.184338: off 75
3:12:13.231164: off 66
3:12:13.246797: off 62
3:12:13.278040: off 60
3:12:13.309295: off 58
3:12:13.356131: off 54
3:12:13.403039: off 50
3:12:13.418658: off 45
3:12:13.449798: off 41
3:12:13.496763: off 39
3:12:13.512444: off 38
3:12:13.559171: off 37
3:12:14.043716: amp 59
3:12:14.074913: amp 57
3:12:14.106164: amp 55
3:12:14.153058: amp 52
3:12:14.184317: amp 48
3:12:14.215531: amp 45
3:12:14.246794: amp 44
3:12:14.278045: amp 42
3:12:14.324918: amp 41
3:12:14.356113: amp 39
3:12:14.371788: amp 38
3:12:14.418667: amp 35
3:12:14.449919: amp 33
3:12:14.481172: amp 30
3:12:14.512291: amp 28
3:12:14.559288: amp 27
3:12:14.590481: amp 26
3:12:14.653031: amp 25
3:12:14.684162: amp 24
3:12:14.746782: amp 22
3:12:14.777991: amp 21
3:12:14.871781: amp 20
3:13:44.903045: amp 19
3:13:45.106145: amp 21
3:13:45.121648: amp 23
3:13:45.137420: amp 25
3:13:45.184149: amp 30
3:13:45.215593: amp 35
3:13:45.246689: amp 42
3:13:45.277917: amp 46
3:13:45.309440: amp 53
3:13:45.340493: amp 56
3:13:45.371786: amp 59
3:13:45.403039: amp 61
3:13:45.449791: amp 62
3:13:45.512394: amp 63
3:13:45.590549: amp 64
3:13:50.949917: amp 14
3:13:51.168674: amp 12
3:13:51.262293: amp 11
3:18:45.255127: off 101
3:44:14.969518: freq 0.95
3:44:15.422743: freq 0.45
3:44:15.469560: freq 0.4
3:44:17.750809: freq 0.45
3:44:17.797677: freq 0.5
3:44:17.813319: freq 0.55
3:44:17.844433: freq 0.6
3:44:17.907094: freq 0.65
3:44:17.907094: freq 0.7
3:44:17.954006: freq 0.75
3:44:17.985177: freq 0.8
3:44:18.031932: freq 0.85
3:44:18.047702: freq 0.9
3:44:18.078943: freq 0.95
3:44:18.844604: amp 20
3:44:18.891496: amp 23
3:44:18.922739: amp 26
3:44:18.953780: amp 32
3:44:18.985189: amp 37
3:44:19.032088: amp 42
3:44:19.063182: amp 46
3:44:19.078907: amp 52
3:44:19.110250: amp 58
3:44:19.157060: amp 62
3:44:19.188272: amp 68
3:44:19.219516: amp 74
3:44:19.235265: amp 77
3:44:19.297622: amp 79
3:44:19.313284: amp 80
3:44:23.625825: amp 82
3:44:23.719607: amp 80
3:44:23.766294: amp 78
3:44:23.797678: amp 73
3:44:23.813285: amp 67
3:44:23.875812: amp 62
3:44:23.875812: amp 56
3:44:23.922626: amp 51
3:44:23.953809: amp 45
3:44:24.000659: amp 40
3:44:24.016451: amp 33
3:44:24.047620: amp 26
3:44:24.078959: amp 23
3:44:24.125656: amp 21
3:44:24.141431: amp 20
3:44:24.781909: off 99
3:44:24.907097: off 103
3:44:24.953945: off 106
3:44:24.985055: off 113
3:44:25.016460: off 121
3:44:25.047696: off 128
3:44:25.078812: off 139
3:44:25.125802: off 146
3:44:25.156928: off 153
3:44:25.188358: off 157
3:44:25.203787: off 161
3:44:25.250813: off 163
3:44:25.281932: off 169
3:44:25.313313: off 173
3:44:25.328922: off 174
3:44:31.141944: off 177
3:44:31.220222: off 175
3:44:31.345182: off 168
3:44:31.376486: off 164
3:44:31.376486: off 161
3:44:31.423357: off 151
3:44:31.454561: off 143
3:44:31.485889: off 133
3:44:31.516974: off 126
3:44:31.548392: off 117
3:44:31.595232: off 110
3:44:31.626431: off 103
3:44:31.642053: off 94
3:44:31.688977: off 86
3:44:31.720232: off 78
3:44:31.751475: off 74
3:44:31.782724: off 71
3:44:31.829598: off 69
3:44:31.860805: off 68
3:44:31.876421: off 66
3:44:31.923419: off 65
3:44:31.954605: off 62
3:44:31.970237: off 59
3:44:32.032728: off 57
3:44:32.048313: off 55
3:44:32.079451: off 54
3:44:32.126485: off 52
3:44:32.188894: off 49
3:44:32.204471: off 46
4:35:38.754107: amp 19
4:35:38.910383: amp 21
4:35:38.925863: amp 22
4:35:38.941704: amp 23
4:35:38.957190: amp 25
4:35:38.972759: amp 26
4:35:38.988574: amp 28
4:35:39.004190: amp 29
4:35:39.019756: amp 31
4:35:39.035384: amp 33
4:35:39.066506: amp 34
4:35:39.066506: amp 36
4:35:39.082228: amp 38
4:35:39.113514: amp 39
4:35:39.113514: amp 40
4:35:39.144617: amp 42
4:35:39.160333: amp 43
4:35:39.175884: amp 45
4:35:39.207261: amp 47
4:35:39.222895: amp 48
4:35:39.238507: amp 49
4:35:39.269768: amp 50
4:35:39.316652: amp 51
4:35:42.691652: amp 49
4:35:42.769813: amp 48
4:35:42.785336: amp 47
4:35:42.800949: amp 46
4:35:42.816635: amp 45
4:35:42.847889: amp 43
4:35:42.847889: amp 42
4:35:42.863513: amp 40
4:35:42.894761: amp 38
4:35:42.910352: amp 37
4:35:42.941640: amp 35
4:35:42.957210: amp 34
4:35:42.972885: amp 33
4:35:42.988516: amp 32
4:35:43.004009: amp 31
4:35:43.019760: amp 29
4:35:43.051016: amp 27
4:35:43.066530: amp 26
4:35:43.082261: amp 25
4:35:43.113515: amp 24
4:35:43.144791: amp 23
4:35:43.300980: amp 24
4:35:43.394634: amp 25
4:37:11.988520: freq 0.9
4:37:12.097932: freq 0.85
4:37:12.160400: freq 0.8
4:37:12.222869: freq 0.75
4:37:12.269789: freq 0.7
4:37:12.301068: freq 0.65
4:37:12.347763: freq 0.6
4:37:12.379145: freq 0.55
4:37:12.410392: freq 0.5
4:37:12.441511: freq 0.45
4:37:12.457232: freq 0.4
4:37:12.504016: freq 0.35
4:37:12.519790: freq 0.3
4:37:12.551030: freq 0.25
4:37:12.582117: freq 0.2
4:37:12.597906: freq 0.15
4:37:12.613482: freq 0.1
4:37:12.644623: freq 0.05
4:37:12.676020: freq 0
4:37:12.707216: freq 0
4:37:15.472761: freq 0.1
4:37:15.597938: freq 0.15
4:37:15.629097: freq 0.2
4:37:15.660392: freq 0.25
4:37:15.691688: freq 0.3
4:37:15.707226: freq 0.35
4:37:15.754134: freq 0.4
4:37:15.754134: freq 0.45
4:37:15.801037: freq 0.5
4:37:15.801037: freq 0.55
4:37:15.816479: freq 0.6
4:37:15.847891: freq 0.65
4:37:15.863520: freq 0.7
4:37:15.879142: freq 0.75
4:37:15.894798: freq 0.8
4:37:15.926025: freq 0.85
4:37:15.957262: freq 0.9
4:37:16.004023: freq 0.95
4:37:16.082148: freq 1
4:37:16.097863: freq 1
4:37:17.207274: amp 27
4:37:17.253989: amp 29
4:37:17.253989: amp 30
4:37:17.285389: amp 32
4:37:17.301080: amp 33
4:37:17.316596: amp 35
4:37:17.332105: amp 37
4:37:17.347762: amp 39
4:37:17.363457: amp 40
4:37:17.379146: amp 42
4:37:17.394800: amp 44
4:37:17.410232: amp 46
4:37:17.425885: amp 48
4:37:17.457307: amp 49
4:37:17.457307: amp 51
4:37:17.472878: amp 52
4:37:17.488376: amp 54
4:37:17.504012: amp 55
4:37:17.551019: amp 56
4:37:17.551019: amp 57
4:37:17.582107: amp 58
4:37:17.629133: amp 59
4:37:17.644804: amp 60
4:37:17.691713: amp 61
4:37:17.707109: amp 62
4:37:17.738369: amp 63
4:37:17.754136: amp 64
4:37:17.785261: amp 65
4:37:17.847890: amp 66
4:37:18.301067: amp 65
4:37:18.379133: amp 64
4:37:18.426060: amp 63
4:37:18.441481: amp 62
4:37:18.457108: amp 61
4:37:18.488451: amp 60
4:37:18.488451: amp 59
4:37:18.535261: amp 58
4:37:18.535261: amp 57
4:37:18.550883: amp 56
4:37:18.582265: amp 55
4:37:18.582265: amp 53
4:37:18.628994: amp 52
4:37:18.644817: amp 50
4:37:18.660388: amp 49
4:37:18.691698: amp 48
4:37:18.707298: amp 47
4:37:18.722759: amp 46
4:37:18.754141: amp 45
4:37:18.801061: amp 44
4:37:19.082274: amp 45
4:37:19.160406: amp 46
4:37:19.207268: amp 47
4:37:19.300862: amp 48
4:37:26.004188: off 52
4:37:26.113464: off 56
4:37:26.129009: off 57
4:37:26.144732: off 60
4:37:26.160462: off 63
4:37:26.191717: off 66
4:37:26.191717: off 67
4:37:26.207105: off 71
4:37:26.238385: off 74
4:37:26.238385: off 78
4:37:26.269613: off 81
4:37:26.285389: off 82
4:37:26.285389: off 84
4:37:26.301043: off 87
4:37:26.332129: off 89
4:37:26.332129: off 90
4:37:26.363517: off 93
4:37:26.379142: off 96
4:37:26.394722: off 99
4:37:26.410235: off 100
4:37:26.425989: off 104
4:37:26.441493: off 107
4:37:26.457273: off 111
4:37:26.472898: off 114
4:37:26.488386: off 116
4:37:26.504100: off 120
4:37:26.535391: off 124
4:37:26.535391: off 129
4:37:26.566643: off 134
4:37:26.582107: off 136
4:37:26.582107: off 142
4:37:26.613580: off 148
4:37:26.629012: off 154
4:37:26.644608: off 158
4:37:26.660426: off 165
4:37:26.691647: off 173
4:37:26.691647: off 180
4:37:31.770396: phb 2.8297920103808334
4:37:31.770396: phb 2.8143481404382027
4:37:31.786011: phb 2.790439136409117
4:37:31.817319: phb 2.713106462622545
4:37:31.817319: phb 2.6724812622406957
4:37:31.832783: phb 2.6144466852491077
4:37:31.832783: phb 2.5342872621492822
4:37:31.864056: phb 2.3344577102962156
4:37:31.879810: phb 2.223641400364583
4:37:31.895385: phb 2.027143389988177
4:37:31.911075: phb 1.8823432460367358
4:37:31.926643: phb 1.678075174410475
4:37:31.942156: phb 1.6169155318558384
4:37:31.973506: phb 1.3439955371029226
4:37:31.973506: phb 1.063697776132648
4:37:31.989196: phb 0.7503242471150063
4:37:32.004841: phb 0.4588164148956436
4:37:32.020294: phb 0.35994779237313185
4:37:32.036099: phb 0.20079664135559697
4:37:32.067188: phb 0.0696545059756685
4:37:32.067188: phb 6.2342730894336205
4:37:32.098521: phb 6.182852205510489
4:37:32.114197: phb 6.102778172256912
4:37:32.129686: phb 6.065150307264304
4:37:32.145406: phb 6.031495424800952
4:37:32.161074: phb 5.985078844541808
4:37:33.942328: phb 5.8370797617574395
4:37:33.973607: phb 5.794631858438917
4:37:33.989220: phb 5.702208501736118
4:37:34.020308: phb 5.612664453664403
4:37:34.020308: phb 5.4842748967835
4:37:34.036114: phb 5.398119082109671
4:37:34.067282: phb 5.151652139555839
4:37:34.067282: phb 4.914414036345643
4:37:34.098434: phb 4.5989556050867915
4:37:34.114035: phb 4.265315324780996
4:37:34.129753: phb 4.134488323421401
4:37:34.145508: phb 3.8786424416806717
4:37:34.161080: phb 3.646691729577941
4:37:34.176685: phb 3.4573910868842272
4:37:34.192160: phb 3.4062631099911562
4:37:34.223468: phb 3.288356374022431
4:37:34.223468: phb 3.2158361075734136
4:37:34.239192: phb 3.1494667471313913
4:37:34.254841: phb 3.118341008097324
4:37:34.270342: phb 3.0590739246973175
4:37:34.285936: phb 3.0325379439331064
4:37:34.317157: phb 2.991647478962677
4:37:34.348501: phb 2.968516959649923
4:37:34.348501: phb 2.9549782644806992
4:37:34.379683: phb 2.930970749046015
4:37:34.395435: phb 2.9178179841722938
4:37:34.442285: phb 2.8950141795916213
4:37:37.598571: phb 2.738802141778118
4:37:37.676539: phb 2.7097366562140732
4:37:37.692185: phb 2.6175204556523277
4:37:37.723611: phb 2.5602119195458877
4:37:37.723611: phb 2.432134852891331
4:37:37.723611: phb 2.366832045529996
4:37:37.739191: phb 2.314114061864765
4:37:37.770312: phb 2.2043117888874466
4:37:37.770312: phb 2.0684859429303413
4:37:37.801628: phb 1.9828177136998004
4:37:37.817324: phb 1.8015125156436835
4:37:37.817324: phb 1.6252870223593123
4:37:37.832969: phb 1.4750448125441609
4:37:37.864206: phb 1.424311475160512
4:37:38.239063: phb 6.138262546147299
4:37:38.270445: phb 6.0041134775746885
4:37:38.270445: phb 5.899470067184177
4:37:38.301651: phb 5.847953817963507
4:37:38.317185: phb 5.796286415597854
4:37:38.317185: phb 5.754693681773664
4:37:38.348607: phb 5.728878044147889
4:37:38.364198: phb 5.712894420161764
4:37:38.379776: phb 5.696797927281088
4:37:38.410907: phb 5.677640656059079
4:37:38.770398: phb 5.686807703006669
4:37:38.770398: phb 5.723939789330312
4:37:45.615345: freq 0.85
4:37:45.677831: freq 0.8
4:37:45.724584: freq 0.75
4:37:45.756025: freq 0.7
4:37:45.802688: freq 0.65
4:37:45.802688: freq 0.6
4:37:45.818336: freq 0.5
4:37:45.849756: freq 0.45
4:37:45.866237: freq 0.35
4:37:45.897174: freq 0.3
4:37:45.897174: freq 0.25
4:37:45.944012: freq 0.2
4:37:45.976483: freq 0.15
4:37:46.006912: freq 0.1
4:37:46.053767: freq 0.05
4:37:46.101086: freq 0
4:37:50.401386: amp 50
4:37:50.416956: amp 52
4:37:50.448239: amp 54
4:37:50.448239: amp 56
4:37:50.479675: amp 59
4:37:50.496018: amp 62
4:37:50.511128: amp 65
4:37:50.526845: amp 67
4:37:50.542637: amp 71
4:37:50.558264: amp 74
4:37:50.574736: amp 77
4:37:50.605606: amp 79
4:37:50.605606: amp 82
4:37:50.621230: amp 84
4:37:50.652609: amp 86
4:37:50.652609: amp 88
4:37:50.699335: amp 89
4:37:50.730740: amp 90
4:37:50.808918: amp 89
4:37:50.855706: amp 87
4:37:50.855706: amp 85
4:37:50.871387: amp 82
4:37:50.902613: amp 81
4:37:50.918450: amp 78
4:37:50.918450: amp 76
4:37:50.950278: amp 73
4:37:50.950278: amp 72
4:37:50.981401: amp 70
4:37:50.997208: amp 68
4:37:50.997208: amp 66
4:37:51.028377: amp 65
4:37:51.044011: amp 64
4:37:51.059494: amp 63
4:37:51.075148: amp 61
4:37:51.090766: amp 59
4:37:51.106554: amp 58
4:37:51.122191: amp 56
4:37:51.153353: amp 55
4:37:51.153353: amp 54
4:37:51.168871: amp 53
4:37:51.200839: amp 52
4:37:51.216585: amp 50
4:37:51.216585: amp 49
4:37:51.247888: amp 48
4:37:51.247888: amp 46
4:37:51.263351: amp 45
4:37:51.294753: amp 44
4:37:56.247938: amp 42
4:37:56.310403: amp 44
4:37:56.326338: amp 47
4:37:56.342118: amp 51
4:37:56.357801: amp 54
4:37:56.373422: amp 59
4:37:56.389048: amp 65
4:37:56.404499: amp 72
4:37:56.435747: amp 79
4:37:56.435747: amp 83
4:37:56.451532: amp 90
4:38:06.139431: amp 89
4:38:06.186318: amp 87
4:38:06.217536: amp 85
4:38:06.217536: amp 83
4:38:06.233136: amp 82
4:38:06.264307: amp 79
4:38:06.264307: amp 77
4:38:06.279929: amp 74
4:38:06.311307: amp 72
4:38:06.326871: amp 69
4:38:06.342402: amp 66
4:38:06.358055: amp 63
4:38:06.373694: amp 61
4:38:06.389429: amp 58
4:38:06.420684: amp 54
4:38:06.420684: amp 51
4:38:06.436334: amp 48
4:38:06.467405: amp 46
4:38:06.467405: amp 44
4:38:06.483030: amp 43
4:38:06.514431: amp 42
4:38:06.514431: amp 41
4:38:06.561348: amp 40
4:38:06.764478: amp 41
4:38:19.358977: amp 33
4:38:19.437122: amp 30
4:38:19.483840: amp 27
4:38:19.483840: amp 24
4:38:19.499439: amp 22
4:38:19.530812: amp 20
4:38:19.530812: amp 18
4:38:19.562068: amp 16
4:38:19.577595: amp 14
4:38:19.608973: amp 13
4:38:21.016384: off 109
4:38:21.094338: off 104
4:38:21.110130: off 100
4:38:21.125881: off 96
4:38:21.141497: off 93
4:38:21.157617: off 87
4:38:21.174010: off 80
4:38:21.189192: off 71
4:38:21.208488: off 67
4:38:21.222041: off 57
4:38:21.237971: off 47
4:38:21.253049: off 37
4:38:21.269866: off 28
4:38:21.285981: off 24
4:38:21.316962: off 17
4:38:21.317919: off 9
4:38:21.333058: off 2
4:38:21.348738: off 0
4:38:24.803259: amp 12
4:38:24.959605: amp 14
4:38:24.959605: amp 15
4:38:24.990826: amp 18
4:38:25.006399: amp 21
4:38:25.022609: amp 23
4:38:25.038728: amp 26
4:38:25.053831: amp 28
4:38:25.069644: amp 30
4:38:25.085329: amp 33
4:38:25.116511: amp 35
4:38:25.116511: amp 36
4:38:25.132150: amp 37
4:38:25.163376: amp 39
4:38:25.194472: amp 40
4:38:38.079966: amp 46
4:38:38.173718: amp 48
4:38:38.189246: amp 51
4:38:38.204761: amp 54
4:38:38.220415: amp 58
4:38:38.236102: amp 61
4:38:38.251877: amp 66
4:38:38.282895: amp 73
4:38:38.282895: amp 80
4:38:38.298510: amp 85
4:38:38.330331: amp 90
4:38:53.616254: freq 0.1
4:38:53.725832: freq 0.05
4:38:53.788145: freq 0
4:39:04.819479: freq 0.1
4:39:04.882032: freq 0.15
4:39:04.944379: freq 0.2
4:39:04.991352: freq 0.25
4:39:05.053914: freq 0.3
4:39:08.741393: freq 0.35
4:39:08.819524: freq 0.4
4:39:08.850779: freq 0.45
4:39:08.881899: freq 0.5
4:39:08.897512: freq 0.55
4:39:08.913148: freq 0.6
4:39:08.944369: freq 0.65
4:39:08.960174: freq 0.7
4:39:08.991403: freq 0.75
4:39:09.007041: freq 0.8
4:39:09.038221: freq 0.85
4:39:09.038221: freq 0.9
4:39:09.069398: freq 0.95
4:39:09.085021: freq 1
4:39:16.147705: phb 4.39063982471103
4:39:16.163279: phb 4.36057314930779
4:39:16.178773: phb 4.329645787784409
4:39:16.210097: phb 4.2757625306062765
4:39:16.225850: phb 4.180066690763477
4:39:16.225850: phb 4.084408470184696
4:39:16.241427: phb 4.000389338008229
4:39:16.272672: phb 3.9698219862774975
4:39:16.272672: phb 3.9003310978447066
4:39:16.303916: phb 3.8176725076086795
4:39:16.319542: phb 3.749116311836109
4:39:16.335092: phb 3.7151637216291493
4:39:16.350753: phb 3.6392828460389692
4:39:16.366379: phb 3.5349342787355984
4:39:16.381897: phb 3.4206648730795743
4:39:33.351512: freq 0.35
4:39:33.429650: freq 0.3
4:39:33.476513: freq 0.25
4:39:33.585849: freq 0.2
4:39:33.726525: freq 0.15
4:43:34.040692: amp 55
4:43:34.290580: amp 52
4:43:34.321801: amp 51
4:43:34.337542: amp 50
4:43:34.353180: amp 49
4:43:34.368824: amp 48
4:43:34.415678: amp 46
4:43:34.415678: amp 45
4:43:34.462556: amp 44
4:43:34.462556: amp 42
4:43:34.478049: amp 41
4:43:34.509379: amp 39
4:43:34.525017: amp 38
4:43:34.540698: amp 33
4:43:34.556313: amp 29
4:43:34.571793: amp 27
4:43:34.587554: amp 26
4:43:34.618806: amp 25
4:43:34.618806: amp 24
4:43:34.665649: amp 23
4:43:34.712590: amp 22
4:43:34.743826: amp 21
4:43:34.775010: amp 20
4:43:34.806294: amp 19
4:43:34.868764: amp 18
4:43:51.665744: amp 16
4:43:51.868908: amp 19
4:43:51.900120: amp 20
4:43:51.931332: amp 22
4:43:51.962581: amp 23
4:43:51.978240: amp 24
4:43:52.009333: amp 26
4:43:52.009333: amp 27
4:43:52.040751: amp 28
4:43:52.087559: amp 30
4:43:52.087559: amp 31
4:43:52.103113: amp 32
4:43:52.134497: amp 33
4:43:52.165711: amp 34
4:43:52.165711: amp 35
4:43:52.212468: amp 36
4:43:52.212468: amp 37
4:43:52.228112: amp 38
4:43:52.259544: amp 39
4:43:52.290610: amp 40
4:43:52.321989: amp 41
4:43:52.353281: amp 42
4:43:52.384367: amp 43
4:43:52.415741: amp 44
4:43:52.462554: amp 45
4:43:52.478087: amp 46
4:43:52.525061: amp 47
4:43:52.556211: amp 48
4:43:52.603290: amp 49
4:43:52.634491: amp 50
4:43:52.665585: amp 51
4:43:52.712684: amp 52
4:43:52.775060: amp 53
4:43:52.853116: amp 54
4:44:09.650129: off 1
4:44:09.837491: off 4
4:44:09.837491: off 5
4:44:09.853107: off 6
4:44:09.868719: off 8
4:44:09.884452: off 11
4:44:09.899963: off 12
4:44:09.915612: off 15
4:44:09.931267: off 19
4:44:09.946988: off 23
4:44:09.978237: off 25
4:44:09.978237: off 29
4:44:10.009362: off 33
4:44:10.025074: off 38
4:44:10.040586: off 42
4:44:10.056372: off 44
4:44:10.072000: off 48
4:44:10.087578: off 53
4:44:10.103192: off 57
4:44:10.118856: off 61
4:44:10.134469: off 63
4:44:10.150137: off 67
4:44:10.165747: off 71
4:44:10.181357: off 75
4:44:10.196864: off 78
4:44:10.228277: off 83
4:44:10.228277: off 88
4:44:10.243833: off 93
4:44:10.275072: off 96
4:44:10.290612: off 101
4:44:10.306215: off 105
4:44:10.321989: off 110
4:44:10.337622: off 112
4:44:10.353278: off 117
4:44:10.368878: off 121
4:44:10.384466: off 125
4:44:10.399964: off 129
4:44:10.431382: off 131
4:44:10.431382: off 135
4:44:10.446998: off 139
4:44:10.478109: off 143
4:44:10.478109: off 147
4:44:10.493853: off 149
4:44:10.525042: off 153
4:44:10.540684: off 156
4:44:10.556360: off 159
4:44:10.571864: off 160
4:44:10.587617: off 163
4:44:10.603203: off 165
4:44:10.618888: off 167
4:44:10.634456: off 168
4:44:10.649985: off 171
4:44:10.681313: off 172
4:44:10.681313: off 175
4:44:10.696988: off 177
4:44:10.728275: off 178
4:44:10.728275: off 180
4:44:15.259367: freq 0.85
4:44:15.415788: freq 0.8
4:44:15.509544: freq 0.75
4:44:15.587680: freq 0.7
4:44:15.634337: freq 0.65
4:44:15.696991: freq 0.6
4:44:15.759446: freq 0.55
4:44:15.821957: freq 0.5
4:44:15.884538: freq 0.45
4:44:16.040706: freq 0.4
4:44:16.446994: freq 0.35
4:44:17.213138: freq 0.4
4:44:17.260078: freq 0.45
4:44:17.306852: freq 0.5
4:44:17.338002: freq 0.55
4:44:17.385021: freq 0.6
4:44:17.385021: freq 0.65
4:44:17.416122: freq 0.7
4:44:17.447580: freq 0.75
4:44:17.478771: freq 0.8
4:44:17.509869: freq 0.85
4:44:17.572473: freq 0.9
4:44:17.634872: freq 0.95
4:44:18.338154: amp 52
4:44:18.353823: amp 51
4:44:18.369408: amp 50
4:44:18.416323: amp 49
4:44:18.431919: amp 48
4:44:18.463146: amp 47
4:44:18.463146: amp 46
4:44:18.478736: amp 45
4:44:18.510030: amp 44
4:44:18.510030: amp 43
4:44:18.541141: amp 42
4:44:18.556739: amp 41
4:44:18.572459: amp 39
4:44:18.588193: amp 38
4:44:18.603776: amp 37
4:44:18.619407: amp 36
4:44:18.634975: amp 35
4:44:18.650651: amp 33
4:44:18.666264: amp 32
4:44:18.712996: amp 31
4:44:18.712996: amp 30
4:44:18.728644: amp 29
4:44:18.760031: amp 28
4:44:18.760031: amp 27
4:44:18.806855: amp 26
4:44:18.838146: amp 25
4:44:18.885021: amp 24
4:44:18.978780: amp 23
4:44:19.072488: amp 22
4:44:19.150642: amp 21
4:44:24.510014: amp 41
4:44:24.697531: amp 43
4:44:24.713155: amp 44
4:44:24.728646: amp 46
4:44:24.744343: amp 48
4:44:24.760000: amp 49
4:44:24.791268: amp 51
4:44:24.791268: amp 53
4:44:24.822462: amp 55
4:44:24.838008: amp 56
4:44:24.853771: amp 57
4:44:24.869393: amp 59
4:44:24.884870: amp 60
4:44:24.900507: amp 61
4:44:24.916114: amp 63
4:44:24.931756: amp 64
4:44:24.947521: amp 65
4:44:24.963125: amp 66
4:44:24.994407: amp 67
4:44:25.009978: amp 68
4:44:25.072476: amp 69
4:44:48.541393: freq 0.55
4:44:48.619541: freq 0.5
4:44:48.697813: freq 0.45
4:44:48.744517: freq 0.4
4:44:48.791565: freq 0.35
4:44:48.869653: freq 0.3
4:44:50.150891: off 93
4:44:50.307142: off 88
4:44:50.307142: off 87
4:44:50.307142: off 86
4:44:50.307142: off 82
4:44:50.307142: off 78
4:44:50.322609: off 75
4:44:50.322609: off 72
4:44:50.354020: off 69
4:44:50.369640: off 65
4:44:50.385117: off 62
4:44:50.400862: off 60
4:44:50.416386: off 57
4:44:50.432142: off 56
4:44:50.447779: off 52
4:44:50.478920: off 50
4:44:50.494640: off 49
4:44:50.525758: off 48
4:44:50.525758: off 47
4:44:50.572763: off 46
4:45:19.574227: amp 52
4:45:19.652487: amp 49
4:45:19.652487: amp 47
4:45:19.667946: amp 46
4:45:19.699225: amp 45
4:45:19.699225: amp 44
4:45:19.731656: amp 42
4:45:19.746843: amp 40
4:45:19.762638: amp 39
4:45:19.778122: amp 38
4:45:19.793769: amp 36
4:45:19.809491: amp 35
4:45:19.825169: amp 33
4:45:19.856280: amp 31
4:45:19.871996: amp 30
4:45:19.903337: amp 29
4:45:19.934476: amp 28
4:45:19.950153: amp 27
4:45:19.981367: amp 26
4:45:20.012677: amp 25
