Time, Frequency, Amplitude, Offset, PhaseShift, Phase
0:00:00.029276, 0.0, 0.0, 90.0, 0.0, 0.0
0:00:00.136648, 0.0, 0.0, 90.0, 0.0, 0.0
0:00:00.227536, 0.0, 0.0, 90.0, 0.0, 0.0
0:00:00.320587, 0.0, 0.0, 90.0, 0.0, 0.0
0:00:00.413701, 0.0, 0.0, 90.0, 0.0, 0.0
0:00:00.506812, 0.0, 0.0, 90.0, 0.0, 0.0
0:00:00.599753, 0.0, 0.0, 90.0, 0.0, 0.0
0:00:00.708040, 0.0, 0.0, 90.0, 0.0, 0.0
0:00:00.800761, 0.0, 0.0, 90.0, 0.0, 0.0
0:00:00.876306, 0.0, 0.0, 90.0, 0.0, 0.0
0:00:00.968709, 0.0, 0.0, 90.0, 0.0, 0.0
0:00:01.075758, 0.0, 0.0, 90.0, 0.0, 0.0
0:00:01.168176, 0.0, 0.0, 90.0, 0.0, 0.0
0:00:01.261752, 0.0, 0.0, 90.0, 0.0, 0.0
0:00:01.356939, 0.0, 0.0, 90.0, 0.0, 0.0
0:00:01.464285, 0.0, 0.0, 90.0, 0.0, 0.0
0:00:01.557232, 0.0, 0.0, 90.0, 0.0, 0.0
0:00:01.648894, 0.0, 0.0, 90.0, 0.0, 0.0
0:00:01.759803, 0.0, 0.0, 90.0, 0.0, 0.0
0:00:01.837384, 0.0, 0.0, 90.0, 0.0, 0.0
0:00:01.930158, 0.0, 0.0, 90.0, 0.0, 0.0
0:00:02.022268, 0.0, 0.0, 90.0, 0.0, 0.0
0:00:02.116017, 0.0, 0.0, 90.0, 0.0, 0.0
0:00:02.208233, 0.0, 0.0, 90.0, 0.0, 0.0
0:00:02.301117, 0.0, 0.0, 90.0, 0.0, 0.0
0:00:02.393581, 0.0, 0.0, 90.0, 0.0, 0.0
0:00:02.487437, 0.0, 0.0, 90.0, 0.0, 0.0
0:00:02.579181, 0.0, 0.0, 90.0, 0.0, 0.0
0:00:02.672776, 0.0, 0.0, 90.0, 0.0, 0.0
0:00:02.763700, 0.0, 0.0, 90.0, 0.0, 0.0
0:00:02.869943, 0.0, 0.0, 90.0, 0.0, 0.0
0:00:02.962179, 0.0, 0.0, 90.0, 0.0, 0.0
0:00:03.054835, 0.0, 0.0, 90.0, 0.0, 0.0
0:00:03.161507, 0.0, 0.0, 90.0, 0.0, 0.0
0:00:03.254699, 0.0, 0.0, 90.0, 0.0, 0.0
0:00:03.333027, 0.0, 0.0, 90.0, 0.0, 0.0
0:00:03.426287, 0.0, 0.0, 90.0, 0.0, 0.0
0:00:03.516705, 0.0, 0.0, 90.0, 0.0, 0.0
0:00:03.623723, 0.0, 0.0, 90.0, 0.0, 0.0
0:00:03.715679, 0.0, 0.0, 90.0, 0.0, 0.0
0:00:03.808416, 0.0, 0.0, 90.0, 0.0, 0.0
0:00:03.899918, 0.0, 0.0, 90.0, 0.0, 0.0
0:00:03.992177, 0.0, 0.0, 90.0, 0.0, 0.0
0:00:04.084051, 0.0, 0.0, 90.0, 0.0, 0.0
0:00:04.175101, 0.0, 0.0, 90.0, 0.0, 0.0
0:00:04.267210, 0.0, 0.0, 90.0, 0.0, 0.0
0:00:04.356016, 0.0, 0.0, 90.0, 0.0, 0.0
0:00:04.450842, 0.0, 0.0, 90.0, 0.0, 0.0
0:00:04.558958, 0.0, 0.0, 90.0, 0.0, 0.0
0:00:04.651884, 0.0, 0.0, 90.0, 0.0, 0.0
0:00:04.742654, 0.0, 0.0, 90.0, 0.0, 0.0
0:00:04.837329, 0.0, 0.0, 90.0, 0.0, 0.0
0:00:04.929436, 0.0, 0.0, 90.0, 0.0, 0.0
0:00:05.022617, 0.0, 0.0, 90.0, 0.0, 0.0
0:00:05.114479, 0.0, 0.0, 90.0, 0.0, 0.0
0:00:05.206362, 0.0, 0.0, 90.0, 0.0, 0.0
0:00:05.298254, 0.0, 0.0, 90.0, 0.0, 0.0
0:00:05.390274, 0.0, 0.0, 90.0, 0.0, 0.0
0:00:05.499573, 0.0, 0.0, 90.0, 0.0, 0.0
0:00:05.591226, 0.0, 0.0, 90.0, 0.0, 0.0
0:00:05.670319, 0.0, 0.0, 90.0, 0.0, 0.0
0:00:05.778185, 0.0, 0.0, 90.0, 0.0, 0.0
0:00:05.871250, 0.0, 0.0, 90.0, 0.0, 0.0
0:00:05.964041, 0.0, 0.0, 90.0, 0.0, 0.0
0:00:06.056830, 0.0, 0.0, 90.0, 0.0, 0.0
0:00:06.166146, 0.0, 0.0, 90.0, 0.0, 0.0
0:00:06.259036, 0.0, 0.0, 90.0, 0.0, 0.0
0:00:06.351213, 0.0, 0.0, 90.0, 0.0, 0.0
0:00:06.443874, 0.0, 0.0, 90.0, 0.0, 0.0
0:00:06.521645, 0.0, 0.0, 90.0, 0.0, 0.0
0:00:06.614122, 0.0, 0.0, 90.0, 0.0, 0.0
0:00:06.705336, 0.0, 0.0, 90.0, 0.0, 0.0
0:00:06.810911, 0.0, 0.0, 90.0, 0.0, 0.0
0:00:06.903176, 0.0, 0.0, 90.0, 0.0, 0.0
0:00:06.994608, 0.0, 0.0, 90.0, 0.0, 0.0
0:00:07.089551, 0.0, 0.0, 90.0, 0.0, 0.0
0:00:07.181397, 0.0, 0.0, 90.0, 0.0, 0.0
0:00:07.274177, 0.0, 0.0, 90.0, 0.0, 0.0
0:00:07.365971, 0.0, 0.0, 90.0, 0.0, 0.0
0:00:07.457755, 0.0, 0.0, 90.0, 0.0, 0.0
0:00:07.547396, 0.0, 0.0, 90.0, 0.0, 0.0
0:00:07.640034, 0.0, 0.0, 90.0, 0.0, 0.0
0:00:07.733217, 0.0, 0.0, 90.0, 0.0, 0.0
0:00:07.840157, 0.0, 0.0, 90.0, 0.0, 0.0
0:00:07.931522, 0.0, 0.0, 90.0, 0.0, 0.0
0:00:08.022716, 0.0, 0.0, 90.0, 0.0, 0.0
0:00:08.114879, 0.0, 0.0, 90.0, 0.0, 0.0
0:00:08.206485, 0.0, 0.0, 90.0, 0.0, 0.0
0:00:08.299080, 0.0, 0.0, 90.0, 0.0, 0.0
0:00:08.392225, 0.0, 0.0, 90.0, 0.0, 0.0
0:00:08.485370, 0.0, 0.0, 90.0, 0.0, 0.0
0:00:08.578171, 0.0, 0.0, 90.0, 0.0, 0.0
0:00:08.671483, 0.0, 0.0, 90.0, 0.0, 0.0
0:00:08.780828, 0.0, 0.0, 90.0, 0.0, 0.0
0:00:08.872524, 0.0, 0.0, 90.0, 0.0, 0.0
0:00:08.950921, 0.0, 0.0, 90.0, 0.0, 0.0
0:00:09.057117, 0.03135919198393822, 0.0, 90.0, 0.0, 0.009309258311986923
0:00:09.165575, 0.0575534850358963, 0.0, 90.0, 0.0, 0.03451372683048248
0:00:09.258248, 0.08254114538431168, 0.0, 90.0, 0.0, 0.07488120347261429
0:00:09.335173, 0.10314822196960449, 0.0, 90.0, 0.0, 0.12128790467977524
0:00:09.428889, 0.12603557109832764, 0.0, 90.0, 0.0, 0.18804864585399628
0:00:09.519746, 0.14786863327026367, 0.0, 90.0, 0.0, 0.26805809140205383
0:00:09.611291, 0.16869594156742096, 1.8963080644607544, 90.0, 0.0, 0.3607059717178345
0:00:09.702845, 0.18856386840343475, 3.6213788986206055, 90.0, 0.0, 0.4654100835323334
0:00:09.810158, 0.20771439373493195, 5.2067413330078125, 90.0, 0.0, 0.5828990936279297
0:00:09.903155, 0.22578491270542145, 6.63287878036499, 90.0, 0.0, 0.7101896405220032
0:00:10.009780, 0.24552185833454132, 8.113211631774902, 90.0, 0.0, 0.8693181276321411
0:00:10.080495, 0.2598097622394562, 9.13451862335205, 90.0, 0.0, 0.9989039301872253
0:00:10.178554, 0.27564382553100586, 10.216912269592285, 90.0, 0.0, 1.1580684185028076
0:00:10.271325, 0.2907409071922302, 11.200568199157715, 90.0, 0.0, 1.3264942169189453
0:00:10.378499, 0.3051353394985199, 12.094491958618164, 90.0, 0.0, 1.503750205039978
0:00:10.458201, 0.31702059507369995, 12.800299644470215, 90.0, 0.0, 1.6635282039642334
0:00:10.567097, 0.33194559812545776, 13.64516544342041, 90.0, 0.0, 1.88312566280365
0:00:10.645185, 0.3428797125816345, 14.234935760498047, 90.0, 0.0, 2.058626651763916
0:00:10.737550, 0.35484734177589417, 14.852057456970215, 90.0, 0.0, 2.266378402709961
0:00:10.832327, 0.3662579357624054, 15.412885665893555, 90.0, 0.0, 2.4811301231384277
0:00:10.924520, 0.3772495687007904, 15.92769718170166, 90.0, 0.0, 2.704916477203369
0:00:11.015317, 0.38622796535491943, 16.329689025878906, 90.0, 0.0, 2.901223659515381
0:00:11.107821, 0.39628052711486816, 16.76002311706543, 90.0, 0.0, 3.1368112564086914
0:00:11.215766, 0.40702518820762634, 17.196895599365234, 90.0, 0.0, 3.4089407920837402
0:00:11.308407, 0.4160999357700348, 17.547332763671875, 90.0, 0.0, 3.656816005706787
0:00:11.413642, 0.4247477650642395, 17.86547088623047, 90.0, 0.0, 3.910055160522461
0:00:11.489822, 0.4318116307258606, 18.113889694213867, 90.0, 0.0, 4.130420207977295
0:00:11.584022, 0.4397207200527191, 18.379833221435547, 90.0, 0.0, 4.392942428588867
0:00:11.675683, 0.4472578167915344, 18.621261596679688, 90.0, 0.0, 4.660140514373779
0:00:11.783783, 0.45436716079711914, 18.838254928588867, 90.0, 0.0, 4.928943634033203
0:00:11.860073, 0.46030759811401367, 19.011598587036133, 90.0, 0.0, 5.167196273803711
0:00:11.951619, 0.4668765962123871, 19.19481658935547, 90.0, 0.0, 5.446559429168701
0:00:12.044485, 0.47307276725769043, 19.35948944091797, 90.0, 0.0, 5.726837158203125
0:00:12.153899, 0.4798277020454407, 19.530012130737305, 90.0, 0.0, 6.0528717041015625
0:00:12.261773, 0.4854211211204529, 19.664108276367188, 90.0, 0.0, 6.340723991394043
0:00:12.337626, 0.4900949001312256, 19.771230697631836, 90.0, 0.0, 6.594894886016846
0:00:12.430071, 0.4952104091644287, 19.883323669433594, 90.0, 0.0, 6.888752460479736
0:00:12.521220, 0.5001381635665894, 19.986221313476562, 90.0, 0.0, 7.188739776611328
0:00:12.628935, 0.5048341155052185, 20.079635620117188, 90.0, 0.0, 7.491639614105225
0:00:12.706512, 0.508669912815094, 20.152578353881836, 90.0, 0.0, 7.752570152282715
0:00:12.799223, 0.51296466588974, 20.23066520690918, 90.0, 0.0, 8.060511589050293
0:00:12.892286, 0.5170156359672546, 20.30084800720215, 90.0, 0.0, 8.36774730682373
0:00:13.000532, 0.5209179520606995, 20.36526870727539, 90.0, 0.0, 8.680619239807129
0:00:13.094313, 0.5246367454528809, 20.423755645751953, 90.0, 0.0, 8.99579906463623
0:00:13.171155, 0.5276744365692139, 20.469423294067383, 90.0, 0.0, 9.266758918762207
0:00:13.277096, 0.5315235257148743, 20.524574279785156, 90.0, 0.0, 9.62930965423584
0:00:13.369123, 0.5347107648849487, 20.56794548034668, 90.0, 0.0, 9.94739818572998
0:00:13.475893, 0.5377810001373291, 20.607757568359375, 90.0, 0.0, 10.27072811126709
0:00:13.551973, 0.5403189063072205, 20.639209747314453, 90.0, 0.0, 10.551738739013672
0:00:13.642525, 0.5430967211723328, 20.672122955322266, 90.0, 0.0, 10.874972343444824
0:00:13.749182, 0.5457726716995239, 20.70233726501465, 90.0, 0.0, 11.20325756072998
0:00:13.825384, 0.5479846000671387, 20.726205825805664, 90.0, 0.0, 11.488364219665527
0:00:13.933226, 0.5507526993751526, 20.754663467407227, 90.0, 0.0, 11.864498138427734
0:00:14.025627, 0.5530449748039246, 20.777042388916016, 90.0, 0.0, 12.193835258483887
0:00:14.132727, 0.5552530884742737, 20.79758644104004, 90.0, 0.0, 12.528000831604004
0:00:14.208768, 0.5570567846298218, 20.813629150390625, 90.0, 0.0, 12.814468383789062
0:00:14.301975, 0.559076189994812, 20.830801010131836, 90.0, 0.0, 13.151001930236816
0:00:14.393184, 0.5610007047653198, 20.846391677856445, 90.0, 0.0, 13.488730430603027
0:00:14.485922, 0.5625913739204407, 20.85871124267578, 90.0, 0.0, 13.781643867492676
0:00:14.578320, 0.5643326044082642, 20.871599197387695, 90.0, 0.0, 14.117905616760254
0:00:14.671034, 0.5660098195075989, 20.8834285736084, 90.0, 0.0, 14.458740234375
0:00:14.763730, 0.5676082372665405, 20.8941707611084, 90.0, 0.0, 14.800566673278809
0:00:14.871217, 0.5693321228027344, 20.90517234802246, 90.0, 0.0, 15.189824104309082
0:00:14.963503, 0.570568323135376, 20.912687301635742, 90.0, 0.0, 15.483424186706543
0:00:15.055800, 0.5719524025917053, 20.920732498168945, 90.0, 0.0, 15.827943801879883
0:00:15.147459, 0.5732713341712952, 20.928037643432617, 90.0, 0.0, 16.173282623291016
0:00:15.254744, 0.5745154023170471, 20.934606552124023, 90.0, 0.0, 16.515790939331055
0:00:15.348635, 0.5757138729095459, 20.940631866455078, 90.0, 0.0, 16.86264419555664
0:00:15.424617, 0.5767045021057129, 20.945392608642578, 90.0, 0.0, 17.16309928894043
0:00:15.517047, 0.5777999758720398, 20.950422286987305, 90.0, 0.0, 17.51124382019043
0:00:15.625096, 0.5788440108299255, 20.95499038696289, 90.0, 0.0, 17.860034942626953
0:00:15.702123, 0.5796968340873718, 20.958559036254883, 90.0, 0.0, 18.1584529876709
0:00:15.809614, 0.5807773470878601, 20.962865829467773, 90.0, 0.0, 18.555795669555664
0:00:15.902047, 0.5816813111305237, 20.96628761291504, 90.0, 0.0, 18.906347274780273
0:00:15.995108, 0.5825427770614624, 20.969392776489258, 90.0, 0.0, 19.25743293762207
0:00:16.103013, 0.5833553075790405, 20.972185134887695, 90.0, 0.0, 19.605363845825195
0:00:16.196054, 0.584138035774231, 20.974748611450195, 90.0, 0.0, 19.957441329956055
0:00:16.273292, 0.5847850441932678, 20.97677230834961, 90.0, 0.0, 20.26221466064453
0:00:16.365327, 0.5855005383491516, 20.97891616821289, 90.0, 0.0, 20.61513328552246
0:00:16.473813, 0.5861822962760925, 20.980857849121094, 90.0, 0.0, 20.968477249145508
0:00:16.549587, 0.5867393016815186, 20.98237419128418, 90.0, 0.0, 21.270610809326172
0:00:16.642711, 0.5873628258705139, 20.983999252319336, 90.0, 0.0, 21.624685287475586
0:00:16.734607, 0.5879571437835693, 20.9854736328125, 90.0, 0.0, 21.979129791259766
0:00:16.841624, 0.5885234475135803, 20.986812591552734, 90.0, 0.0, 22.333925247192383
0:00:16.949792, 0.5891287326812744, 20.98817253112793, 90.0, 0.0, 22.73346710205078
0:00:17.023868, 0.5895721316337585, 20.989118576049805, 90.0, 0.0, 23.040796279907227
0:00:17.121561, 0.5900625586509705, 20.990121841430664, 90.0, 0.0, 23.396547317504883
0:00:17.214139, 0.5905299186706543, 20.991031646728516, 90.0, 0.0, 23.75259017944336
0:00:17.322289, 0.5909752249717712, 20.991857528686523, 90.0, 0.0, 24.108903884887695
0:00:17.398440, 0.5913389921188354, 20.992502212524414, 90.0, 0.0, 24.41346549987793
0:00:17.490207, 0.5917462110519409, 20.993194580078125, 90.0, 0.0, 24.770259857177734
0:00:17.583625, 0.5921342968940735, 20.99382209777832, 90.0, 0.0, 25.127294540405273
0:00:17.691497, 0.5925041437149048, 20.99439239501953, 90.0, 0.0, 25.48455810546875
0:00:17.769358, 0.592806339263916, 20.99483871459961, 90.0, 0.0, 25.78989601135254
0:00:17.861613, 0.5931445956230164, 20.99531364440918, 90.0, 0.0, 26.147554397583008
0:00:17.954599, 0.5934669971466064, 20.995746612548828, 90.0, 0.0, 26.505414962768555
0:00:18.049567, 0.5937741994857788, 20.996139526367188, 90.0, 0.0, 26.86346435546875
0:00:18.157926, 0.5940669775009155, 20.996496200561523, 90.0, 0.0, 27.221694946289062
0:00:18.234405, 0.5943089127540588, 20.996774673461914, 90.0, 0.0, 27.53155517578125
0:00:18.327165, 0.5945765376091003, 20.997074127197266, 90.0, 0.0, 27.89010238647461
0:00:18.419717, 0.571556568145752, 20.997343063354492, 90.0, 0.0, 28.23906898498535
0:00:18.528819, 0.5464604496955872, 20.99761962890625, 90.0, 0.0, 28.6229248046875
0:00:18.637073, 0.522487223148346, 20.99786949157715, 90.0, 0.0, 28.993297576904297
0:00:18.744845, 0.5026200413703918, 20.998065948486328, 90.0, 0.0, 29.30327796936035
0:00:18.821036, 0.48639172315597534, 20.998218536376953, 90.0, 0.0, 29.558732986450195
0:00:18.914270, 0.468221515417099, 20.998382568359375, 90.0, 0.0, 29.84738540649414
0:00:19.008867, 0.4509057402610779, 20.998531341552734, 90.0, 0.0, 30.12529945373535
0:00:19.115859, 0.43440428376197815, 20.998666763305664, 90.0, 0.0, 30.392980575561523
0:00:19.207815, 0.41867876052856445, 20.998788833618164, 90.0, 0.0, 30.650909423828125
0:00:19.283485, 0.40567970275878906, 20.998886108398438, 90.0, 0.0, 30.866413116455078
0:00:19.375490, 0.39130520820617676, 20.998987197875977, 90.0, 0.0, 31.10736656188965
0:00:19.485005, 0.37774643301963806, 20.99907875061035, 90.0, 0.0, 31.33744239807129
0:00:19.559708, 0.3664169907569885, 20.9991512298584, 90.0, 0.0, 31.53196144104004
0:00:19.668240, 0.3522385358810425, 20.999238967895508, 90.0, 0.0, 31.77861976623535
0:00:19.760865, 0.3403770923614502, 20.999309539794922, 90.0, 0.0, 31.987995147705078
0:00:19.867497, 0.32907339930534363, 20.999372482299805, 90.0, 0.0, 32.19035720825195
0:00:19.943718, 0.3197295665740967, 20.999420166015625, 90.0, 0.0, 32.35992431640625
0:00:20.037006, 0.309396892786026, 20.999475479125977, 90.0, 0.0, 32.55009078979492
0:00:20.129373, 0.29955005645751953, 20.999523162841797, 90.0, 0.0, 32.73414993286133
0:00:20.238171, 0.29016628861427307, 20.99956512451172, 90.0, 0.0, 32.91238784790039
0:00:20.315189, 0.2825012803077698, 20.999601364135742, 90.0, 0.0, 33.06023406982422
0:00:20.407036, 0.27391907572746277, 20.99964141845703, 90.0, 0.0, 33.2284049987793
0:00:20.500287, 0.26574060320854187, 20.999671936035156, 90.0, 0.0, 33.39149856567383
0:00:20.622288, 0.2569200396537781, 20.999704360961914, 90.0, 0.0, 33.570823669433594
0:00:20.697782, 0.25051915645599365, 20.99972915649414, 90.0, 0.0, 33.70341110229492
0:00:20.790068, 0.24344094097614288, 20.999755859375, 90.0, 0.0, 33.85268020629883
0:00:20.882813, 0.23669569194316864, 20.99978256225586, 90.0, 0.0, 33.997764587402344
0:00:20.989932, 0.23026759922504425, 20.999799728393555, 90.0, 0.0, 34.13886642456055
0:00:21.066279, 0.22501692175865173, 20.999813079833984, 90.0, 0.0, 34.25636672973633
0:00:21.158957, 0.21913795173168182, 20.999828338623047, 90.0, 0.0, 34.39056396484375
0:00:21.252492, 0.21353551745414734, 20.999841690063477, 90.0, 0.0, 34.52128601074219
0:00:21.360386, 0.20819653570652008, 20.999855041503906, 90.0, 0.0, 34.6486930847168
0:00:21.435505, 0.20383547246456146, 20.999866485595703, 90.0, 0.0, 34.75502014160156
0:00:21.530086, 0.1989525705575943, 20.999879837036133, 90.0, 0.0, 34.87670135498047
0:00:21.622220, 0.1942993700504303, 20.999893188476562, 90.0, 0.0, 34.99549102783203
0:00:21.730112, 0.18928085267543793, 20.999908447265625, 90.0, 0.0, 35.12703323364258
0:00:21.837259, 0.18508245050907135, 20.999921798706055, 90.0, 0.0, 35.240108489990234
0:00:21.915116, 0.18165305256843567, 20.999927520751953, 90.0, 0.0, 35.3347282409668
0:00:22.009060, 0.17781329154968262, 20.99993133544922, 90.0, 0.0, 35.443294525146484
0:00:22.100812, 0.17411677539348602, 20.99993324279785, 90.0, 0.0, 35.550689697265625
0:00:22.207332, 0.17063146829605103, 20.999935150146484, 90.0, 0.0, 35.65480422973633
0:00:22.283743, 0.16778452694416046, 20.999937057495117, 90.0, 0.0, 35.742103576660156
0:00:22.389470, 0.16456441581249237, 20.99993896484375, 90.0, 0.0, 35.8435173034668
0:00:22.482548, 0.16155928373336792, 20.999940872192383, 90.0, 0.0, 35.940975189208984
0:00:22.574433, 0.15866445004940033, 20.999942779541016, 90.0, 0.0, 36.03767395019531
0:00:22.668340, 0.15590572357177734, 20.99994468688965, 90.0, 0.0, 36.13266372680664
0:00:22.760308, 0.15327677130699158, 20.99994468688965, 90.0, 0.0, 36.226016998291016
0:00:22.867959, 0.15077143907546997, 20.99994468688965, 90.0, 0.0, 36.31781768798828
0:00:22.944122, 0.1487250030040741, 20.99994468688965, 90.0, 0.0, 36.39505386352539
0:00:23.035155, 0.14643366634845734, 20.99994468688965, 90.0, 0.0, 36.484169006347656
0:00:23.128590, 0.1442500799894333, 20.99994468688965, 90.0, 0.0, 36.57192611694336
0:00:23.236962, 0.14216920733451843, 20.99994468688965, 90.0, 0.0, 36.65839767456055
0:00:23.313906, 0.14044909179210663, 20.99994468688965, 90.0, 0.0, 36.7321662902832
0:00:23.407724, 0.13854695856571198, 20.99994468688965, 90.0, 0.0, 36.81638717651367
0:00:23.501078, 0.136734277009964, 20.99994468688965, 90.0, 0.0, 36.89948272705078
0:00:23.607279, 0.1350068300962448, 20.99994468688965, 90.0, 0.0, 36.98151397705078
0:00:23.715972, 0.13314379751682281, 20.99994468688965, 90.0, 0.0, 37.07341384887695
0:00:23.778932, 0.13199983537197113, 20.99994468688965, 90.0, 0.0, 37.131771087646484
0:00:23.886462, 0.13029682636260986, 20.99994468688965, 90.0, 0.0, 37.221656799316406
0:00:23.978627, 0.1288721263408661, 20.99994468688965, 90.0, 0.0, 37.29987716674805
0:00:24.086025, 0.12751443684101105, 20.99994468688965, 90.0, 0.0, 37.377254486083984
0:00:24.179839, 0.126233771443367, 20.99994468688965, 90.0, 0.0, 37.45303726196289
0:00:24.256189, 0.1251637041568756, 20.99994468688965, 90.0, 0.0, 37.518638610839844
0:00:24.347742, 0.12398038804531097, 20.99994468688965, 90.0, 0.0, 37.593833923339844
0:00:24.439935, 0.12301381677389145, 20.99994468688965, 90.0, 0.0, 37.65749740600586
0:00:24.530629, 0.12193159759044647, 20.99994468688965, 90.0, 0.0, 37.731414794921875
0:00:24.636148, 0.12076441943645477, 20.99994468688965, 90.0, 0.0, 37.814571380615234
0:00:24.744146, 0.11978798359632492, 20.99994468688965, 90.0, 0.0, 37.88716125488281
0:00:24.821356, 0.11899039149284363, 20.99994468688965, 90.0, 0.0, 37.94871139526367
0:00:24.912647, 0.11809735000133514, 20.99994468688965, 90.0, 0.0, 38.0202522277832
0:00:25.003510, 0.11724632978439331, 20.99994468688965, 90.0, 0.0, 38.09126281738281
0:00:25.113415, 0.11643532663583755, 20.99994468688965, 90.0, 0.0, 38.16176986694336
0:00:25.190298, 0.11576493829488754, 20.99994468688965, 90.0, 0.0, 38.22234344482422
0:00:25.282192, 0.1150311604142189, 20.99994468688965, 90.0, 0.0, 38.29125213623047
0:00:25.374356, 0.11432431638240814, 20.99994468688965, 90.0, 0.0, 38.360450744628906
0:00:25.482004, 0.11365070939064026, 20.99994468688965, 90.0, 0.0, 38.42922592163086
0:00:25.591754, 0.1129242330789566, 20.99994468688965, 90.0, 0.0, 38.506839752197266
0:00:25.698747, 0.11223642528057098, 20.99994468688965, 90.0, 0.0, 38.5839729309082
0:00:25.777282, 0.11173728853464127, 20.99994468688965, 90.0, 0.0, 38.64239501953125
0:00:25.869834, 0.11118534207344055, 20.99994468688965, 90.0, 0.0, 38.70964813232422
0:00:25.963193, 0.11065935343503952, 20.99994468688965, 90.0, 0.0, 38.776573181152344
0:00:26.055110, 0.11022455990314484, 20.99994468688965, 90.0, 0.0, 38.834190368652344
0:00:26.146576, 0.10974374413490295, 20.99994468688965, 90.0, 0.0, 38.90054702758789
0:00:26.241470, 0.10928554087877274, 20.99994468688965, 90.0, 0.0, 38.96662139892578
0:00:26.333668, 0.10884889215230942, 20.99994468688965, 90.0, 0.0, 39.03242492675781
0:00:26.441595, 0.10843277722597122, 20.99994468688965, 90.0, 0.0, 39.09797286987305
0:00:26.518816, 0.10809287428855896, 20.99994468688965, 90.0, 0.0, 39.153770446777344
0:00:26.611447, 0.10771230608224869, 20.99994468688965, 90.0, 0.0, 39.218875885009766
0:00:26.704938, 0.10734962671995163, 20.99994468688965, 90.0, 0.0, 39.283756256103516
0:00:26.799331, 0.10700400918722153, 20.99994468688965, 90.0, 0.0, 39.34841537475586
0:00:26.906755, 0.10667464882135391, 20.99994468688965, 90.0, 0.0, 39.412872314453125
0:00:26.983754, 0.10640561580657959, 20.99994468688965, 90.0, 0.0, 39.4677734375
0:00:27.075644, 0.10610438883304596, 20.99994468688965, 90.0, 0.0, 39.53187561035156
0:00:27.182025, 0.10577952116727829, 20.99994468688965, 90.0, 0.0, 39.60444641113281
0:00:27.288674, 0.1055077388882637, 20.99994468688965, 90.0, 0.0, 39.66817855834961
0:00:27.366439, 0.10528307408094406, 20.99994468688965, 90.0, 0.0, 39.723148345947266
0:00:27.458208, 0.10503463447093964, 20.99994468688965, 90.0, 0.0, 39.78658676147461
0:00:27.563922, 0.10479787737131119, 20.99994468688965, 90.0, 0.0, 39.84988021850586
0:00:27.641612, 0.10460217297077179, 20.99994468688965, 90.0, 0.0, 39.904483795166016
0:00:27.735924, 0.10438576340675354, 20.99994468688965, 90.0, 0.0, 39.96752166748047
0:00:27.829460, 0.10417952388525009, 20.99994468688965, 90.0, 0.0, 40.03042984008789
0:00:27.936294, 0.10398298501968384, 20.99994468688965, 90.0, 0.0, 40.09321975708008
0:00:28.043697, 0.10377100855112076, 20.99994468688965, 90.0, 0.0, 40.164371490478516
0:00:28.121001, 0.10361718386411667, 20.99994468688965, 90.0, 0.0, 40.21845626831055
0:00:28.211887, 0.10344710201025009, 20.99994468688965, 90.0, 0.0, 40.280914306640625
0:00:28.305799, 0.10328666120767593, 20.99994468688965, 90.0, 0.0, 40.342620849609375
0:00:28.413166, 0.10313211381435394, 20.99994468688965, 90.0, 0.0, 40.404884338378906
0:00:28.490838, 0.10300435870885849, 20.99994468688965, 90.0, 0.0, 40.458641052246094
0:00:28.582923, 0.10286308079957962, 20.99994468688965, 90.0, 0.0, 40.52073287963867
0:00:28.674751, 0.10272981226444244, 20.99994468688965, 90.0, 0.0, 40.58209991455078
0:00:28.767468, 0.10261847078800201, 20.99994468688965, 90.0, 0.0, 40.63565444946289
0:00:28.876449, 0.10247912257909775, 20.99994468688965, 90.0, 0.0, 40.70589065551758
0:00:28.954935, 0.1023779958486557, 20.99994468688965, 90.0, 0.0, 40.75931167602539
0:00:29.048165, 0.10226617753505707, 20.99994468688965, 90.0, 0.0, 40.82103729248047
0:00:29.154335, 0.10216070711612701, 20.99994468688965, 90.0, 0.0, 40.882049560546875
0:00:29.231939, 0.10207152366638184, 20.99994468688965, 90.0, 0.0, 40.93594741821289
0:00:29.340211, 0.10196127742528915, 20.99994468688965, 90.0, 0.0, 41.00581741333008
0:00:29.431784, 0.10186904668807983, 20.99994468688965, 90.0, 0.0, 41.06729507446289
0:00:29.538801, 0.10178205370903015, 20.99994468688965, 90.0, 0.0, 41.128082275390625
0:00:29.615736, 0.10170936584472656, 20.99994468688965, 90.0, 0.0, 41.181148529052734
0:00:29.708336, 0.10162899643182755, 20.99994468688965, 90.0, 0.0, 41.24247360229492
0:00:29.802443, 0.10155238956212997, 20.99994468688965, 90.0, 0.0, 41.30375289916992
0:00:29.894794, 0.10148013383150101, 20.99994468688965, 90.0, 0.0, 41.364349365234375
0:00:29.989114, 0.10141052305698395, 20.99994468688965, 90.0, 0.0, 41.42554473876953
0:00:30.097688, 0.10134419798851013, 20.99994468688965, 90.0, 0.0, 41.486698150634766
0:00:30.174587, 0.1012900173664093, 20.99994468688965, 90.0, 0.0, 41.53889846801758
0:00:30.265830, 0.10122933983802795, 20.99994468688965, 90.0, 0.0, 41.599979400634766
0:00:30.372428, 0.10117153823375702, 20.99994468688965, 90.0, 0.0, 41.6610221862793
0:00:30.464559, 0.10111644864082336, 20.99994468688965, 90.0, 0.0, 41.72203063964844
0:00:30.557127, 0.10106395184993744, 20.99994468688965, 90.0, 0.0, 41.78300857543945
0:00:30.649077, 0.10101392865180969, 20.99994468688965, 90.0, 0.0, 41.843955993652344
0:00:30.755483, 0.10096576064825058, 20.99994468688965, 90.0, 0.0, 41.9055061340332
0:00:30.832299, 0.10092683881521225, 20.99994468688965, 90.0, 0.0, 41.95751953125
0:00:30.924374, 0.10088324546813965, 20.99994468688965, 90.0, 0.0, 42.01838684082031
0:00:31.031099, 0.1008417084813118, 20.99994468688965, 90.0, 0.0, 42.079227447509766
0:00:31.107731, 0.10080737620592117, 20.99994468688965, 90.0, 0.0, 42.131813049316406
0:00:31.214373, 0.10076440870761871, 20.99994468688965, 90.0, 0.0, 42.20083999633789
0:00:31.306592, 0.10072845965623856, 20.99994468688965, 90.0, 0.0, 42.2616081237793
0:00:31.415776, 0.1006942018866539, 20.99994468688965, 90.0, 0.0, 42.32235336303711
0:00:31.508324, 0.10066155344247818, 20.99994468688965, 90.0, 0.0, 42.383087158203125
0:00:31.586121, 0.10063488036394119, 20.99994468688965, 90.0, 0.0, 42.43494415283203
0:00:31.679212, 0.10060502588748932, 20.99994468688965, 90.0, 0.0, 42.495635986328125
0:00:31.785134, 0.10057657212018967, 20.99994468688965, 90.0, 0.0, 42.55631637573242
0:00:31.861569, 0.10055305063724518, 20.99994468688965, 90.0, 0.0, 42.60875701904297
0:00:31.955166, 0.10052704811096191, 20.99994468688965, 90.0, 0.0, 42.66940689086914
0:00:32.046735, 0.10050226747989655, 20.99994468688965, 90.0, 0.0, 42.73003387451172
0:00:32.155209, 0.1004786491394043, 20.99994468688965, 90.0, 0.0, 42.790653228759766
0:00:32.246983, 0.10045614093542099, 20.99994468688965, 90.0, 0.0, 42.851253509521484
0:00:32.338759, 0.10043469071388245, 20.99994468688965, 90.0, 0.0, 42.911842346191406
0:00:32.428875, 0.10041424632072449, 20.99994468688965, 90.0, 0.0, 42.972415924072266
0:00:32.537444, 0.10039476305246353, 20.99994468688965, 90.0, 0.0, 43.03297805786133
0:00:32.614912, 0.10037865489721298, 20.99994468688965, 90.0, 0.0, 43.08533477783203
0:00:32.708589, 0.10036084800958633, 20.99994468688965, 90.0, 0.0, 43.145870208740234
0:00:32.799275, 0.10034389048814774, 20.99994468688965, 90.0, 0.0, 43.20640563964844
0:00:32.891327, 0.10033002495765686, 20.99994468688965, 90.0, 0.0, 43.25809860229492
0:00:32.982115, 0.10031450539827347, 20.99994468688965, 90.0, 0.0, 43.318607330322266
0:00:33.088735, 0.10029777139425278, 20.99994468688965, 90.0, 0.0, 43.38731002807617
0:00:33.197478, 0.10028376430273056, 20.99994468688965, 90.0, 0.0, 43.44780349731445
0:00:33.275138, 0.10027218610048294, 20.99994468688965, 90.0, 0.0, 43.50009536743164
0:00:33.366723, 0.10025952011346817, 20.99994468688965, 90.0, 0.0, 43.5599479675293
0:00:33.458536, 0.10024731606245041, 20.99994468688965, 90.0, 0.0, 43.620426177978516
0:00:33.566373, 0.10023568570613861, 20.99994468688965, 90.0, 0.0, 43.68088150024414
0:00:33.661874, 0.10022459924221039, 20.99994468688965, 90.0, 0.0, 43.741336822509766
0:00:33.737735, 0.10021543502807617, 20.99994468688965, 90.0, 0.0, 43.793601989746094
0:00:33.828416, 0.10020541399717331, 20.99994468688965, 90.0, 0.0, 43.853424072265625
0:00:33.921939, 0.1001957505941391, 20.99994468688965, 90.0, 0.0, 43.91386795043945
0:00:34.013022, 0.1001877710223198, 20.99994468688965, 90.0, 0.0, 43.96611404418945
0:00:34.119646, 0.10017778724431992, 20.99994468688965, 90.0, 0.0, 44.03472137451172
0:00:34.211617, 0.10016942024230957, 20.99994468688965, 90.0, 0.0, 44.09514617919922
0:00:34.305042, 0.10016144067049026, 20.99994468688965, 90.0, 0.0, 44.15557098388672
0:00:34.413999, 0.10015392303466797, 20.99994468688965, 90.0, 0.0, 44.21536636352539
0:00:34.490434, 0.10014764219522476, 20.99994468688965, 90.0, 0.0, 44.26758575439453
0:00:34.581436, 0.10014069080352783, 20.99994468688965, 90.0, 0.0, 44.32798385620117
0:00:34.676931, 0.10013407468795776, 20.99994468688965, 90.0, 0.0, 44.38838195800781
0:00:34.784044, 0.10012783855199814, 20.99994468688965, 90.0, 0.0, 44.448150634765625
0:00:34.876244, 0.10012181848287582, 20.99994468688965, 90.0, 0.0, 44.508548736572266
0:00:34.953803, 0.10011684894561768, 20.99994468688965, 90.0, 0.0, 44.56076431274414
0:00:35.044818, 0.10011136531829834, 20.99994468688965, 90.0, 0.0, 44.621158599853516
0:00:35.167995, 0.10010544210672379, 20.99994468688965, 90.0, 0.0, 44.68972396850586
0:00:35.262120, 0.10010048747062683, 20.99994468688965, 90.0, 0.0, 44.75009536743164
0:00:35.354351, 0.10009576380252838, 20.99994468688965, 90.0, 0.0, 44.81046676635742
0:00:35.431641, 0.100091852247715, 20.99994468688965, 90.0, 0.0, 44.86266326904297
0:00:35.524303, 0.10008753836154938, 20.99994468688965, 90.0, 0.0, 44.92303466796875
0:00:35.632329, 0.10008341819047928, 20.99994468688965, 90.0, 0.0, 44.98340606689453
0:00:35.709836, 0.10008001327514648, 20.99994468688965, 90.0, 0.0, 45.03560256958008
0:00:35.802650, 0.10007628798484802, 20.99994468688965, 90.0, 0.0, 45.095340728759766
0:00:35.894636, 0.10007265955209732, 20.99994468688965, 90.0, 0.0, 45.15633773803711
0:00:35.986726, 0.10006973147392273, 20.99994468688965, 90.0, 0.0, 45.20790100097656
0:00:36.080060, 0.10006645321846008, 20.99994468688965, 90.0, 0.0, 45.26826858520508
0:00:36.172110, 0.10006333142518997, 20.99994468688965, 90.0, 0.0, 45.32863235473633
0:00:36.264568, 0.1000603586435318, 20.99994468688965, 90.0, 0.0, 45.38899612426758
0:00:36.387726, 0.10005713999271393, 20.99994468688965, 90.0, 0.0, 45.45751953125
0:00:36.464297, 0.10005481541156769, 20.99994468688965, 90.0, 0.0, 45.50969314575195
0:00:36.556108, 0.10005223751068115, 20.99994468688965, 90.0, 0.0, 45.570037841796875
0:00:36.648992, 0.10004977881908417, 20.99994468688965, 90.0, 0.0, 45.6303825378418
0:00:36.757747, 0.10004743933677673, 20.99994468688965, 90.0, 0.0, 45.69072723388672
0:00:36.850916, 0.10004520416259766, 20.99994468688965, 90.0, 0.0, 45.75107192993164
0:00:36.928320, 0.10004337877035141, 20.99994468688965, 90.0, 0.0, 45.802616119384766
0:00:37.022069, 0.10004133731126785, 20.99994468688965, 90.0, 0.0, 45.86295700073242
0:00:37.114094, 0.10003938525915146, 20.99994468688965, 90.0, 0.0, 45.92329788208008
0:00:37.223076, 0.10003753006458282, 20.99994468688965, 90.0, 0.0, 45.983638763427734
0:00:37.301335, 0.10003599524497986, 20.99994468688965, 90.0, 0.0, 46.03580856323242
0:00:37.393664, 0.10003429651260376, 20.99994468688965, 90.0, 0.0, 46.09614944458008
0:00:37.485188, 0.10003268718719482, 20.99994468688965, 90.0, 0.0, 46.156490325927734
0:00:37.591896, 0.10003115236759186, 20.99994468688965, 90.0, 0.0, 46.21683120727539
0:00:37.669513, 0.10002987831830978, 20.99994468688965, 90.0, 0.0, 46.26900100708008
0:00:37.776440, 0.10002828389406204, 20.99994468688965, 90.0, 0.0, 46.3375129699707
0:00:37.868945, 0.10002695769071579, 20.99994468688965, 90.0, 0.0, 46.39785385131836
0:00:37.959498, 0.10002586245536804, 20.99994468688965, 90.0, 0.0, 46.45002365112305
0:00:38.052318, 0.10002465546131134, 20.99994468688965, 90.0, 0.0, 46.509735107421875
0:00:38.144991, 0.10002349317073822, 20.99994468688965, 90.0, 0.0, 46.570072174072266
0:00:38.251992, 0.10002238303422928, 20.99994468688965, 90.0, 0.0, 46.630409240722656
0:00:38.328984, 0.10002147406339645, 20.99994468688965, 90.0, 0.0, 46.68257522583008
0:00:38.420564, 0.10002046823501587, 20.99994468688965, 90.0, 0.0, 46.7429084777832
0:00:38.528344, 0.10001938045024872, 20.99994468688965, 90.0, 0.0, 46.8114128112793
0:00:38.620351, 0.10001847892999649, 20.99994468688965, 90.0, 0.0, 46.87112045288086
0:00:38.726814, 0.10001760721206665, 20.99994468688965, 90.0, 0.0, 46.93145751953125
0:00:38.803005, 0.10001689195632935, 20.99994468688965, 90.0, 0.0, 46.98362350463867
0:00:38.895560, 0.10001610219478607, 20.99994468688965, 90.0, 0.0, 47.0439567565918
0:00:39.001798, 0.10001534968614578, 20.99994468688965, 90.0, 0.0, 47.10366439819336
0:00:39.077872, 0.10001472383737564, 20.99994468688965, 90.0, 0.0, 47.155826568603516
0:00:39.183577, 0.10001394152641296, 20.99994468688965, 90.0, 0.0, 47.22433090209961
0:00:39.288782, 0.10001327842473984, 20.99994468688965, 90.0, 0.0, 47.284664154052734
0:00:39.365696, 0.10001275688409805, 20.99994468688965, 90.0, 0.0, 47.33620071411133
0:00:39.456475, 0.1000121459364891, 20.99994468688965, 90.0, 0.0, 47.396514892578125
0:00:39.563334, 0.10001158714294434, 20.99994468688965, 90.0, 0.0, 47.45683288574219
0:00:39.639085, 0.10001111775636673, 20.99994468688965, 90.0, 0.0, 47.50835418701172
0:00:39.733321, 0.10001059621572495, 20.99994468688965, 90.0, 0.0, 47.568668365478516
0:00:39.840038, 0.10001002997159958, 20.99994468688965, 90.0, 0.0, 47.637149810791016
0:00:39.947219, 0.10000956058502197, 20.99994468688965, 90.0, 0.0, 47.69746398925781
0:00:40.024163, 0.10000917315483093, 20.99994468688965, 90.0, 0.0, 47.749610900878906
0:00:40.115685, 0.10000874102115631, 20.99994468688965, 90.0, 0.0, 47.80992889404297
0:00:40.208709, 0.10000833868980408, 20.99994468688965, 90.0, 0.0, 47.8696174621582
0:00:40.317217, 0.10000794380903244, 20.99994468688965, 90.0, 0.0, 47.929931640625
0:00:40.393841, 0.10000761598348618, 20.99994468688965, 90.0, 0.0, 47.982078552246094
0:00:40.487369, 0.10000725835561752, 20.99994468688965, 90.0, 0.0, 48.042396545410156
0:00:40.580667, 0.10000691562891006, 20.99994468688965, 90.0, 0.0, 48.10271453857422
0:00:40.688292, 0.1000065952539444, 20.99994468688965, 90.0, 0.0, 48.16303253173828
0:00:40.781812, 0.10000627487897873, 20.99994468688965, 90.0, 0.0, 48.223350524902344
0:00:40.859475, 0.10000602900981903, 20.99994468688965, 90.0, 0.0, 48.27549743652344
0:00:40.950404, 0.10000575333833694, 20.99994468688965, 90.0, 0.0, 48.3358154296875
0:00:41.059098, 0.10000544041395187, 20.99994468688965, 90.0, 0.0, 48.40492630004883
0:00:41.167132, 0.10000517219305038, 20.99994468688965, 90.0, 0.0, 48.46461486816406
0:00:41.243965, 0.10000497102737427, 20.99994468688965, 90.0, 0.0, 48.516761779785156
0:00:41.336714, 0.10000474750995636, 20.99994468688965, 90.0, 0.0, 48.57707595825195
0:00:41.429285, 0.10000453144311905, 20.99994468688965, 90.0, 0.0, 48.63739013671875
0:00:41.534903, 0.10000431537628174, 20.99994468688965, 90.0, 0.0, 48.69707489013672
0:00:41.612444, 0.10000412911176682, 20.99994468688965, 90.0, 0.0, 48.74922180175781
0:00:41.703941, 0.1000039353966713, 20.99994468688965, 90.0, 0.0, 48.80953598022461
0:00:41.810785, 0.10000375658273697, 20.99994468688965, 90.0, 0.0, 48.869850158691406
0:00:41.887798, 0.10000361502170563, 20.99994468688965, 90.0, 0.0, 48.92136764526367
0:00:42.012342, 0.10000340640544891, 20.99994468688965, 90.0, 0.0, 48.9986457824707
0:00:42.090499, 0.10000326484441757, 20.99994468688965, 90.0, 0.0, 49.05016326904297
0:00:42.183259, 0.10000310093164444, 20.99994468688965, 90.0, 0.0, 49.110477447509766
0:00:42.290958, 0.10000293701887131, 20.99994468688965, 90.0, 0.0, 49.17079162597656
0:00:42.367227, 0.10000281780958176, 20.99994468688965, 90.0, 0.0, 49.222938537597656
0:00:42.458616, 0.10000269114971161, 20.99994468688965, 90.0, 0.0, 49.28325271606445
0:00:42.565873, 0.10000257939100266, 20.99994468688965, 90.0, 0.0, 49.34356689453125
0:00:42.642334, 0.1000024825334549, 20.99994468688965, 90.0, 0.0, 49.395713806152344
0:00:42.735365, 0.10000237077474594, 20.99994468688965, 90.0, 0.0, 49.45602798461914
0:00:42.827610, 0.10000225901603699, 20.99994468688965, 90.0, 0.0, 49.51634216308594
0:00:42.935442, 0.10000215470790863, 20.99994468688965, 90.0, 0.0, 49.576656341552734
0:00:43.014685, 0.10000206530094147, 20.99994468688965, 90.0, 0.0, 49.62880325317383
0:00:43.107659, 0.10000196099281311, 20.99994468688965, 90.0, 0.0, 49.6884880065918
0:00:43.215300, 0.10000184178352356, 20.99994468688965, 90.0, 0.0, 49.7569694519043
0:00:43.308204, 0.1000017374753952, 20.99994468688965, 90.0, 0.0, 49.817283630371094
0:00:43.401127, 0.10000166296958923, 20.99994468688965, 90.0, 0.0, 49.87759780883789
0:00:43.493044, 0.10000160336494446, 20.99994468688965, 90.0, 0.0, 49.929115295410156
0:00:43.584441, 0.10000154376029968, 20.99994468688965, 90.0, 0.0, 49.98942947387695
0:00:43.675982, 0.10000148415565491, 20.99994468688965, 90.0, 0.0, 50.04974365234375
0:00:43.784737, 0.10000142455101013, 20.99994468688965, 90.0, 0.0, 50.11005783081055
0:00:43.861733, 0.10000137239694595, 20.99994468688965, 90.0, 0.0, 50.16220474243164
0:00:43.954860, 0.10000132024288177, 20.99994468688965, 90.0, 0.0, 50.22251892089844
0:00:44.048825, 0.100001260638237, 20.99994468688965, 90.0, 0.0, 50.28346252441406
0:00:44.155872, 0.10000120848417282, 20.99994468688965, 90.0, 0.0, 50.34377670288086
0:00:44.262402, 0.10000114887952805, 20.99994468688965, 90.0, 0.0, 50.41288757324219
0:00:44.339948, 0.10000110417604446, 20.99994468688965, 90.0, 0.0, 50.46503448486328
0:00:44.433294, 0.10000105202198029, 20.99994468688965, 90.0, 0.0, 50.52534866333008
0:00:44.528413, 0.10000099986791611, 20.99994468688965, 90.0, 0.0, 50.58503341674805
0:00:44.621263, 0.10000094771385193, 20.99994468688965, 90.0, 0.0, 50.645347595214844
0:00:44.712813, 0.10000090301036835, 20.99994468688965, 90.0, 0.0, 50.69749450683594
0:00:44.804736, 0.10000085085630417, 20.99994468688965, 90.0, 0.0, 50.757808685302734
0:00:44.897941, 0.10000079870223999, 20.99994468688965, 90.0, 0.0, 50.8174934387207
0:00:45.005697, 0.10000074654817581, 20.99994468688965, 90.0, 0.0, 50.8778076171875
0:00:45.080794, 0.10000070184469223, 20.99994468688965, 90.0, 0.0, 50.929954528808594
0:00:45.173485, 0.10000064969062805, 20.99994468688965, 90.0, 0.0, 50.99026870727539
0:00:45.265495, 0.10000059753656387, 20.99994468688965, 90.0, 0.0, 51.05058288574219
0:00:45.375575, 0.10000056028366089, 20.99994468688965, 90.0, 0.0, 51.110897064208984
0:00:45.469146, 0.1000005379319191, 20.99994468688965, 90.0, 0.0, 51.17121124267578
0:00:45.545403, 0.1000005304813385, 20.99994468688965, 90.0, 0.0, 51.223358154296875
0:00:45.652597, 0.1000005230307579, 20.99994468688965, 90.0, 0.0, 51.291839599609375
0:00:45.745362, 0.10000051558017731, 20.99994468688965, 90.0, 0.0, 51.35215377807617
0:00:45.852627, 0.10000050812959671, 20.99994468688965, 90.0, 0.0, 51.41246795654297
0:00:45.928693, 0.10000050067901611, 20.99994468688965, 90.0, 0.0, 51.46461486816406
0:00:46.023661, 0.10000049322843552, 20.99994468688965, 90.0, 0.0, 51.52492904663086
0:00:46.115504, 0.10000048577785492, 20.99994468688965, 90.0, 0.0, 51.585243225097656
0:00:46.222676, 0.10000047832727432, 20.99994468688965, 90.0, 0.0, 51.64555740356445
0:00:46.300823, 0.10000047087669373, 20.99994468688965, 90.0, 0.0, 51.69770431518555
0:00:46.395907, 0.10000046342611313, 20.99994468688965, 90.0, 0.0, 51.758018493652344
0:00:46.488471, 0.10000046342611313, 20.99994468688965, 90.0, 0.0, 51.81896209716797
0:00:46.579604, 0.10000046342611313, 20.99994468688965, 90.0, 0.0, 51.87110900878906
0:00:46.672984, 0.10000046342611313, 20.99994468688965, 90.0, 0.0, 51.93142318725586
0:00:46.764469, 0.10000045597553253, 20.99994468688965, 90.0, 0.0, 51.992366790771484
0:00:46.857742, 0.10000045597553253, 20.99994468688965, 90.0, 0.0, 52.05205154418945
0:00:46.965275, 0.10000044852495193, 20.99994468688965, 90.0, 0.0, 52.11236572265625
0:00:47.057133, 0.10000044107437134, 20.99994468688965, 90.0, 0.0, 52.17267990112305
0:00:47.149274, 0.10000043362379074, 20.99994468688965, 90.0, 0.0, 52.232994079589844
0:00:47.255497, 0.10000043362379074, 20.99994468688965, 90.0, 0.0, 52.29330825805664
0:00:47.348963, 0.10000043362379074, 20.99994468688965, 90.0, 0.0, 52.354251861572266
0:00:47.426122, 0.10000043362379074, 20.99994468688965, 90.0, 0.0, 52.40576934814453
0:00:47.517912, 0.10000043362379074, 20.99994468688965, 90.0, 0.0, 52.46608352661133
0:00:47.625203, 0.10000043362379074, 20.99994468688965, 90.0, 0.0, 52.52702713012695
0:00:47.701882, 0.10000043362379074, 20.99994468688965, 90.0, 0.0, 52.57854461669922
0:00:47.795550, 0.10000043362379074, 20.99994468688965, 90.0, 0.0, 52.638858795166016
0:00:47.888818, 0.10000043362379074, 20.99994468688965, 90.0, 0.0, 52.69917297363281
0:00:47.996398, 0.10000043362379074, 20.99994468688965, 90.0, 0.0, 52.76765441894531
0:00:48.087836, 0.10000043362379074, 20.99994468688965, 90.0, 0.0, 52.819801330566406
0:00:48.180346, 0.10000043362379074, 20.99994468688965, 90.0, 0.0, 52.8801155090332
0:00:48.273962, 0.10000043362379074, 20.99994468688965, 90.0, 0.0, 52.9404296875
0:00:48.368532, 0.10000043362379074, 20.99994468688965, 90.0, 0.0, 53.0007438659668
0:00:48.462319, 0.10000043362379074, 20.99994468688965, 90.0, 0.0, 53.061058044433594
0:00:48.571671, 0.10000043362379074, 20.99994468688965, 90.0, 0.0, 53.12137222290039
0:00:48.649373, 0.10000043362379074, 20.99994468688965, 90.0, 0.0, 53.172889709472656
0:00:48.742821, 0.10000043362379074, 20.99994468688965, 90.0, 0.0, 53.23320388793945
0:00:48.834700, 0.10000043362379074, 20.99994468688965, 90.0, 0.0, 53.29351806640625
0:00:48.942988, 0.10000043362379074, 20.99994468688965, 90.0, 0.0, 53.354461669921875
0:00:49.018792, 0.10000043362379074, 20.99994468688965, 90.0, 0.0, 53.40660858154297
0:00:49.109754, 0.10000043362379074, 20.99994468688965, 90.0, 0.0, 53.467552185058594
0:00:49.217838, 0.10000043362379074, 20.99994468688965, 90.0, 0.0, 53.52786636352539
0:00:49.294418, 0.10000043362379074, 20.99994468688965, 90.0, 0.0, 53.580013275146484
0:00:49.403326, 0.10000043362379074, 20.99994468688965, 90.0, 0.0, 53.648494720458984
0:00:49.496553, 0.10000043362379074, 20.99994468688965, 90.0, 0.0, 53.70880889892578
0:00:49.587758, 0.10000043362379074, 20.99994468688965, 90.0, 0.0, 53.76912307739258
0:00:49.695295, 0.10000043362379074, 20.99994468688965, 90.0, 0.0, 53.829437255859375
0:00:49.771712, 0.10000043362379074, 20.99994468688965, 90.0, 0.0, 53.88095474243164
0:00:49.863809, 0.10000043362379074, 20.99994468688965, 90.0, 0.0, 53.94126892089844
0:00:49.970880, 0.10000043362379074, 20.99994468688965, 90.0, 0.0, 54.001583099365234
0:00:50.063771, 0.10000043362379074, 20.99994468688965, 90.0, 0.0, 54.06189727783203
0:00:50.139943, 0.10000043362379074, 20.99994468688965, 90.0, 0.0, 54.1134147644043
0:00:50.247468, 0.10000043362379074, 20.99994468688965, 90.0, 0.0, 54.182525634765625
0:00:50.356246, 0.10000043362379074, 20.99994468688965, 90.0, 0.0, 54.251007080078125
0:00:50.465673, 0.10000043362379074, 20.99994468688965, 90.0, 0.0, 54.31132125854492
0:00:50.556495, 0.10000043362379074, 20.99994468688965, 90.0, 0.0, 54.37163543701172
0:00:50.634081, 0.10000043362379074, 20.99994468688965, 90.0, 0.0, 54.42378234863281
0:00:50.739525, 0.10000043362379074, 20.99994468688965, 90.0, 0.0, 54.48409652709961
0:00:50.816658, 0.10000043362379074, 20.99994468688965, 90.0, 0.0, 54.5362434387207
0:00:50.909917, 0.10000043362379074, 20.99994468688965, 90.0, 0.0, 54.5965576171875
0:00:51.001383, 0.10000043362379074, 20.99994468688965, 90.0, 0.0, 54.6568717956543
0:00:51.109046, 0.10000043362379074, 20.99994468688965, 90.0, 0.0, 54.717185974121094
0:00:51.184367, 0.10000043362379074, 20.99994468688965, 90.0, 0.0, 54.76870346069336
0:00:51.293327, 0.10000043362379074, 20.99994468688965, 90.0, 0.0, 54.83781433105469
0:00:51.384757, 0.10000043362379074, 20.99994468688965, 90.0, 0.0, 54.898128509521484
0:00:51.493336, 0.10000043362379074, 20.99994468688965, 90.0, 0.0, 54.95907211303711
0:00:51.571447, 0.10000043362379074, 20.99994468688965, 90.0, 0.0, 55.0112190246582
0:00:51.664300, 0.10000043362379074, 20.99994468688965, 90.0, 0.0, 55.071533203125
0:00:51.770485, 0.10000043362379074, 20.99994468688965, 90.0, 0.0, 55.132476806640625
0:00:51.846123, 0.10000043362379074, 20.99994468688965, 90.0, 0.0, 55.18399429321289
0:00:51.939659, 0.10000043362379074, 20.99994468688965, 90.0, 0.0, 55.24430847167969
0:00:52.031874, 0.10000043362379074, 20.99994468688965, 90.0, 0.0, 55.304622650146484
0:00:52.125739, 0.10000043362379074, 20.99994468688965, 90.0, 0.0, 55.36493682861328
0:00:52.217063, 0.10000043362379074, 20.99994468688965, 90.0, 0.0, 55.417083740234375
0:00:52.323488, 0.10000043362379074, 20.99994468688965, 90.0, 0.0, 55.4861946105957
0:00:52.414272, 0.10000043362379074, 20.99994468688965, 90.0, 0.0, 55.5465087890625
0:00:52.506148, 0.10000043362379074, 20.99994468688965, 90.0, 0.0, 55.598655700683594
0:00:52.598375, 0.10000043362379074, 20.99994468688965, 90.0, 0.0, 55.65896987915039
0:00:52.689269, 0.10000043362379074, 20.99994468688965, 90.0, 0.0, 55.71928405761719
0:00:52.781171, 0.10000043362379074, 20.99994468688965, 90.0, 0.0, 55.77143096923828
0:00:52.874176, 0.10000043362379074, 20.99994468688965, 90.0, 0.0, 55.83111572265625
0:00:52.966633, 0.10000043362379074, 20.99994468688965, 90.0, 0.0, 55.89142990112305
0:00:53.072555, 0.10000043362379074, 20.99994468688965, 90.0, 0.0, 55.960540771484375
0:00:53.163625, 0.10000043362379074, 20.99994468688965, 90.0, 0.0, 56.01205825805664
0:00:53.255435, 0.10000043362379074, 20.99994468688965, 90.0, 0.0, 56.07237243652344
0:00:53.347521, 0.10000043362379074, 20.99994468688965, 90.0, 0.0, 56.132686614990234
0:00:53.454908, 0.10000043362379074, 20.99994468688965, 90.0, 0.0, 56.19300079345703
0:00:53.531944, 0.10000043362379074, 20.99994468688965, 90.0, 0.0, 56.245147705078125
0:00:53.626160, 0.10000043362379074, 20.99994468688965, 90.0, 0.0, 56.304832458496094
0:00:53.718665, 0.10000043362379074, 20.99994468688965, 90.0, 0.0, 56.36514663696289
0:00:53.826576, 0.10000043362379074, 20.99994468688965, 90.0, 0.0, 56.42546081542969
0:00:53.903312, 0.10000043362379074, 20.99994468688965, 90.0, 0.0, 56.47760772705078
0:00:54.009250, 0.10000043362379074, 20.99994468688965, 90.0, 0.0, 56.54671859741211
0:00:54.102308, 0.10000043362379074, 20.99994468688965, 90.0, 0.0, 56.607662200927734
0:00:54.211932, 0.10000043362379074, 20.99994468688965, 90.0, 0.0, 56.66860580444336
0:00:54.289205, 0.10000043362379074, 20.99994468688965, 90.0, 0.0, 56.720123291015625
0:00:54.380874, 0.10000043362379074, 20.99994468688965, 90.0, 0.0, 56.78043746948242
0:00:54.486304, 0.10000043362379074, 20.99994468688965, 90.0, 0.0, 56.84075164794922
0:00:54.563013, 0.10000043362379074, 20.99994468688965, 90.0, 0.0, 56.89289855957031
0:00:54.655132, 0.10000043362379074, 20.99994468688965, 90.0, 0.0, 56.95321273803711
0:00:54.748531, 0.10000043362379074, 20.99994468688965, 90.0, 0.0, 57.013526916503906
0:00:54.855777, 0.10000043362379074, 20.99994468688965, 90.0, 0.0, 57.082008361816406
0:00:54.946337, 0.10000043362379074, 20.99994468688965, 90.0, 0.0, 57.13352584838867
0:00:55.036061, 0.10000043362379074, 20.99994468688965, 90.0, 0.0, 57.19384002685547
0:00:55.130327, 0.10000043362379074, 20.99994468688965, 90.0, 0.0, 57.254154205322266
0:00:55.225463, 0.10000043362379074, 20.99994468688965, 90.0, 0.0, 57.31446838378906
0:00:55.317658, 0.10000043362379074, 20.99994468688965, 90.0, 0.0, 57.366615295410156
0:00:55.409055, 0.10000043362379074, 20.99994468688965, 90.0, 0.0, 57.42692947387695
0:00:55.500248, 0.10000043362379074, 20.99994468688965, 90.0, 0.0, 57.48724365234375
0:00:55.592385, 0.10000043362379074, 20.99994468688965, 90.0, 0.0, 57.539390563964844
0:00:55.678753, 0.10000043362379074, 20.99994468688965, 90.0, 0.0, 57.59970474243164
0:00:55.792835, 0.10000043362379074, 20.99994468688965, 90.0, 0.0, 57.66881561279297
0:00:55.899840, 0.10000043362379074, 20.99994468688965, 90.0, 0.0, 57.729129791259766
0:00:55.993177, 0.10000043362379074, 20.99994468688965, 90.0, 0.0, 57.78944396972656
0:00:56.069485, 0.10000043362379074, 20.99994468688965, 90.0, 0.0, 57.841590881347656
0:00:56.163389, 0.10000043362379074, 20.99994468688965, 90.0, 0.0, 57.90190505981445
0:00:56.270999, 0.10000043362379074, 20.99994468688965, 90.0, 0.0, 57.96221923828125
0:00:56.365534, 0.10000043362379074, 20.99994468688965, 90.0, 0.0, 58.023162841796875
0:00:56.443300, 0.10000043362379074, 20.99994468688965, 90.0, 0.0, 58.07530975341797
0:00:56.535953, 0.10000043362379074, 20.99994468688965, 90.0, 0.0, 58.136253356933594
0:00:56.628299, 0.10000043362379074, 20.99994468688965, 90.0, 0.0, 58.19656753540039
0:00:56.718278, 0.10000043362379074, 20.99994468688965, 90.0, 0.0, 58.24934387207031
0:00:56.812238, 0.10000043362379074, 20.99994468688965, 90.28214263916016, 0.0, 58.30965805053711
0:00:56.904607, 0.10000043362379074, 20.99994468688965, 86.0366439819336, 0.0, 58.369972229003906
0:00:57.027876, 0.10000043362379074, 20.99994468688965, 81.45784759521484, 0.0, 58.438453674316406
0:00:57.104351, 0.10000043362379074, 20.99994468688965, 78.13513946533203, 0.0, 58.4906005859375
0:00:57.197557, 0.10000043362379074, 20.99994468688965, 74.42332458496094, 0.0, 58.551544189453125
0:00:57.289692, 0.10000043362379074, 20.99994468688965, 70.92359161376953, 0.0, 58.61185836791992
0:00:57.397107, 0.10000043362379074, 20.99994468688965, 67.58842468261719, 0.0, 58.67217254638672
0:00:57.472572, 0.10000043362379074, 20.99994468688965, 64.83145141601562, 0.0, 58.72431945800781
0:00:57.566423, 0.10000043362379074, 20.99994468688965, 61.78276824951172, 0.0, 58.78463363647461
0:00:57.655769, 0.10000043362379074, 20.99994468688965, 59.26261520385742, 0.0, 58.8367805480957
0:00:57.747429, 0.10000043362379074, 20.99994468688965, 56.47576904296875, 0.0, 58.8970947265625
0:00:57.855266, 0.10000043362379074, 20.99994468688965, 53.44322967529297, 0.0, 58.96620559692383
0:00:57.948519, 0.10000043362379074, 20.99994468688965, 50.930076599121094, 0.0, 59.026519775390625
0:00:58.056717, 0.10000043362379074, 20.99994468688965, 48.53510665893555, 0.0, 59.08683395385742
0:00:58.134436, 0.10000043362379074, 20.99994468688965, 46.57880783081055, 0.0, 59.13835144042969
0:00:58.226438, 0.10000043362379074, 20.99994468688965, 44.36608123779297, 0.0, 59.19929504394531
0:00:58.318559, 0.10000043362379074, 20.99994468688965, 42.279781341552734, 0.0, 59.25960922241211
0:00:58.427928, 0.10000043362379074, 20.99994468688965, 40.29158401489258, 0.0, 59.319923400878906
0:00:58.505049, 0.10000043362379074, 20.99994468688965, 38.66755676269531, 0.0, 59.37144088745117
0:00:58.595240, 0.10000043362379074, 20.99994468688965, 36.84920120239258, 0.0, 59.43175506591797
0:00:58.688768, 0.10000043362379074, 20.99994468688965, 35.116355895996094, 0.0, 59.492069244384766
0:00:58.795672, 0.10000043362379074, 20.99994468688965, 33.464996337890625, 0.0, 59.55238342285156
0:00:58.887469, 0.10000043362379074, 20.99994468688965, 31.8752384185791, 0.0, 59.61332702636719
0:00:58.979225, 0.10000043362379074, 20.99994468688965, 30.37631607055664, 0.0, 59.673641204833984
0:00:59.086463, 0.10000043362379074, 20.99994468688965, 28.933286666870117, 0.0, 59.73458480834961
0:00:59.162122, 0.10000043362379074, 20.99994468688965, 27.75310516357422, 0.0, 59.7867317199707
0:00:59.255552, 0.10000043362379074, 20.99994468688965, 26.4346923828125, 0.0, 59.84767532348633
0:00:59.362409, 0.10000043362379074, 20.99994468688965, 25.19161033630371, 0.0, 59.907989501953125
0:00:59.439584, 0.10000043362379074, 20.99994468688965, 24.176218032836914, 0.0, 59.95950698852539
0:00:59.533062, 0.10000043362379074, 20.99994468688965, 23.03931999206543, 0.0, 60.01982116699219
0:00:59.624340, 0.10000043362379074, 20.99994468688965, 21.95588493347168, 0.0, 60.080135345458984
0:00:59.718468, 0.10000043362379074, 20.99994468688965, 20.923398971557617, 0.0, 60.14044952392578
0:00:59.810160, 0.10000043362379074, 20.99994468688965, 20.069923400878906, 0.0, 60.192596435546875
0:00:59.932324, 0.10000043362379074, 20.99994468688965, 18.878307342529297, 0.0, 60.26924514770508
0:01:00.008259, 0.10000043362379074, 20.99994468688965, 18.108253479003906, 0.0, 60.32139205932617
0:01:00.115615, 0.10000043362379074, 20.99994468688965, 17.2567195892334, 0.0, 60.38170623779297
0:01:00.193148, 0.10000043362379074, 20.99994468688965, 16.55282211303711, 0.0, 60.43385314941406
0:01:00.283586, 0.10000043362379074, 20.99994468688965, 15.774429321289062, 0.0, 60.49416732788086
0:01:00.377034, 0.10000043362379074, 20.99994468688965, 15.032642364501953, 0.0, 60.554481506347656
0:01:00.469615, 0.10000043362379074, 20.99994468688965, 14.419464111328125, 0.0, 60.60662841796875
0:01:00.560089, 0.10000043362379074, 20.99994468688965, 13.741393089294434, 0.0, 60.66694259643555
0:01:00.666219, 0.10000043362379074, 20.99994468688965, 13.003532409667969, 0.0, 60.736053466796875
0:01:00.774339, 0.10000043362379074, 20.99994468688965, 12.392045021057129, 0.0, 60.79636764526367
0:01:00.850420, 0.10000043362379074, 20.99994468688965, 11.886575698852539, 0.0, 60.848514556884766
0:01:00.942747, 0.10000043362379074, 20.99994468688965, 11.327613830566406, 0.0, 60.90882873535156
0:01:01.049658, 0.10000043362379074, 20.99994468688965, 10.794936180114746, 0.0, 60.96914291381836
0:01:01.125075, 0.10000043362379074, 20.99994468688965, 10.354613304138184, 0.0, 61.02128982543945
0:01:01.216604, 0.10000043362379074, 20.99994468688965, 9.867690086364746, 0.0, 61.08160400390625
0:01:01.324303, 0.10000043362379074, 20.99994468688965, 9.342540740966797, 0.0, 61.15008544921875
0:01:01.414387, 0.10000043362379074, 20.99994468688965, 8.96146011352539, 0.0, 61.202232360839844
0:01:01.505906, 0.10000043362379074, 20.99994468688965, 8.535745620727539, 0.0, 61.26317596435547
0:01:01.612384, 0.10000043362379074, 20.99994468688965, 8.134354591369629, 0.0, 61.323490142822266
0:01:01.688762, 0.10000043362379074, 20.99994468688965, 7.798623085021973, 0.0, 61.37626647949219
0:01:01.780206, 0.10000043362379074, 20.99994468688965, 7.4318952560424805, 0.0, 61.436580657958984
0:01:01.903715, 0.10000043362379074, 20.99994468688965, 7.036377429962158, 0.0, 61.505062103271484
0:01:01.980355, 0.10000043362379074, 20.99994468688965, 6.749364376068115, 0.0, 61.55720901489258
0:01:02.072538, 0.10000043362379074, 20.99994468688965, 6.431976795196533, 0.0, 61.617523193359375
0:01:02.163842, 0.10000043362379074, 20.99994468688965, 6.129515171051025, 0.0, 61.67783737182617
0:01:02.272866, 0.10000043362379074, 20.99994468688965, 5.8412766456604, 0.0, 61.73815155029297
0:01:02.348987, 0.10000043362379074, 20.99994468688965, 5.60300874710083, 0.0, 61.79029846191406
0:01:02.441215, 0.10000043362379074, 20.99994468688965, 5.339529037475586, 0.0, 61.85061264038086
0:01:02.548066, 0.10000043362379074, 20.99994468688965, 5.088435173034668, 0.0, 61.910926818847656
0:01:02.623305, 0.10000043362379074, 20.99994468688965, 4.880875587463379, 0.0, 61.96307373046875
0:01:02.729681, 0.10000043362379074, 20.99994468688965, 4.618791580200195, 0.0, 62.03218460083008
0:01:02.836120, 0.10000043362379074, 20.99994468688965, 4.401594638824463, 0.0, 62.092498779296875
0:01:02.926036, 0.10000043362379074, 20.99994468688965, 4.194611072540283, 0.0, 62.15281295776367
0:01:03.003330, 0.10000043362379074, 20.99994468688965, 4.025540351867676, 0.0, 62.20433044433594
0:01:03.107928, 0.10000043362379074, 20.99994468688965, 3.836237668991089, 0.0, 62.264644622802734
0:01:03.185165, 0.10000043362379074, 20.99994468688965, 3.679755449295044, 0.0, 62.31679153442383
0:01:03.292958, 0.10000043362379074, 20.99994468688965, 3.483922243118286, 0.0, 62.38527297973633
0:01:03.384959, 0.10000043362379074, 20.99994468688965, 3.320089340209961, 0.0, 62.445587158203125
0:01:03.493249, 0.10000043362379074, 20.99994468688965, 3.163961172103882, 0.0, 62.50590133666992
0:01:03.571009, 0.10000043362379074, 20.99994468688965, 3.0349037647247314, 0.0, 62.558048248291016
0:01:03.664679, 0.10000043362379074, 20.99994468688965, 2.892188310623169, 0.0, 62.61836242675781
0:01:03.756402, 0.10000043362379074, 20.99994468688965, 2.7561841011047363, 0.0, 62.67867660522461
0:01:03.864149, 0.10000043362379074, 20.99994468688965, 2.626575469970703, 0.0, 62.738990783691406
0:01:03.942088, 0.10000043362379074, 20.99994468688965, 2.519437789916992, 0.0, 62.7911376953125
0:01:04.034665, 0.10000043362379074, 20.99994468688965, 2.3997535705566406, 0.0, 62.852081298828125
0:01:04.128623, 0.10000043362379074, 20.99994468688965, 2.2869060039520264, 0.0, 62.91239547729492
0:01:04.223150, 0.10000043362379074, 20.99994468688965, 2.1782665252685547, 0.0, 62.97333908081055
0:01:04.314859, 0.10000043362379074, 20.99994468688965, 2.090467691421509, 0.0, 63.02485656738281
0:01:04.407112, 0.10000043362379074, 20.99994468688965, 1.992162823677063, 0.0, 63.08517074584961
0:01:04.499056, 0.10000043362379074, 20.99994468688965, 1.8984805345535278, 0.0, 63.145484924316406
0:01:04.592627, 0.10000043362379074, 20.99994468688965, 1.8092036247253418, 0.0, 63.2057991027832
0:01:04.701767, 0.10000043362379074, 20.99994468688965, 1.7241250276565552, 0.0, 63.26611328125
0:01:04.808462, 0.10000043362379074, 20.99994468688965, 1.631545901298523, 0.0, 63.33522415161133
0:01:04.884399, 0.10000043362379074, 20.99994468688965, 1.5657833814620972, 0.0, 63.386741638183594
0:01:04.976536, 0.10000043362379074, 20.99994468688965, 1.4921518564224243, 0.0, 63.44705581665039
0:01:05.084903, 0.10000043362379074, 20.99994468688965, 1.4219828844070435, 0.0, 63.50736999511719
0:01:05.178645, 0.10000043362379074, 20.99994468688965, 1.3544315099716187, 0.0, 63.56831359863281
0:01:05.254934, 0.10000043362379074, 20.99994468688965, 1.2998387813568115, 0.0, 63.61983108520508
0:01:05.361991, 0.10000043362379074, 20.99994468688965, 1.238089919090271, 0.0, 63.6807746887207
0:01:05.439185, 0.10000043362379074, 20.99994468688965, 1.1875883340835571, 0.0, 63.7329216003418
0:01:05.532827, 0.10000043362379074, 20.99994468688965, 1.1317423582077026, 0.0, 63.793235778808594
0:01:05.626676, 0.10000043362379074, 20.99994468688965, 1.0785225629806519, 0.0, 63.85354995727539
0:01:05.718108, 0.10000043362379074, 20.99994468688965, 1.0278054475784302, 0.0, 63.91386413574219
0:01:05.917633, 0.10000043362379074, 20.99994468688965, 0.9329425096511841, 0.0, 64.0351333618164
0:01:06.010983, 0.10000043362379074, 20.99994468688965, 0.8890712261199951, 0.0, 64.09546661376953
0:01:06.117710, 0.10000043362379074, 20.99994468688965, 0.8472629189491272, 0.0, 64.15579986572266
0:01:06.193325, 0.10000043362379074, 20.99994468688965, 0.8127025961875916, 0.0, 64.20796203613281
0:01:06.286189, 0.10000043362379074, 20.99994468688965, 0.7740951180458069, 0.0, 64.2689208984375
0:01:06.394115, 0.10000043362379074, 20.99994468688965, 0.7373217344284058, 0.0, 64.32987976074219
0:01:06.471323, 0.10000043362379074, 20.99994468688965, 0.7072464823722839, 0.0, 64.38204193115234
0:01:06.563465, 0.10000043362379074, 20.99994468688965, 0.6736487150192261, 0.0, 64.44300079345703
0:01:06.671011, 0.10000043362379074, 20.99994468688965, 0.641647458076477, 0.0, 64.50395965576172
0:01:06.762240, 0.10000043362379074, 20.99994468688965, 0.6114742159843445, 0.0, 64.56429290771484
0:01:06.854745, 0.10000043362379074, 20.99994468688965, 0.582426130771637, 0.0, 64.62525177001953
0:01:06.945974, 0.10000043362379074, 20.99994468688965, 0.5550376772880554, 0.0, 64.68558502197266
0:01:07.038296, 0.10000043362379074, 20.99994468688965, 0.532397449016571, 0.0, 64.73774719238281
0:01:07.129873, 0.10000043362379074, 20.99994468688965, 0.5071059465408325, 0.0, 64.7987060546875
0:01:07.223565, 0.10000043362379074, 20.99994468688965, 0.4832594394683838, 0.0, 64.85903930664062
0:01:07.330903, 0.10000043362379074, 20.99994468688965, 0.46053430438041687, 0.0, 64.91937255859375
0:01:07.423503, 0.10000043362379074, 20.99994468688965, 0.43887782096862793, 0.0, 64.97970581054688
0:01:07.500944, 0.10000043362379074, 20.99994468688965, 0.42097577452659607, 0.0, 65.03186798095703
0:01:07.593446, 0.10000043362379074, 20.99994468688965, 0.40097734332084656, 0.0, 65.09282684326172
0:01:07.700389, 0.10000043362379074, 20.99994468688965, 0.3821215331554413, 0.0, 65.15316009521484
0:01:07.792414, 0.10000043362379074, 20.99994468688965, 0.36415237188339233, 0.0, 65.21349334716797
0:01:07.883780, 0.10000043362379074, 20.99994468688965, 0.3470282554626465, 0.0, 65.2738265991211
0:01:07.975619, 0.10000043362379074, 20.99994468688965, 0.3307093679904938, 0.0, 65.33415985107422
0:01:08.067122, 0.10000043362379074, 20.99994468688965, 0.3172195553779602, 0.0, 65.38632202148438
0:01:08.158426, 0.10000043362379074, 20.99994468688965, 0.30230239033699036, 0.0, 65.4466552734375
0:01:08.264902, 0.10000043362379074, 20.99994468688965, 0.2880867123603821, 0.0, 65.50698852539062
0:01:08.357319, 0.10000043362379074, 20.99994468688965, 0.2745394706726074, 0.0, 65.56732177734375
0:01:08.449153, 0.10000043362379074, 20.99994468688965, 0.2616293430328369, 0.0, 65.62765502929688
0:01:08.542195, 0.10000043362379074, 20.99994468688965, 0.24932628870010376, 0.0, 65.68798828125
0:01:08.634206, 0.10000043362379074, 20.99994468688965, 0.23760178685188293, 0.0, 65.74832153320312
0:01:08.725932, 0.10000043362379074, 20.99994468688965, 0.2279098778963089, 0.0, 65.80048370361328
0:01:08.819805, 0.10000043362379074, 20.99994468688965, 0.21708300709724426, 0.0, 65.86144256591797
0:01:08.912632, 0.10000043362379074, 20.99994468688965, 0.2067706286907196, 0.0, 65.92240142822266
0:01:09.019242, 0.10000043362379074, 20.99994468688965, 0.19704729318618774, 0.0, 65.98273468017578
0:01:09.095507, 0.10000043362379074, 20.99994468688965, 0.18891450762748718, 0.0, 66.0355224609375
0:01:09.188874, 0.10000043362379074, 20.99994468688965, 0.18003083765506744, 0.0, 66.09585571289062
0:01:09.279542, 0.10000043362379074, 20.99994468688965, 0.1726003885269165, 0.0, 66.14864349365234
0:01:09.388077, 0.10000043362379074, 20.99994468688965, 0.16341477632522583, 0.0, 66.21714782714844
0:01:09.479069, 0.10000043362379074, 20.99994468688965, 0.15573014318943024, 0.0, 66.27748107910156
0:01:09.585775, 0.10000043362379074, 20.99994468688965, 0.14840687811374664, 0.0, 66.33781433105469
0:01:09.662367, 0.10000043362379074, 20.99994468688965, 0.14235328137874603, 0.0, 66.38997650146484
0:01:09.753958, 0.10000043362379074, 20.99994468688965, 0.13565915822982788, 0.0, 66.45030975341797
0:01:09.846960, 0.10000043362379074, 20.99994468688965, 0.12927983701229095, 0.0, 66.5106430053711
0:01:09.941373, 0.10000043362379074, 20.99994468688965, 0.12320048362016678, 0.0, 66.57097625732422
0:01:10.048728, 0.10000043362379074, 20.99994468688965, 0.11740701645612717, 0.0, 66.63130950927734
0:01:10.125823, 0.10000043362379074, 20.99994468688965, 0.11267471313476562, 0.0, 66.68284606933594
0:01:10.217111, 0.10000043362379074, 20.99994468688965, 0.10737614333629608, 0.0, 66.74317932128906
0:01:10.339924, 0.10000043362379074, 20.99994468688965, 0.1016104593873024, 0.0, 66.81230926513672
0:01:10.431514, 0.10000043362379074, 20.99994468688965, 0.0968322604894638, 0.0, 66.87264251708984
0:01:10.508112, 0.10000043362379074, 20.99994468688965, 0.09288249164819717, 0.0, 66.9248046875
0:01:10.600251, 0.10000043362379074, 20.99994468688965, 0.08851472288370132, 0.0, 66.98513793945312
0:01:10.708479, 0.10000043362379074, 20.99994468688965, 0.08435235172510147, 0.0, 67.04547119140625
0:01:10.784388, 0.10000043362379074, 20.99994468688965, 0.08091158419847488, 0.0, 67.0976333618164
0:01:10.875648, 0.10000043362379074, 20.99994468688965, 0.07710668444633484, 0.0, 67.15796661376953
0:01:10.983514, 0.10000043362379074, 20.99994468688965, 0.07348071783781052, 0.0, 67.21829986572266
0:01:11.060381, 0.10000043362379074, 20.99994468688965, 0.07048339396715164, 0.0, 67.27046203613281
0:01:11.154229, 0.10000043362379074, 20.99994468688965, 0.06713508069515228, 0.0, 67.3314208984375
0:01:11.261056, 0.10000043362379074, 20.99994468688965, 0.06353022158145905, 0.0, 67.40055084228516
0:01:11.367738, 0.10000043362379074, 20.99994468688965, 0.06054273620247841, 0.0, 67.46088409423828
0:01:11.445034, 0.10000043362379074, 20.99994468688965, 0.05807316675782204, 0.0, 67.51304626464844
0:01:11.537827, 0.10000043362379074, 20.99994468688965, 0.05531439557671547, 0.0, 67.57400512695312
0:01:11.645830, 0.10000043362379074, 20.99994468688965, 0.05268668010830879, 0.0, 67.63496398925781
0:01:11.724106, 0.10000043362379074, 20.99994468688965, 0.0505375973880291, 0.0, 67.68712615966797
0:01:11.817760, 0.10000043362379074, 20.99994468688965, 0.04813684523105621, 0.0, 67.74808502197266
0:01:11.910335, 0.10000043362379074, 20.99994468688965, 0.04587322473526001, 0.0, 67.80841827392578
0:01:12.017671, 0.10000043362379074, 20.99994468688965, 0.04371601715683937, 0.0, 67.8687515258789
0:01:12.096065, 0.10000043362379074, 20.99994468688965, 0.04193281754851341, 0.0, 67.92091369628906
0:01:12.189117, 0.10000043362379074, 20.99994468688965, 0.039960943162441254, 0.0, 67.98124694824219
0:01:12.282665, 0.10000043362379074, 20.99994468688965, 0.038081761449575424, 0.0, 68.04158020019531
0:01:12.376792, 0.10000043362379074, 20.99994468688965, 0.03627268597483635, 0.0, 68.1025390625
0:01:12.468177, 0.10000043362379074, 20.99994468688965, 0.03481065109372139, 0.0, 68.1540756225586
0:01:12.560351, 0.10000043362379074, 20.99994468688965, 0.03317366540431976, 0.0, 68.21440887451172
0:01:12.668317, 0.10000043362379074, 20.99994468688965, 0.03139236941933632, 0.0, 68.28353881835938
0:01:12.762281, 0.10000043362379074, 20.99994468688965, 0.029916154220700264, 0.0, 68.3438720703125
0:01:12.868987, 0.10000043362379074, 20.99994468688965, 0.02850935608148575, 0.0, 68.40420532226562
0:01:12.946325, 0.10000043362379074, 20.99994468688965, 0.027360234409570694, 0.0, 68.45574188232422
0:01:13.038719, 0.10000043362379074, 20.99994468688965, 0.026073608547449112, 0.0, 68.51607513427734
0:01:13.132745, 0.10000043362379074, 20.99994468688965, 0.02484748698771, 0.0, 68.57640838623047
0:01:13.226332, 0.10000043362379074, 20.99994468688965, 0.02367902547121048, 0.0, 68.6367416381836
0:01:13.317446, 0.10000043362379074, 20.99994468688965, 0.022713162004947662, 0.0, 68.68890380859375
0:01:13.410423, 0.10000043362379074, 20.99994468688965, 0.021645084023475647, 0.0, 68.74923706054688
0:01:13.503404, 0.10000043362379074, 20.99994468688965, 0.020627230405807495, 0.0, 68.8095703125
0:01:13.596001, 0.10000043362379074, 20.99994468688965, 0.01965724304318428, 0.0, 68.86990356445312
0:01:13.688573, 0.10000043362379074, 20.99994468688965, 0.018855426460504532, 0.0, 68.92206573486328
0:01:13.781485, 0.10000043362379074, 20.99994468688965, 0.01795971393585205, 0.0, 68.98302459716797
0:01:13.872987, 0.10000043362379074, 20.99994468688965, 0.017115164548158646, 0.0, 69.0433578491211
0:01:13.995123, 0.10000043362379074, 20.99994468688965, 0.016196144744753838, 0.0, 69.11248779296875
0:01:14.073022, 0.10000043362379074, 20.99994468688965, 0.015535508282482624, 0.0, 69.1646499633789
0:01:14.165846, 0.10000043362379074, 20.99994468688965, 0.014797492884099483, 0.0, 69.2256088256836
0:01:14.258252, 0.10000043362379074, 20.99994468688965, 0.014094548299908638, 0.0, 69.28656768798828
0:01:14.367079, 0.10000043362379074, 20.99994468688965, 0.013431757688522339, 0.0, 69.3469009399414
0:01:14.442675, 0.10000043362379074, 20.99994468688965, 0.01288386806845665, 0.0, 69.39906311035156
0:01:14.533949, 0.10000043362379074, 20.99994468688965, 0.012277998961508274, 0.0, 69.45939636230469
0:01:14.641955, 0.10000043362379074, 20.99994468688965, 0.011700620874762535, 0.0, 69.51972961425781
0:01:14.718774, 0.10000043362379074, 20.99994468688965, 0.011223346926271915, 0.0, 69.57189178466797
0:01:14.811329, 0.10000043362379074, 20.99994468688965, 0.010695572942495346, 0.0, 69.6322250366211
0:01:14.919586, 0.10000043362379074, 20.99994468688965, 0.010126358829438686, 0.0, 69.70072937011719
0:01:15.025617, 0.10000043362379074, 20.99994468688965, 0.009645306505262852, 0.0, 69.76168823242188
0:01:15.102038, 0.10000043362379074, 20.99994468688965, 0.009256535209715366, 0.0, 69.81322479248047
0:01:15.196011, 0.10000043362379074, 20.99994468688965, 0.008821249939501286, 0.0, 69.8735580444336
0:01:15.287286, 0.10000043362379074, 20.99994468688965, 0.008406427688896656, 0.0, 69.93389129638672
0:01:15.396659, 0.10000043362379074, 20.99994468688965, 0.008007080294191837, 0.0, 69.9948501586914
0:01:15.475127, 0.10000043362379074, 20.99994468688965, 0.007680473383516073, 0.0, 70.04701232910156
0:01:15.568071, 0.10000043362379074, 20.99994468688965, 0.007319301832467318, 0.0, 70.10734558105469
0:01:15.660402, 0.10000043362379074, 20.99994468688965, 0.006971597671508789, 0.0, 70.16830444335938
0:01:15.768584, 0.10000043362379074, 20.99994468688965, 0.006643760018050671, 0.0, 70.2286376953125
0:01:15.845304, 0.10000043362379074, 20.99994468688965, 0.006372762378305197, 0.0, 70.28079986572266
0:01:15.936190, 0.10000043362379074, 20.99994468688965, 0.006073085591197014, 0.0, 70.34113311767578
0:01:16.043838, 0.10000043362379074, 20.99994468688965, 0.005787501111626625, 0.0, 70.4014663696289
0:01:16.151503, 0.10000043362379074, 20.99994468688965, 0.005476738791912794, 0.0, 70.47059631347656
0:01:16.227335, 0.10000043362379074, 20.99994468688965, 0.005253343842923641, 0.0, 70.52275848388672
0:01:16.320545, 0.10000043362379074, 20.99994468688965, 0.005003783386200666, 0.0, 70.5837173461914
0:01:16.412076, 0.10000043362379074, 20.99994468688965, 0.004799680318683386, 0.0, 70.63587951660156
0:01:16.505957, 0.10000043362379074, 20.99994468688965, 0.0045716711319983006, 0.0, 70.69683837890625
0:01:16.598027, 0.10000043362379074, 20.99994468688965, 0.004354493226855993, 0.0, 70.75779724121094
0:01:16.688439, 0.10000043362379074, 20.99994468688965, 0.004176874179393053, 0.0, 70.8099594116211
0:01:16.779348, 0.10000043362379074, 20.99994468688965, 0.003978452179580927, 0.0, 70.87091827392578
0:01:16.887514, 0.10000043362379074, 20.99994468688965, 0.0037648272700607777, 0.0, 70.94004821777344
0:01:16.996840, 0.10000043362379074, 20.99994468688965, 0.003587787738069892, 0.0, 71.00038146972656
0:01:17.074243, 0.10000043362379074, 20.99994468688965, 0.003441442968323827, 0.0, 71.05254364013672
0:01:17.166747, 0.10000043362379074, 20.99994468688965, 0.0032796103041619062, 0.0, 71.11287689208984
0:01:17.258897, 0.10000043362379074, 20.99994468688965, 0.0031253851484507322, 0.0, 71.17321014404297
0:01:17.367986, 0.10000043362379074, 20.99994468688965, 0.0029769137036055326, 0.0, 71.23416900634766
0:01:17.461689, 0.10000043362379074, 20.99994468688965, 0.002836925443261862, 0.0, 71.29450225830078
0:01:17.537197, 0.10000043362379074, 20.99994468688965, 0.002721207682043314, 0.0, 71.34666442871094
0:01:17.630746, 0.10000043362379074, 20.99994468688965, 0.0025932437274605036, 0.0, 71.40699768066406
0:01:17.740090, 0.10000043362379074, 20.99994468688965, 0.0024712972808629274, 0.0, 71.46733093261719
0:01:17.818344, 0.10000043362379074, 20.99994468688965, 0.0023704918567091227, 0.0, 71.51949310302734
0:01:17.910690, 0.10000043362379074, 20.99994468688965, 0.002259020460769534, 0.0, 71.57982635498047
0:01:18.003271, 0.10000043362379074, 20.99994468688965, 0.002152791013941169, 0.0, 71.6401596069336
0:01:18.096736, 0.10000043362379074, 20.99994468688965, 0.0020515567157417536, 0.0, 71.70049285888672
0:01:18.191469, 0.10000043362379074, 20.99994468688965, 0.0019550828728824854, 0.0, 71.76082611083984
0:01:18.300040, 0.10000043362379074, 20.99994468688965, 0.001863144338130951, 0.0, 71.82115936279297
0:01:18.376131, 0.10000043362379074, 20.99994468688965, 0.0017871457384899259, 0.0, 71.87332153320312
0:01:18.469567, 0.10000043362379074, 20.99994468688965, 0.0017031057504937053, 0.0, 71.93365478515625
0:01:18.575448, 0.10000043362379074, 20.99994468688965, 0.0016230178298428655, 0.0, 71.99398803710938
0:01:18.668235, 0.10000043362379074, 20.99994468688965, 0.0015459174755960703, 0.0, 72.05494689941406
0:01:18.760177, 0.10000043362379074, 20.99994468688965, 0.0014732212293893099, 0.0, 72.11528015136719
0:01:18.853283, 0.10000043362379074, 20.99994468688965, 0.0014032358303666115, 0.0, 72.17623901367188
0:01:18.962633, 0.10000043362379074, 20.99994468688965, 0.0013372490648180246, 0.0, 72.236572265625
0:01:19.057431, 0.10000043362379074, 20.99994468688965, 0.0012737230863422155, 0.0, 72.29753112792969
0:01:19.136151, 0.10000043362379074, 20.99994468688965, 0.0012217680923640728, 0.0, 72.34969329833984
0:01:19.228069, 0.10000043362379074, 20.99994468688965, 0.0011637290008366108, 0.0, 72.41065216064453
0:01:19.322325, 0.10000043362379074, 20.99994468688965, 0.0011090050684288144, 0.0, 72.47098541259766
0:01:19.429694, 0.10000043362379074, 20.99994468688965, 0.0010568536818027496, 0.0, 72.53131866455078
0:01:19.507800, 0.10000043362379074, 20.99994468688965, 0.0010137440403923392, 0.0, 72.58348083496094
0:01:19.600092, 0.10000043362379074, 20.99994468688965, 0.0009660730138421059, 0.0, 72.64381408691406
0:01:19.694217, 0.10000043362379074, 20.99994468688965, 0.0009206437389366329, 0.0, 72.70414733886719
0:01:19.800248, 0.10000043362379074, 20.99994468688965, 0.000877350801602006, 0.0, 72.76448059082031
0:01:19.877007, 0.10000043362379074, 20.99994468688965, 0.0008419876103289425, 0.0, 72.8160171508789
0:01:19.970410, 0.10000043362379074, 20.99994468688965, 0.00080239272210747, 0.0, 72.87635040283203
0:01:20.062233, 0.10000043362379074, 20.99994468688965, 0.0007646598387509584, 0.0, 72.93668365478516
0:01:20.170051, 0.10000043362379074, 20.99994468688965, 0.0007287014159373939, 0.0, 72.99701690673828
0:01:20.262551, 0.10000043362379074, 20.99994468688965, 0.0006944339838810265, 0.0, 73.0573501586914
0:01:20.356148, 0.10000043362379074, 20.99994468688965, 0.0006617779727093875, 0.0, 73.11768341064453
0:01:20.447877, 0.10000043362379074, 20.99994468688965, 0.0006303401896730065, 0.0, 73.17864227294922
0:01:20.554932, 0.10000043362379074, 20.99994468688965, 0.0006006986950524151, 0.0, 73.23897552490234
0:01:20.632451, 0.10000043362379074, 20.99994468688965, 0.0005761962966062129, 0.0, 73.2911376953125
0:01:20.724970, 0.10000043362379074, 20.99994468688965, 0.0005491007468663156, 0.0, 73.35147094726562
0:01:20.816543, 0.10000043362379074, 20.99994468688965, 0.000523279479239136, 0.0, 73.41180419921875
0:01:20.907345, 0.10000043362379074, 20.99994468688965, 0.0005019346717745066, 0.0, 73.4639663696289
0:01:20.999179, 0.10000043362379074, 20.99994468688965, 0.0004783314070664346, 0.0, 73.52429962158203
0:01:21.105629, 0.10000043362379074, 20.99994468688965, 0.0004526468110270798, 0.0, 73.59342956542969
0:01:21.197979, 0.10000043362379074, 20.99994468688965, 0.00043418342829681933, 0.0, 73.64559173583984
0:01:21.289162, 0.10000043362379074, 20.99994468688965, 0.0004137661017011851, 0.0, 73.70592498779297
0:01:21.382070, 0.10000043362379074, 20.99994468688965, 0.00039411013131029904, 0.0, 73.76688385009766
0:01:21.488633, 0.10000043362379074, 20.99994468688965, 0.0003755772195290774, 0.0, 73.82721710205078
0:01:21.565528, 0.10000043362379074, 20.99994468688965, 0.0003600759373512119, 0.0, 73.8800048828125
0:01:21.658696, 0.10000043362379074, 20.99994468688965, 0.000343143503414467, 0.0, 73.94033813476562
0:01:21.766874, 0.10000043362379074, 20.99994468688965, 0.00032684244797565043, 0.0, 74.00129699707031
0:01:21.843173, 0.10000043362379074, 20.99994468688965, 0.0003135105944238603, 0.0, 74.05345916748047
0:01:21.948490, 0.10000043362379074, 20.99994468688965, 0.0002966762403957546, 0.0, 74.12258911132812
0:01:22.054814, 0.10000043362379074, 20.99994468688965, 0.00028272514464333653, 0.0, 74.18292236328125
0:01:22.131636, 0.10000043362379074, 20.99994468688965, 0.0002711928391363472, 0.0, 74.2350845336914
0:01:22.224356, 0.10000043362379074, 20.99994468688965, 0.0002584400644991547, 0.0, 74.29541778564453
0:01:22.318359, 0.10000043362379074, 20.99994468688965, 0.00024628706160001457, 0.0, 74.35575103759766
0:01:22.425728, 0.10000043362379074, 20.99994468688965, 0.00023470549785997719, 0.0, 74.41608428955078
0:01:22.504151, 0.10000043362379074, 20.99994468688965, 0.00022513189469464123, 0.0, 74.46824645996094
0:01:22.597443, 0.10000043362379074, 20.99994468688965, 0.00021454512898344547, 0.0, 74.52857971191406
0:01:22.688778, 0.10000043362379074, 20.99994468688965, 0.00020445621339604259, 0.0, 74.58891296386719
0:01:22.797299, 0.10000043362379074, 20.99994468688965, 0.00019484173390083015, 0.0, 74.64924621582031
0:01:22.874712, 0.10000043362379074, 20.99994468688965, 0.00018689417629502714, 0.0, 74.70140838623047
0:01:22.968639, 0.10000043362379074, 20.99994468688965, 0.0001781952305464074, 0.0, 74.76111602783203
0:01:23.061081, 0.10000043362379074, 20.99994468688965, 0.0001698155392659828, 0.0, 74.82144927978516
0:01:23.153237, 0.10000043362379074, 23.48788070678711, 0.00016182988474611193, 0.0, 74.88178253173828
0:01:23.275283, 0.10000043362379074, 26.035858154296875, 0.00015321734827011824, 0.0, 74.95028686523438
0:01:23.352103, 0.10000043362379074, 27.797119140625, 0.0001469675189582631, 0.0, 75.00244903564453
0:01:23.445730, 0.10000043362379074, 29.65867042541504, 0.00014005642151460052, 0.0, 75.06278228759766
0:01:23.538287, 0.10000043362379074, 31.348691940307617, 0.00013347032654564828, 0.0, 75.12311553955078
0:01:23.629760, 0.10000043362379074, 32.68387985229492, 0.00012802612036466599, 0.0, 75.17527770996094
0:01:23.723663, 0.10000043362379074, 34.09514617919922, 0.00012200570927234367, 0.0, 75.23561096191406
0:01:23.817481, 0.10000043362379074, 35.38920593261719, 0.00011620982695603743, 0.0, 75.29656982421875
0:01:23.909948, 0.10000043362379074, 36.55120086669922, 0.00011074510257458314, 0.0, 75.35690307617188
0:01:24.001946, 0.10000043362379074, 37.47992706298828, 0.00010617428051773459, 0.0, 75.4096908569336
0:01:24.093527, 0.10000043362379074, 38.44927215576172, 0.00010118147474713624, 0.0, 75.47002410888672
0:01:24.186417, 0.10000043362379074, 39.338111877441406, 9.637485345592722e-05, 0.0, 75.5309829711914
0:01:24.308341, 0.10000043362379074, 40.246337890625, 9.11999522941187e-05, 0.0, 75.60011291503906
0:01:24.385150, 0.10000043362379074, 40.86806869506836, 8.747992251301184e-05, 0.0, 75.65227508544922
0:01:24.477208, 0.10000043362379074, 41.52522277832031, 8.336620521731675e-05, 0.0, 75.71260833740234
0:01:24.569792, 0.10000043362379074, 42.121822357177734, 7.944592653075233e-05, 0.0, 75.77294158935547
0:01:24.678659, 0.10000043362379074, 42.663475036621094, 7.570994785055518e-05, 0.0, 75.8332748413086
0:01:24.753770, 0.10000043362379074, 43.091400146484375, 7.262169674504548e-05, 0.0, 75.88543701171875
0:01:24.846196, 0.10000043362379074, 43.54369354248047, 6.920668965904042e-05, 0.0, 75.94577026367188
0:01:24.952904, 0.10000043362379074, 43.95431137084961, 6.5952270233538e-05, 0.0, 76.006103515625
0:01:25.030740, 0.10000043362379074, 44.27872085571289, 6.326209404505789e-05, 0.0, 76.05826568603516
0:01:25.137121, 0.10000043362379074, 44.66552734375, 5.989535929984413e-05, 0.0, 76.12677001953125
0:01:25.228787, 0.10000043362379074, 44.972782135009766, 5.707875607185997e-05, 0.0, 76.18710327148438
0:01:25.337776, 0.10000043362379074, 45.25172805786133, 5.439460801426321e-05, 0.0, 76.2474365234375
0:01:25.415470, 0.10000043362379074, 45.472110748291016, 5.2175819291733205e-05, 0.0, 76.29959869384766
0:01:25.508461, 0.10000043362379074, 45.70736312866211, 4.969720612280071e-05, 0.0, 76.36055755615234
0:01:25.599753, 0.10000043362379074, 45.918617248535156, 4.7360212192870677e-05, 0.0, 76.42089080810547
0:01:25.706968, 0.10000043362379074, 46.11039733886719, 4.513311796472408e-05, 0.0, 76.4812240600586
0:01:25.783095, 0.10000043362379074, 46.26192092895508, 4.329211515141651e-05, 0.0, 76.53338623046875
0:01:25.888891, 0.10000043362379074, 46.423675537109375, 4.123552571400069e-05, 0.0, 76.59434509277344
0:01:25.995702, 0.10000043362379074, 46.587528228759766, 3.90410132240504e-05, 0.0, 76.66284942626953
0:01:26.073225, 0.10000043362379074, 46.7007942199707, 3.744850982911885e-05, 0.0, 76.71501159667969
0:01:26.164177, 0.10000043362379074, 46.82170104980469, 3.5669545468408614e-05, 0.0, 76.77597045898438
0:01:26.256407, 0.10000043362379074, 46.91617965698242, 3.421459041419439e-05, 0.0, 76.82813262939453
0:01:26.349985, 0.10000043362379074, 47.01704406738281, 3.2589250622550026e-05, 0.0, 76.88909149169922
0:01:26.441547, 0.10000043362379074, 47.108524322509766, 3.104111965512857e-05, 0.0, 76.9500503540039
0:01:26.550130, 0.10000043362379074, 47.1906623840332, 2.95814224955393e-05, 0.0, 77.01038360595703
0:01:26.626368, 0.10000043362379074, 47.25631332397461, 2.8360498617985286e-05, 0.0, 77.06317138671875
0:01:26.719319, 0.10000043362379074, 47.3248405456543, 2.7026855605072342e-05, 0.0, 77.12350463867188
0:01:26.828591, 0.10000043362379074, 47.387672424316406, 2.5742945581441745e-05, 0.0, 77.18446350097656
0:01:26.921992, 0.10000043362379074, 47.44466018676758, 2.4520028091501445e-05, 0.0, 77.24542236328125
0:01:26.998898, 0.10000043362379074, 47.48918533325195, 2.3519862224929966e-05, 0.0, 77.2975845336914
0:01:27.091423, 0.10000043362379074, 47.5362548828125, 2.2413849364966154e-05, 0.0, 77.35791778564453
0:01:27.199355, 0.10000043362379074, 47.57898712158203, 2.1359845050028525e-05, 0.0, 77.41825103759766
0:01:27.308815, 0.10000043362379074, 47.62313461303711, 2.0212903109495528e-05, 0.0, 77.48738098144531
0:01:27.403710, 0.10000043362379074, 47.657859802246094, 1.926239929161966e-05, 0.0, 77.54771423339844
0:01:27.481607, 0.10000043362379074, 47.685298919677734, 1.8476675904821604e-05, 0.0, 77.5998764038086
0:01:27.574762, 0.10000043362379074, 47.71429443359375, 1.760781742632389e-05, 0.0, 77.66020965576172
0:01:27.666164, 0.10000043362379074, 47.74087905883789, 1.6771358787082136e-05, 0.0, 77.7211685180664
0:01:27.776585, 0.10000043362379074, 47.76476287841797, 1.5982688637450337e-05, 0.0, 77.78150177001953
0:01:27.868935, 0.10000043362379074, 47.78643798828125, 1.523110768175684e-05, 0.0, 77.84183502197266
0:01:27.946465, 0.10000043362379074, 47.80356216430664, 1.4609834579459857e-05, 0.0, 77.89399719238281
0:01:28.037754, 0.10000043362379074, 47.82166290283203, 1.3922812286182307e-05, 0.0, 77.95433044433594
0:01:28.146838, 0.10000043362379074, 47.83809280395508, 1.3268097063701134e-05, 0.0, 78.01466369628906
0:01:28.223231, 0.10000043362379074, 47.85092544555664, 1.273330235562753e-05, 0.0, 78.06620025634766
0:01:28.314989, 0.10000043362379074, 47.86465835571289, 1.2134511962358374e-05, 0.0, 78.12653350830078
0:01:28.421917, 0.10000043362379074, 47.87712860107422, 1.1563881344045512e-05, 0.0, 78.1868667602539
0:01:28.498552, 0.10000043362379074, 47.88698196411133, 1.1092183740402106e-05, 0.0, 78.23902893066406
0:01:28.591430, 0.10000043362379074, 47.897396087646484, 1.057057761499891e-05, 0.0, 78.29936218261719
0:01:28.699802, 0.10000043362379074, 47.90815353393555, 1.000298470898997e-05, 0.0, 78.36849212646484
0:01:28.792341, 0.10000043362379074, 47.91670608520508, 9.527793736197054e-06, 0.0, 78.42945098876953
0:01:28.901662, 0.10000043362379074, 47.924381256103516, 9.079752089746762e-06, 0.0, 78.48978424072266
0:01:28.978963, 0.10000043362379074, 47.93051528930664, 8.705000254849438e-06, 0.0, 78.54257202148438
0:01:29.072351, 0.10000043362379074, 47.936920166015625, 8.295651241496671e-06, 0.0, 78.6029052734375
0:01:29.178581, 0.10000043362379074, 47.94279479980469, 7.901565368229058e-06, 0.0, 78.66386413574219
0:01:29.255040, 0.10000043362379074, 47.947383880615234, 7.579261364298873e-06, 0.0, 78.71602630615234
0:01:29.346426, 0.10000043362379074, 47.95227813720703, 7.219209237518953e-06, 0.0, 78.77698516845703
0:01:29.454261, 0.10000043362379074, 47.9566764831543, 6.879728061903734e-06, 0.0, 78.83731842041016
0:01:29.531150, 0.10000043362379074, 47.96010971069336, 6.602428129554028e-06, 0.0, 78.88885498046875
0:01:29.623984, 0.10000043362379074, 47.96378707885742, 6.291946192504838e-06, 0.0, 78.94918823242188
0:01:29.730906, 0.10000043362379074, 47.967552185058594, 5.957090706942836e-06, 0.0, 79.01769256591797
0:01:29.824282, 0.10000043362379074, 47.970542907714844, 5.6769558796077035e-06, 0.0, 79.0780258178711
0:01:29.933620, 0.10000043362379074, 47.97325897216797, 5.409994628280401e-06, 0.0, 79.13835906982422
0:01:30.007976, 0.10000043362379074, 47.97540283203125, 5.189318017073674e-06, 0.0, 79.19052124023438
0:01:30.098889, 0.10000043362379074, 47.977664947509766, 4.945291948388331e-06, 0.0, 79.2508544921875
0:01:30.190448, 0.10000043362379074, 47.97943878173828, 4.745962542074267e-06, 0.0, 79.3023910522461
0:01:30.281850, 0.10000043362379074, 47.98133087158203, 4.522781637206208e-06, 0.0, 79.36272430419922
0:01:30.375583, 0.10000043362379074, 47.983070373535156, 4.307926701585529e-06, 0.0, 79.4236831665039
0:01:30.482299, 0.10000043362379074, 47.9846305847168, 4.105347670702031e-06, 0.0, 79.48401641845703
0:01:30.573853, 0.10000043362379074, 47.98604965209961, 3.912295142072253e-06, 0.0, 79.54434967041016
0:01:30.666068, 0.10000043362379074, 47.98733901977539, 3.7283207348082215e-06, 0.0, 79.60468292236328
0:01:30.758904, 0.10000043362379074, 47.98850631713867, 3.5529976685211295e-06, 0.0, 79.6650161743164
0:01:30.867610, 0.10000043362379074, 47.989566802978516, 3.3859189443319337e-06, 0.0, 79.72534942626953
0:01:30.944444, 0.10000043362379074, 47.99040222167969, 3.2478053526574513e-06, 0.0, 79.77751159667969
0:01:31.037384, 0.10000043362379074, 47.99128341674805, 3.095076181125478e-06, 0.0, 79.83784484863281
0:01:31.129694, 0.10000043362379074, 47.992095947265625, 2.948044539152761e-06, 0.0, 79.8988037109375
0:01:31.238421, 0.10000043362379074, 47.99282455444336, 2.8094138997403206e-06, 0.0, 79.95913696289062
0:01:31.315782, 0.10000043362379074, 47.99340057373047, 2.6948184768116334e-06, 0.0, 80.01129913330078
0:01:31.408147, 0.10000043362379074, 47.994014739990234, 2.5668014131952077e-06, 0.0, 80.07225799560547
0:01:31.515062, 0.10000043362379074, 47.99457550048828, 2.4448675048915902e-06, 0.0, 80.13321685791016
0:01:31.591226, 0.10000043362379074, 47.99501037597656, 2.3451418655895395e-06, 0.0, 80.18537902832031
0:01:31.696833, 0.10000043362379074, 47.99553298950195, 2.219218458776595e-06, 0.0, 80.25450897216797
0:01:31.803307, 0.10000043362379074, 47.99594497680664, 2.114860308211064e-06, 0.0, 80.3148422241211
0:01:31.880971, 0.10000043362379074, 47.996273040771484, 2.02757291845046e-06, 0.0, 80.36763000488281
0:01:31.973278, 0.10000043362379074, 47.99661636352539, 1.9322269508847967e-06, 0.0, 80.42796325683594
0:01:32.080320, 0.10000043362379074, 47.99692916870117, 1.8413646785120363e-06, 0.0, 80.48829650878906
0:01:32.173448, 0.10000043362379074, 47.997215270996094, 1.7547749848745298e-06, 0.0, 80.54862976074219
0:01:32.250694, 0.10000043362379074, 47.997440338134766, 1.6831979792186758e-06, 0.0, 80.60079193115234
0:01:32.343490, 0.10000043362379074, 47.997676849365234, 1.6040460195654305e-06, 0.0, 80.66112518310547
0:01:32.437250, 0.10000043362379074, 47.99789047241211, 1.5286161669791909e-06, 0.0, 80.7214584350586
0:01:32.544478, 0.10000043362379074, 47.998085021972656, 1.456732434235164e-06, 0.0, 80.78179168701172
0:01:32.622570, 0.10000043362379074, 47.99823760986328, 1.3973116210763692e-06, 0.0, 80.83395385742188
0:01:32.728928, 0.10000043362379074, 47.9984245300293, 1.3222824009062606e-06, 0.0, 80.90308380126953
0:01:32.822613, 0.10000043362379074, 47.99856948852539, 1.2601025218828e-06, 0.0, 80.96341705322266
0:01:32.929513, 0.10000043362379074, 47.99870300292969, 1.2014512549285428e-06, 0.0, 81.02312469482422
0:01:33.006889, 0.10000043362379074, 47.99880599975586, 1.1524432466103463e-06, 0.0, 81.07528686523438
0:01:33.099567, 0.10000043362379074, 47.99891662597656, 1.0982499816236668e-06, 0.0, 81.1356201171875
0:01:33.192769, 0.10000043362379074, 47.999019622802734, 1.0466051207913551e-06, 0.0, 81.19595336914062
0:01:33.300793, 0.10000043362379074, 47.999107360839844, 9.973889518732904e-07, 0.0, 81.25628662109375
0:01:33.377119, 0.10000043362379074, 47.99917984008789, 9.571873533786857e-07, 0.0, 81.30782318115234
0:01:33.470395, 0.10000043362379074, 47.999263763427734, 9.121752100327285e-07, 0.0, 81.36815643310547
0:01:33.563238, 0.10000043362379074, 47.999324798583984, 8.692798019183101e-07, 0.0, 81.4284896850586
0:01:33.669917, 0.10000043362379074, 47.99938201904297, 8.279845360448235e-07, 0.0, 81.48944854736328
0:01:33.761941, 0.10000043362379074, 47.99943923950195, 7.890488973316678e-07, 0.0, 81.5497817993164
0:01:33.853604, 0.10000043362379074, 47.99949264526367, 7.51565153223055e-07, 0.0, 81.6107406616211
0:01:33.958576, 0.10000043362379074, 47.99954605102539, 7.158625408010266e-07, 0.0, 81.67169952392578
0:01:34.035869, 0.10000043362379074, 47.99958419799805, 6.86662701809837e-07, 0.0, 81.72386169433594
0:01:34.127119, 0.10000043362379074, 47.99961471557617, 6.540433332702378e-07, 0.0, 81.78482055664062
0:01:34.218265, 0.10000043362379074, 47.99964141845703, 6.273650114962948e-07, 0.0, 81.83698272705078
0:01:34.309977, 0.10000043362379074, 47.999671936035156, 5.978633907943731e-07, 0.0, 81.8973159790039
0:01:34.418563, 0.10000043362379074, 47.99970245361328, 5.657603310282866e-07, 0.0, 81.96644592285156
0:01:34.510887, 0.10000043362379074, 47.99972915649414, 5.391556783251872e-07, 0.0, 82.02677917480469
0:01:34.603386, 0.10000043362379074, 47.999752044677734, 5.171636416889669e-07, 0.0, 82.07894134521484
0:01:34.694107, 0.10000043362379074, 47.999778747558594, 4.928442081109097e-07, 0.0, 82.13927459716797
0:01:34.786651, 0.10000043362379074, 47.99980545043945, 4.6966837885520363e-07, 0.0, 82.1996078491211
0:01:34.896236, 0.10000043362379074, 47.99983215332031, 4.4758240846931585e-07, 0.0, 82.25994110107422
0:01:34.973671, 0.10000043362379074, 47.999855041503906, 4.2954178525178577e-07, 0.0, 82.31147766113281
0:01:35.065048, 0.10000043362379074, 47.99986267089844, 4.093424195161788e-07, 0.0, 82.37181091308594
0:01:35.157244, 0.10000043362379074, 47.9998664855957, 3.900929357314453e-07, 0.0, 82.43214416503906
0:01:35.264952, 0.10000043362379074, 47.99987030029297, 3.715616117005993e-07, 0.0, 82.49310302734375
0:01:35.342194, 0.10000043362379074, 47.999874114990234, 3.564056783034175e-07, 0.0, 82.5452651977539
0:01:35.448630, 0.10000043362379074, 47.9998779296875, 3.3743813787623367e-07, 0.0, 82.61376953125
0:01:35.540371, 0.10000043362379074, 47.999881744384766, 3.2157024065782025e-07, 0.0, 82.67410278320312
0:01:35.648999, 0.10000043362379074, 47.99988555908203, 3.064482712034078e-07, 0.0, 82.73443603515625
0:01:35.725100, 0.10000043362379074, 47.9998893737793, 2.9394806233540294e-07, 0.0, 82.7865982055664
0:01:35.818864, 0.10000043362379074, 47.9998893737793, 2.79984050166604e-07, 0.0, 82.8475570678711
0:01:35.925798, 0.10000043362379074, 47.9998893737793, 2.668178638032259e-07, 0.0, 82.90789031982422
0:01:36.001935, 0.10000043362379074, 47.9998893737793, 2.5593439545446017e-07, 0.0, 82.96005249023438
0:01:36.094174, 0.10000043362379074, 47.9998893737793, 2.4389916575273674e-07, 0.0, 83.0203857421875
0:01:36.200817, 0.10000043362379074, 47.9998893737793, 2.3231287116232124e-07, 0.0, 83.08134460449219
0:01:36.293343, 0.10000043362379074, 47.9998893737793, 2.212770198184444e-07, 0.0, 83.14230346679688
0:01:36.386057, 0.10000043362379074, 47.9998893737793, 2.1087153356802446e-07, 0.0, 83.20263671875
0:01:36.478208, 0.10000043362379074, 47.9998893737793, 2.0085408891645784e-07, 0.0, 83.26359558105469
0:01:36.585049, 0.10000043362379074, 47.9998893737793, 1.9131266526528634e-07, 0.0, 83.32455444335938
0:01:36.662570, 0.10000043362379074, 47.9998893737793, 1.8350905861552747e-07, 0.0, 83.37671661376953
0:01:36.755367, 0.10000043362379074, 47.9998893737793, 1.747915945315981e-07, 0.0, 83.43767547607422
0:01:36.848003, 0.10000043362379074, 47.9998893737793, 1.6766189503414353e-07, 0.0, 83.48983764648438
0:01:36.938992, 0.10000043362379074, 47.9998893737793, 1.5969712308105954e-07, 0.0, 83.55079650878906
0:01:37.030845, 0.10000043362379074, 47.9998893737793, 1.5218742532852048e-07, 0.0, 83.61112976074219
0:01:37.139282, 0.10000043362379074, 47.9998893737793, 1.4503085310479946e-07, 0.0, 83.67146301269531
0:01:37.216386, 0.10000043362379074, 47.9998893737793, 1.3911507323882688e-07, 0.0, 83.72362518310547
0:01:37.325142, 0.10000043362379074, 47.9998893737793, 1.3164510903607152e-07, 0.0, 83.79275512695312
0:01:37.417493, 0.10000043362379074, 47.9998893737793, 1.2545453387247107e-07, 0.0, 83.85308837890625
0:01:37.523870, 0.10000043362379074, 47.9998893737793, 1.1955505385685683e-07, 0.0, 83.91342163085938
0:01:37.601138, 0.10000043362379074, 47.9998893737793, 1.1467833616052303e-07, 0.0, 83.96558380126953
0:01:37.693180, 0.10000043362379074, 47.9998893737793, 1.0923054816203148e-07, 0.0, 84.02654266357422
0:01:37.798168, 0.10000043362379074, 47.9998893737793, 1.04094020514367e-07, 0.0, 84.08687591552734
0:01:37.874037, 0.10000043362379074, 47.9998893737793, 9.989832250312247e-08, 0.0, 84.13841247558594
0:01:37.967898, 0.10000043362379074, 47.9998893737793, 9.515265020354491e-08, 0.0, 84.19937133789062
0:01:38.074494, 0.10000043362379074, 47.9998893737793, 9.00887258126204e-08, 0.0, 84.26787567138672
0:01:38.180903, 0.10000043362379074, 47.9998893737793, 8.585233501889888e-08, 0.0, 84.32820892333984
0:01:38.257711, 0.10000043362379074, 47.9998893737793, 8.235043225113259e-08, 0.0, 84.38037109375
0:01:38.350731, 0.10000043362379074, 47.9998893737793, 7.84779317086759e-08, 0.0, 84.44070434570312
0:01:38.444834, 0.10000043362379074, 47.9998893737793, 7.47875290585398e-08, 0.0, 84.50103759765625
0:01:38.537697, 0.10000043362379074, 47.9998893737793, 7.17368990876821e-08, 0.0, 84.5531997680664
0:01:38.630302, 0.10000043362379074, 47.9998893737793, 6.836349086825066e-08, 0.0, 84.61353302001953
0:01:38.722034, 0.10000043362379074, 47.9998893737793, 6.511587713475819e-08, 0.0, 84.67449188232422
0:01:38.828955, 0.10000043362379074, 47.9998893737793, 6.202259328347282e-08, 0.0, 84.7354507446289
0:01:38.904132, 0.10000043362379074, 47.9998893737793, 5.94927023200853e-08, 0.0, 84.78761291503906
0:01:39.011456, 0.10000043362379074, 47.9998893737793, 5.629821231423193e-08, 0.0, 84.85674285888672
0:01:39.103177, 0.10000043362379074, 47.9998893737793, 5.400182345738358e-08, 0.0, 84.90890502929688
0:01:39.197751, 0.10000043362379074, 47.9998893737793, 5.14364657533406e-08, 0.0, 84.96986389160156
0:01:39.289316, 0.10000043362379074, 47.9998893737793, 4.89930123137583e-08, 0.0, 85.03082275390625
0:01:39.396699, 0.10000043362379074, 47.9998893737793, 4.6689134336475036e-08, 0.0, 85.09115600585938
0:01:39.473835, 0.10000043362379074, 47.9998893737793, 4.47846559836762e-08, 0.0, 85.14331817626953
0:01:39.566370, 0.10000043362379074, 47.9998893737793, 4.267867481644316e-08, 0.0, 85.20365142822266
0:01:39.658345, 0.10000043362379074, 47.9998893737793, 4.067172554300669e-08, 0.0, 85.26398468017578
0:01:39.764476, 0.10000043362379074, 47.9998893737793, 3.87786691646852e-08, 0.0, 85.32369232177734
0:01:39.857097, 0.10000043362379074, 47.9998893737793, 3.695508965506633e-08, 0.0, 85.38402557373047
0:01:39.947827, 0.10000043362379074, 47.9998893737793, 3.521726199551267e-08, 0.0, 85.4443588256836
0:01:40.055842, 0.10000043362379074, 47.9998893737793, 3.356115385599878e-08, 0.0, 85.50469207763672
0:01:40.147575, 0.10000043362379074, 47.9998893737793, 3.198295672746099e-08, 0.0, 85.56502532958984
0:01:40.224078, 0.10000043362379074, 47.9998893737793, 3.067838250103705e-08, 0.0, 85.6171875
0:01:40.315864, 0.10000043362379074, 47.9998893737793, 2.9235737386557048e-08, 0.0, 85.67752075195312
0:01:40.421503, 0.10000043362379074, 47.9998893737793, 2.786093666884426e-08, 0.0, 85.73785400390625
0:01:40.497841, 0.10000043362379074, 47.9998893737793, 2.6724476853701162e-08, 0.0, 85.7900161743164
0:01:40.605606, 0.10000043362379074, 47.9998893737793, 2.5302227868451155e-08, 0.0, 85.8585205078125
0:01:40.713773, 0.10000043362379074, 47.9998893737793, 2.41002435785731e-08, 0.0, 85.91947937011719
0:01:40.791763, 0.10000043362379074, 47.9998893737793, 2.3117198821864804e-08, 0.0, 85.97164154052734
0:01:40.885635, 0.10000043362379074, 47.9998893737793, 2.2030119950500193e-08, 0.0, 86.03197479248047
0:01:40.979444, 0.10000043362379074, 47.9998893737793, 2.0994161076259843e-08, 0.0, 86.0923080444336
0:01:41.070785, 0.10000043362379074, 47.9998893737793, 2.0006918788340045e-08, 0.0, 86.15264129638672
0:01:41.162277, 0.10000043362379074, 47.9998893737793, 1.9190839140037497e-08, 0.0, 86.20480346679688
0:01:41.255954, 0.10000043362379074, 47.9998893737793, 1.8279191493775215e-08, 0.0, 86.26576232910156
0:01:41.348880, 0.10000043362379074, 47.9998893737793, 1.7419619524616792e-08, 0.0, 86.32609558105469
0:01:41.456703, 0.10000043362379074, 47.9998893737793, 1.6592100138268506e-08, 0.0, 86.38705444335938
0:01:41.532500, 0.10000043362379074, 47.9998893737793, 1.5915301077029653e-08, 0.0, 86.43921661376953
0:01:41.625419, 0.10000043362379074, 47.9998893737793, 1.515924452633044e-08, 0.0, 86.50017547607422
0:01:41.747509, 0.10000043362379074, 47.9998893737793, 1.4345261867276804e-08, 0.0, 86.56930541992188
0:01:41.838774, 0.10000043362379074, 47.9998893737793, 1.3663790099371909e-08, 0.0, 86.63026428222656
0:01:41.931274, 0.10000043362379074, 47.9998893737793, 1.3021254297029827e-08, 0.0, 86.69059753417969
0:01:42.023808, 0.10000043362379074, 47.9998893737793, 1.2408934324525944e-08, 0.0, 86.75093078613281
0:01:42.130985, 0.10000043362379074, 47.9998893737793, 1.1825398438247703e-08, 0.0, 86.81126403808594
0:01:42.205849, 0.10000043362379074, 47.9998893737793, 1.1343034067579083e-08, 0.0, 86.8634262084961
0:01:42.297803, 0.10000043362379074, 47.9998893737793, 1.0809623418595038e-08, 0.0, 86.92375946044922
0:01:42.405654, 0.10000043362379074, 47.9998893737793, 1.0296112407104374e-08, 0.0, 86.9847183227539
0:01:42.484016, 0.10000043362379074, 47.9998893737793, 9.881108375964232e-09, 0.0, 87.0362548828125
0:01:42.576991, 0.10000043362379074, 47.9998893737793, 9.411705192974296e-09, 0.0, 87.09721374511719
0:01:42.683788, 0.10000043362379074, 47.9998893737793, 8.910823190433348e-09, 0.0, 87.16571807861328
0:01:42.790697, 0.10000043362379074, 47.9998893737793, 8.491793934695124e-09, 0.0, 87.2260513305664
0:01:42.869296, 0.10000043362379074, 47.9998893737793, 8.145415897331532e-09, 0.0, 87.27821350097656
0:01:42.961620, 0.10000043362379074, 47.9998893737793, 7.766288945276756e-09, 0.0, 87.33792114257812
0:01:43.053094, 0.10000043362379074, 47.9998893737793, 7.401076640434212e-09, 0.0, 87.39825439453125
0:01:43.160611, 0.10000043362379074, 47.9998893737793, 7.053043038496298e-09, 0.0, 87.45858764648438
0:01:43.238278, 0.10000043362379074, 47.9998893737793, 6.765350502035972e-09, 0.0, 87.51074981689453
0:01:43.330342, 0.10000043362379074, 47.9998893737793, 6.4472116534375346e-09, 0.0, 87.57108306884766
